<?xml version="1.0" encoding="UTF-8"?>
<TestRun id="02734ce1-2879-413d-bacc-78775378339a" name="peter.zenin-ad@ICLVDEVAP01 2012-11-12 15:51:23" runUser="INSUR-E\peter.zenin-ad" xmlns="http://microsoft.com/schemas/VisualStudio/TeamTest/2010">
  <TestSettings name="Default Test Settings" id="59761577-bff8-43eb-af3b-3815ce5e06b8">
    <Execution>
      <TestTypeSpecific />
      <AgentRule name="Execution Agents">
      </AgentRule>
    </Execution>
    <Deployment runDeploymentRoot="peter.zenin-ad_ICLVDEVAP01 2012-11-12 15_51_23" />
  </TestSettings>
  <Times creation="2012-11-12T15:51:23.7545871+00:00" queuing="2012-11-12T15:51:24.5659171+00:00" start="2012-11-12T15:51:24.6595321+00:00" finish="2012-11-12T16:50:37.8628128+00:00" />
  <ResultSummary outcome="Failed">
    <Counters total="37" executed="37" passed="8" error="0" failed="29" timeout="0" aborted="0" inconclusive="0" passedButRunAborted="0" notRunnable="0" notExecuted="0" disconnected="0" warning="0" completed="0" inProgress="0" pending="0" />
  </ResultSummary>
  <TestDefinitions>
    <UnitTest name="HouseTest18" storage="testproject7.dll" id="0287ed6d-d515-809a-ea56-c0035840a5a4">
      <Execution id="c480b67b-b316-43c8-b94c-e0e5e6a994a1" />
      <TestMethod codeBase="C:/TestProject7/TestProject7/bin/Debug/TestProject7.dll" adapterTypeName="Microsoft.VisualStudio.TestTools.TestTypes.Unit.UnitTestAdapter, Microsoft.VisualStudio.QualityTools.Tips.UnitTest.Adapter, Version=10.0.0.0, Culture=neutral, PublicKeyToken=b03f5f7f11d50a3a" className="TestProject7.TamAutotest, TestProject7, Version=1.0.0.0, Culture=neutral, PublicKeyToken=null" name="HouseTest18" />
      <Extension>Microsoft.VisualStudio.TestTools.UITesting.CodedUITestAttribute, Microsoft.VisualStudio.QualityTools.CodedUITestFramework, Version=10.0.0.0, Culture=neutral, PublicKeyToken=b03f5f7f11d50a3a</Extension>
    </UnitTest>
    <UnitTest name="HouseTest5" storage="testproject7.dll" id="99f569ef-86f3-fa96-82c3-e9993245d049">
      <Execution id="5ca214c3-9877-467f-af33-fd6c8fcdc355" />
      <TestMethod codeBase="C:/TestProject7/TestProject7/bin/Debug/TestProject7.dll" adapterTypeName="Microsoft.VisualStudio.TestTools.TestTypes.Unit.UnitTestAdapter, Microsoft.VisualStudio.QualityTools.Tips.UnitTest.Adapter, Version=10.0.0.0, Culture=neutral, PublicKeyToken=b03f5f7f11d50a3a" className="TestProject7.TamAutotest, TestProject7, Version=1.0.0.0, Culture=neutral, PublicKeyToken=null" name="HouseTest5" />
      <Extension>Microsoft.VisualStudio.TestTools.UITesting.CodedUITestAttribute, Microsoft.VisualStudio.QualityTools.CodedUITestFramework, Version=10.0.0.0, Culture=neutral, PublicKeyToken=b03f5f7f11d50a3a</Extension>
    </UnitTest>
    <UnitTest name="HouseTest15" storage="testproject7.dll" id="a95aea6b-c734-4b73-e10a-d65ad4aa23ee">
      <Execution id="b229906d-0921-485d-b2f2-954c317eb0a8" />
      <TestMethod codeBase="C:/TestProject7/TestProject7/bin/Debug/TestProject7.dll" adapterTypeName="Microsoft.VisualStudio.TestTools.TestTypes.Unit.UnitTestAdapter, Microsoft.VisualStudio.QualityTools.Tips.UnitTest.Adapter, Version=10.0.0.0, Culture=neutral, PublicKeyToken=b03f5f7f11d50a3a" className="TestProject7.TamAutotest, TestProject7, Version=1.0.0.0, Culture=neutral, PublicKeyToken=null" name="HouseTest15" />
      <Extension>Microsoft.VisualStudio.TestTools.UITesting.CodedUITestAttribute, Microsoft.VisualStudio.QualityTools.CodedUITestFramework, Version=10.0.0.0, Culture=neutral, PublicKeyToken=b03f5f7f11d50a3a</Extension>
    </UnitTest>
    <UnitTest name="MotoTest9" storage="testproject7.dll" id="1820a643-3d71-abad-9636-2b810c74ae19">
      <Execution id="e70068c4-8dc3-47a0-b9f4-f25706e05b99" />
      <TestMethod codeBase="C:/TestProject7/TestProject7/bin/Debug/TestProject7.dll" adapterTypeName="Microsoft.VisualStudio.TestTools.TestTypes.Unit.UnitTestAdapter, Microsoft.VisualStudio.QualityTools.Tips.UnitTest.Adapter, Version=10.0.0.0, Culture=neutral, PublicKeyToken=b03f5f7f11d50a3a" className="TestProject7.TamAutotest, TestProject7, Version=1.0.0.0, Culture=neutral, PublicKeyToken=null" name="MotoTest9" />
      <Extension>Microsoft.VisualStudio.TestTools.UITesting.CodedUITestAttribute, Microsoft.VisualStudio.QualityTools.CodedUITestFramework, Version=10.0.0.0, Culture=neutral, PublicKeyToken=b03f5f7f11d50a3a</Extension>
    </UnitTest>
    <UnitTest name="HouseTest7" storage="testproject7.dll" id="cad41ea6-4986-f170-1def-22ab50e0fb0a">
      <Execution id="0704913e-d9fe-4278-baf1-b22bb3dea8c8" />
      <TestMethod codeBase="C:/TestProject7/TestProject7/bin/Debug/TestProject7.dll" adapterTypeName="Microsoft.VisualStudio.TestTools.TestTypes.Unit.UnitTestAdapter, Microsoft.VisualStudio.QualityTools.Tips.UnitTest.Adapter, Version=10.0.0.0, Culture=neutral, PublicKeyToken=b03f5f7f11d50a3a" className="TestProject7.TamAutotest, TestProject7, Version=1.0.0.0, Culture=neutral, PublicKeyToken=null" name="HouseTest7" />
      <Extension>Microsoft.VisualStudio.TestTools.UITesting.CodedUITestAttribute, Microsoft.VisualStudio.QualityTools.CodedUITestFramework, Version=10.0.0.0, Culture=neutral, PublicKeyToken=b03f5f7f11d50a3a</Extension>
    </UnitTest>
    <UnitTest name="MotoTest15" storage="testproject7.dll" id="e7680189-6b97-1f0a-48c0-e6d1b1c96b8e">
      <Execution id="18264e97-37b3-470c-af7c-f50de2855b6c" />
      <TestMethod codeBase="C:/TestProject7/TestProject7/bin/Debug/TestProject7.dll" adapterTypeName="Microsoft.VisualStudio.TestTools.TestTypes.Unit.UnitTestAdapter, Microsoft.VisualStudio.QualityTools.Tips.UnitTest.Adapter, Version=10.0.0.0, Culture=neutral, PublicKeyToken=b03f5f7f11d50a3a" className="TestProject7.TamAutotest, TestProject7, Version=1.0.0.0, Culture=neutral, PublicKeyToken=null" name="MotoTest15" />
      <Extension>Microsoft.VisualStudio.TestTools.UITesting.CodedUITestAttribute, Microsoft.VisualStudio.QualityTools.CodedUITestFramework, Version=10.0.0.0, Culture=neutral, PublicKeyToken=b03f5f7f11d50a3a</Extension>
    </UnitTest>
    <UnitTest name="HouseTest10" storage="testproject7.dll" id="98368514-c48e-be24-398b-d9342dd6b274">
      <Execution id="838962c1-9a0f-41a6-a50b-088f8e0ae968" />
      <TestMethod codeBase="C:/TestProject7/TestProject7/bin/Debug/TestProject7.dll" adapterTypeName="Microsoft.VisualStudio.TestTools.TestTypes.Unit.UnitTestAdapter, Microsoft.VisualStudio.QualityTools.Tips.UnitTest.Adapter, Version=10.0.0.0, Culture=neutral, PublicKeyToken=b03f5f7f11d50a3a" className="TestProject7.TamAutotest, TestProject7, Version=1.0.0.0, Culture=neutral, PublicKeyToken=null" name="HouseTest10" />
      <Extension>Microsoft.VisualStudio.TestTools.UITesting.CodedUITestAttribute, Microsoft.VisualStudio.QualityTools.CodedUITestFramework, Version=10.0.0.0, Culture=neutral, PublicKeyToken=b03f5f7f11d50a3a</Extension>
    </UnitTest>
    <UnitTest name="HouseTest8" storage="testproject7.dll" id="f90b30ce-fb72-514e-f606-6c0b8cb3f354">
      <Execution id="a9976604-68de-4a3b-91de-2e3cf8d6a960" />
      <TestMethod codeBase="C:/TestProject7/TestProject7/bin/Debug/TestProject7.dll" adapterTypeName="Microsoft.VisualStudio.TestTools.TestTypes.Unit.UnitTestAdapter, Microsoft.VisualStudio.QualityTools.Tips.UnitTest.Adapter, Version=10.0.0.0, Culture=neutral, PublicKeyToken=b03f5f7f11d50a3a" className="TestProject7.TamAutotest, TestProject7, Version=1.0.0.0, Culture=neutral, PublicKeyToken=null" name="HouseTest8" />
      <Extension>Microsoft.VisualStudio.TestTools.UITesting.CodedUITestAttribute, Microsoft.VisualStudio.QualityTools.CodedUITestFramework, Version=10.0.0.0, Culture=neutral, PublicKeyToken=b03f5f7f11d50a3a</Extension>
    </UnitTest>
    <UnitTest name="HouseTest1" storage="testproject7.dll" id="64ea79e0-cb1d-9a10-db69-a15b7769e7d8">
      <Execution id="6a75bdbb-2a3f-495a-9a97-888ecadcda54" />
      <TestMethod codeBase="C:/TestProject7/TestProject7/bin/Debug/TestProject7.dll" adapterTypeName="Microsoft.VisualStudio.TestTools.TestTypes.Unit.UnitTestAdapter, Microsoft.VisualStudio.QualityTools.Tips.UnitTest.Adapter, Version=10.0.0.0, Culture=neutral, PublicKeyToken=b03f5f7f11d50a3a" className="TestProject7.TamAutotest, TestProject7, Version=1.0.0.0, Culture=neutral, PublicKeyToken=null" name="HouseTest1" />
      <Extension>Microsoft.VisualStudio.TestTools.UITesting.CodedUITestAttribute, Microsoft.VisualStudio.QualityTools.CodedUITestFramework, Version=10.0.0.0, Culture=neutral, PublicKeyToken=b03f5f7f11d50a3a</Extension>
    </UnitTest>
    <UnitTest name="HouseTest17" storage="testproject7.dll" id="cc49fe58-5f78-ea01-6c4b-c4ec9db0e41d">
      <Execution id="301aecaa-1f4a-4d71-8929-246aa3875a0e" />
      <TestMethod codeBase="C:/TestProject7/TestProject7/bin/Debug/TestProject7.dll" adapterTypeName="Microsoft.VisualStudio.TestTools.TestTypes.Unit.UnitTestAdapter, Microsoft.VisualStudio.QualityTools.Tips.UnitTest.Adapter, Version=10.0.0.0, Culture=neutral, PublicKeyToken=b03f5f7f11d50a3a" className="TestProject7.TamAutotest, TestProject7, Version=1.0.0.0, Culture=neutral, PublicKeyToken=null" name="HouseTest17" />
      <Extension>Microsoft.VisualStudio.TestTools.UITesting.CodedUITestAttribute, Microsoft.VisualStudio.QualityTools.CodedUITestFramework, Version=10.0.0.0, Culture=neutral, PublicKeyToken=b03f5f7f11d50a3a</Extension>
    </UnitTest>
    <UnitTest name="MotoTest17" storage="testproject7.dll" id="0457170a-e33e-18a3-7909-18d70df8aa6e">
      <Execution id="c4424150-04a4-43fd-b605-81bed6646faf" />
      <TestMethod codeBase="C:/TestProject7/TestProject7/bin/Debug/TestProject7.dll" adapterTypeName="Microsoft.VisualStudio.TestTools.TestTypes.Unit.UnitTestAdapter, Microsoft.VisualStudio.QualityTools.Tips.UnitTest.Adapter, Version=10.0.0.0, Culture=neutral, PublicKeyToken=b03f5f7f11d50a3a" className="TestProject7.TamAutotest, TestProject7, Version=1.0.0.0, Culture=neutral, PublicKeyToken=null" name="MotoTest17" />
      <Extension>Microsoft.VisualStudio.TestTools.UITesting.CodedUITestAttribute, Microsoft.VisualStudio.QualityTools.CodedUITestFramework, Version=10.0.0.0, Culture=neutral, PublicKeyToken=b03f5f7f11d50a3a</Extension>
    </UnitTest>
    <UnitTest name="MotoTest5" storage="testproject7.dll" id="10042bab-44aa-7cea-8ac0-06cc3b3adbb3">
      <Execution id="43977fd3-2ae5-4258-97cd-79460badcfce" />
      <TestMethod codeBase="C:/TestProject7/TestProject7/bin/Debug/TestProject7.dll" adapterTypeName="Microsoft.VisualStudio.TestTools.TestTypes.Unit.UnitTestAdapter, Microsoft.VisualStudio.QualityTools.Tips.UnitTest.Adapter, Version=10.0.0.0, Culture=neutral, PublicKeyToken=b03f5f7f11d50a3a" className="TestProject7.TamAutotest, TestProject7, Version=1.0.0.0, Culture=neutral, PublicKeyToken=null" name="MotoTest5" />
      <Extension>Microsoft.VisualStudio.TestTools.UITesting.CodedUITestAttribute, Microsoft.VisualStudio.QualityTools.CodedUITestFramework, Version=10.0.0.0, Culture=neutral, PublicKeyToken=b03f5f7f11d50a3a</Extension>
    </UnitTest>
    <UnitTest name="HouseTest11" storage="testproject7.dll" id="1f5cea9c-51f4-0379-9851-579f986f33b2">
      <Execution id="be385a11-08bf-4b27-9a2b-5e33fb964d88" />
      <TestMethod codeBase="C:/TestProject7/TestProject7/bin/Debug/TestProject7.dll" adapterTypeName="Microsoft.VisualStudio.TestTools.TestTypes.Unit.UnitTestAdapter, Microsoft.VisualStudio.QualityTools.Tips.UnitTest.Adapter, Version=10.0.0.0, Culture=neutral, PublicKeyToken=b03f5f7f11d50a3a" className="TestProject7.TamAutotest, TestProject7, Version=1.0.0.0, Culture=neutral, PublicKeyToken=null" name="HouseTest11" />
      <Extension>Microsoft.VisualStudio.TestTools.UITesting.CodedUITestAttribute, Microsoft.VisualStudio.QualityTools.CodedUITestFramework, Version=10.0.0.0, Culture=neutral, PublicKeyToken=b03f5f7f11d50a3a</Extension>
    </UnitTest>
    <UnitTest name="HouseTest3" storage="testproject7.dll" id="aa9bc056-c0ff-30da-3884-b0617a17e15e">
      <Execution id="214c9bd6-e71e-4ac3-a7b6-bc7930c47e32" />
      <TestMethod codeBase="C:/TestProject7/TestProject7/bin/Debug/TestProject7.dll" adapterTypeName="Microsoft.VisualStudio.TestTools.TestTypes.Unit.UnitTestAdapter, Microsoft.VisualStudio.QualityTools.Tips.UnitTest.Adapter, Version=10.0.0.0, Culture=neutral, PublicKeyToken=b03f5f7f11d50a3a" className="TestProject7.TamAutotest, TestProject7, Version=1.0.0.0, Culture=neutral, PublicKeyToken=null" name="HouseTest3" />
      <Extension>Microsoft.VisualStudio.TestTools.UITesting.CodedUITestAttribute, Microsoft.VisualStudio.QualityTools.CodedUITestFramework, Version=10.0.0.0, Culture=neutral, PublicKeyToken=b03f5f7f11d50a3a</Extension>
    </UnitTest>
    <UnitTest name="HouseTest12" storage="testproject7.dll" id="48cd184c-cde9-ee8e-5402-446e48162107">
      <Execution id="7d48634b-5714-4e91-ac1b-bf2fb7a7749a" />
      <TestMethod codeBase="C:/TestProject7/TestProject7/bin/Debug/TestProject7.dll" adapterTypeName="Microsoft.VisualStudio.TestTools.TestTypes.Unit.UnitTestAdapter, Microsoft.VisualStudio.QualityTools.Tips.UnitTest.Adapter, Version=10.0.0.0, Culture=neutral, PublicKeyToken=b03f5f7f11d50a3a" className="TestProject7.TamAutotest, TestProject7, Version=1.0.0.0, Culture=neutral, PublicKeyToken=null" name="HouseTest12" />
      <Extension>Microsoft.VisualStudio.TestTools.UITesting.CodedUITestAttribute, Microsoft.VisualStudio.QualityTools.CodedUITestFramework, Version=10.0.0.0, Culture=neutral, PublicKeyToken=b03f5f7f11d50a3a</Extension>
    </UnitTest>
    <UnitTest name="MotoTest3" storage="testproject7.dll" id="450e4b2d-ad88-da3f-6d50-5c9a0ae1aa51">
      <Execution id="b8b7f0a0-870a-4370-9e53-3f37a6e4440f" />
      <TestMethod codeBase="C:/TestProject7/TestProject7/bin/Debug/TestProject7.dll" adapterTypeName="Microsoft.VisualStudio.TestTools.TestTypes.Unit.UnitTestAdapter, Microsoft.VisualStudio.QualityTools.Tips.UnitTest.Adapter, Version=10.0.0.0, Culture=neutral, PublicKeyToken=b03f5f7f11d50a3a" className="TestProject7.TamAutotest, TestProject7, Version=1.0.0.0, Culture=neutral, PublicKeyToken=null" name="MotoTest3" />
      <Extension>Microsoft.VisualStudio.TestTools.UITesting.CodedUITestAttribute, Microsoft.VisualStudio.QualityTools.CodedUITestFramework, Version=10.0.0.0, Culture=neutral, PublicKeyToken=b03f5f7f11d50a3a</Extension>
    </UnitTest>
    <UnitTest name="MotoTest12" storage="testproject7.dll" id="614f56be-e9c0-f1e7-ad65-1f0b7d6a0f1c">
      <Execution id="0d9a9923-bb5e-48c4-8f2b-a1ea3f8cb796" />
      <TestMethod codeBase="C:/TestProject7/TestProject7/bin/Debug/TestProject7.dll" adapterTypeName="Microsoft.VisualStudio.TestTools.TestTypes.Unit.UnitTestAdapter, Microsoft.VisualStudio.QualityTools.Tips.UnitTest.Adapter, Version=10.0.0.0, Culture=neutral, PublicKeyToken=b03f5f7f11d50a3a" className="TestProject7.TamAutotest, TestProject7, Version=1.0.0.0, Culture=neutral, PublicKeyToken=null" name="MotoTest12" />
      <Extension>Microsoft.VisualStudio.TestTools.UITesting.CodedUITestAttribute, Microsoft.VisualStudio.QualityTools.CodedUITestFramework, Version=10.0.0.0, Culture=neutral, PublicKeyToken=b03f5f7f11d50a3a</Extension>
    </UnitTest>
    <UnitTest name="HouseTest4" storage="testproject7.dll" id="ff0c96a1-2fee-7235-6d80-2186de4b80b7">
      <Execution id="4552c4f2-d7c2-4fee-a0f2-b52f26cebbeb" />
      <TestMethod codeBase="C:/TestProject7/TestProject7/bin/Debug/TestProject7.dll" adapterTypeName="Microsoft.VisualStudio.TestTools.TestTypes.Unit.UnitTestAdapter, Microsoft.VisualStudio.QualityTools.Tips.UnitTest.Adapter, Version=10.0.0.0, Culture=neutral, PublicKeyToken=b03f5f7f11d50a3a" className="TestProject7.TamAutotest, TestProject7, Version=1.0.0.0, Culture=neutral, PublicKeyToken=null" name="HouseTest4" />
      <Extension>Microsoft.VisualStudio.TestTools.UITesting.CodedUITestAttribute, Microsoft.VisualStudio.QualityTools.CodedUITestFramework, Version=10.0.0.0, Culture=neutral, PublicKeyToken=b03f5f7f11d50a3a</Extension>
    </UnitTest>
    <UnitTest name="MotoTest2" storage="testproject7.dll" id="6a41f98c-60c7-3333-a5a3-d5d87b5c35c7">
      <Execution id="d6c2b477-d887-4e57-898f-28993d8735e4" />
      <TestMethod codeBase="C:/TestProject7/TestProject7/bin/Debug/TestProject7.dll" adapterTypeName="Microsoft.VisualStudio.TestTools.TestTypes.Unit.UnitTestAdapter, Microsoft.VisualStudio.QualityTools.Tips.UnitTest.Adapter, Version=10.0.0.0, Culture=neutral, PublicKeyToken=b03f5f7f11d50a3a" className="TestProject7.TamAutotest, TestProject7, Version=1.0.0.0, Culture=neutral, PublicKeyToken=null" name="MotoTest2" />
      <Extension>Microsoft.VisualStudio.TestTools.UITesting.CodedUITestAttribute, Microsoft.VisualStudio.QualityTools.CodedUITestFramework, Version=10.0.0.0, Culture=neutral, PublicKeyToken=b03f5f7f11d50a3a</Extension>
    </UnitTest>
    <UnitTest name="MotoTest6" storage="testproject7.dll" id="b7f68495-37f9-58f0-5c9b-6e190b9adaa8">
      <Execution id="82e49a17-3ad5-40e3-9293-5e72d086cf4b" />
      <TestMethod codeBase="C:/TestProject7/TestProject7/bin/Debug/TestProject7.dll" adapterTypeName="Microsoft.VisualStudio.TestTools.TestTypes.Unit.UnitTestAdapter, Microsoft.VisualStudio.QualityTools.Tips.UnitTest.Adapter, Version=10.0.0.0, Culture=neutral, PublicKeyToken=b03f5f7f11d50a3a" className="TestProject7.TamAutotest, TestProject7, Version=1.0.0.0, Culture=neutral, PublicKeyToken=null" name="MotoTest6" />
      <Extension>Microsoft.VisualStudio.TestTools.UITesting.CodedUITestAttribute, Microsoft.VisualStudio.QualityTools.CodedUITestFramework, Version=10.0.0.0, Culture=neutral, PublicKeyToken=b03f5f7f11d50a3a</Extension>
    </UnitTest>
    <UnitTest name="MotoTest16" storage="testproject7.dll" id="c540cf3f-a6f3-b5ba-c3cd-38a0f986a3da">
      <Execution id="d7240173-35c0-4941-8370-e823eeb39b18" />
      <TestMethod codeBase="C:/TestProject7/TestProject7/bin/Debug/TestProject7.dll" adapterTypeName="Microsoft.VisualStudio.TestTools.TestTypes.Unit.UnitTestAdapter, Microsoft.VisualStudio.QualityTools.Tips.UnitTest.Adapter, Version=10.0.0.0, Culture=neutral, PublicKeyToken=b03f5f7f11d50a3a" className="TestProject7.TamAutotest, TestProject7, Version=1.0.0.0, Culture=neutral, PublicKeyToken=null" name="MotoTest16" />
      <Extension>Microsoft.VisualStudio.TestTools.UITesting.CodedUITestAttribute, Microsoft.VisualStudio.QualityTools.CodedUITestFramework, Version=10.0.0.0, Culture=neutral, PublicKeyToken=b03f5f7f11d50a3a</Extension>
    </UnitTest>
    <UnitTest name="HouseTest16" storage="testproject7.dll" id="038bd6f9-2ee9-ebbb-433c-13d24e4980e9">
      <Execution id="0b9872a1-24e5-4877-9ed0-7c871b46c350" />
      <TestMethod codeBase="C:/TestProject7/TestProject7/bin/Debug/TestProject7.dll" adapterTypeName="Microsoft.VisualStudio.TestTools.TestTypes.Unit.UnitTestAdapter, Microsoft.VisualStudio.QualityTools.Tips.UnitTest.Adapter, Version=10.0.0.0, Culture=neutral, PublicKeyToken=b03f5f7f11d50a3a" className="TestProject7.TamAutotest, TestProject7, Version=1.0.0.0, Culture=neutral, PublicKeyToken=null" name="HouseTest16" />
      <Extension>Microsoft.VisualStudio.TestTools.UITesting.CodedUITestAttribute, Microsoft.VisualStudio.QualityTools.CodedUITestFramework, Version=10.0.0.0, Culture=neutral, PublicKeyToken=b03f5f7f11d50a3a</Extension>
    </UnitTest>
    <UnitTest name="MotoTest18" storage="testproject7.dll" id="95111846-656e-91d9-dc83-b04719c1fedd">
      <Execution id="83ae380e-a87a-46cc-99c6-7f333ab0117a" />
      <TestMethod codeBase="C:/TestProject7/TestProject7/bin/Debug/TestProject7.dll" adapterTypeName="Microsoft.VisualStudio.TestTools.TestTypes.Unit.UnitTestAdapter, Microsoft.VisualStudio.QualityTools.Tips.UnitTest.Adapter, Version=10.0.0.0, Culture=neutral, PublicKeyToken=b03f5f7f11d50a3a" className="TestProject7.TamAutotest, TestProject7, Version=1.0.0.0, Culture=neutral, PublicKeyToken=null" name="MotoTest18" />
      <Extension>Microsoft.VisualStudio.TestTools.UITesting.CodedUITestAttribute, Microsoft.VisualStudio.QualityTools.CodedUITestFramework, Version=10.0.0.0, Culture=neutral, PublicKeyToken=b03f5f7f11d50a3a</Extension>
    </UnitTest>
    <UnitTest name="HouseTest6" storage="testproject7.dll" id="aa8325da-50fe-092e-bd85-bbb5f1ac650a">
      <Execution id="b450c300-091c-46ac-87ed-17b5400faef4" />
      <TestMethod codeBase="C:/TestProject7/TestProject7/bin/Debug/TestProject7.dll" adapterTypeName="Microsoft.VisualStudio.TestTools.TestTypes.Unit.UnitTestAdapter, Microsoft.VisualStudio.QualityTools.Tips.UnitTest.Adapter, Version=10.0.0.0, Culture=neutral, PublicKeyToken=b03f5f7f11d50a3a" className="TestProject7.TamAutotest, TestProject7, Version=1.0.0.0, Culture=neutral, PublicKeyToken=null" name="HouseTest6" />
      <Extension>Microsoft.VisualStudio.TestTools.UITesting.CodedUITestAttribute, Microsoft.VisualStudio.QualityTools.CodedUITestFramework, Version=10.0.0.0, Culture=neutral, PublicKeyToken=b03f5f7f11d50a3a</Extension>
    </UnitTest>
    <UnitTest name="HouseTest13" storage="testproject7.dll" id="d39a31b1-2e8f-859b-cccc-1ae9e057a582">
      <Execution id="4a7ea30b-1e95-402c-b526-a2594caa83bc" />
      <TestMethod codeBase="C:/TestProject7/TestProject7/bin/Debug/TestProject7.dll" adapterTypeName="Microsoft.VisualStudio.TestTools.TestTypes.Unit.UnitTestAdapter, Microsoft.VisualStudio.QualityTools.Tips.UnitTest.Adapter, Version=10.0.0.0, Culture=neutral, PublicKeyToken=b03f5f7f11d50a3a" className="TestProject7.TamAutotest, TestProject7, Version=1.0.0.0, Culture=neutral, PublicKeyToken=null" name="HouseTest13" />
      <Extension>Microsoft.VisualStudio.TestTools.UITesting.CodedUITestAttribute, Microsoft.VisualStudio.QualityTools.CodedUITestFramework, Version=10.0.0.0, Culture=neutral, PublicKeyToken=b03f5f7f11d50a3a</Extension>
    </UnitTest>
    <UnitTest name="MotoTest7" storage="testproject7.dll" id="e022376f-b2fb-4981-6140-b019eeaa6c94">
      <Execution id="add333c6-e551-4b3b-b6de-432d403e890a" />
      <TestMethod codeBase="C:/TestProject7/TestProject7/bin/Debug/TestProject7.dll" adapterTypeName="Microsoft.VisualStudio.TestTools.TestTypes.Unit.UnitTestAdapter, Microsoft.VisualStudio.QualityTools.Tips.UnitTest.Adapter, Version=10.0.0.0, Culture=neutral, PublicKeyToken=b03f5f7f11d50a3a" className="TestProject7.TamAutotest, TestProject7, Version=1.0.0.0, Culture=neutral, PublicKeyToken=null" name="MotoTest7" />
      <Extension>Microsoft.VisualStudio.TestTools.UITesting.CodedUITestAttribute, Microsoft.VisualStudio.QualityTools.CodedUITestFramework, Version=10.0.0.0, Culture=neutral, PublicKeyToken=b03f5f7f11d50a3a</Extension>
    </UnitTest>
    <UnitTest name="MotoTest1" storage="testproject7.dll" id="9e6b6d54-b79f-e7d9-2609-a84c350c12a1">
      <Execution id="b4f8cb47-8f50-4573-97c1-cd5c9ed2468b" />
      <TestMethod codeBase="C:/TestProject7/TestProject7/bin/Debug/TestProject7.dll" adapterTypeName="Microsoft.VisualStudio.TestTools.TestTypes.Unit.UnitTestAdapter, Microsoft.VisualStudio.QualityTools.Tips.UnitTest.Adapter, Version=10.0.0.0, Culture=neutral, PublicKeyToken=b03f5f7f11d50a3a" className="TestProject7.TamAutotest, TestProject7, Version=1.0.0.0, Culture=neutral, PublicKeyToken=null" name="MotoTest1" />
      <Extension>Microsoft.VisualStudio.TestTools.UITesting.CodedUITestAttribute, Microsoft.VisualStudio.QualityTools.CodedUITestFramework, Version=10.0.0.0, Culture=neutral, PublicKeyToken=b03f5f7f11d50a3a</Extension>
    </UnitTest>
    <UnitTest name="MotoTest14" storage="testproject7.dll" id="e560b224-e5b1-72de-4969-2e5cddf85208">
      <Execution id="2c15386c-c93f-45a7-8ef1-d0e7b67dcc80" />
      <TestMethod codeBase="C:/TestProject7/TestProject7/bin/Debug/TestProject7.dll" adapterTypeName="Microsoft.VisualStudio.TestTools.TestTypes.Unit.UnitTestAdapter, Microsoft.VisualStudio.QualityTools.Tips.UnitTest.Adapter, Version=10.0.0.0, Culture=neutral, PublicKeyToken=b03f5f7f11d50a3a" className="TestProject7.TamAutotest, TestProject7, Version=1.0.0.0, Culture=neutral, PublicKeyToken=null" name="MotoTest14" />
      <Extension>Microsoft.VisualStudio.TestTools.UITesting.CodedUITestAttribute, Microsoft.VisualStudio.QualityTools.CodedUITestFramework, Version=10.0.0.0, Culture=neutral, PublicKeyToken=b03f5f7f11d50a3a</Extension>
    </UnitTest>
    <UnitTest name="MotoTest13" storage="testproject7.dll" id="1662bbff-6668-68e6-e702-5ec6450deb96">
      <Execution id="d303891e-65b5-4dc3-9b25-d2d2cde20b29" />
      <TestMethod codeBase="C:/TestProject7/TestProject7/bin/Debug/TestProject7.dll" adapterTypeName="Microsoft.VisualStudio.TestTools.TestTypes.Unit.UnitTestAdapter, Microsoft.VisualStudio.QualityTools.Tips.UnitTest.Adapter, Version=10.0.0.0, Culture=neutral, PublicKeyToken=b03f5f7f11d50a3a" className="TestProject7.TamAutotest, TestProject7, Version=1.0.0.0, Culture=neutral, PublicKeyToken=null" name="MotoTest13" />
      <Extension>Microsoft.VisualStudio.TestTools.UITesting.CodedUITestAttribute, Microsoft.VisualStudio.QualityTools.CodedUITestFramework, Version=10.0.0.0, Culture=neutral, PublicKeyToken=b03f5f7f11d50a3a</Extension>
    </UnitTest>
    <UnitTest name="MotoTest8" storage="testproject7.dll" id="07cf762e-0596-8be3-6b38-ed80b9a02463">
      <Execution id="6c2d4fb0-3793-44be-93be-a92456467c87" />
      <TestMethod codeBase="C:/TestProject7/TestProject7/bin/Debug/TestProject7.dll" adapterTypeName="Microsoft.VisualStudio.TestTools.TestTypes.Unit.UnitTestAdapter, Microsoft.VisualStudio.QualityTools.Tips.UnitTest.Adapter, Version=10.0.0.0, Culture=neutral, PublicKeyToken=b03f5f7f11d50a3a" className="TestProject7.TamAutotest, TestProject7, Version=1.0.0.0, Culture=neutral, PublicKeyToken=null" name="MotoTest8" />
      <Extension>Microsoft.VisualStudio.TestTools.UITesting.CodedUITestAttribute, Microsoft.VisualStudio.QualityTools.CodedUITestFramework, Version=10.0.0.0, Culture=neutral, PublicKeyToken=b03f5f7f11d50a3a</Extension>
    </UnitTest>
    <UnitTest name="MotoTest10" storage="testproject7.dll" id="8efed318-945d-2a9d-e29d-a71a05da5660">
      <Execution id="d203afb4-35c6-4bf8-b0e4-71719dc3c9c6" />
      <TestMethod codeBase="C:/TestProject7/TestProject7/bin/Debug/TestProject7.dll" adapterTypeName="Microsoft.VisualStudio.TestTools.TestTypes.Unit.UnitTestAdapter, Microsoft.VisualStudio.QualityTools.Tips.UnitTest.Adapter, Version=10.0.0.0, Culture=neutral, PublicKeyToken=b03f5f7f11d50a3a" className="TestProject7.TamAutotest, TestProject7, Version=1.0.0.0, Culture=neutral, PublicKeyToken=null" name="MotoTest10" />
      <Extension>Microsoft.VisualStudio.TestTools.UITesting.CodedUITestAttribute, Microsoft.VisualStudio.QualityTools.CodedUITestFramework, Version=10.0.0.0, Culture=neutral, PublicKeyToken=b03f5f7f11d50a3a</Extension>
    </UnitTest>
    <UnitTest name="MotoTest19" storage="testproject7.dll" id="0faa065a-7d90-5129-349a-696c971dbf85">
      <Execution id="a75a71ac-b5f5-491b-85ca-612a5d1a794a" />
      <TestMethod codeBase="C:/TestProject7/TestProject7/bin/Debug/TestProject7.dll" adapterTypeName="Microsoft.VisualStudio.TestTools.TestTypes.Unit.UnitTestAdapter, Microsoft.VisualStudio.QualityTools.Tips.UnitTest.Adapter, Version=10.0.0.0, Culture=neutral, PublicKeyToken=b03f5f7f11d50a3a" className="TestProject7.TamAutotest, TestProject7, Version=1.0.0.0, Culture=neutral, PublicKeyToken=null" name="MotoTest19" />
      <Extension>Microsoft.VisualStudio.TestTools.UITesting.CodedUITestAttribute, Microsoft.VisualStudio.QualityTools.CodedUITestFramework, Version=10.0.0.0, Culture=neutral, PublicKeyToken=b03f5f7f11d50a3a</Extension>
    </UnitTest>
    <UnitTest name="HouseTest14" storage="testproject7.dll" id="7f48209e-9cf1-6453-3b34-7220c4ec30a7">
      <Execution id="9f6d916b-0339-4e41-a714-d96ecaa6ca38" />
      <TestMethod codeBase="C:/TestProject7/TestProject7/bin/Debug/TestProject7.dll" adapterTypeName="Microsoft.VisualStudio.TestTools.TestTypes.Unit.UnitTestAdapter, Microsoft.VisualStudio.QualityTools.Tips.UnitTest.Adapter, Version=10.0.0.0, Culture=neutral, PublicKeyToken=b03f5f7f11d50a3a" className="TestProject7.TamAutotest, TestProject7, Version=1.0.0.0, Culture=neutral, PublicKeyToken=null" name="HouseTest14" />
      <Extension>Microsoft.VisualStudio.TestTools.UITesting.CodedUITestAttribute, Microsoft.VisualStudio.QualityTools.CodedUITestFramework, Version=10.0.0.0, Culture=neutral, PublicKeyToken=b03f5f7f11d50a3a</Extension>
    </UnitTest>
    <UnitTest name="HouseTest9" storage="testproject7.dll" id="b4c07ca4-d489-a213-d4df-1c267d591a59">
      <Execution id="e38909a8-cb24-4287-8b5d-8e858861eeb8" />
      <TestMethod codeBase="C:/TestProject7/TestProject7/bin/Debug/TestProject7.dll" adapterTypeName="Microsoft.VisualStudio.TestTools.TestTypes.Unit.UnitTestAdapter, Microsoft.VisualStudio.QualityTools.Tips.UnitTest.Adapter, Version=10.0.0.0, Culture=neutral, PublicKeyToken=b03f5f7f11d50a3a" className="TestProject7.TamAutotest, TestProject7, Version=1.0.0.0, Culture=neutral, PublicKeyToken=null" name="HouseTest9" />
      <Extension>Microsoft.VisualStudio.TestTools.UITesting.CodedUITestAttribute, Microsoft.VisualStudio.QualityTools.CodedUITestFramework, Version=10.0.0.0, Culture=neutral, PublicKeyToken=b03f5f7f11d50a3a</Extension>
    </UnitTest>
    <UnitTest name="MotoTest11" storage="testproject7.dll" id="0f4d10f2-7035-3d68-762a-b62c4853fb8a">
      <Execution id="19d0337e-8f09-445b-b295-4ee8c8e7702e" />
      <TestMethod codeBase="C:/TestProject7/TestProject7/bin/Debug/TestProject7.dll" adapterTypeName="Microsoft.VisualStudio.TestTools.TestTypes.Unit.UnitTestAdapter, Microsoft.VisualStudio.QualityTools.Tips.UnitTest.Adapter, Version=10.0.0.0, Culture=neutral, PublicKeyToken=b03f5f7f11d50a3a" className="TestProject7.TamAutotest, TestProject7, Version=1.0.0.0, Culture=neutral, PublicKeyToken=null" name="MotoTest11" />
      <Extension>Microsoft.VisualStudio.TestTools.UITesting.CodedUITestAttribute, Microsoft.VisualStudio.QualityTools.CodedUITestFramework, Version=10.0.0.0, Culture=neutral, PublicKeyToken=b03f5f7f11d50a3a</Extension>
    </UnitTest>
    <UnitTest name="HouseTest2" storage="testproject7.dll" id="8f5b1340-58a6-e129-3b7d-c88835b7065d">
      <Execution id="416519d8-657d-47e1-ab0a-8cd320131bcf" />
      <TestMethod codeBase="C:/TestProject7/TestProject7/bin/Debug/TestProject7.dll" adapterTypeName="Microsoft.VisualStudio.TestTools.TestTypes.Unit.UnitTestAdapter, Microsoft.VisualStudio.QualityTools.Tips.UnitTest.Adapter, Version=10.0.0.0, Culture=neutral, PublicKeyToken=b03f5f7f11d50a3a" className="TestProject7.TamAutotest, TestProject7, Version=1.0.0.0, Culture=neutral, PublicKeyToken=null" name="HouseTest2" />
      <Extension>Microsoft.VisualStudio.TestTools.UITesting.CodedUITestAttribute, Microsoft.VisualStudio.QualityTools.CodedUITestFramework, Version=10.0.0.0, Culture=neutral, PublicKeyToken=b03f5f7f11d50a3a</Extension>
    </UnitTest>
    <UnitTest name="MotoTest4" storage="testproject7.dll" id="4e743fde-a814-86c0-27fd-8728ac2cb692">
      <Execution id="c3f8fa3e-7e8b-418c-b8b3-9eef5ec71cf8" />
      <TestMethod codeBase="C:/TestProject7/TestProject7/bin/Debug/TestProject7.dll" adapterTypeName="Microsoft.VisualStudio.TestTools.TestTypes.Unit.UnitTestAdapter, Microsoft.VisualStudio.QualityTools.Tips.UnitTest.Adapter, Version=10.0.0.0, Culture=neutral, PublicKeyToken=b03f5f7f11d50a3a" className="TestProject7.TamAutotest, TestProject7, Version=1.0.0.0, Culture=neutral, PublicKeyToken=null" name="MotoTest4" />
      <Extension>Microsoft.VisualStudio.TestTools.UITesting.CodedUITestAttribute, Microsoft.VisualStudio.QualityTools.CodedUITestFramework, Version=10.0.0.0, Culture=neutral, PublicKeyToken=b03f5f7f11d50a3a</Extension>
    </UnitTest>
  </TestDefinitions>
  <TestLists>
    <TestList name="Results Not in a List" id="8c84fa94-04c1-424b-9868-57a2d4851a1d" />
    <TestList name="All Loaded Results" id="19431567-8539-422a-85d7-44ee4e166bda" />
  </TestLists>
  <TestEntries>
    <TestEntry testId="64ea79e0-cb1d-9a10-db69-a15b7769e7d8" executionId="6a75bdbb-2a3f-495a-9a97-888ecadcda54" testListId="8c84fa94-04c1-424b-9868-57a2d4851a1d" />
    <TestEntry testId="98368514-c48e-be24-398b-d9342dd6b274" executionId="838962c1-9a0f-41a6-a50b-088f8e0ae968" testListId="8c84fa94-04c1-424b-9868-57a2d4851a1d" />
    <TestEntry testId="1f5cea9c-51f4-0379-9851-579f986f33b2" executionId="be385a11-08bf-4b27-9a2b-5e33fb964d88" testListId="8c84fa94-04c1-424b-9868-57a2d4851a1d" />
    <TestEntry testId="48cd184c-cde9-ee8e-5402-446e48162107" executionId="7d48634b-5714-4e91-ac1b-bf2fb7a7749a" testListId="8c84fa94-04c1-424b-9868-57a2d4851a1d" />
    <TestEntry testId="d39a31b1-2e8f-859b-cccc-1ae9e057a582" executionId="4a7ea30b-1e95-402c-b526-a2594caa83bc" testListId="8c84fa94-04c1-424b-9868-57a2d4851a1d" />
    <TestEntry testId="7f48209e-9cf1-6453-3b34-7220c4ec30a7" executionId="9f6d916b-0339-4e41-a714-d96ecaa6ca38" testListId="8c84fa94-04c1-424b-9868-57a2d4851a1d" />
    <TestEntry testId="a95aea6b-c734-4b73-e10a-d65ad4aa23ee" executionId="b229906d-0921-485d-b2f2-954c317eb0a8" testListId="8c84fa94-04c1-424b-9868-57a2d4851a1d" />
    <TestEntry testId="038bd6f9-2ee9-ebbb-433c-13d24e4980e9" executionId="0b9872a1-24e5-4877-9ed0-7c871b46c350" testListId="8c84fa94-04c1-424b-9868-57a2d4851a1d" />
    <TestEntry testId="cc49fe58-5f78-ea01-6c4b-c4ec9db0e41d" executionId="301aecaa-1f4a-4d71-8929-246aa3875a0e" testListId="8c84fa94-04c1-424b-9868-57a2d4851a1d" />
    <TestEntry testId="0287ed6d-d515-809a-ea56-c0035840a5a4" executionId="c480b67b-b316-43c8-b94c-e0e5e6a994a1" testListId="8c84fa94-04c1-424b-9868-57a2d4851a1d" />
    <TestEntry testId="8f5b1340-58a6-e129-3b7d-c88835b7065d" executionId="416519d8-657d-47e1-ab0a-8cd320131bcf" testListId="8c84fa94-04c1-424b-9868-57a2d4851a1d" />
    <TestEntry testId="aa9bc056-c0ff-30da-3884-b0617a17e15e" executionId="214c9bd6-e71e-4ac3-a7b6-bc7930c47e32" testListId="8c84fa94-04c1-424b-9868-57a2d4851a1d" />
    <TestEntry testId="ff0c96a1-2fee-7235-6d80-2186de4b80b7" executionId="4552c4f2-d7c2-4fee-a0f2-b52f26cebbeb" testListId="8c84fa94-04c1-424b-9868-57a2d4851a1d" />
    <TestEntry testId="99f569ef-86f3-fa96-82c3-e9993245d049" executionId="5ca214c3-9877-467f-af33-fd6c8fcdc355" testListId="8c84fa94-04c1-424b-9868-57a2d4851a1d" />
    <TestEntry testId="aa8325da-50fe-092e-bd85-bbb5f1ac650a" executionId="b450c300-091c-46ac-87ed-17b5400faef4" testListId="8c84fa94-04c1-424b-9868-57a2d4851a1d" />
    <TestEntry testId="cad41ea6-4986-f170-1def-22ab50e0fb0a" executionId="0704913e-d9fe-4278-baf1-b22bb3dea8c8" testListId="8c84fa94-04c1-424b-9868-57a2d4851a1d" />
    <TestEntry testId="f90b30ce-fb72-514e-f606-6c0b8cb3f354" executionId="a9976604-68de-4a3b-91de-2e3cf8d6a960" testListId="8c84fa94-04c1-424b-9868-57a2d4851a1d" />
    <TestEntry testId="b4c07ca4-d489-a213-d4df-1c267d591a59" executionId="e38909a8-cb24-4287-8b5d-8e858861eeb8" testListId="8c84fa94-04c1-424b-9868-57a2d4851a1d" />
    <TestEntry testId="9e6b6d54-b79f-e7d9-2609-a84c350c12a1" executionId="b4f8cb47-8f50-4573-97c1-cd5c9ed2468b" testListId="8c84fa94-04c1-424b-9868-57a2d4851a1d" />
    <TestEntry testId="8efed318-945d-2a9d-e29d-a71a05da5660" executionId="d203afb4-35c6-4bf8-b0e4-71719dc3c9c6" testListId="8c84fa94-04c1-424b-9868-57a2d4851a1d" />
    <TestEntry testId="0f4d10f2-7035-3d68-762a-b62c4853fb8a" executionId="19d0337e-8f09-445b-b295-4ee8c8e7702e" testListId="8c84fa94-04c1-424b-9868-57a2d4851a1d" />
    <TestEntry testId="614f56be-e9c0-f1e7-ad65-1f0b7d6a0f1c" executionId="0d9a9923-bb5e-48c4-8f2b-a1ea3f8cb796" testListId="8c84fa94-04c1-424b-9868-57a2d4851a1d" />
    <TestEntry testId="1662bbff-6668-68e6-e702-5ec6450deb96" executionId="d303891e-65b5-4dc3-9b25-d2d2cde20b29" testListId="8c84fa94-04c1-424b-9868-57a2d4851a1d" />
    <TestEntry testId="e560b224-e5b1-72de-4969-2e5cddf85208" executionId="2c15386c-c93f-45a7-8ef1-d0e7b67dcc80" testListId="8c84fa94-04c1-424b-9868-57a2d4851a1d" />
    <TestEntry testId="e7680189-6b97-1f0a-48c0-e6d1b1c96b8e" executionId="18264e97-37b3-470c-af7c-f50de2855b6c" testListId="8c84fa94-04c1-424b-9868-57a2d4851a1d" />
    <TestEntry testId="c540cf3f-a6f3-b5ba-c3cd-38a0f986a3da" executionId="d7240173-35c0-4941-8370-e823eeb39b18" testListId="8c84fa94-04c1-424b-9868-57a2d4851a1d" />
    <TestEntry testId="0457170a-e33e-18a3-7909-18d70df8aa6e" executionId="c4424150-04a4-43fd-b605-81bed6646faf" testListId="8c84fa94-04c1-424b-9868-57a2d4851a1d" />
    <TestEntry testId="95111846-656e-91d9-dc83-b04719c1fedd" executionId="83ae380e-a87a-46cc-99c6-7f333ab0117a" testListId="8c84fa94-04c1-424b-9868-57a2d4851a1d" />
    <TestEntry testId="0faa065a-7d90-5129-349a-696c971dbf85" executionId="a75a71ac-b5f5-491b-85ca-612a5d1a794a" testListId="8c84fa94-04c1-424b-9868-57a2d4851a1d" />
    <TestEntry testId="6a41f98c-60c7-3333-a5a3-d5d87b5c35c7" executionId="d6c2b477-d887-4e57-898f-28993d8735e4" testListId="8c84fa94-04c1-424b-9868-57a2d4851a1d" />
    <TestEntry testId="450e4b2d-ad88-da3f-6d50-5c9a0ae1aa51" executionId="b8b7f0a0-870a-4370-9e53-3f37a6e4440f" testListId="8c84fa94-04c1-424b-9868-57a2d4851a1d" />
    <TestEntry testId="4e743fde-a814-86c0-27fd-8728ac2cb692" executionId="c3f8fa3e-7e8b-418c-b8b3-9eef5ec71cf8" testListId="8c84fa94-04c1-424b-9868-57a2d4851a1d" />
    <TestEntry testId="10042bab-44aa-7cea-8ac0-06cc3b3adbb3" executionId="43977fd3-2ae5-4258-97cd-79460badcfce" testListId="8c84fa94-04c1-424b-9868-57a2d4851a1d" />
    <TestEntry testId="b7f68495-37f9-58f0-5c9b-6e190b9adaa8" executionId="82e49a17-3ad5-40e3-9293-5e72d086cf4b" testListId="8c84fa94-04c1-424b-9868-57a2d4851a1d" />
    <TestEntry testId="e022376f-b2fb-4981-6140-b019eeaa6c94" executionId="add333c6-e551-4b3b-b6de-432d403e890a" testListId="8c84fa94-04c1-424b-9868-57a2d4851a1d" />
    <TestEntry testId="07cf762e-0596-8be3-6b38-ed80b9a02463" executionId="6c2d4fb0-3793-44be-93be-a92456467c87" testListId="8c84fa94-04c1-424b-9868-57a2d4851a1d" />
    <TestEntry testId="1820a643-3d71-abad-9636-2b810c74ae19" executionId="e70068c4-8dc3-47a0-b9f4-f25706e05b99" testListId="8c84fa94-04c1-424b-9868-57a2d4851a1d" />
  </TestEntries>
  <Results>
    <UnitTestResult executionId="6a75bdbb-2a3f-495a-9a97-888ecadcda54" testId="64ea79e0-cb1d-9a10-db69-a15b7769e7d8" testName="HouseTest1" computerName="ICLVDEVAP01" duration="00:03:26.4238343" startTime="2012-11-12T15:51:24.6907371+00:00" endTime="2012-11-12T15:54:51.9699496+00:00" testType="13cdc9d9-ddb5-4fa4-a97d-d965ccfc6d4b" outcome="Passed" testListId="8c84fa94-04c1-424b-9868-57a2d4851a1d" relativeResultsDirectory="6a75bdbb-2a3f-495a-9a97-888ecadcda54">
      <Output>
        <DebugTrace>W, 3524, 14, 2012/11/12, 15:51:26.141, 6702175624993, QTAgent32.exe, ExtensionFramework : A Technology Manager with name Web is already registered.
W, 3524, 14, 2012/11/12, 15:51:27.389, 6702193373062, QTAgent32.exe, &lt;a class=success&gt;Playback - {1} [SUCCESS] MouseButtonClick - "[MSAA, VisibleOnly]ControlType='Edit'"
\0&lt;/a&gt;
W, 3524, 14, 2012/11/12, 15:51:27.655, 6702197165187, QTAgent32.exe, &lt;a class=success&gt;Playback - {2} [SUCCESS] SendKeys "[*]" - "[MSAA, VisibleOnly]ControlType='Edit'"
\0&lt;/a&gt;
W, 3524, 14, 2012/11/12, 15:51:28.591, 6702210566593, QTAgent32.exe, &lt;a class=success&gt;Playback - {3} [SUCCESS] MouseButtonClick - "[MSAA, VisibleOnly]ControlType='Button' &amp;&amp; Name='OK'"
\0&lt;/a&gt;
W, 3524, 14, 2012/11/12, 15:51:29.402, 6702222381098, QTAgent32.exe, &lt;a class=success&gt;Playback - {4} [SUCCESS] MouseButtonClick - "[MSAA, VisibleOnly]ControlType='Button' &amp;&amp; Name='OK'"
\0&lt;/a&gt;
W, 3524, 14, 2012/11/12, 15:51:30.198, 6702233636233, QTAgent32.exe, &lt;a class=success&gt;Playback - {5} [SUCCESS] TypeString "#(R)"
\0&lt;/a&gt;
E, 3524, 14, 2012/11/12, 15:51:30.510, 6702238225845, QTAgent32.exe, Exception: System.ArgumentException
	Message: Value does not fall within the expected range.
	Stack Trace:    at Accessibility.IAccessible.get_accRole(Object varChild)
   at Microsoft.VisualStudio.TestTools.UITest.Extension.Msaa.AccWrapper.get_RoleInt()
	BaseExceptionMessage: Value does not fall within the expected range.

E, 3524, 14, 2012/11/12, 15:51:30.572, 6702239024636, QTAgent32.exe, Exception: System.ArgumentException
	Message: Value does not fall within the expected range.
	Stack Trace:    at Accessibility.IAccessible.get_accRole(Object varChild)
   at Microsoft.VisualStudio.TestTools.UITest.Extension.Msaa.AccWrapper.get_RoleInt()
	BaseExceptionMessage: Value does not fall within the expected range.

W, 3524, 14, 2012/11/12, 15:51:31.087, 6702246306234, QTAgent32.exe, &lt;a class=success&gt;Playback - {6} [SUCCESS] LeftButtonClick  &lt; Mouse cursor location (87, 908) &gt;
\0&lt;/a&gt;
W, 3524, 14, 2012/11/12, 15:51:32.164, 6702261718949, QTAgent32.exe, &lt;a class=success&gt;Playback - {7} [SUCCESS] SetValueAsEditBox "c:\TestProject7\office.reg"  &lt; Set via SendKeys &gt;
\0&lt;/a&gt;
W, 3524, 14, 2012/11/12, 15:51:32.164, 6702261721197, QTAgent32.exe, &lt;a class=success&gt;Playback - {8} [SUCCESS] SetValueAsComboBox "c:\TestProject7\office.reg" - "[MSAA, VisibleOnly]ControlType='ComboBox' &amp;&amp; Name='Open:'"  &lt; Set via SetValueAsEditBox &gt;
\0&lt;/a&gt;
W, 3524, 14, 2012/11/12, 15:51:32.601, 6702268120709, QTAgent32.exe, &lt;a class=success&gt;Playback - {9} [SUCCESS] MouseButtonClick - "[MSAA, VisibleOnly]ControlType='Button' &amp;&amp; Name='OK'"
\0&lt;/a&gt;
W, 3524, 14, 2012/11/12, 15:51:33.459, 6702280301664, QTAgent32.exe, &lt;a class=success&gt;Playback - {10} [SUCCESS] MouseButtonClick - "[MSAA, VisibleOnly]ControlType='Button' &amp;&amp; Name='Yes'"
\0&lt;/a&gt;
W, 3524, 14, 2012/11/12, 15:51:33.989, 6702287911761, QTAgent32.exe, &lt;a class=success&gt;Playback - {11} [SUCCESS] MouseButtonClick - "[MSAA, VisibleOnly]ControlType='Button' &amp;&amp; Name='OK'"
\0&lt;/a&gt;
W, 3524, 14, 2012/11/12, 15:51:34.457, 6702294665051, QTAgent32.exe, &lt;a class=success&gt;Playback - {12} [SUCCESS] MouseButtonClick - "[MSAA, VisibleOnly]ControlType='Button' &amp;&amp; Name='Clients &amp; Files'"
\0&lt;/a&gt;
W, 3524, 14, 2012/11/12, 15:51:35.472, 6702309074502, QTAgent32.exe, Playback - [WARNING] Internal warning: Window Not Found: [VisibleOnly]ControlType='Window' &amp;&amp; Name='Customer: txt1 tdsfs' &amp;&amp; ClassName='ThunderRT6MDIForm'
\0
E, 3524, 14, 2012/11/12, 15:51:35.472, 6702309077318, QTAgent32.exe, &lt;a class=failure&gt;Playback - {13} [FAILED] Function ElementFetcher::FindScreenElement failed to locate UI element (Searching: ;[VisibleOnly]ControlType='Window' &amp;&amp; Name='Customer: txt1 tdsfs' &amp;&amp; ClassName='ThunderRT6MDIForm') (The object specified was not found.)
\0&lt;/a&gt;
E, 3524, 14, 2012/11/12, 15:51:35.581, 6702310737570, QTAgent32.exe, Playback - [IMAGE] C:\Users\peter.zenin-ad\AppData\Local\Temp\UITestLogs\LastRun\RPF3965.png
\0
W, 3524, 14, 2012/11/12, 15:51:35.581, 6702310739736, QTAgent32.exe, Playback - [WARNING] Internal warning: Couldn't find descendants that match QueryId
\0
W, 3524, 14, 2012/11/12, 15:51:35.581, 6702310743015, QTAgent32.exe, PERF WARNING: FindTopLevelWindowHelper::FindAllDescendents: took 958 ms. Expected it to take maximum 500 ms.
W, 3524, 14, 2012/11/12, 15:51:53.602, 6702568650864, QTAgent32.exe, Playback - [WARNING] Internal warning: Window Not Found: [VisibleOnly]ControlType='Window' &amp;&amp; Name='Customer: txt1 tdsfs' &amp;&amp; ClassName='ThunderRT6MDIForm'
\0
E, 3524, 14, 2012/11/12, 15:51:53.602, 6702568653663, QTAgent32.exe, &lt;a class=failure&gt;Playback - {14} [FAILED] Function ElementFetcher::FindScreenElement failed to locate UI element (Searching: ;[VisibleOnly]ControlType='Window' &amp;&amp; Name='Customer: txt1 tdsfs' &amp;&amp; ClassName='ThunderRT6MDIForm') (The object specified was not found.)
\0&lt;/a&gt;
E, 3524, 14, 2012/11/12, 15:51:53.711, 6702570285984, QTAgent32.exe, Playback - [IMAGE] C:\Users\peter.zenin-ad\AppData\Local\Temp\UITestLogs\LastRun\RPF8035.png
\0
W, 3524, 14, 2012/11/12, 15:51:53.711, 6702570288435, QTAgent32.exe, Playback - [WARNING] Internal warning: Couldn't find descendants that match QueryId
\0
W, 3524, 14, 2012/11/12, 15:51:53.711, 6702570291389, QTAgent32.exe, PERF WARNING: FindTopLevelWindowHelper::FindAllDescendents: took 18114 ms. Expected it to take maximum 500 ms.
W, 3524, 14, 2012/11/12, 15:51:54.288, 6702578543868, QTAgent32.exe, Playback - [WARNING] Internal warning: Window with Class "ThunderRT6MDIForm" and Title "Customer: txt1 tdsfs" was not found, so similar window with Class "ThunderRT6MDIForm" and Title "Customer: autotest" was accepted
\0
W, 3524, 14, 2012/11/12, 15:51:54.288, 6702578547738, QTAgent32.exe, PERF WARNING: FindTopLevelWindowHelper::FindAllDescendents: took 576 ms. Expected it to take maximum 500 ms.
W, 3524, 14, 2012/11/12, 15:51:54.756, 6702585267503, QTAgent32.exe, Playback - [WARNING] Internal warning: Incorrect flag set for InvokeProgrammaticAction\0
W, 3524, 14, 2012/11/12, 15:51:55.084, 6702589875038, QTAgent32.exe, &lt;a class=success&gt;Playback - {15} [SUCCESS] SetValueAsComboBox "Customers" - "[MSAA, VisibleOnly]ControlType='ComboBox'"  &lt; SetValueAsComboBox, set by clicking on the item in the list box &gt;
\0&lt;/a&gt;
W, 3524, 14, 2012/11/12, 15:51:55.755, 6702599441863, QTAgent32.exe, &lt;a class=success&gt;Playback - {16} [SUCCESS] MouseButtonClick - "[MSAA, VisibleOnly]ControlType='Button' &amp;&amp; Name='Add'"
\0&lt;/a&gt;
W, 3524, 14, 2012/11/12, 15:51:56.160, 6702605251119, QTAgent32.exe, &lt;a class=success&gt;Playback - {17} [SUCCESS] SendKeys "autotest" - "[MSAA, VisibleOnly]ControlType='RadioButton' &amp;&amp; Name='Personal Lines'"
\0&lt;/a&gt;
E, 3524, 14, 2012/11/12, 15:51:56.317, 6702607621283, QTAgent32.exe, LoadLibrary() : Unable to find the resource 37382 from assembly C:\Windows\system32\en-US\ieframe.dll.mui: Error1814
E, 3524, 14, 2012/11/12, 15:51:56.317, 6702607626999, QTAgent32.exe, LoadLibrary() : Unable to find the resource 41728 from assembly C:\Windows\system32\en-US\ieframe.dll.mui: Error1814
E, 3524, 14, 2012/11/12, 15:51:56.317, 6702607629239, QTAgent32.exe, LoadLibrary() : Unable to find the resource 8131 from assembly C:\Windows\system32\en-US\ieframe.dll.mui: Error1814
E, 3524, 14, 2012/11/12, 15:51:56.317, 6702607631566, QTAgent32.exe, LoadLibrary() : Unable to find the resource 8131 from assembly C:\Windows\system32\en-US\ieframe.dll.mui: Error1814
E, 3524, 14, 2012/11/12, 15:51:56.317, 6702607635174, QTAgent32.exe, LoadLibrary() : Unable to find the resource 8131 from assembly C:\Windows\system32\en-US\ieframe.dll.mui: Error1814
E, 3524, 14, 2012/11/12, 15:51:56.317, 6702607698129, QTAgent32.exe, LoadLibrary() : Unable to find the resource 803 from assembly C:\Windows\system32\en-US\user32.dll.mui: Error1814
W, 3524, 14, 2012/11/12, 15:51:56.707, 6702613072898, QTAgent32.exe, &lt;a class=success&gt;Playback - {18} [SUCCESS] SetValueAsEditBox "autotest" - "[MSAA, VisibleOnly]ControlType='Edit'"  &lt; Set via SendKeys &gt;
\0&lt;/a&gt;
W, 3524, 14, 2012/11/12, 15:51:57.284, 6702621470011, QTAgent32.exe, &lt;a class=success&gt;Playback - {19} [SUCCESS] MouseButtonClick - "[MSAA, VisibleOnly]ControlType='Button' &amp;&amp; Name='OK'"
\0&lt;/a&gt;
W, 3524, 14, 2012/11/12, 15:51:57.861, 6702629722287, QTAgent32.exe, &lt;a class=success&gt;Playback - {20} [SUCCESS] MouseButtonClick - "[MSAA, VisibleOnly]ControlType='Button' &amp;&amp; Name='Yes'"
\0&lt;/a&gt;
W, 3524, 14, 2012/11/12, 15:51:58.080, 6702632724698, QTAgent32.exe, &lt;a class=success&gt;Playback - {21} [SUCCESS] SendKeys "^{HOME}" - "[MSAA, VisibleOnly]ControlType='Edit'"
\0&lt;/a&gt;
E, 3524, 14, 2012/11/12, 15:51:58.080, 6702632751812, QTAgent32.exe, Msaa.GetFocusedElement: could not find accessible object of foreground window
W, 3524, 14, 2012/11/12, 15:51:58.173, 6702634065914, QTAgent32.exe, &lt;a class=success&gt;Playback - {22} [SUCCESS] SendKeys "^+{END}" - "[MSAA, VisibleOnly]ControlType='Edit'"
\0&lt;/a&gt;
E, 3524, 14, 2012/11/12, 15:51:58.173, 6702634068860, QTAgent32.exe, Msaa.GetFocusedElement: could not find accessible object of foreground window
W, 3524, 14, 2012/11/12, 15:51:58.204, 6702634512723, QTAgent32.exe, &lt;a class=success&gt;Playback - {23} [SUCCESS] SendKeys "{DELETE}" - "[MSAA, VisibleOnly]ControlType='Edit'"
\0&lt;/a&gt;
W, 3524, 14, 2012/11/12, 15:51:58.282, 6702635633191, QTAgent32.exe, &lt;a class=success&gt;Playback - {24} [SUCCESS] SetValueAsEditBox "1" - "[MSAA, VisibleOnly]ControlType='Edit'"  &lt; Set via SendKeys &gt;
\0&lt;/a&gt;
W, 3524, 14, 2012/11/12, 15:51:58.501, 6702638756025, QTAgent32.exe, &lt;a class=success&gt;Playback - {25} [SUCCESS] SendKeys "^{HOME}" - "[MSAA, VisibleOnly]ControlType='Edit'"
\0&lt;/a&gt;
E, 3524, 14, 2012/11/12, 15:51:58.501, 6702638758594, QTAgent32.exe, Msaa.GetFocusedElement: could not find accessible object of foreground window
W, 3524, 14, 2012/11/12, 15:51:58.594, 6702640095758, QTAgent32.exe, &lt;a class=success&gt;Playback - {26} [SUCCESS] SendKeys "^+{END}" - "[MSAA, VisibleOnly]ControlType='Edit'"
\0&lt;/a&gt;
E, 3524, 14, 2012/11/12, 15:51:58.594, 6702640097970, QTAgent32.exe, Msaa.GetFocusedElement: could not find accessible object of foreground window
W, 3524, 14, 2012/11/12, 15:51:58.610, 6702640320617, QTAgent32.exe, &lt;a class=success&gt;Playback - {27} [SUCCESS] SendKeys "{DELETE}" - "[MSAA, VisibleOnly]ControlType='Edit'"
\0&lt;/a&gt;
W, 3524, 14, 2012/11/12, 15:51:58.688, 6702641440255, QTAgent32.exe, &lt;a class=success&gt;Playback - {28} [SUCCESS] SetValueAsEditBox "1" - "[MSAA, VisibleOnly]ControlType='Edit'"  &lt; Set via SendKeys &gt;
\0&lt;/a&gt;
W, 3524, 14, 2012/11/12, 15:51:59.234, 6702649402552, QTAgent32.exe, &lt;a class=success&gt;Playback - {29} [SUCCESS] MouseButtonClick - "[MSAA, VisibleOnly]ControlType='Button' &amp;&amp; Name='OK'"
\0&lt;/a&gt;
W, 3524, 14, 2012/11/12, 15:51:59.765, 6702657017340, QTAgent32.exe, &lt;a class=success&gt;Playback - {30} [SUCCESS] MouseButtonClick - "[MSAA, VisibleOnly]ControlType='Button'"
\0&lt;/a&gt;
W, 3524, 14, 2012/11/12, 15:52:00.280, 6702664412042, QTAgent32.exe, &lt;a class=success&gt;Playback - {31} [SUCCESS] MouseButtonClick - "[MSAA, VisibleOnly]ControlType='Button' &amp;&amp; Name='Add'"
\0&lt;/a&gt;
W, 3524, 14, 2012/11/12, 15:52:00.794, 6702671642092, QTAgent32.exe, &lt;a class=success&gt;Playback - {32} [SUCCESS] MouseButtonClick - "[MSAA, VisibleOnly]ControlType='Button' &amp;&amp; Name='OK'"
\0&lt;/a&gt;
W, 3524, 14, 2012/11/12, 15:52:03.197, 6702705988182, QTAgent32.exe, &lt;a class=success&gt;Playback - {33} [SUCCESS] MouseButtonClick - "[MSAA, VisibleOnly,Window]ControlType='Window' &amp;&amp; ClassName='ThunderRT6TextBox'"
\0&lt;/a&gt;
W, 3524, 14, 2012/11/12, 15:52:03.540, 6702710906693, QTAgent32.exe, &lt;a class=success&gt;Playback - {34} [SUCCESS] SetValueAsEditBox "HOME" - "[MSAA, VisibleOnly]ControlType='Edit'"  &lt; Set via SendKeys &gt;
\0&lt;/a&gt;
W, 3524, 14, 2012/11/12, 15:52:04.055, 6702718309045, QTAgent32.exe, &lt;a class=success&gt;Playback - {35} [SUCCESS] MouseButtonClick - "[MSAA, VisibleOnly]ControlType='Button' &amp;&amp; Name='OK'"
\0&lt;/a&gt;
W, 3524, 14, 2012/11/12, 15:52:04.492, 6702724596441, QTAgent32.exe, &lt;a class=success&gt;Playback - {36} [SUCCESS] MouseButtonClick - "[MSAA, VisibleOnly]ControlType='Button' &amp;&amp; Name='Options'"
\0&lt;/a&gt;
W, 3524, 14, 2012/11/12, 15:52:04.601, 6702726246245, QTAgent32.exe, FindScreenElementInSinglePass : Attempting to find control in one pass of search. Failures can occur.
W, 3524, 14, 2012/11/12, 15:52:04.804, 6702728994786, QTAgent32.exe, &lt;a class=success&gt;Playback - {37} [SUCCESS] MouseButtonClick - "[MSAA]ControlType='MenuItem' &amp;&amp; Name='Links'"
\0&lt;/a&gt;
W, 3524, 14, 2012/11/12, 15:52:04.913, 6702730564437, QTAgent32.exe, FindScreenElementInSinglePass : Attempting to find control in one pass of search. Failures can occur.
W, 3524, 14, 2012/11/12, 15:52:05.101, 6702733238516, QTAgent32.exe, &lt;a class=success&gt;Playback - {38} [SUCCESS] MouseButtonClick - "[MSAA]ControlType='MenuItem' &amp;&amp; Name='3rd Party Integration'"
\0&lt;/a&gt;
W, 3524, 14, 2012/11/12, 15:52:05.210, 6702734807227, QTAgent32.exe, FindScreenElementInSinglePass : Attempting to find control in one pass of search. Failures can occur.
W, 3524, 14, 2012/11/12, 15:52:05.397, 6702737510971, QTAgent32.exe, &lt;a class=success&gt;Playback - {39} [SUCCESS] MouseButtonClick - "[MSAA]ControlType='MenuItem' &amp;&amp; Name='Quote Select List'"
\0&lt;/a&gt;
W, 3524, 14, 2012/11/12, 15:52:07.457, 6702766965220, QTAgent32.exe, PERF WARNING: FindTopLevelWindowHelper::FindAllDescendents: took 1948 ms. Expected it to take maximum 500 ms.
W, 3524, 14, 2012/11/12, 15:52:08.143, 6702776813204, QTAgent32.exe, &lt;a class=success&gt;Playback - {40} [SUCCESS] MouseButtonClick - "[MSAA, VisibleOnly]ControlType='Button' &amp;&amp; Name='Ok'"
\0&lt;/a&gt;
W, 3524, 14, 2012/11/12, 15:52:12.340, 6702836892793, QTAgent32.exe, PERF WARNING: FindTopLevelWindowHelper::FindAllDescendents: took 4067 ms. Expected it to take maximum 500 ms.
W, 3524, 14, 2012/11/12, 15:52:12.621, 6702840902820, QTAgent32.exe, &lt;a class=success&gt;Playback - {41} [SUCCESS] SetValueAsEditBox "test1" - "[MSAA, VisibleOnly]ControlType='Edit'"  &lt; Set via SendKeys &gt;
\0&lt;/a&gt;
W, 3524, 14, 2012/11/12, 15:52:12.980, 6702846039844, QTAgent32.exe, &lt;a class=success&gt;Playback - {42} [SUCCESS] SetValueAsEditBox "test" - "[MSAA, VisibleOnly]ControlType='Edit'"  &lt; Set via SendKeys &gt;
\0&lt;/a&gt;
W, 3524, 14, 2012/11/12, 15:52:13.198, 6702849163922, QTAgent32.exe, &lt;a class=success&gt;Playback - {43} [SUCCESS] SendKeys "^{HOME}" - "[MSAA, VisibleOnly]ControlType='Edit'"
\0&lt;/a&gt;
E, 3524, 14, 2012/11/12, 15:52:13.198, 6702849166718, QTAgent32.exe, Msaa.GetFocusedElement: could not find accessible object of foreground window
W, 3524, 14, 2012/11/12, 15:52:13.276, 6702850281442, QTAgent32.exe, &lt;a class=success&gt;Playback - {44} [SUCCESS] SendKeys "^+{END}" - "[MSAA, VisibleOnly]ControlType='Edit'"
\0&lt;/a&gt;
E, 3524, 14, 2012/11/12, 15:52:13.276, 6702850284189, QTAgent32.exe, Msaa.GetFocusedElement: could not find accessible object of foreground window
W, 3524, 14, 2012/11/12, 15:52:13.292, 6702850504734, QTAgent32.exe, &lt;a class=success&gt;Playback - {45} [SUCCESS] SendKeys "{DELETE}" - "[MSAA, VisibleOnly]ControlType='Edit'"
\0&lt;/a&gt;
W, 3524, 14, 2012/11/12, 15:52:13.464, 6702852965186, QTAgent32.exe, &lt;a class=success&gt;Playback - {46} [SUCCESS] SetValueAsEditBox "test" - "[MSAA, VisibleOnly]ControlType='Edit'"  &lt; Set via SendKeys &gt;
\0&lt;/a&gt;
W, 3524, 14, 2012/11/12, 15:52:14.025, 6702861183921, QTAgent32.exe, Playback - [WARNING] Internal warning: Incorrect flag set for InvokeProgrammaticAction\0
W, 3524, 14, 2012/11/12, 15:52:14.353, 6702865708595, QTAgent32.exe, &lt;a class=success&gt;Playback - {47} [SUCCESS] SetValueAsComboBox "Account Director" - "[MSAA, VisibleOnly]ControlType='ComboBox'"  &lt; SetValueAsComboBox, set by clicking on the item in the list box &gt;
\0&lt;/a&gt;
W, 3524, 14, 2012/11/12, 15:52:14.837, 6702872630998, QTAgent32.exe, Playback - [WARNING] Internal warning: Incorrect flag set for InvokeProgrammaticAction\0
W, 3524, 14, 2012/11/12, 15:52:15.164, 6702877320925, QTAgent32.exe, &lt;a class=success&gt;Playback - {48} [SUCCESS] SetValueAsComboBox "Advertising" - "[MSAA, VisibleOnly]ControlType='ComboBox'"  &lt; SetValueAsComboBox, set by clicking on the item in the list box &gt;
\0&lt;/a&gt;
W, 3524, 14, 2012/11/12, 15:52:15.586, 6702883343138, QTAgent32.exe, &lt;a class=success&gt;Playback - {49} [SUCCESS] SetValueAsEditBox "160589" - "[MSAA, VisibleOnly]ControlType='Edit'"  &lt; Set via SendKeys &gt;
\0&lt;/a&gt;
W, 3524, 14, 2012/11/12, 15:52:15.991, 6702889149946, QTAgent32.exe, &lt;a class=success&gt;Playback - {50} [SUCCESS] MouseButtonClick - "[MSAA, VisibleOnly]ControlType='Edit'"
\0&lt;/a&gt;
W, 3524, 14, 2012/11/12, 15:52:16.428, 6702895404247, QTAgent32.exe, &lt;a class=success&gt;Playback - {51} [SUCCESS] SetValueAsEditBox "B338TH" - "[MSAA, VisibleOnly]ControlType='Edit'"  &lt; Set via SendKeys &gt;
\0&lt;/a&gt;
W, 3524, 14, 2012/11/12, 15:52:18.847, 6702930021799, QTAgent32.exe, &lt;a class=success&gt;Playback - {52} [SUCCESS] MouseButtonClick - "[MSAA, VisibleOnly]ControlType='Button' &amp;&amp; Name='Lookup...'"
\0&lt;/a&gt;
W, 3524, 14, 2012/11/12, 15:52:19.299, 6702936688723, QTAgent32.exe, &lt;a class=success&gt;Playback - {53} [SUCCESS] MouseButtonClick - "[MSAA, VisibleOnly]ControlType='Button' &amp;&amp; Name='Ok'"
\0&lt;/a&gt;
W, 3524, 14, 2012/11/12, 15:52:19.798, 6702943808690, QTAgent32.exe, &lt;a class=success&gt;Playback - {54} [SUCCESS] MouseButtonClick - "[MSAA, VisibleOnly]ControlType='Button' &amp;&amp; Name='Next &gt;'"
\0&lt;/a&gt;
W, 3524, 14, 2012/11/12, 15:52:20.220, 6702949683632, QTAgent32.exe, &lt;a class=success&gt;Playback - {55} [SUCCESS] SetValueAsEditBox "1989" - "[MSAA, VisibleOnly]ControlType='Edit'"  &lt; Set via SendKeys &gt;
\0&lt;/a&gt;
W, 3524, 14, 2012/11/12, 15:52:20.703, 6702956729727, QTAgent32.exe, &lt;a class=success&gt;Playback - {56} [SUCCESS] MouseButtonClick - "[MSAA, VisibleOnly]ControlType='Button' &amp;&amp; Name='Next &gt;'"
\0&lt;/a&gt;
W, 3524, 14, 2012/11/12, 15:52:20.922, 6702959910504, QTAgent32.exe, &lt;a class=success&gt;Playback - {57} [SUCCESS] MouseButtonClick - "[MSAA, VisibleOnly]ControlType='Button' &amp;&amp; Name='Next &gt;'"
\0&lt;/a&gt;
W, 3524, 14, 2012/11/12, 15:52:21.156, 6702963174555, QTAgent32.exe, &lt;a class=success&gt;Playback - {58} [SUCCESS] MouseButtonClick - "[MSAA, VisibleOnly]ControlType='Button' &amp;&amp; Name='Next &gt;'"
\0&lt;/a&gt;
W, 3524, 14, 2012/11/12, 15:52:21.561, 6702968892366, QTAgent32.exe, &lt;a class=success&gt;Playback - {59} [SUCCESS] SetValueAsEditBox "2345" - "[MSAA, VisibleOnly]ControlType='Edit'"  &lt; Set via SendKeys &gt;
\0&lt;/a&gt;
W, 3524, 14, 2012/11/12, 15:52:21.983, 6702974923745, QTAgent32.exe, &lt;a class=success&gt;Playback - {60} [SUCCESS] SetValueAsEditBox "2000" - "[MSAA, VisibleOnly]ControlType='Edit'"  &lt; Set via SendKeys &gt;
\0&lt;/a&gt;
W, 3524, 14, 2012/11/12, 15:52:22.419, 6702981176161, QTAgent32.exe, &lt;a class=success&gt;Playback - {61} [SUCCESS] SetValueAsEditBox "2000" - "[MSAA, VisibleOnly]ControlType='Edit'"  &lt; Set via SendKeys &gt;
\0&lt;/a&gt;
W, 3524, 14, 2012/11/12, 15:52:22.638, 6702984478281, QTAgent32.exe, &lt;a class=success&gt;Playback - {62} [SUCCESS] MouseButtonClick - "[MSAA, VisibleOnly]ControlType='Button' &amp;&amp; Name='Next &gt;'"
\0&lt;/a&gt;
W, 3524, 14, 2012/11/12, 15:52:23.044, 6702990114374, QTAgent32.exe, &lt;a class=success&gt;Playback - {63} [SUCCESS] SetValueAsEditBox "2345" - "[MSAA, VisibleOnly]ControlType='Edit'"  &lt; Set via SendKeys &gt;
\0&lt;/a&gt;
W, 3524, 14, 2012/11/12, 15:52:23.418, 6702995654052, QTAgent32.exe, &lt;a class=success&gt;Playback - {64} [SUCCESS] MouseButtonClick - "[MSAA, VisibleOnly]ControlType='Button' &amp;&amp; Name='Next &gt;'"
\0&lt;/a&gt;
W, 3524, 14, 2012/11/12, 15:52:23.808, 6703001130468, QTAgent32.exe, &lt;a class=success&gt;Playback - {65} [SUCCESS] MouseButtonClick - "[MSAA, VisibleOnly]ControlType='Button' &amp;&amp; Name='Next &gt;'"
\0&lt;/a&gt;
W, 3524, 14, 2012/11/12, 15:52:24.105, 6703005482996, QTAgent32.exe, &lt;a class=success&gt;Playback - {66} [SUCCESS] MouseButtonClick - "[MSAA, VisibleOnly]ControlType='Button' &amp;&amp; Name='Quote'"
\0&lt;/a&gt;
W, 3524, 14, 2012/11/12, 15:52:24.760, 6703014776038, QTAgent32.exe, &lt;a class=success&gt;Playback - {67} [SUCCESS] MouseButtonClick - "[MSAA, VisibleOnly]ControlType='Button' &amp;&amp; Name='No'"
\0&lt;/a&gt;
W, 3524, 14, 2012/11/12, 15:52:30.346, 6703094638691, QTAgent32.exe, PERF WARNING: FindTopLevelWindowHelper::FindAllDescendents: took 5474 ms. Expected it to take maximum 500 ms.
W, 3524, 14, 2012/11/12, 15:52:30.673, 6703099334714, QTAgent32.exe, &lt;a class=success&gt;Playback - {68} [SUCCESS] MouseButtonClick - "[MSAA, VisibleOnly]ControlType='Client'"
\0&lt;/a&gt;
W, 3524, 14, 2012/11/12, 15:52:32.249, 6703121908440, QTAgent32.exe, &lt;a class=success&gt;Playback - {69} [SUCCESS] SendKeys "{End}" - "[MSAA, VisibleOnly]ControlType='Client'"
\0&lt;/a&gt;
W, 3524, 14, 2012/11/12, 15:52:33.950, 6703146417292, QTAgent32.exe, &lt;a class=success&gt;Playback - {70} [SUCCESS] MouseButtonClick - "[MSAA, VisibleOnly]ControlType='Button' &amp;&amp; Name='Accept'"
\0&lt;/a&gt;
W, 3524, 14, 2012/11/12, 15:52:34.418, 6703153007207, QTAgent32.exe, &lt;a class=success&gt;Playback - {71} [SUCCESS] MouseButtonClick - "[MSAA, VisibleOnly]ControlType='Button' &amp;&amp; Name='Yes'"
\0&lt;/a&gt;
W, 3524, 14, 2012/11/12, 15:52:36.867, 6703188136106, QTAgent32.exe, &lt;a class=success&gt;Playback - {72} [SUCCESS] MouseButtonClick - "[MSAA, VisibleOnly]ControlType='Button' &amp;&amp; Name='Ok'"
\0&lt;/a&gt;
W, 3524, 14, 2012/11/12, 15:52:53.234, 6703422324011, QTAgent32.exe, Playback - [WARNING] Internal warning: Window Not Found: [VisibleOnly]ControlType='Window' &amp;&amp; Name='Save the file as' &amp;&amp; ClassName='#32770'
\0
E, 3524, 14, 2012/11/12, 15:52:53.234, 6703422326811, QTAgent32.exe, &lt;a class=failure&gt;Playback - {73} [FAILED] Function ElementFetcher::FindScreenElement failed to locate UI element (Searching: ;[VisibleOnly]ControlType='Window' &amp;&amp; Name='Save the file as' &amp;&amp; ClassName='#32770') (The object specified was not found.)
\0&lt;/a&gt;
E, 3524, 14, 2012/11/12, 15:52:53.344, 6703424008989, QTAgent32.exe, Playback - [IMAGE] C:\Users\peter.zenin-ad\AppData\Local\Temp\UITestLogs\LastRun\RPF691E.png
\0
W, 3524, 14, 2012/11/12, 15:52:53.344, 6703424010950, QTAgent32.exe, Playback - [WARNING] Internal warning: Couldn't find descendants that match QueryId
\0
W, 3524, 14, 2012/11/12, 15:52:53.344, 6703424013877, QTAgent32.exe, PERF WARNING: FindTopLevelWindowHelper::FindAllDescendents: took 16360 ms. Expected it to take maximum 500 ms.
W, 3524, 14, 2012/11/12, 15:53:13.112, 6703706888413, QTAgent32.exe, Playback - [WARNING] Internal warning: Window Not Found: [VisibleOnly]ControlType='Window' &amp;&amp; Name='Save the file as' &amp;&amp; ClassName='#32770'
\0
E, 3524, 14, 2012/11/12, 15:53:13.112, 6703706891266, QTAgent32.exe, &lt;a class=failure&gt;Playback - {74} [FAILED] Function ElementFetcher::FindScreenElement failed to locate UI element (Searching: ;[VisibleOnly]ControlType='Window' &amp;&amp; Name='Save the file as' &amp;&amp; ClassName='#32770') (The object specified was not found.)
\0&lt;/a&gt;
E, 3524, 14, 2012/11/12, 15:53:13.221, 6703708554632, QTAgent32.exe, Playback - [IMAGE] C:\Users\peter.zenin-ad\AppData\Local\Temp\UITestLogs\LastRun\RPFB6C1.png
\0
W, 3524, 14, 2012/11/12, 15:53:13.221, 6703708556665, QTAgent32.exe, Playback - [WARNING] Internal warning: Couldn't find descendants that match QueryId
\0
W, 3524, 14, 2012/11/12, 15:53:13.221, 6703708559610, QTAgent32.exe, PERF WARNING: FindTopLevelWindowHelper::FindAllDescendents: took 19872 ms. Expected it to take maximum 500 ms.
W, 3524, 14, 2012/11/12, 15:53:17.044, 6703763179813, QTAgent32.exe, Playback - [WARNING] Internal warning: Window Not Found: [VisibleOnly]ControlType='Window' &amp;&amp; Name='Save the file as' &amp;&amp; ClassName='#32770'
\0
E, 3524, 14, 2012/11/12, 15:53:17.044, 6703763185588, QTAgent32.exe, &lt;a class=failure&gt;Playback - {75} [FAILED] Function ElementFetcher::FindScreenElement failed to locate UI element (Searching: ;[VisibleOnly]ControlType='Window' &amp;&amp; Name='Save the file as' &amp;&amp; ClassName='#32770') (The object specified was not found.)
\0&lt;/a&gt;
E, 3524, 14, 2012/11/12, 15:53:17.169, 6703764972101, QTAgent32.exe, Playback - [IMAGE] C:\Users\peter.zenin-ad\AppData\Local\Temp\UITestLogs\LastRun\RPFC61D.png
\0
W, 3524, 14, 2012/11/12, 15:53:17.169, 6703764974128, QTAgent32.exe, Playback - [WARNING] Internal warning: Couldn't find descendants that match QueryId
\0
W, 3524, 14, 2012/11/12, 15:53:17.169, 6703764977109, QTAgent32.exe, PERF WARNING: FindTopLevelWindowHelper::FindAllDescendents: took 3940 ms. Expected it to take maximum 500 ms.
E, 3524, 14, 2012/11/12, 15:53:17.169, 6703764978912, QTAgent32.exe, Exception: System.Runtime.InteropServices.COMException
	Message: Error HRESULT E_FAIL has been returned from a call to a COM component.
	Stack Trace:    at Microsoft.VisualStudio.TestTools.UITest.Playback.Engine.IRPFPlayback.FindAllScreenElements(IScreenElement pScreenElementStart, String bstrQueryId, Object&amp; pvarResKeys, Int32 cResKeys, Int32 nMaxDepth, Object[]&amp; foundDescendants)
   at Microsoft.VisualStudio.TestTools.UITest.Playback.ScreenElement.FindTopLevelWindowHelper(String queryId)
	BaseExceptionMessage: Error HRESULT E_FAIL has been returned from a call to a COM component.

E, 3524, 14, 2012/11/12, 15:53:17.371, 6703767903972, QTAgent32.exe, AL: Playback Error: Microsoft.VisualStudio.TestTools.UITest.Extension.UITestControlNotFoundException: The playback failed to find the control with the given search properties. Additional Details: 
TechnologyName:  'MSAA'
ControlType:  'Window'
Name:  'Save the file as'
ClassName:  '#32770'
 ---&gt; System.Runtime.InteropServices.COMException: Error HRESULT E_FAIL has been returned from a call to a COM component.
   at Microsoft.VisualStudio.TestTools.UITest.Playback.Engine.IRPFPlayback.FindAllScreenElements(IScreenElement pScreenElementStart, String bstrQueryId, Object&amp; pvarResKeys, Int32 cResKeys, Int32 nMaxDepth, Object[]&amp; foundDescendants)
   at Microsoft.VisualStudio.TestTools.UITest.Playback.ScreenElement.FindTopLevelWindowHelper(String queryId)
   at Microsoft.VisualStudio.TestTools.UITest.Playback.ScreenElement.FindFromPartialQueryId(String queryId)
   at Microsoft.VisualStudio.TestTools.UITesting.UITestControl..ctor(String queryId)
   --- End of inner exception stack trace ---
   at Microsoft.VisualStudio.TestTools.UITesting.Playback.MapControlNotFoundException(COMException ex, IPlaybackContext context)
   at Microsoft.VisualStudio.TestTools.UITesting.Playback.MapAndThrowComException(COMException innerException, IPlaybackContext context)
   at Microsoft.VisualStudio.TestTools.UITesting.Playback.MapAndThrowException(SystemException exception, IPlaybackContext context)
   at Microsoft.VisualStudio.TestTools.UITesting.Playback.MapAndThrowException(SystemException exception, String queryId)
   at Microsoft.VisualStudio.TestTools.UITesting.UITestControl..ctor(String queryId)
   at Microsoft.VisualStudio.TestTools.UITesting.SearchHelper.SearchTopLevelWindow(ISearchArgument topLevelSearchArg, String topLevelElementQueryId)
   at Microsoft.VisualStudio.TestTools.UITesting.SearchHelper.GetTitleUpdatedTopLevelWindow(ISearchArgument topLevelSearchArg, String queryId, IList`1 windowTitles)
   at Microsoft.VisualStudio.TestTools.UITesting.SearchHelper.GetTopLevelElement(Boolean useCache, Boolean useCacheOnly, ISearchArgument searchArg, IList`1 windowTitles, Int32&amp; timeLeft)
   at Microsoft.VisualStudio.TestTools.UITesting.SearchHelper.GetElement(Boolean useCache, ISearchArgument searchArg)
   at Microsoft.VisualStudio.TestTools.UITesting.SearchHelper.Search(ISearchArgument searchArg)
   at Microsoft.VisualStudio.TestTools.UITesting.UITestControl.FindInternal()
   at Microsoft.VisualStudio.TestTools.UITesting.UITestControl.FindControlIfNecessary()
   at Microsoft.VisualStudio.TestTools.UITesting.UITestControl.Click(MouseButtons button, ModifierKeys modifierKeys, Point relativeCoordinates)
   at Microsoft.VisualStudio.TestTools.UITesting.Mouse.ClickImplementation(UITestControl control, MouseButtons button, ModifierKeys modifierKeys, Point relativeCoordinate)
   at Microsoft.VisualStudio.TestTools.UITesting.Mouse.ClickImplementationWrapper(UITestControl control, MouseButtons button, ModifierKeys modifierKeys, Point relativeCoordinate)
W, 3524, 14, 2012/11/12, 15:53:17.371, 6703767905707, QTAgent32.exe, PlaybackErrorHandler: Ignoring exception as ContinueOnError is set.
W, 3524, 14, 2012/11/12, 15:53:17.808, 6703774204279, QTAgent32.exe, &lt;a class=success&gt;Playback - {76} [SUCCESS] MouseButtonClick - "[MSAA, VisibleOnly]ControlType='Button' &amp;&amp; Name='Ok'"
\0&lt;/a&gt;
W, 3524, 14, 2012/11/12, 15:53:18.292, 6703781053357, QTAgent32.exe, &lt;a class=success&gt;Playback - {77} [SUCCESS] MouseButtonClick - "[MSAA, VisibleOnly]ControlType='Button' &amp;&amp; Name='Ok'"
\0&lt;/a&gt;
W, 3524, 14, 2012/11/12, 15:53:18.838, 6703788860251, QTAgent32.exe, &lt;a class=success&gt;Playback - {78} [SUCCESS] SetValueAsEditBox "B338TH" - "[MSAA, VisibleOnly]ControlType='Edit'"  &lt; Set via SendKeys &gt;
\0&lt;/a&gt;
W, 3524, 14, 2012/11/12, 15:53:21.319, 6703824371662, QTAgent32.exe, &lt;a class=success&gt;Playback - {79} [SUCCESS] MouseButtonClick - "[MSAA, VisibleOnly]ControlType='Button' &amp;&amp; Name='Lookup...'"
\0&lt;/a&gt;
W, 3524, 14, 2012/11/12, 15:53:21.709, 6703830028153, QTAgent32.exe, &lt;a class=success&gt;Playback - {80} [SUCCESS] MouseButtonClick - "[MSAA, VisibleOnly]ControlType='Button' &amp;&amp; Name='Ok'"
\0&lt;/a&gt;
W, 3524, 14, 2012/11/12, 15:53:22.208, 6703837145520, QTAgent32.exe, &lt;a class=success&gt;Playback - {81} [SUCCESS] MouseButtonClick - "[MSAA, VisibleOnly]ControlType='Button' &amp;&amp; Name='Confirm'"
\0&lt;/a&gt;
W, 3524, 14, 2012/11/12, 15:53:42.367, 6704125696046, QTAgent32.exe, Playback - [WARNING] Internal warning: Window Not Found: [VisibleOnly]ControlType='Window' &amp;&amp; Name='insur-E.tam' &amp;&amp; ClassName='#32770'
\0
E, 3524, 14, 2012/11/12, 15:53:42.367, 6704125699001, QTAgent32.exe, &lt;a class=failure&gt;Playback - {82} [FAILED] Function ElementFetcher::FindScreenElement failed to locate UI element (Searching: ;[VisibleOnly]ControlType='Window' &amp;&amp; Name='insur-E.tam' &amp;&amp; ClassName='#32770') (The object specified was not found.)
\0&lt;/a&gt;
E, 3524, 14, 2012/11/12, 15:53:42.476, 6704127319825, QTAgent32.exe, Playback - [IMAGE] C:\Users\peter.zenin-ad\AppData\Local\Temp\UITestLogs\LastRun\RPF2905.png
\0
W, 3524, 14, 2012/11/12, 15:53:42.476, 6704127322066, QTAgent32.exe, Playback - [WARNING] Internal warning: Couldn't find descendants that match QueryId
\0
W, 3524, 14, 2012/11/12, 15:53:42.476, 6704127325039, QTAgent32.exe, PERF WARNING: FindTopLevelWindowHelper::FindAllDescendents: took 20160 ms. Expected it to take maximum 500 ms.
W, 3524, 14, 2012/11/12, 15:54:00.809, 6704389712482, QTAgent32.exe, Playback - [WARNING] Internal warning: Window Not Found: [VisibleOnly]ControlType='Window' &amp;&amp; Name='insur-E.tam' &amp;&amp; ClassName='#32770'
\0
E, 3524, 14, 2012/11/12, 15:54:00.809, 6704389715360, QTAgent32.exe, &lt;a class=failure&gt;Playback - {83} [FAILED] Function ElementFetcher::FindScreenElement failed to locate UI element (Searching: ;[VisibleOnly]ControlType='Window' &amp;&amp; Name='insur-E.tam' &amp;&amp; ClassName='#32770') (The object specified was not found.)
\0&lt;/a&gt;
E, 3524, 14, 2012/11/12, 15:54:00.918, 6704391354537, QTAgent32.exe, Playback - [IMAGE] C:\Users\peter.zenin-ad\AppData\Local\Temp\UITestLogs\LastRun\RPF710E.png
\0
W, 3524, 14, 2012/11/12, 15:54:00.918, 6704391356723, QTAgent32.exe, Playback - [WARNING] Internal warning: Couldn't find descendants that match QueryId
\0
W, 3524, 14, 2012/11/12, 15:54:00.918, 6704391359685, QTAgent32.exe, PERF WARNING: FindTopLevelWindowHelper::FindAllDescendents: took 18440 ms. Expected it to take maximum 500 ms.
W, 3524, 14, 2012/11/12, 15:54:04.257, 6704439077132, QTAgent32.exe, Playback - [WARNING] Internal warning: Smart Match failed
\0
W, 3524, 14, 2012/11/12, 15:54:05.817, 6704461413854, QTAgent32.exe, Playback - [WARNING] Internal warning: Window Not Found: [VisibleOnly]ControlType='Window' &amp;&amp; Name='insur-E.tam' &amp;&amp; ClassName='#32770'
\0
E, 3524, 14, 2012/11/12, 15:54:05.817, 6704461416605, QTAgent32.exe, &lt;a class=failure&gt;Playback - {84} [FAILED] Function ElementFetcher::FindScreenElement failed to locate UI element (Searching: ;[VisibleOnly]ControlType='Window' &amp;&amp; Name='insur-E.tam' &amp;&amp; ClassName='#32770') (The object specified was not found.)
\0&lt;/a&gt;
E, 3524, 14, 2012/11/12, 15:54:05.926, 6704463048838, QTAgent32.exe, Playback - [IMAGE] C:\Users\peter.zenin-ad\AppData\Local\Temp\UITestLogs\LastRun\RPF849E.png
\0
W, 3524, 14, 2012/11/12, 15:54:05.926, 6704463050926, QTAgent32.exe, Playback - [WARNING] Internal warning: Couldn't find descendants that match QueryId
\0
W, 3524, 14, 2012/11/12, 15:54:05.926, 6704463053864, QTAgent32.exe, PERF WARNING: FindTopLevelWindowHelper::FindAllDescendents: took 5007 ms. Expected it to take maximum 500 ms.
E, 3524, 14, 2012/11/12, 15:54:05.926, 6704463055636, QTAgent32.exe, Exception: System.Runtime.InteropServices.COMException
	Message: Error HRESULT E_FAIL has been returned from a call to a COM component.
	Stack Trace:    at Microsoft.VisualStudio.TestTools.UITest.Playback.Engine.IRPFPlayback.FindAllScreenElements(IScreenElement pScreenElementStart, String bstrQueryId, Object&amp; pvarResKeys, Int32 cResKeys, Int32 nMaxDepth, Object[]&amp; foundDescendants)
   at Microsoft.VisualStudio.TestTools.UITest.Playback.ScreenElement.FindTopLevelWindowHelper(String queryId)
	BaseExceptionMessage: Error HRESULT E_FAIL has been returned from a call to a COM component.

E, 3524, 14, 2012/11/12, 15:54:05.926, 6704463061283, QTAgent32.exe, Window 5113086 not responding. Last Win32 error 0
E, 3524, 14, 2012/11/12, 15:54:05.926, 6704463067616, QTAgent32.exe, GetClassName for handle 5113086 failed
E, 3524, 14, 2012/11/12, 15:54:05.926, 6704463075827, QTAgent32.exe, Window 5113086 not responding. Last Win32 error 1400
E, 3524, 14, 2012/11/12, 15:54:05.926, 6704463097853, QTAgent32.exe, Window 5113086 not responding. Last Win32 error 1400
E, 3524, 14, 2012/11/12, 15:54:05.926, 6704463099015, QTAgent32.exe, GetClassName for handle 5113086 failed
E, 3524, 14, 2012/11/12, 15:54:05.926, 6704463099832, QTAgent32.exe, GetClassName for handle 5113086 failed
E, 3524, 14, 2012/11/12, 15:54:06.036, 6704464541288, QTAgent32.exe, AL: Playback Error: Microsoft.VisualStudio.TestTools.UITest.Extension.UITestControlNotFoundException: The playback failed to find the control with the given search properties. Additional Details: 
TechnologyName:  'MSAA'
ControlType:  'Window'
 ---&gt; System.Runtime.InteropServices.COMException: Error HRESULT E_FAIL has been returned from a call to a COM component.
   at Microsoft.VisualStudio.TestTools.UITest.Playback.Engine.IRPFPlayback.FindAllScreenElements(IScreenElement pScreenElementStart, String bstrQueryId, Object&amp; pvarResKeys, Int32 cResKeys, Int32 nMaxDepth, Object[]&amp; foundDescendants)
   at Microsoft.VisualStudio.TestTools.UITest.Playback.ScreenElement.FindTopLevelWindowHelper(String queryId)
   at Microsoft.VisualStudio.TestTools.UITest.Playback.ScreenElement.FindFromPartialQueryId(String queryId)
   at Microsoft.VisualStudio.TestTools.UITesting.UITestControl..ctor(String queryId)
   --- End of inner exception stack trace ---
   at Microsoft.VisualStudio.TestTools.UITesting.Playback.MapControlNotFoundException(COMException ex, IPlaybackContext context)
   at Microsoft.VisualStudio.TestTools.UITesting.Playback.MapAndThrowComException(COMException innerException, IPlaybackContext context)
   at Microsoft.VisualStudio.TestTools.UITesting.Playback.MapAndThrowException(SystemException exception, IPlaybackContext context)
   at Microsoft.VisualStudio.TestTools.UITesting.Playback.MapAndThrowException(SystemException exception, String queryId)
   at Microsoft.VisualStudio.TestTools.UITesting.UITestControl..ctor(String queryId)
   at Microsoft.VisualStudio.TestTools.UITesting.SearchHelper.SearchTopLevelWindow(ISearchArgument topLevelSearchArg, String topLevelElementQueryId)
   at Microsoft.VisualStudio.TestTools.UITesting.SearchHelper.GetTitleUpdatedTopLevelWindow(ISearchArgument topLevelSearchArg, String queryId, IList`1 windowTitles)
   at Microsoft.VisualStudio.TestTools.UITesting.SearchHelper.GetTopLevelElement(Boolean useCache, Boolean useCacheOnly, ISearchArgument searchArg, IList`1 windowTitles, Int32&amp; timeLeft)
   at Microsoft.VisualStudio.TestTools.UITesting.SearchHelper.GetElement(Boolean useCache, ISearchArgument searchArg)
   at Microsoft.VisualStudio.TestTools.UITesting.SearchHelper.Search(ISearchArgument searchArg)
   at Microsoft.VisualStudio.TestTools.UITesting.UITestControl.FindInternal()
   at Microsoft.VisualStudio.TestTools.UITesting.UITestControl.FindControlIfNecessary()
   at Microsoft.VisualStudio.TestTools.UITesting.UITestControl.Click(MouseButtons button, ModifierKeys modifierKeys, Point relativeCoordinates)
   at Microsoft.VisualStudio.TestTools.UITesting.Mouse.ClickImplementation(UITestControl control, MouseButtons button, ModifierKeys modifierKeys, Point relativeCoordinate)
   at Microsoft.VisualStudio.TestTools.UITesting.Mouse.ClickImplementationWrapper(UITestControl control, MouseButtons button, ModifierKeys modifierKeys, Point relativeCoordinate)
W, 3524, 14, 2012/11/12, 15:54:06.036, 6704464543689, QTAgent32.exe, PlaybackErrorHandler: Ignoring exception as ContinueOnError is set.
W, 3524, 14, 2012/11/12, 15:54:06.363, 6704469228528, QTAgent32.exe, &lt;a class=success&gt;Playback - {85} [SUCCESS] Check - "[MSAA, VisibleOnly]ControlType='CheckBox' &amp;&amp; Name='Defer Printing?'"
\0&lt;/a&gt;
W, 3524, 14, 2012/11/12, 15:54:07.596, 6704487028464, QTAgent32.exe, &lt;a class=success&gt;Playback - {86} [SUCCESS] MouseButtonClick - "[MSAA, VisibleOnly]ControlType='Button' &amp;&amp; Name='Ok'"
\0&lt;/a&gt;
W, 3524, 14, 2012/11/12, 15:54:08.594, 6704501255211, QTAgent32.exe, PERF WARNING: FindTopLevelWindowHelper::FindAllDescendents: took 895 ms. Expected it to take maximum 500 ms.
W, 3524, 14, 2012/11/12, 15:54:08.938, 6704506082953, QTAgent32.exe, &lt;a class=success&gt;Playback - {87} [SUCCESS] Uncheck - "[MSAA, VisibleOnly]ControlType='CheckBox' &amp;&amp; Name='Add Activity'"
\0&lt;/a&gt;
W, 3524, 14, 2012/11/12, 15:54:09.827, 6704518957561, QTAgent32.exe, &lt;a class=success&gt;Playback - {88} [SUCCESS] MouseButtonClick - "[MSAA, VisibleOnly]ControlType='Button' &amp;&amp; Name='Ok'"
\0&lt;/a&gt;
W, 3524, 14, 2012/11/12, 15:54:10.264, 6704525195038, QTAgent32.exe, &lt;a class=success&gt;Playback - {89} [SUCCESS] MouseButtonClick - "[MSAA, VisibleOnly]ControlType='Button' &amp;&amp; Name='Ok'"
\0&lt;/a&gt;
W, 3524, 14, 2012/11/12, 15:54:18.346, 6704640783972, QTAgent32.exe, PERF WARNING: FindTopLevelWindowHelper::FindAllDescendents: took 7847 ms. Expected it to take maximum 500 ms.
W, 3524, 14, 2012/11/12, 15:54:20.640, 6704673602560, QTAgent32.exe, &lt;a class=success&gt;Playback - {90} [SUCCESS] MouseButtonClick - "[MSAA, VisibleOnly]ControlType='Button' &amp;&amp; Name='OK'"
\0&lt;/a&gt;
W, 3524, 14, 2012/11/12, 15:54:22.028, 6704693498641, QTAgent32.exe, Playback - [WARNING] Internal warning: Window Not Found: [VisibleOnly]ControlType='Window' &amp;&amp; Name='Tamxml7' &amp;&amp; ClassName='TMessageForm'
\0
E, 3524, 14, 2012/11/12, 15:54:22.028, 6704693501397, QTAgent32.exe, &lt;a class=failure&gt;Playback - {91} [FAILED] Function ElementFetcher::FindScreenElement failed to locate UI element (Searching: ;[VisibleOnly]ControlType='Window' &amp;&amp; Name='Tamxml7' &amp;&amp; ClassName='TMessageForm') (The object specified was not found.)
\0&lt;/a&gt;
E, 3524, 14, 2012/11/12, 15:54:22.137, 6704695127135, QTAgent32.exe, Playback - [IMAGE] C:\Users\peter.zenin-ad\AppData\Local\Temp\UITestLogs\LastRun\RPFC3F0.png
\0
W, 3524, 14, 2012/11/12, 15:54:22.137, 6704695129282, QTAgent32.exe, Playback - [WARNING] Internal warning: Couldn't find descendants that match QueryId
\0
W, 3524, 14, 2012/11/12, 15:54:22.137, 6704695132281, QTAgent32.exe, PERF WARNING: FindTopLevelWindowHelper::FindAllDescendents: took 1394 ms. Expected it to take maximum 500 ms.
W, 3524, 14, 2012/11/12, 15:54:40.143, 6704952823864, QTAgent32.exe, Playback - [WARNING] Internal warning: Window Not Found: [VisibleOnly]ControlType='Window' &amp;&amp; Name='Tamxml7' &amp;&amp; ClassName='TMessageForm'
\0
E, 3524, 14, 2012/11/12, 15:54:40.143, 6704952826645, QTAgent32.exe, &lt;a class=failure&gt;Playback - {92} [FAILED] Function ElementFetcher::FindScreenElement failed to locate UI element (Searching: ;[VisibleOnly]ControlType='Window' &amp;&amp; Name='Tamxml7' &amp;&amp; ClassName='TMessageForm') (The object specified was not found.)
\0&lt;/a&gt;
E, 3524, 14, 2012/11/12, 15:54:40.252, 6704954425069, QTAgent32.exe, Playback - [IMAGE] C:\Users\peter.zenin-ad\AppData\Local\Temp\UITestLogs\LastRun\RPFAB1.png
\0
W, 3524, 14, 2012/11/12, 15:54:40.252, 6704954427224, QTAgent32.exe, Playback - [WARNING] Internal warning: Couldn't find descendants that match QueryId
\0
W, 3524, 14, 2012/11/12, 15:54:40.252, 6704954430237, QTAgent32.exe, PERF WARNING: FindTopLevelWindowHelper::FindAllDescendents: took 18109 ms. Expected it to take maximum 500 ms.
W, 3524, 14, 2012/11/12, 15:54:40.751, 6704961626717, QTAgent32.exe, Playback - [WARNING] Internal warning: Smart Match failed
\0
W, 3524, 14, 2012/11/12, 15:54:40.938, 6704964304797, QTAgent32.exe, Playback - [WARNING] Internal warning: Smart Match failed
\0
W, 3524, 14, 2012/11/12, 15:54:41.126, 6704966984070, QTAgent32.exe, Playback - [WARNING] Internal warning: Smart Match failed
\0
W, 3524, 14, 2012/11/12, 15:54:41.313, 6704969667023, QTAgent32.exe, Playback - [WARNING] Internal warning: Smart Match failed
\0
W, 3524, 14, 2012/11/12, 15:54:41.500, 6704972350238, QTAgent32.exe, Playback - [WARNING] Internal warning: Smart Match failed
\0
W, 3524, 14, 2012/11/12, 15:54:41.687, 6704975028877, QTAgent32.exe, Playback - [WARNING] Internal warning: Smart Match failed
\0
W, 3524, 14, 2012/11/12, 15:54:41.875, 6704977707982, QTAgent32.exe, Playback - [WARNING] Internal warning: Smart Match failed
\0
W, 3524, 14, 2012/11/12, 15:54:42.062, 6704980386255, QTAgent32.exe, Playback - [WARNING] Internal warning: Smart Match failed
\0
W, 3524, 14, 2012/11/12, 15:54:42.249, 6704983069262, QTAgent32.exe, Playback - [WARNING] Internal warning: Smart Match failed
\0
W, 3524, 14, 2012/11/12, 15:54:42.436, 6704985748576, QTAgent32.exe, Playback - [WARNING] Internal warning: Smart Match failed
\0
W, 3524, 14, 2012/11/12, 15:54:42.624, 6704988429408, QTAgent32.exe, Playback - [WARNING] Internal warning: Smart Match failed
\0
W, 3524, 14, 2012/11/12, 15:54:42.811, 6704991105881, QTAgent32.exe, Playback - [WARNING] Internal warning: Smart Match failed
\0
W, 3524, 14, 2012/11/12, 15:54:42.998, 6704993793274, QTAgent32.exe, Playback - [WARNING] Internal warning: Smart Match failed
\0
W, 3524, 14, 2012/11/12, 15:54:43.201, 6704996692324, QTAgent32.exe, Playback - [WARNING] Internal warning: Smart Match failed
\0
W, 3524, 14, 2012/11/12, 15:54:43.279, 6704997796081, QTAgent32.exe, Playback - [WARNING] Internal warning: Window Not Found: [VisibleOnly]ControlType='Window' &amp;&amp; Name='Tamxml7' &amp;&amp; ClassName='TMessageForm'
\0
E, 3524, 14, 2012/11/12, 15:54:43.279, 6704997798373, QTAgent32.exe, &lt;a class=failure&gt;Playback - {93} [FAILED] Function ElementFetcher::FindScreenElement failed to locate UI element (Searching: ;[VisibleOnly]ControlType='Window' &amp;&amp; Name='Tamxml7' &amp;&amp; ClassName='TMessageForm') (The object specified was not found.)
\0&lt;/a&gt;
E, 3524, 14, 2012/11/12, 15:54:43.388, 6704999404926, QTAgent32.exe, Playback - [IMAGE] C:\Users\peter.zenin-ad\AppData\Local\Temp\UITestLogs\LastRun\RPF16F1.png
\0
W, 3524, 14, 2012/11/12, 15:54:43.388, 6704999407197, QTAgent32.exe, Playback - [WARNING] Internal warning: Couldn't find descendants that match QueryId
\0
W, 3524, 14, 2012/11/12, 15:54:43.388, 6704999410203, QTAgent32.exe, PERF WARNING: FindTopLevelWindowHelper::FindAllDescendents: took 3141 ms. Expected it to take maximum 500 ms.
E, 3524, 14, 2012/11/12, 15:54:43.388, 6704999412016, QTAgent32.exe, Exception: System.Runtime.InteropServices.COMException
	Message: Error HRESULT E_FAIL has been returned from a call to a COM component.
	Stack Trace:    at Microsoft.VisualStudio.TestTools.UITest.Playback.Engine.IRPFPlayback.FindAllScreenElements(IScreenElement pScreenElementStart, String bstrQueryId, Object&amp; pvarResKeys, Int32 cResKeys, Int32 nMaxDepth, Object[]&amp; foundDescendants)
   at Microsoft.VisualStudio.TestTools.UITest.Playback.ScreenElement.FindTopLevelWindowHelper(String queryId)
	BaseExceptionMessage: Error HRESULT E_FAIL has been returned from a call to a COM component.

E, 3524, 14, 2012/11/12, 15:54:43.388, 6704999415981, QTAgent32.exe, GetClassName for handle 5571676 failed
E, 3524, 14, 2012/11/12, 15:54:43.388, 6704999425446, QTAgent32.exe, Window 5571676 not responding. Last Win32 error 1400
E, 3524, 14, 2012/11/12, 15:54:43.388, 6704999426675, QTAgent32.exe, GetClassName for handle 5571676 failed
E, 3524, 14, 2012/11/12, 15:54:43.388, 6704999428011, QTAgent32.exe, GetClassName for handle 5571676 failed
E, 3524, 14, 2012/11/12, 15:54:43.388, 6704999437580, QTAgent32.exe, GetClassName for handle 2491500 failed
E, 3524, 14, 2012/11/12, 15:54:43.388, 6704999453601, QTAgent32.exe, Exception: System.Runtime.InteropServices.COMException
	Message: Error HRESULT E_FAIL has been returned from a call to a COM component.
	Stack Trace:    at Accessibility.IAccessible.get_accState(Object varChild)
   at Microsoft.VisualStudio.TestTools.UITest.Extension.Msaa.AccWrapper.get_State()
	BaseExceptionMessage: Error HRESULT E_FAIL has been returned from a call to a COM component.

E, 3524, 14, 2012/11/12, 15:54:43.388, 6704999458079, QTAgent32.exe, Exception: System.Runtime.InteropServices.COMException
	Message: Error HRESULT E_FAIL has been returned from a call to a COM component.
	Stack Trace:    at Accessibility.IAccessible.get_accState(Object varChild)
   at Microsoft.VisualStudio.TestTools.UITest.Extension.Msaa.AccWrapper.get_State()
	BaseExceptionMessage: Error HRESULT E_FAIL has been returned from a call to a COM component.

E, 3524, 14, 2012/11/12, 15:54:43.388, 6704999462372, QTAgent32.exe, Exception: System.Runtime.InteropServices.COMException
	Message: Error HRESULT E_FAIL has been returned from a call to a COM component.
	Stack Trace:    at Accessibility.IAccessible.get_accState(Object varChild)
   at Microsoft.VisualStudio.TestTools.UITest.Extension.Msaa.AccWrapper.get_State()
	BaseExceptionMessage: Error HRESULT E_FAIL has been returned from a call to a COM component.

E, 3524, 14, 2012/11/12, 15:54:43.388, 6704999466648, QTAgent32.exe, Exception: System.Runtime.InteropServices.COMException
	Message: Error HRESULT E_FAIL has been returned from a call to a COM component.
	Stack Trace:    at Accessibility.IAccessible.get_accState(Object varChild)
   at Microsoft.VisualStudio.TestTools.UITest.Extension.Msaa.AccWrapper.get_State()
	BaseExceptionMessage: Error HRESULT E_FAIL has been returned from a call to a COM component.

E, 3524, 14, 2012/11/12, 15:54:43.388, 6704999470969, QTAgent32.exe, Exception: System.Runtime.InteropServices.COMException
	Message: Error HRESULT E_FAIL has been returned from a call to a COM component.
	Stack Trace:    at Accessibility.IAccessible.get_accState(Object varChild)
   at Microsoft.VisualStudio.TestTools.UITest.Extension.Msaa.AccWrapper.get_State()
	BaseExceptionMessage: Error HRESULT E_FAIL has been returned from a call to a COM component.

E, 3524, 14, 2012/11/12, 15:54:43.388, 6704999475263, QTAgent32.exe, Exception: System.Runtime.InteropServices.COMException
	Message: Error HRESULT E_FAIL has been returned from a call to a COM component.
	Stack Trace:    at Accessibility.IAccessible.get_accState(Object varChild)
   at Microsoft.VisualStudio.TestTools.UITest.Extension.Msaa.AccWrapper.get_State()
	BaseExceptionMessage: Error HRESULT E_FAIL has been returned from a call to a COM component.

E, 3524, 14, 2012/11/12, 15:54:43.388, 6704999479551, QTAgent32.exe, Exception: System.Runtime.InteropServices.COMException
	Message: Error HRESULT E_FAIL has been returned from a call to a COM component.
	Stack Trace:    at Accessibility.IAccessible.get_accState(Object varChild)
   at Microsoft.VisualStudio.TestTools.UITest.Extension.Msaa.AccWrapper.get_State()
	BaseExceptionMessage: Error HRESULT E_FAIL has been returned from a call to a COM component.

W, 3524, 14, 2012/11/12, 15:54:43.591, 6705002324444, QTAgent32.exe, PERF WARNING: MSAA.UpdateQueryIDForNamelessControls: took 201 ms. Expected it to take maximum 200 ms.
W, 3524, 14, 2012/11/12, 15:54:43.591, 6705002333867, QTAgent32.exe, Msaa.Navigate: Exception [Error HRESULT E_FAIL has been returned from a call to a COM component.] while calling accNavigate.
E, 3524, 14, 2012/11/12, 15:54:43.591, 6705002335395, QTAgent32.exe, GetClassName for handle 2491500 failed
E, 3524, 14, 2012/11/12, 15:54:43.591, 6705002350418, QTAgent32.exe, GetClassName for handle 2491500 failed
E, 3524, 14, 2012/11/12, 15:54:43.591, 6705002353666, QTAgent32.exe, Window 2491500 not responding. Last Win32 error 1400
E, 3524, 14, 2012/11/12, 15:54:43.591, 6705002354803, QTAgent32.exe, GetClassName for handle 5571676 failed
E, 3524, 14, 2012/11/12, 15:54:43.591, 6705002355662, QTAgent32.exe, GetClassName for handle 2491500 failed
E, 3524, 14, 2012/11/12, 15:54:43.591, 6705002356391, QTAgent32.exe, GetClassName for handle 2491500 failed
E, 3524, 14, 2012/11/12, 15:54:43.700, 6705003740689, QTAgent32.exe, AL: Playback Error: Microsoft.VisualStudio.TestTools.UITest.Extension.UITestControlNotAvailableException: The control is not available or not valid. Additional Details: 
TechnologyName:  'MSAA'
ControlType:  'Button'
 ---&gt; Microsoft.VisualStudio.TestTools.UITest.Extension.UITestControlNotAvailableException: The control is not available or not valid. Additional Details: 
TechnologyName:  'MSAA'
ControlType:  'Window'
 ---&gt; System.Runtime.InteropServices.COMException: Error HRESULT E_FAIL has been returned from a call to a COM component.
   at Microsoft.VisualStudio.TestTools.UITest.Playback.Engine.IRPFPlayback.FindAllScreenElements(IScreenElement pScreenElementStart, String bstrQueryId, Object&amp; pvarResKeys, Int32 cResKeys, Int32 nMaxDepth, Object[]&amp; foundDescendants)
   at Microsoft.VisualStudio.TestTools.UITest.Playback.ScreenElement.FindTopLevelWindowHelper(String queryId)
   at Microsoft.VisualStudio.TestTools.UITest.Playback.ScreenElement.FindFromPartialQueryId(String queryId)
   at Microsoft.VisualStudio.TestTools.UITesting.UITestControl.EnsureValid(Boolean waitForReady, Boolean refetch)
   --- End of inner exception stack trace ---
   at Microsoft.VisualStudio.TestTools.UITesting.UITestControl.EnsureValid(Boolean waitForReady, Boolean refetch)
   at Microsoft.VisualStudio.TestTools.UITesting.UITestControl.FindFirstDescendant(String queryId, Int32 maxDepth, Int32&amp; timeLeft)
   at Microsoft.VisualStudio.TestTools.UITesting.UITestControl.FindFirstDescendant(String queryId)
   at Microsoft.VisualStudio.TestTools.UITesting.UITestControl.EnsureValid(Boolean waitForReady, Boolean refetch)
   --- End of inner exception stack trace ---
   at Microsoft.VisualStudio.TestTools.UITesting.UITestControl.EnsureValid(Boolean waitForReady, Boolean refetch)
   at Microsoft.VisualStudio.TestTools.UITesting.UITestControl.Click(MouseButtons button, ModifierKeys modifierKeys, Point relativeCoordinates)
   at Microsoft.VisualStudio.TestTools.UITesting.Mouse.ClickImplementation(UITestControl control, MouseButtons button, ModifierKeys modifierKeys, Point relativeCoordinate)
   at Microsoft.VisualStudio.TestTools.UITesting.Mouse.ClickImplementationWrapper(UITestControl control, MouseButtons button, ModifierKeys modifierKeys, Point relativeCoordinate)
W, 3524, 14, 2012/11/12, 15:54:43.700, 6705003742643, QTAgent32.exe, PlaybackErrorHandler: Ignoring exception as ContinueOnError is set.
W, 3524, 14, 2012/11/12, 15:54:44.043, 6705008743628, QTAgent32.exe, &lt;a class=success&gt;Playback - {94} [SUCCESS] MouseButtonClick - "[MSAA, VisibleOnly]ControlType='Button' &amp;&amp; Name='Cancel'"
\0&lt;/a&gt;
W, 3524, 14, 2012/11/12, 15:54:44.574, 6705016318860, QTAgent32.exe, &lt;a class=success&gt;Playback - {95} [SUCCESS] MouseButtonClick - "[MSAA, VisibleOnly]ControlType='Button'"
\0&lt;/a&gt;
W, 3524, 14, 2012/11/12, 15:54:45.214, 6705025404891, QTAgent32.exe, &lt;a class=success&gt;Playback - {96} [SUCCESS] MouseButtonClick - "[MSAA, VisibleOnly]ControlType='Button' &amp;&amp; Name='Detail'"
\0&lt;/a&gt;
W, 3524, 14, 2012/11/12, 15:54:45.666, 6705031883051, QTAgent32.exe, &lt;a class=success&gt;Playback - {97} [SUCCESS] MouseButtonClick - "[MSAA, VisibleOnly]ControlType='Edit'"
\0&lt;/a&gt;
W, 3524, 14, 2012/11/12, 15:54:46.134, 6705038750538, QTAgent32.exe, &lt;a class=success&gt;Playback - {98} [SUCCESS] MouseButtonClick - "[MSAA, VisibleOnly]ControlType='Button' &amp;&amp; Name='Cancel'"
\0&lt;/a&gt;
W, 3524, 14, 2012/11/12, 15:54:46.587, 6705045110803, QTAgent32.exe, &lt;a class=success&gt;Playback - {99} [SUCCESS] MouseButtonClick - "[MSAA, VisibleOnly]ControlType='Button' &amp;&amp; Name='Cancel'"
\0&lt;/a&gt;
W, 3524, 14, 2012/11/12, 15:54:47.023, 6705051317453, QTAgent32.exe, &lt;a class=success&gt;Playback - {100} [SUCCESS] MouseButtonClick - "[MSAA, VisibleOnly]ControlType='Button' &amp;&amp; Name='Cancel'"
\0&lt;/a&gt;
W, 3524, 14, 2012/11/12, 15:54:47.460, 6705057667623, QTAgent32.exe, &lt;a class=success&gt;Playback - {101} [SUCCESS] MouseButtonClick - "[MSAA, VisibleOnly]ControlType='Button' &amp;&amp; Name='Close'"
\0&lt;/a&gt;
W, 3524, 14, 2012/11/12, 15:54:51.938, 6705121870280, QTAgent32.exe, IEDOM : StopSession of the plugin called before StartSession
W, 3524, 14, 2012/11/12, 15:54:51.938, 6705121871538, QTAgent32.exe, UIA : StopSession of the plugin called before StartSession
W, 3524, 14, 2012/11/12, 15:54:51.938, 6705121877162, QTAgent32.exe, SLPlugin : StopSession of the plugin called before StartSession
</DebugTrace>
      </Output>
    </UnitTestResult>
    <UnitTestResult executionId="838962c1-9a0f-41a6-a50b-088f8e0ae968" testId="98368514-c48e-be24-398b-d9342dd6b274" testName="HouseTest10" computerName="ICLVDEVAP01" duration="00:03:37.4805815" startTime="2012-11-12T15:54:51.9699496+00:00" endTime="2012-11-12T15:58:29.4850204+00:00" testType="13cdc9d9-ddb5-4fa4-a97d-d965ccfc6d4b" outcome="Passed" testListId="8c84fa94-04c1-424b-9868-57a2d4851a1d" relativeResultsDirectory="838962c1-9a0f-41a6-a50b-088f8e0ae968">
      <Output>
        <DebugTrace>W, 3524, 22, 2012/11/12, 15:54:51.985, 6705122402431, QTAgent32.exe, ExtensionFramework : A Technology Manager with name Web is already registered.
W, 3524, 22, 2012/11/12, 15:54:52.828, 6705134402062, QTAgent32.exe, &lt;a class=success&gt;Playback - {1} [SUCCESS] MouseButtonClick - "[MSAA, VisibleOnly]ControlType='Edit'"
\0&lt;/a&gt;
W, 3524, 22, 2012/11/12, 15:54:53.093, 6705138198361, QTAgent32.exe, &lt;a class=success&gt;Playback - {2} [SUCCESS] SendKeys "[*]" - "[MSAA, VisibleOnly]ControlType='Edit'"
\0&lt;/a&gt;
W, 3524, 22, 2012/11/12, 15:54:53.998, 6705151187578, QTAgent32.exe, &lt;a class=success&gt;Playback - {3} [SUCCESS] MouseButtonClick - "[MSAA, VisibleOnly]ControlType='Button' &amp;&amp; Name='OK'"
\0&lt;/a&gt;
W, 3524, 22, 2012/11/12, 15:54:54.669, 6705160874051, QTAgent32.exe, &lt;a class=success&gt;Playback - {4} [SUCCESS] MouseButtonClick - "[MSAA, VisibleOnly]ControlType='Button' &amp;&amp; Name='OK'"
\0&lt;/a&gt;
W, 3524, 22, 2012/11/12, 15:54:54.825, 6705162993236, QTAgent32.exe, &lt;a class=success&gt;Playback - {5} [SUCCESS] TypeString "#(R)"
\0&lt;/a&gt;
E, 3524, 22, 2012/11/12, 15:54:55.386, 6705171136554, QTAgent32.exe, Exception: System.ArgumentException
	Message: Value does not fall within the expected range.
	Stack Trace:    at Accessibility.IAccessible.get_accRole(Object varChild)
   at Microsoft.VisualStudio.TestTools.UITest.Extension.Msaa.AccWrapper.get_RoleInt()
	BaseExceptionMessage: Value does not fall within the expected range.

E, 3524, 22, 2012/11/12, 15:54:55.402, 6705171302156, QTAgent32.exe, Exception: System.ArgumentException
	Message: Value does not fall within the expected range.
	Stack Trace:    at Accessibility.IAccessible.get_accRole(Object varChild)
   at Microsoft.VisualStudio.TestTools.UITest.Extension.Msaa.AccWrapper.get_RoleInt()
	BaseExceptionMessage: Value does not fall within the expected range.

W, 3524, 22, 2012/11/12, 15:54:56.089, 6705181086611, QTAgent32.exe, &lt;a class=success&gt;Playback - {6} [SUCCESS] LeftButtonClick  &lt; Mouse cursor location (87, 908) &gt;
\0&lt;/a&gt;
W, 3524, 22, 2012/11/12, 15:54:57.181, 6705196724530, QTAgent32.exe, &lt;a class=success&gt;Playback - {7} [SUCCESS] SetValueAsEditBox "c:\TestProject7\office.reg"  &lt; Set via SendKeys &gt;
\0&lt;/a&gt;
W, 3524, 22, 2012/11/12, 15:54:57.181, 6705196726925, QTAgent32.exe, &lt;a class=success&gt;Playback - {8} [SUCCESS] SetValueAsComboBox "c:\TestProject7\office.reg" - "[MSAA, VisibleOnly]ControlType='ComboBox' &amp;&amp; Name='Open:'"  &lt; Set via SetValueAsEditBox &gt;
\0&lt;/a&gt;
W, 3524, 22, 2012/11/12, 15:54:57.618, 6705203128483, QTAgent32.exe, &lt;a class=success&gt;Playback - {9} [SUCCESS] MouseButtonClick - "[MSAA, VisibleOnly]ControlType='Button' &amp;&amp; Name='OK'"
\0&lt;/a&gt;
W, 3524, 22, 2012/11/12, 15:54:58.273, 6705212426737, QTAgent32.exe, &lt;a class=success&gt;Playback - {10} [SUCCESS] MouseButtonClick - "[MSAA, VisibleOnly]ControlType='Button' &amp;&amp; Name='Yes'"
\0&lt;/a&gt;
W, 3524, 22, 2012/11/12, 15:54:58.803, 6705220015052, QTAgent32.exe, &lt;a class=success&gt;Playback - {11} [SUCCESS] MouseButtonClick - "[MSAA, VisibleOnly]ControlType='Button' &amp;&amp; Name='OK'"
\0&lt;/a&gt;
W, 3524, 22, 2012/11/12, 15:54:59.271, 6705226733109, QTAgent32.exe, &lt;a class=success&gt;Playback - {12} [SUCCESS] MouseButtonClick - "[MSAA, VisibleOnly]ControlType='Button' &amp;&amp; Name='Clients &amp; Files'"
\0&lt;/a&gt;
W, 3524, 22, 2012/11/12, 15:55:00.223, 6705240286165, QTAgent32.exe, Playback - [WARNING] Internal warning: Window Not Found: [VisibleOnly]ControlType='Window' &amp;&amp; Name='Customer: txt1 tdsfs' &amp;&amp; ClassName='ThunderRT6MDIForm'
\0
E, 3524, 22, 2012/11/12, 15:55:00.223, 6705240288843, QTAgent32.exe, &lt;a class=failure&gt;Playback - {13} [FAILED] Function ElementFetcher::FindScreenElement failed to locate UI element (Searching: ;[VisibleOnly]ControlType='Window' &amp;&amp; Name='Customer: txt1 tdsfs' &amp;&amp; ClassName='ThunderRT6MDIForm') (The object specified was not found.)
\0&lt;/a&gt;
E, 3524, 22, 2012/11/12, 15:55:00.332, 6705241929849, QTAgent32.exe, Playback - [IMAGE] C:\Users\peter.zenin-ad\AppData\Local\Temp\UITestLogs\LastRun\RPF5920.png
\0
W, 3524, 22, 2012/11/12, 15:55:00.332, 6705241931938, QTAgent32.exe, Playback - [WARNING] Internal warning: Couldn't find descendants that match QueryId
\0
W, 3524, 22, 2012/11/12, 15:55:00.332, 6705241934905, QTAgent32.exe, PERF WARNING: FindTopLevelWindowHelper::FindAllDescendents: took 895 ms. Expected it to take maximum 500 ms.
W, 3524, 22, 2012/11/12, 15:55:18.447, 6705501185440, QTAgent32.exe, Playback - [WARNING] Internal warning: Window Not Found: [VisibleOnly]ControlType='Window' &amp;&amp; Name='Customer: txt1 tdsfs' &amp;&amp; ClassName='ThunderRT6MDIForm'
\0
E, 3524, 22, 2012/11/12, 15:55:18.447, 6705501188117, QTAgent32.exe, &lt;a class=failure&gt;Playback - {14} [FAILED] Function ElementFetcher::FindScreenElement failed to locate UI element (Searching: ;[VisibleOnly]ControlType='Window' &amp;&amp; Name='Customer: txt1 tdsfs' &amp;&amp; ClassName='ThunderRT6MDIForm') (The object specified was not found.)
\0&lt;/a&gt;
E, 3524, 22, 2012/11/12, 15:55:18.572, 6705503019335, QTAgent32.exe, Playback - [IMAGE] C:\Users\peter.zenin-ad\AppData\Local\Temp\UITestLogs\LastRun\RPFA04E.png
\0
W, 3524, 22, 2012/11/12, 15:55:18.572, 6705503021421, QTAgent32.exe, Playback - [WARNING] Internal warning: Couldn't find descendants that match QueryId
\0
W, 3524, 22, 2012/11/12, 15:55:18.572, 6705503024415, QTAgent32.exe, PERF WARNING: FindTopLevelWindowHelper::FindAllDescendents: took 18234 ms. Expected it to take maximum 500 ms.
W, 3524, 22, 2012/11/12, 15:55:19.165, 6705511513356, QTAgent32.exe, Playback - [WARNING] Internal warning: Window with Class "ThunderRT6MDIForm" and Title "Customer: txt1 tdsfs" was not found, so similar window with Class "ThunderRT6MDIForm" and Title "Customer: autotest" was accepted
\0
W, 3524, 22, 2012/11/12, 15:55:19.165, 6705511517254, QTAgent32.exe, PERF WARNING: FindTopLevelWindowHelper::FindAllDescendents: took 592 ms. Expected it to take maximum 500 ms.
W, 3524, 22, 2012/11/12, 15:55:19.633, 6705518288805, QTAgent32.exe, Playback - [WARNING] Internal warning: Incorrect flag set for InvokeProgrammaticAction\0
W, 3524, 22, 2012/11/12, 15:55:19.960, 6705522852868, QTAgent32.exe, &lt;a class=success&gt;Playback - {15} [SUCCESS] SetValueAsComboBox "Customers" - "[MSAA, VisibleOnly]ControlType='ComboBox'"  &lt; SetValueAsComboBox, set by clicking on the item in the list box &gt;
\0&lt;/a&gt;
W, 3524, 22, 2012/11/12, 15:55:20.631, 6705532616429, QTAgent32.exe, &lt;a class=success&gt;Playback - {16} [SUCCESS] MouseButtonClick - "[MSAA, VisibleOnly]ControlType='Button' &amp;&amp; Name='Add'"
\0&lt;/a&gt;
W, 3524, 22, 2012/11/12, 15:55:21.037, 6705538243833, QTAgent32.exe, &lt;a class=success&gt;Playback - {17} [SUCCESS] SendKeys "autotest" - "[MSAA, VisibleOnly]ControlType='RadioButton' &amp;&amp; Name='Personal Lines'"
\0&lt;/a&gt;
W, 3524, 22, 2012/11/12, 15:55:21.521, 6705545173012, QTAgent32.exe, &lt;a class=success&gt;Playback - {18} [SUCCESS] SetValueAsEditBox "autotest" - "[MSAA, VisibleOnly]ControlType='Edit'"  &lt; Set via SendKeys &gt;
\0&lt;/a&gt;
W, 3524, 22, 2012/11/12, 15:55:22.067, 6705553198349, QTAgent32.exe, &lt;a class=success&gt;Playback - {19} [SUCCESS] MouseButtonClick - "[MSAA, VisibleOnly]ControlType='Button' &amp;&amp; Name='OK'"
\0&lt;/a&gt;
W, 3524, 22, 2012/11/12, 15:55:22.644, 6705561347334, QTAgent32.exe, &lt;a class=success&gt;Playback - {20} [SUCCESS] MouseButtonClick - "[MSAA, VisibleOnly]ControlType='Button' &amp;&amp; Name='Yes'"
\0&lt;/a&gt;
W, 3524, 22, 2012/11/12, 15:55:22.862, 6705564376273, QTAgent32.exe, &lt;a class=success&gt;Playback - {21} [SUCCESS] SendKeys "^{HOME}" - "[MSAA, VisibleOnly]ControlType='Edit'"
\0&lt;/a&gt;
E, 3524, 22, 2012/11/12, 15:55:22.862, 6705564378759, QTAgent32.exe, Msaa.GetFocusedElement: could not find accessible object of foreground window
W, 3524, 22, 2012/11/12, 15:55:22.956, 6705565717660, QTAgent32.exe, &lt;a class=success&gt;Playback - {22} [SUCCESS] SendKeys "^+{END}" - "[MSAA, VisibleOnly]ControlType='Edit'"
\0&lt;/a&gt;
E, 3524, 22, 2012/11/12, 15:55:22.956, 6705565719866, QTAgent32.exe, Msaa.GetFocusedElement: could not find accessible object of foreground window
W, 3524, 22, 2012/11/12, 15:55:22.972, 6705565940782, QTAgent32.exe, &lt;a class=success&gt;Playback - {23} [SUCCESS] SendKeys "{DELETE}" - "[MSAA, VisibleOnly]ControlType='Edit'"
\0&lt;/a&gt;
W, 3524, 22, 2012/11/12, 15:55:23.050, 6705567064898, QTAgent32.exe, &lt;a class=success&gt;Playback - {24} [SUCCESS] SetValueAsEditBox "1" - "[MSAA, VisibleOnly]ControlType='Edit'"  &lt; Set via SendKeys &gt;
\0&lt;/a&gt;
W, 3524, 22, 2012/11/12, 15:55:23.284, 6705570409119, QTAgent32.exe, &lt;a class=success&gt;Playback - {25} [SUCCESS] SendKeys "^{HOME}" - "[MSAA, VisibleOnly]ControlType='Edit'"
\0&lt;/a&gt;
E, 3524, 22, 2012/11/12, 15:55:23.284, 6705570411654, QTAgent32.exe, Msaa.GetFocusedElement: could not find accessible object of foreground window
W, 3524, 22, 2012/11/12, 15:55:23.362, 6705571523731, QTAgent32.exe, &lt;a class=success&gt;Playback - {26} [SUCCESS] SendKeys "^+{END}" - "[MSAA, VisibleOnly]ControlType='Edit'"
\0&lt;/a&gt;
E, 3524, 22, 2012/11/12, 15:55:23.362, 6705571525942, QTAgent32.exe, Msaa.GetFocusedElement: could not find accessible object of foreground window
W, 3524, 22, 2012/11/12, 15:55:23.377, 6705571750611, QTAgent32.exe, &lt;a class=success&gt;Playback - {27} [SUCCESS] SendKeys "{DELETE}" - "[MSAA, VisibleOnly]ControlType='Edit'"
\0&lt;/a&gt;
W, 3524, 22, 2012/11/12, 15:55:23.455, 6705572867617, QTAgent32.exe, &lt;a class=success&gt;Playback - {28} [SUCCESS] SetValueAsEditBox "1" - "[MSAA, VisibleOnly]ControlType='Edit'"  &lt; Set via SendKeys &gt;
\0&lt;/a&gt;
W, 3524, 22, 2012/11/12, 15:55:24.001, 6705580800132, QTAgent32.exe, &lt;a class=success&gt;Playback - {29} [SUCCESS] MouseButtonClick - "[MSAA, VisibleOnly]ControlType='Button' &amp;&amp; Name='OK'"
\0&lt;/a&gt;
W, 3524, 22, 2012/11/12, 15:55:24.516, 6705588245466, QTAgent32.exe, &lt;a class=success&gt;Playback - {30} [SUCCESS] MouseButtonClick - "[MSAA, VisibleOnly]ControlType='Button'"
\0&lt;/a&gt;
W, 3524, 22, 2012/11/12, 15:55:25.031, 6705595523337, QTAgent32.exe, &lt;a class=success&gt;Playback - {31} [SUCCESS] MouseButtonClick - "[MSAA, VisibleOnly]ControlType='Button' &amp;&amp; Name='Add'"
\0&lt;/a&gt;
W, 3524, 22, 2012/11/12, 15:55:25.530, 6705602764547, QTAgent32.exe, &lt;a class=success&gt;Playback - {32} [SUCCESS] MouseButtonClick - "[MSAA, VisibleOnly]ControlType='Button' &amp;&amp; Name='OK'"
\0&lt;/a&gt;
W, 3524, 22, 2012/11/12, 15:55:28.011, 6705638085793, QTAgent32.exe, &lt;a class=success&gt;Playback - {33} [SUCCESS] MouseButtonClick - "[MSAA, VisibleOnly,Window]ControlType='Window' &amp;&amp; ClassName='ThunderRT6TextBox'"
\0&lt;/a&gt;
W, 3524, 22, 2012/11/12, 15:55:28.370, 6705643230894, QTAgent32.exe, &lt;a class=success&gt;Playback - {34} [SUCCESS] SetValueAsEditBox "HOME" - "[MSAA, VisibleOnly]ControlType='Edit'"  &lt; Set via SendKeys &gt;
\0&lt;/a&gt;
W, 3524, 22, 2012/11/12, 15:55:28.901, 6705650863498, QTAgent32.exe, &lt;a class=success&gt;Playback - {35} [SUCCESS] MouseButtonClick - "[MSAA, VisibleOnly]ControlType='Button' &amp;&amp; Name='OK'"
\0&lt;/a&gt;
W, 3524, 22, 2012/11/12, 15:55:29.337, 6705657141154, QTAgent32.exe, &lt;a class=success&gt;Playback - {36} [SUCCESS] MouseButtonClick - "[MSAA, VisibleOnly]ControlType='Button' &amp;&amp; Name='Options'"
\0&lt;/a&gt;
W, 3524, 22, 2012/11/12, 15:55:29.447, 6705658642133, QTAgent32.exe, FindScreenElementInSinglePass : Attempting to find control in one pass of search. Failures can occur.
W, 3524, 22, 2012/11/12, 15:55:29.618, 6705661094229, QTAgent32.exe, &lt;a class=success&gt;Playback - {37} [SUCCESS] MouseButtonClick - "[MSAA]ControlType='MenuItem' &amp;&amp; Name='Links'"
\0&lt;/a&gt;
W, 3524, 22, 2012/11/12, 15:55:29.727, 6705662661719, QTAgent32.exe, FindScreenElementInSinglePass : Attempting to find control in one pass of search. Failures can occur.
W, 3524, 22, 2012/11/12, 15:55:29.915, 6705665337906, QTAgent32.exe, &lt;a class=success&gt;Playback - {38} [SUCCESS] MouseButtonClick - "[MSAA]ControlType='MenuItem' &amp;&amp; Name='3rd Party Integration'"
\0&lt;/a&gt;
W, 3524, 22, 2012/11/12, 15:55:30.024, 6705666908017, QTAgent32.exe, FindScreenElementInSinglePass : Attempting to find control in one pass of search. Failures can occur.
W, 3524, 22, 2012/11/12, 15:55:30.211, 6705669610182, QTAgent32.exe, &lt;a class=success&gt;Playback - {39} [SUCCESS] MouseButtonClick - "[MSAA]ControlType='MenuItem' &amp;&amp; Name='Quote Select List'"
\0&lt;/a&gt;
W, 3524, 22, 2012/11/12, 15:55:32.052, 6705695956245, QTAgent32.exe, PERF WARNING: FindTopLevelWindowHelper::FindAllDescendents: took 1732 ms. Expected it to take maximum 500 ms.
W, 3524, 22, 2012/11/12, 15:55:32.723, 6705705752226, QTAgent32.exe, &lt;a class=success&gt;Playback - {40} [SUCCESS] MouseButtonClick - "[MSAA, VisibleOnly]ControlType='Button' &amp;&amp; Name='Ok'"
\0&lt;/a&gt;
W, 3524, 22, 2012/11/12, 15:55:37.310, 6705771227541, QTAgent32.exe, PERF WARNING: FindTopLevelWindowHelper::FindAllDescendents: took 4457 ms. Expected it to take maximum 500 ms.
W, 3524, 22, 2012/11/12, 15:55:37.622, 6705775685372, QTAgent32.exe, &lt;a class=success&gt;Playback - {41} [SUCCESS] SetValueAsEditBox "test1" - "[MSAA, VisibleOnly]ControlType='Edit'"  &lt; Set via SendKeys &gt;
\0&lt;/a&gt;
W, 3524, 22, 2012/11/12, 15:55:37.981, 6705780821366, QTAgent32.exe, &lt;a class=success&gt;Playback - {42} [SUCCESS] SetValueAsEditBox "test" - "[MSAA, VisibleOnly]ControlType='Edit'"  &lt; Set via SendKeys &gt;
\0&lt;/a&gt;
W, 3524, 22, 2012/11/12, 15:55:38.200, 6705783944016, QTAgent32.exe, &lt;a class=success&gt;Playback - {43} [SUCCESS] SendKeys "^{HOME}" - "[MSAA, VisibleOnly]ControlType='Edit'"
\0&lt;/a&gt;
E, 3524, 22, 2012/11/12, 15:55:38.200, 6705783946790, QTAgent32.exe, Msaa.GetFocusedElement: could not find accessible object of foreground window
W, 3524, 22, 2012/11/12, 15:55:38.278, 6705785061054, QTAgent32.exe, &lt;a class=success&gt;Playback - {44} [SUCCESS] SendKeys "^+{END}" - "[MSAA, VisibleOnly]ControlType='Edit'"
\0&lt;/a&gt;
E, 3524, 22, 2012/11/12, 15:55:38.278, 6705785063721, QTAgent32.exe, Msaa.GetFocusedElement: could not find accessible object of foreground window
W, 3524, 22, 2012/11/12, 15:55:38.293, 6705785284553, QTAgent32.exe, &lt;a class=success&gt;Playback - {45} [SUCCESS] SendKeys "{DELETE}" - "[MSAA, VisibleOnly]ControlType='Edit'"
\0&lt;/a&gt;
W, 3524, 22, 2012/11/12, 15:55:38.465, 6705787744302, QTAgent32.exe, &lt;a class=success&gt;Playback - {46} [SUCCESS] SetValueAsEditBox "test" - "[MSAA, VisibleOnly]ControlType='Edit'"  &lt; Set via SendKeys &gt;
\0&lt;/a&gt;
W, 3524, 22, 2012/11/12, 15:55:39.042, 6705796023218, QTAgent32.exe, Playback - [WARNING] Internal warning: Incorrect flag set for InvokeProgrammaticAction\0
W, 3524, 22, 2012/11/12, 15:55:39.370, 6705800711008, QTAgent32.exe, &lt;a class=success&gt;Playback - {47} [SUCCESS] SetValueAsComboBox "Account Director" - "[MSAA, VisibleOnly]ControlType='ComboBox'"  &lt; SetValueAsComboBox, set by clicking on the item in the list box &gt;
\0&lt;/a&gt;
W, 3524, 22, 2012/11/12, 15:55:39.932, 6705808919746, QTAgent32.exe, Playback - [WARNING] Internal warning: Incorrect flag set for InvokeProgrammaticAction\0
W, 3524, 22, 2012/11/12, 15:55:40.259, 6705813442303, QTAgent32.exe, &lt;a class=success&gt;Playback - {48} [SUCCESS] SetValueAsComboBox "Advertising" - "[MSAA, VisibleOnly]ControlType='ComboBox'"  &lt; SetValueAsComboBox, set by clicking on the item in the list box &gt;
\0&lt;/a&gt;
W, 3524, 22, 2012/11/12, 15:55:40.665, 6705819239272, QTAgent32.exe, &lt;a class=success&gt;Playback - {49} [SUCCESS] SetValueAsEditBox "160589" - "[MSAA, VisibleOnly]ControlType='Edit'"  &lt; Set via SendKeys &gt;
\0&lt;/a&gt;
W, 3524, 22, 2012/11/12, 15:55:41.117, 6705825715479, QTAgent32.exe, &lt;a class=success&gt;Playback - {50} [SUCCESS] MouseButtonClick - "[MSAA, VisibleOnly]ControlType='Edit'"
\0&lt;/a&gt;
W, 3524, 22, 2012/11/12, 15:55:41.539, 6705831749999, QTAgent32.exe, &lt;a class=success&gt;Playback - {51} [SUCCESS] SetValueAsEditBox "B338TH" - "[MSAA, VisibleOnly]ControlType='Edit'"  &lt; Set via SendKeys &gt;
\0&lt;/a&gt;
W, 3524, 22, 2012/11/12, 15:55:43.957, 6705866365313, QTAgent32.exe, &lt;a class=success&gt;Playback - {52} [SUCCESS] MouseButtonClick - "[MSAA, VisibleOnly]ControlType='Button' &amp;&amp; Name='Lookup...'"
\0&lt;/a&gt;
W, 3524, 22, 2012/11/12, 15:55:44.409, 6705873007083, QTAgent32.exe, &lt;a class=success&gt;Playback - {53} [SUCCESS] MouseButtonClick - "[MSAA, VisibleOnly]ControlType='Button' &amp;&amp; Name='Ok'"
\0&lt;/a&gt;
W, 3524, 22, 2012/11/12, 15:55:44.924, 6705880318006, QTAgent32.exe, &lt;a class=success&gt;Playback - {54} [SUCCESS] MouseButtonClick - "[MSAA, VisibleOnly]ControlType='Button' &amp;&amp; Name='Next &gt;'"
\0&lt;/a&gt;
W, 3524, 22, 2012/11/12, 15:55:45.330, 6705886026104, QTAgent32.exe, &lt;a class=success&gt;Playback - {55} [SUCCESS] SetValueAsEditBox "1989" - "[MSAA, VisibleOnly]ControlType='Edit'"  &lt; Set via SendKeys &gt;
\0&lt;/a&gt;
W, 3524, 22, 2012/11/12, 15:55:45.798, 6705892836183, QTAgent32.exe, &lt;a class=success&gt;Playback - {56} [SUCCESS] MouseButtonClick - "[MSAA, VisibleOnly]ControlType='Button' &amp;&amp; Name='Next &gt;'"
\0&lt;/a&gt;
W, 3524, 22, 2012/11/12, 15:55:46.016, 6705896018868, QTAgent32.exe, &lt;a class=success&gt;Playback - {57} [SUCCESS] MouseButtonClick - "[MSAA, VisibleOnly]ControlType='Button' &amp;&amp; Name='Next &gt;'"
\0&lt;/a&gt;
W, 3524, 22, 2012/11/12, 15:55:46.250, 6705899237189, QTAgent32.exe, &lt;a class=success&gt;Playback - {58} [SUCCESS] MouseButtonClick - "[MSAA, VisibleOnly]ControlType='Button' &amp;&amp; Name='Next &gt;'"
\0&lt;/a&gt;
W, 3524, 22, 2012/11/12, 15:55:46.656, 6705905012156, QTAgent32.exe, &lt;a class=success&gt;Playback - {59} [SUCCESS] SetValueAsEditBox "2345" - "[MSAA, VisibleOnly]ControlType='Edit'"  &lt; Set via SendKeys &gt;
\0&lt;/a&gt;
W, 3524, 22, 2012/11/12, 15:55:47.155, 6705912159031, QTAgent32.exe, &lt;a class=success&gt;Playback - {60} [SUCCESS] SetValueAsEditBox "2000" - "[MSAA, VisibleOnly]ControlType='Edit'"  &lt; Set via SendKeys &gt;
\0&lt;/a&gt;
W, 3524, 22, 2012/11/12, 15:55:47.577, 6705918192985, QTAgent32.exe, &lt;a class=success&gt;Playback - {61} [SUCCESS] SetValueAsEditBox "2000" - "[MSAA, VisibleOnly]ControlType='Edit'"  &lt; Set via SendKeys &gt;
\0&lt;/a&gt;
W, 3524, 22, 2012/11/12, 15:55:47.795, 6705921491330, QTAgent32.exe, &lt;a class=success&gt;Playback - {62} [SUCCESS] MouseButtonClick - "[MSAA, VisibleOnly]ControlType='Button' &amp;&amp; Name='Next &gt;'"
\0&lt;/a&gt;
W, 3524, 22, 2012/11/12, 15:55:48.201, 6705927125068, QTAgent32.exe, &lt;a class=success&gt;Playback - {63} [SUCCESS] SetValueAsEditBox "2345" - "[MSAA, VisibleOnly]ControlType='Edit'"  &lt; Set via SendKeys &gt;
\0&lt;/a&gt;
W, 3524, 22, 2012/11/12, 15:55:48.575, 6705932675579, QTAgent32.exe, &lt;a class=success&gt;Playback - {64} [SUCCESS] MouseButtonClick - "[MSAA, VisibleOnly]ControlType='Button' &amp;&amp; Name='Next &gt;'"
\0&lt;/a&gt;
W, 3524, 22, 2012/11/12, 15:55:48.965, 6705938136686, QTAgent32.exe, &lt;a class=success&gt;Playback - {65} [SUCCESS] MouseButtonClick - "[MSAA, VisibleOnly]ControlType='Button' &amp;&amp; Name='Next &gt;'"
\0&lt;/a&gt;
W, 3524, 22, 2012/11/12, 15:55:49.324, 6705943205983, QTAgent32.exe, &lt;a class=success&gt;Playback - {66} [SUCCESS] MouseButtonClick - "[MSAA, VisibleOnly]ControlType='Button' &amp;&amp; Name='Quote'"
\0&lt;/a&gt;
W, 3524, 22, 2012/11/12, 15:55:49.917, 6705951780360, QTAgent32.exe, &lt;a class=success&gt;Playback - {67} [SUCCESS] MouseButtonClick - "[MSAA, VisibleOnly]ControlType='Button' &amp;&amp; Name='No'"
\0&lt;/a&gt;
W, 3524, 22, 2012/11/12, 15:55:56.329, 6706043508770, QTAgent32.exe, PERF WARNING: FindTopLevelWindowHelper::FindAllDescendents: took 6303 ms. Expected it to take maximum 500 ms.
W, 3524, 22, 2012/11/12, 15:55:56.657, 6706048186460, QTAgent32.exe, &lt;a class=success&gt;Playback - {68} [SUCCESS] MouseButtonClick - "[MSAA, VisibleOnly]ControlType='Client'"
\0&lt;/a&gt;
W, 3524, 22, 2012/11/12, 15:55:58.217, 6706070615163, QTAgent32.exe, &lt;a class=success&gt;Playback - {69} [SUCCESS] SendKeys "{End}" - "[MSAA, VisibleOnly]ControlType='Client'"
\0&lt;/a&gt;
W, 3524, 22, 2012/11/12, 15:55:59.824, 6706093672011, QTAgent32.exe, &lt;a class=success&gt;Playback - {70} [SUCCESS] MouseButtonClick - "[MSAA, VisibleOnly]ControlType='Button' &amp;&amp; Name='Accept'"
\0&lt;/a&gt;
W, 3524, 22, 2012/11/12, 15:56:00.292, 6706100272431, QTAgent32.exe, &lt;a class=success&gt;Playback - {71} [SUCCESS] MouseButtonClick - "[MSAA, VisibleOnly]ControlType='Button' &amp;&amp; Name='Yes'"
\0&lt;/a&gt;
W, 3524, 22, 2012/11/12, 15:56:02.632, 6706133899051, QTAgent32.exe, &lt;a class=success&gt;Playback - {72} [SUCCESS] MouseButtonClick - "[MSAA, VisibleOnly]ControlType='Button' &amp;&amp; Name='Ok'"
\0&lt;/a&gt;
W, 3524, 22, 2012/11/12, 15:56:13.725, 6706292554249, QTAgent32.exe, Playback - [WARNING] Internal warning: Window Not Found: [VisibleOnly]ControlType='Window' &amp;&amp; Name='Save the file as' &amp;&amp; ClassName='#32770'
\0
E, 3524, 22, 2012/11/12, 15:56:13.725, 6706292557118, QTAgent32.exe, &lt;a class=failure&gt;Playback - {73} [FAILED] Function ElementFetcher::FindScreenElement failed to locate UI element (Searching: ;[VisibleOnly]ControlType='Window' &amp;&amp; Name='Save the file as' &amp;&amp; ClassName='#32770') (The object specified was not found.)
\0&lt;/a&gt;
E, 3524, 22, 2012/11/12, 15:56:13.835, 6706294200571, QTAgent32.exe, Playback - [IMAGE] C:\Users\peter.zenin-ad\AppData\Local\Temp\UITestLogs\LastRun\RPF7836.png
\0
W, 3524, 22, 2012/11/12, 15:56:13.835, 6706294202731, QTAgent32.exe, Playback - [WARNING] Internal warning: Couldn't find descendants that match QueryId
\0
W, 3524, 22, 2012/11/12, 15:56:13.835, 6706294205672, QTAgent32.exe, PERF WARNING: FindTopLevelWindowHelper::FindAllDescendents: took 11098 ms. Expected it to take maximum 500 ms.
W, 3524, 22, 2012/11/12, 15:56:32.198, 6706557013216, QTAgent32.exe, Playback - [WARNING] Internal warning: Window Not Found: [VisibleOnly]ControlType='Window' &amp;&amp; Name='Save the file as' &amp;&amp; ClassName='#32770'
\0
E, 3524, 22, 2012/11/12, 15:56:32.198, 6706557016119, QTAgent32.exe, &lt;a class=failure&gt;Playback - {74} [FAILED] Function ElementFetcher::FindScreenElement failed to locate UI element (Searching: ;[VisibleOnly]ControlType='Window' &amp;&amp; Name='Save the file as' &amp;&amp; ClassName='#32770') (The object specified was not found.)
\0&lt;/a&gt;
E, 3524, 22, 2012/11/12, 15:56:32.307, 6706558654795, QTAgent32.exe, Playback - [IMAGE] C:\Users\peter.zenin-ad\AppData\Local\Temp\UITestLogs\LastRun\RPFC05D.png
\0
W, 3524, 22, 2012/11/12, 15:56:32.307, 6706558657013, QTAgent32.exe, Playback - [WARNING] Internal warning: Couldn't find descendants that match QueryId
\0
W, 3524, 22, 2012/11/12, 15:56:32.307, 6706558659965, QTAgent32.exe, PERF WARNING: FindTopLevelWindowHelper::FindAllDescendents: took 18469 ms. Expected it to take maximum 500 ms.
W, 3524, 22, 2012/11/12, 15:56:35.552, 6706605040233, QTAgent32.exe, Playback - [WARNING] Internal warning: Smart Match failed
\0
W, 3524, 22, 2012/11/12, 15:56:37.097, 6706627150171, QTAgent32.exe, Playback - [WARNING] Internal warning: Window Not Found: [VisibleOnly]ControlType='Window' &amp;&amp; Name='Save the file as' &amp;&amp; ClassName='#32770'
\0
E, 3524, 22, 2012/11/12, 15:56:37.097, 6706627152935, QTAgent32.exe, &lt;a class=failure&gt;Playback - {75} [FAILED] Function ElementFetcher::FindScreenElement failed to locate UI element (Searching: ;[VisibleOnly]ControlType='Window' &amp;&amp; Name='Save the file as' &amp;&amp; ClassName='#32770') (The object specified was not found.)
\0&lt;/a&gt;
E, 3524, 22, 2012/11/12, 15:56:37.206, 6706628798194, QTAgent32.exe, Playback - [IMAGE] C:\Users\peter.zenin-ad\AppData\Local\Temp\UITestLogs\LastRun\RPFD381.png
\0
W, 3524, 22, 2012/11/12, 15:56:37.206, 6706628800366, QTAgent32.exe, Playback - [WARNING] Internal warning: Couldn't find descendants that match QueryId
\0
W, 3524, 22, 2012/11/12, 15:56:37.206, 6706628803322, QTAgent32.exe, PERF WARNING: FindTopLevelWindowHelper::FindAllDescendents: took 4898 ms. Expected it to take maximum 500 ms.
E, 3524, 22, 2012/11/12, 15:56:37.206, 6706628805133, QTAgent32.exe, Exception: System.Runtime.InteropServices.COMException
	Message: Error HRESULT E_FAIL has been returned from a call to a COM component.
	Stack Trace:    at Microsoft.VisualStudio.TestTools.UITest.Playback.Engine.IRPFPlayback.FindAllScreenElements(IScreenElement pScreenElementStart, String bstrQueryId, Object&amp; pvarResKeys, Int32 cResKeys, Int32 nMaxDepth, Object[]&amp; foundDescendants)
   at Microsoft.VisualStudio.TestTools.UITest.Playback.ScreenElement.FindTopLevelWindowHelper(String queryId)
	BaseExceptionMessage: Error HRESULT E_FAIL has been returned from a call to a COM component.

E, 3524, 22, 2012/11/12, 15:56:37.362, 6706630943667, QTAgent32.exe, AL: Playback Error: Microsoft.VisualStudio.TestTools.UITest.Extension.UITestControlNotFoundException: The playback failed to find the control with the given search properties. Additional Details: 
TechnologyName:  'MSAA'
ControlType:  'Window'
Name:  'Save the file as'
ClassName:  '#32770'
 ---&gt; System.Runtime.InteropServices.COMException: Error HRESULT E_FAIL has been returned from a call to a COM component.
   at Microsoft.VisualStudio.TestTools.UITest.Playback.Engine.IRPFPlayback.FindAllScreenElements(IScreenElement pScreenElementStart, String bstrQueryId, Object&amp; pvarResKeys, Int32 cResKeys, Int32 nMaxDepth, Object[]&amp; foundDescendants)
   at Microsoft.VisualStudio.TestTools.UITest.Playback.ScreenElement.FindTopLevelWindowHelper(String queryId)
   at Microsoft.VisualStudio.TestTools.UITest.Playback.ScreenElement.FindFromPartialQueryId(String queryId)
   at Microsoft.VisualStudio.TestTools.UITesting.UITestControl..ctor(String queryId)
   --- End of inner exception stack trace ---
   at Microsoft.VisualStudio.TestTools.UITesting.Playback.MapControlNotFoundException(COMException ex, IPlaybackContext context)
   at Microsoft.VisualStudio.TestTools.UITesting.Playback.MapAndThrowComException(COMException innerException, IPlaybackContext context)
   at Microsoft.VisualStudio.TestTools.UITesting.Playback.MapAndThrowException(SystemException exception, IPlaybackContext context)
   at Microsoft.VisualStudio.TestTools.UITesting.Playback.MapAndThrowException(SystemException exception, String queryId)
   at Microsoft.VisualStudio.TestTools.UITesting.UITestControl..ctor(String queryId)
   at Microsoft.VisualStudio.TestTools.UITesting.SearchHelper.SearchTopLevelWindow(ISearchArgument topLevelSearchArg, String topLevelElementQueryId)
   at Microsoft.VisualStudio.TestTools.UITesting.SearchHelper.GetTitleUpdatedTopLevelWindow(ISearchArgument topLevelSearchArg, String queryId, IList`1 windowTitles)
   at Microsoft.VisualStudio.TestTools.UITesting.SearchHelper.GetTopLevelElement(Boolean useCache, Boolean useCacheOnly, ISearchArgument searchArg, IList`1 windowTitles, Int32&amp; timeLeft)
   at Microsoft.VisualStudio.TestTools.UITesting.SearchHelper.GetElement(Boolean useCache, ISearchArgument searchArg)
   at Microsoft.VisualStudio.TestTools.UITesting.SearchHelper.Search(ISearchArgument searchArg)
   at Microsoft.VisualStudio.TestTools.UITesting.UITestControl.FindInternal()
   at Microsoft.VisualStudio.TestTools.UITesting.UITestControl.FindControlIfNecessary()
   at Microsoft.VisualStudio.TestTools.UITesting.UITestControl.Click(MouseButtons button, ModifierKeys modifierKeys, Point relativeCoordinates)
   at Microsoft.VisualStudio.TestTools.UITesting.Mouse.ClickImplementation(UITestControl control, MouseButtons button, ModifierKeys modifierKeys, Point relativeCoordinate)
   at Microsoft.VisualStudio.TestTools.UITesting.Mouse.ClickImplementationWrapper(UITestControl control, MouseButtons button, ModifierKeys modifierKeys, Point relativeCoordinate)
W, 3524, 22, 2012/11/12, 15:56:37.362, 6706630945861, QTAgent32.exe, PlaybackErrorHandler: Ignoring exception as ContinueOnError is set.
W, 3524, 22, 2012/11/12, 15:56:37.799, 6706637196441, QTAgent32.exe, &lt;a class=success&gt;Playback - {76} [SUCCESS] MouseButtonClick - "[MSAA, VisibleOnly]ControlType='Button' &amp;&amp; Name='Ok'"
\0&lt;/a&gt;
W, 3524, 22, 2012/11/12, 15:56:38.267, 6706643979989, QTAgent32.exe, &lt;a class=success&gt;Playback - {77} [SUCCESS] MouseButtonClick - "[MSAA, VisibleOnly]ControlType='Button' &amp;&amp; Name='Ok'"
\0&lt;/a&gt;
W, 3524, 22, 2012/11/12, 15:56:38.782, 6706651270009, QTAgent32.exe, &lt;a class=success&gt;Playback - {78} [SUCCESS] SetValueAsEditBox "B338TH" - "[MSAA, VisibleOnly]ControlType='Edit'"  &lt; Set via SendKeys &gt;
\0&lt;/a&gt;
W, 3524, 22, 2012/11/12, 15:56:41.310, 6706687460162, QTAgent32.exe, &lt;a class=success&gt;Playback - {79} [SUCCESS] MouseButtonClick - "[MSAA, VisibleOnly]ControlType='Button' &amp;&amp; Name='Lookup...'"
\0&lt;/a&gt;
W, 3524, 22, 2012/11/12, 15:56:41.700, 6706693098196, QTAgent32.exe, &lt;a class=success&gt;Playback - {80} [SUCCESS] MouseButtonClick - "[MSAA, VisibleOnly]ControlType='Button' &amp;&amp; Name='Ok'"
\0&lt;/a&gt;
W, 3524, 22, 2012/11/12, 15:56:42.183, 6706700151043, QTAgent32.exe, &lt;a class=success&gt;Playback - {81} [SUCCESS] MouseButtonClick - "[MSAA, VisibleOnly]ControlType='Button' &amp;&amp; Name='Confirm'"
\0&lt;/a&gt;
W, 3524, 22, 2012/11/12, 15:57:01.249, 6706972917737, QTAgent32.exe, Playback - [WARNING] Internal warning: Window Not Found: [VisibleOnly]ControlType='Window' &amp;&amp; Name='insur-E.tam' &amp;&amp; ClassName='#32770'
\0
E, 3524, 22, 2012/11/12, 15:57:01.249, 6706972921069, QTAgent32.exe, &lt;a class=failure&gt;Playback - {82} [FAILED] Function ElementFetcher::FindScreenElement failed to locate UI element (Searching: ;[VisibleOnly]ControlType='Window' &amp;&amp; Name='insur-E.tam' &amp;&amp; ClassName='#32770') (The object specified was not found.)
\0&lt;/a&gt;
E, 3524, 22, 2012/11/12, 15:57:01.358, 6706974533971, QTAgent32.exe, Playback - [IMAGE] C:\Users\peter.zenin-ad\AppData\Local\Temp\UITestLogs\LastRun\RPF31D7.png
\0
W, 3524, 22, 2012/11/12, 15:57:01.358, 6706974535973, QTAgent32.exe, Playback - [WARNING] Internal warning: Couldn't find descendants that match QueryId
\0
W, 3524, 22, 2012/11/12, 15:57:01.358, 6706974538890, QTAgent32.exe, PERF WARNING: FindTopLevelWindowHelper::FindAllDescendents: took 19067 ms. Expected it to take maximum 500 ms.
W, 3524, 22, 2012/11/12, 15:57:19.581, 6707235371082, QTAgent32.exe, Playback - [WARNING] Internal warning: Window Not Found: [VisibleOnly]ControlType='Window' &amp;&amp; Name='insur-E.tam' &amp;&amp; ClassName='#32770'
\0
E, 3524, 22, 2012/11/12, 15:57:19.581, 6707235374092, QTAgent32.exe, &lt;a class=failure&gt;Playback - {83} [FAILED] Function ElementFetcher::FindScreenElement failed to locate UI element (Searching: ;[VisibleOnly]ControlType='Window' &amp;&amp; Name='insur-E.tam' &amp;&amp; ClassName='#32770') (The object specified was not found.)
\0&lt;/a&gt;
E, 3524, 22, 2012/11/12, 15:57:19.690, 6707237023971, QTAgent32.exe, Playback - [IMAGE] C:\Users\peter.zenin-ad\AppData\Local\Temp\UITestLogs\LastRun\RPF7972.png
\0
W, 3524, 22, 2012/11/12, 15:57:19.690, 6707237026245, QTAgent32.exe, Playback - [WARNING] Internal warning: Couldn't find descendants that match QueryId
\0
W, 3524, 22, 2012/11/12, 15:57:19.690, 6707237029354, QTAgent32.exe, PERF WARNING: FindTopLevelWindowHelper::FindAllDescendents: took 18332 ms. Expected it to take maximum 500 ms.
W, 3524, 22, 2012/11/12, 15:57:23.076, 6707285405289, QTAgent32.exe, Playback - [WARNING] Internal warning: Smart Match failed
\0
W, 3524, 22, 2012/11/12, 15:57:24.636, 6707307745011, QTAgent32.exe, Playback - [WARNING] Internal warning: Window Not Found: [VisibleOnly]ControlType='Window' &amp;&amp; Name='insur-E.tam' &amp;&amp; ClassName='#32770'
\0
E, 3524, 22, 2012/11/12, 15:57:24.636, 6707307750109, QTAgent32.exe, &lt;a class=failure&gt;Playback - {84} [FAILED] Function ElementFetcher::FindScreenElement failed to locate UI element (Searching: ;[VisibleOnly]ControlType='Window' &amp;&amp; Name='insur-E.tam' &amp;&amp; ClassName='#32770') (The object specified was not found.)
\0&lt;/a&gt;
E, 3524, 22, 2012/11/12, 15:57:24.745, 6707309379782, QTAgent32.exe, Playback - [IMAGE] C:\Users\peter.zenin-ad\AppData\Local\Temp\UITestLogs\LastRun\RPF8D31.png
\0
W, 3524, 22, 2012/11/12, 15:57:24.745, 6707309381900, QTAgent32.exe, Playback - [WARNING] Internal warning: Couldn't find descendants that match QueryId
\0
W, 3524, 22, 2012/11/12, 15:57:24.745, 6707309384876, QTAgent32.exe, PERF WARNING: FindTopLevelWindowHelper::FindAllDescendents: took 5053 ms. Expected it to take maximum 500 ms.
E, 3524, 22, 2012/11/12, 15:57:24.745, 6707309386696, QTAgent32.exe, Exception: System.Runtime.InteropServices.COMException
	Message: Error HRESULT E_FAIL has been returned from a call to a COM component.
	Stack Trace:    at Microsoft.VisualStudio.TestTools.UITest.Playback.Engine.IRPFPlayback.FindAllScreenElements(IScreenElement pScreenElementStart, String bstrQueryId, Object&amp; pvarResKeys, Int32 cResKeys, Int32 nMaxDepth, Object[]&amp; foundDescendants)
   at Microsoft.VisualStudio.TestTools.UITest.Playback.ScreenElement.FindTopLevelWindowHelper(String queryId)
	BaseExceptionMessage: Error HRESULT E_FAIL has been returned from a call to a COM component.

E, 3524, 22, 2012/11/12, 15:57:24.745, 6707309391540, QTAgent32.exe, Window 6161054 not responding. Last Win32 error 0
E, 3524, 22, 2012/11/12, 15:57:24.745, 6707309394126, QTAgent32.exe, GetClassName for handle 6161054 failed
E, 3524, 22, 2012/11/12, 15:57:24.745, 6707309398041, QTAgent32.exe, Window 6161054 not responding. Last Win32 error 1400
E, 3524, 22, 2012/11/12, 15:57:24.745, 6707309407963, QTAgent32.exe, Window 6161054 not responding. Last Win32 error 1400
E, 3524, 22, 2012/11/12, 15:57:24.745, 6707309409131, QTAgent32.exe, GetClassName for handle 6161054 failed
E, 3524, 22, 2012/11/12, 15:57:24.745, 6707309409930, QTAgent32.exe, GetClassName for handle 6161054 failed
E, 3524, 22, 2012/11/12, 15:57:24.854, 6707310864648, QTAgent32.exe, AL: Playback Error: Microsoft.VisualStudio.TestTools.UITest.Extension.UITestControlNotFoundException: The playback failed to find the control with the given search properties. Additional Details: 
TechnologyName:  'MSAA'
ControlType:  'Window'
 ---&gt; System.Runtime.InteropServices.COMException: Error HRESULT E_FAIL has been returned from a call to a COM component.
   at Microsoft.VisualStudio.TestTools.UITest.Playback.Engine.IRPFPlayback.FindAllScreenElements(IScreenElement pScreenElementStart, String bstrQueryId, Object&amp; pvarResKeys, Int32 cResKeys, Int32 nMaxDepth, Object[]&amp; foundDescendants)
   at Microsoft.VisualStudio.TestTools.UITest.Playback.ScreenElement.FindTopLevelWindowHelper(String queryId)
   at Microsoft.VisualStudio.TestTools.UITest.Playback.ScreenElement.FindFromPartialQueryId(String queryId)
   at Microsoft.VisualStudio.TestTools.UITesting.UITestControl..ctor(String queryId)
   --- End of inner exception stack trace ---
   at Microsoft.VisualStudio.TestTools.UITesting.Playback.MapControlNotFoundException(COMException ex, IPlaybackContext context)
   at Microsoft.VisualStudio.TestTools.UITesting.Playback.MapAndThrowComException(COMException innerException, IPlaybackContext context)
   at Microsoft.VisualStudio.TestTools.UITesting.Playback.MapAndThrowException(SystemException exception, IPlaybackContext context)
   at Microsoft.VisualStudio.TestTools.UITesting.Playback.MapAndThrowException(SystemException exception, String queryId)
   at Microsoft.VisualStudio.TestTools.UITesting.UITestControl..ctor(String queryId)
   at Microsoft.VisualStudio.TestTools.UITesting.SearchHelper.SearchTopLevelWindow(ISearchArgument topLevelSearchArg, String topLevelElementQueryId)
   at Microsoft.VisualStudio.TestTools.UITesting.SearchHelper.GetTitleUpdatedTopLevelWindow(ISearchArgument topLevelSearchArg, String queryId, IList`1 windowTitles)
   at Microsoft.VisualStudio.TestTools.UITesting.SearchHelper.GetTopLevelElement(Boolean useCache, Boolean useCacheOnly, ISearchArgument searchArg, IList`1 windowTitles, Int32&amp; timeLeft)
   at Microsoft.VisualStudio.TestTools.UITesting.SearchHelper.GetElement(Boolean useCache, ISearchArgument searchArg)
   at Microsoft.VisualStudio.TestTools.UITesting.SearchHelper.Search(ISearchArgument searchArg)
   at Microsoft.VisualStudio.TestTools.UITesting.UITestControl.FindInternal()
   at Microsoft.VisualStudio.TestTools.UITesting.UITestControl.FindControlIfNecessary()
   at Microsoft.VisualStudio.TestTools.UITesting.UITestControl.Click(MouseButtons button, ModifierKeys modifierKeys, Point relativeCoordinates)
   at Microsoft.VisualStudio.TestTools.UITesting.Mouse.ClickImplementation(UITestControl control, MouseButtons button, ModifierKeys modifierKeys, Point relativeCoordinate)
   at Microsoft.VisualStudio.TestTools.UITesting.Mouse.ClickImplementationWrapper(UITestControl control, MouseButtons button, ModifierKeys modifierKeys, Point relativeCoordinate)
W, 3524, 22, 2012/11/12, 15:57:24.854, 6707310866545, QTAgent32.exe, PlaybackErrorHandler: Ignoring exception as ContinueOnError is set.
W, 3524, 22, 2012/11/12, 15:57:25.182, 6707315556446, QTAgent32.exe, &lt;a class=success&gt;Playback - {85} [SUCCESS] Check - "[MSAA, VisibleOnly]ControlType='CheckBox' &amp;&amp; Name='Defer Printing?'"
\0&lt;/a&gt;
W, 3524, 22, 2012/11/12, 15:57:25.869, 6707325547206, QTAgent32.exe, &lt;a class=success&gt;Playback - {86} [SUCCESS] MouseButtonClick - "[MSAA, VisibleOnly]ControlType='Button' &amp;&amp; Name='Ok'"
\0&lt;/a&gt;
W, 3524, 22, 2012/11/12, 15:57:27.007, 6707341682063, QTAgent32.exe, PERF WARNING: FindTopLevelWindowHelper::FindAllDescendents: took 1029 ms. Expected it to take maximum 500 ms.
W, 3524, 22, 2012/11/12, 15:57:27.335, 6707346381165, QTAgent32.exe, &lt;a class=success&gt;Playback - {87} [SUCCESS] Uncheck - "[MSAA, VisibleOnly]ControlType='CheckBox' &amp;&amp; Name='Add Activity'"
\0&lt;/a&gt;
W, 3524, 22, 2012/11/12, 15:57:28.209, 6707359046998, QTAgent32.exe, &lt;a class=success&gt;Playback - {88} [SUCCESS] MouseButtonClick - "[MSAA, VisibleOnly]ControlType='Button' &amp;&amp; Name='Ok'"
\0&lt;/a&gt;
W, 3524, 22, 2012/11/12, 15:57:28.646, 6707365285409, QTAgent32.exe, &lt;a class=success&gt;Playback - {89} [SUCCESS] MouseButtonClick - "[MSAA, VisibleOnly]ControlType='Button' &amp;&amp; Name='Ok'"
\0&lt;/a&gt;
W, 3524, 22, 2012/11/12, 15:57:36.509, 6707477728420, QTAgent32.exe, PERF WARNING: FindTopLevelWindowHelper::FindAllDescendents: took 7629 ms. Expected it to take maximum 500 ms.
W, 3524, 22, 2012/11/12, 15:57:38.803, 6707510547449, QTAgent32.exe, &lt;a class=success&gt;Playback - {90} [SUCCESS] MouseButtonClick - "[MSAA, VisibleOnly]ControlType='Button' &amp;&amp; Name='OK'"
\0&lt;/a&gt;
W, 3524, 22, 2012/11/12, 15:57:40.191, 6707530438933, QTAgent32.exe, Playback - [WARNING] Internal warning: Window Not Found: [VisibleOnly]ControlType='Window' &amp;&amp; Name='Tamxml7' &amp;&amp; ClassName='TMessageForm'
\0
E, 3524, 22, 2012/11/12, 15:57:40.191, 6707530441750, QTAgent32.exe, &lt;a class=failure&gt;Playback - {91} [FAILED] Function ElementFetcher::FindScreenElement failed to locate UI element (Searching: ;[VisibleOnly]ControlType='Window' &amp;&amp; Name='Tamxml7' &amp;&amp; ClassName='TMessageForm') (The object specified was not found.)
\0&lt;/a&gt;
E, 3524, 22, 2012/11/12, 15:57:40.300, 6707532058930, QTAgent32.exe, Playback - [IMAGE] C:\Users\peter.zenin-ad\AppData\Local\Temp\UITestLogs\LastRun\RPFC9F4.png
\0
W, 3524, 22, 2012/11/12, 15:57:40.300, 6707532060902, QTAgent32.exe, Playback - [WARNING] Internal warning: Couldn't find descendants that match QueryId
\0
W, 3524, 22, 2012/11/12, 15:57:40.300, 6707532063939, QTAgent32.exe, PERF WARNING: FindTopLevelWindowHelper::FindAllDescendents: took 1393 ms. Expected it to take maximum 500 ms.
W, 3524, 22, 2012/11/12, 15:57:58.381, 6707790902173, QTAgent32.exe, Playback - [WARNING] Internal warning: Window Not Found: [VisibleOnly]ControlType='Window' &amp;&amp; Name='Tamxml7' &amp;&amp; ClassName='TMessageForm'
\0
E, 3524, 22, 2012/11/12, 15:57:58.381, 6707790905066, QTAgent32.exe, &lt;a class=failure&gt;Playback - {92} [FAILED] Function ElementFetcher::FindScreenElement failed to locate UI element (Searching: ;[VisibleOnly]ControlType='Window' &amp;&amp; Name='Tamxml7' &amp;&amp; ClassName='TMessageForm') (The object specified was not found.)
\0&lt;/a&gt;
E, 3524, 22, 2012/11/12, 15:57:58.490, 6707792500754, QTAgent32.exe, Playback - [IMAGE] C:\Users\peter.zenin-ad\AppData\Local\Temp\UITestLogs\LastRun\RPF1102.png
\0
W, 3524, 22, 2012/11/12, 15:57:58.490, 6707792502915, QTAgent32.exe, Playback - [WARNING] Internal warning: Couldn't find descendants that match QueryId
\0
W, 3524, 22, 2012/11/12, 15:57:58.490, 6707792505895, QTAgent32.exe, PERF WARNING: FindTopLevelWindowHelper::FindAllDescendents: took 18189 ms. Expected it to take maximum 500 ms.
W, 3524, 22, 2012/11/12, 15:57:58.989, 6707799701705, QTAgent32.exe, Playback - [WARNING] Internal warning: Smart Match failed
\0
W, 3524, 22, 2012/11/12, 15:57:59.270, 6707803712690, QTAgent32.exe, Playback - [WARNING] Internal warning: Smart Match failed
\0
W, 3524, 22, 2012/11/12, 15:57:59.457, 6707806388773, QTAgent32.exe, Playback - [WARNING] Internal warning: Smart Match failed
\0
W, 3524, 22, 2012/11/12, 15:57:59.644, 6707809068143, QTAgent32.exe, Playback - [WARNING] Internal warning: Smart Match failed
\0
W, 3524, 22, 2012/11/12, 15:57:59.831, 6707811756909, QTAgent32.exe, Playback - [WARNING] Internal warning: Smart Match failed
\0
W, 3524, 22, 2012/11/12, 15:58:00.018, 6707814428579, QTAgent32.exe, Playback - [WARNING] Internal warning: Smart Match failed
\0
W, 3524, 22, 2012/11/12, 15:58:00.206, 6707817111115, QTAgent32.exe, Playback - [WARNING] Internal warning: Smart Match failed
\0
W, 3524, 22, 2012/11/12, 15:58:00.393, 6707819790835, QTAgent32.exe, Playback - [WARNING] Internal warning: Smart Match failed
\0
W, 3524, 22, 2012/11/12, 15:58:00.580, 6707822470491, QTAgent32.exe, Playback - [WARNING] Internal warning: Smart Match failed
\0
W, 3524, 22, 2012/11/12, 15:58:00.767, 6707825164769, QTAgent32.exe, Playback - [WARNING] Internal warning: Smart Match failed
\0
W, 3524, 22, 2012/11/12, 15:58:00.954, 6707827839481, QTAgent32.exe, Playback - [WARNING] Internal warning: Smart Match failed
\0
W, 3524, 22, 2012/11/12, 15:58:01.142, 6707830519028, QTAgent32.exe, Playback - [WARNING] Internal warning: Smart Match failed
\0
W, 3524, 22, 2012/11/12, 15:58:01.329, 6707833189560, QTAgent32.exe, Playback - [WARNING] Internal warning: Smart Match failed
\0
W, 3524, 22, 2012/11/12, 15:58:01.516, 6707835873068, QTAgent32.exe, Playback - [WARNING] Internal warning: Smart Match failed
\0
W, 3524, 22, 2012/11/12, 15:58:01.594, 6707836977795, QTAgent32.exe, Playback - [WARNING] Internal warning: Window Not Found: [VisibleOnly]ControlType='Window' &amp;&amp; Name='Tamxml7' &amp;&amp; ClassName='TMessageForm'
\0
E, 3524, 22, 2012/11/12, 15:58:01.594, 6707836980047, QTAgent32.exe, &lt;a class=failure&gt;Playback - {93} [FAILED] Function ElementFetcher::FindScreenElement failed to locate UI element (Searching: ;[VisibleOnly]ControlType='Window' &amp;&amp; Name='Tamxml7' &amp;&amp; ClassName='TMessageForm') (The object specified was not found.)
\0&lt;/a&gt;
E, 3524, 22, 2012/11/12, 15:58:01.703, 6707838502382, QTAgent32.exe, Playback - [IMAGE] C:\Users\peter.zenin-ad\AppData\Local\Temp\UITestLogs\LastRun\RPF1D91.png
\0
W, 3524, 22, 2012/11/12, 15:58:01.703, 6707838504456, QTAgent32.exe, Playback - [WARNING] Internal warning: Couldn't find descendants that match QueryId
\0
W, 3524, 22, 2012/11/12, 15:58:01.703, 6707838507288, QTAgent32.exe, PERF WARNING: FindTopLevelWindowHelper::FindAllDescendents: took 3212 ms. Expected it to take maximum 500 ms.
E, 3524, 22, 2012/11/12, 15:58:01.703, 6707838509051, QTAgent32.exe, Exception: System.Runtime.InteropServices.COMException
	Message: Error HRESULT E_FAIL has been returned from a call to a COM component.
	Stack Trace:    at Microsoft.VisualStudio.TestTools.UITest.Playback.Engine.IRPFPlayback.FindAllScreenElements(IScreenElement pScreenElementStart, String bstrQueryId, Object&amp; pvarResKeys, Int32 cResKeys, Int32 nMaxDepth, Object[]&amp; foundDescendants)
   at Microsoft.VisualStudio.TestTools.UITest.Playback.ScreenElement.FindTopLevelWindowHelper(String queryId)
	BaseExceptionMessage: Error HRESULT E_FAIL has been returned from a call to a COM component.

E, 3524, 22, 2012/11/12, 15:58:01.703, 6707838512877, QTAgent32.exe, GetClassName for handle 2427302 failed
E, 3524, 22, 2012/11/12, 15:58:01.703, 6707838522191, QTAgent32.exe, Window 2427302 not responding. Last Win32 error 1400
E, 3524, 22, 2012/11/12, 15:58:01.703, 6707838523350, QTAgent32.exe, GetClassName for handle 2427302 failed
E, 3524, 22, 2012/11/12, 15:58:01.703, 6707838524107, QTAgent32.exe, GetClassName for handle 2427302 failed
E, 3524, 22, 2012/11/12, 15:58:01.703, 6707838529095, QTAgent32.exe, GetClassName for handle 5243714 failed
E, 3524, 22, 2012/11/12, 15:58:01.703, 6707838535756, QTAgent32.exe, Exception: System.Runtime.InteropServices.COMException
	Message: Error HRESULT E_FAIL has been returned from a call to a COM component.
	Stack Trace:    at Accessibility.IAccessible.get_accState(Object varChild)
   at Microsoft.VisualStudio.TestTools.UITest.Extension.Msaa.AccWrapper.get_State()
	BaseExceptionMessage: Error HRESULT E_FAIL has been returned from a call to a COM component.

E, 3524, 22, 2012/11/12, 15:58:01.703, 6707838539910, QTAgent32.exe, Exception: System.Runtime.InteropServices.COMException
	Message: Error HRESULT E_FAIL has been returned from a call to a COM component.
	Stack Trace:    at Accessibility.IAccessible.get_accState(Object varChild)
   at Microsoft.VisualStudio.TestTools.UITest.Extension.Msaa.AccWrapper.get_State()
	BaseExceptionMessage: Error HRESULT E_FAIL has been returned from a call to a COM component.

E, 3524, 22, 2012/11/12, 15:58:01.703, 6707838543993, QTAgent32.exe, Exception: System.Runtime.InteropServices.COMException
	Message: Error HRESULT E_FAIL has been returned from a call to a COM component.
	Stack Trace:    at Accessibility.IAccessible.get_accState(Object varChild)
   at Microsoft.VisualStudio.TestTools.UITest.Extension.Msaa.AccWrapper.get_State()
	BaseExceptionMessage: Error HRESULT E_FAIL has been returned from a call to a COM component.

E, 3524, 22, 2012/11/12, 15:58:01.703, 6707838548078, QTAgent32.exe, Exception: System.Runtime.InteropServices.COMException
	Message: Error HRESULT E_FAIL has been returned from a call to a COM component.
	Stack Trace:    at Accessibility.IAccessible.get_accState(Object varChild)
   at Microsoft.VisualStudio.TestTools.UITest.Extension.Msaa.AccWrapper.get_State()
	BaseExceptionMessage: Error HRESULT E_FAIL has been returned from a call to a COM component.

E, 3524, 22, 2012/11/12, 15:58:01.703, 6707838552184, QTAgent32.exe, Exception: System.Runtime.InteropServices.COMException
	Message: Error HRESULT E_FAIL has been returned from a call to a COM component.
	Stack Trace:    at Accessibility.IAccessible.get_accState(Object varChild)
   at Microsoft.VisualStudio.TestTools.UITest.Extension.Msaa.AccWrapper.get_State()
	BaseExceptionMessage: Error HRESULT E_FAIL has been returned from a call to a COM component.

E, 3524, 22, 2012/11/12, 15:58:01.703, 6707838556318, QTAgent32.exe, Exception: System.Runtime.InteropServices.COMException
	Message: Error HRESULT E_FAIL has been returned from a call to a COM component.
	Stack Trace:    at Accessibility.IAccessible.get_accState(Object varChild)
   at Microsoft.VisualStudio.TestTools.UITest.Extension.Msaa.AccWrapper.get_State()
	BaseExceptionMessage: Error HRESULT E_FAIL has been returned from a call to a COM component.

E, 3524, 22, 2012/11/12, 15:58:01.703, 6707838560740, QTAgent32.exe, Exception: System.Runtime.InteropServices.COMException
	Message: Error HRESULT E_FAIL has been returned from a call to a COM component.
	Stack Trace:    at Accessibility.IAccessible.get_accState(Object varChild)
   at Microsoft.VisualStudio.TestTools.UITest.Extension.Msaa.AccWrapper.get_State()
	BaseExceptionMessage: Error HRESULT E_FAIL has been returned from a call to a COM component.

W, 3524, 22, 2012/11/12, 15:58:01.906, 6707841410673, QTAgent32.exe, PERF WARNING: MSAA.UpdateQueryIDForNamelessControls: took 201 ms. Expected it to take maximum 200 ms.
W, 3524, 22, 2012/11/12, 15:58:01.906, 6707841414915, QTAgent32.exe, Msaa.Navigate: Exception [Error HRESULT E_FAIL has been returned from a call to a COM component.] while calling accNavigate.
E, 3524, 22, 2012/11/12, 15:58:01.906, 6707841416320, QTAgent32.exe, GetClassName for handle 5243714 failed
E, 3524, 22, 2012/11/12, 15:58:01.906, 6707841424780, QTAgent32.exe, GetClassName for handle 5243714 failed
E, 3524, 22, 2012/11/12, 15:58:01.906, 6707841426943, QTAgent32.exe, Window 5243714 not responding. Last Win32 error 1400
E, 3524, 22, 2012/11/12, 15:58:01.906, 6707841427927, QTAgent32.exe, GetClassName for handle 2427302 failed
E, 3524, 22, 2012/11/12, 15:58:01.906, 6707841428739, QTAgent32.exe, GetClassName for handle 5243714 failed
E, 3524, 22, 2012/11/12, 15:58:01.906, 6707841429444, QTAgent32.exe, GetClassName for handle 5243714 failed
E, 3524, 22, 2012/11/12, 15:58:02.015, 6707842915893, QTAgent32.exe, AL: Playback Error: Microsoft.VisualStudio.TestTools.UITest.Extension.UITestControlNotAvailableException: The control is not available or not valid. Additional Details: 
TechnologyName:  'MSAA'
ControlType:  'Button'
 ---&gt; Microsoft.VisualStudio.TestTools.UITest.Extension.UITestControlNotAvailableException: The control is not available or not valid. Additional Details: 
TechnologyName:  'MSAA'
ControlType:  'Window'
 ---&gt; System.Runtime.InteropServices.COMException: Error HRESULT E_FAIL has been returned from a call to a COM component.
   at Microsoft.VisualStudio.TestTools.UITest.Playback.Engine.IRPFPlayback.FindAllScreenElements(IScreenElement pScreenElementStart, String bstrQueryId, Object&amp; pvarResKeys, Int32 cResKeys, Int32 nMaxDepth, Object[]&amp; foundDescendants)
   at Microsoft.VisualStudio.TestTools.UITest.Playback.ScreenElement.FindTopLevelWindowHelper(String queryId)
   at Microsoft.VisualStudio.TestTools.UITest.Playback.ScreenElement.FindFromPartialQueryId(String queryId)
   at Microsoft.VisualStudio.TestTools.UITesting.UITestControl.EnsureValid(Boolean waitForReady, Boolean refetch)
   --- End of inner exception stack trace ---
   at Microsoft.VisualStudio.TestTools.UITesting.UITestControl.EnsureValid(Boolean waitForReady, Boolean refetch)
   at Microsoft.VisualStudio.TestTools.UITesting.UITestControl.FindFirstDescendant(String queryId, Int32 maxDepth, Int32&amp; timeLeft)
   at Microsoft.VisualStudio.TestTools.UITesting.UITestControl.FindFirstDescendant(String queryId)
   at Microsoft.VisualStudio.TestTools.UITesting.UITestControl.EnsureValid(Boolean waitForReady, Boolean refetch)
   --- End of inner exception stack trace ---
   at Microsoft.VisualStudio.TestTools.UITesting.UITestControl.EnsureValid(Boolean waitForReady, Boolean refetch)
   at Microsoft.VisualStudio.TestTools.UITesting.UITestControl.Click(MouseButtons button, ModifierKeys modifierKeys, Point relativeCoordinates)
   at Microsoft.VisualStudio.TestTools.UITesting.Mouse.ClickImplementation(UITestControl control, MouseButtons button, ModifierKeys modifierKeys, Point relativeCoordinate)
   at Microsoft.VisualStudio.TestTools.UITesting.Mouse.ClickImplementationWrapper(UITestControl control, MouseButtons button, ModifierKeys modifierKeys, Point relativeCoordinate)
W, 3524, 22, 2012/11/12, 15:58:02.015, 6707842917946, QTAgent32.exe, PlaybackErrorHandler: Ignoring exception as ContinueOnError is set.
W, 3524, 22, 2012/11/12, 15:58:02.358, 6707847910963, QTAgent32.exe, &lt;a class=success&gt;Playback - {94} [SUCCESS] MouseButtonClick - "[MSAA, VisibleOnly]ControlType='Button' &amp;&amp; Name='Cancel'"
\0&lt;/a&gt;
W, 3524, 22, 2012/11/12, 15:58:02.889, 6707855484998, QTAgent32.exe, &lt;a class=success&gt;Playback - {95} [SUCCESS] MouseButtonClick - "[MSAA, VisibleOnly]ControlType='Button'"
\0&lt;/a&gt;
W, 3524, 22, 2012/11/12, 15:58:03.341, 6707861969261, QTAgent32.exe, &lt;a class=success&gt;Playback - {96} [SUCCESS] MouseButtonClick - "[MSAA, VisibleOnly]ControlType='Button' &amp;&amp; Name='Options'"
\0&lt;/a&gt;
W, 3524, 22, 2012/11/12, 15:58:03.450, 6707863468342, QTAgent32.exe, FindScreenElementInSinglePass : Attempting to find control in one pass of search. Failures can occur.
W, 3524, 22, 2012/11/12, 15:58:03.450, 6707863575202, QTAgent32.exe, Playback - [WARNING] Internal failure: Method GetBoundingRectangle failed (HRESULT = 0x1, "Incorrect function.") for Name = "Quote Select List" ," ControlType = "MenuItem"
\0
W, 3524, 22, 2012/11/12, 15:58:03.450, 6707863576541, QTAgent32.exe, Playback - [WARNING] Internal failure: Couldn't get clickable point for ScreenUIElement - GetClickablePoint failed
\0
W, 3524, 22, 2012/11/12, 15:58:03.450, 6707863581870, QTAgent32.exe, FindScreenElementInSinglePass : Attempting to find control in one pass of search. Failures can occur.
W, 3524, 22, 2012/11/12, 15:58:03.450, 6707863610810, QTAgent32.exe, FindScreenElementInSinglePass : Attempting to find control in one pass of search. Failures can occur.
W, 3524, 22, 2012/11/12, 15:58:03.793, 6707868379016, QTAgent32.exe, &lt;a class=success&gt;Playback - {97} [SUCCESS] LeftButtonClick - "[MSAA, VisibleOnly]ControlType='MenuBar' &amp;&amp; Name='Application'"  &lt; Mouse cursor location (960, 31) &gt;
\0&lt;/a&gt;
W, 3524, 22, 2012/11/12, 15:58:03.902, 6707869942091, QTAgent32.exe, &lt;a class=success&gt;Playback - {98} [SUCCESS] LeftButtonClick - "[MSAA]ControlType='MenuItem' &amp;&amp; Name='Options'"  &lt; Mouse cursor location (94, 31) &gt;
\0&lt;/a&gt;
W, 3524, 22, 2012/11/12, 15:58:04.058, 6707872176530, QTAgent32.exe, &lt;a class=success&gt;Playback - {99} [SUCCESS] LeftButtonClick - "[MSAA]ControlType='MenuItem' &amp;&amp; Name='Links'"  &lt; Mouse cursor location (174, 319) &gt;
\0&lt;/a&gt;
W, 3524, 22, 2012/11/12, 15:58:04.246, 6707874856175, QTAgent32.exe, &lt;a class=success&gt;Playback - {100} [SUCCESS] LeftButtonClick - "[MSAA]ControlType='MenuItem' &amp;&amp; Name='3rd Party Integration'"  &lt; Mouse cursor location (375, 319) &gt;
\0&lt;/a&gt;
W, 3524, 22, 2012/11/12, 15:58:04.433, 6707877567836, QTAgent32.exe, &lt;a class=success&gt;Playback - {101} [SUCCESS] MouseButtonClick - "[MSAA]ControlType='MenuItem' &amp;&amp; Name='Quote Select List'"
\0&lt;/a&gt;
W, 3524, 22, 2012/11/12, 15:58:06.274, 6707903890572, QTAgent32.exe, PERF WARNING: FindTopLevelWindowHelper::FindAllDescendents: took 1731 ms. Expected it to take maximum 500 ms.
W, 3524, 22, 2012/11/12, 15:58:06.882, 6707912799106, QTAgent32.exe, &lt;a class=success&gt;Playback - {102} [SUCCESS] MouseButtonClick - "[MSAA, VisibleOnly]ControlType='Button' &amp;&amp; Name='Ok'"
\0&lt;/a&gt;
W, 3524, 22, 2012/11/12, 15:58:11.920, 6707984765081, QTAgent32.exe, PERF WARNING: FindTopLevelWindowHelper::FindAllDescendents: took 4909 ms. Expected it to take maximum 500 ms.
W, 3524, 22, 2012/11/12, 15:58:12.373, 6707991390754, QTAgent32.exe, &lt;a class=success&gt;Playback - {103} [SUCCESS] MouseButtonClick - "[MSAA, VisibleOnly]ControlType='Button' &amp;&amp; Name='MTA'"
\0&lt;/a&gt;
W, 3524, 22, 2012/11/12, 15:58:12.997, 6708000347756, QTAgent32.exe, Playback - [WARNING] Internal warning: Incorrect flag set for InvokeProgrammaticAction\0
W, 3524, 22, 2012/11/12, 15:58:13.324, 6708004867039, QTAgent32.exe, &lt;a class=success&gt;Playback - {104} [SUCCESS] SetValueAsComboBox "Cancel Cover" - "[MSAA, VisibleOnly]ControlType='ComboBox'"  &lt; SetValueAsComboBox, set by clicking on the item in the list box &gt;
\0&lt;/a&gt;
W, 3524, 22, 2012/11/12, 15:58:13.839, 6708012282631, QTAgent32.exe, &lt;a class=success&gt;Playback - {105} [SUCCESS] MouseButtonClick - "[MSAA, VisibleOnly]ControlType='Button' &amp;&amp; Name='OK'"
\0&lt;/a&gt;
W, 3524, 22, 2012/11/12, 15:58:14.416, 6708020661587, QTAgent32.exe, &lt;a class=success&gt;Playback - {106} [SUCCESS] MouseButtonClick - "[MSAA, VisibleOnly]ControlType='Button' &amp;&amp; Name='Quote'"
\0&lt;/a&gt;
W, 3524, 22, 2012/11/12, 15:58:14.681, 6708024286544, QTAgent32.exe, &lt;a class=success&gt;Playback - {107} [SUCCESS] SendKeys "^{HOME}" - "[MSAA, VisibleOnly]ControlType='Edit'"
\0&lt;/a&gt;
E, 3524, 22, 2012/11/12, 15:58:14.681, 6708024289706, QTAgent32.exe, Msaa.GetFocusedElement: could not find accessible object of foreground window
W, 3524, 22, 2012/11/12, 15:58:14.775, 6708025627906, QTAgent32.exe, &lt;a class=success&gt;Playback - {108} [SUCCESS] SendKeys "^+{END}" - "[MSAA, VisibleOnly]ControlType='Edit'"
\0&lt;/a&gt;
E, 3524, 22, 2012/11/12, 15:58:14.775, 6708025630954, QTAgent32.exe, Msaa.GetFocusedElement: could not find accessible object of foreground window
W, 3524, 22, 2012/11/12, 15:58:14.790, 6708025856543, QTAgent32.exe, &lt;a class=success&gt;Playback - {109} [SUCCESS] SendKeys "{DELETE}" - "[MSAA, VisibleOnly]ControlType='Edit'"
\0&lt;/a&gt;
W, 3524, 22, 2012/11/12, 15:58:15.118, 6708030546738, QTAgent32.exe, &lt;a class=success&gt;Playback - {110} [SUCCESS] SetValueAsEditBox "14/11/12" - "[MSAA, VisibleOnly]ControlType='Edit'"  &lt; Set via SendKeys &gt;
\0&lt;/a&gt;
W, 3524, 22, 2012/11/12, 15:58:15.586, 6708037403527, QTAgent32.exe, &lt;a class=success&gt;Playback - {111} [SUCCESS] MouseButtonClick - "[MSAA, VisibleOnly]ControlType='Button' &amp;&amp; Name='OK'"
\0&lt;/a&gt;
W, 3524, 22, 2012/11/12, 15:58:16.179, 6708045907214, QTAgent32.exe, &lt;a class=success&gt;Playback - {112} [SUCCESS] MouseButtonClick - "[MSAA, VisibleOnly]ControlType='Button' &amp;&amp; Name='No'"
\0&lt;/a&gt;
W, 3524, 22, 2012/11/12, 15:58:18.597, 6708080385395, QTAgent32.exe, PERF WARNING: FindTopLevelWindowHelper::FindAllDescendents: took 2309 ms. Expected it to take maximum 500 ms.
W, 3524, 22, 2012/11/12, 15:58:18.924, 6708085163967, QTAgent32.exe, &lt;a class=success&gt;Playback - {113} [SUCCESS] MouseButtonClick - "[MSAA, VisibleOnly]ControlType='Button' &amp;&amp; Name='Exit'"
\0&lt;/a&gt;
W, 3524, 22, 2012/11/12, 15:58:19.517, 6708093710921, QTAgent32.exe, &lt;a class=success&gt;Playback - {114} [SUCCESS] MouseButtonClick - "[MSAA, VisibleOnly]ControlType='Button' &amp;&amp; Name='OK'"
\0&lt;/a&gt;
W, 3524, 22, 2012/11/12, 15:58:20.843, 6708112510785, QTAgent32.exe, PERF WARNING: FindTopLevelWindowHelper::FindAllDescendents: took 1214 ms. Expected it to take maximum 500 ms.
W, 3524, 22, 2012/11/12, 15:58:21.155, 6708117028150, QTAgent32.exe, &lt;a class=success&gt;Playback - {115} [SUCCESS] MouseButtonClick - "[MSAA, VisibleOnly]ControlType='Button' &amp;&amp; Name='Cancel'"
\0&lt;/a&gt;
W, 3524, 22, 2012/11/12, 15:58:21.607, 6708123515673, QTAgent32.exe, &lt;a class=success&gt;Playback - {116} [SUCCESS] MouseButtonClick - "[MSAA, VisibleOnly]ControlType='Button' &amp;&amp; Name='Cancel'"
\0&lt;/a&gt;
W, 3524, 22, 2012/11/12, 15:58:22.137, 6708131190865, QTAgent32.exe, &lt;a class=success&gt;Playback - {117} [SUCCESS] MouseButtonClick - "[MSAA, VisibleOnly]ControlType='Button'"
\0&lt;/a&gt;
W, 3524, 22, 2012/11/12, 15:58:22.699, 6708139276460, QTAgent32.exe, &lt;a class=success&gt;Playback - {118} [SUCCESS] MouseButtonClick - "[MSAA, VisibleOnly]ControlType='Button' &amp;&amp; Name='Detail'"
\0&lt;/a&gt;
W, 3524, 22, 2012/11/12, 15:58:23.136, 6708145353564, QTAgent32.exe, &lt;a class=success&gt;Playback - {119} [SUCCESS] MouseButtonClick - "[MSAA, VisibleOnly]ControlType='Edit'"
\0&lt;/a&gt;
W, 3524, 22, 2012/11/12, 15:58:23.635, 6708152680214, QTAgent32.exe, &lt;a class=success&gt;Playback - {120} [SUCCESS] MouseButtonClick - "[MSAA, VisibleOnly]ControlType='Button' &amp;&amp; Name='Cancel'"
\0&lt;/a&gt;
W, 3524, 22, 2012/11/12, 15:58:24.087, 6708159043220, QTAgent32.exe, &lt;a class=success&gt;Playback - {121} [SUCCESS] MouseButtonClick - "[MSAA, VisibleOnly]ControlType='Button' &amp;&amp; Name='Cancel'"
\0&lt;/a&gt;
W, 3524, 22, 2012/11/12, 15:58:24.524, 6708165230647, QTAgent32.exe, &lt;a class=success&gt;Playback - {122} [SUCCESS] MouseButtonClick - "[MSAA, VisibleOnly]ControlType='Button' &amp;&amp; Name='Cancel'"
\0&lt;/a&gt;
W, 3524, 22, 2012/11/12, 15:58:24.961, 6708171585558, QTAgent32.exe, &lt;a class=success&gt;Playback - {123} [SUCCESS] MouseButtonClick - "[MSAA, VisibleOnly]ControlType='Button' &amp;&amp; Name='Close'"
\0&lt;/a&gt;
W, 3524, 22, 2012/11/12, 15:58:29.485, 6708236290098, QTAgent32.exe, IEDOM : StopSession of the plugin called before StartSession
W, 3524, 22, 2012/11/12, 15:58:29.485, 6708236291417, QTAgent32.exe, UIA : StopSession of the plugin called before StartSession
W, 3524, 22, 2012/11/12, 15:58:29.485, 6708236292103, QTAgent32.exe, SLPlugin : StopSession of the plugin called before StartSession
</DebugTrace>
      </Output>
    </UnitTestResult>
    <UnitTestResult executionId="be385a11-08bf-4b27-9a2b-5e33fb964d88" testId="1f5cea9c-51f4-0379-9851-579f986f33b2" testName="HouseTest11" computerName="ICLVDEVAP01" duration="00:03:52.9051155" startTime="2012-11-12T15:58:29.4850204+00:00" endTime="2012-11-12T16:02:22.3751044+00:00" testType="13cdc9d9-ddb5-4fa4-a97d-d965ccfc6d4b" outcome="Passed" testListId="8c84fa94-04c1-424b-9868-57a2d4851a1d" relativeResultsDirectory="be385a11-08bf-4b27-9a2b-5e33fb964d88">
      <Output>
        <DebugTrace>W, 3524, 20, 2012/11/12, 15:58:29.485, 6708236444331, QTAgent32.exe, ExtensionFramework : A Technology Manager with name Web is already registered.
W, 3524, 20, 2012/11/12, 15:58:30.342, 6708248547060, QTAgent32.exe, &lt;a class=success&gt;Playback - {1} [SUCCESS] MouseButtonClick - "[MSAA, VisibleOnly]ControlType='Edit'"
\0&lt;/a&gt;
W, 3524, 20, 2012/11/12, 15:58:30.717, 6708253903999, QTAgent32.exe, &lt;a class=success&gt;Playback - {2} [SUCCESS] SendKeys "[*]" - "[MSAA, VisibleOnly]ControlType='Edit'"
\0&lt;/a&gt;
W, 3524, 20, 2012/11/12, 15:58:31.637, 6708267220398, QTAgent32.exe, &lt;a class=success&gt;Playback - {3} [SUCCESS] MouseButtonClick - "[MSAA, VisibleOnly]ControlType='Button' &amp;&amp; Name='OK'"
\0&lt;/a&gt;
W, 3524, 20, 2012/11/12, 15:58:32.417, 6708278369160, QTAgent32.exe, &lt;a class=success&gt;Playback - {4} [SUCCESS] MouseButtonClick - "[MSAA, VisibleOnly]ControlType='Button' &amp;&amp; Name='OK'"
\0&lt;/a&gt;
W, 3524, 20, 2012/11/12, 15:58:32.573, 6708280483425, QTAgent32.exe, &lt;a class=success&gt;Playback - {5} [SUCCESS] TypeString "#(R)"
\0&lt;/a&gt;
E, 3524, 20, 2012/11/12, 15:58:33.166, 6708289055607, QTAgent32.exe, Exception: System.ArgumentException
	Message: Value does not fall within the expected range.
	Stack Trace:    at Accessibility.IAccessible.get_accRole(Object varChild)
   at Microsoft.VisualStudio.TestTools.UITest.Extension.Msaa.AccWrapper.get_RoleInt()
	BaseExceptionMessage: Value does not fall within the expected range.

E, 3524, 20, 2012/11/12, 15:58:33.166, 6708289186583, QTAgent32.exe, Exception: System.ArgumentException
	Message: Value does not fall within the expected range.
	Stack Trace:    at Accessibility.IAccessible.get_accRole(Object varChild)
   at Microsoft.VisualStudio.TestTools.UITest.Extension.Msaa.AccWrapper.get_RoleInt()
	BaseExceptionMessage: Value does not fall within the expected range.

W, 3524, 20, 2012/11/12, 15:58:33.696, 6708296567182, QTAgent32.exe, &lt;a class=success&gt;Playback - {6} [SUCCESS] LeftButtonClick  &lt; Mouse cursor location (87, 908) &gt;
\0&lt;/a&gt;
W, 3524, 20, 2012/11/12, 15:58:34.773, 6708311978860, QTAgent32.exe, &lt;a class=success&gt;Playback - {7} [SUCCESS] SetValueAsEditBox "c:\TestProject7\office.reg"  &lt; Set via SendKeys &gt;
\0&lt;/a&gt;
W, 3524, 20, 2012/11/12, 15:58:34.773, 6708311981216, QTAgent32.exe, &lt;a class=success&gt;Playback - {8} [SUCCESS] SetValueAsComboBox "c:\TestProject7\office.reg" - "[MSAA, VisibleOnly]ControlType='ComboBox' &amp;&amp; Name='Open:'"  &lt; Set via SetValueAsEditBox &gt;
\0&lt;/a&gt;
W, 3524, 20, 2012/11/12, 15:58:35.209, 6708318378540, QTAgent32.exe, &lt;a class=success&gt;Playback - {9} [SUCCESS] MouseButtonClick - "[MSAA, VisibleOnly]ControlType='Button' &amp;&amp; Name='OK'"
\0&lt;/a&gt;
W, 3524, 20, 2012/11/12, 15:58:35.880, 6708327891163, QTAgent32.exe, &lt;a class=success&gt;Playback - {10} [SUCCESS] MouseButtonClick - "[MSAA, VisibleOnly]ControlType='Button' &amp;&amp; Name='Yes'"
\0&lt;/a&gt;
W, 3524, 20, 2012/11/12, 15:58:36.395, 6708335259999, QTAgent32.exe, &lt;a class=success&gt;Playback - {11} [SUCCESS] MouseButtonClick - "[MSAA, VisibleOnly]ControlType='Button' &amp;&amp; Name='OK'"
\0&lt;/a&gt;
W, 3524, 20, 2012/11/12, 15:58:36.863, 6708341979897, QTAgent32.exe, &lt;a class=success&gt;Playback - {12} [SUCCESS] MouseButtonClick - "[MSAA, VisibleOnly]ControlType='Button' &amp;&amp; Name='Clients &amp; Files'"
\0&lt;/a&gt;
W, 3524, 20, 2012/11/12, 15:58:37.783, 6708355096992, QTAgent32.exe, Playback - [WARNING] Internal warning: Window Not Found: [VisibleOnly]ControlType='Window' &amp;&amp; Name='Customer: txt1 tdsfs' &amp;&amp; ClassName='ThunderRT6MDIForm'
\0
E, 3524, 20, 2012/11/12, 15:58:37.783, 6708355099879, QTAgent32.exe, &lt;a class=failure&gt;Playback - {13} [FAILED] Function ElementFetcher::FindScreenElement failed to locate UI element (Searching: ;[VisibleOnly]ControlType='Window' &amp;&amp; Name='Customer: txt1 tdsfs' &amp;&amp; ClassName='ThunderRT6MDIForm') (The object specified was not found.)
\0&lt;/a&gt;
E, 3524, 20, 2012/11/12, 15:58:37.861, 6708356392650, QTAgent32.exe, Playback - [IMAGE] C:\Users\peter.zenin-ad\AppData\Local\Temp\UITestLogs\LastRun\RPFAAF2.png
\0
W, 3524, 20, 2012/11/12, 15:58:37.861, 6708356394779, QTAgent32.exe, Playback - [WARNING] Internal warning: Couldn't find descendants that match QueryId
\0
W, 3524, 20, 2012/11/12, 15:58:37.861, 6708356397786, QTAgent32.exe, PERF WARNING: FindTopLevelWindowHelper::FindAllDescendents: took 828 ms. Expected it to take maximum 500 ms.
W, 3524, 20, 2012/11/12, 15:58:55.862, 6708613985630, QTAgent32.exe, Playback - [WARNING] Internal warning: Window Not Found: [VisibleOnly]ControlType='Window' &amp;&amp; Name='Customer: txt1 tdsfs' &amp;&amp; ClassName='ThunderRT6MDIForm'
\0
E, 3524, 20, 2012/11/12, 15:58:55.862, 6708613988369, QTAgent32.exe, &lt;a class=failure&gt;Playback - {14} [FAILED] Function ElementFetcher::FindScreenElement failed to locate UI element (Searching: ;[VisibleOnly]ControlType='Window' &amp;&amp; Name='Customer: txt1 tdsfs' &amp;&amp; ClassName='ThunderRT6MDIForm') (The object specified was not found.)
\0&lt;/a&gt;
E, 3524, 20, 2012/11/12, 15:58:55.940, 6708615262972, QTAgent32.exe, Playback - [IMAGE] C:\Users\peter.zenin-ad\AppData\Local\Temp\UITestLogs\LastRun\RPFF194.png
\0
W, 3524, 20, 2012/11/12, 15:58:55.940, 6708615265141, QTAgent32.exe, Playback - [WARNING] Internal warning: Couldn't find descendants that match QueryId
\0
W, 3524, 20, 2012/11/12, 15:58:55.940, 6708615268030, QTAgent32.exe, PERF WARNING: FindTopLevelWindowHelper::FindAllDescendents: took 18079 ms. Expected it to take maximum 500 ms.
W, 3524, 20, 2012/11/12, 15:58:56.533, 6708623624360, QTAgent32.exe, Playback - [WARNING] Internal warning: Window with Class "ThunderRT6MDIForm" and Title "Customer: txt1 tdsfs" was not found, so similar window with Class "ThunderRT6MDIForm" and Title "Customer: autotest" was accepted
\0
W, 3524, 20, 2012/11/12, 15:58:56.533, 6708623628228, QTAgent32.exe, PERF WARNING: FindTopLevelWindowHelper::FindAllDescendents: took 583 ms. Expected it to take maximum 500 ms.
W, 3524, 20, 2012/11/12, 15:58:57.001, 6708630381246, QTAgent32.exe, Playback - [WARNING] Internal warning: Incorrect flag set for InvokeProgrammaticAction\0
W, 3524, 20, 2012/11/12, 15:58:57.328, 6708634981923, QTAgent32.exe, &lt;a class=success&gt;Playback - {15} [SUCCESS] SetValueAsComboBox "Customers" - "[MSAA, VisibleOnly]ControlType='ComboBox'"  &lt; SetValueAsComboBox, set by clicking on the item in the list box &gt;
\0&lt;/a&gt;
W, 3524, 20, 2012/11/12, 15:58:57.984, 6708644473511, QTAgent32.exe, &lt;a class=success&gt;Playback - {16} [SUCCESS] MouseButtonClick - "[MSAA, VisibleOnly]ControlType='Button' &amp;&amp; Name='Add'"
\0&lt;/a&gt;
W, 3524, 20, 2012/11/12, 15:58:58.389, 6708650150713, QTAgent32.exe, &lt;a class=success&gt;Playback - {17} [SUCCESS] SendKeys "autotest" - "[MSAA, VisibleOnly]ControlType='RadioButton' &amp;&amp; Name='Personal Lines'"
\0&lt;/a&gt;
W, 3524, 20, 2012/11/12, 15:58:58.873, 6708657078647, QTAgent32.exe, &lt;a class=success&gt;Playback - {18} [SUCCESS] SetValueAsEditBox "autotest" - "[MSAA, VisibleOnly]ControlType='Edit'"  &lt; Set via SendKeys &gt;
\0&lt;/a&gt;
W, 3524, 20, 2012/11/12, 15:58:59.403, 6708664800684, QTAgent32.exe, &lt;a class=success&gt;Playback - {19} [SUCCESS] MouseButtonClick - "[MSAA, VisibleOnly]ControlType='Button' &amp;&amp; Name='OK'"
\0&lt;/a&gt;
W, 3524, 20, 2012/11/12, 15:58:59.980, 6708673086911, QTAgent32.exe, &lt;a class=success&gt;Playback - {20} [SUCCESS] MouseButtonClick - "[MSAA, VisibleOnly]ControlType='Button' &amp;&amp; Name='Yes'"
\0&lt;/a&gt;
W, 3524, 20, 2012/11/12, 15:59:00.214, 6708676285860, QTAgent32.exe, &lt;a class=success&gt;Playback - {21} [SUCCESS] SendKeys "^{HOME}" - "[MSAA, VisibleOnly]ControlType='Edit'"
\0&lt;/a&gt;
E, 3524, 20, 2012/11/12, 15:59:00.214, 6708676288424, QTAgent32.exe, Msaa.GetFocusedElement: could not find accessible object of foreground window
W, 3524, 20, 2012/11/12, 15:59:00.292, 6708677401210, QTAgent32.exe, &lt;a class=success&gt;Playback - {22} [SUCCESS] SendKeys "^+{END}" - "[MSAA, VisibleOnly]ControlType='Edit'"
\0&lt;/a&gt;
E, 3524, 20, 2012/11/12, 15:59:00.292, 6708677403579, QTAgent32.exe, Msaa.GetFocusedElement: could not find accessible object of foreground window
W, 3524, 20, 2012/11/12, 15:59:00.308, 6708677624196, QTAgent32.exe, &lt;a class=success&gt;Playback - {23} [SUCCESS] SendKeys "{DELETE}" - "[MSAA, VisibleOnly]ControlType='Edit'"
\0&lt;/a&gt;
W, 3524, 20, 2012/11/12, 15:59:00.401, 6708678968657, QTAgent32.exe, &lt;a class=success&gt;Playback - {24} [SUCCESS] SetValueAsEditBox "1" - "[MSAA, VisibleOnly]ControlType='Edit'"  &lt; Set via SendKeys &gt;
\0&lt;/a&gt;
W, 3524, 20, 2012/11/12, 15:59:00.635, 6708682315676, QTAgent32.exe, &lt;a class=success&gt;Playback - {25} [SUCCESS] SendKeys "^{HOME}" - "[MSAA, VisibleOnly]ControlType='Edit'"
\0&lt;/a&gt;
E, 3524, 20, 2012/11/12, 15:59:00.635, 6708682318149, QTAgent32.exe, Msaa.GetFocusedElement: could not find accessible object of foreground window
W, 3524, 20, 2012/11/12, 15:59:00.729, 6708683655438, QTAgent32.exe, &lt;a class=success&gt;Playback - {26} [SUCCESS] SendKeys "^+{END}" - "[MSAA, VisibleOnly]ControlType='Edit'"
\0&lt;/a&gt;
E, 3524, 20, 2012/11/12, 15:59:00.729, 6708683657929, QTAgent32.exe, Msaa.GetFocusedElement: could not find accessible object of foreground window
W, 3524, 20, 2012/11/12, 15:59:00.745, 6708683879607, QTAgent32.exe, &lt;a class=success&gt;Playback - {27} [SUCCESS] SendKeys "{DELETE}" - "[MSAA, VisibleOnly]ControlType='Edit'"
\0&lt;/a&gt;
W, 3524, 20, 2012/11/12, 15:59:00.823, 6708684998649, QTAgent32.exe, &lt;a class=success&gt;Playback - {28} [SUCCESS] SetValueAsEditBox "1" - "[MSAA, VisibleOnly]ControlType='Edit'"  &lt; Set via SendKeys &gt;
\0&lt;/a&gt;
W, 3524, 20, 2012/11/12, 15:59:01.353, 6708692711049, QTAgent32.exe, &lt;a class=success&gt;Playback - {29} [SUCCESS] MouseButtonClick - "[MSAA, VisibleOnly]ControlType='Button' &amp;&amp; Name='OK'"
\0&lt;/a&gt;
W, 3524, 20, 2012/11/12, 15:59:01.883, 6708700191224, QTAgent32.exe, &lt;a class=success&gt;Playback - {30} [SUCCESS] MouseButtonClick - "[MSAA, VisibleOnly]ControlType='Button'"
\0&lt;/a&gt;
W, 3524, 20, 2012/11/12, 15:59:02.398, 6708707629445, QTAgent32.exe, &lt;a class=success&gt;Playback - {31} [SUCCESS] MouseButtonClick - "[MSAA, VisibleOnly]ControlType='Button' &amp;&amp; Name='Add'"
\0&lt;/a&gt;
W, 3524, 20, 2012/11/12, 15:59:02.913, 6708715110030, QTAgent32.exe, &lt;a class=success&gt;Playback - {32} [SUCCESS] MouseButtonClick - "[MSAA, VisibleOnly]ControlType='Button' &amp;&amp; Name='OK'"
\0&lt;/a&gt;
W, 3524, 20, 2012/11/12, 15:59:05.393, 6708750440333, QTAgent32.exe, &lt;a class=success&gt;Playback - {33} [SUCCESS] MouseButtonClick - "[MSAA, VisibleOnly,Window]ControlType='Window' &amp;&amp; ClassName='ThunderRT6TextBox'"
\0&lt;/a&gt;
W, 3524, 20, 2012/11/12, 15:59:05.736, 6708755359821, QTAgent32.exe, &lt;a class=success&gt;Playback - {34} [SUCCESS] SetValueAsEditBox "HOME" - "[MSAA, VisibleOnly]ControlType='Edit'"  &lt; Set via SendKeys &gt;
\0&lt;/a&gt;
W, 3524, 20, 2012/11/12, 15:59:06.251, 6708762742397, QTAgent32.exe, &lt;a class=success&gt;Playback - {35} [SUCCESS] MouseButtonClick - "[MSAA, VisibleOnly]ControlType='Button' &amp;&amp; Name='OK'"
\0&lt;/a&gt;
W, 3524, 20, 2012/11/12, 15:59:06.688, 6708769048581, QTAgent32.exe, &lt;a class=success&gt;Playback - {36} [SUCCESS] MouseButtonClick - "[MSAA, VisibleOnly]ControlType='Button' &amp;&amp; Name='Options'"
\0&lt;/a&gt;
W, 3524, 20, 2012/11/12, 15:59:06.797, 6708770550483, QTAgent32.exe, FindScreenElementInSinglePass : Attempting to find control in one pass of search. Failures can occur.
W, 3524, 20, 2012/11/12, 15:59:06.984, 6708773225991, QTAgent32.exe, &lt;a class=success&gt;Playback - {37} [SUCCESS] MouseButtonClick - "[MSAA]ControlType='MenuItem' &amp;&amp; Name='Links'"
\0&lt;/a&gt;
W, 3524, 20, 2012/11/12, 15:59:07.093, 6708774793055, QTAgent32.exe, FindScreenElementInSinglePass : Attempting to find control in one pass of search. Failures can occur.
W, 3524, 20, 2012/11/12, 15:59:07.265, 6708777245974, QTAgent32.exe, &lt;a class=success&gt;Playback - {38} [SUCCESS] MouseButtonClick - "[MSAA]ControlType='MenuItem' &amp;&amp; Name='3rd Party Integration'"
\0&lt;/a&gt;
W, 3524, 20, 2012/11/12, 15:59:07.374, 6708778813266, QTAgent32.exe, FindScreenElementInSinglePass : Attempting to find control in one pass of search. Failures can occur.
W, 3524, 20, 2012/11/12, 15:59:07.577, 6708781741388, QTAgent32.exe, &lt;a class=success&gt;Playback - {39} [SUCCESS] MouseButtonClick - "[MSAA]ControlType='MenuItem' &amp;&amp; Name='Quote Select List'"
\0&lt;/a&gt;
W, 3524, 20, 2012/11/12, 15:59:09.464, 6708808756993, QTAgent32.exe, PERF WARNING: FindTopLevelWindowHelper::FindAllDescendents: took 1749 ms. Expected it to take maximum 500 ms.
W, 3524, 20, 2012/11/12, 15:59:10.135, 6708818535915, QTAgent32.exe, &lt;a class=success&gt;Playback - {40} [SUCCESS] MouseButtonClick - "[MSAA, VisibleOnly]ControlType='Button' &amp;&amp; Name='Ok'"
\0&lt;/a&gt;
W, 3524, 20, 2012/11/12, 15:59:14.269, 6708877532779, QTAgent32.exe, PERF WARNING: FindTopLevelWindowHelper::FindAllDescendents: took 4005 ms. Expected it to take maximum 500 ms.
W, 3524, 20, 2012/11/12, 15:59:14.549, 6708881559573, QTAgent32.exe, &lt;a class=success&gt;Playback - {41} [SUCCESS] SetValueAsEditBox "test1" - "[MSAA, VisibleOnly]ControlType='Edit'"  &lt; Set via SendKeys &gt;
\0&lt;/a&gt;
W, 3524, 20, 2012/11/12, 15:59:14.924, 6708886921723, QTAgent32.exe, &lt;a class=success&gt;Playback - {42} [SUCCESS] SetValueAsEditBox "test" - "[MSAA, VisibleOnly]ControlType='Edit'"  &lt; Set via SendKeys &gt;
\0&lt;/a&gt;
W, 3524, 20, 2012/11/12, 15:59:15.158, 6708890266078, QTAgent32.exe, &lt;a class=success&gt;Playback - {43} [SUCCESS] SendKeys "^{HOME}" - "[MSAA, VisibleOnly]ControlType='Edit'"
\0&lt;/a&gt;
E, 3524, 20, 2012/11/12, 15:59:15.158, 6708890268666, QTAgent32.exe, Msaa.GetFocusedElement: could not find accessible object of foreground window
W, 3524, 20, 2012/11/12, 15:59:15.236, 6708891382906, QTAgent32.exe, &lt;a class=success&gt;Playback - {44} [SUCCESS] SendKeys "^+{END}" - "[MSAA, VisibleOnly]ControlType='Edit'"
\0&lt;/a&gt;
E, 3524, 20, 2012/11/12, 15:59:15.236, 6708891385874, QTAgent32.exe, Msaa.GetFocusedElement: could not find accessible object of foreground window
W, 3524, 20, 2012/11/12, 15:59:15.251, 6708891607631, QTAgent32.exe, &lt;a class=success&gt;Playback - {45} [SUCCESS] SendKeys "{DELETE}" - "[MSAA, VisibleOnly]ControlType='Edit'"
\0&lt;/a&gt;
W, 3524, 20, 2012/11/12, 15:59:15.439, 6708894291095, QTAgent32.exe, &lt;a class=success&gt;Playback - {46} [SUCCESS] SetValueAsEditBox "test" - "[MSAA, VisibleOnly]ControlType='Edit'"  &lt; Set via SendKeys &gt;
\0&lt;/a&gt;
W, 3524, 20, 2012/11/12, 15:59:16.016, 6708902730948, QTAgent32.exe, Playback - [WARNING] Internal warning: Incorrect flag set for InvokeProgrammaticAction\0
W, 3524, 20, 2012/11/12, 15:59:16.343, 6708907259838, QTAgent32.exe, &lt;a class=success&gt;Playback - {47} [SUCCESS] SetValueAsComboBox "Account Director" - "[MSAA, VisibleOnly]ControlType='ComboBox'"  &lt; SetValueAsComboBox, set by clicking on the item in the list box &gt;
\0&lt;/a&gt;
W, 3524, 20, 2012/11/12, 15:59:16.905, 6708915470379, QTAgent32.exe, Playback - [WARNING] Internal warning: Incorrect flag set for InvokeProgrammaticAction\0
W, 3524, 20, 2012/11/12, 15:59:17.232, 6708919989433, QTAgent32.exe, &lt;a class=success&gt;Playback - {48} [SUCCESS] SetValueAsComboBox "Advertising" - "[MSAA, VisibleOnly]ControlType='ComboBox'"  &lt; SetValueAsComboBox, set by clicking on the item in the list box &gt;
\0&lt;/a&gt;
W, 3524, 20, 2012/11/12, 15:59:17.654, 6708926011548, QTAgent32.exe, &lt;a class=success&gt;Playback - {49} [SUCCESS] SetValueAsEditBox "160589" - "[MSAA, VisibleOnly]ControlType='Edit'"  &lt; Set via SendKeys &gt;
\0&lt;/a&gt;
W, 3524, 20, 2012/11/12, 15:59:18.106, 6708932487514, QTAgent32.exe, &lt;a class=success&gt;Playback - {50} [SUCCESS] MouseButtonClick - "[MSAA, VisibleOnly]ControlType='Edit'"
\0&lt;/a&gt;
W, 3524, 20, 2012/11/12, 15:59:18.527, 6708938517326, QTAgent32.exe, &lt;a class=success&gt;Playback - {51} [SUCCESS] SetValueAsEditBox "B338TH" - "[MSAA, VisibleOnly]ControlType='Edit'"  &lt; Set via SendKeys &gt;
\0&lt;/a&gt;
W, 3524, 20, 2012/11/12, 15:59:20.929, 6708972911637, QTAgent32.exe, &lt;a class=success&gt;Playback - {52} [SUCCESS] MouseButtonClick - "[MSAA, VisibleOnly]ControlType='Button' &amp;&amp; Name='Lookup...'"
\0&lt;/a&gt;
W, 3524, 20, 2012/11/12, 15:59:21.397, 6708979740121, QTAgent32.exe, &lt;a class=success&gt;Playback - {53} [SUCCESS] MouseButtonClick - "[MSAA, VisibleOnly]ControlType='Button' &amp;&amp; Name='Ok'"
\0&lt;/a&gt;
W, 3524, 20, 2012/11/12, 15:59:21.896, 6708986852986, QTAgent32.exe, &lt;a class=success&gt;Playback - {54} [SUCCESS] MouseButtonClick - "[MSAA, VisibleOnly]ControlType='Button' &amp;&amp; Name='Next &gt;'"
\0&lt;/a&gt;
W, 3524, 20, 2012/11/12, 15:59:22.302, 6708992573520, QTAgent32.exe, &lt;a class=success&gt;Playback - {55} [SUCCESS] SetValueAsEditBox "1989" - "[MSAA, VisibleOnly]ControlType='Edit'"  &lt; Set via SendKeys &gt;
\0&lt;/a&gt;
W, 3524, 20, 2012/11/12, 15:59:22.770, 6708999372892, QTAgent32.exe, &lt;a class=success&gt;Playback - {56} [SUCCESS] MouseButtonClick - "[MSAA, VisibleOnly]ControlType='Button' &amp;&amp; Name='Next &gt;'"
\0&lt;/a&gt;
W, 3524, 20, 2012/11/12, 15:59:22.988, 6709002549506, QTAgent32.exe, &lt;a class=success&gt;Playback - {57} [SUCCESS] MouseButtonClick - "[MSAA, VisibleOnly]ControlType='Button' &amp;&amp; Name='Next &gt;'"
\0&lt;/a&gt;
W, 3524, 20, 2012/11/12, 15:59:23.238, 6709006003085, QTAgent32.exe, &lt;a class=success&gt;Playback - {58} [SUCCESS] MouseButtonClick - "[MSAA, VisibleOnly]ControlType='Button' &amp;&amp; Name='Next &gt;'"
\0&lt;/a&gt;
W, 3524, 20, 2012/11/12, 15:59:23.644, 6709011783958, QTAgent32.exe, &lt;a class=success&gt;Playback - {59} [SUCCESS] SetValueAsEditBox "2345" - "[MSAA, VisibleOnly]ControlType='Edit'"  &lt; Set via SendKeys &gt;
\0&lt;/a&gt;
W, 3524, 20, 2012/11/12, 15:59:24.065, 6709017815661, QTAgent32.exe, &lt;a class=success&gt;Playback - {60} [SUCCESS] SetValueAsEditBox "2000" - "[MSAA, VisibleOnly]ControlType='Edit'"  &lt; Set via SendKeys &gt;
\0&lt;/a&gt;
W, 3524, 20, 2012/11/12, 15:59:24.486, 6709023842298, QTAgent32.exe, &lt;a class=success&gt;Playback - {61} [SUCCESS] SetValueAsEditBox "2000" - "[MSAA, VisibleOnly]ControlType='Edit'"  &lt; Set via SendKeys &gt;
\0&lt;/a&gt;
W, 3524, 20, 2012/11/12, 15:59:24.720, 6709027359291, QTAgent32.exe, &lt;a class=success&gt;Playback - {62} [SUCCESS] MouseButtonClick - "[MSAA, VisibleOnly]ControlType='Button' &amp;&amp; Name='Next &gt;'"
\0&lt;/a&gt;
W, 3524, 20, 2012/11/12, 15:59:25.125, 6709033003053, QTAgent32.exe, &lt;a class=success&gt;Playback - {63} [SUCCESS] SetValueAsEditBox "2345" - "[MSAA, VisibleOnly]ControlType='Edit'"  &lt; Set via SendKeys &gt;
\0&lt;/a&gt;
W, 3524, 20, 2012/11/12, 15:59:25.500, 6709038547447, QTAgent32.exe, &lt;a class=success&gt;Playback - {64} [SUCCESS] MouseButtonClick - "[MSAA, VisibleOnly]ControlType='Button' &amp;&amp; Name='Next &gt;'"
\0&lt;/a&gt;
W, 3524, 20, 2012/11/12, 15:59:25.890, 6709044019764, QTAgent32.exe, &lt;a class=success&gt;Playback - {65} [SUCCESS] MouseButtonClick - "[MSAA, VisibleOnly]ControlType='Button' &amp;&amp; Name='Next &gt;'"
\0&lt;/a&gt;
W, 3524, 20, 2012/11/12, 15:59:26.186, 6709048345052, QTAgent32.exe, &lt;a class=success&gt;Playback - {66} [SUCCESS] MouseButtonClick - "[MSAA, VisibleOnly]ControlType='Button' &amp;&amp; Name='Quote'"
\0&lt;/a&gt;
W, 3524, 20, 2012/11/12, 15:59:26.795, 6709056967593, QTAgent32.exe, &lt;a class=success&gt;Playback - {67} [SUCCESS] MouseButtonClick - "[MSAA, VisibleOnly]ControlType='Button' &amp;&amp; Name='No'"
\0&lt;/a&gt;
W, 3524, 20, 2012/11/12, 15:59:30.242, 6709106292961, QTAgent32.exe, PERF WARNING: FindTopLevelWindowHelper::FindAllDescendents: took 3340 ms. Expected it to take maximum 500 ms.
W, 3524, 20, 2012/11/12, 15:59:30.569, 6709110952261, QTAgent32.exe, &lt;a class=success&gt;Playback - {68} [SUCCESS] MouseButtonClick - "[MSAA, VisibleOnly]ControlType='Client'"
\0&lt;/a&gt;
W, 3524, 20, 2012/11/12, 15:59:32.145, 6709133520020, QTAgent32.exe, &lt;a class=success&gt;Playback - {69} [SUCCESS] SendKeys "{End}" - "[MSAA, VisibleOnly]ControlType='Client'"
\0&lt;/a&gt;
W, 3524, 20, 2012/11/12, 15:59:32.660, 6709141031997, QTAgent32.exe, &lt;a class=success&gt;Playback - {70} [SUCCESS] MouseButtonClick - "[MSAA, VisibleOnly]ControlType='Button' &amp;&amp; Name='Accept'"
\0&lt;/a&gt;
W, 3524, 20, 2012/11/12, 15:59:33.128, 6709147594173, QTAgent32.exe, &lt;a class=success&gt;Playback - {71} [SUCCESS] MouseButtonClick - "[MSAA, VisibleOnly]ControlType='Button' &amp;&amp; Name='Yes'"
\0&lt;/a&gt;
W, 3524, 20, 2012/11/12, 15:59:35.577, 6709182649185, QTAgent32.exe, &lt;a class=success&gt;Playback - {72} [SUCCESS] MouseButtonClick - "[MSAA, VisibleOnly]ControlType='Button' &amp;&amp; Name='Ok'"
\0&lt;/a&gt;
W, 3524, 20, 2012/11/12, 15:59:46.964, 6709345714313, QTAgent32.exe, Playback - [WARNING] Internal warning: Window Not Found: [VisibleOnly]ControlType='Window' &amp;&amp; Name='Save the file as' &amp;&amp; ClassName='#32770'
\0
E, 3524, 20, 2012/11/12, 15:59:46.964, 6709345717238, QTAgent32.exe, &lt;a class=failure&gt;Playback - {73} [FAILED] Function ElementFetcher::FindScreenElement failed to locate UI element (Searching: ;[VisibleOnly]ControlType='Window' &amp;&amp; Name='Save the file as' &amp;&amp; ClassName='#32770') (The object specified was not found.)
\0&lt;/a&gt;
E, 3524, 20, 2012/11/12, 15:59:47.042, 6709347011582, QTAgent32.exe, Playback - [IMAGE] C:\Users\peter.zenin-ad\AppData\Local\Temp\UITestLogs\LastRun\RPFB937.png
\0
W, 3524, 20, 2012/11/12, 15:59:47.042, 6709347013809, QTAgent32.exe, Playback - [WARNING] Internal warning: Couldn't find descendants that match QueryId
\0
W, 3524, 20, 2012/11/12, 15:59:47.042, 6709347016783, QTAgent32.exe, PERF WARNING: FindTopLevelWindowHelper::FindAllDescendents: took 11369 ms. Expected it to take maximum 500 ms.
W, 3524, 20, 2012/11/12, 16:00:05.386, 6709609506338, QTAgent32.exe, Playback - [WARNING] Internal warning: Window Not Found: [VisibleOnly]ControlType='Window' &amp;&amp; Name='Save the file as' &amp;&amp; ClassName='#32770'
\0
E, 3524, 20, 2012/11/12, 16:00:05.386, 6709609509273, QTAgent32.exe, &lt;a class=failure&gt;Playback - {74} [FAILED] Function ElementFetcher::FindScreenElement failed to locate UI element (Searching: ;[VisibleOnly]ControlType='Window' &amp;&amp; Name='Save the file as' &amp;&amp; ClassName='#32770') (The object specified was not found.)
\0&lt;/a&gt;
E, 3524, 20, 2012/11/12, 16:00:05.464, 6709610814448, QTAgent32.exe, Playback - [IMAGE] C:\Users\peter.zenin-ad\AppData\Local\Temp\UITestLogs\LastRun\RPF12F.png
\0
W, 3524, 20, 2012/11/12, 16:00:05.464, 6709610816637, QTAgent32.exe, Playback - [WARNING] Internal warning: Couldn't find descendants that match QueryId
\0
W, 3524, 20, 2012/11/12, 16:00:05.464, 6709610819613, QTAgent32.exe, PERF WARNING: FindTopLevelWindowHelper::FindAllDescendents: took 18424 ms. Expected it to take maximum 500 ms.
W, 3524, 20, 2012/11/12, 16:00:08.630, 6709655970158, QTAgent32.exe, Playback - [WARNING] Internal warning: Smart Match failed
\0
W, 3524, 20, 2012/11/12, 16:00:10.175, 6709678080971, QTAgent32.exe, Playback - [WARNING] Internal warning: Window Not Found: [VisibleOnly]ControlType='Window' &amp;&amp; Name='Save the file as' &amp;&amp; ClassName='#32770'
\0
E, 3524, 20, 2012/11/12, 16:00:10.175, 6709678083791, QTAgent32.exe, &lt;a class=failure&gt;Playback - {75} [FAILED] Function ElementFetcher::FindScreenElement failed to locate UI element (Searching: ;[VisibleOnly]ControlType='Window' &amp;&amp; Name='Save the file as' &amp;&amp; ClassName='#32770') (The object specified was not found.)
\0&lt;/a&gt;
E, 3524, 20, 2012/11/12, 16:00:10.253, 6709679376070, QTAgent32.exe, Playback - [IMAGE] C:\Users\peter.zenin-ad\AppData\Local\Temp\UITestLogs\LastRun\RPF13E6.png
\0
W, 3524, 20, 2012/11/12, 16:00:10.253, 6709679378283, QTAgent32.exe, Playback - [WARNING] Internal warning: Couldn't find descendants that match QueryId
\0
W, 3524, 20, 2012/11/12, 16:00:10.253, 6709679381299, QTAgent32.exe, PERF WARNING: FindTopLevelWindowHelper::FindAllDescendents: took 4788 ms. Expected it to take maximum 500 ms.
E, 3524, 20, 2012/11/12, 16:00:10.253, 6709679383093, QTAgent32.exe, Exception: System.Runtime.InteropServices.COMException
	Message: Error HRESULT E_FAIL has been returned from a call to a COM component.
	Stack Trace:    at Microsoft.VisualStudio.TestTools.UITest.Playback.Engine.IRPFPlayback.FindAllScreenElements(IScreenElement pScreenElementStart, String bstrQueryId, Object&amp; pvarResKeys, Int32 cResKeys, Int32 nMaxDepth, Object[]&amp; foundDescendants)
   at Microsoft.VisualStudio.TestTools.UITest.Playback.ScreenElement.FindTopLevelWindowHelper(String queryId)
	BaseExceptionMessage: Error HRESULT E_FAIL has been returned from a call to a COM component.

E, 3524, 20, 2012/11/12, 16:00:10.393, 6709681204512, QTAgent32.exe, AL: Playback Error: Microsoft.VisualStudio.TestTools.UITest.Extension.UITestControlNotFoundException: The playback failed to find the control with the given search properties. Additional Details: 
TechnologyName:  'MSAA'
ControlType:  'Window'
Name:  'Save the file as'
ClassName:  '#32770'
 ---&gt; System.Runtime.InteropServices.COMException: Error HRESULT E_FAIL has been returned from a call to a COM component.
   at Microsoft.VisualStudio.TestTools.UITest.Playback.Engine.IRPFPlayback.FindAllScreenElements(IScreenElement pScreenElementStart, String bstrQueryId, Object&amp; pvarResKeys, Int32 cResKeys, Int32 nMaxDepth, Object[]&amp; foundDescendants)
   at Microsoft.VisualStudio.TestTools.UITest.Playback.ScreenElement.FindTopLevelWindowHelper(String queryId)
   at Microsoft.VisualStudio.TestTools.UITest.Playback.ScreenElement.FindFromPartialQueryId(String queryId)
   at Microsoft.VisualStudio.TestTools.UITesting.UITestControl..ctor(String queryId)
   --- End of inner exception stack trace ---
   at Microsoft.VisualStudio.TestTools.UITesting.Playback.MapControlNotFoundException(COMException ex, IPlaybackContext context)
   at Microsoft.VisualStudio.TestTools.UITesting.Playback.MapAndThrowComException(COMException innerException, IPlaybackContext context)
   at Microsoft.VisualStudio.TestTools.UITesting.Playback.MapAndThrowException(SystemException exception, IPlaybackContext context)
   at Microsoft.VisualStudio.TestTools.UITesting.Playback.MapAndThrowException(SystemException exception, String queryId)
   at Microsoft.VisualStudio.TestTools.UITesting.UITestControl..ctor(String queryId)
   at Microsoft.VisualStudio.TestTools.UITesting.SearchHelper.SearchTopLevelWindow(ISearchArgument topLevelSearchArg, String topLevelElementQueryId)
   at Microsoft.VisualStudio.TestTools.UITesting.SearchHelper.GetTitleUpdatedTopLevelWindow(ISearchArgument topLevelSearchArg, String queryId, IList`1 windowTitles)
   at Microsoft.VisualStudio.TestTools.UITesting.SearchHelper.GetTopLevelElement(Boolean useCache, Boolean useCacheOnly, ISearchArgument searchArg, IList`1 windowTitles, Int32&amp; timeLeft)
   at Microsoft.VisualStudio.TestTools.UITesting.SearchHelper.GetElement(Boolean useCache, ISearchArgument searchArg)
   at Microsoft.VisualStudio.TestTools.UITesting.SearchHelper.Search(ISearchArgument searchArg)
   at Microsoft.VisualStudio.TestTools.UITesting.UITestControl.FindInternal()
   at Microsoft.VisualStudio.TestTools.UITesting.UITestControl.FindControlIfNecessary()
   at Microsoft.VisualStudio.TestTools.UITesting.UITestControl.Click(MouseButtons button, ModifierKeys modifierKeys, Point relativeCoordinates)
   at Microsoft.VisualStudio.TestTools.UITesting.Mouse.ClickImplementation(UITestControl control, MouseButtons button, ModifierKeys modifierKeys, Point relativeCoordinate)
   at Microsoft.VisualStudio.TestTools.UITesting.Mouse.ClickImplementationWrapper(UITestControl control, MouseButtons button, ModifierKeys modifierKeys, Point relativeCoordinate)
W, 3524, 20, 2012/11/12, 16:00:10.393, 6709681206585, QTAgent32.exe, PlaybackErrorHandler: Ignoring exception as ContinueOnError is set.
W, 3524, 20, 2012/11/12, 16:00:10.783, 6709686945644, QTAgent32.exe, &lt;a class=success&gt;Playback - {76} [SUCCESS] MouseButtonClick - "[MSAA, VisibleOnly]ControlType='Button' &amp;&amp; Name='Ok'"
\0&lt;/a&gt;
W, 3524, 20, 2012/11/12, 16:00:11.251, 6709693482653, QTAgent32.exe, &lt;a class=success&gt;Playback - {77} [SUCCESS] MouseButtonClick - "[MSAA, VisibleOnly]ControlType='Button' &amp;&amp; Name='Ok'"
\0&lt;/a&gt;
W, 3524, 20, 2012/11/12, 16:00:11.766, 6709700859589, QTAgent32.exe, &lt;a class=success&gt;Playback - {78} [SUCCESS] SetValueAsEditBox "B338TH" - "[MSAA, VisibleOnly]ControlType='Edit'"  &lt; Set via SendKeys &gt;
\0&lt;/a&gt;
W, 3524, 20, 2012/11/12, 16:00:14.230, 6709736148989, QTAgent32.exe, &lt;a class=success&gt;Playback - {79} [SUCCESS] MouseButtonClick - "[MSAA, VisibleOnly]ControlType='Button' &amp;&amp; Name='Lookup...'"
\0&lt;/a&gt;
W, 3524, 20, 2012/11/12, 16:00:14.620, 6709741787656, QTAgent32.exe, &lt;a class=success&gt;Playback - {80} [SUCCESS] MouseButtonClick - "[MSAA, VisibleOnly]ControlType='Button' &amp;&amp; Name='Ok'"
\0&lt;/a&gt;
W, 3524, 20, 2012/11/12, 16:00:15.088, 6709748571442, QTAgent32.exe, &lt;a class=success&gt;Playback - {81} [SUCCESS] MouseButtonClick - "[MSAA, VisibleOnly]ControlType='Button' &amp;&amp; Name='Confirm'"
\0&lt;/a&gt;
W, 3524, 20, 2012/11/12, 16:00:35.086, 6710034791445, QTAgent32.exe, Playback - [WARNING] Internal warning: Window Not Found: [VisibleOnly]ControlType='Window' &amp;&amp; Name='insur-E.tam' &amp;&amp; ClassName='#32770'
\0
E, 3524, 20, 2012/11/12, 16:00:35.086, 6710034794255, QTAgent32.exe, &lt;a class=failure&gt;Playback - {82} [FAILED] Function ElementFetcher::FindScreenElement failed to locate UI element (Searching: ;[VisibleOnly]ControlType='Window' &amp;&amp; Name='insur-E.tam' &amp;&amp; ClassName='#32770') (The object specified was not found.)
\0&lt;/a&gt;
E, 3524, 20, 2012/11/12, 16:00:35.164, 6710036077189, QTAgent32.exe, Playback - [IMAGE] C:\Users\peter.zenin-ad\AppData\Local\Temp\UITestLogs\LastRun\RPF7538.png
\0
W, 3524, 20, 2012/11/12, 16:00:35.164, 6710036079340, QTAgent32.exe, Playback - [WARNING] Internal warning: Couldn't find descendants that match QueryId
\0
W, 3524, 20, 2012/11/12, 16:00:35.164, 6710036082348, QTAgent32.exe, PERF WARNING: FindTopLevelWindowHelper::FindAllDescendents: took 19980 ms. Expected it to take maximum 500 ms.
W, 3524, 20, 2012/11/12, 16:00:53.742, 6710301934903, QTAgent32.exe, Playback - [WARNING] Internal warning: Window Not Found: [VisibleOnly]ControlType='Window' &amp;&amp; Name='insur-E.tam' &amp;&amp; ClassName='#32770'
\0
E, 3524, 20, 2012/11/12, 16:00:53.742, 6710301937733, QTAgent32.exe, &lt;a class=failure&gt;Playback - {83} [FAILED] Function ElementFetcher::FindScreenElement failed to locate UI element (Searching: ;[VisibleOnly]ControlType='Window' &amp;&amp; Name='insur-E.tam' &amp;&amp; ClassName='#32770') (The object specified was not found.)
\0&lt;/a&gt;
E, 3524, 20, 2012/11/12, 16:00:53.820, 6710303213773, QTAgent32.exe, Playback - [IMAGE] C:\Users\peter.zenin-ad\AppData\Local\Temp\UITestLogs\LastRun\RPFBE1B.png
\0
W, 3524, 20, 2012/11/12, 16:00:53.820, 6710303215905, QTAgent32.exe, Playback - [WARNING] Internal warning: Couldn't find descendants that match QueryId
\0
W, 3524, 20, 2012/11/12, 16:00:53.820, 6710303218879, QTAgent32.exe, PERF WARNING: FindTopLevelWindowHelper::FindAllDescendents: took 18656 ms. Expected it to take maximum 500 ms.
W, 3524, 20, 2012/11/12, 16:00:56.987, 6710348394641, QTAgent32.exe, Playback - [WARNING] Internal warning: Smart Match failed
\0
W, 3524, 20, 2012/11/12, 16:00:58.531, 6710370507656, QTAgent32.exe, Playback - [WARNING] Internal warning: Window Not Found: [VisibleOnly]ControlType='Window' &amp;&amp; Name='insur-E.tam' &amp;&amp; ClassName='#32770'
\0
E, 3524, 20, 2012/11/12, 16:00:58.531, 6710370510486, QTAgent32.exe, &lt;a class=failure&gt;Playback - {84} [FAILED] Function ElementFetcher::FindScreenElement failed to locate UI element (Searching: ;[VisibleOnly]ControlType='Window' &amp;&amp; Name='insur-E.tam' &amp;&amp; ClassName='#32770') (The object specified was not found.)
\0&lt;/a&gt;
E, 3524, 20, 2012/11/12, 16:00:58.609, 6710371796833, QTAgent32.exe, Playback - [IMAGE] C:\Users\peter.zenin-ad\AppData\Local\Temp\UITestLogs\LastRun\RPFD0D1.png
\0
W, 3524, 20, 2012/11/12, 16:00:58.609, 6710371799025, QTAgent32.exe, Playback - [WARNING] Internal warning: Couldn't find descendants that match QueryId
\0
W, 3524, 20, 2012/11/12, 16:00:58.609, 6710371801937, QTAgent32.exe, PERF WARNING: FindTopLevelWindowHelper::FindAllDescendents: took 4789 ms. Expected it to take maximum 500 ms.
E, 3524, 20, 2012/11/12, 16:00:58.609, 6710371803692, QTAgent32.exe, Exception: System.Runtime.InteropServices.COMException
	Message: Error HRESULT E_FAIL has been returned from a call to a COM component.
	Stack Trace:    at Microsoft.VisualStudio.TestTools.UITest.Playback.Engine.IRPFPlayback.FindAllScreenElements(IScreenElement pScreenElementStart, String bstrQueryId, Object&amp; pvarResKeys, Int32 cResKeys, Int32 nMaxDepth, Object[]&amp; foundDescendants)
   at Microsoft.VisualStudio.TestTools.UITest.Playback.ScreenElement.FindTopLevelWindowHelper(String queryId)
	BaseExceptionMessage: Error HRESULT E_FAIL has been returned from a call to a COM component.

E, 3524, 20, 2012/11/12, 16:00:58.609, 6710371808449, QTAgent32.exe, Window 5048414 not responding. Last Win32 error 0
E, 3524, 20, 2012/11/12, 16:00:58.609, 6710371810957, QTAgent32.exe, GetClassName for handle 5048414 failed
E, 3524, 20, 2012/11/12, 16:00:58.609, 6710371817205, QTAgent32.exe, Window 5048414 not responding. Last Win32 error 1400
E, 3524, 20, 2012/11/12, 16:00:58.609, 6710371826927, QTAgent32.exe, Window 5048414 not responding. Last Win32 error 1400
E, 3524, 20, 2012/11/12, 16:00:58.609, 6710371828076, QTAgent32.exe, GetClassName for handle 5048414 failed
E, 3524, 20, 2012/11/12, 16:00:58.609, 6710371828877, QTAgent32.exe, GetClassName for handle 5048414 failed
E, 3524, 20, 2012/11/12, 16:00:58.718, 6710373184183, QTAgent32.exe, AL: Playback Error: Microsoft.VisualStudio.TestTools.UITest.Extension.UITestControlNotFoundException: The playback failed to find the control with the given search properties. Additional Details: 
TechnologyName:  'MSAA'
ControlType:  'Window'
 ---&gt; System.Runtime.InteropServices.COMException: Error HRESULT E_FAIL has been returned from a call to a COM component.
   at Microsoft.VisualStudio.TestTools.UITest.Playback.Engine.IRPFPlayback.FindAllScreenElements(IScreenElement pScreenElementStart, String bstrQueryId, Object&amp; pvarResKeys, Int32 cResKeys, Int32 nMaxDepth, Object[]&amp; foundDescendants)
   at Microsoft.VisualStudio.TestTools.UITest.Playback.ScreenElement.FindTopLevelWindowHelper(String queryId)
   at Microsoft.VisualStudio.TestTools.UITest.Playback.ScreenElement.FindFromPartialQueryId(String queryId)
   at Microsoft.VisualStudio.TestTools.UITesting.UITestControl..ctor(String queryId)
   --- End of inner exception stack trace ---
   at Microsoft.VisualStudio.TestTools.UITesting.Playback.MapControlNotFoundException(COMException ex, IPlaybackContext context)
   at Microsoft.VisualStudio.TestTools.UITesting.Playback.MapAndThrowComException(COMException innerException, IPlaybackContext context)
   at Microsoft.VisualStudio.TestTools.UITesting.Playback.MapAndThrowException(SystemException exception, IPlaybackContext context)
   at Microsoft.VisualStudio.TestTools.UITesting.Playback.MapAndThrowException(SystemException exception, String queryId)
   at Microsoft.VisualStudio.TestTools.UITesting.UITestControl..ctor(String queryId)
   at Microsoft.VisualStudio.TestTools.UITesting.SearchHelper.SearchTopLevelWindow(ISearchArgument topLevelSearchArg, String topLevelElementQueryId)
   at Microsoft.VisualStudio.TestTools.UITesting.SearchHelper.GetTitleUpdatedTopLevelWindow(ISearchArgument topLevelSearchArg, String queryId, IList`1 windowTitles)
   at Microsoft.VisualStudio.TestTools.UITesting.SearchHelper.GetTopLevelElement(Boolean useCache, Boolean useCacheOnly, ISearchArgument searchArg, IList`1 windowTitles, Int32&amp; timeLeft)
   at Microsoft.VisualStudio.TestTools.UITesting.SearchHelper.GetElement(Boolean useCache, ISearchArgument searchArg)
   at Microsoft.VisualStudio.TestTools.UITesting.SearchHelper.Search(ISearchArgument searchArg)
   at Microsoft.VisualStudio.TestTools.UITesting.UITestControl.FindInternal()
   at Microsoft.VisualStudio.TestTools.UITesting.UITestControl.FindControlIfNecessary()
   at Microsoft.VisualStudio.TestTools.UITesting.UITestControl.Click(MouseButtons button, ModifierKeys modifierKeys, Point relativeCoordinates)
   at Microsoft.VisualStudio.TestTools.UITesting.Mouse.ClickImplementation(UITestControl control, MouseButtons button, ModifierKeys modifierKeys, Point relativeCoordinate)
   at Microsoft.VisualStudio.TestTools.UITesting.Mouse.ClickImplementationWrapper(UITestControl control, MouseButtons button, ModifierKeys modifierKeys, Point relativeCoordinate)
W, 3524, 20, 2012/11/12, 16:00:58.718, 6710373186071, QTAgent32.exe, PlaybackErrorHandler: Ignoring exception as ContinueOnError is set.
W, 3524, 20, 2012/11/12, 16:00:59.046, 6710377880887, QTAgent32.exe, &lt;a class=success&gt;Playback - {85} [SUCCESS] Check - "[MSAA, VisibleOnly]ControlType='CheckBox' &amp;&amp; Name='Defer Printing?'"
\0&lt;/a&gt;
W, 3524, 20, 2012/11/12, 16:01:00.481, 6710398561796, QTAgent32.exe, &lt;a class=success&gt;Playback - {86} [SUCCESS] MouseButtonClick - "[MSAA, VisibleOnly]ControlType='Button' &amp;&amp; Name='Ok'"
\0&lt;/a&gt;
W, 3524, 20, 2012/11/12, 16:01:01.526, 6710413476161, QTAgent32.exe, PERF WARNING: FindTopLevelWindowHelper::FindAllDescendents: took 941 ms. Expected it to take maximum 500 ms.
W, 3524, 20, 2012/11/12, 16:01:01.869, 6710418306122, QTAgent32.exe, &lt;a class=success&gt;Playback - {87} [SUCCESS] Uncheck - "[MSAA, VisibleOnly]ControlType='CheckBox' &amp;&amp; Name='Add Activity'"
\0&lt;/a&gt;
W, 3524, 20, 2012/11/12, 16:01:02.743, 6710430925356, QTAgent32.exe, &lt;a class=success&gt;Playback - {88} [SUCCESS] MouseButtonClick - "[MSAA, VisibleOnly]ControlType='Button' &amp;&amp; Name='Ok'"
\0&lt;/a&gt;
W, 3524, 20, 2012/11/12, 16:01:03.179, 6710437192541, QTAgent32.exe, &lt;a class=success&gt;Playback - {89} [SUCCESS] MouseButtonClick - "[MSAA, VisibleOnly]ControlType='Button' &amp;&amp; Name='Ok'"
\0&lt;/a&gt;
W, 3524, 20, 2012/11/12, 16:01:11.041, 6710549652239, QTAgent32.exe, PERF WARNING: FindTopLevelWindowHelper::FindAllDescendents: took 7635 ms. Expected it to take maximum 500 ms.
W, 3524, 20, 2012/11/12, 16:01:13.334, 6710582472709, QTAgent32.exe, &lt;a class=success&gt;Playback - {90} [SUCCESS] MouseButtonClick - "[MSAA, VisibleOnly]ControlType='Button' &amp;&amp; Name='OK'"
\0&lt;/a&gt;
W, 3524, 20, 2012/11/12, 16:01:14.707, 6710602146035, QTAgent32.exe, Playback - [WARNING] Internal warning: Window Not Found: [VisibleOnly]ControlType='Window' &amp;&amp; Name='Tamxml7' &amp;&amp; ClassName='TMessageForm'
\0
E, 3524, 20, 2012/11/12, 16:01:14.707, 6710602148879, QTAgent32.exe, &lt;a class=failure&gt;Playback - {91} [FAILED] Function ElementFetcher::FindScreenElement failed to locate UI element (Searching: ;[VisibleOnly]ControlType='Window' &amp;&amp; Name='Tamxml7' &amp;&amp; ClassName='TMessageForm') (The object specified was not found.)
\0&lt;/a&gt;
E, 3524, 20, 2012/11/12, 16:01:14.785, 6710603425574, QTAgent32.exe, Playback - [IMAGE] C:\Users\peter.zenin-ad\AppData\Local\Temp\UITestLogs\LastRun\RPF1003.png
\0
W, 3524, 20, 2012/11/12, 16:01:14.785, 6710603427678, QTAgent32.exe, Playback - [WARNING] Internal warning: Couldn't find descendants that match QueryId
\0
W, 3524, 20, 2012/11/12, 16:01:14.785, 6710603430526, QTAgent32.exe, PERF WARNING: FindTopLevelWindowHelper::FindAllDescendents: took 1354 ms. Expected it to take maximum 500 ms.
W, 3524, 20, 2012/11/12, 16:01:32.864, 6710862161924, QTAgent32.exe, Playback - [WARNING] Internal warning: Window Not Found: [VisibleOnly]ControlType='Window' &amp;&amp; Name='Tamxml7' &amp;&amp; ClassName='TMessageForm'
\0
E, 3524, 20, 2012/11/12, 16:01:32.864, 6710862164766, QTAgent32.exe, &lt;a class=failure&gt;Playback - {92} [FAILED] Function ElementFetcher::FindScreenElement failed to locate UI element (Searching: ;[VisibleOnly]ControlType='Window' &amp;&amp; Name='Tamxml7' &amp;&amp; ClassName='TMessageForm') (The object specified was not found.)
\0&lt;/a&gt;
E, 3524, 20, 2012/11/12, 16:01:32.942, 6710863436722, QTAgent32.exe, Playback - [IMAGE] C:\Users\peter.zenin-ad\AppData\Local\Temp\UITestLogs\LastRun\RPF56F3.png
\0
W, 3524, 20, 2012/11/12, 16:01:32.942, 6710863438901, QTAgent32.exe, Playback - [WARNING] Internal warning: Couldn't find descendants that match QueryId
\0
W, 3524, 20, 2012/11/12, 16:01:32.942, 6710863441926, QTAgent32.exe, PERF WARNING: FindTopLevelWindowHelper::FindAllDescendents: took 18159 ms. Expected it to take maximum 500 ms.
W, 3524, 20, 2012/11/12, 16:01:33.457, 6710870728964, QTAgent32.exe, Playback - [WARNING] Internal warning: Smart Match failed
\0
W, 3524, 20, 2012/11/12, 16:01:33.644, 6710873409374, QTAgent32.exe, Playback - [WARNING] Internal warning: Smart Match failed
\0
W, 3524, 20, 2012/11/12, 16:01:33.831, 6710876092980, QTAgent32.exe, Playback - [WARNING] Internal warning: Smart Match failed
\0
W, 3524, 20, 2012/11/12, 16:01:34.018, 6710878771146, QTAgent32.exe, Playback - [WARNING] Internal warning: Smart Match failed
\0
W, 3524, 20, 2012/11/12, 16:01:34.206, 6710881447219, QTAgent32.exe, Playback - [WARNING] Internal warning: Smart Match failed
\0
W, 3524, 20, 2012/11/12, 16:01:34.393, 6710884125592, QTAgent32.exe, Playback - [WARNING] Internal warning: Smart Match failed
\0
W, 3524, 20, 2012/11/12, 16:01:34.580, 6710886816067, QTAgent32.exe, Playback - [WARNING] Internal warning: Smart Match failed
\0
W, 3524, 20, 2012/11/12, 16:01:34.767, 6710889483712, QTAgent32.exe, Playback - [WARNING] Internal warning: Smart Match failed
\0
W, 3524, 20, 2012/11/12, 16:01:34.954, 6710892168905, QTAgent32.exe, Playback - [WARNING] Internal warning: Smart Match failed
\0
W, 3524, 20, 2012/11/12, 16:01:35.141, 6710894846547, QTAgent32.exe, Playback - [WARNING] Internal warning: Smart Match failed
\0
W, 3524, 20, 2012/11/12, 16:01:35.329, 6710897523887, QTAgent32.exe, Playback - [WARNING] Internal warning: Smart Match failed
\0
W, 3524, 20, 2012/11/12, 16:01:35.516, 6710900216994, QTAgent32.exe, Playback - [WARNING] Internal warning: Smart Match failed
\0
W, 3524, 20, 2012/11/12, 16:01:35.703, 6710902894526, QTAgent32.exe, Playback - [WARNING] Internal warning: Smart Match failed
\0
W, 3524, 20, 2012/11/12, 16:01:35.890, 6710905573296, QTAgent32.exe, Playback - [WARNING] Internal warning: Smart Match failed
\0
W, 3524, 20, 2012/11/12, 16:01:35.968, 6710906743419, QTAgent32.exe, Playback - [WARNING] Internal warning: Window Not Found: [VisibleOnly]ControlType='Window' &amp;&amp; Name='Tamxml7' &amp;&amp; ClassName='TMessageForm'
\0
E, 3524, 20, 2012/11/12, 16:01:35.968, 6710906745698, QTAgent32.exe, &lt;a class=failure&gt;Playback - {93} [FAILED] Function ElementFetcher::FindScreenElement failed to locate UI element (Searching: ;[VisibleOnly]ControlType='Window' &amp;&amp; Name='Tamxml7' &amp;&amp; ClassName='TMessageForm') (The object specified was not found.)
\0&lt;/a&gt;
E, 3524, 20, 2012/11/12, 16:01:36.062, 6710908028854, QTAgent32.exe, Playback - [IMAGE] C:\Users\peter.zenin-ad\AppData\Local\Temp\UITestLogs\LastRun\RPF6314.png
\0
W, 3524, 20, 2012/11/12, 16:01:36.062, 6710908031039, QTAgent32.exe, Playback - [WARNING] Internal warning: Couldn't find descendants that match QueryId
\0
W, 3524, 20, 2012/11/12, 16:01:36.062, 6710908033993, QTAgent32.exe, PERF WARNING: FindTopLevelWindowHelper::FindAllDescendents: took 3114 ms. Expected it to take maximum 500 ms.
E, 3524, 20, 2012/11/12, 16:01:36.062, 6710908035802, QTAgent32.exe, Exception: System.Runtime.InteropServices.COMException
	Message: Error HRESULT E_FAIL has been returned from a call to a COM component.
	Stack Trace:    at Microsoft.VisualStudio.TestTools.UITest.Playback.Engine.IRPFPlayback.FindAllScreenElements(IScreenElement pScreenElementStart, String bstrQueryId, Object&amp; pvarResKeys, Int32 cResKeys, Int32 nMaxDepth, Object[]&amp; foundDescendants)
   at Microsoft.VisualStudio.TestTools.UITest.Playback.ScreenElement.FindTopLevelWindowHelper(String queryId)
	BaseExceptionMessage: Error HRESULT E_FAIL has been returned from a call to a COM component.

E, 3524, 20, 2012/11/12, 16:01:36.062, 6710908040173, QTAgent32.exe, GetClassName for handle 4195892 failed
E, 3524, 20, 2012/11/12, 16:01:36.062, 6710908049545, QTAgent32.exe, Window 4195892 not responding. Last Win32 error 1400
E, 3524, 20, 2012/11/12, 16:01:36.062, 6710908050742, QTAgent32.exe, GetClassName for handle 4195892 failed
E, 3524, 20, 2012/11/12, 16:01:36.062, 6710908051566, QTAgent32.exe, GetClassName for handle 4195892 failed
E, 3524, 20, 2012/11/12, 16:01:36.062, 6710908056750, QTAgent32.exe, GetClassName for handle 3867272 failed
E, 3524, 20, 2012/11/12, 16:01:36.062, 6710908063667, QTAgent32.exe, Exception: System.Runtime.InteropServices.COMException
	Message: Error HRESULT E_FAIL has been returned from a call to a COM component.
	Stack Trace:    at Accessibility.IAccessible.get_accState(Object varChild)
   at Microsoft.VisualStudio.TestTools.UITest.Extension.Msaa.AccWrapper.get_State()
	BaseExceptionMessage: Error HRESULT E_FAIL has been returned from a call to a COM component.

E, 3524, 20, 2012/11/12, 16:01:36.062, 6710908067993, QTAgent32.exe, Exception: System.Runtime.InteropServices.COMException
	Message: Error HRESULT E_FAIL has been returned from a call to a COM component.
	Stack Trace:    at Accessibility.IAccessible.get_accState(Object varChild)
   at Microsoft.VisualStudio.TestTools.UITest.Extension.Msaa.AccWrapper.get_State()
	BaseExceptionMessage: Error HRESULT E_FAIL has been returned from a call to a COM component.

E, 3524, 20, 2012/11/12, 16:01:36.062, 6710908072239, QTAgent32.exe, Exception: System.Runtime.InteropServices.COMException
	Message: Error HRESULT E_FAIL has been returned from a call to a COM component.
	Stack Trace:    at Accessibility.IAccessible.get_accState(Object varChild)
   at Microsoft.VisualStudio.TestTools.UITest.Extension.Msaa.AccWrapper.get_State()
	BaseExceptionMessage: Error HRESULT E_FAIL has been returned from a call to a COM component.

E, 3524, 20, 2012/11/12, 16:01:36.062, 6710908076459, QTAgent32.exe, Exception: System.Runtime.InteropServices.COMException
	Message: Error HRESULT E_FAIL has been returned from a call to a COM component.
	Stack Trace:    at Accessibility.IAccessible.get_accState(Object varChild)
   at Microsoft.VisualStudio.TestTools.UITest.Extension.Msaa.AccWrapper.get_State()
	BaseExceptionMessage: Error HRESULT E_FAIL has been returned from a call to a COM component.

E, 3524, 20, 2012/11/12, 16:01:36.062, 6710908080732, QTAgent32.exe, Exception: System.Runtime.InteropServices.COMException
	Message: Error HRESULT E_FAIL has been returned from a call to a COM component.
	Stack Trace:    at Accessibility.IAccessible.get_accState(Object varChild)
   at Microsoft.VisualStudio.TestTools.UITest.Extension.Msaa.AccWrapper.get_State()
	BaseExceptionMessage: Error HRESULT E_FAIL has been returned from a call to a COM component.

E, 3524, 20, 2012/11/12, 16:01:36.062, 6710908085002, QTAgent32.exe, Exception: System.Runtime.InteropServices.COMException
	Message: Error HRESULT E_FAIL has been returned from a call to a COM component.
	Stack Trace:    at Accessibility.IAccessible.get_accState(Object varChild)
   at Microsoft.VisualStudio.TestTools.UITest.Extension.Msaa.AccWrapper.get_State()
	BaseExceptionMessage: Error HRESULT E_FAIL has been returned from a call to a COM component.

E, 3524, 20, 2012/11/12, 16:01:36.062, 6710908089289, QTAgent32.exe, Exception: System.Runtime.InteropServices.COMException
	Message: Error HRESULT E_FAIL has been returned from a call to a COM component.
	Stack Trace:    at Accessibility.IAccessible.get_accState(Object varChild)
   at Microsoft.VisualStudio.TestTools.UITest.Extension.Msaa.AccWrapper.get_State()
	BaseExceptionMessage: Error HRESULT E_FAIL has been returned from a call to a COM component.

W, 3524, 20, 2012/11/12, 16:01:36.265, 6710910938485, QTAgent32.exe, PERF WARNING: MSAA.UpdateQueryIDForNamelessControls: took 201 ms. Expected it to take maximum 200 ms.
W, 3524, 20, 2012/11/12, 16:01:36.265, 6710910942277, QTAgent32.exe, Msaa.Navigate: Exception [Error HRESULT E_FAIL has been returned from a call to a COM component.] while calling accNavigate.
E, 3524, 20, 2012/11/12, 16:01:36.265, 6710910943629, QTAgent32.exe, GetClassName for handle 3867272 failed
E, 3524, 20, 2012/11/12, 16:01:36.265, 6710910952243, QTAgent32.exe, GetClassName for handle 3867272 failed
E, 3524, 20, 2012/11/12, 16:01:36.265, 6710910954424, QTAgent32.exe, Window 3867272 not responding. Last Win32 error 1400
E, 3524, 20, 2012/11/12, 16:01:36.265, 6710910955445, QTAgent32.exe, GetClassName for handle 4195892 failed
E, 3524, 20, 2012/11/12, 16:01:36.265, 6710910956439, QTAgent32.exe, GetClassName for handle 3867272 failed
E, 3524, 20, 2012/11/12, 16:01:36.265, 6710910957223, QTAgent32.exe, GetClassName for handle 3867272 failed
E, 3524, 20, 2012/11/12, 16:01:36.374, 6710912384655, QTAgent32.exe, AL: Playback Error: Microsoft.VisualStudio.TestTools.UITest.Extension.UITestControlNotAvailableException: The control is not available or not valid. Additional Details: 
TechnologyName:  'MSAA'
ControlType:  'Button'
 ---&gt; Microsoft.VisualStudio.TestTools.UITest.Extension.UITestControlNotAvailableException: The control is not available or not valid. Additional Details: 
TechnologyName:  'MSAA'
ControlType:  'Window'
 ---&gt; System.Runtime.InteropServices.COMException: Error HRESULT E_FAIL has been returned from a call to a COM component.
   at Microsoft.VisualStudio.TestTools.UITest.Playback.Engine.IRPFPlayback.FindAllScreenElements(IScreenElement pScreenElementStart, String bstrQueryId, Object&amp; pvarResKeys, Int32 cResKeys, Int32 nMaxDepth, Object[]&amp; foundDescendants)
   at Microsoft.VisualStudio.TestTools.UITest.Playback.ScreenElement.FindTopLevelWindowHelper(String queryId)
   at Microsoft.VisualStudio.TestTools.UITest.Playback.ScreenElement.FindFromPartialQueryId(String queryId)
   at Microsoft.VisualStudio.TestTools.UITesting.UITestControl.EnsureValid(Boolean waitForReady, Boolean refetch)
   --- End of inner exception stack trace ---
   at Microsoft.VisualStudio.TestTools.UITesting.UITestControl.EnsureValid(Boolean waitForReady, Boolean refetch)
   at Microsoft.VisualStudio.TestTools.UITesting.UITestControl.FindFirstDescendant(String queryId, Int32 maxDepth, Int32&amp; timeLeft)
   at Microsoft.VisualStudio.TestTools.UITesting.UITestControl.FindFirstDescendant(String queryId)
   at Microsoft.VisualStudio.TestTools.UITesting.UITestControl.EnsureValid(Boolean waitForReady, Boolean refetch)
   --- End of inner exception stack trace ---
   at Microsoft.VisualStudio.TestTools.UITesting.UITestControl.EnsureValid(Boolean waitForReady, Boolean refetch)
   at Microsoft.VisualStudio.TestTools.UITesting.UITestControl.Click(MouseButtons button, ModifierKeys modifierKeys, Point relativeCoordinates)
   at Microsoft.VisualStudio.TestTools.UITesting.Mouse.ClickImplementation(UITestControl control, MouseButtons button, ModifierKeys modifierKeys, Point relativeCoordinate)
   at Microsoft.VisualStudio.TestTools.UITesting.Mouse.ClickImplementationWrapper(UITestControl control, MouseButtons button, ModifierKeys modifierKeys, Point relativeCoordinate)
W, 3524, 20, 2012/11/12, 16:01:36.374, 6710912386276, QTAgent32.exe, PlaybackErrorHandler: Ignoring exception as ContinueOnError is set.
W, 3524, 20, 2012/11/12, 16:01:36.717, 6710917375696, QTAgent32.exe, &lt;a class=success&gt;Playback - {94} [SUCCESS] MouseButtonClick - "[MSAA, VisibleOnly]ControlType='Button' &amp;&amp; Name='Cancel'"
\0&lt;/a&gt;
W, 3524, 20, 2012/11/12, 16:01:37.247, 6710924914548, QTAgent32.exe, &lt;a class=success&gt;Playback - {95} [SUCCESS] MouseButtonClick - "[MSAA, VisibleOnly]ControlType='Button'"
\0&lt;/a&gt;
W, 3524, 20, 2012/11/12, 16:01:37.684, 6710931213075, QTAgent32.exe, &lt;a class=success&gt;Playback - {96} [SUCCESS] MouseButtonClick - "[MSAA, VisibleOnly]ControlType='Button' &amp;&amp; Name='Options'"
\0&lt;/a&gt;
W, 3524, 20, 2012/11/12, 16:01:37.793, 6710932718278, QTAgent32.exe, FindScreenElementInSinglePass : Attempting to find control in one pass of search. Failures can occur.
W, 3524, 20, 2012/11/12, 16:01:37.793, 6710932824218, QTAgent32.exe, Playback - [WARNING] Internal failure: Method GetBoundingRectangle failed (HRESULT = 0x1, "Incorrect function.") for Name = "Quote Select List" ," ControlType = "MenuItem"
\0
W, 3524, 20, 2012/11/12, 16:01:37.793, 6710932825400, QTAgent32.exe, Playback - [WARNING] Internal failure: Couldn't get clickable point for ScreenUIElement - GetClickablePoint failed
\0
W, 3524, 20, 2012/11/12, 16:01:37.793, 6710932827912, QTAgent32.exe, FindScreenElementInSinglePass : Attempting to find control in one pass of search. Failures can occur.
W, 3524, 20, 2012/11/12, 16:01:37.793, 6710932855553, QTAgent32.exe, FindScreenElementInSinglePass : Attempting to find control in one pass of search. Failures can occur.
W, 3524, 20, 2012/11/12, 16:01:38.121, 6710937402272, QTAgent32.exe, &lt;a class=success&gt;Playback - {97} [SUCCESS] LeftButtonClick - "[MSAA, VisibleOnly]ControlType='MenuBar' &amp;&amp; Name='Application'"  &lt; Mouse cursor location (960, 31) &gt;
\0&lt;/a&gt;
W, 3524, 20, 2012/11/12, 16:01:38.230, 6710938966397, QTAgent32.exe, &lt;a class=success&gt;Playback - {98} [SUCCESS] LeftButtonClick - "[MSAA]ControlType='MenuItem' &amp;&amp; Name='Options'"  &lt; Mouse cursor location (94, 31) &gt;
\0&lt;/a&gt;
W, 3524, 20, 2012/11/12, 16:01:38.402, 6710941420349, QTAgent32.exe, &lt;a class=success&gt;Playback - {99} [SUCCESS] LeftButtonClick - "[MSAA]ControlType='MenuItem' &amp;&amp; Name='Links'"  &lt; Mouse cursor location (174, 319) &gt;
\0&lt;/a&gt;
W, 3524, 20, 2012/11/12, 16:01:38.573, 6710943876295, QTAgent32.exe, &lt;a class=success&gt;Playback - {100} [SUCCESS] LeftButtonClick - "[MSAA]ControlType='MenuItem' &amp;&amp; Name='3rd Party Integration'"  &lt; Mouse cursor location (375, 319) &gt;
\0&lt;/a&gt;
W, 3524, 20, 2012/11/12, 16:01:38.745, 6710946362237, QTAgent32.exe, &lt;a class=success&gt;Playback - {101} [SUCCESS] MouseButtonClick - "[MSAA]ControlType='MenuItem' &amp;&amp; Name='Quote Select List'"
\0&lt;/a&gt;
W, 3524, 20, 2012/11/12, 16:01:40.601, 6710972939135, QTAgent32.exe, PERF WARNING: FindTopLevelWindowHelper::FindAllDescendents: took 1716 ms. Expected it to take maximum 500 ms.
W, 3524, 20, 2012/11/12, 16:01:41.256, 6710982434716, QTAgent32.exe, &lt;a class=success&gt;Playback - {102} [SUCCESS] MouseButtonClick - "[MSAA, VisibleOnly]ControlType='Button' &amp;&amp; Name='Ok'"
\0&lt;/a&gt;
W, 3524, 20, 2012/11/12, 16:01:46.107, 6711051776270, QTAgent32.exe, PERF WARNING: FindTopLevelWindowHelper::FindAllDescendents: took 4728 ms. Expected it to take maximum 500 ms.
W, 3524, 20, 2012/11/12, 16:01:46.544, 6711058228939, QTAgent32.exe, &lt;a class=success&gt;Playback - {103} [SUCCESS] MouseButtonClick - "[MSAA, VisibleOnly]ControlType='Button' &amp;&amp; Name='MTA'"
\0&lt;/a&gt;
W, 3524, 20, 2012/11/12, 16:01:47.231, 6711068017244, QTAgent32.exe, Playback - [WARNING] Internal warning: Incorrect flag set for InvokeProgrammaticAction\0
W, 3524, 20, 2012/11/12, 16:01:47.558, 6711072548400, QTAgent32.exe, &lt;a class=success&gt;Playback - {104} [SUCCESS] SetValueAsComboBox "Cancel Cover" - "[MSAA, VisibleOnly]ControlType='ComboBox'"  &lt; SetValueAsComboBox, set by clicking on the item in the list box &gt;
\0&lt;/a&gt;
W, 3524, 20, 2012/11/12, 16:01:48.073, 6711079904397, QTAgent32.exe, &lt;a class=success&gt;Playback - {105} [SUCCESS] MouseButtonClick - "[MSAA, VisibleOnly]ControlType='Button' &amp;&amp; Name='OK'"
\0&lt;/a&gt;
W, 3524, 20, 2012/11/12, 16:01:48.759, 6711089882784, QTAgent32.exe, &lt;a class=success&gt;Playback - {106} [SUCCESS] MouseButtonClick - "[MSAA, VisibleOnly]ControlType='Button' &amp;&amp; Name='Quote'"
\0&lt;/a&gt;
W, 3524, 20, 2012/11/12, 16:01:49.024, 6711093532204, QTAgent32.exe, &lt;a class=success&gt;Playback - {107} [SUCCESS] SendKeys "^{HOME}" - "[MSAA, VisibleOnly]ControlType='Edit'"
\0&lt;/a&gt;
E, 3524, 20, 2012/11/12, 16:01:49.024, 6711093534741, QTAgent32.exe, Msaa.GetFocusedElement: could not find accessible object of foreground window
W, 3524, 20, 2012/11/12, 16:01:49.102, 6711094646287, QTAgent32.exe, &lt;a class=success&gt;Playback - {108} [SUCCESS] SendKeys "^+{END}" - "[MSAA, VisibleOnly]ControlType='Edit'"
\0&lt;/a&gt;
E, 3524, 20, 2012/11/12, 16:01:49.102, 6711094648358, QTAgent32.exe, Msaa.GetFocusedElement: could not find accessible object of foreground window
W, 3524, 20, 2012/11/12, 16:01:49.118, 6711094870047, QTAgent32.exe, &lt;a class=success&gt;Playback - {109} [SUCCESS] SendKeys "{DELETE}" - "[MSAA, VisibleOnly]ControlType='Edit'"
\0&lt;/a&gt;
W, 3524, 20, 2012/11/12, 16:01:49.555, 6711101128936, QTAgent32.exe, &lt;a class=success&gt;Playback - {110} [SUCCESS] SetValueAsEditBox "14/11/12" - "[MSAA, VisibleOnly]ControlType='Edit'"  &lt; Set via SendKeys &gt;
\0&lt;/a&gt;
W, 3524, 20, 2012/11/12, 16:01:50.023, 6711107986370, QTAgent32.exe, &lt;a class=success&gt;Playback - {111} [SUCCESS] MouseButtonClick - "[MSAA, VisibleOnly]ControlType='Button' &amp;&amp; Name='OK'"
\0&lt;/a&gt;
W, 3524, 20, 2012/11/12, 16:01:50.678, 6711117348392, QTAgent32.exe, &lt;a class=success&gt;Playback - {112} [SUCCESS] MouseButtonClick - "[MSAA, VisibleOnly]ControlType='Button' &amp;&amp; Name='No'"
\0&lt;/a&gt;
W, 3524, 20, 2012/11/12, 16:01:53.205, 6711153424301, QTAgent32.exe, PERF WARNING: FindTopLevelWindowHelper::FindAllDescendents: took 2417 ms. Expected it to take maximum 500 ms.
W, 3524, 20, 2012/11/12, 16:01:53.532, 6711158084514, QTAgent32.exe, &lt;a class=success&gt;Playback - {113} [SUCCESS] MouseButtonClick - "[MSAA, VisibleOnly]ControlType='Client'"
\0&lt;/a&gt;
W, 3524, 20, 2012/11/12, 16:01:53.766, 6711161432645, QTAgent32.exe, &lt;a class=success&gt;Playback - {114} [SUCCESS] SendKeys "{Home}" - "[MSAA, VisibleOnly]ControlType='Client'"
\0&lt;/a&gt;
W, 3524, 20, 2012/11/12, 16:01:54.219, 6711168035902, QTAgent32.exe, &lt;a class=success&gt;Playback - {115} [SUCCESS] MouseButtonClick - "[MSAA, VisibleOnly]ControlType='Button' &amp;&amp; Name='Accept'"
\0&lt;/a&gt;
W, 3524, 20, 2012/11/12, 16:01:54.718, 6711175116291, QTAgent32.exe, &lt;a class=success&gt;Playback - {116} [SUCCESS] MouseButtonClick - "[MSAA, VisibleOnly]ControlType='Button' &amp;&amp; Name='OK'"
\0&lt;/a&gt;
W, 3524, 20, 2012/11/12, 16:01:55.170, 6711181723698, QTAgent32.exe, &lt;a class=success&gt;Playback - {117} [SUCCESS] MouseButtonClick - "[MSAA, VisibleOnly]ControlType='Button' &amp;&amp; Name='Ok'"
\0&lt;/a&gt;
W, 3524, 20, 2012/11/12, 16:02:02.268, 6711283180923, QTAgent32.exe, PERF WARNING: FindTopLevelWindowHelper::FindAllDescendents: took 6989 ms. Expected it to take maximum 500 ms.
W, 3524, 20, 2012/11/12, 16:02:02.689, 6711289206739, QTAgent32.exe, &lt;a class=success&gt;Playback - {118} [SUCCESS] MouseButtonClick - "[MSAA, VisibleOnly]ControlType='Button' &amp;&amp; Name='OK'"
\0&lt;/a&gt;
W, 3524, 20, 2012/11/12, 16:02:02.798, 6711290761184, QTAgent32.exe, Playback - [WARNING] Internal warning: Thread state based WFR - Requested element has invalid HWND
\0
W, 3524, 20, 2012/11/12, 16:02:02.798, 6711290762844, QTAgent32.exe, Playback - [WARNING] Internal warning: process performance counters based WFR - Requested element has invalid HWND
\0
E, 3524, 20, 2012/11/12, 16:02:02.798, 6711290781175, QTAgent32.exe, EnsureValid called via EnsureValid call for same element
E, 3524, 20, 2012/11/12, 16:02:02.798, 6711290785767, QTAgent32.exe, GetClassName for handle 1051086 failed
E, 3524, 20, 2012/11/12, 16:02:02.798, 6711290788062, QTAgent32.exe, EnsureValid called via EnsureValid call for same element
E, 3524, 20, 2012/11/12, 16:02:02.798, 6711290789703, QTAgent32.exe, EnsureValid called via EnsureValid call for same element
E, 3524, 20, 2012/11/12, 16:02:02.798, 6711290807487, QTAgent32.exe, Window 1051086 not responding. Last Win32 error 0
E, 3524, 20, 2012/11/12, 16:02:02.798, 6711290809661, QTAgent32.exe, GetClassName for handle 1051086 failed
E, 3524, 20, 2012/11/12, 16:02:02.798, 6711290810462, QTAgent32.exe, GetClassName for handle 1051086 failed
W, 3524, 20, 2012/11/12, 16:02:03.126, 6711295456057, QTAgent32.exe, &lt;a class=success&gt;Playback - {119} [SUCCESS] Check - "[MSAA, VisibleOnly]ControlType='CheckBox' &amp;&amp; Name='Defer Printing?'"
\0&lt;/a&gt;
W, 3524, 20, 2012/11/12, 16:02:03.796, 6711305204852, QTAgent32.exe, &lt;a class=success&gt;Playback - {120} [SUCCESS] MouseButtonClick - "[MSAA, VisibleOnly]ControlType='Button' &amp;&amp; Name='Ok'"
\0&lt;/a&gt;
W, 3524, 20, 2012/11/12, 16:02:03.906, 6711306624687, QTAgent32.exe, Playback - [WARNING] Internal warning: Thread state based WFR - Requested element has invalid HWND
\0
W, 3524, 20, 2012/11/12, 16:02:03.906, 6711306626223, QTAgent32.exe, Playback - [WARNING] Internal warning: process performance counters based WFR - Requested element has invalid HWND
\0
E, 3524, 20, 2012/11/12, 16:02:03.906, 6711306629437, QTAgent32.exe, EnsureValid called via EnsureValid call for same element
E, 3524, 20, 2012/11/12, 16:02:03.906, 6711306633041, QTAgent32.exe, GetClassName for handle 5702466 failed
E, 3524, 20, 2012/11/12, 16:02:03.906, 6711306635283, QTAgent32.exe, EnsureValid called via EnsureValid call for same element
E, 3524, 20, 2012/11/12, 16:02:03.906, 6711306636805, QTAgent32.exe, EnsureValid called via EnsureValid call for same element
E, 3524, 20, 2012/11/12, 16:02:03.906, 6711306654025, QTAgent32.exe, Window 5702466 not responding. Last Win32 error 0
E, 3524, 20, 2012/11/12, 16:02:03.906, 6711306656171, QTAgent32.exe, GetClassName for handle 5702466 failed
E, 3524, 20, 2012/11/12, 16:02:03.906, 6711306656997, QTAgent32.exe, GetClassName for handle 5702466 failed
W, 3524, 20, 2012/11/12, 16:02:04.608, 6711316761287, QTAgent32.exe, PERF WARNING: FindTopLevelWindowHelper::FindAllDescendents: took 705 ms. Expected it to take maximum 500 ms.
W, 3524, 20, 2012/11/12, 16:02:04.951, 6711321589730, QTAgent32.exe, &lt;a class=success&gt;Playback - {121} [SUCCESS] Uncheck - "[MSAA, VisibleOnly]ControlType='CheckBox' &amp;&amp; Name='Add Activity'"
\0&lt;/a&gt;
W, 3524, 20, 2012/11/12, 16:02:05.512, 6711329731223, QTAgent32.exe, &lt;a class=success&gt;Playback - {122} [SUCCESS] MouseButtonClick - "[MSAA, VisibleOnly]ControlType='Button' &amp;&amp; Name='Ok'"
\0&lt;/a&gt;
W, 3524, 20, 2012/11/12, 16:02:11.736, 6711418757303, QTAgent32.exe, PERF WARNING: FindTopLevelWindowHelper::FindAllDescendents: took 6006 ms. Expected it to take maximum 500 ms.
W, 3524, 20, 2012/11/12, 16:02:14.092, 6711452474250, QTAgent32.exe, &lt;a class=success&gt;Playback - {123} [SUCCESS] MouseButtonClick - "[MSAA, VisibleOnly]ControlType='Button' &amp;&amp; Name='OK'"
\0&lt;/a&gt;
W, 3524, 20, 2012/11/12, 16:02:14.544, 6711459023390, QTAgent32.exe, &lt;a class=success&gt;Playback - {124} [SUCCESS] MouseButtonClick - "[MSAA, VisibleOnly]ControlType='Button' &amp;&amp; Name='Cancel'"
\0&lt;/a&gt;
W, 3524, 20, 2012/11/12, 16:02:15.074, 6711466602867, QTAgent32.exe, &lt;a class=success&gt;Playback - {125} [SUCCESS] MouseButtonClick - "[MSAA, VisibleOnly]ControlType='Button'"
\0&lt;/a&gt;
W, 3524, 20, 2012/11/12, 16:02:15.652, 6711474972731, QTAgent32.exe, &lt;a class=success&gt;Playback - {126} [SUCCESS] MouseButtonClick - "[MSAA, VisibleOnly]ControlType='Button' &amp;&amp; Name='Detail'"
\0&lt;/a&gt;
W, 3524, 20, 2012/11/12, 16:02:16.104, 6711481292966, QTAgent32.exe, &lt;a class=success&gt;Playback - {127} [SUCCESS] MouseButtonClick - "[MSAA, VisibleOnly]ControlType='Edit'"
\0&lt;/a&gt;
W, 3524, 20, 2012/11/12, 16:02:16.572, 6711488151990, QTAgent32.exe, &lt;a class=success&gt;Playback - {128} [SUCCESS] MouseButtonClick - "[MSAA, VisibleOnly]ControlType='Button' &amp;&amp; Name='Cancel'"
\0&lt;/a&gt;
W, 3524, 20, 2012/11/12, 16:02:17.024, 6711494528818, QTAgent32.exe, &lt;a class=success&gt;Playback - {129} [SUCCESS] MouseButtonClick - "[MSAA, VisibleOnly]ControlType='Button' &amp;&amp; Name='Cancel'"
\0&lt;/a&gt;
W, 3524, 20, 2012/11/12, 16:02:17.461, 6711500728116, QTAgent32.exe, &lt;a class=success&gt;Playback - {130} [SUCCESS] MouseButtonClick - "[MSAA, VisibleOnly]ControlType='Button' &amp;&amp; Name='Cancel'"
\0&lt;/a&gt;
W, 3524, 20, 2012/11/12, 16:02:17.898, 6711507078130, QTAgent32.exe, &lt;a class=success&gt;Playback - {131} [SUCCESS] MouseButtonClick - "[MSAA, VisibleOnly]ControlType='Button' &amp;&amp; Name='Close'"
\0&lt;/a&gt;
W, 3524, 20, 2012/11/12, 16:02:22.375, 6711571115633, QTAgent32.exe, IEDOM : StopSession of the plugin called before StartSession
W, 3524, 20, 2012/11/12, 16:02:22.375, 6711571116837, QTAgent32.exe, UIA : StopSession of the plugin called before StartSession
W, 3524, 20, 2012/11/12, 16:02:22.375, 6711571117583, QTAgent32.exe, SLPlugin : StopSession of the plugin called before StartSession
</DebugTrace>
      </Output>
    </UnitTestResult>
    <UnitTestResult executionId="7d48634b-5714-4e91-ac1b-bf2fb7a7749a" testId="48cd184c-cde9-ee8e-5402-446e48162107" testName="HouseTest12" computerName="ICLVDEVAP01" duration="00:07:38.0371193" startTime="2012-11-12T16:02:22.3751044+00:00" endTime="2012-11-12T16:10:00.4367464+00:00" testType="13cdc9d9-ddb5-4fa4-a97d-d965ccfc6d4b" outcome="Passed" testListId="8c84fa94-04c1-424b-9868-57a2d4851a1d" relativeResultsDirectory="7d48634b-5714-4e91-ac1b-bf2fb7a7749a">
      <Output>
        <DebugTrace>W, 3524, 13, 2012/11/12, 16:02:22.390, 6711571352191, QTAgent32.exe, ExtensionFramework : A Technology Manager with name Web is already registered.
W, 3524, 13, 2012/11/12, 16:02:23.264, 6711583815709, QTAgent32.exe, &lt;a class=success&gt;Playback - {1} [SUCCESS] MouseButtonClick - "[MSAA, VisibleOnly]ControlType='Edit'"
\0&lt;/a&gt;
W, 3524, 13, 2012/11/12, 16:02:23.529, 6711587611044, QTAgent32.exe, &lt;a class=success&gt;Playback - {2} [SUCCESS] SendKeys "[*]" - "[MSAA, VisibleOnly]ControlType='Edit'"
\0&lt;/a&gt;
W, 3524, 13, 2012/11/12, 16:02:24.418, 6711600478225, QTAgent32.exe, &lt;a class=success&gt;Playback - {3} [SUCCESS] MouseButtonClick - "[MSAA, VisibleOnly]ControlType='Button' &amp;&amp; Name='OK'"
\0&lt;/a&gt;
W, 3524, 13, 2012/11/12, 16:02:25.136, 6711610745285, QTAgent32.exe, &lt;a class=success&gt;Playback - {4} [SUCCESS] MouseButtonClick - "[MSAA, VisibleOnly]ControlType='Button' &amp;&amp; Name='OK'"
\0&lt;/a&gt;
W, 3524, 13, 2012/11/12, 16:02:25.806, 6711620267900, QTAgent32.exe, &lt;a class=success&gt;Playback - {5} [SUCCESS] TypeString "#(R)"
\0&lt;/a&gt;
E, 3524, 13, 2012/11/12, 16:02:25.962, 6711622456850, QTAgent32.exe, Exception: System.ArgumentException
	Message: Value does not fall within the expected range.
	Stack Trace:    at Accessibility.IAccessible.get_accRole(Object varChild)
   at Microsoft.VisualStudio.TestTools.UITest.Extension.Msaa.AccWrapper.get_RoleInt()
	BaseExceptionMessage: Value does not fall within the expected range.

E, 3524, 13, 2012/11/12, 16:02:25.962, 6711622589823, QTAgent32.exe, Exception: System.ArgumentException
	Message: Value does not fall within the expected range.
	Stack Trace:    at Accessibility.IAccessible.get_accRole(Object varChild)
   at Microsoft.VisualStudio.TestTools.UITest.Extension.Msaa.AccWrapper.get_RoleInt()
	BaseExceptionMessage: Value does not fall within the expected range.

W, 3524, 13, 2012/11/12, 16:02:26.477, 6711629827640, QTAgent32.exe, &lt;a class=success&gt;Playback - {6} [SUCCESS] LeftButtonClick  &lt; Mouse cursor location (87, 908) &gt;
\0&lt;/a&gt;
W, 3524, 13, 2012/11/12, 16:02:27.569, 6711645462969, QTAgent32.exe, &lt;a class=success&gt;Playback - {7} [SUCCESS] SetValueAsEditBox "c:\TestProject7\ourmma.reg"  &lt; Set via SendKeys &gt;
\0&lt;/a&gt;
W, 3524, 13, 2012/11/12, 16:02:27.569, 6711645465130, QTAgent32.exe, &lt;a class=success&gt;Playback - {8} [SUCCESS] SetValueAsComboBox "c:\TestProject7\ourmma.reg" - "[MSAA, VisibleOnly]ControlType='ComboBox' &amp;&amp; Name='Open:'"  &lt; Set via SetValueAsEditBox &gt;
\0&lt;/a&gt;
W, 3524, 13, 2012/11/12, 16:02:28.006, 6711651864790, QTAgent32.exe, &lt;a class=success&gt;Playback - {9} [SUCCESS] MouseButtonClick - "[MSAA, VisibleOnly]ControlType='Button' &amp;&amp; Name='OK'"
\0&lt;/a&gt;
W, 3524, 13, 2012/11/12, 16:02:28.692, 6711661605148, QTAgent32.exe, &lt;a class=success&gt;Playback - {10} [SUCCESS] MouseButtonClick - "[MSAA, VisibleOnly]ControlType='Button' &amp;&amp; Name='Yes'"
\0&lt;/a&gt;
W, 3524, 13, 2012/11/12, 16:02:29.207, 6711668977504, QTAgent32.exe, &lt;a class=success&gt;Playback - {11} [SUCCESS] MouseButtonClick - "[MSAA, VisibleOnly]ControlType='Button' &amp;&amp; Name='OK'"
\0&lt;/a&gt;
W, 3524, 13, 2012/11/12, 16:02:29.675, 6711675786332, QTAgent32.exe, &lt;a class=success&gt;Playback - {12} [SUCCESS] MouseButtonClick - "[MSAA, VisibleOnly]ControlType='Button' &amp;&amp; Name='Clients &amp; Files'"
\0&lt;/a&gt;
W, 3524, 13, 2012/11/12, 16:02:30.626, 6711689252687, QTAgent32.exe, Playback - [WARNING] Internal warning: Window Not Found: [VisibleOnly]ControlType='Window' &amp;&amp; Name='Customer: txt1 tdsfs' &amp;&amp; ClassName='ThunderRT6MDIForm'
\0
E, 3524, 13, 2012/11/12, 16:02:30.626, 6711689255522, QTAgent32.exe, &lt;a class=failure&gt;Playback - {13} [FAILED] Function ElementFetcher::FindScreenElement failed to locate UI element (Searching: ;[VisibleOnly]ControlType='Window' &amp;&amp; Name='Customer: txt1 tdsfs' &amp;&amp; ClassName='ThunderRT6MDIForm') (The object specified was not found.)
\0&lt;/a&gt;
E, 3524, 13, 2012/11/12, 16:02:30.704, 6711690536628, QTAgent32.exe, Playback - [IMAGE] C:\Users\peter.zenin-ad\AppData\Local\Temp\UITestLogs\LastRun\RPF389C.png
\0
W, 3524, 13, 2012/11/12, 16:02:30.704, 6711690538848, QTAgent32.exe, Playback - [WARNING] Internal warning: Couldn't find descendants that match QueryId
\0
W, 3524, 13, 2012/11/12, 16:02:30.704, 6711690541850, QTAgent32.exe, PERF WARNING: FindTopLevelWindowHelper::FindAllDescendents: took 928 ms. Expected it to take maximum 500 ms.
W, 3524, 13, 2012/11/12, 16:02:48.752, 6711948821366, QTAgent32.exe, Playback - [WARNING] Internal warning: Window Not Found: [VisibleOnly]ControlType='Window' &amp;&amp; Name='Customer: txt1 tdsfs' &amp;&amp; ClassName='ThunderRT6MDIForm'
\0
E, 3524, 13, 2012/11/12, 16:02:48.752, 6711948824182, QTAgent32.exe, &lt;a class=failure&gt;Playback - {14} [FAILED] Function ElementFetcher::FindScreenElement failed to locate UI element (Searching: ;[VisibleOnly]ControlType='Window' &amp;&amp; Name='Customer: txt1 tdsfs' &amp;&amp; ClassName='ThunderRT6MDIForm') (The object specified was not found.)
\0&lt;/a&gt;
E, 3524, 13, 2012/11/12, 16:02:48.830, 6711950108884, QTAgent32.exe, Playback - [IMAGE] C:\Users\peter.zenin-ad\AppData\Local\Temp\UITestLogs\LastRun\RPF7F6C.png
\0
W, 3524, 13, 2012/11/12, 16:02:48.830, 6711950111016, QTAgent32.exe, Playback - [WARNING] Internal warning: Couldn't find descendants that match QueryId
\0
W, 3524, 13, 2012/11/12, 16:02:48.830, 6711950114046, QTAgent32.exe, PERF WARNING: FindTopLevelWindowHelper::FindAllDescendents: took 18128 ms. Expected it to take maximum 500 ms.
W, 3524, 13, 2012/11/12, 16:02:49.345, 6711957290336, QTAgent32.exe, Playback - [WARNING] Internal warning: Window with Class "ThunderRT6MDIForm" and Title "Customer: txt1 tdsfs" was not found, so similar window with Class "ThunderRT6MDIForm" and Title "Customer: autotest" was accepted
\0
W, 3524, 13, 2012/11/12, 16:02:49.345, 6711957294143, QTAgent32.exe, PERF WARNING: FindTopLevelWindowHelper::FindAllDescendents: took 501 ms. Expected it to take maximum 500 ms.
W, 3524, 13, 2012/11/12, 16:02:49.813, 6711964138194, QTAgent32.exe, Playback - [WARNING] Internal warning: Incorrect flag set for InvokeProgrammaticAction\0
W, 3524, 13, 2012/11/12, 16:02:50.141, 6711968693181, QTAgent32.exe, &lt;a class=success&gt;Playback - {15} [SUCCESS] SetValueAsComboBox "Customers" - "[MSAA, VisibleOnly]ControlType='ComboBox'"  &lt; SetValueAsComboBox, set by clicking on the item in the list box &gt;
\0&lt;/a&gt;
W, 3524, 13, 2012/11/12, 16:02:50.796, 6711978185203, QTAgent32.exe, &lt;a class=success&gt;Playback - {16} [SUCCESS] MouseButtonClick - "[MSAA, VisibleOnly]ControlType='Button' &amp;&amp; Name='Add'"
\0&lt;/a&gt;
W, 3524, 13, 2012/11/12, 16:02:51.202, 6711983859247, QTAgent32.exe, &lt;a class=success&gt;Playback - {17} [SUCCESS] SendKeys "autotest" - "[MSAA, VisibleOnly]ControlType='RadioButton' &amp;&amp; Name='Personal Lines'"
\0&lt;/a&gt;
W, 3524, 13, 2012/11/12, 16:02:51.670, 6711990564741, QTAgent32.exe, &lt;a class=success&gt;Playback - {18} [SUCCESS] SetValueAsEditBox "autotest" - "[MSAA, VisibleOnly]ControlType='Edit'"  &lt; Set via SendKeys &gt;
\0&lt;/a&gt;
W, 3524, 13, 2012/11/12, 16:02:52.200, 6711998332308, QTAgent32.exe, &lt;a class=success&gt;Playback - {19} [SUCCESS] MouseButtonClick - "[MSAA, VisibleOnly]ControlType='Button' &amp;&amp; Name='OK'"
\0&lt;/a&gt;
W, 3524, 13, 2012/11/12, 16:02:52.777, 6712006553153, QTAgent32.exe, &lt;a class=success&gt;Playback - {20} [SUCCESS] MouseButtonClick - "[MSAA, VisibleOnly]ControlType='Button' &amp;&amp; Name='Yes'"
\0&lt;/a&gt;
W, 3524, 13, 2012/11/12, 16:02:52.996, 6712009546937, QTAgent32.exe, &lt;a class=success&gt;Playback - {21} [SUCCESS] SendKeys "^{HOME}" - "[MSAA, VisibleOnly]ControlType='Edit'"
\0&lt;/a&gt;
E, 3524, 13, 2012/11/12, 16:02:52.996, 6712009549337, QTAgent32.exe, Msaa.GetFocusedElement: could not find accessible object of foreground window
W, 3524, 13, 2012/11/12, 16:02:53.136, 6712011555912, QTAgent32.exe, &lt;a class=success&gt;Playback - {22} [SUCCESS] SendKeys "^+{END}" - "[MSAA, VisibleOnly]ControlType='Edit'"
\0&lt;/a&gt;
E, 3524, 13, 2012/11/12, 16:02:53.136, 6712011558662, QTAgent32.exe, Msaa.GetFocusedElement: could not find accessible object of foreground window
W, 3524, 13, 2012/11/12, 16:02:53.152, 6712011779438, QTAgent32.exe, &lt;a class=success&gt;Playback - {23} [SUCCESS] SendKeys "{DELETE}" - "[MSAA, VisibleOnly]ControlType='Edit'"
\0&lt;/a&gt;
W, 3524, 13, 2012/11/12, 16:02:53.230, 6712012899276, QTAgent32.exe, &lt;a class=success&gt;Playback - {24} [SUCCESS] SetValueAsEditBox "1" - "[MSAA, VisibleOnly]ControlType='Edit'"  &lt; Set via SendKeys &gt;
\0&lt;/a&gt;
W, 3524, 13, 2012/11/12, 16:02:53.448, 6712016023982, QTAgent32.exe, &lt;a class=success&gt;Playback - {25} [SUCCESS] SendKeys "^{HOME}" - "[MSAA, VisibleOnly]ControlType='Edit'"
\0&lt;/a&gt;
E, 3524, 13, 2012/11/12, 16:02:53.448, 6712016027196, QTAgent32.exe, Msaa.GetFocusedElement: could not find accessible object of foreground window
W, 3524, 13, 2012/11/12, 16:02:53.526, 6712017140027, QTAgent32.exe, &lt;a class=success&gt;Playback - {26} [SUCCESS] SendKeys "^+{END}" - "[MSAA, VisibleOnly]ControlType='Edit'"
\0&lt;/a&gt;
E, 3524, 13, 2012/11/12, 16:02:53.526, 6712017142426, QTAgent32.exe, Msaa.GetFocusedElement: could not find accessible object of foreground window
W, 3524, 13, 2012/11/12, 16:02:53.542, 6712017364358, QTAgent32.exe, &lt;a class=success&gt;Playback - {27} [SUCCESS] SendKeys "{DELETE}" - "[MSAA, VisibleOnly]ControlType='Edit'"
\0&lt;/a&gt;
W, 3524, 13, 2012/11/12, 16:02:53.620, 6712018484556, QTAgent32.exe, &lt;a class=success&gt;Playback - {28} [SUCCESS] SetValueAsEditBox "1" - "[MSAA, VisibleOnly]ControlType='Edit'"  &lt; Set via SendKeys &gt;
\0&lt;/a&gt;
W, 3524, 13, 2012/11/12, 16:02:54.275, 6712027993736, QTAgent32.exe, &lt;a class=success&gt;Playback - {29} [SUCCESS] MouseButtonClick - "[MSAA, VisibleOnly]ControlType='Button' &amp;&amp; Name='OK'"
\0&lt;/a&gt;
W, 3524, 13, 2012/11/12, 16:02:54.790, 6712035414446, QTAgent32.exe, &lt;a class=success&gt;Playback - {30} [SUCCESS] MouseButtonClick - "[MSAA, VisibleOnly]ControlType='Button'"
\0&lt;/a&gt;
W, 3524, 13, 2012/11/12, 16:02:55.429, 6712044460200, QTAgent32.exe, &lt;a class=success&gt;Playback - {31} [SUCCESS] MouseButtonClick - "[MSAA, VisibleOnly]ControlType='Button' &amp;&amp; Name='Add'"
\0&lt;/a&gt;
W, 3524, 13, 2012/11/12, 16:02:55.929, 6712051727820, QTAgent32.exe, &lt;a class=success&gt;Playback - {32} [SUCCESS] MouseButtonClick - "[MSAA, VisibleOnly]ControlType='Button' &amp;&amp; Name='OK'"
\0&lt;/a&gt;
W, 3524, 13, 2012/11/12, 16:02:58.565, 6712089287470, QTAgent32.exe, &lt;a class=success&gt;Playback - {33} [SUCCESS] MouseButtonClick - "[MSAA, VisibleOnly,Window]ControlType='Window' &amp;&amp; ClassName='ThunderRT6TextBox'"
\0&lt;/a&gt;
W, 3524, 13, 2012/11/12, 16:02:58.908, 6712094205840, QTAgent32.exe, &lt;a class=success&gt;Playback - {34} [SUCCESS] SetValueAsEditBox "HOME" - "[MSAA, VisibleOnly]ControlType='Edit'"  &lt; Set via SendKeys &gt;
\0&lt;/a&gt;
W, 3524, 13, 2012/11/12, 16:02:59.407, 6712101555240, QTAgent32.exe, &lt;a class=success&gt;Playback - {35} [SUCCESS] MouseButtonClick - "[MSAA, VisibleOnly]ControlType='Button' &amp;&amp; Name='OK'"
\0&lt;/a&gt;
W, 3524, 13, 2012/11/12, 16:02:59.844, 6712107666872, QTAgent32.exe, &lt;a class=success&gt;Playback - {36} [SUCCESS] MouseButtonClick - "[MSAA, VisibleOnly]ControlType='Button' &amp;&amp; Name='Options'"
\0&lt;/a&gt;
W, 3524, 13, 2012/11/12, 16:02:59.954, 6712109170092, QTAgent32.exe, FindScreenElementInSinglePass : Attempting to find control in one pass of search. Failures can occur.
W, 3524, 13, 2012/11/12, 16:03:00.125, 6712111622886, QTAgent32.exe, &lt;a class=success&gt;Playback - {37} [SUCCESS] MouseButtonClick - "[MSAA]ControlType='MenuItem' &amp;&amp; Name='Links'"
\0&lt;/a&gt;
W, 3524, 13, 2012/11/12, 16:03:00.234, 6712113189811, QTAgent32.exe, FindScreenElementInSinglePass : Attempting to find control in one pass of search. Failures can occur.
W, 3524, 13, 2012/11/12, 16:03:00.422, 6712115868056, QTAgent32.exe, &lt;a class=success&gt;Playback - {38} [SUCCESS] MouseButtonClick - "[MSAA]ControlType='MenuItem' &amp;&amp; Name='3rd Party Integration'"
\0&lt;/a&gt;
W, 3524, 13, 2012/11/12, 16:03:00.531, 6712117436153, QTAgent32.exe, FindScreenElementInSinglePass : Attempting to find control in one pass of search. Failures can occur.
W, 3524, 13, 2012/11/12, 16:03:00.718, 6712120147387, QTAgent32.exe, &lt;a class=success&gt;Playback - {39} [SUCCESS] MouseButtonClick - "[MSAA]ControlType='MenuItem' &amp;&amp; Name='Quote Select List'"
\0&lt;/a&gt;
W, 3524, 13, 2012/11/12, 16:03:02.621, 6712147365732, QTAgent32.exe, PERF WARNING: FindTopLevelWindowHelper::FindAllDescendents: took 1741 ms. Expected it to take maximum 500 ms.
W, 3524, 13, 2012/11/12, 16:03:03.292, 6712157113228, QTAgent32.exe, &lt;a class=success&gt;Playback - {40} [SUCCESS] MouseButtonClick - "[MSAA, VisibleOnly]ControlType='Button' &amp;&amp; Name='Ok'"
\0&lt;/a&gt;
W, 3524, 13, 2012/11/12, 16:03:06.584, 6712204137214, QTAgent32.exe, PERF WARNING: FindTopLevelWindowHelper::FindAllDescendents: took 3169 ms. Expected it to take maximum 500 ms.
W, 3524, 13, 2012/11/12, 16:03:06.755, 6712206550762, QTAgent32.exe, &lt;a class=success&gt;Playback - {41} [SUCCESS] SendKeys "^{HOME}" - "[MSAA, VisibleOnly]ControlType='Edit'"
\0&lt;/a&gt;
E, 3524, 13, 2012/11/12, 16:03:06.755, 6712206553340, QTAgent32.exe, Msaa.GetFocusedElement: could not find accessible object of foreground window
W, 3524, 13, 2012/11/12, 16:03:06.849, 6712207893647, QTAgent32.exe, &lt;a class=success&gt;Playback - {42} [SUCCESS] SendKeys "^+{END}" - "[MSAA, VisibleOnly]ControlType='Edit'"
\0&lt;/a&gt;
E, 3524, 13, 2012/11/12, 16:03:06.849, 6712207896699, QTAgent32.exe, Msaa.GetFocusedElement: could not find accessible object of foreground window
W, 3524, 13, 2012/11/12, 16:03:06.864, 6712208116113, QTAgent32.exe, &lt;a class=success&gt;Playback - {43} [SUCCESS] SendKeys "{DELETE}" - "[MSAA, VisibleOnly]ControlType='Edit'"
\0&lt;/a&gt;
W, 3524, 13, 2012/11/12, 16:03:07.176, 6712212587009, QTAgent32.exe, &lt;a class=success&gt;Playback - {44} [SUCCESS] SetValueAsEditBox "19/11/12" - "[MSAA, VisibleOnly]ControlType='Edit'"  &lt; Set via SendKeys &gt;
\0&lt;/a&gt;
W, 3524, 13, 2012/11/12, 16:03:07.598, 6712218619168, QTAgent32.exe, &lt;a class=success&gt;Playback - {45} [SUCCESS] SetValueAsEditBox "test1" - "[MSAA, VisibleOnly]ControlType='Edit'"  &lt; Set via SendKeys &gt;
\0&lt;/a&gt;
W, 3524, 13, 2012/11/12, 16:03:07.988, 6712224202154, QTAgent32.exe, &lt;a class=success&gt;Playback - {46} [SUCCESS] SetValueAsEditBox "test" - "[MSAA, VisibleOnly]ControlType='Edit'"  &lt; Set via SendKeys &gt;
\0&lt;/a&gt;
W, 3524, 13, 2012/11/12, 16:03:08.222, 6712227549770, QTAgent32.exe, &lt;a class=success&gt;Playback - {47} [SUCCESS] SendKeys "^{HOME}" - "[MSAA, VisibleOnly]ControlType='Edit'"
\0&lt;/a&gt;
E, 3524, 13, 2012/11/12, 16:03:08.222, 6712227552356, QTAgent32.exe, Msaa.GetFocusedElement: could not find accessible object of foreground window
W, 3524, 13, 2012/11/12, 16:03:08.300, 6712228665781, QTAgent32.exe, &lt;a class=success&gt;Playback - {48} [SUCCESS] SendKeys "^+{END}" - "[MSAA, VisibleOnly]ControlType='Edit'"
\0&lt;/a&gt;
E, 3524, 13, 2012/11/12, 16:03:08.300, 6712228668142, QTAgent32.exe, Msaa.GetFocusedElement: could not find accessible object of foreground window
W, 3524, 13, 2012/11/12, 16:03:08.315, 6712228888320, QTAgent32.exe, &lt;a class=success&gt;Playback - {49} [SUCCESS] SendKeys "{DELETE}" - "[MSAA, VisibleOnly]ControlType='Edit'"
\0&lt;/a&gt;
W, 3524, 13, 2012/11/12, 16:03:08.503, 6712231573450, QTAgent32.exe, &lt;a class=success&gt;Playback - {50} [SUCCESS] SetValueAsEditBox "test" - "[MSAA, VisibleOnly]ControlType='Edit'"  &lt; Set via SendKeys &gt;
\0&lt;/a&gt;
W, 3524, 13, 2012/11/12, 16:03:09.095, 6712240086172, QTAgent32.exe, Playback - [WARNING] Internal warning: Incorrect flag set for InvokeProgrammaticAction\0
W, 3524, 13, 2012/11/12, 16:03:09.423, 6712244760509, QTAgent32.exe, &lt;a class=success&gt;Playback - {51} [SUCCESS] SetValueAsComboBox "Account Director" - "[MSAA, VisibleOnly]ControlType='ComboBox'"  &lt; SetValueAsComboBox, set by clicking on the item in the list box &gt;
\0&lt;/a&gt;
W, 3524, 13, 2012/11/12, 16:03:10.031, 6712253475576, QTAgent32.exe, Playback - [WARNING] Internal warning: Incorrect flag set for InvokeProgrammaticAction\0
W, 3524, 13, 2012/11/12, 16:03:10.359, 6712258162747, QTAgent32.exe, &lt;a class=success&gt;Playback - {52} [SUCCESS] SetValueAsComboBox "Advertising" - "[MSAA, VisibleOnly]ControlType='ComboBox'"  &lt; SetValueAsComboBox, set by clicking on the item in the list box &gt;
\0&lt;/a&gt;
W, 3524, 13, 2012/11/12, 16:03:10.811, 6712264630671, QTAgent32.exe, &lt;a class=success&gt;Playback - {53} [SUCCESS] SetValueAsEditBox "160589" - "[MSAA, VisibleOnly]ControlType='Edit'"  &lt; Set via SendKeys &gt;
\0&lt;/a&gt;
W, 3524, 13, 2012/11/12, 16:03:11.264, 6712271107610, QTAgent32.exe, &lt;a class=success&gt;Playback - {54} [SUCCESS] MouseButtonClick - "[MSAA, VisibleOnly]ControlType='Edit'"
\0&lt;/a&gt;
W, 3524, 13, 2012/11/12, 16:03:11.701, 6712277362128, QTAgent32.exe, &lt;a class=success&gt;Playback - {55} [SUCCESS] SetValueAsEditBox "BN16BN" - "[MSAA, VisibleOnly]ControlType='Edit'"  &lt; Set via SendKeys &gt;
\0&lt;/a&gt;
W, 3524, 13, 2012/11/12, 16:03:14.103, 6712311757511, QTAgent32.exe, &lt;a class=success&gt;Playback - {56} [SUCCESS] MouseButtonClick - "[MSAA, VisibleOnly]ControlType='Button' &amp;&amp; Name='Lookup...'"
\0&lt;/a&gt;
W, 3524, 13, 2012/11/12, 16:03:14.555, 6712318371325, QTAgent32.exe, &lt;a class=success&gt;Playback - {57} [SUCCESS] MouseButtonClick - "[MSAA, VisibleOnly]ControlType='Button' &amp;&amp; Name='Ok'"
\0&lt;/a&gt;
W, 3524, 13, 2012/11/12, 16:03:15.055, 6712325455986, QTAgent32.exe, &lt;a class=success&gt;Playback - {58} [SUCCESS] MouseButtonClick - "[MSAA, VisibleOnly]ControlType='Button' &amp;&amp; Name='Next &gt;'"
\0&lt;/a&gt;
W, 3524, 13, 2012/11/12, 16:03:15.492, 6712331641099, QTAgent32.exe, &lt;a class=success&gt;Playback - {59} [SUCCESS] SetValueAsEditBox "1989" - "[MSAA, VisibleOnly]ControlType='Edit'"  &lt; Set via SendKeys &gt;
\0&lt;/a&gt;
W, 3524, 13, 2012/11/12, 16:03:15.960, 6712338435739, QTAgent32.exe, &lt;a class=success&gt;Playback - {60} [SUCCESS] MouseButtonClick - "[MSAA, VisibleOnly]ControlType='Button' &amp;&amp; Name='Next &gt;'"
\0&lt;/a&gt;
W, 3524, 13, 2012/11/12, 16:03:16.178, 6712341615240, QTAgent32.exe, &lt;a class=success&gt;Playback - {61} [SUCCESS] MouseButtonClick - "[MSAA, VisibleOnly]ControlType='Button' &amp;&amp; Name='Next &gt;'"
\0&lt;/a&gt;
W, 3524, 13, 2012/11/12, 16:03:16.412, 6712344875989, QTAgent32.exe, &lt;a class=success&gt;Playback - {62} [SUCCESS] MouseButtonClick - "[MSAA, VisibleOnly]ControlType='Button' &amp;&amp; Name='Next &gt;'"
\0&lt;/a&gt;
W, 3524, 13, 2012/11/12, 16:03:16.849, 6712351076568, QTAgent32.exe, &lt;a class=success&gt;Playback - {63} [SUCCESS] SetValueAsEditBox "2345" - "[MSAA, VisibleOnly]ControlType='Edit'"  &lt; Set via SendKeys &gt;
\0&lt;/a&gt;
W, 3524, 13, 2012/11/12, 16:03:17.301, 6712357551470, QTAgent32.exe, &lt;a class=success&gt;Playback - {64} [SUCCESS] SetValueAsEditBox "2000" - "[MSAA, VisibleOnly]ControlType='Edit'"  &lt; Set via SendKeys &gt;
\0&lt;/a&gt;
W, 3524, 13, 2012/11/12, 16:03:17.754, 6712364034145, QTAgent32.exe, &lt;a class=success&gt;Playback - {65} [SUCCESS] SetValueAsEditBox "2000" - "[MSAA, VisibleOnly]ControlType='Edit'"  &lt; Set via SendKeys &gt;
\0&lt;/a&gt;
W, 3524, 13, 2012/11/12, 16:03:17.972, 6712367324040, QTAgent32.exe, &lt;a class=success&gt;Playback - {66} [SUCCESS] MouseButtonClick - "[MSAA, VisibleOnly]ControlType='Button' &amp;&amp; Name='Next &gt;'"
\0&lt;/a&gt;
W, 3524, 13, 2012/11/12, 16:03:18.393, 6712373186778, QTAgent32.exe, &lt;a class=success&gt;Playback - {67} [SUCCESS] SetValueAsEditBox "2345" - "[MSAA, VisibleOnly]ControlType='Edit'"  &lt; Set via SendKeys &gt;
\0&lt;/a&gt;
W, 3524, 13, 2012/11/12, 16:03:18.768, 6712378734038, QTAgent32.exe, &lt;a class=success&gt;Playback - {68} [SUCCESS] MouseButtonClick - "[MSAA, VisibleOnly]ControlType='Button' &amp;&amp; Name='Next &gt;'"
\0&lt;/a&gt;
W, 3524, 13, 2012/11/12, 16:03:19.158, 6712384206504, QTAgent32.exe, &lt;a class=success&gt;Playback - {69} [SUCCESS] MouseButtonClick - "[MSAA, VisibleOnly]ControlType='Button' &amp;&amp; Name='Next &gt;'"
\0&lt;/a&gt;
W, 3524, 13, 2012/11/12, 16:03:19.470, 6712388711993, QTAgent32.exe, &lt;a class=success&gt;Playback - {70} [SUCCESS] MouseButtonClick - "[MSAA, VisibleOnly]ControlType='Button' &amp;&amp; Name='Quote'"
\0&lt;/a&gt;
W, 3524, 13, 2012/11/12, 16:03:20.062, 6712397160810, QTAgent32.exe, &lt;a class=success&gt;Playback - {71} [SUCCESS] MouseButtonClick - "[MSAA, VisibleOnly]ControlType='Button' &amp;&amp; Name='No'"
\0&lt;/a&gt;
W, 3524, 13, 2012/11/12, 16:03:23.105, 6712440671536, QTAgent32.exe, PERF WARNING: FindTopLevelWindowHelper::FindAllDescendents: took 2934 ms. Expected it to take maximum 500 ms.
W, 3524, 13, 2012/11/12, 16:03:23.432, 6712445330650, QTAgent32.exe, &lt;a class=success&gt;Playback - {72} [SUCCESS] MouseButtonClick - "[MSAA, VisibleOnly]ControlType='Client'"
\0&lt;/a&gt;
W, 3524, 13, 2012/11/12, 16:03:25.055, 6712468632383, QTAgent32.exe, &lt;a class=success&gt;Playback - {73} [SUCCESS] SendKeys "{Home}" - "[MSAA, VisibleOnly]ControlType='Client'"
\0&lt;/a&gt;
W, 3524, 13, 2012/11/12, 16:03:25.601, 6712476509666, QTAgent32.exe, &lt;a class=success&gt;Playback - {74} [SUCCESS] MouseButtonClick - "[MSAA, VisibleOnly]ControlType='Button' &amp;&amp; Name='Accept'"
\0&lt;/a&gt;
W, 3524, 13, 2012/11/12, 16:03:26.069, 6712483226463, QTAgent32.exe, &lt;a class=success&gt;Playback - {75} [SUCCESS] MouseButtonClick - "[MSAA, VisibleOnly]ControlType='Button' &amp;&amp; Name='Yes'"
\0&lt;/a&gt;
W, 3524, 13, 2012/11/12, 16:03:28.409, 6712516778588, QTAgent32.exe, &lt;a class=success&gt;Playback - {76} [SUCCESS] MouseButtonClick - "[MSAA, VisibleOnly]ControlType='Button' &amp;&amp; Name='Ok'"
\0&lt;/a&gt;
W, 3524, 13, 2012/11/12, 16:03:40.624, 6712691482574, QTAgent32.exe, Playback - [WARNING] Internal warning: Window Not Found: [VisibleOnly]ControlType='Window' &amp;&amp; Name='Save the file as' &amp;&amp; ClassName='#32770'
\0
E, 3524, 13, 2012/11/12, 16:03:40.624, 6712691485420, QTAgent32.exe, &lt;a class=failure&gt;Playback - {77} [FAILED] Function ElementFetcher::FindScreenElement failed to locate UI element (Searching: ;[VisibleOnly]ControlType='Window' &amp;&amp; Name='Save the file as' &amp;&amp; ClassName='#32770') (The object specified was not found.)
\0&lt;/a&gt;
E, 3524, 13, 2012/11/12, 16:03:40.702, 6712692745742, QTAgent32.exe, Playback - [IMAGE] C:\Users\peter.zenin-ad\AppData\Local\Temp\UITestLogs\LastRun\RPF4A0C.png
\0
W, 3524, 13, 2012/11/12, 16:03:40.702, 6712692747916, QTAgent32.exe, Playback - [WARNING] Internal warning: Couldn't find descendants that match QueryId
\0
W, 3524, 13, 2012/11/12, 16:03:40.702, 6712692750883, QTAgent32.exe, PERF WARNING: FindTopLevelWindowHelper::FindAllDescendents: took 12194 ms. Expected it to take maximum 500 ms.
W, 3524, 13, 2012/11/12, 16:03:59.048, 6712955277936, QTAgent32.exe, Playback - [WARNING] Internal warning: Window Not Found: [VisibleOnly]ControlType='Window' &amp;&amp; Name='Save the file as' &amp;&amp; ClassName='#32770'
\0
E, 3524, 13, 2012/11/12, 16:03:59.048, 6712955280839, QTAgent32.exe, &lt;a class=failure&gt;Playback - {78} [FAILED] Function ElementFetcher::FindScreenElement failed to locate UI element (Searching: ;[VisibleOnly]ControlType='Window' &amp;&amp; Name='Save the file as' &amp;&amp; ClassName='#32770') (The object specified was not found.)
\0&lt;/a&gt;
E, 3524, 13, 2012/11/12, 16:03:59.173, 6712957262873, QTAgent32.exe, Playback - [IMAGE] C:\Users\peter.zenin-ad\AppData\Local\Temp\UITestLogs\LastRun\RPF9204.png
\0
W, 3524, 13, 2012/11/12, 16:03:59.173, 6712957264984, QTAgent32.exe, Playback - [WARNING] Internal warning: Couldn't find descendants that match QueryId
\0
W, 3524, 13, 2012/11/12, 16:03:59.173, 6712957267973, QTAgent32.exe, PERF WARNING: FindTopLevelWindowHelper::FindAllDescendents: took 18473 ms. Expected it to take maximum 500 ms.
W, 3524, 13, 2012/11/12, 16:04:02.371, 6713002852939, QTAgent32.exe, Playback - [WARNING] Internal warning: Smart Match failed
\0
W, 3524, 13, 2012/11/12, 16:04:03.931, 6713025187924, QTAgent32.exe, Playback - [WARNING] Internal warning: Window Not Found: [VisibleOnly]ControlType='Window' &amp;&amp; Name='Save the file as' &amp;&amp; ClassName='#32770'
\0
E, 3524, 13, 2012/11/12, 16:04:03.931, 6713025191043, QTAgent32.exe, &lt;a class=failure&gt;Playback - {79} [FAILED] Function ElementFetcher::FindScreenElement failed to locate UI element (Searching: ;[VisibleOnly]ControlType='Window' &amp;&amp; Name='Save the file as' &amp;&amp; ClassName='#32770') (The object specified was not found.)
\0&lt;/a&gt;
E, 3524, 13, 2012/11/12, 16:04:04.009, 6713026462904, QTAgent32.exe, Playback - [IMAGE] C:\Users\peter.zenin-ad\AppData\Local\Temp\UITestLogs\LastRun\RPFA518.png
\0
W, 3524, 13, 2012/11/12, 16:04:04.009, 6713026465137, QTAgent32.exe, Playback - [WARNING] Internal warning: Couldn't find descendants that match QueryId
\0
W, 3524, 13, 2012/11/12, 16:04:04.009, 6713026468106, QTAgent32.exe, PERF WARNING: FindTopLevelWindowHelper::FindAllDescendents: took 4832 ms. Expected it to take maximum 500 ms.
E, 3524, 13, 2012/11/12, 16:04:04.009, 6713026469886, QTAgent32.exe, Exception: System.Runtime.InteropServices.COMException
	Message: Error HRESULT E_FAIL has been returned from a call to a COM component.
	Stack Trace:    at Microsoft.VisualStudio.TestTools.UITest.Playback.Engine.IRPFPlayback.FindAllScreenElements(IScreenElement pScreenElementStart, String bstrQueryId, Object&amp; pvarResKeys, Int32 cResKeys, Int32 nMaxDepth, Object[]&amp; foundDescendants)
   at Microsoft.VisualStudio.TestTools.UITest.Playback.ScreenElement.FindTopLevelWindowHelper(String queryId)
	BaseExceptionMessage: Error HRESULT E_FAIL has been returned from a call to a COM component.

E, 3524, 13, 2012/11/12, 16:04:04.212, 6713029205020, QTAgent32.exe, AL: Playback Error: Microsoft.VisualStudio.TestTools.UITest.Extension.UITestControlNotFoundException: The playback failed to find the control with the given search properties. Additional Details: 
TechnologyName:  'MSAA'
ControlType:  'Window'
Name:  'Save the file as'
ClassName:  '#32770'
 ---&gt; System.Runtime.InteropServices.COMException: Error HRESULT E_FAIL has been returned from a call to a COM component.
   at Microsoft.VisualStudio.TestTools.UITest.Playback.Engine.IRPFPlayback.FindAllScreenElements(IScreenElement pScreenElementStart, String bstrQueryId, Object&amp; pvarResKeys, Int32 cResKeys, Int32 nMaxDepth, Object[]&amp; foundDescendants)
   at Microsoft.VisualStudio.TestTools.UITest.Playback.ScreenElement.FindTopLevelWindowHelper(String queryId)
   at Microsoft.VisualStudio.TestTools.UITest.Playback.ScreenElement.FindFromPartialQueryId(String queryId)
   at Microsoft.VisualStudio.TestTools.UITesting.UITestControl..ctor(String queryId)
   --- End of inner exception stack trace ---
   at Microsoft.VisualStudio.TestTools.UITesting.Playback.MapControlNotFoundException(COMException ex, IPlaybackContext context)
   at Microsoft.VisualStudio.TestTools.UITesting.Playback.MapAndThrowComException(COMException innerException, IPlaybackContext context)
   at Microsoft.VisualStudio.TestTools.UITesting.Playback.MapAndThrowException(SystemException exception, IPlaybackContext context)
   at Microsoft.VisualStudio.TestTools.UITesting.Playback.MapAndThrowException(SystemException exception, String queryId)
   at Microsoft.VisualStudio.TestTools.UITesting.UITestControl..ctor(String queryId)
   at Microsoft.VisualStudio.TestTools.UITesting.SearchHelper.SearchTopLevelWindow(ISearchArgument topLevelSearchArg, String topLevelElementQueryId)
   at Microsoft.VisualStudio.TestTools.UITesting.SearchHelper.GetTitleUpdatedTopLevelWindow(ISearchArgument topLevelSearchArg, String queryId, IList`1 windowTitles)
   at Microsoft.VisualStudio.TestTools.UITesting.SearchHelper.GetTopLevelElement(Boolean useCache, Boolean useCacheOnly, ISearchArgument searchArg, IList`1 windowTitles, Int32&amp; timeLeft)
   at Microsoft.VisualStudio.TestTools.UITesting.SearchHelper.GetElement(Boolean useCache, ISearchArgument searchArg)
   at Microsoft.VisualStudio.TestTools.UITesting.SearchHelper.Search(ISearchArgument searchArg)
   at Microsoft.VisualStudio.TestTools.UITesting.UITestControl.FindInternal()
   at Microsoft.VisualStudio.TestTools.UITesting.UITestControl.FindControlIfNecessary()
   at Microsoft.VisualStudio.TestTools.UITesting.UITestControl.Click(MouseButtons button, ModifierKeys modifierKeys, Point relativeCoordinates)
   at Microsoft.VisualStudio.TestTools.UITesting.Mouse.ClickImplementation(UITestControl control, MouseButtons button, ModifierKeys modifierKeys, Point relativeCoordinate)
   at Microsoft.VisualStudio.TestTools.UITesting.Mouse.ClickImplementationWrapper(UITestControl control, MouseButtons button, ModifierKeys modifierKeys, Point relativeCoordinate)
W, 3524, 13, 2012/11/12, 16:04:04.212, 6713029207305, QTAgent32.exe, PlaybackErrorHandler: Ignoring exception as ContinueOnError is set.
W, 3524, 13, 2012/11/12, 16:04:04.617, 6713035032313, QTAgent32.exe, &lt;a class=success&gt;Playback - {80} [SUCCESS] MouseButtonClick - "[MSAA, VisibleOnly]ControlType='Button' &amp;&amp; Name='Ok'"
\0&lt;/a&gt;
W, 3524, 13, 2012/11/12, 16:04:05.085, 6713041880340, QTAgent32.exe, &lt;a class=success&gt;Playback - {81} [SUCCESS] MouseButtonClick - "[MSAA, VisibleOnly]ControlType='Button' &amp;&amp; Name='Ok'"
\0&lt;/a&gt;
W, 3524, 13, 2012/11/12, 16:04:05.631, 6713049532131, QTAgent32.exe, &lt;a class=success&gt;Playback - {82} [SUCCESS] SetValueAsEditBox "B338TH" - "[MSAA, VisibleOnly]ControlType='Edit'"  &lt; Set via SendKeys &gt;
\0&lt;/a&gt;
W, 3524, 13, 2012/11/12, 16:04:08.096, 6713084818692, QTAgent32.exe, &lt;a class=success&gt;Playback - {83} [SUCCESS] MouseButtonClick - "[MSAA, VisibleOnly]ControlType='Button' &amp;&amp; Name='Lookup...'"
\0&lt;/a&gt;
W, 3524, 13, 2012/11/12, 16:04:08.486, 6713090416467, QTAgent32.exe, &lt;a class=success&gt;Playback - {84} [SUCCESS] MouseButtonClick - "[MSAA, VisibleOnly]ControlType='Button' &amp;&amp; Name='Ok'"
\0&lt;/a&gt;
W, 3524, 13, 2012/11/12, 16:04:08.970, 6713097409857, QTAgent32.exe, &lt;a class=success&gt;Playback - {85} [SUCCESS] MouseButtonClick - "[MSAA, VisibleOnly]ControlType='Button' &amp;&amp; Name='Confirm'"
\0&lt;/a&gt;
W, 3524, 13, 2012/11/12, 16:04:30.342, 6713403343549, QTAgent32.exe, Playback - [WARNING] Internal warning: Window Not Found: [VisibleOnly]ControlType='Window' &amp;&amp; Name='insur-E.tam' &amp;&amp; ClassName='#32770'
\0
E, 3524, 13, 2012/11/12, 16:04:30.342, 6713403346395, QTAgent32.exe, &lt;a class=failure&gt;Playback - {86} [FAILED] Function ElementFetcher::FindScreenElement failed to locate UI element (Searching: ;[VisibleOnly]ControlType='Window' &amp;&amp; Name='insur-E.tam' &amp;&amp; ClassName='#32770') (The object specified was not found.)
\0&lt;/a&gt;
E, 3524, 13, 2012/11/12, 16:04:30.420, 6713404597468, QTAgent32.exe, Playback - [IMAGE] C:\Users\peter.zenin-ad\AppData\Local\Temp\UITestLogs\LastRun\RPFC44.png
\0
W, 3524, 13, 2012/11/12, 16:04:30.420, 6713404599609, QTAgent32.exe, Playback - [WARNING] Internal warning: Couldn't find descendants that match QueryId
\0
W, 3524, 13, 2012/11/12, 16:04:30.420, 6713404602688, QTAgent32.exe, PERF WARNING: FindTopLevelWindowHelper::FindAllDescendents: took 21350 ms. Expected it to take maximum 500 ms.
W, 3524, 13, 2012/11/12, 16:04:48.657, 6713665573229, QTAgent32.exe, Playback - [WARNING] Internal warning: Window Not Found: [VisibleOnly]ControlType='Window' &amp;&amp; Name='insur-E.tam' &amp;&amp; ClassName='#32770'
\0
E, 3524, 13, 2012/11/12, 16:04:48.657, 6713665576210, QTAgent32.exe, &lt;a class=failure&gt;Playback - {87} [FAILED] Function ElementFetcher::FindScreenElement failed to locate UI element (Searching: ;[VisibleOnly]ControlType='Window' &amp;&amp; Name='insur-E.tam' &amp;&amp; ClassName='#32770') (The object specified was not found.)
\0&lt;/a&gt;
E, 3524, 13, 2012/11/12, 16:04:48.735, 6713666847746, QTAgent32.exe, Playback - [IMAGE] C:\Users\peter.zenin-ad\AppData\Local\Temp\UITestLogs\LastRun\RPF53D0.png
\0
W, 3524, 13, 2012/11/12, 16:04:48.735, 6713666849938, QTAgent32.exe, Playback - [WARNING] Internal warning: Couldn't find descendants that match QueryId
\0
W, 3524, 13, 2012/11/12, 16:04:48.735, 6713666852985, QTAgent32.exe, PERF WARNING: FindTopLevelWindowHelper::FindAllDescendents: took 18315 ms. Expected it to take maximum 500 ms.
W, 3524, 13, 2012/11/12, 16:04:51.902, 6713712034546, QTAgent32.exe, Playback - [WARNING] Internal warning: Smart Match failed
\0
W, 3524, 13, 2012/11/12, 16:04:53.431, 6713733923297, QTAgent32.exe, Playback - [WARNING] Internal warning: Window Not Found: [VisibleOnly]ControlType='Window' &amp;&amp; Name='insur-E.tam' &amp;&amp; ClassName='#32770'
\0
E, 3524, 13, 2012/11/12, 16:04:53.431, 6713733926124, QTAgent32.exe, &lt;a class=failure&gt;Playback - {88} [FAILED] Function ElementFetcher::FindScreenElement failed to locate UI element (Searching: ;[VisibleOnly]ControlType='Window' &amp;&amp; Name='insur-E.tam' &amp;&amp; ClassName='#32770') (The object specified was not found.)
\0&lt;/a&gt;
E, 3524, 13, 2012/11/12, 16:04:53.509, 6713735193933, QTAgent32.exe, Playback - [IMAGE] C:\Users\peter.zenin-ad\AppData\Local\Temp\UITestLogs\LastRun\RPF6676.png
\0
W, 3524, 13, 2012/11/12, 16:04:53.509, 6713735196105, QTAgent32.exe, Playback - [WARNING] Internal warning: Couldn't find descendants that match QueryId
\0
W, 3524, 13, 2012/11/12, 16:04:53.509, 6713735199047, QTAgent32.exe, PERF WARNING: FindTopLevelWindowHelper::FindAllDescendents: took 4773 ms. Expected it to take maximum 500 ms.
E, 3524, 13, 2012/11/12, 16:04:53.509, 6713735200804, QTAgent32.exe, Exception: System.Runtime.InteropServices.COMException
	Message: Error HRESULT E_FAIL has been returned from a call to a COM component.
	Stack Trace:    at Microsoft.VisualStudio.TestTools.UITest.Playback.Engine.IRPFPlayback.FindAllScreenElements(IScreenElement pScreenElementStart, String bstrQueryId, Object&amp; pvarResKeys, Int32 cResKeys, Int32 nMaxDepth, Object[]&amp; foundDescendants)
   at Microsoft.VisualStudio.TestTools.UITest.Playback.ScreenElement.FindTopLevelWindowHelper(String queryId)
	BaseExceptionMessage: Error HRESULT E_FAIL has been returned from a call to a COM component.

E, 3524, 13, 2012/11/12, 16:04:53.509, 6713735205590, QTAgent32.exe, Window 3672376 not responding. Last Win32 error 0
E, 3524, 13, 2012/11/12, 16:04:53.509, 6713735208300, QTAgent32.exe, GetClassName for handle 3672376 failed
E, 3524, 13, 2012/11/12, 16:04:53.509, 6713735213766, QTAgent32.exe, Window 3672376 not responding. Last Win32 error 1400
E, 3524, 13, 2012/11/12, 16:04:53.509, 6713735223546, QTAgent32.exe, Window 3672376 not responding. Last Win32 error 1400
E, 3524, 13, 2012/11/12, 16:04:53.509, 6713735224711, QTAgent32.exe, GetClassName for handle 3672376 failed
E, 3524, 13, 2012/11/12, 16:04:53.509, 6713735225520, QTAgent32.exe, GetClassName for handle 3672376 failed
E, 3524, 13, 2012/11/12, 16:04:53.618, 6713736598375, QTAgent32.exe, AL: Playback Error: Microsoft.VisualStudio.TestTools.UITest.Extension.UITestControlNotFoundException: The playback failed to find the control with the given search properties. Additional Details: 
TechnologyName:  'MSAA'
ControlType:  'Window'
 ---&gt; System.Runtime.InteropServices.COMException: Error HRESULT E_FAIL has been returned from a call to a COM component.
   at Microsoft.VisualStudio.TestTools.UITest.Playback.Engine.IRPFPlayback.FindAllScreenElements(IScreenElement pScreenElementStart, String bstrQueryId, Object&amp; pvarResKeys, Int32 cResKeys, Int32 nMaxDepth, Object[]&amp; foundDescendants)
   at Microsoft.VisualStudio.TestTools.UITest.Playback.ScreenElement.FindTopLevelWindowHelper(String queryId)
   at Microsoft.VisualStudio.TestTools.UITest.Playback.ScreenElement.FindFromPartialQueryId(String queryId)
   at Microsoft.VisualStudio.TestTools.UITesting.UITestControl..ctor(String queryId)
   --- End of inner exception stack trace ---
   at Microsoft.VisualStudio.TestTools.UITesting.Playback.MapControlNotFoundException(COMException ex, IPlaybackContext context)
   at Microsoft.VisualStudio.TestTools.UITesting.Playback.MapAndThrowComException(COMException innerException, IPlaybackContext context)
   at Microsoft.VisualStudio.TestTools.UITesting.Playback.MapAndThrowException(SystemException exception, IPlaybackContext context)
   at Microsoft.VisualStudio.TestTools.UITesting.Playback.MapAndThrowException(SystemException exception, String queryId)
   at Microsoft.VisualStudio.TestTools.UITesting.UITestControl..ctor(String queryId)
   at Microsoft.VisualStudio.TestTools.UITesting.SearchHelper.SearchTopLevelWindow(ISearchArgument topLevelSearchArg, String topLevelElementQueryId)
   at Microsoft.VisualStudio.TestTools.UITesting.SearchHelper.GetTitleUpdatedTopLevelWindow(ISearchArgument topLevelSearchArg, String queryId, IList`1 windowTitles)
   at Microsoft.VisualStudio.TestTools.UITesting.SearchHelper.GetTopLevelElement(Boolean useCache, Boolean useCacheOnly, ISearchArgument searchArg, IList`1 windowTitles, Int32&amp; timeLeft)
   at Microsoft.VisualStudio.TestTools.UITesting.SearchHelper.GetElement(Boolean useCache, ISearchArgument searchArg)
   at Microsoft.VisualStudio.TestTools.UITesting.SearchHelper.Search(ISearchArgument searchArg)
   at Microsoft.VisualStudio.TestTools.UITesting.UITestControl.FindInternal()
   at Microsoft.VisualStudio.TestTools.UITesting.UITestControl.FindControlIfNecessary()
   at Microsoft.VisualStudio.TestTools.UITesting.UITestControl.Click(MouseButtons button, ModifierKeys modifierKeys, Point relativeCoordinates)
   at Microsoft.VisualStudio.TestTools.UITesting.Mouse.ClickImplementation(UITestControl control, MouseButtons button, ModifierKeys modifierKeys, Point relativeCoordinate)
   at Microsoft.VisualStudio.TestTools.UITesting.Mouse.ClickImplementationWrapper(UITestControl control, MouseButtons button, ModifierKeys modifierKeys, Point relativeCoordinate)
W, 3524, 13, 2012/11/12, 16:04:53.618, 6713736600155, QTAgent32.exe, PlaybackErrorHandler: Ignoring exception as ContinueOnError is set.
W, 3524, 13, 2012/11/12, 16:04:53.946, 6713741292120, QTAgent32.exe, &lt;a class=success&gt;Playback - {89} [SUCCESS] Check - "[MSAA, VisibleOnly]ControlType='CheckBox' &amp;&amp; Name='Defer Printing?'"
\0&lt;/a&gt;
W, 3524, 13, 2012/11/12, 16:04:54.648, 6713751442881, QTAgent32.exe, &lt;a class=success&gt;Playback - {90} [SUCCESS] MouseButtonClick - "[MSAA, VisibleOnly]ControlType='Button' &amp;&amp; Name='Ok'"
\0&lt;/a&gt;
W, 3524, 13, 2012/11/12, 16:04:55.646, 6713765630582, QTAgent32.exe, PERF WARNING: FindTopLevelWindowHelper::FindAllDescendents: took 888 ms. Expected it to take maximum 500 ms.
W, 3524, 13, 2012/11/12, 16:04:55.974, 6713770328910, QTAgent32.exe, &lt;a class=success&gt;Playback - {91} [SUCCESS] Uncheck - "[MSAA, VisibleOnly]ControlType='CheckBox' &amp;&amp; Name='Add Activity'"
\0&lt;/a&gt;
W, 3524, 13, 2012/11/12, 16:04:56.847, 6713782943835, QTAgent32.exe, &lt;a class=success&gt;Playback - {92} [SUCCESS] MouseButtonClick - "[MSAA, VisibleOnly]ControlType='Button' &amp;&amp; Name='Ok'"
\0&lt;/a&gt;
W, 3524, 13, 2012/11/12, 16:04:57.284, 6713789230090, QTAgent32.exe, &lt;a class=success&gt;Playback - {93} [SUCCESS] MouseButtonClick - "[MSAA, VisibleOnly]ControlType='Button' &amp;&amp; Name='Ok'"
\0&lt;/a&gt;
W, 3524, 13, 2012/11/12, 16:05:06.270, 6713917759773, QTAgent32.exe, PERF WARNING: FindTopLevelWindowHelper::FindAllDescendents: took 8752 ms. Expected it to take maximum 500 ms.
W, 3524, 13, 2012/11/12, 16:05:08.563, 6713950576891, QTAgent32.exe, &lt;a class=success&gt;Playback - {94} [SUCCESS] MouseButtonClick - "[MSAA, VisibleOnly]ControlType='Button' &amp;&amp; Name='OK'"
\0&lt;/a&gt;
W, 3524, 13, 2012/11/12, 16:05:09.998, 6713971153200, QTAgent32.exe, Playback - [WARNING] Internal warning: Window Not Found: [VisibleOnly]ControlType='Window' &amp;&amp; Name='Tamxml7' &amp;&amp; ClassName='TMessageForm'
\0
E, 3524, 13, 2012/11/12, 16:05:09.998, 6713971156028, QTAgent32.exe, &lt;a class=failure&gt;Playback - {95} [FAILED] Function ElementFetcher::FindScreenElement failed to locate UI element (Searching: ;[VisibleOnly]ControlType='Window' &amp;&amp; Name='Tamxml7' &amp;&amp; ClassName='TMessageForm') (The object specified was not found.)
\0&lt;/a&gt;
E, 3524, 13, 2012/11/12, 16:05:10.076, 6713972435206, QTAgent32.exe, Playback - [IMAGE] C:\Users\peter.zenin-ad\AppData\Local\Temp\UITestLogs\LastRun\RPFA72F.png
\0
W, 3524, 13, 2012/11/12, 16:05:10.076, 6713972437350, QTAgent32.exe, Playback - [WARNING] Internal warning: Couldn't find descendants that match QueryId
\0
W, 3524, 13, 2012/11/12, 16:05:10.076, 6713972440343, QTAgent32.exe, PERF WARNING: FindTopLevelWindowHelper::FindAllDescendents: took 1417 ms. Expected it to take maximum 500 ms.
W, 3524, 13, 2012/11/12, 16:05:28.189, 6714231587062, QTAgent32.exe, Playback - [WARNING] Internal warning: Window Not Found: [VisibleOnly]ControlType='Window' &amp;&amp; Name='Tamxml7' &amp;&amp; ClassName='TMessageForm'
\0
E, 3524, 13, 2012/11/12, 16:05:28.189, 6714231589818, QTAgent32.exe, &lt;a class=failure&gt;Playback - {96} [FAILED] Function ElementFetcher::FindScreenElement failed to locate UI element (Searching: ;[VisibleOnly]ControlType='Window' &amp;&amp; Name='Tamxml7' &amp;&amp; ClassName='TMessageForm') (The object specified was not found.)
\0&lt;/a&gt;
E, 3524, 13, 2012/11/12, 16:05:28.267, 6714232868628, QTAgent32.exe, Playback - [IMAGE] C:\Users\peter.zenin-ad\AppData\Local\Temp\UITestLogs\LastRun\RPFEE3D.png
\0
W, 3524, 13, 2012/11/12, 16:05:28.267, 6714232870768, QTAgent32.exe, Playback - [WARNING] Internal warning: Couldn't find descendants that match QueryId
\0
W, 3524, 13, 2012/11/12, 16:05:28.267, 6714232873749, QTAgent32.exe, PERF WARNING: FindTopLevelWindowHelper::FindAllDescendents: took 18188 ms. Expected it to take maximum 500 ms.
W, 3524, 13, 2012/11/12, 16:05:28.781, 6714240175645, QTAgent32.exe, Playback - [WARNING] Internal warning: Smart Match failed
\0
W, 3524, 13, 2012/11/12, 16:05:28.969, 6714242878071, QTAgent32.exe, Playback - [WARNING] Internal warning: Smart Match failed
\0
W, 3524, 13, 2012/11/12, 16:05:29.187, 6714245974770, QTAgent32.exe, Playback - [WARNING] Internal warning: Smart Match failed
\0
W, 3524, 13, 2012/11/12, 16:05:29.374, 6714248663167, QTAgent32.exe, Playback - [WARNING] Internal warning: Smart Match failed
\0
W, 3524, 13, 2012/11/12, 16:05:29.561, 6714251332904, QTAgent32.exe, Playback - [WARNING] Internal warning: Smart Match failed
\0
W, 3524, 13, 2012/11/12, 16:05:29.749, 6714254023309, QTAgent32.exe, Playback - [WARNING] Internal warning: Smart Match failed
\0
W, 3524, 13, 2012/11/12, 16:05:29.936, 6714256699665, QTAgent32.exe, Playback - [WARNING] Internal warning: Smart Match failed
\0
W, 3524, 13, 2012/11/12, 16:05:30.123, 6714259376370, QTAgent32.exe, Playback - [WARNING] Internal warning: Smart Match failed
\0
W, 3524, 13, 2012/11/12, 16:05:30.310, 6714262057271, QTAgent32.exe, Playback - [WARNING] Internal warning: Smart Match failed
\0
W, 3524, 13, 2012/11/12, 16:05:30.497, 6714264746776, QTAgent32.exe, Playback - [WARNING] Internal warning: Smart Match failed
\0
W, 3524, 13, 2012/11/12, 16:05:30.685, 6714267418271, QTAgent32.exe, Playback - [WARNING] Internal warning: Smart Match failed
\0
W, 3524, 13, 2012/11/12, 16:05:30.872, 6714270109543, QTAgent32.exe, Playback - [WARNING] Internal warning: Smart Match failed
\0
W, 3524, 13, 2012/11/12, 16:05:31.059, 6714272777009, QTAgent32.exe, Playback - [WARNING] Internal warning: Smart Match failed
\0
W, 3524, 13, 2012/11/12, 16:05:31.246, 6714275466480, QTAgent32.exe, Playback - [WARNING] Internal warning: Smart Match failed
\0
W, 3524, 13, 2012/11/12, 16:05:31.324, 6714276614551, QTAgent32.exe, Playback - [WARNING] Internal warning: Window Not Found: [VisibleOnly]ControlType='Window' &amp;&amp; Name='Tamxml7' &amp;&amp; ClassName='TMessageForm'
\0
E, 3524, 13, 2012/11/12, 16:05:31.324, 6714276616990, QTAgent32.exe, &lt;a class=failure&gt;Playback - {97} [FAILED] Function ElementFetcher::FindScreenElement failed to locate UI element (Searching: ;[VisibleOnly]ControlType='Window' &amp;&amp; Name='Tamxml7' &amp;&amp; ClassName='TMessageForm') (The object specified was not found.)
\0&lt;/a&gt;
E, 3524, 13, 2012/11/12, 16:05:31.418, 6714277888115, QTAgent32.exe, Playback - [IMAGE] C:\Users\peter.zenin-ad\AppData\Local\Temp\UITestLogs\LastRun\RPFFA7E.png
\0
W, 3524, 13, 2012/11/12, 16:05:31.418, 6714277890256, QTAgent32.exe, Playback - [WARNING] Internal warning: Couldn't find descendants that match QueryId
\0
W, 3524, 13, 2012/11/12, 16:05:31.418, 6714277893195, QTAgent32.exe, PERF WARNING: FindTopLevelWindowHelper::FindAllDescendents: took 3144 ms. Expected it to take maximum 500 ms.
E, 3524, 13, 2012/11/12, 16:05:31.418, 6714277894992, QTAgent32.exe, Exception: System.Runtime.InteropServices.COMException
	Message: Error HRESULT E_FAIL has been returned from a call to a COM component.
	Stack Trace:    at Microsoft.VisualStudio.TestTools.UITest.Playback.Engine.IRPFPlayback.FindAllScreenElements(IScreenElement pScreenElementStart, String bstrQueryId, Object&amp; pvarResKeys, Int32 cResKeys, Int32 nMaxDepth, Object[]&amp; foundDescendants)
   at Microsoft.VisualStudio.TestTools.UITest.Playback.ScreenElement.FindTopLevelWindowHelper(String queryId)
	BaseExceptionMessage: Error HRESULT E_FAIL has been returned from a call to a COM component.

E, 3524, 13, 2012/11/12, 16:05:31.418, 6714277898900, QTAgent32.exe, GetClassName for handle 2820390 failed
E, 3524, 13, 2012/11/12, 16:05:31.418, 6714277908278, QTAgent32.exe, Window 2820390 not responding. Last Win32 error 1400
E, 3524, 13, 2012/11/12, 16:05:31.418, 6714277909506, QTAgent32.exe, GetClassName for handle 2820390 failed
E, 3524, 13, 2012/11/12, 16:05:31.418, 6714277910306, QTAgent32.exe, GetClassName for handle 2820390 failed
E, 3524, 13, 2012/11/12, 16:05:31.418, 6714277915529, QTAgent32.exe, GetClassName for handle 5179540 failed
E, 3524, 13, 2012/11/12, 16:05:31.418, 6714277922464, QTAgent32.exe, Exception: System.Runtime.InteropServices.COMException
	Message: Error HRESULT E_FAIL has been returned from a call to a COM component.
	Stack Trace:    at Accessibility.IAccessible.get_accState(Object varChild)
   at Microsoft.VisualStudio.TestTools.UITest.Extension.Msaa.AccWrapper.get_State()
	BaseExceptionMessage: Error HRESULT E_FAIL has been returned from a call to a COM component.

E, 3524, 13, 2012/11/12, 16:05:31.418, 6714277926785, QTAgent32.exe, Exception: System.Runtime.InteropServices.COMException
	Message: Error HRESULT E_FAIL has been returned from a call to a COM component.
	Stack Trace:    at Accessibility.IAccessible.get_accState(Object varChild)
   at Microsoft.VisualStudio.TestTools.UITest.Extension.Msaa.AccWrapper.get_State()
	BaseExceptionMessage: Error HRESULT E_FAIL has been returned from a call to a COM component.

E, 3524, 13, 2012/11/12, 16:05:31.418, 6714277931049, QTAgent32.exe, Exception: System.Runtime.InteropServices.COMException
	Message: Error HRESULT E_FAIL has been returned from a call to a COM component.
	Stack Trace:    at Accessibility.IAccessible.get_accState(Object varChild)
   at Microsoft.VisualStudio.TestTools.UITest.Extension.Msaa.AccWrapper.get_State()
	BaseExceptionMessage: Error HRESULT E_FAIL has been returned from a call to a COM component.

E, 3524, 13, 2012/11/12, 16:05:31.418, 6714277935295, QTAgent32.exe, Exception: System.Runtime.InteropServices.COMException
	Message: Error HRESULT E_FAIL has been returned from a call to a COM component.
	Stack Trace:    at Accessibility.IAccessible.get_accState(Object varChild)
   at Microsoft.VisualStudio.TestTools.UITest.Extension.Msaa.AccWrapper.get_State()
	BaseExceptionMessage: Error HRESULT E_FAIL has been returned from a call to a COM component.

E, 3524, 13, 2012/11/12, 16:05:31.418, 6714277940035, QTAgent32.exe, Exception: System.Runtime.InteropServices.COMException
	Message: Error HRESULT E_FAIL has been returned from a call to a COM component.
	Stack Trace:    at Accessibility.IAccessible.get_accState(Object varChild)
   at Microsoft.VisualStudio.TestTools.UITest.Extension.Msaa.AccWrapper.get_State()
	BaseExceptionMessage: Error HRESULT E_FAIL has been returned from a call to a COM component.

E, 3524, 13, 2012/11/12, 16:05:31.418, 6714277944395, QTAgent32.exe, Exception: System.Runtime.InteropServices.COMException
	Message: Error HRESULT E_FAIL has been returned from a call to a COM component.
	Stack Trace:    at Accessibility.IAccessible.get_accState(Object varChild)
   at Microsoft.VisualStudio.TestTools.UITest.Extension.Msaa.AccWrapper.get_State()
	BaseExceptionMessage: Error HRESULT E_FAIL has been returned from a call to a COM component.

E, 3524, 13, 2012/11/12, 16:05:31.418, 6714277948674, QTAgent32.exe, Exception: System.Runtime.InteropServices.COMException
	Message: Error HRESULT E_FAIL has been returned from a call to a COM component.
	Stack Trace:    at Accessibility.IAccessible.get_accState(Object varChild)
   at Microsoft.VisualStudio.TestTools.UITest.Extension.Msaa.AccWrapper.get_State()
	BaseExceptionMessage: Error HRESULT E_FAIL has been returned from a call to a COM component.

W, 3524, 13, 2012/11/12, 16:05:31.621, 6714280797352, QTAgent32.exe, PERF WARNING: MSAA.UpdateQueryIDForNamelessControls: took 201 ms. Expected it to take maximum 200 ms.
W, 3524, 13, 2012/11/12, 16:05:31.621, 6714280801317, QTAgent32.exe, Msaa.Navigate: Exception [Error HRESULT E_FAIL has been returned from a call to a COM component.] while calling accNavigate.
E, 3524, 13, 2012/11/12, 16:05:31.621, 6714280802723, QTAgent32.exe, GetClassName for handle 5179540 failed
E, 3524, 13, 2012/11/12, 16:05:31.621, 6714280812347, QTAgent32.exe, GetClassName for handle 5179540 failed
E, 3524, 13, 2012/11/12, 16:05:31.621, 6714280814544, QTAgent32.exe, Window 5179540 not responding. Last Win32 error 1400
E, 3524, 13, 2012/11/12, 16:05:31.621, 6714280815565, QTAgent32.exe, GetClassName for handle 2820390 failed
E, 3524, 13, 2012/11/12, 16:05:31.621, 6714280816402, QTAgent32.exe, GetClassName for handle 5179540 failed
E, 3524, 13, 2012/11/12, 16:05:31.621, 6714280817128, QTAgent32.exe, GetClassName for handle 5179540 failed
E, 3524, 13, 2012/11/12, 16:05:31.730, 6714282277010, QTAgent32.exe, AL: Playback Error: Microsoft.VisualStudio.TestTools.UITest.Extension.UITestControlNotAvailableException: The control is not available or not valid. Additional Details: 
TechnologyName:  'MSAA'
ControlType:  'Button'
 ---&gt; Microsoft.VisualStudio.TestTools.UITest.Extension.UITestControlNotAvailableException: The control is not available or not valid. Additional Details: 
TechnologyName:  'MSAA'
ControlType:  'Window'
 ---&gt; System.Runtime.InteropServices.COMException: Error HRESULT E_FAIL has been returned from a call to a COM component.
   at Microsoft.VisualStudio.TestTools.UITest.Playback.Engine.IRPFPlayback.FindAllScreenElements(IScreenElement pScreenElementStart, String bstrQueryId, Object&amp; pvarResKeys, Int32 cResKeys, Int32 nMaxDepth, Object[]&amp; foundDescendants)
   at Microsoft.VisualStudio.TestTools.UITest.Playback.ScreenElement.FindTopLevelWindowHelper(String queryId)
   at Microsoft.VisualStudio.TestTools.UITest.Playback.ScreenElement.FindFromPartialQueryId(String queryId)
   at Microsoft.VisualStudio.TestTools.UITesting.UITestControl.EnsureValid(Boolean waitForReady, Boolean refetch)
   --- End of inner exception stack trace ---
   at Microsoft.VisualStudio.TestTools.UITesting.UITestControl.EnsureValid(Boolean waitForReady, Boolean refetch)
   at Microsoft.VisualStudio.TestTools.UITesting.UITestControl.FindFirstDescendant(String queryId, Int32 maxDepth, Int32&amp; timeLeft)
   at Microsoft.VisualStudio.TestTools.UITesting.UITestControl.FindFirstDescendant(String queryId)
   at Microsoft.VisualStudio.TestTools.UITesting.UITestControl.EnsureValid(Boolean waitForReady, Boolean refetch)
   --- End of inner exception stack trace ---
   at Microsoft.VisualStudio.TestTools.UITesting.UITestControl.EnsureValid(Boolean waitForReady, Boolean refetch)
   at Microsoft.VisualStudio.TestTools.UITesting.UITestControl.Click(MouseButtons button, ModifierKeys modifierKeys, Point relativeCoordinates)
   at Microsoft.VisualStudio.TestTools.UITesting.Mouse.ClickImplementation(UITestControl control, MouseButtons button, ModifierKeys modifierKeys, Point relativeCoordinate)
   at Microsoft.VisualStudio.TestTools.UITesting.Mouse.ClickImplementationWrapper(UITestControl control, MouseButtons button, ModifierKeys modifierKeys, Point relativeCoordinate)
W, 3524, 13, 2012/11/12, 16:05:31.730, 6714282278606, QTAgent32.exe, PlaybackErrorHandler: Ignoring exception as ContinueOnError is set.
W, 3524, 13, 2012/11/12, 16:05:32.073, 6714287263823, QTAgent32.exe, &lt;a class=success&gt;Playback - {98} [SUCCESS] MouseButtonClick - "[MSAA, VisibleOnly]ControlType='Button' &amp;&amp; Name='Cancel'"
\0&lt;/a&gt;
W, 3524, 13, 2012/11/12, 16:05:32.603, 6714294833785, QTAgent32.exe, &lt;a class=success&gt;Playback - {99} [SUCCESS] MouseButtonClick - "[MSAA, VisibleOnly]ControlType='Button'"
\0&lt;/a&gt;
W, 3524, 13, 2012/11/12, 16:05:33.243, 6714303985811, QTAgent32.exe, &lt;a class=success&gt;Playback - {100} [SUCCESS] MouseButtonClick - "[MSAA, VisibleOnly]ControlType='Button' &amp;&amp; Name='Detail'"
\0&lt;/a&gt;
W, 3524, 13, 2012/11/12, 16:05:33.680, 6714310198329, QTAgent32.exe, &lt;a class=success&gt;Playback - {101} [SUCCESS] MouseButtonClick - "[MSAA, VisibleOnly]ControlType='Edit'"
\0&lt;/a&gt;
E, 3524, 13, 2012/11/12, 16:05:33.961, 6714314414564, QTAgent32.exe, IEDOM : Could not get valid window handle of Internet Explorer_server
W, 3524, 13, 2012/11/12, 16:05:33.961, 6714314415758, QTAgent32.exe, IEDOM : Unable to get the document Window Handle
E, 3524, 13, 2012/11/12, 16:05:35.973, 6714343071630, QTAgent32.exe, IEDOM : Could not get valid window handle of Internet Explorer_server
W, 3524, 13, 2012/11/12, 16:05:35.973, 6714343073296, QTAgent32.exe, IEDOM : Unable to get the document Window Handle
W, 3524, 13, 2012/11/12, 16:05:36.363, 6714348622021, QTAgent32.exe, &lt;a class=success&gt;Playback - {102} [SUCCESS] MouseButtonClick - "[MSAA, VisibleOnly]ControlType='Edit' &amp;&amp; Name='User name'"
\0&lt;/a&gt;
W, 3524, 13, 2012/11/12, 16:05:36.894, 6714356214857, QTAgent32.exe, &lt;a class=success&gt;Playback - {103} [SUCCESS] SendKeys "Bus sys" - "[MSAA, VisibleOnly,Window]ControlType='Window' &amp;&amp; AccessibleName='User name' &amp;&amp; ClassName='Edit'"
\0&lt;/a&gt;
W, 3524, 13, 2012/11/12, 16:05:37.362, 6714362916480, QTAgent32.exe, &lt;a class=success&gt;Playback - {104} [SUCCESS] MouseButtonClick - "[MSAA, VisibleOnly]ControlType='Edit' &amp;&amp; Name='Password'"
\0&lt;/a&gt;
W, 3524, 13, 2012/11/12, 16:05:37.611, 6714366614627, QTAgent32.exe, Playback - [WARNING] Internal warning: Element that has the focus is different from the target element. Expected Element: Name = "Password", ControlTypeName = "Edit", Element In Focus: Name = "Password", ControlTypeName = "Window"&gt;. 
\0
W, 3524, 13, 2012/11/12, 16:05:37.908, 6714370728027, QTAgent32.exe, &lt;a class=success&gt;Playback - {105} [SUCCESS] SendKeys "[*]" - "[MSAA, VisibleOnly]ControlType='Edit' &amp;&amp; Name='Password'"
\0&lt;/a&gt;
W, 3524, 13, 2012/11/12, 16:05:38.407, 6714377973290, QTAgent32.exe, &lt;a class=success&gt;Playback - {106} [SUCCESS] MouseButtonClick - "[MSAA, VisibleOnly]ControlType='Button' &amp;&amp; Name='OK'"
\0&lt;/a&gt;
W, 3524, 13, 2012/11/12, 16:05:39.483, 6714393306829, QTAgent32.exe, PERF WARNING: FindTopLevelWindowHelper::FindAllDescendents: took 963 ms. Expected it to take maximum 500 ms.
W, 3524, 13, 2012/11/12, 16:05:41.511, 6714422415961, QTAgent32.exe, &lt;a class=success&gt;Playback - {107} [SUCCESS] MouseButtonClick - "[Web]ControlType='Hyperlink' &amp;&amp; TagName='A' &amp;&amp; Id='' &amp;&amp; Name='' &amp;&amp; Target='' &amp;&amp; InnerText='Renewals Maintenance' &amp;&amp; FilterCondition(AbsolutePath='/sysmaint/content/leftbar.asp', Title='', Href='https://www.insur-econnect.com/sysmaint/content/leftbar.asp#', Class='', ControlDefinition='style="COLOR: white" href="#"', TagInstance='39')"
\0&lt;/a&gt;
W, 3524, 13, 2012/11/12, 16:05:41.901, 6714428029607, QTAgent32.exe, &lt;a class=success&gt;Playback - {108} [SUCCESS] MouseButtonClick - "[Web]ControlType='Hyperlink' &amp;&amp; TagName='A' &amp;&amp; Id='' &amp;&amp; Name='' &amp;&amp; Target='content' &amp;&amp; InnerText='Create a Household Test Renewal Invitation' &amp;&amp; FilterCondition(AbsolutePath='/sysmaint/content/AddHouseholdTestRenewalNotice.asp', Title='', Href='https://www.insur-econnect.com/sysmaint/content/AddHouseholdTestRenewalNotice.asp', Class='itemlink', ControlDefinition='class=itemlink href="AddHouseholdTestRen', TagInstance='2')"
\0&lt;/a&gt;
E, 3524, 13, 2012/11/12, 16:05:43.617, 6714452636304, QTAgent32.exe, Exception: System.NotSupportedException
	Message: Internal Error: This method on IEWebControlElement should not get called.
	Stack Trace:    at Microsoft.VisualStudio.TestTools.UITest.Extension.IE.BrowserOptionElementNode.InvokeProgrammaticAction(ProgrammaticActionOption programmaticActionOption)
	BaseExceptionMessage: Internal Error: This method on IEWebControlElement should not get called.

W, 3524, 13, 2012/11/12, 16:05:43.851, 6714456011386, QTAgent32.exe, &lt;a class=success&gt;Playback - {109} [SUCCESS] SetValueAsComboBox "Covea Insurance plc (formerly MMA)" - "[Web]ControlType='ComboBox' &amp;&amp; TagName='SELECT' &amp;&amp; Id='InsurerID' &amp;&amp; Name='InsurerID' &amp;&amp; FilterCondition(Size='0', LabeledBy='', Title='', ItemCount='54', Class='', ControlDefinition='id=InsurerID onchange=selectInsurer() na', TagInstance='1')"  &lt; SetValueAsComboBox, set by clicking on the item in the list box &gt;
\0&lt;/a&gt;
W, 3524, 13, 2012/11/12, 16:05:44.912, 6714471058506, QTAgent32.exe, &lt;a class=success&gt;Playback - {110} [SUCCESS] SetValueAsEditBox "81588888001147" - "[Web]ControlType='Edit' &amp;&amp; TagName='INPUT' &amp;&amp; Id='' &amp;&amp; Name='txtPolicyNumber' &amp;&amp; LabeledBy='' &amp;&amp; Type='SINGLELINE' &amp;&amp; FilterCondition(Title='', Class='', ControlDefinition='onchange=enableButtons() name=txtPolicyN', TagInstance='1')"  &lt; Set via SendKeys &gt;
\0&lt;/a&gt;
W, 3524, 13, 2012/11/12, 16:05:45.115, 6714473946557, QTAgent32.exe, &lt;a class=success&gt;Playback - {111} [SUCCESS] SendKeys "^{HOME}" - "[Web]ControlType='Edit' &amp;&amp; TagName='INPUT' &amp;&amp; Id='' &amp;&amp; Name='txtRenewalDate' &amp;&amp; LabeledBy='' &amp;&amp; Type='SINGLELINE' &amp;&amp; FilterCondition(Title='', Class='', ControlDefinition='onchange=enableButtons() name=txtRenewal', TagInstance='2')"
\0&lt;/a&gt;
E, 3524, 13, 2012/11/12, 16:05:45.115, 6714473949069, QTAgent32.exe, Msaa.GetFocusedElement: could not find accessible object of foreground window
W, 3524, 13, 2012/11/12, 16:05:45.209, 6714475293720, QTAgent32.exe, &lt;a class=success&gt;Playback - {112} [SUCCESS] SendKeys "^+{END}" - "[Web]ControlType='Edit' &amp;&amp; TagName='INPUT' &amp;&amp; Id='' &amp;&amp; Name='txtRenewalDate' &amp;&amp; LabeledBy='' &amp;&amp; Type='SINGLELINE' &amp;&amp; FilterCondition(Title='', Class='', ControlDefinition='onchange=enableButtons() name=txtRenewal', TagInstance='2')"
\0&lt;/a&gt;
E, 3524, 13, 2012/11/12, 16:05:45.209, 6714475296480, QTAgent32.exe, Msaa.GetFocusedElement: could not find accessible object of foreground window
W, 3524, 13, 2012/11/12, 16:05:45.240, 6714475704793, QTAgent32.exe, &lt;a class=success&gt;Playback - {113} [SUCCESS] SendKeys "{DELETE}" - "[Web]ControlType='Edit' &amp;&amp; TagName='INPUT' &amp;&amp; Id='' &amp;&amp; Name='txtRenewalDate' &amp;&amp; LabeledBy='' &amp;&amp; Type='SINGLELINE' &amp;&amp; FilterCondition(Title='', Class='', ControlDefinition='onchange=enableButtons() name=txtRenewal', TagInstance='2')"
\0&lt;/a&gt;
W, 3524, 13, 2012/11/12, 16:05:45.567, 6714480425117, QTAgent32.exe, &lt;a class=success&gt;Playback - {114} [SUCCESS] SetValueAsEditBox "19/11/2012" - "[Web]ControlType='Edit' &amp;&amp; TagName='INPUT' &amp;&amp; Id='' &amp;&amp; Name='txtRenewalDate' &amp;&amp; LabeledBy='' &amp;&amp; Type='SINGLELINE' &amp;&amp; FilterCondition(Title='', Class='', ControlDefinition='onchange=enableButtons() name=txtRenewal', TagInstance='2')"  &lt; Set via SendKeys &gt;
\0&lt;/a&gt;
W, 3524, 13, 2012/11/12, 16:05:45.770, 6714483326310, QTAgent32.exe, &lt;a class=success&gt;Playback - {115} [SUCCESS] SendKeys "^{HOME}" - "[Web]ControlType='Edit' &amp;&amp; TagName='INPUT' &amp;&amp; Id='' &amp;&amp; Name='txtAutoLapseDate' &amp;&amp; LabeledBy='' &amp;&amp; Type='SINGLELINE' &amp;&amp; FilterCondition(Title='', Class='', ControlDefinition='onchange=enableButtons() name=txtAutoLap', TagInstance='4')"
\0&lt;/a&gt;
E, 3524, 13, 2012/11/12, 16:05:45.770, 6714483328683, QTAgent32.exe, Msaa.GetFocusedElement: could not find accessible object of foreground window
W, 3524, 13, 2012/11/12, 16:05:45.848, 6714484625776, QTAgent32.exe, &lt;a class=success&gt;Playback - {116} [SUCCESS] SendKeys "^+{END}" - "[Web]ControlType='Edit' &amp;&amp; TagName='INPUT' &amp;&amp; Id='' &amp;&amp; Name='txtAutoLapseDate' &amp;&amp; LabeledBy='' &amp;&amp; Type='SINGLELINE' &amp;&amp; FilterCondition(Title='', Class='', ControlDefinition='onchange=enableButtons() name=txtAutoLap', TagInstance='4')"
\0&lt;/a&gt;
E, 3524, 13, 2012/11/12, 16:05:45.848, 6714484628552, QTAgent32.exe, Msaa.GetFocusedElement: could not find accessible object of foreground window
W, 3524, 13, 2012/11/12, 16:05:45.879, 6714484888603, QTAgent32.exe, &lt;a class=success&gt;Playback - {117} [SUCCESS] SendKeys "{DELETE}" - "[Web]ControlType='Edit' &amp;&amp; TagName='INPUT' &amp;&amp; Id='' &amp;&amp; Name='txtAutoLapseDate' &amp;&amp; LabeledBy='' &amp;&amp; Type='SINGLELINE' &amp;&amp; FilterCondition(Title='', Class='', ControlDefinition='onchange=enableButtons() name=txtAutoLap', TagInstance='4')"
\0&lt;/a&gt;
W, 3524, 13, 2012/11/12, 16:05:46.207, 6714489585678, QTAgent32.exe, &lt;a class=success&gt;Playback - {118} [SUCCESS] SetValueAsEditBox "19/11/2012" - "[Web]ControlType='Edit' &amp;&amp; TagName='INPUT' &amp;&amp; Id='' &amp;&amp; Name='txtAutoLapseDate' &amp;&amp; LabeledBy='' &amp;&amp; Type='SINGLELINE' &amp;&amp; FilterCondition(Title='', Class='', ControlDefinition='onchange=enableButtons() name=txtAutoLap', TagInstance='4')"  &lt; Set via SendKeys &gt;
\0&lt;/a&gt;
W, 3524, 13, 2012/11/12, 16:05:46.581, 6714494922648, QTAgent32.exe, &lt;a class=success&gt;Playback - {119} [SUCCESS] MouseButtonClick - "[Web]ControlType='Edit' &amp;&amp; TagName='TEXTAREA' &amp;&amp; Id='' &amp;&amp; Name='txtClientXml' &amp;&amp; LabeledBy='' &amp;&amp; FilterCondition(Title='', Class='', ControlDefinition='onchange=enableButtons() wrap=off cols=5', TagInstance='1')"
\0&lt;/a&gt;
W, 3524, 13, 2012/11/12, 16:05:46.971, 6714500539550, QTAgent32.exe, &lt;a class=success&gt;Playback - {120} [SUCCESS] MouseButtonClick - "[Web]ControlType='Button' &amp;&amp; TagName='INPUT' &amp;&amp; Id='getXmlButton' &amp;&amp; Name='getXmlButton' &amp;&amp; FilterCondition(DisplayText='Get XML from Server', Type='button', Title='Click to get xml from server', Class='', ControlDefinition='id=getXmlButton title="Click to get xml ', TagInstance='5')"
\0&lt;/a&gt;
W, 3524, 13, 2012/11/12, 16:05:47.611, 6714509824842, QTAgent32.exe, &lt;a class=success&gt;Playback - {121} [SUCCESS] MouseButtonClick - "[Web]ControlType='Button' &amp;&amp; TagName='INPUT' &amp;&amp; Id='buttonCreate' &amp;&amp; Name='buttonCreate' &amp;&amp; FilterCondition(DisplayText='  Create Record  ', Type='button', Title='Click to create the new record', Class='', ControlDefinition='id=buttonCreate title="Click to create t', TagInstance='6')"
\0&lt;/a&gt;
W, 3524, 13, 2012/11/12, 16:05:48.063, 6714516203338, QTAgent32.exe, &lt;a class=success&gt;Playback - {122} [SUCCESS] MouseButtonClick - "[MSAA, VisibleOnly]ControlType='Button' &amp;&amp; Name='OK'"
\0&lt;/a&gt;
W, 3524, 13, 2012/11/12, 16:05:48.500, 6714522404899, QTAgent32.exe, &lt;a class=success&gt;Playback - {123} [SUCCESS] MouseButtonClick - "[MSAA, VisibleOnly]ControlType='Button' &amp;&amp; Name='Close'"
\0&lt;/a&gt;
W, 3524, 13, 2012/11/12, 16:05:48.734, 6714525742434, QTAgent32.exe, &lt;a class=success&gt;Playback - {124} [SUCCESS] SendKeys "^{HOME}" - "[MSAA, VisibleOnly]ControlType='Edit'"
\0&lt;/a&gt;
E, 3524, 13, 2012/11/12, 16:05:48.734, 6714525744897, QTAgent32.exe, Msaa.GetFocusedElement: could not find accessible object of foreground window
W, 3524, 13, 2012/11/12, 16:05:48.843, 6714527304966, QTAgent32.exe, &lt;a class=success&gt;Playback - {125} [SUCCESS] SendKeys "^+{END}" - "[MSAA, VisibleOnly]ControlType='Edit'"
\0&lt;/a&gt;
E, 3524, 13, 2012/11/12, 16:05:48.843, 6714527307632, QTAgent32.exe, Msaa.GetFocusedElement: could not find accessible object of foreground window
W, 3524, 13, 2012/11/12, 16:05:48.859, 6714527530808, QTAgent32.exe, &lt;a class=success&gt;Playback - {126} [SUCCESS] SendKeys "{DELETE}" - "[MSAA, VisibleOnly]ControlType='Edit'"
\0&lt;/a&gt;
W, 3524, 13, 2012/11/12, 16:05:49.218, 6714532668843, QTAgent32.exe, &lt;a class=success&gt;Playback - {127} [SUCCESS] SetValueAsEditBox "19/11/2011" - "[MSAA, VisibleOnly]ControlType='Edit'"  &lt; Set via SendKeys &gt;
\0&lt;/a&gt;
W, 3524, 13, 2012/11/12, 16:05:49.733, 6714540078766, QTAgent32.exe, &lt;a class=success&gt;Playback - {128} [SUCCESS] MouseButtonClick - "[MSAA, VisibleOnly]ControlType='Button' &amp;&amp; Name='OK'"
\0&lt;/a&gt;
W, 3524, 13, 2012/11/12, 16:05:50.169, 6714546309289, QTAgent32.exe, &lt;a class=success&gt;Playback - {129} [SUCCESS] MouseButtonClick - "[MSAA, VisibleOnly]ControlType='Client'"
\0&lt;/a&gt;
W, 3524, 13, 2012/11/12, 16:05:51.059, 6714559025836, QTAgent32.exe, &lt;a class=success&gt;Playback - {130} [SUCCESS] SetValueAsEditBox "AUTO160" - "[MSAA, VisibleOnly]ControlType='Edit'"  &lt; Set via SendKeys &gt;
\0&lt;/a&gt;
W, 3524, 13, 2012/11/12, 16:05:51.386, 6714563717434, QTAgent32.exe, &lt;a class=success&gt;Playback - {131} [SUCCESS] SetValueAsEditBox "-1001" - "[MSAA, VisibleOnly]ControlType='Edit'"  &lt; Set via SendKeys &gt;
\0&lt;/a&gt;
W, 3524, 13, 2012/11/12, 16:05:51.901, 6714571277985, QTAgent32.exe, Playback - [WARNING] Internal warning: Incorrect flag set for InvokeProgrammaticAction\0
W, 3524, 13, 2012/11/12, 16:05:52.244, 6714576016029, QTAgent32.exe, &lt;a class=success&gt;Playback - {132} [SUCCESS] SetValueAsComboBox "Household" - "[MSAA, VisibleOnly]ControlType='ComboBox'"  &lt; SetValueAsComboBox, set by clicking on the item in the list box &gt;
\0&lt;/a&gt;
W, 3524, 13, 2012/11/12, 16:05:52.432, 6714578677702, QTAgent32.exe, &lt;a class=success&gt;Playback - {133} [SUCCESS] SendKeys "^{HOME}" - "[MSAA, VisibleOnly]ControlType='Edit'"
\0&lt;/a&gt;
E, 3524, 13, 2012/11/12, 16:05:52.432, 6714578680076, QTAgent32.exe, Msaa.GetFocusedElement: could not find accessible object of foreground window
W, 3524, 13, 2012/11/12, 16:05:52.510, 6714579795184, QTAgent32.exe, &lt;a class=success&gt;Playback - {134} [SUCCESS] SendKeys "^+{END}" - "[MSAA, VisibleOnly]ControlType='Edit'"
\0&lt;/a&gt;
E, 3524, 13, 2012/11/12, 16:05:52.510, 6714579797173, QTAgent32.exe, Msaa.GetFocusedElement: could not find accessible object of foreground window
W, 3524, 13, 2012/11/12, 16:05:52.525, 6714580018168, QTAgent32.exe, &lt;a class=success&gt;Playback - {135} [SUCCESS] SendKeys "{DELETE}" - "[MSAA, VisibleOnly]ControlType='Edit'"
\0&lt;/a&gt;
W, 3524, 13, 2012/11/12, 16:05:52.868, 6714584936200, QTAgent32.exe, &lt;a class=success&gt;Playback - {136} [SUCCESS] SetValueAsEditBox "19/11/2011" - "[MSAA, VisibleOnly]ControlType='Edit'"  &lt; Set via SendKeys &gt;
\0&lt;/a&gt;
W, 3524, 13, 2012/11/12, 16:05:53.539, 6714594569537, QTAgent32.exe, &lt;a class=success&gt;Playback - {137} [SUCCESS] MouseButtonClick - "[MSAA, VisibleOnly]ControlType='Button' &amp;&amp; Name='Regress'"
\0&lt;/a&gt;
W, 3524, 13, 2012/11/12, 16:05:55.957, 6714629162837, QTAgent32.exe, &lt;a class=success&gt;Playback - {138} [SUCCESS] MouseButtonClick - "[MSAA, VisibleOnly]ControlType='Button' &amp;&amp; Name='Exit'"
\0&lt;/a&gt;
W, 3524, 13, 2012/11/12, 16:05:56.425, 6714635904761, QTAgent32.exe, &lt;a class=success&gt;Playback - {139} [SUCCESS] MouseButtonClick - "[MSAA, VisibleOnly]ControlType='Button'"
\0&lt;/a&gt;
W, 3524, 13, 2012/11/12, 16:05:56.862, 6714642181340, QTAgent32.exe, &lt;a class=success&gt;Playback - {140} [SUCCESS] MouseButtonClick - "[MSAA, VisibleOnly]ControlType='Button' &amp;&amp; Name='Options'"
\0&lt;/a&gt;
W, 3524, 13, 2012/11/12, 16:05:56.971, 6714643684899, QTAgent32.exe, FindScreenElementInSinglePass : Attempting to find control in one pass of search. Failures can occur.
W, 3524, 13, 2012/11/12, 16:05:57.143, 6714646134027, QTAgent32.exe, &lt;a class=success&gt;Playback - {141} [SUCCESS] MouseButtonClick - "[MSAA]ControlType='MenuItem' &amp;&amp; Name='Links'"
\0&lt;/a&gt;
W, 3524, 13, 2012/11/12, 16:05:57.252, 6714647704123, QTAgent32.exe, FindScreenElementInSinglePass : Attempting to find control in one pass of search. Failures can occur.
W, 3524, 13, 2012/11/12, 16:05:57.439, 6714650381243, QTAgent32.exe, &lt;a class=success&gt;Playback - {142} [SUCCESS] MouseButtonClick - "[MSAA]ControlType='MenuItem' &amp;&amp; Name='3rd Party Integration'"
\0&lt;/a&gt;
W, 3524, 13, 2012/11/12, 16:05:57.548, 6714651950627, QTAgent32.exe, FindScreenElementInSinglePass : Attempting to find control in one pass of search. Failures can occur.
W, 3524, 13, 2012/11/12, 16:05:57.736, 6714654650480, QTAgent32.exe, &lt;a class=success&gt;Playback - {143} [SUCCESS] MouseButtonClick - "[MSAA]ControlType='MenuItem' &amp;&amp; Name='Renewals Loader'"
\0&lt;/a&gt;
W, 3524, 13, 2012/11/12, 16:05:58.219, 6714661552093, QTAgent32.exe, &lt;a class=success&gt;Playback - {144} [SUCCESS] MouseButtonClick - "[MSAA, VisibleOnly]ControlType='TitleBar'"
\0&lt;/a&gt;
W, 3524, 13, 2012/11/12, 16:05:58.422, 6714664449901, QTAgent32.exe, &lt;a class=success&gt;Playback - {145} [SUCCESS] SendKeys "^{HOME}" - "[MSAA, VisibleOnly]ControlType='Edit'"
\0&lt;/a&gt;
E, 3524, 13, 2012/11/12, 16:05:58.422, 6714664452641, QTAgent32.exe, Msaa.GetFocusedElement: could not find accessible object of foreground window
W, 3524, 13, 2012/11/12, 16:05:58.500, 6714665566565, QTAgent32.exe, &lt;a class=success&gt;Playback - {146} [SUCCESS] SendKeys "^+{END}" - "[MSAA, VisibleOnly]ControlType='Edit'"
\0&lt;/a&gt;
E, 3524, 13, 2012/11/12, 16:05:58.500, 6714665569290, QTAgent32.exe, Msaa.GetFocusedElement: could not find accessible object of foreground window
W, 3524, 13, 2012/11/12, 16:05:58.516, 6714665791310, QTAgent32.exe, &lt;a class=success&gt;Playback - {147} [SUCCESS] SendKeys "{DELETE}" - "[MSAA, VisibleOnly]ControlType='Edit'"
\0&lt;/a&gt;
W, 3524, 13, 2012/11/12, 16:05:58.859, 6714670711084, QTAgent32.exe, &lt;a class=success&gt;Playback - {148} [SUCCESS] SetValueAsEditBox "11/11/2012" - "[MSAA, VisibleOnly]ControlType='Edit'"  &lt; Set via SendKeys &gt;
\0&lt;/a&gt;
W, 3524, 13, 2012/11/12, 16:05:59.343, 6714677762461, QTAgent32.exe, &lt;a class=success&gt;Playback - {149} [SUCCESS] MouseButtonClick - "[MSAA, VisibleOnly]ControlType='Button' &amp;&amp; Name='Run'"
\0&lt;/a&gt;
W, 3524, 13, 2012/11/12, 16:06:00.247, 6714690646462, QTAgent32.exe, PERF WARNING: FindTopLevelWindowHelper::FindAllDescendents: took 799 ms. Expected it to take maximum 500 ms.
E, 3524, 13, 2012/11/12, 16:06:00.247, 6714690658214, QTAgent32.exe, IEDOM : Could not get valid window handle of Internet Explorer_server
W, 3524, 13, 2012/11/12, 16:06:00.247, 6714690659086, QTAgent32.exe, IEDOM : Unable to get the document Window Handle
W, 3524, 13, 2012/11/12, 16:06:02.837, 6714727733316, QTAgent32.exe, &lt;a class=success&gt;Playback - {150} [SUCCESS] MouseButtonClick - "[MSAA, VisibleOnly]ControlType='Button' &amp;&amp; Name='Close'"
\0&lt;/a&gt;
W, 3524, 13, 2012/11/12, 16:06:03.274, 6714733920842, QTAgent32.exe, &lt;a class=success&gt;Playback - {151} [SUCCESS] MouseButtonClick - "[MSAA, VisibleOnly]ControlType='TitleBar'"
\0&lt;/a&gt;
W, 3524, 13, 2012/11/12, 16:06:03.664, 6714739539507, QTAgent32.exe, &lt;a class=success&gt;Playback - {152} [SUCCESS] MouseButtonClick - "[MSAA, VisibleOnly]ControlType='Button' &amp;&amp; Name='Close'"
\0&lt;/a&gt;
W, 3524, 13, 2012/11/12, 16:06:04.038, 6714744922828, QTAgent32.exe, &lt;a class=success&gt;Playback - {153} [SUCCESS] MouseButtonClick - "[MSAA, VisibleOnly]ControlType='Button' &amp;&amp; Name='Options'"
\0&lt;/a&gt;
W, 3524, 13, 2012/11/12, 16:06:04.147, 6714746431965, QTAgent32.exe, FindScreenElementInSinglePass : Attempting to find control in one pass of search. Failures can occur.
W, 3524, 13, 2012/11/12, 16:06:04.319, 6714748881055, QTAgent32.exe, &lt;a class=success&gt;Playback - {154} [SUCCESS] MouseButtonClick - "[MSAA]ControlType='MenuItem' &amp;&amp; Name='Links'"
\0&lt;/a&gt;
W, 3524, 13, 2012/11/12, 16:06:04.428, 6714750448501, QTAgent32.exe, FindScreenElementInSinglePass : Attempting to find control in one pass of search. Failures can occur.
W, 3524, 13, 2012/11/12, 16:06:04.615, 6714753125178, QTAgent32.exe, &lt;a class=success&gt;Playback - {155} [SUCCESS] MouseButtonClick - "[MSAA]ControlType='MenuItem' &amp;&amp; Name='3rd Party Integration'"
\0&lt;/a&gt;
W, 3524, 13, 2012/11/12, 16:06:04.725, 6714754694520, QTAgent32.exe, FindScreenElementInSinglePass : Attempting to find control in one pass of search. Failures can occur.
W, 3524, 13, 2012/11/12, 16:06:04.912, 6714757398315, QTAgent32.exe, &lt;a class=success&gt;Playback - {156} [SUCCESS] MouseButtonClick - "[MSAA]ControlType='MenuItem' &amp;&amp; Name='Renewals Module'"
\0&lt;/a&gt;
W, 3524, 13, 2012/11/12, 16:06:05.395, 6714764305211, QTAgent32.exe, &lt;a class=success&gt;Playback - {157} [SUCCESS] SetValueAsEditBox "1" - "[MSAA, VisibleOnly]ControlType='Edit'"  &lt; Set via SendKeys &gt;
\0&lt;/a&gt;
W, 3524, 13, 2012/11/12, 16:06:06.066, 6714773974405, QTAgent32.exe, &lt;a class=success&gt;Playback - {158} [SUCCESS] MouseButtonClick - "[MSAA, VisibleOnly]ControlType='Button' &amp;&amp; Name='Ok'"
\0&lt;/a&gt;
W, 3524, 13, 2012/11/12, 16:06:06.456, 6714779513286, QTAgent32.exe, Playback - [WARNING] Internal warning: Window Not Found: [VisibleOnly]ControlType='Window' &amp;&amp; Name='insur-E.tam' &amp;&amp; ClassName='#32770'
\0
E, 3524, 13, 2012/11/12, 16:06:06.456, 6714779515926, QTAgent32.exe, &lt;a class=failure&gt;Playback - {159} [FAILED] Function ElementFetcher::FindScreenElement failed to locate UI element (Searching: ;[VisibleOnly]ControlType='Window' &amp;&amp; Name='insur-E.tam' &amp;&amp; ClassName='#32770') (The object specified was not found.)
\0&lt;/a&gt;
E, 3524, 13, 2012/11/12, 16:06:06.550, 6714780840933, QTAgent32.exe, Playback - [IMAGE] C:\Users\peter.zenin-ad\AppData\Local\Temp\UITestLogs\LastRun\RPF83BA.png
\0
W, 3524, 13, 2012/11/12, 16:06:06.550, 6714780843062, QTAgent32.exe, Playback - [WARNING] Internal warning: Couldn't find descendants that match QueryId
\0
W, 3524, 13, 2012/11/12, 16:06:24.646, 6715039959079, QTAgent32.exe, Playback - [WARNING] Internal warning: Window Not Found: [VisibleOnly]ControlType='Window' &amp;&amp; Name='insur-E.tam' &amp;&amp; ClassName='#32770'
\0
E, 3524, 13, 2012/11/12, 16:06:24.646, 6715039962372, QTAgent32.exe, &lt;a class=failure&gt;Playback - {160} [FAILED] Function ElementFetcher::FindScreenElement failed to locate UI element (Searching: ;[VisibleOnly]ControlType='Window' &amp;&amp; Name='insur-E.tam' &amp;&amp; ClassName='#32770') (The object specified was not found.)
\0&lt;/a&gt;
E, 3524, 13, 2012/11/12, 16:06:24.740, 6715041295364, QTAgent32.exe, Playback - [IMAGE] C:\Users\peter.zenin-ad\AppData\Local\Temp\UITestLogs\LastRun\RPFCAC9.png
\0
W, 3524, 13, 2012/11/12, 16:06:24.740, 6715041297455, QTAgent32.exe, Playback - [WARNING] Internal warning: Couldn't find descendants that match QueryId
\0
W, 3524, 13, 2012/11/12, 16:06:24.740, 6715041300463, QTAgent32.exe, PERF WARNING: FindTopLevelWindowHelper::FindAllDescendents: took 18190 ms. Expected it to take maximum 500 ms.
W, 3524, 13, 2012/11/12, 16:06:25.255, 6715048768492, QTAgent32.exe, Playback - [WARNING] Internal warning: Smart Match failed
\0
W, 3524, 13, 2012/11/12, 16:06:25.458, 6715051653702, QTAgent32.exe, Playback - [WARNING] Internal warning: Smart Match failed
\0
W, 3524, 13, 2012/11/12, 16:06:25.645, 6715054335558, QTAgent32.exe, Playback - [WARNING] Internal warning: Smart Match failed
\0
W, 3524, 13, 2012/11/12, 16:06:25.832, 6715057027887, QTAgent32.exe, Playback - [WARNING] Internal warning: Smart Match failed
\0
W, 3524, 13, 2012/11/12, 16:06:26.035, 6715059923793, QTAgent32.exe, Playback - [WARNING] Internal warning: Smart Match failed
\0
W, 3524, 13, 2012/11/12, 16:06:26.222, 6715062599795, QTAgent32.exe, Playback - [WARNING] Internal warning: Smart Match failed
\0
W, 3524, 13, 2012/11/12, 16:06:26.409, 6715065281373, QTAgent32.exe, Playback - [WARNING] Internal warning: Smart Match failed
\0
W, 3524, 13, 2012/11/12, 16:06:26.596, 6715067959566, QTAgent32.exe, Playback - [WARNING] Internal warning: Smart Match failed
\0
W, 3524, 13, 2012/11/12, 16:06:26.784, 6715070647198, QTAgent32.exe, Playback - [WARNING] Internal warning: Smart Match failed
\0
W, 3524, 13, 2012/11/12, 16:06:26.971, 6715073326600, QTAgent32.exe, Playback - [WARNING] Internal warning: Smart Match failed
\0
W, 3524, 13, 2012/11/12, 16:06:27.158, 6715076004884, QTAgent32.exe, Playback - [WARNING] Internal warning: Smart Match failed
\0
W, 3524, 13, 2012/11/12, 16:06:27.345, 6715078684352, QTAgent32.exe, Playback - [WARNING] Internal warning: Smart Match failed
\0
W, 3524, 13, 2012/11/12, 16:06:27.532, 6715081370252, QTAgent32.exe, Playback - [WARNING] Internal warning: Smart Match failed
\0
W, 3524, 13, 2012/11/12, 16:06:27.735, 6715084269605, QTAgent32.exe, Playback - [WARNING] Internal warning: Smart Match failed
\0
W, 3524, 13, 2012/11/12, 16:06:27.813, 6715085440866, QTAgent32.exe, Playback - [WARNING] Internal warning: Window Not Found: [VisibleOnly]ControlType='Window' &amp;&amp; Name='insur-E.tam' &amp;&amp; ClassName='#32770'
\0
E, 3524, 13, 2012/11/12, 16:06:27.813, 6715085443046, QTAgent32.exe, &lt;a class=failure&gt;Playback - {161} [FAILED] Function ElementFetcher::FindScreenElement failed to locate UI element (Searching: ;[VisibleOnly]ControlType='Window' &amp;&amp; Name='insur-E.tam' &amp;&amp; ClassName='#32770') (The object specified was not found.)
\0&lt;/a&gt;
E, 3524, 13, 2012/11/12, 16:06:27.907, 6715086762965, QTAgent32.exe, Playback - [IMAGE] C:\Users\peter.zenin-ad\AppData\Local\Temp\UITestLogs\LastRun\RPFD729.png
\0
W, 3524, 13, 2012/11/12, 16:06:27.907, 6715086765338, QTAgent32.exe, Playback - [WARNING] Internal warning: Couldn't find descendants that match QueryId
\0
W, 3524, 13, 2012/11/12, 16:06:27.907, 6715086768340, QTAgent32.exe, PERF WARNING: FindTopLevelWindowHelper::FindAllDescendents: took 3175 ms. Expected it to take maximum 500 ms.
E, 3524, 13, 2012/11/12, 16:06:27.907, 6715086770171, QTAgent32.exe, Exception: System.Runtime.InteropServices.COMException
	Message: Error HRESULT E_FAIL has been returned from a call to a COM component.
	Stack Trace:    at Microsoft.VisualStudio.TestTools.UITest.Playback.Engine.IRPFPlayback.FindAllScreenElements(IScreenElement pScreenElementStart, String bstrQueryId, Object&amp; pvarResKeys, Int32 cResKeys, Int32 nMaxDepth, Object[]&amp; foundDescendants)
   at Microsoft.VisualStudio.TestTools.UITest.Playback.ScreenElement.FindTopLevelWindowHelper(String queryId)
	BaseExceptionMessage: Error HRESULT E_FAIL has been returned from a call to a COM component.

E, 3524, 13, 2012/11/12, 16:06:27.907, 6715086774802, QTAgent32.exe, Window 3672376 not responding. Last Win32 error 0
E, 3524, 13, 2012/11/12, 16:06:27.907, 6715086778745, QTAgent32.exe, Window 3672376 not responding. Last Win32 error 1400
E, 3524, 13, 2012/11/12, 16:06:27.907, 6715086783475, QTAgent32.exe, Window 3672376 not responding. Last Win32 error 1400
E, 3524, 13, 2012/11/12, 16:06:27.907, 6715086784714, QTAgent32.exe, GetClassName for handle 3672376 failed
E, 3524, 13, 2012/11/12, 16:06:27.907, 6715086785536, QTAgent32.exe, GetClassName for handle 3672376 failed
E, 3524, 13, 2012/11/12, 16:06:28.016, 6715088173243, QTAgent32.exe, AL: Playback Error: Microsoft.VisualStudio.TestTools.UITest.Extension.UITestControlNotFoundException: The playback failed to find the control with the given search properties. Additional Details: 
TechnologyName:  'MSAA'
ControlType:  'Window'
 ---&gt; System.Runtime.InteropServices.COMException: Error HRESULT E_FAIL has been returned from a call to a COM component.
   at Microsoft.VisualStudio.TestTools.UITest.Playback.Engine.IRPFPlayback.FindAllScreenElements(IScreenElement pScreenElementStart, String bstrQueryId, Object&amp; pvarResKeys, Int32 cResKeys, Int32 nMaxDepth, Object[]&amp; foundDescendants)
   at Microsoft.VisualStudio.TestTools.UITest.Playback.ScreenElement.FindTopLevelWindowHelper(String queryId)
   at Microsoft.VisualStudio.TestTools.UITest.Playback.ScreenElement.FindFromPartialQueryId(String queryId)
   at Microsoft.VisualStudio.TestTools.UITesting.UITestControl..ctor(String queryId)
   --- End of inner exception stack trace ---
   at Microsoft.VisualStudio.TestTools.UITesting.Playback.MapControlNotFoundException(COMException ex, IPlaybackContext context)
   at Microsoft.VisualStudio.TestTools.UITesting.Playback.MapAndThrowComException(COMException innerException, IPlaybackContext context)
   at Microsoft.VisualStudio.TestTools.UITesting.Playback.MapAndThrowException(SystemException exception, IPlaybackContext context)
   at Microsoft.VisualStudio.TestTools.UITesting.Playback.MapAndThrowException(SystemException exception, String queryId)
   at Microsoft.VisualStudio.TestTools.UITesting.UITestControl..ctor(String queryId)
   at Microsoft.VisualStudio.TestTools.UITesting.SearchHelper.SearchTopLevelWindow(ISearchArgument topLevelSearchArg, String topLevelElementQueryId)
   at Microsoft.VisualStudio.TestTools.UITesting.SearchHelper.GetTitleUpdatedTopLevelWindow(ISearchArgument topLevelSearchArg, String queryId, IList`1 windowTitles)
   at Microsoft.VisualStudio.TestTools.UITesting.SearchHelper.GetTopLevelElement(Boolean useCache, Boolean useCacheOnly, ISearchArgument searchArg, IList`1 windowTitles, Int32&amp; timeLeft)
   at Microsoft.VisualStudio.TestTools.UITesting.SearchHelper.GetElement(Boolean useCache, ISearchArgument searchArg)
   at Microsoft.VisualStudio.TestTools.UITesting.SearchHelper.Search(ISearchArgument searchArg)
   at Microsoft.VisualStudio.TestTools.UITesting.UITestControl.FindInternal()
   at Microsoft.VisualStudio.TestTools.UITesting.UITestControl.FindControlIfNecessary()
   at Microsoft.VisualStudio.TestTools.UITesting.UITestControl.Click(MouseButtons button, ModifierKeys modifierKeys, Point relativeCoordinates)
   at Microsoft.VisualStudio.TestTools.UITesting.Mouse.ClickImplementation(UITestControl control, MouseButtons button, ModifierKeys modifierKeys, Point relativeCoordinate)
   at Microsoft.VisualStudio.TestTools.UITesting.Mouse.ClickImplementationWrapper(UITestControl control, MouseButtons button, ModifierKeys modifierKeys, Point relativeCoordinate)
W, 3524, 13, 2012/11/12, 16:06:28.016, 6715088174742, QTAgent32.exe, PlaybackErrorHandler: Ignoring exception as ContinueOnError is set.
W, 3524, 13, 2012/11/12, 16:06:28.297, 6715092226414, QTAgent32.exe, Playback - [WARNING] Internal warning: Window Not Found: [VisibleOnly]ControlType='Window' &amp;&amp; Name='Policies Auto-Renewed &amp; Auto-Lapsed' &amp;&amp; ClassName='ThunderRT6FormDC'
\0
E, 3524, 13, 2012/11/12, 16:06:28.297, 6715092229126, QTAgent32.exe, &lt;a class=failure&gt;Playback - {162} [FAILED] Function ElementFetcher::FindScreenElement failed to locate UI element (Searching: ;[VisibleOnly]ControlType='Window' &amp;&amp; Name='Policies Auto-Renewed &amp; Auto-Lapsed' &amp;&amp; ClassName='ThunderRT6FormDC') (The object specified was not found.)
\0&lt;/a&gt;
E, 3524, 13, 2012/11/12, 16:06:28.390, 6715093545573, QTAgent32.exe, Playback - [IMAGE] C:\Users\peter.zenin-ad\AppData\Local\Temp\UITestLogs\LastRun\RPFD90D.png
\0
W, 3524, 13, 2012/11/12, 16:06:28.390, 6715093547713, QTAgent32.exe, Playback - [WARNING] Internal warning: Couldn't find descendants that match QueryId
\0
W, 3524, 13, 2012/11/12, 16:06:46.456, 6715352225488, QTAgent32.exe, Playback - [WARNING] Internal warning: Window Not Found: [VisibleOnly]ControlType='Window' &amp;&amp; Name='Policies Auto-Renewed &amp; Auto-Lapsed' &amp;&amp; ClassName='ThunderRT6FormDC'
\0
E, 3524, 13, 2012/11/12, 16:06:46.456, 6715352228355, QTAgent32.exe, &lt;a class=failure&gt;Playback - {163} [FAILED] Function ElementFetcher::FindScreenElement failed to locate UI element (Searching: ;[VisibleOnly]ControlType='Window' &amp;&amp; Name='Policies Auto-Renewed &amp; Auto-Lapsed' &amp;&amp; ClassName='ThunderRT6FormDC') (The object specified was not found.)
\0&lt;/a&gt;
E, 3524, 13, 2012/11/12, 16:06:46.549, 6715353546181, QTAgent32.exe, Playback - [IMAGE] C:\Users\peter.zenin-ad\AppData\Local\Temp\UITestLogs\LastRun\RPF1FFD.png
\0
W, 3524, 13, 2012/11/12, 16:06:46.549, 6715353548242, QTAgent32.exe, Playback - [WARNING] Internal warning: Couldn't find descendants that match QueryId
\0
W, 3524, 13, 2012/11/12, 16:06:46.549, 6715353551016, QTAgent32.exe, PERF WARNING: FindTopLevelWindowHelper::FindAllDescendents: took 18158 ms. Expected it to take maximum 500 ms.
W, 3524, 13, 2012/11/12, 16:06:47.064, 6715360914626, QTAgent32.exe, Playback - [WARNING] Internal warning: Smart Match failed
\0
W, 3524, 13, 2012/11/12, 16:06:47.251, 6715363699294, QTAgent32.exe, Playback - [WARNING] Internal warning: Smart Match failed
\0
W, 3524, 13, 2012/11/12, 16:06:47.439, 6715366378627, QTAgent32.exe, Playback - [WARNING] Internal warning: Smart Match failed
\0
W, 3524, 13, 2012/11/12, 16:06:47.626, 6715369057834, QTAgent32.exe, Playback - [WARNING] Internal warning: Smart Match failed
\0
W, 3524, 13, 2012/11/12, 16:06:47.813, 6715371743007, QTAgent32.exe, Playback - [WARNING] Internal warning: Smart Match failed
\0
W, 3524, 13, 2012/11/12, 16:06:48.000, 6715374422690, QTAgent32.exe, Playback - [WARNING] Internal warning: Smart Match failed
\0
W, 3524, 13, 2012/11/12, 16:06:48.203, 6715377322987, QTAgent32.exe, Playback - [WARNING] Internal warning: Smart Match failed
\0
W, 3524, 13, 2012/11/12, 16:06:48.390, 6715380001837, QTAgent32.exe, Playback - [WARNING] Internal warning: Smart Match failed
\0
W, 3524, 13, 2012/11/12, 16:06:48.577, 6715382680863, QTAgent32.exe, Playback - [WARNING] Internal warning: Smart Match failed
\0
W, 3524, 13, 2012/11/12, 16:06:48.765, 6715385362296, QTAgent32.exe, Playback - [WARNING] Internal warning: Smart Match failed
\0
W, 3524, 13, 2012/11/12, 16:06:48.952, 6715388044676, QTAgent32.exe, Playback - [WARNING] Internal warning: Smart Match failed
\0
W, 3524, 13, 2012/11/12, 16:06:49.139, 6715390726218, QTAgent32.exe, Playback - [WARNING] Internal warning: Smart Match failed
\0
W, 3524, 13, 2012/11/12, 16:06:49.342, 6715393633383, QTAgent32.exe, Playback - [WARNING] Internal warning: Smart Match failed
\0
W, 3524, 13, 2012/11/12, 16:06:49.545, 6715396531986, QTAgent32.exe, Playback - [WARNING] Internal warning: Smart Match failed
\0
W, 3524, 13, 2012/11/12, 16:06:49.623, 6715397720303, QTAgent32.exe, Playback - [WARNING] Internal warning: Window Not Found: [VisibleOnly]ControlType='Window' &amp;&amp; Name='Policies Auto-Renewed &amp; Auto-Lapsed' &amp;&amp; ClassName='ThunderRT6FormDC'
\0
E, 3524, 13, 2012/11/12, 16:06:49.623, 6715397722884, QTAgent32.exe, &lt;a class=failure&gt;Playback - {164} [FAILED] Function ElementFetcher::FindScreenElement failed to locate UI element (Searching: ;[VisibleOnly]ControlType='Window' &amp;&amp; Name='Policies Auto-Renewed &amp; Auto-Lapsed' &amp;&amp; ClassName='ThunderRT6FormDC') (The object specified was not found.)
\0&lt;/a&gt;
E, 3524, 13, 2012/11/12, 16:06:49.716, 6715399044838, QTAgent32.exe, Playback - [IMAGE] C:\Users\peter.zenin-ad\AppData\Local\Temp\UITestLogs\LastRun\RPF2C5D.png
\0
W, 3524, 13, 2012/11/12, 16:06:49.716, 6715399047037, QTAgent32.exe, Playback - [WARNING] Internal warning: Couldn't find descendants that match QueryId
\0
W, 3524, 13, 2012/11/12, 16:06:49.716, 6715399050001, QTAgent32.exe, PERF WARNING: FindTopLevelWindowHelper::FindAllDescendents: took 3177 ms. Expected it to take maximum 500 ms.
E, 3524, 13, 2012/11/12, 16:06:49.716, 6715399051820, QTAgent32.exe, Exception: System.Runtime.InteropServices.COMException
	Message: Error HRESULT E_FAIL has been returned from a call to a COM component.
	Stack Trace:    at Microsoft.VisualStudio.TestTools.UITest.Playback.Engine.IRPFPlayback.FindAllScreenElements(IScreenElement pScreenElementStart, String bstrQueryId, Object&amp; pvarResKeys, Int32 cResKeys, Int32 nMaxDepth, Object[]&amp; foundDescendants)
   at Microsoft.VisualStudio.TestTools.UITest.Playback.ScreenElement.FindTopLevelWindowHelper(String queryId)
	BaseExceptionMessage: Error HRESULT E_FAIL has been returned from a call to a COM component.

E, 3524, 13, 2012/11/12, 16:06:49.825, 6715400434734, QTAgent32.exe, AL: Playback Error: Microsoft.VisualStudio.TestTools.UITest.Extension.UITestControlNotFoundException: The playback failed to find the control with the given search properties. Additional Details: 
TechnologyName:  'MSAA'
ControlType:  'Window'
Name:  'Policies Auto-Renewed &amp; Auto-Lapsed'
ClassName:  'ThunderRT6FormDC'
 ---&gt; System.Runtime.InteropServices.COMException: Error HRESULT E_FAIL has been returned from a call to a COM component.
   at Microsoft.VisualStudio.TestTools.UITest.Playback.Engine.IRPFPlayback.FindAllScreenElements(IScreenElement pScreenElementStart, String bstrQueryId, Object&amp; pvarResKeys, Int32 cResKeys, Int32 nMaxDepth, Object[]&amp; foundDescendants)
   at Microsoft.VisualStudio.TestTools.UITest.Playback.ScreenElement.FindTopLevelWindowHelper(String queryId)
   at Microsoft.VisualStudio.TestTools.UITest.Playback.ScreenElement.FindFromPartialQueryId(String queryId)
   at Microsoft.VisualStudio.TestTools.UITesting.UITestControl..ctor(String queryId)
   --- End of inner exception stack trace ---
   at Microsoft.VisualStudio.TestTools.UITesting.Playback.MapControlNotFoundException(COMException ex, IPlaybackContext context)
   at Microsoft.VisualStudio.TestTools.UITesting.Playback.MapAndThrowComException(COMException innerException, IPlaybackContext context)
   at Microsoft.VisualStudio.TestTools.UITesting.Playback.MapAndThrowException(SystemException exception, IPlaybackContext context)
   at Microsoft.VisualStudio.TestTools.UITesting.Playback.MapAndThrowException(SystemException exception, String queryId)
   at Microsoft.VisualStudio.TestTools.UITesting.UITestControl..ctor(String queryId)
   at Microsoft.VisualStudio.TestTools.UITesting.SearchHelper.SearchTopLevelWindow(ISearchArgument topLevelSearchArg, String topLevelElementQueryId)
   at Microsoft.VisualStudio.TestTools.UITesting.SearchHelper.GetTitleUpdatedTopLevelWindow(ISearchArgument topLevelSearchArg, String queryId, IList`1 windowTitles)
   at Microsoft.VisualStudio.TestTools.UITesting.SearchHelper.GetTopLevelElement(Boolean useCache, Boolean useCacheOnly, ISearchArgument searchArg, IList`1 windowTitles, Int32&amp; timeLeft)
   at Microsoft.VisualStudio.TestTools.UITesting.SearchHelper.GetElement(Boolean useCache, ISearchArgument searchArg)
   at Microsoft.VisualStudio.TestTools.UITesting.SearchHelper.Search(ISearchArgument searchArg)
   at Microsoft.VisualStudio.TestTools.UITesting.UITestControl.FindInternal()
   at Microsoft.VisualStudio.TestTools.UITesting.UITestControl.FindControlIfNecessary()
   at Microsoft.VisualStudio.TestTools.UITesting.UITestControl.Click(MouseButtons button, ModifierKeys modifierKeys, Point relativeCoordinates)
   at Microsoft.VisualStudio.TestTools.UITesting.Mouse.ClickImplementation(UITestControl control, MouseButtons button, ModifierKeys modifierKeys, Point relativeCoordinate)
   at Microsoft.VisualStudio.TestTools.UITesting.Mouse.ClickImplementationWrapper(UITestControl control, MouseButtons button, ModifierKeys modifierKeys, Point relativeCoordinate)
W, 3524, 13, 2012/11/12, 16:06:49.825, 6715400436434, QTAgent32.exe, PlaybackErrorHandler: Ignoring exception as ContinueOnError is set.
W, 3524, 13, 2012/11/12, 16:06:50.184, 6715405570828, QTAgent32.exe, &lt;a class=success&gt;Playback - {165} [SUCCESS] MouseButtonClick - "[MSAA, VisibleOnly]ControlType='Button' &amp;&amp; Name='EDI Match...'"
\0&lt;/a&gt;
W, 3524, 13, 2012/11/12, 16:06:52.041, 6715432329149, QTAgent32.exe, &lt;a class=success&gt;Playback - {166} [SUCCESS] MouseButtonClick - "[MSAA, VisibleOnly]ControlType='Button' &amp;&amp; Name='Ok'"
\0&lt;/a&gt;
W, 3524, 13, 2012/11/12, 16:06:52.493, 6715438732800, QTAgent32.exe, &lt;a class=success&gt;Playback - {167} [SUCCESS] MouseButtonClick - "[MSAA, VisibleOnly]ControlType='Button' &amp;&amp; Name='OK'"
\0&lt;/a&gt;
W, 3524, 13, 2012/11/12, 16:06:54.147, 6715462305104, QTAgent32.exe, Playback - [WARNING] Internal warning: Element "[MSAA, VisibleOnly]ControlType='Window' &amp;&amp; ControlId='5'" was not found, so all intermediate elements were ignored. To improve performance replace this element Id with another Id or exclude it from QueryId. If this element is the target element, replace or remove intermediate elements
\0
W, 3524, 13, 2012/11/12, 16:06:56.721, 6715499176021, QTAgent32.exe, Playback - [WARNING] Internal warning:Search failure: &lt;[MSAA, VisibleOnly]ControlType='Window' &amp;&amp; ControlId='32768'&gt; | Performed (4) search retries, UI element not found
\0
E, 3524, 13, 2012/11/12, 16:06:56.721, 6715499178825, QTAgent32.exe, &lt;a class=failure&gt;Playback - {168} [FAILED] Function ElementFetcher::FindScreenElement failed to locate UI element (Searching: ;[MSAA, VisibleOnly]ControlType='Window' &amp;&amp; ControlId='32768';[MSAA, VisibleOnly]ControlType='Window' &amp;&amp; ControlId='5';[MSAA, VisibleOnly]ControlType='Button' &amp;&amp; Name='Log and Clear') (The object specified was not found.)
\0&lt;/a&gt;
E, 3524, 13, 2012/11/12, 16:06:56.799, 6715500491354, QTAgent32.exe, Playback - [IMAGE] C:\Users\peter.zenin-ad\AppData\Local\Temp\UITestLogs\LastRun\RPF4818.png
\0
W, 3524, 13, 2012/11/12, 16:06:56.799, 6715500493475, QTAgent32.exe, Playback - [WARNING] Internal warning: Couldn't find descendants that match QueryId
\0
W, 3524, 13, 2012/11/12, 16:06:56.799, 6715500496422, QTAgent32.exe, PERF WARNING: FindAllDescendents: took 4210 ms. Expected it to take maximum 500 ms.
E, 3524, 13, 2012/11/12, 16:06:56.924, 6715502068984, QTAgent32.exe, AL: Playback Error: Microsoft.VisualStudio.TestTools.UITest.Extension.UITestControlNotFoundException: The playback failed to find the control with the given search properties. Additional Details: 
TechnologyName:  'MSAA'
ControlType:  'Button'
Name:  'Log and Clear'
 ---&gt; System.Runtime.InteropServices.COMException: Error HRESULT E_FAIL has been returned from a call to a COM component.
   at Microsoft.VisualStudio.TestTools.UITest.Playback.Engine.IScreenElement.FindAllDescendants(String bstrQueryId, Object&amp; pvarResKeys, Int32 cResKeys, Int32 nMaxDepth)
   at Microsoft.VisualStudio.TestTools.UITest.Playback.ScreenElement.FindAllScreenElement(String queryId, Int32 depth, Boolean singleQueryId, Boolean throwException)
   at Microsoft.VisualStudio.TestTools.UITest.Playback.ScreenElement.FindScreenElement(String queryId, Int32 depth)
   at Microsoft.VisualStudio.TestTools.UITesting.UITestControl.FindFirstDescendant(String queryId, Int32 maxDepth, Int32&amp; timeLeft)
   --- End of inner exception stack trace ---
   at Microsoft.VisualStudio.TestTools.UITesting.Playback.MapControlNotFoundException(COMException ex, IPlaybackContext context)
   at Microsoft.VisualStudio.TestTools.UITesting.Playback.MapAndThrowComException(COMException innerException, IPlaybackContext context)
   at Microsoft.VisualStudio.TestTools.UITesting.Playback.MapAndThrowException(SystemException exception, IPlaybackContext context)
   at Microsoft.VisualStudio.TestTools.UITesting.Playback.MapAndThrowException(SystemException exception, String queryId)
   at Microsoft.VisualStudio.TestTools.UITesting.UITestControl.FindFirstDescendant(String queryId, Int32 maxDepth, Int32&amp; timeLeft)
   at Microsoft.VisualStudio.TestTools.UITesting.SearchHelper.GetElement(Boolean useCache, ISearchArgument searchArg)
   at Microsoft.VisualStudio.TestTools.UITesting.SearchHelper.Search(ISearchArgument searchArg)
   at Microsoft.VisualStudio.TestTools.UITesting.UITestControl.FindInternal()
   at Microsoft.VisualStudio.TestTools.UITesting.UITestControl.FindControlIfNecessary()
   at Microsoft.VisualStudio.TestTools.UITesting.UITestControl.Click(MouseButtons button, ModifierKeys modifierKeys, Point relativeCoordinates)
   at Microsoft.VisualStudio.TestTools.UITesting.Mouse.ClickImplementation(UITestControl control, MouseButtons button, ModifierKeys modifierKeys, Point relativeCoordinate)
   at Microsoft.VisualStudio.TestTools.UITesting.Mouse.ClickImplementationWrapper(UITestControl control, MouseButtons button, ModifierKeys modifierKeys, Point relativeCoordinate)
W, 3524, 13, 2012/11/12, 16:06:56.924, 6715502070505, QTAgent32.exe, PlaybackErrorHandler: Ignoring exception as ContinueOnError is set.
W, 3524, 13, 2012/11/12, 16:06:57.204, 6715506118583, QTAgent32.exe, Playback - [WARNING] Internal warning: Window Not Found: [VisibleOnly]ControlType='Window' &amp;&amp; Name='insur-E.tam' &amp;&amp; ClassName='#32770'
\0
E, 3524, 13, 2012/11/12, 16:06:57.204, 6715506121425, QTAgent32.exe, &lt;a class=failure&gt;Playback - {169} [FAILED] Function ElementFetcher::FindScreenElement failed to locate UI element (Searching: ;[VisibleOnly]ControlType='Window' &amp;&amp; Name='insur-E.tam' &amp;&amp; ClassName='#32770') (The object specified was not found.)
\0&lt;/a&gt;
E, 3524, 13, 2012/11/12, 16:06:57.298, 6715507443298, QTAgent32.exe, Playback - [IMAGE] C:\Users\peter.zenin-ad\AppData\Local\Temp\UITestLogs\LastRun\RPF49FC.png
\0
W, 3524, 13, 2012/11/12, 16:06:57.298, 6715507445469, QTAgent32.exe, Playback - [WARNING] Internal warning: Couldn't find descendants that match QueryId
\0
W, 3524, 13, 2012/11/12, 16:07:15.348, 6715765880292, QTAgent32.exe, Playback - [WARNING] Internal warning: Window Not Found: [VisibleOnly]ControlType='Window' &amp;&amp; Name='insur-E.tam' &amp;&amp; ClassName='#32770'
\0
E, 3524, 13, 2012/11/12, 16:07:15.348, 6715765883075, QTAgent32.exe, &lt;a class=failure&gt;Playback - {170} [FAILED] Function ElementFetcher::FindScreenElement failed to locate UI element (Searching: ;[VisibleOnly]ControlType='Window' &amp;&amp; Name='insur-E.tam' &amp;&amp; ClassName='#32770') (The object specified was not found.)
\0&lt;/a&gt;
E, 3524, 13, 2012/11/12, 16:07:15.441, 6715767202373, QTAgent32.exe, Playback - [IMAGE] C:\Users\peter.zenin-ad\AppData\Local\Temp\UITestLogs\LastRun\RPF90DC.png
\0
W, 3524, 13, 2012/11/12, 16:07:15.441, 6715767204524, QTAgent32.exe, Playback - [WARNING] Internal warning: Couldn't find descendants that match QueryId
\0
W, 3524, 13, 2012/11/12, 16:07:15.441, 6715767207499, QTAgent32.exe, PERF WARNING: FindTopLevelWindowHelper::FindAllDescendents: took 18141 ms. Expected it to take maximum 500 ms.
W, 3524, 13, 2012/11/12, 16:07:15.940, 6715774462294, QTAgent32.exe, Playback - [WARNING] Internal warning: Smart Match failed
\0
W, 3524, 13, 2012/11/12, 16:07:16.128, 6715777150838, QTAgent32.exe, Playback - [WARNING] Internal warning: Smart Match failed
\0
W, 3524, 13, 2012/11/12, 16:07:16.315, 6715779825114, QTAgent32.exe, Playback - [WARNING] Internal warning: Smart Match failed
\0
W, 3524, 13, 2012/11/12, 16:07:16.502, 6715782513135, QTAgent32.exe, Playback - [WARNING] Internal warning: Smart Match failed
\0
W, 3524, 13, 2012/11/12, 16:07:16.689, 6715785183703, QTAgent32.exe, Playback - [WARNING] Internal warning: Smart Match failed
\0
W, 3524, 13, 2012/11/12, 16:07:16.876, 6715787867345, QTAgent32.exe, Playback - [WARNING] Internal warning: Smart Match failed
\0
W, 3524, 13, 2012/11/12, 16:07:17.095, 6715790904505, QTAgent32.exe, Playback - [WARNING] Internal warning: Smart Match failed
\0
W, 3524, 13, 2012/11/12, 16:07:17.282, 6715793677681, QTAgent32.exe, Playback - [WARNING] Internal warning: Smart Match failed
\0
W, 3524, 13, 2012/11/12, 16:07:17.469, 6715796356042, QTAgent32.exe, Playback - [WARNING] Internal warning: Smart Match failed
\0
W, 3524, 13, 2012/11/12, 16:07:17.657, 6715799032845, QTAgent32.exe, Playback - [WARNING] Internal warning: Smart Match failed
\0
W, 3524, 13, 2012/11/12, 16:07:17.844, 6715801714807, QTAgent32.exe, Playback - [WARNING] Internal warning: Smart Match failed
\0
W, 3524, 13, 2012/11/12, 16:07:18.031, 6715804392342, QTAgent32.exe, Playback - [WARNING] Internal warning: Smart Match failed
\0
W, 3524, 13, 2012/11/12, 16:07:18.218, 6715807084173, QTAgent32.exe, Playback - [WARNING] Internal warning: Smart Match failed
\0
W, 3524, 13, 2012/11/12, 16:07:18.405, 6715809758727, QTAgent32.exe, Playback - [WARNING] Internal warning: Smart Match failed
\0
W, 3524, 13, 2012/11/12, 16:07:18.483, 6715810909270, QTAgent32.exe, Playback - [WARNING] Internal warning: Window Not Found: [VisibleOnly]ControlType='Window' &amp;&amp; Name='insur-E.tam' &amp;&amp; ClassName='#32770'
\0
E, 3524, 13, 2012/11/12, 16:07:18.483, 6715810911324, QTAgent32.exe, &lt;a class=failure&gt;Playback - {171} [FAILED] Function ElementFetcher::FindScreenElement failed to locate UI element (Searching: ;[VisibleOnly]ControlType='Window' &amp;&amp; Name='insur-E.tam' &amp;&amp; ClassName='#32770') (The object specified was not found.)
\0&lt;/a&gt;
E, 3524, 13, 2012/11/12, 16:07:18.577, 6715812230020, QTAgent32.exe, Playback - [IMAGE] C:\Users\peter.zenin-ad\AppData\Local\Temp\UITestLogs\LastRun\RPF9D1D.png
\0
W, 3524, 13, 2012/11/12, 16:07:18.577, 6715812232169, QTAgent32.exe, Playback - [WARNING] Internal warning: Couldn't find descendants that match QueryId
\0
W, 3524, 13, 2012/11/12, 16:07:18.577, 6715812235134, QTAgent32.exe, PERF WARNING: FindTopLevelWindowHelper::FindAllDescendents: took 3144 ms. Expected it to take maximum 500 ms.
E, 3524, 13, 2012/11/12, 16:07:18.577, 6715812236998, QTAgent32.exe, Exception: System.Runtime.InteropServices.COMException
	Message: Error HRESULT E_FAIL has been returned from a call to a COM component.
	Stack Trace:    at Microsoft.VisualStudio.TestTools.UITest.Playback.Engine.IRPFPlayback.FindAllScreenElements(IScreenElement pScreenElementStart, String bstrQueryId, Object&amp; pvarResKeys, Int32 cResKeys, Int32 nMaxDepth, Object[]&amp; foundDescendants)
   at Microsoft.VisualStudio.TestTools.UITest.Playback.ScreenElement.FindTopLevelWindowHelper(String queryId)
	BaseExceptionMessage: Error HRESULT E_FAIL has been returned from a call to a COM component.

E, 3524, 13, 2012/11/12, 16:07:18.577, 6715812240927, QTAgent32.exe, GetClassName for handle 4784906 failed
E, 3524, 13, 2012/11/12, 16:07:18.577, 6715812250384, QTAgent32.exe, Window 4784906 not responding. Last Win32 error 1400
E, 3524, 13, 2012/11/12, 16:07:18.577, 6715812251610, QTAgent32.exe, GetClassName for handle 4784906 failed
E, 3524, 13, 2012/11/12, 16:07:18.577, 6715812252415, QTAgent32.exe, GetClassName for handle 4784906 failed
E, 3524, 13, 2012/11/12, 16:07:18.577, 6715812257650, QTAgent32.exe, GetClassName for handle 4392804 failed
E, 3524, 13, 2012/11/12, 16:07:18.577, 6715812264661, QTAgent32.exe, Exception: System.Runtime.InteropServices.COMException
	Message: Error HRESULT E_FAIL has been returned from a call to a COM component.
	Stack Trace:    at Accessibility.IAccessible.get_accState(Object varChild)
   at Microsoft.VisualStudio.TestTools.UITest.Extension.Msaa.AccWrapper.get_State()
	BaseExceptionMessage: Error HRESULT E_FAIL has been returned from a call to a COM component.

E, 3524, 13, 2012/11/12, 16:07:18.577, 6715812269060, QTAgent32.exe, Exception: System.Runtime.InteropServices.COMException
	Message: Error HRESULT E_FAIL has been returned from a call to a COM component.
	Stack Trace:    at Accessibility.IAccessible.get_accState(Object varChild)
   at Microsoft.VisualStudio.TestTools.UITest.Extension.Msaa.AccWrapper.get_State()
	BaseExceptionMessage: Error HRESULT E_FAIL has been returned from a call to a COM component.

E, 3524, 13, 2012/11/12, 16:07:18.577, 6715812273376, QTAgent32.exe, Exception: System.Runtime.InteropServices.COMException
	Message: Error HRESULT E_FAIL has been returned from a call to a COM component.
	Stack Trace:    at Accessibility.IAccessible.get_accState(Object varChild)
   at Microsoft.VisualStudio.TestTools.UITest.Extension.Msaa.AccWrapper.get_State()
	BaseExceptionMessage: Error HRESULT E_FAIL has been returned from a call to a COM component.

E, 3524, 13, 2012/11/12, 16:07:18.577, 6715812277762, QTAgent32.exe, Exception: System.Runtime.InteropServices.COMException
	Message: Error HRESULT E_FAIL has been returned from a call to a COM component.
	Stack Trace:    at Accessibility.IAccessible.get_accState(Object varChild)
   at Microsoft.VisualStudio.TestTools.UITest.Extension.Msaa.AccWrapper.get_State()
	BaseExceptionMessage: Error HRESULT E_FAIL has been returned from a call to a COM component.

E, 3524, 13, 2012/11/12, 16:07:18.577, 6715812282096, QTAgent32.exe, Exception: System.Runtime.InteropServices.COMException
	Message: Error HRESULT E_FAIL has been returned from a call to a COM component.
	Stack Trace:    at Accessibility.IAccessible.get_accState(Object varChild)
   at Microsoft.VisualStudio.TestTools.UITest.Extension.Msaa.AccWrapper.get_State()
	BaseExceptionMessage: Error HRESULT E_FAIL has been returned from a call to a COM component.

E, 3524, 13, 2012/11/12, 16:07:18.577, 6715812286435, QTAgent32.exe, Exception: System.Runtime.InteropServices.COMException
	Message: Error HRESULT E_FAIL has been returned from a call to a COM component.
	Stack Trace:    at Accessibility.IAccessible.get_accState(Object varChild)
   at Microsoft.VisualStudio.TestTools.UITest.Extension.Msaa.AccWrapper.get_State()
	BaseExceptionMessage: Error HRESULT E_FAIL has been returned from a call to a COM component.

E, 3524, 13, 2012/11/12, 16:07:18.577, 6715812290772, QTAgent32.exe, Exception: System.Runtime.InteropServices.COMException
	Message: Error HRESULT E_FAIL has been returned from a call to a COM component.
	Stack Trace:    at Accessibility.IAccessible.get_accState(Object varChild)
   at Microsoft.VisualStudio.TestTools.UITest.Extension.Msaa.AccWrapper.get_State()
	BaseExceptionMessage: Error HRESULT E_FAIL has been returned from a call to a COM component.

W, 3524, 13, 2012/11/12, 16:07:18.780, 6715815139397, QTAgent32.exe, PERF WARNING: MSAA.UpdateQueryIDForNamelessControls: took 201 ms. Expected it to take maximum 200 ms.
W, 3524, 13, 2012/11/12, 16:07:18.780, 6715815142983, QTAgent32.exe, Msaa.Navigate: Exception [Error HRESULT E_FAIL has been returned from a call to a COM component.] while calling accNavigate.
E, 3524, 13, 2012/11/12, 16:07:18.780, 6715815144331, QTAgent32.exe, GetClassName for handle 4392804 failed
E, 3524, 13, 2012/11/12, 16:07:18.780, 6715815153042, QTAgent32.exe, GetClassName for handle 4392804 failed
E, 3524, 13, 2012/11/12, 16:07:18.780, 6715815155236, QTAgent32.exe, Window 4392804 not responding. Last Win32 error 1400
E, 3524, 13, 2012/11/12, 16:07:18.780, 6715815156262, QTAgent32.exe, GetClassName for handle 4784906 failed
E, 3524, 13, 2012/11/12, 16:07:18.780, 6715815157071, QTAgent32.exe, GetClassName for handle 4392804 failed
E, 3524, 13, 2012/11/12, 16:07:18.780, 6715815157820, QTAgent32.exe, GetClassName for handle 4392804 failed
E, 3524, 13, 2012/11/12, 16:07:18.889, 6715816563342, QTAgent32.exe, AL: Playback Error: Microsoft.VisualStudio.TestTools.UITest.Extension.UITestControlNotAvailableException: The control is not available or not valid. Additional Details: 
TechnologyName:  'MSAA'
ControlType:  'Button'
 ---&gt; Microsoft.VisualStudio.TestTools.UITest.Extension.UITestControlNotAvailableException: The control is not available or not valid. Additional Details: 
TechnologyName:  'MSAA'
ControlType:  'Window'
 ---&gt; System.Runtime.InteropServices.COMException: Error HRESULT E_FAIL has been returned from a call to a COM component.
   at Microsoft.VisualStudio.TestTools.UITest.Playback.Engine.IRPFPlayback.FindAllScreenElements(IScreenElement pScreenElementStart, String bstrQueryId, Object&amp; pvarResKeys, Int32 cResKeys, Int32 nMaxDepth, Object[]&amp; foundDescendants)
   at Microsoft.VisualStudio.TestTools.UITest.Playback.ScreenElement.FindTopLevelWindowHelper(String queryId)
   at Microsoft.VisualStudio.TestTools.UITest.Playback.ScreenElement.FindFromPartialQueryId(String queryId)
   at Microsoft.VisualStudio.TestTools.UITesting.UITestControl.EnsureValid(Boolean waitForReady, Boolean refetch)
   --- End of inner exception stack trace ---
   at Microsoft.VisualStudio.TestTools.UITesting.UITestControl.EnsureValid(Boolean waitForReady, Boolean refetch)
   at Microsoft.VisualStudio.TestTools.UITesting.UITestControl.FindFirstDescendant(String queryId, Int32 maxDepth, Int32&amp; timeLeft)
   at Microsoft.VisualStudio.TestTools.UITesting.UITestControl.FindFirstDescendant(String queryId)
   at Microsoft.VisualStudio.TestTools.UITesting.UITestControl.EnsureValid(Boolean waitForReady, Boolean refetch)
   --- End of inner exception stack trace ---
   at Microsoft.VisualStudio.TestTools.UITesting.UITestControl.EnsureValid(Boolean waitForReady, Boolean refetch)
   at Microsoft.VisualStudio.TestTools.UITesting.UITestControl.Click(MouseButtons button, ModifierKeys modifierKeys, Point relativeCoordinates)
   at Microsoft.VisualStudio.TestTools.UITesting.Mouse.ClickImplementation(UITestControl control, MouseButtons button, ModifierKeys modifierKeys, Point relativeCoordinate)
   at Microsoft.VisualStudio.TestTools.UITesting.Mouse.ClickImplementationWrapper(UITestControl control, MouseButtons button, ModifierKeys modifierKeys, Point relativeCoordinate)
W, 3524, 13, 2012/11/12, 16:07:18.889, 6715816565511, QTAgent32.exe, PlaybackErrorHandler: Ignoring exception as ContinueOnError is set.
W, 3524, 13, 2012/11/12, 16:07:19.232, 6715821581094, QTAgent32.exe, &lt;a class=success&gt;Playback - {172} [SUCCESS] MouseButtonClick - "[MSAA, VisibleOnly]ControlType='Button' &amp;&amp; Name='Filter...'"
\0&lt;/a&gt;
W, 3524, 13, 2012/11/12, 16:07:19.482, 6715825047943, QTAgent32.exe, &lt;a class=success&gt;Playback - {173} [SUCCESS] SendKeys "^{HOME}" - "[MSAA, VisibleOnly]ControlType='Edit'"
\0&lt;/a&gt;
E, 3524, 13, 2012/11/12, 16:07:19.482, 6715825050480, QTAgent32.exe, Msaa.GetFocusedElement: could not find accessible object of foreground window
W, 3524, 13, 2012/11/12, 16:07:19.575, 6715826391922, QTAgent32.exe, &lt;a class=success&gt;Playback - {174} [SUCCESS] SendKeys "^+{END}" - "[MSAA, VisibleOnly]ControlType='Edit'"
\0&lt;/a&gt;
E, 3524, 13, 2012/11/12, 16:07:19.575, 6715826394387, QTAgent32.exe, Msaa.GetFocusedElement: could not find accessible object of foreground window
W, 3524, 13, 2012/11/12, 16:07:19.591, 6715826613281, QTAgent32.exe, &lt;a class=success&gt;Playback - {175} [SUCCESS] SendKeys "{DELETE}" - "[MSAA, VisibleOnly]ControlType='Edit'"
\0&lt;/a&gt;
W, 3524, 13, 2012/11/12, 16:07:19.919, 6715831305960, QTAgent32.exe, &lt;a class=success&gt;Playback - {176} [SUCCESS] SetValueAsEditBox "19/11/12" - "[MSAA, VisibleOnly]ControlType='Edit'"  &lt; Set via SendKeys &gt;
\0&lt;/a&gt;
W, 3524, 13, 2012/11/12, 16:07:20.184, 6715835100550, QTAgent32.exe, &lt;a class=success&gt;Playback - {177} [SUCCESS] SendKeys "^{HOME}" - "[MSAA, VisibleOnly]ControlType='Edit'"
\0&lt;/a&gt;
E, 3524, 13, 2012/11/12, 16:07:20.184, 6715835103122, QTAgent32.exe, Msaa.GetFocusedElement: could not find accessible object of foreground window
W, 3524, 13, 2012/11/12, 16:07:20.277, 6715836439536, QTAgent32.exe, &lt;a class=success&gt;Playback - {178} [SUCCESS] SendKeys "^+{END}" - "[MSAA, VisibleOnly]ControlType='Edit'"
\0&lt;/a&gt;
E, 3524, 13, 2012/11/12, 16:07:20.277, 6715836441838, QTAgent32.exe, Msaa.GetFocusedElement: could not find accessible object of foreground window
W, 3524, 13, 2012/11/12, 16:07:20.293, 6715836663531, QTAgent32.exe, &lt;a class=success&gt;Playback - {179} [SUCCESS] SendKeys "{DELETE}" - "[MSAA, VisibleOnly]ControlType='Edit'"
\0&lt;/a&gt;
W, 3524, 13, 2012/11/12, 16:07:20.730, 6715842921703, QTAgent32.exe, &lt;a class=success&gt;Playback - {180} [SUCCESS] SetValueAsEditBox "19/11/12" - "[MSAA, VisibleOnly]ControlType='Edit'"  &lt; Set via SendKeys &gt;
\0&lt;/a&gt;
W, 3524, 13, 2012/11/12, 16:07:21.385, 6715852377248, QTAgent32.exe, Playback - [WARNING] Internal warning: Incorrect flag set for InvokeProgrammaticAction\0
W, 3524, 13, 2012/11/12, 16:07:21.713, 6715857003163, QTAgent32.exe, &lt;a class=success&gt;Playback - {181} [SUCCESS] SetValueAsComboBox "Household" - "[MSAA, VisibleOnly]ControlType='ComboBox'"  &lt; SetValueAsComboBox, set by clicking on the item in the list box &gt;
\0&lt;/a&gt;
W, 3524, 13, 2012/11/12, 16:07:22.134, 6715863019532, QTAgent32.exe, &lt;a class=success&gt;Playback - {182} [SUCCESS] MouseButtonClick - "[MSAA, VisibleOnly]ControlType='Button' &amp;&amp; Name='Ok'"
\0&lt;/a&gt;
W, 3524, 13, 2012/11/12, 16:07:22.571, 6715869287502, QTAgent32.exe, &lt;a class=success&gt;Playback - {183} [SUCCESS] MouseButtonClick - "[MSAA, VisibleOnly]ControlType='Client'"
\0&lt;/a&gt;
W, 3524, 13, 2012/11/12, 16:07:22.789, 6715872402610, QTAgent32.exe, &lt;a class=success&gt;Playback - {184} [SUCCESS] SendKeys "{End}" - "[MSAA, VisibleOnly]ControlType='Client'"
\0&lt;/a&gt;
W, 3524, 13, 2012/11/12, 16:07:23.382, 6715881036933, QTAgent32.exe, &lt;a class=success&gt;Playback - {185} [SUCCESS] MouseButtonClick - "[MSAA, VisibleOnly]ControlType='Button' &amp;&amp; Name='Display Record...'"
\0&lt;/a&gt;
W, 3524, 13, 2012/11/12, 16:07:23.819, 6715887253561, QTAgent32.exe, &lt;a class=success&gt;Playback - {186} [SUCCESS] MouseButtonClick - "[MSAA, VisibleOnly]ControlType='Button' &amp;&amp; Name='Invite'"
\0&lt;/a&gt;
W, 3524, 13, 2012/11/12, 16:07:24.255, 6715893590584, QTAgent32.exe, &lt;a class=success&gt;Playback - {187} [SUCCESS] MouseButtonClick - "[MSAA, VisibleOnly]ControlType='Button' &amp;&amp; Name='OK'"
\0&lt;/a&gt;
W, 3524, 13, 2012/11/12, 16:07:24.786, 6715901093185, QTAgent32.exe, &lt;a class=success&gt;Playback - {188} [SUCCESS] MouseButtonClick - "[MSAA, VisibleOnly]ControlType='Button' &amp;&amp; Name='Ok'"
\0&lt;/a&gt;
W, 3524, 13, 2012/11/12, 16:07:30.324, 6715980455621, QTAgent32.exe, Playback - [WARNING] Internal warning: Window Not Found: [VisibleOnly]ControlType='Window' &amp;&amp; Name='Print Documents' &amp;&amp; ClassName='ThunderRT6FormDC'
\0
E, 3524, 13, 2012/11/12, 16:07:30.324, 6715980458371, QTAgent32.exe, &lt;a class=failure&gt;Playback - {189} [FAILED] Function ElementFetcher::FindScreenElement failed to locate UI element (Searching: ;[VisibleOnly]ControlType='Window' &amp;&amp; Name='Print Documents' &amp;&amp; ClassName='ThunderRT6FormDC') (The object specified was not found.)
\0&lt;/a&gt;
E, 3524, 13, 2012/11/12, 16:07:30.418, 6715981741177, QTAgent32.exe, Playback - [IMAGE] C:\Users\peter.zenin-ad\AppData\Local\Temp\UITestLogs\LastRun\RPFCB5E.png
\0
W, 3524, 13, 2012/11/12, 16:07:30.418, 6715981743356, QTAgent32.exe, Playback - [WARNING] Internal warning: Couldn't find descendants that match QueryId
\0
W, 3524, 13, 2012/11/12, 16:07:30.418, 6715981746303, QTAgent32.exe, PERF WARNING: FindTopLevelWindowHelper::FindAllDescendents: took 5530 ms. Expected it to take maximum 500 ms.
W, 3524, 13, 2012/11/12, 16:07:33.179, 6716021315336, QTAgent32.exe, PERF WARNING: FindTopLevelWindowHelper::FindAllDescendents: took 2763 ms. Expected it to take maximum 500 ms.
W, 3524, 13, 2012/11/12, 16:07:33.522, 6716026083010, QTAgent32.exe, &lt;a class=success&gt;Playback - {190} [SUCCESS] Check - "[MSAA, VisibleOnly]ControlType='CheckBox' &amp;&amp; Name='Defer Printing?'"
\0&lt;/a&gt;
W, 3524, 13, 2012/11/12, 16:07:34.302, 6716037388095, QTAgent32.exe, &lt;a class=success&gt;Playback - {191} [SUCCESS] MouseButtonClick - "[MSAA, VisibleOnly]ControlType='Button' &amp;&amp; Name='Ok'"
\0&lt;/a&gt;
W, 3524, 13, 2012/11/12, 16:07:34.411, 6716038955582, QTAgent32.exe, Playback - [WARNING] Internal warning: Thread state based WFR - Requested element has invalid HWND
\0
W, 3524, 13, 2012/11/12, 16:07:34.411, 6716038957219, QTAgent32.exe, Playback - [WARNING] Internal warning: process performance counters based WFR - Requested element has invalid HWND
\0
E, 3524, 13, 2012/11/12, 16:07:34.411, 6716038960416, QTAgent32.exe, EnsureValid called via EnsureValid call for same element
E, 3524, 13, 2012/11/12, 16:07:34.411, 6716038963955, QTAgent32.exe, GetClassName for handle 6095804 failed
E, 3524, 13, 2012/11/12, 16:07:34.411, 6716038966361, QTAgent32.exe, EnsureValid called via EnsureValid call for same element
E, 3524, 13, 2012/11/12, 16:07:34.411, 6716038967938, QTAgent32.exe, EnsureValid called via EnsureValid call for same element
E, 3524, 13, 2012/11/12, 16:07:34.411, 6716038985449, QTAgent32.exe, Window 6095804 not responding. Last Win32 error 0
E, 3524, 13, 2012/11/12, 16:07:34.411, 6716038987626, QTAgent32.exe, GetClassName for handle 6095804 failed
E, 3524, 13, 2012/11/12, 16:07:34.411, 6716038988431, QTAgent32.exe, GetClassName for handle 6095804 failed
W, 3524, 13, 2012/11/12, 16:07:36.627, 6716070564079, QTAgent32.exe, PERF WARNING: FindTopLevelWindowHelper::FindAllDescendents: took 2205 ms. Expected it to take maximum 500 ms.
W, 3524, 13, 2012/11/12, 16:07:36.970, 6716075445343, QTAgent32.exe, &lt;a class=success&gt;Playback - {192} [SUCCESS] Uncheck - "[MSAA, VisibleOnly]ControlType='CheckBox' &amp;&amp; Name='Add Activity'"
\0&lt;/a&gt;
W, 3524, 13, 2012/11/12, 16:07:37.999, 6716090232059, QTAgent32.exe, &lt;a class=success&gt;Playback - {193} [SUCCESS] MouseButtonClick - "[MSAA, VisibleOnly]ControlType='Button' &amp;&amp; Name='Ok'"
\0&lt;/a&gt;
W, 3524, 13, 2012/11/12, 16:07:40.480, 6716125700702, QTAgent32.exe, &lt;a class=success&gt;Playback - {194} [SUCCESS] MouseButtonClick - "[MSAA, VisibleOnly]ControlType='Button' &amp;&amp; Name='OK'"
\0&lt;/a&gt;
W, 3524, 13, 2012/11/12, 16:07:42.149, 6716149602011, QTAgent32.exe, Playback - [WARNING] Internal warning: Target element "[MSAA, VisibleOnly]ControlType='Button' &amp;&amp; Name=&gt;'Renew Policy'" was not found, so all intermediate elements were ignored. An incorrect element that matches target element Id can be found as the result.  Verify that all intermediate elements in QueryId have valid and unique Ids
\0
W, 3524, 13, 2012/11/12, 16:07:42.680, 6716157189547, QTAgent32.exe, PERF WARNING: FindAllDescendents: took 2086 ms. Expected it to take maximum 500 ms.
W, 3524, 13, 2012/11/12, 16:07:43.678, 6716171513574, QTAgent32.exe, &lt;a class=success&gt;Playback - {195} [SUCCESS] MouseButtonClick - "[MSAA, VisibleOnly]ControlType='Button' &amp;&amp; Name=&gt;'Renew Policy'"
\0&lt;/a&gt;
W, 3524, 13, 2012/11/12, 16:07:46.845, 6716216931339, QTAgent32.exe, Playback - [WARNING] Internal warning: Window Not Found: [VisibleOnly]ControlType='Window' &amp;&amp; Name='Confirm' &amp;&amp; ClassName='#32770'
\0
E, 3524, 13, 2012/11/12, 16:07:46.845, 6716216934060, QTAgent32.exe, &lt;a class=failure&gt;Playback - {196} [FAILED] Function ElementFetcher::FindScreenElement failed to locate UI element (Searching: ;[VisibleOnly]ControlType='Window' &amp;&amp; Name='Confirm' &amp;&amp; ClassName='#32770') (The object specified was not found.)
\0&lt;/a&gt;
E, 3524, 13, 2012/11/12, 16:07:46.938, 6716218276447, QTAgent32.exe, Playback - [IMAGE] C:\Users\peter.zenin-ad\AppData\Local\Temp\UITestLogs\LastRun\RPFBE8.png
\0
W, 3524, 13, 2012/11/12, 16:07:46.938, 6716218278523, QTAgent32.exe, Playback - [WARNING] Internal warning: Couldn't find descendants that match QueryId
\0
W, 3524, 13, 2012/11/12, 16:07:46.938, 6716218281456, QTAgent32.exe, PERF WARNING: FindTopLevelWindowHelper::FindAllDescendents: took 3158 ms. Expected it to take maximum 500 ms.
W, 3524, 13, 2012/11/12, 16:07:51.369, 6716281620243, QTAgent32.exe, PERF WARNING: FindTopLevelWindowHelper::FindAllDescendents: took 4423 ms. Expected it to take maximum 500 ms.
W, 3524, 13, 2012/11/12, 16:07:53.507, 6716312233738, QTAgent32.exe, &lt;a class=success&gt;Playback - {197} [SUCCESS] MouseButtonClick - "[MSAA, VisibleOnly]ControlType='Button' &amp;&amp; Name='Yes'"
\0&lt;/a&gt;
E, 3524, 13, 2012/11/12, 16:07:53.616, 6716313770988, QTAgent32.exe, GetClassName for handle 4720752 failed
W, 3524, 13, 2012/11/12, 16:07:54.006, 6716319442120, QTAgent32.exe, &lt;a class=success&gt;Playback - {198} [SUCCESS] MouseButtonClick - "[MSAA, VisibleOnly]ControlType='Button' &amp;&amp; Name='Ok'"
\0&lt;/a&gt;
W, 3524, 13, 2012/11/12, 16:07:54.287, 6716323409279, QTAgent32.exe, Playback - [WARNING] Internal warning: Thread state based WFR - Requested element has invalid HWND
\0
W, 3524, 13, 2012/11/12, 16:07:54.287, 6716323411285, QTAgent32.exe, Playback - [WARNING] Internal warning: process performance counters based WFR - Requested element has invalid HWND
\0
E, 3524, 13, 2012/11/12, 16:07:54.287, 6716323414611, QTAgent32.exe, EnsureValid called via EnsureValid call for same element
E, 3524, 13, 2012/11/12, 16:07:54.287, 6716323418208, QTAgent32.exe, GetClassName for handle 5703720 failed
E, 3524, 13, 2012/11/12, 16:07:54.287, 6716323420521, QTAgent32.exe, EnsureValid called via EnsureValid call for same element
E, 3524, 13, 2012/11/12, 16:07:54.287, 6716323422024, QTAgent32.exe, EnsureValid called via EnsureValid call for same element
E, 3524, 13, 2012/11/12, 16:07:54.287, 6716323439279, QTAgent32.exe, Window 5703720 not responding. Last Win32 error 0
E, 3524, 13, 2012/11/12, 16:07:54.287, 6716323441770, QTAgent32.exe, GetClassName for handle 5703720 failed
E, 3524, 13, 2012/11/12, 16:07:54.287, 6716323442619, QTAgent32.exe, GetClassName for handle 5703720 failed
W, 3524, 13, 2012/11/12, 16:07:58.483, 6716383489922, QTAgent32.exe, Playback - [WARNING] Internal warning: Window Not Found: [VisibleOnly]ControlType='Window' &amp;&amp; Name='Print Documents' &amp;&amp; ClassName='ThunderRT6FormDC'
\0
E, 3524, 13, 2012/11/12, 16:07:58.483, 6716383492652, QTAgent32.exe, &lt;a class=failure&gt;Playback - {199} [FAILED] Function ElementFetcher::FindScreenElement failed to locate UI element (Searching: ;[VisibleOnly]ControlType='Window' &amp;&amp; Name='Print Documents' &amp;&amp; ClassName='ThunderRT6FormDC') (The object specified was not found.)
\0&lt;/a&gt;
E, 3524, 13, 2012/11/12, 16:07:58.561, 6716384776402, QTAgent32.exe, Playback - [IMAGE] C:\Users\peter.zenin-ad\AppData\Local\Temp\UITestLogs\LastRun\RPF395F.png
\0
W, 3524, 13, 2012/11/12, 16:07:58.561, 6716384778709, QTAgent32.exe, Playback - [WARNING] Internal warning: Couldn't find descendants that match QueryId
\0
W, 3524, 13, 2012/11/12, 16:07:58.561, 6716384781770, QTAgent32.exe, PERF WARNING: FindTopLevelWindowHelper::FindAllDescendents: took 4283 ms. Expected it to take maximum 500 ms.
W, 3524, 13, 2012/11/12, 16:08:01.837, 6716431606937, QTAgent32.exe, PERF WARNING: FindTopLevelWindowHelper::FindAllDescendents: took 3270 ms. Expected it to take maximum 500 ms.
W, 3524, 13, 2012/11/12, 16:08:02.181, 6716436399580, QTAgent32.exe, &lt;a class=success&gt;Playback - {200} [SUCCESS] Check - "[MSAA, VisibleOnly]ControlType='CheckBox' &amp;&amp; Name='Defer Printing?'"
\0&lt;/a&gt;
W, 3524, 13, 2012/11/12, 16:08:02.820, 6716445590477, QTAgent32.exe, &lt;a class=success&gt;Playback - {201} [SUCCESS] MouseButtonClick - "[MSAA, VisibleOnly]ControlType='Button' &amp;&amp; Name='Ok'"
\0&lt;/a&gt;
W, 3524, 13, 2012/11/12, 16:08:03.647, 6716457591934, QTAgent32.exe, &lt;a class=success&gt;Playback - {202} [SUCCESS] MouseButtonClick - "[MSAA, VisibleOnly]ControlType='Button' &amp;&amp; Name='OK'"
\0&lt;/a&gt;
W, 3524, 13, 2012/11/12, 16:08:03.803, 6716459627598, QTAgent32.exe, Playback - [WARNING] Internal warning: Thread state based WFR - Requested element has invalid HWND
\0
W, 3524, 13, 2012/11/12, 16:08:03.803, 6716459629467, QTAgent32.exe, Playback - [WARNING] Internal warning: process performance counters based WFR - Requested element has invalid HWND
\0
E, 3524, 13, 2012/11/12, 16:08:03.803, 6716459632620, QTAgent32.exe, EnsureValid called via EnsureValid call for same element
E, 3524, 13, 2012/11/12, 16:08:03.803, 6716459636177, QTAgent32.exe, GetClassName for handle 2099660 failed
E, 3524, 13, 2012/11/12, 16:08:03.803, 6716459638530, QTAgent32.exe, EnsureValid called via EnsureValid call for same element
E, 3524, 13, 2012/11/12, 16:08:03.803, 6716459640037, QTAgent32.exe, EnsureValid called via EnsureValid call for same element
E, 3524, 13, 2012/11/12, 16:08:03.803, 6716459657173, QTAgent32.exe, Window 2099660 not responding. Last Win32 error 0
E, 3524, 13, 2012/11/12, 16:08:03.803, 6716459659858, QTAgent32.exe, GetClassName for handle 2099660 failed
E, 3524, 13, 2012/11/12, 16:08:03.803, 6716459660746, QTAgent32.exe, GetClassName for handle 2099660 failed
W, 3524, 13, 2012/11/12, 16:08:05.441, 6716483098434, QTAgent32.exe, PERF WARNING: FindTopLevelWindowHelper::FindAllDescendents: took 1636 ms. Expected it to take maximum 500 ms.
W, 3524, 13, 2012/11/12, 16:08:05.784, 6716487999433, QTAgent32.exe, &lt;a class=success&gt;Playback - {203} [SUCCESS] Uncheck - "[MSAA, VisibleOnly]ControlType='CheckBox' &amp;&amp; Name='Add Activity'"
\0&lt;/a&gt;
W, 3524, 13, 2012/11/12, 16:08:06.658, 6716500691515, QTAgent32.exe, &lt;a class=success&gt;Playback - {204} [SUCCESS] MouseButtonClick - "[MSAA, VisibleOnly]ControlType='Button' &amp;&amp; Name='Ok'"
\0&lt;/a&gt;
W, 3524, 13, 2012/11/12, 16:08:07.095, 6716506915608, QTAgent32.exe, &lt;a class=success&gt;Playback - {205} [SUCCESS] MouseButtonClick - "[MSAA, VisibleOnly]ControlType='Button' &amp;&amp; Name='Ok'"
\0&lt;/a&gt;
W, 3524, 13, 2012/11/12, 16:08:12.493, 6716584056868, QTAgent32.exe, PERF WARNING: FindTopLevelWindowHelper::FindAllDescendents: took 5164 ms. Expected it to take maximum 500 ms.
W, 3524, 13, 2012/11/12, 16:08:12.945, 6716590520993, QTAgent32.exe, &lt;a class=success&gt;Playback - {206} [SUCCESS] DoSelect - "[MSAA, VisibleOnly]ControlType='List'"
\0&lt;/a&gt;
W, 3524, 13, 2012/11/12, 16:08:14.942, 6716619152154, QTAgent32.exe, &lt;a class=success&gt;Playback - {207} [SUCCESS] MouseButtonClick - "[MSAA, VisibleOnly]ControlType='Button' &amp;&amp; Name='Ok'"
\0&lt;/a&gt;
E, 3524, 13, 2012/11/12, 16:08:15.067, 6716621012544, QTAgent32.exe, GetClassName for handle 3278148 failed
W, 3524, 13, 2012/11/12, 16:08:17.376, 6716653955876, QTAgent32.exe, &lt;a class=success&gt;Playback - {208} [SUCCESS] MouseButtonClick - "[MSAA, VisibleOnly]ControlType='Button' &amp;&amp; Name='OK'"
\0&lt;/a&gt;
W, 3524, 13, 2012/11/12, 16:08:17.828, 6716660589780, QTAgent32.exe, &lt;a class=success&gt;Playback - {209} [SUCCESS] MouseButtonClick - "[MSAA, VisibleOnly]ControlType='Button' &amp;&amp; Name='Exit'"
\0&lt;/a&gt;
W, 3524, 13, 2012/11/12, 16:08:18.328, 6716667721584, QTAgent32.exe, &lt;a class=success&gt;Playback - {210} [SUCCESS] MouseButtonClick - "[MSAA, VisibleOnly]ControlType='Button' &amp;&amp; Name='Yes'"
\0&lt;/a&gt;
W, 3524, 13, 2012/11/12, 16:08:18.811, 6716674661613, QTAgent32.exe, &lt;a class=success&gt;Playback - {211} [SUCCESS] MouseButtonClick - "[MSAA, VisibleOnly]ControlType='Button' &amp;&amp; Name='Cancel'"
\0&lt;/a&gt;
W, 3524, 13, 2012/11/12, 16:08:19.342, 6716682150519, QTAgent32.exe, &lt;a class=success&gt;Playback - {212} [SUCCESS] MouseButtonClick - "[MSAA, VisibleOnly]ControlType='Button'"
\0&lt;/a&gt;
W, 3524, 13, 2012/11/12, 16:08:19.919, 6716690436039, QTAgent32.exe, &lt;a class=success&gt;Playback - {213} [SUCCESS] MouseButtonClick - "[MSAA, VisibleOnly]ControlType='Button' &amp;&amp; Name='Detail'"
\0&lt;/a&gt;
W, 3524, 13, 2012/11/12, 16:08:20.387, 6716697227661, QTAgent32.exe, &lt;a class=success&gt;Playback - {214} [SUCCESS] MouseButtonClick - "[MSAA, VisibleOnly]ControlType='Button' &amp;&amp; Name='Cancel'"
\0&lt;/a&gt;
W, 3524, 13, 2012/11/12, 16:08:20.824, 6716703382883, QTAgent32.exe, &lt;a class=success&gt;Playback - {215} [SUCCESS] MouseButtonClick - "[MSAA, VisibleOnly]ControlType='Button' &amp;&amp; Name='Options'"
\0&lt;/a&gt;
W, 3524, 13, 2012/11/12, 16:08:20.933, 6716704886109, QTAgent32.exe, FindScreenElementInSinglePass : Attempting to find control in one pass of search. Failures can occur.
W, 3524, 13, 2012/11/12, 16:08:20.933, 6716704992831, QTAgent32.exe, Playback - [WARNING] Internal failure: Method GetBoundingRectangle failed (HRESULT = 0x1, "Incorrect function.") for Name = "Quote Select List" ," ControlType = "MenuItem"
\0
W, 3524, 13, 2012/11/12, 16:08:20.933, 6716704994106, QTAgent32.exe, Playback - [WARNING] Internal failure: Couldn't get clickable point for ScreenUIElement - GetClickablePoint failed
\0
W, 3524, 13, 2012/11/12, 16:08:20.933, 6716704996800, QTAgent32.exe, FindScreenElementInSinglePass : Attempting to find control in one pass of search. Failures can occur.
W, 3524, 13, 2012/11/12, 16:08:20.933, 6716705026492, QTAgent32.exe, FindScreenElementInSinglePass : Attempting to find control in one pass of search. Failures can occur.
W, 3524, 13, 2012/11/12, 16:08:21.261, 6716709572599, QTAgent32.exe, &lt;a class=success&gt;Playback - {216} [SUCCESS] LeftButtonClick - "[MSAA, VisibleOnly]ControlType='MenuBar' &amp;&amp; Name='Application'"  &lt; Mouse cursor location (960, 31) &gt;
\0&lt;/a&gt;
W, 3524, 13, 2012/11/12, 16:08:21.370, 6716711138341, QTAgent32.exe, &lt;a class=success&gt;Playback - {217} [SUCCESS] LeftButtonClick - "[MSAA]ControlType='MenuItem' &amp;&amp; Name='Options'"  &lt; Mouse cursor location (94, 31) &gt;
\0&lt;/a&gt;
W, 3524, 13, 2012/11/12, 16:08:21.542, 6716713590632, QTAgent32.exe, &lt;a class=success&gt;Playback - {218} [SUCCESS] LeftButtonClick - "[MSAA]ControlType='MenuItem' &amp;&amp; Name='Links'"  &lt; Mouse cursor location (174, 319) &gt;
\0&lt;/a&gt;
W, 3524, 13, 2012/11/12, 16:08:21.713, 6716716049322, QTAgent32.exe, &lt;a class=success&gt;Playback - {219} [SUCCESS] LeftButtonClick - "[MSAA]ControlType='MenuItem' &amp;&amp; Name='3rd Party Integration'"  &lt; Mouse cursor location (375, 319) &gt;
\0&lt;/a&gt;
W, 3524, 13, 2012/11/12, 16:08:21.885, 6716718681590, QTAgent32.exe, &lt;a class=success&gt;Playback - {220} [SUCCESS] MouseButtonClick - "[MSAA]ControlType='MenuItem' &amp;&amp; Name='Quote Select List'"
\0&lt;/a&gt;
W, 3524, 13, 2012/11/12, 16:08:23.507, 6716741747914, QTAgent32.exe, PERF WARNING: FindTopLevelWindowHelper::FindAllDescendents: took 1477 ms. Expected it to take maximum 500 ms.
W, 3524, 13, 2012/11/12, 16:08:24.116, 6716750595875, QTAgent32.exe, &lt;a class=success&gt;Playback - {221} [SUCCESS] MouseButtonClick - "[MSAA, VisibleOnly]ControlType='Button' &amp;&amp; Name='Ok'"
\0&lt;/a&gt;
W, 3524, 13, 2012/11/12, 16:08:25.629, 6716772150158, QTAgent32.exe, PERF WARNING: FindTopLevelWindowHelper::FindAllDescendents: took 1391 ms. Expected it to take maximum 500 ms.
W, 3524, 13, 2012/11/12, 16:08:25.957, 6716776949298, QTAgent32.exe, &lt;a class=success&gt;Playback - {222} [SUCCESS] MouseButtonClick - "[MSAA, VisibleOnly]ControlType='Button' &amp;&amp; Name='Before'"
\0&lt;/a&gt;
W, 3524, 13, 2012/11/12, 16:08:28.125, 6716807973466, QTAgent32.exe, PERF WARNING: FindTopLevelWindowHelper::FindAllDescendents: took 2063 ms. Expected it to take maximum 500 ms.
W, 3524, 13, 2012/11/12, 16:08:28.656, 6716815586339, QTAgent32.exe, &lt;a class=success&gt;Playback - {223} [SUCCESS] MouseButtonClick - "[MSAA, VisibleOnly]ControlType='Button' &amp;&amp; Name='MTA'"
\0&lt;/a&gt;
W, 3524, 13, 2012/11/12, 16:08:29.295, 6716824699689, QTAgent32.exe, Playback - [WARNING] Internal warning: Incorrect flag set for InvokeProgrammaticAction\0
W, 3524, 13, 2012/11/12, 16:08:29.654, 6716829754142, QTAgent32.exe, &lt;a class=success&gt;Playback - {224} [SUCCESS] SetValueAsComboBox "General Adjustment" - "[MSAA, VisibleOnly]ControlType='ComboBox'"  &lt; SetValueAsComboBox, set by clicking on the item in the list box &gt;
\0&lt;/a&gt;
W, 3524, 13, 2012/11/12, 16:08:30.075, 6716835968578, QTAgent32.exe, &lt;a class=success&gt;Playback - {225} [SUCCESS] MouseButtonClick - "[MSAA, VisibleOnly]ControlType='Button' &amp;&amp; Name='OK'"
\0&lt;/a&gt;
W, 3524, 13, 2012/11/12, 16:08:30.216, 6716837960734, QTAgent32.exe, Playback - [WARNING] Internal warning: Thread state based WFR - Requested element has invalid HWND
\0
W, 3524, 13, 2012/11/12, 16:08:30.216, 6716837962612, QTAgent32.exe, Playback - [WARNING] Internal warning: process performance counters based WFR - Requested element has invalid HWND
\0
E, 3524, 13, 2012/11/12, 16:08:30.216, 6716837965932, QTAgent32.exe, EnsureValid called via EnsureValid call for same element
E, 3524, 13, 2012/11/12, 16:08:30.216, 6716837968320, QTAgent32.exe, GetClassName for handle 7407250 failed
E, 3524, 13, 2012/11/12, 16:08:30.231, 6716838002045, QTAgent32.exe, EnsureValid called via EnsureValid call for same element
E, 3524, 13, 2012/11/12, 16:08:30.231, 6716838003869, QTAgent32.exe, EnsureValid called via EnsureValid call for same element
E, 3524, 13, 2012/11/12, 16:08:30.231, 6716838009172, QTAgent32.exe, GetClassName for handle 7407250 failed
E, 3524, 13, 2012/11/12, 16:08:30.231, 6716838016211, QTAgent32.exe, Exception: System.Runtime.InteropServices.COMException
	Message: Error HRESULT E_FAIL has been returned from a call to a COM component.
	Stack Trace:    at Accessibility.IAccessible.get_accState(Object varChild)
   at Microsoft.VisualStudio.TestTools.UITest.Extension.Msaa.AccWrapper.get_State()
	BaseExceptionMessage: Error HRESULT E_FAIL has been returned from a call to a COM component.

E, 3524, 13, 2012/11/12, 16:08:30.231, 6716838020528, QTAgent32.exe, Exception: System.Runtime.InteropServices.COMException
	Message: Error HRESULT E_FAIL has been returned from a call to a COM component.
	Stack Trace:    at Accessibility.IAccessible.get_accState(Object varChild)
   at Microsoft.VisualStudio.TestTools.UITest.Extension.Msaa.AccWrapper.get_State()
	BaseExceptionMessage: Error HRESULT E_FAIL has been returned from a call to a COM component.

E, 3524, 13, 2012/11/12, 16:08:30.231, 6716838024777, QTAgent32.exe, Exception: System.Runtime.InteropServices.COMException
	Message: Error HRESULT E_FAIL has been returned from a call to a COM component.
	Stack Trace:    at Accessibility.IAccessible.get_accState(Object varChild)
   at Microsoft.VisualStudio.TestTools.UITest.Extension.Msaa.AccWrapper.get_State()
	BaseExceptionMessage: Error HRESULT E_FAIL has been returned from a call to a COM component.

E, 3524, 13, 2012/11/12, 16:08:30.231, 6716838029056, QTAgent32.exe, Exception: System.Runtime.InteropServices.COMException
	Message: Error HRESULT E_FAIL has been returned from a call to a COM component.
	Stack Trace:    at Accessibility.IAccessible.get_accState(Object varChild)
   at Microsoft.VisualStudio.TestTools.UITest.Extension.Msaa.AccWrapper.get_State()
	BaseExceptionMessage: Error HRESULT E_FAIL has been returned from a call to a COM component.

E, 3524, 13, 2012/11/12, 16:08:30.231, 6716838033313, QTAgent32.exe, Exception: System.Runtime.InteropServices.COMException
	Message: Error HRESULT E_FAIL has been returned from a call to a COM component.
	Stack Trace:    at Accessibility.IAccessible.get_accState(Object varChild)
   at Microsoft.VisualStudio.TestTools.UITest.Extension.Msaa.AccWrapper.get_State()
	BaseExceptionMessage: Error HRESULT E_FAIL has been returned from a call to a COM component.

E, 3524, 13, 2012/11/12, 16:08:30.231, 6716838037586, QTAgent32.exe, Exception: System.Runtime.InteropServices.COMException
	Message: Error HRESULT E_FAIL has been returned from a call to a COM component.
	Stack Trace:    at Accessibility.IAccessible.get_accState(Object varChild)
   at Microsoft.VisualStudio.TestTools.UITest.Extension.Msaa.AccWrapper.get_State()
	BaseExceptionMessage: Error HRESULT E_FAIL has been returned from a call to a COM component.

E, 3524, 13, 2012/11/12, 16:08:30.231, 6716838041850, QTAgent32.exe, Exception: System.Runtime.InteropServices.COMException
	Message: Error HRESULT E_FAIL has been returned from a call to a COM component.
	Stack Trace:    at Accessibility.IAccessible.get_accState(Object varChild)
   at Microsoft.VisualStudio.TestTools.UITest.Extension.Msaa.AccWrapper.get_State()
	BaseExceptionMessage: Error HRESULT E_FAIL has been returned from a call to a COM component.

W, 3524, 13, 2012/11/12, 16:08:30.418, 6716840890897, QTAgent32.exe, PERF WARNING: MSAA.UpdateQueryIDForNamelessControls: took 201 ms. Expected it to take maximum 200 ms.
W, 3524, 13, 2012/11/12, 16:08:30.418, 6716840894869, QTAgent32.exe, Msaa.Navigate: Exception [Error HRESULT E_FAIL has been returned from a call to a COM component.] while calling accNavigate.
E, 3524, 13, 2012/11/12, 16:08:30.418, 6716840895910, QTAgent32.exe, GetClassName for handle 3998720 failed
E, 3524, 13, 2012/11/12, 16:08:30.418, 6716840896836, QTAgent32.exe, Window 3998720 not responding. Last Win32 error 1400
E, 3524, 13, 2012/11/12, 16:08:30.418, 6716840899360, QTAgent32.exe, GetClassName for handle 7407250 failed
W, 3524, 13, 2012/11/12, 16:08:30.574, 6716842917976, QTAgent32.exe, &lt;a class=success&gt;Playback - {226} [SUCCESS] SendKeys "^{HOME}" - "[MSAA, VisibleOnly]ControlType='Edit'"
\0&lt;/a&gt;
E, 3524, 13, 2012/11/12, 16:08:30.574, 6716842920624, QTAgent32.exe, Msaa.GetFocusedElement: could not find accessible object of foreground window
W, 3524, 13, 2012/11/12, 16:08:30.668, 6716844259324, QTAgent32.exe, &lt;a class=success&gt;Playback - {227} [SUCCESS] SendKeys "^+{END}" - "[MSAA, VisibleOnly]ControlType='Edit'"
\0&lt;/a&gt;
E, 3524, 13, 2012/11/12, 16:08:30.668, 6716844261625, QTAgent32.exe, Msaa.GetFocusedElement: could not find accessible object of foreground window
W, 3524, 13, 2012/11/12, 16:08:30.684, 6716844482543, QTAgent32.exe, &lt;a class=success&gt;Playback - {228} [SUCCESS] SendKeys "{DELETE}" - "[MSAA, VisibleOnly]ControlType='Edit'"
\0&lt;/a&gt;
W, 3524, 13, 2012/11/12, 16:08:31.105, 6716850521107, QTAgent32.exe, &lt;a class=success&gt;Playback - {229} [SUCCESS] SetValueAsEditBox "NewTest" - "[MSAA, VisibleOnly]ControlType='Edit'"  &lt; Set via SendKeys &gt;
\0&lt;/a&gt;
W, 3524, 13, 2012/11/12, 16:08:31.604, 6716857744847, QTAgent32.exe, &lt;a class=success&gt;Playback - {230} [SUCCESS] MouseButtonClick - "[MSAA, VisibleOnly]ControlType='Button' &amp;&amp; Name='Next &gt;'"
\0&lt;/a&gt;
W, 3524, 13, 2012/11/12, 16:08:31.854, 6716861354386, QTAgent32.exe, &lt;a class=success&gt;Playback - {231} [SUCCESS] MouseButtonClick - "[MSAA, VisibleOnly]ControlType='Button' &amp;&amp; Name='Next &gt;'"
\0&lt;/a&gt;
W, 3524, 13, 2012/11/12, 16:08:32.135, 6716865406123, QTAgent32.exe, &lt;a class=success&gt;Playback - {232} [SUCCESS] MouseButtonClick - "[MSAA, VisibleOnly]ControlType='Button' &amp;&amp; Name='Next &gt;'"
\0&lt;/a&gt;
W, 3524, 13, 2012/11/12, 16:08:32.369, 6716868632371, QTAgent32.exe, &lt;a class=success&gt;Playback - {233} [SUCCESS] MouseButtonClick - "[MSAA, VisibleOnly]ControlType='Button' &amp;&amp; Name='Next &gt;'"
\0&lt;/a&gt;
W, 3524, 13, 2012/11/12, 16:08:32.603, 6716871964502, QTAgent32.exe, &lt;a class=success&gt;Playback - {234} [SUCCESS] MouseButtonClick - "[MSAA, VisibleOnly]ControlType='Button' &amp;&amp; Name='Next &gt;'"
\0&lt;/a&gt;
W, 3524, 13, 2012/11/12, 16:08:32.837, 6716875503513, QTAgent32.exe, &lt;a class=success&gt;Playback - {235} [SUCCESS] MouseButtonClick - "[MSAA, VisibleOnly]ControlType='Button' &amp;&amp; Name='Next &gt;'"
\0&lt;/a&gt;
W, 3524, 13, 2012/11/12, 16:08:33.102, 6716879207669, QTAgent32.exe, &lt;a class=success&gt;Playback - {236} [SUCCESS] MouseButtonClick - "[MSAA, VisibleOnly]ControlType='Button' &amp;&amp; Name='Next &gt;'"
\0&lt;/a&gt;
W, 3524, 13, 2012/11/12, 16:08:33.461, 6716884352091, QTAgent32.exe, &lt;a class=success&gt;Playback - {237} [SUCCESS] MouseButtonClick - "[MSAA, VisibleOnly]ControlType='Button' &amp;&amp; Name='Quote'"
\0&lt;/a&gt;
W, 3524, 13, 2012/11/12, 16:08:33.710, 6716887817004, QTAgent32.exe, &lt;a class=success&gt;Playback - {238} [SUCCESS] SendKeys "^{HOME}" - "[MSAA, VisibleOnly]ControlType='Edit'"
\0&lt;/a&gt;
E, 3524, 13, 2012/11/12, 16:08:33.710, 6716887819700, QTAgent32.exe, Msaa.GetFocusedElement: could not find accessible object of foreground window
W, 3524, 13, 2012/11/12, 16:08:33.804, 6716889154612, QTAgent32.exe, &lt;a class=success&gt;Playback - {239} [SUCCESS] SendKeys "^+{END}" - "[MSAA, VisibleOnly]ControlType='Edit'"
\0&lt;/a&gt;
E, 3524, 13, 2012/11/12, 16:08:33.804, 6716889156531, QTAgent32.exe, Msaa.GetFocusedElement: could not find accessible object of foreground window
W, 3524, 13, 2012/11/12, 16:08:33.819, 6716889382121, QTAgent32.exe, &lt;a class=success&gt;Playback - {240} [SUCCESS] SendKeys "{DELETE}" - "[MSAA, VisibleOnly]ControlType='Edit'"
\0&lt;/a&gt;
W, 3524, 13, 2012/11/12, 16:08:34.147, 6716894073318, QTAgent32.exe, &lt;a class=success&gt;Playback - {241} [SUCCESS] SetValueAsEditBox "14/11/12" - "[MSAA, VisibleOnly]ControlType='Edit'"  &lt; Set via SendKeys &gt;
\0&lt;/a&gt;
W, 3524, 13, 2012/11/12, 16:08:34.802, 6716903463071, QTAgent32.exe, &lt;a class=success&gt;Playback - {242} [SUCCESS] MouseButtonClick - "[MSAA, VisibleOnly]ControlType='Button' &amp;&amp; Name='OK'"
\0&lt;/a&gt;
W, 3524, 13, 2012/11/12, 16:08:37.377, 6716940336528, QTAgent32.exe, PERF WARNING: FindTopLevelWindowHelper::FindAllDescendents: took 2466 ms. Expected it to take maximum 500 ms.
W, 3524, 13, 2012/11/12, 16:08:37.486, 6716941874553, QTAgent32.exe, &lt;a class=success&gt;Playback - {243} [SUCCESS] MouseButtonClick - "[MSAA, VisibleOnly]ControlType='Client'"
\0&lt;/a&gt;
W, 3524, 13, 2012/11/12, 16:08:37.735, 6716945442776, QTAgent32.exe, &lt;a class=success&gt;Playback - {244} [SUCCESS] SendKeys "{Home}" - "[MSAA, VisibleOnly]ControlType='Client'"
\0&lt;/a&gt;
W, 3524, 13, 2012/11/12, 16:08:38.188, 6716952049503, QTAgent32.exe, &lt;a class=success&gt;Playback - {245} [SUCCESS] MouseButtonClick - "[MSAA, VisibleOnly]ControlType='Button' &amp;&amp; Name='Accept'"
\0&lt;/a&gt;
W, 3524, 13, 2012/11/12, 16:08:38.687, 6716959102385, QTAgent32.exe, &lt;a class=success&gt;Playback - {246} [SUCCESS] MouseButtonClick - "[MSAA, VisibleOnly]ControlType='Button' &amp;&amp; Name='OK'"
\0&lt;/a&gt;
E, 3524, 13, 2012/11/12, 16:08:38.796, 6716960632375, QTAgent32.exe, GetClassName for handle 4589514 failed
W, 3524, 13, 2012/11/12, 16:08:39.155, 6716965973236, QTAgent32.exe, &lt;a class=success&gt;Playback - {247} [SUCCESS] MouseButtonClick - "[MSAA, VisibleOnly]ControlType='Button' &amp;&amp; Name='Ok'"
\0&lt;/a&gt;
E, 3524, 13, 2012/11/12, 16:08:39.264, 6716967336432, QTAgent32.exe, GetClassName for handle 2492806 failed
W, 3524, 13, 2012/11/12, 16:08:57.034, 6717221758010, QTAgent32.exe, PERF WARNING: FindTopLevelWindowHelper::FindAllDescendents: took 17753 ms. Expected it to take maximum 500 ms.
W, 3524, 13, 2012/11/12, 16:08:57.377, 6717226835248, QTAgent32.exe, &lt;a class=success&gt;Playback - {248} [SUCCESS] MouseButtonClick - "[MSAA, VisibleOnly]ControlType='Button' &amp;&amp; Name='OK'"
\0&lt;/a&gt;
W, 3524, 13, 2012/11/12, 16:08:57.939, 6717234847907, QTAgent32.exe, &lt;a class=success&gt;Playback - {249} [SUCCESS] MouseButtonClick - "[MSAA, VisibleOnly]ControlType='Button' &amp;&amp; Name='OK'"
\0&lt;/a&gt;
W, 3524, 13, 2012/11/12, 16:08:58.048, 6717236268982, QTAgent32.exe, Playback - [WARNING] Internal warning: Thread state based WFR - Requested element has invalid HWND
\0
W, 3524, 13, 2012/11/12, 16:08:58.048, 6717236270916, QTAgent32.exe, Playback - [WARNING] Internal warning: process performance counters based WFR - Requested element has invalid HWND
\0
E, 3524, 13, 2012/11/12, 16:08:58.048, 6717236273915, QTAgent32.exe, EnsureValid called via EnsureValid call for same element
E, 3524, 13, 2012/11/12, 16:08:58.048, 6717236278786, QTAgent32.exe, GetClassName for handle 6751464 failed
E, 3524, 13, 2012/11/12, 16:08:58.048, 6717236281040, QTAgent32.exe, EnsureValid called via EnsureValid call for same element
E, 3524, 13, 2012/11/12, 16:08:58.048, 6717236282504, QTAgent32.exe, EnsureValid called via EnsureValid call for same element
E, 3524, 13, 2012/11/12, 16:08:58.048, 6717236299439, QTAgent32.exe, Window 6751464 not responding. Last Win32 error 0
E, 3524, 13, 2012/11/12, 16:08:58.048, 6717236301559, QTAgent32.exe, GetClassName for handle 6751464 failed
E, 3524, 13, 2012/11/12, 16:08:58.048, 6717236302361, QTAgent32.exe, GetClassName for handle 6751464 failed
W, 3524, 13, 2012/11/12, 16:08:58.313, 6717240064545, QTAgent32.exe, &lt;a class=success&gt;Playback - {250} [SUCCESS] Check - "[MSAA, VisibleOnly]ControlType='CheckBox' &amp;&amp; Name='Defer Printing?'"
\0&lt;/a&gt;
W, 3524, 13, 2012/11/12, 16:08:59.000, 6717250106469, QTAgent32.exe, &lt;a class=success&gt;Playback - {251} [SUCCESS] MouseButtonClick - "[MSAA, VisibleOnly]ControlType='Button' &amp;&amp; Name='Ok'"
\0&lt;/a&gt;
W, 3524, 13, 2012/11/12, 16:08:59.124, 6717251692469, QTAgent32.exe, Playback - [WARNING] Internal warning: Thread state based WFR - Requested element has invalid HWND
\0
W, 3524, 13, 2012/11/12, 16:08:59.124, 6717251694169, QTAgent32.exe, Playback - [WARNING] Internal warning: process performance counters based WFR - Requested element has invalid HWND
\0
E, 3524, 13, 2012/11/12, 16:08:59.124, 6717251697328, QTAgent32.exe, EnsureValid called via EnsureValid call for same element
E, 3524, 13, 2012/11/12, 16:08:59.124, 6717251700865, QTAgent32.exe, GetClassName for handle 5375674 failed
E, 3524, 13, 2012/11/12, 16:08:59.124, 6717251703165, QTAgent32.exe, EnsureValid called via EnsureValid call for same element
E, 3524, 13, 2012/11/12, 16:08:59.124, 6717251704673, QTAgent32.exe, EnsureValid called via EnsureValid call for same element
E, 3524, 13, 2012/11/12, 16:08:59.124, 6717251721939, QTAgent32.exe, Window 5375674 not responding. Last Win32 error 0
E, 3524, 13, 2012/11/12, 16:08:59.124, 6717251724689, QTAgent32.exe, GetClassName for handle 5375674 failed
E, 3524, 13, 2012/11/12, 16:08:59.124, 6717251725525, QTAgent32.exe, GetClassName for handle 5375674 failed
W, 3524, 13, 2012/11/12, 16:08:59.951, 6717263598087, QTAgent32.exe, PERF WARNING: FindTopLevelWindowHelper::FindAllDescendents: took 829 ms. Expected it to take maximum 500 ms.
W, 3524, 13, 2012/11/12, 16:09:00.294, 6717268433128, QTAgent32.exe, &lt;a class=success&gt;Playback - {252} [SUCCESS] Uncheck - "[MSAA, VisibleOnly]ControlType='CheckBox' &amp;&amp; Name='Add Activity'"
\0&lt;/a&gt;
E, 3524, 13, 2012/11/12, 16:09:00.513, 6717271554945, QTAgent32.exe, GetClassName for handle 7996620 failed
W, 3524, 13, 2012/11/12, 16:09:00.872, 6717276818152, QTAgent32.exe, &lt;a class=success&gt;Playback - {253} [SUCCESS] MouseButtonClick - "[MSAA, VisibleOnly]ControlType='Button' &amp;&amp; Name='Ok'"
\0&lt;/a&gt;
E, 3524, 13, 2012/11/12, 16:09:01.106, 6717280042410, QTAgent32.exe, GetClassName for handle 5047866 failed
W, 3524, 13, 2012/11/12, 16:09:05.614, 6717344602511, QTAgent32.exe, PERF WARNING: FindTopLevelWindowHelper::FindAllDescendents: took 4426 ms. Expected it to take maximum 500 ms.
W, 3524, 13, 2012/11/12, 16:09:06.285, 6717354380402, QTAgent32.exe, &lt;a class=success&gt;Playback - {254} [SUCCESS] MouseButtonClick - "[MSAA, VisibleOnly]ControlType='Button' &amp;&amp; Name='OK'"
\0&lt;/a&gt;
E, 3524, 13, 2012/11/12, 16:09:06.519, 6717357550827, QTAgent32.exe, GetClassName for handle 2689480 failed
W, 3524, 13, 2012/11/12, 16:09:08.750, 6717389507971, QTAgent32.exe, PERF WARNING: FindTopLevelWindowHelper::FindAllDescendents: took 2231 ms. Expected it to take maximum 500 ms.
W, 3524, 13, 2012/11/12, 16:09:11.043, 6717422324394, QTAgent32.exe, &lt;a class=success&gt;Playback - {255} [SUCCESS] MouseButtonClick - "[MSAA, VisibleOnly]ControlType='Button' &amp;&amp; Name='OK'"
\0&lt;/a&gt;
W, 3524, 13, 2012/11/12, 16:09:11.480, 6717428640502, QTAgent32.exe, &lt;a class=success&gt;Playback - {256} [SUCCESS] MouseButtonClick - "[MSAA, VisibleOnly]ControlType='Button' &amp;&amp; Name='Options'"
\0&lt;/a&gt;
W, 3524, 13, 2012/11/12, 16:09:11.590, 6717430151070, QTAgent32.exe, FindScreenElementInSinglePass : Attempting to find control in one pass of search. Failures can occur.
W, 3524, 13, 2012/11/12, 16:09:11.590, 6717430254864, QTAgent32.exe, Playback - [WARNING] Internal failure: Method GetBoundingRectangle failed (HRESULT = 0x1, "Incorrect function.") for Name = "Quote Select List" ," ControlType = "MenuItem"
\0
W, 3524, 13, 2012/11/12, 16:09:11.590, 6717430256092, QTAgent32.exe, Playback - [WARNING] Internal failure: Couldn't get clickable point for ScreenUIElement - GetClickablePoint failed
\0
W, 3524, 13, 2012/11/12, 16:09:11.590, 6717430258611, QTAgent32.exe, FindScreenElementInSinglePass : Attempting to find control in one pass of search. Failures can occur.
W, 3524, 13, 2012/11/12, 16:09:11.590, 6717430286717, QTAgent32.exe, FindScreenElementInSinglePass : Attempting to find control in one pass of search. Failures can occur.
W, 3524, 13, 2012/11/12, 16:09:11.917, 6717434835767, QTAgent32.exe, &lt;a class=success&gt;Playback - {257} [SUCCESS] LeftButtonClick - "[MSAA, VisibleOnly]ControlType='MenuBar' &amp;&amp; Name='Application'"  &lt; Mouse cursor location (960, 31) &gt;
\0&lt;/a&gt;
W, 3524, 13, 2012/11/12, 16:09:12.026, 6717436399787, QTAgent32.exe, &lt;a class=success&gt;Playback - {258} [SUCCESS] LeftButtonClick - "[MSAA]ControlType='MenuItem' &amp;&amp; Name='Options'"  &lt; Mouse cursor location (94, 31) &gt;
\0&lt;/a&gt;
W, 3524, 13, 2012/11/12, 16:09:12.198, 6717438855475, QTAgent32.exe, &lt;a class=success&gt;Playback - {259} [SUCCESS] LeftButtonClick - "[MSAA]ControlType='MenuItem' &amp;&amp; Name='Links'"  &lt; Mouse cursor location (174, 319) &gt;
\0&lt;/a&gt;
W, 3524, 13, 2012/11/12, 16:09:12.385, 6717441534564, QTAgent32.exe, &lt;a class=success&gt;Playback - {260} [SUCCESS] LeftButtonClick - "[MSAA]ControlType='MenuItem' &amp;&amp; Name='3rd Party Integration'"  &lt; Mouse cursor location (375, 319) &gt;
\0&lt;/a&gt;
W, 3524, 13, 2012/11/12, 16:09:12.572, 6717444243480, QTAgent32.exe, &lt;a class=success&gt;Playback - {261} [SUCCESS] MouseButtonClick - "[MSAA]ControlType='MenuItem' &amp;&amp; Name='Quote Select List'"
\0&lt;/a&gt;
E, 3524, 13, 2012/11/12, 16:09:12.697, 6717446175657, QTAgent32.exe, GetClassName for handle 6292412 failed
W, 3524, 13, 2012/11/12, 16:09:14.476, 6717471482504, QTAgent32.exe, PERF WARNING: FindTopLevelWindowHelper::FindAllDescendents: took 1767 ms. Expected it to take maximum 500 ms.
W, 3524, 13, 2012/11/12, 16:09:15.100, 6717480555014, QTAgent32.exe, &lt;a class=success&gt;Playback - {262} [SUCCESS] MouseButtonClick - "[MSAA, VisibleOnly]ControlType='Button' &amp;&amp; Name='Ok'"
\0&lt;/a&gt;
E, 3524, 13, 2012/11/12, 16:09:15.225, 6717482192135, QTAgent32.exe, GetClassName for handle 5572770 failed
W, 3524, 13, 2012/11/12, 16:09:16.582, 6717501653806, QTAgent32.exe, PERF WARNING: FindTopLevelWindowHelper::FindAllDescendents: took 1358 ms. Expected it to take maximum 500 ms.
W, 3524, 13, 2012/11/12, 16:09:16.925, 6717506680601, QTAgent32.exe, &lt;a class=success&gt;Playback - {263} [SUCCESS] MouseButtonClick - "[MSAA, VisibleOnly]ControlType='Button' &amp;&amp; Name='Yes'"
\0&lt;/a&gt;
W, 3524, 13, 2012/11/12, 16:09:18.938, 6717535555520, QTAgent32.exe, PERF WARNING: FindTopLevelWindowHelper::FindAllDescendents: took 1878 ms. Expected it to take maximum 500 ms.
W, 3524, 13, 2012/11/12, 16:09:19.406, 6717542081755, QTAgent32.exe, &lt;a class=success&gt;Playback - {264} [SUCCESS] MouseButtonClick - "[MSAA, VisibleOnly]ControlType='Button' &amp;&amp; Name='MTA'"
\0&lt;/a&gt;
W, 3524, 13, 2012/11/12, 16:09:19.515, 6717543612071, QTAgent32.exe, Playback - [WARNING] Internal warning: Thread state based WFR - Requested element has invalid HWND
\0
W, 3524, 13, 2012/11/12, 16:09:19.515, 6717543613570, QTAgent32.exe, Playback - [WARNING] Internal warning: process performance counters based WFR - Requested element has invalid HWND
\0
E, 3524, 13, 2012/11/12, 16:09:19.515, 6717543616692, QTAgent32.exe, EnsureValid called via EnsureValid call for same element
E, 3524, 13, 2012/11/12, 16:09:19.515, 6717543620248, QTAgent32.exe, GetClassName for handle 5310326 failed
E, 3524, 13, 2012/11/12, 16:09:19.515, 6717543622564, QTAgent32.exe, EnsureValid called via EnsureValid call for same element
E, 3524, 13, 2012/11/12, 16:09:19.515, 6717543624074, QTAgent32.exe, EnsureValid called via EnsureValid call for same element
E, 3524, 13, 2012/11/12, 16:09:19.515, 6717543641227, QTAgent32.exe, Window 5310326 not responding. Last Win32 error 0
E, 3524, 13, 2012/11/12, 16:09:19.515, 6717543643404, QTAgent32.exe, GetClassName for handle 5310326 failed
E, 3524, 13, 2012/11/12, 16:09:19.515, 6717543644382, QTAgent32.exe, GetClassName for handle 5310326 failed
W, 3524, 13, 2012/11/12, 16:09:20.061, 6717551447031, QTAgent32.exe, Playback - [WARNING] Internal warning: Incorrect flag set for InvokeProgrammaticAction\0
W, 3524, 13, 2012/11/12, 16:09:20.388, 6717556134665, QTAgent32.exe, &lt;a class=success&gt;Playback - {265} [SUCCESS] SetValueAsComboBox "General Adjustment" - "[MSAA, VisibleOnly]ControlType='ComboBox'"  &lt; SetValueAsComboBox, set by clicking on the item in the list box &gt;
\0&lt;/a&gt;
W, 3524, 13, 2012/11/12, 16:09:20.810, 6717562355273, QTAgent32.exe, &lt;a class=success&gt;Playback - {266} [SUCCESS] MouseButtonClick - "[MSAA, VisibleOnly]ControlType='Button' &amp;&amp; Name='OK'"
\0&lt;/a&gt;
W, 3524, 13, 2012/11/12, 16:09:20.950, 6717564316375, QTAgent32.exe, Playback - [WARNING] Internal warning: Thread state based WFR - Requested element has invalid HWND
\0
W, 3524, 13, 2012/11/12, 16:09:20.950, 6717564318373, QTAgent32.exe, Playback - [WARNING] Internal warning: process performance counters based WFR - Requested element has invalid HWND
\0
E, 3524, 13, 2012/11/12, 16:09:20.950, 6717564321753, QTAgent32.exe, EnsureValid called via EnsureValid call for same element
E, 3524, 13, 2012/11/12, 16:09:20.950, 6717564324200, QTAgent32.exe, GetClassName for handle 1902874 failed
E, 3524, 13, 2012/11/12, 16:09:20.950, 6717564326632, QTAgent32.exe, EnsureValid called via EnsureValid call for same element
E, 3524, 13, 2012/11/12, 16:09:20.950, 6717564328190, QTAgent32.exe, EnsureValid called via EnsureValid call for same element
E, 3524, 13, 2012/11/12, 16:09:20.950, 6717564333531, QTAgent32.exe, GetClassName for handle 1902874 failed
E, 3524, 13, 2012/11/12, 16:09:20.950, 6717564340758, QTAgent32.exe, Exception: System.Runtime.InteropServices.COMException
	Message: Error HRESULT E_FAIL has been returned from a call to a COM component.
	Stack Trace:    at Accessibility.IAccessible.get_accState(Object varChild)
   at Microsoft.VisualStudio.TestTools.UITest.Extension.Msaa.AccWrapper.get_State()
	BaseExceptionMessage: Error HRESULT E_FAIL has been returned from a call to a COM component.

E, 3524, 13, 2012/11/12, 16:09:20.950, 6717564345156, QTAgent32.exe, Exception: System.Runtime.InteropServices.COMException
	Message: Error HRESULT E_FAIL has been returned from a call to a COM component.
	Stack Trace:    at Accessibility.IAccessible.get_accState(Object varChild)
   at Microsoft.VisualStudio.TestTools.UITest.Extension.Msaa.AccWrapper.get_State()
	BaseExceptionMessage: Error HRESULT E_FAIL has been returned from a call to a COM component.

E, 3524, 13, 2012/11/12, 16:09:20.950, 6717564349456, QTAgent32.exe, Exception: System.Runtime.InteropServices.COMException
	Message: Error HRESULT E_FAIL has been returned from a call to a COM component.
	Stack Trace:    at Accessibility.IAccessible.get_accState(Object varChild)
   at Microsoft.VisualStudio.TestTools.UITest.Extension.Msaa.AccWrapper.get_State()
	BaseExceptionMessage: Error HRESULT E_FAIL has been returned from a call to a COM component.

E, 3524, 13, 2012/11/12, 16:09:20.950, 6717564353753, QTAgent32.exe, Exception: System.Runtime.InteropServices.COMException
	Message: Error HRESULT E_FAIL has been returned from a call to a COM component.
	Stack Trace:    at Accessibility.IAccessible.get_accState(Object varChild)
   at Microsoft.VisualStudio.TestTools.UITest.Extension.Msaa.AccWrapper.get_State()
	BaseExceptionMessage: Error HRESULT E_FAIL has been returned from a call to a COM component.

E, 3524, 13, 2012/11/12, 16:09:20.950, 6717564358086, QTAgent32.exe, Exception: System.Runtime.InteropServices.COMException
	Message: Error HRESULT E_FAIL has been returned from a call to a COM component.
	Stack Trace:    at Accessibility.IAccessible.get_accState(Object varChild)
   at Microsoft.VisualStudio.TestTools.UITest.Extension.Msaa.AccWrapper.get_State()
	BaseExceptionMessage: Error HRESULT E_FAIL has been returned from a call to a COM component.

E, 3524, 13, 2012/11/12, 16:09:20.950, 6717564362412, QTAgent32.exe, Exception: System.Runtime.InteropServices.COMException
	Message: Error HRESULT E_FAIL has been returned from a call to a COM component.
	Stack Trace:    at Accessibility.IAccessible.get_accState(Object varChild)
   at Microsoft.VisualStudio.TestTools.UITest.Extension.Msaa.AccWrapper.get_State()
	BaseExceptionMessage: Error HRESULT E_FAIL has been returned from a call to a COM component.

E, 3524, 13, 2012/11/12, 16:09:20.950, 6717564366818, QTAgent32.exe, Exception: System.Runtime.InteropServices.COMException
	Message: Error HRESULT E_FAIL has been returned from a call to a COM component.
	Stack Trace:    at Accessibility.IAccessible.get_accState(Object varChild)
   at Microsoft.VisualStudio.TestTools.UITest.Extension.Msaa.AccWrapper.get_State()
	BaseExceptionMessage: Error HRESULT E_FAIL has been returned from a call to a COM component.

W, 3524, 13, 2012/11/12, 16:09:21.153, 6717567215365, QTAgent32.exe, PERF WARNING: MSAA.UpdateQueryIDForNamelessControls: took 201 ms. Expected it to take maximum 200 ms.
W, 3524, 13, 2012/11/12, 16:09:21.153, 6717567219080, QTAgent32.exe, Msaa.Navigate: Exception [Error HRESULT E_FAIL has been returned from a call to a COM component.] while calling accNavigate.
E, 3524, 13, 2012/11/12, 16:09:21.153, 6717567220098, QTAgent32.exe, GetClassName for handle 2558380 failed
E, 3524, 13, 2012/11/12, 16:09:21.153, 6717567220927, QTAgent32.exe, Window 2558380 not responding. Last Win32 error 1400
E, 3524, 13, 2012/11/12, 16:09:21.153, 6717567223356, QTAgent32.exe, GetClassName for handle 1902874 failed
W, 3524, 13, 2012/11/12, 16:09:21.325, 6717569521523, QTAgent32.exe, &lt;a class=success&gt;Playback - {267} [SUCCESS] SendKeys "^{HOME}" - "[MSAA, VisibleOnly]ControlType='Edit'"
\0&lt;/a&gt;
E, 3524, 13, 2012/11/12, 16:09:21.325, 6717569524216, QTAgent32.exe, Msaa.GetFocusedElement: could not find accessible object of foreground window
W, 3524, 13, 2012/11/12, 16:09:21.403, 6717570638912, QTAgent32.exe, &lt;a class=success&gt;Playback - {268} [SUCCESS] SendKeys "^+{END}" - "[MSAA, VisibleOnly]ControlType='Edit'"
\0&lt;/a&gt;
E, 3524, 13, 2012/11/12, 16:09:21.403, 6717570641207, QTAgent32.exe, Msaa.GetFocusedElement: could not find accessible object of foreground window
W, 3524, 13, 2012/11/12, 16:09:21.418, 6717570861522, QTAgent32.exe, &lt;a class=success&gt;Playback - {269} [SUCCESS] SendKeys "{DELETE}" - "[MSAA, VisibleOnly]ControlType='Edit'"
\0&lt;/a&gt;
W, 3524, 13, 2012/11/12, 16:09:21.715, 6717575110184, QTAgent32.exe, &lt;a class=success&gt;Playback - {270} [SUCCESS] SetValueAsEditBox "NewTest" - "[MSAA, VisibleOnly]ControlType='Edit'"  &lt; Set via SendKeys &gt;
\0&lt;/a&gt;
E, 3524, 13, 2012/11/12, 16:09:21.824, 6717576670760, QTAgent32.exe, GetClassName for handle 4129792 failed
W, 3524, 13, 2012/11/12, 16:09:22.214, 6717582317337, QTAgent32.exe, &lt;a class=success&gt;Playback - {271} [SUCCESS] MouseButtonClick - "[MSAA, VisibleOnly]ControlType='Button' &amp;&amp; Name='Next &gt;'"
\0&lt;/a&gt;
E, 3524, 13, 2012/11/12, 16:09:22.323, 6717583817922, QTAgent32.exe, GetClassName for handle 4260488 failed
W, 3524, 13, 2012/11/12, 16:09:22.463, 6717585920431, QTAgent32.exe, &lt;a class=success&gt;Playback - {272} [SUCCESS] MouseButtonClick - "[MSAA, VisibleOnly]ControlType='Button' &amp;&amp; Name='Next &gt;'"
\0&lt;/a&gt;
E, 3524, 13, 2012/11/12, 16:09:22.573, 6717587390700, QTAgent32.exe, GetClassName for handle 3737128 failed
W, 3524, 13, 2012/11/12, 16:09:22.682, 6717589102888, QTAgent32.exe, &lt;a class=success&gt;Playback - {273} [SUCCESS] MouseButtonClick - "[MSAA, VisibleOnly]ControlType='Button' &amp;&amp; Name='Next &gt;'"
\0&lt;/a&gt;
E, 3524, 13, 2012/11/12, 16:09:22.791, 6717590519312, QTAgent32.exe, GetClassName for handle 3211808 failed
W, 3524, 13, 2012/11/12, 16:09:22.916, 6717592335400, QTAgent32.exe, &lt;a class=success&gt;Playback - {274} [SUCCESS] MouseButtonClick - "[MSAA, VisibleOnly]ControlType='Button' &amp;&amp; Name='Next &gt;'"
\0&lt;/a&gt;
E, 3524, 13, 2012/11/12, 16:09:23.025, 6717593871312, QTAgent32.exe, GetClassName for handle 7930670 failed
W, 3524, 13, 2012/11/12, 16:09:23.150, 6717595669430, QTAgent32.exe, &lt;a class=success&gt;Playback - {275} [SUCCESS] MouseButtonClick - "[MSAA, VisibleOnly]ControlType='Button' &amp;&amp; Name='Next &gt;'"
\0&lt;/a&gt;
E, 3524, 13, 2012/11/12, 16:09:23.259, 6717597221879, QTAgent32.exe, GetClassName for handle 4195384 failed
W, 3524, 13, 2012/11/12, 16:09:23.368, 6717598966490, QTAgent32.exe, &lt;a class=success&gt;Playback - {276} [SUCCESS] MouseButtonClick - "[MSAA, VisibleOnly]ControlType='Button' &amp;&amp; Name='Next &gt;'"
\0&lt;/a&gt;
E, 3524, 13, 2012/11/12, 16:09:23.477, 6717600348881, QTAgent32.exe, GetClassName for handle 4458244 failed
W, 3524, 13, 2012/11/12, 16:09:23.618, 6717602426244, QTAgent32.exe, &lt;a class=success&gt;Playback - {277} [SUCCESS] MouseButtonClick - "[MSAA, VisibleOnly]ControlType='Button' &amp;&amp; Name='Next &gt;'"
\0&lt;/a&gt;
E, 3524, 13, 2012/11/12, 16:09:23.727, 6717603921248, QTAgent32.exe, GetClassName for handle 2427272 failed
W, 3524, 13, 2012/11/12, 16:09:24.039, 6717608437124, QTAgent32.exe, &lt;a class=success&gt;Playback - {278} [SUCCESS] MouseButtonClick - "[MSAA, VisibleOnly]ControlType='Button' &amp;&amp; Name='Quote'"
\0&lt;/a&gt;
W, 3524, 13, 2012/11/12, 16:09:24.148, 6717609950878, QTAgent32.exe, Playback - [WARNING] Internal warning: Thread state based WFR - Requested element has invalid HWND
\0
W, 3524, 13, 2012/11/12, 16:09:24.148, 6717609952632, QTAgent32.exe, Playback - [WARNING] Internal warning: process performance counters based WFR - Requested element has invalid HWND
\0
E, 3524, 13, 2012/11/12, 16:09:24.148, 6717609955694, QTAgent32.exe, EnsureValid called via EnsureValid call for same element
E, 3524, 13, 2012/11/12, 16:09:24.148, 6717609958015, QTAgent32.exe, GetClassName for handle 5047662 failed
E, 3524, 13, 2012/11/12, 16:09:24.148, 6717609960304, QTAgent32.exe, EnsureValid called via EnsureValid call for same element
E, 3524, 13, 2012/11/12, 16:09:24.148, 6717609961764, QTAgent32.exe, EnsureValid called via EnsureValid call for same element
E, 3524, 13, 2012/11/12, 16:09:24.148, 6717609966875, QTAgent32.exe, GetClassName for handle 5047662 failed
E, 3524, 13, 2012/11/12, 16:09:24.148, 6717609973874, QTAgent32.exe, Exception: System.Runtime.InteropServices.COMException
	Message: Error HRESULT E_FAIL has been returned from a call to a COM component.
	Stack Trace:    at Accessibility.IAccessible.get_accState(Object varChild)
   at Microsoft.VisualStudio.TestTools.UITest.Extension.Msaa.AccWrapper.get_State()
	BaseExceptionMessage: Error HRESULT E_FAIL has been returned from a call to a COM component.

E, 3524, 13, 2012/11/12, 16:09:24.148, 6717609978108, QTAgent32.exe, Exception: System.Runtime.InteropServices.COMException
	Message: Error HRESULT E_FAIL has been returned from a call to a COM component.
	Stack Trace:    at Accessibility.IAccessible.get_accState(Object varChild)
   at Microsoft.VisualStudio.TestTools.UITest.Extension.Msaa.AccWrapper.get_State()
	BaseExceptionMessage: Error HRESULT E_FAIL has been returned from a call to a COM component.

E, 3524, 13, 2012/11/12, 16:09:24.148, 6717609982468, QTAgent32.exe, Exception: System.Runtime.InteropServices.COMException
	Message: Error HRESULT E_FAIL has been returned from a call to a COM component.
	Stack Trace:    at Accessibility.IAccessible.get_accState(Object varChild)
   at Microsoft.VisualStudio.TestTools.UITest.Extension.Msaa.AccWrapper.get_State()
	BaseExceptionMessage: Error HRESULT E_FAIL has been returned from a call to a COM component.

E, 3524, 13, 2012/11/12, 16:09:24.148, 6717609986648, QTAgent32.exe, Exception: System.Runtime.InteropServices.COMException
	Message: Error HRESULT E_FAIL has been returned from a call to a COM component.
	Stack Trace:    at Accessibility.IAccessible.get_accState(Object varChild)
   at Microsoft.VisualStudio.TestTools.UITest.Extension.Msaa.AccWrapper.get_State()
	BaseExceptionMessage: Error HRESULT E_FAIL has been returned from a call to a COM component.

E, 3524, 13, 2012/11/12, 16:09:24.148, 6717609990829, QTAgent32.exe, Exception: System.Runtime.InteropServices.COMException
	Message: Error HRESULT E_FAIL has been returned from a call to a COM component.
	Stack Trace:    at Accessibility.IAccessible.get_accState(Object varChild)
   at Microsoft.VisualStudio.TestTools.UITest.Extension.Msaa.AccWrapper.get_State()
	BaseExceptionMessage: Error HRESULT E_FAIL has been returned from a call to a COM component.

E, 3524, 13, 2012/11/12, 16:09:24.148, 6717609995075, QTAgent32.exe, Exception: System.Runtime.InteropServices.COMException
	Message: Error HRESULT E_FAIL has been returned from a call to a COM component.
	Stack Trace:    at Accessibility.IAccessible.get_accState(Object varChild)
   at Microsoft.VisualStudio.TestTools.UITest.Extension.Msaa.AccWrapper.get_State()
	BaseExceptionMessage: Error HRESULT E_FAIL has been returned from a call to a COM component.

E, 3524, 13, 2012/11/12, 16:09:24.148, 6717609999306, QTAgent32.exe, Exception: System.Runtime.InteropServices.COMException
	Message: Error HRESULT E_FAIL has been returned from a call to a COM component.
	Stack Trace:    at Accessibility.IAccessible.get_accState(Object varChild)
   at Microsoft.VisualStudio.TestTools.UITest.Extension.Msaa.AccWrapper.get_State()
	BaseExceptionMessage: Error HRESULT E_FAIL has been returned from a call to a COM component.

W, 3524, 13, 2012/11/12, 16:09:24.336, 6717612848570, QTAgent32.exe, PERF WARNING: MSAA.UpdateQueryIDForNamelessControls: took 201 ms. Expected it to take maximum 200 ms.
W, 3524, 13, 2012/11/12, 16:09:24.351, 6717612853151, QTAgent32.exe, Msaa.Navigate: Exception [Error HRESULT E_FAIL has been returned from a call to a COM component.] while calling accNavigate.
E, 3524, 13, 2012/11/12, 16:09:24.351, 6717612854196, QTAgent32.exe, GetClassName for handle 4981566 failed
E, 3524, 13, 2012/11/12, 16:09:24.351, 6717612855012, QTAgent32.exe, Window 4981566 not responding. Last Win32 error 1400
E, 3524, 13, 2012/11/12, 16:09:24.351, 6717612857432, QTAgent32.exe, GetClassName for handle 5047662 failed
W, 3524, 13, 2012/11/12, 16:09:24.507, 6717615089668, QTAgent32.exe, &lt;a class=success&gt;Playback - {279} [SUCCESS] SendKeys "^{HOME}" - "[MSAA, VisibleOnly]ControlType='Edit'"
\0&lt;/a&gt;
E, 3524, 13, 2012/11/12, 16:09:24.507, 6717615092243, QTAgent32.exe, Msaa.GetFocusedElement: could not find accessible object of foreground window
W, 3524, 13, 2012/11/12, 16:09:24.601, 6717616427758, QTAgent32.exe, &lt;a class=success&gt;Playback - {280} [SUCCESS] SendKeys "^+{END}" - "[MSAA, VisibleOnly]ControlType='Edit'"
\0&lt;/a&gt;
E, 3524, 13, 2012/11/12, 16:09:24.601, 6717616430195, QTAgent32.exe, Msaa.GetFocusedElement: could not find accessible object of foreground window
W, 3524, 13, 2012/11/12, 16:09:24.616, 6717616651384, QTAgent32.exe, &lt;a class=success&gt;Playback - {281} [SUCCESS] SendKeys "{DELETE}" - "[MSAA, VisibleOnly]ControlType='Edit'"
\0&lt;/a&gt;
W, 3524, 13, 2012/11/12, 16:09:24.960, 6717621568978, QTAgent32.exe, &lt;a class=success&gt;Playback - {282} [SUCCESS] SetValueAsEditBox "12/11/12" - "[MSAA, VisibleOnly]ControlType='Edit'"  &lt; Set via SendKeys &gt;
\0&lt;/a&gt;
W, 3524, 13, 2012/11/12, 16:09:25.412, 6717628139861, QTAgent32.exe, &lt;a class=success&gt;Playback - {283} [SUCCESS] MouseButtonClick - "[MSAA, VisibleOnly]ControlType='Button' &amp;&amp; Name='OK'"
\0&lt;/a&gt;
E, 3524, 13, 2012/11/12, 16:09:25.521, 6717629715557, QTAgent32.exe, GetClassName for handle 3082620 failed
W, 3524, 13, 2012/11/12, 16:09:25.849, 6717634374128, QTAgent32.exe, &lt;a class=success&gt;Playback - {284} [SUCCESS] MouseButtonClick - "[MSAA, VisibleOnly]ControlType='Button' &amp;&amp; Name='OK'"
\0&lt;/a&gt;
W, 3524, 13, 2012/11/12, 16:09:26.114, 6717638094253, QTAgent32.exe, &lt;a class=success&gt;Playback - {285} [SUCCESS] SendKeys "^{HOME}" - "[MSAA, VisibleOnly]ControlType='Edit'"
\0&lt;/a&gt;
E, 3524, 13, 2012/11/12, 16:09:26.114, 6717638097021, QTAgent32.exe, Msaa.GetFocusedElement: could not find accessible object of foreground window
W, 3524, 13, 2012/11/12, 16:09:26.208, 6717639434621, QTAgent32.exe, &lt;a class=success&gt;Playback - {286} [SUCCESS] SendKeys "^+{END}" - "[MSAA, VisibleOnly]ControlType='Edit'"
\0&lt;/a&gt;
E, 3524, 13, 2012/11/12, 16:09:26.208, 6717639437023, QTAgent32.exe, Msaa.GetFocusedElement: could not find accessible object of foreground window
W, 3524, 13, 2012/11/12, 16:09:26.223, 6717639658375, QTAgent32.exe, &lt;a class=success&gt;Playback - {287} [SUCCESS] SendKeys "{DELETE}" - "[MSAA, VisibleOnly]ControlType='Edit'"
\0&lt;/a&gt;
W, 3524, 13, 2012/11/12, 16:09:26.566, 6717644574767, QTAgent32.exe, &lt;a class=success&gt;Playback - {288} [SUCCESS] SetValueAsEditBox "22/11/12" - "[MSAA, VisibleOnly]ControlType='Edit'"  &lt; Set via SendKeys &gt;
\0&lt;/a&gt;
W, 3524, 13, 2012/11/12, 16:09:27.019, 6717651201266, QTAgent32.exe, &lt;a class=success&gt;Playback - {289} [SUCCESS] MouseButtonClick - "[MSAA, VisibleOnly]ControlType='Button' &amp;&amp; Name='OK'"
\0&lt;/a&gt;
E, 3524, 13, 2012/11/12, 16:09:27.128, 6717652722361, QTAgent32.exe, GetClassName for handle 7931046 failed
W, 3524, 13, 2012/11/12, 16:09:27.456, 6717657380157, QTAgent32.exe, &lt;a class=success&gt;Playback - {290} [SUCCESS] MouseButtonClick - "[MSAA, VisibleOnly]ControlType='Button' &amp;&amp; Name='OK'"
\0&lt;/a&gt;
W, 3524, 13, 2012/11/12, 16:09:27.908, 6717663970689, QTAgent32.exe, &lt;a class=success&gt;Playback - {291} [SUCCESS] MouseButtonClick - "[MSAA, VisibleOnly]ControlType='Button' &amp;&amp; Name='Cancel'"
\0&lt;/a&gt;
W, 3524, 13, 2012/11/12, 16:09:28.345, 6717670149509, QTAgent32.exe, &lt;a class=success&gt;Playback - {292} [SUCCESS] MouseButtonClick - "[MSAA, VisibleOnly]ControlType='Button' &amp;&amp; Name='Cancel'"
\0&lt;/a&gt;
E, 3524, 13, 2012/11/12, 16:09:28.454, 6717671603310, QTAgent32.exe, GetClassName for handle 5572470 failed
W, 3524, 13, 2012/11/12, 16:09:28.891, 6717678014456, QTAgent32.exe, &lt;a class=success&gt;Playback - {293} [SUCCESS] MouseButtonClick - "[MSAA, VisibleOnly]ControlType='Button' &amp;&amp; Name='Yes'"
\0&lt;/a&gt;
E, 3524, 13, 2012/11/12, 16:09:29.125, 6717681244683, QTAgent32.exe, GetClassName for handle 2755016 failed
W, 3524, 13, 2012/11/12, 16:09:31.746, 6717718730183, QTAgent32.exe, &lt;a class=success&gt;Playback - {294} [SUCCESS] MouseButtonClick - "[MSAA, VisibleOnly]ControlType='Button' &amp;&amp; Name='OK'"
\0&lt;/a&gt;
W, 3524, 13, 2012/11/12, 16:09:33.400, 6717742407687, QTAgent32.exe, Playback - [WARNING] Internal warning: Element "[MSAA, VisibleOnly]ControlType='Window' &amp;&amp; ControlId='32770'" was not found, so all intermediate elements were ignored. To improve performance replace this element Id with another Id or exclude it from QueryId. If this element is the target element, replace or remove intermediate elements
\0
W, 3524, 13, 2012/11/12, 16:09:33.977, 6717750822099, QTAgent32.exe, PERF WARNING: FindAllDescendents: took 2131 ms. Expected it to take maximum 500 ms.
W, 3524, 13, 2012/11/12, 16:09:34.383, 6717756540648, QTAgent32.exe, &lt;a class=success&gt;Playback - {295} [SUCCESS] MouseButtonClick - "[MSAA, VisibleOnly]ControlType='Button' &amp;&amp; Name='Cancel'"
\0&lt;/a&gt;
W, 3524, 13, 2012/11/12, 16:09:36.036, 6717780155060, QTAgent32.exe, Playback - [WARNING] Internal warning: Element "[MSAA, VisibleOnly]ControlType='Window' &amp;&amp; ControlId='32769'" was not found, so all intermediate elements were ignored. To improve performance replace this element Id with another Id or exclude it from QueryId. If this element is the target element, replace or remove intermediate elements
\0
W, 3524, 13, 2012/11/12, 16:09:36.567, 6717787840172, QTAgent32.exe, PERF WARNING: FindAllDescendents: took 2080 ms. Expected it to take maximum 500 ms.
W, 3524, 13, 2012/11/12, 16:09:36.894, 6717792445181, QTAgent32.exe, &lt;a class=success&gt;Playback - {296} [SUCCESS] MouseButtonClick - "[MSAA, VisibleOnly]ControlType='Button' &amp;&amp; Name='Cancel'"
\0&lt;/a&gt;
W, 3524, 13, 2012/11/12, 16:09:37.284, 6717798218381, QTAgent32.exe, Playback - [WARNING] Internal warning: Window Not Found: [VisibleOnly]ControlType='Window' &amp;&amp; Name='Customer: txt1 tdsfs' &amp;&amp; ClassName='ThunderRT6MDIForm'
\0
E, 3524, 13, 2012/11/12, 16:09:37.284, 6717798221264, QTAgent32.exe, &lt;a class=failure&gt;Playback - {297} [FAILED] Function ElementFetcher::FindScreenElement failed to locate UI element (Searching: ;[VisibleOnly]ControlType='Window' &amp;&amp; Name='Customer: txt1 tdsfs' &amp;&amp; ClassName='ThunderRT6MDIForm') (The object specified was not found.)
\0&lt;/a&gt;
E, 3524, 13, 2012/11/12, 16:09:37.378, 6717799494326, QTAgent32.exe, Playback - [IMAGE] C:\Users\peter.zenin-ad\AppData\Local\Temp\UITestLogs\LastRun\RPFBB4B.png
\0
W, 3524, 13, 2012/11/12, 16:09:37.378, 6717799496589, QTAgent32.exe, Playback - [WARNING] Internal warning: Couldn't find descendants that match QueryId
\0
W, 3524, 13, 2012/11/12, 16:09:37.394, 6717799774239, QTAgent32.exe, Playback - [WARNING] Internal warning: Window Not Found: [VisibleOnly]ControlType='Window' &amp;&amp; Name='Customer: txt1 tdsfs' &amp;&amp; ClassName='ThunderRT6MDIForm'
\0
E, 3524, 13, 2012/11/12, 16:09:37.394, 6717799776371, QTAgent32.exe, &lt;a class=failure&gt;Playback - {298} [FAILED] Function ElementFetcher::FindScreenElement failed to locate UI element (Searching: ;[VisibleOnly]ControlType='Window' &amp;&amp; Name='Customer: txt1 tdsfs' &amp;&amp; ClassName='ThunderRT6MDIForm') (The object specified was not found.)
\0&lt;/a&gt;
E, 3524, 13, 2012/11/12, 16:09:37.534, 6717801719721, QTAgent32.exe, Playback - [IMAGE] C:\Users\peter.zenin-ad\AppData\Local\Temp\UITestLogs\LastRun\RPFBBB9.png
\0
W, 3524, 13, 2012/11/12, 16:09:37.534, 6717801721922, QTAgent32.exe, Playback - [WARNING] Internal warning: Couldn't find descendants that match QueryId
\0
W, 3524, 13, 2012/11/12, 16:09:37.908, 6717806954558, QTAgent32.exe, Playback - [WARNING] Internal warning: Window Not Found: [VisibleOnly]ControlType='Window' &amp;&amp; Name='Customer: txt1 tdsfs' &amp;&amp; ClassName='ThunderRT6MDIForm'
\0
E, 3524, 13, 2012/11/12, 16:09:37.908, 6717806957562, QTAgent32.exe, &lt;a class=failure&gt;Playback - {299} [FAILED] Function ElementFetcher::FindScreenElement failed to locate UI element (Searching: ;[VisibleOnly]ControlType='Window' &amp;&amp; Name='Customer: txt1 tdsfs' &amp;&amp; ClassName='ThunderRT6MDIForm') (The object specified was not found.)
\0&lt;/a&gt;
E, 3524, 13, 2012/11/12, 16:09:37.986, 6717808226443, QTAgent32.exe, Playback - [IMAGE] C:\Users\peter.zenin-ad\AppData\Local\Temp\UITestLogs\LastRun\RPFBDBD.png
\0
W, 3524, 13, 2012/11/12, 16:09:37.986, 6717808228608, QTAgent32.exe, Playback - [WARNING] Internal warning: Couldn't find descendants that match QueryId
\0
E, 3524, 13, 2012/11/12, 16:09:37.986, 6717808232497, QTAgent32.exe, Exception: System.Runtime.InteropServices.COMException
	Message: Error HRESULT E_FAIL has been returned from a call to a COM component.
	Stack Trace:    at Microsoft.VisualStudio.TestTools.UITest.Playback.Engine.IRPFPlayback.FindAllScreenElements(IScreenElement pScreenElementStart, String bstrQueryId, Object&amp; pvarResKeys, Int32 cResKeys, Int32 nMaxDepth, Object[]&amp; foundDescendants)
   at Microsoft.VisualStudio.TestTools.UITest.Playback.ScreenElement.FindTopLevelWindowHelper(String queryId)
	BaseExceptionMessage: Error HRESULT E_FAIL has been returned from a call to a COM component.

E, 3524, 13, 2012/11/12, 16:09:37.986, 6717808237333, QTAgent32.exe, Window 7406838 not responding. Last Win32 error 0
E, 3524, 13, 2012/11/12, 16:09:37.986, 6717808239903, QTAgent32.exe, GetClassName for handle 7406838 failed
E, 3524, 13, 2012/11/12, 16:09:37.986, 6717808243721, QTAgent32.exe, Window 7406838 not responding. Last Win32 error 1400
E, 3524, 13, 2012/11/12, 16:09:37.986, 6717808253628, QTAgent32.exe, Window 7406838 not responding. Last Win32 error 1400
E, 3524, 13, 2012/11/12, 16:09:37.986, 6717808254781, QTAgent32.exe, GetClassName for handle 7406838 failed
E, 3524, 13, 2012/11/12, 16:09:37.986, 6717808255564, QTAgent32.exe, GetClassName for handle 7406838 failed
W, 3524, 13, 2012/11/12, 16:09:38.252, 6717812082897, QTAgent32.exe, Playback - [WARNING] Internal warning: Window Not Found: [VisibleOnly]ControlType='Window' &amp;&amp; Name='Customer: autotest autotest' &amp;&amp; ClassName='ThunderRT6MDIForm'
\0
E, 3524, 13, 2012/11/12, 16:09:38.252, 6717812085839, QTAgent32.exe, &lt;a class=failure&gt;Playback - {300} [FAILED] Function ElementFetcher::FindScreenElement failed to locate UI element (Searching: ;[VisibleOnly]ControlType='Window' &amp;&amp; Name='Customer: autotest autotest' &amp;&amp; ClassName='ThunderRT6MDIForm') (The object specified was not found.)
\0&lt;/a&gt;
E, 3524, 13, 2012/11/12, 16:09:38.345, 6717813352370, QTAgent32.exe, Playback - [IMAGE] C:\Users\peter.zenin-ad\AppData\Local\Temp\UITestLogs\LastRun\RPFBF15.png
\0
W, 3524, 13, 2012/11/12, 16:09:38.345, 6717813354560, QTAgent32.exe, Playback - [WARNING] Internal warning: Couldn't find descendants that match QueryId
\0
W, 3524, 13, 2012/11/12, 16:09:38.361, 6717813629764, QTAgent32.exe, Playback - [WARNING] Internal warning: Window Not Found: [VisibleOnly]ControlType='Window' &amp;&amp; Name='Customer: autotest autotest' &amp;&amp; ClassName='ThunderRT6MDIForm'
\0
E, 3524, 13, 2012/11/12, 16:09:38.361, 6717813631703, QTAgent32.exe, &lt;a class=failure&gt;Playback - {301} [FAILED] Function ElementFetcher::FindScreenElement failed to locate UI element (Searching: ;[VisibleOnly]ControlType='Window' &amp;&amp; Name='Customer: autotest autotest' &amp;&amp; ClassName='ThunderRT6MDIForm') (The object specified was not found.)
\0&lt;/a&gt;
E, 3524, 13, 2012/11/12, 16:09:38.454, 6717814888760, QTAgent32.exe, Playback - [IMAGE] C:\Users\peter.zenin-ad\AppData\Local\Temp\UITestLogs\LastRun\RPFBF83.png
\0
W, 3524, 13, 2012/11/12, 16:09:38.454, 6717814890934, QTAgent32.exe, Playback - [WARNING] Internal warning: Couldn't find descendants that match QueryId
\0
W, 3524, 13, 2012/11/12, 16:09:38.829, 6717820341426, QTAgent32.exe, Playback - [WARNING] Internal warning: Window Not Found: [VisibleOnly]ControlType='Window' &amp;&amp; Name='Customer: autotest autotest' &amp;&amp; ClassName='ThunderRT6MDIForm'
\0
E, 3524, 13, 2012/11/12, 16:09:38.829, 6717820344244, QTAgent32.exe, &lt;a class=failure&gt;Playback - {302} [FAILED] Function ElementFetcher::FindScreenElement failed to locate UI element (Searching: ;[VisibleOnly]ControlType='Window' &amp;&amp; Name='Customer: autotest autotest' &amp;&amp; ClassName='ThunderRT6MDIForm') (The object specified was not found.)
\0&lt;/a&gt;
E, 3524, 13, 2012/11/12, 16:09:38.922, 6717821612565, QTAgent32.exe, Playback - [IMAGE] C:\Users\peter.zenin-ad\AppData\Local\Temp\UITestLogs\LastRun\RPFC158.png
\0
W, 3524, 13, 2012/11/12, 16:09:38.922, 6717821614705, QTAgent32.exe, Playback - [WARNING] Internal warning: Couldn't find descendants that match QueryId
\0
E, 3524, 13, 2012/11/12, 16:09:38.922, 6717821618598, QTAgent32.exe, Exception: System.Runtime.InteropServices.COMException
	Message: Error HRESULT E_FAIL has been returned from a call to a COM component.
	Stack Trace:    at Microsoft.VisualStudio.TestTools.UITest.Playback.Engine.IRPFPlayback.FindAllScreenElements(IScreenElement pScreenElementStart, String bstrQueryId, Object&amp; pvarResKeys, Int32 cResKeys, Int32 nMaxDepth, Object[]&amp; foundDescendants)
   at Microsoft.VisualStudio.TestTools.UITest.Playback.ScreenElement.FindTopLevelWindowHelper(String queryId)
	BaseExceptionMessage: Error HRESULT E_FAIL has been returned from a call to a COM component.

E, 3524, 13, 2012/11/12, 16:09:38.922, 6717821623152, QTAgent32.exe, Window 7406838 not responding. Last Win32 error 0
E, 3524, 13, 2012/11/12, 16:09:38.922, 6717821627021, QTAgent32.exe, Window 7406838 not responding. Last Win32 error 1400
E, 3524, 13, 2012/11/12, 16:09:38.922, 6717821631619, QTAgent32.exe, Window 7406838 not responding. Last Win32 error 1400
E, 3524, 13, 2012/11/12, 16:09:38.922, 6717821632837, QTAgent32.exe, GetClassName for handle 7406838 failed
E, 3524, 13, 2012/11/12, 16:09:38.922, 6717821633616, QTAgent32.exe, GetClassName for handle 7406838 failed
W, 3524, 13, 2012/11/12, 16:09:39.219, 6717825917901, QTAgent32.exe, Playback - [WARNING] Internal warning: Window Not Found: [VisibleOnly]ControlType='Window' &amp;&amp; Name='Customer: txt1 tdsfs' &amp;&amp; ClassName='ThunderRT6MDIForm'
\0
E, 3524, 13, 2012/11/12, 16:09:39.219, 6717825920689, QTAgent32.exe, &lt;a class=failure&gt;Playback - {303} [FAILED] Function ElementFetcher::FindScreenElement failed to locate UI element (Searching: ;[VisibleOnly]ControlType='Window' &amp;&amp; Name='Customer: txt1 tdsfs' &amp;&amp; ClassName='ThunderRT6MDIForm') (The object specified was not found.)
\0&lt;/a&gt;
E, 3524, 13, 2012/11/12, 16:09:39.312, 6717827198959, QTAgent32.exe, Playback - [IMAGE] C:\Users\peter.zenin-ad\AppData\Local\Temp\UITestLogs\LastRun\RPFC2DF.png
\0
W, 3524, 13, 2012/11/12, 16:09:39.312, 6717827201160, QTAgent32.exe, Playback - [WARNING] Internal warning: Couldn't find descendants that match QueryId
\0
W, 3524, 13, 2012/11/12, 16:09:39.796, 6717834190213, QTAgent32.exe, Playback - [WARNING] Internal warning: Window Not Found: [VisibleOnly]ControlType='Window' &amp;&amp; Name='Customer: txt1 tdsfs' &amp;&amp; ClassName='ThunderRT6MDIForm'
\0
E, 3524, 13, 2012/11/12, 16:09:39.796, 6717834193035, QTAgent32.exe, &lt;a class=failure&gt;Playback - {304} [FAILED] Function ElementFetcher::FindScreenElement failed to locate UI element (Searching: ;[VisibleOnly]ControlType='Window' &amp;&amp; Name='Customer: txt1 tdsfs' &amp;&amp; ClassName='ThunderRT6MDIForm') (The object specified was not found.)
\0&lt;/a&gt;
E, 3524, 13, 2012/11/12, 16:09:39.890, 6717835457979, QTAgent32.exe, Playback - [IMAGE] C:\Users\peter.zenin-ad\AppData\Local\Temp\UITestLogs\LastRun\RPFC522.png
\0
W, 3524, 13, 2012/11/12, 16:09:39.890, 6717835460260, QTAgent32.exe, Playback - [WARNING] Internal warning: Couldn't find descendants that match QueryId
\0
W, 3524, 13, 2012/11/12, 16:09:39.890, 6717835463252, QTAgent32.exe, PERF WARNING: FindTopLevelWindowHelper::FindAllDescendents: took 576 ms. Expected it to take maximum 500 ms.
W, 3524, 13, 2012/11/12, 16:09:40.342, 6717841899097, QTAgent32.exe, Playback - [WARNING] Internal warning: Smart Match failed
\0
W, 3524, 13, 2012/11/12, 16:09:40.514, 6717844411495, QTAgent32.exe, Playback - [WARNING] Internal warning: Smart Match failed
\0
W, 3524, 13, 2012/11/12, 16:09:40.685, 6717846811165, QTAgent32.exe, Playback - [WARNING] Internal warning: Smart Match failed
\0
W, 3524, 13, 2012/11/12, 16:09:40.888, 6717849785589, QTAgent32.exe, Playback - [WARNING] Internal warning: Smart Match failed
\0
W, 3524, 13, 2012/11/12, 16:09:41.075, 6717852469545, QTAgent32.exe, Playback - [WARNING] Internal warning: Smart Match failed
\0
W, 3524, 13, 2012/11/12, 16:09:41.247, 6717854860693, QTAgent32.exe, Playback - [WARNING] Internal warning: Smart Match failed
\0
W, 3524, 13, 2012/11/12, 16:09:41.419, 6717857309947, QTAgent32.exe, Playback - [WARNING] Internal warning: Smart Match failed
\0
W, 3524, 13, 2012/11/12, 16:09:41.590, 6717859768933, QTAgent32.exe, Playback - [WARNING] Internal warning: Smart Match failed
\0
W, 3524, 13, 2012/11/12, 16:09:41.762, 6717862221380, QTAgent32.exe, Playback - [WARNING] Internal warning: Smart Match failed
\0
W, 3524, 13, 2012/11/12, 16:09:41.933, 6717864680502, QTAgent32.exe, Playback - [WARNING] Internal warning: Smart Match failed
\0
W, 3524, 13, 2012/11/12, 16:09:42.105, 6717867136668, QTAgent32.exe, Playback - [WARNING] Internal warning: Smart Match failed
\0
W, 3524, 13, 2012/11/12, 16:09:42.277, 6717869600250, QTAgent32.exe, Playback - [WARNING] Internal warning: Smart Match failed
\0
W, 3524, 13, 2012/11/12, 16:09:42.448, 6717872051205, QTAgent32.exe, Playback - [WARNING] Internal warning: Smart Match failed
\0
W, 3524, 13, 2012/11/12, 16:09:42.620, 6717874521804, QTAgent32.exe, Playback - [WARNING] Internal warning: Smart Match failed
\0
W, 3524, 13, 2012/11/12, 16:09:42.792, 6717876966354, QTAgent32.exe, Playback - [WARNING] Internal warning: Smart Match failed
\0
W, 3524, 13, 2012/11/12, 16:09:42.963, 6717879422013, QTAgent32.exe, Playback - [WARNING] Internal warning: Smart Match failed
\0
W, 3524, 13, 2012/11/12, 16:09:43.026, 6717880244215, QTAgent32.exe, Playback - [WARNING] Internal warning: Window Not Found: [VisibleOnly]ControlType='Window' &amp;&amp; Name='Customer: txt1 tdsfs' &amp;&amp; ClassName='ThunderRT6MDIForm'
\0
E, 3524, 13, 2012/11/12, 16:09:43.026, 6717880246469, QTAgent32.exe, &lt;a class=failure&gt;Playback - {305} [FAILED] Function ElementFetcher::FindScreenElement failed to locate UI element (Searching: ;[VisibleOnly]ControlType='Window' &amp;&amp; Name='Customer: txt1 tdsfs' &amp;&amp; ClassName='ThunderRT6MDIForm') (The object specified was not found.)
\0&lt;/a&gt;
E, 3524, 13, 2012/11/12, 16:09:43.119, 6717881609073, QTAgent32.exe, Playback - [IMAGE] C:\Users\peter.zenin-ad\AppData\Local\Temp\UITestLogs\LastRun\RPFD1C0.png
\0
W, 3524, 13, 2012/11/12, 16:09:43.119, 6717881611199, QTAgent32.exe, Playback - [WARNING] Internal warning: Couldn't find descendants that match QueryId
\0
W, 3524, 13, 2012/11/12, 16:09:43.119, 6717881614083, QTAgent32.exe, PERF WARNING: FindTopLevelWindowHelper::FindAllDescendents: took 3223 ms. Expected it to take maximum 500 ms.
E, 3524, 13, 2012/11/12, 16:09:43.119, 6717881615845, QTAgent32.exe, Exception: System.Runtime.InteropServices.COMException
	Message: Error HRESULT E_FAIL has been returned from a call to a COM component.
	Stack Trace:    at Microsoft.VisualStudio.TestTools.UITest.Playback.Engine.IRPFPlayback.FindAllScreenElements(IScreenElement pScreenElementStart, String bstrQueryId, Object&amp; pvarResKeys, Int32 cResKeys, Int32 nMaxDepth, Object[]&amp; foundDescendants)
   at Microsoft.VisualStudio.TestTools.UITest.Playback.ScreenElement.FindTopLevelWindowHelper(String queryId)
	BaseExceptionMessage: Error HRESULT E_FAIL has been returned from a call to a COM component.

E, 3524, 13, 2012/11/12, 16:09:43.119, 6717881620373, QTAgent32.exe, Window 7406838 not responding. Last Win32 error 0
E, 3524, 13, 2012/11/12, 16:09:43.119, 6717881624205, QTAgent32.exe, Window 7406838 not responding. Last Win32 error 1400
E, 3524, 13, 2012/11/12, 16:09:43.119, 6717881628822, QTAgent32.exe, Window 7406838 not responding. Last Win32 error 1400
E, 3524, 13, 2012/11/12, 16:09:43.119, 6717881630042, QTAgent32.exe, GetClassName for handle 7406838 failed
E, 3524, 13, 2012/11/12, 16:09:43.119, 6717881630821, QTAgent32.exe, GetClassName for handle 7406838 failed
W, 3524, 13, 2012/11/12, 16:09:43.369, 6717885330670, QTAgent32.exe, Playback - [WARNING] Internal warning: Window Not Found: [VisibleOnly]ControlType='Window' &amp;&amp; Name='Customer: autotest autotest' &amp;&amp; ClassName='ThunderRT6MDIForm'
\0
E, 3524, 13, 2012/11/12, 16:09:43.369, 6717885333419, QTAgent32.exe, &lt;a class=failure&gt;Playback - {306} [FAILED] Function ElementFetcher::FindScreenElement failed to locate UI element (Searching: ;[VisibleOnly]ControlType='Window' &amp;&amp; Name='Customer: autotest autotest' &amp;&amp; ClassName='ThunderRT6MDIForm') (The object specified was not found.)
\0&lt;/a&gt;
E, 3524, 13, 2012/11/12, 16:09:43.462, 6717886592237, QTAgent32.exe, Playback - [IMAGE] C:\Users\peter.zenin-ad\AppData\Local\Temp\UITestLogs\LastRun\RPFD318.png
\0
W, 3524, 13, 2012/11/12, 16:09:43.462, 6717886594387, QTAgent32.exe, Playback - [WARNING] Internal warning: Couldn't find descendants that match QueryId
\0
W, 3524, 13, 2012/11/12, 16:09:43.930, 6717893388886, QTAgent32.exe, Playback - [WARNING] Internal warning: Window Not Found: [VisibleOnly]ControlType='Window' &amp;&amp; Name='Customer: autotest autotest' &amp;&amp; ClassName='ThunderRT6MDIForm'
\0
E, 3524, 13, 2012/11/12, 16:09:43.930, 6717893391778, QTAgent32.exe, &lt;a class=failure&gt;Playback - {307} [FAILED] Function ElementFetcher::FindScreenElement failed to locate UI element (Searching: ;[VisibleOnly]ControlType='Window' &amp;&amp; Name='Customer: autotest autotest' &amp;&amp; ClassName='ThunderRT6MDIForm') (The object specified was not found.)
\0&lt;/a&gt;
E, 3524, 13, 2012/11/12, 16:09:44.024, 6717894654676, QTAgent32.exe, Playback - [IMAGE] C:\Users\peter.zenin-ad\AppData\Local\Temp\UITestLogs\LastRun\RPFD54B.png
\0
W, 3524, 13, 2012/11/12, 16:09:44.024, 6717894656912, QTAgent32.exe, Playback - [WARNING] Internal warning: Couldn't find descendants that match QueryId
\0
W, 3524, 13, 2012/11/12, 16:09:44.024, 6717894659981, QTAgent32.exe, PERF WARNING: FindTopLevelWindowHelper::FindAllDescendents: took 562 ms. Expected it to take maximum 500 ms.
W, 3524, 13, 2012/11/12, 16:09:44.476, 6717901091460, QTAgent32.exe, Playback - [WARNING] Internal warning: Smart Match failed
\0
W, 3524, 13, 2012/11/12, 16:09:44.648, 6717903555487, QTAgent32.exe, Playback - [WARNING] Internal warning: Smart Match failed
\0
W, 3524, 13, 2012/11/12, 16:09:44.820, 6717906002521, QTAgent32.exe, Playback - [WARNING] Internal warning: Smart Match failed
\0
W, 3524, 13, 2012/11/12, 16:09:44.991, 6717908464335, QTAgent32.exe, Playback - [WARNING] Internal warning: Smart Match failed
\0
W, 3524, 13, 2012/11/12, 16:09:45.178, 6717911142227, QTAgent32.exe, Playback - [WARNING] Internal warning: Smart Match failed
\0
W, 3524, 13, 2012/11/12, 16:09:45.350, 6717913601276, QTAgent32.exe, Playback - [WARNING] Internal warning: Smart Match failed
\0
W, 3524, 13, 2012/11/12, 16:09:45.522, 6717916060968, QTAgent32.exe, Playback - [WARNING] Internal warning: Smart Match failed
\0
W, 3524, 13, 2012/11/12, 16:09:45.693, 6717918511453, QTAgent32.exe, Playback - [WARNING] Internal warning: Smart Match failed
\0
W, 3524, 13, 2012/11/12, 16:09:45.865, 6717920966476, QTAgent32.exe, Playback - [WARNING] Internal warning: Smart Match failed
\0
W, 3524, 13, 2012/11/12, 16:09:46.037, 6717923425136, QTAgent32.exe, Playback - [WARNING] Internal warning: Smart Match failed
\0
W, 3524, 13, 2012/11/12, 16:09:46.208, 6717925883247, QTAgent32.exe, Playback - [WARNING] Internal warning: Smart Match failed
\0
W, 3524, 13, 2012/11/12, 16:09:46.380, 6717928340598, QTAgent32.exe, Playback - [WARNING] Internal warning: Smart Match failed
\0
W, 3524, 13, 2012/11/12, 16:09:46.551, 6717930800462, QTAgent32.exe, Playback - [WARNING] Internal warning: Smart Match failed
\0
W, 3524, 13, 2012/11/12, 16:09:46.723, 6717933260618, QTAgent32.exe, Playback - [WARNING] Internal warning: Smart Match failed
\0
W, 3524, 13, 2012/11/12, 16:09:46.895, 6717935708492, QTAgent32.exe, Playback - [WARNING] Internal warning: Smart Match failed
\0
W, 3524, 13, 2012/11/12, 16:09:47.066, 6717938173949, QTAgent32.exe, Playback - [WARNING] Internal warning: Smart Match failed
\0
W, 3524, 13, 2012/11/12, 16:09:47.129, 6717939034960, QTAgent32.exe, Playback - [WARNING] Internal warning: Window Not Found: [VisibleOnly]ControlType='Window' &amp;&amp; Name='Customer: autotest autotest' &amp;&amp; ClassName='ThunderRT6MDIForm'
\0
E, 3524, 13, 2012/11/12, 16:09:47.129, 6717939037843, QTAgent32.exe, &lt;a class=failure&gt;Playback - {308} [FAILED] Function ElementFetcher::FindScreenElement failed to locate UI element (Searching: ;[VisibleOnly]ControlType='Window' &amp;&amp; Name='Customer: autotest autotest' &amp;&amp; ClassName='ThunderRT6MDIForm') (The object specified was not found.)
\0&lt;/a&gt;
E, 3524, 13, 2012/11/12, 16:09:47.207, 6717940294581, QTAgent32.exe, Playback - [IMAGE] C:\Users\peter.zenin-ad\AppData\Local\Temp\UITestLogs\LastRun\RPFE1CA.png
\0
W, 3524, 13, 2012/11/12, 16:09:47.207, 6717940296787, QTAgent32.exe, Playback - [WARNING] Internal warning: Couldn't find descendants that match QueryId
\0
W, 3524, 13, 2012/11/12, 16:09:47.207, 6717940300254, QTAgent32.exe, PERF WARNING: FindTopLevelWindowHelper::FindAllDescendents: took 3187 ms. Expected it to take maximum 500 ms.
E, 3524, 13, 2012/11/12, 16:09:47.207, 6717940302162, QTAgent32.exe, Exception: System.Runtime.InteropServices.COMException
	Message: Error HRESULT E_FAIL has been returned from a call to a COM component.
	Stack Trace:    at Microsoft.VisualStudio.TestTools.UITest.Playback.Engine.IRPFPlayback.FindAllScreenElements(IScreenElement pScreenElementStart, String bstrQueryId, Object&amp; pvarResKeys, Int32 cResKeys, Int32 nMaxDepth, Object[]&amp; foundDescendants)
   at Microsoft.VisualStudio.TestTools.UITest.Playback.ScreenElement.FindTopLevelWindowHelper(String queryId)
	BaseExceptionMessage: Error HRESULT E_FAIL has been returned from a call to a COM component.

E, 3524, 13, 2012/11/12, 16:09:47.222, 6717940307991, QTAgent32.exe, Window 7406838 not responding. Last Win32 error 0
E, 3524, 13, 2012/11/12, 16:09:47.222, 6717940312264, QTAgent32.exe, Window 7406838 not responding. Last Win32 error 1400
E, 3524, 13, 2012/11/12, 16:09:47.222, 6717940316999, QTAgent32.exe, Window 7406838 not responding. Last Win32 error 1400
E, 3524, 13, 2012/11/12, 16:09:47.222, 6717940318306, QTAgent32.exe, GetClassName for handle 7406838 failed
E, 3524, 13, 2012/11/12, 16:09:47.222, 6717940319103, QTAgent32.exe, GetClassName for handle 7406838 failed
W, 3524, 13, 2012/11/12, 16:09:47.472, 6717944078174, QTAgent32.exe, Playback - [WARNING] Internal warning: Window Not Found: [VisibleOnly]ControlType='Window' &amp;&amp; Name='Customer: txt1 tdsfs' &amp;&amp; ClassName='ThunderRT6MDIForm'
\0
E, 3524, 13, 2012/11/12, 16:09:47.472, 6717944081039, QTAgent32.exe, &lt;a class=failure&gt;Playback - {309} [FAILED] Function ElementFetcher::FindScreenElement failed to locate UI element (Searching: ;[VisibleOnly]ControlType='Window' &amp;&amp; Name='Customer: txt1 tdsfs' &amp;&amp; ClassName='ThunderRT6MDIForm') (The object specified was not found.)
\0&lt;/a&gt;
E, 3524, 13, 2012/11/12, 16:09:47.565, 6717945387687, QTAgent32.exe, Playback - [IMAGE] C:\Users\peter.zenin-ad\AppData\Local\Temp\UITestLogs\LastRun\RPFE322.png
\0
W, 3524, 13, 2012/11/12, 16:09:47.565, 6717945389965, QTAgent32.exe, Playback - [WARNING] Internal warning: Couldn't find descendants that match QueryId
\0
W, 3524, 13, 2012/11/12, 16:09:48.080, 6717952808584, QTAgent32.exe, Playback - [WARNING] Internal warning: Window Not Found: [VisibleOnly]ControlType='Window' &amp;&amp; Name='Customer: txt1 tdsfs' &amp;&amp; ClassName='ThunderRT6MDIForm'
\0
E, 3524, 13, 2012/11/12, 16:09:48.096, 6717952813388, QTAgent32.exe, &lt;a class=failure&gt;Playback - {310} [FAILED] Function ElementFetcher::FindScreenElement failed to locate UI element (Searching: ;[VisibleOnly]ControlType='Window' &amp;&amp; Name='Customer: txt1 tdsfs' &amp;&amp; ClassName='ThunderRT6MDIForm') (The object specified was not found.)
\0&lt;/a&gt;
E, 3524, 13, 2012/11/12, 16:09:48.174, 6717954075085, QTAgent32.exe, Playback - [IMAGE] C:\Users\peter.zenin-ad\AppData\Local\Temp\UITestLogs\LastRun\RPFE593.png
\0
W, 3524, 13, 2012/11/12, 16:09:48.174, 6717954077661, QTAgent32.exe, Playback - [WARNING] Internal warning: Couldn't find descendants that match QueryId
\0
W, 3524, 13, 2012/11/12, 16:09:48.174, 6717954080745, QTAgent32.exe, PERF WARNING: FindTopLevelWindowHelper::FindAllDescendents: took 606 ms. Expected it to take maximum 500 ms.
W, 3524, 13, 2012/11/12, 16:09:48.657, 6717960952514, QTAgent32.exe, Playback - [WARNING] Internal warning: Smart Match failed
\0
W, 3524, 13, 2012/11/12, 16:09:48.829, 6717963411026, QTAgent32.exe, Playback - [WARNING] Internal warning: Smart Match failed
\0
W, 3524, 13, 2012/11/12, 16:09:49.001, 6717965866414, QTAgent32.exe, Playback - [WARNING] Internal warning: Smart Match failed
\0
W, 3524, 13, 2012/11/12, 16:09:49.188, 6717968557442, QTAgent32.exe, Playback - [WARNING] Internal warning: Smart Match failed
\0
W, 3524, 13, 2012/11/12, 16:09:49.360, 6717971011007, QTAgent32.exe, Playback - [WARNING] Internal warning: Smart Match failed
\0
W, 3524, 13, 2012/11/12, 16:09:49.531, 6717973459488, QTAgent32.exe, Playback - [WARNING] Internal warning: Smart Match failed
\0
W, 3524, 13, 2012/11/12, 16:09:49.703, 6717975917137, QTAgent32.exe, Playback - [WARNING] Internal warning: Smart Match failed
\0
W, 3524, 13, 2012/11/12, 16:09:49.874, 6717978372887, QTAgent32.exe, Playback - [WARNING] Internal warning: Smart Match failed
\0
W, 3524, 13, 2012/11/12, 16:09:50.046, 6717980832838, QTAgent32.exe, Playback - [WARNING] Internal warning: Smart Match failed
\0
W, 3524, 13, 2012/11/12, 16:09:50.218, 6717983287694, QTAgent32.exe, Playback - [WARNING] Internal warning: Smart Match failed
\0
W, 3524, 13, 2012/11/12, 16:09:50.389, 6717985745324, QTAgent32.exe, Playback - [WARNING] Internal warning: Smart Match failed
\0
W, 3524, 13, 2012/11/12, 16:09:50.561, 6717988308058, QTAgent32.exe, Playback - [WARNING] Internal warning: Smart Match failed
\0
W, 3524, 13, 2012/11/12, 16:09:50.732, 6717990662629, QTAgent32.exe, Playback - [WARNING] Internal warning: Smart Match failed
\0
W, 3524, 13, 2012/11/12, 16:09:50.904, 6717993136269, QTAgent32.exe, Playback - [WARNING] Internal warning: Smart Match failed
\0
W, 3524, 13, 2012/11/12, 16:09:51.076, 6717995582299, QTAgent32.exe, Playback - [WARNING] Internal warning: Smart Match failed
\0
W, 3524, 13, 2012/11/12, 16:09:51.247, 6717998037610, QTAgent32.exe, Playback - [WARNING] Internal warning: Smart Match failed
\0
W, 3524, 13, 2012/11/12, 16:09:51.310, 6717998898733, QTAgent32.exe, Playback - [WARNING] Internal warning: Window Not Found: [VisibleOnly]ControlType='Window' &amp;&amp; Name='Customer: txt1 tdsfs' &amp;&amp; ClassName='ThunderRT6MDIForm'
\0
E, 3524, 13, 2012/11/12, 16:09:51.310, 6717998901327, QTAgent32.exe, &lt;a class=failure&gt;Playback - {311} [FAILED] Function ElementFetcher::FindScreenElement failed to locate UI element (Searching: ;[VisibleOnly]ControlType='Window' &amp;&amp; Name='Customer: txt1 tdsfs' &amp;&amp; ClassName='ThunderRT6MDIForm') (The object specified was not found.)
\0&lt;/a&gt;
E, 3524, 13, 2012/11/12, 16:09:51.403, 6718000169883, QTAgent32.exe, Playback - [IMAGE] C:\Users\peter.zenin-ad\AppData\Local\Temp\UITestLogs\LastRun\RPFF222.png
\0
W, 3524, 13, 2012/11/12, 16:09:51.403, 6718000172415, QTAgent32.exe, Playback - [WARNING] Internal warning: Couldn't find descendants that match QueryId
\0
W, 3524, 13, 2012/11/12, 16:09:51.403, 6718000175489, QTAgent32.exe, PERF WARNING: FindTopLevelWindowHelper::FindAllDescendents: took 3219 ms. Expected it to take maximum 500 ms.
E, 3524, 13, 2012/11/12, 16:09:51.403, 6718000177382, QTAgent32.exe, Exception: System.Runtime.InteropServices.COMException
	Message: Error HRESULT E_FAIL has been returned from a call to a COM component.
	Stack Trace:    at Microsoft.VisualStudio.TestTools.UITest.Playback.Engine.IRPFPlayback.FindAllScreenElements(IScreenElement pScreenElementStart, String bstrQueryId, Object&amp; pvarResKeys, Int32 cResKeys, Int32 nMaxDepth, Object[]&amp; foundDescendants)
   at Microsoft.VisualStudio.TestTools.UITest.Playback.ScreenElement.FindTopLevelWindowHelper(String queryId)
	BaseExceptionMessage: Error HRESULT E_FAIL has been returned from a call to a COM component.

E, 3524, 13, 2012/11/12, 16:09:51.403, 6718000182477, QTAgent32.exe, Window 7406838 not responding. Last Win32 error 0
E, 3524, 13, 2012/11/12, 16:09:51.403, 6718000186504, QTAgent32.exe, Window 7406838 not responding. Last Win32 error 1400
E, 3524, 13, 2012/11/12, 16:09:51.403, 6718000191720, QTAgent32.exe, Window 7406838 not responding. Last Win32 error 1400
E, 3524, 13, 2012/11/12, 16:09:51.403, 6718000193393, QTAgent32.exe, GetClassName for handle 7406838 failed
E, 3524, 13, 2012/11/12, 16:09:51.403, 6718000194289, QTAgent32.exe, GetClassName for handle 7406838 failed
W, 3524, 13, 2012/11/12, 16:09:51.653, 6718003955896, QTAgent32.exe, Playback - [WARNING] Internal warning: Window Not Found: [VisibleOnly]ControlType='Window' &amp;&amp; Name='Customer: autotest autotest' &amp;&amp; ClassName='ThunderRT6MDIForm'
\0
E, 3524, 13, 2012/11/12, 16:09:51.653, 6718003958881, QTAgent32.exe, &lt;a class=failure&gt;Playback - {312} [FAILED] Function ElementFetcher::FindScreenElement failed to locate UI element (Searching: ;[VisibleOnly]ControlType='Window' &amp;&amp; Name='Customer: autotest autotest' &amp;&amp; ClassName='ThunderRT6MDIForm') (The object specified was not found.)
\0&lt;/a&gt;
E, 3524, 13, 2012/11/12, 16:09:51.746, 6718005222083, QTAgent32.exe, Playback - [IMAGE] C:\Users\peter.zenin-ad\AppData\Local\Temp\UITestLogs\LastRun\RPFF37A.png
\0
W, 3524, 13, 2012/11/12, 16:09:51.746, 6718005224281, QTAgent32.exe, Playback - [WARNING] Internal warning: Couldn't find descendants that match QueryId
\0
W, 3524, 13, 2012/11/12, 16:09:52.215, 6718011991567, QTAgent32.exe, Playback - [WARNING] Internal warning: Window Not Found: [VisibleOnly]ControlType='Window' &amp;&amp; Name='Customer: autotest autotest' &amp;&amp; ClassName='ThunderRT6MDIForm'
\0
E, 3524, 13, 2012/11/12, 16:09:52.215, 6718011994466, QTAgent32.exe, &lt;a class=failure&gt;Playback - {313} [FAILED] Function ElementFetcher::FindScreenElement failed to locate UI element (Searching: ;[VisibleOnly]ControlType='Window' &amp;&amp; Name='Customer: autotest autotest' &amp;&amp; ClassName='ThunderRT6MDIForm') (The object specified was not found.)
\0&lt;/a&gt;
E, 3524, 13, 2012/11/12, 16:09:52.308, 6718013250899, QTAgent32.exe, Playback - [IMAGE] C:\Users\peter.zenin-ad\AppData\Local\Temp\UITestLogs\LastRun\RPFF5AC.png
\0
W, 3524, 13, 2012/11/12, 16:09:52.308, 6718013253581, QTAgent32.exe, Playback - [WARNING] Internal warning: Couldn't find descendants that match QueryId
\0
W, 3524, 13, 2012/11/12, 16:09:52.308, 6718013256606, QTAgent32.exe, PERF WARNING: FindTopLevelWindowHelper::FindAllDescendents: took 560 ms. Expected it to take maximum 500 ms.
W, 3524, 13, 2012/11/12, 16:09:52.776, 6718019919045, QTAgent32.exe, Playback - [WARNING] Internal warning: Smart Match failed
\0
W, 3524, 13, 2012/11/12, 16:09:52.948, 6718022377031, QTAgent32.exe, Playback - [WARNING] Internal warning: Smart Match failed
\0
W, 3524, 13, 2012/11/12, 16:09:53.119, 6718024834321, QTAgent32.exe, Playback - [WARNING] Internal warning: Smart Match failed
\0
W, 3524, 13, 2012/11/12, 16:09:53.291, 6718027289333, QTAgent32.exe, Playback - [WARNING] Internal warning: Smart Match failed
\0
W, 3524, 13, 2012/11/12, 16:09:53.463, 6718029746532, QTAgent32.exe, Playback - [WARNING] Internal warning: Smart Match failed
\0
W, 3524, 13, 2012/11/12, 16:09:53.634, 6718032207243, QTAgent32.exe, Playback - [WARNING] Internal warning: Smart Match failed
\0
W, 3524, 13, 2012/11/12, 16:09:53.806, 6718034661687, QTAgent32.exe, Playback - [WARNING] Internal warning: Smart Match failed
\0
W, 3524, 13, 2012/11/12, 16:09:53.977, 6718037117302, QTAgent32.exe, Playback - [WARNING] Internal warning: Smart Match failed
\0
W, 3524, 13, 2012/11/12, 16:09:54.149, 6718039573288, QTAgent32.exe, Playback - [WARNING] Internal warning: Smart Match failed
\0
W, 3524, 13, 2012/11/12, 16:09:54.321, 6718042028575, QTAgent32.exe, Playback - [WARNING] Internal warning: Smart Match failed
\0
W, 3524, 13, 2012/11/12, 16:09:54.492, 6718044487360, QTAgent32.exe, Playback - [WARNING] Internal warning: Smart Match failed
\0
W, 3524, 13, 2012/11/12, 16:09:54.664, 6718046946721, QTAgent32.exe, Playback - [WARNING] Internal warning: Smart Match failed
\0
W, 3524, 13, 2012/11/12, 16:09:54.835, 6718049401533, QTAgent32.exe, Playback - [WARNING] Internal warning: Smart Match failed
\0
W, 3524, 13, 2012/11/12, 16:09:55.007, 6718051858853, QTAgent32.exe, Playback - [WARNING] Internal warning: Smart Match failed
\0
W, 3524, 13, 2012/11/12, 16:09:55.179, 6718054343450, QTAgent32.exe, Playback - [WARNING] Internal warning: Smart Match failed
\0
W, 3524, 13, 2012/11/12, 16:09:55.350, 6718056784911, QTAgent32.exe, Playback - [WARNING] Internal warning: Smart Match failed
\0
W, 3524, 13, 2012/11/12, 16:09:55.413, 6718057655414, QTAgent32.exe, Playback - [WARNING] Internal warning: Window Not Found: [VisibleOnly]ControlType='Window' &amp;&amp; Name='Customer: autotest autotest' &amp;&amp; ClassName='ThunderRT6MDIForm'
\0
E, 3524, 13, 2012/11/12, 16:09:55.413, 6718057658926, QTAgent32.exe, &lt;a class=failure&gt;Playback - {314} [FAILED] Function ElementFetcher::FindScreenElement failed to locate UI element (Searching: ;[VisibleOnly]ControlType='Window' &amp;&amp; Name='Customer: autotest autotest' &amp;&amp; ClassName='ThunderRT6MDIForm') (The object specified was not found.)
\0&lt;/a&gt;
E, 3524, 13, 2012/11/12, 16:09:55.506, 6718058934222, QTAgent32.exe, Playback - [IMAGE] C:\Users\peter.zenin-ad\AppData\Local\Temp\UITestLogs\LastRun\RPF22B.png
\0
W, 3524, 13, 2012/11/12, 16:09:55.506, 6718058936521, QTAgent32.exe, Playback - [WARNING] Internal warning: Couldn't find descendants that match QueryId
\0
W, 3524, 13, 2012/11/12, 16:09:55.506, 6718058939483, QTAgent32.exe, PERF WARNING: FindTopLevelWindowHelper::FindAllDescendents: took 3190 ms. Expected it to take maximum 500 ms.
E, 3524, 13, 2012/11/12, 16:09:55.506, 6718058941929, QTAgent32.exe, Exception: System.Runtime.InteropServices.COMException
	Message: Error HRESULT E_FAIL has been returned from a call to a COM component.
	Stack Trace:    at Microsoft.VisualStudio.TestTools.UITest.Playback.Engine.IRPFPlayback.FindAllScreenElements(IScreenElement pScreenElementStart, String bstrQueryId, Object&amp; pvarResKeys, Int32 cResKeys, Int32 nMaxDepth, Object[]&amp; foundDescendants)
   at Microsoft.VisualStudio.TestTools.UITest.Playback.ScreenElement.FindTopLevelWindowHelper(String queryId)
	BaseExceptionMessage: Error HRESULT E_FAIL has been returned from a call to a COM component.

E, 3524, 13, 2012/11/12, 16:09:55.506, 6718058946637, QTAgent32.exe, Window 7406838 not responding. Last Win32 error 0
E, 3524, 13, 2012/11/12, 16:09:55.506, 6718058950750, QTAgent32.exe, Window 7406838 not responding. Last Win32 error 1400
E, 3524, 13, 2012/11/12, 16:09:55.506, 6718058955526, QTAgent32.exe, Window 7406838 not responding. Last Win32 error 1400
E, 3524, 13, 2012/11/12, 16:09:55.506, 6718058956828, QTAgent32.exe, GetClassName for handle 7406838 failed
E, 3524, 13, 2012/11/12, 16:09:55.506, 6718058957634, QTAgent32.exe, GetClassName for handle 7406838 failed
E, 3524, 13, 2012/11/12, 16:09:55.616, 6718060506560, QTAgent32.exe, AL: Playback Error: Microsoft.VisualStudio.TestTools.UITest.Extension.UITestControlNotFoundException: Unable to find the top level element of the control ---&gt; Microsoft.VisualStudio.TestTools.UITest.Extension.UITestControlNotFoundException: The playback failed to find the control with the given search properties. Additional Details: 
TechnologyName:  'MSAA'
ControlType:  'Window'
 ---&gt; System.Runtime.InteropServices.COMException: Error HRESULT E_FAIL has been returned from a call to a COM component.
   at Microsoft.VisualStudio.TestTools.UITest.Playback.Engine.IRPFPlayback.FindAllScreenElements(IScreenElement pScreenElementStart, String bstrQueryId, Object&amp; pvarResKeys, Int32 cResKeys, Int32 nMaxDepth, Object[]&amp; foundDescendants)
   at Microsoft.VisualStudio.TestTools.UITest.Playback.ScreenElement.FindTopLevelWindowHelper(String queryId)
   at Microsoft.VisualStudio.TestTools.UITest.Playback.ScreenElement.FindFromPartialQueryId(String queryId)
   at Microsoft.VisualStudio.TestTools.UITesting.UITestControl..ctor(String queryId)
   --- End of inner exception stack trace ---
   at Microsoft.VisualStudio.TestTools.UITesting.Playback.MapControlNotFoundException(COMException ex, IPlaybackContext context)
   at Microsoft.VisualStudio.TestTools.UITesting.Playback.MapAndThrowComException(COMException innerException, IPlaybackContext context)
   at Microsoft.VisualStudio.TestTools.UITesting.Playback.MapAndThrowException(SystemException exception, IPlaybackContext context)
   at Microsoft.VisualStudio.TestTools.UITesting.Playback.MapAndThrowException(SystemException exception, String queryId)
   at Microsoft.VisualStudio.TestTools.UITesting.UITestControl..ctor(String queryId)
   at Microsoft.VisualStudio.TestTools.UITesting.SearchHelper.SearchTopLevelWindow(ISearchArgument topLevelSearchArg, String topLevelElementQueryId)
   at Microsoft.VisualStudio.TestTools.UITesting.SearchHelper.SearchUsingMultipleTitles(ISearchArgument topLevelSearchArg, QueryId topLevelQueryId, IList`1 windowTitles)
   --- End of inner exception stack trace ---
   at Microsoft.VisualStudio.TestTools.UITesting.SearchHelper.SearchUsingMultipleTitles(ISearchArgument topLevelSearchArg, QueryId topLevelQueryId, IList`1 windowTitles)
   at Microsoft.VisualStudio.TestTools.UITesting.SearchHelper.GetTitleUpdatedTopLevelWindow(ISearchArgument topLevelSearchArg, String queryId, IList`1 windowTitles)
   at Microsoft.VisualStudio.TestTools.UITesting.SearchHelper.GetTopLevelElement(Boolean useCache, Boolean useCacheOnly, ISearchArgument searchArg, IList`1 windowTitles, Int32&amp; timeLeft)
   at Microsoft.VisualStudio.TestTools.UITesting.SearchHelper.GetElement(Boolean useCache, ISearchArgument searchArg)
   at Microsoft.VisualStudio.TestTools.UITesting.SearchHelper.Search(ISearchArgument searchArg)
   at Microsoft.VisualStudio.TestTools.UITesting.UITestControl.FindInternal()
   at Microsoft.VisualStudio.TestTools.UITesting.UITestControl.FindControlIfNecessary()
   at Microsoft.VisualStudio.TestTools.UITesting.UITestControl.Click(MouseButtons button, ModifierKeys modifierKeys, Point relativeCoordinates)
   at Microsoft.VisualStudio.TestTools.UITesting.Mouse.ClickImplementation(UITestControl control, MouseButtons button, ModifierKeys modifierKeys, Point relativeCoordinate)
   at Microsoft.VisualStudio.TestTools.UITesting.Mouse.ClickImplementationWrapper(UITestControl control, MouseButtons button, ModifierKeys modifierKeys, Point relativeCoordinate)
W, 3524, 13, 2012/11/12, 16:09:55.616, 6718060509038, QTAgent32.exe, PlaybackErrorHandler: Ignoring exception as ContinueOnError is set.
W, 3524, 13, 2012/11/12, 16:09:55.959, 6718065494501, QTAgent32.exe, &lt;a class=success&gt;Playback - {315} [SUCCESS] MouseButtonClick - "[MSAA, VisibleOnly]ControlType='Button' &amp;&amp; Name='Close'"
\0&lt;/a&gt;
W, 3524, 13, 2012/11/12, 16:10:00.436, 6718129564343, QTAgent32.exe, IEDOM : StopSession of the plugin called before StartSession
W, 3524, 13, 2012/11/12, 16:10:00.436, 6718129565641, QTAgent32.exe, UIA : StopSession of the plugin called before StartSession
W, 3524, 13, 2012/11/12, 16:10:00.436, 6718129566381, QTAgent32.exe, SLPlugin : StopSession of the plugin called before StartSession
</DebugTrace>
      </Output>
    </UnitTestResult>
    <UnitTestResult executionId="4a7ea30b-1e95-402c-b526-a2594caa83bc" testId="d39a31b1-2e8f-859b-cccc-1ae9e057a582" testName="HouseTest13" computerName="ICLVDEVAP01" duration="00:08:41.7648717" startTime="2012-11-12T16:10:00.4367464+00:00" endTime="2012-11-12T16:18:42.2604296+00:00" testType="13cdc9d9-ddb5-4fa4-a97d-d965ccfc6d4b" outcome="Passed" testListId="8c84fa94-04c1-424b-9868-57a2d4851a1d" relativeResultsDirectory="4a7ea30b-1e95-402c-b526-a2594caa83bc">
      <Output>
        <DebugTrace>W, 3524, 17, 2012/11/12, 16:10:00.467, 6718129948368, QTAgent32.exe, ExtensionFramework : A Technology Manager with name Web is already registered.
W, 3524, 17, 2012/11/12, 16:10:01.310, 6718142008735, QTAgent32.exe, &lt;a class=success&gt;Playback - {1} [SUCCESS] MouseButtonClick - "[MSAA, VisibleOnly]ControlType='Edit'"
\0&lt;/a&gt;
W, 3524, 17, 2012/11/12, 16:10:01.575, 6718145801675, QTAgent32.exe, &lt;a class=success&gt;Playback - {2} [SUCCESS] SendKeys "[*]" - "[MSAA, VisibleOnly]ControlType='Edit'"
\0&lt;/a&gt;
W, 3524, 17, 2012/11/12, 16:10:02.480, 6718158771585, QTAgent32.exe, &lt;a class=success&gt;Playback - {3} [SUCCESS] MouseButtonClick - "[MSAA, VisibleOnly]ControlType='Button' &amp;&amp; Name='OK'"
\0&lt;/a&gt;
W, 3524, 17, 2012/11/12, 16:10:03.166, 6718168679720, QTAgent32.exe, &lt;a class=success&gt;Playback - {4} [SUCCESS] MouseButtonClick - "[MSAA, VisibleOnly]ControlType='Button' &amp;&amp; Name='OK'"
\0&lt;/a&gt;
W, 3524, 17, 2012/11/12, 16:10:03.338, 6718171041134, QTAgent32.exe, &lt;a class=success&gt;Playback - {5} [SUCCESS] TypeString "#(R)"
\0&lt;/a&gt;
E, 3524, 17, 2012/11/12, 16:10:03.900, 6718179100926, QTAgent32.exe, Exception: System.ArgumentException
	Message: Value does not fall within the expected range.
	Stack Trace:    at Accessibility.IAccessible.get_accRole(Object varChild)
   at Microsoft.VisualStudio.TestTools.UITest.Extension.Msaa.AccWrapper.get_RoleInt()
	BaseExceptionMessage: Value does not fall within the expected range.

E, 3524, 17, 2012/11/12, 16:10:03.900, 6718179231565, QTAgent32.exe, Exception: System.ArgumentException
	Message: Value does not fall within the expected range.
	Stack Trace:    at Accessibility.IAccessible.get_accRole(Object varChild)
   at Microsoft.VisualStudio.TestTools.UITest.Extension.Msaa.AccWrapper.get_RoleInt()
	BaseExceptionMessage: Value does not fall within the expected range.

W, 3524, 17, 2012/11/12, 16:10:04.415, 6718186453938, QTAgent32.exe, &lt;a class=success&gt;Playback - {6} [SUCCESS] LeftButtonClick  &lt; Mouse cursor location (87, 908) &gt;
\0&lt;/a&gt;
W, 3524, 17, 2012/11/12, 16:10:05.491, 6718201868141, QTAgent32.exe, &lt;a class=success&gt;Playback - {7} [SUCCESS] SetValueAsEditBox "c:\TestProject7\ourmma.reg"  &lt; Set via SendKeys &gt;
\0&lt;/a&gt;
W, 3524, 17, 2012/11/12, 16:10:05.491, 6718201870523, QTAgent32.exe, &lt;a class=success&gt;Playback - {8} [SUCCESS] SetValueAsComboBox "c:\TestProject7\ourmma.reg" - "[MSAA, VisibleOnly]ControlType='ComboBox' &amp;&amp; Name='Open:'"  &lt; Set via SetValueAsEditBox &gt;
\0&lt;/a&gt;
W, 3524, 17, 2012/11/12, 16:10:05.928, 6718208259710, QTAgent32.exe, &lt;a class=success&gt;Playback - {9} [SUCCESS] MouseButtonClick - "[MSAA, VisibleOnly]ControlType='Button' &amp;&amp; Name='OK'"
\0&lt;/a&gt;
W, 3524, 17, 2012/11/12, 16:10:06.614, 6718218012552, QTAgent32.exe, &lt;a class=success&gt;Playback - {10} [SUCCESS] MouseButtonClick - "[MSAA, VisibleOnly]ControlType='Button' &amp;&amp; Name='Yes'"
\0&lt;/a&gt;
W, 3524, 17, 2012/11/12, 16:10:07.160, 6718225828487, QTAgent32.exe, &lt;a class=success&gt;Playback - {11} [SUCCESS] MouseButtonClick - "[MSAA, VisibleOnly]ControlType='Button' &amp;&amp; Name='OK'"
\0&lt;/a&gt;
W, 3524, 17, 2012/11/12, 16:10:07.628, 6718232520856, QTAgent32.exe, &lt;a class=success&gt;Playback - {12} [SUCCESS] MouseButtonClick - "[MSAA, VisibleOnly]ControlType='Button' &amp;&amp; Name='Clients &amp; Files'"
\0&lt;/a&gt;
W, 3524, 17, 2012/11/12, 16:10:08.549, 6718245675852, QTAgent32.exe, Playback - [WARNING] Internal warning: Window Not Found: [VisibleOnly]ControlType='Window' &amp;&amp; Name='Customer: txt1 tdsfs' &amp;&amp; ClassName='ThunderRT6MDIForm'
\0
E, 3524, 17, 2012/11/12, 16:10:08.549, 6718245678570, QTAgent32.exe, &lt;a class=failure&gt;Playback - {13} [FAILED] Function ElementFetcher::FindScreenElement failed to locate UI element (Searching: ;[VisibleOnly]ControlType='Window' &amp;&amp; Name='Customer: txt1 tdsfs' &amp;&amp; ClassName='ThunderRT6MDIForm') (The object specified was not found.)
\0&lt;/a&gt;
E, 3524, 17, 2012/11/12, 16:10:08.627, 6718246930520, QTAgent32.exe, Playback - [IMAGE] C:\Users\peter.zenin-ad\AppData\Local\Temp\UITestLogs\LastRun\RPF357C.png
\0
W, 3524, 17, 2012/11/12, 16:10:08.627, 6718246932733, QTAgent32.exe, Playback - [WARNING] Internal warning: Couldn't find descendants that match QueryId
\0
W, 3524, 17, 2012/11/12, 16:10:08.627, 6718246935735, QTAgent32.exe, PERF WARNING: FindTopLevelWindowHelper::FindAllDescendents: took 828 ms. Expected it to take maximum 500 ms.
W, 3524, 17, 2012/11/12, 16:10:26.677, 6718505212268, QTAgent32.exe, Playback - [WARNING] Internal warning: Window Not Found: [VisibleOnly]ControlType='Window' &amp;&amp; Name='Customer: txt1 tdsfs' &amp;&amp; ClassName='ThunderRT6MDIForm'
\0
E, 3524, 17, 2012/11/12, 16:10:26.677, 6718505215003, QTAgent32.exe, &lt;a class=failure&gt;Playback - {14} [FAILED] Function ElementFetcher::FindScreenElement failed to locate UI element (Searching: ;[VisibleOnly]ControlType='Window' &amp;&amp; Name='Customer: txt1 tdsfs' &amp;&amp; ClassName='ThunderRT6MDIForm') (The object specified was not found.)
\0&lt;/a&gt;
E, 3524, 17, 2012/11/12, 16:10:26.755, 6718506464130, QTAgent32.exe, Playback - [IMAGE] C:\Users\peter.zenin-ad\AppData\Local\Temp\UITestLogs\LastRun\RPF7C4C.png
\0
W, 3524, 17, 2012/11/12, 16:10:26.755, 6718506466245, QTAgent32.exe, Playback - [WARNING] Internal warning: Couldn't find descendants that match QueryId
\0
W, 3524, 17, 2012/11/12, 16:10:26.755, 6718506469205, QTAgent32.exe, PERF WARNING: FindTopLevelWindowHelper::FindAllDescendents: took 18125 ms. Expected it to take maximum 500 ms.
W, 3524, 17, 2012/11/12, 16:10:27.348, 6718514852158, QTAgent32.exe, Playback - [WARNING] Internal warning: Window with Class "ThunderRT6MDIForm" and Title "Customer: txt1 tdsfs" was not found, so similar window with Class "ThunderRT6MDIForm" and Title "Customer: autotest" was accepted
\0
W, 3524, 17, 2012/11/12, 16:10:27.348, 6718514856072, QTAgent32.exe, PERF WARNING: FindTopLevelWindowHelper::FindAllDescendents: took 585 ms. Expected it to take maximum 500 ms.
W, 3524, 17, 2012/11/12, 16:10:27.816, 6718521585355, QTAgent32.exe, Playback - [WARNING] Internal warning: Incorrect flag set for InvokeProgrammaticAction\0
W, 3524, 17, 2012/11/12, 16:10:28.144, 6718526213983, QTAgent32.exe, &lt;a class=success&gt;Playback - {15} [SUCCESS] SetValueAsComboBox "Customers" - "[MSAA, VisibleOnly]ControlType='ComboBox'"  &lt; SetValueAsComboBox, set by clicking on the item in the list box &gt;
\0&lt;/a&gt;
W, 3524, 17, 2012/11/12, 16:10:28.799, 6718535757175, QTAgent32.exe, &lt;a class=success&gt;Playback - {16} [SUCCESS] MouseButtonClick - "[MSAA, VisibleOnly]ControlType='Button' &amp;&amp; Name='Add'"
\0&lt;/a&gt;
W, 3524, 17, 2012/11/12, 16:10:29.204, 6718541384141, QTAgent32.exe, &lt;a class=success&gt;Playback - {17} [SUCCESS] SendKeys "autotest" - "[MSAA, VisibleOnly]ControlType='RadioButton' &amp;&amp; Name='Personal Lines'"
\0&lt;/a&gt;
W, 3524, 17, 2012/11/12, 16:10:29.688, 6718548307235, QTAgent32.exe, &lt;a class=success&gt;Playback - {18} [SUCCESS] SetValueAsEditBox "autotest" - "[MSAA, VisibleOnly]ControlType='Edit'"  &lt; Set via SendKeys &gt;
\0&lt;/a&gt;
W, 3524, 17, 2012/11/12, 16:10:30.219, 6718556080428, QTAgent32.exe, &lt;a class=success&gt;Playback - {19} [SUCCESS] MouseButtonClick - "[MSAA, VisibleOnly]ControlType='Button' &amp;&amp; Name='OK'"
\0&lt;/a&gt;
W, 3524, 17, 2012/11/12, 16:10:30.796, 6718564287339, QTAgent32.exe, &lt;a class=success&gt;Playback - {20} [SUCCESS] MouseButtonClick - "[MSAA, VisibleOnly]ControlType='Button' &amp;&amp; Name='Yes'"
\0&lt;/a&gt;
W, 3524, 17, 2012/11/12, 16:10:31.014, 6718567288263, QTAgent32.exe, &lt;a class=success&gt;Playback - {21} [SUCCESS] SendKeys "^{HOME}" - "[MSAA, VisibleOnly]ControlType='Edit'"
\0&lt;/a&gt;
E, 3524, 17, 2012/11/12, 16:10:31.014, 6718567291208, QTAgent32.exe, Msaa.GetFocusedElement: could not find accessible object of foreground window
W, 3524, 17, 2012/11/12, 16:10:31.108, 6718568629182, QTAgent32.exe, &lt;a class=success&gt;Playback - {22} [SUCCESS] SendKeys "^+{END}" - "[MSAA, VisibleOnly]ControlType='Edit'"
\0&lt;/a&gt;
E, 3524, 17, 2012/11/12, 16:10:31.108, 6718568631695, QTAgent32.exe, Msaa.GetFocusedElement: could not find accessible object of foreground window
W, 3524, 17, 2012/11/12, 16:10:31.123, 6718568852169, QTAgent32.exe, &lt;a class=success&gt;Playback - {23} [SUCCESS] SendKeys "{DELETE}" - "[MSAA, VisibleOnly]ControlType='Edit'"
\0&lt;/a&gt;
W, 3524, 17, 2012/11/12, 16:10:31.201, 6718569974973, QTAgent32.exe, &lt;a class=success&gt;Playback - {24} [SUCCESS] SetValueAsEditBox "1" - "[MSAA, VisibleOnly]ControlType='Edit'"  &lt; Set via SendKeys &gt;
\0&lt;/a&gt;
W, 3524, 17, 2012/11/12, 16:10:31.435, 6718573320868, QTAgent32.exe, &lt;a class=success&gt;Playback - {25} [SUCCESS] SendKeys "^{HOME}" - "[MSAA, VisibleOnly]ControlType='Edit'"
\0&lt;/a&gt;
E, 3524, 17, 2012/11/12, 16:10:31.435, 6718573323389, QTAgent32.exe, Msaa.GetFocusedElement: could not find accessible object of foreground window
W, 3524, 17, 2012/11/12, 16:10:31.513, 6718574435962, QTAgent32.exe, &lt;a class=success&gt;Playback - {26} [SUCCESS] SendKeys "^+{END}" - "[MSAA, VisibleOnly]ControlType='Edit'"
\0&lt;/a&gt;
E, 3524, 17, 2012/11/12, 16:10:31.513, 6718574438393, QTAgent32.exe, Msaa.GetFocusedElement: could not find accessible object of foreground window
W, 3524, 17, 2012/11/12, 16:10:31.529, 6718574661253, QTAgent32.exe, &lt;a class=success&gt;Playback - {27} [SUCCESS] SendKeys "{DELETE}" - "[MSAA, VisibleOnly]ControlType='Edit'"
\0&lt;/a&gt;
W, 3524, 17, 2012/11/12, 16:10:31.607, 6718575780369, QTAgent32.exe, &lt;a class=success&gt;Playback - {28} [SUCCESS] SetValueAsEditBox "1" - "[MSAA, VisibleOnly]ControlType='Edit'"  &lt; Set via SendKeys &gt;
\0&lt;/a&gt;
W, 3524, 17, 2012/11/12, 16:10:32.122, 6718583250538, QTAgent32.exe, &lt;a class=success&gt;Playback - {29} [SUCCESS] MouseButtonClick - "[MSAA, VisibleOnly]ControlType='Button' &amp;&amp; Name='OK'"
\0&lt;/a&gt;
W, 3524, 17, 2012/11/12, 16:10:32.637, 6718590716240, QTAgent32.exe, &lt;a class=success&gt;Playback - {30} [SUCCESS] MouseButtonClick - "[MSAA, VisibleOnly]ControlType='Button'"
\0&lt;/a&gt;
W, 3524, 17, 2012/11/12, 16:10:33.152, 6718597963820, QTAgent32.exe, &lt;a class=success&gt;Playback - {31} [SUCCESS] MouseButtonClick - "[MSAA, VisibleOnly]ControlType='Button' &amp;&amp; Name='Add'"
\0&lt;/a&gt;
W, 3524, 17, 2012/11/12, 16:10:33.651, 6718605235631, QTAgent32.exe, &lt;a class=success&gt;Playback - {32} [SUCCESS] MouseButtonClick - "[MSAA, VisibleOnly]ControlType='Button' &amp;&amp; Name='OK'"
\0&lt;/a&gt;
W, 3524, 17, 2012/11/12, 16:10:36.116, 6718640330019, QTAgent32.exe, &lt;a class=success&gt;Playback - {33} [SUCCESS] MouseButtonClick - "[MSAA, VisibleOnly,Window]ControlType='Window' &amp;&amp; ClassName='ThunderRT6TextBox'"
\0&lt;/a&gt;
W, 3524, 17, 2012/11/12, 16:10:36.475, 6718645472154, QTAgent32.exe, &lt;a class=success&gt;Playback - {34} [SUCCESS] SetValueAsEditBox "HOME" - "[MSAA, VisibleOnly]ControlType='Edit'"  &lt; Set via SendKeys &gt;
\0&lt;/a&gt;
W, 3524, 17, 2012/11/12, 16:10:36.974, 6718652833158, QTAgent32.exe, &lt;a class=success&gt;Playback - {35} [SUCCESS] MouseButtonClick - "[MSAA, VisibleOnly]ControlType='Button' &amp;&amp; Name='OK'"
\0&lt;/a&gt;
W, 3524, 17, 2012/11/12, 16:10:37.442, 6718659385056, QTAgent32.exe, &lt;a class=success&gt;Playback - {36} [SUCCESS] MouseButtonClick - "[MSAA, VisibleOnly]ControlType='Button' &amp;&amp; Name='Options'"
\0&lt;/a&gt;
W, 3524, 17, 2012/11/12, 16:10:37.551, 6718660881546, QTAgent32.exe, FindScreenElementInSinglePass : Attempting to find control in one pass of search. Failures can occur.
W, 3524, 17, 2012/11/12, 16:10:37.738, 6718663560449, QTAgent32.exe, &lt;a class=success&gt;Playback - {37} [SUCCESS] MouseButtonClick - "[MSAA]ControlType='MenuItem' &amp;&amp; Name='Links'"
\0&lt;/a&gt;
W, 3524, 17, 2012/11/12, 16:10:37.847, 6718665127072, QTAgent32.exe, FindScreenElementInSinglePass : Attempting to find control in one pass of search. Failures can occur.
W, 3524, 17, 2012/11/12, 16:10:38.019, 6718667580748, QTAgent32.exe, &lt;a class=success&gt;Playback - {38} [SUCCESS] MouseButtonClick - "[MSAA]ControlType='MenuItem' &amp;&amp; Name='3rd Party Integration'"
\0&lt;/a&gt;
W, 3524, 17, 2012/11/12, 16:10:38.128, 6718669147556, QTAgent32.exe, FindScreenElementInSinglePass : Attempting to find control in one pass of search. Failures can occur.
W, 3524, 17, 2012/11/12, 16:10:38.331, 6718672081026, QTAgent32.exe, &lt;a class=success&gt;Playback - {39} [SUCCESS] MouseButtonClick - "[MSAA]ControlType='MenuItem' &amp;&amp; Name='Quote Select List'"
\0&lt;/a&gt;
W, 3524, 17, 2012/11/12, 16:10:40.203, 6718698866564, QTAgent32.exe, PERF WARNING: FindTopLevelWindowHelper::FindAllDescendents: took 1745 ms. Expected it to take maximum 500 ms.
W, 3524, 17, 2012/11/12, 16:10:41.046, 6718711031893, QTAgent32.exe, &lt;a class=success&gt;Playback - {40} [SUCCESS] MouseButtonClick - "[MSAA, VisibleOnly]ControlType='Button' &amp;&amp; Name='Ok'"
\0&lt;/a&gt;
W, 3524, 17, 2012/11/12, 16:10:46.459, 6718788433789, QTAgent32.exe, PERF WARNING: FindTopLevelWindowHelper::FindAllDescendents: took 5291 ms. Expected it to take maximum 500 ms.
W, 3524, 17, 2012/11/12, 16:10:46.584, 6718790207232, QTAgent32.exe, &lt;a class=success&gt;Playback - {41} [SUCCESS] SendKeys "^{HOME}" - "[MSAA, VisibleOnly]ControlType='Edit'"
\0&lt;/a&gt;
E, 3524, 17, 2012/11/12, 16:10:46.584, 6718790209749, QTAgent32.exe, Msaa.GetFocusedElement: could not find accessible object of foreground window
W, 3524, 17, 2012/11/12, 16:10:46.662, 6718791323224, QTAgent32.exe, &lt;a class=success&gt;Playback - {42} [SUCCESS] SendKeys "^+{END}" - "[MSAA, VisibleOnly]ControlType='Edit'"
\0&lt;/a&gt;
E, 3524, 17, 2012/11/12, 16:10:46.662, 6718791325759, QTAgent32.exe, Msaa.GetFocusedElement: could not find accessible object of foreground window
W, 3524, 17, 2012/11/12, 16:10:46.678, 6718791547667, QTAgent32.exe, &lt;a class=success&gt;Playback - {43} [SUCCESS] SendKeys "{DELETE}" - "[MSAA, VisibleOnly]ControlType='Edit'"
\0&lt;/a&gt;
W, 3524, 17, 2012/11/12, 16:10:46.990, 6718796017274, QTAgent32.exe, &lt;a class=success&gt;Playback - {44} [SUCCESS] SetValueAsEditBox "19/11/12" - "[MSAA, VisibleOnly]ControlType='Edit'"  &lt; Set via SendKeys &gt;
\0&lt;/a&gt;
W, 3524, 17, 2012/11/12, 16:10:47.395, 6718801825480, QTAgent32.exe, &lt;a class=success&gt;Playback - {45} [SUCCESS] SetValueAsEditBox "test1" - "[MSAA, VisibleOnly]ControlType='Edit'"  &lt; Set via SendKeys &gt;
\0&lt;/a&gt;
W, 3524, 17, 2012/11/12, 16:10:47.754, 6718806962770, QTAgent32.exe, &lt;a class=success&gt;Playback - {46} [SUCCESS] SetValueAsEditBox "test" - "[MSAA, VisibleOnly]ControlType='Edit'"  &lt; Set via SendKeys &gt;
\0&lt;/a&gt;
W, 3524, 17, 2012/11/12, 16:10:47.972, 6718810085175, QTAgent32.exe, &lt;a class=success&gt;Playback - {47} [SUCCESS] SendKeys "^{HOME}" - "[MSAA, VisibleOnly]ControlType='Edit'"
\0&lt;/a&gt;
E, 3524, 17, 2012/11/12, 16:10:47.972, 6718810087704, QTAgent32.exe, Msaa.GetFocusedElement: could not find accessible object of foreground window
W, 3524, 17, 2012/11/12, 16:10:48.050, 6718811202991, QTAgent32.exe, &lt;a class=success&gt;Playback - {48} [SUCCESS] SendKeys "^+{END}" - "[MSAA, VisibleOnly]ControlType='Edit'"
\0&lt;/a&gt;
E, 3524, 17, 2012/11/12, 16:10:48.050, 6718811206066, QTAgent32.exe, Msaa.GetFocusedElement: could not find accessible object of foreground window
W, 3524, 17, 2012/11/12, 16:10:48.066, 6718811429738, QTAgent32.exe, &lt;a class=success&gt;Playback - {49} [SUCCESS] SendKeys "{DELETE}" - "[MSAA, VisibleOnly]ControlType='Edit'"
\0&lt;/a&gt;
W, 3524, 17, 2012/11/12, 16:10:48.238, 6718813890223, QTAgent32.exe, &lt;a class=success&gt;Playback - {50} [SUCCESS] SetValueAsEditBox "test" - "[MSAA, VisibleOnly]ControlType='Edit'"  &lt; Set via SendKeys &gt;
\0&lt;/a&gt;
W, 3524, 17, 2012/11/12, 16:10:48.799, 6718822106123, QTAgent32.exe, Playback - [WARNING] Internal warning: Incorrect flag set for InvokeProgrammaticAction\0
W, 3524, 17, 2012/11/12, 16:10:49.127, 6718826627136, QTAgent32.exe, &lt;a class=success&gt;Playback - {51} [SUCCESS] SetValueAsComboBox "Account Director" - "[MSAA, VisibleOnly]ControlType='ComboBox'"  &lt; SetValueAsComboBox, set by clicking on the item in the list box &gt;
\0&lt;/a&gt;
W, 3524, 17, 2012/11/12, 16:10:49.735, 6718835351922, QTAgent32.exe, Playback - [WARNING] Internal warning: Incorrect flag set for InvokeProgrammaticAction\0
W, 3524, 17, 2012/11/12, 16:10:50.063, 6718840035431, QTAgent32.exe, &lt;a class=success&gt;Playback - {52} [SUCCESS] SetValueAsComboBox "Advertising" - "[MSAA, VisibleOnly]ControlType='ComboBox'"  &lt; SetValueAsComboBox, set by clicking on the item in the list box &gt;
\0&lt;/a&gt;
W, 3524, 17, 2012/11/12, 16:10:50.500, 6718846278253, QTAgent32.exe, &lt;a class=success&gt;Playback - {53} [SUCCESS] SetValueAsEditBox "160589" - "[MSAA, VisibleOnly]ControlType='Edit'"  &lt; Set via SendKeys &gt;
\0&lt;/a&gt;
W, 3524, 17, 2012/11/12, 16:10:50.937, 6718852529605, QTAgent32.exe, &lt;a class=success&gt;Playback - {54} [SUCCESS] MouseButtonClick - "[MSAA, VisibleOnly]ControlType='Edit'"
\0&lt;/a&gt;
W, 3524, 17, 2012/11/12, 16:10:51.358, 6718858561668, QTAgent32.exe, &lt;a class=success&gt;Playback - {55} [SUCCESS] SetValueAsEditBox "BN16BN" - "[MSAA, VisibleOnly]ControlType='Edit'"  &lt; Set via SendKeys &gt;
\0&lt;/a&gt;
W, 3524, 17, 2012/11/12, 16:10:53.760, 6718892954860, QTAgent32.exe, &lt;a class=success&gt;Playback - {56} [SUCCESS] MouseButtonClick - "[MSAA, VisibleOnly]ControlType='Button' &amp;&amp; Name='Lookup...'"
\0&lt;/a&gt;
W, 3524, 17, 2012/11/12, 16:10:54.213, 6718899553086, QTAgent32.exe, &lt;a class=success&gt;Playback - {57} [SUCCESS] MouseButtonClick - "[MSAA, VisibleOnly]ControlType='Button' &amp;&amp; Name='Ok'"
\0&lt;/a&gt;
W, 3524, 17, 2012/11/12, 16:10:54.697, 6718906447205, QTAgent32.exe, &lt;a class=success&gt;Playback - {58} [SUCCESS] MouseButtonClick - "[MSAA, VisibleOnly]ControlType='Button' &amp;&amp; Name='Next &gt;'"
\0&lt;/a&gt;
W, 3524, 17, 2012/11/12, 16:10:55.102, 6718912167272, QTAgent32.exe, &lt;a class=success&gt;Playback - {59} [SUCCESS] SetValueAsEditBox "1989" - "[MSAA, VisibleOnly]ControlType='Edit'"  &lt; Set via SendKeys &gt;
\0&lt;/a&gt;
W, 3524, 17, 2012/11/12, 16:10:55.570, 6718918977813, QTAgent32.exe, &lt;a class=success&gt;Playback - {60} [SUCCESS] MouseButtonClick - "[MSAA, VisibleOnly]ControlType='Button' &amp;&amp; Name='Next &gt;'"
\0&lt;/a&gt;
W, 3524, 17, 2012/11/12, 16:10:55.789, 6718922142121, QTAgent32.exe, &lt;a class=success&gt;Playback - {61} [SUCCESS] MouseButtonClick - "[MSAA, VisibleOnly]ControlType='Button' &amp;&amp; Name='Next &gt;'"
\0&lt;/a&gt;
W, 3524, 17, 2012/11/12, 16:10:56.038, 6718925665730, QTAgent32.exe, &lt;a class=success&gt;Playback - {62} [SUCCESS] MouseButtonClick - "[MSAA, VisibleOnly]ControlType='Button' &amp;&amp; Name='Next &gt;'"
\0&lt;/a&gt;
W, 3524, 17, 2012/11/12, 16:10:56.444, 6718931376798, QTAgent32.exe, &lt;a class=success&gt;Playback - {63} [SUCCESS] SetValueAsEditBox "2345" - "[MSAA, VisibleOnly]ControlType='Edit'"  &lt; Set via SendKeys &gt;
\0&lt;/a&gt;
W, 3524, 17, 2012/11/12, 16:10:56.865, 6718937409268, QTAgent32.exe, &lt;a class=success&gt;Playback - {64} [SUCCESS] SetValueAsEditBox "2000" - "[MSAA, VisibleOnly]ControlType='Edit'"  &lt; Set via SendKeys &gt;
\0&lt;/a&gt;
W, 3524, 17, 2012/11/12, 16:10:57.302, 6718943662369, QTAgent32.exe, &lt;a class=success&gt;Playback - {65} [SUCCESS] SetValueAsEditBox "2000" - "[MSAA, VisibleOnly]ControlType='Edit'"  &lt; Set via SendKeys &gt;
\0&lt;/a&gt;
W, 3524, 17, 2012/11/12, 16:10:57.536, 6718947183387, QTAgent32.exe, &lt;a class=success&gt;Playback - {66} [SUCCESS] MouseButtonClick - "[MSAA, VisibleOnly]ControlType='Button' &amp;&amp; Name='Next &gt;'"
\0&lt;/a&gt;
W, 3524, 17, 2012/11/12, 16:10:57.942, 6718952818619, QTAgent32.exe, &lt;a class=success&gt;Playback - {67} [SUCCESS] SetValueAsEditBox "2345" - "[MSAA, VisibleOnly]ControlType='Edit'"  &lt; Set via SendKeys &gt;
\0&lt;/a&gt;
W, 3524, 17, 2012/11/12, 16:10:58.316, 6718958368780, QTAgent32.exe, &lt;a class=success&gt;Playback - {68} [SUCCESS] MouseButtonClick - "[MSAA, VisibleOnly]ControlType='Button' &amp;&amp; Name='Next &gt;'"
\0&lt;/a&gt;
W, 3524, 17, 2012/11/12, 16:10:58.706, 6718963831531, QTAgent32.exe, &lt;a class=success&gt;Playback - {69} [SUCCESS] MouseButtonClick - "[MSAA, VisibleOnly]ControlType='Button' &amp;&amp; Name='Next &gt;'"
\0&lt;/a&gt;
W, 3524, 17, 2012/11/12, 16:10:59.002, 6718968097604, QTAgent32.exe, &lt;a class=success&gt;Playback - {70} [SUCCESS] MouseButtonClick - "[MSAA, VisibleOnly]ControlType='Button' &amp;&amp; Name='Quote'"
\0&lt;/a&gt;
W, 3524, 17, 2012/11/12, 16:10:59.595, 6718976564982, QTAgent32.exe, &lt;a class=success&gt;Playback - {71} [SUCCESS] MouseButtonClick - "[MSAA, VisibleOnly]ControlType='Button' &amp;&amp; Name='No'"
\0&lt;/a&gt;
W, 3524, 17, 2012/11/12, 16:10:59.923, 6718981216168, QTAgent32.exe, Playback - [WARNING] Internal warning: The window that the search started from became invalid
\0
W, 3524, 17, 2012/11/12, 16:11:01.920, 6719009807372, QTAgent32.exe, PERF WARNING: FindTopLevelWindowHelper::FindAllDescendents: took 2217 ms. Expected it to take maximum 500 ms.
W, 3524, 17, 2012/11/12, 16:11:02.247, 6719014466614, QTAgent32.exe, &lt;a class=success&gt;Playback - {72} [SUCCESS] MouseButtonClick - "[MSAA, VisibleOnly]ControlType='Client'"
\0&lt;/a&gt;
W, 3524, 17, 2012/11/12, 16:11:03.901, 6719038155944, QTAgent32.exe, &lt;a class=success&gt;Playback - {73} [SUCCESS] SendKeys "{Home}" - "[MSAA, VisibleOnly]ControlType='Client'"
\0&lt;/a&gt;
W, 3524, 17, 2012/11/12, 16:11:04.447, 6719046096953, QTAgent32.exe, &lt;a class=success&gt;Playback - {74} [SUCCESS] MouseButtonClick - "[MSAA, VisibleOnly]ControlType='Button' &amp;&amp; Name='Accept'"
\0&lt;/a&gt;
W, 3524, 17, 2012/11/12, 16:11:04.900, 6719052591384, QTAgent32.exe, &lt;a class=success&gt;Playback - {75} [SUCCESS] MouseButtonClick - "[MSAA, VisibleOnly]ControlType='Button' &amp;&amp; Name='Yes'"
\0&lt;/a&gt;
W, 3524, 17, 2012/11/12, 16:11:07.349, 6719087509041, QTAgent32.exe, &lt;a class=success&gt;Playback - {76} [SUCCESS] MouseButtonClick - "[MSAA, VisibleOnly]ControlType='Button' &amp;&amp; Name='Ok'"
\0&lt;/a&gt;
W, 3524, 17, 2012/11/12, 16:11:19.986, 6719268435266, QTAgent32.exe, Playback - [WARNING] Internal warning: Window Not Found: [VisibleOnly]ControlType='Window' &amp;&amp; Name='Save the file as' &amp;&amp; ClassName='#32770'
\0
E, 3524, 17, 2012/11/12, 16:11:19.986, 6719268438180, QTAgent32.exe, &lt;a class=failure&gt;Playback - {77} [FAILED] Function ElementFetcher::FindScreenElement failed to locate UI element (Searching: ;[VisibleOnly]ControlType='Window' &amp;&amp; Name='Save the file as' &amp;&amp; ClassName='#32770') (The object specified was not found.)
\0&lt;/a&gt;
E, 3524, 17, 2012/11/12, 16:11:20.064, 6719269683436, QTAgent32.exe, Playback - [IMAGE] C:\Users\peter.zenin-ad\AppData\Local\Temp\UITestLogs\LastRun\RPF4C87.png
\0
W, 3524, 17, 2012/11/12, 16:11:20.064, 6719269686756, QTAgent32.exe, Playback - [WARNING] Internal warning: Couldn't find descendants that match QueryId
\0
W, 3524, 17, 2012/11/12, 16:11:20.064, 6719269689702, QTAgent32.exe, PERF WARNING: FindTopLevelWindowHelper::FindAllDescendents: took 12614 ms. Expected it to take maximum 500 ms.
W, 3524, 17, 2012/11/12, 16:11:38.317, 6719530887771, QTAgent32.exe, Playback - [WARNING] Internal warning: Window Not Found: [VisibleOnly]ControlType='Window' &amp;&amp; Name='Save the file as' &amp;&amp; ClassName='#32770'
\0
E, 3524, 17, 2012/11/12, 16:11:38.317, 6719530890444, QTAgent32.exe, &lt;a class=failure&gt;Playback - {78} [FAILED] Function ElementFetcher::FindScreenElement failed to locate UI element (Searching: ;[VisibleOnly]ControlType='Window' &amp;&amp; Name='Save the file as' &amp;&amp; ClassName='#32770') (The object specified was not found.)
\0&lt;/a&gt;
E, 3524, 17, 2012/11/12, 16:11:38.395, 6719532137789, QTAgent32.exe, Playback - [IMAGE] C:\Users\peter.zenin-ad\AppData\Local\Temp\UITestLogs\LastRun\RPF9422.png
\0
W, 3524, 17, 2012/11/12, 16:11:38.395, 6719532139918, QTAgent32.exe, Playback - [WARNING] Internal warning: Couldn't find descendants that match QueryId
\0
W, 3524, 17, 2012/11/12, 16:11:38.395, 6719532142851, QTAgent32.exe, PERF WARNING: FindTopLevelWindowHelper::FindAllDescendents: took 18329 ms. Expected it to take maximum 500 ms.
W, 3524, 17, 2012/11/12, 16:11:41.562, 6719577350394, QTAgent32.exe, Playback - [WARNING] Internal warning: Smart Match failed
\0
W, 3524, 17, 2012/11/12, 16:11:43.091, 6719599238630, QTAgent32.exe, Playback - [WARNING] Internal warning: Window Not Found: [VisibleOnly]ControlType='Window' &amp;&amp; Name='Save the file as' &amp;&amp; ClassName='#32770'
\0
E, 3524, 17, 2012/11/12, 16:11:43.091, 6719599241541, QTAgent32.exe, &lt;a class=failure&gt;Playback - {79} [FAILED] Function ElementFetcher::FindScreenElement failed to locate UI element (Searching: ;[VisibleOnly]ControlType='Window' &amp;&amp; Name='Save the file as' &amp;&amp; ClassName='#32770') (The object specified was not found.)
\0&lt;/a&gt;
E, 3524, 17, 2012/11/12, 16:11:43.169, 6719600481791, QTAgent32.exe, Playback - [IMAGE] C:\Users\peter.zenin-ad\AppData\Local\Temp\UITestLogs\LastRun\RPFA6C8.png
\0
W, 3524, 17, 2012/11/12, 16:11:43.169, 6719600483947, QTAgent32.exe, Playback - [WARNING] Internal warning: Couldn't find descendants that match QueryId
\0
W, 3524, 17, 2012/11/12, 16:11:43.169, 6719600486980, QTAgent32.exe, PERF WARNING: FindTopLevelWindowHelper::FindAllDescendents: took 4773 ms. Expected it to take maximum 500 ms.
E, 3524, 17, 2012/11/12, 16:11:43.169, 6719600488812, QTAgent32.exe, Exception: System.Runtime.InteropServices.COMException
	Message: Error HRESULT E_FAIL has been returned from a call to a COM component.
	Stack Trace:    at Microsoft.VisualStudio.TestTools.UITest.Playback.Engine.IRPFPlayback.FindAllScreenElements(IScreenElement pScreenElementStart, String bstrQueryId, Object&amp; pvarResKeys, Int32 cResKeys, Int32 nMaxDepth, Object[]&amp; foundDescendants)
   at Microsoft.VisualStudio.TestTools.UITest.Playback.ScreenElement.FindTopLevelWindowHelper(String queryId)
	BaseExceptionMessage: Error HRESULT E_FAIL has been returned from a call to a COM component.

E, 3524, 17, 2012/11/12, 16:11:43.309, 6719602368450, QTAgent32.exe, AL: Playback Error: Microsoft.VisualStudio.TestTools.UITest.Extension.UITestControlNotFoundException: The playback failed to find the control with the given search properties. Additional Details: 
TechnologyName:  'MSAA'
ControlType:  'Window'
Name:  'Save the file as'
ClassName:  '#32770'
 ---&gt; System.Runtime.InteropServices.COMException: Error HRESULT E_FAIL has been returned from a call to a COM component.
   at Microsoft.VisualStudio.TestTools.UITest.Playback.Engine.IRPFPlayback.FindAllScreenElements(IScreenElement pScreenElementStart, String bstrQueryId, Object&amp; pvarResKeys, Int32 cResKeys, Int32 nMaxDepth, Object[]&amp; foundDescendants)
   at Microsoft.VisualStudio.TestTools.UITest.Playback.ScreenElement.FindTopLevelWindowHelper(String queryId)
   at Microsoft.VisualStudio.TestTools.UITest.Playback.ScreenElement.FindFromPartialQueryId(String queryId)
   at Microsoft.VisualStudio.TestTools.UITesting.UITestControl..ctor(String queryId)
   --- End of inner exception stack trace ---
   at Microsoft.VisualStudio.TestTools.UITesting.Playback.MapControlNotFoundException(COMException ex, IPlaybackContext context)
   at Microsoft.VisualStudio.TestTools.UITesting.Playback.MapAndThrowComException(COMException innerException, IPlaybackContext context)
   at Microsoft.VisualStudio.TestTools.UITesting.Playback.MapAndThrowException(SystemException exception, IPlaybackContext context)
   at Microsoft.VisualStudio.TestTools.UITesting.Playback.MapAndThrowException(SystemException exception, String queryId)
   at Microsoft.VisualStudio.TestTools.UITesting.UITestControl..ctor(String queryId)
   at Microsoft.VisualStudio.TestTools.UITesting.SearchHelper.SearchTopLevelWindow(ISearchArgument topLevelSearchArg, String topLevelElementQueryId)
   at Microsoft.VisualStudio.TestTools.UITesting.SearchHelper.GetTitleUpdatedTopLevelWindow(ISearchArgument topLevelSearchArg, String queryId, IList`1 windowTitles)
   at Microsoft.VisualStudio.TestTools.UITesting.SearchHelper.GetTopLevelElement(Boolean useCache, Boolean useCacheOnly, ISearchArgument searchArg, IList`1 windowTitles, Int32&amp; timeLeft)
   at Microsoft.VisualStudio.TestTools.UITesting.SearchHelper.GetElement(Boolean useCache, ISearchArgument searchArg)
   at Microsoft.VisualStudio.TestTools.UITesting.SearchHelper.Search(ISearchArgument searchArg)
   at Microsoft.VisualStudio.TestTools.UITesting.UITestControl.FindInternal()
   at Microsoft.VisualStudio.TestTools.UITesting.UITestControl.FindControlIfNecessary()
   at Microsoft.VisualStudio.TestTools.UITesting.UITestControl.Click(MouseButtons button, ModifierKeys modifierKeys, Point relativeCoordinates)
   at Microsoft.VisualStudio.TestTools.UITesting.Mouse.ClickImplementation(UITestControl control, MouseButtons button, ModifierKeys modifierKeys, Point relativeCoordinate)
   at Microsoft.VisualStudio.TestTools.UITesting.Mouse.ClickImplementationWrapper(UITestControl control, MouseButtons button, ModifierKeys modifierKeys, Point relativeCoordinate)
W, 3524, 17, 2012/11/12, 16:11:43.309, 6719602370245, QTAgent32.exe, PlaybackErrorHandler: Ignoring exception as ContinueOnError is set.
W, 3524, 17, 2012/11/12, 16:11:43.730, 6719608419603, QTAgent32.exe, &lt;a class=success&gt;Playback - {80} [SUCCESS] MouseButtonClick - "[MSAA, VisibleOnly]ControlType='Button' &amp;&amp; Name='Ok'"
\0&lt;/a&gt;
W, 3524, 17, 2012/11/12, 16:11:44.183, 6719615036435, QTAgent32.exe, &lt;a class=success&gt;Playback - {81} [SUCCESS] MouseButtonClick - "[MSAA, VisibleOnly]ControlType='Button' &amp;&amp; Name='Ok'"
\0&lt;/a&gt;
W, 3524, 17, 2012/11/12, 16:11:44.713, 6719622465557, QTAgent32.exe, &lt;a class=success&gt;Playback - {82} [SUCCESS] SetValueAsEditBox "B338TH" - "[MSAA, VisibleOnly]ControlType='Edit'"  &lt; Set via SendKeys &gt;
\0&lt;/a&gt;
W, 3524, 17, 2012/11/12, 16:11:47.178, 6719657752313, QTAgent32.exe, &lt;a class=success&gt;Playback - {83} [SUCCESS] MouseButtonClick - "[MSAA, VisibleOnly]ControlType='Button' &amp;&amp; Name='Lookup...'"
\0&lt;/a&gt;
W, 3524, 17, 2012/11/12, 16:11:47.568, 6719663350187, QTAgent32.exe, &lt;a class=success&gt;Playback - {84} [SUCCESS] MouseButtonClick - "[MSAA, VisibleOnly]ControlType='Button' &amp;&amp; Name='Ok'"
\0&lt;/a&gt;
W, 3524, 17, 2012/11/12, 16:11:48.099, 6719671116221, QTAgent32.exe, &lt;a class=success&gt;Playback - {85} [SUCCESS] MouseButtonClick - "[MSAA, VisibleOnly]ControlType='Button' &amp;&amp; Name='Confirm'"
\0&lt;/a&gt;
W, 3524, 17, 2012/11/12, 16:12:09.441, 6719976499196, QTAgent32.exe, Playback - [WARNING] Internal warning: Window Not Found: [VisibleOnly]ControlType='Window' &amp;&amp; Name='insur-E.tam' &amp;&amp; ClassName='#32770'
\0
E, 3524, 17, 2012/11/12, 16:12:09.441, 6719976501951, QTAgent32.exe, &lt;a class=failure&gt;Playback - {86} [FAILED] Function ElementFetcher::FindScreenElement failed to locate UI element (Searching: ;[VisibleOnly]ControlType='Window' &amp;&amp; Name='insur-E.tam' &amp;&amp; ClassName='#32770') (The object specified was not found.)
\0&lt;/a&gt;
E, 3524, 17, 2012/11/12, 16:12:09.519, 6719977725801, QTAgent32.exe, Playback - [IMAGE] C:\Users\peter.zenin-ad\AppData\Local\Temp\UITestLogs\LastRun\RPFDB6.png
\0
W, 3524, 17, 2012/11/12, 16:12:09.519, 6719977727945, QTAgent32.exe, Playback - [WARNING] Internal warning: Couldn't find descendants that match QueryId
\0
W, 3524, 17, 2012/11/12, 16:12:09.519, 6719977730897, QTAgent32.exe, PERF WARNING: FindTopLevelWindowHelper::FindAllDescendents: took 21318 ms. Expected it to take maximum 500 ms.
W, 3524, 17, 2012/11/12, 16:12:27.756, 6720238730279, QTAgent32.exe, Playback - [WARNING] Internal warning: Window Not Found: [VisibleOnly]ControlType='Window' &amp;&amp; Name='insur-E.tam' &amp;&amp; ClassName='#32770'
\0
E, 3524, 17, 2012/11/12, 16:12:27.756, 6720238733157, QTAgent32.exe, &lt;a class=failure&gt;Playback - {87} [FAILED] Function ElementFetcher::FindScreenElement failed to locate UI element (Searching: ;[VisibleOnly]ControlType='Window' &amp;&amp; Name='insur-E.tam' &amp;&amp; ClassName='#32770') (The object specified was not found.)
\0&lt;/a&gt;
E, 3524, 17, 2012/11/12, 16:12:27.834, 6720239973957, QTAgent32.exe, Playback - [IMAGE] C:\Users\peter.zenin-ad\AppData\Local\Temp\UITestLogs\LastRun\RPF5541.png
\0
W, 3524, 17, 2012/11/12, 16:12:27.834, 6720239976790, QTAgent32.exe, Playback - [WARNING] Internal warning: Couldn't find descendants that match QueryId
\0
W, 3524, 17, 2012/11/12, 16:12:27.834, 6720239979861, QTAgent32.exe, PERF WARNING: FindTopLevelWindowHelper::FindAllDescendents: took 18315 ms. Expected it to take maximum 500 ms.
W, 3524, 17, 2012/11/12, 16:12:31.001, 6720285188964, QTAgent32.exe, Playback - [WARNING] Internal warning: Smart Match failed
\0
W, 3524, 17, 2012/11/12, 16:12:32.546, 6720307301417, QTAgent32.exe, Playback - [WARNING] Internal warning: Window Not Found: [VisibleOnly]ControlType='Window' &amp;&amp; Name='insur-E.tam' &amp;&amp; ClassName='#32770'
\0
E, 3524, 17, 2012/11/12, 16:12:32.546, 6720307304294, QTAgent32.exe, &lt;a class=failure&gt;Playback - {88} [FAILED] Function ElementFetcher::FindScreenElement failed to locate UI element (Searching: ;[VisibleOnly]ControlType='Window' &amp;&amp; Name='insur-E.tam' &amp;&amp; ClassName='#32770') (The object specified was not found.)
\0&lt;/a&gt;
E, 3524, 17, 2012/11/12, 16:12:32.624, 6720308534121, QTAgent32.exe, Playback - [IMAGE] C:\Users\peter.zenin-ad\AppData\Local\Temp\UITestLogs\LastRun\RPF67F8.png
\0
W, 3524, 17, 2012/11/12, 16:12:32.624, 6720308536351, QTAgent32.exe, Playback - [WARNING] Internal warning: Couldn't find descendants that match QueryId
\0
W, 3524, 17, 2012/11/12, 16:12:32.624, 6720308539324, QTAgent32.exe, PERF WARNING: FindTopLevelWindowHelper::FindAllDescendents: took 4788 ms. Expected it to take maximum 500 ms.
E, 3524, 17, 2012/11/12, 16:12:32.624, 6720308541134, QTAgent32.exe, Exception: System.Runtime.InteropServices.COMException
	Message: Error HRESULT E_FAIL has been returned from a call to a COM component.
	Stack Trace:    at Microsoft.VisualStudio.TestTools.UITest.Playback.Engine.IRPFPlayback.FindAllScreenElements(IScreenElement pScreenElementStart, String bstrQueryId, Object&amp; pvarResKeys, Int32 cResKeys, Int32 nMaxDepth, Object[]&amp; foundDescendants)
   at Microsoft.VisualStudio.TestTools.UITest.Playback.ScreenElement.FindTopLevelWindowHelper(String queryId)
	BaseExceptionMessage: Error HRESULT E_FAIL has been returned from a call to a COM component.

E, 3524, 17, 2012/11/12, 16:12:32.624, 6720308546027, QTAgent32.exe, Window 3671628 not responding. Last Win32 error 0
E, 3524, 17, 2012/11/12, 16:12:32.624, 6720308548699, QTAgent32.exe, GetClassName for handle 3671628 failed
E, 3524, 17, 2012/11/12, 16:12:32.624, 6720308555182, QTAgent32.exe, Window 3671628 not responding. Last Win32 error 1400
E, 3524, 17, 2012/11/12, 16:12:32.624, 6720308565300, QTAgent32.exe, Window 3671628 not responding. Last Win32 error 1400
E, 3524, 17, 2012/11/12, 16:12:32.624, 6720308566483, QTAgent32.exe, GetClassName for handle 3671628 failed
E, 3524, 17, 2012/11/12, 16:12:32.624, 6720308567279, QTAgent32.exe, GetClassName for handle 3671628 failed
E, 3524, 17, 2012/11/12, 16:12:32.733, 6720309978984, QTAgent32.exe, AL: Playback Error: Microsoft.VisualStudio.TestTools.UITest.Extension.UITestControlNotFoundException: The playback failed to find the control with the given search properties. Additional Details: 
TechnologyName:  'MSAA'
ControlType:  'Window'
 ---&gt; System.Runtime.InteropServices.COMException: Error HRESULT E_FAIL has been returned from a call to a COM component.
   at Microsoft.VisualStudio.TestTools.UITest.Playback.Engine.IRPFPlayback.FindAllScreenElements(IScreenElement pScreenElementStart, String bstrQueryId, Object&amp; pvarResKeys, Int32 cResKeys, Int32 nMaxDepth, Object[]&amp; foundDescendants)
   at Microsoft.VisualStudio.TestTools.UITest.Playback.ScreenElement.FindTopLevelWindowHelper(String queryId)
   at Microsoft.VisualStudio.TestTools.UITest.Playback.ScreenElement.FindFromPartialQueryId(String queryId)
   at Microsoft.VisualStudio.TestTools.UITesting.UITestControl..ctor(String queryId)
   --- End of inner exception stack trace ---
   at Microsoft.VisualStudio.TestTools.UITesting.Playback.MapControlNotFoundException(COMException ex, IPlaybackContext context)
   at Microsoft.VisualStudio.TestTools.UITesting.Playback.MapAndThrowComException(COMException innerException, IPlaybackContext context)
   at Microsoft.VisualStudio.TestTools.UITesting.Playback.MapAndThrowException(SystemException exception, IPlaybackContext context)
   at Microsoft.VisualStudio.TestTools.UITesting.Playback.MapAndThrowException(SystemException exception, String queryId)
   at Microsoft.VisualStudio.TestTools.UITesting.UITestControl..ctor(String queryId)
   at Microsoft.VisualStudio.TestTools.UITesting.SearchHelper.SearchTopLevelWindow(ISearchArgument topLevelSearchArg, String topLevelElementQueryId)
   at Microsoft.VisualStudio.TestTools.UITesting.SearchHelper.GetTitleUpdatedTopLevelWindow(ISearchArgument topLevelSearchArg, String queryId, IList`1 windowTitles)
   at Microsoft.VisualStudio.TestTools.UITesting.SearchHelper.GetTopLevelElement(Boolean useCache, Boolean useCacheOnly, ISearchArgument searchArg, IList`1 windowTitles, Int32&amp; timeLeft)
   at Microsoft.VisualStudio.TestTools.UITesting.SearchHelper.GetElement(Boolean useCache, ISearchArgument searchArg)
   at Microsoft.VisualStudio.TestTools.UITesting.SearchHelper.Search(ISearchArgument searchArg)
   at Microsoft.VisualStudio.TestTools.UITesting.UITestControl.FindInternal()
   at Microsoft.VisualStudio.TestTools.UITesting.UITestControl.FindControlIfNecessary()
   at Microsoft.VisualStudio.TestTools.UITesting.UITestControl.Click(MouseButtons button, ModifierKeys modifierKeys, Point relativeCoordinates)
   at Microsoft.VisualStudio.TestTools.UITesting.Mouse.ClickImplementation(UITestControl control, MouseButtons button, ModifierKeys modifierKeys, Point relativeCoordinate)
   at Microsoft.VisualStudio.TestTools.UITesting.Mouse.ClickImplementationWrapper(UITestControl control, MouseButtons button, ModifierKeys modifierKeys, Point relativeCoordinate)
W, 3524, 17, 2012/11/12, 16:12:32.733, 6720309980548, QTAgent32.exe, PlaybackErrorHandler: Ignoring exception as ContinueOnError is set.
W, 3524, 17, 2012/11/12, 16:12:33.061, 6720314671097, QTAgent32.exe, &lt;a class=success&gt;Playback - {89} [SUCCESS] Check - "[MSAA, VisibleOnly]ControlType='CheckBox' &amp;&amp; Name='Defer Printing?'"
\0&lt;/a&gt;
W, 3524, 17, 2012/11/12, 16:12:33.794, 6720325170245, QTAgent32.exe, &lt;a class=success&gt;Playback - {90} [SUCCESS] MouseButtonClick - "[MSAA, VisibleOnly]ControlType='Button' &amp;&amp; Name='Ok'"
\0&lt;/a&gt;
W, 3524, 17, 2012/11/12, 16:12:34.777, 6720339325766, QTAgent32.exe, PERF WARNING: FindTopLevelWindowHelper::FindAllDescendents: took 879 ms. Expected it to take maximum 500 ms.
W, 3524, 17, 2012/11/12, 16:12:35.120, 6720344155387, QTAgent32.exe, &lt;a class=success&gt;Playback - {91} [SUCCESS] Uncheck - "[MSAA, VisibleOnly]ControlType='CheckBox' &amp;&amp; Name='Add Activity'"
\0&lt;/a&gt;
W, 3524, 17, 2012/11/12, 16:12:35.994, 6720356765441, QTAgent32.exe, &lt;a class=success&gt;Playback - {92} [SUCCESS] MouseButtonClick - "[MSAA, VisibleOnly]ControlType='Button' &amp;&amp; Name='Ok'"
\0&lt;/a&gt;
W, 3524, 17, 2012/11/12, 16:12:36.431, 6720363044438, QTAgent32.exe, &lt;a class=success&gt;Playback - {93} [SUCCESS] MouseButtonClick - "[MSAA, VisibleOnly]ControlType='Button' &amp;&amp; Name='Ok'"
\0&lt;/a&gt;
W, 3524, 17, 2012/11/12, 16:12:45.432, 6720491807799, QTAgent32.exe, PERF WARNING: FindTopLevelWindowHelper::FindAllDescendents: took 8768 ms. Expected it to take maximum 500 ms.
W, 3524, 17, 2012/11/12, 16:12:47.726, 6720524628078, QTAgent32.exe, &lt;a class=success&gt;Playback - {94} [SUCCESS] MouseButtonClick - "[MSAA, VisibleOnly]ControlType='Button' &amp;&amp; Name='OK'"
\0&lt;/a&gt;
W, 3524, 17, 2012/11/12, 16:12:49.099, 6720544298997, QTAgent32.exe, Playback - [WARNING] Internal warning: Window Not Found: [VisibleOnly]ControlType='Window' &amp;&amp; Name='Tamxml7' &amp;&amp; ClassName='TMessageForm'
\0
E, 3524, 17, 2012/11/12, 16:12:49.099, 6720544301642, QTAgent32.exe, &lt;a class=failure&gt;Playback - {95} [FAILED] Function ElementFetcher::FindScreenElement failed to locate UI element (Searching: ;[VisibleOnly]ControlType='Window' &amp;&amp; Name='Tamxml7' &amp;&amp; ClassName='TMessageForm') (The object specified was not found.)
\0&lt;/a&gt;
E, 3524, 17, 2012/11/12, 16:12:49.177, 6720545526021, QTAgent32.exe, Playback - [IMAGE] C:\Users\peter.zenin-ad\AppData\Local\Temp\UITestLogs\LastRun\RPFA8A0.png
\0
W, 3524, 17, 2012/11/12, 16:12:49.177, 6720545528169, QTAgent32.exe, Playback - [WARNING] Internal warning: Couldn't find descendants that match QueryId
\0
W, 3524, 17, 2012/11/12, 16:12:49.177, 6720545531125, QTAgent32.exe, PERF WARNING: FindTopLevelWindowHelper::FindAllDescendents: took 1350 ms. Expected it to take maximum 500 ms.
W, 3524, 17, 2012/11/12, 16:13:07.212, 6720803627637, QTAgent32.exe, Playback - [WARNING] Internal warning: Window Not Found: [VisibleOnly]ControlType='Window' &amp;&amp; Name='Tamxml7' &amp;&amp; ClassName='TMessageForm'
\0
E, 3524, 17, 2012/11/12, 16:13:07.212, 6720803630562, QTAgent32.exe, &lt;a class=failure&gt;Playback - {96} [FAILED] Function ElementFetcher::FindScreenElement failed to locate UI element (Searching: ;[VisibleOnly]ControlType='Window' &amp;&amp; Name='Tamxml7' &amp;&amp; ClassName='TMessageForm') (The object specified was not found.)
\0&lt;/a&gt;
E, 3524, 17, 2012/11/12, 16:13:07.290, 6720804867451, QTAgent32.exe, Playback - [IMAGE] C:\Users\peter.zenin-ad\AppData\Local\Temp\UITestLogs\LastRun\RPFEF61.png
\0
W, 3524, 17, 2012/11/12, 16:13:07.290, 6720804869644, QTAgent32.exe, Playback - [WARNING] Internal warning: Couldn't find descendants that match QueryId
\0
W, 3524, 17, 2012/11/12, 16:13:07.290, 6720804872698, QTAgent32.exe, PERF WARNING: FindTopLevelWindowHelper::FindAllDescendents: took 18112 ms. Expected it to take maximum 500 ms.
W, 3524, 17, 2012/11/12, 16:13:07.805, 6720812212754, QTAgent32.exe, Playback - [WARNING] Internal warning: Smart Match failed
\0
W, 3524, 17, 2012/11/12, 16:13:07.992, 6720814890377, QTAgent32.exe, Playback - [WARNING] Internal warning: Smart Match failed
\0
W, 3524, 17, 2012/11/12, 16:13:08.179, 6720817577213, QTAgent32.exe, Playback - [WARNING] Internal warning: Smart Match failed
\0
W, 3524, 17, 2012/11/12, 16:13:08.366, 6720820258467, QTAgent32.exe, Playback - [WARNING] Internal warning: Smart Match failed
\0
W, 3524, 17, 2012/11/12, 16:13:08.569, 6720823157979, QTAgent32.exe, Playback - [WARNING] Internal warning: Smart Match failed
\0
W, 3524, 17, 2012/11/12, 16:13:08.756, 6720825837820, QTAgent32.exe, Playback - [WARNING] Internal warning: Smart Match failed
\0
W, 3524, 17, 2012/11/12, 16:13:08.943, 6720828510846, QTAgent32.exe, Playback - [WARNING] Internal warning: Smart Match failed
\0
W, 3524, 17, 2012/11/12, 16:13:09.131, 6720831189997, QTAgent32.exe, Playback - [WARNING] Internal warning: Smart Match failed
\0
W, 3524, 17, 2012/11/12, 16:13:09.318, 6720833875097, QTAgent32.exe, Playback - [WARNING] Internal warning: Smart Match failed
\0
W, 3524, 17, 2012/11/12, 16:13:09.505, 6720836566307, QTAgent32.exe, Playback - [WARNING] Internal warning: Smart Match failed
\0
W, 3524, 17, 2012/11/12, 16:13:09.692, 6720839242287, QTAgent32.exe, Playback - [WARNING] Internal warning: Smart Match failed
\0
W, 3524, 17, 2012/11/12, 16:13:09.879, 6720841915611, QTAgent32.exe, Playback - [WARNING] Internal warning: Smart Match failed
\0
W, 3524, 17, 2012/11/12, 16:13:10.067, 6720844610120, QTAgent32.exe, Playback - [WARNING] Internal warning: Smart Match failed
\0
W, 3524, 17, 2012/11/12, 16:13:10.254, 6720847274296, QTAgent32.exe, Playback - [WARNING] Internal warning: Smart Match failed
\0
W, 3524, 17, 2012/11/12, 16:13:10.332, 6720848410015, QTAgent32.exe, Playback - [WARNING] Internal warning: Window Not Found: [VisibleOnly]ControlType='Window' &amp;&amp; Name='Tamxml7' &amp;&amp; ClassName='TMessageForm'
\0
E, 3524, 17, 2012/11/12, 16:13:10.332, 6720848412578, QTAgent32.exe, &lt;a class=failure&gt;Playback - {97} [FAILED] Function ElementFetcher::FindScreenElement failed to locate UI element (Searching: ;[VisibleOnly]ControlType='Window' &amp;&amp; Name='Tamxml7' &amp;&amp; ClassName='TMessageForm') (The object specified was not found.)
\0&lt;/a&gt;
E, 3524, 17, 2012/11/12, 16:13:10.426, 6720849721279, QTAgent32.exe, Playback - [IMAGE] C:\Users\peter.zenin-ad\AppData\Local\Temp\UITestLogs\LastRun\RPFFB92.png
\0
W, 3524, 17, 2012/11/12, 16:13:10.426, 6720849723504, QTAgent32.exe, Playback - [WARNING] Internal warning: Couldn't find descendants that match QueryId
\0
W, 3524, 17, 2012/11/12, 16:13:10.426, 6720849726479, QTAgent32.exe, PERF WARNING: FindTopLevelWindowHelper::FindAllDescendents: took 3132 ms. Expected it to take maximum 500 ms.
E, 3524, 17, 2012/11/12, 16:13:10.426, 6720849728292, QTAgent32.exe, Exception: System.Runtime.InteropServices.COMException
	Message: Error HRESULT E_FAIL has been returned from a call to a COM component.
	Stack Trace:    at Microsoft.VisualStudio.TestTools.UITest.Playback.Engine.IRPFPlayback.FindAllScreenElements(IScreenElement pScreenElementStart, String bstrQueryId, Object&amp; pvarResKeys, Int32 cResKeys, Int32 nMaxDepth, Object[]&amp; foundDescendants)
   at Microsoft.VisualStudio.TestTools.UITest.Playback.ScreenElement.FindTopLevelWindowHelper(String queryId)
	BaseExceptionMessage: Error HRESULT E_FAIL has been returned from a call to a COM component.

E, 3524, 17, 2012/11/12, 16:13:10.426, 6720849732186, QTAgent32.exe, GetClassName for handle 5834472 failed
E, 3524, 17, 2012/11/12, 16:13:10.426, 6720849741697, QTAgent32.exe, Window 5834472 not responding. Last Win32 error 1400
E, 3524, 17, 2012/11/12, 16:13:10.426, 6720849742897, QTAgent32.exe, GetClassName for handle 5834472 failed
E, 3524, 17, 2012/11/12, 16:13:10.426, 6720849743930, QTAgent32.exe, GetClassName for handle 5834472 failed
E, 3524, 17, 2012/11/12, 16:13:10.426, 6720849749263, QTAgent32.exe, GetClassName for handle 6162314 failed
E, 3524, 17, 2012/11/12, 16:13:10.426, 6720849756304, QTAgent32.exe, Exception: System.Runtime.InteropServices.COMException
	Message: Error HRESULT E_FAIL has been returned from a call to a COM component.
	Stack Trace:    at Accessibility.IAccessible.get_accState(Object varChild)
   at Microsoft.VisualStudio.TestTools.UITest.Extension.Msaa.AccWrapper.get_State()
	BaseExceptionMessage: Error HRESULT E_FAIL has been returned from a call to a COM component.

E, 3524, 17, 2012/11/12, 16:13:10.426, 6720849760738, QTAgent32.exe, Exception: System.Runtime.InteropServices.COMException
	Message: Error HRESULT E_FAIL has been returned from a call to a COM component.
	Stack Trace:    at Accessibility.IAccessible.get_accState(Object varChild)
   at Microsoft.VisualStudio.TestTools.UITest.Extension.Msaa.AccWrapper.get_State()
	BaseExceptionMessage: Error HRESULT E_FAIL has been returned from a call to a COM component.

E, 3524, 17, 2012/11/12, 16:13:10.426, 6720849765030, QTAgent32.exe, Exception: System.Runtime.InteropServices.COMException
	Message: Error HRESULT E_FAIL has been returned from a call to a COM component.
	Stack Trace:    at Accessibility.IAccessible.get_accState(Object varChild)
   at Microsoft.VisualStudio.TestTools.UITest.Extension.Msaa.AccWrapper.get_State()
	BaseExceptionMessage: Error HRESULT E_FAIL has been returned from a call to a COM component.

E, 3524, 17, 2012/11/12, 16:13:10.426, 6720849769322, QTAgent32.exe, Exception: System.Runtime.InteropServices.COMException
	Message: Error HRESULT E_FAIL has been returned from a call to a COM component.
	Stack Trace:    at Accessibility.IAccessible.get_accState(Object varChild)
   at Microsoft.VisualStudio.TestTools.UITest.Extension.Msaa.AccWrapper.get_State()
	BaseExceptionMessage: Error HRESULT E_FAIL has been returned from a call to a COM component.

E, 3524, 17, 2012/11/12, 16:13:10.426, 6720849773634, QTAgent32.exe, Exception: System.Runtime.InteropServices.COMException
	Message: Error HRESULT E_FAIL has been returned from a call to a COM component.
	Stack Trace:    at Accessibility.IAccessible.get_accState(Object varChild)
   at Microsoft.VisualStudio.TestTools.UITest.Extension.Msaa.AccWrapper.get_State()
	BaseExceptionMessage: Error HRESULT E_FAIL has been returned from a call to a COM component.

E, 3524, 17, 2012/11/12, 16:13:10.426, 6720849777955, QTAgent32.exe, Exception: System.Runtime.InteropServices.COMException
	Message: Error HRESULT E_FAIL has been returned from a call to a COM component.
	Stack Trace:    at Accessibility.IAccessible.get_accState(Object varChild)
   at Microsoft.VisualStudio.TestTools.UITest.Extension.Msaa.AccWrapper.get_State()
	BaseExceptionMessage: Error HRESULT E_FAIL has been returned from a call to a COM component.

E, 3524, 17, 2012/11/12, 16:13:10.426, 6720849782266, QTAgent32.exe, Exception: System.Runtime.InteropServices.COMException
	Message: Error HRESULT E_FAIL has been returned from a call to a COM component.
	Stack Trace:    at Accessibility.IAccessible.get_accState(Object varChild)
   at Microsoft.VisualStudio.TestTools.UITest.Extension.Msaa.AccWrapper.get_State()
	BaseExceptionMessage: Error HRESULT E_FAIL has been returned from a call to a COM component.

W, 3524, 17, 2012/11/12, 16:13:10.628, 6720852631089, QTAgent32.exe, PERF WARNING: MSAA.UpdateQueryIDForNamelessControls: took 201 ms. Expected it to take maximum 200 ms.
W, 3524, 17, 2012/11/12, 16:13:10.628, 6720852635203, QTAgent32.exe, Msaa.Navigate: Exception [Error HRESULT E_FAIL has been returned from a call to a COM component.] while calling accNavigate.
E, 3524, 17, 2012/11/12, 16:13:10.628, 6720852636540, QTAgent32.exe, GetClassName for handle 6162314 failed
E, 3524, 17, 2012/11/12, 16:13:10.628, 6720852645982, QTAgent32.exe, GetClassName for handle 6162314 failed
E, 3524, 17, 2012/11/12, 16:13:10.628, 6720852648084, QTAgent32.exe, Window 6162314 not responding. Last Win32 error 1400
E, 3524, 17, 2012/11/12, 16:13:10.628, 6720852649065, QTAgent32.exe, GetClassName for handle 5834472 failed
E, 3524, 17, 2012/11/12, 16:13:10.628, 6720852650225, QTAgent32.exe, GetClassName for handle 6162314 failed
E, 3524, 17, 2012/11/12, 16:13:10.628, 6720852651044, QTAgent32.exe, GetClassName for handle 6162314 failed
E, 3524, 17, 2012/11/12, 16:13:10.738, 6720854094660, QTAgent32.exe, AL: Playback Error: Microsoft.VisualStudio.TestTools.UITest.Extension.UITestControlNotAvailableException: The control is not available or not valid. Additional Details: 
TechnologyName:  'MSAA'
ControlType:  'Button'
 ---&gt; Microsoft.VisualStudio.TestTools.UITest.Extension.UITestControlNotAvailableException: The control is not available or not valid. Additional Details: 
TechnologyName:  'MSAA'
ControlType:  'Window'
 ---&gt; System.Runtime.InteropServices.COMException: Error HRESULT E_FAIL has been returned from a call to a COM component.
   at Microsoft.VisualStudio.TestTools.UITest.Playback.Engine.IRPFPlayback.FindAllScreenElements(IScreenElement pScreenElementStart, String bstrQueryId, Object&amp; pvarResKeys, Int32 cResKeys, Int32 nMaxDepth, Object[]&amp; foundDescendants)
   at Microsoft.VisualStudio.TestTools.UITest.Playback.ScreenElement.FindTopLevelWindowHelper(String queryId)
   at Microsoft.VisualStudio.TestTools.UITest.Playback.ScreenElement.FindFromPartialQueryId(String queryId)
   at Microsoft.VisualStudio.TestTools.UITesting.UITestControl.EnsureValid(Boolean waitForReady, Boolean refetch)
   --- End of inner exception stack trace ---
   at Microsoft.VisualStudio.TestTools.UITesting.UITestControl.EnsureValid(Boolean waitForReady, Boolean refetch)
   at Microsoft.VisualStudio.TestTools.UITesting.UITestControl.FindFirstDescendant(String queryId, Int32 maxDepth, Int32&amp; timeLeft)
   at Microsoft.VisualStudio.TestTools.UITesting.UITestControl.FindFirstDescendant(String queryId)
   at Microsoft.VisualStudio.TestTools.UITesting.UITestControl.EnsureValid(Boolean waitForReady, Boolean refetch)
   --- End of inner exception stack trace ---
   at Microsoft.VisualStudio.TestTools.UITesting.UITestControl.EnsureValid(Boolean waitForReady, Boolean refetch)
   at Microsoft.VisualStudio.TestTools.UITesting.UITestControl.Click(MouseButtons button, ModifierKeys modifierKeys, Point relativeCoordinates)
   at Microsoft.VisualStudio.TestTools.UITesting.Mouse.ClickImplementation(UITestControl control, MouseButtons button, ModifierKeys modifierKeys, Point relativeCoordinate)
   at Microsoft.VisualStudio.TestTools.UITesting.Mouse.ClickImplementationWrapper(UITestControl control, MouseButtons button, ModifierKeys modifierKeys, Point relativeCoordinate)
W, 3524, 17, 2012/11/12, 16:13:10.738, 6720854096562, QTAgent32.exe, PlaybackErrorHandler: Ignoring exception as ContinueOnError is set.
W, 3524, 17, 2012/11/12, 16:13:11.096, 6720859433674, QTAgent32.exe, &lt;a class=success&gt;Playback - {98} [SUCCESS] MouseButtonClick - "[MSAA, VisibleOnly]ControlType='Button' &amp;&amp; Name='Cancel'"
\0&lt;/a&gt;
W, 3524, 17, 2012/11/12, 16:13:11.627, 6720866915611, QTAgent32.exe, &lt;a class=success&gt;Playback - {99} [SUCCESS] MouseButtonClick - "[MSAA, VisibleOnly]ControlType='Button'"
\0&lt;/a&gt;
W, 3524, 17, 2012/11/12, 16:13:12.188, 6720874988145, QTAgent32.exe, &lt;a class=success&gt;Playback - {100} [SUCCESS] MouseButtonClick - "[MSAA, VisibleOnly]ControlType='Button' &amp;&amp; Name='Detail'"
\0&lt;/a&gt;
W, 3524, 17, 2012/11/12, 16:13:12.625, 6720881121364, QTAgent32.exe, &lt;a class=success&gt;Playback - {101} [SUCCESS] MouseButtonClick - "[MSAA, VisibleOnly]ControlType='Edit'"
\0&lt;/a&gt;
E, 3524, 17, 2012/11/12, 16:13:12.781, 6720883556694, QTAgent32.exe, IEDOM : Could not get valid window handle of Internet Explorer_server
W, 3524, 17, 2012/11/12, 16:13:12.781, 6720883557988, QTAgent32.exe, IEDOM : Unable to get the document Window Handle
E, 3524, 17, 2012/11/12, 16:13:14.794, 6720912237889, QTAgent32.exe, IEDOM : Could not get valid window handle of Internet Explorer_server
W, 3524, 17, 2012/11/12, 16:13:14.794, 6720912239499, QTAgent32.exe, IEDOM : Unable to get the document Window Handle
W, 3524, 17, 2012/11/12, 16:13:15.231, 6720918423064, QTAgent32.exe, &lt;a class=success&gt;Playback - {102} [SUCCESS] MouseButtonClick - "[MSAA, VisibleOnly]ControlType='Edit' &amp;&amp; Name='User name'"
\0&lt;/a&gt;
W, 3524, 17, 2012/11/12, 16:13:15.730, 6720925571361, QTAgent32.exe, &lt;a class=success&gt;Playback - {103} [SUCCESS] SendKeys "Bus sys" - "[MSAA, VisibleOnly,Window]ControlType='Window' &amp;&amp; AccessibleName='User name' &amp;&amp; ClassName='Edit'"
\0&lt;/a&gt;
W, 3524, 17, 2012/11/12, 16:13:16.136, 6720931380916, QTAgent32.exe, &lt;a class=success&gt;Playback - {104} [SUCCESS] MouseButtonClick - "[MSAA, VisibleOnly]ControlType='Edit' &amp;&amp; Name='Password'"
\0&lt;/a&gt;
W, 3524, 17, 2012/11/12, 16:13:16.385, 6720935119577, QTAgent32.exe, Playback - [WARNING] Internal warning: Element that has the focus is different from the target element. Expected Element: Name = "Password", ControlTypeName = "Edit", Element In Focus: Name = "Password", ControlTypeName = "Window"&gt;. 
\0
W, 3524, 17, 2012/11/12, 16:13:16.682, 6720939201437, QTAgent32.exe, &lt;a class=success&gt;Playback - {105} [SUCCESS] SendKeys "[*]" - "[MSAA, VisibleOnly]ControlType='Edit' &amp;&amp; Name='Password'"
\0&lt;/a&gt;
W, 3524, 17, 2012/11/12, 16:13:17.181, 6720946441596, QTAgent32.exe, &lt;a class=success&gt;Playback - {106} [SUCCESS] MouseButtonClick - "[MSAA, VisibleOnly]ControlType='Button' &amp;&amp; Name='OK'"
\0&lt;/a&gt;
W, 3524, 17, 2012/11/12, 16:13:18.507, 6720965427395, QTAgent32.exe, &lt;a class=success&gt;Playback - {107} [SUCCESS] MouseButtonClick - "[Web]ControlType='Hyperlink' &amp;&amp; TagName='A' &amp;&amp; Id='' &amp;&amp; Name='' &amp;&amp; Target='' &amp;&amp; InnerText='Renewals Maintenance' &amp;&amp; FilterCondition(AbsolutePath='/sysmaint/content/leftbar.asp', Title='', Href='https://www.insur-econnect.com/sysmaint/content/leftbar.asp#', Class='', ControlDefinition='style="COLOR: white" href="#"', TagInstance='39')"
\0&lt;/a&gt;
W, 3524, 17, 2012/11/12, 16:13:18.803, 6720969639241, QTAgent32.exe, &lt;a class=success&gt;Playback - {108} [SUCCESS] MouseButtonClick - "[Web]ControlType='Hyperlink' &amp;&amp; TagName='A' &amp;&amp; Id='' &amp;&amp; Name='' &amp;&amp; Target='content' &amp;&amp; InnerText='Create a Household Test Renewal Invitation' &amp;&amp; FilterCondition(AbsolutePath='/sysmaint/content/AddHouseholdTestRenewalNotice.asp', Title='', Href='https://www.insur-econnect.com/sysmaint/content/AddHouseholdTestRenewalNotice.asp', Class='itemlink', ControlDefinition='class=itemlink href="AddHouseholdTestRen', TagInstance='2')"
\0&lt;/a&gt;
E, 3524, 17, 2012/11/12, 16:13:20.192, 6720989603711, QTAgent32.exe, Exception: System.NotSupportedException
	Message: Internal Error: This method on IEWebControlElement should not get called.
	Stack Trace:    at Microsoft.VisualStudio.TestTools.UITest.Extension.IE.BrowserOptionElementNode.InvokeProgrammaticAction(ProgrammaticActionOption programmaticActionOption)
	BaseExceptionMessage: Internal Error: This method on IEWebControlElement should not get called.

W, 3524, 17, 2012/11/12, 16:13:20.395, 6720992457480, QTAgent32.exe, &lt;a class=success&gt;Playback - {109} [SUCCESS] SetValueAsComboBox "Covea Insurance plc (formerly MMA)" - "[Web]ControlType='ComboBox' &amp;&amp; TagName='SELECT' &amp;&amp; Id='InsurerID' &amp;&amp; Name='InsurerID' &amp;&amp; FilterCondition(Size='0', LabeledBy='', Title='', ItemCount='54', Class='', ControlDefinition='id=InsurerID onchange=selectInsurer() na', TagInstance='1')"  &lt; SetValueAsComboBox, set by clicking on the item in the list box &gt;
\0&lt;/a&gt;
W, 3524, 17, 2012/11/12, 16:13:21.159, 6721003354976, QTAgent32.exe, &lt;a class=success&gt;Playback - {110} [SUCCESS] SetValueAsEditBox "81588888001148" - "[Web]ControlType='Edit' &amp;&amp; TagName='INPUT' &amp;&amp; Id='' &amp;&amp; Name='txtPolicyNumber' &amp;&amp; LabeledBy='' &amp;&amp; Type='SINGLELINE' &amp;&amp; FilterCondition(Title='', Class='', ControlDefinition='onchange=enableButtons() name=txtPolicyN', TagInstance='1')"  &lt; Set via SendKeys &gt;
\0&lt;/a&gt;
W, 3524, 17, 2012/11/12, 16:13:21.362, 6721006232266, QTAgent32.exe, &lt;a class=success&gt;Playback - {111} [SUCCESS] SendKeys "^{HOME}" - "[Web]ControlType='Edit' &amp;&amp; TagName='INPUT' &amp;&amp; Id='' &amp;&amp; Name='txtRenewalDate' &amp;&amp; LabeledBy='' &amp;&amp; Type='SINGLELINE' &amp;&amp; FilterCondition(Title='', Class='', ControlDefinition='onchange=enableButtons() name=txtRenewal', TagInstance='2')"
\0&lt;/a&gt;
E, 3524, 17, 2012/11/12, 16:13:21.362, 6721006236601, QTAgent32.exe, Msaa.GetFocusedElement: could not find accessible object of foreground window
W, 3524, 17, 2012/11/12, 16:13:21.440, 6721007344142, QTAgent32.exe, &lt;a class=success&gt;Playback - {112} [SUCCESS] SendKeys "^+{END}" - "[Web]ControlType='Edit' &amp;&amp; TagName='INPUT' &amp;&amp; Id='' &amp;&amp; Name='txtRenewalDate' &amp;&amp; LabeledBy='' &amp;&amp; Type='SINGLELINE' &amp;&amp; FilterCondition(Title='', Class='', ControlDefinition='onchange=enableButtons() name=txtRenewal', TagInstance='2')"
\0&lt;/a&gt;
E, 3524, 17, 2012/11/12, 16:13:21.440, 6721007346799, QTAgent32.exe, Msaa.GetFocusedElement: could not find accessible object of foreground window
W, 3524, 17, 2012/11/12, 16:13:21.456, 6721007749384, QTAgent32.exe, &lt;a class=success&gt;Playback - {113} [SUCCESS] SendKeys "{DELETE}" - "[Web]ControlType='Edit' &amp;&amp; TagName='INPUT' &amp;&amp; Id='' &amp;&amp; Name='txtRenewalDate' &amp;&amp; LabeledBy='' &amp;&amp; Type='SINGLELINE' &amp;&amp; FilterCondition(Title='', Class='', ControlDefinition='onchange=enableButtons() name=txtRenewal', TagInstance='2')"
\0&lt;/a&gt;
W, 3524, 17, 2012/11/12, 16:13:21.799, 6721012482963, QTAgent32.exe, &lt;a class=success&gt;Playback - {114} [SUCCESS] SetValueAsEditBox "19/11/2012" - "[Web]ControlType='Edit' &amp;&amp; TagName='INPUT' &amp;&amp; Id='' &amp;&amp; Name='txtRenewalDate' &amp;&amp; LabeledBy='' &amp;&amp; Type='SINGLELINE' &amp;&amp; FilterCondition(Title='', Class='', ControlDefinition='onchange=enableButtons() name=txtRenewal', TagInstance='2')"  &lt; Set via SendKeys &gt;
\0&lt;/a&gt;
W, 3524, 17, 2012/11/12, 16:13:22.002, 6721015386599, QTAgent32.exe, &lt;a class=success&gt;Playback - {115} [SUCCESS] SendKeys "^{HOME}" - "[Web]ControlType='Edit' &amp;&amp; TagName='INPUT' &amp;&amp; Id='' &amp;&amp; Name='txtAutoLapseDate' &amp;&amp; LabeledBy='' &amp;&amp; Type='SINGLELINE' &amp;&amp; FilterCondition(Title='', Class='', ControlDefinition='onchange=enableButtons() name=txtAutoLap', TagInstance='4')"
\0&lt;/a&gt;
E, 3524, 17, 2012/11/12, 16:13:22.002, 6721015389166, QTAgent32.exe, Msaa.GetFocusedElement: could not find accessible object of foreground window
W, 3524, 17, 2012/11/12, 16:13:22.080, 6721016506426, QTAgent32.exe, &lt;a class=success&gt;Playback - {116} [SUCCESS] SendKeys "^+{END}" - "[Web]ControlType='Edit' &amp;&amp; TagName='INPUT' &amp;&amp; Id='' &amp;&amp; Name='txtAutoLapseDate' &amp;&amp; LabeledBy='' &amp;&amp; Type='SINGLELINE' &amp;&amp; FilterCondition(Title='', Class='', ControlDefinition='onchange=enableButtons() name=txtAutoLap', TagInstance='4')"
\0&lt;/a&gt;
E, 3524, 17, 2012/11/12, 16:13:22.080, 6721016509068, QTAgent32.exe, Msaa.GetFocusedElement: could not find accessible object of foreground window
W, 3524, 17, 2012/11/12, 16:13:22.095, 6721016912309, QTAgent32.exe, &lt;a class=success&gt;Playback - {117} [SUCCESS] SendKeys "{DELETE}" - "[Web]ControlType='Edit' &amp;&amp; TagName='INPUT' &amp;&amp; Id='' &amp;&amp; Name='txtAutoLapseDate' &amp;&amp; LabeledBy='' &amp;&amp; Type='SINGLELINE' &amp;&amp; FilterCondition(Title='', Class='', ControlDefinition='onchange=enableButtons() name=txtAutoLap', TagInstance='4')"
\0&lt;/a&gt;
W, 3524, 17, 2012/11/12, 16:13:22.438, 6721021640791, QTAgent32.exe, &lt;a class=success&gt;Playback - {118} [SUCCESS] SetValueAsEditBox "19/11/2012" - "[Web]ControlType='Edit' &amp;&amp; TagName='INPUT' &amp;&amp; Id='' &amp;&amp; Name='txtAutoLapseDate' &amp;&amp; LabeledBy='' &amp;&amp; Type='SINGLELINE' &amp;&amp; FilterCondition(Title='', Class='', ControlDefinition='onchange=enableButtons() name=txtAutoLap', TagInstance='4')"  &lt; Set via SendKeys &gt;
\0&lt;/a&gt;
W, 3524, 17, 2012/11/12, 16:13:22.766, 6721026310034, QTAgent32.exe, &lt;a class=success&gt;Playback - {119} [SUCCESS] MouseButtonClick - "[Web]ControlType='Edit' &amp;&amp; TagName='TEXTAREA' &amp;&amp; Id='' &amp;&amp; Name='txtClientXml' &amp;&amp; LabeledBy='' &amp;&amp; FilterCondition(Title='', Class='', ControlDefinition='onchange=enableButtons() wrap=off cols=5', TagInstance='1')"
\0&lt;/a&gt;
W, 3524, 17, 2012/11/12, 16:13:23.125, 6721031527325, QTAgent32.exe, &lt;a class=success&gt;Playback - {120} [SUCCESS] MouseButtonClick - "[Web]ControlType='Button' &amp;&amp; TagName='INPUT' &amp;&amp; Id='getXmlButton' &amp;&amp; Name='getXmlButton' &amp;&amp; FilterCondition(DisplayText='Get XML from Server', Type='button', Title='Click to get xml from server', Class='', ControlDefinition='id=getXmlButton title="Click to get xml ', TagInstance='5')"
\0&lt;/a&gt;
W, 3524, 17, 2012/11/12, 16:13:23.780, 6721040880871, QTAgent32.exe, &lt;a class=success&gt;Playback - {121} [SUCCESS] MouseButtonClick - "[Web]ControlType='Button' &amp;&amp; TagName='INPUT' &amp;&amp; Id='buttonCreate' &amp;&amp; Name='buttonCreate' &amp;&amp; FilterCondition(DisplayText='  Create Record  ', Type='button', Title='Click to create the new record', Class='', ControlDefinition='id=buttonCreate title="Click to create t', TagInstance='6')"
\0&lt;/a&gt;
W, 3524, 17, 2012/11/12, 16:13:24.233, 6721047423346, QTAgent32.exe, &lt;a class=success&gt;Playback - {122} [SUCCESS] MouseButtonClick - "[MSAA, VisibleOnly]ControlType='Button' &amp;&amp; Name='OK'"
\0&lt;/a&gt;
W, 3524, 17, 2012/11/12, 16:13:24.716, 6721054308373, QTAgent32.exe, &lt;a class=success&gt;Playback - {123} [SUCCESS] MouseButtonClick - "[MSAA, VisibleOnly]ControlType='Button' &amp;&amp; Name='Close'"
\0&lt;/a&gt;
W, 3524, 17, 2012/11/12, 16:13:24.981, 6721058022817, QTAgent32.exe, &lt;a class=success&gt;Playback - {124} [SUCCESS] SendKeys "^{HOME}" - "[MSAA, VisibleOnly]ControlType='Edit'"
\0&lt;/a&gt;
E, 3524, 17, 2012/11/12, 16:13:24.981, 6721058025227, QTAgent32.exe, Msaa.GetFocusedElement: could not find accessible object of foreground window
W, 3524, 17, 2012/11/12, 16:13:25.059, 6721059138033, QTAgent32.exe, &lt;a class=success&gt;Playback - {125} [SUCCESS] SendKeys "^+{END}" - "[MSAA, VisibleOnly]ControlType='Edit'"
\0&lt;/a&gt;
E, 3524, 17, 2012/11/12, 16:13:25.059, 6721059140218, QTAgent32.exe, Msaa.GetFocusedElement: could not find accessible object of foreground window
W, 3524, 17, 2012/11/12, 16:13:25.075, 6721059365538, QTAgent32.exe, &lt;a class=success&gt;Playback - {126} [SUCCESS] SendKeys "{DELETE}" - "[MSAA, VisibleOnly]ControlType='Edit'"
\0&lt;/a&gt;
W, 3524, 17, 2012/11/12, 16:13:25.434, 6721064503989, QTAgent32.exe, &lt;a class=success&gt;Playback - {127} [SUCCESS] SetValueAsEditBox "19/11/2011" - "[MSAA, VisibleOnly]ControlType='Edit'"  &lt; Set via SendKeys &gt;
\0&lt;/a&gt;
W, 3524, 17, 2012/11/12, 16:13:25.964, 6721072100575, QTAgent32.exe, &lt;a class=success&gt;Playback - {128} [SUCCESS] MouseButtonClick - "[MSAA, VisibleOnly]ControlType='Button' &amp;&amp; Name='OK'"
\0&lt;/a&gt;
W, 3524, 17, 2012/11/12, 16:13:26.510, 6721079933364, QTAgent32.exe, &lt;a class=success&gt;Playback - {129} [SUCCESS] MouseButtonClick - "[MSAA, VisibleOnly]ControlType='Client'"
\0&lt;/a&gt;
W, 3524, 17, 2012/11/12, 16:13:27.415, 6721092869652, QTAgent32.exe, &lt;a class=success&gt;Playback - {130} [SUCCESS] SetValueAsEditBox "AUTO161" - "[MSAA, VisibleOnly]ControlType='Edit'"  &lt; Set via SendKeys &gt;
\0&lt;/a&gt;
W, 3524, 17, 2012/11/12, 16:13:27.743, 6721097560195, QTAgent32.exe, &lt;a class=success&gt;Playback - {131} [SUCCESS] SetValueAsEditBox "-1001" - "[MSAA, VisibleOnly]ControlType='Edit'"  &lt; Set via SendKeys &gt;
\0&lt;/a&gt;
W, 3524, 17, 2012/11/12, 16:13:28.258, 6721105116835, QTAgent32.exe, Playback - [WARNING] Internal warning: Incorrect flag set for InvokeProgrammaticAction\0
W, 3524, 17, 2012/11/12, 16:13:28.585, 6721109636931, QTAgent32.exe, &lt;a class=success&gt;Playback - {132} [SUCCESS] SetValueAsComboBox "Household" - "[MSAA, VisibleOnly]ControlType='ComboBox'"  &lt; SetValueAsComboBox, set by clicking on the item in the list box &gt;
\0&lt;/a&gt;
W, 3524, 17, 2012/11/12, 16:13:28.788, 6721112522105, QTAgent32.exe, &lt;a class=success&gt;Playback - {133} [SUCCESS] SendKeys "^{HOME}" - "[MSAA, VisibleOnly]ControlType='Edit'"
\0&lt;/a&gt;
E, 3524, 17, 2012/11/12, 16:13:28.788, 6721112524581, QTAgent32.exe, Msaa.GetFocusedElement: could not find accessible object of foreground window
W, 3524, 17, 2012/11/12, 16:13:28.882, 6721113861902, QTAgent32.exe, &lt;a class=success&gt;Playback - {134} [SUCCESS] SendKeys "^+{END}" - "[MSAA, VisibleOnly]ControlType='Edit'"
\0&lt;/a&gt;
E, 3524, 17, 2012/11/12, 16:13:28.882, 6721113864780, QTAgent32.exe, Msaa.GetFocusedElement: could not find accessible object of foreground window
W, 3524, 17, 2012/11/12, 16:13:28.897, 6721114086348, QTAgent32.exe, &lt;a class=success&gt;Playback - {135} [SUCCESS] SendKeys "{DELETE}" - "[MSAA, VisibleOnly]ControlType='Edit'"
\0&lt;/a&gt;
W, 3524, 17, 2012/11/12, 16:13:29.225, 6721118782449, QTAgent32.exe, &lt;a class=success&gt;Playback - {136} [SUCCESS] SetValueAsEditBox "19/11/2011" - "[MSAA, VisibleOnly]ControlType='Edit'"  &lt; Set via SendKeys &gt;
\0&lt;/a&gt;
W, 3524, 17, 2012/11/12, 16:13:29.849, 6721127742295, QTAgent32.exe, &lt;a class=success&gt;Playback - {137} [SUCCESS] MouseButtonClick - "[MSAA, VisibleOnly]ControlType='Button' &amp;&amp; Name='Regress'"
\0&lt;/a&gt;
W, 3524, 17, 2012/11/12, 16:13:32.267, 6721162334346, QTAgent32.exe, &lt;a class=success&gt;Playback - {138} [SUCCESS] MouseButtonClick - "[MSAA, VisibleOnly]ControlType='Button' &amp;&amp; Name='Exit'"
\0&lt;/a&gt;
W, 3524, 17, 2012/11/12, 16:13:32.735, 6721169071860, QTAgent32.exe, &lt;a class=success&gt;Playback - {139} [SUCCESS] MouseButtonClick - "[MSAA, VisibleOnly]ControlType='Button'"
\0&lt;/a&gt;
W, 3524, 17, 2012/11/12, 16:13:33.172, 6721175352397, QTAgent32.exe, &lt;a class=success&gt;Playback - {140} [SUCCESS] MouseButtonClick - "[MSAA, VisibleOnly]ControlType='Button' &amp;&amp; Name='Options'"
\0&lt;/a&gt;
W, 3524, 17, 2012/11/12, 16:13:33.281, 6721176856870, QTAgent32.exe, FindScreenElementInSinglePass : Attempting to find control in one pass of search. Failures can occur.
W, 3524, 17, 2012/11/12, 16:13:33.469, 6721179531004, QTAgent32.exe, &lt;a class=success&gt;Playback - {141} [SUCCESS] MouseButtonClick - "[MSAA]ControlType='MenuItem' &amp;&amp; Name='Links'"
\0&lt;/a&gt;
W, 3524, 17, 2012/11/12, 16:13:33.578, 6721181100870, QTAgent32.exe, FindScreenElementInSinglePass : Attempting to find control in one pass of search. Failures can occur.
W, 3524, 17, 2012/11/12, 16:13:33.749, 6721183550820, QTAgent32.exe, &lt;a class=success&gt;Playback - {142} [SUCCESS] MouseButtonClick - "[MSAA]ControlType='MenuItem' &amp;&amp; Name='3rd Party Integration'"
\0&lt;/a&gt;
W, 3524, 17, 2012/11/12, 16:13:33.859, 6721185120536, QTAgent32.exe, FindScreenElementInSinglePass : Attempting to find control in one pass of search. Failures can occur.
W, 3524, 17, 2012/11/12, 16:13:34.046, 6721187825375, QTAgent32.exe, &lt;a class=success&gt;Playback - {143} [SUCCESS] MouseButtonClick - "[MSAA]ControlType='MenuItem' &amp;&amp; Name='Renewals Loader'"
\0&lt;/a&gt;
W, 3524, 17, 2012/11/12, 16:13:34.701, 6721197180374, QTAgent32.exe, &lt;a class=success&gt;Playback - {144} [SUCCESS] MouseButtonClick - "[MSAA, VisibleOnly]ControlType='TitleBar'"
\0&lt;/a&gt;
W, 3524, 17, 2012/11/12, 16:13:34.904, 6721200080359, QTAgent32.exe, &lt;a class=success&gt;Playback - {145} [SUCCESS] SendKeys "^{HOME}" - "[MSAA, VisibleOnly]ControlType='Edit'"
\0&lt;/a&gt;
E, 3524, 17, 2012/11/12, 16:13:34.904, 6721200082880, QTAgent32.exe, Msaa.GetFocusedElement: could not find accessible object of foreground window
W, 3524, 17, 2012/11/12, 16:13:34.997, 6721201421137, QTAgent32.exe, &lt;a class=success&gt;Playback - {146} [SUCCESS] SendKeys "^+{END}" - "[MSAA, VisibleOnly]ControlType='Edit'"
\0&lt;/a&gt;
E, 3524, 17, 2012/11/12, 16:13:34.997, 6721201423466, QTAgent32.exe, Msaa.GetFocusedElement: could not find accessible object of foreground window
W, 3524, 17, 2012/11/12, 16:13:35.013, 6721201646844, QTAgent32.exe, &lt;a class=success&gt;Playback - {147} [SUCCESS] SendKeys "{DELETE}" - "[MSAA, VisibleOnly]ControlType='Edit'"
\0&lt;/a&gt;
W, 3524, 17, 2012/11/12, 16:13:35.356, 6721206565786, QTAgent32.exe, &lt;a class=success&gt;Playback - {148} [SUCCESS] SetValueAsEditBox "11/11/2012" - "[MSAA, VisibleOnly]ControlType='Edit'"  &lt; Set via SendKeys &gt;
\0&lt;/a&gt;
W, 3524, 17, 2012/11/12, 16:13:35.918, 6721214628416, QTAgent32.exe, &lt;a class=success&gt;Playback - {149} [SUCCESS] MouseButtonClick - "[MSAA, VisibleOnly]ControlType='Button' &amp;&amp; Name='Run'"
\0&lt;/a&gt;
W, 3524, 17, 2012/11/12, 16:13:36.823, 6721227560725, QTAgent32.exe, PERF WARNING: FindTopLevelWindowHelper::FindAllDescendents: took 795 ms. Expected it to take maximum 500 ms.
W, 3524, 17, 2012/11/12, 16:13:37.416, 6721236082649, QTAgent32.exe, &lt;a class=success&gt;Playback - {150} [SUCCESS] MouseButtonClick - "[MSAA, VisibleOnly]ControlType='Button' &amp;&amp; Name='Close'"
\0&lt;/a&gt;
W, 3524, 17, 2012/11/12, 16:13:37.852, 6721242300020, QTAgent32.exe, &lt;a class=success&gt;Playback - {151} [SUCCESS] MouseButtonClick - "[MSAA, VisibleOnly]ControlType='TitleBar'"
\0&lt;/a&gt;
W, 3524, 17, 2012/11/12, 16:13:38.242, 6721247911744, QTAgent32.exe, &lt;a class=success&gt;Playback - {152} [SUCCESS] MouseButtonClick - "[MSAA, VisibleOnly]ControlType='Button' &amp;&amp; Name='Close'"
\0&lt;/a&gt;
W, 3524, 17, 2012/11/12, 16:13:38.617, 6721253300718, QTAgent32.exe, &lt;a class=success&gt;Playback - {153} [SUCCESS] MouseButtonClick - "[MSAA, VisibleOnly]ControlType='Button' &amp;&amp; Name='Options'"
\0&lt;/a&gt;
W, 3524, 17, 2012/11/12, 16:13:38.726, 6721254811205, QTAgent32.exe, FindScreenElementInSinglePass : Attempting to find control in one pass of search. Failures can occur.
W, 3524, 17, 2012/11/12, 16:13:38.929, 6721257709304, QTAgent32.exe, &lt;a class=success&gt;Playback - {154} [SUCCESS] MouseButtonClick - "[MSAA]ControlType='MenuItem' &amp;&amp; Name='Links'"
\0&lt;/a&gt;
W, 3524, 17, 2012/11/12, 16:13:39.038, 6721259278149, QTAgent32.exe, FindScreenElementInSinglePass : Attempting to find control in one pass of search. Failures can occur.
W, 3524, 17, 2012/11/12, 16:13:39.257, 6721262404277, QTAgent32.exe, &lt;a class=success&gt;Playback - {155} [SUCCESS] MouseButtonClick - "[MSAA]ControlType='MenuItem' &amp;&amp; Name='3rd Party Integration'"
\0&lt;/a&gt;
W, 3524, 17, 2012/11/12, 16:13:39.366, 6721263972643, QTAgent32.exe, FindScreenElementInSinglePass : Attempting to find control in one pass of search. Failures can occur.
W, 3524, 17, 2012/11/12, 16:13:39.553, 6721266674200, QTAgent32.exe, &lt;a class=success&gt;Playback - {156} [SUCCESS] MouseButtonClick - "[MSAA]ControlType='MenuItem' &amp;&amp; Name='Renewals Module'"
\0&lt;/a&gt;
W, 3524, 17, 2012/11/12, 16:13:39.959, 6721272452565, QTAgent32.exe, &lt;a class=success&gt;Playback - {157} [SUCCESS] SetValueAsEditBox "1" - "[MSAA, VisibleOnly]ControlType='Edit'"  &lt; Set via SendKeys &gt;
\0&lt;/a&gt;
W, 3524, 17, 2012/11/12, 16:13:40.614, 6721281866290, QTAgent32.exe, &lt;a class=success&gt;Playback - {158} [SUCCESS] MouseButtonClick - "[MSAA, VisibleOnly]ControlType='Button' &amp;&amp; Name='Ok'"
\0&lt;/a&gt;
W, 3524, 17, 2012/11/12, 16:13:41.004, 6721287431543, QTAgent32.exe, Playback - [WARNING] Internal warning: Window Not Found: [VisibleOnly]ControlType='Window' &amp;&amp; Name='insur-E.tam' &amp;&amp; ClassName='#32770'
\0
E, 3524, 17, 2012/11/12, 16:13:41.004, 6721287434256, QTAgent32.exe, &lt;a class=failure&gt;Playback - {159} [FAILED] Function ElementFetcher::FindScreenElement failed to locate UI element (Searching: ;[VisibleOnly]ControlType='Window' &amp;&amp; Name='insur-E.tam' &amp;&amp; ClassName='#32770') (The object specified was not found.)
\0&lt;/a&gt;
E, 3524, 17, 2012/11/12, 16:13:41.082, 6721288727294, QTAgent32.exe, Playback - [IMAGE] C:\Users\peter.zenin-ad\AppData\Local\Temp\UITestLogs\LastRun\RPF7361.png
\0
W, 3524, 17, 2012/11/12, 16:13:41.082, 6721288729431, QTAgent32.exe, Playback - [WARNING] Internal warning: Couldn't find descendants that match QueryId
\0
W, 3524, 17, 2012/11/12, 16:13:59.179, 6721547662045, QTAgent32.exe, Playback - [WARNING] Internal warning: Window Not Found: [VisibleOnly]ControlType='Window' &amp;&amp; Name='insur-E.tam' &amp;&amp; ClassName='#32770'
\0
E, 3524, 17, 2012/11/12, 16:13:59.179, 6721547664909, QTAgent32.exe, &lt;a class=failure&gt;Playback - {160} [FAILED] Function ElementFetcher::FindScreenElement failed to locate UI element (Searching: ;[VisibleOnly]ControlType='Window' &amp;&amp; Name='insur-E.tam' &amp;&amp; ClassName='#32770') (The object specified was not found.)
\0&lt;/a&gt;
E, 3524, 17, 2012/11/12, 16:13:59.257, 6721548958256, QTAgent32.exe, Playback - [IMAGE] C:\Users\peter.zenin-ad\AppData\Local\Temp\UITestLogs\LastRun\RPFBA60.png
\0
W, 3524, 17, 2012/11/12, 16:13:59.257, 6721548960453, QTAgent32.exe, Playback - [WARNING] Internal warning: Couldn't find descendants that match QueryId
\0
W, 3524, 17, 2012/11/12, 16:13:59.257, 6721548963497, QTAgent32.exe, PERF WARNING: FindTopLevelWindowHelper::FindAllDescendents: took 18174 ms. Expected it to take maximum 500 ms.
W, 3524, 17, 2012/11/12, 16:13:59.913, 6721558275786, QTAgent32.exe, Playback - [WARNING] Internal warning: Smart Match failed
\0
W, 3524, 17, 2012/11/12, 16:14:00.100, 6721560934138, QTAgent32.exe, Playback - [WARNING] Internal warning: Smart Match failed
\0
W, 3524, 17, 2012/11/12, 16:14:00.303, 6721563835228, QTAgent32.exe, Playback - [WARNING] Internal warning: Smart Match failed
\0
W, 3524, 17, 2012/11/12, 16:14:00.490, 6721566515401, QTAgent32.exe, Playback - [WARNING] Internal warning: Smart Match failed
\0
W, 3524, 17, 2012/11/12, 16:14:00.693, 6721569434817, QTAgent32.exe, Playback - [WARNING] Internal warning: Smart Match failed
\0
W, 3524, 17, 2012/11/12, 16:14:00.973, 6721573433615, QTAgent32.exe, Playback - [WARNING] Internal warning: Smart Match failed
\0
W, 3524, 17, 2012/11/12, 16:14:01.176, 6721576344492, QTAgent32.exe, Playback - [WARNING] Internal warning: Smart Match failed
\0
W, 3524, 17, 2012/11/12, 16:14:01.363, 6721579023250, QTAgent32.exe, Playback - [WARNING] Internal warning: Smart Match failed
\0
W, 3524, 17, 2012/11/12, 16:14:01.551, 6721581702891, QTAgent32.exe, Playback - [WARNING] Internal warning: Smart Match failed
\0
W, 3524, 17, 2012/11/12, 16:14:01.738, 6721584391905, QTAgent32.exe, Playback - [WARNING] Internal warning: Smart Match failed
\0
W, 3524, 17, 2012/11/12, 16:14:01.925, 6721587074039, QTAgent32.exe, Playback - [WARNING] Internal warning: Smart Match failed
\0
W, 3524, 17, 2012/11/12, 16:14:02.284, 6721592212316, QTAgent32.exe, Playback - [WARNING] Internal warning: Smart Match failed
\0
W, 3524, 17, 2012/11/12, 16:14:02.362, 6721593411383, QTAgent32.exe, Playback - [WARNING] Internal warning: Window Not Found: [VisibleOnly]ControlType='Window' &amp;&amp; Name='insur-E.tam' &amp;&amp; ClassName='#32770'
\0
E, 3524, 17, 2012/11/12, 16:14:02.362, 6721593413915, QTAgent32.exe, &lt;a class=failure&gt;Playback - {161} [FAILED] Function ElementFetcher::FindScreenElement failed to locate UI element (Searching: ;[VisibleOnly]ControlType='Window' &amp;&amp; Name='insur-E.tam' &amp;&amp; ClassName='#32770') (The object specified was not found.)
\0&lt;/a&gt;
E, 3524, 17, 2012/11/12, 16:14:02.456, 6721594709227, QTAgent32.exe, Playback - [IMAGE] C:\Users\peter.zenin-ad\AppData\Local\Temp\UITestLogs\LastRun\RPFC6CF.png
\0
W, 3524, 17, 2012/11/12, 16:14:02.456, 6721594711425, QTAgent32.exe, Playback - [WARNING] Internal warning: Couldn't find descendants that match QueryId
\0
W, 3524, 17, 2012/11/12, 16:14:02.456, 6721594714450, QTAgent32.exe, PERF WARNING: FindTopLevelWindowHelper::FindAllDescendents: took 3195 ms. Expected it to take maximum 500 ms.
E, 3524, 17, 2012/11/12, 16:14:02.456, 6721594716462, QTAgent32.exe, Exception: System.Runtime.InteropServices.COMException
	Message: Error HRESULT E_FAIL has been returned from a call to a COM component.
	Stack Trace:    at Microsoft.VisualStudio.TestTools.UITest.Playback.Engine.IRPFPlayback.FindAllScreenElements(IScreenElement pScreenElementStart, String bstrQueryId, Object&amp; pvarResKeys, Int32 cResKeys, Int32 nMaxDepth, Object[]&amp; foundDescendants)
   at Microsoft.VisualStudio.TestTools.UITest.Playback.ScreenElement.FindTopLevelWindowHelper(String queryId)
	BaseExceptionMessage: Error HRESULT E_FAIL has been returned from a call to a COM component.

E, 3524, 17, 2012/11/12, 16:14:02.456, 6721594721117, QTAgent32.exe, Window 3671628 not responding. Last Win32 error 0
E, 3524, 17, 2012/11/12, 16:14:02.456, 6721594725045, QTAgent32.exe, Window 3671628 not responding. Last Win32 error 1400
E, 3524, 17, 2012/11/12, 16:14:02.456, 6721594729799, QTAgent32.exe, Window 3671628 not responding. Last Win32 error 1400
E, 3524, 17, 2012/11/12, 16:14:02.456, 6721594731095, QTAgent32.exe, GetClassName for handle 3671628 failed
E, 3524, 17, 2012/11/12, 16:14:02.456, 6721594731923, QTAgent32.exe, GetClassName for handle 3671628 failed
E, 3524, 17, 2012/11/12, 16:14:02.565, 6721596110900, QTAgent32.exe, AL: Playback Error: Microsoft.VisualStudio.TestTools.UITest.Extension.UITestControlNotFoundException: The playback failed to find the control with the given search properties. Additional Details: 
TechnologyName:  'MSAA'
ControlType:  'Window'
 ---&gt; System.Runtime.InteropServices.COMException: Error HRESULT E_FAIL has been returned from a call to a COM component.
   at Microsoft.VisualStudio.TestTools.UITest.Playback.Engine.IRPFPlayback.FindAllScreenElements(IScreenElement pScreenElementStart, String bstrQueryId, Object&amp; pvarResKeys, Int32 cResKeys, Int32 nMaxDepth, Object[]&amp; foundDescendants)
   at Microsoft.VisualStudio.TestTools.UITest.Playback.ScreenElement.FindTopLevelWindowHelper(String queryId)
   at Microsoft.VisualStudio.TestTools.UITest.Playback.ScreenElement.FindFromPartialQueryId(String queryId)
   at Microsoft.VisualStudio.TestTools.UITesting.UITestControl..ctor(String queryId)
   --- End of inner exception stack trace ---
   at Microsoft.VisualStudio.TestTools.UITesting.Playback.MapControlNotFoundException(COMException ex, IPlaybackContext context)
   at Microsoft.VisualStudio.TestTools.UITesting.Playback.MapAndThrowComException(COMException innerException, IPlaybackContext context)
   at Microsoft.VisualStudio.TestTools.UITesting.Playback.MapAndThrowException(SystemException exception, IPlaybackContext context)
   at Microsoft.VisualStudio.TestTools.UITesting.Playback.MapAndThrowException(SystemException exception, String queryId)
   at Microsoft.VisualStudio.TestTools.UITesting.UITestControl..ctor(String queryId)
   at Microsoft.VisualStudio.TestTools.UITesting.SearchHelper.SearchTopLevelWindow(ISearchArgument topLevelSearchArg, String topLevelElementQueryId)
   at Microsoft.VisualStudio.TestTools.UITesting.SearchHelper.GetTitleUpdatedTopLevelWindow(ISearchArgument topLevelSearchArg, String queryId, IList`1 windowTitles)
   at Microsoft.VisualStudio.TestTools.UITesting.SearchHelper.GetTopLevelElement(Boolean useCache, Boolean useCacheOnly, ISearchArgument searchArg, IList`1 windowTitles, Int32&amp; timeLeft)
   at Microsoft.VisualStudio.TestTools.UITesting.SearchHelper.GetElement(Boolean useCache, ISearchArgument searchArg)
   at Microsoft.VisualStudio.TestTools.UITesting.SearchHelper.Search(ISearchArgument searchArg)
   at Microsoft.VisualStudio.TestTools.UITesting.UITestControl.FindInternal()
   at Microsoft.VisualStudio.TestTools.UITesting.UITestControl.FindControlIfNecessary()
   at Microsoft.VisualStudio.TestTools.UITesting.UITestControl.Click(MouseButtons button, ModifierKeys modifierKeys, Point relativeCoordinates)
   at Microsoft.VisualStudio.TestTools.UITesting.Mouse.ClickImplementation(UITestControl control, MouseButtons button, ModifierKeys modifierKeys, Point relativeCoordinate)
   at Microsoft.VisualStudio.TestTools.UITesting.Mouse.ClickImplementationWrapper(UITestControl control, MouseButtons button, ModifierKeys modifierKeys, Point relativeCoordinate)
W, 3524, 17, 2012/11/12, 16:14:02.565, 6721596113516, QTAgent32.exe, PlaybackErrorHandler: Ignoring exception as ContinueOnError is set.
W, 3524, 17, 2012/11/12, 16:14:02.846, 6721600170658, QTAgent32.exe, Playback - [WARNING] Internal warning: Window Not Found: [VisibleOnly]ControlType='Window' &amp;&amp; Name='Policies Auto-Renewed &amp; Auto-Lapsed' &amp;&amp; ClassName='ThunderRT6FormDC'
\0
E, 3524, 17, 2012/11/12, 16:14:02.846, 6721600173558, QTAgent32.exe, &lt;a class=failure&gt;Playback - {162} [FAILED] Function ElementFetcher::FindScreenElement failed to locate UI element (Searching: ;[VisibleOnly]ControlType='Window' &amp;&amp; Name='Policies Auto-Renewed &amp; Auto-Lapsed' &amp;&amp; ClassName='ThunderRT6FormDC') (The object specified was not found.)
\0&lt;/a&gt;
E, 3524, 17, 2012/11/12, 16:14:02.939, 6721601475835, QTAgent32.exe, Playback - [IMAGE] C:\Users\peter.zenin-ad\AppData\Local\Temp\UITestLogs\LastRun\RPFC8B4.png
\0
W, 3524, 17, 2012/11/12, 16:14:02.939, 6721601478122, QTAgent32.exe, Playback - [WARNING] Internal warning: Couldn't find descendants that match QueryId
\0
W, 3524, 17, 2012/11/12, 16:14:21.021, 6721860387103, QTAgent32.exe, Playback - [WARNING] Internal warning: Window Not Found: [VisibleOnly]ControlType='Window' &amp;&amp; Name='Policies Auto-Renewed &amp; Auto-Lapsed' &amp;&amp; ClassName='ThunderRT6FormDC'
\0
E, 3524, 17, 2012/11/12, 16:14:21.021, 6721860389919, QTAgent32.exe, &lt;a class=failure&gt;Playback - {163} [FAILED] Function ElementFetcher::FindScreenElement failed to locate UI element (Searching: ;[VisibleOnly]ControlType='Window' &amp;&amp; Name='Policies Auto-Renewed &amp; Auto-Lapsed' &amp;&amp; ClassName='ThunderRT6FormDC') (The object specified was not found.)
\0&lt;/a&gt;
E, 3524, 17, 2012/11/12, 16:14:21.115, 6721861687840, QTAgent32.exe, Playback - [IMAGE] C:\Users\peter.zenin-ad\AppData\Local\Temp\UITestLogs\LastRun\RPFFB3.png
\0
W, 3524, 17, 2012/11/12, 16:14:21.115, 6721861690056, QTAgent32.exe, Playback - [WARNING] Internal warning: Couldn't find descendants that match QueryId
\0
W, 3524, 17, 2012/11/12, 16:14:21.115, 6721861692978, QTAgent32.exe, PERF WARNING: FindTopLevelWindowHelper::FindAllDescendents: took 18173 ms. Expected it to take maximum 500 ms.
W, 3524, 17, 2012/11/12, 16:14:21.614, 6721868954802, QTAgent32.exe, Playback - [WARNING] Internal warning: Smart Match failed
\0
W, 3524, 17, 2012/11/12, 16:14:21.801, 6721871627513, QTAgent32.exe, Playback - [WARNING] Internal warning: Smart Match failed
\0
W, 3524, 17, 2012/11/12, 16:14:21.988, 6721874313598, QTAgent32.exe, Playback - [WARNING] Internal warning: Smart Match failed
\0
W, 3524, 17, 2012/11/12, 16:14:22.191, 6721877223628, QTAgent32.exe, Playback - [WARNING] Internal warning: Smart Match failed
\0
W, 3524, 17, 2012/11/12, 16:14:22.394, 6721880116311, QTAgent32.exe, Playback - [WARNING] Internal warning: Smart Match failed
\0
W, 3524, 17, 2012/11/12, 16:14:22.581, 6721882809306, QTAgent32.exe, Playback - [WARNING] Internal warning: Smart Match failed
\0
W, 3524, 17, 2012/11/12, 16:14:22.768, 6721885479801, QTAgent32.exe, Playback - [WARNING] Internal warning: Smart Match failed
\0
W, 3524, 17, 2012/11/12, 16:14:22.971, 6721888389689, QTAgent32.exe, Playback - [WARNING] Internal warning: Smart Match failed
\0
W, 3524, 17, 2012/11/12, 16:14:23.158, 6721891065406, QTAgent32.exe, Playback - [WARNING] Internal warning: Smart Match failed
\0
W, 3524, 17, 2012/11/12, 16:14:23.346, 6721893743427, QTAgent32.exe, Playback - [WARNING] Internal warning: Smart Match failed
\0
W, 3524, 17, 2012/11/12, 16:14:23.533, 6721896423913, QTAgent32.exe, Playback - [WARNING] Internal warning: Smart Match failed
\0
W, 3524, 17, 2012/11/12, 16:14:23.736, 6721899336902, QTAgent32.exe, Playback - [WARNING] Internal warning: Smart Match failed
\0
W, 3524, 17, 2012/11/12, 16:14:23.938, 6721902231557, QTAgent32.exe, Playback - [WARNING] Internal warning: Smart Match failed
\0
W, 3524, 17, 2012/11/12, 16:14:24.141, 6721905135969, QTAgent32.exe, Playback - [WARNING] Internal warning: Smart Match failed
\0
W, 3524, 17, 2012/11/12, 16:14:24.219, 6721906336122, QTAgent32.exe, Playback - [WARNING] Internal warning: Window Not Found: [VisibleOnly]ControlType='Window' &amp;&amp; Name='Policies Auto-Renewed &amp; Auto-Lapsed' &amp;&amp; ClassName='ThunderRT6FormDC'
\0
E, 3524, 17, 2012/11/12, 16:14:24.219, 6721906338658, QTAgent32.exe, &lt;a class=failure&gt;Playback - {164} [FAILED] Function ElementFetcher::FindScreenElement failed to locate UI element (Searching: ;[VisibleOnly]ControlType='Window' &amp;&amp; Name='Policies Auto-Renewed &amp; Auto-Lapsed' &amp;&amp; ClassName='ThunderRT6FormDC') (The object specified was not found.)
\0&lt;/a&gt;
E, 3524, 17, 2012/11/12, 16:14:24.313, 6721907662010, QTAgent32.exe, Playback - [IMAGE] C:\Users\peter.zenin-ad\AppData\Local\Temp\UITestLogs\LastRun\RPF1C32.png
\0
W, 3524, 17, 2012/11/12, 16:14:24.313, 6721907664335, QTAgent32.exe, Playback - [WARNING] Internal warning: Couldn't find descendants that match QueryId
\0
W, 3524, 17, 2012/11/12, 16:14:24.313, 6721907667336, QTAgent32.exe, PERF WARNING: FindTopLevelWindowHelper::FindAllDescendents: took 3210 ms. Expected it to take maximum 500 ms.
E, 3524, 17, 2012/11/12, 16:14:24.313, 6721907669167, QTAgent32.exe, Exception: System.Runtime.InteropServices.COMException
	Message: Error HRESULT E_FAIL has been returned from a call to a COM component.
	Stack Trace:    at Microsoft.VisualStudio.TestTools.UITest.Playback.Engine.IRPFPlayback.FindAllScreenElements(IScreenElement pScreenElementStart, String bstrQueryId, Object&amp; pvarResKeys, Int32 cResKeys, Int32 nMaxDepth, Object[]&amp; foundDescendants)
   at Microsoft.VisualStudio.TestTools.UITest.Playback.ScreenElement.FindTopLevelWindowHelper(String queryId)
	BaseExceptionMessage: Error HRESULT E_FAIL has been returned from a call to a COM component.

E, 3524, 17, 2012/11/12, 16:14:24.422, 6721909039707, QTAgent32.exe, AL: Playback Error: Microsoft.VisualStudio.TestTools.UITest.Extension.UITestControlNotFoundException: The playback failed to find the control with the given search properties. Additional Details: 
TechnologyName:  'MSAA'
ControlType:  'Window'
Name:  'Policies Auto-Renewed &amp; Auto-Lapsed'
ClassName:  'ThunderRT6FormDC'
 ---&gt; System.Runtime.InteropServices.COMException: Error HRESULT E_FAIL has been returned from a call to a COM component.
   at Microsoft.VisualStudio.TestTools.UITest.Playback.Engine.IRPFPlayback.FindAllScreenElements(IScreenElement pScreenElementStart, String bstrQueryId, Object&amp; pvarResKeys, Int32 cResKeys, Int32 nMaxDepth, Object[]&amp; foundDescendants)
   at Microsoft.VisualStudio.TestTools.UITest.Playback.ScreenElement.FindTopLevelWindowHelper(String queryId)
   at Microsoft.VisualStudio.TestTools.UITest.Playback.ScreenElement.FindFromPartialQueryId(String queryId)
   at Microsoft.VisualStudio.TestTools.UITesting.UITestControl..ctor(String queryId)
   --- End of inner exception stack trace ---
   at Microsoft.VisualStudio.TestTools.UITesting.Playback.MapControlNotFoundException(COMException ex, IPlaybackContext context)
   at Microsoft.VisualStudio.TestTools.UITesting.Playback.MapAndThrowComException(COMException innerException, IPlaybackContext context)
   at Microsoft.VisualStudio.TestTools.UITesting.Playback.MapAndThrowException(SystemException exception, IPlaybackContext context)
   at Microsoft.VisualStudio.TestTools.UITesting.Playback.MapAndThrowException(SystemException exception, String queryId)
   at Microsoft.VisualStudio.TestTools.UITesting.UITestControl..ctor(String queryId)
   at Microsoft.VisualStudio.TestTools.UITesting.SearchHelper.SearchTopLevelWindow(ISearchArgument topLevelSearchArg, String topLevelElementQueryId)
   at Microsoft.VisualStudio.TestTools.UITesting.SearchHelper.GetTitleUpdatedTopLevelWindow(ISearchArgument topLevelSearchArg, String queryId, IList`1 windowTitles)
   at Microsoft.VisualStudio.TestTools.UITesting.SearchHelper.GetTopLevelElement(Boolean useCache, Boolean useCacheOnly, ISearchArgument searchArg, IList`1 windowTitles, Int32&amp; timeLeft)
   at Microsoft.VisualStudio.TestTools.UITesting.SearchHelper.GetElement(Boolean useCache, ISearchArgument searchArg)
   at Microsoft.VisualStudio.TestTools.UITesting.SearchHelper.Search(ISearchArgument searchArg)
   at Microsoft.VisualStudio.TestTools.UITesting.UITestControl.FindInternal()
   at Microsoft.VisualStudio.TestTools.UITesting.UITestControl.FindControlIfNecessary()
   at Microsoft.VisualStudio.TestTools.UITesting.UITestControl.Click(MouseButtons button, ModifierKeys modifierKeys, Point relativeCoordinates)
   at Microsoft.VisualStudio.TestTools.UITesting.Mouse.ClickImplementation(UITestControl control, MouseButtons button, ModifierKeys modifierKeys, Point relativeCoordinate)
   at Microsoft.VisualStudio.TestTools.UITesting.Mouse.ClickImplementationWrapper(UITestControl control, MouseButtons button, ModifierKeys modifierKeys, Point relativeCoordinate)
W, 3524, 17, 2012/11/12, 16:14:24.422, 6721909041925, QTAgent32.exe, PlaybackErrorHandler: Ignoring exception as ContinueOnError is set.
W, 3524, 17, 2012/11/12, 16:14:24.781, 6721914290712, QTAgent32.exe, &lt;a class=success&gt;Playback - {165} [SUCCESS] MouseButtonClick - "[MSAA, VisibleOnly]ControlType='Button' &amp;&amp; Name='EDI Match...'"
\0&lt;/a&gt;
W, 3524, 17, 2012/11/12, 16:14:26.528, 6721939346822, QTAgent32.exe, &lt;a class=success&gt;Playback - {166} [SUCCESS] MouseButtonClick - "[MSAA, VisibleOnly]ControlType='Button' &amp;&amp; Name='Ok'"
\0&lt;/a&gt;
W, 3524, 17, 2012/11/12, 16:14:26.965, 6721945554724, QTAgent32.exe, &lt;a class=success&gt;Playback - {167} [SUCCESS] MouseButtonClick - "[MSAA, VisibleOnly]ControlType='Button' &amp;&amp; Name='OK'"
\0&lt;/a&gt;
W, 3524, 17, 2012/11/12, 16:14:28.650, 6721969571686, QTAgent32.exe, Playback - [WARNING] Internal warning: Element "[MSAA, VisibleOnly]ControlType='Window' &amp;&amp; ControlId='5'" was not found, so all intermediate elements were ignored. To improve performance replace this element Id with another Id or exclude it from QueryId. If this element is the target element, replace or remove intermediate elements
\0
W, 3524, 17, 2012/11/12, 16:14:31.224, 6722006439548, QTAgent32.exe, Playback - [WARNING] Internal warning:Search failure: &lt;[MSAA, VisibleOnly]ControlType='Window' &amp;&amp; ControlId='32768'&gt; | Performed (4) search retries, UI element not found
\0
E, 3524, 17, 2012/11/12, 16:14:31.224, 6722006442506, QTAgent32.exe, &lt;a class=failure&gt;Playback - {168} [FAILED] Function ElementFetcher::FindScreenElement failed to locate UI element (Searching: ;[MSAA, VisibleOnly]ControlType='Window' &amp;&amp; ControlId='32768';[MSAA, VisibleOnly]ControlType='Window' &amp;&amp; ControlId='5';[MSAA, VisibleOnly]ControlType='Button' &amp;&amp; Name='Log and Clear') (The object specified was not found.)
\0&lt;/a&gt;
E, 3524, 17, 2012/11/12, 16:14:31.302, 6722007756147, QTAgent32.exe, Playback - [IMAGE] C:\Users\peter.zenin-ad\AppData\Local\Temp\UITestLogs\LastRun\RPF3790.png
\0
W, 3524, 17, 2012/11/12, 16:14:31.302, 6722007758343, QTAgent32.exe, Playback - [WARNING] Internal warning: Couldn't find descendants that match QueryId
\0
W, 3524, 17, 2012/11/12, 16:14:31.318, 6722007761698, QTAgent32.exe, PERF WARNING: FindAllDescendents: took 4211 ms. Expected it to take maximum 500 ms.
E, 3524, 17, 2012/11/12, 16:14:31.427, 6722009331622, QTAgent32.exe, AL: Playback Error: Microsoft.VisualStudio.TestTools.UITest.Extension.UITestControlNotFoundException: The playback failed to find the control with the given search properties. Additional Details: 
TechnologyName:  'MSAA'
ControlType:  'Button'
Name:  'Log and Clear'
 ---&gt; System.Runtime.InteropServices.COMException: Error HRESULT E_FAIL has been returned from a call to a COM component.
   at Microsoft.VisualStudio.TestTools.UITest.Playback.Engine.IScreenElement.FindAllDescendants(String bstrQueryId, Object&amp; pvarResKeys, Int32 cResKeys, Int32 nMaxDepth)
   at Microsoft.VisualStudio.TestTools.UITest.Playback.ScreenElement.FindAllScreenElement(String queryId, Int32 depth, Boolean singleQueryId, Boolean throwException)
   at Microsoft.VisualStudio.TestTools.UITest.Playback.ScreenElement.FindScreenElement(String queryId, Int32 depth)
   at Microsoft.VisualStudio.TestTools.UITesting.UITestControl.FindFirstDescendant(String queryId, Int32 maxDepth, Int32&amp; timeLeft)
   --- End of inner exception stack trace ---
   at Microsoft.VisualStudio.TestTools.UITesting.Playback.MapControlNotFoundException(COMException ex, IPlaybackContext context)
   at Microsoft.VisualStudio.TestTools.UITesting.Playback.MapAndThrowComException(COMException innerException, IPlaybackContext context)
   at Microsoft.VisualStudio.TestTools.UITesting.Playback.MapAndThrowException(SystemException exception, IPlaybackContext context)
   at Microsoft.VisualStudio.TestTools.UITesting.Playback.MapAndThrowException(SystemException exception, String queryId)
   at Microsoft.VisualStudio.TestTools.UITesting.UITestControl.FindFirstDescendant(String queryId, Int32 maxDepth, Int32&amp; timeLeft)
   at Microsoft.VisualStudio.TestTools.UITesting.SearchHelper.GetElement(Boolean useCache, ISearchArgument searchArg)
   at Microsoft.VisualStudio.TestTools.UITesting.SearchHelper.Search(ISearchArgument searchArg)
   at Microsoft.VisualStudio.TestTools.UITesting.UITestControl.FindInternal()
   at Microsoft.VisualStudio.TestTools.UITesting.UITestControl.FindControlIfNecessary()
   at Microsoft.VisualStudio.TestTools.UITesting.UITestControl.Click(MouseButtons button, ModifierKeys modifierKeys, Point relativeCoordinates)
   at Microsoft.VisualStudio.TestTools.UITesting.Mouse.ClickImplementation(UITestControl control, MouseButtons button, ModifierKeys modifierKeys, Point relativeCoordinate)
   at Microsoft.VisualStudio.TestTools.UITesting.Mouse.ClickImplementationWrapper(UITestControl control, MouseButtons button, ModifierKeys modifierKeys, Point relativeCoordinate)
W, 3524, 17, 2012/11/12, 16:14:31.427, 6722009333756, QTAgent32.exe, PlaybackErrorHandler: Ignoring exception as ContinueOnError is set.
W, 3524, 17, 2012/11/12, 16:14:31.708, 6722013370022, QTAgent32.exe, Playback - [WARNING] Internal warning: Window Not Found: [VisibleOnly]ControlType='Window' &amp;&amp; Name='insur-E.tam' &amp;&amp; ClassName='#32770'
\0
E, 3524, 17, 2012/11/12, 16:14:31.708, 6722013372908, QTAgent32.exe, &lt;a class=failure&gt;Playback - {169} [FAILED] Function ElementFetcher::FindScreenElement failed to locate UI element (Searching: ;[VisibleOnly]ControlType='Window' &amp;&amp; Name='insur-E.tam' &amp;&amp; ClassName='#32770') (The object specified was not found.)
\0&lt;/a&gt;
E, 3524, 17, 2012/11/12, 16:14:31.801, 6722014693278, QTAgent32.exe, Playback - [IMAGE] C:\Users\peter.zenin-ad\AppData\Local\Temp\UITestLogs\LastRun\RPF3974.png
\0
W, 3524, 17, 2012/11/12, 16:14:31.801, 6722014695428, QTAgent32.exe, Playback - [WARNING] Internal warning: Couldn't find descendants that match QueryId
\0
W, 3524, 17, 2012/11/12, 16:14:49.914, 6722274055321, QTAgent32.exe, Playback - [WARNING] Internal warning: Window Not Found: [VisibleOnly]ControlType='Window' &amp;&amp; Name='insur-E.tam' &amp;&amp; ClassName='#32770'
\0
E, 3524, 17, 2012/11/12, 16:14:49.914, 6722274058298, QTAgent32.exe, &lt;a class=failure&gt;Playback - {170} [FAILED] Function ElementFetcher::FindScreenElement failed to locate UI element (Searching: ;[VisibleOnly]ControlType='Window' &amp;&amp; Name='insur-E.tam' &amp;&amp; ClassName='#32770') (The object specified was not found.)
\0&lt;/a&gt;
E, 3524, 17, 2012/11/12, 16:14:50.008, 6722275375727, QTAgent32.exe, Playback - [IMAGE] C:\Users\peter.zenin-ad\AppData\Local\Temp\UITestLogs\LastRun\RPF8092.png
\0
W, 3524, 17, 2012/11/12, 16:14:50.008, 6722275377903, QTAgent32.exe, Playback - [WARNING] Internal warning: Couldn't find descendants that match QueryId
\0
W, 3524, 17, 2012/11/12, 16:14:50.008, 6722275380946, QTAgent32.exe, PERF WARNING: FindTopLevelWindowHelper::FindAllDescendents: took 18206 ms. Expected it to take maximum 500 ms.
W, 3524, 17, 2012/11/12, 16:14:50.507, 6722282621332, QTAgent32.exe, Playback - [WARNING] Internal warning: Smart Match failed
\0
W, 3524, 17, 2012/11/12, 16:14:50.694, 6722285311182, QTAgent32.exe, Playback - [WARNING] Internal warning: Smart Match failed
\0
W, 3524, 17, 2012/11/12, 16:14:50.897, 6722288213637, QTAgent32.exe, Playback - [WARNING] Internal warning: Smart Match failed
\0
W, 3524, 17, 2012/11/12, 16:14:51.131, 6722291502495, QTAgent32.exe, Playback - [WARNING] Internal warning: Smart Match failed
\0
W, 3524, 17, 2012/11/12, 16:14:51.318, 6722294244480, QTAgent32.exe, Playback - [WARNING] Internal warning: Smart Match failed
\0
W, 3524, 17, 2012/11/12, 16:14:51.521, 6722297147612, QTAgent32.exe, Playback - [WARNING] Internal warning: Smart Match failed
\0
W, 3524, 17, 2012/11/12, 16:14:51.708, 6722299828496, QTAgent32.exe, Playback - [WARNING] Internal warning: Smart Match failed
\0
W, 3524, 17, 2012/11/12, 16:14:51.896, 6722302499575, QTAgent32.exe, Playback - [WARNING] Internal warning: Smart Match failed
\0
W, 3524, 17, 2012/11/12, 16:14:52.083, 6722305191037, QTAgent32.exe, Playback - [WARNING] Internal warning: Smart Match failed
\0
W, 3524, 17, 2012/11/12, 16:14:52.270, 6722307873809, QTAgent32.exe, Playback - [WARNING] Internal warning: Smart Match failed
\0
W, 3524, 17, 2012/11/12, 16:14:52.473, 6722310769069, QTAgent32.exe, Playback - [WARNING] Internal warning: Smart Match failed
\0
W, 3524, 17, 2012/11/12, 16:14:52.676, 6722313678236, QTAgent32.exe, Playback - [WARNING] Internal warning: Smart Match failed
\0
W, 3524, 17, 2012/11/12, 16:14:52.863, 6722316351413, QTAgent32.exe, Playback - [WARNING] Internal warning: Smart Match failed
\0
W, 3524, 17, 2012/11/12, 16:14:53.050, 6722319064589, QTAgent32.exe, Playback - [WARNING] Internal warning: Smart Match failed
\0
W, 3524, 17, 2012/11/12, 16:14:53.144, 6722320389335, QTAgent32.exe, Playback - [WARNING] Internal warning: Window Not Found: [VisibleOnly]ControlType='Window' &amp;&amp; Name='insur-E.tam' &amp;&amp; ClassName='#32770'
\0
E, 3524, 17, 2012/11/12, 16:14:53.144, 6722320391898, QTAgent32.exe, &lt;a class=failure&gt;Playback - {171} [FAILED] Function ElementFetcher::FindScreenElement failed to locate UI element (Searching: ;[VisibleOnly]ControlType='Window' &amp;&amp; Name='insur-E.tam' &amp;&amp; ClassName='#32770') (The object specified was not found.)
\0&lt;/a&gt;
E, 3524, 17, 2012/11/12, 16:14:53.237, 6722321706634, QTAgent32.exe, Playback - [IMAGE] C:\Users\peter.zenin-ad\AppData\Local\Temp\UITestLogs\LastRun\RPF8D31.png
\0
W, 3524, 17, 2012/11/12, 16:14:53.237, 6722321708942, QTAgent32.exe, Playback - [WARNING] Internal warning: Couldn't find descendants that match QueryId
\0
W, 3524, 17, 2012/11/12, 16:14:53.237, 6722321712001, QTAgent32.exe, PERF WARNING: FindTopLevelWindowHelper::FindAllDescendents: took 3235 ms. Expected it to take maximum 500 ms.
E, 3524, 17, 2012/11/12, 16:14:53.237, 6722321713861, QTAgent32.exe, Exception: System.Runtime.InteropServices.COMException
	Message: Error HRESULT E_FAIL has been returned from a call to a COM component.
	Stack Trace:    at Microsoft.VisualStudio.TestTools.UITest.Playback.Engine.IRPFPlayback.FindAllScreenElements(IScreenElement pScreenElementStart, String bstrQueryId, Object&amp; pvarResKeys, Int32 cResKeys, Int32 nMaxDepth, Object[]&amp; foundDescendants)
   at Microsoft.VisualStudio.TestTools.UITest.Playback.ScreenElement.FindTopLevelWindowHelper(String queryId)
	BaseExceptionMessage: Error HRESULT E_FAIL has been returned from a call to a COM component.

E, 3524, 17, 2012/11/12, 16:14:53.237, 6722321717894, QTAgent32.exe, GetClassName for handle 6161722 failed
E, 3524, 17, 2012/11/12, 16:14:53.237, 6722321727387, QTAgent32.exe, Window 6161722 not responding. Last Win32 error 1400
E, 3524, 17, 2012/11/12, 16:14:53.237, 6722321728614, QTAgent32.exe, GetClassName for handle 6161722 failed
E, 3524, 17, 2012/11/12, 16:14:53.237, 6722321729410, QTAgent32.exe, GetClassName for handle 6161722 failed
E, 3524, 17, 2012/11/12, 16:14:53.237, 6722321734660, QTAgent32.exe, GetClassName for handle 5375042 failed
E, 3524, 17, 2012/11/12, 16:14:53.237, 6722321741692, QTAgent32.exe, Exception: System.Runtime.InteropServices.COMException
	Message: Error HRESULT E_FAIL has been returned from a call to a COM component.
	Stack Trace:    at Accessibility.IAccessible.get_accState(Object varChild)
   at Microsoft.VisualStudio.TestTools.UITest.Extension.Msaa.AccWrapper.get_State()
	BaseExceptionMessage: Error HRESULT E_FAIL has been returned from a call to a COM component.

E, 3524, 17, 2012/11/12, 16:14:53.237, 6722321746070, QTAgent32.exe, Exception: System.Runtime.InteropServices.COMException
	Message: Error HRESULT E_FAIL has been returned from a call to a COM component.
	Stack Trace:    at Accessibility.IAccessible.get_accState(Object varChild)
   at Microsoft.VisualStudio.TestTools.UITest.Extension.Msaa.AccWrapper.get_State()
	BaseExceptionMessage: Error HRESULT E_FAIL has been returned from a call to a COM component.

E, 3524, 17, 2012/11/12, 16:14:53.237, 6722321750434, QTAgent32.exe, Exception: System.Runtime.InteropServices.COMException
	Message: Error HRESULT E_FAIL has been returned from a call to a COM component.
	Stack Trace:    at Accessibility.IAccessible.get_accState(Object varChild)
   at Microsoft.VisualStudio.TestTools.UITest.Extension.Msaa.AccWrapper.get_State()
	BaseExceptionMessage: Error HRESULT E_FAIL has been returned from a call to a COM component.

E, 3524, 17, 2012/11/12, 16:14:53.237, 6722321754797, QTAgent32.exe, Exception: System.Runtime.InteropServices.COMException
	Message: Error HRESULT E_FAIL has been returned from a call to a COM component.
	Stack Trace:    at Accessibility.IAccessible.get_accState(Object varChild)
   at Microsoft.VisualStudio.TestTools.UITest.Extension.Msaa.AccWrapper.get_State()
	BaseExceptionMessage: Error HRESULT E_FAIL has been returned from a call to a COM component.

E, 3524, 17, 2012/11/12, 16:14:53.237, 6722321759105, QTAgent32.exe, Exception: System.Runtime.InteropServices.COMException
	Message: Error HRESULT E_FAIL has been returned from a call to a COM component.
	Stack Trace:    at Accessibility.IAccessible.get_accState(Object varChild)
   at Microsoft.VisualStudio.TestTools.UITest.Extension.Msaa.AccWrapper.get_State()
	BaseExceptionMessage: Error HRESULT E_FAIL has been returned from a call to a COM component.

E, 3524, 17, 2012/11/12, 16:14:53.237, 6722321763613, QTAgent32.exe, Exception: System.Runtime.InteropServices.COMException
	Message: Error HRESULT E_FAIL has been returned from a call to a COM component.
	Stack Trace:    at Accessibility.IAccessible.get_accState(Object varChild)
   at Microsoft.VisualStudio.TestTools.UITest.Extension.Msaa.AccWrapper.get_State()
	BaseExceptionMessage: Error HRESULT E_FAIL has been returned from a call to a COM component.

E, 3524, 17, 2012/11/12, 16:14:53.237, 6722321767965, QTAgent32.exe, Exception: System.Runtime.InteropServices.COMException
	Message: Error HRESULT E_FAIL has been returned from a call to a COM component.
	Stack Trace:    at Accessibility.IAccessible.get_accState(Object varChild)
   at Microsoft.VisualStudio.TestTools.UITest.Extension.Msaa.AccWrapper.get_State()
	BaseExceptionMessage: Error HRESULT E_FAIL has been returned from a call to a COM component.

W, 3524, 17, 2012/11/12, 16:14:53.440, 6722324616495, QTAgent32.exe, PERF WARNING: MSAA.UpdateQueryIDForNamelessControls: took 201 ms. Expected it to take maximum 200 ms.
W, 3524, 17, 2012/11/12, 16:14:53.440, 6722324620790, QTAgent32.exe, Msaa.Navigate: Exception [Error HRESULT E_FAIL has been returned from a call to a COM component.] while calling accNavigate.
E, 3524, 17, 2012/11/12, 16:14:53.440, 6722324622263, QTAgent32.exe, GetClassName for handle 5375042 failed
E, 3524, 17, 2012/11/12, 16:14:53.440, 6722324630859, QTAgent32.exe, GetClassName for handle 5375042 failed
E, 3524, 17, 2012/11/12, 16:14:53.440, 6722324633051, QTAgent32.exe, Window 5375042 not responding. Last Win32 error 1400
E, 3524, 17, 2012/11/12, 16:14:53.440, 6722324634077, QTAgent32.exe, GetClassName for handle 6161722 failed
E, 3524, 17, 2012/11/12, 16:14:53.440, 6722324634908, QTAgent32.exe, GetClassName for handle 5375042 failed
E, 3524, 17, 2012/11/12, 16:14:53.440, 6722324635640, QTAgent32.exe, GetClassName for handle 5375042 failed
E, 3524, 17, 2012/11/12, 16:14:53.549, 6722326059669, QTAgent32.exe, AL: Playback Error: Microsoft.VisualStudio.TestTools.UITest.Extension.UITestControlNotAvailableException: The control is not available or not valid. Additional Details: 
TechnologyName:  'MSAA'
ControlType:  'Button'
 ---&gt; Microsoft.VisualStudio.TestTools.UITest.Extension.UITestControlNotAvailableException: The control is not available or not valid. Additional Details: 
TechnologyName:  'MSAA'
ControlType:  'Window'
 ---&gt; System.Runtime.InteropServices.COMException: Error HRESULT E_FAIL has been returned from a call to a COM component.
   at Microsoft.VisualStudio.TestTools.UITest.Playback.Engine.IRPFPlayback.FindAllScreenElements(IScreenElement pScreenElementStart, String bstrQueryId, Object&amp; pvarResKeys, Int32 cResKeys, Int32 nMaxDepth, Object[]&amp; foundDescendants)
   at Microsoft.VisualStudio.TestTools.UITest.Playback.ScreenElement.FindTopLevelWindowHelper(String queryId)
   at Microsoft.VisualStudio.TestTools.UITest.Playback.ScreenElement.FindFromPartialQueryId(String queryId)
   at Microsoft.VisualStudio.TestTools.UITesting.UITestControl.EnsureValid(Boolean waitForReady, Boolean refetch)
   --- End of inner exception stack trace ---
   at Microsoft.VisualStudio.TestTools.UITesting.UITestControl.EnsureValid(Boolean waitForReady, Boolean refetch)
   at Microsoft.VisualStudio.TestTools.UITesting.UITestControl.FindFirstDescendant(String queryId, Int32 maxDepth, Int32&amp; timeLeft)
   at Microsoft.VisualStudio.TestTools.UITesting.UITestControl.FindFirstDescendant(String queryId)
   at Microsoft.VisualStudio.TestTools.UITesting.UITestControl.EnsureValid(Boolean waitForReady, Boolean refetch)
   --- End of inner exception stack trace ---
   at Microsoft.VisualStudio.TestTools.UITesting.UITestControl.EnsureValid(Boolean waitForReady, Boolean refetch)
   at Microsoft.VisualStudio.TestTools.UITesting.UITestControl.Click(MouseButtons button, ModifierKeys modifierKeys, Point relativeCoordinates)
   at Microsoft.VisualStudio.TestTools.UITesting.Mouse.ClickImplementation(UITestControl control, MouseButtons button, ModifierKeys modifierKeys, Point relativeCoordinate)
   at Microsoft.VisualStudio.TestTools.UITesting.Mouse.ClickImplementationWrapper(UITestControl control, MouseButtons button, ModifierKeys modifierKeys, Point relativeCoordinate)
W, 3524, 17, 2012/11/12, 16:14:53.549, 6722326061465, QTAgent32.exe, PlaybackErrorHandler: Ignoring exception as ContinueOnError is set.
W, 3524, 17, 2012/11/12, 16:14:53.892, 6722331080279, QTAgent32.exe, &lt;a class=success&gt;Playback - {172} [SUCCESS] MouseButtonClick - "[MSAA, VisibleOnly]ControlType='Button' &amp;&amp; Name='Filter...'"
\0&lt;/a&gt;
W, 3524, 17, 2012/11/12, 16:14:54.158, 6722334769711, QTAgent32.exe, &lt;a class=success&gt;Playback - {173} [SUCCESS] SendKeys "^{HOME}" - "[MSAA, VisibleOnly]ControlType='Edit'"
\0&lt;/a&gt;
E, 3524, 17, 2012/11/12, 16:14:54.158, 6722334772328, QTAgent32.exe, Msaa.GetFocusedElement: could not find accessible object of foreground window
W, 3524, 17, 2012/11/12, 16:14:54.236, 6722335889455, QTAgent32.exe, &lt;a class=success&gt;Playback - {174} [SUCCESS] SendKeys "^+{END}" - "[MSAA, VisibleOnly]ControlType='Edit'"
\0&lt;/a&gt;
E, 3524, 17, 2012/11/12, 16:14:54.236, 6722335893011, QTAgent32.exe, Msaa.GetFocusedElement: could not find accessible object of foreground window
W, 3524, 17, 2012/11/12, 16:14:54.251, 6722336110477, QTAgent32.exe, &lt;a class=success&gt;Playback - {175} [SUCCESS] SendKeys "{DELETE}" - "[MSAA, VisibleOnly]ControlType='Edit'"
\0&lt;/a&gt;
W, 3524, 17, 2012/11/12, 16:14:54.579, 6722340804721, QTAgent32.exe, &lt;a class=success&gt;Playback - {176} [SUCCESS] SetValueAsEditBox "19/11/12" - "[MSAA, VisibleOnly]ControlType='Edit'"  &lt; Set via SendKeys &gt;
\0&lt;/a&gt;
W, 3524, 17, 2012/11/12, 16:14:54.844, 6722344598053, QTAgent32.exe, &lt;a class=success&gt;Playback - {177} [SUCCESS] SendKeys "^{HOME}" - "[MSAA, VisibleOnly]ControlType='Edit'"
\0&lt;/a&gt;
E, 3524, 17, 2012/11/12, 16:14:54.844, 6722344600551, QTAgent32.exe, Msaa.GetFocusedElement: could not find accessible object of foreground window
W, 3524, 17, 2012/11/12, 16:14:54.922, 6722345714868, QTAgent32.exe, &lt;a class=success&gt;Playback - {178} [SUCCESS] SendKeys "^+{END}" - "[MSAA, VisibleOnly]ControlType='Edit'"
\0&lt;/a&gt;
E, 3524, 17, 2012/11/12, 16:14:54.922, 6722345717301, QTAgent32.exe, Msaa.GetFocusedElement: could not find accessible object of foreground window
W, 3524, 17, 2012/11/12, 16:14:54.938, 6722345938481, QTAgent32.exe, &lt;a class=success&gt;Playback - {179} [SUCCESS] SendKeys "{DELETE}" - "[MSAA, VisibleOnly]ControlType='Edit'"
\0&lt;/a&gt;
W, 3524, 17, 2012/11/12, 16:14:55.265, 6722350631642, QTAgent32.exe, &lt;a class=success&gt;Playback - {180} [SUCCESS] SetValueAsEditBox "19/11/12" - "[MSAA, VisibleOnly]ControlType='Edit'"  &lt; Set via SendKeys &gt;
\0&lt;/a&gt;
W, 3524, 17, 2012/11/12, 16:14:55.905, 6722359813408, QTAgent32.exe, Playback - [WARNING] Internal warning: Incorrect flag set for InvokeProgrammaticAction\0
W, 3524, 17, 2012/11/12, 16:14:56.233, 6722364491617, QTAgent32.exe, &lt;a class=success&gt;Playback - {181} [SUCCESS] SetValueAsComboBox "Household" - "[MSAA, VisibleOnly]ControlType='ComboBox'"  &lt; SetValueAsComboBox, set by clicking on the item in the list box &gt;
\0&lt;/a&gt;
W, 3524, 17, 2012/11/12, 16:14:56.623, 6722370249573, QTAgent32.exe, &lt;a class=success&gt;Playback - {182} [SUCCESS] MouseButtonClick - "[MSAA, VisibleOnly]ControlType='Button' &amp;&amp; Name='Ok'"
\0&lt;/a&gt;
W, 3524, 17, 2012/11/12, 16:14:57.075, 6722376550198, QTAgent32.exe, &lt;a class=success&gt;Playback - {183} [SUCCESS] MouseButtonClick - "[MSAA, VisibleOnly]ControlType='Client'"
\0&lt;/a&gt;
W, 3524, 17, 2012/11/12, 16:14:57.294, 6722379665595, QTAgent32.exe, &lt;a class=success&gt;Playback - {184} [SUCCESS] SendKeys "{End}" - "[MSAA, VisibleOnly]ControlType='Client'"
\0&lt;/a&gt;
W, 3524, 17, 2012/11/12, 16:14:57.777, 6722386663530, QTAgent32.exe, &lt;a class=success&gt;Playback - {185} [SUCCESS] MouseButtonClick - "[MSAA, VisibleOnly]ControlType='Button' &amp;&amp; Name='Display Record...'"
\0&lt;/a&gt;
W, 3524, 17, 2012/11/12, 16:14:58.214, 6722392965852, QTAgent32.exe, &lt;a class=success&gt;Playback - {186} [SUCCESS] MouseButtonClick - "[MSAA, VisibleOnly]ControlType='Button' &amp;&amp; Name='Invite'"
\0&lt;/a&gt;
W, 3524, 17, 2012/11/12, 16:14:58.651, 6722399258688, QTAgent32.exe, &lt;a class=success&gt;Playback - {187} [SUCCESS] MouseButtonClick - "[MSAA, VisibleOnly]ControlType='Button' &amp;&amp; Name='OK'"
\0&lt;/a&gt;
W, 3524, 17, 2012/11/12, 16:14:59.134, 6722406215044, QTAgent32.exe, &lt;a class=success&gt;Playback - {188} [SUCCESS] MouseButtonClick - "[MSAA, VisibleOnly]ControlType='Button' &amp;&amp; Name='Ok'"
\0&lt;/a&gt;
W, 3524, 17, 2012/11/12, 16:15:03.565, 6722469551494, QTAgent32.exe, Playback - [WARNING] Internal warning: Window Not Found: [VisibleOnly]ControlType='Window' &amp;&amp; Name='Print Documents' &amp;&amp; ClassName='ThunderRT6FormDC'
\0
E, 3524, 17, 2012/11/12, 16:15:03.565, 6722469554645, QTAgent32.exe, &lt;a class=failure&gt;Playback - {189} [FAILED] Function ElementFetcher::FindScreenElement failed to locate UI element (Searching: ;[VisibleOnly]ControlType='Window' &amp;&amp; Name='Print Documents' &amp;&amp; ClassName='ThunderRT6FormDC') (The object specified was not found.)
\0&lt;/a&gt;
E, 3524, 17, 2012/11/12, 16:15:03.659, 6722470830359, QTAgent32.exe, Playback - [IMAGE] C:\Users\peter.zenin-ad\AppData\Local\Temp\UITestLogs\LastRun\RPFB5E7.png
\0
W, 3524, 17, 2012/11/12, 16:15:03.659, 6722470832537, QTAgent32.exe, Playback - [WARNING] Internal warning: Couldn't find descendants that match QueryId
\0
W, 3524, 17, 2012/11/12, 16:15:03.659, 6722470835449, QTAgent32.exe, PERF WARNING: FindTopLevelWindowHelper::FindAllDescendents: took 4417 ms. Expected it to take maximum 500 ms.
W, 3524, 17, 2012/11/12, 16:15:07.107, 6722520173573, QTAgent32.exe, PERF WARNING: FindTopLevelWindowHelper::FindAllDescendents: took 3445 ms. Expected it to take maximum 500 ms.
W, 3524, 17, 2012/11/12, 16:15:07.434, 6722524854890, QTAgent32.exe, &lt;a class=success&gt;Playback - {190} [SUCCESS] Check - "[MSAA, VisibleOnly]ControlType='CheckBox' &amp;&amp; Name='Defer Printing?'"
\0&lt;/a&gt;
W, 3524, 17, 2012/11/12, 16:15:08.277, 6722537104850, QTAgent32.exe, &lt;a class=success&gt;Playback - {191} [SUCCESS] MouseButtonClick - "[MSAA, VisibleOnly]ControlType='Button' &amp;&amp; Name='Ok'"
\0&lt;/a&gt;
W, 3524, 17, 2012/11/12, 16:15:08.386, 6722538536826, QTAgent32.exe, Playback - [WARNING] Internal warning: Thread state based WFR - Requested element has invalid HWND
\0
W, 3524, 17, 2012/11/12, 16:15:08.386, 6722538538440, QTAgent32.exe, Playback - [WARNING] Internal warning: process performance counters based WFR - Requested element has invalid HWND
\0
E, 3524, 17, 2012/11/12, 16:15:08.386, 6722538541577, QTAgent32.exe, EnsureValid called via EnsureValid call for same element
E, 3524, 17, 2012/11/12, 16:15:08.386, 6722538545092, QTAgent32.exe, GetClassName for handle 2099522 failed
E, 3524, 17, 2012/11/12, 16:15:08.386, 6722538547407, QTAgent32.exe, EnsureValid called via EnsureValid call for same element
E, 3524, 17, 2012/11/12, 16:15:08.386, 6722538548904, QTAgent32.exe, EnsureValid called via EnsureValid call for same element
E, 3524, 17, 2012/11/12, 16:15:08.386, 6722538566061, QTAgent32.exe, Window 2099522 not responding. Last Win32 error 0
E, 3524, 17, 2012/11/12, 16:15:08.386, 6722538568634, QTAgent32.exe, GetClassName for handle 2099522 failed
E, 3524, 17, 2012/11/12, 16:15:08.386, 6722538569483, QTAgent32.exe, GetClassName for handle 2099522 failed
W, 3524, 17, 2012/11/12, 16:15:10.788, 6722572909373, QTAgent32.exe, PERF WARNING: FindTopLevelWindowHelper::FindAllDescendents: took 2398 ms. Expected it to take maximum 500 ms.
W, 3524, 17, 2012/11/12, 16:15:11.147, 6722578019254, QTAgent32.exe, &lt;a class=success&gt;Playback - {192} [SUCCESS] Uncheck - "[MSAA, VisibleOnly]ControlType='CheckBox' &amp;&amp; Name='Add Activity'"
\0&lt;/a&gt;
W, 3524, 17, 2012/11/12, 16:15:12.177, 6722592945042, QTAgent32.exe, &lt;a class=success&gt;Playback - {193} [SUCCESS] MouseButtonClick - "[MSAA, VisibleOnly]ControlType='Button' &amp;&amp; Name='Ok'"
\0&lt;/a&gt;
W, 3524, 17, 2012/11/12, 16:15:14.657, 6722628269811, QTAgent32.exe, &lt;a class=success&gt;Playback - {194} [SUCCESS] MouseButtonClick - "[MSAA, VisibleOnly]ControlType='Button' &amp;&amp; Name='OK'"
\0&lt;/a&gt;
W, 3524, 17, 2012/11/12, 16:15:16.311, 6722651950774, QTAgent32.exe, Playback - [WARNING] Internal warning: Target element "[MSAA, VisibleOnly]ControlType='Button' &amp;&amp; Name=&gt;'Renew Policy'" was not found, so all intermediate elements were ignored. An incorrect element that matches target element Id can be found as the result.  Verify that all intermediate elements in QueryId have valid and unique Ids
\0
W, 3524, 17, 2012/11/12, 16:15:16.826, 6722659482173, QTAgent32.exe, PERF WARNING: FindAllDescendents: took 2069 ms. Expected it to take maximum 500 ms.
W, 3524, 17, 2012/11/12, 16:15:17.840, 6722673898695, QTAgent32.exe, &lt;a class=success&gt;Playback - {195} [SUCCESS] MouseButtonClick - "[MSAA, VisibleOnly]ControlType='Button' &amp;&amp; Name=&gt;'Renew Policy'"
\0&lt;/a&gt;
W, 3524, 17, 2012/11/12, 16:15:21.693, 6722729058885, QTAgent32.exe, Playback - [WARNING] Internal warning: Window Not Found: [VisibleOnly]ControlType='Window' &amp;&amp; Name='Confirm' &amp;&amp; ClassName='#32770'
\0
E, 3524, 17, 2012/11/12, 16:15:21.693, 6722729061595, QTAgent32.exe, &lt;a class=failure&gt;Playback - {196} [FAILED] Function ElementFetcher::FindScreenElement failed to locate UI element (Searching: ;[VisibleOnly]ControlType='Window' &amp;&amp; Name='Confirm' &amp;&amp; ClassName='#32770') (The object specified was not found.)
\0&lt;/a&gt;
E, 3524, 17, 2012/11/12, 16:15:21.787, 6722730382343, QTAgent32.exe, Playback - [IMAGE] C:\Users\peter.zenin-ad\AppData\Local\Temp\UITestLogs\LastRun\RPFFCB7.png
\0
W, 3524, 17, 2012/11/12, 16:15:21.787, 6722730384371, QTAgent32.exe, Playback - [WARNING] Internal warning: Couldn't find descendants that match QueryId
\0
W, 3524, 17, 2012/11/12, 16:15:21.787, 6722730387335, QTAgent32.exe, PERF WARNING: FindTopLevelWindowHelper::FindAllDescendents: took 3840 ms. Expected it to take maximum 500 ms.
W, 3524, 17, 2012/11/12, 16:15:25.781, 6722787526000, QTAgent32.exe, PERF WARNING: FindTopLevelWindowHelper::FindAllDescendents: took 3990 ms. Expected it to take maximum 500 ms.
W, 3524, 17, 2012/11/12, 16:15:27.871, 6722817457621, QTAgent32.exe, &lt;a class=success&gt;Playback - {197} [SUCCESS] MouseButtonClick - "[MSAA, VisibleOnly]ControlType='Button' &amp;&amp; Name='Yes'"
\0&lt;/a&gt;
E, 3524, 17, 2012/11/12, 16:15:27.981, 6722819023609, QTAgent32.exe, GetClassName for handle 8258726 failed
W, 3524, 17, 2012/11/12, 16:15:28.371, 6722824694748, QTAgent32.exe, &lt;a class=success&gt;Playback - {198} [SUCCESS] MouseButtonClick - "[MSAA, VisibleOnly]ControlType='Button' &amp;&amp; Name='Ok'"
\0&lt;/a&gt;
W, 3524, 17, 2012/11/12, 16:15:28.714, 6722829682407, QTAgent32.exe, Playback - [WARNING] Internal warning: Thread state based WFR - Requested element has invalid HWND
\0
W, 3524, 17, 2012/11/12, 16:15:28.714, 6722829684386, QTAgent32.exe, Playback - [WARNING] Internal warning: process performance counters based WFR - Requested element has invalid HWND
\0
E, 3524, 17, 2012/11/12, 16:15:28.714, 6722829687748, QTAgent32.exe, EnsureValid called via EnsureValid call for same element
E, 3524, 17, 2012/11/12, 16:15:28.714, 6722829691345, QTAgent32.exe, GetClassName for handle 5571254 failed
E, 3524, 17, 2012/11/12, 16:15:28.714, 6722829693704, QTAgent32.exe, EnsureValid called via EnsureValid call for same element
E, 3524, 17, 2012/11/12, 16:15:28.714, 6722829695205, QTAgent32.exe, EnsureValid called via EnsureValid call for same element
E, 3524, 17, 2012/11/12, 16:15:28.714, 6722829712423, QTAgent32.exe, Window 5571254 not responding. Last Win32 error 0
E, 3524, 17, 2012/11/12, 16:15:28.714, 6722829714605, QTAgent32.exe, GetClassName for handle 5571254 failed
E, 3524, 17, 2012/11/12, 16:15:28.714, 6722829715615, QTAgent32.exe, GetClassName for handle 5571254 failed
W, 3524, 17, 2012/11/12, 16:15:34.034, 6722905836892, QTAgent32.exe, Playback - [WARNING] Internal warning: Window Not Found: [VisibleOnly]ControlType='Window' &amp;&amp; Name='Print Documents' &amp;&amp; ClassName='ThunderRT6FormDC'
\0
E, 3524, 17, 2012/11/12, 16:15:34.034, 6722905839718, QTAgent32.exe, &lt;a class=failure&gt;Playback - {199} [FAILED] Function ElementFetcher::FindScreenElement failed to locate UI element (Searching: ;[VisibleOnly]ControlType='Window' &amp;&amp; Name='Print Documents' &amp;&amp; ClassName='ThunderRT6FormDC') (The object specified was not found.)
\0&lt;/a&gt;
E, 3524, 17, 2012/11/12, 16:15:34.127, 6722907160435, QTAgent32.exe, Playback - [IMAGE] C:\Users\peter.zenin-ad\AppData\Local\Temp\UITestLogs\LastRun\RPF2CEC.png
\0
W, 3524, 17, 2012/11/12, 16:15:34.127, 6722907162902, QTAgent32.exe, Playback - [WARNING] Internal warning: Couldn't find descendants that match QueryId
\0
W, 3524, 17, 2012/11/12, 16:15:34.127, 6722907165934, QTAgent32.exe, PERF WARNING: FindTopLevelWindowHelper::FindAllDescendents: took 5409 ms. Expected it to take maximum 500 ms.
W, 3524, 17, 2012/11/12, 16:15:36.624, 6722942781710, QTAgent32.exe, PERF WARNING: FindTopLevelWindowHelper::FindAllDescendents: took 2487 ms. Expected it to take maximum 500 ms.
W, 3524, 17, 2012/11/12, 16:15:36.951, 6722947462062, QTAgent32.exe, &lt;a class=success&gt;Playback - {200} [SUCCESS] Check - "[MSAA, VisibleOnly]ControlType='CheckBox' &amp;&amp; Name='Defer Printing?'"
\0&lt;/a&gt;
W, 3524, 17, 2012/11/12, 16:15:37.638, 6722957501606, QTAgent32.exe, &lt;a class=success&gt;Playback - {201} [SUCCESS] MouseButtonClick - "[MSAA, VisibleOnly]ControlType='Button' &amp;&amp; Name='Ok'"
\0&lt;/a&gt;
W, 3524, 17, 2012/11/12, 16:15:38.465, 6722969335286, QTAgent32.exe, &lt;a class=success&gt;Playback - {202} [SUCCESS] MouseButtonClick - "[MSAA, VisibleOnly]ControlType='Button' &amp;&amp; Name='OK'"
\0&lt;/a&gt;
W, 3524, 17, 2012/11/12, 16:15:38.621, 6722971358370, QTAgent32.exe, Playback - [WARNING] Internal warning: Thread state based WFR - Requested element has invalid HWND
\0
W, 3524, 17, 2012/11/12, 16:15:38.621, 6722971360773, QTAgent32.exe, Playback - [WARNING] Internal warning: process performance counters based WFR - Requested element has invalid HWND
\0
E, 3524, 17, 2012/11/12, 16:15:38.621, 6722971366405, QTAgent32.exe, EnsureValid called via EnsureValid call for same element
E, 3524, 17, 2012/11/12, 16:15:38.621, 6722971371483, QTAgent32.exe, GetClassName for handle 4261816 failed
E, 3524, 17, 2012/11/12, 16:15:38.621, 6722971374596, QTAgent32.exe, EnsureValid called via EnsureValid call for same element
E, 3524, 17, 2012/11/12, 16:15:38.621, 6722971376680, QTAgent32.exe, EnsureValid called via EnsureValid call for same element
E, 3524, 17, 2012/11/12, 16:15:38.621, 6722971398540, QTAgent32.exe, Window 4261816 not responding. Last Win32 error 0
E, 3524, 17, 2012/11/12, 16:15:38.621, 6722971400726, QTAgent32.exe, GetClassName for handle 4261816 failed
E, 3524, 17, 2012/11/12, 16:15:38.621, 6722971401550, QTAgent32.exe, GetClassName for handle 4261816 failed
W, 3524, 17, 2012/11/12, 16:15:40.290, 6722995278433, QTAgent32.exe, PERF WARNING: FindTopLevelWindowHelper::FindAllDescendents: took 1667 ms. Expected it to take maximum 500 ms.
W, 3524, 17, 2012/11/12, 16:15:40.633, 6723000179625, QTAgent32.exe, &lt;a class=success&gt;Playback - {203} [SUCCESS] Uncheck - "[MSAA, VisibleOnly]ControlType='CheckBox' &amp;&amp; Name='Add Activity'"
\0&lt;/a&gt;
W, 3524, 17, 2012/11/12, 16:15:41.507, 6723012708280, QTAgent32.exe, &lt;a class=success&gt;Playback - {204} [SUCCESS] MouseButtonClick - "[MSAA, VisibleOnly]ControlType='Button' &amp;&amp; Name='Ok'"
\0&lt;/a&gt;
W, 3524, 17, 2012/11/12, 16:15:41.944, 6723019093029, QTAgent32.exe, &lt;a class=success&gt;Playback - {205} [SUCCESS] MouseButtonClick - "[MSAA, VisibleOnly]ControlType='Button' &amp;&amp; Name='Ok'"
\0&lt;/a&gt;
W, 3524, 17, 2012/11/12, 16:15:47.435, 6723097573975, QTAgent32.exe, PERF WARNING: FindTopLevelWindowHelper::FindAllDescendents: took 5267 ms. Expected it to take maximum 500 ms.
W, 3524, 17, 2012/11/12, 16:15:47.856, 6723103591505, QTAgent32.exe, &lt;a class=success&gt;Playback - {206} [SUCCESS] DoSelect - "[MSAA, VisibleOnly]ControlType='List'"
\0&lt;/a&gt;
W, 3524, 17, 2012/11/12, 16:15:49.806, 6723131703517, QTAgent32.exe, &lt;a class=success&gt;Playback - {207} [SUCCESS] MouseButtonClick - "[MSAA, VisibleOnly]ControlType='Button' &amp;&amp; Name='Ok'"
\0&lt;/a&gt;
E, 3524, 17, 2012/11/12, 16:15:49.916, 6723133074230, QTAgent32.exe, GetClassName for handle 7932032 failed
W, 3524, 17, 2012/11/12, 16:15:52.209, 6723165906610, QTAgent32.exe, &lt;a class=success&gt;Playback - {208} [SUCCESS] MouseButtonClick - "[MSAA, VisibleOnly]ControlType='Button' &amp;&amp; Name='OK'"
\0&lt;/a&gt;
W, 3524, 17, 2012/11/12, 16:15:52.677, 6723172761794, QTAgent32.exe, &lt;a class=success&gt;Playback - {209} [SUCCESS] MouseButtonClick - "[MSAA, VisibleOnly]ControlType='Button' &amp;&amp; Name='Exit'"
\0&lt;/a&gt;
W, 3524, 17, 2012/11/12, 16:15:53.176, 6723179915499, QTAgent32.exe, &lt;a class=success&gt;Playback - {210} [SUCCESS] MouseButtonClick - "[MSAA, VisibleOnly]ControlType='Button' &amp;&amp; Name='Yes'"
\0&lt;/a&gt;
W, 3524, 17, 2012/11/12, 16:15:53.660, 6723186885922, QTAgent32.exe, &lt;a class=success&gt;Playback - {211} [SUCCESS] MouseButtonClick - "[MSAA, VisibleOnly]ControlType='Button' &amp;&amp; Name='Cancel'"
\0&lt;/a&gt;
W, 3524, 17, 2012/11/12, 16:15:54.190, 6723194385076, QTAgent32.exe, &lt;a class=success&gt;Playback - {212} [SUCCESS] MouseButtonClick - "[MSAA, VisibleOnly]ControlType='Button'"
\0&lt;/a&gt;
W, 3524, 17, 2012/11/12, 16:15:54.752, 6723202460851, QTAgent32.exe, &lt;a class=success&gt;Playback - {213} [SUCCESS] MouseButtonClick - "[MSAA, VisibleOnly]ControlType='Button' &amp;&amp; Name='Detail'"
\0&lt;/a&gt;
W, 3524, 17, 2012/11/12, 16:15:55.220, 6723209215605, QTAgent32.exe, &lt;a class=success&gt;Playback - {214} [SUCCESS] MouseButtonClick - "[MSAA, VisibleOnly]ControlType='Button' &amp;&amp; Name='Cancel'"
\0&lt;/a&gt;
W, 3524, 17, 2012/11/12, 16:15:55.672, 6723215565404, QTAgent32.exe, &lt;a class=success&gt;Playback - {215} [SUCCESS] MouseButtonClick - "[MSAA, VisibleOnly]ControlType='Button' &amp;&amp; Name='Options'"
\0&lt;/a&gt;
W, 3524, 17, 2012/11/12, 16:15:55.782, 6723217064691, QTAgent32.exe, FindScreenElementInSinglePass : Attempting to find control in one pass of search. Failures can occur.
W, 3524, 17, 2012/11/12, 16:15:55.782, 6723217172133, QTAgent32.exe, Playback - [WARNING] Internal failure: Method GetBoundingRectangle failed (HRESULT = 0x1, "Incorrect function.") for Name = "Quote Select List" ," ControlType = "MenuItem"
\0
W, 3524, 17, 2012/11/12, 16:15:55.782, 6723217173330, QTAgent32.exe, Playback - [WARNING] Internal failure: Couldn't get clickable point for ScreenUIElement - GetClickablePoint failed
\0
W, 3524, 17, 2012/11/12, 16:15:55.782, 6723217175944, QTAgent32.exe, FindScreenElementInSinglePass : Attempting to find control in one pass of search. Failures can occur.
W, 3524, 17, 2012/11/12, 16:15:55.782, 6723217204332, QTAgent32.exe, FindScreenElementInSinglePass : Attempting to find control in one pass of search. Failures can occur.
W, 3524, 17, 2012/11/12, 16:15:56.109, 6723221751020, QTAgent32.exe, &lt;a class=success&gt;Playback - {216} [SUCCESS] LeftButtonClick - "[MSAA, VisibleOnly]ControlType='MenuBar' &amp;&amp; Name='Application'"  &lt; Mouse cursor location (960, 31) &gt;
\0&lt;/a&gt;
W, 3524, 17, 2012/11/12, 16:15:56.218, 6723223314906, QTAgent32.exe, &lt;a class=success&gt;Playback - {217} [SUCCESS] LeftButtonClick - "[MSAA]ControlType='MenuItem' &amp;&amp; Name='Options'"  &lt; Mouse cursor location (94, 31) &gt;
\0&lt;/a&gt;
W, 3524, 17, 2012/11/12, 16:15:56.390, 6723225768860, QTAgent32.exe, &lt;a class=success&gt;Playback - {218} [SUCCESS] LeftButtonClick - "[MSAA]ControlType='MenuItem' &amp;&amp; Name='Links'"  &lt; Mouse cursor location (174, 319) &gt;
\0&lt;/a&gt;
W, 3524, 17, 2012/11/12, 16:15:56.577, 6723228449486, QTAgent32.exe, &lt;a class=success&gt;Playback - {219} [SUCCESS] LeftButtonClick - "[MSAA]ControlType='MenuItem' &amp;&amp; Name='3rd Party Integration'"  &lt; Mouse cursor location (375, 319) &gt;
\0&lt;/a&gt;
W, 3524, 17, 2012/11/12, 16:15:56.749, 6723230941850, QTAgent32.exe, &lt;a class=success&gt;Playback - {220} [SUCCESS] MouseButtonClick - "[MSAA]ControlType='MenuItem' &amp;&amp; Name='Quote Select List'"
\0&lt;/a&gt;
W, 3524, 17, 2012/11/12, 16:15:58.590, 6723257284144, QTAgent32.exe, PERF WARNING: FindTopLevelWindowHelper::FindAllDescendents: took 1697 ms. Expected it to take maximum 500 ms.
W, 3524, 17, 2012/11/12, 16:15:59.261, 6723266885924, QTAgent32.exe, &lt;a class=success&gt;Playback - {221} [SUCCESS] MouseButtonClick - "[MSAA, VisibleOnly]ControlType='Button' &amp;&amp; Name='Ok'"
\0&lt;/a&gt;
W, 3524, 17, 2012/11/12, 16:16:00.774, 6723288532456, QTAgent32.exe, PERF WARNING: FindTopLevelWindowHelper::FindAllDescendents: took 1396 ms. Expected it to take maximum 500 ms.
W, 3524, 17, 2012/11/12, 16:16:01.102, 6723293429387, QTAgent32.exe, &lt;a class=success&gt;Playback - {222} [SUCCESS] MouseButtonClick - "[MSAA, VisibleOnly]ControlType='Button' &amp;&amp; Name='After'"
\0&lt;/a&gt;
W, 3524, 17, 2012/11/12, 16:16:03.223, 6723323669452, QTAgent32.exe, PERF WARNING: FindTopLevelWindowHelper::FindAllDescendents: took 1990 ms. Expected it to take maximum 500 ms.
W, 3524, 17, 2012/11/12, 16:16:03.676, 6723330154755, QTAgent32.exe, &lt;a class=success&gt;Playback - {223} [SUCCESS] MouseButtonClick - "[MSAA, VisibleOnly]ControlType='Button' &amp;&amp; Name='MTA'"
\0&lt;/a&gt;
W, 3524, 17, 2012/11/12, 16:16:04.331, 6723339599645, QTAgent32.exe, Playback - [WARNING] Internal warning: Incorrect flag set for InvokeProgrammaticAction\0
W, 3524, 17, 2012/11/12, 16:16:04.659, 6723344167657, QTAgent32.exe, &lt;a class=success&gt;Playback - {224} [SUCCESS] SetValueAsComboBox "General Adjustment" - "[MSAA, VisibleOnly]ControlType='ComboBox'"  &lt; SetValueAsComboBox, set by clicking on the item in the list box &gt;
\0&lt;/a&gt;
W, 3524, 17, 2012/11/12, 16:16:05.080, 6723350292343, QTAgent32.exe, &lt;a class=success&gt;Playback - {225} [SUCCESS] MouseButtonClick - "[MSAA, VisibleOnly]ControlType='Button' &amp;&amp; Name='OK'"
\0&lt;/a&gt;
W, 3524, 17, 2012/11/12, 16:16:05.220, 6723352388987, QTAgent32.exe, Playback - [WARNING] Internal warning: Thread state based WFR - Requested element has invalid HWND
\0
W, 3524, 17, 2012/11/12, 16:16:05.220, 6723352391132, QTAgent32.exe, Playback - [WARNING] Internal warning: process performance counters based WFR - Requested element has invalid HWND
\0
E, 3524, 17, 2012/11/12, 16:16:05.220, 6723352394569, QTAgent32.exe, EnsureValid called via EnsureValid call for same element
E, 3524, 17, 2012/11/12, 16:16:05.220, 6723352396974, QTAgent32.exe, GetClassName for handle 2623836 failed
E, 3524, 17, 2012/11/12, 16:16:05.220, 6723352399446, QTAgent32.exe, EnsureValid called via EnsureValid call for same element
E, 3524, 17, 2012/11/12, 16:16:05.220, 6723352400966, QTAgent32.exe, EnsureValid called via EnsureValid call for same element
E, 3524, 17, 2012/11/12, 16:16:05.220, 6723352406216, QTAgent32.exe, GetClassName for handle 2623836 failed
E, 3524, 17, 2012/11/12, 16:16:05.236, 6723352415146, QTAgent32.exe, Exception: System.Runtime.InteropServices.COMException
	Message: Error HRESULT E_FAIL has been returned from a call to a COM component.
	Stack Trace:    at Accessibility.IAccessible.get_accState(Object varChild)
   at Microsoft.VisualStudio.TestTools.UITest.Extension.Msaa.AccWrapper.get_State()
	BaseExceptionMessage: Error HRESULT E_FAIL has been returned from a call to a COM component.

E, 3524, 17, 2012/11/12, 16:16:05.236, 6723352419505, QTAgent32.exe, Exception: System.Runtime.InteropServices.COMException
	Message: Error HRESULT E_FAIL has been returned from a call to a COM component.
	Stack Trace:    at Accessibility.IAccessible.get_accState(Object varChild)
   at Microsoft.VisualStudio.TestTools.UITest.Extension.Msaa.AccWrapper.get_State()
	BaseExceptionMessage: Error HRESULT E_FAIL has been returned from a call to a COM component.

E, 3524, 17, 2012/11/12, 16:16:05.236, 6723352423737, QTAgent32.exe, Exception: System.Runtime.InteropServices.COMException
	Message: Error HRESULT E_FAIL has been returned from a call to a COM component.
	Stack Trace:    at Accessibility.IAccessible.get_accState(Object varChild)
   at Microsoft.VisualStudio.TestTools.UITest.Extension.Msaa.AccWrapper.get_State()
	BaseExceptionMessage: Error HRESULT E_FAIL has been returned from a call to a COM component.

E, 3524, 17, 2012/11/12, 16:16:05.236, 6723352427959, QTAgent32.exe, Exception: System.Runtime.InteropServices.COMException
	Message: Error HRESULT E_FAIL has been returned from a call to a COM component.
	Stack Trace:    at Accessibility.IAccessible.get_accState(Object varChild)
   at Microsoft.VisualStudio.TestTools.UITest.Extension.Msaa.AccWrapper.get_State()
	BaseExceptionMessage: Error HRESULT E_FAIL has been returned from a call to a COM component.

E, 3524, 17, 2012/11/12, 16:16:05.236, 6723352432261, QTAgent32.exe, Exception: System.Runtime.InteropServices.COMException
	Message: Error HRESULT E_FAIL has been returned from a call to a COM component.
	Stack Trace:    at Accessibility.IAccessible.get_accState(Object varChild)
   at Microsoft.VisualStudio.TestTools.UITest.Extension.Msaa.AccWrapper.get_State()
	BaseExceptionMessage: Error HRESULT E_FAIL has been returned from a call to a COM component.

E, 3524, 17, 2012/11/12, 16:16:05.236, 6723352436503, QTAgent32.exe, Exception: System.Runtime.InteropServices.COMException
	Message: Error HRESULT E_FAIL has been returned from a call to a COM component.
	Stack Trace:    at Accessibility.IAccessible.get_accState(Object varChild)
   at Microsoft.VisualStudio.TestTools.UITest.Extension.Msaa.AccWrapper.get_State()
	BaseExceptionMessage: Error HRESULT E_FAIL has been returned from a call to a COM component.

E, 3524, 17, 2012/11/12, 16:16:05.236, 6723352440756, QTAgent32.exe, Exception: System.Runtime.InteropServices.COMException
	Message: Error HRESULT E_FAIL has been returned from a call to a COM component.
	Stack Trace:    at Accessibility.IAccessible.get_accState(Object varChild)
   at Microsoft.VisualStudio.TestTools.UITest.Extension.Msaa.AccWrapper.get_State()
	BaseExceptionMessage: Error HRESULT E_FAIL has been returned from a call to a COM component.

W, 3524, 17, 2012/11/12, 16:16:05.423, 6723355288001, QTAgent32.exe, PERF WARNING: MSAA.UpdateQueryIDForNamelessControls: took 201 ms. Expected it to take maximum 200 ms.
W, 3524, 17, 2012/11/12, 16:16:05.423, 6723355292142, QTAgent32.exe, Msaa.Navigate: Exception [Error HRESULT E_FAIL has been returned from a call to a COM component.] while calling accNavigate.
E, 3524, 17, 2012/11/12, 16:16:05.423, 6723355293188, QTAgent32.exe, GetClassName for handle 1050948 failed
E, 3524, 17, 2012/11/12, 16:16:05.423, 6723355294024, QTAgent32.exe, Window 1050948 not responding. Last Win32 error 1400
E, 3524, 17, 2012/11/12, 16:16:05.423, 6723355296479, QTAgent32.exe, GetClassName for handle 2623836 failed
W, 3524, 17, 2012/11/12, 16:16:05.595, 6723357556106, QTAgent32.exe, &lt;a class=success&gt;Playback - {226} [SUCCESS] SendKeys "^{HOME}" - "[MSAA, VisibleOnly]ControlType='Edit'"
\0&lt;/a&gt;
E, 3524, 17, 2012/11/12, 16:16:05.595, 6723357558998, QTAgent32.exe, Msaa.GetFocusedElement: could not find accessible object of foreground window
W, 3524, 17, 2012/11/12, 16:16:05.688, 6723358893955, QTAgent32.exe, &lt;a class=success&gt;Playback - {227} [SUCCESS] SendKeys "^+{END}" - "[MSAA, VisibleOnly]ControlType='Edit'"
\0&lt;/a&gt;
E, 3524, 17, 2012/11/12, 16:16:05.688, 6723358896866, QTAgent32.exe, Msaa.GetFocusedElement: could not find accessible object of foreground window
W, 3524, 17, 2012/11/12, 16:16:05.704, 6723359116931, QTAgent32.exe, &lt;a class=success&gt;Playback - {228} [SUCCESS] SendKeys "{DELETE}" - "[MSAA, VisibleOnly]ControlType='Edit'"
\0&lt;/a&gt;
W, 3524, 17, 2012/11/12, 16:16:06.016, 6723363587973, QTAgent32.exe, &lt;a class=success&gt;Playback - {229} [SUCCESS] SetValueAsEditBox "NewTest" - "[MSAA, VisibleOnly]ControlType='Edit'"  &lt; Set via SendKeys &gt;
\0&lt;/a&gt;
W, 3524, 17, 2012/11/12, 16:16:06.515, 6723370812249, QTAgent32.exe, &lt;a class=success&gt;Playback - {230} [SUCCESS] MouseButtonClick - "[MSAA, VisibleOnly]ControlType='Button' &amp;&amp; Name='Next &gt;'"
\0&lt;/a&gt;
W, 3524, 17, 2012/11/12, 16:16:06.765, 6723374422479, QTAgent32.exe, &lt;a class=success&gt;Playback - {231} [SUCCESS] MouseButtonClick - "[MSAA, VisibleOnly]ControlType='Button' &amp;&amp; Name='Next &gt;'"
\0&lt;/a&gt;
W, 3524, 17, 2012/11/12, 16:16:06.999, 6723377814658, QTAgent32.exe, &lt;a class=success&gt;Playback - {232} [SUCCESS] MouseButtonClick - "[MSAA, VisibleOnly]ControlType='Button' &amp;&amp; Name='Next &gt;'"
\0&lt;/a&gt;
W, 3524, 17, 2012/11/12, 16:16:07.248, 6723381269533, QTAgent32.exe, &lt;a class=success&gt;Playback - {233} [SUCCESS] MouseButtonClick - "[MSAA, VisibleOnly]ControlType='Button' &amp;&amp; Name='Next &gt;'"
\0&lt;/a&gt;
W, 3524, 17, 2012/11/12, 16:16:07.482, 6723384599200, QTAgent32.exe, &lt;a class=success&gt;Playback - {234} [SUCCESS] MouseButtonClick - "[MSAA, VisibleOnly]ControlType='Button' &amp;&amp; Name='Next &gt;'"
\0&lt;/a&gt;
W, 3524, 17, 2012/11/12, 16:16:07.701, 6723387896883, QTAgent32.exe, &lt;a class=success&gt;Playback - {235} [SUCCESS] MouseButtonClick - "[MSAA, VisibleOnly]ControlType='Button' &amp;&amp; Name='Next &gt;'"
\0&lt;/a&gt;
W, 3524, 17, 2012/11/12, 16:16:07.935, 6723391135910, QTAgent32.exe, &lt;a class=success&gt;Playback - {236} [SUCCESS] MouseButtonClick - "[MSAA, VisibleOnly]ControlType='Button' &amp;&amp; Name='Next &gt;'"
\0&lt;/a&gt;
W, 3524, 17, 2012/11/12, 16:16:08.309, 6723396558560, QTAgent32.exe, &lt;a class=success&gt;Playback - {237} [SUCCESS] MouseButtonClick - "[MSAA, VisibleOnly]ControlType='Button' &amp;&amp; Name='Quote'"
\0&lt;/a&gt;
W, 3524, 17, 2012/11/12, 16:16:08.574, 6723400216440, QTAgent32.exe, &lt;a class=success&gt;Playback - {238} [SUCCESS] SendKeys "^{HOME}" - "[MSAA, VisibleOnly]ControlType='Edit'"
\0&lt;/a&gt;
E, 3524, 17, 2012/11/12, 16:16:08.574, 6723400219381, QTAgent32.exe, Msaa.GetFocusedElement: could not find accessible object of foreground window
W, 3524, 17, 2012/11/12, 16:16:08.652, 6723401333161, QTAgent32.exe, &lt;a class=success&gt;Playback - {239} [SUCCESS] SendKeys "^+{END}" - "[MSAA, VisibleOnly]ControlType='Edit'"
\0&lt;/a&gt;
E, 3524, 17, 2012/11/12, 16:16:08.652, 6723401336169, QTAgent32.exe, Msaa.GetFocusedElement: could not find accessible object of foreground window
W, 3524, 17, 2012/11/12, 16:16:08.668, 6723401557159, QTAgent32.exe, &lt;a class=success&gt;Playback - {240} [SUCCESS] SendKeys "{DELETE}" - "[MSAA, VisibleOnly]ControlType='Edit'"
\0&lt;/a&gt;
W, 3524, 17, 2012/11/12, 16:16:08.996, 6723406251897, QTAgent32.exe, &lt;a class=success&gt;Playback - {241} [SUCCESS] SetValueAsEditBox "26/11/12" - "[MSAA, VisibleOnly]ControlType='Edit'"  &lt; Set via SendKeys &gt;
\0&lt;/a&gt;
W, 3524, 17, 2012/11/12, 16:16:09.620, 6723415201141, QTAgent32.exe, &lt;a class=success&gt;Playback - {242} [SUCCESS] MouseButtonClick - "[MSAA, VisibleOnly]ControlType='Button' &amp;&amp; Name='OK'"
\0&lt;/a&gt;
W, 3524, 17, 2012/11/12, 16:16:12.927, 6723462531798, QTAgent32.exe, PERF WARNING: FindTopLevelWindowHelper::FindAllDescendents: took 3196 ms. Expected it to take maximum 500 ms.
W, 3524, 17, 2012/11/12, 16:16:13.192, 6723466334428, QTAgent32.exe, &lt;a class=success&gt;Playback - {243} [SUCCESS] MouseButtonClick - "[MSAA, VisibleOnly]ControlType='Client'"
\0&lt;/a&gt;
W, 3524, 17, 2012/11/12, 16:16:13.442, 6723469905107, QTAgent32.exe, &lt;a class=success&gt;Playback - {244} [SUCCESS] SendKeys "{Home}" - "[MSAA, VisibleOnly]ControlType='Client'"
\0&lt;/a&gt;
W, 3524, 17, 2012/11/12, 16:16:13.894, 6723476505727, QTAgent32.exe, &lt;a class=success&gt;Playback - {245} [SUCCESS] MouseButtonClick - "[MSAA, VisibleOnly]ControlType='Button' &amp;&amp; Name='Accept'"
\0&lt;/a&gt;
W, 3524, 17, 2012/11/12, 16:16:14.456, 6723484567383, QTAgent32.exe, &lt;a class=success&gt;Playback - {246} [SUCCESS] MouseButtonClick - "[MSAA, VisibleOnly]ControlType='Button' &amp;&amp; Name='OK'"
\0&lt;/a&gt;
E, 3524, 17, 2012/11/12, 16:16:14.565, 6723485989209, QTAgent32.exe, GetClassName for handle 5637816 failed
W, 3524, 17, 2012/11/12, 16:16:14.924, 6723491182974, QTAgent32.exe, &lt;a class=success&gt;Playback - {247} [SUCCESS] MouseButtonClick - "[MSAA, VisibleOnly]ControlType='Button' &amp;&amp; Name='Ok'"
\0&lt;/a&gt;
E, 3524, 17, 2012/11/12, 16:16:15.033, 6723492689981, QTAgent32.exe, GetClassName for handle 2886024 failed
W, 3524, 17, 2012/11/12, 16:16:28.996, 6723692614201, QTAgent32.exe, PERF WARNING: FindTopLevelWindowHelper::FindAllDescendents: took 13962 ms. Expected it to take maximum 500 ms.
W, 3524, 17, 2012/11/12, 16:16:29.417, 6723698679842, QTAgent32.exe, &lt;a class=success&gt;Playback - {248} [SUCCESS] MouseButtonClick - "[MSAA, VisibleOnly]ControlType='Button' &amp;&amp; Name='OK'"
\0&lt;/a&gt;
W, 3524, 17, 2012/11/12, 16:16:29.527, 6723700195471, QTAgent32.exe, Playback - [WARNING] Internal warning: Thread state based WFR - Requested element has invalid HWND
\0
W, 3524, 17, 2012/11/12, 16:16:29.527, 6723700197515, QTAgent32.exe, Playback - [WARNING] Internal warning: process performance counters based WFR - Requested element has invalid HWND
\0
E, 3524, 17, 2012/11/12, 16:16:29.527, 6723700200705, QTAgent32.exe, EnsureValid called via EnsureValid call for same element
E, 3524, 17, 2012/11/12, 16:16:29.527, 6723700204230, QTAgent32.exe, GetClassName for handle 1968412 failed
E, 3524, 17, 2012/11/12, 16:16:29.527, 6723700206566, QTAgent32.exe, EnsureValid called via EnsureValid call for same element
E, 3524, 17, 2012/11/12, 16:16:29.527, 6723700208087, QTAgent32.exe, EnsureValid called via EnsureValid call for same element
E, 3524, 17, 2012/11/12, 16:16:29.527, 6723700225227, QTAgent32.exe, Window 1968412 not responding. Last Win32 error 0
E, 3524, 17, 2012/11/12, 16:16:29.527, 6723700227400, QTAgent32.exe, GetClassName for handle 1968412 failed
E, 3524, 17, 2012/11/12, 16:16:29.527, 6723700228554, QTAgent32.exe, GetClassName for handle 1968412 failed
W, 3524, 17, 2012/11/12, 16:16:29.854, 6723704888710, QTAgent32.exe, &lt;a class=success&gt;Playback - {249} [SUCCESS] Check - "[MSAA, VisibleOnly]ControlType='CheckBox' &amp;&amp; Name='Defer Printing?'"
\0&lt;/a&gt;
W, 3524, 17, 2012/11/12, 16:16:30.541, 6723714850488, QTAgent32.exe, &lt;a class=success&gt;Playback - {250} [SUCCESS] MouseButtonClick - "[MSAA, VisibleOnly]ControlType='Button' &amp;&amp; Name='Ok'"
\0&lt;/a&gt;
W, 3524, 17, 2012/11/12, 16:16:30.650, 6723716276869, QTAgent32.exe, Playback - [WARNING] Internal warning: Thread state based WFR - Requested element has invalid HWND
\0
W, 3524, 17, 2012/11/12, 16:16:30.650, 6723716278705, QTAgent32.exe, Playback - [WARNING] Internal warning: process performance counters based WFR - Requested element has invalid HWND
\0
E, 3524, 17, 2012/11/12, 16:16:30.650, 6723716281841, QTAgent32.exe, EnsureValid called via EnsureValid call for same element
E, 3524, 17, 2012/11/12, 16:16:30.650, 6723716285355, QTAgent32.exe, GetClassName for handle 2820496 failed
E, 3524, 17, 2012/11/12, 16:16:30.665, 6723716498003, QTAgent32.exe, EnsureValid called via EnsureValid call for same element
E, 3524, 17, 2012/11/12, 16:16:30.665, 6723716499594, QTAgent32.exe, EnsureValid called via EnsureValid call for same element
E, 3524, 17, 2012/11/12, 16:16:30.665, 6723716517372, QTAgent32.exe, Window 2820496 not responding. Last Win32 error 0
E, 3524, 17, 2012/11/12, 16:16:30.665, 6723716519537, QTAgent32.exe, GetClassName for handle 2820496 failed
E, 3524, 17, 2012/11/12, 16:16:30.665, 6723716520521, QTAgent32.exe, GetClassName for handle 2820496 failed
W, 3524, 17, 2012/11/12, 16:16:31.524, 6723728819863, QTAgent32.exe, PERF WARNING: FindTopLevelWindowHelper::FindAllDescendents: took 858 ms. Expected it to take maximum 500 ms.
W, 3524, 17, 2012/11/12, 16:16:32.491, 6723742638439, QTAgent32.exe, &lt;a class=success&gt;Playback - {251} [SUCCESS] Uncheck - "[MSAA, VisibleOnly]ControlType='CheckBox' &amp;&amp; Name='Add Activity'"
\0&lt;/a&gt;
E, 3524, 17, 2012/11/12, 16:16:32.709, 6723745761255, QTAgent32.exe, GetClassName for handle 4917132 failed
W, 3524, 17, 2012/11/12, 16:16:33.052, 6723750780029, QTAgent32.exe, &lt;a class=success&gt;Playback - {252} [SUCCESS] MouseButtonClick - "[MSAA, VisibleOnly]ControlType='Button' &amp;&amp; Name='Ok'"
\0&lt;/a&gt;
E, 3524, 17, 2012/11/12, 16:16:33.286, 6723754028177, QTAgent32.exe, GetClassName for handle 2754996 failed
W, 3524, 17, 2012/11/12, 16:16:37.171, 6723809649842, QTAgent32.exe, PERF WARNING: FindTopLevelWindowHelper::FindAllDescendents: took 3814 ms. Expected it to take maximum 500 ms.
W, 3524, 17, 2012/11/12, 16:16:37.811, 6723818833018, QTAgent32.exe, &lt;a class=success&gt;Playback - {253} [SUCCESS] MouseButtonClick - "[MSAA, VisibleOnly]ControlType='Button' &amp;&amp; Name='OK'"
\0&lt;/a&gt;
E, 3524, 17, 2012/11/12, 16:16:38.029, 6723821927163, QTAgent32.exe, GetClassName for handle 6226778 failed
W, 3524, 17, 2012/11/12, 16:16:40.260, 6723853885992, QTAgent32.exe, PERF WARNING: FindTopLevelWindowHelper::FindAllDescendents: took 2231 ms. Expected it to take maximum 500 ms.
W, 3524, 17, 2012/11/12, 16:16:42.553, 6723886702742, QTAgent32.exe, &lt;a class=success&gt;Playback - {254} [SUCCESS] MouseButtonClick - "[MSAA, VisibleOnly]ControlType='Button' &amp;&amp; Name='OK'"
\0&lt;/a&gt;
W, 3524, 17, 2012/11/12, 16:16:42.990, 6723893018682, QTAgent32.exe, &lt;a class=success&gt;Playback - {255} [SUCCESS] MouseButtonClick - "[MSAA, VisibleOnly]ControlType='Button' &amp;&amp; Name='Options'"
\0&lt;/a&gt;
W, 3524, 17, 2012/11/12, 16:16:43.099, 6723894528465, QTAgent32.exe, FindScreenElementInSinglePass : Attempting to find control in one pass of search. Failures can occur.
W, 3524, 17, 2012/11/12, 16:16:43.099, 6723894637086, QTAgent32.exe, Playback - [WARNING] Internal failure: Method GetBoundingRectangle failed (HRESULT = 0x1, "Incorrect function.") for Name = "Quote Select List" ," ControlType = "MenuItem"
\0
W, 3524, 17, 2012/11/12, 16:16:43.099, 6723894638515, QTAgent32.exe, Playback - [WARNING] Internal failure: Couldn't get clickable point for ScreenUIElement - GetClickablePoint failed
\0
W, 3524, 17, 2012/11/12, 16:16:43.099, 6723894641249, QTAgent32.exe, FindScreenElementInSinglePass : Attempting to find control in one pass of search. Failures can occur.
W, 3524, 17, 2012/11/12, 16:16:43.099, 6723894670398, QTAgent32.exe, FindScreenElementInSinglePass : Attempting to find control in one pass of search. Failures can occur.
W, 3524, 17, 2012/11/12, 16:16:43.427, 6723899213894, QTAgent32.exe, &lt;a class=success&gt;Playback - {256} [SUCCESS] LeftButtonClick - "[MSAA, VisibleOnly]ControlType='MenuBar' &amp;&amp; Name='Application'"  &lt; Mouse cursor location (960, 31) &gt;
\0&lt;/a&gt;
W, 3524, 17, 2012/11/12, 16:16:43.536, 6723900776026, QTAgent32.exe, &lt;a class=success&gt;Playback - {257} [SUCCESS] LeftButtonClick - "[MSAA]ControlType='MenuItem' &amp;&amp; Name='Options'"  &lt; Mouse cursor location (94, 31) &gt;
\0&lt;/a&gt;
W, 3524, 17, 2012/11/12, 16:16:43.708, 6723903233038, QTAgent32.exe, &lt;a class=success&gt;Playback - {258} [SUCCESS] LeftButtonClick - "[MSAA]ControlType='MenuItem' &amp;&amp; Name='Links'"  &lt; Mouse cursor location (174, 319) &gt;
\0&lt;/a&gt;
W, 3524, 17, 2012/11/12, 16:16:43.895, 6723905913108, QTAgent32.exe, &lt;a class=success&gt;Playback - {259} [SUCCESS] LeftButtonClick - "[MSAA]ControlType='MenuItem' &amp;&amp; Name='3rd Party Integration'"  &lt; Mouse cursor location (375, 319) &gt;
\0&lt;/a&gt;
W, 3524, 17, 2012/11/12, 16:16:44.082, 6723908629710, QTAgent32.exe, &lt;a class=success&gt;Playback - {260} [SUCCESS] MouseButtonClick - "[MSAA]ControlType='MenuItem' &amp;&amp; Name='Quote Select List'"
\0&lt;/a&gt;
E, 3524, 17, 2012/11/12, 16:16:44.207, 6723910440210, QTAgent32.exe, GetClassName for handle 4260520 failed
W, 3524, 17, 2012/11/12, 16:16:45.892, 6723934517510, QTAgent32.exe, PERF WARNING: FindTopLevelWindowHelper::FindAllDescendents: took 1667 ms. Expected it to take maximum 500 ms.
W, 3524, 17, 2012/11/12, 16:16:46.501, 6723943360938, QTAgent32.exe, &lt;a class=success&gt;Playback - {261} [SUCCESS] MouseButtonClick - "[MSAA, VisibleOnly]ControlType='Button' &amp;&amp; Name='Ok'"
\0&lt;/a&gt;
W, 3524, 17, 2012/11/12, 16:16:48.029, 6723965145725, QTAgent32.exe, PERF WARNING: FindTopLevelWindowHelper::FindAllDescendents: took 1408 ms. Expected it to take maximum 500 ms.
W, 3524, 17, 2012/11/12, 16:16:48.357, 6723969998630, QTAgent32.exe, &lt;a class=success&gt;Playback - {262} [SUCCESS] MouseButtonClick - "[MSAA, VisibleOnly]ControlType='Button' &amp;&amp; Name='After'"
\0&lt;/a&gt;
W, 3524, 17, 2012/11/12, 16:16:50.229, 6723996730326, QTAgent32.exe, PERF WARNING: FindTopLevelWindowHelper::FindAllDescendents: took 1761 ms. Expected it to take maximum 500 ms.
W, 3524, 17, 2012/11/12, 16:16:50.853, 6724005563726, QTAgent32.exe, &lt;a class=success&gt;Playback - {263} [SUCCESS] MouseButtonClick - "[MSAA, VisibleOnly]ControlType='Button' &amp;&amp; Name='MTA'"
\0&lt;/a&gt;
W, 3524, 17, 2012/11/12, 16:16:50.962, 6724007097045, QTAgent32.exe, Playback - [WARNING] Internal warning: Thread state based WFR - Requested element has invalid HWND
\0
W, 3524, 17, 2012/11/12, 16:16:50.962, 6724007098617, QTAgent32.exe, Playback - [WARNING] Internal warning: process performance counters based WFR - Requested element has invalid HWND
\0
E, 3524, 17, 2012/11/12, 16:16:50.962, 6724007101700, QTAgent32.exe, EnsureValid called via EnsureValid call for same element
E, 3524, 17, 2012/11/12, 16:16:50.962, 6724007105182, QTAgent32.exe, GetClassName for handle 7013468 failed
E, 3524, 17, 2012/11/12, 16:16:50.962, 6724007107435, QTAgent32.exe, EnsureValid called via EnsureValid call for same element
E, 3524, 17, 2012/11/12, 16:16:50.962, 6724007108892, QTAgent32.exe, EnsureValid called via EnsureValid call for same element
E, 3524, 17, 2012/11/12, 16:16:50.962, 6724007125603, QTAgent32.exe, Window 7013468 not responding. Last Win32 error 0
E, 3524, 17, 2012/11/12, 16:16:50.962, 6724007127737, QTAgent32.exe, GetClassName for handle 7013468 failed
E, 3524, 17, 2012/11/12, 16:16:50.962, 6724007128628, QTAgent32.exe, GetClassName for handle 7013468 failed
W, 3524, 17, 2012/11/12, 16:16:51.493, 6724014907104, QTAgent32.exe, Playback - [WARNING] Internal warning: Incorrect flag set for InvokeProgrammaticAction\0
W, 3524, 17, 2012/11/12, 16:16:51.836, 6724019619251, QTAgent32.exe, &lt;a class=success&gt;Playback - {264} [SUCCESS] SetValueAsComboBox "General Adjustment" - "[MSAA, VisibleOnly]ControlType='ComboBox'"  &lt; SetValueAsComboBox, set by clicking on the item in the list box &gt;
\0&lt;/a&gt;
W, 3524, 17, 2012/11/12, 16:16:52.273, 6724026064437, QTAgent32.exe, &lt;a class=success&gt;Playback - {265} [SUCCESS] MouseButtonClick - "[MSAA, VisibleOnly]ControlType='Button' &amp;&amp; Name='OK'"
\0&lt;/a&gt;
W, 3524, 17, 2012/11/12, 16:16:52.444, 6724028487923, QTAgent32.exe, Playback - [WARNING] Internal warning: Thread state based WFR - Requested element has invalid HWND
\0
W, 3524, 17, 2012/11/12, 16:16:52.444, 6724028489728, QTAgent32.exe, Playback - [WARNING] Internal warning: process performance counters based WFR - Requested element has invalid HWND
\0
E, 3524, 17, 2012/11/12, 16:16:52.444, 6724028492923, QTAgent32.exe, EnsureValid called via EnsureValid call for same element
E, 3524, 17, 2012/11/12, 16:16:52.444, 6724028495287, QTAgent32.exe, GetClassName for handle 6227962 failed
E, 3524, 17, 2012/11/12, 16:16:52.444, 6724028497620, QTAgent32.exe, EnsureValid called via EnsureValid call for same element
E, 3524, 17, 2012/11/12, 16:16:52.444, 6724028499144, QTAgent32.exe, EnsureValid called via EnsureValid call for same element
E, 3524, 17, 2012/11/12, 16:16:52.444, 6724028504323, QTAgent32.exe, GetClassName for handle 6227962 failed
E, 3524, 17, 2012/11/12, 16:16:52.444, 6724028511411, QTAgent32.exe, Exception: System.Runtime.InteropServices.COMException
	Message: Error HRESULT E_FAIL has been returned from a call to a COM component.
	Stack Trace:    at Accessibility.IAccessible.get_accState(Object varChild)
   at Microsoft.VisualStudio.TestTools.UITest.Extension.Msaa.AccWrapper.get_State()
	BaseExceptionMessage: Error HRESULT E_FAIL has been returned from a call to a COM component.

E, 3524, 17, 2012/11/12, 16:16:52.444, 6724028516141, QTAgent32.exe, Exception: System.Runtime.InteropServices.COMException
	Message: Error HRESULT E_FAIL has been returned from a call to a COM component.
	Stack Trace:    at Accessibility.IAccessible.get_accState(Object varChild)
   at Microsoft.VisualStudio.TestTools.UITest.Extension.Msaa.AccWrapper.get_State()
	BaseExceptionMessage: Error HRESULT E_FAIL has been returned from a call to a COM component.

E, 3524, 17, 2012/11/12, 16:16:52.444, 6724028520366, QTAgent32.exe, Exception: System.Runtime.InteropServices.COMException
	Message: Error HRESULT E_FAIL has been returned from a call to a COM component.
	Stack Trace:    at Accessibility.IAccessible.get_accState(Object varChild)
   at Microsoft.VisualStudio.TestTools.UITest.Extension.Msaa.AccWrapper.get_State()
	BaseExceptionMessage: Error HRESULT E_FAIL has been returned from a call to a COM component.

E, 3524, 17, 2012/11/12, 16:16:52.444, 6724028524588, QTAgent32.exe, Exception: System.Runtime.InteropServices.COMException
	Message: Error HRESULT E_FAIL has been returned from a call to a COM component.
	Stack Trace:    at Accessibility.IAccessible.get_accState(Object varChild)
   at Microsoft.VisualStudio.TestTools.UITest.Extension.Msaa.AccWrapper.get_State()
	BaseExceptionMessage: Error HRESULT E_FAIL has been returned from a call to a COM component.

E, 3524, 17, 2012/11/12, 16:16:52.444, 6724028528844, QTAgent32.exe, Exception: System.Runtime.InteropServices.COMException
	Message: Error HRESULT E_FAIL has been returned from a call to a COM component.
	Stack Trace:    at Accessibility.IAccessible.get_accState(Object varChild)
   at Microsoft.VisualStudio.TestTools.UITest.Extension.Msaa.AccWrapper.get_State()
	BaseExceptionMessage: Error HRESULT E_FAIL has been returned from a call to a COM component.

E, 3524, 17, 2012/11/12, 16:16:52.444, 6724028533170, QTAgent32.exe, Exception: System.Runtime.InteropServices.COMException
	Message: Error HRESULT E_FAIL has been returned from a call to a COM component.
	Stack Trace:    at Accessibility.IAccessible.get_accState(Object varChild)
   at Microsoft.VisualStudio.TestTools.UITest.Extension.Msaa.AccWrapper.get_State()
	BaseExceptionMessage: Error HRESULT E_FAIL has been returned from a call to a COM component.

E, 3524, 17, 2012/11/12, 16:16:52.460, 6724028539168, QTAgent32.exe, Exception: System.Runtime.InteropServices.COMException
	Message: Error HRESULT E_FAIL has been returned from a call to a COM component.
	Stack Trace:    at Accessibility.IAccessible.get_accState(Object varChild)
   at Microsoft.VisualStudio.TestTools.UITest.Extension.Msaa.AccWrapper.get_State()
	BaseExceptionMessage: Error HRESULT E_FAIL has been returned from a call to a COM component.

W, 3524, 17, 2012/11/12, 16:16:52.647, 6724031386068, QTAgent32.exe, PERF WARNING: MSAA.UpdateQueryIDForNamelessControls: took 201 ms. Expected it to take maximum 200 ms.
W, 3524, 17, 2012/11/12, 16:16:52.647, 6724031389750, QTAgent32.exe, Msaa.Navigate: Exception [Error HRESULT E_FAIL has been returned from a call to a COM component.] while calling accNavigate.
E, 3524, 17, 2012/11/12, 16:16:52.647, 6724031390761, QTAgent32.exe, GetClassName for handle 2689448 failed
E, 3524, 17, 2012/11/12, 16:16:52.647, 6724031391589, QTAgent32.exe, Window 2689448 not responding. Last Win32 error 1400
E, 3524, 17, 2012/11/12, 16:16:52.647, 6724031394024, QTAgent32.exe, GetClassName for handle 6227962 failed
W, 3524, 17, 2012/11/12, 16:16:52.819, 6724033676031, QTAgent32.exe, &lt;a class=success&gt;Playback - {266} [SUCCESS] SendKeys "^{HOME}" - "[MSAA, VisibleOnly]ControlType='Edit'"
\0&lt;/a&gt;
E, 3524, 17, 2012/11/12, 16:16:52.819, 6724033678701, QTAgent32.exe, Msaa.GetFocusedElement: could not find accessible object of foreground window
W, 3524, 17, 2012/11/12, 16:16:52.897, 6724034794770, QTAgent32.exe, &lt;a class=success&gt;Playback - {267} [SUCCESS] SendKeys "^+{END}" - "[MSAA, VisibleOnly]ControlType='Edit'"
\0&lt;/a&gt;
E, 3524, 17, 2012/11/12, 16:16:52.897, 6724034796772, QTAgent32.exe, Msaa.GetFocusedElement: could not find accessible object of foreground window
W, 3524, 17, 2012/11/12, 16:16:52.913, 6724035018997, QTAgent32.exe, &lt;a class=success&gt;Playback - {268} [SUCCESS] SendKeys "{DELETE}" - "[MSAA, VisibleOnly]ControlType='Edit'"
\0&lt;/a&gt;
W, 3524, 17, 2012/11/12, 16:16:53.209, 6724039262887, QTAgent32.exe, &lt;a class=success&gt;Playback - {269} [SUCCESS] SetValueAsEditBox "NewTest" - "[MSAA, VisibleOnly]ControlType='Edit'"  &lt; Set via SendKeys &gt;
\0&lt;/a&gt;
E, 3524, 17, 2012/11/12, 16:16:53.318, 6724040827274, QTAgent32.exe, GetClassName for handle 5048434 failed
W, 3524, 17, 2012/11/12, 16:16:53.724, 6724046627958, QTAgent32.exe, &lt;a class=success&gt;Playback - {270} [SUCCESS] MouseButtonClick - "[MSAA, VisibleOnly]ControlType='Button' &amp;&amp; Name='Next &gt;'"
\0&lt;/a&gt;
E, 3524, 17, 2012/11/12, 16:16:53.833, 6724048197518, QTAgent32.exe, GetClassName for handle 3934208 failed
W, 3524, 17, 2012/11/12, 16:16:53.973, 6724050303887, QTAgent32.exe, &lt;a class=success&gt;Playback - {271} [SUCCESS] MouseButtonClick - "[MSAA, VisibleOnly]ControlType='Button' &amp;&amp; Name='Next &gt;'"
\0&lt;/a&gt;
E, 3524, 17, 2012/11/12, 16:16:54.083, 6724051773988, QTAgent32.exe, GetClassName for handle 3277718 failed
W, 3524, 17, 2012/11/12, 16:16:54.192, 6724053479338, QTAgent32.exe, &lt;a class=success&gt;Playback - {272} [SUCCESS] MouseButtonClick - "[MSAA, VisibleOnly]ControlType='Button' &amp;&amp; Name='Next &gt;'"
\0&lt;/a&gt;
E, 3524, 17, 2012/11/12, 16:16:54.301, 6724054898947, QTAgent32.exe, GetClassName for handle 5046868 failed
W, 3524, 17, 2012/11/12, 16:16:54.426, 6724056710971, QTAgent32.exe, &lt;a class=success&gt;Playback - {273} [SUCCESS] MouseButtonClick - "[MSAA, VisibleOnly]ControlType='Button' &amp;&amp; Name='Next &gt;'"
\0&lt;/a&gt;
E, 3524, 17, 2012/11/12, 16:16:54.535, 6724058249462, QTAgent32.exe, GetClassName for handle 3672366 failed
W, 3524, 17, 2012/11/12, 16:16:54.660, 6724060049307, QTAgent32.exe, &lt;a class=success&gt;Playback - {274} [SUCCESS] MouseButtonClick - "[MSAA, VisibleOnly]ControlType='Button' &amp;&amp; Name='Next &gt;'"
\0&lt;/a&gt;
E, 3524, 17, 2012/11/12, 16:16:54.769, 6724061596909, QTAgent32.exe, GetClassName for handle 3410186 failed
W, 3524, 17, 2012/11/12, 16:16:54.878, 6724063345101, QTAgent32.exe, &lt;a class=success&gt;Playback - {275} [SUCCESS] MouseButtonClick - "[MSAA, VisibleOnly]ControlType='Button' &amp;&amp; Name='Next &gt;'"
\0&lt;/a&gt;
E, 3524, 17, 2012/11/12, 16:16:54.987, 6724064724448, QTAgent32.exe, GetClassName for handle 4131226 failed
W, 3524, 17, 2012/11/12, 16:16:55.128, 6724066808677, QTAgent32.exe, &lt;a class=success&gt;Playback - {276} [SUCCESS] MouseButtonClick - "[MSAA, VisibleOnly]ControlType='Button' &amp;&amp; Name='Next &gt;'"
\0&lt;/a&gt;
E, 3524, 17, 2012/11/12, 16:16:55.237, 6724068299142, QTAgent32.exe, GetClassName for handle 6948126 failed
W, 3524, 17, 2012/11/12, 16:16:55.565, 6724073067352, QTAgent32.exe, &lt;a class=success&gt;Playback - {277} [SUCCESS] MouseButtonClick - "[MSAA, VisibleOnly]ControlType='Button' &amp;&amp; Name='Quote'"
\0&lt;/a&gt;
W, 3524, 17, 2012/11/12, 16:16:55.674, 6724074551791, QTAgent32.exe, Playback - [WARNING] Internal warning: Thread state based WFR - Requested element has invalid HWND
\0
W, 3524, 17, 2012/11/12, 16:16:55.674, 6724074553405, QTAgent32.exe, Playback - [WARNING] Internal warning: process performance counters based WFR - Requested element has invalid HWND
\0
E, 3524, 17, 2012/11/12, 16:16:55.674, 6724074556498, QTAgent32.exe, EnsureValid called via EnsureValid call for same element
E, 3524, 17, 2012/11/12, 16:16:55.674, 6724074558790, QTAgent32.exe, GetClassName for handle 5179166 failed
E, 3524, 17, 2012/11/12, 16:16:55.674, 6724074561041, QTAgent32.exe, EnsureValid called via EnsureValid call for same element
E, 3524, 17, 2012/11/12, 16:16:55.674, 6724074562510, QTAgent32.exe, EnsureValid called via EnsureValid call for same element
E, 3524, 17, 2012/11/12, 16:16:55.674, 6724074567592, QTAgent32.exe, GetClassName for handle 5179166 failed
E, 3524, 17, 2012/11/12, 16:16:55.674, 6724074574522, QTAgent32.exe, Exception: System.Runtime.InteropServices.COMException
	Message: Error HRESULT E_FAIL has been returned from a call to a COM component.
	Stack Trace:    at Accessibility.IAccessible.get_accState(Object varChild)
   at Microsoft.VisualStudio.TestTools.UITest.Extension.Msaa.AccWrapper.get_State()
	BaseExceptionMessage: Error HRESULT E_FAIL has been returned from a call to a COM component.

E, 3524, 17, 2012/11/12, 16:16:55.674, 6724074578770, QTAgent32.exe, Exception: System.Runtime.InteropServices.COMException
	Message: Error HRESULT E_FAIL has been returned from a call to a COM component.
	Stack Trace:    at Accessibility.IAccessible.get_accState(Object varChild)
   at Microsoft.VisualStudio.TestTools.UITest.Extension.Msaa.AccWrapper.get_State()
	BaseExceptionMessage: Error HRESULT E_FAIL has been returned from a call to a COM component.

E, 3524, 17, 2012/11/12, 16:16:55.674, 6724074582929, QTAgent32.exe, Exception: System.Runtime.InteropServices.COMException
	Message: Error HRESULT E_FAIL has been returned from a call to a COM component.
	Stack Trace:    at Accessibility.IAccessible.get_accState(Object varChild)
   at Microsoft.VisualStudio.TestTools.UITest.Extension.Msaa.AccWrapper.get_State()
	BaseExceptionMessage: Error HRESULT E_FAIL has been returned from a call to a COM component.

E, 3524, 17, 2012/11/12, 16:16:55.674, 6724074587058, QTAgent32.exe, Exception: System.Runtime.InteropServices.COMException
	Message: Error HRESULT E_FAIL has been returned from a call to a COM component.
	Stack Trace:    at Accessibility.IAccessible.get_accState(Object varChild)
   at Microsoft.VisualStudio.TestTools.UITest.Extension.Msaa.AccWrapper.get_State()
	BaseExceptionMessage: Error HRESULT E_FAIL has been returned from a call to a COM component.

E, 3524, 17, 2012/11/12, 16:16:55.674, 6724074591333, QTAgent32.exe, Exception: System.Runtime.InteropServices.COMException
	Message: Error HRESULT E_FAIL has been returned from a call to a COM component.
	Stack Trace:    at Accessibility.IAccessible.get_accState(Object varChild)
   at Microsoft.VisualStudio.TestTools.UITest.Extension.Msaa.AccWrapper.get_State()
	BaseExceptionMessage: Error HRESULT E_FAIL has been returned from a call to a COM component.

E, 3524, 17, 2012/11/12, 16:16:55.674, 6724074595546, QTAgent32.exe, Exception: System.Runtime.InteropServices.COMException
	Message: Error HRESULT E_FAIL has been returned from a call to a COM component.
	Stack Trace:    at Accessibility.IAccessible.get_accState(Object varChild)
   at Microsoft.VisualStudio.TestTools.UITest.Extension.Msaa.AccWrapper.get_State()
	BaseExceptionMessage: Error HRESULT E_FAIL has been returned from a call to a COM component.

E, 3524, 17, 2012/11/12, 16:16:55.674, 6724074599694, QTAgent32.exe, Exception: System.Runtime.InteropServices.COMException
	Message: Error HRESULT E_FAIL has been returned from a call to a COM component.
	Stack Trace:    at Accessibility.IAccessible.get_accState(Object varChild)
   at Microsoft.VisualStudio.TestTools.UITest.Extension.Msaa.AccWrapper.get_State()
	BaseExceptionMessage: Error HRESULT E_FAIL has been returned from a call to a COM component.

W, 3524, 17, 2012/11/12, 16:16:55.861, 6724077449137, QTAgent32.exe, PERF WARNING: MSAA.UpdateQueryIDForNamelessControls: took 201 ms. Expected it to take maximum 200 ms.
W, 3524, 17, 2012/11/12, 16:16:55.877, 6724077453370, QTAgent32.exe, Msaa.Navigate: Exception [Error HRESULT E_FAIL has been returned from a call to a COM component.] while calling accNavigate.
E, 3524, 17, 2012/11/12, 16:16:55.877, 6724077454362, QTAgent32.exe, GetClassName for handle 5178530 failed
E, 3524, 17, 2012/11/12, 16:16:55.877, 6724077455145, QTAgent32.exe, Window 5178530 not responding. Last Win32 error 1400
E, 3524, 17, 2012/11/12, 16:16:55.877, 6724077457444, QTAgent32.exe, GetClassName for handle 5179166 failed
W, 3524, 17, 2012/11/12, 16:16:56.017, 6724079466079, QTAgent32.exe, &lt;a class=success&gt;Playback - {278} [SUCCESS] SendKeys "^{HOME}" - "[MSAA, VisibleOnly]ControlType='Edit'"
\0&lt;/a&gt;
E, 3524, 17, 2012/11/12, 16:16:56.017, 6724079468904, QTAgent32.exe, Msaa.GetFocusedElement: could not find accessible object of foreground window
W, 3524, 17, 2012/11/12, 16:16:56.111, 6724080806122, QTAgent32.exe, &lt;a class=success&gt;Playback - {279} [SUCCESS] SendKeys "^+{END}" - "[MSAA, VisibleOnly]ControlType='Edit'"
\0&lt;/a&gt;
E, 3524, 17, 2012/11/12, 16:16:56.111, 6724080808427, QTAgent32.exe, Msaa.GetFocusedElement: could not find accessible object of foreground window
W, 3524, 17, 2012/11/12, 16:16:56.126, 6724081030047, QTAgent32.exe, &lt;a class=success&gt;Playback - {280} [SUCCESS] SendKeys "{DELETE}" - "[MSAA, VisibleOnly]ControlType='Edit'"
\0&lt;/a&gt;
W, 3524, 17, 2012/11/12, 16:16:56.454, 6724085722403, QTAgent32.exe, &lt;a class=success&gt;Playback - {281} [SUCCESS] SetValueAsEditBox "25/11/12" - "[MSAA, VisibleOnly]ControlType='Edit'"  &lt; Set via SendKeys &gt;
\0&lt;/a&gt;
W, 3524, 17, 2012/11/12, 16:16:56.906, 6724092291660, QTAgent32.exe, &lt;a class=success&gt;Playback - {282} [SUCCESS] MouseButtonClick - "[MSAA, VisibleOnly]ControlType='Button' &amp;&amp; Name='OK'"
\0&lt;/a&gt;
E, 3524, 17, 2012/11/12, 16:16:57.016, 6724093849625, QTAgent32.exe, GetClassName for handle 2034150 failed
W, 3524, 17, 2012/11/12, 16:16:57.343, 6724098524604, QTAgent32.exe, &lt;a class=success&gt;Playback - {283} [SUCCESS] MouseButtonClick - "[MSAA, VisibleOnly]ControlType='Button' &amp;&amp; Name='OK'"
\0&lt;/a&gt;
W, 3524, 17, 2012/11/12, 16:16:57.780, 6724104894277, QTAgent32.exe, &lt;a class=success&gt;Playback - {284} [SUCCESS] MouseButtonClick - "[MSAA, VisibleOnly]ControlType='Button' &amp;&amp; Name='Cancel'"
\0&lt;/a&gt;
W, 3524, 17, 2012/11/12, 16:16:58.217, 6724111066793, QTAgent32.exe, &lt;a class=success&gt;Playback - {285} [SUCCESS] MouseButtonClick - "[MSAA, VisibleOnly]ControlType='Button' &amp;&amp; Name='Cancel'"
\0&lt;/a&gt;
E, 3524, 17, 2012/11/12, 16:16:58.326, 6724112523388, QTAgent32.exe, GetClassName for handle 5833482 failed
W, 3524, 17, 2012/11/12, 16:16:58.778, 6724119148476, QTAgent32.exe, &lt;a class=success&gt;Playback - {286} [SUCCESS] MouseButtonClick - "[MSAA, VisibleOnly]ControlType='Button' &amp;&amp; Name='Yes'"
\0&lt;/a&gt;
E, 3524, 17, 2012/11/12, 16:16:59.013, 6724122390220, QTAgent32.exe, GetClassName for handle 6292314 failed
W, 3524, 17, 2012/11/12, 16:17:01.633, 6724159877672, QTAgent32.exe, &lt;a class=success&gt;Playback - {287} [SUCCESS] MouseButtonClick - "[MSAA, VisibleOnly]ControlType='Button' &amp;&amp; Name='OK'"
\0&lt;/a&gt;
W, 3524, 17, 2012/11/12, 16:17:02.070, 6724166192661, QTAgent32.exe, &lt;a class=success&gt;Playback - {288} [SUCCESS] MouseButtonClick - "[MSAA, VisibleOnly]ControlType='Button' &amp;&amp; Name='Options'"
\0&lt;/a&gt;
W, 3524, 17, 2012/11/12, 16:17:02.180, 6724167702293, QTAgent32.exe, FindScreenElementInSinglePass : Attempting to find control in one pass of search. Failures can occur.
W, 3524, 17, 2012/11/12, 16:17:02.180, 6724167808360, QTAgent32.exe, Playback - [WARNING] Internal failure: Method GetBoundingRectangle failed (HRESULT = 0x1, "Incorrect function.") for Name = "Quote Select List" ," ControlType = "MenuItem"
\0
W, 3524, 17, 2012/11/12, 16:17:02.180, 6724167809552, QTAgent32.exe, Playback - [WARNING] Internal failure: Couldn't get clickable point for ScreenUIElement - GetClickablePoint failed
\0
W, 3524, 17, 2012/11/12, 16:17:02.180, 6724167812080, QTAgent32.exe, FindScreenElementInSinglePass : Attempting to find control in one pass of search. Failures can occur.
W, 3524, 17, 2012/11/12, 16:17:02.180, 6724167840299, QTAgent32.exe, FindScreenElementInSinglePass : Attempting to find control in one pass of search. Failures can occur.
W, 3524, 17, 2012/11/12, 16:17:02.507, 6724172387841, QTAgent32.exe, &lt;a class=success&gt;Playback - {289} [SUCCESS] LeftButtonClick - "[MSAA, VisibleOnly]ControlType='MenuBar' &amp;&amp; Name='Application'"  &lt; Mouse cursor location (960, 31) &gt;
\0&lt;/a&gt;
W, 3524, 17, 2012/11/12, 16:17:02.616, 6724173951331, QTAgent32.exe, &lt;a class=success&gt;Playback - {290} [SUCCESS] LeftButtonClick - "[MSAA]ControlType='MenuItem' &amp;&amp; Name='Options'"  &lt; Mouse cursor location (94, 31) &gt;
\0&lt;/a&gt;
W, 3524, 17, 2012/11/12, 16:17:02.788, 6724176407206, QTAgent32.exe, &lt;a class=success&gt;Playback - {291} [SUCCESS] LeftButtonClick - "[MSAA]ControlType='MenuItem' &amp;&amp; Name='Links'"  &lt; Mouse cursor location (174, 319) &gt;
\0&lt;/a&gt;
W, 3524, 17, 2012/11/12, 16:17:02.975, 6724179088209, QTAgent32.exe, &lt;a class=success&gt;Playback - {292} [SUCCESS] LeftButtonClick - "[MSAA]ControlType='MenuItem' &amp;&amp; Name='3rd Party Integration'"  &lt; Mouse cursor location (375, 319) &gt;
\0&lt;/a&gt;
W, 3524, 17, 2012/11/12, 16:17:03.162, 6724181797510, QTAgent32.exe, &lt;a class=success&gt;Playback - {293} [SUCCESS] MouseButtonClick - "[MSAA]ControlType='MenuItem' &amp;&amp; Name='Quote Select List'"
\0&lt;/a&gt;
E, 3524, 17, 2012/11/12, 16:17:03.287, 6724183691244, QTAgent32.exe, GetClassName for handle 7734304 failed
W, 3524, 17, 2012/11/12, 16:17:04.910, 6724206801416, QTAgent32.exe, PERF WARNING: FindTopLevelWindowHelper::FindAllDescendents: took 1607 ms. Expected it to take maximum 500 ms.
W, 3524, 17, 2012/11/12, 16:17:05.518, 6724215670043, QTAgent32.exe, &lt;a class=success&gt;Playback - {294} [SUCCESS] MouseButtonClick - "[MSAA, VisibleOnly]ControlType='Button' &amp;&amp; Name='Ok'"
\0&lt;/a&gt;
W, 3524, 17, 2012/11/12, 16:17:07.328, 6724241438822, QTAgent32.exe, PERF WARNING: FindTopLevelWindowHelper::FindAllDescendents: took 1686 ms. Expected it to take maximum 500 ms.
W, 3524, 17, 2012/11/12, 16:17:07.655, 6724246194435, QTAgent32.exe, &lt;a class=success&gt;Playback - {295} [SUCCESS] MouseButtonClick - "[MSAA, VisibleOnly]ControlType='Button' &amp;&amp; Name='Before'"
\0&lt;/a&gt;
E, 3524, 17, 2012/11/12, 16:17:07.765, 6724247702688, QTAgent32.exe, GetClassName for handle 6882762 failed
W, 3524, 17, 2012/11/12, 16:17:09.543, 6724273140862, QTAgent32.exe, PERF WARNING: FindTopLevelWindowHelper::FindAllDescendents: took 1776 ms. Expected it to take maximum 500 ms.
W, 3524, 17, 2012/11/12, 16:17:10.027, 6724280137239, QTAgent32.exe, &lt;a class=success&gt;Playback - {296} [SUCCESS] MouseButtonClick - "[MSAA, VisibleOnly]ControlType='Button' &amp;&amp; Name='MTA'"
\0&lt;/a&gt;
W, 3524, 17, 2012/11/12, 16:17:10.136, 6724281609825, QTAgent32.exe, Playback - [WARNING] Internal warning: Thread state based WFR - Requested element has invalid HWND
\0
W, 3524, 17, 2012/11/12, 16:17:10.136, 6724281611504, QTAgent32.exe, Playback - [WARNING] Internal warning: process performance counters based WFR - Requested element has invalid HWND
\0
E, 3524, 17, 2012/11/12, 16:17:10.136, 6724281614606, QTAgent32.exe, EnsureValid called via EnsureValid call for same element
E, 3524, 17, 2012/11/12, 16:17:10.136, 6724281618055, QTAgent32.exe, GetClassName for handle 7341148 failed
E, 3524, 17, 2012/11/12, 16:17:10.136, 6724281620320, QTAgent32.exe, EnsureValid called via EnsureValid call for same element
E, 3524, 17, 2012/11/12, 16:17:10.136, 6724281621782, QTAgent32.exe, EnsureValid called via EnsureValid call for same element
E, 3524, 17, 2012/11/12, 16:17:10.136, 6724281638503, QTAgent32.exe, Window 7341148 not responding. Last Win32 error 0
E, 3524, 17, 2012/11/12, 16:17:10.136, 6724281640625, QTAgent32.exe, GetClassName for handle 7341148 failed
E, 3524, 17, 2012/11/12, 16:17:10.136, 6724281641433, QTAgent32.exe, GetClassName for handle 7341148 failed
W, 3524, 17, 2012/11/12, 16:17:10.682, 6724289558268, QTAgent32.exe, Playback - [WARNING] Internal warning: Incorrect flag set for InvokeProgrammaticAction\0
W, 3524, 17, 2012/11/12, 16:17:11.010, 6724294133093, QTAgent32.exe, &lt;a class=success&gt;Playback - {297} [SUCCESS] SetValueAsComboBox "General Adjustment" - "[MSAA, VisibleOnly]ControlType='ComboBox'"  &lt; SetValueAsComboBox, set by clicking on the item in the list box &gt;
\0&lt;/a&gt;
E, 3524, 17, 2012/11/12, 16:17:11.119, 6724295684823, QTAgent32.exe, GetClassName for handle 7931212 failed
W, 3524, 17, 2012/11/12, 16:17:11.431, 6724300297364, QTAgent32.exe, &lt;a class=success&gt;Playback - {298} [SUCCESS] MouseButtonClick - "[MSAA, VisibleOnly]ControlType='Button' &amp;&amp; Name='OK'"
\0&lt;/a&gt;
W, 3524, 17, 2012/11/12, 16:17:11.540, 6724301712336, QTAgent32.exe, Playback - [WARNING] Internal warning: Thread state based WFR - Requested element has invalid HWND
\0
W, 3524, 17, 2012/11/12, 16:17:11.540, 6724301713721, QTAgent32.exe, Playback - [WARNING] Internal warning: process performance counters based WFR - Requested element has invalid HWND
\0
E, 3524, 17, 2012/11/12, 16:17:11.540, 6724301716811, QTAgent32.exe, EnsureValid called via EnsureValid call for same element
E, 3524, 17, 2012/11/12, 16:17:11.540, 6724301719159, QTAgent32.exe, GetClassName for handle 4524338 failed
E, 3524, 17, 2012/11/12, 16:17:11.540, 6724301721445, QTAgent32.exe, EnsureValid called via EnsureValid call for same element
E, 3524, 17, 2012/11/12, 16:17:11.540, 6724301722953, QTAgent32.exe, EnsureValid called via EnsureValid call for same element
E, 3524, 17, 2012/11/12, 16:17:11.540, 6724301728164, QTAgent32.exe, GetClassName for handle 4524338 failed
E, 3524, 17, 2012/11/12, 16:17:11.540, 6724301735322, QTAgent32.exe, Exception: System.Runtime.InteropServices.COMException
	Message: Error HRESULT E_FAIL has been returned from a call to a COM component.
	Stack Trace:    at Accessibility.IAccessible.get_accState(Object varChild)
   at Microsoft.VisualStudio.TestTools.UITest.Extension.Msaa.AccWrapper.get_State()
	BaseExceptionMessage: Error HRESULT E_FAIL has been returned from a call to a COM component.

E, 3524, 17, 2012/11/12, 16:17:11.540, 6724301739700, QTAgent32.exe, Exception: System.Runtime.InteropServices.COMException
	Message: Error HRESULT E_FAIL has been returned from a call to a COM component.
	Stack Trace:    at Accessibility.IAccessible.get_accState(Object varChild)
   at Microsoft.VisualStudio.TestTools.UITest.Extension.Msaa.AccWrapper.get_State()
	BaseExceptionMessage: Error HRESULT E_FAIL has been returned from a call to a COM component.

E, 3524, 17, 2012/11/12, 16:17:11.540, 6724301743981, QTAgent32.exe, Exception: System.Runtime.InteropServices.COMException
	Message: Error HRESULT E_FAIL has been returned from a call to a COM component.
	Stack Trace:    at Accessibility.IAccessible.get_accState(Object varChild)
   at Microsoft.VisualStudio.TestTools.UITest.Extension.Msaa.AccWrapper.get_State()
	BaseExceptionMessage: Error HRESULT E_FAIL has been returned from a call to a COM component.

E, 3524, 17, 2012/11/12, 16:17:11.540, 6724301748217, QTAgent32.exe, Exception: System.Runtime.InteropServices.COMException
	Message: Error HRESULT E_FAIL has been returned from a call to a COM component.
	Stack Trace:    at Accessibility.IAccessible.get_accState(Object varChild)
   at Microsoft.VisualStudio.TestTools.UITest.Extension.Msaa.AccWrapper.get_State()
	BaseExceptionMessage: Error HRESULT E_FAIL has been returned from a call to a COM component.

E, 3524, 17, 2012/11/12, 16:17:11.540, 6724301752474, QTAgent32.exe, Exception: System.Runtime.InteropServices.COMException
	Message: Error HRESULT E_FAIL has been returned from a call to a COM component.
	Stack Trace:    at Accessibility.IAccessible.get_accState(Object varChild)
   at Microsoft.VisualStudio.TestTools.UITest.Extension.Msaa.AccWrapper.get_State()
	BaseExceptionMessage: Error HRESULT E_FAIL has been returned from a call to a COM component.

E, 3524, 17, 2012/11/12, 16:17:11.540, 6724301756726, QTAgent32.exe, Exception: System.Runtime.InteropServices.COMException
	Message: Error HRESULT E_FAIL has been returned from a call to a COM component.
	Stack Trace:    at Accessibility.IAccessible.get_accState(Object varChild)
   at Microsoft.VisualStudio.TestTools.UITest.Extension.Msaa.AccWrapper.get_State()
	BaseExceptionMessage: Error HRESULT E_FAIL has been returned from a call to a COM component.

E, 3524, 17, 2012/11/12, 16:17:11.540, 6724301760955, QTAgent32.exe, Exception: System.Runtime.InteropServices.COMException
	Message: Error HRESULT E_FAIL has been returned from a call to a COM component.
	Stack Trace:    at Accessibility.IAccessible.get_accState(Object varChild)
   at Microsoft.VisualStudio.TestTools.UITest.Extension.Msaa.AccWrapper.get_State()
	BaseExceptionMessage: Error HRESULT E_FAIL has been returned from a call to a COM component.

W, 3524, 17, 2012/11/12, 16:17:11.727, 6724304609925, QTAgent32.exe, PERF WARNING: MSAA.UpdateQueryIDForNamelessControls: took 201 ms. Expected it to take maximum 200 ms.
W, 3524, 17, 2012/11/12, 16:17:11.743, 6724304614742, QTAgent32.exe, Msaa.Navigate: Exception [Error HRESULT E_FAIL has been returned from a call to a COM component.] while calling accNavigate.
E, 3524, 17, 2012/11/12, 16:17:11.743, 6724304615783, QTAgent32.exe, GetClassName for handle 4065474 failed
E, 3524, 17, 2012/11/12, 16:17:11.743, 6724304616591, QTAgent32.exe, Window 4065474 not responding. Last Win32 error 1400
E, 3524, 17, 2012/11/12, 16:17:11.743, 6724304619034, QTAgent32.exe, GetClassName for handle 4524338 failed
W, 3524, 17, 2012/11/12, 16:17:11.915, 6724307074835, QTAgent32.exe, &lt;a class=success&gt;Playback - {299} [SUCCESS] SendKeys "^{HOME}" - "[MSAA, VisibleOnly]ControlType='Edit'"
\0&lt;/a&gt;
E, 3524, 17, 2012/11/12, 16:17:11.915, 6724307077383, QTAgent32.exe, Msaa.GetFocusedElement: could not find accessible object of foreground window
W, 3524, 17, 2012/11/12, 16:17:11.993, 6724308190727, QTAgent32.exe, &lt;a class=success&gt;Playback - {300} [SUCCESS] SendKeys "^+{END}" - "[MSAA, VisibleOnly]ControlType='Edit'"
\0&lt;/a&gt;
E, 3524, 17, 2012/11/12, 16:17:11.993, 6724308193353, QTAgent32.exe, Msaa.GetFocusedElement: could not find accessible object of foreground window
W, 3524, 17, 2012/11/12, 16:17:12.008, 6724308414142, QTAgent32.exe, &lt;a class=success&gt;Playback - {301} [SUCCESS] SendKeys "{DELETE}" - "[MSAA, VisibleOnly]ControlType='Edit'"
\0&lt;/a&gt;
W, 3524, 17, 2012/11/12, 16:17:12.320, 6724312885561, QTAgent32.exe, &lt;a class=success&gt;Playback - {302} [SUCCESS] SetValueAsEditBox "NewTest" - "[MSAA, VisibleOnly]ControlType='Edit'"  &lt; Set via SendKeys &gt;
\0&lt;/a&gt;
E, 3524, 17, 2012/11/12, 16:17:12.429, 6724314448233, QTAgent32.exe, GetClassName for handle 4915942 failed
W, 3524, 17, 2012/11/12, 16:17:12.804, 6724319867374, QTAgent32.exe, &lt;a class=success&gt;Playback - {303} [SUCCESS] MouseButtonClick - "[MSAA, VisibleOnly]ControlType='Button' &amp;&amp; Name='Next &gt;'"
\0&lt;/a&gt;
E, 3524, 17, 2012/11/12, 16:17:12.913, 6724321369989, QTAgent32.exe, GetClassName for handle 8652892 failed
W, 3524, 17, 2012/11/12, 16:17:13.053, 6724323469331, QTAgent32.exe, &lt;a class=success&gt;Playback - {304} [SUCCESS] MouseButtonClick - "[MSAA, VisibleOnly]ControlType='Button' &amp;&amp; Name='Next &gt;'"
\0&lt;/a&gt;
E, 3524, 17, 2012/11/12, 16:17:13.163, 6724324944538, QTAgent32.exe, GetClassName for handle 4456962 failed
W, 3524, 17, 2012/11/12, 16:17:13.272, 6724326656192, QTAgent32.exe, &lt;a class=success&gt;Playback - {305} [SUCCESS] MouseButtonClick - "[MSAA, VisibleOnly]ControlType='Button' &amp;&amp; Name='Next &gt;'"
\0&lt;/a&gt;
E, 3524, 17, 2012/11/12, 16:17:13.381, 6724328073684, QTAgent32.exe, GetClassName for handle 6554632 failed
W, 3524, 17, 2012/11/12, 16:17:13.506, 6724329900658, QTAgent32.exe, &lt;a class=success&gt;Playback - {306} [SUCCESS] MouseButtonClick - "[MSAA, VisibleOnly]ControlType='Button' &amp;&amp; Name='Next &gt;'"
\0&lt;/a&gt;
E, 3524, 17, 2012/11/12, 16:17:13.615, 6724331423274, QTAgent32.exe, GetClassName for handle 4325938 failed
W, 3524, 17, 2012/11/12, 16:17:13.740, 6724333218733, QTAgent32.exe, &lt;a class=success&gt;Playback - {307} [SUCCESS] MouseButtonClick - "[MSAA, VisibleOnly]ControlType='Button' &amp;&amp; Name='Next &gt;'"
\0&lt;/a&gt;
E, 3524, 17, 2012/11/12, 16:17:13.849, 6724334772828, QTAgent32.exe, GetClassName for handle 5112404 failed
W, 3524, 17, 2012/11/12, 16:17:13.958, 6724336523978, QTAgent32.exe, &lt;a class=success&gt;Playback - {308} [SUCCESS] MouseButtonClick - "[MSAA, VisibleOnly]ControlType='Button' &amp;&amp; Name='Next &gt;'"
\0&lt;/a&gt;
E, 3524, 17, 2012/11/12, 16:17:14.067, 6724337898938, QTAgent32.exe, GetClassName for handle 5309968 failed
W, 3524, 17, 2012/11/12, 16:17:14.223, 6724340205436, QTAgent32.exe, &lt;a class=success&gt;Playback - {309} [SUCCESS] MouseButtonClick - "[MSAA, VisibleOnly]ControlType='Button' &amp;&amp; Name='Next &gt;'"
\0&lt;/a&gt;
E, 3524, 17, 2012/11/12, 16:17:14.333, 6724341696804, QTAgent32.exe, GetClassName for handle 6423964 failed
W, 3524, 17, 2012/11/12, 16:17:14.582, 6724345351697, QTAgent32.exe, &lt;a class=success&gt;Playback - {310} [SUCCESS] MouseButtonClick - "[MSAA, VisibleOnly]ControlType='Button' &amp;&amp; Name='Quote'"
\0&lt;/a&gt;
W, 3524, 17, 2012/11/12, 16:17:14.692, 6724346836402, QTAgent32.exe, Playback - [WARNING] Internal warning: Thread state based WFR - Requested element has invalid HWND
\0
W, 3524, 17, 2012/11/12, 16:17:14.692, 6724346838198, QTAgent32.exe, Playback - [WARNING] Internal warning: process performance counters based WFR - Requested element has invalid HWND
\0
E, 3524, 17, 2012/11/12, 16:17:14.692, 6724346841262, QTAgent32.exe, EnsureValid called via EnsureValid call for same element
E, 3524, 17, 2012/11/12, 16:17:14.692, 6724346843600, QTAgent32.exe, GetClassName for handle 6292516 failed
E, 3524, 17, 2012/11/12, 16:17:14.692, 6724346846327, QTAgent32.exe, EnsureValid called via EnsureValid call for same element
E, 3524, 17, 2012/11/12, 16:17:14.692, 6724346847862, QTAgent32.exe, EnsureValid called via EnsureValid call for same element
E, 3524, 17, 2012/11/12, 16:17:14.692, 6724346853004, QTAgent32.exe, GetClassName for handle 6292516 failed
E, 3524, 17, 2012/11/12, 16:17:14.692, 6724346859982, QTAgent32.exe, Exception: System.Runtime.InteropServices.COMException
	Message: Error HRESULT E_FAIL has been returned from a call to a COM component.
	Stack Trace:    at Accessibility.IAccessible.get_accState(Object varChild)
   at Microsoft.VisualStudio.TestTools.UITest.Extension.Msaa.AccWrapper.get_State()
	BaseExceptionMessage: Error HRESULT E_FAIL has been returned from a call to a COM component.

E, 3524, 17, 2012/11/12, 16:17:14.692, 6724346864198, QTAgent32.exe, Exception: System.Runtime.InteropServices.COMException
	Message: Error HRESULT E_FAIL has been returned from a call to a COM component.
	Stack Trace:    at Accessibility.IAccessible.get_accState(Object varChild)
   at Microsoft.VisualStudio.TestTools.UITest.Extension.Msaa.AccWrapper.get_State()
	BaseExceptionMessage: Error HRESULT E_FAIL has been returned from a call to a COM component.

E, 3524, 17, 2012/11/12, 16:17:14.692, 6724346868333, QTAgent32.exe, Exception: System.Runtime.InteropServices.COMException
	Message: Error HRESULT E_FAIL has been returned from a call to a COM component.
	Stack Trace:    at Accessibility.IAccessible.get_accState(Object varChild)
   at Microsoft.VisualStudio.TestTools.UITest.Extension.Msaa.AccWrapper.get_State()
	BaseExceptionMessage: Error HRESULT E_FAIL has been returned from a call to a COM component.

E, 3524, 17, 2012/11/12, 16:17:14.692, 6724346872476, QTAgent32.exe, Exception: System.Runtime.InteropServices.COMException
	Message: Error HRESULT E_FAIL has been returned from a call to a COM component.
	Stack Trace:    at Accessibility.IAccessible.get_accState(Object varChild)
   at Microsoft.VisualStudio.TestTools.UITest.Extension.Msaa.AccWrapper.get_State()
	BaseExceptionMessage: Error HRESULT E_FAIL has been returned from a call to a COM component.

E, 3524, 17, 2012/11/12, 16:17:14.692, 6724346876641, QTAgent32.exe, Exception: System.Runtime.InteropServices.COMException
	Message: Error HRESULT E_FAIL has been returned from a call to a COM component.
	Stack Trace:    at Accessibility.IAccessible.get_accState(Object varChild)
   at Microsoft.VisualStudio.TestTools.UITest.Extension.Msaa.AccWrapper.get_State()
	BaseExceptionMessage: Error HRESULT E_FAIL has been returned from a call to a COM component.

E, 3524, 17, 2012/11/12, 16:17:14.692, 6724346880791, QTAgent32.exe, Exception: System.Runtime.InteropServices.COMException
	Message: Error HRESULT E_FAIL has been returned from a call to a COM component.
	Stack Trace:    at Accessibility.IAccessible.get_accState(Object varChild)
   at Microsoft.VisualStudio.TestTools.UITest.Extension.Msaa.AccWrapper.get_State()
	BaseExceptionMessage: Error HRESULT E_FAIL has been returned from a call to a COM component.

E, 3524, 17, 2012/11/12, 16:17:14.692, 6724346884922, QTAgent32.exe, Exception: System.Runtime.InteropServices.COMException
	Message: Error HRESULT E_FAIL has been returned from a call to a COM component.
	Stack Trace:    at Accessibility.IAccessible.get_accState(Object varChild)
   at Microsoft.VisualStudio.TestTools.UITest.Extension.Msaa.AccWrapper.get_State()
	BaseExceptionMessage: Error HRESULT E_FAIL has been returned from a call to a COM component.

W, 3524, 17, 2012/11/12, 16:17:14.894, 6724349734626, QTAgent32.exe, PERF WARNING: MSAA.UpdateQueryIDForNamelessControls: took 201 ms. Expected it to take maximum 200 ms.
W, 3524, 17, 2012/11/12, 16:17:14.894, 6724349738276, QTAgent32.exe, Msaa.Navigate: Exception [Error HRESULT E_FAIL has been returned from a call to a COM component.] while calling accNavigate.
E, 3524, 17, 2012/11/12, 16:17:14.894, 6724349739263, QTAgent32.exe, GetClassName for handle 8258172 failed
E, 3524, 17, 2012/11/12, 16:17:14.894, 6724349741176, QTAgent32.exe, Window 8258172 not responding. Last Win32 error 1400
E, 3524, 17, 2012/11/12, 16:17:14.894, 6724349743646, QTAgent32.exe, GetClassName for handle 6292516 failed
W, 3524, 17, 2012/11/12, 16:17:15.050, 6724351970005, QTAgent32.exe, &lt;a class=success&gt;Playback - {311} [SUCCESS] SendKeys "^{HOME}" - "[MSAA, VisibleOnly]ControlType='Edit'"
\0&lt;/a&gt;
E, 3524, 17, 2012/11/12, 16:17:15.050, 6724351972601, QTAgent32.exe, Msaa.GetFocusedElement: could not find accessible object of foreground window
W, 3524, 17, 2012/11/12, 16:17:15.144, 6724353309604, QTAgent32.exe, &lt;a class=success&gt;Playback - {312} [SUCCESS] SendKeys "^+{END}" - "[MSAA, VisibleOnly]ControlType='Edit'"
\0&lt;/a&gt;
E, 3524, 17, 2012/11/12, 16:17:15.144, 6724353312378, QTAgent32.exe, Msaa.GetFocusedElement: could not find accessible object of foreground window
W, 3524, 17, 2012/11/12, 16:17:15.160, 6724353533060, QTAgent32.exe, &lt;a class=success&gt;Playback - {313} [SUCCESS] SendKeys "{DELETE}" - "[MSAA, VisibleOnly]ControlType='Edit'"
\0&lt;/a&gt;
W, 3524, 17, 2012/11/12, 16:17:15.503, 6724358449386, QTAgent32.exe, &lt;a class=success&gt;Playback - {314} [SUCCESS] SetValueAsEditBox "21/11/12" - "[MSAA, VisibleOnly]ControlType='Edit'"  &lt; Set via SendKeys &gt;
\0&lt;/a&gt;
E, 3524, 17, 2012/11/12, 16:17:15.612, 6724360011393, QTAgent32.exe, GetClassName for handle 5178758 failed
W, 3524, 17, 2012/11/12, 16:17:15.955, 6724365074079, QTAgent32.exe, &lt;a class=success&gt;Playback - {315} [SUCCESS] MouseButtonClick - "[MSAA, VisibleOnly]ControlType='Button' &amp;&amp; Name='OK'"
\0&lt;/a&gt;
E, 3524, 17, 2012/11/12, 16:17:16.064, 6724366582567, QTAgent32.exe, GetClassName for handle 6817102 failed
W, 3524, 17, 2012/11/12, 16:17:16.392, 6724371258165, QTAgent32.exe, &lt;a class=success&gt;Playback - {316} [SUCCESS] MouseButtonClick - "[MSAA, VisibleOnly]ControlType='Button' &amp;&amp; Name='OK'"
\0&lt;/a&gt;
W, 3524, 17, 2012/11/12, 16:17:16.657, 6724374978209, QTAgent32.exe, &lt;a class=success&gt;Playback - {317} [SUCCESS] SendKeys "^{HOME}" - "[MSAA, VisibleOnly]ControlType='Edit'"
\0&lt;/a&gt;
E, 3524, 17, 2012/11/12, 16:17:16.657, 6724374981238, QTAgent32.exe, Msaa.GetFocusedElement: could not find accessible object of foreground window
W, 3524, 17, 2012/11/12, 16:17:16.751, 6724376315911, QTAgent32.exe, &lt;a class=success&gt;Playback - {318} [SUCCESS] SendKeys "^+{END}" - "[MSAA, VisibleOnly]ControlType='Edit'"
\0&lt;/a&gt;
E, 3524, 17, 2012/11/12, 16:17:16.751, 6724376318204, QTAgent32.exe, Msaa.GetFocusedElement: could not find accessible object of foreground window
W, 3524, 17, 2012/11/12, 16:17:16.766, 6724376541090, QTAgent32.exe, &lt;a class=success&gt;Playback - {319} [SUCCESS] SendKeys "{DELETE}" - "[MSAA, VisibleOnly]ControlType='Edit'"
\0&lt;/a&gt;
W, 3524, 17, 2012/11/12, 16:17:17.125, 6724381680111, QTAgent32.exe, &lt;a class=success&gt;Playback - {320} [SUCCESS] SetValueAsEditBox "13/11/12" - "[MSAA, VisibleOnly]ControlType='Edit'"  &lt; Set via SendKeys &gt;
\0&lt;/a&gt;
W, 3524, 17, 2012/11/12, 16:17:17.749, 6724390618503, QTAgent32.exe, &lt;a class=success&gt;Playback - {321} [SUCCESS] MouseButtonClick - "[MSAA, VisibleOnly]ControlType='Button' &amp;&amp; Name='OK'"
\0&lt;/a&gt;
E, 3524, 17, 2012/11/12, 16:17:17.859, 6724392176618, QTAgent32.exe, GetClassName for handle 5244522 failed
W, 3524, 17, 2012/11/12, 16:17:21.400, 6724442912126, QTAgent32.exe, PERF WARNING: FindTopLevelWindowHelper::FindAllDescendents: took 3543 ms. Expected it to take maximum 500 ms.
W, 3524, 17, 2012/11/12, 16:17:21.525, 6724444667127, QTAgent32.exe, &lt;a class=success&gt;Playback - {322} [SUCCESS] MouseButtonClick - "[MSAA, VisibleOnly]ControlType='Client'"
\0&lt;/a&gt;
W, 3524, 17, 2012/11/12, 16:17:21.774, 6724448240362, QTAgent32.exe, &lt;a class=success&gt;Playback - {323} [SUCCESS] SendKeys "{Home}" - "[MSAA, VisibleOnly]ControlType='Client'"
\0&lt;/a&gt;
E, 3524, 17, 2012/11/12, 16:17:21.884, 6724449802357, QTAgent32.exe, GetClassName for handle 5112618 failed
W, 3524, 17, 2012/11/12, 16:17:22.305, 6724455920471, QTAgent32.exe, &lt;a class=success&gt;Playback - {324} [SUCCESS] MouseButtonClick - "[MSAA, VisibleOnly]ControlType='Button' &amp;&amp; Name='Accept'"
\0&lt;/a&gt;
W, 3524, 17, 2012/11/12, 16:17:22.804, 6724463191119, QTAgent32.exe, &lt;a class=success&gt;Playback - {325} [SUCCESS] MouseButtonClick - "[MSAA, VisibleOnly]ControlType='Button' &amp;&amp; Name='OK'"
\0&lt;/a&gt;
E, 3524, 17, 2012/11/12, 16:17:22.913, 6724464546683, QTAgent32.exe, GetClassName for handle 2951418 failed
W, 3524, 17, 2012/11/12, 16:17:23.272, 6724469825203, QTAgent32.exe, &lt;a class=success&gt;Playback - {326} [SUCCESS] MouseButtonClick - "[MSAA, VisibleOnly]ControlType='Button' &amp;&amp; Name='Ok'"
\0&lt;/a&gt;
E, 3524, 17, 2012/11/12, 16:17:23.444, 6724472139976, QTAgent32.exe, GetClassName for handle 6947768 failed
W, 3524, 17, 2012/11/12, 16:17:39.091, 6724696374992, QTAgent32.exe, PERF WARNING: FindTopLevelWindowHelper::FindAllDescendents: took 15660 ms. Expected it to take maximum 500 ms.
W, 3524, 17, 2012/11/12, 16:17:39.450, 6724701491665, QTAgent32.exe, &lt;a class=success&gt;Playback - {327} [SUCCESS] MouseButtonClick - "[MSAA, VisibleOnly]ControlType='Button' &amp;&amp; Name='OK'"
\0&lt;/a&gt;
W, 3524, 17, 2012/11/12, 16:17:40.028, 6724709616377, QTAgent32.exe, &lt;a class=success&gt;Playback - {328} [SUCCESS] MouseButtonClick - "[MSAA, VisibleOnly]ControlType='Button' &amp;&amp; Name='OK'"
\0&lt;/a&gt;
W, 3524, 17, 2012/11/12, 16:17:40.137, 6724711141956, QTAgent32.exe, Playback - [WARNING] Internal warning: Thread state based WFR - Requested element has invalid HWND
\0
W, 3524, 17, 2012/11/12, 16:17:40.137, 6724711143842, QTAgent32.exe, Playback - [WARNING] Internal warning: process performance counters based WFR - Requested element has invalid HWND
\0
E, 3524, 17, 2012/11/12, 16:17:40.137, 6724711147046, QTAgent32.exe, EnsureValid called via EnsureValid call for same element
E, 3524, 17, 2012/11/12, 16:17:40.137, 6724711150631, QTAgent32.exe, GetClassName for handle 4261798 failed
E, 3524, 17, 2012/11/12, 16:17:40.137, 6724711153019, QTAgent32.exe, EnsureValid called via EnsureValid call for same element
E, 3524, 17, 2012/11/12, 16:17:40.137, 6724711154581, QTAgent32.exe, EnsureValid called via EnsureValid call for same element
E, 3524, 17, 2012/11/12, 16:17:40.137, 6724711171937, QTAgent32.exe, Window 4261798 not responding. Last Win32 error 0
E, 3524, 17, 2012/11/12, 16:17:40.137, 6724711174159, QTAgent32.exe, GetClassName for handle 4261798 failed
E, 3524, 17, 2012/11/12, 16:17:40.137, 6724711174990, QTAgent32.exe, GetClassName for handle 4261798 failed
W, 3524, 17, 2012/11/12, 16:17:40.402, 6724714939683, QTAgent32.exe, &lt;a class=success&gt;Playback - {329} [SUCCESS] Check - "[MSAA, VisibleOnly]ControlType='CheckBox' &amp;&amp; Name='Defer Printing?'"
\0&lt;/a&gt;
E, 3524, 17, 2012/11/12, 16:17:40.620, 6724718064542, QTAgent32.exe, GetClassName for handle 7669214 failed
W, 3524, 17, 2012/11/12, 16:17:41.135, 6724725549327, QTAgent32.exe, &lt;a class=success&gt;Playback - {330} [SUCCESS] MouseButtonClick - "[MSAA, VisibleOnly]ControlType='Button' &amp;&amp; Name='Ok'"
\0&lt;/a&gt;
W, 3524, 17, 2012/11/12, 16:17:41.244, 6724726999205, QTAgent32.exe, Playback - [WARNING] Internal warning: Thread state based WFR - Requested element has invalid HWND
\0
W, 3524, 17, 2012/11/12, 16:17:41.244, 6724727000901, QTAgent32.exe, Playback - [WARNING] Internal warning: process performance counters based WFR - Requested element has invalid HWND
\0
E, 3524, 17, 2012/11/12, 16:17:41.244, 6724727004089, QTAgent32.exe, EnsureValid called via EnsureValid call for same element
E, 3524, 17, 2012/11/12, 16:17:41.244, 6724727007668, QTAgent32.exe, GetClassName for handle 3082494 failed
E, 3524, 17, 2012/11/12, 16:17:41.244, 6724727010096, QTAgent32.exe, EnsureValid called via EnsureValid call for same element
E, 3524, 17, 2012/11/12, 16:17:41.244, 6724727011688, QTAgent32.exe, EnsureValid called via EnsureValid call for same element
E, 3524, 17, 2012/11/12, 16:17:41.244, 6724727029125, QTAgent32.exe, Window 3082494 not responding. Last Win32 error 0
E, 3524, 17, 2012/11/12, 16:17:41.244, 6724727031357, QTAgent32.exe, GetClassName for handle 3082494 failed
E, 3524, 17, 2012/11/12, 16:17:41.244, 6724727032203, QTAgent32.exe, GetClassName for handle 3082494 failed
W, 3524, 17, 2012/11/12, 16:17:42.134, 6724739819733, QTAgent32.exe, PERF WARNING: FindTopLevelWindowHelper::FindAllDescendents: took 892 ms. Expected it to take maximum 500 ms.
W, 3524, 17, 2012/11/12, 16:17:42.477, 6724744651952, QTAgent32.exe, &lt;a class=success&gt;Playback - {331} [SUCCESS] Uncheck - "[MSAA, VisibleOnly]ControlType='CheckBox' &amp;&amp; Name='Add Activity'"
\0&lt;/a&gt;
E, 3524, 17, 2012/11/12, 16:17:42.695, 6724747772128, QTAgent32.exe, GetClassName for handle 9438428 failed
W, 3524, 17, 2012/11/12, 16:17:43.054, 6724753018046, QTAgent32.exe, &lt;a class=success&gt;Playback - {332} [SUCCESS] MouseButtonClick - "[MSAA, VisibleOnly]ControlType='Button' &amp;&amp; Name='Ok'"
\0&lt;/a&gt;
E, 3524, 17, 2012/11/12, 16:17:43.319, 6724756710645, QTAgent32.exe, GetClassName for handle 7865376 failed
W, 3524, 17, 2012/11/12, 16:17:47.797, 6724820818905, QTAgent32.exe, PERF WARNING: FindTopLevelWindowHelper::FindAllDescendents: took 4477 ms. Expected it to take maximum 500 ms.
W, 3524, 17, 2012/11/12, 16:17:48.436, 6724830029687, QTAgent32.exe, &lt;a class=success&gt;Playback - {333} [SUCCESS] MouseButtonClick - "[MSAA, VisibleOnly]ControlType='Button' &amp;&amp; Name='OK'"
\0&lt;/a&gt;
E, 3524, 17, 2012/11/12, 16:17:48.655, 6724833096412, QTAgent32.exe, GetClassName for handle 7472808 failed
W, 3524, 17, 2012/11/12, 16:17:50.886, 6724865053908, QTAgent32.exe, PERF WARNING: FindTopLevelWindowHelper::FindAllDescendents: took 2231 ms. Expected it to take maximum 500 ms.
W, 3524, 17, 2012/11/12, 16:17:53.179, 6724897870217, QTAgent32.exe, &lt;a class=success&gt;Playback - {334} [SUCCESS] MouseButtonClick - "[MSAA, VisibleOnly]ControlType='Button' &amp;&amp; Name='OK'"
\0&lt;/a&gt;
W, 3524, 17, 2012/11/12, 16:17:53.616, 6724904185874, QTAgent32.exe, &lt;a class=success&gt;Playback - {335} [SUCCESS] MouseButtonClick - "[MSAA, VisibleOnly]ControlType='Button' &amp;&amp; Name='Options'"
\0&lt;/a&gt;
W, 3524, 17, 2012/11/12, 16:17:53.725, 6724905695492, QTAgent32.exe, FindScreenElementInSinglePass : Attempting to find control in one pass of search. Failures can occur.
W, 3524, 17, 2012/11/12, 16:17:53.725, 6724905803447, QTAgent32.exe, Playback - [WARNING] Internal failure: Method GetBoundingRectangle failed (HRESULT = 0x1, "Incorrect function.") for Name = "Quote Select List" ," ControlType = "MenuItem"
\0
W, 3524, 17, 2012/11/12, 16:17:53.725, 6724905804715, QTAgent32.exe, Playback - [WARNING] Internal failure: Couldn't get clickable point for ScreenUIElement - GetClickablePoint failed
\0
W, 3524, 17, 2012/11/12, 16:17:53.725, 6724905807339, QTAgent32.exe, FindScreenElementInSinglePass : Attempting to find control in one pass of search. Failures can occur.
W, 3524, 17, 2012/11/12, 16:17:53.725, 6724905836737, QTAgent32.exe, FindScreenElementInSinglePass : Attempting to find control in one pass of search. Failures can occur.
W, 3524, 17, 2012/11/12, 16:17:54.053, 6724910386075, QTAgent32.exe, &lt;a class=success&gt;Playback - {336} [SUCCESS] LeftButtonClick - "[MSAA, VisibleOnly]ControlType='MenuBar' &amp;&amp; Name='Application'"  &lt; Mouse cursor location (960, 31) &gt;
\0&lt;/a&gt;
W, 3524, 17, 2012/11/12, 16:17:54.162, 6724911945169, QTAgent32.exe, &lt;a class=success&gt;Playback - {337} [SUCCESS] LeftButtonClick - "[MSAA]ControlType='MenuItem' &amp;&amp; Name='Options'"  &lt; Mouse cursor location (94, 31) &gt;
\0&lt;/a&gt;
W, 3524, 17, 2012/11/12, 16:17:54.334, 6724914400638, QTAgent32.exe, &lt;a class=success&gt;Playback - {338} [SUCCESS] LeftButtonClick - "[MSAA]ControlType='MenuItem' &amp;&amp; Name='Links'"  &lt; Mouse cursor location (174, 319) &gt;
\0&lt;/a&gt;
W, 3524, 17, 2012/11/12, 16:17:54.505, 6724916857215, QTAgent32.exe, &lt;a class=success&gt;Playback - {339} [SUCCESS] LeftButtonClick - "[MSAA]ControlType='MenuItem' &amp;&amp; Name='3rd Party Integration'"  &lt; Mouse cursor location (375, 319) &gt;
\0&lt;/a&gt;
W, 3524, 17, 2012/11/12, 16:17:54.677, 6724919341954, QTAgent32.exe, &lt;a class=success&gt;Playback - {340} [SUCCESS] MouseButtonClick - "[MSAA]ControlType='MenuItem' &amp;&amp; Name='Quote Select List'"
\0&lt;/a&gt;
E, 3524, 17, 2012/11/12, 16:17:54.802, 6724921181477, QTAgent32.exe, GetClassName for handle 3279102 failed
W, 3524, 17, 2012/11/12, 16:17:56.518, 6724945692159, QTAgent32.exe, PERF WARNING: FindTopLevelWindowHelper::FindAllDescendents: took 1711 ms. Expected it to take maximum 500 ms.
W, 3524, 17, 2012/11/12, 16:17:57.235, 6724956074298, QTAgent32.exe, &lt;a class=success&gt;Playback - {341} [SUCCESS] MouseButtonClick - "[MSAA, VisibleOnly]ControlType='Button' &amp;&amp; Name='Ok'"
\0&lt;/a&gt;
E, 3524, 17, 2012/11/12, 16:17:57.345, 6724957697172, QTAgent32.exe, GetClassName for handle 7472220 failed
W, 3524, 17, 2012/11/12, 16:17:58.718, 6724977200358, QTAgent32.exe, PERF WARNING: FindTopLevelWindowHelper::FindAllDescendents: took 1361 ms. Expected it to take maximum 500 ms.
W, 3524, 17, 2012/11/12, 16:17:59.076, 6724982460080, QTAgent32.exe, &lt;a class=success&gt;Playback - {342} [SUCCESS] MouseButtonClick - "[MSAA, VisibleOnly]ControlType='Button' &amp;&amp; Name='Yes'"
\0&lt;/a&gt;
E, 3524, 17, 2012/11/12, 16:17:59.232, 6724984552058, QTAgent32.exe, GetClassName for handle 6948000 failed
W, 3524, 17, 2012/11/12, 16:18:01.073, 6725011069634, QTAgent32.exe, PERF WARNING: FindTopLevelWindowHelper::FindAllDescendents: took 1851 ms. Expected it to take maximum 500 ms.
W, 3524, 17, 2012/11/12, 16:18:01.541, 6725017676800, QTAgent32.exe, &lt;a class=success&gt;Playback - {343} [SUCCESS] MouseButtonClick - "[MSAA, VisibleOnly]ControlType='Button' &amp;&amp; Name='MTA'"
\0&lt;/a&gt;
W, 3524, 17, 2012/11/12, 16:18:01.651, 6725019159900, QTAgent32.exe, Playback - [WARNING] Internal warning: Thread state based WFR - Requested element has invalid HWND
\0
W, 3524, 17, 2012/11/12, 16:18:01.651, 6725019161894, QTAgent32.exe, Playback - [WARNING] Internal warning: process performance counters based WFR - Requested element has invalid HWND
\0
E, 3524, 17, 2012/11/12, 16:18:01.651, 6725019165042, QTAgent32.exe, EnsureValid called via EnsureValid call for same element
E, 3524, 17, 2012/11/12, 16:18:01.651, 6725019168560, QTAgent32.exe, GetClassName for handle 5965982 failed
E, 3524, 17, 2012/11/12, 16:18:01.651, 6725019170962, QTAgent32.exe, EnsureValid called via EnsureValid call for same element
E, 3524, 17, 2012/11/12, 16:18:01.651, 6725019172463, QTAgent32.exe, EnsureValid called via EnsureValid call for same element
E, 3524, 17, 2012/11/12, 16:18:01.651, 6725019189684, QTAgent32.exe, Window 5965982 not responding. Last Win32 error 0
E, 3524, 17, 2012/11/12, 16:18:01.651, 6725019191876, QTAgent32.exe, GetClassName for handle 5965982 failed
E, 3524, 17, 2012/11/12, 16:18:01.651, 6725019192704, QTAgent32.exe, GetClassName for handle 5965982 failed
W, 3524, 17, 2012/11/12, 16:18:02.197, 6725026975778, QTAgent32.exe, Playback - [WARNING] Internal warning: Incorrect flag set for InvokeProgrammaticAction\0
W, 3524, 17, 2012/11/12, 16:18:02.524, 6725031683442, QTAgent32.exe, &lt;a class=success&gt;Playback - {344} [SUCCESS] SetValueAsComboBox "General Adjustment" - "[MSAA, VisibleOnly]ControlType='ComboBox'"  &lt; SetValueAsComboBox, set by clicking on the item in the list box &gt;
\0&lt;/a&gt;
E, 3524, 17, 2012/11/12, 16:18:02.633, 6725033233302, QTAgent32.exe, GetClassName for handle 3082676 failed
W, 3524, 17, 2012/11/12, 16:18:02.945, 6725037904815, QTAgent32.exe, &lt;a class=success&gt;Playback - {345} [SUCCESS] MouseButtonClick - "[MSAA, VisibleOnly]ControlType='Button' &amp;&amp; Name='OK'"
\0&lt;/a&gt;
W, 3524, 17, 2012/11/12, 16:18:03.086, 6725039882525, QTAgent32.exe, Playback - [WARNING] Internal warning: Thread state based WFR - Requested element has invalid HWND
\0
W, 3524, 17, 2012/11/12, 16:18:03.086, 6725039884272, QTAgent32.exe, Playback - [WARNING] Internal warning: process performance counters based WFR - Requested element has invalid HWND
\0
E, 3524, 17, 2012/11/12, 16:18:03.086, 6725039887452, QTAgent32.exe, EnsureValid called via EnsureValid call for same element
E, 3524, 17, 2012/11/12, 16:18:03.086, 6725039889825, QTAgent32.exe, GetClassName for handle 2558296 failed
E, 3524, 17, 2012/11/12, 16:18:03.086, 6725039892250, QTAgent32.exe, EnsureValid called via EnsureValid call for same element
E, 3524, 17, 2012/11/12, 16:18:03.086, 6725039893748, QTAgent32.exe, EnsureValid called via EnsureValid call for same element
E, 3524, 17, 2012/11/12, 16:18:03.086, 6725039898977, QTAgent32.exe, GetClassName for handle 2558296 failed
E, 3524, 17, 2012/11/12, 16:18:03.086, 6725039906101, QTAgent32.exe, Exception: System.Runtime.InteropServices.COMException
	Message: Error HRESULT E_FAIL has been returned from a call to a COM component.
	Stack Trace:    at Accessibility.IAccessible.get_accState(Object varChild)
   at Microsoft.VisualStudio.TestTools.UITest.Extension.Msaa.AccWrapper.get_State()
	BaseExceptionMessage: Error HRESULT E_FAIL has been returned from a call to a COM component.

E, 3524, 17, 2012/11/12, 16:18:03.086, 6725039910404, QTAgent32.exe, Exception: System.Runtime.InteropServices.COMException
	Message: Error HRESULT E_FAIL has been returned from a call to a COM component.
	Stack Trace:    at Accessibility.IAccessible.get_accState(Object varChild)
   at Microsoft.VisualStudio.TestTools.UITest.Extension.Msaa.AccWrapper.get_State()
	BaseExceptionMessage: Error HRESULT E_FAIL has been returned from a call to a COM component.

E, 3524, 17, 2012/11/12, 16:18:03.086, 6725039914628, QTAgent32.exe, Exception: System.Runtime.InteropServices.COMException
	Message: Error HRESULT E_FAIL has been returned from a call to a COM component.
	Stack Trace:    at Accessibility.IAccessible.get_accState(Object varChild)
   at Microsoft.VisualStudio.TestTools.UITest.Extension.Msaa.AccWrapper.get_State()
	BaseExceptionMessage: Error HRESULT E_FAIL has been returned from a call to a COM component.

E, 3524, 17, 2012/11/12, 16:18:03.086, 6725039918943, QTAgent32.exe, Exception: System.Runtime.InteropServices.COMException
	Message: Error HRESULT E_FAIL has been returned from a call to a COM component.
	Stack Trace:    at Accessibility.IAccessible.get_accState(Object varChild)
   at Microsoft.VisualStudio.TestTools.UITest.Extension.Msaa.AccWrapper.get_State()
	BaseExceptionMessage: Error HRESULT E_FAIL has been returned from a call to a COM component.

E, 3524, 17, 2012/11/12, 16:18:03.086, 6725039923200, QTAgent32.exe, Exception: System.Runtime.InteropServices.COMException
	Message: Error HRESULT E_FAIL has been returned from a call to a COM component.
	Stack Trace:    at Accessibility.IAccessible.get_accState(Object varChild)
   at Microsoft.VisualStudio.TestTools.UITest.Extension.Msaa.AccWrapper.get_State()
	BaseExceptionMessage: Error HRESULT E_FAIL has been returned from a call to a COM component.

E, 3524, 17, 2012/11/12, 16:18:03.101, 6725039929647, QTAgent32.exe, Exception: System.Runtime.InteropServices.COMException
	Message: Error HRESULT E_FAIL has been returned from a call to a COM component.
	Stack Trace:    at Accessibility.IAccessible.get_accState(Object varChild)
   at Microsoft.VisualStudio.TestTools.UITest.Extension.Msaa.AccWrapper.get_State()
	BaseExceptionMessage: Error HRESULT E_FAIL has been returned from a call to a COM component.

E, 3524, 17, 2012/11/12, 16:18:03.101, 6725039933944, QTAgent32.exe, Exception: System.Runtime.InteropServices.COMException
	Message: Error HRESULT E_FAIL has been returned from a call to a COM component.
	Stack Trace:    at Accessibility.IAccessible.get_accState(Object varChild)
   at Microsoft.VisualStudio.TestTools.UITest.Extension.Msaa.AccWrapper.get_State()
	BaseExceptionMessage: Error HRESULT E_FAIL has been returned from a call to a COM component.

W, 3524, 17, 2012/11/12, 16:18:03.289, 6725042780754, QTAgent32.exe, PERF WARNING: MSAA.UpdateQueryIDForNamelessControls: took 201 ms. Expected it to take maximum 200 ms.
W, 3524, 17, 2012/11/12, 16:18:03.289, 6725042784846, QTAgent32.exe, Msaa.Navigate: Exception [Error HRESULT E_FAIL has been returned from a call to a COM component.] while calling accNavigate.
E, 3524, 17, 2012/11/12, 16:18:03.289, 6725042785869, QTAgent32.exe, GetClassName for handle 2361770 failed
E, 3524, 17, 2012/11/12, 16:18:03.289, 6725042786674, QTAgent32.exe, Window 2361770 not responding. Last Win32 error 1400
E, 3524, 17, 2012/11/12, 16:18:03.289, 6725042789139, QTAgent32.exe, GetClassName for handle 2558296 failed
W, 3524, 17, 2012/11/12, 16:18:03.460, 6725045067826, QTAgent32.exe, &lt;a class=success&gt;Playback - {346} [SUCCESS] SendKeys "^{HOME}" - "[MSAA, VisibleOnly]ControlType='Edit'"
\0&lt;/a&gt;
E, 3524, 17, 2012/11/12, 16:18:03.460, 6725045070565, QTAgent32.exe, Msaa.GetFocusedElement: could not find accessible object of foreground window
W, 3524, 17, 2012/11/12, 16:18:03.538, 6725046185927, QTAgent32.exe, &lt;a class=success&gt;Playback - {347} [SUCCESS] SendKeys "^+{END}" - "[MSAA, VisibleOnly]ControlType='Edit'"
\0&lt;/a&gt;
E, 3524, 17, 2012/11/12, 16:18:03.538, 6725046188719, QTAgent32.exe, Msaa.GetFocusedElement: could not find accessible object of foreground window
W, 3524, 17, 2012/11/12, 16:18:03.554, 6725046408785, QTAgent32.exe, &lt;a class=success&gt;Playback - {348} [SUCCESS] SendKeys "{DELETE}" - "[MSAA, VisibleOnly]ControlType='Edit'"
\0&lt;/a&gt;
W, 3524, 17, 2012/11/12, 16:18:03.850, 6725050656486, QTAgent32.exe, &lt;a class=success&gt;Playback - {349} [SUCCESS] SetValueAsEditBox "NewTest" - "[MSAA, VisibleOnly]ControlType='Edit'"  &lt; Set via SendKeys &gt;
\0&lt;/a&gt;
E, 3524, 17, 2012/11/12, 16:18:03.959, 6725052217950, QTAgent32.exe, GetClassName for handle 3017106 failed
W, 3524, 17, 2012/11/12, 16:18:04.349, 6725057877379, QTAgent32.exe, &lt;a class=success&gt;Playback - {350} [SUCCESS] MouseButtonClick - "[MSAA, VisibleOnly]ControlType='Button' &amp;&amp; Name='Next &gt;'"
\0&lt;/a&gt;
E, 3524, 17, 2012/11/12, 16:18:04.459, 6725059363739, QTAgent32.exe, GetClassName for handle 6686872 failed
W, 3524, 17, 2012/11/12, 16:18:04.599, 6725061488982, QTAgent32.exe, &lt;a class=success&gt;Playback - {351} [SUCCESS] MouseButtonClick - "[MSAA, VisibleOnly]ControlType='Button' &amp;&amp; Name='Next &gt;'"
\0&lt;/a&gt;
E, 3524, 17, 2012/11/12, 16:18:04.708, 6725062938456, QTAgent32.exe, GetClassName for handle 7734624 failed
W, 3524, 17, 2012/11/12, 16:18:04.818, 6725064657333, QTAgent32.exe, &lt;a class=success&gt;Playback - {352} [SUCCESS] MouseButtonClick - "[MSAA, VisibleOnly]ControlType='Button' &amp;&amp; Name='Next &gt;'"
\0&lt;/a&gt;
E, 3524, 17, 2012/11/12, 16:18:04.927, 6725066065468, QTAgent32.exe, GetClassName for handle 3279304 failed
W, 3524, 17, 2012/11/12, 16:18:05.052, 6725067881824, QTAgent32.exe, &lt;a class=success&gt;Playback - {353} [SUCCESS] MouseButtonClick - "[MSAA, VisibleOnly]ControlType='Button' &amp;&amp; Name='Next &gt;'"
\0&lt;/a&gt;
E, 3524, 17, 2012/11/12, 16:18:05.161, 6725069417160, QTAgent32.exe, GetClassName for handle 4523154 failed
W, 3524, 17, 2012/11/12, 16:18:05.286, 6725071221319, QTAgent32.exe, &lt;a class=success&gt;Playback - {354} [SUCCESS] MouseButtonClick - "[MSAA, VisibleOnly]ControlType='Button' &amp;&amp; Name='Next &gt;'"
\0&lt;/a&gt;
E, 3524, 17, 2012/11/12, 16:18:05.395, 6725072769441, QTAgent32.exe, GetClassName for handle 3803438 failed
W, 3524, 17, 2012/11/12, 16:18:05.504, 6725074512585, QTAgent32.exe, &lt;a class=success&gt;Playback - {355} [SUCCESS] MouseButtonClick - "[MSAA, VisibleOnly]ControlType='Button' &amp;&amp; Name='Next &gt;'"
\0&lt;/a&gt;
E, 3524, 17, 2012/11/12, 16:18:05.613, 6725075899005, QTAgent32.exe, GetClassName for handle 4784792 failed
W, 3524, 17, 2012/11/12, 16:18:05.754, 6725077972820, QTAgent32.exe, &lt;a class=success&gt;Playback - {356} [SUCCESS] MouseButtonClick - "[MSAA, VisibleOnly]ControlType='Button' &amp;&amp; Name='Next &gt;'"
\0&lt;/a&gt;
E, 3524, 17, 2012/11/12, 16:18:05.863, 6725079466684, QTAgent32.exe, GetClassName for handle 6882460 failed
W, 3524, 17, 2012/11/12, 16:18:06.175, 6725083977619, QTAgent32.exe, &lt;a class=success&gt;Playback - {357} [SUCCESS] MouseButtonClick - "[MSAA, VisibleOnly]ControlType='Button' &amp;&amp; Name='Quote'"
\0&lt;/a&gt;
W, 3524, 17, 2012/11/12, 16:18:06.284, 6725085497968, QTAgent32.exe, Playback - [WARNING] Internal warning: Thread state based WFR - Requested element has invalid HWND
\0
W, 3524, 17, 2012/11/12, 16:18:06.284, 6725085499742, QTAgent32.exe, Playback - [WARNING] Internal warning: process performance counters based WFR - Requested element has invalid HWND
\0
E, 3524, 17, 2012/11/12, 16:18:06.284, 6725085502950, QTAgent32.exe, EnsureValid called via EnsureValid call for same element
E, 3524, 17, 2012/11/12, 16:18:06.284, 6725085505364, QTAgent32.exe, GetClassName for handle 6358052 failed
E, 3524, 17, 2012/11/12, 16:18:06.284, 6725085507761, QTAgent32.exe, EnsureValid called via EnsureValid call for same element
E, 3524, 17, 2012/11/12, 16:18:06.284, 6725085509304, QTAgent32.exe, EnsureValid called via EnsureValid call for same element
E, 3524, 17, 2012/11/12, 16:18:06.284, 6725085514643, QTAgent32.exe, GetClassName for handle 6358052 failed
E, 3524, 17, 2012/11/12, 16:18:06.284, 6725085521880, QTAgent32.exe, Exception: System.Runtime.InteropServices.COMException
	Message: Error HRESULT E_FAIL has been returned from a call to a COM component.
	Stack Trace:    at Accessibility.IAccessible.get_accState(Object varChild)
   at Microsoft.VisualStudio.TestTools.UITest.Extension.Msaa.AccWrapper.get_State()
	BaseExceptionMessage: Error HRESULT E_FAIL has been returned from a call to a COM component.

E, 3524, 17, 2012/11/12, 16:18:06.284, 6725085526257, QTAgent32.exe, Exception: System.Runtime.InteropServices.COMException
	Message: Error HRESULT E_FAIL has been returned from a call to a COM component.
	Stack Trace:    at Accessibility.IAccessible.get_accState(Object varChild)
   at Microsoft.VisualStudio.TestTools.UITest.Extension.Msaa.AccWrapper.get_State()
	BaseExceptionMessage: Error HRESULT E_FAIL has been returned from a call to a COM component.

E, 3524, 17, 2012/11/12, 16:18:06.284, 6725085530559, QTAgent32.exe, Exception: System.Runtime.InteropServices.COMException
	Message: Error HRESULT E_FAIL has been returned from a call to a COM component.
	Stack Trace:    at Accessibility.IAccessible.get_accState(Object varChild)
   at Microsoft.VisualStudio.TestTools.UITest.Extension.Msaa.AccWrapper.get_State()
	BaseExceptionMessage: Error HRESULT E_FAIL has been returned from a call to a COM component.

E, 3524, 17, 2012/11/12, 16:18:06.284, 6725085534905, QTAgent32.exe, Exception: System.Runtime.InteropServices.COMException
	Message: Error HRESULT E_FAIL has been returned from a call to a COM component.
	Stack Trace:    at Accessibility.IAccessible.get_accState(Object varChild)
   at Microsoft.VisualStudio.TestTools.UITest.Extension.Msaa.AccWrapper.get_State()
	BaseExceptionMessage: Error HRESULT E_FAIL has been returned from a call to a COM component.

E, 3524, 17, 2012/11/12, 16:18:06.284, 6725085539255, QTAgent32.exe, Exception: System.Runtime.InteropServices.COMException
	Message: Error HRESULT E_FAIL has been returned from a call to a COM component.
	Stack Trace:    at Accessibility.IAccessible.get_accState(Object varChild)
   at Microsoft.VisualStudio.TestTools.UITest.Extension.Msaa.AccWrapper.get_State()
	BaseExceptionMessage: Error HRESULT E_FAIL has been returned from a call to a COM component.

E, 3524, 17, 2012/11/12, 16:18:06.284, 6725085543576, QTAgent32.exe, Exception: System.Runtime.InteropServices.COMException
	Message: Error HRESULT E_FAIL has been returned from a call to a COM component.
	Stack Trace:    at Accessibility.IAccessible.get_accState(Object varChild)
   at Microsoft.VisualStudio.TestTools.UITest.Extension.Msaa.AccWrapper.get_State()
	BaseExceptionMessage: Error HRESULT E_FAIL has been returned from a call to a COM component.

E, 3524, 17, 2012/11/12, 16:18:06.284, 6725085547930, QTAgent32.exe, Exception: System.Runtime.InteropServices.COMException
	Message: Error HRESULT E_FAIL has been returned from a call to a COM component.
	Stack Trace:    at Accessibility.IAccessible.get_accState(Object varChild)
   at Microsoft.VisualStudio.TestTools.UITest.Extension.Msaa.AccWrapper.get_State()
	BaseExceptionMessage: Error HRESULT E_FAIL has been returned from a call to a COM component.

W, 3524, 17, 2012/11/12, 16:18:06.471, 6725088396487, QTAgent32.exe, PERF WARNING: MSAA.UpdateQueryIDForNamelessControls: took 201 ms. Expected it to take maximum 200 ms.
W, 3524, 17, 2012/11/12, 16:18:06.487, 6725088400958, QTAgent32.exe, Msaa.Navigate: Exception [Error HRESULT E_FAIL has been returned from a call to a COM component.] while calling accNavigate.
E, 3524, 17, 2012/11/12, 16:18:06.487, 6725088402022, QTAgent32.exe, GetClassName for handle 4720498 failed
E, 3524, 17, 2012/11/12, 16:18:06.487, 6725088402867, QTAgent32.exe, Window 4720498 not responding. Last Win32 error 1400
E, 3524, 17, 2012/11/12, 16:18:06.487, 6725088405355, QTAgent32.exe, GetClassName for handle 6358052 failed
W, 3524, 17, 2012/11/12, 16:18:06.627, 6725090410684, QTAgent32.exe, &lt;a class=success&gt;Playback - {358} [SUCCESS] SendKeys "^{HOME}" - "[MSAA, VisibleOnly]ControlType='Edit'"
\0&lt;/a&gt;
E, 3524, 17, 2012/11/12, 16:18:06.627, 6725090413678, QTAgent32.exe, Msaa.GetFocusedElement: could not find accessible object of foreground window
W, 3524, 17, 2012/11/12, 16:18:06.721, 6725091750992, QTAgent32.exe, &lt;a class=success&gt;Playback - {359} [SUCCESS] SendKeys "^+{END}" - "[MSAA, VisibleOnly]ControlType='Edit'"
\0&lt;/a&gt;
E, 3524, 17, 2012/11/12, 16:18:06.721, 6725091753397, QTAgent32.exe, Msaa.GetFocusedElement: could not find accessible object of foreground window
W, 3524, 17, 2012/11/12, 16:18:06.736, 6725091974313, QTAgent32.exe, &lt;a class=success&gt;Playback - {360} [SUCCESS] SendKeys "{DELETE}" - "[MSAA, VisibleOnly]ControlType='Edit'"
\0&lt;/a&gt;
W, 3524, 17, 2012/11/12, 16:18:07.080, 6725096892484, QTAgent32.exe, &lt;a class=success&gt;Playback - {361} [SUCCESS] SetValueAsEditBox "12/11/12" - "[MSAA, VisibleOnly]ControlType='Edit'"  &lt; Set via SendKeys &gt;
\0&lt;/a&gt;
W, 3524, 17, 2012/11/12, 16:18:07.532, 6725103459294, QTAgent32.exe, &lt;a class=success&gt;Playback - {362} [SUCCESS] MouseButtonClick - "[MSAA, VisibleOnly]ControlType='Button' &amp;&amp; Name='OK'"
\0&lt;/a&gt;
W, 3524, 17, 2012/11/12, 16:18:07.641, 6725104929550, QTAgent32.exe, Playback - [WARNING] Internal warning: Thread state based WFR - Requested element has invalid HWND
\0
W, 3524, 17, 2012/11/12, 16:18:07.641, 6725104931394, QTAgent32.exe, Playback - [WARNING] Internal warning: process performance counters based WFR - Requested element has invalid HWND
\0
E, 3524, 17, 2012/11/12, 16:18:07.641, 6725104934612, QTAgent32.exe, EnsureValid called via EnsureValid call for same element
E, 3524, 17, 2012/11/12, 16:18:07.641, 6725104936590, QTAgent32.exe, EnsureValid called via EnsureValid call for same element
E, 3524, 17, 2012/11/12, 16:18:07.641, 6725104937926, QTAgent32.exe, EnsureValid called via EnsureValid call for same element
E, 3524, 17, 2012/11/12, 16:18:07.641, 6725104942013, QTAgent32.exe, GetClassName for handle 6882232 failed
E, 3524, 17, 2012/11/12, 16:18:07.641, 6725104958932, QTAgent32.exe, Window 6882232 not responding. Last Win32 error 1400
E, 3524, 17, 2012/11/12, 16:18:07.641, 6725104961166, QTAgent32.exe, GetClassName for handle 6882232 failed
E, 3524, 17, 2012/11/12, 16:18:07.641, 6725104962047, QTAgent32.exe, GetClassName for handle 6882232 failed
E, 3524, 17, 2012/11/12, 16:18:07.641, 6725105052501, QTAgent32.exe, GetClassName for handle 2361830 failed
W, 3524, 17, 2012/11/12, 16:18:07.969, 6725109695952, QTAgent32.exe, &lt;a class=success&gt;Playback - {363} [SUCCESS] MouseButtonClick - "[MSAA, VisibleOnly]ControlType='Button' &amp;&amp; Name='OK'"
\0&lt;/a&gt;
W, 3524, 17, 2012/11/12, 16:18:08.219, 6725113195159, QTAgent32.exe, &lt;a class=success&gt;Playback - {364} [SUCCESS] SendKeys "^{HOME}" - "[MSAA, VisibleOnly]ControlType='Edit'"
\0&lt;/a&gt;
E, 3524, 17, 2012/11/12, 16:18:08.219, 6725113197911, QTAgent32.exe, Msaa.GetFocusedElement: could not find accessible object of foreground window
W, 3524, 17, 2012/11/12, 16:18:08.312, 6725114534064, QTAgent32.exe, &lt;a class=success&gt;Playback - {365} [SUCCESS] SendKeys "^+{END}" - "[MSAA, VisibleOnly]ControlType='Edit'"
\0&lt;/a&gt;
E, 3524, 17, 2012/11/12, 16:18:08.312, 6725114536885, QTAgent32.exe, Msaa.GetFocusedElement: could not find accessible object of foreground window
W, 3524, 17, 2012/11/12, 16:18:08.328, 6725114759582, QTAgent32.exe, &lt;a class=success&gt;Playback - {366} [SUCCESS] SendKeys "{DELETE}" - "[MSAA, VisibleOnly]ControlType='Edit'"
\0&lt;/a&gt;
W, 3524, 17, 2012/11/12, 16:18:08.655, 6725119452942, QTAgent32.exe, &lt;a class=success&gt;Playback - {367} [SUCCESS] SetValueAsEditBox "23/11/12" - "[MSAA, VisibleOnly]ControlType='Edit'"  &lt; Set via SendKeys &gt;
\0&lt;/a&gt;
W, 3524, 17, 2012/11/12, 16:18:09.108, 6725126078179, QTAgent32.exe, &lt;a class=success&gt;Playback - {368} [SUCCESS] MouseButtonClick - "[MSAA, VisibleOnly]ControlType='Button' &amp;&amp; Name='OK'"
\0&lt;/a&gt;
W, 3524, 17, 2012/11/12, 16:18:09.217, 6725127490526, QTAgent32.exe, Playback - [WARNING] Internal warning: Thread state based WFR - Requested element has invalid HWND
\0
W, 3524, 17, 2012/11/12, 16:18:09.217, 6725127492380, QTAgent32.exe, Playback - [WARNING] Internal warning: process performance counters based WFR - Requested element has invalid HWND
\0
E, 3524, 17, 2012/11/12, 16:18:09.217, 6725127495598, QTAgent32.exe, EnsureValid called via EnsureValid call for same element
E, 3524, 17, 2012/11/12, 16:18:09.217, 6725127497611, QTAgent32.exe, EnsureValid called via EnsureValid call for same element
E, 3524, 17, 2012/11/12, 16:18:09.217, 6725127498912, QTAgent32.exe, EnsureValid called via EnsureValid call for same element
E, 3524, 17, 2012/11/12, 16:18:09.217, 6725127502972, QTAgent32.exe, GetClassName for handle 6882638 failed
E, 3524, 17, 2012/11/12, 16:18:09.217, 6725127519548, QTAgent32.exe, Window 6882638 not responding. Last Win32 error 1400
E, 3524, 17, 2012/11/12, 16:18:09.217, 6725127521724, QTAgent32.exe, GetClassName for handle 6882638 failed
E, 3524, 17, 2012/11/12, 16:18:09.217, 6725127522521, QTAgent32.exe, GetClassName for handle 6882638 failed
E, 3524, 17, 2012/11/12, 16:18:09.217, 6725127612262, QTAgent32.exe, GetClassName for handle 3672426 failed
W, 3524, 17, 2012/11/12, 16:18:09.545, 6725132251350, QTAgent32.exe, &lt;a class=success&gt;Playback - {369} [SUCCESS] MouseButtonClick - "[MSAA, VisibleOnly]ControlType='Button' &amp;&amp; Name='OK'"
\0&lt;/a&gt;
W, 3524, 17, 2012/11/12, 16:18:09.997, 6725138848416, QTAgent32.exe, &lt;a class=success&gt;Playback - {370} [SUCCESS] MouseButtonClick - "[MSAA, VisibleOnly]ControlType='Button' &amp;&amp; Name='Cancel'"
\0&lt;/a&gt;
W, 3524, 17, 2012/11/12, 16:18:10.434, 6725145022345, QTAgent32.exe, &lt;a class=success&gt;Playback - {371} [SUCCESS] MouseButtonClick - "[MSAA, VisibleOnly]ControlType='Button' &amp;&amp; Name='Cancel'"
\0&lt;/a&gt;
E, 3524, 17, 2012/11/12, 16:18:10.543, 6725146476702, QTAgent32.exe, GetClassName for handle 6228126 failed
W, 3524, 17, 2012/11/12, 16:18:10.980, 6725152873172, QTAgent32.exe, &lt;a class=success&gt;Playback - {372} [SUCCESS] MouseButtonClick - "[MSAA, VisibleOnly]ControlType='Button' &amp;&amp; Name='Yes'"
\0&lt;/a&gt;
E, 3524, 17, 2012/11/12, 16:18:11.214, 6725156094078, QTAgent32.exe, GetClassName for handle 7538344 failed
W, 3524, 17, 2012/11/12, 16:18:13.835, 6725193604120, QTAgent32.exe, &lt;a class=success&gt;Playback - {373} [SUCCESS] MouseButtonClick - "[MSAA, VisibleOnly]ControlType='Button' &amp;&amp; Name='OK'"
\0&lt;/a&gt;
W, 3524, 17, 2012/11/12, 16:18:15.489, 6725217282780, QTAgent32.exe, Playback - [WARNING] Internal warning: Element "[MSAA, VisibleOnly]ControlType='Window' &amp;&amp; ControlId='32770'" was not found, so all intermediate elements were ignored. To improve performance replace this element Id with another Id or exclude it from QueryId. If this element is the target element, replace or remove intermediate elements
\0
W, 3524, 17, 2012/11/12, 16:18:16.019, 6725225039832, QTAgent32.exe, PERF WARNING: FindAllDescendents: took 2085 ms. Expected it to take maximum 500 ms.
W, 3524, 17, 2012/11/12, 16:18:16.362, 6725229853880, QTAgent32.exe, &lt;a class=success&gt;Playback - {374} [SUCCESS] MouseButtonClick - "[MSAA, VisibleOnly]ControlType='Button' &amp;&amp; Name='Cancel'"
\0&lt;/a&gt;
W, 3524, 17, 2012/11/12, 16:18:18.016, 6725253467072, QTAgent32.exe, Playback - [WARNING] Internal warning: Element "[MSAA, VisibleOnly]ControlType='Window' &amp;&amp; ControlId='32769'" was not found, so all intermediate elements were ignored. To improve performance replace this element Id with another Id or exclude it from QueryId. If this element is the target element, replace or remove intermediate elements
\0
W, 3524, 17, 2012/11/12, 16:18:18.546, 6725261163483, QTAgent32.exe, PERF WARNING: FindAllDescendents: took 2081 ms. Expected it to take maximum 500 ms.
W, 3524, 17, 2012/11/12, 16:18:18.874, 6725265757307, QTAgent32.exe, &lt;a class=success&gt;Playback - {375} [SUCCESS] MouseButtonClick - "[MSAA, VisibleOnly]ControlType='Button' &amp;&amp; Name='Cancel'"
\0&lt;/a&gt;
W, 3524, 17, 2012/11/12, 16:18:19.264, 6725271541435, QTAgent32.exe, Playback - [WARNING] Internal warning: Window Not Found: [VisibleOnly]ControlType='Window' &amp;&amp; Name='Customer: txt1 tdsfs' &amp;&amp; ClassName='ThunderRT6MDIForm'
\0
E, 3524, 17, 2012/11/12, 16:18:19.264, 6725271544102, QTAgent32.exe, &lt;a class=failure&gt;Playback - {376} [FAILED] Function ElementFetcher::FindScreenElement failed to locate UI element (Searching: ;[VisibleOnly]ControlType='Window' &amp;&amp; Name='Customer: txt1 tdsfs' &amp;&amp; ClassName='ThunderRT6MDIForm') (The object specified was not found.)
\0&lt;/a&gt;
E, 3524, 17, 2012/11/12, 16:18:19.358, 6725272838727, QTAgent32.exe, Playback - [IMAGE] C:\Users\peter.zenin-ad\AppData\Local\Temp\UITestLogs\LastRun\RPFB251.png
\0
W, 3524, 17, 2012/11/12, 16:18:19.358, 6725272840912, QTAgent32.exe, Playback - [WARNING] Internal warning: Couldn't find descendants that match QueryId
\0
W, 3524, 17, 2012/11/12, 16:18:19.389, 6725273123930, QTAgent32.exe, Playback - [WARNING] Internal warning: Window Not Found: [VisibleOnly]ControlType='Window' &amp;&amp; Name='Customer: txt1 tdsfs' &amp;&amp; ClassName='ThunderRT6MDIForm'
\0
E, 3524, 17, 2012/11/12, 16:18:19.389, 6725273125911, QTAgent32.exe, &lt;a class=failure&gt;Playback - {377} [FAILED] Function ElementFetcher::FindScreenElement failed to locate UI element (Searching: ;[VisibleOnly]ControlType='Window' &amp;&amp; Name='Customer: txt1 tdsfs' &amp;&amp; ClassName='ThunderRT6MDIForm') (The object specified was not found.)
\0&lt;/a&gt;
E, 3524, 17, 2012/11/12, 16:18:19.467, 6725274405681, QTAgent32.exe, Playback - [IMAGE] C:\Users\peter.zenin-ad\AppData\Local\Temp\UITestLogs\LastRun\RPFB2CF.png
\0
W, 3524, 17, 2012/11/12, 16:18:19.467, 6725274407845, QTAgent32.exe, Playback - [WARNING] Internal warning: Couldn't find descendants that match QueryId
\0
W, 3524, 17, 2012/11/12, 16:18:19.748, 6725278474712, QTAgent32.exe, Playback - [WARNING] Internal warning: Window Not Found: [VisibleOnly]ControlType='Window' &amp;&amp; Name='Customer: txt1 tdsfs' &amp;&amp; ClassName='ThunderRT6MDIForm'
\0
E, 3524, 17, 2012/11/12, 16:18:19.748, 6725278477577, QTAgent32.exe, &lt;a class=failure&gt;Playback - {378} [FAILED] Function ElementFetcher::FindScreenElement failed to locate UI element (Searching: ;[VisibleOnly]ControlType='Window' &amp;&amp; Name='Customer: txt1 tdsfs' &amp;&amp; ClassName='ThunderRT6MDIForm') (The object specified was not found.)
\0&lt;/a&gt;
E, 3524, 17, 2012/11/12, 16:18:19.841, 6725279778627, QTAgent32.exe, Playback - [IMAGE] C:\Users\peter.zenin-ad\AppData\Local\Temp\UITestLogs\LastRun\RPFB437.png
\0
W, 3524, 17, 2012/11/12, 16:18:19.841, 6725279780868, QTAgent32.exe, Playback - [WARNING] Internal warning: Couldn't find descendants that match QueryId
\0
E, 3524, 17, 2012/11/12, 16:18:19.841, 6725279784771, QTAgent32.exe, Exception: System.Runtime.InteropServices.COMException
	Message: Error HRESULT E_FAIL has been returned from a call to a COM component.
	Stack Trace:    at Microsoft.VisualStudio.TestTools.UITest.Playback.Engine.IRPFPlayback.FindAllScreenElements(IScreenElement pScreenElementStart, String bstrQueryId, Object&amp; pvarResKeys, Int32 cResKeys, Int32 nMaxDepth, Object[]&amp; foundDescendants)
   at Microsoft.VisualStudio.TestTools.UITest.Playback.ScreenElement.FindTopLevelWindowHelper(String queryId)
	BaseExceptionMessage: Error HRESULT E_FAIL has been returned from a call to a COM component.

E, 3524, 17, 2012/11/12, 16:18:19.841, 6725279789649, QTAgent32.exe, Window 3671028 not responding. Last Win32 error 0
E, 3524, 17, 2012/11/12, 16:18:19.841, 6725279792228, QTAgent32.exe, GetClassName for handle 3671028 failed
E, 3524, 17, 2012/11/12, 16:18:19.841, 6725279796179, QTAgent32.exe, Window 3671028 not responding. Last Win32 error 1400
E, 3524, 17, 2012/11/12, 16:18:19.841, 6725279806185, QTAgent32.exe, Window 3671028 not responding. Last Win32 error 1400
E, 3524, 17, 2012/11/12, 16:18:19.841, 6725279807361, QTAgent32.exe, GetClassName for handle 3671028 failed
E, 3524, 17, 2012/11/12, 16:18:19.841, 6725279808185, QTAgent32.exe, GetClassName for handle 3671028 failed
W, 3524, 17, 2012/11/12, 16:18:20.107, 6725283603943, QTAgent32.exe, Playback - [WARNING] Internal warning: Window Not Found: [VisibleOnly]ControlType='Window' &amp;&amp; Name='Customer: autotest autotest' &amp;&amp; ClassName='ThunderRT6MDIForm'
\0
E, 3524, 17, 2012/11/12, 16:18:20.107, 6725283606653, QTAgent32.exe, &lt;a class=failure&gt;Playback - {379} [FAILED] Function ElementFetcher::FindScreenElement failed to locate UI element (Searching: ;[VisibleOnly]ControlType='Window' &amp;&amp; Name='Customer: autotest autotest' &amp;&amp; ClassName='ThunderRT6MDIForm') (The object specified was not found.)
\0&lt;/a&gt;
E, 3524, 17, 2012/11/12, 16:18:20.200, 6725284887714, QTAgent32.exe, Playback - [IMAGE] C:\Users\peter.zenin-ad\AppData\Local\Temp\UITestLogs\LastRun\RPFB59F.png
\0
W, 3524, 17, 2012/11/12, 16:18:20.200, 6725284889867, QTAgent32.exe, Playback - [WARNING] Internal warning: Couldn't find descendants that match QueryId
\0
W, 3524, 17, 2012/11/12, 16:18:20.216, 6725285164090, QTAgent32.exe, Playback - [WARNING] Internal warning: Window Not Found: [VisibleOnly]ControlType='Window' &amp;&amp; Name='Customer: autotest autotest' &amp;&amp; ClassName='ThunderRT6MDIForm'
\0
E, 3524, 17, 2012/11/12, 16:18:20.216, 6725285166040, QTAgent32.exe, &lt;a class=failure&gt;Playback - {380} [FAILED] Function ElementFetcher::FindScreenElement failed to locate UI element (Searching: ;[VisibleOnly]ControlType='Window' &amp;&amp; Name='Customer: autotest autotest' &amp;&amp; ClassName='ThunderRT6MDIForm') (The object specified was not found.)
\0&lt;/a&gt;
E, 3524, 17, 2012/11/12, 16:18:20.309, 6725286441119, QTAgent32.exe, Playback - [IMAGE] C:\Users\peter.zenin-ad\AppData\Local\Temp\UITestLogs\LastRun\RPFB60D.png
\0
W, 3524, 17, 2012/11/12, 16:18:20.309, 6725286443258, QTAgent32.exe, Playback - [WARNING] Internal warning: Couldn't find descendants that match QueryId
\0
W, 3524, 17, 2012/11/12, 16:18:20.559, 6725290092438, QTAgent32.exe, Playback - [WARNING] Internal warning: Window Not Found: [VisibleOnly]ControlType='Window' &amp;&amp; Name='Customer: autotest autotest' &amp;&amp; ClassName='ThunderRT6MDIForm'
\0
E, 3524, 17, 2012/11/12, 16:18:20.575, 6725290096366, QTAgent32.exe, &lt;a class=failure&gt;Playback - {381} [FAILED] Function ElementFetcher::FindScreenElement failed to locate UI element (Searching: ;[VisibleOnly]ControlType='Window' &amp;&amp; Name='Customer: autotest autotest' &amp;&amp; ClassName='ThunderRT6MDIForm') (The object specified was not found.)
\0&lt;/a&gt;
E, 3524, 17, 2012/11/12, 16:18:20.653, 6725291369066, QTAgent32.exe, Playback - [IMAGE] C:\Users\peter.zenin-ad\AppData\Local\Temp\UITestLogs\LastRun\RPFB775.png
\0
W, 3524, 17, 2012/11/12, 16:18:20.653, 6725291371376, QTAgent32.exe, Playback - [WARNING] Internal warning: Couldn't find descendants that match QueryId
\0
E, 3524, 17, 2012/11/12, 16:18:20.653, 6725291375377, QTAgent32.exe, Exception: System.Runtime.InteropServices.COMException
	Message: Error HRESULT E_FAIL has been returned from a call to a COM component.
	Stack Trace:    at Microsoft.VisualStudio.TestTools.UITest.Playback.Engine.IRPFPlayback.FindAllScreenElements(IScreenElement pScreenElementStart, String bstrQueryId, Object&amp; pvarResKeys, Int32 cResKeys, Int32 nMaxDepth, Object[]&amp; foundDescendants)
   at Microsoft.VisualStudio.TestTools.UITest.Playback.ScreenElement.FindTopLevelWindowHelper(String queryId)
	BaseExceptionMessage: Error HRESULT E_FAIL has been returned from a call to a COM component.

E, 3524, 17, 2012/11/12, 16:18:20.653, 6725291380042, QTAgent32.exe, Window 3671028 not responding. Last Win32 error 0
E, 3524, 17, 2012/11/12, 16:18:20.653, 6725291383954, QTAgent32.exe, Window 3671028 not responding. Last Win32 error 1400
E, 3524, 17, 2012/11/12, 16:18:20.653, 6725291388640, QTAgent32.exe, Window 3671028 not responding. Last Win32 error 1400
E, 3524, 17, 2012/11/12, 16:18:20.653, 6725291389900, QTAgent32.exe, GetClassName for handle 3671028 failed
E, 3524, 17, 2012/11/12, 16:18:20.653, 6725291390713, QTAgent32.exe, GetClassName for handle 3671028 failed
W, 3524, 17, 2012/11/12, 16:18:20.918, 6725295223538, QTAgent32.exe, Playback - [WARNING] Internal warning: Window Not Found: [VisibleOnly]ControlType='Window' &amp;&amp; Name='Customer: txt1 tdsfs' &amp;&amp; ClassName='ThunderRT6MDIForm'
\0
E, 3524, 17, 2012/11/12, 16:18:20.918, 6725295226307, QTAgent32.exe, &lt;a class=failure&gt;Playback - {382} [FAILED] Function ElementFetcher::FindScreenElement failed to locate UI element (Searching: ;[VisibleOnly]ControlType='Window' &amp;&amp; Name='Customer: txt1 tdsfs' &amp;&amp; ClassName='ThunderRT6MDIForm') (The object specified was not found.)
\0&lt;/a&gt;
E, 3524, 17, 2012/11/12, 16:18:21.011, 6725296498783, QTAgent32.exe, Playback - [IMAGE] C:\Users\peter.zenin-ad\AppData\Local\Temp\UITestLogs\LastRun\RPFB8CD.png
\0
W, 3524, 17, 2012/11/12, 16:18:21.011, 6725296500893, QTAgent32.exe, Playback - [WARNING] Internal warning: Couldn't find descendants that match QueryId
\0
W, 3524, 17, 2012/11/12, 16:18:21.495, 6725303489059, QTAgent32.exe, Playback - [WARNING] Internal warning: Window Not Found: [VisibleOnly]ControlType='Window' &amp;&amp; Name='Customer: txt1 tdsfs' &amp;&amp; ClassName='ThunderRT6MDIForm'
\0
E, 3524, 17, 2012/11/12, 16:18:21.495, 6725303491762, QTAgent32.exe, &lt;a class=failure&gt;Playback - {383} [FAILED] Function ElementFetcher::FindScreenElement failed to locate UI element (Searching: ;[VisibleOnly]ControlType='Window' &amp;&amp; Name='Customer: txt1 tdsfs' &amp;&amp; ClassName='ThunderRT6MDIForm') (The object specified was not found.)
\0&lt;/a&gt;
E, 3524, 17, 2012/11/12, 16:18:21.589, 6725304769275, QTAgent32.exe, Playback - [IMAGE] C:\Users\peter.zenin-ad\AppData\Local\Temp\UITestLogs\LastRun\RPFBB0F.png
\0
W, 3524, 17, 2012/11/12, 16:18:21.589, 6725304771478, QTAgent32.exe, Playback - [WARNING] Internal warning: Couldn't find descendants that match QueryId
\0
W, 3524, 17, 2012/11/12, 16:18:21.589, 6725304774498, QTAgent32.exe, PERF WARNING: FindTopLevelWindowHelper::FindAllDescendents: took 577 ms. Expected it to take maximum 500 ms.
W, 3524, 17, 2012/11/12, 16:18:22.057, 6725311412235, QTAgent32.exe, Playback - [WARNING] Internal warning: Smart Match failed
\0
W, 3524, 17, 2012/11/12, 16:18:22.228, 6725313871850, QTAgent32.exe, Playback - [WARNING] Internal warning: Smart Match failed
\0
W, 3524, 17, 2012/11/12, 16:18:22.400, 6725316336475, QTAgent32.exe, Playback - [WARNING] Internal warning: Smart Match failed
\0
W, 3524, 17, 2012/11/12, 16:18:22.571, 6725318787475, QTAgent32.exe, Playback - [WARNING] Internal warning: Smart Match failed
\0
W, 3524, 17, 2012/11/12, 16:18:22.743, 6725321245412, QTAgent32.exe, Playback - [WARNING] Internal warning: Smart Match failed
\0
W, 3524, 17, 2012/11/12, 16:18:22.915, 6725323698398, QTAgent32.exe, Playback - [WARNING] Internal warning: Smart Match failed
\0
W, 3524, 17, 2012/11/12, 16:18:23.133, 6725326789297, QTAgent32.exe, Playback - [WARNING] Internal warning: Smart Match failed
\0
W, 3524, 17, 2012/11/12, 16:18:23.305, 6725329286724, QTAgent32.exe, Playback - [WARNING] Internal warning: Smart Match failed
\0
W, 3524, 17, 2012/11/12, 16:18:23.476, 6725331745650, QTAgent32.exe, Playback - [WARNING] Internal warning: Smart Match failed
\0
W, 3524, 17, 2012/11/12, 16:18:23.648, 6725334196083, QTAgent32.exe, Playback - [WARNING] Internal warning: Smart Match failed
\0
W, 3524, 17, 2012/11/12, 16:18:23.820, 6725336660737, QTAgent32.exe, Playback - [WARNING] Internal warning: Smart Match failed
\0
W, 3524, 17, 2012/11/12, 16:18:23.991, 6725339109973, QTAgent32.exe, Playback - [WARNING] Internal warning: Smart Match failed
\0
W, 3524, 17, 2012/11/12, 16:18:24.163, 6725341570612, QTAgent32.exe, Playback - [WARNING] Internal warning: Smart Match failed
\0
W, 3524, 17, 2012/11/12, 16:18:24.334, 6725344027122, QTAgent32.exe, Playback - [WARNING] Internal warning: Smart Match failed
\0
W, 3524, 17, 2012/11/12, 16:18:24.506, 6725346480540, QTAgent32.exe, Playback - [WARNING] Internal warning: Smart Match failed
\0
W, 3524, 17, 2012/11/12, 16:18:24.678, 6725348941848, QTAgent32.exe, Playback - [WARNING] Internal warning: Smart Match failed
\0
W, 3524, 17, 2012/11/12, 16:18:24.740, 6725349785177, QTAgent32.exe, Playback - [WARNING] Internal warning: Window Not Found: [VisibleOnly]ControlType='Window' &amp;&amp; Name='Customer: txt1 tdsfs' &amp;&amp; ClassName='ThunderRT6MDIForm'
\0
E, 3524, 17, 2012/11/12, 16:18:24.740, 6725349787532, QTAgent32.exe, &lt;a class=failure&gt;Playback - {384} [FAILED] Function ElementFetcher::FindScreenElement failed to locate UI element (Searching: ;[VisibleOnly]ControlType='Window' &amp;&amp; Name='Customer: txt1 tdsfs' &amp;&amp; ClassName='ThunderRT6MDIForm') (The object specified was not found.)
\0&lt;/a&gt;
E, 3524, 17, 2012/11/12, 16:18:24.818, 6725351057149, QTAgent32.exe, Playback - [IMAGE] C:\Users\peter.zenin-ad\AppData\Local\Temp\UITestLogs\LastRun\RPFC7BD.png
\0
W, 3524, 17, 2012/11/12, 16:18:24.818, 6725351059273, QTAgent32.exe, Playback - [WARNING] Internal warning: Couldn't find descendants that match QueryId
\0
W, 3524, 17, 2012/11/12, 16:18:24.818, 6725351062242, QTAgent32.exe, PERF WARNING: FindTopLevelWindowHelper::FindAllDescendents: took 3232 ms. Expected it to take maximum 500 ms.
E, 3524, 17, 2012/11/12, 16:18:24.818, 6725351064025, QTAgent32.exe, Exception: System.Runtime.InteropServices.COMException
	Message: Error HRESULT E_FAIL has been returned from a call to a COM component.
	Stack Trace:    at Microsoft.VisualStudio.TestTools.UITest.Playback.Engine.IRPFPlayback.FindAllScreenElements(IScreenElement pScreenElementStart, String bstrQueryId, Object&amp; pvarResKeys, Int32 cResKeys, Int32 nMaxDepth, Object[]&amp; foundDescendants)
   at Microsoft.VisualStudio.TestTools.UITest.Playback.ScreenElement.FindTopLevelWindowHelper(String queryId)
	BaseExceptionMessage: Error HRESULT E_FAIL has been returned from a call to a COM component.

E, 3524, 17, 2012/11/12, 16:18:24.818, 6725351068533, QTAgent32.exe, Window 3671028 not responding. Last Win32 error 0
E, 3524, 17, 2012/11/12, 16:18:24.818, 6725351072424, QTAgent32.exe, Window 3671028 not responding. Last Win32 error 1400
E, 3524, 17, 2012/11/12, 16:18:24.834, 6725351077545, QTAgent32.exe, Window 3671028 not responding. Last Win32 error 1400
E, 3524, 17, 2012/11/12, 16:18:24.834, 6725351078918, QTAgent32.exe, GetClassName for handle 3671028 failed
E, 3524, 17, 2012/11/12, 16:18:24.834, 6725351079730, QTAgent32.exe, GetClassName for handle 3671028 failed
W, 3524, 17, 2012/11/12, 16:18:25.083, 6725354856620, QTAgent32.exe, Playback - [WARNING] Internal warning: Window Not Found: [VisibleOnly]ControlType='Window' &amp;&amp; Name='Customer: autotest autotest' &amp;&amp; ClassName='ThunderRT6MDIForm'
\0
E, 3524, 17, 2012/11/12, 16:18:25.083, 6725354859514, QTAgent32.exe, &lt;a class=failure&gt;Playback - {385} [FAILED] Function ElementFetcher::FindScreenElement failed to locate UI element (Searching: ;[VisibleOnly]ControlType='Window' &amp;&amp; Name='Customer: autotest autotest' &amp;&amp; ClassName='ThunderRT6MDIForm') (The object specified was not found.)
\0&lt;/a&gt;
E, 3524, 17, 2012/11/12, 16:18:25.224, 6725356771047, QTAgent32.exe, Playback - [IMAGE] C:\Users\peter.zenin-ad\AppData\Local\Temp\UITestLogs\LastRun\RPFC915.png
\0
W, 3524, 17, 2012/11/12, 16:18:25.224, 6725356773179, QTAgent32.exe, Playback - [WARNING] Internal warning: Couldn't find descendants that match QueryId
\0
W, 3524, 17, 2012/11/12, 16:18:25.692, 6725363578694, QTAgent32.exe, Playback - [WARNING] Internal warning: Window Not Found: [VisibleOnly]ControlType='Window' &amp;&amp; Name='Customer: autotest autotest' &amp;&amp; ClassName='ThunderRT6MDIForm'
\0
E, 3524, 17, 2012/11/12, 16:18:25.707, 6725363581979, QTAgent32.exe, &lt;a class=failure&gt;Playback - {386} [FAILED] Function ElementFetcher::FindScreenElement failed to locate UI element (Searching: ;[VisibleOnly]ControlType='Window' &amp;&amp; Name='Customer: autotest autotest' &amp;&amp; ClassName='ThunderRT6MDIForm') (The object specified was not found.)
\0&lt;/a&gt;
E, 3524, 17, 2012/11/12, 16:18:25.801, 6725364925748, QTAgent32.exe, Playback - [IMAGE] C:\Users\peter.zenin-ad\AppData\Local\Temp\UITestLogs\LastRun\RPFCB86.png
\0
W, 3524, 17, 2012/11/12, 16:18:25.801, 6725364927930, QTAgent32.exe, Playback - [WARNING] Internal warning: Couldn't find descendants that match QueryId
\0
W, 3524, 17, 2012/11/12, 16:18:25.801, 6725364930906, QTAgent32.exe, PERF WARNING: FindTopLevelWindowHelper::FindAllDescendents: took 569 ms. Expected it to take maximum 500 ms.
W, 3524, 17, 2012/11/12, 16:18:26.253, 6725371496512, QTAgent32.exe, Playback - [WARNING] Internal warning: Smart Match failed
\0
W, 3524, 17, 2012/11/12, 16:18:26.550, 6725375737982, QTAgent32.exe, Playback - [WARNING] Internal warning: Smart Match failed
\0
W, 3524, 17, 2012/11/12, 16:18:26.721, 6725378198116, QTAgent32.exe, Playback - [WARNING] Internal warning: Smart Match failed
\0
W, 3524, 17, 2012/11/12, 16:18:26.893, 6725380656890, QTAgent32.exe, Playback - [WARNING] Internal warning: Smart Match failed
\0
W, 3524, 17, 2012/11/12, 16:18:27.065, 6725383111999, QTAgent32.exe, Playback - [WARNING] Internal warning: Smart Match failed
\0
W, 3524, 17, 2012/11/12, 16:18:27.236, 6725385569152, QTAgent32.exe, Playback - [WARNING] Internal warning: Smart Match failed
\0
W, 3524, 17, 2012/11/12, 16:18:27.408, 6725388025185, QTAgent32.exe, Playback - [WARNING] Internal warning: Smart Match failed
\0
W, 3524, 17, 2012/11/12, 16:18:27.735, 6725392711521, QTAgent32.exe, Playback - [WARNING] Internal warning: Smart Match failed
\0
W, 3524, 17, 2012/11/12, 16:18:27.907, 6725395175429, QTAgent32.exe, Playback - [WARNING] Internal warning: Smart Match failed
\0
W, 3524, 17, 2012/11/12, 16:18:28.079, 6725397630821, QTAgent32.exe, Playback - [WARNING] Internal warning: Smart Match failed
\0
W, 3524, 17, 2012/11/12, 16:18:28.250, 6725400095055, QTAgent32.exe, Playback - [WARNING] Internal warning: Smart Match failed
\0
W, 3524, 17, 2012/11/12, 16:18:28.422, 6725402545076, QTAgent32.exe, Playback - [WARNING] Internal warning: Smart Match failed
\0
W, 3524, 17, 2012/11/12, 16:18:28.593, 6725405002092, QTAgent32.exe, Playback - [WARNING] Internal warning: Smart Match failed
\0
W, 3524, 17, 2012/11/12, 16:18:28.921, 6725409703264, QTAgent32.exe, Playback - [WARNING] Internal warning: Smart Match failed
\0
W, 3524, 17, 2012/11/12, 16:18:28.983, 6725410539107, QTAgent32.exe, Playback - [WARNING] Internal warning: Window Not Found: [VisibleOnly]ControlType='Window' &amp;&amp; Name='Customer: autotest autotest' &amp;&amp; ClassName='ThunderRT6MDIForm'
\0
E, 3524, 17, 2012/11/12, 16:18:28.983, 6725410541344, QTAgent32.exe, &lt;a class=failure&gt;Playback - {387} [FAILED] Function ElementFetcher::FindScreenElement failed to locate UI element (Searching: ;[VisibleOnly]ControlType='Window' &amp;&amp; Name='Customer: autotest autotest' &amp;&amp; ClassName='ThunderRT6MDIForm') (The object specified was not found.)
\0&lt;/a&gt;
E, 3524, 17, 2012/11/12, 16:18:29.061, 6725411805423, QTAgent32.exe, Playback - [IMAGE] C:\Users\peter.zenin-ad\AppData\Local\Temp\UITestLogs\LastRun\RPFD853.png
\0
W, 3524, 17, 2012/11/12, 16:18:29.061, 6725411807647, QTAgent32.exe, Playback - [WARNING] Internal warning: Couldn't find descendants that match QueryId
\0
W, 3524, 17, 2012/11/12, 16:18:29.061, 6725411810622, QTAgent32.exe, PERF WARNING: FindTopLevelWindowHelper::FindAllDescendents: took 3273 ms. Expected it to take maximum 500 ms.
E, 3524, 17, 2012/11/12, 16:18:29.061, 6725411812413, QTAgent32.exe, Exception: System.Runtime.InteropServices.COMException
	Message: Error HRESULT E_FAIL has been returned from a call to a COM component.
	Stack Trace:    at Microsoft.VisualStudio.TestTools.UITest.Playback.Engine.IRPFPlayback.FindAllScreenElements(IScreenElement pScreenElementStart, String bstrQueryId, Object&amp; pvarResKeys, Int32 cResKeys, Int32 nMaxDepth, Object[]&amp; foundDescendants)
   at Microsoft.VisualStudio.TestTools.UITest.Playback.ScreenElement.FindTopLevelWindowHelper(String queryId)
	BaseExceptionMessage: Error HRESULT E_FAIL has been returned from a call to a COM component.

E, 3524, 17, 2012/11/12, 16:18:29.061, 6725411817054, QTAgent32.exe, Window 3671028 not responding. Last Win32 error 0
E, 3524, 17, 2012/11/12, 16:18:29.061, 6725411820980, QTAgent32.exe, Window 3671028 not responding. Last Win32 error 1400
E, 3524, 17, 2012/11/12, 16:18:29.061, 6725411825671, QTAgent32.exe, Window 3671028 not responding. Last Win32 error 1400
E, 3524, 17, 2012/11/12, 16:18:29.061, 6725411826918, QTAgent32.exe, GetClassName for handle 3671028 failed
E, 3524, 17, 2012/11/12, 16:18:29.061, 6725411827741, QTAgent32.exe, GetClassName for handle 3671028 failed
W, 3524, 17, 2012/11/12, 16:18:29.358, 6725416057969, QTAgent32.exe, Playback - [WARNING] Internal warning: Window Not Found: [VisibleOnly]ControlType='Window' &amp;&amp; Name='Customer: txt1 tdsfs' &amp;&amp; ClassName='ThunderRT6MDIForm'
\0
E, 3524, 17, 2012/11/12, 16:18:29.358, 6725416060758, QTAgent32.exe, &lt;a class=failure&gt;Playback - {388} [FAILED] Function ElementFetcher::FindScreenElement failed to locate UI element (Searching: ;[VisibleOnly]ControlType='Window' &amp;&amp; Name='Customer: txt1 tdsfs' &amp;&amp; ClassName='ThunderRT6MDIForm') (The object specified was not found.)
\0&lt;/a&gt;
E, 3524, 17, 2012/11/12, 16:18:29.452, 6725417313965, QTAgent32.exe, Playback - [IMAGE] C:\Users\peter.zenin-ad\AppData\Local\Temp\UITestLogs\LastRun\RPFD9CA.png
\0
W, 3524, 17, 2012/11/12, 16:18:29.452, 6725417316164, QTAgent32.exe, Playback - [WARNING] Internal warning: Couldn't find descendants that match QueryId
\0
W, 3524, 17, 2012/11/12, 16:18:29.920, 6725424107727, QTAgent32.exe, Playback - [WARNING] Internal warning: Window Not Found: [VisibleOnly]ControlType='Window' &amp;&amp; Name='Customer: txt1 tdsfs' &amp;&amp; ClassName='ThunderRT6MDIForm'
\0
E, 3524, 17, 2012/11/12, 16:18:29.920, 6725424110696, QTAgent32.exe, &lt;a class=failure&gt;Playback - {389} [FAILED] Function ElementFetcher::FindScreenElement failed to locate UI element (Searching: ;[VisibleOnly]ControlType='Window' &amp;&amp; Name='Customer: txt1 tdsfs' &amp;&amp; ClassName='ThunderRT6MDIForm') (The object specified was not found.)
\0&lt;/a&gt;
E, 3524, 17, 2012/11/12, 16:18:30.060, 6725426040085, QTAgent32.exe, Playback - [IMAGE] C:\Users\peter.zenin-ad\AppData\Local\Temp\UITestLogs\LastRun\RPFDBFD.png
\0
W, 3524, 17, 2012/11/12, 16:18:30.060, 6725426042230, QTAgent32.exe, Playback - [WARNING] Internal warning: Couldn't find descendants that match QueryId
\0
W, 3524, 17, 2012/11/12, 16:18:30.060, 6725426045220, QTAgent32.exe, PERF WARNING: FindTopLevelWindowHelper::FindAllDescendents: took 609 ms. Expected it to take maximum 500 ms.
W, 3524, 17, 2012/11/12, 16:18:30.528, 6725432697800, QTAgent32.exe, Playback - [WARNING] Internal warning: Smart Match failed
\0
W, 3524, 17, 2012/11/12, 16:18:30.700, 6725435157166, QTAgent32.exe, Playback - [WARNING] Internal warning: Smart Match failed
\0
W, 3524, 17, 2012/11/12, 16:18:30.871, 6725437622294, QTAgent32.exe, Playback - [WARNING] Internal warning: Smart Match failed
\0
W, 3524, 17, 2012/11/12, 16:18:31.043, 6725440081054, QTAgent32.exe, Playback - [WARNING] Internal warning: Smart Match failed
\0
W, 3524, 17, 2012/11/12, 16:18:31.370, 6725444755418, QTAgent32.exe, Playback - [WARNING] Internal warning: Smart Match failed
\0
W, 3524, 17, 2012/11/12, 16:18:31.542, 6725447226005, QTAgent32.exe, Playback - [WARNING] Internal warning: Smart Match failed
\0
W, 3524, 17, 2012/11/12, 16:18:31.714, 6725449683805, QTAgent32.exe, Playback - [WARNING] Internal warning: Smart Match failed
\0
W, 3524, 17, 2012/11/12, 16:18:31.885, 6725452135860, QTAgent32.exe, Playback - [WARNING] Internal warning: Smart Match failed
\0
W, 3524, 17, 2012/11/12, 16:18:32.057, 6725454612572, QTAgent32.exe, Playback - [WARNING] Internal warning: Smart Match failed
\0
W, 3524, 17, 2012/11/12, 16:18:32.228, 6725457046305, QTAgent32.exe, Playback - [WARNING] Internal warning: Smart Match failed
\0
W, 3524, 17, 2012/11/12, 16:18:32.400, 6725459506076, QTAgent32.exe, Playback - [WARNING] Internal warning: Smart Match failed
\0
W, 3524, 17, 2012/11/12, 16:18:32.572, 6725461960664, QTAgent32.exe, Playback - [WARNING] Internal warning: Smart Match failed
\0
W, 3524, 17, 2012/11/12, 16:18:32.743, 6725464415834, QTAgent32.exe, Playback - [WARNING] Internal warning: Smart Match failed
\0
W, 3524, 17, 2012/11/12, 16:18:32.915, 6725466879685, QTAgent32.exe, Playback - [WARNING] Internal warning: Smart Match failed
\0
W, 3524, 17, 2012/11/12, 16:18:33.087, 6725469352093, QTAgent32.exe, Playback - [WARNING] Internal warning: Smart Match failed
\0
W, 3524, 17, 2012/11/12, 16:18:33.149, 6725470225988, QTAgent32.exe, Playback - [WARNING] Internal warning: Window Not Found: [VisibleOnly]ControlType='Window' &amp;&amp; Name='Customer: txt1 tdsfs' &amp;&amp; ClassName='ThunderRT6MDIForm'
\0
E, 3524, 17, 2012/11/12, 16:18:33.149, 6725470228473, QTAgent32.exe, &lt;a class=failure&gt;Playback - {390} [FAILED] Function ElementFetcher::FindScreenElement failed to locate UI element (Searching: ;[VisibleOnly]ControlType='Window' &amp;&amp; Name='Customer: txt1 tdsfs' &amp;&amp; ClassName='ThunderRT6MDIForm') (The object specified was not found.)
\0&lt;/a&gt;
E, 3524, 17, 2012/11/12, 16:18:33.243, 6725471498984, QTAgent32.exe, Playback - [IMAGE] C:\Users\peter.zenin-ad\AppData\Local\Temp\UITestLogs\LastRun\RPFE89B.png
\0
W, 3524, 17, 2012/11/12, 16:18:33.243, 6725471501139, QTAgent32.exe, Playback - [WARNING] Internal warning: Couldn't find descendants that match QueryId
\0
W, 3524, 17, 2012/11/12, 16:18:33.243, 6725471504173, QTAgent32.exe, PERF WARNING: FindTopLevelWindowHelper::FindAllDescendents: took 3174 ms. Expected it to take maximum 500 ms.
E, 3524, 17, 2012/11/12, 16:18:33.243, 6725471506467, QTAgent32.exe, Exception: System.Runtime.InteropServices.COMException
	Message: Error HRESULT E_FAIL has been returned from a call to a COM component.
	Stack Trace:    at Microsoft.VisualStudio.TestTools.UITest.Playback.Engine.IRPFPlayback.FindAllScreenElements(IScreenElement pScreenElementStart, String bstrQueryId, Object&amp; pvarResKeys, Int32 cResKeys, Int32 nMaxDepth, Object[]&amp; foundDescendants)
   at Microsoft.VisualStudio.TestTools.UITest.Playback.ScreenElement.FindTopLevelWindowHelper(String queryId)
	BaseExceptionMessage: Error HRESULT E_FAIL has been returned from a call to a COM component.

E, 3524, 17, 2012/11/12, 16:18:33.243, 6725471511152, QTAgent32.exe, Window 3671028 not responding. Last Win32 error 0
E, 3524, 17, 2012/11/12, 16:18:33.243, 6725471515964, QTAgent32.exe, Window 3671028 not responding. Last Win32 error 1400
E, 3524, 17, 2012/11/12, 16:18:33.243, 6725471521130, QTAgent32.exe, Window 3671028 not responding. Last Win32 error 1400
E, 3524, 17, 2012/11/12, 16:18:33.243, 6725471522466, QTAgent32.exe, GetClassName for handle 3671028 failed
E, 3524, 17, 2012/11/12, 16:18:33.243, 6725471523277, QTAgent32.exe, GetClassName for handle 3671028 failed
W, 3524, 17, 2012/11/12, 16:18:33.492, 6725475252583, QTAgent32.exe, Playback - [WARNING] Internal warning: Window Not Found: [VisibleOnly]ControlType='Window' &amp;&amp; Name='Customer: autotest autotest' &amp;&amp; ClassName='ThunderRT6MDIForm'
\0
E, 3524, 17, 2012/11/12, 16:18:33.492, 6725475255467, QTAgent32.exe, &lt;a class=failure&gt;Playback - {391} [FAILED] Function ElementFetcher::FindScreenElement failed to locate UI element (Searching: ;[VisibleOnly]ControlType='Window' &amp;&amp; Name='Customer: autotest autotest' &amp;&amp; ClassName='ThunderRT6MDIForm') (The object specified was not found.)
\0&lt;/a&gt;
E, 3524, 17, 2012/11/12, 16:18:33.586, 6725476515824, QTAgent32.exe, Playback - [IMAGE] C:\Users\peter.zenin-ad\AppData\Local\Temp\UITestLogs\LastRun\RPFE9F3.png
\0
W, 3524, 17, 2012/11/12, 16:18:33.586, 6725476518525, QTAgent32.exe, Playback - [WARNING] Internal warning: Couldn't find descendants that match QueryId
\0
W, 3524, 17, 2012/11/12, 16:18:34.038, 6725483074855, QTAgent32.exe, Playback - [WARNING] Internal warning: Window Not Found: [VisibleOnly]ControlType='Window' &amp;&amp; Name='Customer: autotest autotest' &amp;&amp; ClassName='ThunderRT6MDIForm'
\0
E, 3524, 17, 2012/11/12, 16:18:34.038, 6725483077721, QTAgent32.exe, &lt;a class=failure&gt;Playback - {392} [FAILED] Function ElementFetcher::FindScreenElement failed to locate UI element (Searching: ;[VisibleOnly]ControlType='Window' &amp;&amp; Name='Customer: autotest autotest' &amp;&amp; ClassName='ThunderRT6MDIForm') (The object specified was not found.)
\0&lt;/a&gt;
E, 3524, 17, 2012/11/12, 16:18:34.132, 6725484343513, QTAgent32.exe, Playback - [IMAGE] C:\Users\peter.zenin-ad\AppData\Local\Temp\UITestLogs\LastRun\RPFEC17.png
\0
W, 3524, 17, 2012/11/12, 16:18:34.132, 6725484345642, QTAgent32.exe, Playback - [WARNING] Internal warning: Couldn't find descendants that match QueryId
\0
W, 3524, 17, 2012/11/12, 16:18:34.132, 6725484348738, QTAgent32.exe, PERF WARNING: FindTopLevelWindowHelper::FindAllDescendents: took 546 ms. Expected it to take maximum 500 ms.
W, 3524, 17, 2012/11/12, 16:18:34.600, 6725491003613, QTAgent32.exe, Playback - [WARNING] Internal warning: Smart Match failed
\0
W, 3524, 17, 2012/11/12, 16:18:34.771, 6725493454911, QTAgent32.exe, Playback - [WARNING] Internal warning: Smart Match failed
\0
W, 3524, 17, 2012/11/12, 16:18:34.943, 6725495913899, QTAgent32.exe, Playback - [WARNING] Internal warning: Smart Match failed
\0
W, 3524, 17, 2012/11/12, 16:18:35.130, 6725498688141, QTAgent32.exe, Playback - [WARNING] Internal warning: Smart Match failed
\0
W, 3524, 17, 2012/11/12, 16:18:35.302, 6725501062882, QTAgent32.exe, Playback - [WARNING] Internal warning: Smart Match failed
\0
W, 3524, 17, 2012/11/12, 16:18:35.473, 6725503505644, QTAgent32.exe, Playback - [WARNING] Internal warning: Smart Match failed
\0
W, 3524, 17, 2012/11/12, 16:18:35.645, 6725505961527, QTAgent32.exe, Playback - [WARNING] Internal warning: Smart Match failed
\0
W, 3524, 17, 2012/11/12, 16:18:35.817, 6725508421062, QTAgent32.exe, Playback - [WARNING] Internal warning: Smart Match failed
\0
W, 3524, 17, 2012/11/12, 16:18:35.988, 6725510874951, QTAgent32.exe, Playback - [WARNING] Internal warning: Smart Match failed
\0
W, 3524, 17, 2012/11/12, 16:18:36.160, 6725513331207, QTAgent32.exe, Playback - [WARNING] Internal warning: Smart Match failed
\0
W, 3524, 17, 2012/11/12, 16:18:36.332, 6725515789494, QTAgent32.exe, Playback - [WARNING] Internal warning: Smart Match failed
\0
W, 3524, 17, 2012/11/12, 16:18:36.503, 6725518247632, QTAgent32.exe, Playback - [WARNING] Internal warning: Smart Match failed
\0
W, 3524, 17, 2012/11/12, 16:18:36.675, 6725520710163, QTAgent32.exe, Playback - [WARNING] Internal warning: Smart Match failed
\0
W, 3524, 17, 2012/11/12, 16:18:36.846, 6725523212984, QTAgent32.exe, Playback - [WARNING] Internal warning: Smart Match failed
\0
W, 3524, 17, 2012/11/12, 16:18:37.018, 6725525621940, QTAgent32.exe, Playback - [WARNING] Internal warning: Smart Match failed
\0
W, 3524, 17, 2012/11/12, 16:18:37.190, 6725528080681, QTAgent32.exe, Playback - [WARNING] Internal warning: Smart Match failed
\0
W, 3524, 17, 2012/11/12, 16:18:37.252, 6725528898186, QTAgent32.exe, Playback - [WARNING] Internal warning: Window Not Found: [VisibleOnly]ControlType='Window' &amp;&amp; Name='Customer: autotest autotest' &amp;&amp; ClassName='ThunderRT6MDIForm'
\0
E, 3524, 17, 2012/11/12, 16:18:37.252, 6725528900489, QTAgent32.exe, &lt;a class=failure&gt;Playback - {393} [FAILED] Function ElementFetcher::FindScreenElement failed to locate UI element (Searching: ;[VisibleOnly]ControlType='Window' &amp;&amp; Name='Customer: autotest autotest' &amp;&amp; ClassName='ThunderRT6MDIForm') (The object specified was not found.)
\0&lt;/a&gt;
E, 3524, 17, 2012/11/12, 16:18:37.330, 6725530153464, QTAgent32.exe, Playback - [IMAGE] C:\Users\peter.zenin-ad\AppData\Local\Temp\UITestLogs\LastRun\RPFF8A5.png
\0
W, 3524, 17, 2012/11/12, 16:18:37.330, 6725530155619, QTAgent32.exe, Playback - [WARNING] Internal warning: Couldn't find descendants that match QueryId
\0
W, 3524, 17, 2012/11/12, 16:18:37.330, 6725530159066, QTAgent32.exe, PERF WARNING: FindTopLevelWindowHelper::FindAllDescendents: took 3199 ms. Expected it to take maximum 500 ms.
E, 3524, 17, 2012/11/12, 16:18:37.330, 6725530161335, QTAgent32.exe, Exception: System.Runtime.InteropServices.COMException
	Message: Error HRESULT E_FAIL has been returned from a call to a COM component.
	Stack Trace:    at Microsoft.VisualStudio.TestTools.UITest.Playback.Engine.IRPFPlayback.FindAllScreenElements(IScreenElement pScreenElementStart, String bstrQueryId, Object&amp; pvarResKeys, Int32 cResKeys, Int32 nMaxDepth, Object[]&amp; foundDescendants)
   at Microsoft.VisualStudio.TestTools.UITest.Playback.ScreenElement.FindTopLevelWindowHelper(String queryId)
	BaseExceptionMessage: Error HRESULT E_FAIL has been returned from a call to a COM component.

E, 3524, 17, 2012/11/12, 16:18:37.330, 6725530166446, QTAgent32.exe, Window 3671028 not responding. Last Win32 error 0
E, 3524, 17, 2012/11/12, 16:18:37.330, 6725530170374, QTAgent32.exe, Window 3671028 not responding. Last Win32 error 1400
E, 3524, 17, 2012/11/12, 16:18:37.330, 6725530175031, QTAgent32.exe, Window 3671028 not responding. Last Win32 error 1400
E, 3524, 17, 2012/11/12, 16:18:37.330, 6725530176583, QTAgent32.exe, GetClassName for handle 3671028 failed
E, 3524, 17, 2012/11/12, 16:18:37.330, 6725530177697, QTAgent32.exe, GetClassName for handle 3671028 failed
E, 3524, 17, 2012/11/12, 16:18:37.439, 6725531560405, QTAgent32.exe, AL: Playback Error: Microsoft.VisualStudio.TestTools.UITest.Extension.UITestControlNotFoundException: Unable to find the top level element of the control ---&gt; Microsoft.VisualStudio.TestTools.UITest.Extension.UITestControlNotFoundException: The playback failed to find the control with the given search properties. Additional Details: 
TechnologyName:  'MSAA'
ControlType:  'Window'
 ---&gt; System.Runtime.InteropServices.COMException: Error HRESULT E_FAIL has been returned from a call to a COM component.
   at Microsoft.VisualStudio.TestTools.UITest.Playback.Engine.IRPFPlayback.FindAllScreenElements(IScreenElement pScreenElementStart, String bstrQueryId, Object&amp; pvarResKeys, Int32 cResKeys, Int32 nMaxDepth, Object[]&amp; foundDescendants)
   at Microsoft.VisualStudio.TestTools.UITest.Playback.ScreenElement.FindTopLevelWindowHelper(String queryId)
   at Microsoft.VisualStudio.TestTools.UITest.Playback.ScreenElement.FindFromPartialQueryId(String queryId)
   at Microsoft.VisualStudio.TestTools.UITesting.UITestControl..ctor(String queryId)
   --- End of inner exception stack trace ---
   at Microsoft.VisualStudio.TestTools.UITesting.Playback.MapControlNotFoundException(COMException ex, IPlaybackContext context)
   at Microsoft.VisualStudio.TestTools.UITesting.Playback.MapAndThrowComException(COMException innerException, IPlaybackContext context)
   at Microsoft.VisualStudio.TestTools.UITesting.Playback.MapAndThrowException(SystemException exception, IPlaybackContext context)
   at Microsoft.VisualStudio.TestTools.UITesting.Playback.MapAndThrowException(SystemException exception, String queryId)
   at Microsoft.VisualStudio.TestTools.UITesting.UITestControl..ctor(String queryId)
   at Microsoft.VisualStudio.TestTools.UITesting.SearchHelper.SearchTopLevelWindow(ISearchArgument topLevelSearchArg, String topLevelElementQueryId)
   at Microsoft.VisualStudio.TestTools.UITesting.SearchHelper.SearchUsingMultipleTitles(ISearchArgument topLevelSearchArg, QueryId topLevelQueryId, IList`1 windowTitles)
   --- End of inner exception stack trace ---
   at Microsoft.VisualStudio.TestTools.UITesting.SearchHelper.SearchUsingMultipleTitles(ISearchArgument topLevelSearchArg, QueryId topLevelQueryId, IList`1 windowTitles)
   at Microsoft.VisualStudio.TestTools.UITesting.SearchHelper.GetTitleUpdatedTopLevelWindow(ISearchArgument topLevelSearchArg, String queryId, IList`1 windowTitles)
   at Microsoft.VisualStudio.TestTools.UITesting.SearchHelper.GetTopLevelElement(Boolean useCache, Boolean useCacheOnly, ISearchArgument searchArg, IList`1 windowTitles, Int32&amp; timeLeft)
   at Microsoft.VisualStudio.TestTools.UITesting.SearchHelper.GetElement(Boolean useCache, ISearchArgument searchArg)
   at Microsoft.VisualStudio.TestTools.UITesting.SearchHelper.Search(ISearchArgument searchArg)
   at Microsoft.VisualStudio.TestTools.UITesting.UITestControl.FindInternal()
   at Microsoft.VisualStudio.TestTools.UITesting.UITestControl.FindControlIfNecessary()
   at Microsoft.VisualStudio.TestTools.UITesting.UITestControl.Click(MouseButtons button, ModifierKeys modifierKeys, Point relativeCoordinates)
   at Microsoft.VisualStudio.TestTools.UITesting.Mouse.ClickImplementation(UITestControl control, MouseButtons button, ModifierKeys modifierKeys, Point relativeCoordinate)
   at Microsoft.VisualStudio.TestTools.UITesting.Mouse.ClickImplementationWrapper(UITestControl control, MouseButtons button, ModifierKeys modifierKeys, Point relativeCoordinate)
W, 3524, 17, 2012/11/12, 16:18:37.439, 6725531584639, QTAgent32.exe, PlaybackErrorHandler: Ignoring exception as ContinueOnError is set.
W, 3524, 17, 2012/11/12, 16:18:37.782, 6725536574886, QTAgent32.exe, &lt;a class=success&gt;Playback - {394} [SUCCESS] MouseButtonClick - "[MSAA, VisibleOnly]ControlType='Button' &amp;&amp; Name='Close'"
\0&lt;/a&gt;
W, 3524, 17, 2012/11/12, 16:18:42.260, 6725600622889, QTAgent32.exe, IEDOM : StopSession of the plugin called before StartSession
W, 3524, 17, 2012/11/12, 16:18:42.260, 6725600624123, QTAgent32.exe, UIA : StopSession of the plugin called before StartSession
W, 3524, 17, 2012/11/12, 16:18:42.260, 6725600624828, QTAgent32.exe, SLPlugin : StopSession of the plugin called before StartSession
</DebugTrace>
      </Output>
    </UnitTestResult>
    <UnitTestResult executionId="9f6d916b-0339-4e41-a714-d96ecaa6ca38" testId="7f48209e-9cf1-6453-3b34-7220c4ec30a7" testName="HouseTest14" computerName="ICLVDEVAP01" duration="00:06:48.9618554" startTime="2012-11-12T16:18:42.2604296+00:00" endTime="2012-11-12T16:25:31.2763708+00:00" testType="13cdc9d9-ddb5-4fa4-a97d-d965ccfc6d4b" outcome="Passed" testListId="8c84fa94-04c1-424b-9868-57a2d4851a1d" relativeResultsDirectory="9f6d916b-0339-4e41-a714-d96ecaa6ca38">
      <Output>
        <DebugTrace>W, 3524, 19, 2012/11/12, 16:18:42.276, 6725601007009, QTAgent32.exe, ExtensionFramework : A Technology Manager with name Web is already registered.
W, 3524, 19, 2012/11/12, 16:18:43.134, 6725613087468, QTAgent32.exe, &lt;a class=success&gt;Playback - {1} [SUCCESS] MouseButtonClick - "[MSAA, VisibleOnly]ControlType='Edit'"
\0&lt;/a&gt;
W, 3524, 19, 2012/11/12, 16:18:43.399, 6725616879939, QTAgent32.exe, &lt;a class=success&gt;Playback - {2} [SUCCESS] SendKeys "[*]" - "[MSAA, VisibleOnly]ControlType='Edit'"
\0&lt;/a&gt;
W, 3524, 19, 2012/11/12, 16:18:44.288, 6725629736626, QTAgent32.exe, &lt;a class=success&gt;Playback - {3} [SUCCESS] MouseButtonClick - "[MSAA, VisibleOnly]ControlType='Button' &amp;&amp; Name='OK'"
\0&lt;/a&gt;
W, 3524, 19, 2012/11/12, 16:18:44.990, 6725639712411, QTAgent32.exe, &lt;a class=success&gt;Playback - {4} [SUCCESS] MouseButtonClick - "[MSAA, VisibleOnly]ControlType='Button' &amp;&amp; Name='OK'"
\0&lt;/a&gt;
W, 3524, 19, 2012/11/12, 16:18:45.146, 6725641897250, QTAgent32.exe, &lt;a class=success&gt;Playback - {5} [SUCCESS] TypeString "#(R)"
\0&lt;/a&gt;
E, 3524, 19, 2012/11/12, 16:18:45.708, 6725649956033, QTAgent32.exe, Exception: System.ArgumentException
	Message: Value does not fall within the expected range.
	Stack Trace:    at Accessibility.IAccessible.get_accRole(Object varChild)
   at Microsoft.VisualStudio.TestTools.UITest.Extension.Msaa.AccWrapper.get_RoleInt()
	BaseExceptionMessage: Value does not fall within the expected range.

E, 3524, 19, 2012/11/12, 16:18:45.708, 6725650087121, QTAgent32.exe, Exception: System.ArgumentException
	Message: Value does not fall within the expected range.
	Stack Trace:    at Accessibility.IAccessible.get_accRole(Object varChild)
   at Microsoft.VisualStudio.TestTools.UITest.Extension.Msaa.AccWrapper.get_RoleInt()
	BaseExceptionMessage: Value does not fall within the expected range.

W, 3524, 19, 2012/11/12, 16:18:46.223, 6725657309693, QTAgent32.exe, &lt;a class=success&gt;Playback - {6} [SUCCESS] LeftButtonClick  &lt; Mouse cursor location (87, 908) &gt;
\0&lt;/a&gt;
W, 3524, 19, 2012/11/12, 16:18:47.299, 6725672723584, QTAgent32.exe, &lt;a class=success&gt;Playback - {7} [SUCCESS] SetValueAsEditBox "c:\TestProject7\ourmma.reg"  &lt; Set via SendKeys &gt;
\0&lt;/a&gt;
W, 3524, 19, 2012/11/12, 16:18:47.299, 6725672725792, QTAgent32.exe, &lt;a class=success&gt;Playback - {8} [SUCCESS] SetValueAsComboBox "c:\TestProject7\ourmma.reg" - "[MSAA, VisibleOnly]ControlType='ComboBox' &amp;&amp; Name='Open:'"  &lt; Set via SetValueAsEditBox &gt;
\0&lt;/a&gt;
W, 3524, 19, 2012/11/12, 16:18:47.736, 6725679119126, QTAgent32.exe, &lt;a class=success&gt;Playback - {9} [SUCCESS] MouseButtonClick - "[MSAA, VisibleOnly]ControlType='Button' &amp;&amp; Name='OK'"
\0&lt;/a&gt;
W, 3524, 19, 2012/11/12, 16:18:48.407, 6725688645446, QTAgent32.exe, &lt;a class=success&gt;Playback - {10} [SUCCESS] MouseButtonClick - "[MSAA, VisibleOnly]ControlType='Button' &amp;&amp; Name='Yes'"
\0&lt;/a&gt;
W, 3524, 19, 2012/11/12, 16:18:48.984, 6725696909552, QTAgent32.exe, &lt;a class=success&gt;Playback - {11} [SUCCESS] MouseButtonClick - "[MSAA, VisibleOnly]ControlType='Button' &amp;&amp; Name='OK'"
\0&lt;/a&gt;
W, 3524, 19, 2012/11/12, 16:18:49.546, 6725704981145, QTAgent32.exe, &lt;a class=success&gt;Playback - {12} [SUCCESS] MouseButtonClick - "[MSAA, VisibleOnly]ControlType='Button' &amp;&amp; Name='Clients &amp; Files'"
\0&lt;/a&gt;
W, 3524, 19, 2012/11/12, 16:18:50.435, 6725717643491, QTAgent32.exe, Playback - [WARNING] Internal warning: Window Not Found: [VisibleOnly]ControlType='Window' &amp;&amp; Name='Customer: txt1 tdsfs' &amp;&amp; ClassName='ThunderRT6MDIForm'
\0
E, 3524, 19, 2012/11/12, 16:18:50.435, 6725717646364, QTAgent32.exe, &lt;a class=failure&gt;Playback - {13} [FAILED] Function ElementFetcher::FindScreenElement failed to locate UI element (Searching: ;[VisibleOnly]ControlType='Window' &amp;&amp; Name='Customer: txt1 tdsfs' &amp;&amp; ClassName='ThunderRT6MDIForm') (The object specified was not found.)
\0&lt;/a&gt;
E, 3524, 19, 2012/11/12, 16:18:50.513, 6725718923653, QTAgent32.exe, Playback - [IMAGE] C:\Users\peter.zenin-ad\AppData\Local\Temp\UITestLogs\LastRun\RPF2C24.png
\0
W, 3524, 19, 2012/11/12, 16:18:50.513, 6725718925744, QTAgent32.exe, Playback - [WARNING] Internal warning: Couldn't find descendants that match QueryId
\0
W, 3524, 19, 2012/11/12, 16:18:50.513, 6725718928769, QTAgent32.exe, PERF WARNING: FindTopLevelWindowHelper::FindAllDescendents: took 799 ms. Expected it to take maximum 500 ms.
W, 3524, 19, 2012/11/12, 16:19:08.610, 6725977858606, QTAgent32.exe, Playback - [WARNING] Internal warning: Window Not Found: [VisibleOnly]ControlType='Window' &amp;&amp; Name='Customer: txt1 tdsfs' &amp;&amp; ClassName='ThunderRT6MDIForm'
\0
E, 3524, 19, 2012/11/12, 16:19:08.610, 6725977861266, QTAgent32.exe, &lt;a class=failure&gt;Playback - {14} [FAILED] Function ElementFetcher::FindScreenElement failed to locate UI element (Searching: ;[VisibleOnly]ControlType='Window' &amp;&amp; Name='Customer: txt1 tdsfs' &amp;&amp; ClassName='ThunderRT6MDIForm') (The object specified was not found.)
\0&lt;/a&gt;
E, 3524, 19, 2012/11/12, 16:19:08.704, 6725979223026, QTAgent32.exe, Playback - [IMAGE] C:\Users\peter.zenin-ad\AppData\Local\Temp\UITestLogs\LastRun\RPF7323.png
\0
W, 3524, 19, 2012/11/12, 16:19:08.704, 6725979225284, QTAgent32.exe, Playback - [WARNING] Internal warning: Couldn't find descendants that match QueryId
\0
W, 3524, 19, 2012/11/12, 16:19:08.704, 6725979228287, QTAgent32.exe, PERF WARNING: FindTopLevelWindowHelper::FindAllDescendents: took 18179 ms. Expected it to take maximum 500 ms.
W, 3524, 19, 2012/11/12, 16:19:09.281, 6725987515584, QTAgent32.exe, Playback - [WARNING] Internal warning: Window with Class "ThunderRT6MDIForm" and Title "Customer: txt1 tdsfs" was not found, so similar window with Class "ThunderRT6MDIForm" and Title "Customer: autotest" was accepted
\0
W, 3524, 19, 2012/11/12, 16:19:09.281, 6725987519668, QTAgent32.exe, PERF WARNING: FindTopLevelWindowHelper::FindAllDescendents: took 578 ms. Expected it to take maximum 500 ms.
W, 3524, 19, 2012/11/12, 16:19:09.749, 6725994237431, QTAgent32.exe, Playback - [WARNING] Internal warning: Incorrect flag set for InvokeProgrammaticAction\0
W, 3524, 19, 2012/11/12, 16:19:10.077, 6725998853031, QTAgent32.exe, &lt;a class=success&gt;Playback - {15} [SUCCESS] SetValueAsComboBox "Customers" - "[MSAA, VisibleOnly]ControlType='ComboBox'"  &lt; SetValueAsComboBox, set by clicking on the item in the list box &gt;
\0&lt;/a&gt;
W, 3524, 19, 2012/11/12, 16:19:10.732, 6726008410975, QTAgent32.exe, &lt;a class=success&gt;Playback - {16} [SUCCESS] MouseButtonClick - "[MSAA, VisibleOnly]ControlType='Button' &amp;&amp; Name='Add'"
\0&lt;/a&gt;
W, 3524, 19, 2012/11/12, 16:19:11.137, 6726014021789, QTAgent32.exe, &lt;a class=success&gt;Playback - {17} [SUCCESS] SendKeys "autotest" - "[MSAA, VisibleOnly]ControlType='RadioButton' &amp;&amp; Name='Personal Lines'"
\0&lt;/a&gt;
W, 3524, 19, 2012/11/12, 16:19:11.621, 6726020949369, QTAgent32.exe, &lt;a class=success&gt;Playback - {18} [SUCCESS] SetValueAsEditBox "autotest" - "[MSAA, VisibleOnly]ControlType='Edit'"  &lt; Set via SendKeys &gt;
\0&lt;/a&gt;
W, 3524, 19, 2012/11/12, 16:19:12.151, 6726028702258, QTAgent32.exe, &lt;a class=success&gt;Playback - {19} [SUCCESS] MouseButtonClick - "[MSAA, VisibleOnly]ControlType='Button' &amp;&amp; Name='OK'"
\0&lt;/a&gt;
W, 3524, 19, 2012/11/12, 16:19:12.729, 6726036841334, QTAgent32.exe, &lt;a class=success&gt;Playback - {20} [SUCCESS] MouseButtonClick - "[MSAA, VisibleOnly]ControlType='Button' &amp;&amp; Name='Yes'"
\0&lt;/a&gt;
W, 3524, 19, 2012/11/12, 16:19:12.947, 6726039930981, QTAgent32.exe, &lt;a class=success&gt;Playback - {21} [SUCCESS] SendKeys "^{HOME}" - "[MSAA, VisibleOnly]ControlType='Edit'"
\0&lt;/a&gt;
E, 3524, 19, 2012/11/12, 16:19:12.947, 6726039933743, QTAgent32.exe, Msaa.GetFocusedElement: could not find accessible object of foreground window
W, 3524, 19, 2012/11/12, 16:19:13.025, 6726041051548, QTAgent32.exe, &lt;a class=success&gt;Playback - {22} [SUCCESS] SendKeys "^+{END}" - "[MSAA, VisibleOnly]ControlType='Edit'"
\0&lt;/a&gt;
E, 3524, 19, 2012/11/12, 16:19:13.025, 6726041054400, QTAgent32.exe, Msaa.GetFocusedElement: could not find accessible object of foreground window
W, 3524, 19, 2012/11/12, 16:19:13.041, 6726041273150, QTAgent32.exe, &lt;a class=success&gt;Playback - {23} [SUCCESS] SendKeys "{DELETE}" - "[MSAA, VisibleOnly]ControlType='Edit'"
\0&lt;/a&gt;
W, 3524, 19, 2012/11/12, 16:19:13.134, 6726042801029, QTAgent32.exe, &lt;a class=success&gt;Playback - {24} [SUCCESS] SetValueAsEditBox "1" - "[MSAA, VisibleOnly]ControlType='Edit'"  &lt; Set via SendKeys &gt;
\0&lt;/a&gt;
W, 3524, 19, 2012/11/12, 16:19:13.368, 6726045963422, QTAgent32.exe, &lt;a class=success&gt;Playback - {25} [SUCCESS] SendKeys "^{HOME}" - "[MSAA, VisibleOnly]ControlType='Edit'"
\0&lt;/a&gt;
E, 3524, 19, 2012/11/12, 16:19:13.368, 6726045966153, QTAgent32.exe, Msaa.GetFocusedElement: could not find accessible object of foreground window
W, 3524, 19, 2012/11/12, 16:19:13.446, 6726047079526, QTAgent32.exe, &lt;a class=success&gt;Playback - {26} [SUCCESS] SendKeys "^+{END}" - "[MSAA, VisibleOnly]ControlType='Edit'"
\0&lt;/a&gt;
E, 3524, 19, 2012/11/12, 16:19:13.446, 6726047082506, QTAgent32.exe, Msaa.GetFocusedElement: could not find accessible object of foreground window
W, 3524, 19, 2012/11/12, 16:19:13.462, 6726047302997, QTAgent32.exe, &lt;a class=success&gt;Playback - {27} [SUCCESS] SendKeys "{DELETE}" - "[MSAA, VisibleOnly]ControlType='Edit'"
\0&lt;/a&gt;
W, 3524, 19, 2012/11/12, 16:19:13.540, 6726048425364, QTAgent32.exe, &lt;a class=success&gt;Playback - {28} [SUCCESS] SetValueAsEditBox "1" - "[MSAA, VisibleOnly]ControlType='Edit'"  &lt; Set via SendKeys &gt;
\0&lt;/a&gt;
W, 3524, 19, 2012/11/12, 16:19:14.055, 6726055905935, QTAgent32.exe, &lt;a class=success&gt;Playback - {29} [SUCCESS] MouseButtonClick - "[MSAA, VisibleOnly]ControlType='Button' &amp;&amp; Name='OK'"
\0&lt;/a&gt;
W, 3524, 19, 2012/11/12, 16:19:14.570, 6726063363077, QTAgent32.exe, &lt;a class=success&gt;Playback - {30} [SUCCESS] MouseButtonClick - "[MSAA, VisibleOnly]ControlType='Button'"
\0&lt;/a&gt;
W, 3524, 19, 2012/11/12, 16:19:15.084, 6726070643628, QTAgent32.exe, &lt;a class=success&gt;Playback - {31} [SUCCESS] MouseButtonClick - "[MSAA, VisibleOnly]ControlType='Button' &amp;&amp; Name='Add'"
\0&lt;/a&gt;
W, 3524, 19, 2012/11/12, 16:19:15.599, 6726077906062, QTAgent32.exe, &lt;a class=success&gt;Playback - {32} [SUCCESS] MouseButtonClick - "[MSAA, VisibleOnly]ControlType='Button' &amp;&amp; Name='OK'"
\0&lt;/a&gt;
W, 3524, 19, 2012/11/12, 16:19:18.080, 6726113418837, QTAgent32.exe, &lt;a class=success&gt;Playback - {33} [SUCCESS] MouseButtonClick - "[MSAA, VisibleOnly,Window]ControlType='Window' &amp;&amp; ClassName='ThunderRT6TextBox'"
\0&lt;/a&gt;
W, 3524, 19, 2012/11/12, 16:19:18.423, 6726118336863, QTAgent32.exe, &lt;a class=success&gt;Playback - {34} [SUCCESS] SetValueAsEditBox "HOME" - "[MSAA, VisibleOnly]ControlType='Edit'"  &lt; Set via SendKeys &gt;
\0&lt;/a&gt;
W, 3524, 19, 2012/11/12, 16:19:18.922, 6726125695377, QTAgent32.exe, &lt;a class=success&gt;Playback - {35} [SUCCESS] MouseButtonClick - "[MSAA, VisibleOnly]ControlType='Button' &amp;&amp; Name='OK'"
\0&lt;/a&gt;
W, 3524, 19, 2012/11/12, 16:19:19.359, 6726131802415, QTAgent32.exe, &lt;a class=success&gt;Playback - {36} [SUCCESS] MouseButtonClick - "[MSAA, VisibleOnly]ControlType='Button' &amp;&amp; Name='Options'"
\0&lt;/a&gt;
W, 3524, 19, 2012/11/12, 16:19:19.468, 6726133301950, QTAgent32.exe, FindScreenElementInSinglePass : Attempting to find control in one pass of search. Failures can occur.
W, 3524, 19, 2012/11/12, 16:19:19.656, 6726135979426, QTAgent32.exe, &lt;a class=success&gt;Playback - {37} [SUCCESS] MouseButtonClick - "[MSAA]ControlType='MenuItem' &amp;&amp; Name='Links'"
\0&lt;/a&gt;
W, 3524, 19, 2012/11/12, 16:19:19.765, 6726137545263, QTAgent32.exe, FindScreenElementInSinglePass : Attempting to find control in one pass of search. Failures can occur.
W, 3524, 19, 2012/11/12, 16:19:19.936, 6726139999297, QTAgent32.exe, &lt;a class=success&gt;Playback - {38} [SUCCESS] MouseButtonClick - "[MSAA]ControlType='MenuItem' &amp;&amp; Name='3rd Party Integration'"
\0&lt;/a&gt;
W, 3524, 19, 2012/11/12, 16:19:20.046, 6726141568582, QTAgent32.exe, FindScreenElementInSinglePass : Attempting to find control in one pass of search. Failures can occur.
W, 3524, 19, 2012/11/12, 16:19:20.248, 6726144494362, QTAgent32.exe, &lt;a class=success&gt;Playback - {39} [SUCCESS] MouseButtonClick - "[MSAA]ControlType='MenuItem' &amp;&amp; Name='Quote Select List'"
\0&lt;/a&gt;
W, 3524, 19, 2012/11/12, 16:19:22.105, 6726171063305, QTAgent32.exe, PERF WARNING: FindTopLevelWindowHelper::FindAllDescendents: took 1720 ms. Expected it to take maximum 500 ms.
W, 3524, 19, 2012/11/12, 16:19:22.776, 6726180787492, QTAgent32.exe, &lt;a class=success&gt;Playback - {40} [SUCCESS] MouseButtonClick - "[MSAA, VisibleOnly]ControlType='Button' &amp;&amp; Name='Ok'"
\0&lt;/a&gt;
W, 3524, 19, 2012/11/12, 16:19:25.943, 6726226009941, QTAgent32.exe, PERF WARNING: FindTopLevelWindowHelper::FindAllDescendents: took 3044 ms. Expected it to take maximum 500 ms.
W, 3524, 19, 2012/11/12, 16:19:26.224, 6726230014406, QTAgent32.exe, &lt;a class=success&gt;Playback - {41} [SUCCESS] SendKeys "^{HOME}" - "[MSAA, VisibleOnly]ControlType='Edit'"
\0&lt;/a&gt;
E, 3524, 19, 2012/11/12, 16:19:26.224, 6726230017098, QTAgent32.exe, Msaa.GetFocusedElement: could not find accessible object of foreground window
W, 3524, 19, 2012/11/12, 16:19:26.302, 6726231135226, QTAgent32.exe, &lt;a class=success&gt;Playback - {42} [SUCCESS] SendKeys "^+{END}" - "[MSAA, VisibleOnly]ControlType='Edit'"
\0&lt;/a&gt;
E, 3524, 19, 2012/11/12, 16:19:26.302, 6726231138328, QTAgent32.exe, Msaa.GetFocusedElement: could not find accessible object of foreground window
W, 3524, 19, 2012/11/12, 16:19:26.317, 6726231355732, QTAgent32.exe, &lt;a class=success&gt;Playback - {43} [SUCCESS] SendKeys "{DELETE}" - "[MSAA, VisibleOnly]ControlType='Edit'"
\0&lt;/a&gt;
W, 3524, 19, 2012/11/12, 16:19:26.629, 6726235826363, QTAgent32.exe, &lt;a class=success&gt;Playback - {44} [SUCCESS] SetValueAsEditBox "19/11/12" - "[MSAA, VisibleOnly]ControlType='Edit'"  &lt; Set via SendKeys &gt;
\0&lt;/a&gt;
W, 3524, 19, 2012/11/12, 16:19:27.050, 6726241857802, QTAgent32.exe, &lt;a class=success&gt;Playback - {45} [SUCCESS] SetValueAsEditBox "test1" - "[MSAA, VisibleOnly]ControlType='Edit'"  &lt; Set via SendKeys &gt;
\0&lt;/a&gt;
W, 3524, 19, 2012/11/12, 16:19:27.425, 6726247218154, QTAgent32.exe, &lt;a class=success&gt;Playback - {46} [SUCCESS] SetValueAsEditBox "test" - "[MSAA, VisibleOnly]ControlType='Edit'"  &lt; Set via SendKeys &gt;
\0&lt;/a&gt;
W, 3524, 19, 2012/11/12, 16:19:27.643, 6726250342250, QTAgent32.exe, &lt;a class=success&gt;Playback - {47} [SUCCESS] SendKeys "^{HOME}" - "[MSAA, VisibleOnly]ControlType='Edit'"
\0&lt;/a&gt;
E, 3524, 19, 2012/11/12, 16:19:27.643, 6726250344813, QTAgent32.exe, Msaa.GetFocusedElement: could not find accessible object of foreground window
W, 3524, 19, 2012/11/12, 16:19:27.721, 6726251457508, QTAgent32.exe, &lt;a class=success&gt;Playback - {48} [SUCCESS] SendKeys "^+{END}" - "[MSAA, VisibleOnly]ControlType='Edit'"
\0&lt;/a&gt;
E, 3524, 19, 2012/11/12, 16:19:27.721, 6726251459820, QTAgent32.exe, Msaa.GetFocusedElement: could not find accessible object of foreground window
W, 3524, 19, 2012/11/12, 16:19:27.737, 6726251681385, QTAgent32.exe, &lt;a class=success&gt;Playback - {49} [SUCCESS] SendKeys "{DELETE}" - "[MSAA, VisibleOnly]ControlType='Edit'"
\0&lt;/a&gt;
W, 3524, 19, 2012/11/12, 16:19:27.908, 6726254142551, QTAgent32.exe, &lt;a class=success&gt;Playback - {50} [SUCCESS] SetValueAsEditBox "test" - "[MSAA, VisibleOnly]ControlType='Edit'"  &lt; Set via SendKeys &gt;
\0&lt;/a&gt;
W, 3524, 19, 2012/11/12, 16:19:28.486, 6726262605441, QTAgent32.exe, Playback - [WARNING] Internal warning: Incorrect flag set for InvokeProgrammaticAction\0
W, 3524, 19, 2012/11/12, 16:19:28.829, 6726267329942, QTAgent32.exe, &lt;a class=success&gt;Playback - {51} [SUCCESS] SetValueAsComboBox "Account Director" - "[MSAA, VisibleOnly]ControlType='ComboBox'"  &lt; SetValueAsComboBox, set by clicking on the item in the list box &gt;
\0&lt;/a&gt;
W, 3524, 19, 2012/11/12, 16:19:29.422, 6726275864403, QTAgent32.exe, Playback - [WARNING] Internal warning: Incorrect flag set for InvokeProgrammaticAction\0
W, 3524, 19, 2012/11/12, 16:19:29.749, 6726280508584, QTAgent32.exe, &lt;a class=success&gt;Playback - {52} [SUCCESS] SetValueAsComboBox "Advertising" - "[MSAA, VisibleOnly]ControlType='ComboBox'"  &lt; SetValueAsComboBox, set by clicking on the item in the list box &gt;
\0&lt;/a&gt;
W, 3524, 19, 2012/11/12, 16:19:30.186, 6726286754277, QTAgent32.exe, &lt;a class=success&gt;Playback - {53} [SUCCESS] SetValueAsEditBox "160589" - "[MSAA, VisibleOnly]ControlType='Edit'"  &lt; Set via SendKeys &gt;
\0&lt;/a&gt;
W, 3524, 19, 2012/11/12, 16:19:30.623, 6726293008695, QTAgent32.exe, &lt;a class=success&gt;Playback - {54} [SUCCESS] MouseButtonClick - "[MSAA, VisibleOnly]ControlType='Edit'"
\0&lt;/a&gt;
W, 3524, 19, 2012/11/12, 16:19:31.060, 6726299261866, QTAgent32.exe, &lt;a class=success&gt;Playback - {55} [SUCCESS] SetValueAsEditBox "BN16BN" - "[MSAA, VisibleOnly]ControlType='Edit'"  &lt; Set via SendKeys &gt;
\0&lt;/a&gt;
W, 3524, 19, 2012/11/12, 16:19:33.462, 6726333655782, QTAgent32.exe, &lt;a class=success&gt;Playback - {56} [SUCCESS] MouseButtonClick - "[MSAA, VisibleOnly]ControlType='Button' &amp;&amp; Name='Lookup...'"
\0&lt;/a&gt;
W, 3524, 19, 2012/11/12, 16:19:33.915, 6726340264285, QTAgent32.exe, &lt;a class=success&gt;Playback - {57} [SUCCESS] MouseButtonClick - "[MSAA, VisibleOnly]ControlType='Button' &amp;&amp; Name='Ok'"
\0&lt;/a&gt;
W, 3524, 19, 2012/11/12, 16:19:34.492, 6726348607691, QTAgent32.exe, &lt;a class=success&gt;Playback - {58} [SUCCESS] MouseButtonClick - "[MSAA, VisibleOnly]ControlType='Button' &amp;&amp; Name='Next &gt;'"
\0&lt;/a&gt;
W, 3524, 19, 2012/11/12, 16:19:34.898, 6726354211326, QTAgent32.exe, &lt;a class=success&gt;Playback - {59} [SUCCESS] SetValueAsEditBox "1989" - "[MSAA, VisibleOnly]ControlType='Edit'"  &lt; Set via SendKeys &gt;
\0&lt;/a&gt;
W, 3524, 19, 2012/11/12, 16:19:35.366, 6726361005625, QTAgent32.exe, &lt;a class=success&gt;Playback - {60} [SUCCESS] MouseButtonClick - "[MSAA, VisibleOnly]ControlType='Button' &amp;&amp; Name='Next &gt;'"
\0&lt;/a&gt;
W, 3524, 19, 2012/11/12, 16:19:35.647, 6726365081096, QTAgent32.exe, &lt;a class=success&gt;Playback - {61} [SUCCESS] MouseButtonClick - "[MSAA, VisibleOnly]ControlType='Button' &amp;&amp; Name='Next &gt;'"
\0&lt;/a&gt;
W, 3524, 19, 2012/11/12, 16:19:35.896, 6726368592575, QTAgent32.exe, &lt;a class=success&gt;Playback - {62} [SUCCESS] MouseButtonClick - "[MSAA, VisibleOnly]ControlType='Button' &amp;&amp; Name='Next &gt;'"
\0&lt;/a&gt;
W, 3524, 19, 2012/11/12, 16:19:36.333, 6726374761099, QTAgent32.exe, &lt;a class=success&gt;Playback - {63} [SUCCESS] SetValueAsEditBox "2345" - "[MSAA, VisibleOnly]ControlType='Edit'"  &lt; Set via SendKeys &gt;
\0&lt;/a&gt;
W, 3524, 19, 2012/11/12, 16:19:36.863, 6726382352769, QTAgent32.exe, &lt;a class=success&gt;Playback - {64} [SUCCESS] SetValueAsEditBox "2000" - "[MSAA, VisibleOnly]ControlType='Edit'"  &lt; Set via SendKeys &gt;
\0&lt;/a&gt;
W, 3524, 19, 2012/11/12, 16:19:37.300, 6726388612122, QTAgent32.exe, &lt;a class=success&gt;Playback - {65} [SUCCESS] SetValueAsEditBox "2000" - "[MSAA, VisibleOnly]ControlType='Edit'"  &lt; Set via SendKeys &gt;
\0&lt;/a&gt;
W, 3524, 19, 2012/11/12, 16:19:37.534, 6726392125891, QTAgent32.exe, &lt;a class=success&gt;Playback - {66} [SUCCESS] MouseButtonClick - "[MSAA, VisibleOnly]ControlType='Button' &amp;&amp; Name='Next &gt;'"
\0&lt;/a&gt;
W, 3524, 19, 2012/11/12, 16:19:38.049, 6726399329213, QTAgent32.exe, &lt;a class=success&gt;Playback - {67} [SUCCESS] SetValueAsEditBox "2345" - "[MSAA, VisibleOnly]ControlType='Edit'"  &lt; Set via SendKeys &gt;
\0&lt;/a&gt;
W, 3524, 19, 2012/11/12, 16:19:38.424, 6726404875001, QTAgent32.exe, &lt;a class=success&gt;Playback - {68} [SUCCESS] MouseButtonClick - "[MSAA, VisibleOnly]ControlType='Button' &amp;&amp; Name='Next &gt;'"
\0&lt;/a&gt;
W, 3524, 19, 2012/11/12, 16:19:38.814, 6726410333711, QTAgent32.exe, &lt;a class=success&gt;Playback - {69} [SUCCESS] MouseButtonClick - "[MSAA, VisibleOnly]ControlType='Button' &amp;&amp; Name='Next &gt;'"
\0&lt;/a&gt;
W, 3524, 19, 2012/11/12, 16:19:39.126, 6726414919354, QTAgent32.exe, &lt;a class=success&gt;Playback - {70} [SUCCESS] MouseButtonClick - "[MSAA, VisibleOnly]ControlType='Button' &amp;&amp; Name='Quote'"
\0&lt;/a&gt;
W, 3524, 19, 2012/11/12, 16:19:39.718, 6726423319238, QTAgent32.exe, &lt;a class=success&gt;Playback - {71} [SUCCESS] MouseButtonClick - "[MSAA, VisibleOnly]ControlType='Button' &amp;&amp; Name='No'"
\0&lt;/a&gt;
W, 3524, 19, 2012/11/12, 16:19:39.999, 6726427378104, QTAgent32.exe, Playback - [WARNING] Internal warning: The window that the search started from became invalid
\0
W, 3524, 19, 2012/11/12, 16:19:42.963, 6726469717826, QTAgent32.exe, PERF WARNING: FindTopLevelWindowHelper::FindAllDescendents: took 3137 ms. Expected it to take maximum 500 ms.
W, 3524, 19, 2012/11/12, 16:19:43.291, 6726474377494, QTAgent32.exe, &lt;a class=success&gt;Playback - {72} [SUCCESS] MouseButtonClick - "[MSAA, VisibleOnly]ControlType='Client'"
\0&lt;/a&gt;
W, 3524, 19, 2012/11/12, 16:19:44.820, 6726496277915, QTAgent32.exe, &lt;a class=success&gt;Playback - {73} [SUCCESS] SendKeys "{Home}" - "[MSAA, VisibleOnly]ControlType='Client'"
\0&lt;/a&gt;
W, 3524, 19, 2012/11/12, 16:19:46.411, 6726519186972, QTAgent32.exe, &lt;a class=success&gt;Playback - {74} [SUCCESS] MouseButtonClick - "[MSAA, VisibleOnly]ControlType='Button' &amp;&amp; Name='Accept'"
\0&lt;/a&gt;
W, 3524, 19, 2012/11/12, 16:19:46.864, 6726525698810, QTAgent32.exe, &lt;a class=success&gt;Playback - {75} [SUCCESS] MouseButtonClick - "[MSAA, VisibleOnly]ControlType='Button' &amp;&amp; Name='Yes'"
\0&lt;/a&gt;
W, 3524, 19, 2012/11/12, 16:19:49.282, 6726560253955, QTAgent32.exe, &lt;a class=success&gt;Playback - {76} [SUCCESS] MouseButtonClick - "[MSAA, VisibleOnly]ControlType='Button' &amp;&amp; Name='Ok'"
\0&lt;/a&gt;
W, 3524, 19, 2012/11/12, 16:20:01.576, 6726736163673, QTAgent32.exe, Playback - [WARNING] Internal warning: Window Not Found: [VisibleOnly]ControlType='Window' &amp;&amp; Name='Save the file as' &amp;&amp; ClassName='#32770'
\0
E, 3524, 19, 2012/11/12, 16:20:01.576, 6726736166560, QTAgent32.exe, &lt;a class=failure&gt;Playback - {77} [FAILED] Function ElementFetcher::FindScreenElement failed to locate UI element (Searching: ;[VisibleOnly]ControlType='Window' &amp;&amp; Name='Save the file as' &amp;&amp; ClassName='#32770') (The object specified was not found.)
\0&lt;/a&gt;
E, 3524, 19, 2012/11/12, 16:20:01.654, 6726737400859, QTAgent32.exe, Playback - [IMAGE] C:\Users\peter.zenin-ad\AppData\Local\Temp\UITestLogs\LastRun\RPF4207.png
\0
W, 3524, 19, 2012/11/12, 16:20:01.654, 6726737402943, QTAgent32.exe, Playback - [WARNING] Internal warning: Couldn't find descendants that match QueryId
\0
W, 3524, 19, 2012/11/12, 16:20:01.654, 6726737405958, QTAgent32.exe, PERF WARNING: FindTopLevelWindowHelper::FindAllDescendents: took 12270 ms. Expected it to take maximum 500 ms.
W, 3524, 19, 2012/11/12, 16:20:19.814, 6726997278452, QTAgent32.exe, Playback - [WARNING] Internal warning: Window Not Found: [VisibleOnly]ControlType='Window' &amp;&amp; Name='Save the file as' &amp;&amp; ClassName='#32770'
\0
E, 3524, 19, 2012/11/12, 16:20:19.814, 6726997281335, QTAgent32.exe, &lt;a class=failure&gt;Playback - {78} [FAILED] Function ElementFetcher::FindScreenElement failed to locate UI element (Searching: ;[VisibleOnly]ControlType='Window' &amp;&amp; Name='Save the file as' &amp;&amp; ClassName='#32770') (The object specified was not found.)
\0&lt;/a&gt;
E, 3524, 19, 2012/11/12, 16:20:19.892, 6726998514182, QTAgent32.exe, Playback - [IMAGE] C:\Users\peter.zenin-ad\AppData\Local\Temp\UITestLogs\LastRun\RPF8944.png
\0
W, 3524, 19, 2012/11/12, 16:20:19.892, 6726998516321, QTAgent32.exe, Playback - [WARNING] Internal warning: Couldn't find descendants that match QueryId
\0
W, 3524, 19, 2012/11/12, 16:20:19.892, 6726998519258, QTAgent32.exe, PERF WARNING: FindTopLevelWindowHelper::FindAllDescendents: took 18236 ms. Expected it to take maximum 500 ms.
W, 3524, 19, 2012/11/12, 16:20:23.059, 6727043737325, QTAgent32.exe, Playback - [WARNING] Internal warning: Smart Match failed
\0
W, 3524, 19, 2012/11/12, 16:20:24.603, 6727065849301, QTAgent32.exe, Playback - [WARNING] Internal warning: Window Not Found: [VisibleOnly]ControlType='Window' &amp;&amp; Name='Save the file as' &amp;&amp; ClassName='#32770'
\0
E, 3524, 19, 2012/11/12, 16:20:24.603, 6727065852216, QTAgent32.exe, &lt;a class=failure&gt;Playback - {79} [FAILED] Function ElementFetcher::FindScreenElement failed to locate UI element (Searching: ;[VisibleOnly]ControlType='Window' &amp;&amp; Name='Save the file as' &amp;&amp; ClassName='#32770') (The object specified was not found.)
\0&lt;/a&gt;
E, 3524, 19, 2012/11/12, 16:20:24.681, 6727067090950, QTAgent32.exe, Playback - [IMAGE] C:\Users\peter.zenin-ad\AppData\Local\Temp\UITestLogs\LastRun\RPF9BFA.png
\0
W, 3524, 19, 2012/11/12, 16:20:24.681, 6727067093126, QTAgent32.exe, Playback - [WARNING] Internal warning: Couldn't find descendants that match QueryId
\0
W, 3524, 19, 2012/11/12, 16:20:24.681, 6727067096152, QTAgent32.exe, PERF WARNING: FindTopLevelWindowHelper::FindAllDescendents: took 4789 ms. Expected it to take maximum 500 ms.
E, 3524, 19, 2012/11/12, 16:20:24.681, 6727067097987, QTAgent32.exe, Exception: System.Runtime.InteropServices.COMException
	Message: Error HRESULT E_FAIL has been returned from a call to a COM component.
	Stack Trace:    at Microsoft.VisualStudio.TestTools.UITest.Playback.Engine.IRPFPlayback.FindAllScreenElements(IScreenElement pScreenElementStart, String bstrQueryId, Object&amp; pvarResKeys, Int32 cResKeys, Int32 nMaxDepth, Object[]&amp; foundDescendants)
   at Microsoft.VisualStudio.TestTools.UITest.Playback.ScreenElement.FindTopLevelWindowHelper(String queryId)
	BaseExceptionMessage: Error HRESULT E_FAIL has been returned from a call to a COM component.

E, 3524, 19, 2012/11/12, 16:20:24.821, 6727068972567, QTAgent32.exe, AL: Playback Error: Microsoft.VisualStudio.TestTools.UITest.Extension.UITestControlNotFoundException: The playback failed to find the control with the given search properties. Additional Details: 
TechnologyName:  'MSAA'
ControlType:  'Window'
Name:  'Save the file as'
ClassName:  '#32770'
 ---&gt; System.Runtime.InteropServices.COMException: Error HRESULT E_FAIL has been returned from a call to a COM component.
   at Microsoft.VisualStudio.TestTools.UITest.Playback.Engine.IRPFPlayback.FindAllScreenElements(IScreenElement pScreenElementStart, String bstrQueryId, Object&amp; pvarResKeys, Int32 cResKeys, Int32 nMaxDepth, Object[]&amp; foundDescendants)
   at Microsoft.VisualStudio.TestTools.UITest.Playback.ScreenElement.FindTopLevelWindowHelper(String queryId)
   at Microsoft.VisualStudio.TestTools.UITest.Playback.ScreenElement.FindFromPartialQueryId(String queryId)
   at Microsoft.VisualStudio.TestTools.UITesting.UITestControl..ctor(String queryId)
   --- End of inner exception stack trace ---
   at Microsoft.VisualStudio.TestTools.UITesting.Playback.MapControlNotFoundException(COMException ex, IPlaybackContext context)
   at Microsoft.VisualStudio.TestTools.UITesting.Playback.MapAndThrowComException(COMException innerException, IPlaybackContext context)
   at Microsoft.VisualStudio.TestTools.UITesting.Playback.MapAndThrowException(SystemException exception, IPlaybackContext context)
   at Microsoft.VisualStudio.TestTools.UITesting.Playback.MapAndThrowException(SystemException exception, String queryId)
   at Microsoft.VisualStudio.TestTools.UITesting.UITestControl..ctor(String queryId)
   at Microsoft.VisualStudio.TestTools.UITesting.SearchHelper.SearchTopLevelWindow(ISearchArgument topLevelSearchArg, String topLevelElementQueryId)
   at Microsoft.VisualStudio.TestTools.UITesting.SearchHelper.GetTitleUpdatedTopLevelWindow(ISearchArgument topLevelSearchArg, String queryId, IList`1 windowTitles)
   at Microsoft.VisualStudio.TestTools.UITesting.SearchHelper.GetTopLevelElement(Boolean useCache, Boolean useCacheOnly, ISearchArgument searchArg, IList`1 windowTitles, Int32&amp; timeLeft)
   at Microsoft.VisualStudio.TestTools.UITesting.SearchHelper.GetElement(Boolean useCache, ISearchArgument searchArg)
   at Microsoft.VisualStudio.TestTools.UITesting.SearchHelper.Search(ISearchArgument searchArg)
   at Microsoft.VisualStudio.TestTools.UITesting.UITestControl.FindInternal()
   at Microsoft.VisualStudio.TestTools.UITesting.UITestControl.FindControlIfNecessary()
   at Microsoft.VisualStudio.TestTools.UITesting.UITestControl.Click(MouseButtons button, ModifierKeys modifierKeys, Point relativeCoordinates)
   at Microsoft.VisualStudio.TestTools.UITesting.Mouse.ClickImplementation(UITestControl control, MouseButtons button, ModifierKeys modifierKeys, Point relativeCoordinate)
   at Microsoft.VisualStudio.TestTools.UITesting.Mouse.ClickImplementationWrapper(UITestControl control, MouseButtons button, ModifierKeys modifierKeys, Point relativeCoordinate)
W, 3524, 19, 2012/11/12, 16:20:24.821, 6727068974422, QTAgent32.exe, PlaybackErrorHandler: Ignoring exception as ContinueOnError is set.
W, 3524, 19, 2012/11/12, 16:20:25.212, 6727074605059, QTAgent32.exe, &lt;a class=success&gt;Playback - {80} [SUCCESS] MouseButtonClick - "[MSAA, VisibleOnly]ControlType='Button' &amp;&amp; Name='Ok'"
\0&lt;/a&gt;
W, 3524, 19, 2012/11/12, 16:20:25.664, 6727081201720, QTAgent32.exe, &lt;a class=success&gt;Playback - {81} [SUCCESS] MouseButtonClick - "[MSAA, VisibleOnly]ControlType='Button' &amp;&amp; Name='Ok'"
\0&lt;/a&gt;
W, 3524, 19, 2012/11/12, 16:20:26.194, 6727088631037, QTAgent32.exe, &lt;a class=success&gt;Playback - {82} [SUCCESS] SetValueAsEditBox "B338TH" - "[MSAA, VisibleOnly]ControlType='Edit'"  &lt; Set via SendKeys &gt;
\0&lt;/a&gt;
W, 3524, 19, 2012/11/12, 16:20:28.659, 6727123916778, QTAgent32.exe, &lt;a class=success&gt;Playback - {83} [SUCCESS] MouseButtonClick - "[MSAA, VisibleOnly]ControlType='Button' &amp;&amp; Name='Lookup...'"
\0&lt;/a&gt;
W, 3524, 19, 2012/11/12, 16:20:29.049, 6727129505931, QTAgent32.exe, &lt;a class=success&gt;Playback - {84} [SUCCESS] MouseButtonClick - "[MSAA, VisibleOnly]ControlType='Button' &amp;&amp; Name='Ok'"
\0&lt;/a&gt;
W, 3524, 19, 2012/11/12, 16:20:29.549, 6727136844592, QTAgent32.exe, &lt;a class=success&gt;Playback - {85} [SUCCESS] MouseButtonClick - "[MSAA, VisibleOnly]ControlType='Button' &amp;&amp; Name='Confirm'"
\0&lt;/a&gt;
W, 3524, 19, 2012/11/12, 16:20:50.797, 6727440878708, QTAgent32.exe, Playback - [WARNING] Internal warning: Window Not Found: [VisibleOnly]ControlType='Window' &amp;&amp; Name='insur-E.tam' &amp;&amp; ClassName='#32770'
\0
E, 3524, 19, 2012/11/12, 16:20:50.797, 6727440881660, QTAgent32.exe, &lt;a class=failure&gt;Playback - {86} [FAILED] Function ElementFetcher::FindScreenElement failed to locate UI element (Searching: ;[VisibleOnly]ControlType='Window' &amp;&amp; Name='insur-E.tam' &amp;&amp; ClassName='#32770') (The object specified was not found.)
\0&lt;/a&gt;
E, 3524, 19, 2012/11/12, 16:20:50.876, 6727442114668, QTAgent32.exe, Playback - [IMAGE] C:\Users\peter.zenin-ad\AppData\Local\Temp\UITestLogs\LastRun\RPF24C.png
\0
W, 3524, 19, 2012/11/12, 16:20:50.876, 6727442116859, QTAgent32.exe, Playback - [WARNING] Internal warning: Couldn't find descendants that match QueryId
\0
W, 3524, 19, 2012/11/12, 16:20:50.876, 6727442119836, QTAgent32.exe, PERF WARNING: FindTopLevelWindowHelper::FindAllDescendents: took 21225 ms. Expected it to take maximum 500 ms.
W, 3524, 19, 2012/11/12, 16:21:09.113, 6727703110057, QTAgent32.exe, Playback - [WARNING] Internal warning: Window Not Found: [VisibleOnly]ControlType='Window' &amp;&amp; Name='insur-E.tam' &amp;&amp; ClassName='#32770'
\0
E, 3524, 19, 2012/11/12, 16:21:09.113, 6727703112889, QTAgent32.exe, &lt;a class=failure&gt;Playback - {87} [FAILED] Function ElementFetcher::FindScreenElement failed to locate UI element (Searching: ;[VisibleOnly]ControlType='Window' &amp;&amp; Name='insur-E.tam' &amp;&amp; ClassName='#32770') (The object specified was not found.)
\0&lt;/a&gt;
E, 3524, 19, 2012/11/12, 16:21:09.191, 6727704331752, QTAgent32.exe, Playback - [IMAGE] C:\Users\peter.zenin-ad\AppData\Local\Temp\UITestLogs\LastRun\RPF49D7.png
\0
W, 3524, 19, 2012/11/12, 16:21:09.191, 6727704333955, QTAgent32.exe, Playback - [WARNING] Internal warning: Couldn't find descendants that match QueryId
\0
W, 3524, 19, 2012/11/12, 16:21:09.191, 6727704336920, QTAgent32.exe, PERF WARNING: FindTopLevelWindowHelper::FindAllDescendents: took 18313 ms. Expected it to take maximum 500 ms.
W, 3524, 19, 2012/11/12, 16:21:12.358, 6727749569021, QTAgent32.exe, Playback - [WARNING] Internal warning: Smart Match failed
\0
W, 3524, 19, 2012/11/12, 16:21:13.903, 6727771680130, QTAgent32.exe, Playback - [WARNING] Internal warning: Window Not Found: [VisibleOnly]ControlType='Window' &amp;&amp; Name='insur-E.tam' &amp;&amp; ClassName='#32770'
\0
E, 3524, 19, 2012/11/12, 16:21:13.903, 6727771683003, QTAgent32.exe, &lt;a class=failure&gt;Playback - {88} [FAILED] Function ElementFetcher::FindScreenElement failed to locate UI element (Searching: ;[VisibleOnly]ControlType='Window' &amp;&amp; Name='insur-E.tam' &amp;&amp; ClassName='#32770') (The object specified was not found.)
\0&lt;/a&gt;
E, 3524, 19, 2012/11/12, 16:21:13.981, 6727772905511, QTAgent32.exe, Playback - [IMAGE] C:\Users\peter.zenin-ad\AppData\Local\Temp\UITestLogs\LastRun\RPF5C8E.png
\0
W, 3524, 19, 2012/11/12, 16:21:13.981, 6727772907512, QTAgent32.exe, Playback - [WARNING] Internal warning: Couldn't find descendants that match QueryId
\0
W, 3524, 19, 2012/11/12, 16:21:13.981, 6727772910453, QTAgent32.exe, PERF WARNING: FindTopLevelWindowHelper::FindAllDescendents: took 4789 ms. Expected it to take maximum 500 ms.
E, 3524, 19, 2012/11/12, 16:21:13.981, 6727772912243, QTAgent32.exe, Exception: System.Runtime.InteropServices.COMException
	Message: Error HRESULT E_FAIL has been returned from a call to a COM component.
	Stack Trace:    at Microsoft.VisualStudio.TestTools.UITest.Playback.Engine.IRPFPlayback.FindAllScreenElements(IScreenElement pScreenElementStart, String bstrQueryId, Object&amp; pvarResKeys, Int32 cResKeys, Int32 nMaxDepth, Object[]&amp; foundDescendants)
   at Microsoft.VisualStudio.TestTools.UITest.Playback.ScreenElement.FindTopLevelWindowHelper(String queryId)
	BaseExceptionMessage: Error HRESULT E_FAIL has been returned from a call to a COM component.

E, 3524, 19, 2012/11/12, 16:21:13.981, 6727772917198, QTAgent32.exe, Window 3672406 not responding. Last Win32 error 0
E, 3524, 19, 2012/11/12, 16:21:13.981, 6727772919737, QTAgent32.exe, GetClassName for handle 3672406 failed
E, 3524, 19, 2012/11/12, 16:21:13.981, 6727772925293, QTAgent32.exe, Window 3672406 not responding. Last Win32 error 1400
E, 3524, 19, 2012/11/12, 16:21:13.981, 6727772935134, QTAgent32.exe, Window 3672406 not responding. Last Win32 error 1400
E, 3524, 19, 2012/11/12, 16:21:13.981, 6727772936270, QTAgent32.exe, GetClassName for handle 3672406 failed
E, 3524, 19, 2012/11/12, 16:21:13.981, 6727772937071, QTAgent32.exe, GetClassName for handle 3672406 failed
E, 3524, 19, 2012/11/12, 16:21:14.090, 6727774356931, QTAgent32.exe, AL: Playback Error: Microsoft.VisualStudio.TestTools.UITest.Extension.UITestControlNotFoundException: The playback failed to find the control with the given search properties. Additional Details: 
TechnologyName:  'MSAA'
ControlType:  'Window'
 ---&gt; System.Runtime.InteropServices.COMException: Error HRESULT E_FAIL has been returned from a call to a COM component.
   at Microsoft.VisualStudio.TestTools.UITest.Playback.Engine.IRPFPlayback.FindAllScreenElements(IScreenElement pScreenElementStart, String bstrQueryId, Object&amp; pvarResKeys, Int32 cResKeys, Int32 nMaxDepth, Object[]&amp; foundDescendants)
   at Microsoft.VisualStudio.TestTools.UITest.Playback.ScreenElement.FindTopLevelWindowHelper(String queryId)
   at Microsoft.VisualStudio.TestTools.UITest.Playback.ScreenElement.FindFromPartialQueryId(String queryId)
   at Microsoft.VisualStudio.TestTools.UITesting.UITestControl..ctor(String queryId)
   --- End of inner exception stack trace ---
   at Microsoft.VisualStudio.TestTools.UITesting.Playback.MapControlNotFoundException(COMException ex, IPlaybackContext context)
   at Microsoft.VisualStudio.TestTools.UITesting.Playback.MapAndThrowComException(COMException innerException, IPlaybackContext context)
   at Microsoft.VisualStudio.TestTools.UITesting.Playback.MapAndThrowException(SystemException exception, IPlaybackContext context)
   at Microsoft.VisualStudio.TestTools.UITesting.Playback.MapAndThrowException(SystemException exception, String queryId)
   at Microsoft.VisualStudio.TestTools.UITesting.UITestControl..ctor(String queryId)
   at Microsoft.VisualStudio.TestTools.UITesting.SearchHelper.SearchTopLevelWindow(ISearchArgument topLevelSearchArg, String topLevelElementQueryId)
   at Microsoft.VisualStudio.TestTools.UITesting.SearchHelper.GetTitleUpdatedTopLevelWindow(ISearchArgument topLevelSearchArg, String queryId, IList`1 windowTitles)
   at Microsoft.VisualStudio.TestTools.UITesting.SearchHelper.GetTopLevelElement(Boolean useCache, Boolean useCacheOnly, ISearchArgument searchArg, IList`1 windowTitles, Int32&amp; timeLeft)
   at Microsoft.VisualStudio.TestTools.UITesting.SearchHelper.GetElement(Boolean useCache, ISearchArgument searchArg)
   at Microsoft.VisualStudio.TestTools.UITesting.SearchHelper.Search(ISearchArgument searchArg)
   at Microsoft.VisualStudio.TestTools.UITesting.UITestControl.FindInternal()
   at Microsoft.VisualStudio.TestTools.UITesting.UITestControl.FindControlIfNecessary()
   at Microsoft.VisualStudio.TestTools.UITesting.UITestControl.Click(MouseButtons button, ModifierKeys modifierKeys, Point relativeCoordinates)
   at Microsoft.VisualStudio.TestTools.UITesting.Mouse.ClickImplementation(UITestControl control, MouseButtons button, ModifierKeys modifierKeys, Point relativeCoordinate)
   at Microsoft.VisualStudio.TestTools.UITesting.Mouse.ClickImplementationWrapper(UITestControl control, MouseButtons button, ModifierKeys modifierKeys, Point relativeCoordinate)
W, 3524, 19, 2012/11/12, 16:21:14.090, 6727774358761, QTAgent32.exe, PlaybackErrorHandler: Ignoring exception as ContinueOnError is set.
W, 3524, 19, 2012/11/12, 16:21:14.418, 6727779052969, QTAgent32.exe, &lt;a class=success&gt;Playback - {89} [SUCCESS] Check - "[MSAA, VisibleOnly]ControlType='CheckBox' &amp;&amp; Name='Defer Printing?'"
\0&lt;/a&gt;
W, 3524, 19, 2012/11/12, 16:21:15.120, 6727789096645, QTAgent32.exe, &lt;a class=success&gt;Playback - {90} [SUCCESS] MouseButtonClick - "[MSAA, VisibleOnly]ControlType='Button' &amp;&amp; Name='Ok'"
\0&lt;/a&gt;
W, 3524, 19, 2012/11/12, 16:21:16.118, 6727803479393, QTAgent32.exe, PERF WARNING: FindTopLevelWindowHelper::FindAllDescendents: took 895 ms. Expected it to take maximum 500 ms.
W, 3524, 19, 2012/11/12, 16:21:16.461, 6727808309051, QTAgent32.exe, &lt;a class=success&gt;Playback - {91} [SUCCESS] Uncheck - "[MSAA, VisibleOnly]ControlType='CheckBox' &amp;&amp; Name='Add Activity'"
\0&lt;/a&gt;
W, 3524, 19, 2012/11/12, 16:21:17.351, 6727821175472, QTAgent32.exe, &lt;a class=success&gt;Playback - {92} [SUCCESS] MouseButtonClick - "[MSAA, VisibleOnly]ControlType='Button' &amp;&amp; Name='Ok'"
\0&lt;/a&gt;
W, 3524, 19, 2012/11/12, 16:21:17.788, 6727827418785, QTAgent32.exe, &lt;a class=success&gt;Playback - {93} [SUCCESS] MouseButtonClick - "[MSAA, VisibleOnly]ControlType='Button' &amp;&amp; Name='Ok'"
\0&lt;/a&gt;
W, 3524, 19, 2012/11/12, 16:21:26.821, 6727956616500, QTAgent32.exe, PERF WARNING: FindTopLevelWindowHelper::FindAllDescendents: took 8798 ms. Expected it to take maximum 500 ms.
W, 3524, 19, 2012/11/12, 16:21:29.114, 6727989451580, QTAgent32.exe, &lt;a class=success&gt;Playback - {94} [SUCCESS] MouseButtonClick - "[MSAA, VisibleOnly]ControlType='Button' &amp;&amp; Name='OK'"
\0&lt;/a&gt;
W, 3524, 19, 2012/11/12, 16:21:30.518, 6728009572050, QTAgent32.exe, Playback - [WARNING] Internal warning: Window Not Found: [VisibleOnly]ControlType='Window' &amp;&amp; Name='Tamxml7' &amp;&amp; ClassName='TMessageForm'
\0
E, 3524, 19, 2012/11/12, 16:21:30.518, 6728009574940, QTAgent32.exe, &lt;a class=failure&gt;Playback - {95} [FAILED] Function ElementFetcher::FindScreenElement failed to locate UI element (Searching: ;[VisibleOnly]ControlType='Window' &amp;&amp; Name='Tamxml7' &amp;&amp; ClassName='TMessageForm') (The object specified was not found.)
\0&lt;/a&gt;
E, 3524, 19, 2012/11/12, 16:21:30.596, 6728010812823, QTAgent32.exe, Playback - [IMAGE] C:\Users\peter.zenin-ad\AppData\Local\Temp\UITestLogs\LastRun\RPF9D75.png
\0
W, 3524, 19, 2012/11/12, 16:21:30.596, 6728010815692, QTAgent32.exe, Playback - [WARNING] Internal warning: Couldn't find descendants that match QueryId
\0
W, 3524, 19, 2012/11/12, 16:21:30.596, 6728010818783, QTAgent32.exe, PERF WARNING: FindTopLevelWindowHelper::FindAllDescendents: took 1383 ms. Expected it to take maximum 500 ms.
W, 3524, 19, 2012/11/12, 16:21:48.631, 6728268914867, QTAgent32.exe, Playback - [WARNING] Internal warning: Window Not Found: [VisibleOnly]ControlType='Window' &amp;&amp; Name='Tamxml7' &amp;&amp; ClassName='TMessageForm'
\0
E, 3524, 19, 2012/11/12, 16:21:48.631, 6728268917667, QTAgent32.exe, &lt;a class=failure&gt;Playback - {96} [FAILED] Function ElementFetcher::FindScreenElement failed to locate UI element (Searching: ;[VisibleOnly]ControlType='Window' &amp;&amp; Name='Tamxml7' &amp;&amp; ClassName='TMessageForm') (The object specified was not found.)
\0&lt;/a&gt;
E, 3524, 19, 2012/11/12, 16:21:48.709, 6728270147365, QTAgent32.exe, Playback - [IMAGE] C:\Users\peter.zenin-ad\AppData\Local\Temp\UITestLogs\LastRun\RPFE436.png
\0
W, 3524, 19, 2012/11/12, 16:21:48.709, 6728270149566, QTAgent32.exe, Playback - [WARNING] Internal warning: Couldn't find descendants that match QueryId
\0
W, 3524, 19, 2012/11/12, 16:21:48.709, 6728270152534, QTAgent32.exe, PERF WARNING: FindTopLevelWindowHelper::FindAllDescendents: took 18111 ms. Expected it to take maximum 500 ms.
W, 3524, 19, 2012/11/12, 16:21:49.177, 6728276808322, QTAgent32.exe, Playback - [WARNING] Internal warning: Smart Match failed
\0
W, 3524, 19, 2012/11/12, 16:21:49.380, 6728279712486, QTAgent32.exe, Playback - [WARNING] Internal warning: Smart Match failed
\0
W, 3524, 19, 2012/11/12, 16:21:49.567, 6728282391497, QTAgent32.exe, Playback - [WARNING] Internal warning: Smart Match failed
\0
W, 3524, 19, 2012/11/12, 16:21:49.754, 6728285075264, QTAgent32.exe, Playback - [WARNING] Internal warning: Smart Match failed
\0
W, 3524, 19, 2012/11/12, 16:21:50.113, 6728290210370, QTAgent32.exe, Playback - [WARNING] Internal warning: Smart Match failed
\0
W, 3524, 19, 2012/11/12, 16:21:50.300, 6728292889345, QTAgent32.exe, Playback - [WARNING] Internal warning: Smart Match failed
\0
W, 3524, 19, 2012/11/12, 16:21:50.488, 6728295568228, QTAgent32.exe, Playback - [WARNING] Internal warning: Smart Match failed
\0
W, 3524, 19, 2012/11/12, 16:21:50.675, 6728298251314, QTAgent32.exe, Playback - [WARNING] Internal warning: Smart Match failed
\0
W, 3524, 19, 2012/11/12, 16:21:50.862, 6728300932991, QTAgent32.exe, Playback - [WARNING] Internal warning: Smart Match failed
\0
W, 3524, 19, 2012/11/12, 16:21:51.049, 6728303612037, QTAgent32.exe, Playback - [WARNING] Internal warning: Smart Match failed
\0
W, 3524, 19, 2012/11/12, 16:21:51.408, 6728308751938, QTAgent32.exe, Playback - [WARNING] Internal warning: Smart Match failed
\0
W, 3524, 19, 2012/11/12, 16:21:51.595, 6728311430467, QTAgent32.exe, Playback - [WARNING] Internal warning: Smart Match failed
\0
W, 3524, 19, 2012/11/12, 16:21:51.783, 6728314116956, QTAgent32.exe, Playback - [WARNING] Internal warning: Smart Match failed
\0
W, 3524, 19, 2012/11/12, 16:21:51.861, 6728315299251, QTAgent32.exe, Playback - [WARNING] Internal warning: Window Not Found: [VisibleOnly]ControlType='Window' &amp;&amp; Name='Tamxml7' &amp;&amp; ClassName='TMessageForm'
\0
E, 3524, 19, 2012/11/12, 16:21:51.861, 6728315301492, QTAgent32.exe, &lt;a class=failure&gt;Playback - {97} [FAILED] Function ElementFetcher::FindScreenElement failed to locate UI element (Searching: ;[VisibleOnly]ControlType='Window' &amp;&amp; Name='Tamxml7' &amp;&amp; ClassName='TMessageForm') (The object specified was not found.)
\0&lt;/a&gt;
E, 3524, 19, 2012/11/12, 16:21:51.954, 6728316528621, QTAgent32.exe, Playback - [IMAGE] C:\Users\peter.zenin-ad\AppData\Local\Temp\UITestLogs\LastRun\RPFF0D4.png
\0
W, 3524, 19, 2012/11/12, 16:21:51.954, 6728316530759, QTAgent32.exe, Playback - [WARNING] Internal warning: Couldn't find descendants that match QueryId
\0
W, 3524, 19, 2012/11/12, 16:21:51.954, 6728316533841, QTAgent32.exe, PERF WARNING: FindTopLevelWindowHelper::FindAllDescendents: took 3239 ms. Expected it to take maximum 500 ms.
E, 3524, 19, 2012/11/12, 16:21:51.954, 6728316535746, QTAgent32.exe, Exception: System.Runtime.InteropServices.COMException
	Message: Error HRESULT E_FAIL has been returned from a call to a COM component.
	Stack Trace:    at Microsoft.VisualStudio.TestTools.UITest.Playback.Engine.IRPFPlayback.FindAllScreenElements(IScreenElement pScreenElementStart, String bstrQueryId, Object&amp; pvarResKeys, Int32 cResKeys, Int32 nMaxDepth, Object[]&amp; foundDescendants)
   at Microsoft.VisualStudio.TestTools.UITest.Playback.ScreenElement.FindTopLevelWindowHelper(String queryId)
	BaseExceptionMessage: Error HRESULT E_FAIL has been returned from a call to a COM component.

E, 3524, 19, 2012/11/12, 16:21:51.954, 6728316539681, QTAgent32.exe, GetClassName for handle 4655076 failed
E, 3524, 19, 2012/11/12, 16:21:51.954, 6728316549038, QTAgent32.exe, Window 4655076 not responding. Last Win32 error 1400
E, 3524, 19, 2012/11/12, 16:21:51.954, 6728316550266, QTAgent32.exe, GetClassName for handle 4655076 failed
E, 3524, 19, 2012/11/12, 16:21:51.954, 6728316551094, QTAgent32.exe, GetClassName for handle 4655076 failed
E, 3524, 19, 2012/11/12, 16:21:51.954, 6728316556333, QTAgent32.exe, GetClassName for handle 2033920 failed
E, 3524, 19, 2012/11/12, 16:21:51.954, 6728316563439, QTAgent32.exe, Exception: System.Runtime.InteropServices.COMException
	Message: Error HRESULT E_FAIL has been returned from a call to a COM component.
	Stack Trace:    at Accessibility.IAccessible.get_accState(Object varChild)
   at Microsoft.VisualStudio.TestTools.UITest.Extension.Msaa.AccWrapper.get_State()
	BaseExceptionMessage: Error HRESULT E_FAIL has been returned from a call to a COM component.

E, 3524, 19, 2012/11/12, 16:21:51.954, 6728316567819, QTAgent32.exe, Exception: System.Runtime.InteropServices.COMException
	Message: Error HRESULT E_FAIL has been returned from a call to a COM component.
	Stack Trace:    at Accessibility.IAccessible.get_accState(Object varChild)
   at Microsoft.VisualStudio.TestTools.UITest.Extension.Msaa.AccWrapper.get_State()
	BaseExceptionMessage: Error HRESULT E_FAIL has been returned from a call to a COM component.

E, 3524, 19, 2012/11/12, 16:21:51.954, 6728316572107, QTAgent32.exe, Exception: System.Runtime.InteropServices.COMException
	Message: Error HRESULT E_FAIL has been returned from a call to a COM component.
	Stack Trace:    at Accessibility.IAccessible.get_accState(Object varChild)
   at Microsoft.VisualStudio.TestTools.UITest.Extension.Msaa.AccWrapper.get_State()
	BaseExceptionMessage: Error HRESULT E_FAIL has been returned from a call to a COM component.

E, 3524, 19, 2012/11/12, 16:21:51.954, 6728316576400, QTAgent32.exe, Exception: System.Runtime.InteropServices.COMException
	Message: Error HRESULT E_FAIL has been returned from a call to a COM component.
	Stack Trace:    at Accessibility.IAccessible.get_accState(Object varChild)
   at Microsoft.VisualStudio.TestTools.UITest.Extension.Msaa.AccWrapper.get_State()
	BaseExceptionMessage: Error HRESULT E_FAIL has been returned from a call to a COM component.

E, 3524, 19, 2012/11/12, 16:21:51.954, 6728316580712, QTAgent32.exe, Exception: System.Runtime.InteropServices.COMException
	Message: Error HRESULT E_FAIL has been returned from a call to a COM component.
	Stack Trace:    at Accessibility.IAccessible.get_accState(Object varChild)
   at Microsoft.VisualStudio.TestTools.UITest.Extension.Msaa.AccWrapper.get_State()
	BaseExceptionMessage: Error HRESULT E_FAIL has been returned from a call to a COM component.

E, 3524, 19, 2012/11/12, 16:21:51.954, 6728316585032, QTAgent32.exe, Exception: System.Runtime.InteropServices.COMException
	Message: Error HRESULT E_FAIL has been returned from a call to a COM component.
	Stack Trace:    at Accessibility.IAccessible.get_accState(Object varChild)
   at Microsoft.VisualStudio.TestTools.UITest.Extension.Msaa.AccWrapper.get_State()
	BaseExceptionMessage: Error HRESULT E_FAIL has been returned from a call to a COM component.

E, 3524, 19, 2012/11/12, 16:21:51.954, 6728316589814, QTAgent32.exe, Exception: System.Runtime.InteropServices.COMException
	Message: Error HRESULT E_FAIL has been returned from a call to a COM component.
	Stack Trace:    at Accessibility.IAccessible.get_accState(Object varChild)
   at Microsoft.VisualStudio.TestTools.UITest.Extension.Msaa.AccWrapper.get_State()
	BaseExceptionMessage: Error HRESULT E_FAIL has been returned from a call to a COM component.

W, 3524, 19, 2012/11/12, 16:21:52.157, 6728319438237, QTAgent32.exe, PERF WARNING: MSAA.UpdateQueryIDForNamelessControls: took 201 ms. Expected it to take maximum 200 ms.
W, 3524, 19, 2012/11/12, 16:21:52.157, 6728319442436, QTAgent32.exe, Msaa.Navigate: Exception [Error HRESULT E_FAIL has been returned from a call to a COM component.] while calling accNavigate.
E, 3524, 19, 2012/11/12, 16:21:52.157, 6728319443830, QTAgent32.exe, GetClassName for handle 2033920 failed
E, 3524, 19, 2012/11/12, 16:21:52.157, 6728319452433, QTAgent32.exe, GetClassName for handle 2033920 failed
E, 3524, 19, 2012/11/12, 16:21:52.157, 6728319454618, QTAgent32.exe, Window 2033920 not responding. Last Win32 error 1400
E, 3524, 19, 2012/11/12, 16:21:52.157, 6728319455623, QTAgent32.exe, GetClassName for handle 4655076 failed
E, 3524, 19, 2012/11/12, 16:21:52.157, 6728319456464, QTAgent32.exe, GetClassName for handle 2033920 failed
E, 3524, 19, 2012/11/12, 16:21:52.157, 6728319457216, QTAgent32.exe, GetClassName for handle 2033920 failed
E, 3524, 19, 2012/11/12, 16:21:52.266, 6728320930136, QTAgent32.exe, AL: Playback Error: Microsoft.VisualStudio.TestTools.UITest.Extension.UITestControlNotAvailableException: The control is not available or not valid. Additional Details: 
TechnologyName:  'MSAA'
ControlType:  'Button'
 ---&gt; Microsoft.VisualStudio.TestTools.UITest.Extension.UITestControlNotAvailableException: The control is not available or not valid. Additional Details: 
TechnologyName:  'MSAA'
ControlType:  'Window'
 ---&gt; System.Runtime.InteropServices.COMException: Error HRESULT E_FAIL has been returned from a call to a COM component.
   at Microsoft.VisualStudio.TestTools.UITest.Playback.Engine.IRPFPlayback.FindAllScreenElements(IScreenElement pScreenElementStart, String bstrQueryId, Object&amp; pvarResKeys, Int32 cResKeys, Int32 nMaxDepth, Object[]&amp; foundDescendants)
   at Microsoft.VisualStudio.TestTools.UITest.Playback.ScreenElement.FindTopLevelWindowHelper(String queryId)
   at Microsoft.VisualStudio.TestTools.UITest.Playback.ScreenElement.FindFromPartialQueryId(String queryId)
   at Microsoft.VisualStudio.TestTools.UITesting.UITestControl.EnsureValid(Boolean waitForReady, Boolean refetch)
   --- End of inner exception stack trace ---
   at Microsoft.VisualStudio.TestTools.UITesting.UITestControl.EnsureValid(Boolean waitForReady, Boolean refetch)
   at Microsoft.VisualStudio.TestTools.UITesting.UITestControl.FindFirstDescendant(String queryId, Int32 maxDepth, Int32&amp; timeLeft)
   at Microsoft.VisualStudio.TestTools.UITesting.UITestControl.FindFirstDescendant(String queryId)
   at Microsoft.VisualStudio.TestTools.UITesting.UITestControl.EnsureValid(Boolean waitForReady, Boolean refetch)
   --- End of inner exception stack trace ---
   at Microsoft.VisualStudio.TestTools.UITesting.UITestControl.EnsureValid(Boolean waitForReady, Boolean refetch)
   at Microsoft.VisualStudio.TestTools.UITesting.UITestControl.Click(MouseButtons button, ModifierKeys modifierKeys, Point relativeCoordinates)
   at Microsoft.VisualStudio.TestTools.UITesting.Mouse.ClickImplementation(UITestControl control, MouseButtons button, ModifierKeys modifierKeys, Point relativeCoordinate)
   at Microsoft.VisualStudio.TestTools.UITesting.Mouse.ClickImplementationWrapper(UITestControl control, MouseButtons button, ModifierKeys modifierKeys, Point relativeCoordinate)
W, 3524, 19, 2012/11/12, 16:21:52.266, 6728320932628, QTAgent32.exe, PlaybackErrorHandler: Ignoring exception as ContinueOnError is set.
W, 3524, 19, 2012/11/12, 16:21:52.609, 6728325916541, QTAgent32.exe, &lt;a class=success&gt;Playback - {98} [SUCCESS] MouseButtonClick - "[MSAA, VisibleOnly]ControlType='Button' &amp;&amp; Name='Cancel'"
\0&lt;/a&gt;
W, 3524, 19, 2012/11/12, 16:21:53.140, 6728333465163, QTAgent32.exe, &lt;a class=success&gt;Playback - {99} [SUCCESS] MouseButtonClick - "[MSAA, VisibleOnly]ControlType='Button'"
\0&lt;/a&gt;
W, 3524, 19, 2012/11/12, 16:21:53.702, 6728341551286, QTAgent32.exe, &lt;a class=success&gt;Playback - {100} [SUCCESS] MouseButtonClick - "[MSAA, VisibleOnly]ControlType='Button' &amp;&amp; Name='Detail'"
\0&lt;/a&gt;
W, 3524, 19, 2012/11/12, 16:21:54.138, 6728347731054, QTAgent32.exe, &lt;a class=success&gt;Playback - {101} [SUCCESS] MouseButtonClick - "[MSAA, VisibleOnly]ControlType='Edit'"
\0&lt;/a&gt;
E, 3524, 19, 2012/11/12, 16:21:54.357, 6728350896878, QTAgent32.exe, IEDOM : Could not get valid window handle of Internet Explorer_server
W, 3524, 19, 2012/11/12, 16:21:54.357, 6728350898277, QTAgent32.exe, IEDOM : Unable to get the document Window Handle
E, 3524, 19, 2012/11/12, 16:21:56.369, 6728379772957, QTAgent32.exe, IEDOM : Could not get valid window handle of Internet Explorer_server
W, 3524, 19, 2012/11/12, 16:21:56.369, 6728379774514, QTAgent32.exe, IEDOM : Unable to get the document Window Handle
W, 3524, 19, 2012/11/12, 16:21:56.759, 6728385259632, QTAgent32.exe, &lt;a class=success&gt;Playback - {102} [SUCCESS] MouseButtonClick - "[MSAA, VisibleOnly]ControlType='Edit' &amp;&amp; Name='User name'"
\0&lt;/a&gt;
W, 3524, 19, 2012/11/12, 16:21:57.274, 6728392626798, QTAgent32.exe, &lt;a class=success&gt;Playback - {103} [SUCCESS] SendKeys "Bus sys" - "[MSAA, VisibleOnly,Window]ControlType='Window' &amp;&amp; AccessibleName='User name' &amp;&amp; ClassName='Edit'"
\0&lt;/a&gt;
W, 3524, 19, 2012/11/12, 16:21:57.680, 6728398437396, QTAgent32.exe, &lt;a class=success&gt;Playback - {104} [SUCCESS] MouseButtonClick - "[MSAA, VisibleOnly]ControlType='Edit' &amp;&amp; Name='Password'"
\0&lt;/a&gt;
W, 3524, 19, 2012/11/12, 16:21:57.929, 6728402147679, QTAgent32.exe, Playback - [WARNING] Internal warning: Element that has the focus is different from the target element. Expected Element: Name = "Password", ControlTypeName = "Edit", Element In Focus: Name = "Password", ControlTypeName = "Window"&gt;. 
\0
W, 3524, 19, 2012/11/12, 16:21:58.226, 6728406251382, QTAgent32.exe, &lt;a class=success&gt;Playback - {105} [SUCCESS] SendKeys "[*]" - "[MSAA, VisibleOnly]ControlType='Edit' &amp;&amp; Name='Password'"
\0&lt;/a&gt;
W, 3524, 19, 2012/11/12, 16:21:58.725, 6728413501642, QTAgent32.exe, &lt;a class=success&gt;Playback - {106} [SUCCESS] MouseButtonClick - "[MSAA, VisibleOnly]ControlType='Button' &amp;&amp; Name='OK'"
\0&lt;/a&gt;
W, 3524, 19, 2012/11/12, 16:22:00.082, 6728432927099, QTAgent32.exe, &lt;a class=success&gt;Playback - {107} [SUCCESS] MouseButtonClick - "[Web]ControlType='Hyperlink' &amp;&amp; TagName='A' &amp;&amp; Id='' &amp;&amp; Name='' &amp;&amp; Target='' &amp;&amp; InnerText='Renewals Maintenance' &amp;&amp; FilterCondition(AbsolutePath='/sysmaint/content/leftbar.asp', Title='', Href='https://www.insur-econnect.com/sysmaint/content/leftbar.asp#', Class='', ControlDefinition='style="COLOR: white" href="#"', TagInstance='39')"
\0&lt;/a&gt;
W, 3524, 19, 2012/11/12, 16:22:00.394, 6728437370590, QTAgent32.exe, &lt;a class=success&gt;Playback - {108} [SUCCESS] MouseButtonClick - "[Web]ControlType='Hyperlink' &amp;&amp; TagName='A' &amp;&amp; Id='' &amp;&amp; Name='' &amp;&amp; Target='content' &amp;&amp; InnerText='Create a Household Test Renewal Invitation' &amp;&amp; FilterCondition(AbsolutePath='/sysmaint/content/AddHouseholdTestRenewalNotice.asp', Title='', Href='https://www.insur-econnect.com/sysmaint/content/AddHouseholdTestRenewalNotice.asp', Class='itemlink', ControlDefinition='class=itemlink href="AddHouseholdTestRen', TagInstance='2')"
\0&lt;/a&gt;
E, 3524, 19, 2012/11/12, 16:22:01.783, 6728457225693, QTAgent32.exe, Exception: System.NotSupportedException
	Message: Internal Error: This method on IEWebControlElement should not get called.
	Stack Trace:    at Microsoft.VisualStudio.TestTools.UITest.Extension.IE.BrowserOptionElementNode.InvokeProgrammaticAction(ProgrammaticActionOption programmaticActionOption)
	BaseExceptionMessage: Internal Error: This method on IEWebControlElement should not get called.

W, 3524, 19, 2012/11/12, 16:22:01.986, 6728460110649, QTAgent32.exe, &lt;a class=success&gt;Playback - {109} [SUCCESS] SetValueAsComboBox "Covea Insurance plc (formerly MMA)" - "[Web]ControlType='ComboBox' &amp;&amp; TagName='SELECT' &amp;&amp; Id='InsurerID' &amp;&amp; Name='InsurerID' &amp;&amp; FilterCondition(Size='0', LabeledBy='', Title='', ItemCount='54', Class='', ControlDefinition='id=InsurerID onchange=selectInsurer() na', TagInstance='1')"  &lt; SetValueAsComboBox, set by clicking on the item in the list box &gt;
\0&lt;/a&gt;
W, 3524, 19, 2012/11/12, 16:22:02.766, 6728471308694, QTAgent32.exe, &lt;a class=success&gt;Playback - {110} [SUCCESS] SetValueAsEditBox "81588888001149" - "[Web]ControlType='Edit' &amp;&amp; TagName='INPUT' &amp;&amp; Id='' &amp;&amp; Name='txtPolicyNumber' &amp;&amp; LabeledBy='' &amp;&amp; Type='SINGLELINE' &amp;&amp; FilterCondition(Title='', Class='', ControlDefinition='onchange=enableButtons() name=txtPolicyN', TagInstance='1')"  &lt; Set via SendKeys &gt;
\0&lt;/a&gt;
W, 3524, 19, 2012/11/12, 16:22:02.969, 6728474178760, QTAgent32.exe, &lt;a class=success&gt;Playback - {111} [SUCCESS] SendKeys "^{HOME}" - "[Web]ControlType='Edit' &amp;&amp; TagName='INPUT' &amp;&amp; Id='' &amp;&amp; Name='txtRenewalDate' &amp;&amp; LabeledBy='' &amp;&amp; Type='SINGLELINE' &amp;&amp; FilterCondition(Title='', Class='', ControlDefinition='onchange=enableButtons() name=txtRenewal', TagInstance='2')"
\0&lt;/a&gt;
E, 3524, 19, 2012/11/12, 16:22:02.969, 6728474181325, QTAgent32.exe, Msaa.GetFocusedElement: could not find accessible object of foreground window
W, 3524, 19, 2012/11/12, 16:22:03.062, 6728475701852, QTAgent32.exe, &lt;a class=success&gt;Playback - {112} [SUCCESS] SendKeys "^+{END}" - "[Web]ControlType='Edit' &amp;&amp; TagName='INPUT' &amp;&amp; Id='' &amp;&amp; Name='txtRenewalDate' &amp;&amp; LabeledBy='' &amp;&amp; Type='SINGLELINE' &amp;&amp; FilterCondition(Title='', Class='', ControlDefinition='onchange=enableButtons() name=txtRenewal', TagInstance='2')"
\0&lt;/a&gt;
E, 3524, 19, 2012/11/12, 16:22:03.062, 6728475704650, QTAgent32.exe, Msaa.GetFocusedElement: could not find accessible object of foreground window
W, 3524, 19, 2012/11/12, 16:22:03.093, 6728475962446, QTAgent32.exe, &lt;a class=success&gt;Playback - {113} [SUCCESS] SendKeys "{DELETE}" - "[Web]ControlType='Edit' &amp;&amp; TagName='INPUT' &amp;&amp; Id='' &amp;&amp; Name='txtRenewalDate' &amp;&amp; LabeledBy='' &amp;&amp; Type='SINGLELINE' &amp;&amp; FilterCondition(Title='', Class='', ControlDefinition='onchange=enableButtons() name=txtRenewal', TagInstance='2')"
\0&lt;/a&gt;
W, 3524, 19, 2012/11/12, 16:22:03.421, 6728480660686, QTAgent32.exe, &lt;a class=success&gt;Playback - {114} [SUCCESS] SetValueAsEditBox "19/11/2012" - "[Web]ControlType='Edit' &amp;&amp; TagName='INPUT' &amp;&amp; Id='' &amp;&amp; Name='txtRenewalDate' &amp;&amp; LabeledBy='' &amp;&amp; Type='SINGLELINE' &amp;&amp; FilterCondition(Title='', Class='', ControlDefinition='onchange=enableButtons() name=txtRenewal', TagInstance='2')"  &lt; Set via SendKeys &gt;
\0&lt;/a&gt;
W, 3524, 19, 2012/11/12, 16:22:03.624, 6728483560931, QTAgent32.exe, &lt;a class=success&gt;Playback - {115} [SUCCESS] SendKeys "^{HOME}" - "[Web]ControlType='Edit' &amp;&amp; TagName='INPUT' &amp;&amp; Id='' &amp;&amp; Name='txtAutoLapseDate' &amp;&amp; LabeledBy='' &amp;&amp; Type='SINGLELINE' &amp;&amp; FilterCondition(Title='', Class='', ControlDefinition='onchange=enableButtons() name=txtAutoLap', TagInstance='4')"
\0&lt;/a&gt;
E, 3524, 19, 2012/11/12, 16:22:03.624, 6728483563352, QTAgent32.exe, Msaa.GetFocusedElement: could not find accessible object of foreground window
W, 3524, 19, 2012/11/12, 16:22:03.702, 6728484861092, QTAgent32.exe, &lt;a class=success&gt;Playback - {116} [SUCCESS] SendKeys "^+{END}" - "[Web]ControlType='Edit' &amp;&amp; TagName='INPUT' &amp;&amp; Id='' &amp;&amp; Name='txtAutoLapseDate' &amp;&amp; LabeledBy='' &amp;&amp; Type='SINGLELINE' &amp;&amp; FilterCondition(Title='', Class='', ControlDefinition='onchange=enableButtons() name=txtAutoLap', TagInstance='4')"
\0&lt;/a&gt;
E, 3524, 19, 2012/11/12, 16:22:03.702, 6728484863991, QTAgent32.exe, Msaa.GetFocusedElement: could not find accessible object of foreground window
W, 3524, 19, 2012/11/12, 16:22:03.749, 6728485343540, QTAgent32.exe, &lt;a class=success&gt;Playback - {117} [SUCCESS] SendKeys "{DELETE}" - "[Web]ControlType='Edit' &amp;&amp; TagName='INPUT' &amp;&amp; Id='' &amp;&amp; Name='txtAutoLapseDate' &amp;&amp; LabeledBy='' &amp;&amp; Type='SINGLELINE' &amp;&amp; FilterCondition(Title='', Class='', ControlDefinition='onchange=enableButtons() name=txtAutoLap', TagInstance='4')"
\0&lt;/a&gt;
W, 3524, 19, 2012/11/12, 16:22:04.076, 6728490039832, QTAgent32.exe, &lt;a class=success&gt;Playback - {118} [SUCCESS] SetValueAsEditBox "19/11/2012" - "[Web]ControlType='Edit' &amp;&amp; TagName='INPUT' &amp;&amp; Id='' &amp;&amp; Name='txtAutoLapseDate' &amp;&amp; LabeledBy='' &amp;&amp; Type='SINGLELINE' &amp;&amp; FilterCondition(Title='', Class='', ControlDefinition='onchange=enableButtons() name=txtAutoLap', TagInstance='4')"  &lt; Set via SendKeys &gt;
\0&lt;/a&gt;
W, 3524, 19, 2012/11/12, 16:22:04.326, 6728493590552, QTAgent32.exe, &lt;a class=success&gt;Playback - {119} [SUCCESS] MouseButtonClick - "[Web]ControlType='Edit' &amp;&amp; TagName='TEXTAREA' &amp;&amp; Id='' &amp;&amp; Name='txtClientXml' &amp;&amp; LabeledBy='' &amp;&amp; FilterCondition(Title='', Class='', ControlDefinition='onchange=enableButtons() wrap=off cols=5', TagInstance='1')"
\0&lt;/a&gt;
W, 3524, 19, 2012/11/12, 16:22:04.669, 6728498595436, QTAgent32.exe, &lt;a class=success&gt;Playback - {120} [SUCCESS] MouseButtonClick - "[Web]ControlType='Button' &amp;&amp; TagName='INPUT' &amp;&amp; Id='getXmlButton' &amp;&amp; Name='getXmlButton' &amp;&amp; FilterCondition(DisplayText='Get XML from Server', Type='button', Title='Click to get xml from server', Class='', ControlDefinition='id=getXmlButton title="Click to get xml ', TagInstance='5')"
\0&lt;/a&gt;
W, 3524, 19, 2012/11/12, 16:22:05.278, 6728507257826, QTAgent32.exe, &lt;a class=success&gt;Playback - {121} [SUCCESS] MouseButtonClick - "[Web]ControlType='Button' &amp;&amp; TagName='INPUT' &amp;&amp; Id='buttonCreate' &amp;&amp; Name='buttonCreate' &amp;&amp; FilterCondition(DisplayText='  Create Record  ', Type='button', Title='Click to create the new record', Class='', ControlDefinition='id=buttonCreate title="Click to create t', TagInstance='6')"
\0&lt;/a&gt;
W, 3524, 19, 2012/11/12, 16:22:05.730, 6728513723266, QTAgent32.exe, &lt;a class=success&gt;Playback - {122} [SUCCESS] MouseButtonClick - "[MSAA, VisibleOnly]ControlType='Button' &amp;&amp; Name='OK'"
\0&lt;/a&gt;
W, 3524, 19, 2012/11/12, 16:22:06.229, 6728520924220, QTAgent32.exe, &lt;a class=success&gt;Playback - {123} [SUCCESS] MouseButtonClick - "[MSAA, VisibleOnly]ControlType='Button' &amp;&amp; Name='Close'"
\0&lt;/a&gt;
W, 3524, 19, 2012/11/12, 16:22:06.557, 6728525526233, QTAgent32.exe, &lt;a class=success&gt;Playback - {124} [SUCCESS] SendKeys "^{HOME}" - "[MSAA, VisibleOnly]ControlType='Edit'"
\0&lt;/a&gt;
E, 3524, 19, 2012/11/12, 16:22:06.557, 6728525528742, QTAgent32.exe, Msaa.GetFocusedElement: could not find accessible object of foreground window
W, 3524, 19, 2012/11/12, 16:22:06.651, 6728526867901, QTAgent32.exe, &lt;a class=success&gt;Playback - {125} [SUCCESS] SendKeys "^+{END}" - "[MSAA, VisibleOnly]ControlType='Edit'"
\0&lt;/a&gt;
E, 3524, 19, 2012/11/12, 16:22:06.651, 6728526870044, QTAgent32.exe, Msaa.GetFocusedElement: could not find accessible object of foreground window
W, 3524, 19, 2012/11/12, 16:22:06.666, 6728527090700, QTAgent32.exe, &lt;a class=success&gt;Playback - {126} [SUCCESS] SendKeys "{DELETE}" - "[MSAA, VisibleOnly]ControlType='Edit'"
\0&lt;/a&gt;
W, 3524, 19, 2012/11/12, 16:22:07.025, 6728532232121, QTAgent32.exe, &lt;a class=success&gt;Playback - {127} [SUCCESS] SetValueAsEditBox "19/11/2011" - "[MSAA, VisibleOnly]ControlType='Edit'"  &lt; Set via SendKeys &gt;
\0&lt;/a&gt;
W, 3524, 19, 2012/11/12, 16:22:07.524, 6728539593674, QTAgent32.exe, &lt;a class=success&gt;Playback - {128} [SUCCESS] MouseButtonClick - "[MSAA, VisibleOnly]ControlType='Button' &amp;&amp; Name='OK'"
\0&lt;/a&gt;
W, 3524, 19, 2012/11/12, 16:22:08.086, 6728547433943, QTAgent32.exe, &lt;a class=success&gt;Playback - {129} [SUCCESS] MouseButtonClick - "[MSAA, VisibleOnly]ControlType='Client'"
\0&lt;/a&gt;
W, 3524, 19, 2012/11/12, 16:22:08.991, 6728560375045, QTAgent32.exe, &lt;a class=success&gt;Playback - {130} [SUCCESS] SetValueAsEditBox "AUTO162" - "[MSAA, VisibleOnly]ControlType='Edit'"  &lt; Set via SendKeys &gt;
\0&lt;/a&gt;
W, 3524, 19, 2012/11/12, 16:22:09.303, 6728564843129, QTAgent32.exe, &lt;a class=success&gt;Playback - {131} [SUCCESS] SetValueAsEditBox "-1001" - "[MSAA, VisibleOnly]ControlType='Edit'"  &lt; Set via SendKeys &gt;
\0&lt;/a&gt;
W, 3524, 19, 2012/11/12, 16:22:09.802, 6728572184573, QTAgent32.exe, Playback - [WARNING] Internal warning: Incorrect flag set for InvokeProgrammaticAction\0
W, 3524, 19, 2012/11/12, 16:22:10.145, 6728576921083, QTAgent32.exe, &lt;a class=success&gt;Playback - {132} [SUCCESS] SetValueAsComboBox "Household" - "[MSAA, VisibleOnly]ControlType='ComboBox'"  &lt; SetValueAsComboBox, set by clicking on the item in the list box &gt;
\0&lt;/a&gt;
W, 3524, 19, 2012/11/12, 16:22:10.332, 6728579581156, QTAgent32.exe, &lt;a class=success&gt;Playback - {133} [SUCCESS] SendKeys "^{HOME}" - "[MSAA, VisibleOnly]ControlType='Edit'"
\0&lt;/a&gt;
E, 3524, 19, 2012/11/12, 16:22:10.332, 6728579583505, QTAgent32.exe, Msaa.GetFocusedElement: could not find accessible object of foreground window
W, 3524, 19, 2012/11/12, 16:22:10.410, 6728580697833, QTAgent32.exe, &lt;a class=success&gt;Playback - {134} [SUCCESS] SendKeys "^+{END}" - "[MSAA, VisibleOnly]ControlType='Edit'"
\0&lt;/a&gt;
E, 3524, 19, 2012/11/12, 16:22:10.410, 6728580700087, QTAgent32.exe, Msaa.GetFocusedElement: could not find accessible object of foreground window
W, 3524, 19, 2012/11/12, 16:22:10.426, 6728580920653, QTAgent32.exe, &lt;a class=success&gt;Playback - {135} [SUCCESS] SendKeys "{DELETE}" - "[MSAA, VisibleOnly]ControlType='Edit'"
\0&lt;/a&gt;
W, 3524, 19, 2012/11/12, 16:22:10.754, 6728585614275, QTAgent32.exe, &lt;a class=success&gt;Playback - {136} [SUCCESS] SetValueAsEditBox "19/11/2011" - "[MSAA, VisibleOnly]ControlType='Edit'"  &lt; Set via SendKeys &gt;
\0&lt;/a&gt;
W, 3524, 19, 2012/11/12, 16:22:11.378, 6728594584687, QTAgent32.exe, &lt;a class=success&gt;Playback - {137} [SUCCESS] MouseButtonClick - "[MSAA, VisibleOnly]ControlType='Button' &amp;&amp; Name='Regress'"
\0&lt;/a&gt;
W, 3524, 19, 2012/11/12, 16:22:13.780, 6728628943076, QTAgent32.exe, &lt;a class=success&gt;Playback - {138} [SUCCESS] MouseButtonClick - "[MSAA, VisibleOnly]ControlType='Button' &amp;&amp; Name='Exit'"
\0&lt;/a&gt;
W, 3524, 19, 2012/11/12, 16:22:14.248, 6728635680797, QTAgent32.exe, &lt;a class=success&gt;Playback - {139} [SUCCESS] MouseButtonClick - "[MSAA, VisibleOnly]ControlType='Button'"
\0&lt;/a&gt;
W, 3524, 19, 2012/11/12, 16:22:14.685, 6728641966456, QTAgent32.exe, &lt;a class=success&gt;Playback - {140} [SUCCESS] MouseButtonClick - "[MSAA, VisibleOnly]ControlType='Button' &amp;&amp; Name='Options'"
\0&lt;/a&gt;
W, 3524, 19, 2012/11/12, 16:22:14.794, 6728643465175, QTAgent32.exe, FindScreenElementInSinglePass : Attempting to find control in one pass of search. Failures can occur.
W, 3524, 19, 2012/11/12, 16:22:14.950, 6728645696419, QTAgent32.exe, &lt;a class=success&gt;Playback - {141} [SUCCESS] MouseButtonClick - "[MSAA]ControlType='MenuItem' &amp;&amp; Name='Links'"
\0&lt;/a&gt;
W, 3524, 19, 2012/11/12, 16:22:15.060, 6728647265893, QTAgent32.exe, FindScreenElementInSinglePass : Attempting to find control in one pass of search. Failures can occur.
W, 3524, 19, 2012/11/12, 16:22:15.247, 6728649941697, QTAgent32.exe, &lt;a class=success&gt;Playback - {142} [SUCCESS] MouseButtonClick - "[MSAA]ControlType='MenuItem' &amp;&amp; Name='3rd Party Integration'"
\0&lt;/a&gt;
W, 3524, 19, 2012/11/12, 16:22:15.356, 6728651509115, QTAgent32.exe, FindScreenElementInSinglePass : Attempting to find control in one pass of search. Failures can occur.
W, 3524, 19, 2012/11/12, 16:22:15.543, 6728654213937, QTAgent32.exe, &lt;a class=success&gt;Playback - {143} [SUCCESS] MouseButtonClick - "[MSAA]ControlType='MenuItem' &amp;&amp; Name='Renewals Loader'"
\0&lt;/a&gt;
W, 3524, 19, 2012/11/12, 16:22:16.198, 6728663569083, QTAgent32.exe, &lt;a class=success&gt;Playback - {144} [SUCCESS] MouseButtonClick - "[MSAA, VisibleOnly]ControlType='TitleBar'"
\0&lt;/a&gt;
W, 3524, 19, 2012/11/12, 16:22:16.401, 6728666470274, QTAgent32.exe, &lt;a class=success&gt;Playback - {145} [SUCCESS] SendKeys "^{HOME}" - "[MSAA, VisibleOnly]ControlType='Edit'"
\0&lt;/a&gt;
E, 3524, 19, 2012/11/12, 16:22:16.401, 6728666472875, QTAgent32.exe, Msaa.GetFocusedElement: could not find accessible object of foreground window
W, 3524, 19, 2012/11/12, 16:22:16.479, 6728667586970, QTAgent32.exe, &lt;a class=success&gt;Playback - {146} [SUCCESS] SendKeys "^+{END}" - "[MSAA, VisibleOnly]ControlType='Edit'"
\0&lt;/a&gt;
E, 3524, 19, 2012/11/12, 16:22:16.479, 6728667589867, QTAgent32.exe, Msaa.GetFocusedElement: could not find accessible object of foreground window
W, 3524, 19, 2012/11/12, 16:22:16.495, 6728667811625, QTAgent32.exe, &lt;a class=success&gt;Playback - {147} [SUCCESS] SendKeys "{DELETE}" - "[MSAA, VisibleOnly]ControlType='Edit'"
\0&lt;/a&gt;
W, 3524, 19, 2012/11/12, 16:22:16.838, 6728672730039, QTAgent32.exe, &lt;a class=success&gt;Playback - {148} [SUCCESS] SetValueAsEditBox "11/11/2012" - "[MSAA, VisibleOnly]ControlType='Edit'"  &lt; Set via SendKeys &gt;
\0&lt;/a&gt;
W, 3524, 19, 2012/11/12, 16:22:17.415, 6728680997689, QTAgent32.exe, &lt;a class=success&gt;Playback - {149} [SUCCESS] MouseButtonClick - "[MSAA, VisibleOnly]ControlType='Button' &amp;&amp; Name='Run'"
\0&lt;/a&gt;
W, 3524, 19, 2012/11/12, 16:22:18.585, 6728697756650, QTAgent32.exe, PERF WARNING: FindTopLevelWindowHelper::FindAllDescendents: took 1060 ms. Expected it to take maximum 500 ms.
W, 3524, 19, 2012/11/12, 16:22:19.225, 6728706980685, QTAgent32.exe, &lt;a class=success&gt;Playback - {150} [SUCCESS] MouseButtonClick - "[MSAA, VisibleOnly]ControlType='Button' &amp;&amp; Name='Close'"
\0&lt;/a&gt;
W, 3524, 19, 2012/11/12, 16:22:19.662, 6728713156249, QTAgent32.exe, &lt;a class=success&gt;Playback - {151} [SUCCESS] MouseButtonClick - "[MSAA, VisibleOnly]ControlType='TitleBar'"
\0&lt;/a&gt;
W, 3524, 19, 2012/11/12, 16:22:20.052, 6728718774345, QTAgent32.exe, &lt;a class=success&gt;Playback - {152} [SUCCESS] MouseButtonClick - "[MSAA, VisibleOnly]ControlType='Button' &amp;&amp; Name='Close'"
\0&lt;/a&gt;
W, 3524, 19, 2012/11/12, 16:22:20.426, 6728724156373, QTAgent32.exe, &lt;a class=success&gt;Playback - {153} [SUCCESS] MouseButtonClick - "[MSAA, VisibleOnly]ControlType='Button' &amp;&amp; Name='Options'"
\0&lt;/a&gt;
W, 3524, 19, 2012/11/12, 16:22:20.536, 6728725667173, QTAgent32.exe, FindScreenElementInSinglePass : Attempting to find control in one pass of search. Failures can occur.
W, 3524, 19, 2012/11/12, 16:22:20.707, 6728728117056, QTAgent32.exe, &lt;a class=success&gt;Playback - {154} [SUCCESS] MouseButtonClick - "[MSAA]ControlType='MenuItem' &amp;&amp; Name='Links'"
\0&lt;/a&gt;
W, 3524, 19, 2012/11/12, 16:22:20.816, 6728729686515, QTAgent32.exe, FindScreenElementInSinglePass : Attempting to find control in one pass of search. Failures can occur.
W, 3524, 19, 2012/11/12, 16:22:21.004, 6728732363221, QTAgent32.exe, &lt;a class=success&gt;Playback - {155} [SUCCESS] MouseButtonClick - "[MSAA]ControlType='MenuItem' &amp;&amp; Name='3rd Party Integration'"
\0&lt;/a&gt;
W, 3524, 19, 2012/11/12, 16:22:21.128, 6728734151249, QTAgent32.exe, FindScreenElementInSinglePass : Attempting to find control in one pass of search. Failures can occur.
W, 3524, 19, 2012/11/12, 16:22:21.316, 6728736860707, QTAgent32.exe, &lt;a class=success&gt;Playback - {156} [SUCCESS] MouseButtonClick - "[MSAA]ControlType='MenuItem' &amp;&amp; Name='Renewals Module'"
\0&lt;/a&gt;
W, 3524, 19, 2012/11/12, 16:22:21.815, 6728743980373, QTAgent32.exe, &lt;a class=success&gt;Playback - {157} [SUCCESS] SetValueAsEditBox "1" - "[MSAA, VisibleOnly]ControlType='Edit'"  &lt; Set via SendKeys &gt;
\0&lt;/a&gt;
W, 3524, 19, 2012/11/12, 16:22:22.439, 6728753059958, QTAgent32.exe, &lt;a class=success&gt;Playback - {158} [SUCCESS] MouseButtonClick - "[MSAA, VisibleOnly]ControlType='Button' &amp;&amp; Name='Ok'"
\0&lt;/a&gt;
W, 3524, 19, 2012/11/12, 16:22:22.829, 6728758515227, QTAgent32.exe, Playback - [WARNING] Internal warning: Window Not Found: [VisibleOnly]ControlType='Window' &amp;&amp; Name='insur-E.tam' &amp;&amp; ClassName='#32770'
\0
E, 3524, 19, 2012/11/12, 16:22:22.829, 6728758518094, QTAgent32.exe, &lt;a class=failure&gt;Playback - {159} [FAILED] Function ElementFetcher::FindScreenElement failed to locate UI element (Searching: ;[VisibleOnly]ControlType='Window' &amp;&amp; Name='insur-E.tam' &amp;&amp; ClassName='#32770') (The object specified was not found.)
\0&lt;/a&gt;
E, 3524, 19, 2012/11/12, 16:22:22.907, 6728759820088, QTAgent32.exe, Playback - [IMAGE] C:\Users\peter.zenin-ad\AppData\Local\Temp\UITestLogs\LastRun\RPF69CB.png
\0
W, 3524, 19, 2012/11/12, 16:22:22.907, 6728759822398, QTAgent32.exe, Playback - [WARNING] Internal warning: Couldn't find descendants that match QueryId
\0
W, 3524, 19, 2012/11/12, 16:22:40.942, 6729017848246, QTAgent32.exe, Playback - [WARNING] Internal warning: Window Not Found: [VisibleOnly]ControlType='Window' &amp;&amp; Name='insur-E.tam' &amp;&amp; ClassName='#32770'
\0
E, 3524, 19, 2012/11/12, 16:22:40.942, 6729017851067, QTAgent32.exe, &lt;a class=failure&gt;Playback - {160} [FAILED] Function ElementFetcher::FindScreenElement failed to locate UI element (Searching: ;[VisibleOnly]ControlType='Window' &amp;&amp; Name='insur-E.tam' &amp;&amp; ClassName='#32770') (The object specified was not found.)
\0&lt;/a&gt;
E, 3524, 19, 2012/11/12, 16:22:41.020, 6729019147141, QTAgent32.exe, Playback - [IMAGE] C:\Users\peter.zenin-ad\AppData\Local\Temp\UITestLogs\LastRun\RPFB08C.png
\0
W, 3524, 19, 2012/11/12, 16:22:41.020, 6729019149292, QTAgent32.exe, Playback - [WARNING] Internal warning: Couldn't find descendants that match QueryId
\0
W, 3524, 19, 2012/11/12, 16:22:41.020, 6729019152418, QTAgent32.exe, PERF WARNING: FindTopLevelWindowHelper::FindAllDescendents: took 18111 ms. Expected it to take maximum 500 ms.
W, 3524, 19, 2012/11/12, 16:22:41.535, 6729026434431, QTAgent32.exe, Playback - [WARNING] Internal warning: Smart Match failed
\0
W, 3524, 19, 2012/11/12, 16:22:41.738, 6729029329484, QTAgent32.exe, Playback - [WARNING] Internal warning: Smart Match failed
\0
W, 3524, 19, 2012/11/12, 16:22:41.940, 6729032229059, QTAgent32.exe, Playback - [WARNING] Internal warning: Smart Match failed
\0
W, 3524, 19, 2012/11/12, 16:22:42.128, 6729034913433, QTAgent32.exe, Playback - [WARNING] Internal warning: Smart Match failed
\0
W, 3524, 19, 2012/11/12, 16:22:42.315, 6729037596040, QTAgent32.exe, Playback - [WARNING] Internal warning: Smart Match failed
\0
W, 3524, 19, 2012/11/12, 16:22:42.502, 6729040274199, QTAgent32.exe, Playback - [WARNING] Internal warning: Smart Match failed
\0
W, 3524, 19, 2012/11/12, 16:22:42.689, 6729042953520, QTAgent32.exe, Playback - [WARNING] Internal warning: Smart Match failed
\0
W, 3524, 19, 2012/11/12, 16:22:42.877, 6729045632452, QTAgent32.exe, Playback - [WARNING] Internal warning: Smart Match failed
\0
W, 3524, 19, 2012/11/12, 16:22:43.064, 6729048315105, QTAgent32.exe, Playback - [WARNING] Internal warning: Smart Match failed
\0
W, 3524, 19, 2012/11/12, 16:22:43.251, 6729051006785, QTAgent32.exe, Playback - [WARNING] Internal warning: Smart Match failed
\0
W, 3524, 19, 2012/11/12, 16:22:43.454, 6729053896899, QTAgent32.exe, Playback - [WARNING] Internal warning: Smart Match failed
\0
W, 3524, 19, 2012/11/12, 16:22:43.641, 6729056578387, QTAgent32.exe, Playback - [WARNING] Internal warning: Smart Match failed
\0
W, 3524, 19, 2012/11/12, 16:22:43.828, 6729059266734, QTAgent32.exe, Playback - [WARNING] Internal warning: Smart Match failed
\0
W, 3524, 19, 2012/11/12, 16:22:44.015, 6729061941170, QTAgent32.exe, Playback - [WARNING] Internal warning: Smart Match failed
\0
W, 3524, 19, 2012/11/12, 16:22:44.093, 6729063140447, QTAgent32.exe, Playback - [WARNING] Internal warning: Window Not Found: [VisibleOnly]ControlType='Window' &amp;&amp; Name='insur-E.tam' &amp;&amp; ClassName='#32770'
\0
E, 3524, 19, 2012/11/12, 16:22:44.093, 6729063142928, QTAgent32.exe, &lt;a class=failure&gt;Playback - {161} [FAILED] Function ElementFetcher::FindScreenElement failed to locate UI element (Searching: ;[VisibleOnly]ControlType='Window' &amp;&amp; Name='insur-E.tam' &amp;&amp; ClassName='#32770') (The object specified was not found.)
\0&lt;/a&gt;
E, 3524, 19, 2012/11/12, 16:22:44.187, 6729064448777, QTAgent32.exe, Playback - [IMAGE] C:\Users\peter.zenin-ad\AppData\Local\Temp\UITestLogs\LastRun\RPFBCDC.png
\0
W, 3524, 19, 2012/11/12, 16:22:44.187, 6729064450942, QTAgent32.exe, Playback - [WARNING] Internal warning: Couldn't find descendants that match QueryId
\0
W, 3524, 19, 2012/11/12, 16:22:44.187, 6729064453942, QTAgent32.exe, PERF WARNING: FindTopLevelWindowHelper::FindAllDescendents: took 3163 ms. Expected it to take maximum 500 ms.
E, 3524, 19, 2012/11/12, 16:22:44.187, 6729064455760, QTAgent32.exe, Exception: System.Runtime.InteropServices.COMException
	Message: Error HRESULT E_FAIL has been returned from a call to a COM component.
	Stack Trace:    at Microsoft.VisualStudio.TestTools.UITest.Playback.Engine.IRPFPlayback.FindAllScreenElements(IScreenElement pScreenElementStart, String bstrQueryId, Object&amp; pvarResKeys, Int32 cResKeys, Int32 nMaxDepth, Object[]&amp; foundDescendants)
   at Microsoft.VisualStudio.TestTools.UITest.Playback.ScreenElement.FindTopLevelWindowHelper(String queryId)
	BaseExceptionMessage: Error HRESULT E_FAIL has been returned from a call to a COM component.

E, 3524, 19, 2012/11/12, 16:22:44.187, 6729064460442, QTAgent32.exe, Window 3672406 not responding. Last Win32 error 0
E, 3524, 19, 2012/11/12, 16:22:44.187, 6729064464364, QTAgent32.exe, Window 3672406 not responding. Last Win32 error 1400
E, 3524, 19, 2012/11/12, 16:22:44.187, 6729064469064, QTAgent32.exe, Window 3672406 not responding. Last Win32 error 1400
E, 3524, 19, 2012/11/12, 16:22:44.187, 6729064470309, QTAgent32.exe, GetClassName for handle 3672406 failed
E, 3524, 19, 2012/11/12, 16:22:44.187, 6729064471148, QTAgent32.exe, GetClassName for handle 3672406 failed
E, 3524, 19, 2012/11/12, 16:22:44.296, 6729065846671, QTAgent32.exe, AL: Playback Error: Microsoft.VisualStudio.TestTools.UITest.Extension.UITestControlNotFoundException: The playback failed to find the control with the given search properties. Additional Details: 
TechnologyName:  'MSAA'
ControlType:  'Window'
 ---&gt; System.Runtime.InteropServices.COMException: Error HRESULT E_FAIL has been returned from a call to a COM component.
   at Microsoft.VisualStudio.TestTools.UITest.Playback.Engine.IRPFPlayback.FindAllScreenElements(IScreenElement pScreenElementStart, String bstrQueryId, Object&amp; pvarResKeys, Int32 cResKeys, Int32 nMaxDepth, Object[]&amp; foundDescendants)
   at Microsoft.VisualStudio.TestTools.UITest.Playback.ScreenElement.FindTopLevelWindowHelper(String queryId)
   at Microsoft.VisualStudio.TestTools.UITest.Playback.ScreenElement.FindFromPartialQueryId(String queryId)
   at Microsoft.VisualStudio.TestTools.UITesting.UITestControl..ctor(String queryId)
   --- End of inner exception stack trace ---
   at Microsoft.VisualStudio.TestTools.UITesting.Playback.MapControlNotFoundException(COMException ex, IPlaybackContext context)
   at Microsoft.VisualStudio.TestTools.UITesting.Playback.MapAndThrowComException(COMException innerException, IPlaybackContext context)
   at Microsoft.VisualStudio.TestTools.UITesting.Playback.MapAndThrowException(SystemException exception, IPlaybackContext context)
   at Microsoft.VisualStudio.TestTools.UITesting.Playback.MapAndThrowException(SystemException exception, String queryId)
   at Microsoft.VisualStudio.TestTools.UITesting.UITestControl..ctor(String queryId)
   at Microsoft.VisualStudio.TestTools.UITesting.SearchHelper.SearchTopLevelWindow(ISearchArgument topLevelSearchArg, String topLevelElementQueryId)
   at Microsoft.VisualStudio.TestTools.UITesting.SearchHelper.GetTitleUpdatedTopLevelWindow(ISearchArgument topLevelSearchArg, String queryId, IList`1 windowTitles)
   at Microsoft.VisualStudio.TestTools.UITesting.SearchHelper.GetTopLevelElement(Boolean useCache, Boolean useCacheOnly, ISearchArgument searchArg, IList`1 windowTitles, Int32&amp; timeLeft)
   at Microsoft.VisualStudio.TestTools.UITesting.SearchHelper.GetElement(Boolean useCache, ISearchArgument searchArg)
   at Microsoft.VisualStudio.TestTools.UITesting.SearchHelper.Search(ISearchArgument searchArg)
   at Microsoft.VisualStudio.TestTools.UITesting.UITestControl.FindInternal()
   at Microsoft.VisualStudio.TestTools.UITesting.UITestControl.FindControlIfNecessary()
   at Microsoft.VisualStudio.TestTools.UITesting.UITestControl.Click(MouseButtons button, ModifierKeys modifierKeys, Point relativeCoordinates)
   at Microsoft.VisualStudio.TestTools.UITesting.Mouse.ClickImplementation(UITestControl control, MouseButtons button, ModifierKeys modifierKeys, Point relativeCoordinate)
   at Microsoft.VisualStudio.TestTools.UITesting.Mouse.ClickImplementationWrapper(UITestControl control, MouseButtons button, ModifierKeys modifierKeys, Point relativeCoordinate)
W, 3524, 19, 2012/11/12, 16:22:44.296, 6729065848242, QTAgent32.exe, PlaybackErrorHandler: Ignoring exception as ContinueOnError is set.
W, 3524, 19, 2012/11/12, 16:22:44.577, 6729069899332, QTAgent32.exe, Playback - [WARNING] Internal warning: Window Not Found: [VisibleOnly]ControlType='Window' &amp;&amp; Name='Policies Auto-Renewed &amp; Auto-Lapsed' &amp;&amp; ClassName='ThunderRT6FormDC'
\0
E, 3524, 19, 2012/11/12, 16:22:44.577, 6729069902123, QTAgent32.exe, &lt;a class=failure&gt;Playback - {162} [FAILED] Function ElementFetcher::FindScreenElement failed to locate UI element (Searching: ;[VisibleOnly]ControlType='Window' &amp;&amp; Name='Policies Auto-Renewed &amp; Auto-Lapsed' &amp;&amp; ClassName='ThunderRT6FormDC') (The object specified was not found.)
\0&lt;/a&gt;
E, 3524, 19, 2012/11/12, 16:22:44.671, 6729071277403, QTAgent32.exe, Playback - [IMAGE] C:\Users\peter.zenin-ad\AppData\Local\Temp\UITestLogs\LastRun\RPFBEC1.png
\0
W, 3524, 19, 2012/11/12, 16:22:44.671, 6729071279574, QTAgent32.exe, Playback - [WARNING] Internal warning: Couldn't find descendants that match QueryId
\0
W, 3524, 19, 2012/11/12, 16:23:02.768, 6729330352754, QTAgent32.exe, Playback - [WARNING] Internal warning: Window Not Found: [VisibleOnly]ControlType='Window' &amp;&amp; Name='Policies Auto-Renewed &amp; Auto-Lapsed' &amp;&amp; ClassName='ThunderRT6FormDC'
\0
E, 3524, 19, 2012/11/12, 16:23:02.768, 6729330355517, QTAgent32.exe, &lt;a class=failure&gt;Playback - {163} [FAILED] Function ElementFetcher::FindScreenElement failed to locate UI element (Searching: ;[VisibleOnly]ControlType='Window' &amp;&amp; Name='Policies Auto-Renewed &amp; Auto-Lapsed' &amp;&amp; ClassName='ThunderRT6FormDC') (The object specified was not found.)
\0&lt;/a&gt;
E, 3524, 19, 2012/11/12, 16:23:02.862, 6729331650105, QTAgent32.exe, Playback - [IMAGE] C:\Users\peter.zenin-ad\AppData\Local\Temp\UITestLogs\LastRun\RPF5CF.png
\0
W, 3524, 19, 2012/11/12, 16:23:02.862, 6729331652245, QTAgent32.exe, Playback - [WARNING] Internal warning: Couldn't find descendants that match QueryId
\0
W, 3524, 19, 2012/11/12, 16:23:02.862, 6729331655224, QTAgent32.exe, PERF WARNING: FindTopLevelWindowHelper::FindAllDescendents: took 18184 ms. Expected it to take maximum 500 ms.
W, 3524, 19, 2012/11/12, 16:23:03.361, 6729338909554, QTAgent32.exe, Playback - [WARNING] Internal warning: Smart Match failed
\0
W, 3524, 19, 2012/11/12, 16:23:03.548, 6729341589358, QTAgent32.exe, Playback - [WARNING] Internal warning: Smart Match failed
\0
W, 3524, 19, 2012/11/12, 16:23:03.735, 6729344271379, QTAgent32.exe, Playback - [WARNING] Internal warning: Smart Match failed
\0
W, 3524, 19, 2012/11/12, 16:23:03.923, 6729346952004, QTAgent32.exe, Playback - [WARNING] Internal warning: Smart Match failed
\0
W, 3524, 19, 2012/11/12, 16:23:04.110, 6729349641179, QTAgent32.exe, Playback - [WARNING] Internal warning: Smart Match failed
\0
W, 3524, 19, 2012/11/12, 16:23:04.297, 6729352312738, QTAgent32.exe, Playback - [WARNING] Internal warning: Smart Match failed
\0
W, 3524, 19, 2012/11/12, 16:23:04.484, 6729355008075, QTAgent32.exe, Playback - [WARNING] Internal warning: Smart Match failed
\0
W, 3524, 19, 2012/11/12, 16:23:04.671, 6729357679426, QTAgent32.exe, Playback - [WARNING] Internal warning: Smart Match failed
\0
W, 3524, 19, 2012/11/12, 16:23:04.859, 6729360360279, QTAgent32.exe, Playback - [WARNING] Internal warning: Smart Match failed
\0
W, 3524, 19, 2012/11/12, 16:23:05.046, 6729363072477, QTAgent32.exe, Playback - [WARNING] Internal warning: Smart Match failed
\0
W, 3524, 19, 2012/11/12, 16:23:05.249, 6729365940917, QTAgent32.exe, Playback - [WARNING] Internal warning: Smart Match failed
\0
W, 3524, 19, 2012/11/12, 16:23:05.436, 6729368626597, QTAgent32.exe, Playback - [WARNING] Internal warning: Smart Match failed
\0
W, 3524, 19, 2012/11/12, 16:23:05.623, 6729371302047, QTAgent32.exe, Playback - [WARNING] Internal warning: Smart Match failed
\0
W, 3524, 19, 2012/11/12, 16:23:05.810, 6729374039258, QTAgent32.exe, Playback - [WARNING] Internal warning: Smart Match failed
\0
W, 3524, 19, 2012/11/12, 16:23:05.904, 6729375204712, QTAgent32.exe, Playback - [WARNING] Internal warning: Window Not Found: [VisibleOnly]ControlType='Window' &amp;&amp; Name='Policies Auto-Renewed &amp; Auto-Lapsed' &amp;&amp; ClassName='ThunderRT6FormDC'
\0
E, 3524, 19, 2012/11/12, 16:23:05.904, 6729375207188, QTAgent32.exe, &lt;a class=failure&gt;Playback - {164} [FAILED] Function ElementFetcher::FindScreenElement failed to locate UI element (Searching: ;[VisibleOnly]ControlType='Window' &amp;&amp; Name='Policies Auto-Renewed &amp; Auto-Lapsed' &amp;&amp; ClassName='ThunderRT6FormDC') (The object specified was not found.)
\0&lt;/a&gt;
E, 3524, 19, 2012/11/12, 16:23:05.982, 6729376504144, QTAgent32.exe, Playback - [IMAGE] C:\Users\peter.zenin-ad\AppData\Local\Temp\UITestLogs\LastRun\RPF1210.png
\0
W, 3524, 19, 2012/11/12, 16:23:05.982, 6729376506314, QTAgent32.exe, Playback - [WARNING] Internal warning: Couldn't find descendants that match QueryId
\0
W, 3524, 19, 2012/11/12, 16:23:05.982, 6729376509310, QTAgent32.exe, PERF WARNING: FindTopLevelWindowHelper::FindAllDescendents: took 3132 ms. Expected it to take maximum 500 ms.
E, 3524, 19, 2012/11/12, 16:23:05.982, 6729376511130, QTAgent32.exe, Exception: System.Runtime.InteropServices.COMException
	Message: Error HRESULT E_FAIL has been returned from a call to a COM component.
	Stack Trace:    at Microsoft.VisualStudio.TestTools.UITest.Playback.Engine.IRPFPlayback.FindAllScreenElements(IScreenElement pScreenElementStart, String bstrQueryId, Object&amp; pvarResKeys, Int32 cResKeys, Int32 nMaxDepth, Object[]&amp; foundDescendants)
   at Microsoft.VisualStudio.TestTools.UITest.Playback.ScreenElement.FindTopLevelWindowHelper(String queryId)
	BaseExceptionMessage: Error HRESULT E_FAIL has been returned from a call to a COM component.

E, 3524, 19, 2012/11/12, 16:23:06.091, 6729377885420, QTAgent32.exe, AL: Playback Error: Microsoft.VisualStudio.TestTools.UITest.Extension.UITestControlNotFoundException: The playback failed to find the control with the given search properties. Additional Details: 
TechnologyName:  'MSAA'
ControlType:  'Window'
Name:  'Policies Auto-Renewed &amp; Auto-Lapsed'
ClassName:  'ThunderRT6FormDC'
 ---&gt; System.Runtime.InteropServices.COMException: Error HRESULT E_FAIL has been returned from a call to a COM component.
   at Microsoft.VisualStudio.TestTools.UITest.Playback.Engine.IRPFPlayback.FindAllScreenElements(IScreenElement pScreenElementStart, String bstrQueryId, Object&amp; pvarResKeys, Int32 cResKeys, Int32 nMaxDepth, Object[]&amp; foundDescendants)
   at Microsoft.VisualStudio.TestTools.UITest.Playback.ScreenElement.FindTopLevelWindowHelper(String queryId)
   at Microsoft.VisualStudio.TestTools.UITest.Playback.ScreenElement.FindFromPartialQueryId(String queryId)
   at Microsoft.VisualStudio.TestTools.UITesting.UITestControl..ctor(String queryId)
   --- End of inner exception stack trace ---
   at Microsoft.VisualStudio.TestTools.UITesting.Playback.MapControlNotFoundException(COMException ex, IPlaybackContext context)
   at Microsoft.VisualStudio.TestTools.UITesting.Playback.MapAndThrowComException(COMException innerException, IPlaybackContext context)
   at Microsoft.VisualStudio.TestTools.UITesting.Playback.MapAndThrowException(SystemException exception, IPlaybackContext context)
   at Microsoft.VisualStudio.TestTools.UITesting.Playback.MapAndThrowException(SystemException exception, String queryId)
   at Microsoft.VisualStudio.TestTools.UITesting.UITestControl..ctor(String queryId)
   at Microsoft.VisualStudio.TestTools.UITesting.SearchHelper.SearchTopLevelWindow(ISearchArgument topLevelSearchArg, String topLevelElementQueryId)
   at Microsoft.VisualStudio.TestTools.UITesting.SearchHelper.GetTitleUpdatedTopLevelWindow(ISearchArgument topLevelSearchArg, String queryId, IList`1 windowTitles)
   at Microsoft.VisualStudio.TestTools.UITesting.SearchHelper.GetTopLevelElement(Boolean useCache, Boolean useCacheOnly, ISearchArgument searchArg, IList`1 windowTitles, Int32&amp; timeLeft)
   at Microsoft.VisualStudio.TestTools.UITesting.SearchHelper.GetElement(Boolean useCache, ISearchArgument searchArg)
   at Microsoft.VisualStudio.TestTools.UITesting.SearchHelper.Search(ISearchArgument searchArg)
   at Microsoft.VisualStudio.TestTools.UITesting.UITestControl.FindInternal()
   at Microsoft.VisualStudio.TestTools.UITesting.UITestControl.FindControlIfNecessary()
   at Microsoft.VisualStudio.TestTools.UITesting.UITestControl.Click(MouseButtons button, ModifierKeys modifierKeys, Point relativeCoordinates)
   at Microsoft.VisualStudio.TestTools.UITesting.Mouse.ClickImplementation(UITestControl control, MouseButtons button, ModifierKeys modifierKeys, Point relativeCoordinate)
   at Microsoft.VisualStudio.TestTools.UITesting.Mouse.ClickImplementationWrapper(UITestControl control, MouseButtons button, ModifierKeys modifierKeys, Point relativeCoordinate)
W, 3524, 19, 2012/11/12, 16:23:06.091, 6729377887545, QTAgent32.exe, PlaybackErrorHandler: Ignoring exception as ContinueOnError is set.
W, 3524, 19, 2012/11/12, 16:23:06.450, 6729383020878, QTAgent32.exe, &lt;a class=success&gt;Playback - {165} [SUCCESS] MouseButtonClick - "[MSAA, VisibleOnly]ControlType='Button' &amp;&amp; Name='EDI Match...'"
\0&lt;/a&gt;
W, 3524, 19, 2012/11/12, 16:23:08.743, 6729416007223, QTAgent32.exe, &lt;a class=success&gt;Playback - {166} [SUCCESS] MouseButtonClick - "[MSAA, VisibleOnly]ControlType='Button' &amp;&amp; Name='Ok'"
\0&lt;/a&gt;
W, 3524, 19, 2012/11/12, 16:23:09.180, 6729422213960, QTAgent32.exe, &lt;a class=success&gt;Playback - {167} [SUCCESS] MouseButtonClick - "[MSAA, VisibleOnly]ControlType='Button' &amp;&amp; Name='OK'"
\0&lt;/a&gt;
W, 3524, 19, 2012/11/12, 16:23:10.834, 6729445785769, QTAgent32.exe, Playback - [WARNING] Internal warning: Element "[MSAA, VisibleOnly]ControlType='Window' &amp;&amp; ControlId='5'" was not found, so all intermediate elements were ignored. To improve performance replace this element Id with another Id or exclude it from QueryId. If this element is the target element, replace or remove intermediate elements
\0
W, 3524, 19, 2012/11/12, 16:23:13.408, 6729482654605, QTAgent32.exe, Playback - [WARNING] Internal warning:Search failure: &lt;[MSAA, VisibleOnly]ControlType='Window' &amp;&amp; ControlId='32768'&gt; | Performed (4) search retries, UI element not found
\0
E, 3524, 19, 2012/11/12, 16:23:13.408, 6729482657497, QTAgent32.exe, &lt;a class=failure&gt;Playback - {168} [FAILED] Function ElementFetcher::FindScreenElement failed to locate UI element (Searching: ;[MSAA, VisibleOnly]ControlType='Window' &amp;&amp; ControlId='32768';[MSAA, VisibleOnly]ControlType='Window' &amp;&amp; ControlId='5';[MSAA, VisibleOnly]ControlType='Button' &amp;&amp; Name='Log and Clear') (The object specified was not found.)
\0&lt;/a&gt;
E, 3524, 19, 2012/11/12, 16:23:13.486, 6729483964868, QTAgent32.exe, Playback - [IMAGE] C:\Users\peter.zenin-ad\AppData\Local\Temp\UITestLogs\LastRun\RPF2F60.png
\0
W, 3524, 19, 2012/11/12, 16:23:13.486, 6729483967134, QTAgent32.exe, Playback - [WARNING] Internal warning: Couldn't find descendants that match QueryId
\0
W, 3524, 19, 2012/11/12, 16:23:13.486, 6729483970192, QTAgent32.exe, PERF WARNING: FindAllDescendents: took 4210 ms. Expected it to take maximum 500 ms.
E, 3524, 19, 2012/11/12, 16:23:13.595, 6729485329708, QTAgent32.exe, AL: Playback Error: Microsoft.VisualStudio.TestTools.UITest.Extension.UITestControlNotFoundException: The playback failed to find the control with the given search properties. Additional Details: 
TechnologyName:  'MSAA'
ControlType:  'Button'
Name:  'Log and Clear'
 ---&gt; System.Runtime.InteropServices.COMException: Error HRESULT E_FAIL has been returned from a call to a COM component.
   at Microsoft.VisualStudio.TestTools.UITest.Playback.Engine.IScreenElement.FindAllDescendants(String bstrQueryId, Object&amp; pvarResKeys, Int32 cResKeys, Int32 nMaxDepth)
   at Microsoft.VisualStudio.TestTools.UITest.Playback.ScreenElement.FindAllScreenElement(String queryId, Int32 depth, Boolean singleQueryId, Boolean throwException)
   at Microsoft.VisualStudio.TestTools.UITest.Playback.ScreenElement.FindScreenElement(String queryId, Int32 depth)
   at Microsoft.VisualStudio.TestTools.UITesting.UITestControl.FindFirstDescendant(String queryId, Int32 maxDepth, Int32&amp; timeLeft)
   --- End of inner exception stack trace ---
   at Microsoft.VisualStudio.TestTools.UITesting.Playback.MapControlNotFoundException(COMException ex, IPlaybackContext context)
   at Microsoft.VisualStudio.TestTools.UITesting.Playback.MapAndThrowComException(COMException innerException, IPlaybackContext context)
   at Microsoft.VisualStudio.TestTools.UITesting.Playback.MapAndThrowException(SystemException exception, IPlaybackContext context)
   at Microsoft.VisualStudio.TestTools.UITesting.Playback.MapAndThrowException(SystemException exception, String queryId)
   at Microsoft.VisualStudio.TestTools.UITesting.UITestControl.FindFirstDescendant(String queryId, Int32 maxDepth, Int32&amp; timeLeft)
   at Microsoft.VisualStudio.TestTools.UITesting.SearchHelper.GetElement(Boolean useCache, ISearchArgument searchArg)
   at Microsoft.VisualStudio.TestTools.UITesting.SearchHelper.Search(ISearchArgument searchArg)
   at Microsoft.VisualStudio.TestTools.UITesting.UITestControl.FindInternal()
   at Microsoft.VisualStudio.TestTools.UITesting.UITestControl.FindControlIfNecessary()
   at Microsoft.VisualStudio.TestTools.UITesting.UITestControl.Click(MouseButtons button, ModifierKeys modifierKeys, Point relativeCoordinates)
   at Microsoft.VisualStudio.TestTools.UITesting.Mouse.ClickImplementation(UITestControl control, MouseButtons button, ModifierKeys modifierKeys, Point relativeCoordinate)
   at Microsoft.VisualStudio.TestTools.UITesting.Mouse.ClickImplementationWrapper(UITestControl control, MouseButtons button, ModifierKeys modifierKeys, Point relativeCoordinate)
W, 3524, 19, 2012/11/12, 16:23:13.595, 6729485331484, QTAgent32.exe, PlaybackErrorHandler: Ignoring exception as ContinueOnError is set.
W, 3524, 19, 2012/11/12, 16:23:13.876, 6729489362014, QTAgent32.exe, Playback - [WARNING] Internal warning: Window Not Found: [VisibleOnly]ControlType='Window' &amp;&amp; Name='insur-E.tam' &amp;&amp; ClassName='#32770'
\0
E, 3524, 19, 2012/11/12, 16:23:13.876, 6729489364807, QTAgent32.exe, &lt;a class=failure&gt;Playback - {169} [FAILED] Function ElementFetcher::FindScreenElement failed to locate UI element (Searching: ;[VisibleOnly]ControlType='Window' &amp;&amp; Name='insur-E.tam' &amp;&amp; ClassName='#32770') (The object specified was not found.)
\0&lt;/a&gt;
E, 3524, 19, 2012/11/12, 16:23:13.954, 6729490653996, QTAgent32.exe, Playback - [IMAGE] C:\Users\peter.zenin-ad\AppData\Local\Temp\UITestLogs\LastRun\RPF3135.png
\0
W, 3524, 19, 2012/11/12, 16:23:13.954, 6729490656073, QTAgent32.exe, Playback - [WARNING] Internal warning: Couldn't find descendants that match QueryId
\0
W, 3524, 19, 2012/11/12, 16:23:32.036, 6729749362421, QTAgent32.exe, Playback - [WARNING] Internal warning: Window Not Found: [VisibleOnly]ControlType='Window' &amp;&amp; Name='insur-E.tam' &amp;&amp; ClassName='#32770'
\0
E, 3524, 19, 2012/11/12, 16:23:32.036, 6729749365065, QTAgent32.exe, &lt;a class=failure&gt;Playback - {170} [FAILED] Function ElementFetcher::FindScreenElement failed to locate UI element (Searching: ;[VisibleOnly]ControlType='Window' &amp;&amp; Name='insur-E.tam' &amp;&amp; ClassName='#32770') (The object specified was not found.)
\0&lt;/a&gt;
E, 3524, 19, 2012/11/12, 16:23:32.114, 6729750673186, QTAgent32.exe, Playback - [IMAGE] C:\Users\peter.zenin-ad\AppData\Local\Temp\UITestLogs\LastRun\RPF7825.png
\0
W, 3524, 19, 2012/11/12, 16:23:32.130, 6729750676507, QTAgent32.exe, Playback - [WARNING] Internal warning: Couldn't find descendants that match QueryId
\0
W, 3524, 19, 2012/11/12, 16:23:32.130, 6729750679594, QTAgent32.exe, PERF WARNING: FindTopLevelWindowHelper::FindAllDescendents: took 18159 ms. Expected it to take maximum 500 ms.
W, 3524, 19, 2012/11/12, 16:23:32.629, 6729757944357, QTAgent32.exe, Playback - [WARNING] Internal warning: Smart Match failed
\0
W, 3524, 19, 2012/11/12, 16:23:32.816, 6729760624635, QTAgent32.exe, Playback - [WARNING] Internal warning: Smart Match failed
\0
W, 3524, 19, 2012/11/12, 16:23:33.003, 6729763305348, QTAgent32.exe, Playback - [WARNING] Internal warning: Smart Match failed
\0
W, 3524, 19, 2012/11/12, 16:23:33.190, 6729765986299, QTAgent32.exe, Playback - [WARNING] Internal warning: Smart Match failed
\0
W, 3524, 19, 2012/11/12, 16:23:33.378, 6729768668957, QTAgent32.exe, Playback - [WARNING] Internal warning: Smart Match failed
\0
W, 3524, 19, 2012/11/12, 16:23:33.565, 6729771346170, QTAgent32.exe, Playback - [WARNING] Internal warning: Smart Match failed
\0
W, 3524, 19, 2012/11/12, 16:23:33.752, 6729774027430, QTAgent32.exe, Playback - [WARNING] Internal warning: Smart Match failed
\0
W, 3524, 19, 2012/11/12, 16:23:33.939, 6729776709574, QTAgent32.exe, Playback - [WARNING] Internal warning: Smart Match failed
\0
W, 3524, 19, 2012/11/12, 16:23:34.126, 6729779391316, QTAgent32.exe, Playback - [WARNING] Internal warning: Smart Match failed
\0
W, 3524, 19, 2012/11/12, 16:23:34.314, 6729782071341, QTAgent32.exe, Playback - [WARNING] Internal warning: Smart Match failed
\0
W, 3524, 19, 2012/11/12, 16:23:34.501, 6729784752403, QTAgent32.exe, Playback - [WARNING] Internal warning: Smart Match failed
\0
W, 3524, 19, 2012/11/12, 16:23:34.688, 6729787430560, QTAgent32.exe, Playback - [WARNING] Internal warning: Smart Match failed
\0
W, 3524, 19, 2012/11/12, 16:23:34.875, 6729790109690, QTAgent32.exe, Playback - [WARNING] Internal warning: Smart Match failed
\0
W, 3524, 19, 2012/11/12, 16:23:35.063, 6729792797735, QTAgent32.exe, Playback - [WARNING] Internal warning: Smart Match failed
\0
W, 3524, 19, 2012/11/12, 16:23:35.141, 6729794004114, QTAgent32.exe, Playback - [WARNING] Internal warning: Window Not Found: [VisibleOnly]ControlType='Window' &amp;&amp; Name='insur-E.tam' &amp;&amp; ClassName='#32770'
\0
E, 3524, 19, 2012/11/12, 16:23:35.156, 6729794006601, QTAgent32.exe, &lt;a class=failure&gt;Playback - {171} [FAILED] Function ElementFetcher::FindScreenElement failed to locate UI element (Searching: ;[VisibleOnly]ControlType='Window' &amp;&amp; Name='insur-E.tam' &amp;&amp; ClassName='#32770') (The object specified was not found.)
\0&lt;/a&gt;
E, 3524, 19, 2012/11/12, 16:23:35.234, 6729795300238, QTAgent32.exe, Playback - [IMAGE] C:\Users\peter.zenin-ad\AppData\Local\Temp\UITestLogs\LastRun\RPF8456.png
\0
W, 3524, 19, 2012/11/12, 16:23:35.234, 6729795302442, QTAgent32.exe, Playback - [WARNING] Internal warning: Couldn't find descendants that match QueryId
\0
W, 3524, 19, 2012/11/12, 16:23:35.234, 6729795305414, QTAgent32.exe, PERF WARNING: FindTopLevelWindowHelper::FindAllDescendents: took 3116 ms. Expected it to take maximum 500 ms.
E, 3524, 19, 2012/11/12, 16:23:35.234, 6729795307222, QTAgent32.exe, Exception: System.Runtime.InteropServices.COMException
	Message: Error HRESULT E_FAIL has been returned from a call to a COM component.
	Stack Trace:    at Microsoft.VisualStudio.TestTools.UITest.Playback.Engine.IRPFPlayback.FindAllScreenElements(IScreenElement pScreenElementStart, String bstrQueryId, Object&amp; pvarResKeys, Int32 cResKeys, Int32 nMaxDepth, Object[]&amp; foundDescendants)
   at Microsoft.VisualStudio.TestTools.UITest.Playback.ScreenElement.FindTopLevelWindowHelper(String queryId)
	BaseExceptionMessage: Error HRESULT E_FAIL has been returned from a call to a COM component.

E, 3524, 19, 2012/11/12, 16:23:35.234, 6729795311112, QTAgent32.exe, GetClassName for handle 6555138 failed
E, 3524, 19, 2012/11/12, 16:23:35.234, 6729795320410, QTAgent32.exe, Window 6555138 not responding. Last Win32 error 1400
E, 3524, 19, 2012/11/12, 16:23:35.234, 6729795321602, QTAgent32.exe, GetClassName for handle 6555138 failed
E, 3524, 19, 2012/11/12, 16:23:35.234, 6729795322383, QTAgent32.exe, GetClassName for handle 6555138 failed
E, 3524, 19, 2012/11/12, 16:23:35.234, 6729795327527, QTAgent32.exe, GetClassName for handle 8324704 failed
E, 3524, 19, 2012/11/12, 16:23:35.234, 6729795334373, QTAgent32.exe, Exception: System.Runtime.InteropServices.COMException
	Message: Error HRESULT E_FAIL has been returned from a call to a COM component.
	Stack Trace:    at Accessibility.IAccessible.get_accState(Object varChild)
   at Microsoft.VisualStudio.TestTools.UITest.Extension.Msaa.AccWrapper.get_State()
	BaseExceptionMessage: Error HRESULT E_FAIL has been returned from a call to a COM component.

E, 3524, 19, 2012/11/12, 16:23:35.234, 6729795338641, QTAgent32.exe, Exception: System.Runtime.InteropServices.COMException
	Message: Error HRESULT E_FAIL has been returned from a call to a COM component.
	Stack Trace:    at Accessibility.IAccessible.get_accState(Object varChild)
   at Microsoft.VisualStudio.TestTools.UITest.Extension.Msaa.AccWrapper.get_State()
	BaseExceptionMessage: Error HRESULT E_FAIL has been returned from a call to a COM component.

E, 3524, 19, 2012/11/12, 16:23:35.234, 6729795342844, QTAgent32.exe, Exception: System.Runtime.InteropServices.COMException
	Message: Error HRESULT E_FAIL has been returned from a call to a COM component.
	Stack Trace:    at Accessibility.IAccessible.get_accState(Object varChild)
   at Microsoft.VisualStudio.TestTools.UITest.Extension.Msaa.AccWrapper.get_State()
	BaseExceptionMessage: Error HRESULT E_FAIL has been returned from a call to a COM component.

E, 3524, 19, 2012/11/12, 16:23:35.250, 6729795347310, QTAgent32.exe, Exception: System.Runtime.InteropServices.COMException
	Message: Error HRESULT E_FAIL has been returned from a call to a COM component.
	Stack Trace:    at Accessibility.IAccessible.get_accState(Object varChild)
   at Microsoft.VisualStudio.TestTools.UITest.Extension.Msaa.AccWrapper.get_State()
	BaseExceptionMessage: Error HRESULT E_FAIL has been returned from a call to a COM component.

E, 3524, 19, 2012/11/12, 16:23:35.250, 6729795351567, QTAgent32.exe, Exception: System.Runtime.InteropServices.COMException
	Message: Error HRESULT E_FAIL has been returned from a call to a COM component.
	Stack Trace:    at Accessibility.IAccessible.get_accState(Object varChild)
   at Microsoft.VisualStudio.TestTools.UITest.Extension.Msaa.AccWrapper.get_State()
	BaseExceptionMessage: Error HRESULT E_FAIL has been returned from a call to a COM component.

E, 3524, 19, 2012/11/12, 16:23:35.250, 6729795355796, QTAgent32.exe, Exception: System.Runtime.InteropServices.COMException
	Message: Error HRESULT E_FAIL has been returned from a call to a COM component.
	Stack Trace:    at Accessibility.IAccessible.get_accState(Object varChild)
   at Microsoft.VisualStudio.TestTools.UITest.Extension.Msaa.AccWrapper.get_State()
	BaseExceptionMessage: Error HRESULT E_FAIL has been returned from a call to a COM component.

E, 3524, 19, 2012/11/12, 16:23:35.250, 6729795360055, QTAgent32.exe, Exception: System.Runtime.InteropServices.COMException
	Message: Error HRESULT E_FAIL has been returned from a call to a COM component.
	Stack Trace:    at Accessibility.IAccessible.get_accState(Object varChild)
   at Microsoft.VisualStudio.TestTools.UITest.Extension.Msaa.AccWrapper.get_State()
	BaseExceptionMessage: Error HRESULT E_FAIL has been returned from a call to a COM component.

W, 3524, 19, 2012/11/12, 16:23:35.437, 6729798209248, QTAgent32.exe, PERF WARNING: MSAA.UpdateQueryIDForNamelessControls: took 201 ms. Expected it to take maximum 200 ms.
W, 3524, 19, 2012/11/12, 16:23:35.437, 6729798213113, QTAgent32.exe, Msaa.Navigate: Exception [Error HRESULT E_FAIL has been returned from a call to a COM component.] while calling accNavigate.
E, 3524, 19, 2012/11/12, 16:23:35.437, 6729798214491, QTAgent32.exe, GetClassName for handle 8324704 failed
E, 3524, 19, 2012/11/12, 16:23:35.437, 6729798224365, QTAgent32.exe, GetClassName for handle 8324704 failed
E, 3524, 19, 2012/11/12, 16:23:35.437, 6729798226510, QTAgent32.exe, Window 8324704 not responding. Last Win32 error 1400
E, 3524, 19, 2012/11/12, 16:23:35.437, 6729798227509, QTAgent32.exe, GetClassName for handle 6555138 failed
E, 3524, 19, 2012/11/12, 16:23:35.437, 6729798228327, QTAgent32.exe, GetClassName for handle 8324704 failed
E, 3524, 19, 2012/11/12, 16:23:35.437, 6729798229033, QTAgent32.exe, GetClassName for handle 8324704 failed
E, 3524, 19, 2012/11/12, 16:23:35.546, 6729799597783, QTAgent32.exe, AL: Playback Error: Microsoft.VisualStudio.TestTools.UITest.Extension.UITestControlNotAvailableException: The control is not available or not valid. Additional Details: 
TechnologyName:  'MSAA'
ControlType:  'Button'
 ---&gt; Microsoft.VisualStudio.TestTools.UITest.Extension.UITestControlNotAvailableException: The control is not available or not valid. Additional Details: 
TechnologyName:  'MSAA'
ControlType:  'Window'
 ---&gt; System.Runtime.InteropServices.COMException: Error HRESULT E_FAIL has been returned from a call to a COM component.
   at Microsoft.VisualStudio.TestTools.UITest.Playback.Engine.IRPFPlayback.FindAllScreenElements(IScreenElement pScreenElementStart, String bstrQueryId, Object&amp; pvarResKeys, Int32 cResKeys, Int32 nMaxDepth, Object[]&amp; foundDescendants)
   at Microsoft.VisualStudio.TestTools.UITest.Playback.ScreenElement.FindTopLevelWindowHelper(String queryId)
   at Microsoft.VisualStudio.TestTools.UITest.Playback.ScreenElement.FindFromPartialQueryId(String queryId)
   at Microsoft.VisualStudio.TestTools.UITesting.UITestControl.EnsureValid(Boolean waitForReady, Boolean refetch)
   --- End of inner exception stack trace ---
   at Microsoft.VisualStudio.TestTools.UITesting.UITestControl.EnsureValid(Boolean waitForReady, Boolean refetch)
   at Microsoft.VisualStudio.TestTools.UITesting.UITestControl.FindFirstDescendant(String queryId, Int32 maxDepth, Int32&amp; timeLeft)
   at Microsoft.VisualStudio.TestTools.UITesting.UITestControl.FindFirstDescendant(String queryId)
   at Microsoft.VisualStudio.TestTools.UITesting.UITestControl.EnsureValid(Boolean waitForReady, Boolean refetch)
   --- End of inner exception stack trace ---
   at Microsoft.VisualStudio.TestTools.UITesting.UITestControl.EnsureValid(Boolean waitForReady, Boolean refetch)
   at Microsoft.VisualStudio.TestTools.UITesting.UITestControl.Click(MouseButtons button, ModifierKeys modifierKeys, Point relativeCoordinates)
   at Microsoft.VisualStudio.TestTools.UITesting.Mouse.ClickImplementation(UITestControl control, MouseButtons button, ModifierKeys modifierKeys, Point relativeCoordinate)
   at Microsoft.VisualStudio.TestTools.UITesting.Mouse.ClickImplementationWrapper(UITestControl control, MouseButtons button, ModifierKeys modifierKeys, Point relativeCoordinate)
W, 3524, 19, 2012/11/12, 16:23:35.546, 6729799599698, QTAgent32.exe, PlaybackErrorHandler: Ignoring exception as ContinueOnError is set.
W, 3524, 19, 2012/11/12, 16:23:35.889, 6729804622539, QTAgent32.exe, &lt;a class=success&gt;Playback - {172} [SUCCESS] MouseButtonClick - "[MSAA, VisibleOnly]ControlType='Button' &amp;&amp; Name='Filter...'"
\0&lt;/a&gt;
W, 3524, 19, 2012/11/12, 16:23:36.139, 6729808083125, QTAgent32.exe, &lt;a class=success&gt;Playback - {173} [SUCCESS] SendKeys "^{HOME}" - "[MSAA, VisibleOnly]ControlType='Edit'"
\0&lt;/a&gt;
E, 3524, 19, 2012/11/12, 16:23:36.139, 6729808086110, QTAgent32.exe, Msaa.GetFocusedElement: could not find accessible object of foreground window
W, 3524, 19, 2012/11/12, 16:23:36.217, 6729809199955, QTAgent32.exe, &lt;a class=success&gt;Playback - {174} [SUCCESS] SendKeys "^+{END}" - "[MSAA, VisibleOnly]ControlType='Edit'"
\0&lt;/a&gt;
E, 3524, 19, 2012/11/12, 16:23:36.217, 6729809202840, QTAgent32.exe, Msaa.GetFocusedElement: could not find accessible object of foreground window
W, 3524, 19, 2012/11/12, 16:23:36.233, 6729809422020, QTAgent32.exe, &lt;a class=success&gt;Playback - {175} [SUCCESS] SendKeys "{DELETE}" - "[MSAA, VisibleOnly]ControlType='Edit'"
\0&lt;/a&gt;
W, 3524, 19, 2012/11/12, 16:23:36.560, 6729814117089, QTAgent32.exe, &lt;a class=success&gt;Playback - {176} [SUCCESS] SetValueAsEditBox "19/11/12" - "[MSAA, VisibleOnly]ControlType='Edit'"  &lt; Set via SendKeys &gt;
\0&lt;/a&gt;
W, 3524, 19, 2012/11/12, 16:23:36.810, 6729817686001, QTAgent32.exe, &lt;a class=success&gt;Playback - {177} [SUCCESS] SendKeys "^{HOME}" - "[MSAA, VisibleOnly]ControlType='Edit'"
\0&lt;/a&gt;
E, 3524, 19, 2012/11/12, 16:23:36.810, 6729817688632, QTAgent32.exe, Msaa.GetFocusedElement: could not find accessible object of foreground window
W, 3524, 19, 2012/11/12, 16:23:36.888, 6729818803808, QTAgent32.exe, &lt;a class=success&gt;Playback - {178} [SUCCESS] SendKeys "^+{END}" - "[MSAA, VisibleOnly]ControlType='Edit'"
\0&lt;/a&gt;
E, 3524, 19, 2012/11/12, 16:23:36.888, 6729818805862, QTAgent32.exe, Msaa.GetFocusedElement: could not find accessible object of foreground window
W, 3524, 19, 2012/11/12, 16:23:36.903, 6729819026876, QTAgent32.exe, &lt;a class=success&gt;Playback - {179} [SUCCESS] SendKeys "{DELETE}" - "[MSAA, VisibleOnly]ControlType='Edit'"
\0&lt;/a&gt;
W, 3524, 19, 2012/11/12, 16:23:37.262, 6729824167509, QTAgent32.exe, &lt;a class=success&gt;Playback - {180} [SUCCESS] SetValueAsEditBox "19/11/12" - "[MSAA, VisibleOnly]ControlType='Edit'"  &lt; Set via SendKeys &gt;
\0&lt;/a&gt;
W, 3524, 19, 2012/11/12, 16:23:37.902, 6729833453194, QTAgent32.exe, Playback - [WARNING] Internal warning: Incorrect flag set for InvokeProgrammaticAction\0
W, 3524, 19, 2012/11/12, 16:23:38.230, 6729838025045, QTAgent32.exe, &lt;a class=success&gt;Playback - {181} [SUCCESS] SetValueAsComboBox "Household" - "[MSAA, VisibleOnly]ControlType='ComboBox'"  &lt; SetValueAsComboBox, set by clicking on the item in the list box &gt;
\0&lt;/a&gt;
W, 3524, 19, 2012/11/12, 16:23:38.651, 6729844115565, QTAgent32.exe, &lt;a class=success&gt;Playback - {182} [SUCCESS] MouseButtonClick - "[MSAA, VisibleOnly]ControlType='Button' &amp;&amp; Name='Ok'"
\0&lt;/a&gt;
W, 3524, 19, 2012/11/12, 16:23:39.088, 6729850307578, QTAgent32.exe, &lt;a class=success&gt;Playback - {183} [SUCCESS] MouseButtonClick - "[MSAA, VisibleOnly]ControlType='Client'"
\0&lt;/a&gt;
W, 3524, 19, 2012/11/12, 16:23:39.306, 6729853428118, QTAgent32.exe, &lt;a class=success&gt;Playback - {184} [SUCCESS] SendKeys "{End}" - "[MSAA, VisibleOnly]ControlType='Client'"
\0&lt;/a&gt;
W, 3524, 19, 2012/11/12, 16:23:39.758, 6729860097806, QTAgent32.exe, &lt;a class=success&gt;Playback - {185} [SUCCESS] MouseButtonClick - "[MSAA, VisibleOnly]ControlType='Button' &amp;&amp; Name='Display Record...'"
\0&lt;/a&gt;
W, 3524, 19, 2012/11/12, 16:23:40.164, 6729865765064, QTAgent32.exe, Playback - [WARNING] Internal warning: Window Not Found: [VisibleOnly]ControlType='Window' &amp;&amp; Name='AUTO225-1001' &amp;&amp; ClassName='ThunderRT6FormDC'
\0
E, 3524, 19, 2012/11/12, 16:23:40.164, 6729865767823, QTAgent32.exe, &lt;a class=failure&gt;Playback - {186} [FAILED] Function ElementFetcher::FindScreenElement failed to locate UI element (Searching: ;[VisibleOnly]ControlType='Window' &amp;&amp; Name='AUTO225-1001' &amp;&amp; ClassName='ThunderRT6FormDC') (The object specified was not found.)
\0&lt;/a&gt;
E, 3524, 19, 2012/11/12, 16:23:40.242, 6729867031225, QTAgent32.exe, Playback - [IMAGE] C:\Users\peter.zenin-ad\AppData\Local\Temp\UITestLogs\LastRun\RPF97E7.png
\0
W, 3524, 19, 2012/11/12, 16:23:40.242, 6729867033524, QTAgent32.exe, Playback - [WARNING] Internal warning: Couldn't find descendants that match QueryId
\0
W, 3524, 19, 2012/11/12, 16:23:58.324, 6730125770828, QTAgent32.exe, Playback - [WARNING] Internal warning: Window Not Found: [VisibleOnly]ControlType='Window' &amp;&amp; Name='AUTO225-1001' &amp;&amp; ClassName='ThunderRT6FormDC'
\0
E, 3524, 19, 2012/11/12, 16:23:58.324, 6730125773577, QTAgent32.exe, &lt;a class=failure&gt;Playback - {187} [FAILED] Function ElementFetcher::FindScreenElement failed to locate UI element (Searching: ;[VisibleOnly]ControlType='Window' &amp;&amp; Name='AUTO225-1001' &amp;&amp; ClassName='ThunderRT6FormDC') (The object specified was not found.)
\0&lt;/a&gt;
E, 3524, 19, 2012/11/12, 16:23:58.418, 6730127046319, QTAgent32.exe, Playback - [IMAGE] C:\Users\peter.zenin-ad\AppData\Local\Temp\UITestLogs\LastRun\RPFDED6.png
\0
W, 3524, 19, 2012/11/12, 16:23:58.418, 6730127048551, QTAgent32.exe, Playback - [WARNING] Internal warning: Couldn't find descendants that match QueryId
\0
W, 3524, 19, 2012/11/12, 16:23:58.418, 6730127051536, QTAgent32.exe, PERF WARNING: FindTopLevelWindowHelper::FindAllDescendents: took 18159 ms. Expected it to take maximum 500 ms.
W, 3524, 19, 2012/11/12, 16:23:59.010, 6730135650035, QTAgent32.exe, Playback - [WARNING] Internal warning: Window with Class "ThunderRT6FormDC" and Title "AUTO225-1001" was not found, so similar window with Class "ThunderRT6FormDC" and Title "AUTO162-1001" was accepted
\0
W, 3524, 19, 2012/11/12, 16:23:59.010, 6730135654048, QTAgent32.exe, PERF WARNING: FindTopLevelWindowHelper::FindAllDescendents: took 600 ms. Expected it to take maximum 500 ms.
W, 3524, 19, 2012/11/12, 16:23:59.338, 6730140273124, QTAgent32.exe, &lt;a class=success&gt;Playback - {188} [SUCCESS] MouseButtonClick - "[MSAA, VisibleOnly]ControlType='Button' &amp;&amp; Name='Amend Risk...'"
\0&lt;/a&gt;
W, 3524, 19, 2012/11/12, 16:24:01.507, 6730171482939, QTAgent32.exe, PERF WARNING: FindTopLevelWindowHelper::FindAllDescendents: took 2061 ms. Expected it to take maximum 500 ms.
W, 3524, 19, 2012/11/12, 16:24:01.803, 6730175516518, QTAgent32.exe, &lt;a class=success&gt;Playback - {189} [SUCCESS] SendKeys "^{HOME}" - "[MSAA, VisibleOnly]ControlType='Edit'"
\0&lt;/a&gt;
E, 3524, 19, 2012/11/12, 16:24:01.803, 6730175519192, QTAgent32.exe, Msaa.GetFocusedElement: could not find accessible object of foreground window
W, 3524, 19, 2012/11/12, 16:24:01.897, 6730176857475, QTAgent32.exe, &lt;a class=success&gt;Playback - {190} [SUCCESS] SendKeys "^+{END}" - "[MSAA, VisibleOnly]ControlType='Edit'"
\0&lt;/a&gt;
E, 3524, 19, 2012/11/12, 16:24:01.897, 6730176860413, QTAgent32.exe, Msaa.GetFocusedElement: could not find accessible object of foreground window
W, 3524, 19, 2012/11/12, 16:24:01.912, 6730177080281, QTAgent32.exe, &lt;a class=success&gt;Playback - {191} [SUCCESS] SendKeys "{DELETE}" - "[MSAA, VisibleOnly]ControlType='Edit'"
\0&lt;/a&gt;
W, 3524, 19, 2012/11/12, 16:24:02.209, 6730181327970, QTAgent32.exe, &lt;a class=success&gt;Playback - {192} [SUCCESS] SetValueAsEditBox "TestNew" - "[MSAA, VisibleOnly]ControlType='Edit'"  &lt; Set via SendKeys &gt;
\0&lt;/a&gt;
W, 3524, 19, 2012/11/12, 16:24:02.833, 6730190396021, QTAgent32.exe, &lt;a class=success&gt;Playback - {193} [SUCCESS] MouseButtonClick - "[MSAA, VisibleOnly]ControlType='Button' &amp;&amp; Name='Next &gt;'"
\0&lt;/a&gt;
W, 3524, 19, 2012/11/12, 16:24:03.082, 6730193947744, QTAgent32.exe, &lt;a class=success&gt;Playback - {194} [SUCCESS] MouseButtonClick - "[MSAA, VisibleOnly]ControlType='Button' &amp;&amp; Name='Next &gt;'"
\0&lt;/a&gt;
W, 3524, 19, 2012/11/12, 16:24:03.301, 6730197105301, QTAgent32.exe, &lt;a class=success&gt;Playback - {195} [SUCCESS] MouseButtonClick - "[MSAA, VisibleOnly]ControlType='Button' &amp;&amp; Name='Next &gt;'"
\0&lt;/a&gt;
W, 3524, 19, 2012/11/12, 16:24:03.519, 6730200286716, QTAgent32.exe, &lt;a class=success&gt;Playback - {196} [SUCCESS] MouseButtonClick - "[MSAA, VisibleOnly]ControlType='Button' &amp;&amp; Name='Next &gt;'"
\0&lt;/a&gt;
W, 3524, 19, 2012/11/12, 16:24:03.738, 6730203383300, QTAgent32.exe, &lt;a class=success&gt;Playback - {197} [SUCCESS] MouseButtonClick - "[MSAA, VisibleOnly]ControlType='Button' &amp;&amp; Name='Next &gt;'"
\0&lt;/a&gt;
W, 3524, 19, 2012/11/12, 16:24:03.956, 6730206531241, QTAgent32.exe, &lt;a class=success&gt;Playback - {198} [SUCCESS] MouseButtonClick - "[MSAA, VisibleOnly]ControlType='Button' &amp;&amp; Name='Next &gt;'"
\0&lt;/a&gt;
W, 3524, 19, 2012/11/12, 16:24:04.190, 6730209757955, QTAgent32.exe, &lt;a class=success&gt;Playback - {199} [SUCCESS] MouseButtonClick - "[MSAA, VisibleOnly]ControlType='Button' &amp;&amp; Name='Next &gt;'"
\0&lt;/a&gt;
W, 3524, 19, 2012/11/12, 16:24:04.518, 6730214491579, QTAgent32.exe, &lt;a class=success&gt;Playback - {200} [SUCCESS] MouseButtonClick - "[MSAA, VisibleOnly]ControlType='Button' &amp;&amp; Name='Quote'"
\0&lt;/a&gt;
W, 3524, 19, 2012/11/12, 16:24:05.079, 6730222472933, QTAgent32.exe, &lt;a class=success&gt;Playback - {201} [SUCCESS] MouseButtonClick - "[MSAA, VisibleOnly]ControlType='Button' &amp;&amp; Name='Proceed'"
\0&lt;/a&gt;
W, 3524, 19, 2012/11/12, 16:24:14.768, 6730361228963, QTAgent32.exe, PERF WARNING: FindTopLevelWindowHelper::FindAllDescendents: took 9584 ms. Expected it to take maximum 500 ms.
W, 3524, 19, 2012/11/12, 16:24:15.095, 6730365826459, QTAgent32.exe, &lt;a class=success&gt;Playback - {202} [SUCCESS] MouseButtonClick - "[MSAA, VisibleOnly]ControlType='Client'"
\0&lt;/a&gt;
W, 3524, 19, 2012/11/12, 16:24:15.626, 6730373517207, QTAgent32.exe, &lt;a class=success&gt;Playback - {203} [SUCCESS] SendKeys "{Home}" - "[MSAA, VisibleOnly]ControlType='Client'"
\0&lt;/a&gt;
W, 3524, 19, 2012/11/12, 16:24:17.529, 6730400776697, QTAgent32.exe, PERF WARNING: CacheQueryId: took 700 ms. Expected it to take maximum 100 ms.
W, 3524, 19, 2012/11/12, 16:24:18.153, 6730409629298, QTAgent32.exe, PERF WARNING: CacheQueryId: took 611 ms. Expected it to take maximum 100 ms.
W, 3524, 19, 2012/11/12, 16:24:18.668, 6730417088510, QTAgent32.exe, AL : Mouse click on disabled control: button=Left, modifiers=None, relativeCoordinates={X=36,Y=18}
W, 3524, 19, 2012/11/12, 16:24:19.339, 6730426576526, QTAgent32.exe, &lt;a class=success&gt;Playback - {204} [SUCCESS] MouseButtonClick - "[MSAA, VisibleOnly]ControlType='Button' &amp;&amp; Name='Renew Policy'"
\0&lt;/a&gt;
W, 3524, 19, 2012/11/12, 16:24:23.582, 6730487344414, QTAgent32.exe, PERF WARNING: FindTopLevelWindowHelper::FindAllDescendents: took 4134 ms. Expected it to take maximum 500 ms.
W, 3524, 19, 2012/11/12, 16:24:23.925, 6730492448952, QTAgent32.exe, &lt;a class=success&gt;Playback - {205} [SUCCESS] MouseButtonClick - "[MSAA, VisibleOnly]ControlType='Button' &amp;&amp; Name='Yes'"
\0&lt;/a&gt;
W, 3524, 19, 2012/11/12, 16:24:32.147, 6730610007619, QTAgent32.exe, PERF WARNING: FindTopLevelWindowHelper::FindAllDescendents: took 8115 ms. Expected it to take maximum 500 ms.
W, 3524, 19, 2012/11/12, 16:24:34.019, 6730636847179, QTAgent32.exe, &lt;a class=success&gt;Playback - {206} [SUCCESS] MouseButtonClick - "[MSAA, VisibleOnly]ControlType='Button' &amp;&amp; Name='Yes'"
\0&lt;/a&gt;
W, 3524, 19, 2012/11/12, 16:24:34.519, 6730643940535, QTAgent32.exe, &lt;a class=success&gt;Playback - {207} [SUCCESS] MouseButtonClick - "[MSAA, VisibleOnly]ControlType='Button' &amp;&amp; Name='Ok'"
\0&lt;/a&gt;
W, 3524, 19, 2012/11/12, 16:24:42.990, 6730765345683, QTAgent32.exe, PERF WARNING: FindTopLevelWindowHelper::FindAllDescendents: took 8371 ms. Expected it to take maximum 500 ms.
W, 3524, 19, 2012/11/12, 16:24:43.333, 6730770116408, QTAgent32.exe, &lt;a class=success&gt;Playback - {208} [SUCCESS] Check - "[MSAA, VisibleOnly]ControlType='CheckBox' &amp;&amp; Name='Defer Printing?'"
\0&lt;/a&gt;
W, 3524, 19, 2012/11/12, 16:24:44.051, 6730780449937, QTAgent32.exe, &lt;a class=success&gt;Playback - {209} [SUCCESS] MouseButtonClick - "[MSAA, VisibleOnly]ControlType='Button' &amp;&amp; Name='Ok'"
\0&lt;/a&gt;
W, 3524, 19, 2012/11/12, 16:24:45.128, 6730795796908, QTAgent32.exe, &lt;a class=success&gt;Playback - {210} [SUCCESS] MouseButtonClick - "[MSAA, VisibleOnly]ControlType='Button' &amp;&amp; Name='OK'"
\0&lt;/a&gt;
W, 3524, 19, 2012/11/12, 16:24:45.284, 6730798033547, QTAgent32.exe, Playback - [WARNING] Internal warning: Thread state based WFR - Requested element has invalid HWND
\0
W, 3524, 19, 2012/11/12, 16:24:45.284, 6730798035430, QTAgent32.exe, Playback - [WARNING] Internal warning: process performance counters based WFR - Requested element has invalid HWND
\0
E, 3524, 19, 2012/11/12, 16:24:45.284, 6730798038617, QTAgent32.exe, EnsureValid called via EnsureValid call for same element
E, 3524, 19, 2012/11/12, 16:24:45.284, 6730798042217, QTAgent32.exe, GetClassName for handle 7865662 failed
E, 3524, 19, 2012/11/12, 16:24:45.284, 6730798044717, QTAgent32.exe, EnsureValid called via EnsureValid call for same element
E, 3524, 19, 2012/11/12, 16:24:45.284, 6730798046266, QTAgent32.exe, EnsureValid called via EnsureValid call for same element
E, 3524, 19, 2012/11/12, 16:24:45.284, 6730798063615, QTAgent32.exe, Window 7865662 not responding. Last Win32 error 0
E, 3524, 19, 2012/11/12, 16:24:45.284, 6730798065841, QTAgent32.exe, GetClassName for handle 7865662 failed
E, 3524, 19, 2012/11/12, 16:24:45.284, 6730798066687, QTAgent32.exe, GetClassName for handle 7865662 failed
W, 3524, 19, 2012/11/12, 16:24:46.968, 6730822178476, QTAgent32.exe, PERF WARNING: FindTopLevelWindowHelper::FindAllDescendents: took 1683 ms. Expected it to take maximum 500 ms.
W, 3524, 19, 2012/11/12, 16:24:47.312, 6730827073435, QTAgent32.exe, &lt;a class=success&gt;Playback - {211} [SUCCESS] Uncheck - "[MSAA, VisibleOnly]ControlType='CheckBox' &amp;&amp; Name='Add Activity'"
\0&lt;/a&gt;
W, 3524, 19, 2012/11/12, 16:24:48.185, 6730839576878, QTAgent32.exe, &lt;a class=success&gt;Playback - {212} [SUCCESS] MouseButtonClick - "[MSAA, VisibleOnly]ControlType='Button' &amp;&amp; Name='Ok'"
\0&lt;/a&gt;
W, 3524, 19, 2012/11/12, 16:24:48.622, 6730846004545, QTAgent32.exe, &lt;a class=success&gt;Playback - {213} [SUCCESS] MouseButtonClick - "[MSAA, VisibleOnly]ControlType='Button' &amp;&amp; Name='Ok'"
\0&lt;/a&gt;
W, 3524, 19, 2012/11/12, 16:24:54.036, 6730923356373, QTAgent32.exe, PERF WARNING: FindTopLevelWindowHelper::FindAllDescendents: took 5185 ms. Expected it to take maximum 500 ms.
W, 3524, 19, 2012/11/12, 16:24:54.473, 6730929595054, QTAgent32.exe, &lt;a class=success&gt;Playback - {214} [SUCCESS] DoSelect - "[MSAA, VisibleOnly]ControlType='List'"
\0&lt;/a&gt;
W, 3524, 19, 2012/11/12, 16:24:56.969, 6730965329290, QTAgent32.exe, &lt;a class=success&gt;Playback - {215} [SUCCESS] MouseButtonClick - "[MSAA, VisibleOnly]ControlType='Button' &amp;&amp; Name='Ok'"
\0&lt;/a&gt;
W, 3524, 19, 2012/11/12, 16:24:59.543, 6731002193024, QTAgent32.exe, &lt;a class=success&gt;Playback - {216} [SUCCESS] MouseButtonClick - "[MSAA, VisibleOnly]ControlType='Button' &amp;&amp; Name='OK'"
\0&lt;/a&gt;
W, 3524, 19, 2012/11/12, 16:25:00.011, 6731009045950, QTAgent32.exe, &lt;a class=success&gt;Playback - {217} [SUCCESS] MouseButtonClick - "[MSAA, VisibleOnly]ControlType='Button' &amp;&amp; Name='Exit'"
\0&lt;/a&gt;
W, 3524, 19, 2012/11/12, 16:25:00.526, 6731016288986, QTAgent32.exe, &lt;a class=success&gt;Playback - {218} [SUCCESS] MouseButtonClick - "[MSAA, VisibleOnly]ControlType='Button' &amp;&amp; Name='Yes'"
\0&lt;/a&gt;
W, 3524, 19, 2012/11/12, 16:25:01.010, 6731023337888, QTAgent32.exe, &lt;a class=success&gt;Playback - {219} [SUCCESS] MouseButtonClick - "[MSAA, VisibleOnly]ControlType='Button' &amp;&amp; Name='Cancel'"
\0&lt;/a&gt;
W, 3524, 19, 2012/11/12, 16:25:01.556, 6731031080244, QTAgent32.exe, &lt;a class=success&gt;Playback - {220} [SUCCESS] MouseButtonClick - "[MSAA, VisibleOnly]ControlType='Button'"
\0&lt;/a&gt;
W, 3524, 19, 2012/11/12, 16:25:02.117, 6731039127514, QTAgent32.exe, &lt;a class=success&gt;Playback - {221} [SUCCESS] MouseButtonClick - "[MSAA, VisibleOnly]ControlType='Button' &amp;&amp; Name='Detail'"
\0&lt;/a&gt;
W, 3524, 19, 2012/11/12, 16:25:02.585, 6731045904254, QTAgent32.exe, &lt;a class=success&gt;Playback - {222} [SUCCESS] MouseButtonClick - "[MSAA, VisibleOnly]ControlType='Button' &amp;&amp; Name='Cancel'"
\0&lt;/a&gt;
W, 3524, 19, 2012/11/12, 16:25:04.239, 6731069420447, QTAgent32.exe, Playback - [WARNING] Internal warning: Element "[MSAA, VisibleOnly]ControlType='Window' &amp;&amp; ControlId='32770'" was not found, so all intermediate elements were ignored. To improve performance replace this element Id with another Id or exclude it from QueryId. If this element is the target element, replace or remove intermediate elements
\0
W, 3524, 19, 2012/11/12, 16:25:04.785, 6731077236937, QTAgent32.exe, PERF WARNING: FindAllDescendents: took 2088 ms. Expected it to take maximum 500 ms.
W, 3524, 19, 2012/11/12, 16:25:05.128, 6731082303808, QTAgent32.exe, &lt;a class=success&gt;Playback - {223} [SUCCESS] MouseButtonClick - "[MSAA, VisibleOnly]ControlType='Button' &amp;&amp; Name='Cancel'"
\0&lt;/a&gt;
W, 3524, 19, 2012/11/12, 16:25:06.782, 6731105828897, QTAgent32.exe, Playback - [WARNING] Internal warning: Element "[MSAA, VisibleOnly]ControlType='Window' &amp;&amp; ControlId='32769'" was not found, so all intermediate elements were ignored. To improve performance replace this element Id with another Id or exclude it from QueryId. If this element is the target element, replace or remove intermediate elements
\0
W, 3524, 19, 2012/11/12, 16:25:07.312, 6731113511109, QTAgent32.exe, PERF WARNING: FindAllDescendents: took 2080 ms. Expected it to take maximum 500 ms.
W, 3524, 19, 2012/11/12, 16:25:07.640, 6731118117888, QTAgent32.exe, &lt;a class=success&gt;Playback - {224} [SUCCESS] MouseButtonClick - "[MSAA, VisibleOnly]ControlType='Button' &amp;&amp; Name='Cancel'"
\0&lt;/a&gt;
W, 3524, 19, 2012/11/12, 16:25:08.030, 6731123895516, QTAgent32.exe, Playback - [WARNING] Internal warning: Window Not Found: [VisibleOnly]ControlType='Window' &amp;&amp; Name='Customer: txt1 tdsfs' &amp;&amp; ClassName='ThunderRT6MDIForm'
\0
E, 3524, 19, 2012/11/12, 16:25:08.030, 6731123898311, QTAgent32.exe, &lt;a class=failure&gt;Playback - {225} [FAILED] Function ElementFetcher::FindScreenElement failed to locate UI element (Searching: ;[VisibleOnly]ControlType='Window' &amp;&amp; Name='Customer: txt1 tdsfs' &amp;&amp; ClassName='ThunderRT6MDIForm') (The object specified was not found.)
\0&lt;/a&gt;
E, 3524, 19, 2012/11/12, 16:25:08.170, 6731125836250, QTAgent32.exe, Playback - [IMAGE] C:\Users\peter.zenin-ad\AppData\Local\Temp\UITestLogs\LastRun\RPFEF1C.png
\0
W, 3524, 19, 2012/11/12, 16:25:08.170, 6731125838473, QTAgent32.exe, Playback - [WARNING] Internal warning: Couldn't find descendants that match QueryId
\0
W, 3524, 19, 2012/11/12, 16:25:08.311, 6731127762541, QTAgent32.exe, Playback - [WARNING] Internal warning: Window Not Found: [VisibleOnly]ControlType='Window' &amp;&amp; Name='Customer: txt1 tdsfs' &amp;&amp; ClassName='ThunderRT6MDIForm'
\0
E, 3524, 19, 2012/11/12, 16:25:08.311, 6731127765410, QTAgent32.exe, &lt;a class=failure&gt;Playback - {226} [FAILED] Function ElementFetcher::FindScreenElement failed to locate UI element (Searching: ;[VisibleOnly]ControlType='Window' &amp;&amp; Name='Customer: txt1 tdsfs' &amp;&amp; ClassName='ThunderRT6MDIForm') (The object specified was not found.)
\0&lt;/a&gt;
E, 3524, 19, 2012/11/12, 16:25:08.389, 6731129020911, QTAgent32.exe, Playback - [IMAGE] C:\Users\peter.zenin-ad\AppData\Local\Temp\UITestLogs\LastRun\RPFF036.png
\0
W, 3524, 19, 2012/11/12, 16:25:08.389, 6731129022986, QTAgent32.exe, Playback - [WARNING] Internal warning: Couldn't find descendants that match QueryId
\0
W, 3524, 19, 2012/11/12, 16:25:08.654, 6731132837445, QTAgent32.exe, Playback - [WARNING] Internal warning: Window Not Found: [VisibleOnly]ControlType='Window' &amp;&amp; Name='Customer: txt1 tdsfs' &amp;&amp; ClassName='ThunderRT6MDIForm'
\0
E, 3524, 19, 2012/11/12, 16:25:08.654, 6731132840154, QTAgent32.exe, &lt;a class=failure&gt;Playback - {227} [FAILED] Function ElementFetcher::FindScreenElement failed to locate UI element (Searching: ;[VisibleOnly]ControlType='Window' &amp;&amp; Name='Customer: txt1 tdsfs' &amp;&amp; ClassName='ThunderRT6MDIForm') (The object specified was not found.)
\0&lt;/a&gt;
E, 3524, 19, 2012/11/12, 16:25:08.748, 6731134094385, QTAgent32.exe, Playback - [IMAGE] C:\Users\peter.zenin-ad\AppData\Local\Temp\UITestLogs\LastRun\RPFF18E.png
\0
W, 3524, 19, 2012/11/12, 16:25:08.748, 6731134096550, QTAgent32.exe, Playback - [WARNING] Internal warning: Couldn't find descendants that match QueryId
\0
E, 3524, 19, 2012/11/12, 16:25:08.748, 6731134100513, QTAgent32.exe, Exception: System.Runtime.InteropServices.COMException
	Message: Error HRESULT E_FAIL has been returned from a call to a COM component.
	Stack Trace:    at Microsoft.VisualStudio.TestTools.UITest.Playback.Engine.IRPFPlayback.FindAllScreenElements(IScreenElement pScreenElementStart, String bstrQueryId, Object&amp; pvarResKeys, Int32 cResKeys, Int32 nMaxDepth, Object[]&amp; foundDescendants)
   at Microsoft.VisualStudio.TestTools.UITest.Playback.ScreenElement.FindTopLevelWindowHelper(String queryId)
	BaseExceptionMessage: Error HRESULT E_FAIL has been returned from a call to a COM component.

E, 3524, 19, 2012/11/12, 16:25:08.748, 6731134105379, QTAgent32.exe, Window 2820310 not responding. Last Win32 error 0
E, 3524, 19, 2012/11/12, 16:25:08.748, 6731134107995, QTAgent32.exe, GetClassName for handle 2820310 failed
E, 3524, 19, 2012/11/12, 16:25:08.748, 6731134111914, QTAgent32.exe, Window 2820310 not responding. Last Win32 error 1400
E, 3524, 19, 2012/11/12, 16:25:08.748, 6731134121955, QTAgent32.exe, Window 2820310 not responding. Last Win32 error 1400
E, 3524, 19, 2012/11/12, 16:25:08.748, 6731134123142, QTAgent32.exe, GetClassName for handle 2820310 failed
E, 3524, 19, 2012/11/12, 16:25:08.748, 6731134123945, QTAgent32.exe, GetClassName for handle 2820310 failed
W, 3524, 19, 2012/11/12, 16:25:08.997, 6731137759727, QTAgent32.exe, Playback - [WARNING] Internal warning: Window Not Found: [VisibleOnly]ControlType='Window' &amp;&amp; Name='Customer: autotest autotest' &amp;&amp; ClassName='ThunderRT6MDIForm'
\0
E, 3524, 19, 2012/11/12, 16:25:08.997, 6731137762604, QTAgent32.exe, &lt;a class=failure&gt;Playback - {228} [FAILED] Function ElementFetcher::FindScreenElement failed to locate UI element (Searching: ;[VisibleOnly]ControlType='Window' &amp;&amp; Name='Customer: autotest autotest' &amp;&amp; ClassName='ThunderRT6MDIForm') (The object specified was not found.)
\0&lt;/a&gt;
E, 3524, 19, 2012/11/12, 16:25:09.091, 6731139014267, QTAgent32.exe, Playback - [IMAGE] C:\Users\peter.zenin-ad\AppData\Local\Temp\UITestLogs\LastRun\RPFF2F6.png
\0
W, 3524, 19, 2012/11/12, 16:25:09.091, 6731139016388, QTAgent32.exe, Playback - [WARNING] Internal warning: Couldn't find descendants that match QueryId
\0
W, 3524, 19, 2012/11/12, 16:25:09.107, 6731139285246, QTAgent32.exe, Playback - [WARNING] Internal warning: Window Not Found: [VisibleOnly]ControlType='Window' &amp;&amp; Name='Customer: autotest autotest' &amp;&amp; ClassName='ThunderRT6MDIForm'
\0
E, 3524, 19, 2012/11/12, 16:25:09.107, 6731139287198, QTAgent32.exe, &lt;a class=failure&gt;Playback - {229} [FAILED] Function ElementFetcher::FindScreenElement failed to locate UI element (Searching: ;[VisibleOnly]ControlType='Window' &amp;&amp; Name='Customer: autotest autotest' &amp;&amp; ClassName='ThunderRT6MDIForm') (The object specified was not found.)
\0&lt;/a&gt;
E, 3524, 19, 2012/11/12, 16:25:09.216, 6731140810630, QTAgent32.exe, Playback - [IMAGE] C:\Users\peter.zenin-ad\AppData\Local\Temp\UITestLogs\LastRun\RPFF355.png
\0
W, 3524, 19, 2012/11/12, 16:25:09.216, 6731140812780, QTAgent32.exe, Playback - [WARNING] Internal warning: Couldn't find descendants that match QueryId
\0
W, 3524, 19, 2012/11/12, 16:25:09.621, 6731146476458, QTAgent32.exe, Playback - [WARNING] Internal warning: Window Not Found: [VisibleOnly]ControlType='Window' &amp;&amp; Name='Customer: autotest autotest' &amp;&amp; ClassName='ThunderRT6MDIForm'
\0
E, 3524, 19, 2012/11/12, 16:25:09.621, 6731146479330, QTAgent32.exe, &lt;a class=failure&gt;Playback - {230} [FAILED] Function ElementFetcher::FindScreenElement failed to locate UI element (Searching: ;[VisibleOnly]ControlType='Window' &amp;&amp; Name='Customer: autotest autotest' &amp;&amp; ClassName='ThunderRT6MDIForm') (The object specified was not found.)
\0&lt;/a&gt;
E, 3524, 19, 2012/11/12, 16:25:09.699, 6731147736677, QTAgent32.exe, Playback - [IMAGE] C:\Users\peter.zenin-ad\AppData\Local\Temp\UITestLogs\LastRun\RPFF559.png
\0
W, 3524, 19, 2012/11/12, 16:25:09.699, 6731147738803, QTAgent32.exe, Playback - [WARNING] Internal warning: Couldn't find descendants that match QueryId
\0
E, 3524, 19, 2012/11/12, 16:25:09.699, 6731147742714, QTAgent32.exe, Exception: System.Runtime.InteropServices.COMException
	Message: Error HRESULT E_FAIL has been returned from a call to a COM component.
	Stack Trace:    at Microsoft.VisualStudio.TestTools.UITest.Playback.Engine.IRPFPlayback.FindAllScreenElements(IScreenElement pScreenElementStart, String bstrQueryId, Object&amp; pvarResKeys, Int32 cResKeys, Int32 nMaxDepth, Object[]&amp; foundDescendants)
   at Microsoft.VisualStudio.TestTools.UITest.Playback.ScreenElement.FindTopLevelWindowHelper(String queryId)
	BaseExceptionMessage: Error HRESULT E_FAIL has been returned from a call to a COM component.

E, 3524, 19, 2012/11/12, 16:25:09.699, 6731147747417, QTAgent32.exe, Window 2820310 not responding. Last Win32 error 0
E, 3524, 19, 2012/11/12, 16:25:09.699, 6731147751338, QTAgent32.exe, Window 2820310 not responding. Last Win32 error 1400
E, 3524, 19, 2012/11/12, 16:25:09.699, 6731147756053, QTAgent32.exe, Window 2820310 not responding. Last Win32 error 1400
E, 3524, 19, 2012/11/12, 16:25:09.699, 6731147757278, QTAgent32.exe, GetClassName for handle 2820310 failed
E, 3524, 19, 2012/11/12, 16:25:09.699, 6731147758104, QTAgent32.exe, GetClassName for handle 2820310 failed
W, 3524, 19, 2012/11/12, 16:25:09.949, 6731151367562, QTAgent32.exe, Playback - [WARNING] Internal warning: Window Not Found: [VisibleOnly]ControlType='Window' &amp;&amp; Name='Customer: txt1 tdsfs' &amp;&amp; ClassName='ThunderRT6MDIForm'
\0
E, 3524, 19, 2012/11/12, 16:25:09.949, 6731151370201, QTAgent32.exe, &lt;a class=failure&gt;Playback - {231} [FAILED] Function ElementFetcher::FindScreenElement failed to locate UI element (Searching: ;[VisibleOnly]ControlType='Window' &amp;&amp; Name='Customer: txt1 tdsfs' &amp;&amp; ClassName='ThunderRT6MDIForm') (The object specified was not found.)
\0&lt;/a&gt;
E, 3524, 19, 2012/11/12, 16:25:10.043, 6731152622326, QTAgent32.exe, Playback - [IMAGE] C:\Users\peter.zenin-ad\AppData\Local\Temp\UITestLogs\LastRun\RPFF6A1.png
\0
W, 3524, 19, 2012/11/12, 16:25:10.043, 6731152624537, QTAgent32.exe, Playback - [WARNING] Internal warning: Couldn't find descendants that match QueryId
\0
W, 3524, 19, 2012/11/12, 16:25:10.667, 6731161648700, QTAgent32.exe, Playback - [WARNING] Internal warning: Window Not Found: [VisibleOnly]ControlType='Window' &amp;&amp; Name='Customer: txt1 tdsfs' &amp;&amp; ClassName='ThunderRT6MDIForm'
\0
E, 3524, 19, 2012/11/12, 16:25:10.667, 6731161651566, QTAgent32.exe, &lt;a class=failure&gt;Playback - {232} [FAILED] Function ElementFetcher::FindScreenElement failed to locate UI element (Searching: ;[VisibleOnly]ControlType='Window' &amp;&amp; Name='Customer: txt1 tdsfs' &amp;&amp; ClassName='ThunderRT6MDIForm') (The object specified was not found.)
\0&lt;/a&gt;
E, 3524, 19, 2012/11/12, 16:25:10.760, 6731162903233, QTAgent32.exe, Playback - [IMAGE] C:\Users\peter.zenin-ad\AppData\Local\Temp\UITestLogs\LastRun\RPFF970.png
\0
W, 3524, 19, 2012/11/12, 16:25:10.760, 6731162905387, QTAgent32.exe, Playback - [WARNING] Internal warning: Couldn't find descendants that match QueryId
\0
W, 3524, 19, 2012/11/12, 16:25:10.760, 6731162908306, QTAgent32.exe, PERF WARNING: FindTopLevelWindowHelper::FindAllDescendents: took 717 ms. Expected it to take maximum 500 ms.
W, 3524, 19, 2012/11/12, 16:25:11.244, 6731169810334, QTAgent32.exe, Playback - [WARNING] Internal warning: Smart Match failed
\0
W, 3524, 19, 2012/11/12, 16:25:11.447, 6731172791219, QTAgent32.exe, Playback - [WARNING] Internal warning: Smart Match failed
\0
W, 3524, 19, 2012/11/12, 16:25:11.618, 6731175170539, QTAgent32.exe, Playback - [WARNING] Internal warning: Smart Match failed
\0
W, 3524, 19, 2012/11/12, 16:25:11.790, 6731177634657, QTAgent32.exe, Playback - [WARNING] Internal warning: Smart Match failed
\0
W, 3524, 19, 2012/11/12, 16:25:11.962, 6731180081151, QTAgent32.exe, Playback - [WARNING] Internal warning: Smart Match failed
\0
W, 3524, 19, 2012/11/12, 16:25:12.133, 6731182537651, QTAgent32.exe, Playback - [WARNING] Internal warning: Smart Match failed
\0
W, 3524, 19, 2012/11/12, 16:25:12.320, 6731185220073, QTAgent32.exe, Playback - [WARNING] Internal warning: Smart Match failed
\0
W, 3524, 19, 2012/11/12, 16:25:12.492, 6731187676783, QTAgent32.exe, Playback - [WARNING] Internal warning: Smart Match failed
\0
W, 3524, 19, 2012/11/12, 16:25:12.664, 6731190133787, QTAgent32.exe, Playback - [WARNING] Internal warning: Smart Match failed
\0
W, 3524, 19, 2012/11/12, 16:25:12.835, 6731192596011, QTAgent32.exe, Playback - [WARNING] Internal warning: Smart Match failed
\0
W, 3524, 19, 2012/11/12, 16:25:13.007, 6731195045667, QTAgent32.exe, Playback - [WARNING] Internal warning: Smart Match failed
\0
W, 3524, 19, 2012/11/12, 16:25:13.178, 6731197506048, QTAgent32.exe, Playback - [WARNING] Internal warning: Smart Match failed
\0
W, 3524, 19, 2012/11/12, 16:25:13.350, 6731199958557, QTAgent32.exe, Playback - [WARNING] Internal warning: Smart Match failed
\0
W, 3524, 19, 2012/11/12, 16:25:13.522, 6731202418408, QTAgent32.exe, Playback - [WARNING] Internal warning: Smart Match failed
\0
W, 3524, 19, 2012/11/12, 16:25:13.693, 6731204873190, QTAgent32.exe, Playback - [WARNING] Internal warning: Smart Match failed
\0
W, 3524, 19, 2012/11/12, 16:25:13.865, 6731207328136, QTAgent32.exe, Playback - [WARNING] Internal warning: Smart Match failed
\0
W, 3524, 19, 2012/11/12, 16:25:13.927, 6731208138273, QTAgent32.exe, Playback - [WARNING] Internal warning: Window Not Found: [VisibleOnly]ControlType='Window' &amp;&amp; Name='Customer: txt1 tdsfs' &amp;&amp; ClassName='ThunderRT6MDIForm'
\0
E, 3524, 19, 2012/11/12, 16:25:13.927, 6731208140389, QTAgent32.exe, &lt;a class=failure&gt;Playback - {233} [FAILED] Function ElementFetcher::FindScreenElement failed to locate UI element (Searching: ;[VisibleOnly]ControlType='Window' &amp;&amp; Name='Customer: txt1 tdsfs' &amp;&amp; ClassName='ThunderRT6MDIForm') (The object specified was not found.)
\0&lt;/a&gt;
E, 3524, 19, 2012/11/12, 16:25:14.005, 6731209382844, QTAgent32.exe, Playback - [IMAGE] C:\Users\peter.zenin-ad\AppData\Local\Temp\UITestLogs\LastRun\RPF62D.png
\0
W, 3524, 19, 2012/11/12, 16:25:14.005, 6731209384954, QTAgent32.exe, Playback - [WARNING] Internal warning: Couldn't find descendants that match QueryId
\0
W, 3524, 19, 2012/11/12, 16:25:14.005, 6731209387862, QTAgent32.exe, PERF WARNING: FindTopLevelWindowHelper::FindAllDescendents: took 3246 ms. Expected it to take maximum 500 ms.
E, 3524, 19, 2012/11/12, 16:25:14.005, 6731209389646, QTAgent32.exe, Exception: System.Runtime.InteropServices.COMException
	Message: Error HRESULT E_FAIL has been returned from a call to a COM component.
	Stack Trace:    at Microsoft.VisualStudio.TestTools.UITest.Playback.Engine.IRPFPlayback.FindAllScreenElements(IScreenElement pScreenElementStart, String bstrQueryId, Object&amp; pvarResKeys, Int32 cResKeys, Int32 nMaxDepth, Object[]&amp; foundDescendants)
   at Microsoft.VisualStudio.TestTools.UITest.Playback.ScreenElement.FindTopLevelWindowHelper(String queryId)
	BaseExceptionMessage: Error HRESULT E_FAIL has been returned from a call to a COM component.

E, 3524, 19, 2012/11/12, 16:25:14.005, 6731209394249, QTAgent32.exe, Window 2820310 not responding. Last Win32 error 0
E, 3524, 19, 2012/11/12, 16:25:14.005, 6731209398097, QTAgent32.exe, Window 2820310 not responding. Last Win32 error 1400
E, 3524, 19, 2012/11/12, 16:25:14.005, 6731209402694, QTAgent32.exe, Window 2820310 not responding. Last Win32 error 1400
E, 3524, 19, 2012/11/12, 16:25:14.005, 6731209403914, QTAgent32.exe, GetClassName for handle 2820310 failed
E, 3524, 19, 2012/11/12, 16:25:14.005, 6731209404702, QTAgent32.exe, GetClassName for handle 2820310 failed
W, 3524, 19, 2012/11/12, 16:25:14.255, 6731213018564, QTAgent32.exe, Playback - [WARNING] Internal warning: Window Not Found: [VisibleOnly]ControlType='Window' &amp;&amp; Name='Customer: autotest autotest' &amp;&amp; ClassName='ThunderRT6MDIForm'
\0
E, 3524, 19, 2012/11/12, 16:25:14.255, 6731213021189, QTAgent32.exe, &lt;a class=failure&gt;Playback - {234} [FAILED] Function ElementFetcher::FindScreenElement failed to locate UI element (Searching: ;[VisibleOnly]ControlType='Window' &amp;&amp; Name='Customer: autotest autotest' &amp;&amp; ClassName='ThunderRT6MDIForm') (The object specified was not found.)
\0&lt;/a&gt;
E, 3524, 19, 2012/11/12, 16:25:14.349, 6731214274572, QTAgent32.exe, Playback - [IMAGE] C:\Users\peter.zenin-ad\AppData\Local\Temp\UITestLogs\LastRun\RPF776.png
\0
W, 3524, 19, 2012/11/12, 16:25:14.349, 6731214276746, QTAgent32.exe, Playback - [WARNING] Internal warning: Couldn't find descendants that match QueryId
\0
W, 3524, 19, 2012/11/12, 16:25:14.801, 6731220845766, QTAgent32.exe, Playback - [WARNING] Internal warning: Window Not Found: [VisibleOnly]ControlType='Window' &amp;&amp; Name='Customer: autotest autotest' &amp;&amp; ClassName='ThunderRT6MDIForm'
\0
E, 3524, 19, 2012/11/12, 16:25:14.801, 6731220848632, QTAgent32.exe, &lt;a class=failure&gt;Playback - {235} [FAILED] Function ElementFetcher::FindScreenElement failed to locate UI element (Searching: ;[VisibleOnly]ControlType='Window' &amp;&amp; Name='Customer: autotest autotest' &amp;&amp; ClassName='ThunderRT6MDIForm') (The object specified was not found.)
\0&lt;/a&gt;
E, 3524, 19, 2012/11/12, 16:25:14.895, 6731222104396, QTAgent32.exe, Playback - [IMAGE] C:\Users\peter.zenin-ad\AppData\Local\Temp\UITestLogs\LastRun\RPF999.png
\0
W, 3524, 19, 2012/11/12, 16:25:14.895, 6731222106510, QTAgent32.exe, Playback - [WARNING] Internal warning: Couldn't find descendants that match QueryId
\0
W, 3524, 19, 2012/11/12, 16:25:14.895, 6731222109494, QTAgent32.exe, PERF WARNING: FindTopLevelWindowHelper::FindAllDescendents: took 546 ms. Expected it to take maximum 500 ms.
W, 3524, 19, 2012/11/12, 16:25:15.394, 6731229225851, QTAgent32.exe, Playback - [WARNING] Internal warning: Smart Match failed
\0
W, 3524, 19, 2012/11/12, 16:25:15.565, 6731231674292, QTAgent32.exe, Playback - [WARNING] Internal warning: Smart Match failed
\0
W, 3524, 19, 2012/11/12, 16:25:15.737, 6731234133857, QTAgent32.exe, Playback - [WARNING] Internal warning: Smart Match failed
\0
W, 3524, 19, 2012/11/12, 16:25:15.909, 6731236589841, QTAgent32.exe, Playback - [WARNING] Internal warning: Smart Match failed
\0
W, 3524, 19, 2012/11/12, 16:25:16.080, 6731239055723, QTAgent32.exe, Playback - [WARNING] Internal warning: Smart Match failed
\0
W, 3524, 19, 2012/11/12, 16:25:16.252, 6731241510594, QTAgent32.exe, Playback - [WARNING] Internal warning: Smart Match failed
\0
W, 3524, 19, 2012/11/12, 16:25:16.424, 6731243970612, QTAgent32.exe, Playback - [WARNING] Internal warning: Smart Match failed
\0
W, 3524, 19, 2012/11/12, 16:25:16.595, 6731246417786, QTAgent32.exe, Playback - [WARNING] Internal warning: Smart Match failed
\0
W, 3524, 19, 2012/11/12, 16:25:16.767, 6731248874007, QTAgent32.exe, Playback - [WARNING] Internal warning: Smart Match failed
\0
W, 3524, 19, 2012/11/12, 16:25:16.938, 6731251336006, QTAgent32.exe, Playback - [WARNING] Internal warning: Smart Match failed
\0
W, 3524, 19, 2012/11/12, 16:25:17.110, 6731253793450, QTAgent32.exe, Playback - [WARNING] Internal warning: Smart Match failed
\0
W, 3524, 19, 2012/11/12, 16:25:17.282, 6731256248363, QTAgent32.exe, Playback - [WARNING] Internal warning: Smart Match failed
\0
W, 3524, 19, 2012/11/12, 16:25:17.453, 6731258720703, QTAgent32.exe, Playback - [WARNING] Internal warning: Smart Match failed
\0
W, 3524, 19, 2012/11/12, 16:25:17.625, 6731261168056, QTAgent32.exe, Playback - [WARNING] Internal warning: Smart Match failed
\0
W, 3524, 19, 2012/11/12, 16:25:17.796, 6731263619722, QTAgent32.exe, Playback - [WARNING] Internal warning: Smart Match failed
\0
W, 3524, 19, 2012/11/12, 16:25:17.968, 6731266077709, QTAgent32.exe, Playback - [WARNING] Internal warning: Smart Match failed
\0
W, 3524, 19, 2012/11/12, 16:25:18.030, 6731266927105, QTAgent32.exe, Playback - [WARNING] Internal warning: Window Not Found: [VisibleOnly]ControlType='Window' &amp;&amp; Name='Customer: autotest autotest' &amp;&amp; ClassName='ThunderRT6MDIForm'
\0
E, 3524, 19, 2012/11/12, 16:25:18.030, 6731266929552, QTAgent32.exe, &lt;a class=failure&gt;Playback - {236} [FAILED] Function ElementFetcher::FindScreenElement failed to locate UI element (Searching: ;[VisibleOnly]ControlType='Window' &amp;&amp; Name='Customer: autotest autotest' &amp;&amp; ClassName='ThunderRT6MDIForm') (The object specified was not found.)
\0&lt;/a&gt;
E, 3524, 19, 2012/11/12, 16:25:18.108, 6731268186883, QTAgent32.exe, Playback - [IMAGE] C:\Users\peter.zenin-ad\AppData\Local\Temp\UITestLogs\LastRun\RPF1637.png
\0
W, 3524, 19, 2012/11/12, 16:25:18.108, 6731268189180, QTAgent32.exe, Playback - [WARNING] Internal warning: Couldn't find descendants that match QueryId
\0
W, 3524, 19, 2012/11/12, 16:25:18.108, 6731268192263, QTAgent32.exe, PERF WARNING: FindTopLevelWindowHelper::FindAllDescendents: took 3218 ms. Expected it to take maximum 500 ms.
E, 3524, 19, 2012/11/12, 16:25:18.108, 6731268194067, QTAgent32.exe, Exception: System.Runtime.InteropServices.COMException
	Message: Error HRESULT E_FAIL has been returned from a call to a COM component.
	Stack Trace:    at Microsoft.VisualStudio.TestTools.UITest.Playback.Engine.IRPFPlayback.FindAllScreenElements(IScreenElement pScreenElementStart, String bstrQueryId, Object&amp; pvarResKeys, Int32 cResKeys, Int32 nMaxDepth, Object[]&amp; foundDescendants)
   at Microsoft.VisualStudio.TestTools.UITest.Playback.ScreenElement.FindTopLevelWindowHelper(String queryId)
	BaseExceptionMessage: Error HRESULT E_FAIL has been returned from a call to a COM component.

E, 3524, 19, 2012/11/12, 16:25:18.108, 6731268198705, QTAgent32.exe, Window 2820310 not responding. Last Win32 error 0
E, 3524, 19, 2012/11/12, 16:25:18.108, 6731268202635, QTAgent32.exe, Window 2820310 not responding. Last Win32 error 1400
E, 3524, 19, 2012/11/12, 16:25:18.108, 6731268207325, QTAgent32.exe, Window 2820310 not responding. Last Win32 error 1400
E, 3524, 19, 2012/11/12, 16:25:18.108, 6731268208577, QTAgent32.exe, GetClassName for handle 2820310 failed
E, 3524, 19, 2012/11/12, 16:25:18.124, 6731268215722, QTAgent32.exe, GetClassName for handle 2820310 failed
W, 3524, 19, 2012/11/12, 16:25:18.374, 6731271987364, QTAgent32.exe, Playback - [WARNING] Internal warning: Window Not Found: [VisibleOnly]ControlType='Window' &amp;&amp; Name='Customer: txt1 tdsfs' &amp;&amp; ClassName='ThunderRT6MDIForm'
\0
E, 3524, 19, 2012/11/12, 16:25:18.374, 6731271990147, QTAgent32.exe, &lt;a class=failure&gt;Playback - {237} [FAILED] Function ElementFetcher::FindScreenElement failed to locate UI element (Searching: ;[VisibleOnly]ControlType='Window' &amp;&amp; Name='Customer: txt1 tdsfs' &amp;&amp; ClassName='ThunderRT6MDIForm') (The object specified was not found.)
\0&lt;/a&gt;
E, 3524, 19, 2012/11/12, 16:25:18.467, 6731273251487, QTAgent32.exe, Playback - [IMAGE] C:\Users\peter.zenin-ad\AppData\Local\Temp\UITestLogs\LastRun\RPF178F.png
\0
W, 3524, 19, 2012/11/12, 16:25:18.467, 6731273253592, QTAgent32.exe, Playback - [WARNING] Internal warning: Couldn't find descendants that match QueryId
\0
W, 3524, 19, 2012/11/12, 16:25:18.951, 6731280050532, QTAgent32.exe, Playback - [WARNING] Internal warning: Window Not Found: [VisibleOnly]ControlType='Window' &amp;&amp; Name='Customer: txt1 tdsfs' &amp;&amp; ClassName='ThunderRT6MDIForm'
\0
E, 3524, 19, 2012/11/12, 16:25:18.951, 6731280053413, QTAgent32.exe, &lt;a class=failure&gt;Playback - {238} [FAILED] Function ElementFetcher::FindScreenElement failed to locate UI element (Searching: ;[VisibleOnly]ControlType='Window' &amp;&amp; Name='Customer: txt1 tdsfs' &amp;&amp; ClassName='ThunderRT6MDIForm') (The object specified was not found.)
\0&lt;/a&gt;
E, 3524, 19, 2012/11/12, 16:25:19.029, 6731281310597, QTAgent32.exe, Playback - [IMAGE] C:\Users\peter.zenin-ad\AppData\Local\Temp\UITestLogs\LastRun\RPF19D1.png
\0
W, 3524, 19, 2012/11/12, 16:25:19.029, 6731281312854, QTAgent32.exe, Playback - [WARNING] Internal warning: Couldn't find descendants that match QueryId
\0
W, 3524, 19, 2012/11/12, 16:25:19.029, 6731281315812, QTAgent32.exe, PERF WARNING: FindTopLevelWindowHelper::FindAllDescendents: took 562 ms. Expected it to take maximum 500 ms.
W, 3524, 19, 2012/11/12, 16:25:19.497, 6731287966395, QTAgent32.exe, Playback - [WARNING] Internal warning: Smart Match failed
\0
W, 3524, 19, 2012/11/12, 16:25:19.669, 6731290421750, QTAgent32.exe, Playback - [WARNING] Internal warning: Smart Match failed
\0
W, 3524, 19, 2012/11/12, 16:25:19.840, 6731292887288, QTAgent32.exe, Playback - [WARNING] Internal warning: Smart Match failed
\0
W, 3524, 19, 2012/11/12, 16:25:20.012, 6731295341926, QTAgent32.exe, Playback - [WARNING] Internal warning: Smart Match failed
\0
W, 3524, 19, 2012/11/12, 16:25:20.183, 6731297793180, QTAgent32.exe, Playback - [WARNING] Internal warning: Smart Match failed
\0
W, 3524, 19, 2012/11/12, 16:25:20.355, 6731300255021, QTAgent32.exe, Playback - [WARNING] Internal warning: Smart Match failed
\0
W, 3524, 19, 2012/11/12, 16:25:20.527, 6731302709644, QTAgent32.exe, Playback - [WARNING] Internal warning: Smart Match failed
\0
W, 3524, 19, 2012/11/12, 16:25:20.698, 6731305170021, QTAgent32.exe, Playback - [WARNING] Internal warning: Smart Match failed
\0
W, 3524, 19, 2012/11/12, 16:25:20.870, 6731307628223, QTAgent32.exe, Playback - [WARNING] Internal warning: Smart Match failed
\0
W, 3524, 19, 2012/11/12, 16:25:21.041, 6731310079192, QTAgent32.exe, Playback - [WARNING] Internal warning: Smart Match failed
\0
W, 3524, 19, 2012/11/12, 16:25:21.213, 6731312586255, QTAgent32.exe, Playback - [WARNING] Internal warning: Smart Match failed
\0
W, 3524, 19, 2012/11/12, 16:25:21.385, 6731314993290, QTAgent32.exe, Playback - [WARNING] Internal warning: Smart Match failed
\0
W, 3524, 19, 2012/11/12, 16:25:21.556, 6731317448126, QTAgent32.exe, Playback - [WARNING] Internal warning: Smart Match failed
\0
W, 3524, 19, 2012/11/12, 16:25:21.728, 6731319906681, QTAgent32.exe, Playback - [WARNING] Internal warning: Smart Match failed
\0
W, 3524, 19, 2012/11/12, 16:25:21.900, 6731322368254, QTAgent32.exe, Playback - [WARNING] Internal warning: Smart Match failed
\0
W, 3524, 19, 2012/11/12, 16:25:22.071, 6731324825080, QTAgent32.exe, Playback - [WARNING] Internal warning: Smart Match failed
\0
W, 3524, 19, 2012/11/12, 16:25:22.134, 6731325680863, QTAgent32.exe, Playback - [WARNING] Internal warning: Window Not Found: [VisibleOnly]ControlType='Window' &amp;&amp; Name='Customer: txt1 tdsfs' &amp;&amp; ClassName='ThunderRT6MDIForm'
\0
E, 3524, 19, 2012/11/12, 16:25:22.134, 6731325683308, QTAgent32.exe, &lt;a class=failure&gt;Playback - {239} [FAILED] Function ElementFetcher::FindScreenElement failed to locate UI element (Searching: ;[VisibleOnly]ControlType='Window' &amp;&amp; Name='Customer: txt1 tdsfs' &amp;&amp; ClassName='ThunderRT6MDIForm') (The object specified was not found.)
\0&lt;/a&gt;
E, 3524, 19, 2012/11/12, 16:25:22.227, 6731327167825, QTAgent32.exe, Playback - [IMAGE] C:\Users\peter.zenin-ad\AppData\Local\Temp\UITestLogs\LastRun\RPF2641.png
\0
W, 3524, 19, 2012/11/12, 16:25:22.227, 6731327170052, QTAgent32.exe, Playback - [WARNING] Internal warning: Couldn't find descendants that match QueryId
\0
W, 3524, 19, 2012/11/12, 16:25:22.227, 6731327173086, QTAgent32.exe, PERF WARNING: FindTopLevelWindowHelper::FindAllDescendents: took 3202 ms. Expected it to take maximum 500 ms.
E, 3524, 19, 2012/11/12, 16:25:22.227, 6731327174911, QTAgent32.exe, Exception: System.Runtime.InteropServices.COMException
	Message: Error HRESULT E_FAIL has been returned from a call to a COM component.
	Stack Trace:    at Microsoft.VisualStudio.TestTools.UITest.Playback.Engine.IRPFPlayback.FindAllScreenElements(IScreenElement pScreenElementStart, String bstrQueryId, Object&amp; pvarResKeys, Int32 cResKeys, Int32 nMaxDepth, Object[]&amp; foundDescendants)
   at Microsoft.VisualStudio.TestTools.UITest.Playback.ScreenElement.FindTopLevelWindowHelper(String queryId)
	BaseExceptionMessage: Error HRESULT E_FAIL has been returned from a call to a COM component.

E, 3524, 19, 2012/11/12, 16:25:22.243, 6731327180701, QTAgent32.exe, Window 2820310 not responding. Last Win32 error 0
E, 3524, 19, 2012/11/12, 16:25:22.243, 6731327184676, QTAgent32.exe, Window 2820310 not responding. Last Win32 error 1400
E, 3524, 19, 2012/11/12, 16:25:22.243, 6731327189371, QTAgent32.exe, Window 2820310 not responding. Last Win32 error 1400
E, 3524, 19, 2012/11/12, 16:25:22.243, 6731327190619, QTAgent32.exe, GetClassName for handle 2820310 failed
E, 3524, 19, 2012/11/12, 16:25:22.243, 6731327191423, QTAgent32.exe, GetClassName for handle 2820310 failed
W, 3524, 19, 2012/11/12, 16:25:22.492, 6731330971789, QTAgent32.exe, Playback - [WARNING] Internal warning: Window Not Found: [VisibleOnly]ControlType='Window' &amp;&amp; Name='Customer: autotest autotest' &amp;&amp; ClassName='ThunderRT6MDIForm'
\0
E, 3524, 19, 2012/11/12, 16:25:22.508, 6731330975652, QTAgent32.exe, &lt;a class=failure&gt;Playback - {240} [FAILED] Function ElementFetcher::FindScreenElement failed to locate UI element (Searching: ;[VisibleOnly]ControlType='Window' &amp;&amp; Name='Customer: autotest autotest' &amp;&amp; ClassName='ThunderRT6MDIForm') (The object specified was not found.)
\0&lt;/a&gt;
E, 3524, 19, 2012/11/12, 16:25:22.586, 6731332235314, QTAgent32.exe, Playback - [IMAGE] C:\Users\peter.zenin-ad\AppData\Local\Temp\UITestLogs\LastRun\RPF27B8.png
\0
W, 3524, 19, 2012/11/12, 16:25:22.586, 6731332237385, QTAgent32.exe, Playback - [WARNING] Internal warning: Couldn't find descendants that match QueryId
\0
W, 3524, 19, 2012/11/12, 16:25:23.054, 6731338800800, QTAgent32.exe, Playback - [WARNING] Internal warning: Window Not Found: [VisibleOnly]ControlType='Window' &amp;&amp; Name='Customer: autotest autotest' &amp;&amp; ClassName='ThunderRT6MDIForm'
\0
E, 3524, 19, 2012/11/12, 16:25:23.054, 6731338803567, QTAgent32.exe, &lt;a class=failure&gt;Playback - {241} [FAILED] Function ElementFetcher::FindScreenElement failed to locate UI element (Searching: ;[VisibleOnly]ControlType='Window' &amp;&amp; Name='Customer: autotest autotest' &amp;&amp; ClassName='ThunderRT6MDIForm') (The object specified was not found.)
\0&lt;/a&gt;
E, 3524, 19, 2012/11/12, 16:25:23.132, 6731340069903, QTAgent32.exe, Playback - [IMAGE] C:\Users\peter.zenin-ad\AppData\Local\Temp\UITestLogs\LastRun\RPF29DB.png
\0
W, 3524, 19, 2012/11/12, 16:25:23.132, 6731340072065, QTAgent32.exe, Playback - [WARNING] Internal warning: Couldn't find descendants that match QueryId
\0
W, 3524, 19, 2012/11/12, 16:25:23.132, 6731340075105, QTAgent32.exe, PERF WARNING: FindTopLevelWindowHelper::FindAllDescendents: took 547 ms. Expected it to take maximum 500 ms.
W, 3524, 19, 2012/11/12, 16:25:23.631, 6731347221929, QTAgent32.exe, Playback - [WARNING] Internal warning: Smart Match failed
\0
W, 3524, 19, 2012/11/12, 16:25:23.803, 6731349619404, QTAgent32.exe, Playback - [WARNING] Internal warning: Smart Match failed
\0
W, 3524, 19, 2012/11/12, 16:25:23.975, 6731352070352, QTAgent32.exe, Playback - [WARNING] Internal warning: Smart Match failed
\0
W, 3524, 19, 2012/11/12, 16:25:24.146, 6731354526197, QTAgent32.exe, Playback - [WARNING] Internal warning: Smart Match failed
\0
W, 3524, 19, 2012/11/12, 16:25:24.318, 6731356986283, QTAgent32.exe, Playback - [WARNING] Internal warning: Smart Match failed
\0
W, 3524, 19, 2012/11/12, 16:25:24.489, 6731359440244, QTAgent32.exe, Playback - [WARNING] Internal warning: Smart Match failed
\0
W, 3524, 19, 2012/11/12, 16:25:24.661, 6731361899934, QTAgent32.exe, Playback - [WARNING] Internal warning: Smart Match failed
\0
W, 3524, 19, 2012/11/12, 16:25:24.833, 6731364359222, QTAgent32.exe, Playback - [WARNING] Internal warning: Smart Match failed
\0
W, 3524, 19, 2012/11/12, 16:25:25.004, 6731366808381, QTAgent32.exe, Playback - [WARNING] Internal warning: Smart Match failed
\0
W, 3524, 19, 2012/11/12, 16:25:25.176, 6731369274917, QTAgent32.exe, Playback - [WARNING] Internal warning: Smart Match failed
\0
W, 3524, 19, 2012/11/12, 16:25:25.347, 6731371724869, QTAgent32.exe, Playback - [WARNING] Internal warning: Smart Match failed
\0
W, 3524, 19, 2012/11/12, 16:25:25.519, 6731374187136, QTAgent32.exe, Playback - [WARNING] Internal warning: Smart Match failed
\0
W, 3524, 19, 2012/11/12, 16:25:25.691, 6731376637733, QTAgent32.exe, Playback - [WARNING] Internal warning: Smart Match failed
\0
W, 3524, 19, 2012/11/12, 16:25:25.862, 6731379105819, QTAgent32.exe, Playback - [WARNING] Internal warning: Smart Match failed
\0
W, 3524, 19, 2012/11/12, 16:25:26.034, 6731381552577, QTAgent32.exe, Playback - [WARNING] Internal warning: Smart Match failed
\0
W, 3524, 19, 2012/11/12, 16:25:26.205, 6731384012591, QTAgent32.exe, Playback - [WARNING] Internal warning: Smart Match failed
\0
W, 3524, 19, 2012/11/12, 16:25:26.268, 6731384849309, QTAgent32.exe, Playback - [WARNING] Internal warning: Window Not Found: [VisibleOnly]ControlType='Window' &amp;&amp; Name='Customer: autotest autotest' &amp;&amp; ClassName='ThunderRT6MDIForm'
\0
E, 3524, 19, 2012/11/12, 16:25:26.268, 6731384851694, QTAgent32.exe, &lt;a class=failure&gt;Playback - {242} [FAILED] Function ElementFetcher::FindScreenElement failed to locate UI element (Searching: ;[VisibleOnly]ControlType='Window' &amp;&amp; Name='Customer: autotest autotest' &amp;&amp; ClassName='ThunderRT6MDIForm') (The object specified was not found.)
\0&lt;/a&gt;
E, 3524, 19, 2012/11/12, 16:25:26.346, 6731386104936, QTAgent32.exe, Playback - [IMAGE] C:\Users\peter.zenin-ad\AppData\Local\Temp\UITestLogs\LastRun\RPF366A.png
\0
W, 3524, 19, 2012/11/12, 16:25:26.346, 6731386107086, QTAgent32.exe, Playback - [WARNING] Internal warning: Couldn't find descendants that match QueryId
\0
W, 3524, 19, 2012/11/12, 16:25:26.346, 6731386110105, QTAgent32.exe, PERF WARNING: FindTopLevelWindowHelper::FindAllDescendents: took 3214 ms. Expected it to take maximum 500 ms.
E, 3524, 19, 2012/11/12, 16:25:26.346, 6731386111912, QTAgent32.exe, Exception: System.Runtime.InteropServices.COMException
	Message: Error HRESULT E_FAIL has been returned from a call to a COM component.
	Stack Trace:    at Microsoft.VisualStudio.TestTools.UITest.Playback.Engine.IRPFPlayback.FindAllScreenElements(IScreenElement pScreenElementStart, String bstrQueryId, Object&amp; pvarResKeys, Int32 cResKeys, Int32 nMaxDepth, Object[]&amp; foundDescendants)
   at Microsoft.VisualStudio.TestTools.UITest.Playback.ScreenElement.FindTopLevelWindowHelper(String queryId)
	BaseExceptionMessage: Error HRESULT E_FAIL has been returned from a call to a COM component.

E, 3524, 19, 2012/11/12, 16:25:26.346, 6731386116517, QTAgent32.exe, Window 2820310 not responding. Last Win32 error 0
E, 3524, 19, 2012/11/12, 16:25:26.346, 6731386120420, QTAgent32.exe, Window 2820310 not responding. Last Win32 error 1400
E, 3524, 19, 2012/11/12, 16:25:26.346, 6731386125120, QTAgent32.exe, Window 2820310 not responding. Last Win32 error 1400
E, 3524, 19, 2012/11/12, 16:25:26.346, 6731386126415, QTAgent32.exe, GetClassName for handle 2820310 failed
E, 3524, 19, 2012/11/12, 16:25:26.346, 6731386127294, QTAgent32.exe, GetClassName for handle 2820310 failed
E, 3524, 19, 2012/11/12, 16:25:26.455, 6731387494204, QTAgent32.exe, AL: Playback Error: Microsoft.VisualStudio.TestTools.UITest.Extension.UITestControlNotFoundException: Unable to find the top level element of the control ---&gt; Microsoft.VisualStudio.TestTools.UITest.Extension.UITestControlNotFoundException: The playback failed to find the control with the given search properties. Additional Details: 
TechnologyName:  'MSAA'
ControlType:  'Window'
 ---&gt; System.Runtime.InteropServices.COMException: Error HRESULT E_FAIL has been returned from a call to a COM component.
   at Microsoft.VisualStudio.TestTools.UITest.Playback.Engine.IRPFPlayback.FindAllScreenElements(IScreenElement pScreenElementStart, String bstrQueryId, Object&amp; pvarResKeys, Int32 cResKeys, Int32 nMaxDepth, Object[]&amp; foundDescendants)
   at Microsoft.VisualStudio.TestTools.UITest.Playback.ScreenElement.FindTopLevelWindowHelper(String queryId)
   at Microsoft.VisualStudio.TestTools.UITest.Playback.ScreenElement.FindFromPartialQueryId(String queryId)
   at Microsoft.VisualStudio.TestTools.UITesting.UITestControl..ctor(String queryId)
   --- End of inner exception stack trace ---
   at Microsoft.VisualStudio.TestTools.UITesting.Playback.MapControlNotFoundException(COMException ex, IPlaybackContext context)
   at Microsoft.VisualStudio.TestTools.UITesting.Playback.MapAndThrowComException(COMException innerException, IPlaybackContext context)
   at Microsoft.VisualStudio.TestTools.UITesting.Playback.MapAndThrowException(SystemException exception, IPlaybackContext context)
   at Microsoft.VisualStudio.TestTools.UITesting.Playback.MapAndThrowException(SystemException exception, String queryId)
   at Microsoft.VisualStudio.TestTools.UITesting.UITestControl..ctor(String queryId)
   at Microsoft.VisualStudio.TestTools.UITesting.SearchHelper.SearchTopLevelWindow(ISearchArgument topLevelSearchArg, String topLevelElementQueryId)
   at Microsoft.VisualStudio.TestTools.UITesting.SearchHelper.SearchUsingMultipleTitles(ISearchArgument topLevelSearchArg, QueryId topLevelQueryId, IList`1 windowTitles)
   --- End of inner exception stack trace ---
   at Microsoft.VisualStudio.TestTools.UITesting.SearchHelper.SearchUsingMultipleTitles(ISearchArgument topLevelSearchArg, QueryId topLevelQueryId, IList`1 windowTitles)
   at Microsoft.VisualStudio.TestTools.UITesting.SearchHelper.GetTitleUpdatedTopLevelWindow(ISearchArgument topLevelSearchArg, String queryId, IList`1 windowTitles)
   at Microsoft.VisualStudio.TestTools.UITesting.SearchHelper.GetTopLevelElement(Boolean useCache, Boolean useCacheOnly, ISearchArgument searchArg, IList`1 windowTitles, Int32&amp; timeLeft)
   at Microsoft.VisualStudio.TestTools.UITesting.SearchHelper.GetElement(Boolean useCache, ISearchArgument searchArg)
   at Microsoft.VisualStudio.TestTools.UITesting.SearchHelper.Search(ISearchArgument searchArg)
   at Microsoft.VisualStudio.TestTools.UITesting.UITestControl.FindInternal()
   at Microsoft.VisualStudio.TestTools.UITesting.UITestControl.FindControlIfNecessary()
   at Microsoft.VisualStudio.TestTools.UITesting.UITestControl.Click(MouseButtons button, ModifierKeys modifierKeys, Point relativeCoordinates)
   at Microsoft.VisualStudio.TestTools.UITesting.Mouse.ClickImplementation(UITestControl control, MouseButtons button, ModifierKeys modifierKeys, Point relativeCoordinate)
   at Microsoft.VisualStudio.TestTools.UITesting.Mouse.ClickImplementationWrapper(UITestControl control, MouseButtons button, ModifierKeys modifierKeys, Point relativeCoordinate)
W, 3524, 19, 2012/11/12, 16:25:26.455, 6731387496280, QTAgent32.exe, PlaybackErrorHandler: Ignoring exception as ContinueOnError is set.
W, 3524, 19, 2012/11/12, 16:25:26.783, 6731392280781, QTAgent32.exe, &lt;a class=success&gt;Playback - {243} [SUCCESS] MouseButtonClick - "[MSAA, VisibleOnly]ControlType='Button' &amp;&amp; Name='Close'"
\0&lt;/a&gt;
W, 3524, 19, 2012/11/12, 16:25:31.276, 6731456553637, QTAgent32.exe, IEDOM : StopSession of the plugin called before StartSession
W, 3524, 19, 2012/11/12, 16:25:31.276, 6731456554985, QTAgent32.exe, UIA : StopSession of the plugin called before StartSession
W, 3524, 19, 2012/11/12, 16:25:31.276, 6731456555729, QTAgent32.exe, SLPlugin : StopSession of the plugin called before StartSession
</DebugTrace>
      </Output>
    </UnitTestResult>
    <UnitTestResult executionId="b229906d-0921-485d-b2f2-954c317eb0a8" testId="a95aea6b-c734-4b73-e10a-d65ad4aa23ee" testName="HouseTest15" computerName="ICLVDEVAP01" duration="00:08:21.1901168" startTime="2012-11-12T16:25:31.2763708+00:00" endTime="2012-11-12T16:33:52.5168376+00:00" testType="13cdc9d9-ddb5-4fa4-a97d-d965ccfc6d4b" outcome="Passed" testListId="8c84fa94-04c1-424b-9868-57a2d4851a1d" relativeResultsDirectory="b229906d-0921-485d-b2f2-954c317eb0a8">
      <Output>
        <DebugTrace>W, 3524, 22, 2012/11/12, 16:25:31.291, 6731456932899, QTAgent32.exe, ExtensionFramework : A Technology Manager with name Web is already registered.
W, 3524, 22, 2012/11/12, 16:25:32.150, 6731469023262, QTAgent32.exe, &lt;a class=success&gt;Playback - {1} [SUCCESS] MouseButtonClick - "[MSAA, VisibleOnly]ControlType='Edit'"
\0&lt;/a&gt;
W, 3524, 22, 2012/11/12, 16:25:32.415, 6731472815840, QTAgent32.exe, &lt;a class=success&gt;Playback - {2} [SUCCESS] SendKeys "[*]" - "[MSAA, VisibleOnly]ControlType='Edit'"
\0&lt;/a&gt;
W, 3524, 22, 2012/11/12, 16:25:33.304, 6731485736711, QTAgent32.exe, &lt;a class=success&gt;Playback - {3} [SUCCESS] MouseButtonClick - "[MSAA, VisibleOnly]ControlType='Button' &amp;&amp; Name='OK'"
\0&lt;/a&gt;
W, 3524, 22, 2012/11/12, 16:25:33.990, 6731495420654, QTAgent32.exe, &lt;a class=success&gt;Playback - {4} [SUCCESS] MouseButtonClick - "[MSAA, VisibleOnly]ControlType='Button' &amp;&amp; Name='OK'"
\0&lt;/a&gt;
W, 3524, 22, 2012/11/12, 16:25:34.146, 6731497606503, QTAgent32.exe, &lt;a class=success&gt;Playback - {5} [SUCCESS] TypeString "#(R)"
\0&lt;/a&gt;
E, 3524, 22, 2012/11/12, 16:25:34.693, 6731505428811, QTAgent32.exe, Exception: System.ArgumentException
	Message: Value does not fall within the expected range.
	Stack Trace:    at Accessibility.IAccessible.get_accRole(Object varChild)
   at Microsoft.VisualStudio.TestTools.UITest.Extension.Msaa.AccWrapper.get_RoleInt()
	BaseExceptionMessage: Value does not fall within the expected range.

E, 3524, 22, 2012/11/12, 16:25:34.693, 6731505557675, QTAgent32.exe, Exception: System.ArgumentException
	Message: Value does not fall within the expected range.
	Stack Trace:    at Accessibility.IAccessible.get_accRole(Object varChild)
   at Microsoft.VisualStudio.TestTools.UITest.Extension.Msaa.AccWrapper.get_RoleInt()
	BaseExceptionMessage: Value does not fall within the expected range.

W, 3524, 22, 2012/11/12, 16:25:35.223, 6731513020991, QTAgent32.exe, &lt;a class=success&gt;Playback - {6} [SUCCESS] LeftButtonClick  &lt; Mouse cursor location (87, 908) &gt;
\0&lt;/a&gt;
W, 3524, 22, 2012/11/12, 16:25:36.315, 6731528657226, QTAgent32.exe, &lt;a class=success&gt;Playback - {7} [SUCCESS] SetValueAsEditBox "c:\TestProject7\ourmma.reg"  &lt; Set via SendKeys &gt;
\0&lt;/a&gt;
W, 3524, 22, 2012/11/12, 16:25:36.315, 6731528659494, QTAgent32.exe, &lt;a class=success&gt;Playback - {8} [SUCCESS] SetValueAsComboBox "c:\TestProject7\ourmma.reg" - "[MSAA, VisibleOnly]ControlType='ComboBox' &amp;&amp; Name='Open:'"  &lt; Set via SetValueAsEditBox &gt;
\0&lt;/a&gt;
W, 3524, 22, 2012/11/12, 16:25:36.752, 6731535054741, QTAgent32.exe, &lt;a class=success&gt;Playback - {9} [SUCCESS] MouseButtonClick - "[MSAA, VisibleOnly]ControlType='Button' &amp;&amp; Name='OK'"
\0&lt;/a&gt;
W, 3524, 22, 2012/11/12, 16:25:37.423, 6731544562324, QTAgent32.exe, &lt;a class=success&gt;Playback - {10} [SUCCESS] MouseButtonClick - "[MSAA, VisibleOnly]ControlType='Button' &amp;&amp; Name='Yes'"
\0&lt;/a&gt;
W, 3524, 22, 2012/11/12, 16:25:37.938, 6731551929534, QTAgent32.exe, &lt;a class=success&gt;Playback - {11} [SUCCESS] MouseButtonClick - "[MSAA, VisibleOnly]ControlType='Button' &amp;&amp; Name='OK'"
\0&lt;/a&gt;
W, 3524, 22, 2012/11/12, 16:25:38.406, 6731558615281, QTAgent32.exe, &lt;a class=success&gt;Playback - {12} [SUCCESS] MouseButtonClick - "[MSAA, VisibleOnly]ControlType='Button' &amp;&amp; Name='Clients &amp; Files'"
\0&lt;/a&gt;
W, 3524, 22, 2012/11/12, 16:25:39.326, 6731571773324, QTAgent32.exe, Playback - [WARNING] Internal warning: Window Not Found: [VisibleOnly]ControlType='Window' &amp;&amp; Name='Customer: txt1 tdsfs' &amp;&amp; ClassName='ThunderRT6MDIForm'
\0
E, 3524, 22, 2012/11/12, 16:25:39.326, 6731571776093, QTAgent32.exe, &lt;a class=failure&gt;Playback - {13} [FAILED] Function ElementFetcher::FindScreenElement failed to locate UI element (Searching: ;[VisibleOnly]ControlType='Window' &amp;&amp; Name='Customer: txt1 tdsfs' &amp;&amp; ClassName='ThunderRT6MDIForm') (The object specified was not found.)
\0&lt;/a&gt;
E, 3524, 22, 2012/11/12, 16:25:39.404, 6731573020451, QTAgent32.exe, Playback - [IMAGE] C:\Users\peter.zenin-ad\AppData\Local\Temp\UITestLogs\LastRun\RPF696C.png
\0
W, 3524, 22, 2012/11/12, 16:25:39.404, 6731573022727, QTAgent32.exe, Playback - [WARNING] Internal warning: Couldn't find descendants that match QueryId
\0
W, 3524, 22, 2012/11/12, 16:25:39.404, 6731573025687, QTAgent32.exe, PERF WARNING: FindTopLevelWindowHelper::FindAllDescendents: took 827 ms. Expected it to take maximum 500 ms.
W, 3524, 22, 2012/11/12, 16:25:57.423, 6731830885320, QTAgent32.exe, Playback - [WARNING] Internal warning: Window Not Found: [VisibleOnly]ControlType='Window' &amp;&amp; Name='Customer: txt1 tdsfs' &amp;&amp; ClassName='ThunderRT6MDIForm'
\0
E, 3524, 22, 2012/11/12, 16:25:57.423, 6731830888016, QTAgent32.exe, &lt;a class=failure&gt;Playback - {14} [FAILED] Function ElementFetcher::FindScreenElement failed to locate UI element (Searching: ;[VisibleOnly]ControlType='Window' &amp;&amp; Name='Customer: txt1 tdsfs' &amp;&amp; ClassName='ThunderRT6MDIForm') (The object specified was not found.)
\0&lt;/a&gt;
E, 3524, 22, 2012/11/12, 16:25:57.501, 6731832142292, QTAgent32.exe, Playback - [IMAGE] C:\Users\peter.zenin-ad\AppData\Local\Temp\UITestLogs\LastRun\RPFB01D.png
\0
W, 3524, 22, 2012/11/12, 16:25:57.501, 6731832144482, QTAgent32.exe, Playback - [WARNING] Internal warning: Couldn't find descendants that match QueryId
\0
W, 3524, 22, 2012/11/12, 16:25:57.501, 6731832147461, QTAgent32.exe, PERF WARNING: FindTopLevelWindowHelper::FindAllDescendents: took 18097 ms. Expected it to take maximum 500 ms.
W, 3524, 22, 2012/11/12, 16:25:58.094, 6731840530680, QTAgent32.exe, Playback - [WARNING] Internal warning: Window with Class "ThunderRT6MDIForm" and Title "Customer: txt1 tdsfs" was not found, so similar window with Class "ThunderRT6MDIForm" and Title "Customer: autotest" was accepted
\0
W, 3524, 22, 2012/11/12, 16:25:58.094, 6731840534707, QTAgent32.exe, PERF WARNING: FindTopLevelWindowHelper::FindAllDescendents: took 585 ms. Expected it to take maximum 500 ms.
W, 3524, 22, 2012/11/12, 16:25:58.562, 6731847251953, QTAgent32.exe, Playback - [WARNING] Internal warning: Incorrect flag set for InvokeProgrammaticAction\0
W, 3524, 22, 2012/11/12, 16:25:58.890, 6731851883105, QTAgent32.exe, &lt;a class=success&gt;Playback - {15} [SUCCESS] SetValueAsComboBox "Customers" - "[MSAA, VisibleOnly]ControlType='ComboBox'"  &lt; SetValueAsComboBox, set by clicking on the item in the list box &gt;
\0&lt;/a&gt;
W, 3524, 22, 2012/11/12, 16:25:59.545, 6731861382033, QTAgent32.exe, &lt;a class=success&gt;Playback - {16} [SUCCESS] MouseButtonClick - "[MSAA, VisibleOnly]ControlType='Button' &amp;&amp; Name='Add'"
\0&lt;/a&gt;
W, 3524, 22, 2012/11/12, 16:25:59.951, 6731867052783, QTAgent32.exe, &lt;a class=success&gt;Playback - {17} [SUCCESS] SendKeys "autotest" - "[MSAA, VisibleOnly]ControlType='RadioButton' &amp;&amp; Name='Personal Lines'"
\0&lt;/a&gt;
W, 3524, 22, 2012/11/12, 16:26:00.419, 6731873756216, QTAgent32.exe, &lt;a class=success&gt;Playback - {18} [SUCCESS] SetValueAsEditBox "autotest" - "[MSAA, VisibleOnly]ControlType='Edit'"  &lt; Set via SendKeys &gt;
\0&lt;/a&gt;
W, 3524, 22, 2012/11/12, 16:26:00.965, 6731881758176, QTAgent32.exe, &lt;a class=success&gt;Playback - {19} [SUCCESS] MouseButtonClick - "[MSAA, VisibleOnly]ControlType='Button' &amp;&amp; Name='OK'"
\0&lt;/a&gt;
W, 3524, 22, 2012/11/12, 16:26:01.542, 6731889939885, QTAgent32.exe, &lt;a class=success&gt;Playback - {20} [SUCCESS] MouseButtonClick - "[MSAA, VisibleOnly]ControlType='Button' &amp;&amp; Name='Yes'"
\0&lt;/a&gt;
W, 3524, 22, 2012/11/12, 16:26:01.761, 6731892961572, QTAgent32.exe, &lt;a class=success&gt;Playback - {21} [SUCCESS] SendKeys "^{HOME}" - "[MSAA, VisibleOnly]ControlType='Edit'"
\0&lt;/a&gt;
E, 3524, 22, 2012/11/12, 16:26:01.761, 6731892964364, QTAgent32.exe, Msaa.GetFocusedElement: could not find accessible object of foreground window
W, 3524, 22, 2012/11/12, 16:26:01.839, 6731894079508, QTAgent32.exe, &lt;a class=success&gt;Playback - {22} [SUCCESS] SendKeys "^+{END}" - "[MSAA, VisibleOnly]ControlType='Edit'"
\0&lt;/a&gt;
E, 3524, 22, 2012/11/12, 16:26:01.839, 6731894081542, QTAgent32.exe, Msaa.GetFocusedElement: could not find accessible object of foreground window
W, 3524, 22, 2012/11/12, 16:26:01.854, 6731894302432, QTAgent32.exe, &lt;a class=success&gt;Playback - {23} [SUCCESS] SendKeys "{DELETE}" - "[MSAA, VisibleOnly]ControlType='Edit'"
\0&lt;/a&gt;
W, 3524, 22, 2012/11/12, 16:26:01.932, 6731895423798, QTAgent32.exe, &lt;a class=success&gt;Playback - {24} [SUCCESS] SetValueAsEditBox "1" - "[MSAA, VisibleOnly]ControlType='Edit'"  &lt; Set via SendKeys &gt;
\0&lt;/a&gt;
W, 3524, 22, 2012/11/12, 16:26:02.151, 6731898545965, QTAgent32.exe, &lt;a class=success&gt;Playback - {25} [SUCCESS] SendKeys "^{HOME}" - "[MSAA, VisibleOnly]ControlType='Edit'"
\0&lt;/a&gt;
E, 3524, 22, 2012/11/12, 16:26:02.151, 6731898548626, QTAgent32.exe, Msaa.GetFocusedElement: could not find accessible object of foreground window
W, 3524, 22, 2012/11/12, 16:26:02.244, 6731899886747, QTAgent32.exe, &lt;a class=success&gt;Playback - {26} [SUCCESS] SendKeys "^+{END}" - "[MSAA, VisibleOnly]ControlType='Edit'"
\0&lt;/a&gt;
E, 3524, 22, 2012/11/12, 16:26:02.244, 6731899889480, QTAgent32.exe, Msaa.GetFocusedElement: could not find accessible object of foreground window
W, 3524, 22, 2012/11/12, 16:26:02.260, 6731900109867, QTAgent32.exe, &lt;a class=success&gt;Playback - {27} [SUCCESS] SendKeys "{DELETE}" - "[MSAA, VisibleOnly]ControlType='Edit'"
\0&lt;/a&gt;
W, 3524, 22, 2012/11/12, 16:26:02.353, 6731901454929, QTAgent32.exe, &lt;a class=success&gt;Playback - {28} [SUCCESS] SetValueAsEditBox "1" - "[MSAA, VisibleOnly]ControlType='Edit'"  &lt; Set via SendKeys &gt;
\0&lt;/a&gt;
W, 3524, 22, 2012/11/12, 16:26:02.884, 6731909172188, QTAgent32.exe, &lt;a class=success&gt;Playback - {29} [SUCCESS] MouseButtonClick - "[MSAA, VisibleOnly]ControlType='Button' &amp;&amp; Name='OK'"
\0&lt;/a&gt;
W, 3524, 22, 2012/11/12, 16:26:03.399, 6731916603312, QTAgent32.exe, &lt;a class=success&gt;Playback - {30} [SUCCESS] MouseButtonClick - "[MSAA, VisibleOnly]ControlType='Button'"
\0&lt;/a&gt;
W, 3524, 22, 2012/11/12, 16:26:03.914, 6731923818848, QTAgent32.exe, &lt;a class=success&gt;Playback - {31} [SUCCESS] MouseButtonClick - "[MSAA, VisibleOnly]ControlType='Button' &amp;&amp; Name='Add'"
\0&lt;/a&gt;
W, 3524, 22, 2012/11/12, 16:26:04.413, 6731931112309, QTAgent32.exe, &lt;a class=success&gt;Playback - {32} [SUCCESS] MouseButtonClick - "[MSAA, VisibleOnly]ControlType='Button' &amp;&amp; Name='OK'"
\0&lt;/a&gt;
W, 3524, 22, 2012/11/12, 16:26:06.878, 6731966225031, QTAgent32.exe, &lt;a class=success&gt;Playback - {33} [SUCCESS] MouseButtonClick - "[MSAA, VisibleOnly,Window]ControlType='Window' &amp;&amp; ClassName='ThunderRT6TextBox'"
\0&lt;/a&gt;
W, 3524, 22, 2012/11/12, 16:26:07.221, 6731971143734, QTAgent32.exe, &lt;a class=success&gt;Playback - {34} [SUCCESS] SetValueAsEditBox "HOME" - "[MSAA, VisibleOnly]ControlType='Edit'"  &lt; Set via SendKeys &gt;
\0&lt;/a&gt;
W, 3524, 22, 2012/11/12, 16:26:07.720, 6731978497528, QTAgent32.exe, &lt;a class=success&gt;Playback - {35} [SUCCESS] MouseButtonClick - "[MSAA, VisibleOnly]ControlType='Button' &amp;&amp; Name='OK'"
\0&lt;/a&gt;
W, 3524, 22, 2012/11/12, 16:26:08.157, 6731984609081, QTAgent32.exe, &lt;a class=success&gt;Playback - {36} [SUCCESS] MouseButtonClick - "[MSAA, VisibleOnly]ControlType='Button' &amp;&amp; Name='Options'"
\0&lt;/a&gt;
W, 3524, 22, 2012/11/12, 16:26:08.266, 6731986113395, QTAgent32.exe, FindScreenElementInSinglePass : Attempting to find control in one pass of search. Failures can occur.
W, 3524, 22, 2012/11/12, 16:26:08.438, 6731988560714, QTAgent32.exe, &lt;a class=success&gt;Playback - {37} [SUCCESS] MouseButtonClick - "[MSAA]ControlType='MenuItem' &amp;&amp; Name='Links'"
\0&lt;/a&gt;
W, 3524, 22, 2012/11/12, 16:26:08.547, 6731990130150, QTAgent32.exe, FindScreenElementInSinglePass : Attempting to find control in one pass of search. Failures can occur.
W, 3524, 22, 2012/11/12, 16:26:08.734, 6731992807119, QTAgent32.exe, &lt;a class=success&gt;Playback - {38} [SUCCESS] MouseButtonClick - "[MSAA]ControlType='MenuItem' &amp;&amp; Name='3rd Party Integration'"
\0&lt;/a&gt;
W, 3524, 22, 2012/11/12, 16:26:08.844, 6731994373566, QTAgent32.exe, FindScreenElementInSinglePass : Attempting to find control in one pass of search. Failures can occur.
W, 3524, 22, 2012/11/12, 16:26:09.031, 6731997078194, QTAgent32.exe, &lt;a class=success&gt;Playback - {39} [SUCCESS] MouseButtonClick - "[MSAA]ControlType='MenuItem' &amp;&amp; Name='Quote Select List'"
\0&lt;/a&gt;
W, 3524, 22, 2012/11/12, 16:26:10.856, 6732023187200, QTAgent32.exe, PERF WARNING: FindTopLevelWindowHelper::FindAllDescendents: took 1692 ms. Expected it to take maximum 500 ms.
W, 3524, 22, 2012/11/12, 16:26:11.527, 6732032930064, QTAgent32.exe, &lt;a class=success&gt;Playback - {40} [SUCCESS] MouseButtonClick - "[MSAA, VisibleOnly]ControlType='Button' &amp;&amp; Name='Ok'"
\0&lt;/a&gt;
W, 3524, 22, 2012/11/12, 16:26:15.209, 6732085513288, QTAgent32.exe, PERF WARNING: FindTopLevelWindowHelper::FindAllDescendents: took 3558 ms. Expected it to take maximum 500 ms.
W, 3524, 22, 2012/11/12, 16:26:15.365, 6732087739001, QTAgent32.exe, &lt;a class=success&gt;Playback - {41} [SUCCESS] SendKeys "^{HOME}" - "[MSAA, VisibleOnly]ControlType='Edit'"
\0&lt;/a&gt;
E, 3524, 22, 2012/11/12, 16:26:15.365, 6732087741591, QTAgent32.exe, Msaa.GetFocusedElement: could not find accessible object of foreground window
W, 3524, 22, 2012/11/12, 16:26:15.458, 6732089074633, QTAgent32.exe, &lt;a class=success&gt;Playback - {42} [SUCCESS] SendKeys "^+{END}" - "[MSAA, VisibleOnly]ControlType='Edit'"
\0&lt;/a&gt;
E, 3524, 22, 2012/11/12, 16:26:15.458, 6732089076763, QTAgent32.exe, Msaa.GetFocusedElement: could not find accessible object of foreground window
W, 3524, 22, 2012/11/12, 16:26:15.474, 6732089299495, QTAgent32.exe, &lt;a class=success&gt;Playback - {43} [SUCCESS] SendKeys "{DELETE}" - "[MSAA, VisibleOnly]ControlType='Edit'"
\0&lt;/a&gt;
W, 3524, 22, 2012/11/12, 16:26:15.802, 6732093993063, QTAgent32.exe, &lt;a class=success&gt;Playback - {44} [SUCCESS] SetValueAsEditBox "19/11/12" - "[MSAA, VisibleOnly]ControlType='Edit'"  &lt; Set via SendKeys &gt;
\0&lt;/a&gt;
W, 3524, 22, 2012/11/12, 16:26:16.207, 6732099800335, QTAgent32.exe, &lt;a class=success&gt;Playback - {45} [SUCCESS] SetValueAsEditBox "test1" - "[MSAA, VisibleOnly]ControlType='Edit'"  &lt; Set via SendKeys &gt;
\0&lt;/a&gt;
W, 3524, 22, 2012/11/12, 16:26:16.691, 6732106725951, QTAgent32.exe, &lt;a class=success&gt;Playback - {46} [SUCCESS] SetValueAsEditBox "test" - "[MSAA, VisibleOnly]ControlType='Edit'"  &lt; Set via SendKeys &gt;
\0&lt;/a&gt;
W, 3524, 22, 2012/11/12, 16:26:16.909, 6732109848086, QTAgent32.exe, &lt;a class=success&gt;Playback - {47} [SUCCESS] SendKeys "^{HOME}" - "[MSAA, VisibleOnly]ControlType='Edit'"
\0&lt;/a&gt;
E, 3524, 22, 2012/11/12, 16:26:16.909, 6732109850619, QTAgent32.exe, Msaa.GetFocusedElement: could not find accessible object of foreground window
W, 3524, 22, 2012/11/12, 16:26:16.987, 6732110964335, QTAgent32.exe, &lt;a class=success&gt;Playback - {48} [SUCCESS] SendKeys "^+{END}" - "[MSAA, VisibleOnly]ControlType='Edit'"
\0&lt;/a&gt;
E, 3524, 22, 2012/11/12, 16:26:16.987, 6732110966523, QTAgent32.exe, Msaa.GetFocusedElement: could not find accessible object of foreground window
W, 3524, 22, 2012/11/12, 16:26:17.003, 6732111187867, QTAgent32.exe, &lt;a class=success&gt;Playback - {49} [SUCCESS] SendKeys "{DELETE}" - "[MSAA, VisibleOnly]ControlType='Edit'"
\0&lt;/a&gt;
W, 3524, 22, 2012/11/12, 16:26:17.190, 6732113873911, QTAgent32.exe, &lt;a class=success&gt;Playback - {50} [SUCCESS] SetValueAsEditBox "test" - "[MSAA, VisibleOnly]ControlType='Edit'"  &lt; Set via SendKeys &gt;
\0&lt;/a&gt;
W, 3524, 22, 2012/11/12, 16:26:17.799, 6732122584132, QTAgent32.exe, Playback - [WARNING] Internal warning: Incorrect flag set for InvokeProgrammaticAction\0
W, 3524, 22, 2012/11/12, 16:26:18.126, 6732127290957, QTAgent32.exe, &lt;a class=success&gt;Playback - {51} [SUCCESS] SetValueAsComboBox "Account Director" - "[MSAA, VisibleOnly]ControlType='ComboBox'"  &lt; SetValueAsComboBox, set by clicking on the item in the list box &gt;
\0&lt;/a&gt;
W, 3524, 22, 2012/11/12, 16:26:18.704, 6732135717220, QTAgent32.exe, Playback - [WARNING] Internal warning: Incorrect flag set for InvokeProgrammaticAction\0
W, 3524, 22, 2012/11/12, 16:26:19.031, 6732140238642, QTAgent32.exe, &lt;a class=success&gt;Playback - {52} [SUCCESS] SetValueAsComboBox "Advertising" - "[MSAA, VisibleOnly]ControlType='ComboBox'"  &lt; SetValueAsComboBox, set by clicking on the item in the list box &gt;
\0&lt;/a&gt;
W, 3524, 22, 2012/11/12, 16:26:19.499, 6732146931139, QTAgent32.exe, &lt;a class=success&gt;Playback - {53} [SUCCESS] SetValueAsEditBox "160589" - "[MSAA, VisibleOnly]ControlType='Edit'"  &lt; Set via SendKeys &gt;
\0&lt;/a&gt;
W, 3524, 22, 2012/11/12, 16:26:19.952, 6732153409353, QTAgent32.exe, &lt;a class=success&gt;Playback - {54} [SUCCESS] MouseButtonClick - "[MSAA, VisibleOnly]ControlType='Edit'"
\0&lt;/a&gt;
W, 3524, 22, 2012/11/12, 16:26:20.373, 6732159439820, QTAgent32.exe, &lt;a class=success&gt;Playback - {55} [SUCCESS] SetValueAsEditBox "BN16BN" - "[MSAA, VisibleOnly]ControlType='Edit'"  &lt; Set via SendKeys &gt;
\0&lt;/a&gt;
W, 3524, 22, 2012/11/12, 16:26:22.775, 6732193833446, QTAgent32.exe, &lt;a class=success&gt;Playback - {56} [SUCCESS] MouseButtonClick - "[MSAA, VisibleOnly]ControlType='Button' &amp;&amp; Name='Lookup...'"
\0&lt;/a&gt;
W, 3524, 22, 2012/11/12, 16:26:23.243, 6732200656803, QTAgent32.exe, &lt;a class=success&gt;Playback - {57} [SUCCESS] MouseButtonClick - "[MSAA, VisibleOnly]ControlType='Button' &amp;&amp; Name='Ok'"
\0&lt;/a&gt;
W, 3524, 22, 2012/11/12, 16:26:23.743, 6732207757499, QTAgent32.exe, &lt;a class=success&gt;Playback - {58} [SUCCESS] MouseButtonClick - "[MSAA, VisibleOnly]ControlType='Button' &amp;&amp; Name='Next &gt;'"
\0&lt;/a&gt;
W, 3524, 22, 2012/11/12, 16:26:24.148, 6732213494833, QTAgent32.exe, &lt;a class=success&gt;Playback - {59} [SUCCESS] SetValueAsEditBox "1989" - "[MSAA, VisibleOnly]ControlType='Edit'"  &lt; Set via SendKeys &gt;
\0&lt;/a&gt;
W, 3524, 22, 2012/11/12, 16:26:24.632, 6732220420352, QTAgent32.exe, &lt;a class=success&gt;Playback - {60} [SUCCESS] MouseButtonClick - "[MSAA, VisibleOnly]ControlType='Button' &amp;&amp; Name='Next &gt;'"
\0&lt;/a&gt;
W, 3524, 22, 2012/11/12, 16:26:24.850, 6732223693415, QTAgent32.exe, &lt;a class=success&gt;Playback - {61} [SUCCESS] MouseButtonClick - "[MSAA, VisibleOnly]ControlType='Button' &amp;&amp; Name='Next &gt;'"
\0&lt;/a&gt;
W, 3524, 22, 2012/11/12, 16:26:25.084, 6732226994275, QTAgent32.exe, &lt;a class=success&gt;Playback - {62} [SUCCESS] MouseButtonClick - "[MSAA, VisibleOnly]ControlType='Button' &amp;&amp; Name='Next &gt;'"
\0&lt;/a&gt;
W, 3524, 22, 2012/11/12, 16:26:25.490, 6732232703921, QTAgent32.exe, &lt;a class=success&gt;Playback - {63} [SUCCESS] SetValueAsEditBox "2345" - "[MSAA, VisibleOnly]ControlType='Edit'"  &lt; Set via SendKeys &gt;
\0&lt;/a&gt;
W, 3524, 22, 2012/11/12, 16:26:25.911, 6732238735175, QTAgent32.exe, &lt;a class=success&gt;Playback - {64} [SUCCESS] SetValueAsEditBox "2000" - "[MSAA, VisibleOnly]ControlType='Edit'"  &lt; Set via SendKeys &gt;
\0&lt;/a&gt;
W, 3524, 22, 2012/11/12, 16:26:26.333, 6732244766414, QTAgent32.exe, &lt;a class=success&gt;Playback - {65} [SUCCESS] SetValueAsEditBox "2000" - "[MSAA, VisibleOnly]ControlType='Edit'"  &lt; Set via SendKeys &gt;
\0&lt;/a&gt;
W, 3524, 22, 2012/11/12, 16:26:26.551, 6732248062029, QTAgent32.exe, &lt;a class=success&gt;Playback - {66} [SUCCESS] MouseButtonClick - "[MSAA, VisibleOnly]ControlType='Button' &amp;&amp; Name='Next &gt;'"
\0&lt;/a&gt;
W, 3524, 22, 2012/11/12, 16:26:26.972, 6732253923343, QTAgent32.exe, &lt;a class=success&gt;Playback - {67} [SUCCESS] SetValueAsEditBox "2345" - "[MSAA, VisibleOnly]ControlType='Edit'"  &lt; Set via SendKeys &gt;
\0&lt;/a&gt;
W, 3524, 22, 2012/11/12, 16:26:27.347, 6732259465927, QTAgent32.exe, &lt;a class=success&gt;Playback - {68} [SUCCESS] MouseButtonClick - "[MSAA, VisibleOnly]ControlType='Button' &amp;&amp; Name='Next &gt;'"
\0&lt;/a&gt;
W, 3524, 22, 2012/11/12, 16:26:27.737, 6732264936693, QTAgent32.exe, &lt;a class=success&gt;Playback - {69} [SUCCESS] MouseButtonClick - "[MSAA, VisibleOnly]ControlType='Button' &amp;&amp; Name='Next &gt;'"
\0&lt;/a&gt;
W, 3524, 22, 2012/11/12, 16:26:28.033, 6732269158681, QTAgent32.exe, &lt;a class=success&gt;Playback - {70} [SUCCESS] MouseButtonClick - "[MSAA, VisibleOnly]ControlType='Button' &amp;&amp; Name='Quote'"
\0&lt;/a&gt;
W, 3524, 22, 2012/11/12, 16:26:28.626, 6732277663397, QTAgent32.exe, &lt;a class=success&gt;Playback - {71} [SUCCESS] MouseButtonClick - "[MSAA, VisibleOnly]ControlType='Button' &amp;&amp; Name='No'"
\0&lt;/a&gt;
W, 3524, 22, 2012/11/12, 16:26:28.938, 6732282145181, QTAgent32.exe, Playback - [WARNING] Internal warning: The window that the search started from became invalid
\0
W, 3524, 22, 2012/11/12, 16:26:30.950, 6732310910586, QTAgent32.exe, PERF WARNING: FindTopLevelWindowHelper::FindAllDescendents: took 2217 ms. Expected it to take maximum 500 ms.
W, 3524, 22, 2012/11/12, 16:26:31.278, 6732315568747, QTAgent32.exe, &lt;a class=success&gt;Playback - {72} [SUCCESS] MouseButtonClick - "[MSAA, VisibleOnly]ControlType='Client'"
\0&lt;/a&gt;
W, 3524, 22, 2012/11/12, 16:26:32.823, 6732337695606, QTAgent32.exe, &lt;a class=success&gt;Playback - {73} [SUCCESS] SendKeys "{Home}" - "[MSAA, VisibleOnly]ControlType='Client'"
\0&lt;/a&gt;
W, 3524, 22, 2012/11/12, 16:26:33.400, 6732346079997, QTAgent32.exe, &lt;a class=success&gt;Playback - {74} [SUCCESS] MouseButtonClick - "[MSAA, VisibleOnly]ControlType='Button' &amp;&amp; Name='Accept'"
\0&lt;/a&gt;
W, 3524, 22, 2012/11/12, 16:26:33.852, 6732352634174, QTAgent32.exe, &lt;a class=success&gt;Playback - {75} [SUCCESS] MouseButtonClick - "[MSAA, VisibleOnly]ControlType='Button' &amp;&amp; Name='Yes'"
\0&lt;/a&gt;
W, 3524, 22, 2012/11/12, 16:26:36.302, 6732387489767, QTAgent32.exe, &lt;a class=success&gt;Playback - {76} [SUCCESS] MouseButtonClick - "[MSAA, VisibleOnly]ControlType='Button' &amp;&amp; Name='Ok'"
\0&lt;/a&gt;
W, 3524, 22, 2012/11/12, 16:26:49.422, 6732575346132, QTAgent32.exe, Playback - [WARNING] Internal warning: Window Not Found: [VisibleOnly]ControlType='Window' &amp;&amp; Name='Save the file as' &amp;&amp; ClassName='#32770'
\0
E, 3524, 22, 2012/11/12, 16:26:49.422, 6732575349096, QTAgent32.exe, &lt;a class=failure&gt;Playback - {77} [FAILED] Function ElementFetcher::FindScreenElement failed to locate UI element (Searching: ;[VisibleOnly]ControlType='Window' &amp;&amp; Name='Save the file as' &amp;&amp; ClassName='#32770') (The object specified was not found.)
\0&lt;/a&gt;
E, 3524, 22, 2012/11/12, 16:26:49.500, 6732576591253, QTAgent32.exe, Playback - [IMAGE] C:\Users\peter.zenin-ad\AppData\Local\Temp\UITestLogs\LastRun\RPF7B39.png
\0
W, 3524, 22, 2012/11/12, 16:26:49.500, 6732576593340, QTAgent32.exe, Playback - [WARNING] Internal warning: Couldn't find descendants that match QueryId
\0
W, 3524, 22, 2012/11/12, 16:26:49.500, 6732576596303, QTAgent32.exe, PERF WARNING: FindTopLevelWindowHelper::FindAllDescendents: took 13098 ms. Expected it to take maximum 500 ms.
W, 3524, 22, 2012/11/12, 16:27:07.738, 6732837576349, QTAgent32.exe, Playback - [WARNING] Internal warning: Window Not Found: [VisibleOnly]ControlType='Window' &amp;&amp; Name='Save the file as' &amp;&amp; ClassName='#32770'
\0
E, 3524, 22, 2012/11/12, 16:27:07.738, 6732837579209, QTAgent32.exe, &lt;a class=failure&gt;Playback - {78} [FAILED] Function ElementFetcher::FindScreenElement failed to locate UI element (Searching: ;[VisibleOnly]ControlType='Window' &amp;&amp; Name='Save the file as' &amp;&amp; ClassName='#32770') (The object specified was not found.)
\0&lt;/a&gt;
E, 3524, 22, 2012/11/12, 16:27:07.816, 6732838830151, QTAgent32.exe, Playback - [IMAGE] C:\Users\peter.zenin-ad\AppData\Local\Temp\UITestLogs\LastRun\RPFC2C5.png
\0
W, 3524, 22, 2012/11/12, 16:27:07.816, 6732838832450, QTAgent32.exe, Playback - [WARNING] Internal warning: Couldn't find descendants that match QueryId
\0
W, 3524, 22, 2012/11/12, 16:27:07.816, 6732838835785, QTAgent32.exe, PERF WARNING: FindTopLevelWindowHelper::FindAllDescendents: took 18314 ms. Expected it to take maximum 500 ms.
W, 3524, 22, 2012/11/12, 16:27:10.983, 6732884036834, QTAgent32.exe, Playback - [WARNING] Internal warning: Smart Match failed
\0
W, 3524, 22, 2012/11/12, 16:27:12.528, 6732906147924, QTAgent32.exe, Playback - [WARNING] Internal warning: Window Not Found: [VisibleOnly]ControlType='Window' &amp;&amp; Name='Save the file as' &amp;&amp; ClassName='#32770'
\0
E, 3524, 22, 2012/11/12, 16:27:12.528, 6732906150824, QTAgent32.exe, &lt;a class=failure&gt;Playback - {79} [FAILED] Function ElementFetcher::FindScreenElement failed to locate UI element (Searching: ;[VisibleOnly]ControlType='Window' &amp;&amp; Name='Save the file as' &amp;&amp; ClassName='#32770') (The object specified was not found.)
\0&lt;/a&gt;
E, 3524, 22, 2012/11/12, 16:27:12.606, 6732907397604, QTAgent32.exe, Playback - [IMAGE] C:\Users\peter.zenin-ad\AppData\Local\Temp\UITestLogs\LastRun\RPFD57B.png
\0
W, 3524, 22, 2012/11/12, 16:27:12.606, 6732907399819, QTAgent32.exe, Playback - [WARNING] Internal warning: Couldn't find descendants that match QueryId
\0
W, 3524, 22, 2012/11/12, 16:27:12.606, 6732907402835, QTAgent32.exe, PERF WARNING: FindTopLevelWindowHelper::FindAllDescendents: took 4788 ms. Expected it to take maximum 500 ms.
E, 3524, 22, 2012/11/12, 16:27:12.606, 6732907404664, QTAgent32.exe, Exception: System.Runtime.InteropServices.COMException
	Message: Error HRESULT E_FAIL has been returned from a call to a COM component.
	Stack Trace:    at Microsoft.VisualStudio.TestTools.UITest.Playback.Engine.IRPFPlayback.FindAllScreenElements(IScreenElement pScreenElementStart, String bstrQueryId, Object&amp; pvarResKeys, Int32 cResKeys, Int32 nMaxDepth, Object[]&amp; foundDescendants)
   at Microsoft.VisualStudio.TestTools.UITest.Playback.ScreenElement.FindTopLevelWindowHelper(String queryId)
	BaseExceptionMessage: Error HRESULT E_FAIL has been returned from a call to a COM component.

E, 3524, 22, 2012/11/12, 16:27:12.746, 6732909273202, QTAgent32.exe, AL: Playback Error: Microsoft.VisualStudio.TestTools.UITest.Extension.UITestControlNotFoundException: The playback failed to find the control with the given search properties. Additional Details: 
TechnologyName:  'MSAA'
ControlType:  'Window'
Name:  'Save the file as'
ClassName:  '#32770'
 ---&gt; System.Runtime.InteropServices.COMException: Error HRESULT E_FAIL has been returned from a call to a COM component.
   at Microsoft.VisualStudio.TestTools.UITest.Playback.Engine.IRPFPlayback.FindAllScreenElements(IScreenElement pScreenElementStart, String bstrQueryId, Object&amp; pvarResKeys, Int32 cResKeys, Int32 nMaxDepth, Object[]&amp; foundDescendants)
   at Microsoft.VisualStudio.TestTools.UITest.Playback.ScreenElement.FindTopLevelWindowHelper(String queryId)
   at Microsoft.VisualStudio.TestTools.UITest.Playback.ScreenElement.FindFromPartialQueryId(String queryId)
   at Microsoft.VisualStudio.TestTools.UITesting.UITestControl..ctor(String queryId)
   --- End of inner exception stack trace ---
   at Microsoft.VisualStudio.TestTools.UITesting.Playback.MapControlNotFoundException(COMException ex, IPlaybackContext context)
   at Microsoft.VisualStudio.TestTools.UITesting.Playback.MapAndThrowComException(COMException innerException, IPlaybackContext context)
   at Microsoft.VisualStudio.TestTools.UITesting.Playback.MapAndThrowException(SystemException exception, IPlaybackContext context)
   at Microsoft.VisualStudio.TestTools.UITesting.Playback.MapAndThrowException(SystemException exception, String queryId)
   at Microsoft.VisualStudio.TestTools.UITesting.UITestControl..ctor(String queryId)
   at Microsoft.VisualStudio.TestTools.UITesting.SearchHelper.SearchTopLevelWindow(ISearchArgument topLevelSearchArg, String topLevelElementQueryId)
   at Microsoft.VisualStudio.TestTools.UITesting.SearchHelper.GetTitleUpdatedTopLevelWindow(ISearchArgument topLevelSearchArg, String queryId, IList`1 windowTitles)
   at Microsoft.VisualStudio.TestTools.UITesting.SearchHelper.GetTopLevelElement(Boolean useCache, Boolean useCacheOnly, ISearchArgument searchArg, IList`1 windowTitles, Int32&amp; timeLeft)
   at Microsoft.VisualStudio.TestTools.UITesting.SearchHelper.GetElement(Boolean useCache, ISearchArgument searchArg)
   at Microsoft.VisualStudio.TestTools.UITesting.SearchHelper.Search(ISearchArgument searchArg)
   at Microsoft.VisualStudio.TestTools.UITesting.UITestControl.FindInternal()
   at Microsoft.VisualStudio.TestTools.UITesting.UITestControl.FindControlIfNecessary()
   at Microsoft.VisualStudio.TestTools.UITesting.UITestControl.Click(MouseButtons button, ModifierKeys modifierKeys, Point relativeCoordinates)
   at Microsoft.VisualStudio.TestTools.UITesting.Mouse.ClickImplementation(UITestControl control, MouseButtons button, ModifierKeys modifierKeys, Point relativeCoordinate)
   at Microsoft.VisualStudio.TestTools.UITesting.Mouse.ClickImplementationWrapper(UITestControl control, MouseButtons button, ModifierKeys modifierKeys, Point relativeCoordinate)
W, 3524, 22, 2012/11/12, 16:27:12.746, 6732909275111, QTAgent32.exe, PlaybackErrorHandler: Ignoring exception as ContinueOnError is set.
W, 3524, 22, 2012/11/12, 16:27:13.136, 6732914870725, QTAgent32.exe, &lt;a class=success&gt;Playback - {80} [SUCCESS] MouseButtonClick - "[MSAA, VisibleOnly]ControlType='Button' &amp;&amp; Name='Ok'"
\0&lt;/a&gt;
W, 3524, 22, 2012/11/12, 16:27:13.604, 6732921567315, QTAgent32.exe, &lt;a class=success&gt;Playback - {81} [SUCCESS] MouseButtonClick - "[MSAA, VisibleOnly]ControlType='Button' &amp;&amp; Name='Ok'"
\0&lt;/a&gt;
W, 3524, 22, 2012/11/12, 16:27:14.135, 6732929154770, QTAgent32.exe, &lt;a class=success&gt;Playback - {82} [SUCCESS] SetValueAsEditBox "B338TH" - "[MSAA, VisibleOnly]ControlType='Edit'"  &lt; Set via SendKeys &gt;
\0&lt;/a&gt;
W, 3524, 22, 2012/11/12, 16:27:16.600, 6732964437903, QTAgent32.exe, &lt;a class=success&gt;Playback - {83} [SUCCESS] MouseButtonClick - "[MSAA, VisibleOnly]ControlType='Button' &amp;&amp; Name='Lookup...'"
\0&lt;/a&gt;
W, 3524, 22, 2012/11/12, 16:27:16.990, 6732970030554, QTAgent32.exe, &lt;a class=success&gt;Playback - {84} [SUCCESS] MouseButtonClick - "[MSAA, VisibleOnly]ControlType='Button' &amp;&amp; Name='Ok'"
\0&lt;/a&gt;
W, 3524, 22, 2012/11/12, 16:27:17.458, 6732976930135, QTAgent32.exe, &lt;a class=success&gt;Playback - {85} [SUCCESS] MouseButtonClick - "[MSAA, VisibleOnly]ControlType='Button' &amp;&amp; Name='Confirm'"
\0&lt;/a&gt;
W, 3524, 22, 2012/11/12, 16:27:40.813, 6733311108325, QTAgent32.exe, Playback - [WARNING] Internal warning: Window Not Found: [VisibleOnly]ControlType='Window' &amp;&amp; Name='insur-E.tam' &amp;&amp; ClassName='#32770'
\0
E, 3524, 22, 2012/11/12, 16:27:40.813, 6733311111360, QTAgent32.exe, &lt;a class=failure&gt;Playback - {86} [FAILED] Function ElementFetcher::FindScreenElement failed to locate UI element (Searching: ;[VisibleOnly]ControlType='Window' &amp;&amp; Name='insur-E.tam' &amp;&amp; ClassName='#32770') (The object specified was not found.)
\0&lt;/a&gt;
E, 3524, 22, 2012/11/12, 16:27:40.891, 6733312344626, QTAgent32.exe, Playback - [IMAGE] C:\Users\peter.zenin-ad\AppData\Local\Temp\UITestLogs\LastRun\RPF43F7.png
\0
W, 3524, 22, 2012/11/12, 16:27:40.891, 6733312346820, QTAgent32.exe, Playback - [WARNING] Internal warning: Couldn't find descendants that match QueryId
\0
W, 3524, 22, 2012/11/12, 16:27:40.891, 6733312349765, QTAgent32.exe, PERF WARNING: FindTopLevelWindowHelper::FindAllDescendents: took 23330 ms. Expected it to take maximum 500 ms.
W, 3524, 22, 2012/11/12, 16:27:59.128, 6733573338309, QTAgent32.exe, Playback - [WARNING] Internal warning: Window Not Found: [VisibleOnly]ControlType='Window' &amp;&amp; Name='insur-E.tam' &amp;&amp; ClassName='#32770'
\0
E, 3524, 22, 2012/11/12, 16:27:59.128, 6733573342498, QTAgent32.exe, &lt;a class=failure&gt;Playback - {87} [FAILED] Function ElementFetcher::FindScreenElement failed to locate UI element (Searching: ;[VisibleOnly]ControlType='Window' &amp;&amp; Name='insur-E.tam' &amp;&amp; ClassName='#32770') (The object specified was not found.)
\0&lt;/a&gt;
E, 3524, 22, 2012/11/12, 16:27:59.206, 6733574573989, QTAgent32.exe, Playback - [IMAGE] C:\Users\peter.zenin-ad\AppData\Local\Temp\UITestLogs\LastRun\RPF8B83.png
\0
W, 3524, 22, 2012/11/12, 16:27:59.206, 6733574576234, QTAgent32.exe, Playback - [WARNING] Internal warning: Couldn't find descendants that match QueryId
\0
W, 3524, 22, 2012/11/12, 16:27:59.206, 6733574579268, QTAgent32.exe, PERF WARNING: FindTopLevelWindowHelper::FindAllDescendents: took 18314 ms. Expected it to take maximum 500 ms.
W, 3524, 22, 2012/11/12, 16:28:02.373, 6733619797030, QTAgent32.exe, Playback - [WARNING] Internal warning: Smart Match failed
\0
W, 3524, 22, 2012/11/12, 16:28:03.902, 6733641686781, QTAgent32.exe, Playback - [WARNING] Internal warning: Window Not Found: [VisibleOnly]ControlType='Window' &amp;&amp; Name='insur-E.tam' &amp;&amp; ClassName='#32770'
\0
E, 3524, 22, 2012/11/12, 16:28:03.902, 6733641689773, QTAgent32.exe, &lt;a class=failure&gt;Playback - {88} [FAILED] Function ElementFetcher::FindScreenElement failed to locate UI element (Searching: ;[VisibleOnly]ControlType='Window' &amp;&amp; Name='insur-E.tam' &amp;&amp; ClassName='#32770') (The object specified was not found.)
\0&lt;/a&gt;
E, 3524, 22, 2012/11/12, 16:28:03.980, 6733642930177, QTAgent32.exe, Playback - [IMAGE] C:\Users\peter.zenin-ad\AppData\Local\Temp\UITestLogs\LastRun\RPF9E29.png
\0
W, 3524, 22, 2012/11/12, 16:28:03.980, 6733642932357, QTAgent32.exe, Playback - [WARNING] Internal warning: Couldn't find descendants that match QueryId
\0
W, 3524, 22, 2012/11/12, 16:28:03.980, 6733642935404, QTAgent32.exe, PERF WARNING: FindTopLevelWindowHelper::FindAllDescendents: took 4773 ms. Expected it to take maximum 500 ms.
E, 3524, 22, 2012/11/12, 16:28:03.980, 6733642937228, QTAgent32.exe, Exception: System.Runtime.InteropServices.COMException
	Message: Error HRESULT E_FAIL has been returned from a call to a COM component.
	Stack Trace:    at Microsoft.VisualStudio.TestTools.UITest.Playback.Engine.IRPFPlayback.FindAllScreenElements(IScreenElement pScreenElementStart, String bstrQueryId, Object&amp; pvarResKeys, Int32 cResKeys, Int32 nMaxDepth, Object[]&amp; foundDescendants)
   at Microsoft.VisualStudio.TestTools.UITest.Playback.ScreenElement.FindTopLevelWindowHelper(String queryId)
	BaseExceptionMessage: Error HRESULT E_FAIL has been returned from a call to a COM component.

E, 3524, 22, 2012/11/12, 16:28:03.980, 6733642942358, QTAgent32.exe, Window 5702950 not responding. Last Win32 error 0
E, 3524, 22, 2012/11/12, 16:28:03.980, 6733642944956, QTAgent32.exe, GetClassName for handle 5702950 failed
E, 3524, 22, 2012/11/12, 16:28:03.980, 6733642950652, QTAgent32.exe, Window 5702950 not responding. Last Win32 error 1400
E, 3524, 22, 2012/11/12, 16:28:03.980, 6733642960680, QTAgent32.exe, Window 5702950 not responding. Last Win32 error 1400
E, 3524, 22, 2012/11/12, 16:28:03.980, 6733642961863, QTAgent32.exe, GetClassName for handle 5702950 failed
E, 3524, 22, 2012/11/12, 16:28:03.980, 6733642962671, QTAgent32.exe, GetClassName for handle 5702950 failed
E, 3524, 22, 2012/11/12, 16:28:04.090, 6733644365337, QTAgent32.exe, AL: Playback Error: Microsoft.VisualStudio.TestTools.UITest.Extension.UITestControlNotFoundException: The playback failed to find the control with the given search properties. Additional Details: 
TechnologyName:  'MSAA'
ControlType:  'Window'
 ---&gt; System.Runtime.InteropServices.COMException: Error HRESULT E_FAIL has been returned from a call to a COM component.
   at Microsoft.VisualStudio.TestTools.UITest.Playback.Engine.IRPFPlayback.FindAllScreenElements(IScreenElement pScreenElementStart, String bstrQueryId, Object&amp; pvarResKeys, Int32 cResKeys, Int32 nMaxDepth, Object[]&amp; foundDescendants)
   at Microsoft.VisualStudio.TestTools.UITest.Playback.ScreenElement.FindTopLevelWindowHelper(String queryId)
   at Microsoft.VisualStudio.TestTools.UITest.Playback.ScreenElement.FindFromPartialQueryId(String queryId)
   at Microsoft.VisualStudio.TestTools.UITesting.UITestControl..ctor(String queryId)
   --- End of inner exception stack trace ---
   at Microsoft.VisualStudio.TestTools.UITesting.Playback.MapControlNotFoundException(COMException ex, IPlaybackContext context)
   at Microsoft.VisualStudio.TestTools.UITesting.Playback.MapAndThrowComException(COMException innerException, IPlaybackContext context)
   at Microsoft.VisualStudio.TestTools.UITesting.Playback.MapAndThrowException(SystemException exception, IPlaybackContext context)
   at Microsoft.VisualStudio.TestTools.UITesting.Playback.MapAndThrowException(SystemException exception, String queryId)
   at Microsoft.VisualStudio.TestTools.UITesting.UITestControl..ctor(String queryId)
   at Microsoft.VisualStudio.TestTools.UITesting.SearchHelper.SearchTopLevelWindow(ISearchArgument topLevelSearchArg, String topLevelElementQueryId)
   at Microsoft.VisualStudio.TestTools.UITesting.SearchHelper.GetTitleUpdatedTopLevelWindow(ISearchArgument topLevelSearchArg, String queryId, IList`1 windowTitles)
   at Microsoft.VisualStudio.TestTools.UITesting.SearchHelper.GetTopLevelElement(Boolean useCache, Boolean useCacheOnly, ISearchArgument searchArg, IList`1 windowTitles, Int32&amp; timeLeft)
   at Microsoft.VisualStudio.TestTools.UITesting.SearchHelper.GetElement(Boolean useCache, ISearchArgument searchArg)
   at Microsoft.VisualStudio.TestTools.UITesting.SearchHelper.Search(ISearchArgument searchArg)
   at Microsoft.VisualStudio.TestTools.UITesting.UITestControl.FindInternal()
   at Microsoft.VisualStudio.TestTools.UITesting.UITestControl.FindControlIfNecessary()
   at Microsoft.VisualStudio.TestTools.UITesting.UITestControl.Click(MouseButtons button, ModifierKeys modifierKeys, Point relativeCoordinates)
   at Microsoft.VisualStudio.TestTools.UITesting.Mouse.ClickImplementation(UITestControl control, MouseButtons button, ModifierKeys modifierKeys, Point relativeCoordinate)
   at Microsoft.VisualStudio.TestTools.UITesting.Mouse.ClickImplementationWrapper(UITestControl control, MouseButtons button, ModifierKeys modifierKeys, Point relativeCoordinate)
W, 3524, 22, 2012/11/12, 16:28:04.090, 6733644367547, QTAgent32.exe, PlaybackErrorHandler: Ignoring exception as ContinueOnError is set.
W, 3524, 22, 2012/11/12, 16:28:04.433, 6733649280642, QTAgent32.exe, &lt;a class=success&gt;Playback - {89} [SUCCESS] Check - "[MSAA, VisibleOnly]ControlType='CheckBox' &amp;&amp; Name='Defer Printing?'"
\0&lt;/a&gt;
W, 3524, 22, 2012/11/12, 16:28:05.166, 6733659902909, QTAgent32.exe, &lt;a class=success&gt;Playback - {90} [SUCCESS] MouseButtonClick - "[MSAA, VisibleOnly]ControlType='Button' &amp;&amp; Name='Ok'"
\0&lt;/a&gt;
W, 3524, 22, 2012/11/12, 16:28:06.165, 6733674162555, QTAgent32.exe, PERF WARNING: FindTopLevelWindowHelper::FindAllDescendents: took 895 ms. Expected it to take maximum 500 ms.
W, 3524, 22, 2012/11/12, 16:28:06.508, 6733678987860, QTAgent32.exe, &lt;a class=success&gt;Playback - {91} [SUCCESS] Uncheck - "[MSAA, VisibleOnly]ControlType='CheckBox' &amp;&amp; Name='Add Activity'"
\0&lt;/a&gt;
W, 3524, 22, 2012/11/12, 16:28:07.397, 6733691743929, QTAgent32.exe, &lt;a class=success&gt;Playback - {92} [SUCCESS] MouseButtonClick - "[MSAA, VisibleOnly]ControlType='Button' &amp;&amp; Name='Ok'"
\0&lt;/a&gt;
W, 3524, 22, 2012/11/12, 16:28:07.834, 6733698100553, QTAgent32.exe, &lt;a class=success&gt;Playback - {93} [SUCCESS] MouseButtonClick - "[MSAA, VisibleOnly]ControlType='Button' &amp;&amp; Name='Ok'"
\0&lt;/a&gt;
W, 3524, 22, 2012/11/12, 16:28:16.851, 6733827089486, QTAgent32.exe, PERF WARNING: FindTopLevelWindowHelper::FindAllDescendents: took 8783 ms. Expected it to take maximum 500 ms.
W, 3524, 22, 2012/11/12, 16:28:19.145, 6733859904165, QTAgent32.exe, &lt;a class=success&gt;Playback - {94} [SUCCESS] MouseButtonClick - "[MSAA, VisibleOnly]ControlType='Button' &amp;&amp; Name='OK'"
\0&lt;/a&gt;
W, 3524, 22, 2012/11/12, 16:28:20.549, 6733880023067, QTAgent32.exe, Playback - [WARNING] Internal warning: Window Not Found: [VisibleOnly]ControlType='Window' &amp;&amp; Name='Tamxml7' &amp;&amp; ClassName='TMessageForm'
\0
E, 3524, 22, 2012/11/12, 16:28:20.549, 6733880026049, QTAgent32.exe, &lt;a class=failure&gt;Playback - {95} [FAILED] Function ElementFetcher::FindScreenElement failed to locate UI element (Searching: ;[VisibleOnly]ControlType='Window' &amp;&amp; Name='Tamxml7' &amp;&amp; ClassName='TMessageForm') (The object specified was not found.)
\0&lt;/a&gt;
E, 3524, 22, 2012/11/12, 16:28:20.627, 6733881254351, QTAgent32.exe, Playback - [IMAGE] C:\Users\peter.zenin-ad\AppData\Local\Temp\UITestLogs\LastRun\RPFDF30.png
\0
W, 3524, 22, 2012/11/12, 16:28:20.627, 6733881256556, QTAgent32.exe, Playback - [WARNING] Internal warning: Couldn't find descendants that match QueryId
\0
W, 3524, 22, 2012/11/12, 16:28:20.627, 6733881259577, QTAgent32.exe, PERF WARNING: FindTopLevelWindowHelper::FindAllDescendents: took 1375 ms. Expected it to take maximum 500 ms.
W, 3524, 22, 2012/11/12, 16:28:38.740, 6734140470549, QTAgent32.exe, Playback - [WARNING] Internal warning: Window Not Found: [VisibleOnly]ControlType='Window' &amp;&amp; Name='Tamxml7' &amp;&amp; ClassName='TMessageForm'
\0
E, 3524, 22, 2012/11/12, 16:28:38.740, 6734140473410, QTAgent32.exe, &lt;a class=failure&gt;Playback - {96} [FAILED] Function ElementFetcher::FindScreenElement failed to locate UI element (Searching: ;[VisibleOnly]ControlType='Window' &amp;&amp; Name='Tamxml7' &amp;&amp; ClassName='TMessageForm') (The object specified was not found.)
\0&lt;/a&gt;
E, 3524, 22, 2012/11/12, 16:28:38.818, 6734141720272, QTAgent32.exe, Playback - [IMAGE] C:\Users\peter.zenin-ad\AppData\Local\Temp\UITestLogs\LastRun\RPF263E.png
\0
W, 3524, 22, 2012/11/12, 16:28:38.818, 6734141722399, QTAgent32.exe, Playback - [WARNING] Internal warning: Couldn't find descendants that match QueryId
\0
W, 3524, 22, 2012/11/12, 16:28:38.818, 6734141725308, QTAgent32.exe, PERF WARNING: FindTopLevelWindowHelper::FindAllDescendents: took 18191 ms. Expected it to take maximum 500 ms.
W, 3524, 22, 2012/11/12, 16:28:39.333, 6734149048790, QTAgent32.exe, Playback - [WARNING] Internal warning: Smart Match failed
\0
W, 3524, 22, 2012/11/12, 16:28:39.520, 6734151735458, QTAgent32.exe, Playback - [WARNING] Internal warning: Smart Match failed
\0
W, 3524, 22, 2012/11/12, 16:28:39.707, 6734154407866, QTAgent32.exe, Playback - [WARNING] Internal warning: Smart Match failed
\0
W, 3524, 22, 2012/11/12, 16:28:39.894, 6734157086687, QTAgent32.exe, Playback - [WARNING] Internal warning: Smart Match failed
\0
W, 3524, 22, 2012/11/12, 16:28:40.082, 6734159764149, QTAgent32.exe, Playback - [WARNING] Internal warning: Smart Match failed
\0
W, 3524, 22, 2012/11/12, 16:28:40.269, 6734162446547, QTAgent32.exe, Playback - [WARNING] Internal warning: Smart Match failed
\0
W, 3524, 22, 2012/11/12, 16:28:40.456, 6734165126049, QTAgent32.exe, Playback - [WARNING] Internal warning: Smart Match failed
\0
W, 3524, 22, 2012/11/12, 16:28:40.643, 6734167807302, QTAgent32.exe, Playback - [WARNING] Internal warning: Smart Match failed
\0
W, 3524, 22, 2012/11/12, 16:28:40.830, 6734170486135, QTAgent32.exe, Playback - [WARNING] Internal warning: Smart Match failed
\0
W, 3524, 22, 2012/11/12, 16:28:41.018, 6734173171482, QTAgent32.exe, Playback - [WARNING] Internal warning: Smart Match failed
\0
W, 3524, 22, 2012/11/12, 16:28:41.205, 6734175850583, QTAgent32.exe, Playback - [WARNING] Internal warning: Smart Match failed
\0
W, 3524, 22, 2012/11/12, 16:28:41.392, 6734178534822, QTAgent32.exe, Playback - [WARNING] Internal warning: Smart Match failed
\0
W, 3524, 22, 2012/11/12, 16:28:41.579, 6734181208306, QTAgent32.exe, Playback - [WARNING] Internal warning: Smart Match failed
\0
W, 3524, 22, 2012/11/12, 16:28:41.767, 6734183897700, QTAgent32.exe, Playback - [WARNING] Internal warning: Smart Match failed
\0
W, 3524, 22, 2012/11/12, 16:28:41.845, 6734185056399, QTAgent32.exe, Playback - [WARNING] Internal warning: Window Not Found: [VisibleOnly]ControlType='Window' &amp;&amp; Name='Tamxml7' &amp;&amp; ClassName='TMessageForm'
\0
E, 3524, 22, 2012/11/12, 16:28:41.845, 6734185058809, QTAgent32.exe, &lt;a class=failure&gt;Playback - {97} [FAILED] Function ElementFetcher::FindScreenElement failed to locate UI element (Searching: ;[VisibleOnly]ControlType='Window' &amp;&amp; Name='Tamxml7' &amp;&amp; ClassName='TMessageForm') (The object specified was not found.)
\0&lt;/a&gt;
E, 3524, 22, 2012/11/12, 16:28:41.938, 6734186293966, QTAgent32.exe, Playback - [IMAGE] C:\Users\peter.zenin-ad\AppData\Local\Temp\UITestLogs\LastRun\RPF3260.png
\0
W, 3524, 22, 2012/11/12, 16:28:41.938, 6734186296137, QTAgent32.exe, Playback - [WARNING] Internal warning: Couldn't find descendants that match QueryId
\0
W, 3524, 22, 2012/11/12, 16:28:41.938, 6734186299126, QTAgent32.exe, PERF WARNING: FindTopLevelWindowHelper::FindAllDescendents: took 3112 ms. Expected it to take maximum 500 ms.
E, 3524, 22, 2012/11/12, 16:28:41.938, 6734186300924, QTAgent32.exe, Exception: System.Runtime.InteropServices.COMException
	Message: Error HRESULT E_FAIL has been returned from a call to a COM component.
	Stack Trace:    at Microsoft.VisualStudio.TestTools.UITest.Playback.Engine.IRPFPlayback.FindAllScreenElements(IScreenElement pScreenElementStart, String bstrQueryId, Object&amp; pvarResKeys, Int32 cResKeys, Int32 nMaxDepth, Object[]&amp; foundDescendants)
   at Microsoft.VisualStudio.TestTools.UITest.Playback.ScreenElement.FindTopLevelWindowHelper(String queryId)
	BaseExceptionMessage: Error HRESULT E_FAIL has been returned from a call to a COM component.

E, 3524, 22, 2012/11/12, 16:28:41.938, 6734186304832, QTAgent32.exe, GetClassName for handle 6686094 failed
E, 3524, 22, 2012/11/12, 16:28:41.938, 6734186314536, QTAgent32.exe, Window 6686094 not responding. Last Win32 error 1400
E, 3524, 22, 2012/11/12, 16:28:41.938, 6734186315758, QTAgent32.exe, GetClassName for handle 6686094 failed
E, 3524, 22, 2012/11/12, 16:28:41.938, 6734186316563, QTAgent32.exe, GetClassName for handle 6686094 failed
E, 3524, 22, 2012/11/12, 16:28:41.938, 6734186321792, QTAgent32.exe, GetClassName for handle 1837550 failed
E, 3524, 22, 2012/11/12, 16:28:41.938, 6734186328703, QTAgent32.exe, Exception: System.Runtime.InteropServices.COMException
	Message: Error HRESULT E_FAIL has been returned from a call to a COM component.
	Stack Trace:    at Accessibility.IAccessible.get_accState(Object varChild)
   at Microsoft.VisualStudio.TestTools.UITest.Extension.Msaa.AccWrapper.get_State()
	BaseExceptionMessage: Error HRESULT E_FAIL has been returned from a call to a COM component.

E, 3524, 22, 2012/11/12, 16:28:41.938, 6734186333072, QTAgent32.exe, Exception: System.Runtime.InteropServices.COMException
	Message: Error HRESULT E_FAIL has been returned from a call to a COM component.
	Stack Trace:    at Accessibility.IAccessible.get_accState(Object varChild)
   at Microsoft.VisualStudio.TestTools.UITest.Extension.Msaa.AccWrapper.get_State()
	BaseExceptionMessage: Error HRESULT E_FAIL has been returned from a call to a COM component.

E, 3524, 22, 2012/11/12, 16:28:41.938, 6734186337366, QTAgent32.exe, Exception: System.Runtime.InteropServices.COMException
	Message: Error HRESULT E_FAIL has been returned from a call to a COM component.
	Stack Trace:    at Accessibility.IAccessible.get_accState(Object varChild)
   at Microsoft.VisualStudio.TestTools.UITest.Extension.Msaa.AccWrapper.get_State()
	BaseExceptionMessage: Error HRESULT E_FAIL has been returned from a call to a COM component.

E, 3524, 22, 2012/11/12, 16:28:41.938, 6734186341732, QTAgent32.exe, Exception: System.Runtime.InteropServices.COMException
	Message: Error HRESULT E_FAIL has been returned from a call to a COM component.
	Stack Trace:    at Accessibility.IAccessible.get_accState(Object varChild)
   at Microsoft.VisualStudio.TestTools.UITest.Extension.Msaa.AccWrapper.get_State()
	BaseExceptionMessage: Error HRESULT E_FAIL has been returned from a call to a COM component.

E, 3524, 22, 2012/11/12, 16:28:41.938, 6734186346614, QTAgent32.exe, Exception: System.Runtime.InteropServices.COMException
	Message: Error HRESULT E_FAIL has been returned from a call to a COM component.
	Stack Trace:    at Accessibility.IAccessible.get_accState(Object varChild)
   at Microsoft.VisualStudio.TestTools.UITest.Extension.Msaa.AccWrapper.get_State()
	BaseExceptionMessage: Error HRESULT E_FAIL has been returned from a call to a COM component.

E, 3524, 22, 2012/11/12, 16:28:41.938, 6734186350982, QTAgent32.exe, Exception: System.Runtime.InteropServices.COMException
	Message: Error HRESULT E_FAIL has been returned from a call to a COM component.
	Stack Trace:    at Accessibility.IAccessible.get_accState(Object varChild)
   at Microsoft.VisualStudio.TestTools.UITest.Extension.Msaa.AccWrapper.get_State()
	BaseExceptionMessage: Error HRESULT E_FAIL has been returned from a call to a COM component.

E, 3524, 22, 2012/11/12, 16:28:41.938, 6734186355285, QTAgent32.exe, Exception: System.Runtime.InteropServices.COMException
	Message: Error HRESULT E_FAIL has been returned from a call to a COM component.
	Stack Trace:    at Accessibility.IAccessible.get_accState(Object varChild)
   at Microsoft.VisualStudio.TestTools.UITest.Extension.Msaa.AccWrapper.get_State()
	BaseExceptionMessage: Error HRESULT E_FAIL has been returned from a call to a COM component.

W, 3524, 22, 2012/11/12, 16:28:42.141, 6734189203549, QTAgent32.exe, PERF WARNING: MSAA.UpdateQueryIDForNamelessControls: took 201 ms. Expected it to take maximum 200 ms.
W, 3524, 22, 2012/11/12, 16:28:42.141, 6734189207140, QTAgent32.exe, Msaa.Navigate: Exception [Error HRESULT E_FAIL has been returned from a call to a COM component.] while calling accNavigate.
E, 3524, 22, 2012/11/12, 16:28:42.141, 6734189208529, QTAgent32.exe, GetClassName for handle 1837550 failed
E, 3524, 22, 2012/11/12, 16:28:42.141, 6734189218126, QTAgent32.exe, GetClassName for handle 1837550 failed
E, 3524, 22, 2012/11/12, 16:28:42.141, 6734189220413, QTAgent32.exe, Window 1837550 not responding. Last Win32 error 1400
E, 3524, 22, 2012/11/12, 16:28:42.141, 6734189221432, QTAgent32.exe, GetClassName for handle 6686094 failed
E, 3524, 22, 2012/11/12, 16:28:42.141, 6734189222269, QTAgent32.exe, GetClassName for handle 1837550 failed
E, 3524, 22, 2012/11/12, 16:28:42.141, 6734189223007, QTAgent32.exe, GetClassName for handle 1837550 failed
E, 3524, 22, 2012/11/12, 16:28:42.250, 6734190710030, QTAgent32.exe, AL: Playback Error: Microsoft.VisualStudio.TestTools.UITest.Extension.UITestControlNotAvailableException: The control is not available or not valid. Additional Details: 
TechnologyName:  'MSAA'
ControlType:  'Button'
 ---&gt; Microsoft.VisualStudio.TestTools.UITest.Extension.UITestControlNotAvailableException: The control is not available or not valid. Additional Details: 
TechnologyName:  'MSAA'
ControlType:  'Window'
 ---&gt; System.Runtime.InteropServices.COMException: Error HRESULT E_FAIL has been returned from a call to a COM component.
   at Microsoft.VisualStudio.TestTools.UITest.Playback.Engine.IRPFPlayback.FindAllScreenElements(IScreenElement pScreenElementStart, String bstrQueryId, Object&amp; pvarResKeys, Int32 cResKeys, Int32 nMaxDepth, Object[]&amp; foundDescendants)
   at Microsoft.VisualStudio.TestTools.UITest.Playback.ScreenElement.FindTopLevelWindowHelper(String queryId)
   at Microsoft.VisualStudio.TestTools.UITest.Playback.ScreenElement.FindFromPartialQueryId(String queryId)
   at Microsoft.VisualStudio.TestTools.UITesting.UITestControl.EnsureValid(Boolean waitForReady, Boolean refetch)
   --- End of inner exception stack trace ---
   at Microsoft.VisualStudio.TestTools.UITesting.UITestControl.EnsureValid(Boolean waitForReady, Boolean refetch)
   at Microsoft.VisualStudio.TestTools.UITesting.UITestControl.FindFirstDescendant(String queryId, Int32 maxDepth, Int32&amp; timeLeft)
   at Microsoft.VisualStudio.TestTools.UITesting.UITestControl.FindFirstDescendant(String queryId)
   at Microsoft.VisualStudio.TestTools.UITesting.UITestControl.EnsureValid(Boolean waitForReady, Boolean refetch)
   --- End of inner exception stack trace ---
   at Microsoft.VisualStudio.TestTools.UITesting.UITestControl.EnsureValid(Boolean waitForReady, Boolean refetch)
   at Microsoft.VisualStudio.TestTools.UITesting.UITestControl.Click(MouseButtons button, ModifierKeys modifierKeys, Point relativeCoordinates)
   at Microsoft.VisualStudio.TestTools.UITesting.Mouse.ClickImplementation(UITestControl control, MouseButtons button, ModifierKeys modifierKeys, Point relativeCoordinate)
   at Microsoft.VisualStudio.TestTools.UITesting.Mouse.ClickImplementationWrapper(UITestControl control, MouseButtons button, ModifierKeys modifierKeys, Point relativeCoordinate)
W, 3524, 22, 2012/11/12, 16:28:42.250, 6734190712032, QTAgent32.exe, PlaybackErrorHandler: Ignoring exception as ContinueOnError is set.
W, 3524, 22, 2012/11/12, 16:28:42.593, 6734195700250, QTAgent32.exe, &lt;a class=success&gt;Playback - {98} [SUCCESS] MouseButtonClick - "[MSAA, VisibleOnly]ControlType='Button' &amp;&amp; Name='Cancel'"
\0&lt;/a&gt;
W, 3524, 22, 2012/11/12, 16:28:43.139, 6734203497349, QTAgent32.exe, &lt;a class=success&gt;Playback - {99} [SUCCESS] MouseButtonClick - "[MSAA, VisibleOnly]ControlType='Button'"
\0&lt;/a&gt;
W, 3524, 22, 2012/11/12, 16:28:43.701, 6734211579119, QTAgent32.exe, &lt;a class=success&gt;Playback - {100} [SUCCESS] MouseButtonClick - "[MSAA, VisibleOnly]ControlType='Button' &amp;&amp; Name='Detail'"
\0&lt;/a&gt;
W, 3524, 22, 2012/11/12, 16:28:44.138, 6734217739083, QTAgent32.exe, &lt;a class=success&gt;Playback - {101} [SUCCESS] MouseButtonClick - "[MSAA, VisibleOnly]ControlType='Edit'"
\0&lt;/a&gt;
E, 3524, 22, 2012/11/12, 16:28:44.294, 6734220171489, QTAgent32.exe, IEDOM : Could not get valid window handle of Internet Explorer_server
W, 3524, 22, 2012/11/12, 16:28:44.294, 6734220172777, QTAgent32.exe, IEDOM : Unable to get the document Window Handle
E, 3524, 22, 2012/11/12, 16:28:46.306, 6734248845465, QTAgent32.exe, IEDOM : Could not get valid window handle of Internet Explorer_server
W, 3524, 22, 2012/11/12, 16:28:46.306, 6734248846990, QTAgent32.exe, IEDOM : Unable to get the document Window Handle
W, 3524, 22, 2012/11/12, 16:28:46.712, 6734254591395, QTAgent32.exe, &lt;a class=success&gt;Playback - {102} [SUCCESS] MouseButtonClick - "[MSAA, VisibleOnly]ControlType='Edit' &amp;&amp; Name='User name'"
\0&lt;/a&gt;
W, 3524, 22, 2012/11/12, 16:28:47.227, 6734261964005, QTAgent32.exe, &lt;a class=success&gt;Playback - {103} [SUCCESS] SendKeys "Bus sys" - "[MSAA, VisibleOnly,Window]ControlType='Window' &amp;&amp; AccessibleName='User name' &amp;&amp; ClassName='Edit'"
\0&lt;/a&gt;
W, 3524, 22, 2012/11/12, 16:28:47.633, 6734267777887, QTAgent32.exe, &lt;a class=success&gt;Playback - {104} [SUCCESS] MouseButtonClick - "[MSAA, VisibleOnly]ControlType='Edit' &amp;&amp; Name='Password'"
\0&lt;/a&gt;
W, 3524, 22, 2012/11/12, 16:28:47.882, 6734271480078, QTAgent32.exe, Playback - [WARNING] Internal warning: Element that has the focus is different from the target element. Expected Element: Name = "Password", ControlTypeName = "Edit", Element In Focus: Name = "Password", ControlTypeName = "Window"&gt;. 
\0
W, 3524, 22, 2012/11/12, 16:28:48.179, 6734275588027, QTAgent32.exe, &lt;a class=success&gt;Playback - {105} [SUCCESS] SendKeys "[*]" - "[MSAA, VisibleOnly]ControlType='Edit' &amp;&amp; Name='Password'"
\0&lt;/a&gt;
W, 3524, 22, 2012/11/12, 16:28:48.693, 6734283065846, QTAgent32.exe, &lt;a class=success&gt;Playback - {106} [SUCCESS] MouseButtonClick - "[MSAA, VisibleOnly]ControlType='Button' &amp;&amp; Name='OK'"
\0&lt;/a&gt;
W, 3524, 22, 2012/11/12, 16:28:50.082, 6734302946708, QTAgent32.exe, &lt;a class=success&gt;Playback - {107} [SUCCESS] MouseButtonClick - "[Web]ControlType='Hyperlink' &amp;&amp; TagName='A' &amp;&amp; Id='' &amp;&amp; Name='' &amp;&amp; Target='' &amp;&amp; InnerText='Renewals Maintenance' &amp;&amp; FilterCondition(AbsolutePath='/sysmaint/content/leftbar.asp', Title='', Href='https://www.insur-econnect.com/sysmaint/content/leftbar.asp#', Class='', ControlDefinition='style="COLOR: white" href="#"', TagInstance='39')"
\0&lt;/a&gt;
W, 3524, 22, 2012/11/12, 16:28:50.378, 6734307153280, QTAgent32.exe, &lt;a class=success&gt;Playback - {108} [SUCCESS] MouseButtonClick - "[Web]ControlType='Hyperlink' &amp;&amp; TagName='A' &amp;&amp; Id='' &amp;&amp; Name='' &amp;&amp; Target='content' &amp;&amp; InnerText='Create a Household Test Renewal Invitation' &amp;&amp; FilterCondition(AbsolutePath='/sysmaint/content/AddHouseholdTestRenewalNotice.asp', Title='', Href='https://www.insur-econnect.com/sysmaint/content/AddHouseholdTestRenewalNotice.asp', Class='itemlink', ControlDefinition='class=itemlink href="AddHouseholdTestRen', TagInstance='2')"
\0&lt;/a&gt;
E, 3524, 22, 2012/11/12, 16:28:51.751, 6734326797121, QTAgent32.exe, Exception: System.NotSupportedException
	Message: Internal Error: This method on IEWebControlElement should not get called.
	Stack Trace:    at Microsoft.VisualStudio.TestTools.UITest.Extension.IE.BrowserOptionElementNode.InvokeProgrammaticAction(ProgrammaticActionOption programmaticActionOption)
	BaseExceptionMessage: Internal Error: This method on IEWebControlElement should not get called.

W, 3524, 22, 2012/11/12, 16:28:51.954, 6734329738590, QTAgent32.exe, &lt;a class=success&gt;Playback - {109} [SUCCESS] SetValueAsComboBox "Covea Insurance plc (formerly MMA)" - "[Web]ControlType='ComboBox' &amp;&amp; TagName='SELECT' &amp;&amp; Id='InsurerID' &amp;&amp; Name='InsurerID' &amp;&amp; FilterCondition(Size='0', LabeledBy='', Title='', ItemCount='54', Class='', ControlDefinition='id=InsurerID onchange=selectInsurer() na', TagInstance='1')"  &lt; SetValueAsComboBox, set by clicking on the item in the list box &gt;
\0&lt;/a&gt;
W, 3524, 22, 2012/11/12, 16:28:52.719, 6734340643120, QTAgent32.exe, &lt;a class=success&gt;Playback - {110} [SUCCESS] SetValueAsEditBox "81588888001150" - "[Web]ControlType='Edit' &amp;&amp; TagName='INPUT' &amp;&amp; Id='' &amp;&amp; Name='txtPolicyNumber' &amp;&amp; LabeledBy='' &amp;&amp; Type='SINGLELINE' &amp;&amp; FilterCondition(Title='', Class='', ControlDefinition='onchange=enableButtons() name=txtPolicyN', TagInstance='1')"  &lt; Set via SendKeys &gt;
\0&lt;/a&gt;
W, 3524, 22, 2012/11/12, 16:28:52.921, 6734343514988, QTAgent32.exe, &lt;a class=success&gt;Playback - {111} [SUCCESS] SendKeys "^{HOME}" - "[Web]ControlType='Edit' &amp;&amp; TagName='INPUT' &amp;&amp; Id='' &amp;&amp; Name='txtRenewalDate' &amp;&amp; LabeledBy='' &amp;&amp; Type='SINGLELINE' &amp;&amp; FilterCondition(Title='', Class='', ControlDefinition='onchange=enableButtons() name=txtRenewal', TagInstance='2')"
\0&lt;/a&gt;
E, 3524, 22, 2012/11/12, 16:28:52.921, 6734343517552, QTAgent32.exe, Msaa.GetFocusedElement: could not find accessible object of foreground window
W, 3524, 22, 2012/11/12, 16:28:52.999, 6734344812630, QTAgent32.exe, &lt;a class=success&gt;Playback - {112} [SUCCESS] SendKeys "^+{END}" - "[Web]ControlType='Edit' &amp;&amp; TagName='INPUT' &amp;&amp; Id='' &amp;&amp; Name='txtRenewalDate' &amp;&amp; LabeledBy='' &amp;&amp; Type='SINGLELINE' &amp;&amp; FilterCondition(Title='', Class='', ControlDefinition='onchange=enableButtons() name=txtRenewal', TagInstance='2')"
\0&lt;/a&gt;
E, 3524, 22, 2012/11/12, 16:28:52.999, 6734344815393, QTAgent32.exe, Msaa.GetFocusedElement: could not find accessible object of foreground window
W, 3524, 22, 2012/11/12, 16:28:53.031, 6734345075149, QTAgent32.exe, &lt;a class=success&gt;Playback - {113} [SUCCESS] SendKeys "{DELETE}" - "[Web]ControlType='Edit' &amp;&amp; TagName='INPUT' &amp;&amp; Id='' &amp;&amp; Name='txtRenewalDate' &amp;&amp; LabeledBy='' &amp;&amp; Type='SINGLELINE' &amp;&amp; FilterCondition(Title='', Class='', ControlDefinition='onchange=enableButtons() name=txtRenewal', TagInstance='2')"
\0&lt;/a&gt;
W, 3524, 22, 2012/11/12, 16:28:53.358, 6734349774027, QTAgent32.exe, &lt;a class=success&gt;Playback - {114} [SUCCESS] SetValueAsEditBox "19/11/2012" - "[Web]ControlType='Edit' &amp;&amp; TagName='INPUT' &amp;&amp; Id='' &amp;&amp; Name='txtRenewalDate' &amp;&amp; LabeledBy='' &amp;&amp; Type='SINGLELINE' &amp;&amp; FilterCondition(Title='', Class='', ControlDefinition='onchange=enableButtons() name=txtRenewal', TagInstance='2')"  &lt; Set via SendKeys &gt;
\0&lt;/a&gt;
W, 3524, 22, 2012/11/12, 16:28:53.561, 6734352673305, QTAgent32.exe, &lt;a class=success&gt;Playback - {115} [SUCCESS] SendKeys "^{HOME}" - "[Web]ControlType='Edit' &amp;&amp; TagName='INPUT' &amp;&amp; Id='' &amp;&amp; Name='txtAutoLapseDate' &amp;&amp; LabeledBy='' &amp;&amp; Type='SINGLELINE' &amp;&amp; FilterCondition(Title='', Class='', ControlDefinition='onchange=enableButtons() name=txtAutoLap', TagInstance='4')"
\0&lt;/a&gt;
E, 3524, 22, 2012/11/12, 16:28:53.561, 6734352675658, QTAgent32.exe, Msaa.GetFocusedElement: could not find accessible object of foreground window
W, 3524, 22, 2012/11/12, 16:28:53.639, 6734353793837, QTAgent32.exe, &lt;a class=success&gt;Playback - {116} [SUCCESS] SendKeys "^+{END}" - "[Web]ControlType='Edit' &amp;&amp; TagName='INPUT' &amp;&amp; Id='' &amp;&amp; Name='txtAutoLapseDate' &amp;&amp; LabeledBy='' &amp;&amp; Type='SINGLELINE' &amp;&amp; FilterCondition(Title='', Class='', ControlDefinition='onchange=enableButtons() name=txtAutoLap', TagInstance='4')"
\0&lt;/a&gt;
E, 3524, 22, 2012/11/12, 16:28:53.639, 6734353796540, QTAgent32.exe, Msaa.GetFocusedElement: could not find accessible object of foreground window
W, 3524, 22, 2012/11/12, 16:28:53.655, 6734354191006, QTAgent32.exe, &lt;a class=success&gt;Playback - {117} [SUCCESS] SendKeys "{DELETE}" - "[Web]ControlType='Edit' &amp;&amp; TagName='INPUT' &amp;&amp; Id='' &amp;&amp; Name='txtAutoLapseDate' &amp;&amp; LabeledBy='' &amp;&amp; Type='SINGLELINE' &amp;&amp; FilterCondition(Title='', Class='', ControlDefinition='onchange=enableButtons() name=txtAutoLap', TagInstance='4')"
\0&lt;/a&gt;
W, 3524, 22, 2012/11/12, 16:28:53.998, 6734358929148, QTAgent32.exe, &lt;a class=success&gt;Playback - {118} [SUCCESS] SetValueAsEditBox "19/11/2012" - "[Web]ControlType='Edit' &amp;&amp; TagName='INPUT' &amp;&amp; Id='' &amp;&amp; Name='txtAutoLapseDate' &amp;&amp; LabeledBy='' &amp;&amp; Type='SINGLELINE' &amp;&amp; FilterCondition(Title='', Class='', ControlDefinition='onchange=enableButtons() name=txtAutoLap', TagInstance='4')"  &lt; Set via SendKeys &gt;
\0&lt;/a&gt;
W, 3524, 22, 2012/11/12, 16:28:54.279, 6734362933584, QTAgent32.exe, &lt;a class=success&gt;Playback - {119} [SUCCESS] MouseButtonClick - "[Web]ControlType='Edit' &amp;&amp; TagName='TEXTAREA' &amp;&amp; Id='' &amp;&amp; Name='txtClientXml' &amp;&amp; LabeledBy='' &amp;&amp; FilterCondition(Title='', Class='', ControlDefinition='onchange=enableButtons() wrap=off cols=5', TagInstance='1')"
\0&lt;/a&gt;
W, 3524, 22, 2012/11/12, 16:28:54.638, 6734368079003, QTAgent32.exe, &lt;a class=success&gt;Playback - {120} [SUCCESS] MouseButtonClick - "[Web]ControlType='Button' &amp;&amp; TagName='INPUT' &amp;&amp; Id='getXmlButton' &amp;&amp; Name='getXmlButton' &amp;&amp; FilterCondition(DisplayText='Get XML from Server', Type='button', Title='Click to get xml from server', Class='', ControlDefinition='id=getXmlButton title="Click to get xml ', TagInstance='5')"
\0&lt;/a&gt;
W, 3524, 22, 2012/11/12, 16:28:55.277, 6734377263659, QTAgent32.exe, &lt;a class=success&gt;Playback - {121} [SUCCESS] MouseButtonClick - "[Web]ControlType='Button' &amp;&amp; TagName='INPUT' &amp;&amp; Id='buttonCreate' &amp;&amp; Name='buttonCreate' &amp;&amp; FilterCondition(DisplayText='  Create Record  ', Type='button', Title='Click to create the new record', Class='', ControlDefinition='id=buttonCreate title="Click to create t', TagInstance='6')"
\0&lt;/a&gt;
W, 3524, 22, 2012/11/12, 16:28:55.730, 6734383800252, QTAgent32.exe, &lt;a class=success&gt;Playback - {122} [SUCCESS] MouseButtonClick - "[MSAA, VisibleOnly]ControlType='Button' &amp;&amp; Name='OK'"
\0&lt;/a&gt;
W, 3524, 22, 2012/11/12, 16:28:56.213, 6734390700821, QTAgent32.exe, &lt;a class=success&gt;Playback - {123} [SUCCESS] MouseButtonClick - "[MSAA, VisibleOnly]ControlType='Button' &amp;&amp; Name='Close'"
\0&lt;/a&gt;
W, 3524, 22, 2012/11/12, 16:28:56.463, 6734394192773, QTAgent32.exe, &lt;a class=success&gt;Playback - {124} [SUCCESS] SendKeys "^{HOME}" - "[MSAA, VisibleOnly]ControlType='Edit'"
\0&lt;/a&gt;
E, 3524, 22, 2012/11/12, 16:28:56.463, 6734394195130, QTAgent32.exe, Msaa.GetFocusedElement: could not find accessible object of foreground window
W, 3524, 22, 2012/11/12, 16:28:56.541, 6734395309072, QTAgent32.exe, &lt;a class=success&gt;Playback - {125} [SUCCESS] SendKeys "^+{END}" - "[MSAA, VisibleOnly]ControlType='Edit'"
\0&lt;/a&gt;
E, 3524, 22, 2012/11/12, 16:28:56.541, 6734395311008, QTAgent32.exe, Msaa.GetFocusedElement: could not find accessible object of foreground window
W, 3524, 22, 2012/11/12, 16:28:56.556, 6734395533351, QTAgent32.exe, &lt;a class=success&gt;Playback - {126} [SUCCESS] SendKeys "{DELETE}" - "[MSAA, VisibleOnly]ControlType='Edit'"
\0&lt;/a&gt;
W, 3524, 22, 2012/11/12, 16:28:56.915, 6734400674745, QTAgent32.exe, &lt;a class=success&gt;Playback - {127} [SUCCESS] SetValueAsEditBox "19/11/2011" - "[MSAA, VisibleOnly]ControlType='Edit'"  &lt; Set via SendKeys &gt;
\0&lt;/a&gt;
W, 3524, 22, 2012/11/12, 16:28:57.430, 6734408227753, QTAgent32.exe, &lt;a class=success&gt;Playback - {128} [SUCCESS] MouseButtonClick - "[MSAA, VisibleOnly]ControlType='Button' &amp;&amp; Name='OK'"
\0&lt;/a&gt;
W, 3524, 22, 2012/11/12, 16:28:58.070, 6734417210645, QTAgent32.exe, &lt;a class=success&gt;Playback - {129} [SUCCESS] MouseButtonClick - "[MSAA, VisibleOnly]ControlType='Client'"
\0&lt;/a&gt;
W, 3524, 22, 2012/11/12, 16:28:58.975, 6734430158198, QTAgent32.exe, &lt;a class=success&gt;Playback - {130} [SUCCESS] SetValueAsEditBox "AUTO163" - "[MSAA, VisibleOnly]ControlType='Edit'"  &lt; Set via SendKeys &gt;
\0&lt;/a&gt;
W, 3524, 22, 2012/11/12, 16:28:59.287, 6734434631160, QTAgent32.exe, &lt;a class=success&gt;Playback - {131} [SUCCESS] SetValueAsEditBox "-1001" - "[MSAA, VisibleOnly]ControlType='Edit'"  &lt; Set via SendKeys &gt;
\0&lt;/a&gt;
W, 3524, 22, 2012/11/12, 16:28:59.802, 6734442188872, QTAgent32.exe, Playback - [WARNING] Internal warning: Incorrect flag set for InvokeProgrammaticAction\0
W, 3524, 22, 2012/11/12, 16:29:00.145, 6734446931154, QTAgent32.exe, &lt;a class=success&gt;Playback - {132} [SUCCESS] SetValueAsComboBox "Household" - "[MSAA, VisibleOnly]ControlType='ComboBox'"  &lt; SetValueAsComboBox, set by clicking on the item in the list box &gt;
\0&lt;/a&gt;
W, 3524, 22, 2012/11/12, 16:29:00.348, 6734449809603, QTAgent32.exe, &lt;a class=success&gt;Playback - {133} [SUCCESS] SendKeys "^{HOME}" - "[MSAA, VisibleOnly]ControlType='Edit'"
\0&lt;/a&gt;
E, 3524, 22, 2012/11/12, 16:29:00.348, 6734449812339, QTAgent32.exe, Msaa.GetFocusedElement: could not find accessible object of foreground window
W, 3524, 22, 2012/11/12, 16:29:00.441, 6734451150217, QTAgent32.exe, &lt;a class=success&gt;Playback - {134} [SUCCESS] SendKeys "^+{END}" - "[MSAA, VisibleOnly]ControlType='Edit'"
\0&lt;/a&gt;
E, 3524, 22, 2012/11/12, 16:29:00.441, 6734451153175, QTAgent32.exe, Msaa.GetFocusedElement: could not find accessible object of foreground window
W, 3524, 22, 2012/11/12, 16:29:00.457, 6734451374961, QTAgent32.exe, &lt;a class=success&gt;Playback - {135} [SUCCESS] SendKeys "{DELETE}" - "[MSAA, VisibleOnly]ControlType='Edit'"
\0&lt;/a&gt;
W, 3524, 22, 2012/11/12, 16:29:00.784, 6734456067670, QTAgent32.exe, &lt;a class=success&gt;Playback - {136} [SUCCESS] SetValueAsEditBox "19/11/2011" - "[MSAA, VisibleOnly]ControlType='Edit'"  &lt; Set via SendKeys &gt;
\0&lt;/a&gt;
W, 3524, 22, 2012/11/12, 16:29:01.408, 6734465034934, QTAgent32.exe, &lt;a class=success&gt;Playback - {137} [SUCCESS] MouseButtonClick - "[MSAA, VisibleOnly]ControlType='Button' &amp;&amp; Name='Regress'"
\0&lt;/a&gt;
W, 3524, 22, 2012/11/12, 16:29:03.827, 6734499622176, QTAgent32.exe, &lt;a class=success&gt;Playback - {138} [SUCCESS] MouseButtonClick - "[MSAA, VisibleOnly]ControlType='Button' &amp;&amp; Name='Exit'"
\0&lt;/a&gt;
W, 3524, 22, 2012/11/12, 16:29:04.310, 6734506595926, QTAgent32.exe, &lt;a class=success&gt;Playback - {139} [SUCCESS] MouseButtonClick - "[MSAA, VisibleOnly]ControlType='Button'"
\0&lt;/a&gt;
W, 3524, 22, 2012/11/12, 16:29:04.747, 6734512865607, QTAgent32.exe, &lt;a class=success&gt;Playback - {140} [SUCCESS] MouseButtonClick - "[MSAA, VisibleOnly]ControlType='Button' &amp;&amp; Name='Options'"
\0&lt;/a&gt;
W, 3524, 22, 2012/11/12, 16:29:04.856, 6734514366656, QTAgent32.exe, FindScreenElementInSinglePass : Attempting to find control in one pass of search. Failures can occur.
W, 3524, 22, 2012/11/12, 16:29:05.028, 6734516817545, QTAgent32.exe, &lt;a class=success&gt;Playback - {141} [SUCCESS] MouseButtonClick - "[MSAA]ControlType='MenuItem' &amp;&amp; Name='Links'"
\0&lt;/a&gt;
W, 3524, 22, 2012/11/12, 16:29:05.137, 6734518398560, QTAgent32.exe, FindScreenElementInSinglePass : Attempting to find control in one pass of search. Failures can occur.
W, 3524, 22, 2012/11/12, 16:29:05.324, 6734521062654, QTAgent32.exe, &lt;a class=success&gt;Playback - {142} [SUCCESS] MouseButtonClick - "[MSAA]ControlType='MenuItem' &amp;&amp; Name='3rd Party Integration'"
\0&lt;/a&gt;
W, 3524, 22, 2012/11/12, 16:29:05.434, 6734522630335, QTAgent32.exe, FindScreenElementInSinglePass : Attempting to find control in one pass of search. Failures can occur.
W, 3524, 22, 2012/11/12, 16:29:05.605, 6734525113216, QTAgent32.exe, &lt;a class=success&gt;Playback - {143} [SUCCESS] MouseButtonClick - "[MSAA]ControlType='MenuItem' &amp;&amp; Name='Renewals Loader'"
\0&lt;/a&gt;
W, 3524, 22, 2012/11/12, 16:29:06.307, 6734535143454, QTAgent32.exe, &lt;a class=success&gt;Playback - {144} [SUCCESS] MouseButtonClick - "[MSAA, VisibleOnly]ControlType='TitleBar'"
\0&lt;/a&gt;
W, 3524, 22, 2012/11/12, 16:29:06.510, 6734538040389, QTAgent32.exe, &lt;a class=success&gt;Playback - {145} [SUCCESS] SendKeys "^{HOME}" - "[MSAA, VisibleOnly]ControlType='Edit'"
\0&lt;/a&gt;
E, 3524, 22, 2012/11/12, 16:29:06.510, 6734538042842, QTAgent32.exe, Msaa.GetFocusedElement: could not find accessible object of foreground window
W, 3524, 22, 2012/11/12, 16:29:06.604, 6734539379958, QTAgent32.exe, &lt;a class=success&gt;Playback - {146} [SUCCESS] SendKeys "^+{END}" - "[MSAA, VisibleOnly]ControlType='Edit'"
\0&lt;/a&gt;
E, 3524, 22, 2012/11/12, 16:29:06.604, 6734539382155, QTAgent32.exe, Msaa.GetFocusedElement: could not find accessible object of foreground window
W, 3524, 22, 2012/11/12, 16:29:06.619, 6734539604270, QTAgent32.exe, &lt;a class=success&gt;Playback - {147} [SUCCESS] SendKeys "{DELETE}" - "[MSAA, VisibleOnly]ControlType='Edit'"
\0&lt;/a&gt;
W, 3524, 22, 2012/11/12, 16:29:06.962, 6734544523150, QTAgent32.exe, &lt;a class=success&gt;Playback - {148} [SUCCESS] SetValueAsEditBox "11/11/2012" - "[MSAA, VisibleOnly]ControlType='Edit'"  &lt; Set via SendKeys &gt;
\0&lt;/a&gt;
W, 3524, 22, 2012/11/12, 16:29:07.524, 6734552573353, QTAgent32.exe, &lt;a class=success&gt;Playback - {149} [SUCCESS] MouseButtonClick - "[MSAA, VisibleOnly]ControlType='Button' &amp;&amp; Name='Run'"
\0&lt;/a&gt;
W, 3524, 22, 2012/11/12, 16:29:08.445, 6734565741929, QTAgent32.exe, PERF WARNING: FindTopLevelWindowHelper::FindAllDescendents: took 811 ms. Expected it to take maximum 500 ms.
W, 3524, 22, 2012/11/12, 16:29:09.022, 6734574036669, QTAgent32.exe, &lt;a class=success&gt;Playback - {150} [SUCCESS] MouseButtonClick - "[MSAA, VisibleOnly]ControlType='Button' &amp;&amp; Name='Close'"
\0&lt;/a&gt;
W, 3524, 22, 2012/11/12, 16:29:09.459, 6734580257459, QTAgent32.exe, &lt;a class=success&gt;Playback - {151} [SUCCESS] MouseButtonClick - "[MSAA, VisibleOnly]ControlType='TitleBar'"
\0&lt;/a&gt;
W, 3524, 22, 2012/11/12, 16:29:09.849, 6734585868701, QTAgent32.exe, &lt;a class=success&gt;Playback - {152} [SUCCESS] MouseButtonClick - "[MSAA, VisibleOnly]ControlType='Button' &amp;&amp; Name='Close'"
\0&lt;/a&gt;
W, 3524, 22, 2012/11/12, 16:29:10.223, 6734591260644, QTAgent32.exe, &lt;a class=success&gt;Playback - {153} [SUCCESS] MouseButtonClick - "[MSAA, VisibleOnly]ControlType='Button' &amp;&amp; Name='Options'"
\0&lt;/a&gt;
W, 3524, 22, 2012/11/12, 16:29:10.332, 6734592770015, QTAgent32.exe, FindScreenElementInSinglePass : Attempting to find control in one pass of search. Failures can occur.
W, 3524, 22, 2012/11/12, 16:29:10.520, 6734595443062, QTAgent32.exe, &lt;a class=success&gt;Playback - {154} [SUCCESS] MouseButtonClick - "[MSAA]ControlType='MenuItem' &amp;&amp; Name='Links'"
\0&lt;/a&gt;
W, 3524, 22, 2012/11/12, 16:29:10.629, 6734597014153, QTAgent32.exe, FindScreenElementInSinglePass : Attempting to find control in one pass of search. Failures can occur.
W, 3524, 22, 2012/11/12, 16:29:10.800, 6734599466898, QTAgent32.exe, &lt;a class=success&gt;Playback - {155} [SUCCESS] MouseButtonClick - "[MSAA]ControlType='MenuItem' &amp;&amp; Name='3rd Party Integration'"
\0&lt;/a&gt;
W, 3524, 22, 2012/11/12, 16:29:10.910, 6734601033151, QTAgent32.exe, FindScreenElementInSinglePass : Attempting to find control in one pass of search. Failures can occur.
W, 3524, 22, 2012/11/12, 16:29:11.081, 6734603523791, QTAgent32.exe, &lt;a class=success&gt;Playback - {156} [SUCCESS] MouseButtonClick - "[MSAA]ControlType='MenuItem' &amp;&amp; Name='Renewals Module'"
\0&lt;/a&gt;
W, 3524, 22, 2012/11/12, 16:29:11.487, 6734609294600, QTAgent32.exe, &lt;a class=success&gt;Playback - {157} [SUCCESS] SetValueAsEditBox "1" - "[MSAA, VisibleOnly]ControlType='Edit'"  &lt; Set via SendKeys &gt;
\0&lt;/a&gt;
W, 3524, 22, 2012/11/12, 16:29:12.126, 6734618626240, QTAgent32.exe, &lt;a class=success&gt;Playback - {158} [SUCCESS] MouseButtonClick - "[MSAA, VisibleOnly]ControlType='Button' &amp;&amp; Name='Ok'"
\0&lt;/a&gt;
W, 3524, 22, 2012/11/12, 16:29:12.516, 6734624053900, QTAgent32.exe, Playback - [WARNING] Internal warning: Window Not Found: [VisibleOnly]ControlType='Window' &amp;&amp; Name='insur-E.tam' &amp;&amp; ClassName='#32770'
\0
E, 3524, 22, 2012/11/12, 16:29:12.516, 6734624056699, QTAgent32.exe, &lt;a class=failure&gt;Playback - {159} [FAILED] Function ElementFetcher::FindScreenElement failed to locate UI element (Searching: ;[VisibleOnly]ControlType='Window' &amp;&amp; Name='insur-E.tam' &amp;&amp; ClassName='#32770') (The object specified was not found.)
\0&lt;/a&gt;
E, 3524, 22, 2012/11/12, 16:29:12.594, 6734625367264, QTAgent32.exe, Playback - [IMAGE] C:\Users\peter.zenin-ad\AppData\Local\Temp\UITestLogs\LastRun\RPFAA2F.png
\0
W, 3524, 22, 2012/11/12, 16:29:12.594, 6734625369451, QTAgent32.exe, Playback - [WARNING] Internal warning: Couldn't find descendants that match QueryId
\0
W, 3524, 22, 2012/11/12, 16:29:30.692, 6734884277717, QTAgent32.exe, Playback - [WARNING] Internal warning: Window Not Found: [VisibleOnly]ControlType='Window' &amp;&amp; Name='insur-E.tam' &amp;&amp; ClassName='#32770'
\0
E, 3524, 22, 2012/11/12, 16:29:30.692, 6734884280447, QTAgent32.exe, &lt;a class=failure&gt;Playback - {160} [FAILED] Function ElementFetcher::FindScreenElement failed to locate UI element (Searching: ;[VisibleOnly]ControlType='Window' &amp;&amp; Name='insur-E.tam' &amp;&amp; ClassName='#32770') (The object specified was not found.)
\0&lt;/a&gt;
E, 3524, 22, 2012/11/12, 16:29:30.785, 6734885598568, QTAgent32.exe, Playback - [IMAGE] C:\Users\peter.zenin-ad\AppData\Local\Temp\UITestLogs\LastRun\RPFF12E.png
\0
W, 3524, 22, 2012/11/12, 16:29:30.785, 6734885600791, QTAgent32.exe, Playback - [WARNING] Internal warning: Couldn't find descendants that match QueryId
\0
W, 3524, 22, 2012/11/12, 16:29:30.785, 6734885603793, QTAgent32.exe, PERF WARNING: FindTopLevelWindowHelper::FindAllDescendents: took 18174 ms. Expected it to take maximum 500 ms.
W, 3524, 22, 2012/11/12, 16:29:31.285, 6734892858855, QTAgent32.exe, Playback - [WARNING] Internal warning: Smart Match failed
\0
W, 3524, 22, 2012/11/12, 16:29:31.566, 6734896879013, QTAgent32.exe, Playback - [WARNING] Internal warning: Smart Match failed
\0
W, 3524, 22, 2012/11/12, 16:29:31.753, 6734899559376, QTAgent32.exe, Playback - [WARNING] Internal warning: Smart Match failed
\0
W, 3524, 22, 2012/11/12, 16:29:31.940, 6734902240008, QTAgent32.exe, Playback - [WARNING] Internal warning: Smart Match failed
\0
W, 3524, 22, 2012/11/12, 16:29:32.127, 6734904918772, QTAgent32.exe, Playback - [WARNING] Internal warning: Smart Match failed
\0
W, 3524, 22, 2012/11/12, 16:29:32.314, 6734907596114, QTAgent32.exe, Playback - [WARNING] Internal warning: Smart Match failed
\0
W, 3524, 22, 2012/11/12, 16:29:32.502, 6734910285063, QTAgent32.exe, Playback - [WARNING] Internal warning: Smart Match failed
\0
W, 3524, 22, 2012/11/12, 16:29:32.876, 6734915638710, QTAgent32.exe, Playback - [WARNING] Internal warning: Smart Match failed
\0
W, 3524, 22, 2012/11/12, 16:29:33.079, 6734918546815, QTAgent32.exe, Playback - [WARNING] Internal warning: Smart Match failed
\0
W, 3524, 22, 2012/11/12, 16:29:33.297, 6734921669425, QTAgent32.exe, Playback - [WARNING] Internal warning: Smart Match failed
\0
W, 3524, 22, 2012/11/12, 16:29:33.485, 6734924351919, QTAgent32.exe, Playback - [WARNING] Internal warning: Smart Match failed
\0
W, 3524, 22, 2012/11/12, 16:29:33.672, 6734927031913, QTAgent32.exe, Playback - [WARNING] Internal warning: Smart Match failed
\0
W, 3524, 22, 2012/11/12, 16:29:33.937, 6734930823085, QTAgent32.exe, Playback - [WARNING] Internal warning: Smart Match failed
\0
W, 3524, 22, 2012/11/12, 16:29:34.015, 6734931993348, QTAgent32.exe, Playback - [WARNING] Internal warning: Window Not Found: [VisibleOnly]ControlType='Window' &amp;&amp; Name='insur-E.tam' &amp;&amp; ClassName='#32770'
\0
E, 3524, 22, 2012/11/12, 16:29:34.015, 6734931995801, QTAgent32.exe, &lt;a class=failure&gt;Playback - {161} [FAILED] Function ElementFetcher::FindScreenElement failed to locate UI element (Searching: ;[VisibleOnly]ControlType='Window' &amp;&amp; Name='insur-E.tam' &amp;&amp; ClassName='#32770') (The object specified was not found.)
\0&lt;/a&gt;
E, 3524, 22, 2012/11/12, 16:29:34.109, 6734933306822, QTAgent32.exe, Playback - [IMAGE] C:\Users\peter.zenin-ad\AppData\Local\Temp\UITestLogs\LastRun\RPFFE2A.png
\0
W, 3524, 22, 2012/11/12, 16:29:34.109, 6734933308950, QTAgent32.exe, Playback - [WARNING] Internal warning: Couldn't find descendants that match QueryId
\0
W, 3524, 22, 2012/11/12, 16:29:34.109, 6734933311911, QTAgent32.exe, PERF WARNING: FindTopLevelWindowHelper::FindAllDescendents: took 3331 ms. Expected it to take maximum 500 ms.
E, 3524, 22, 2012/11/12, 16:29:34.109, 6734933313729, QTAgent32.exe, Exception: System.Runtime.InteropServices.COMException
	Message: Error HRESULT E_FAIL has been returned from a call to a COM component.
	Stack Trace:    at Microsoft.VisualStudio.TestTools.UITest.Playback.Engine.IRPFPlayback.FindAllScreenElements(IScreenElement pScreenElementStart, String bstrQueryId, Object&amp; pvarResKeys, Int32 cResKeys, Int32 nMaxDepth, Object[]&amp; foundDescendants)
   at Microsoft.VisualStudio.TestTools.UITest.Playback.ScreenElement.FindTopLevelWindowHelper(String queryId)
	BaseExceptionMessage: Error HRESULT E_FAIL has been returned from a call to a COM component.

E, 3524, 22, 2012/11/12, 16:29:34.109, 6734933318339, QTAgent32.exe, Window 5702950 not responding. Last Win32 error 0
E, 3524, 22, 2012/11/12, 16:29:34.109, 6734933322301, QTAgent32.exe, Window 5702950 not responding. Last Win32 error 1400
E, 3524, 22, 2012/11/12, 16:29:34.109, 6734933326993, QTAgent32.exe, Window 5702950 not responding. Last Win32 error 1400
E, 3524, 22, 2012/11/12, 16:29:34.109, 6734933328241, QTAgent32.exe, GetClassName for handle 5702950 failed
E, 3524, 22, 2012/11/12, 16:29:34.109, 6734933329043, QTAgent32.exe, GetClassName for handle 5702950 failed
E, 3524, 22, 2012/11/12, 16:29:34.218, 6734934737642, QTAgent32.exe, AL: Playback Error: Microsoft.VisualStudio.TestTools.UITest.Extension.UITestControlNotFoundException: The playback failed to find the control with the given search properties. Additional Details: 
TechnologyName:  'MSAA'
ControlType:  'Window'
 ---&gt; System.Runtime.InteropServices.COMException: Error HRESULT E_FAIL has been returned from a call to a COM component.
   at Microsoft.VisualStudio.TestTools.UITest.Playback.Engine.IRPFPlayback.FindAllScreenElements(IScreenElement pScreenElementStart, String bstrQueryId, Object&amp; pvarResKeys, Int32 cResKeys, Int32 nMaxDepth, Object[]&amp; foundDescendants)
   at Microsoft.VisualStudio.TestTools.UITest.Playback.ScreenElement.FindTopLevelWindowHelper(String queryId)
   at Microsoft.VisualStudio.TestTools.UITest.Playback.ScreenElement.FindFromPartialQueryId(String queryId)
   at Microsoft.VisualStudio.TestTools.UITesting.UITestControl..ctor(String queryId)
   --- End of inner exception stack trace ---
   at Microsoft.VisualStudio.TestTools.UITesting.Playback.MapControlNotFoundException(COMException ex, IPlaybackContext context)
   at Microsoft.VisualStudio.TestTools.UITesting.Playback.MapAndThrowComException(COMException innerException, IPlaybackContext context)
   at Microsoft.VisualStudio.TestTools.UITesting.Playback.MapAndThrowException(SystemException exception, IPlaybackContext context)
   at Microsoft.VisualStudio.TestTools.UITesting.Playback.MapAndThrowException(SystemException exception, String queryId)
   at Microsoft.VisualStudio.TestTools.UITesting.UITestControl..ctor(String queryId)
   at Microsoft.VisualStudio.TestTools.UITesting.SearchHelper.SearchTopLevelWindow(ISearchArgument topLevelSearchArg, String topLevelElementQueryId)
   at Microsoft.VisualStudio.TestTools.UITesting.SearchHelper.GetTitleUpdatedTopLevelWindow(ISearchArgument topLevelSearchArg, String queryId, IList`1 windowTitles)
   at Microsoft.VisualStudio.TestTools.UITesting.SearchHelper.GetTopLevelElement(Boolean useCache, Boolean useCacheOnly, ISearchArgument searchArg, IList`1 windowTitles, Int32&amp; timeLeft)
   at Microsoft.VisualStudio.TestTools.UITesting.SearchHelper.GetElement(Boolean useCache, ISearchArgument searchArg)
   at Microsoft.VisualStudio.TestTools.UITesting.SearchHelper.Search(ISearchArgument searchArg)
   at Microsoft.VisualStudio.TestTools.UITesting.UITestControl.FindInternal()
   at Microsoft.VisualStudio.TestTools.UITesting.UITestControl.FindControlIfNecessary()
   at Microsoft.VisualStudio.TestTools.UITesting.UITestControl.Click(MouseButtons button, ModifierKeys modifierKeys, Point relativeCoordinates)
   at Microsoft.VisualStudio.TestTools.UITesting.Mouse.ClickImplementation(UITestControl control, MouseButtons button, ModifierKeys modifierKeys, Point relativeCoordinate)
   at Microsoft.VisualStudio.TestTools.UITesting.Mouse.ClickImplementationWrapper(UITestControl control, MouseButtons button, ModifierKeys modifierKeys, Point relativeCoordinate)
W, 3524, 22, 2012/11/12, 16:29:34.218, 6734934740250, QTAgent32.exe, PlaybackErrorHandler: Ignoring exception as ContinueOnError is set.
W, 3524, 22, 2012/11/12, 16:29:34.499, 6734938796070, QTAgent32.exe, Playback - [WARNING] Internal warning: Window Not Found: [VisibleOnly]ControlType='Window' &amp;&amp; Name='Policies Auto-Renewed &amp; Auto-Lapsed' &amp;&amp; ClassName='ThunderRT6FormDC'
\0
E, 3524, 22, 2012/11/12, 16:29:34.499, 6734938798851, QTAgent32.exe, &lt;a class=failure&gt;Playback - {162} [FAILED] Function ElementFetcher::FindScreenElement failed to locate UI element (Searching: ;[VisibleOnly]ControlType='Window' &amp;&amp; Name='Policies Auto-Renewed &amp; Auto-Lapsed' &amp;&amp; ClassName='ThunderRT6FormDC') (The object specified was not found.)
\0&lt;/a&gt;
E, 3524, 22, 2012/11/12, 16:29:34.592, 6734940106673, QTAgent32.exe, Playback - [IMAGE] C:\Users\peter.zenin-ad\AppData\Local\Temp\UITestLogs\LastRun\RPFE.png
\0
W, 3524, 22, 2012/11/12, 16:29:34.592, 6734940108775, QTAgent32.exe, Playback - [WARNING] Internal warning: Couldn't find descendants that match QueryId
\0
W, 3524, 22, 2012/11/12, 16:29:52.690, 6735199264531, QTAgent32.exe, Playback - [WARNING] Internal warning: Window Not Found: [VisibleOnly]ControlType='Window' &amp;&amp; Name='Policies Auto-Renewed &amp; Auto-Lapsed' &amp;&amp; ClassName='ThunderRT6FormDC'
\0
E, 3524, 22, 2012/11/12, 16:29:52.690, 6735199267492, QTAgent32.exe, &lt;a class=failure&gt;Playback - {163} [FAILED] Function ElementFetcher::FindScreenElement failed to locate UI element (Searching: ;[VisibleOnly]ControlType='Window' &amp;&amp; Name='Policies Auto-Renewed &amp; Auto-Lapsed' &amp;&amp; ClassName='ThunderRT6FormDC') (The object specified was not found.)
\0&lt;/a&gt;
E, 3524, 22, 2012/11/12, 16:29:52.783, 6735200578959, QTAgent32.exe, Playback - [IMAGE] C:\Users\peter.zenin-ad\AppData\Local\Temp\UITestLogs\LastRun\RPF471D.png
\0
W, 3524, 22, 2012/11/12, 16:29:52.783, 6735200581206, QTAgent32.exe, Playback - [WARNING] Internal warning: Couldn't find descendants that match QueryId
\0
W, 3524, 22, 2012/11/12, 16:29:52.783, 6735200584164, QTAgent32.exe, PERF WARNING: FindTopLevelWindowHelper::FindAllDescendents: took 18191 ms. Expected it to take maximum 500 ms.
W, 3524, 22, 2012/11/12, 16:29:53.298, 6735208029738, QTAgent32.exe, Playback - [WARNING] Internal warning: Smart Match failed
\0
W, 3524, 22, 2012/11/12, 16:29:53.485, 6735210707231, QTAgent32.exe, Playback - [WARNING] Internal warning: Smart Match failed
\0
W, 3524, 22, 2012/11/12, 16:29:53.673, 6735213384354, QTAgent32.exe, Playback - [WARNING] Internal warning: Smart Match failed
\0
W, 3524, 22, 2012/11/12, 16:29:53.860, 6735216063741, QTAgent32.exe, Playback - [WARNING] Internal warning: Smart Match failed
\0
W, 3524, 22, 2012/11/12, 16:29:54.047, 6735218750506, QTAgent32.exe, Playback - [WARNING] Internal warning: Smart Match failed
\0
W, 3524, 22, 2012/11/12, 16:29:54.234, 6735221432269, QTAgent32.exe, Playback - [WARNING] Internal warning: Smart Match failed
\0
W, 3524, 22, 2012/11/12, 16:29:54.421, 6735224102265, QTAgent32.exe, Playback - [WARNING] Internal warning: Smart Match failed
\0
W, 3524, 22, 2012/11/12, 16:29:54.609, 6735226782011, QTAgent32.exe, Playback - [WARNING] Internal warning: Smart Match failed
\0
W, 3524, 22, 2012/11/12, 16:29:54.796, 6735229471139, QTAgent32.exe, Playback - [WARNING] Internal warning: Smart Match failed
\0
W, 3524, 22, 2012/11/12, 16:29:54.983, 6735232150491, QTAgent32.exe, Playback - [WARNING] Internal warning: Smart Match failed
\0
W, 3524, 22, 2012/11/12, 16:29:55.170, 6735234826628, QTAgent32.exe, Playback - [WARNING] Internal warning: Smart Match failed
\0
W, 3524, 22, 2012/11/12, 16:29:55.373, 6735237736781, QTAgent32.exe, Playback - [WARNING] Internal warning: Smart Match failed
\0
W, 3524, 22, 2012/11/12, 16:29:55.560, 6735240408539, QTAgent32.exe, Playback - [WARNING] Internal warning: Smart Match failed
\0
W, 3524, 22, 2012/11/12, 16:29:55.748, 6735243092284, QTAgent32.exe, Playback - [WARNING] Internal warning: Smart Match failed
\0
W, 3524, 22, 2012/11/12, 16:29:55.826, 6735244251423, QTAgent32.exe, Playback - [WARNING] Internal warning: Window Not Found: [VisibleOnly]ControlType='Window' &amp;&amp; Name='Policies Auto-Renewed &amp; Auto-Lapsed' &amp;&amp; ClassName='ThunderRT6FormDC'
\0
E, 3524, 22, 2012/11/12, 16:29:55.826, 6735244253698, QTAgent32.exe, &lt;a class=failure&gt;Playback - {164} [FAILED] Function ElementFetcher::FindScreenElement failed to locate UI element (Searching: ;[VisibleOnly]ControlType='Window' &amp;&amp; Name='Policies Auto-Renewed &amp; Auto-Lapsed' &amp;&amp; ClassName='ThunderRT6FormDC') (The object specified was not found.)
\0&lt;/a&gt;
E, 3524, 22, 2012/11/12, 16:29:55.919, 6735245562560, QTAgent32.exe, Playback - [IMAGE] C:\Users\peter.zenin-ad\AppData\Local\Temp\UITestLogs\LastRun\RPF535D.png
\0
W, 3524, 22, 2012/11/12, 16:29:55.919, 6735245564755, QTAgent32.exe, Playback - [WARNING] Internal warning: Couldn't find descendants that match QueryId
\0
W, 3524, 22, 2012/11/12, 16:29:55.919, 6735245567753, QTAgent32.exe, PERF WARNING: FindTopLevelWindowHelper::FindAllDescendents: took 3141 ms. Expected it to take maximum 500 ms.
E, 3524, 22, 2012/11/12, 16:29:55.919, 6735245569557, QTAgent32.exe, Exception: System.Runtime.InteropServices.COMException
	Message: Error HRESULT E_FAIL has been returned from a call to a COM component.
	Stack Trace:    at Microsoft.VisualStudio.TestTools.UITest.Playback.Engine.IRPFPlayback.FindAllScreenElements(IScreenElement pScreenElementStart, String bstrQueryId, Object&amp; pvarResKeys, Int32 cResKeys, Int32 nMaxDepth, Object[]&amp; foundDescendants)
   at Microsoft.VisualStudio.TestTools.UITest.Playback.ScreenElement.FindTopLevelWindowHelper(String queryId)
	BaseExceptionMessage: Error HRESULT E_FAIL has been returned from a call to a COM component.

E, 3524, 22, 2012/11/12, 16:29:56.028, 6735246996917, QTAgent32.exe, AL: Playback Error: Microsoft.VisualStudio.TestTools.UITest.Extension.UITestControlNotFoundException: The playback failed to find the control with the given search properties. Additional Details: 
TechnologyName:  'MSAA'
ControlType:  'Window'
Name:  'Policies Auto-Renewed &amp; Auto-Lapsed'
ClassName:  'ThunderRT6FormDC'
 ---&gt; System.Runtime.InteropServices.COMException: Error HRESULT E_FAIL has been returned from a call to a COM component.
   at Microsoft.VisualStudio.TestTools.UITest.Playback.Engine.IRPFPlayback.FindAllScreenElements(IScreenElement pScreenElementStart, String bstrQueryId, Object&amp; pvarResKeys, Int32 cResKeys, Int32 nMaxDepth, Object[]&amp; foundDescendants)
   at Microsoft.VisualStudio.TestTools.UITest.Playback.ScreenElement.FindTopLevelWindowHelper(String queryId)
   at Microsoft.VisualStudio.TestTools.UITest.Playback.ScreenElement.FindFromPartialQueryId(String queryId)
   at Microsoft.VisualStudio.TestTools.UITesting.UITestControl..ctor(String queryId)
   --- End of inner exception stack trace ---
   at Microsoft.VisualStudio.TestTools.UITesting.Playback.MapControlNotFoundException(COMException ex, IPlaybackContext context)
   at Microsoft.VisualStudio.TestTools.UITesting.Playback.MapAndThrowComException(COMException innerException, IPlaybackContext context)
   at Microsoft.VisualStudio.TestTools.UITesting.Playback.MapAndThrowException(SystemException exception, IPlaybackContext context)
   at Microsoft.VisualStudio.TestTools.UITesting.Playback.MapAndThrowException(SystemException exception, String queryId)
   at Microsoft.VisualStudio.TestTools.UITesting.UITestControl..ctor(String queryId)
   at Microsoft.VisualStudio.TestTools.UITesting.SearchHelper.SearchTopLevelWindow(ISearchArgument topLevelSearchArg, String topLevelElementQueryId)
   at Microsoft.VisualStudio.TestTools.UITesting.SearchHelper.GetTitleUpdatedTopLevelWindow(ISearchArgument topLevelSearchArg, String queryId, IList`1 windowTitles)
   at Microsoft.VisualStudio.TestTools.UITesting.SearchHelper.GetTopLevelElement(Boolean useCache, Boolean useCacheOnly, ISearchArgument searchArg, IList`1 windowTitles, Int32&amp; timeLeft)
   at Microsoft.VisualStudio.TestTools.UITesting.SearchHelper.GetElement(Boolean useCache, ISearchArgument searchArg)
   at Microsoft.VisualStudio.TestTools.UITesting.SearchHelper.Search(ISearchArgument searchArg)
   at Microsoft.VisualStudio.TestTools.UITesting.UITestControl.FindInternal()
   at Microsoft.VisualStudio.TestTools.UITesting.UITestControl.FindControlIfNecessary()
   at Microsoft.VisualStudio.TestTools.UITesting.UITestControl.Click(MouseButtons button, ModifierKeys modifierKeys, Point relativeCoordinates)
   at Microsoft.VisualStudio.TestTools.UITesting.Mouse.ClickImplementation(UITestControl control, MouseButtons button, ModifierKeys modifierKeys, Point relativeCoordinate)
   at Microsoft.VisualStudio.TestTools.UITesting.Mouse.ClickImplementationWrapper(UITestControl control, MouseButtons button, ModifierKeys modifierKeys, Point relativeCoordinate)
W, 3524, 22, 2012/11/12, 16:29:56.028, 6735246998556, QTAgent32.exe, PlaybackErrorHandler: Ignoring exception as ContinueOnError is set.
W, 3524, 22, 2012/11/12, 16:29:56.387, 6735252133518, QTAgent32.exe, &lt;a class=success&gt;Playback - {165} [SUCCESS] MouseButtonClick - "[MSAA, VisibleOnly]ControlType='Button' &amp;&amp; Name='EDI Match...'"
\0&lt;/a&gt;
W, 3524, 22, 2012/11/12, 16:29:58.119, 6735277013770, QTAgent32.exe, &lt;a class=success&gt;Playback - {166} [SUCCESS] MouseButtonClick - "[MSAA, VisibleOnly]ControlType='Button' &amp;&amp; Name='Ok'"
\0&lt;/a&gt;
W, 3524, 22, 2012/11/12, 16:29:58.556, 6735283283488, QTAgent32.exe, &lt;a class=success&gt;Playback - {167} [SUCCESS] MouseButtonClick - "[MSAA, VisibleOnly]ControlType='Button' &amp;&amp; Name='OK'"
\0&lt;/a&gt;
W, 3524, 22, 2012/11/12, 16:30:00.209, 6735306857450, QTAgent32.exe, Playback - [WARNING] Internal warning: Element "[MSAA, VisibleOnly]ControlType='Window' &amp;&amp; ControlId='5'" was not found, so all intermediate elements were ignored. To improve performance replace this element Id with another Id or exclude it from QueryId. If this element is the target element, replace or remove intermediate elements
\0
W, 3524, 22, 2012/11/12, 16:30:02.784, 6735343725896, QTAgent32.exe, Playback - [WARNING] Internal warning:Search failure: &lt;[MSAA, VisibleOnly]ControlType='Window' &amp;&amp; ControlId='32768'&gt; | Performed (4) search retries, UI element not found
\0
E, 3524, 22, 2012/11/12, 16:30:02.784, 6735343728738, QTAgent32.exe, &lt;a class=failure&gt;Playback - {168} [FAILED] Function ElementFetcher::FindScreenElement failed to locate UI element (Searching: ;[MSAA, VisibleOnly]ControlType='Window' &amp;&amp; ControlId='32768';[MSAA, VisibleOnly]ControlType='Window' &amp;&amp; ControlId='5';[MSAA, VisibleOnly]ControlType='Button' &amp;&amp; Name='Log and Clear') (The object specified was not found.)
\0&lt;/a&gt;
E, 3524, 22, 2012/11/12, 16:30:02.862, 6735345038747, QTAgent32.exe, Playback - [IMAGE] C:\Users\peter.zenin-ad\AppData\Local\Temp\UITestLogs\LastRun\RPF6E8C.png
\0
W, 3524, 22, 2012/11/12, 16:30:02.862, 6735345041044, QTAgent32.exe, Playback - [WARNING] Internal warning: Couldn't find descendants that match QueryId
\0
W, 3524, 22, 2012/11/12, 16:30:02.862, 6735345044003, QTAgent32.exe, PERF WARNING: FindAllDescendents: took 4210 ms. Expected it to take maximum 500 ms.
E, 3524, 22, 2012/11/12, 16:30:02.971, 6735346395047, QTAgent32.exe, AL: Playback Error: Microsoft.VisualStudio.TestTools.UITest.Extension.UITestControlNotFoundException: The playback failed to find the control with the given search properties. Additional Details: 
TechnologyName:  'MSAA'
ControlType:  'Button'
Name:  'Log and Clear'
 ---&gt; System.Runtime.InteropServices.COMException: Error HRESULT E_FAIL has been returned from a call to a COM component.
   at Microsoft.VisualStudio.TestTools.UITest.Playback.Engine.IScreenElement.FindAllDescendants(String bstrQueryId, Object&amp; pvarResKeys, Int32 cResKeys, Int32 nMaxDepth)
   at Microsoft.VisualStudio.TestTools.UITest.Playback.ScreenElement.FindAllScreenElement(String queryId, Int32 depth, Boolean singleQueryId, Boolean throwException)
   at Microsoft.VisualStudio.TestTools.UITest.Playback.ScreenElement.FindScreenElement(String queryId, Int32 depth)
   at Microsoft.VisualStudio.TestTools.UITesting.UITestControl.FindFirstDescendant(String queryId, Int32 maxDepth, Int32&amp; timeLeft)
   --- End of inner exception stack trace ---
   at Microsoft.VisualStudio.TestTools.UITesting.Playback.MapControlNotFoundException(COMException ex, IPlaybackContext context)
   at Microsoft.VisualStudio.TestTools.UITesting.Playback.MapAndThrowComException(COMException innerException, IPlaybackContext context)
   at Microsoft.VisualStudio.TestTools.UITesting.Playback.MapAndThrowException(SystemException exception, IPlaybackContext context)
   at Microsoft.VisualStudio.TestTools.UITesting.Playback.MapAndThrowException(SystemException exception, String queryId)
   at Microsoft.VisualStudio.TestTools.UITesting.UITestControl.FindFirstDescendant(String queryId, Int32 maxDepth, Int32&amp; timeLeft)
   at Microsoft.VisualStudio.TestTools.UITesting.SearchHelper.GetElement(Boolean useCache, ISearchArgument searchArg)
   at Microsoft.VisualStudio.TestTools.UITesting.SearchHelper.Search(ISearchArgument searchArg)
   at Microsoft.VisualStudio.TestTools.UITesting.UITestControl.FindInternal()
   at Microsoft.VisualStudio.TestTools.UITesting.UITestControl.FindControlIfNecessary()
   at Microsoft.VisualStudio.TestTools.UITesting.UITestControl.Click(MouseButtons button, ModifierKeys modifierKeys, Point relativeCoordinates)
   at Microsoft.VisualStudio.TestTools.UITesting.Mouse.ClickImplementation(UITestControl control, MouseButtons button, ModifierKeys modifierKeys, Point relativeCoordinate)
   at Microsoft.VisualStudio.TestTools.UITesting.Mouse.ClickImplementationWrapper(UITestControl control, MouseButtons button, ModifierKeys modifierKeys, Point relativeCoordinate)
W, 3524, 22, 2012/11/12, 16:30:02.971, 6735346396658, QTAgent32.exe, PlaybackErrorHandler: Ignoring exception as ContinueOnError is set.
W, 3524, 22, 2012/11/12, 16:30:03.252, 6735350438133, QTAgent32.exe, Playback - [WARNING] Internal warning: Window Not Found: [VisibleOnly]ControlType='Window' &amp;&amp; Name='insur-E.tam' &amp;&amp; ClassName='#32770'
\0
E, 3524, 22, 2012/11/12, 16:30:03.252, 6735350441081, QTAgent32.exe, &lt;a class=failure&gt;Playback - {169} [FAILED] Function ElementFetcher::FindScreenElement failed to locate UI element (Searching: ;[VisibleOnly]ControlType='Window' &amp;&amp; Name='insur-E.tam' &amp;&amp; ClassName='#32770') (The object specified was not found.)
\0&lt;/a&gt;
E, 3524, 22, 2012/11/12, 16:30:03.345, 6735351758927, QTAgent32.exe, Playback - [IMAGE] C:\Users\peter.zenin-ad\AppData\Local\Temp\UITestLogs\LastRun\RPF7061.png
\0
W, 3524, 22, 2012/11/12, 16:30:03.345, 6735351761153, QTAgent32.exe, Playback - [WARNING] Internal warning: Couldn't find descendants that match QueryId
\0
W, 3524, 22, 2012/11/12, 16:30:21.365, 6735609761869, QTAgent32.exe, Playback - [WARNING] Internal warning: Window Not Found: [VisibleOnly]ControlType='Window' &amp;&amp; Name='insur-E.tam' &amp;&amp; ClassName='#32770'
\0
E, 3524, 22, 2012/11/12, 16:30:21.365, 6735609764571, QTAgent32.exe, &lt;a class=failure&gt;Playback - {170} [FAILED] Function ElementFetcher::FindScreenElement failed to locate UI element (Searching: ;[VisibleOnly]ControlType='Window' &amp;&amp; Name='insur-E.tam' &amp;&amp; ClassName='#32770') (The object specified was not found.)
\0&lt;/a&gt;
E, 3524, 22, 2012/11/12, 16:30:21.458, 6735611082531, QTAgent32.exe, Playback - [IMAGE] C:\Users\peter.zenin-ad\AppData\Local\Temp\UITestLogs\LastRun\RPFB722.png
\0
W, 3524, 22, 2012/11/12, 16:30:21.458, 6735611084715, QTAgent32.exe, Playback - [WARNING] Internal warning: Couldn't find descendants that match QueryId
\0
W, 3524, 22, 2012/11/12, 16:30:21.458, 6735611087737, QTAgent32.exe, PERF WARNING: FindTopLevelWindowHelper::FindAllDescendents: took 18111 ms. Expected it to take maximum 500 ms.
W, 3524, 22, 2012/11/12, 16:30:21.958, 6735618341875, QTAgent32.exe, Playback - [WARNING] Internal warning: Smart Match failed
\0
W, 3524, 22, 2012/11/12, 16:30:22.145, 6735621038155, QTAgent32.exe, Playback - [WARNING] Internal warning: Smart Match failed
\0
W, 3524, 22, 2012/11/12, 16:30:22.332, 6735623703937, QTAgent32.exe, Playback - [WARNING] Internal warning: Smart Match failed
\0
W, 3524, 22, 2012/11/12, 16:30:22.519, 6735626382602, QTAgent32.exe, Playback - [WARNING] Internal warning: Smart Match failed
\0
W, 3524, 22, 2012/11/12, 16:30:22.707, 6735629065401, QTAgent32.exe, Playback - [WARNING] Internal warning: Smart Match failed
\0
W, 3524, 22, 2012/11/12, 16:30:22.894, 6735631745830, QTAgent32.exe, Playback - [WARNING] Internal warning: Smart Match failed
\0
W, 3524, 22, 2012/11/12, 16:30:23.097, 6735634652018, QTAgent32.exe, Playback - [WARNING] Internal warning: Smart Match failed
\0
W, 3524, 22, 2012/11/12, 16:30:23.299, 6735637562851, QTAgent32.exe, Playback - [WARNING] Internal warning: Smart Match failed
\0
W, 3524, 22, 2012/11/12, 16:30:23.487, 6735640235130, QTAgent32.exe, Playback - [WARNING] Internal warning: Smart Match failed
\0
W, 3524, 22, 2012/11/12, 16:30:23.674, 6735642915146, QTAgent32.exe, Playback - [WARNING] Internal warning: Smart Match failed
\0
W, 3524, 22, 2012/11/12, 16:30:23.861, 6735645596052, QTAgent32.exe, Playback - [WARNING] Internal warning: Smart Match failed
\0
W, 3524, 22, 2012/11/12, 16:30:24.048, 6735648278530, QTAgent32.exe, Playback - [WARNING] Internal warning: Smart Match failed
\0
W, 3524, 22, 2012/11/12, 16:30:24.235, 6735650960901, QTAgent32.exe, Playback - [WARNING] Internal warning: Smart Match failed
\0
W, 3524, 22, 2012/11/12, 16:30:24.423, 6735653641578, QTAgent32.exe, Playback - [WARNING] Internal warning: Smart Match failed
\0
W, 3524, 22, 2012/11/12, 16:30:24.501, 6735654795212, QTAgent32.exe, Playback - [WARNING] Internal warning: Window Not Found: [VisibleOnly]ControlType='Window' &amp;&amp; Name='insur-E.tam' &amp;&amp; ClassName='#32770'
\0
E, 3524, 22, 2012/11/12, 16:30:24.501, 6735654797396, QTAgent32.exe, &lt;a class=failure&gt;Playback - {171} [FAILED] Function ElementFetcher::FindScreenElement failed to locate UI element (Searching: ;[VisibleOnly]ControlType='Window' &amp;&amp; Name='insur-E.tam' &amp;&amp; ClassName='#32770') (The object specified was not found.)
\0&lt;/a&gt;
E, 3524, 22, 2012/11/12, 16:30:24.594, 6735656110093, QTAgent32.exe, Playback - [IMAGE] C:\Users\peter.zenin-ad\AppData\Local\Temp\UITestLogs\LastRun\RPFC362.png
\0
W, 3524, 22, 2012/11/12, 16:30:24.594, 6735656112339, QTAgent32.exe, Playback - [WARNING] Internal warning: Couldn't find descendants that match QueryId
\0
W, 3524, 22, 2012/11/12, 16:30:24.594, 6735656115369, QTAgent32.exe, PERF WARNING: FindTopLevelWindowHelper::FindAllDescendents: took 3144 ms. Expected it to take maximum 500 ms.
E, 3524, 22, 2012/11/12, 16:30:24.594, 6735656117197, QTAgent32.exe, Exception: System.Runtime.InteropServices.COMException
	Message: Error HRESULT E_FAIL has been returned from a call to a COM component.
	Stack Trace:    at Microsoft.VisualStudio.TestTools.UITest.Playback.Engine.IRPFPlayback.FindAllScreenElements(IScreenElement pScreenElementStart, String bstrQueryId, Object&amp; pvarResKeys, Int32 cResKeys, Int32 nMaxDepth, Object[]&amp; foundDescendants)
   at Microsoft.VisualStudio.TestTools.UITest.Playback.ScreenElement.FindTopLevelWindowHelper(String queryId)
	BaseExceptionMessage: Error HRESULT E_FAIL has been returned from a call to a COM component.

E, 3524, 22, 2012/11/12, 16:30:24.594, 6735656121109, QTAgent32.exe, GetClassName for handle 7013578 failed
E, 3524, 22, 2012/11/12, 16:30:24.594, 6735656130631, QTAgent32.exe, Window 7013578 not responding. Last Win32 error 1400
E, 3524, 22, 2012/11/12, 16:30:24.594, 6735656131866, QTAgent32.exe, GetClassName for handle 7013578 failed
E, 3524, 22, 2012/11/12, 16:30:24.594, 6735656132693, QTAgent32.exe, GetClassName for handle 7013578 failed
E, 3524, 22, 2012/11/12, 16:30:24.594, 6735656137913, QTAgent32.exe, GetClassName for handle 5572396 failed
E, 3524, 22, 2012/11/12, 16:30:24.594, 6735656144872, QTAgent32.exe, Exception: System.Runtime.InteropServices.COMException
	Message: Error HRESULT E_FAIL has been returned from a call to a COM component.
	Stack Trace:    at Accessibility.IAccessible.get_accState(Object varChild)
   at Microsoft.VisualStudio.TestTools.UITest.Extension.Msaa.AccWrapper.get_State()
	BaseExceptionMessage: Error HRESULT E_FAIL has been returned from a call to a COM component.

E, 3524, 22, 2012/11/12, 16:30:24.594, 6735656149234, QTAgent32.exe, Exception: System.Runtime.InteropServices.COMException
	Message: Error HRESULT E_FAIL has been returned from a call to a COM component.
	Stack Trace:    at Accessibility.IAccessible.get_accState(Object varChild)
   at Microsoft.VisualStudio.TestTools.UITest.Extension.Msaa.AccWrapper.get_State()
	BaseExceptionMessage: Error HRESULT E_FAIL has been returned from a call to a COM component.

E, 3524, 22, 2012/11/12, 16:30:24.594, 6735656153516, QTAgent32.exe, Exception: System.Runtime.InteropServices.COMException
	Message: Error HRESULT E_FAIL has been returned from a call to a COM component.
	Stack Trace:    at Accessibility.IAccessible.get_accState(Object varChild)
   at Microsoft.VisualStudio.TestTools.UITest.Extension.Msaa.AccWrapper.get_State()
	BaseExceptionMessage: Error HRESULT E_FAIL has been returned from a call to a COM component.

E, 3524, 22, 2012/11/12, 16:30:24.594, 6735656157785, QTAgent32.exe, Exception: System.Runtime.InteropServices.COMException
	Message: Error HRESULT E_FAIL has been returned from a call to a COM component.
	Stack Trace:    at Accessibility.IAccessible.get_accState(Object varChild)
   at Microsoft.VisualStudio.TestTools.UITest.Extension.Msaa.AccWrapper.get_State()
	BaseExceptionMessage: Error HRESULT E_FAIL has been returned from a call to a COM component.

E, 3524, 22, 2012/11/12, 16:30:24.594, 6735656162097, QTAgent32.exe, Exception: System.Runtime.InteropServices.COMException
	Message: Error HRESULT E_FAIL has been returned from a call to a COM component.
	Stack Trace:    at Accessibility.IAccessible.get_accState(Object varChild)
   at Microsoft.VisualStudio.TestTools.UITest.Extension.Msaa.AccWrapper.get_State()
	BaseExceptionMessage: Error HRESULT E_FAIL has been returned from a call to a COM component.

E, 3524, 22, 2012/11/12, 16:30:24.594, 6735656166474, QTAgent32.exe, Exception: System.Runtime.InteropServices.COMException
	Message: Error HRESULT E_FAIL has been returned from a call to a COM component.
	Stack Trace:    at Accessibility.IAccessible.get_accState(Object varChild)
   at Microsoft.VisualStudio.TestTools.UITest.Extension.Msaa.AccWrapper.get_State()
	BaseExceptionMessage: Error HRESULT E_FAIL has been returned from a call to a COM component.

E, 3524, 22, 2012/11/12, 16:30:24.594, 6735656170806, QTAgent32.exe, Exception: System.Runtime.InteropServices.COMException
	Message: Error HRESULT E_FAIL has been returned from a call to a COM component.
	Stack Trace:    at Accessibility.IAccessible.get_accState(Object varChild)
   at Microsoft.VisualStudio.TestTools.UITest.Extension.Msaa.AccWrapper.get_State()
	BaseExceptionMessage: Error HRESULT E_FAIL has been returned from a call to a COM component.

W, 3524, 22, 2012/11/12, 16:30:24.797, 6735659019663, QTAgent32.exe, PERF WARNING: MSAA.UpdateQueryIDForNamelessControls: took 201 ms. Expected it to take maximum 200 ms.
W, 3524, 22, 2012/11/12, 16:30:24.797, 6735659023763, QTAgent32.exe, Msaa.Navigate: Exception [Error HRESULT E_FAIL has been returned from a call to a COM component.] while calling accNavigate.
E, 3524, 22, 2012/11/12, 16:30:24.797, 6735659025180, QTAgent32.exe, GetClassName for handle 5572396 failed
E, 3524, 22, 2012/11/12, 16:30:24.797, 6735659035464, QTAgent32.exe, GetClassName for handle 5572396 failed
E, 3524, 22, 2012/11/12, 16:30:24.797, 6735659037671, QTAgent32.exe, Window 5572396 not responding. Last Win32 error 1400
E, 3524, 22, 2012/11/12, 16:30:24.797, 6735659038691, QTAgent32.exe, GetClassName for handle 7013578 failed
E, 3524, 22, 2012/11/12, 16:30:24.797, 6735659039529, QTAgent32.exe, GetClassName for handle 5572396 failed
E, 3524, 22, 2012/11/12, 16:30:24.797, 6735659040288, QTAgent32.exe, GetClassName for handle 5572396 failed
E, 3524, 22, 2012/11/12, 16:30:24.906, 6735660444431, QTAgent32.exe, AL: Playback Error: Microsoft.VisualStudio.TestTools.UITest.Extension.UITestControlNotAvailableException: The control is not available or not valid. Additional Details: 
TechnologyName:  'MSAA'
ControlType:  'Button'
 ---&gt; Microsoft.VisualStudio.TestTools.UITest.Extension.UITestControlNotAvailableException: The control is not available or not valid. Additional Details: 
TechnologyName:  'MSAA'
ControlType:  'Window'
 ---&gt; System.Runtime.InteropServices.COMException: Error HRESULT E_FAIL has been returned from a call to a COM component.
   at Microsoft.VisualStudio.TestTools.UITest.Playback.Engine.IRPFPlayback.FindAllScreenElements(IScreenElement pScreenElementStart, String bstrQueryId, Object&amp; pvarResKeys, Int32 cResKeys, Int32 nMaxDepth, Object[]&amp; foundDescendants)
   at Microsoft.VisualStudio.TestTools.UITest.Playback.ScreenElement.FindTopLevelWindowHelper(String queryId)
   at Microsoft.VisualStudio.TestTools.UITest.Playback.ScreenElement.FindFromPartialQueryId(String queryId)
   at Microsoft.VisualStudio.TestTools.UITesting.UITestControl.EnsureValid(Boolean waitForReady, Boolean refetch)
   --- End of inner exception stack trace ---
   at Microsoft.VisualStudio.TestTools.UITesting.UITestControl.EnsureValid(Boolean waitForReady, Boolean refetch)
   at Microsoft.VisualStudio.TestTools.UITesting.UITestControl.FindFirstDescendant(String queryId, Int32 maxDepth, Int32&amp; timeLeft)
   at Microsoft.VisualStudio.TestTools.UITesting.UITestControl.FindFirstDescendant(String queryId)
   at Microsoft.VisualStudio.TestTools.UITesting.UITestControl.EnsureValid(Boolean waitForReady, Boolean refetch)
   --- End of inner exception stack trace ---
   at Microsoft.VisualStudio.TestTools.UITesting.UITestControl.EnsureValid(Boolean waitForReady, Boolean refetch)
   at Microsoft.VisualStudio.TestTools.UITesting.UITestControl.Click(MouseButtons button, ModifierKeys modifierKeys, Point relativeCoordinates)
   at Microsoft.VisualStudio.TestTools.UITesting.Mouse.ClickImplementation(UITestControl control, MouseButtons button, ModifierKeys modifierKeys, Point relativeCoordinate)
   at Microsoft.VisualStudio.TestTools.UITesting.Mouse.ClickImplementationWrapper(UITestControl control, MouseButtons button, ModifierKeys modifierKeys, Point relativeCoordinate)
W, 3524, 22, 2012/11/12, 16:30:24.906, 6735660445927, QTAgent32.exe, PlaybackErrorHandler: Ignoring exception as ContinueOnError is set.
W, 3524, 22, 2012/11/12, 16:30:25.250, 6735665467147, QTAgent32.exe, &lt;a class=success&gt;Playback - {172} [SUCCESS] MouseButtonClick - "[MSAA, VisibleOnly]ControlType='Button' &amp;&amp; Name='Filter...'"
\0&lt;/a&gt;
W, 3524, 22, 2012/11/12, 16:30:25.499, 6735668929264, QTAgent32.exe, &lt;a class=success&gt;Playback - {173} [SUCCESS] SendKeys "^{HOME}" - "[MSAA, VisibleOnly]ControlType='Edit'"
\0&lt;/a&gt;
E, 3524, 22, 2012/11/12, 16:30:25.499, 6735668931917, QTAgent32.exe, Msaa.GetFocusedElement: could not find accessible object of foreground window
W, 3524, 22, 2012/11/12, 16:30:25.577, 6735670047478, QTAgent32.exe, &lt;a class=success&gt;Playback - {174} [SUCCESS] SendKeys "^+{END}" - "[MSAA, VisibleOnly]ControlType='Edit'"
\0&lt;/a&gt;
E, 3524, 22, 2012/11/12, 16:30:25.577, 6735670049506, QTAgent32.exe, Msaa.GetFocusedElement: could not find accessible object of foreground window
W, 3524, 22, 2012/11/12, 16:30:25.593, 6735670270194, QTAgent32.exe, &lt;a class=success&gt;Playback - {175} [SUCCESS] SendKeys "{DELETE}" - "[MSAA, VisibleOnly]ControlType='Edit'"
\0&lt;/a&gt;
W, 3524, 22, 2012/11/12, 16:30:25.920, 6735674963871, QTAgent32.exe, &lt;a class=success&gt;Playback - {176} [SUCCESS] SetValueAsEditBox "19/11/12" - "[MSAA, VisibleOnly]ControlType='Edit'"  &lt; Set via SendKeys &gt;
\0&lt;/a&gt;
W, 3524, 22, 2012/11/12, 16:30:26.186, 6735678759268, QTAgent32.exe, &lt;a class=success&gt;Playback - {177} [SUCCESS] SendKeys "^{HOME}" - "[MSAA, VisibleOnly]ControlType='Edit'"
\0&lt;/a&gt;
E, 3524, 22, 2012/11/12, 16:30:26.186, 6735678761915, QTAgent32.exe, Msaa.GetFocusedElement: could not find accessible object of foreground window
W, 3524, 22, 2012/11/12, 16:30:26.264, 6735679877361, QTAgent32.exe, &lt;a class=success&gt;Playback - {178} [SUCCESS] SendKeys "^+{END}" - "[MSAA, VisibleOnly]ControlType='Edit'"
\0&lt;/a&gt;
E, 3524, 22, 2012/11/12, 16:30:26.264, 6735679880372, QTAgent32.exe, Msaa.GetFocusedElement: could not find accessible object of foreground window
W, 3524, 22, 2012/11/12, 16:30:26.279, 6735680099924, QTAgent32.exe, &lt;a class=success&gt;Playback - {179} [SUCCESS] SendKeys "{DELETE}" - "[MSAA, VisibleOnly]ControlType='Edit'"
\0&lt;/a&gt;
W, 3524, 22, 2012/11/12, 16:30:26.607, 6735684792957, QTAgent32.exe, &lt;a class=success&gt;Playback - {180} [SUCCESS] SetValueAsEditBox "19/11/12" - "[MSAA, VisibleOnly]ControlType='Edit'"  &lt; Set via SendKeys &gt;
\0&lt;/a&gt;
W, 3524, 22, 2012/11/12, 16:30:27.262, 6735694203406, QTAgent32.exe, Playback - [WARNING] Internal warning: Incorrect flag set for InvokeProgrammaticAction\0
W, 3524, 22, 2012/11/12, 16:30:27.590, 6735698875865, QTAgent32.exe, &lt;a class=success&gt;Playback - {181} [SUCCESS] SetValueAsComboBox "Household" - "[MSAA, VisibleOnly]ControlType='ComboBox'"  &lt; SetValueAsComboBox, set by clicking on the item in the list box &gt;
\0&lt;/a&gt;
W, 3524, 22, 2012/11/12, 16:30:27.995, 6735704852493, QTAgent32.exe, &lt;a class=success&gt;Playback - {182} [SUCCESS] MouseButtonClick - "[MSAA, VisibleOnly]ControlType='Button' &amp;&amp; Name='Ok'"
\0&lt;/a&gt;
W, 3524, 22, 2012/11/12, 16:30:28.448, 6735711156042, QTAgent32.exe, &lt;a class=success&gt;Playback - {183} [SUCCESS] MouseButtonClick - "[MSAA, VisibleOnly]ControlType='Client'"
\0&lt;/a&gt;
W, 3524, 22, 2012/11/12, 16:30:28.666, 6735714272675, QTAgent32.exe, &lt;a class=success&gt;Playback - {184} [SUCCESS] SendKeys "{End}" - "[MSAA, VisibleOnly]ControlType='Client'"
\0&lt;/a&gt;
W, 3524, 22, 2012/11/12, 16:30:29.150, 6735721261133, QTAgent32.exe, &lt;a class=success&gt;Playback - {185} [SUCCESS] MouseButtonClick - "[MSAA, VisibleOnly]ControlType='Button' &amp;&amp; Name='Display Record...'"
\0&lt;/a&gt;
W, 3524, 22, 2012/11/12, 16:30:29.540, 6735726825598, QTAgent32.exe, Playback - [WARNING] Internal warning: Window Not Found: [VisibleOnly]ControlType='Window' &amp;&amp; Name='AUTO225-1001' &amp;&amp; ClassName='ThunderRT6FormDC'
\0
E, 3524, 22, 2012/11/12, 16:30:29.540, 6735726828315, QTAgent32.exe, &lt;a class=failure&gt;Playback - {186} [FAILED] Function ElementFetcher::FindScreenElement failed to locate UI element (Searching: ;[VisibleOnly]ControlType='Window' &amp;&amp; Name='AUTO225-1001' &amp;&amp; ClassName='ThunderRT6FormDC') (The object specified was not found.)
\0&lt;/a&gt;
E, 3524, 22, 2012/11/12, 16:30:29.618, 6735728100277, QTAgent32.exe, Playback - [IMAGE] C:\Users\peter.zenin-ad\AppData\Local\Temp\UITestLogs\LastRun\RPFD712.png
\0
W, 3524, 22, 2012/11/12, 16:30:29.618, 6735728102510, QTAgent32.exe, Playback - [WARNING] Internal warning: Couldn't find descendants that match QueryId
\0
W, 3524, 22, 2012/11/12, 16:30:47.653, 6735986162902, QTAgent32.exe, Playback - [WARNING] Internal warning: Window Not Found: [VisibleOnly]ControlType='Window' &amp;&amp; Name='AUTO225-1001' &amp;&amp; ClassName='ThunderRT6FormDC'
\0
E, 3524, 22, 2012/11/12, 16:30:47.653, 6735986165507, QTAgent32.exe, &lt;a class=failure&gt;Playback - {187} [FAILED] Function ElementFetcher::FindScreenElement failed to locate UI element (Searching: ;[VisibleOnly]ControlType='Window' &amp;&amp; Name='AUTO225-1001' &amp;&amp; ClassName='ThunderRT6FormDC') (The object specified was not found.)
\0&lt;/a&gt;
E, 3524, 22, 2012/11/12, 16:30:47.731, 6735987439961, QTAgent32.exe, Playback - [IMAGE] C:\Users\peter.zenin-ad\AppData\Local\Temp\UITestLogs\LastRun\RPF1DD3.png
\0
W, 3524, 22, 2012/11/12, 16:30:47.731, 6735987442111, QTAgent32.exe, Playback - [WARNING] Internal warning: Couldn't find descendants that match QueryId
\0
W, 3524, 22, 2012/11/12, 16:30:47.747, 6735987445868, QTAgent32.exe, PERF WARNING: FindTopLevelWindowHelper::FindAllDescendents: took 18112 ms. Expected it to take maximum 500 ms.
W, 3524, 22, 2012/11/12, 16:30:48.355, 6735996204147, QTAgent32.exe, Playback - [WARNING] Internal warning: Window with Class "ThunderRT6FormDC" and Title "AUTO225-1001" was not found, so similar window with Class "ThunderRT6FormDC" and Title "AUTO163-1001" was accepted
\0
W, 3524, 22, 2012/11/12, 16:30:48.355, 6735996207997, QTAgent32.exe, PERF WARNING: FindTopLevelWindowHelper::FindAllDescendents: took 611 ms. Expected it to take maximum 500 ms.
W, 3524, 22, 2012/11/12, 16:30:48.683, 6736000976409, QTAgent32.exe, &lt;a class=success&gt;Playback - {188} [SUCCESS] MouseButtonClick - "[MSAA, VisibleOnly]ControlType='Button' &amp;&amp; Name='Amend Risk...'"
\0&lt;/a&gt;
W, 3524, 22, 2012/11/12, 16:30:50.586, 6736028291943, QTAgent32.exe, PERF WARNING: FindTopLevelWindowHelper::FindAllDescendents: took 1785 ms. Expected it to take maximum 500 ms.
W, 3524, 22, 2012/11/12, 16:30:50.898, 6736032567348, QTAgent32.exe, &lt;a class=success&gt;Playback - {189} [SUCCESS] SendKeys "^{HOME}" - "[MSAA, VisibleOnly]ControlType='Edit'"
\0&lt;/a&gt;
E, 3524, 22, 2012/11/12, 16:30:50.898, 6736032570143, QTAgent32.exe, Msaa.GetFocusedElement: could not find accessible object of foreground window
W, 3524, 22, 2012/11/12, 16:30:50.992, 6736033906459, QTAgent32.exe, &lt;a class=success&gt;Playback - {190} [SUCCESS] SendKeys "^+{END}" - "[MSAA, VisibleOnly]ControlType='Edit'"
\0&lt;/a&gt;
E, 3524, 22, 2012/11/12, 16:30:50.992, 6736033908764, QTAgent32.exe, Msaa.GetFocusedElement: could not find accessible object of foreground window
W, 3524, 22, 2012/11/12, 16:30:51.007, 6736034130090, QTAgent32.exe, &lt;a class=success&gt;Playback - {191} [SUCCESS] SendKeys "{DELETE}" - "[MSAA, VisibleOnly]ControlType='Edit'"
\0&lt;/a&gt;
W, 3524, 22, 2012/11/12, 16:30:51.304, 6736038377086, QTAgent32.exe, &lt;a class=success&gt;Playback - {192} [SUCCESS] SetValueAsEditBox "TestNew" - "[MSAA, VisibleOnly]ControlType='Edit'"  &lt; Set via SendKeys &gt;
\0&lt;/a&gt;
W, 3524, 22, 2012/11/12, 16:30:51.803, 6736045719639, QTAgent32.exe, &lt;a class=success&gt;Playback - {193} [SUCCESS] MouseButtonClick - "[MSAA, VisibleOnly]ControlType='Button' &amp;&amp; Name='Next &gt;'"
\0&lt;/a&gt;
W, 3524, 22, 2012/11/12, 16:30:52.053, 6736049206703, QTAgent32.exe, &lt;a class=success&gt;Playback - {194} [SUCCESS] MouseButtonClick - "[MSAA, VisibleOnly]ControlType='Button' &amp;&amp; Name='Next &gt;'"
\0&lt;/a&gt;
W, 3524, 22, 2012/11/12, 16:30:52.271, 6736052378075, QTAgent32.exe, &lt;a class=success&gt;Playback - {195} [SUCCESS] MouseButtonClick - "[MSAA, VisibleOnly]ControlType='Button' &amp;&amp; Name='Next &gt;'"
\0&lt;/a&gt;
W, 3524, 22, 2012/11/12, 16:30:52.489, 6736055554072, QTAgent32.exe, &lt;a class=success&gt;Playback - {196} [SUCCESS] MouseButtonClick - "[MSAA, VisibleOnly]ControlType='Button' &amp;&amp; Name='Next &gt;'"
\0&lt;/a&gt;
W, 3524, 22, 2012/11/12, 16:30:52.708, 6736058648659, QTAgent32.exe, &lt;a class=success&gt;Playback - {197} [SUCCESS] MouseButtonClick - "[MSAA, VisibleOnly]ControlType='Button' &amp;&amp; Name='Next &gt;'"
\0&lt;/a&gt;
W, 3524, 22, 2012/11/12, 16:30:52.926, 6736061794658, QTAgent32.exe, &lt;a class=success&gt;Playback - {198} [SUCCESS] MouseButtonClick - "[MSAA, VisibleOnly]ControlType='Button' &amp;&amp; Name='Next &gt;'"
\0&lt;/a&gt;
W, 3524, 22, 2012/11/12, 16:30:53.176, 6736065243462, QTAgent32.exe, &lt;a class=success&gt;Playback - {199} [SUCCESS] MouseButtonClick - "[MSAA, VisibleOnly]ControlType='Button' &amp;&amp; Name='Next &gt;'"
\0&lt;/a&gt;
W, 3524, 22, 2012/11/12, 16:30:53.472, 6736069633424, QTAgent32.exe, &lt;a class=success&gt;Playback - {200} [SUCCESS] MouseButtonClick - "[MSAA, VisibleOnly]ControlType='Button' &amp;&amp; Name='Quote'"
\0&lt;/a&gt;
W, 3524, 22, 2012/11/12, 16:30:53.987, 6736076984743, QTAgent32.exe, &lt;a class=success&gt;Playback - {201} [SUCCESS] MouseButtonClick - "[MSAA, VisibleOnly]ControlType='Button' &amp;&amp; Name='Proceed'"
\0&lt;/a&gt;
W, 3524, 22, 2012/11/12, 16:31:04.300, 6736224464876, QTAgent32.exe, PERF WARNING: FindTopLevelWindowHelper::FindAllDescendents: took 10204 ms. Expected it to take maximum 500 ms.
W, 3524, 22, 2012/11/12, 16:31:04.627, 6736229126606, QTAgent32.exe, &lt;a class=success&gt;Playback - {202} [SUCCESS] MouseButtonClick - "[MSAA, VisibleOnly]ControlType='Client'"
\0&lt;/a&gt;
W, 3524, 22, 2012/11/12, 16:31:06.203, 6736251699430, QTAgent32.exe, &lt;a class=success&gt;Playback - {203} [SUCCESS] SendKeys "{End}" - "[MSAA, VisibleOnly]ControlType='Client'"
\0&lt;/a&gt;
W, 3524, 22, 2012/11/12, 16:31:07.748, 6736273911444, QTAgent32.exe, &lt;a class=success&gt;Playback - {204} [SUCCESS] MouseButtonClick - "[MSAA, VisibleOnly]ControlType='Button' &amp;&amp; Name='Renew Policy'"
\0&lt;/a&gt;
W, 3524, 22, 2012/11/12, 16:31:10.197, 6736308867716, QTAgent32.exe, &lt;a class=success&gt;Playback - {205} [SUCCESS] MouseButtonClick - "[MSAA, VisibleOnly]ControlType='Button' &amp;&amp; Name='Yes'"
\0&lt;/a&gt;
W, 3524, 22, 2012/11/12, 16:31:14.924, 6736376646125, QTAgent32.exe, Playback - [WARNING] Internal warning: Window Not Found: [VisibleOnly]ControlType='Window' &amp;&amp; Name='Save the file as' &amp;&amp; ClassName='#32770'
\0
E, 3524, 22, 2012/11/12, 16:31:14.924, 6736376648828, QTAgent32.exe, &lt;a class=failure&gt;Playback - {206} [FAILED] Function ElementFetcher::FindScreenElement failed to locate UI element (Searching: ;[VisibleOnly]ControlType='Window' &amp;&amp; Name='Save the file as' &amp;&amp; ClassName='#32770') (The object specified was not found.)
\0&lt;/a&gt;
E, 3524, 22, 2012/11/12, 16:31:15.018, 6736377908696, QTAgent32.exe, Playback - [IMAGE] C:\Users\peter.zenin-ad\AppData\Local\Temp\UITestLogs\LastRun\RPF8859.png
\0
W, 3524, 22, 2012/11/12, 16:31:15.018, 6736377910795, QTAgent32.exe, Playback - [WARNING] Internal warning: Couldn't find descendants that match QueryId
\0
W, 3524, 22, 2012/11/12, 16:31:15.018, 6736377914428, QTAgent32.exe, PERF WARNING: FindTopLevelWindowHelper::FindAllDescendents: took 4712 ms. Expected it to take maximum 500 ms.
W, 3524, 22, 2012/11/12, 16:31:33.053, 6736636196806, QTAgent32.exe, Playback - [WARNING] Internal warning: Window Not Found: [VisibleOnly]ControlType='Window' &amp;&amp; Name='Save the file as' &amp;&amp; ClassName='#32770'
\0
E, 3524, 22, 2012/11/12, 16:31:33.053, 6736636199654, QTAgent32.exe, &lt;a class=failure&gt;Playback - {207} [FAILED] Function ElementFetcher::FindScreenElement failed to locate UI element (Searching: ;[VisibleOnly]ControlType='Window' &amp;&amp; Name='Save the file as' &amp;&amp; ClassName='#32770') (The object specified was not found.)
\0&lt;/a&gt;
E, 3524, 22, 2012/11/12, 16:31:33.146, 6736637465542, QTAgent32.exe, Playback - [IMAGE] C:\Users\peter.zenin-ad\AppData\Local\Temp\UITestLogs\LastRun\RPFCF29.png
\0
W, 3524, 22, 2012/11/12, 16:31:33.146, 6736637469028, QTAgent32.exe, Playback - [WARNING] Internal warning: Couldn't find descendants that match QueryId
\0
W, 3524, 22, 2012/11/12, 16:31:33.146, 6736637472032, QTAgent32.exe, PERF WARNING: FindTopLevelWindowHelper::FindAllDescendents: took 18127 ms. Expected it to take maximum 500 ms.
W, 3524, 22, 2012/11/12, 16:31:33.661, 6736644954209, QTAgent32.exe, Playback - [WARNING] Internal warning: Smart Match failed
\0
W, 3524, 22, 2012/11/12, 16:31:33.880, 6736648071338, QTAgent32.exe, Playback - [WARNING] Internal warning: Smart Match failed
\0
W, 3524, 22, 2012/11/12, 16:31:34.098, 6736651198204, QTAgent32.exe, Playback - [WARNING] Internal warning: Smart Match failed
\0
W, 3524, 22, 2012/11/12, 16:31:34.317, 6736654328437, QTAgent32.exe, Playback - [WARNING] Internal warning: Smart Match failed
\0
W, 3524, 22, 2012/11/12, 16:31:34.535, 6736657460517, QTAgent32.exe, Playback - [WARNING] Internal warning: Smart Match failed
\0
W, 3524, 22, 2012/11/12, 16:31:34.753, 6736660593421, QTAgent32.exe, Playback - [WARNING] Internal warning: Smart Match failed
\0
W, 3524, 22, 2012/11/12, 16:31:34.972, 6736663718428, QTAgent32.exe, Playback - [WARNING] Internal warning: Smart Match failed
\0
W, 3524, 22, 2012/11/12, 16:31:35.190, 6736666844395, QTAgent32.exe, Playback - [WARNING] Internal warning: Smart Match failed
\0
W, 3524, 22, 2012/11/12, 16:31:35.409, 6736669962743, QTAgent32.exe, Playback - [WARNING] Internal warning: Smart Match failed
\0
W, 3524, 22, 2012/11/12, 16:31:35.627, 6736673089359, QTAgent32.exe, Playback - [WARNING] Internal warning: Smart Match failed
\0
W, 3524, 22, 2012/11/12, 16:31:35.845, 6736676215610, QTAgent32.exe, Playback - [WARNING] Internal warning: Smart Match failed
\0
W, 3524, 22, 2012/11/12, 16:31:36.064, 6736679341319, QTAgent32.exe, Playback - [WARNING] Internal warning: Smart Match failed
\0
W, 3524, 22, 2012/11/12, 16:31:36.173, 6736680790003, QTAgent32.exe, Playback - [WARNING] Internal warning: Window Not Found: [VisibleOnly]ControlType='Window' &amp;&amp; Name='Save the file as' &amp;&amp; ClassName='#32770'
\0
E, 3524, 22, 2012/11/12, 16:31:36.173, 6736680792374, QTAgent32.exe, &lt;a class=failure&gt;Playback - {208} [FAILED] Function ElementFetcher::FindScreenElement failed to locate UI element (Searching: ;[VisibleOnly]ControlType='Window' &amp;&amp; Name='Save the file as' &amp;&amp; ClassName='#32770') (The object specified was not found.)
\0&lt;/a&gt;
E, 3524, 22, 2012/11/12, 16:31:36.251, 6736682038496, QTAgent32.exe, Playback - [IMAGE] C:\Users\peter.zenin-ad\AppData\Local\Temp\UITestLogs\LastRun\RPFDB5A.png
\0
W, 3524, 22, 2012/11/12, 16:31:36.251, 6736682040703, QTAgent32.exe, Playback - [WARNING] Internal warning: Couldn't find descendants that match QueryId
\0
W, 3524, 22, 2012/11/12, 16:31:36.251, 6736682043685, QTAgent32.exe, PERF WARNING: FindTopLevelWindowHelper::FindAllDescendents: took 3112 ms. Expected it to take maximum 500 ms.
E, 3524, 22, 2012/11/12, 16:31:36.251, 6736682045494, QTAgent32.exe, Exception: System.Runtime.InteropServices.COMException
	Message: Error HRESULT E_FAIL has been returned from a call to a COM component.
	Stack Trace:    at Microsoft.VisualStudio.TestTools.UITest.Playback.Engine.IRPFPlayback.FindAllScreenElements(IScreenElement pScreenElementStart, String bstrQueryId, Object&amp; pvarResKeys, Int32 cResKeys, Int32 nMaxDepth, Object[]&amp; foundDescendants)
   at Microsoft.VisualStudio.TestTools.UITest.Playback.ScreenElement.FindTopLevelWindowHelper(String queryId)
	BaseExceptionMessage: Error HRESULT E_FAIL has been returned from a call to a COM component.

E, 3524, 22, 2012/11/12, 16:31:36.360, 6736683453344, QTAgent32.exe, AL: Playback Error: Microsoft.VisualStudio.TestTools.UITest.Extension.UITestControlNotFoundException: The playback failed to find the control with the given search properties. Additional Details: 
TechnologyName:  'MSAA'
ControlType:  'Window'
Name:  'Save the file as'
ClassName:  '#32770'
 ---&gt; System.Runtime.InteropServices.COMException: Error HRESULT E_FAIL has been returned from a call to a COM component.
   at Microsoft.VisualStudio.TestTools.UITest.Playback.Engine.IRPFPlayback.FindAllScreenElements(IScreenElement pScreenElementStart, String bstrQueryId, Object&amp; pvarResKeys, Int32 cResKeys, Int32 nMaxDepth, Object[]&amp; foundDescendants)
   at Microsoft.VisualStudio.TestTools.UITest.Playback.ScreenElement.FindTopLevelWindowHelper(String queryId)
   at Microsoft.VisualStudio.TestTools.UITest.Playback.ScreenElement.FindFromPartialQueryId(String queryId)
   at Microsoft.VisualStudio.TestTools.UITesting.UITestControl..ctor(String queryId)
   --- End of inner exception stack trace ---
   at Microsoft.VisualStudio.TestTools.UITesting.Playback.MapControlNotFoundException(COMException ex, IPlaybackContext context)
   at Microsoft.VisualStudio.TestTools.UITesting.Playback.MapAndThrowComException(COMException innerException, IPlaybackContext context)
   at Microsoft.VisualStudio.TestTools.UITesting.Playback.MapAndThrowException(SystemException exception, IPlaybackContext context)
   at Microsoft.VisualStudio.TestTools.UITesting.Playback.MapAndThrowException(SystemException exception, String queryId)
   at Microsoft.VisualStudio.TestTools.UITesting.UITestControl..ctor(String queryId)
   at Microsoft.VisualStudio.TestTools.UITesting.SearchHelper.SearchTopLevelWindow(ISearchArgument topLevelSearchArg, String topLevelElementQueryId)
   at Microsoft.VisualStudio.TestTools.UITesting.SearchHelper.GetTitleUpdatedTopLevelWindow(ISearchArgument topLevelSearchArg, String queryId, IList`1 windowTitles)
   at Microsoft.VisualStudio.TestTools.UITesting.SearchHelper.GetTopLevelElement(Boolean useCache, Boolean useCacheOnly, ISearchArgument searchArg, IList`1 windowTitles, Int32&amp; timeLeft)
   at Microsoft.VisualStudio.TestTools.UITesting.SearchHelper.GetElement(Boolean useCache, ISearchArgument searchArg)
   at Microsoft.VisualStudio.TestTools.UITesting.SearchHelper.Search(ISearchArgument searchArg)
   at Microsoft.VisualStudio.TestTools.UITesting.UITestControl.FindInternal()
   at Microsoft.VisualStudio.TestTools.UITesting.UITestControl.FindControlIfNecessary()
   at Microsoft.VisualStudio.TestTools.UITesting.UITestControl.Click(MouseButtons button, ModifierKeys modifierKeys, Point relativeCoordinates)
   at Microsoft.VisualStudio.TestTools.UITesting.Mouse.ClickImplementation(UITestControl control, MouseButtons button, ModifierKeys modifierKeys, Point relativeCoordinate)
   at Microsoft.VisualStudio.TestTools.UITesting.Mouse.ClickImplementationWrapper(UITestControl control, MouseButtons button, ModifierKeys modifierKeys, Point relativeCoordinate)
W, 3524, 22, 2012/11/12, 16:31:36.360, 6736683454906, QTAgent32.exe, PlaybackErrorHandler: Ignoring exception as ContinueOnError is set.
W, 3524, 22, 2012/11/12, 16:31:36.750, 6736689117628, QTAgent32.exe, &lt;a class=success&gt;Playback - {209} [SUCCESS] MouseButtonClick - "[MSAA, VisibleOnly]ControlType='Button' &amp;&amp; Name='Ok'"
\0&lt;/a&gt;
W, 3524, 22, 2012/11/12, 16:31:49.185, 6736867080385, QTAgent32.exe, PERF WARNING: FindTopLevelWindowHelper::FindAllDescendents: took 12325 ms. Expected it to take maximum 500 ms.
W, 3524, 22, 2012/11/12, 16:31:49.528, 6736871971580, QTAgent32.exe, &lt;a class=success&gt;Playback - {210} [SUCCESS] Check - "[MSAA, VisibleOnly]ControlType='CheckBox' &amp;&amp; Name='Defer Printing?'"
\0&lt;/a&gt;
W, 3524, 22, 2012/11/12, 16:31:50.401, 6736884526659, QTAgent32.exe, &lt;a class=success&gt;Playback - {211} [SUCCESS] MouseButtonClick - "[MSAA, VisibleOnly]ControlType='Button' &amp;&amp; Name='Ok'"
\0&lt;/a&gt;
W, 3524, 22, 2012/11/12, 16:31:51.556, 6736901117504, QTAgent32.exe, &lt;a class=success&gt;Playback - {212} [SUCCESS] MouseButtonClick - "[MSAA, VisibleOnly]ControlType='Button' &amp;&amp; Name='OK'"
\0&lt;/a&gt;
E, 3524, 22, 2012/11/12, 16:31:51.696, 6736903130566, QTAgent32.exe, GetClassName for handle 1509674 failed
W, 3524, 22, 2012/11/12, 16:31:52.461, 6736914085857, QTAgent32.exe, &lt;a class=success&gt;Playback - {213} [SUCCESS] MouseButtonClick - "[MSAA, VisibleOnly]ControlType='Button' &amp;&amp; Name='OK'"
\0&lt;/a&gt;
W, 3524, 22, 2012/11/12, 16:31:52.632, 6736916417127, QTAgent32.exe, Playback - [WARNING] Internal warning: Thread state based WFR - Requested element has invalid HWND
\0
W, 3524, 22, 2012/11/12, 16:31:52.632, 6736916418704, QTAgent32.exe, Playback - [WARNING] Internal warning: process performance counters based WFR - Requested element has invalid HWND
\0
E, 3524, 22, 2012/11/12, 16:31:52.632, 6736916421856, QTAgent32.exe, EnsureValid called via EnsureValid call for same element
E, 3524, 22, 2012/11/12, 16:31:52.632, 6736916425381, QTAgent32.exe, GetClassName for handle 5244202 failed
E, 3524, 22, 2012/11/12, 16:31:52.632, 6736916427703, QTAgent32.exe, EnsureValid called via EnsureValid call for same element
E, 3524, 22, 2012/11/12, 16:31:52.632, 6736916429211, QTAgent32.exe, EnsureValid called via EnsureValid call for same element
E, 3524, 22, 2012/11/12, 16:31:52.632, 6736916446349, QTAgent32.exe, Window 5244202 not responding. Last Win32 error 0
E, 3524, 22, 2012/11/12, 16:31:52.632, 6736916448513, QTAgent32.exe, GetClassName for handle 5244202 failed
E, 3524, 22, 2012/11/12, 16:31:52.632, 6736916449311, QTAgent32.exe, GetClassName for handle 5244202 failed
W, 3524, 22, 2012/11/12, 16:31:54.052, 6736936937246, QTAgent32.exe, PERF WARNING: FindTopLevelWindowHelper::FindAllDescendents: took 1430 ms. Expected it to take maximum 500 ms.
W, 3524, 22, 2012/11/12, 16:31:54.988, 6736950152133, QTAgent32.exe, &lt;a class=success&gt;Playback - {214} [SUCCESS] Uncheck - "[MSAA, VisibleOnly]ControlType='CheckBox' &amp;&amp; Name='Add Activity'"
\0&lt;/a&gt;
W, 3524, 22, 2012/11/12, 16:31:55.862, 6736962842172, QTAgent32.exe, &lt;a class=success&gt;Playback - {215} [SUCCESS] MouseButtonClick - "[MSAA, VisibleOnly]ControlType='Button' &amp;&amp; Name='Ok'"
\0&lt;/a&gt;
W, 3524, 22, 2012/11/12, 16:31:56.299, 6736969068693, QTAgent32.exe, &lt;a class=success&gt;Playback - {216} [SUCCESS] MouseButtonClick - "[MSAA, VisibleOnly]ControlType='Button' &amp;&amp; Name='Ok'"
\0&lt;/a&gt;
W, 3524, 22, 2012/11/12, 16:32:02.757, 6737061500570, QTAgent32.exe, PERF WARNING: FindTopLevelWindowHelper::FindAllDescendents: took 6232 ms. Expected it to take maximum 500 ms.
W, 3524, 22, 2012/11/12, 16:32:03.209, 6737067861232, QTAgent32.exe, &lt;a class=success&gt;Playback - {217} [SUCCESS] DoSelect - "[MSAA, VisibleOnly]ControlType='List'"
\0&lt;/a&gt;
W, 3524, 22, 2012/11/12, 16:32:05.721, 6737103820878, QTAgent32.exe, &lt;a class=success&gt;Playback - {218} [SUCCESS] MouseButtonClick - "[MSAA, VisibleOnly]ControlType='Button' &amp;&amp; Name='Ok'"
\0&lt;/a&gt;
W, 3524, 22, 2012/11/12, 16:32:08.700, 6737146482358, QTAgent32.exe, &lt;a class=success&gt;Playback - {219} [SUCCESS] MouseButtonClick - "[MSAA, VisibleOnly]ControlType='Button' &amp;&amp; Name='OK'"
\0&lt;/a&gt;
W, 3524, 22, 2012/11/12, 16:32:09.153, 6737153137549, QTAgent32.exe, &lt;a class=success&gt;Playback - {220} [SUCCESS] MouseButtonClick - "[MSAA, VisibleOnly]ControlType='Button' &amp;&amp; Name='Exit'"
\0&lt;/a&gt;
W, 3524, 22, 2012/11/12, 16:32:09.683, 6737160562091, QTAgent32.exe, &lt;a class=success&gt;Playback - {221} [SUCCESS] MouseButtonClick - "[MSAA, VisibleOnly]ControlType='Button' &amp;&amp; Name='Yes'"
\0&lt;/a&gt;
W, 3524, 22, 2012/11/12, 16:32:10.182, 6737167888491, QTAgent32.exe, &lt;a class=success&gt;Playback - {222} [SUCCESS] MouseButtonClick - "[MSAA, VisibleOnly]ControlType='Button' &amp;&amp; Name='Cancel'"
\0&lt;/a&gt;
W, 3524, 22, 2012/11/12, 16:32:10.713, 6737175387558, QTAgent32.exe, &lt;a class=success&gt;Playback - {223} [SUCCESS] MouseButtonClick - "[MSAA, VisibleOnly]ControlType='Button'"
\0&lt;/a&gt;
W, 3524, 22, 2012/11/12, 16:32:11.305, 6737183853408, QTAgent32.exe, &lt;a class=success&gt;Playback - {224} [SUCCESS] MouseButtonClick - "[MSAA, VisibleOnly]ControlType='Button' &amp;&amp; Name='Detail'"
\0&lt;/a&gt;
W, 3524, 22, 2012/11/12, 16:32:11.773, 6737190657589, QTAgent32.exe, &lt;a class=success&gt;Playback - {225} [SUCCESS] MouseButtonClick - "[MSAA, VisibleOnly]ControlType='Button' &amp;&amp; Name='Cancel'"
\0&lt;/a&gt;
W, 3524, 22, 2012/11/12, 16:32:12.210, 6737196807419, QTAgent32.exe, &lt;a class=success&gt;Playback - {226} [SUCCESS] MouseButtonClick - "[MSAA, VisibleOnly]ControlType='Button' &amp;&amp; Name='Options'"
\0&lt;/a&gt;
W, 3524, 22, 2012/11/12, 16:32:12.319, 6737198312281, QTAgent32.exe, FindScreenElementInSinglePass : Attempting to find control in one pass of search. Failures can occur.
W, 3524, 22, 2012/11/12, 16:32:12.319, 6737198415701, QTAgent32.exe, Playback - [WARNING] Internal failure: Method GetBoundingRectangle failed (HRESULT = 0x1, "Incorrect function.") for Name = "Quote Select List" ," ControlType = "MenuItem"
\0
W, 3524, 22, 2012/11/12, 16:32:12.319, 6737198416891, QTAgent32.exe, Playback - [WARNING] Internal failure: Couldn't get clickable point for ScreenUIElement - GetClickablePoint failed
\0
W, 3524, 22, 2012/11/12, 16:32:12.319, 6737198419397, QTAgent32.exe, FindScreenElementInSinglePass : Attempting to find control in one pass of search. Failures can occur.
W, 3524, 22, 2012/11/12, 16:32:12.351, 6737198748651, QTAgent32.exe, FindScreenElementInSinglePass : Attempting to find control in one pass of search. Failures can occur.
W, 3524, 22, 2012/11/12, 16:32:12.678, 6737203441635, QTAgent32.exe, &lt;a class=success&gt;Playback - {227} [SUCCESS] LeftButtonClick - "[MSAA, VisibleOnly]ControlType='MenuBar' &amp;&amp; Name='Application'"  &lt; Mouse cursor location (960, 31) &gt;
\0&lt;/a&gt;
W, 3524, 22, 2012/11/12, 16:32:12.787, 6737205007099, QTAgent32.exe, &lt;a class=success&gt;Playback - {228} [SUCCESS] LeftButtonClick - "[MSAA]ControlType='MenuItem' &amp;&amp; Name='Options'"  &lt; Mouse cursor location (94, 31) &gt;
\0&lt;/a&gt;
W, 3524, 22, 2012/11/12, 16:32:12.959, 6737207461961, QTAgent32.exe, &lt;a class=success&gt;Playback - {229} [SUCCESS] LeftButtonClick - "[MSAA]ControlType='MenuItem' &amp;&amp; Name='Links'"  &lt; Mouse cursor location (174, 319) &gt;
\0&lt;/a&gt;
W, 3524, 22, 2012/11/12, 16:32:13.131, 6737209919305, QTAgent32.exe, &lt;a class=success&gt;Playback - {230} [SUCCESS] LeftButtonClick - "[MSAA]ControlType='MenuItem' &amp;&amp; Name='3rd Party Integration'"  &lt; Mouse cursor location (375, 319) &gt;
\0&lt;/a&gt;
W, 3524, 22, 2012/11/12, 16:32:13.333, 6737212856725, QTAgent32.exe, &lt;a class=success&gt;Playback - {231} [SUCCESS] MouseButtonClick - "[MSAA]ControlType='MenuItem' &amp;&amp; Name='Quote Select List'"
\0&lt;/a&gt;
W, 3524, 22, 2012/11/12, 16:32:14.847, 6737234501867, QTAgent32.exe, PERF WARNING: FindTopLevelWindowHelper::FindAllDescendents: took 1378 ms. Expected it to take maximum 500 ms.
W, 3524, 22, 2012/11/12, 16:32:15.533, 6737244326888, QTAgent32.exe, &lt;a class=success&gt;Playback - {232} [SUCCESS] MouseButtonClick - "[MSAA, VisibleOnly]ControlType='Button' &amp;&amp; Name='Ok'"
\0&lt;/a&gt;
W, 3524, 22, 2012/11/12, 16:32:19.027, 6737294422177, QTAgent32.exe, PERF WARNING: FindTopLevelWindowHelper::FindAllDescendents: took 3384 ms. Expected it to take maximum 500 ms.
W, 3524, 22, 2012/11/12, 16:32:19.511, 6737301421233, QTAgent32.exe, &lt;a class=success&gt;Playback - {233} [SUCCESS] MouseButtonClick - "[MSAA, VisibleOnly]ControlType='Button' &amp;&amp; Name='MTA'"
\0&lt;/a&gt;
W, 3524, 22, 2012/11/12, 16:32:20.151, 6737310608384, QTAgent32.exe, Playback - [WARNING] Internal warning: Incorrect flag set for InvokeProgrammaticAction\0
W, 3524, 22, 2012/11/12, 16:32:20.478, 6737315136255, QTAgent32.exe, &lt;a class=success&gt;Playback - {234} [SUCCESS] SetValueAsComboBox "General Adjustment" - "[MSAA, VisibleOnly]ControlType='ComboBox'"  &lt; SetValueAsComboBox, set by clicking on the item in the list box &gt;
\0&lt;/a&gt;
W, 3524, 22, 2012/11/12, 16:32:20.899, 6737321194984, QTAgent32.exe, &lt;a class=success&gt;Playback - {235} [SUCCESS] MouseButtonClick - "[MSAA, VisibleOnly]ControlType='Button' &amp;&amp; Name='OK'"
\0&lt;/a&gt;
W, 3524, 22, 2012/11/12, 16:32:21.040, 6737323248363, QTAgent32.exe, Playback - [WARNING] Internal warning: Thread state based WFR - Requested element has invalid HWND
\0
W, 3524, 22, 2012/11/12, 16:32:21.040, 6737323250157, QTAgent32.exe, Playback - [WARNING] Internal warning: process performance counters based WFR - Requested element has invalid HWND
\0
E, 3524, 22, 2012/11/12, 16:32:21.040, 6737323253305, QTAgent32.exe, EnsureValid called via EnsureValid call for same element
E, 3524, 22, 2012/11/12, 16:32:21.040, 6737323255665, QTAgent32.exe, GetClassName for handle 4393164 failed
E, 3524, 22, 2012/11/12, 16:32:21.040, 6737323257961, QTAgent32.exe, EnsureValid called via EnsureValid call for same element
E, 3524, 22, 2012/11/12, 16:32:21.040, 6737323259482, QTAgent32.exe, EnsureValid called via EnsureValid call for same element
E, 3524, 22, 2012/11/12, 16:32:21.040, 6737323264699, QTAgent32.exe, GetClassName for handle 4393164 failed
E, 3524, 22, 2012/11/12, 16:32:21.040, 6737323271802, QTAgent32.exe, Exception: System.Runtime.InteropServices.COMException
	Message: Error HRESULT E_FAIL has been returned from a call to a COM component.
	Stack Trace:    at Accessibility.IAccessible.get_accState(Object varChild)
   at Microsoft.VisualStudio.TestTools.UITest.Extension.Msaa.AccWrapper.get_State()
	BaseExceptionMessage: Error HRESULT E_FAIL has been returned from a call to a COM component.

E, 3524, 22, 2012/11/12, 16:32:21.040, 6737323276102, QTAgent32.exe, Exception: System.Runtime.InteropServices.COMException
	Message: Error HRESULT E_FAIL has been returned from a call to a COM component.
	Stack Trace:    at Accessibility.IAccessible.get_accState(Object varChild)
   at Microsoft.VisualStudio.TestTools.UITest.Extension.Msaa.AccWrapper.get_State()
	BaseExceptionMessage: Error HRESULT E_FAIL has been returned from a call to a COM component.

E, 3524, 22, 2012/11/12, 16:32:21.040, 6737323280690, QTAgent32.exe, Exception: System.Runtime.InteropServices.COMException
	Message: Error HRESULT E_FAIL has been returned from a call to a COM component.
	Stack Trace:    at Accessibility.IAccessible.get_accState(Object varChild)
   at Microsoft.VisualStudio.TestTools.UITest.Extension.Msaa.AccWrapper.get_State()
	BaseExceptionMessage: Error HRESULT E_FAIL has been returned from a call to a COM component.

E, 3524, 22, 2012/11/12, 16:32:21.040, 6737323284931, QTAgent32.exe, Exception: System.Runtime.InteropServices.COMException
	Message: Error HRESULT E_FAIL has been returned from a call to a COM component.
	Stack Trace:    at Accessibility.IAccessible.get_accState(Object varChild)
   at Microsoft.VisualStudio.TestTools.UITest.Extension.Msaa.AccWrapper.get_State()
	BaseExceptionMessage: Error HRESULT E_FAIL has been returned from a call to a COM component.

E, 3524, 22, 2012/11/12, 16:32:21.040, 6737323289210, QTAgent32.exe, Exception: System.Runtime.InteropServices.COMException
	Message: Error HRESULT E_FAIL has been returned from a call to a COM component.
	Stack Trace:    at Accessibility.IAccessible.get_accState(Object varChild)
   at Microsoft.VisualStudio.TestTools.UITest.Extension.Msaa.AccWrapper.get_State()
	BaseExceptionMessage: Error HRESULT E_FAIL has been returned from a call to a COM component.

E, 3524, 22, 2012/11/12, 16:32:21.040, 6737323293467, QTAgent32.exe, Exception: System.Runtime.InteropServices.COMException
	Message: Error HRESULT E_FAIL has been returned from a call to a COM component.
	Stack Trace:    at Accessibility.IAccessible.get_accState(Object varChild)
   at Microsoft.VisualStudio.TestTools.UITest.Extension.Msaa.AccWrapper.get_State()
	BaseExceptionMessage: Error HRESULT E_FAIL has been returned from a call to a COM component.

E, 3524, 22, 2012/11/12, 16:32:21.040, 6737323297786, QTAgent32.exe, Exception: System.Runtime.InteropServices.COMException
	Message: Error HRESULT E_FAIL has been returned from a call to a COM component.
	Stack Trace:    at Accessibility.IAccessible.get_accState(Object varChild)
   at Microsoft.VisualStudio.TestTools.UITest.Extension.Msaa.AccWrapper.get_State()
	BaseExceptionMessage: Error HRESULT E_FAIL has been returned from a call to a COM component.

W, 3524, 22, 2012/11/12, 16:32:21.242, 6737326146393, QTAgent32.exe, PERF WARNING: MSAA.UpdateQueryIDForNamelessControls: took 201 ms. Expected it to take maximum 200 ms.
W, 3524, 22, 2012/11/12, 16:32:21.242, 6737326150019, QTAgent32.exe, Msaa.Navigate: Exception [Error HRESULT E_FAIL has been returned from a call to a COM component.] while calling accNavigate.
E, 3524, 22, 2012/11/12, 16:32:21.242, 6737326151009, QTAgent32.exe, GetClassName for handle 5637278 failed
E, 3524, 22, 2012/11/12, 16:32:21.242, 6737326151846, QTAgent32.exe, Window 5637278 not responding. Last Win32 error 1400
E, 3524, 22, 2012/11/12, 16:32:21.242, 6737326154269, QTAgent32.exe, GetClassName for handle 4393164 failed
W, 3524, 22, 2012/11/12, 16:32:21.414, 6737328524855, QTAgent32.exe, &lt;a class=success&gt;Playback - {236} [SUCCESS] SendKeys "^{HOME}" - "[MSAA, VisibleOnly]ControlType='Edit'"
\0&lt;/a&gt;
E, 3524, 22, 2012/11/12, 16:32:21.414, 6737328527477, QTAgent32.exe, Msaa.GetFocusedElement: could not find accessible object of foreground window
W, 3524, 22, 2012/11/12, 16:32:21.508, 6737329864909, QTAgent32.exe, &lt;a class=success&gt;Playback - {237} [SUCCESS] SendKeys "^+{END}" - "[MSAA, VisibleOnly]ControlType='Edit'"
\0&lt;/a&gt;
E, 3524, 22, 2012/11/12, 16:32:21.508, 6737329867762, QTAgent32.exe, Msaa.GetFocusedElement: could not find accessible object of foreground window
W, 3524, 22, 2012/11/12, 16:32:21.523, 6737330089161, QTAgent32.exe, &lt;a class=success&gt;Playback - {238} [SUCCESS] SendKeys "{DELETE}" - "[MSAA, VisibleOnly]ControlType='Edit'"
\0&lt;/a&gt;
W, 3524, 22, 2012/11/12, 16:32:21.835, 6737334558288, QTAgent32.exe, &lt;a class=success&gt;Playback - {239} [SUCCESS] SetValueAsEditBox "NewTest" - "[MSAA, VisibleOnly]ControlType='Edit'"  &lt; Set via SendKeys &gt;
\0&lt;/a&gt;
W, 3524, 22, 2012/11/12, 16:32:22.334, 6737341788330, QTAgent32.exe, &lt;a class=success&gt;Playback - {240} [SUCCESS] MouseButtonClick - "[MSAA, VisibleOnly]ControlType='Button' &amp;&amp; Name='Next &gt;'"
\0&lt;/a&gt;
W, 3524, 22, 2012/11/12, 16:32:22.584, 6737345392517, QTAgent32.exe, &lt;a class=success&gt;Playback - {241} [SUCCESS] MouseButtonClick - "[MSAA, VisibleOnly]ControlType='Button' &amp;&amp; Name='Next &gt;'"
\0&lt;/a&gt;
W, 3524, 22, 2012/11/12, 16:32:22.802, 6737348553303, QTAgent32.exe, &lt;a class=success&gt;Playback - {242} [SUCCESS] MouseButtonClick - "[MSAA, VisibleOnly]ControlType='Button' &amp;&amp; Name='Next &gt;'"
\0&lt;/a&gt;
W, 3524, 22, 2012/11/12, 16:32:23.036, 6737351782591, QTAgent32.exe, &lt;a class=success&gt;Playback - {243} [SUCCESS] MouseButtonClick - "[MSAA, VisibleOnly]ControlType='Button' &amp;&amp; Name='Next &gt;'"
\0&lt;/a&gt;
W, 3524, 22, 2012/11/12, 16:32:23.286, 6737355349430, QTAgent32.exe, &lt;a class=success&gt;Playback - {244} [SUCCESS] MouseButtonClick - "[MSAA, VisibleOnly]ControlType='Button' &amp;&amp; Name='Next &gt;'"
\0&lt;/a&gt;
W, 3524, 22, 2012/11/12, 16:32:23.504, 6737358640224, QTAgent32.exe, &lt;a class=success&gt;Playback - {245} [SUCCESS] MouseButtonClick - "[MSAA, VisibleOnly]ControlType='Button' &amp;&amp; Name='Next &gt;'"
\0&lt;/a&gt;
W, 3524, 22, 2012/11/12, 16:32:23.738, 6737361877234, QTAgent32.exe, &lt;a class=success&gt;Playback - {246} [SUCCESS] MouseButtonClick - "[MSAA, VisibleOnly]ControlType='Button' &amp;&amp; Name='Next &gt;'"
\0&lt;/a&gt;
W, 3524, 22, 2012/11/12, 16:32:24.066, 6737366652251, QTAgent32.exe, &lt;a class=success&gt;Playback - {247} [SUCCESS] MouseButtonClick - "[MSAA, VisibleOnly]ControlType='Button' &amp;&amp; Name='Quote'"
\0&lt;/a&gt;
W, 3524, 22, 2012/11/12, 16:32:24.316, 6737370072324, QTAgent32.exe, &lt;a class=success&gt;Playback - {248} [SUCCESS] SendKeys "^{HOME}" - "[MSAA, VisibleOnly]ControlType='Edit'"
\0&lt;/a&gt;
E, 3524, 22, 2012/11/12, 16:32:24.316, 6737370075050, QTAgent32.exe, Msaa.GetFocusedElement: could not find accessible object of foreground window
W, 3524, 22, 2012/11/12, 16:32:24.409, 6737371410377, QTAgent32.exe, &lt;a class=success&gt;Playback - {249} [SUCCESS] SendKeys "^+{END}" - "[MSAA, VisibleOnly]ControlType='Edit'"
\0&lt;/a&gt;
E, 3524, 22, 2012/11/12, 16:32:24.409, 6737371412719, QTAgent32.exe, Msaa.GetFocusedElement: could not find accessible object of foreground window
W, 3524, 22, 2012/11/12, 16:32:24.425, 6737371635193, QTAgent32.exe, &lt;a class=success&gt;Playback - {250} [SUCCESS] SendKeys "{DELETE}" - "[MSAA, VisibleOnly]ControlType='Edit'"
\0&lt;/a&gt;
W, 3524, 22, 2012/11/12, 16:32:24.752, 6737376329268, QTAgent32.exe, &lt;a class=success&gt;Playback - {251} [SUCCESS] SetValueAsEditBox "13/11/12" - "[MSAA, VisibleOnly]ControlType='Edit'"  &lt; Set via SendKeys &gt;
\0&lt;/a&gt;
W, 3524, 22, 2012/11/12, 16:32:25.205, 6737382895221, QTAgent32.exe, &lt;a class=success&gt;Playback - {252} [SUCCESS] MouseButtonClick - "[MSAA, VisibleOnly]ControlType='Button' &amp;&amp; Name='OK'"
\0&lt;/a&gt;
E, 3524, 22, 2012/11/12, 16:32:25.314, 6737384463711, QTAgent32.exe, GetClassName for handle 1444060 failed
W, 3524, 22, 2012/11/12, 16:32:25.642, 6737389125905, QTAgent32.exe, &lt;a class=success&gt;Playback - {253} [SUCCESS] MouseButtonClick - "[MSAA, VisibleOnly]ControlType='Button' &amp;&amp; Name='OK'"
\0&lt;/a&gt;
W, 3524, 22, 2012/11/12, 16:32:25.891, 6737392630012, QTAgent32.exe, &lt;a class=success&gt;Playback - {254} [SUCCESS] SendKeys "^{HOME}" - "[MSAA, VisibleOnly]ControlType='Edit'"
\0&lt;/a&gt;
E, 3524, 22, 2012/11/12, 16:32:25.891, 6737392632753, QTAgent32.exe, Msaa.GetFocusedElement: could not find accessible object of foreground window
W, 3524, 22, 2012/11/12, 16:32:25.969, 6737393750608, QTAgent32.exe, &lt;a class=success&gt;Playback - {255} [SUCCESS] SendKeys "^+{END}" - "[MSAA, VisibleOnly]ControlType='Edit'"
\0&lt;/a&gt;
E, 3524, 22, 2012/11/12, 16:32:25.969, 6737393752972, QTAgent32.exe, Msaa.GetFocusedElement: could not find accessible object of foreground window
W, 3524, 22, 2012/11/12, 16:32:25.985, 6737393971573, QTAgent32.exe, &lt;a class=success&gt;Playback - {256} [SUCCESS] SendKeys "{DELETE}" - "[MSAA, VisibleOnly]ControlType='Edit'"
\0&lt;/a&gt;
W, 3524, 22, 2012/11/12, 16:32:26.312, 6737398664501, QTAgent32.exe, &lt;a class=success&gt;Playback - {257} [SUCCESS] SetValueAsEditBox "26/11/12" - "[MSAA, VisibleOnly]ControlType='Edit'"  &lt; Set via SendKeys &gt;
\0&lt;/a&gt;
W, 3524, 22, 2012/11/12, 16:32:26.936, 6737407636861, QTAgent32.exe, &lt;a class=success&gt;Playback - {258} [SUCCESS] MouseButtonClick - "[MSAA, VisibleOnly]ControlType='Button' &amp;&amp; Name='OK'"
\0&lt;/a&gt;
W, 3524, 22, 2012/11/12, 16:32:31.616, 6737474638317, QTAgent32.exe, PERF WARNING: FindTopLevelWindowHelper::FindAllDescendents: took 4573 ms. Expected it to take maximum 500 ms.
W, 3524, 22, 2012/11/12, 16:32:31.881, 6737478406964, QTAgent32.exe, &lt;a class=success&gt;Playback - {259} [SUCCESS] MouseButtonClick - "[MSAA, VisibleOnly]ControlType='Client'"
\0&lt;/a&gt;
W, 3524, 22, 2012/11/12, 16:32:32.131, 6737481976177, QTAgent32.exe, &lt;a class=success&gt;Playback - {260} [SUCCESS] SendKeys "{Home}" - "[MSAA, VisibleOnly]ControlType='Client'"
\0&lt;/a&gt;
W, 3524, 22, 2012/11/12, 16:32:32.583, 6737488578896, QTAgent32.exe, &lt;a class=success&gt;Playback - {261} [SUCCESS] MouseButtonClick - "[MSAA, VisibleOnly]ControlType='Button' &amp;&amp; Name='Accept'"
\0&lt;/a&gt;
W, 3524, 22, 2012/11/12, 16:32:33.083, 6737495641720, QTAgent32.exe, &lt;a class=success&gt;Playback - {262} [SUCCESS] MouseButtonClick - "[MSAA, VisibleOnly]ControlType='Button' &amp;&amp; Name='OK'"
\0&lt;/a&gt;
E, 3524, 22, 2012/11/12, 16:32:33.192, 6737497167996, QTAgent32.exe, GetClassName for handle 6686272 failed
W, 3524, 22, 2012/11/12, 16:32:33.566, 6737502593664, QTAgent32.exe, &lt;a class=success&gt;Playback - {263} [SUCCESS] MouseButtonClick - "[MSAA, VisibleOnly]ControlType='Button' &amp;&amp; Name='Ok'"
\0&lt;/a&gt;
E, 3524, 22, 2012/11/12, 16:32:33.675, 6737504090395, QTAgent32.exe, GetClassName for handle 6686798 failed
W, 3524, 22, 2012/11/12, 16:32:49.275, 6737727469404, QTAgent32.exe, PERF WARNING: FindTopLevelWindowHelper::FindAllDescendents: took 15600 ms. Expected it to take maximum 500 ms.
W, 3524, 22, 2012/11/12, 16:32:49.696, 6737733636544, QTAgent32.exe, &lt;a class=success&gt;Playback - {264} [SUCCESS] MouseButtonClick - "[MSAA, VisibleOnly]ControlType='Button' &amp;&amp; Name='OK'"
\0&lt;/a&gt;
W, 3524, 22, 2012/11/12, 16:32:49.806, 6737735047676, QTAgent32.exe, Playback - [WARNING] Internal warning: Thread state based WFR - Requested element has invalid HWND
\0
W, 3524, 22, 2012/11/12, 16:32:49.806, 6737735049598, QTAgent32.exe, Playback - [WARNING] Internal warning: process performance counters based WFR - Requested element has invalid HWND
\0
E, 3524, 22, 2012/11/12, 16:32:49.806, 6737735052718, QTAgent32.exe, EnsureValid called via EnsureValid call for same element
E, 3524, 22, 2012/11/12, 16:32:49.806, 6737735056194, QTAgent32.exe, GetClassName for handle 6554688 failed
E, 3524, 22, 2012/11/12, 16:32:49.806, 6737735058506, QTAgent32.exe, EnsureValid called via EnsureValid call for same element
E, 3524, 22, 2012/11/12, 16:32:49.806, 6737735059971, QTAgent32.exe, EnsureValid called via EnsureValid call for same element
E, 3524, 22, 2012/11/12, 16:32:49.806, 6737735076791, QTAgent32.exe, Window 6554688 not responding. Last Win32 error 0
E, 3524, 22, 2012/11/12, 16:32:49.806, 6737735078917, QTAgent32.exe, GetClassName for handle 6554688 failed
E, 3524, 22, 2012/11/12, 16:32:49.806, 6737735079704, QTAgent32.exe, GetClassName for handle 6554688 failed
W, 3524, 22, 2012/11/12, 16:32:50.133, 6737739743341, QTAgent32.exe, &lt;a class=success&gt;Playback - {265} [SUCCESS] Check - "[MSAA, VisibleOnly]ControlType='CheckBox' &amp;&amp; Name='Defer Printing?'"
\0&lt;/a&gt;
W, 3524, 22, 2012/11/12, 16:32:50.820, 6737749711929, QTAgent32.exe, &lt;a class=success&gt;Playback - {266} [SUCCESS] MouseButtonClick - "[MSAA, VisibleOnly]ControlType='Button' &amp;&amp; Name='Ok'"
\0&lt;/a&gt;
W, 3524, 22, 2012/11/12, 16:32:50.929, 6737751132327, QTAgent32.exe, Playback - [WARNING] Internal warning: Thread state based WFR - Requested element has invalid HWND
\0
W, 3524, 22, 2012/11/12, 16:32:50.929, 6737751134069, QTAgent32.exe, Playback - [WARNING] Internal warning: process performance counters based WFR - Requested element has invalid HWND
\0
E, 3524, 22, 2012/11/12, 16:32:50.929, 6737751137129, QTAgent32.exe, EnsureValid called via EnsureValid call for same element
E, 3524, 22, 2012/11/12, 16:32:50.929, 6737751140671, QTAgent32.exe, GetClassName for handle 4458808 failed
E, 3524, 22, 2012/11/12, 16:32:50.929, 6737751142981, QTAgent32.exe, EnsureValid called via EnsureValid call for same element
E, 3524, 22, 2012/11/12, 16:32:50.929, 6737751144507, QTAgent32.exe, EnsureValid called via EnsureValid call for same element
E, 3524, 22, 2012/11/12, 16:32:50.929, 6737751161910, QTAgent32.exe, Window 4458808 not responding. Last Win32 error 0
E, 3524, 22, 2012/11/12, 16:32:50.929, 6737751164079, QTAgent32.exe, GetClassName for handle 4458808 failed
E, 3524, 22, 2012/11/12, 16:32:50.929, 6737751164912, QTAgent32.exe, GetClassName for handle 4458808 failed
W, 3524, 22, 2012/11/12, 16:32:51.974, 6737766189143, QTAgent32.exe, PERF WARNING: FindTopLevelWindowHelper::FindAllDescendents: took 1049 ms. Expected it to take maximum 500 ms.
W, 3524, 22, 2012/11/12, 16:32:52.941, 6737779950724, QTAgent32.exe, &lt;a class=success&gt;Playback - {267} [SUCCESS] Uncheck - "[MSAA, VisibleOnly]ControlType='CheckBox' &amp;&amp; Name='Add Activity'"
\0&lt;/a&gt;
W, 3524, 22, 2012/11/12, 16:32:53.565, 6737788990142, QTAgent32.exe, &lt;a class=success&gt;Playback - {268} [SUCCESS] MouseButtonClick - "[MSAA, VisibleOnly]ControlType='Button' &amp;&amp; Name='Ok'"
\0&lt;/a&gt;
E, 3524, 22, 2012/11/12, 16:32:53.799, 6737792228614, QTAgent32.exe, GetClassName for handle 4588000 failed
W, 3524, 22, 2012/11/12, 16:32:58.651, 6737861702464, QTAgent32.exe, PERF WARNING: FindTopLevelWindowHelper::FindAllDescendents: took 4851 ms. Expected it to take maximum 500 ms.
W, 3524, 22, 2012/11/12, 16:32:59.290, 6737871010612, QTAgent32.exe, &lt;a class=success&gt;Playback - {269} [SUCCESS] MouseButtonClick - "[MSAA, VisibleOnly]ControlType='Button' &amp;&amp; Name='OK'"
\0&lt;/a&gt;
E, 3524, 22, 2012/11/12, 16:32:59.509, 6737873979758, QTAgent32.exe, GetClassName for handle 788960 failed
W, 3524, 22, 2012/11/12, 16:33:01.989, 6737909503250, QTAgent32.exe, PERF WARNING: FindTopLevelWindowHelper::FindAllDescendents: took 2387 ms. Expected it to take maximum 500 ms.
W, 3524, 22, 2012/11/12, 16:33:04.282, 6737942327927, QTAgent32.exe, &lt;a class=success&gt;Playback - {270} [SUCCESS] MouseButtonClick - "[MSAA, VisibleOnly]ControlType='Button' &amp;&amp; Name='OK'"
\0&lt;/a&gt;
W, 3524, 22, 2012/11/12, 16:33:04.719, 6737948644466, QTAgent32.exe, &lt;a class=success&gt;Playback - {271} [SUCCESS] MouseButtonClick - "[MSAA, VisibleOnly]ControlType='Button' &amp;&amp; Name='Options'"
\0&lt;/a&gt;
W, 3524, 22, 2012/11/12, 16:33:04.828, 6737950154080, QTAgent32.exe, FindScreenElementInSinglePass : Attempting to find control in one pass of search. Failures can occur.
W, 3524, 22, 2012/11/12, 16:33:04.828, 6737950261364, QTAgent32.exe, Playback - [WARNING] Internal failure: Method GetBoundingRectangle failed (HRESULT = 0x1, "Incorrect function.") for Name = "Quote Select List" ," ControlType = "MenuItem"
\0
W, 3524, 22, 2012/11/12, 16:33:04.828, 6737950262582, QTAgent32.exe, Playback - [WARNING] Internal failure: Couldn't get clickable point for ScreenUIElement - GetClickablePoint failed
\0
W, 3524, 22, 2012/11/12, 16:33:04.828, 6737950265176, QTAgent32.exe, FindScreenElementInSinglePass : Attempting to find control in one pass of search. Failures can occur.
W, 3524, 22, 2012/11/12, 16:33:04.828, 6737950293768, QTAgent32.exe, FindScreenElementInSinglePass : Attempting to find control in one pass of search. Failures can occur.
W, 3524, 22, 2012/11/12, 16:33:05.156, 6737954841447, QTAgent32.exe, &lt;a class=success&gt;Playback - {272} [SUCCESS] LeftButtonClick - "[MSAA, VisibleOnly]ControlType='MenuBar' &amp;&amp; Name='Application'"  &lt; Mouse cursor location (960, 31) &gt;
\0&lt;/a&gt;
W, 3524, 22, 2012/11/12, 16:33:05.265, 6737956403736, QTAgent32.exe, &lt;a class=success&gt;Playback - {273} [SUCCESS] LeftButtonClick - "[MSAA]ControlType='MenuItem' &amp;&amp; Name='Options'"  &lt; Mouse cursor location (94, 31) &gt;
\0&lt;/a&gt;
W, 3524, 22, 2012/11/12, 16:33:05.436, 6737958857718, QTAgent32.exe, &lt;a class=success&gt;Playback - {274} [SUCCESS] LeftButtonClick - "[MSAA]ControlType='MenuItem' &amp;&amp; Name='Links'"  &lt; Mouse cursor location (174, 319) &gt;
\0&lt;/a&gt;
W, 3524, 22, 2012/11/12, 16:33:05.624, 6737961538095, QTAgent32.exe, &lt;a class=success&gt;Playback - {275} [SUCCESS] LeftButtonClick - "[MSAA]ControlType='MenuItem' &amp;&amp; Name='3rd Party Integration'"  &lt; Mouse cursor location (375, 319) &gt;
\0&lt;/a&gt;
W, 3524, 22, 2012/11/12, 16:33:05.811, 6737964248195, QTAgent32.exe, &lt;a class=success&gt;Playback - {276} [SUCCESS] MouseButtonClick - "[MSAA]ControlType='MenuItem' &amp;&amp; Name='Quote Select List'"
\0&lt;/a&gt;
E, 3524, 22, 2012/11/12, 16:33:05.936, 6737966105708, QTAgent32.exe, GetClassName for handle 3211976 failed
W, 3524, 22, 2012/11/12, 16:33:07.574, 6737989478802, QTAgent32.exe, PERF WARNING: FindTopLevelWindowHelper::FindAllDescendents: took 1623 ms. Expected it to take maximum 500 ms.
W, 3524, 22, 2012/11/12, 16:33:08.182, 6737998337005, QTAgent32.exe, &lt;a class=success&gt;Playback - {277} [SUCCESS] MouseButtonClick - "[MSAA, VisibleOnly]ControlType='Button' &amp;&amp; Name='Ok'"
\0&lt;/a&gt;
W, 3524, 22, 2012/11/12, 16:33:13.143, 6738069213298, QTAgent32.exe, PERF WARNING: FindTopLevelWindowHelper::FindAllDescendents: took 4835 ms. Expected it to take maximum 500 ms.
W, 3524, 22, 2012/11/12, 16:33:13.595, 6738075685728, QTAgent32.exe, &lt;a class=success&gt;Playback - {278} [SUCCESS] MouseButtonClick - "[MSAA, VisibleOnly]ControlType='Button' &amp;&amp; Name='MTA'"
\0&lt;/a&gt;
W, 3524, 22, 2012/11/12, 16:33:13.704, 6738077241561, QTAgent32.exe, Playback - [WARNING] Internal warning: Thread state based WFR - Requested element has invalid HWND
\0
W, 3524, 22, 2012/11/12, 16:33:13.704, 6738077243016, QTAgent32.exe, Playback - [WARNING] Internal warning: process performance counters based WFR - Requested element has invalid HWND
\0
E, 3524, 22, 2012/11/12, 16:33:13.704, 6738077246104, QTAgent32.exe, EnsureValid called via EnsureValid call for same element
E, 3524, 22, 2012/11/12, 16:33:13.704, 6738077249562, QTAgent32.exe, GetClassName for handle 3473982 failed
E, 3524, 22, 2012/11/12, 16:33:13.704, 6738077251803, QTAgent32.exe, EnsureValid called via EnsureValid call for same element
E, 3524, 22, 2012/11/12, 16:33:13.704, 6738077253290, QTAgent32.exe, EnsureValid called via EnsureValid call for same element
E, 3524, 22, 2012/11/12, 16:33:13.704, 6738077270064, QTAgent32.exe, Window 3473982 not responding. Last Win32 error 0
E, 3524, 22, 2012/11/12, 16:33:13.704, 6738077272194, QTAgent32.exe, GetClassName for handle 3473982 failed
E, 3524, 22, 2012/11/12, 16:33:13.704, 6738077272977, QTAgent32.exe, GetClassName for handle 3473982 failed
W, 3524, 22, 2012/11/12, 16:33:14.219, 6738084817670, QTAgent32.exe, Playback - [WARNING] Internal warning: Incorrect flag set for InvokeProgrammaticAction\0
W, 3524, 22, 2012/11/12, 16:33:14.562, 6738089541612, QTAgent32.exe, &lt;a class=success&gt;Playback - {279} [SUCCESS] SetValueAsComboBox "General Adjustment" - "[MSAA, VisibleOnly]ControlType='ComboBox'"  &lt; SetValueAsComboBox, set by clicking on the item in the list box &gt;
\0&lt;/a&gt;
W, 3524, 22, 2012/11/12, 16:33:14.983, 6738095756550, QTAgent32.exe, &lt;a class=success&gt;Playback - {280} [SUCCESS] MouseButtonClick - "[MSAA, VisibleOnly]ControlType='Button' &amp;&amp; Name='OK'"
\0&lt;/a&gt;
W, 3524, 22, 2012/11/12, 16:33:15.124, 6738097654618, QTAgent32.exe, Playback - [WARNING] Internal warning: Thread state based WFR - Requested element has invalid HWND
\0
W, 3524, 22, 2012/11/12, 16:33:15.124, 6738097656511, QTAgent32.exe, Playback - [WARNING] Internal warning: process performance counters based WFR - Requested element has invalid HWND
\0
E, 3524, 22, 2012/11/12, 16:33:15.124, 6738097660169, QTAgent32.exe, EnsureValid called via EnsureValid call for same element
E, 3524, 22, 2012/11/12, 16:33:15.124, 6738097662553, QTAgent32.exe, GetClassName for handle 7211080 failed
E, 3524, 22, 2012/11/12, 16:33:15.124, 6738097664891, QTAgent32.exe, EnsureValid called via EnsureValid call for same element
E, 3524, 22, 2012/11/12, 16:33:15.124, 6738097666394, QTAgent32.exe, EnsureValid called via EnsureValid call for same element
E, 3524, 22, 2012/11/12, 16:33:15.124, 6738097671602, QTAgent32.exe, GetClassName for handle 7211080 failed
E, 3524, 22, 2012/11/12, 16:33:15.124, 6738097678697, QTAgent32.exe, Exception: System.Runtime.InteropServices.COMException
	Message: Error HRESULT E_FAIL has been returned from a call to a COM component.
	Stack Trace:    at Accessibility.IAccessible.get_accState(Object varChild)
   at Microsoft.VisualStudio.TestTools.UITest.Extension.Msaa.AccWrapper.get_State()
	BaseExceptionMessage: Error HRESULT E_FAIL has been returned from a call to a COM component.

E, 3524, 22, 2012/11/12, 16:33:15.124, 6738097682960, QTAgent32.exe, Exception: System.Runtime.InteropServices.COMException
	Message: Error HRESULT E_FAIL has been returned from a call to a COM component.
	Stack Trace:    at Accessibility.IAccessible.get_accState(Object varChild)
   at Microsoft.VisualStudio.TestTools.UITest.Extension.Msaa.AccWrapper.get_State()
	BaseExceptionMessage: Error HRESULT E_FAIL has been returned from a call to a COM component.

E, 3524, 22, 2012/11/12, 16:33:15.124, 6738097687218, QTAgent32.exe, Exception: System.Runtime.InteropServices.COMException
	Message: Error HRESULT E_FAIL has been returned from a call to a COM component.
	Stack Trace:    at Accessibility.IAccessible.get_accState(Object varChild)
   at Microsoft.VisualStudio.TestTools.UITest.Extension.Msaa.AccWrapper.get_State()
	BaseExceptionMessage: Error HRESULT E_FAIL has been returned from a call to a COM component.

E, 3524, 22, 2012/11/12, 16:33:15.124, 6738097691458, QTAgent32.exe, Exception: System.Runtime.InteropServices.COMException
	Message: Error HRESULT E_FAIL has been returned from a call to a COM component.
	Stack Trace:    at Accessibility.IAccessible.get_accState(Object varChild)
   at Microsoft.VisualStudio.TestTools.UITest.Extension.Msaa.AccWrapper.get_State()
	BaseExceptionMessage: Error HRESULT E_FAIL has been returned from a call to a COM component.

E, 3524, 22, 2012/11/12, 16:33:15.124, 6738097695672, QTAgent32.exe, Exception: System.Runtime.InteropServices.COMException
	Message: Error HRESULT E_FAIL has been returned from a call to a COM component.
	Stack Trace:    at Accessibility.IAccessible.get_accState(Object varChild)
   at Microsoft.VisualStudio.TestTools.UITest.Extension.Msaa.AccWrapper.get_State()
	BaseExceptionMessage: Error HRESULT E_FAIL has been returned from a call to a COM component.

E, 3524, 22, 2012/11/12, 16:33:15.124, 6738097699878, QTAgent32.exe, Exception: System.Runtime.InteropServices.COMException
	Message: Error HRESULT E_FAIL has been returned from a call to a COM component.
	Stack Trace:    at Accessibility.IAccessible.get_accState(Object varChild)
   at Microsoft.VisualStudio.TestTools.UITest.Extension.Msaa.AccWrapper.get_State()
	BaseExceptionMessage: Error HRESULT E_FAIL has been returned from a call to a COM component.

E, 3524, 22, 2012/11/12, 16:33:15.124, 6738097704348, QTAgent32.exe, Exception: System.Runtime.InteropServices.COMException
	Message: Error HRESULT E_FAIL has been returned from a call to a COM component.
	Stack Trace:    at Accessibility.IAccessible.get_accState(Object varChild)
   at Microsoft.VisualStudio.TestTools.UITest.Extension.Msaa.AccWrapper.get_State()
	BaseExceptionMessage: Error HRESULT E_FAIL has been returned from a call to a COM component.

W, 3524, 22, 2012/11/12, 16:33:15.327, 6738100553356, QTAgent32.exe, PERF WARNING: MSAA.UpdateQueryIDForNamelessControls: took 201 ms. Expected it to take maximum 200 ms.
W, 3524, 22, 2012/11/12, 16:33:15.327, 6738100557490, QTAgent32.exe, Msaa.Navigate: Exception [Error HRESULT E_FAIL has been returned from a call to a COM component.] while calling accNavigate.
E, 3524, 22, 2012/11/12, 16:33:15.327, 6738100558535, QTAgent32.exe, GetClassName for handle 5638072 failed
E, 3524, 22, 2012/11/12, 16:33:15.327, 6738100559387, QTAgent32.exe, Window 5638072 not responding. Last Win32 error 1400
E, 3524, 22, 2012/11/12, 16:33:15.327, 6738100561845, QTAgent32.exe, GetClassName for handle 7211080 failed
W, 3524, 22, 2012/11/12, 16:33:15.483, 6738102703559, QTAgent32.exe, &lt;a class=success&gt;Playback - {281} [SUCCESS] SendKeys "^{HOME}" - "[MSAA, VisibleOnly]ControlType='Edit'"
\0&lt;/a&gt;
E, 3524, 22, 2012/11/12, 16:33:15.483, 6738102706186, QTAgent32.exe, Msaa.GetFocusedElement: could not find accessible object of foreground window
W, 3524, 22, 2012/11/12, 16:33:15.576, 6738104043697, QTAgent32.exe, &lt;a class=success&gt;Playback - {282} [SUCCESS] SendKeys "^+{END}" - "[MSAA, VisibleOnly]ControlType='Edit'"
\0&lt;/a&gt;
E, 3524, 22, 2012/11/12, 16:33:15.576, 6738104045874, QTAgent32.exe, Msaa.GetFocusedElement: could not find accessible object of foreground window
W, 3524, 22, 2012/11/12, 16:33:15.592, 6738104267619, QTAgent32.exe, &lt;a class=success&gt;Playback - {283} [SUCCESS] SendKeys "{DELETE}" - "[MSAA, VisibleOnly]ControlType='Edit'"
\0&lt;/a&gt;
W, 3524, 22, 2012/11/12, 16:33:15.888, 6738108517723, QTAgent32.exe, &lt;a class=success&gt;Playback - {284} [SUCCESS] SetValueAsEditBox "NewTest" - "[MSAA, VisibleOnly]ControlType='Edit'"  &lt; Set via SendKeys &gt;
\0&lt;/a&gt;
E, 3524, 22, 2012/11/12, 16:33:15.997, 6738110077083, QTAgent32.exe, GetClassName for handle 7668510 failed
W, 3524, 22, 2012/11/12, 16:33:16.387, 6738115818309, QTAgent32.exe, &lt;a class=success&gt;Playback - {285} [SUCCESS] MouseButtonClick - "[MSAA, VisibleOnly]ControlType='Button' &amp;&amp; Name='Next &gt;'"
\0&lt;/a&gt;
E, 3524, 22, 2012/11/12, 16:33:16.497, 6738117223811, QTAgent32.exe, GetClassName for handle 3146334 failed
W, 3524, 22, 2012/11/12, 16:33:16.637, 6738119335700, QTAgent32.exe, &lt;a class=success&gt;Playback - {286} [SUCCESS] MouseButtonClick - "[MSAA, VisibleOnly]ControlType='Button' &amp;&amp; Name='Next &gt;'"
\0&lt;/a&gt;
E, 3524, 22, 2012/11/12, 16:33:16.746, 6738120797838, QTAgent32.exe, GetClassName for handle 6031090 failed
W, 3524, 22, 2012/11/12, 16:33:16.855, 6738122514020, QTAgent32.exe, &lt;a class=success&gt;Playback - {287} [SUCCESS] MouseButtonClick - "[MSAA, VisibleOnly]ControlType='Button' &amp;&amp; Name='Next &gt;'"
\0&lt;/a&gt;
E, 3524, 22, 2012/11/12, 16:33:16.965, 6738123924922, QTAgent32.exe, GetClassName for handle 5178424 failed
W, 3524, 22, 2012/11/12, 16:33:17.105, 6738126083405, QTAgent32.exe, &lt;a class=success&gt;Playback - {288} [SUCCESS] MouseButtonClick - "[MSAA, VisibleOnly]ControlType='Button' &amp;&amp; Name='Next &gt;'"
\0&lt;/a&gt;
E, 3524, 22, 2012/11/12, 16:33:17.214, 6738127504908, QTAgent32.exe, GetClassName for handle 8324276 failed
W, 3524, 22, 2012/11/12, 16:33:17.339, 6738129294613, QTAgent32.exe, &lt;a class=success&gt;Playback - {289} [SUCCESS] MouseButtonClick - "[MSAA, VisibleOnly]ControlType='Button' &amp;&amp; Name='Next &gt;'"
\0&lt;/a&gt;
E, 3524, 22, 2012/11/12, 16:33:17.448, 6738130848645, QTAgent32.exe, GetClassName for handle 7537416 failed
W, 3524, 22, 2012/11/12, 16:33:17.557, 6738132601858, QTAgent32.exe, &lt;a class=success&gt;Playback - {290} [SUCCESS] MouseButtonClick - "[MSAA, VisibleOnly]ControlType='Button' &amp;&amp; Name='Next &gt;'"
\0&lt;/a&gt;
E, 3524, 22, 2012/11/12, 16:33:17.667, 6738133976003, QTAgent32.exe, GetClassName for handle 8718480 failed
W, 3524, 22, 2012/11/12, 16:33:17.791, 6738135833609, QTAgent32.exe, &lt;a class=success&gt;Playback - {291} [SUCCESS] MouseButtonClick - "[MSAA, VisibleOnly]ControlType='Button' &amp;&amp; Name='Next &gt;'"
\0&lt;/a&gt;
E, 3524, 22, 2012/11/12, 16:33:17.901, 6738137325803, QTAgent32.exe, GetClassName for handle 4524426 failed
W, 3524, 22, 2012/11/12, 16:33:18.197, 6738141586593, QTAgent32.exe, &lt;a class=success&gt;Playback - {292} [SUCCESS] MouseButtonClick - "[MSAA, VisibleOnly]ControlType='Button' &amp;&amp; Name='Quote'"
\0&lt;/a&gt;
W, 3524, 22, 2012/11/12, 16:33:18.322, 6738143364313, QTAgent32.exe, Playback - [WARNING] Internal warning: Thread state based WFR - Requested element has invalid HWND
\0
W, 3524, 22, 2012/11/12, 16:33:18.322, 6738143366497, QTAgent32.exe, Playback - [WARNING] Internal warning: process performance counters based WFR - Requested element has invalid HWND
\0
E, 3524, 22, 2012/11/12, 16:33:18.322, 6738143369702, QTAgent32.exe, EnsureValid called via EnsureValid call for same element
E, 3524, 22, 2012/11/12, 16:33:18.322, 6738143372070, QTAgent32.exe, GetClassName for handle 3933320 failed
E, 3524, 22, 2012/11/12, 16:33:18.322, 6738143374447, QTAgent32.exe, EnsureValid called via EnsureValid call for same element
E, 3524, 22, 2012/11/12, 16:33:18.322, 6738143375943, QTAgent32.exe, EnsureValid called via EnsureValid call for same element
E, 3524, 22, 2012/11/12, 16:33:18.322, 6738143381201, QTAgent32.exe, GetClassName for handle 3933320 failed
E, 3524, 22, 2012/11/12, 16:33:18.322, 6738143388472, QTAgent32.exe, Exception: System.Runtime.InteropServices.COMException
	Message: Error HRESULT E_FAIL has been returned from a call to a COM component.
	Stack Trace:    at Accessibility.IAccessible.get_accState(Object varChild)
   at Microsoft.VisualStudio.TestTools.UITest.Extension.Msaa.AccWrapper.get_State()
	BaseExceptionMessage: Error HRESULT E_FAIL has been returned from a call to a COM component.

E, 3524, 22, 2012/11/12, 16:33:18.322, 6738143392858, QTAgent32.exe, Exception: System.Runtime.InteropServices.COMException
	Message: Error HRESULT E_FAIL has been returned from a call to a COM component.
	Stack Trace:    at Accessibility.IAccessible.get_accState(Object varChild)
   at Microsoft.VisualStudio.TestTools.UITest.Extension.Msaa.AccWrapper.get_State()
	BaseExceptionMessage: Error HRESULT E_FAIL has been returned from a call to a COM component.

E, 3524, 22, 2012/11/12, 16:33:18.322, 6738143397100, QTAgent32.exe, Exception: System.Runtime.InteropServices.COMException
	Message: Error HRESULT E_FAIL has been returned from a call to a COM component.
	Stack Trace:    at Accessibility.IAccessible.get_accState(Object varChild)
   at Microsoft.VisualStudio.TestTools.UITest.Extension.Msaa.AccWrapper.get_State()
	BaseExceptionMessage: Error HRESULT E_FAIL has been returned from a call to a COM component.

E, 3524, 22, 2012/11/12, 16:33:18.322, 6738143401326, QTAgent32.exe, Exception: System.Runtime.InteropServices.COMException
	Message: Error HRESULT E_FAIL has been returned from a call to a COM component.
	Stack Trace:    at Accessibility.IAccessible.get_accState(Object varChild)
   at Microsoft.VisualStudio.TestTools.UITest.Extension.Msaa.AccWrapper.get_State()
	BaseExceptionMessage: Error HRESULT E_FAIL has been returned from a call to a COM component.

E, 3524, 22, 2012/11/12, 16:33:18.322, 6738143405578, QTAgent32.exe, Exception: System.Runtime.InteropServices.COMException
	Message: Error HRESULT E_FAIL has been returned from a call to a COM component.
	Stack Trace:    at Accessibility.IAccessible.get_accState(Object varChild)
   at Microsoft.VisualStudio.TestTools.UITest.Extension.Msaa.AccWrapper.get_State()
	BaseExceptionMessage: Error HRESULT E_FAIL has been returned from a call to a COM component.

E, 3524, 22, 2012/11/12, 16:33:18.322, 6738143409840, QTAgent32.exe, Exception: System.Runtime.InteropServices.COMException
	Message: Error HRESULT E_FAIL has been returned from a call to a COM component.
	Stack Trace:    at Accessibility.IAccessible.get_accState(Object varChild)
   at Microsoft.VisualStudio.TestTools.UITest.Extension.Msaa.AccWrapper.get_State()
	BaseExceptionMessage: Error HRESULT E_FAIL has been returned from a call to a COM component.

E, 3524, 22, 2012/11/12, 16:33:18.322, 6738143414093, QTAgent32.exe, Exception: System.Runtime.InteropServices.COMException
	Message: Error HRESULT E_FAIL has been returned from a call to a COM component.
	Stack Trace:    at Accessibility.IAccessible.get_accState(Object varChild)
   at Microsoft.VisualStudio.TestTools.UITest.Extension.Msaa.AccWrapper.get_State()
	BaseExceptionMessage: Error HRESULT E_FAIL has been returned from a call to a COM component.

W, 3524, 22, 2012/11/12, 16:33:18.525, 6738146263081, QTAgent32.exe, PERF WARNING: MSAA.UpdateQueryIDForNamelessControls: took 201 ms. Expected it to take maximum 200 ms.
W, 3524, 22, 2012/11/12, 16:33:18.525, 6738146266977, QTAgent32.exe, Msaa.Navigate: Exception [Error HRESULT E_FAIL has been returned from a call to a COM component.] while calling accNavigate.
E, 3524, 22, 2012/11/12, 16:33:18.525, 6738146268016, QTAgent32.exe, GetClassName for handle 7407624 failed
E, 3524, 22, 2012/11/12, 16:33:18.525, 6738146268834, QTAgent32.exe, Window 7407624 not responding. Last Win32 error 1400
E, 3524, 22, 2012/11/12, 16:33:18.525, 6738146271271, QTAgent32.exe, GetClassName for handle 3933320 failed
W, 3524, 22, 2012/11/12, 16:33:18.681, 6738148493301, QTAgent32.exe, &lt;a class=success&gt;Playback - {293} [SUCCESS] SendKeys "^{HOME}" - "[MSAA, VisibleOnly]ControlType='Edit'"
\0&lt;/a&gt;
E, 3524, 22, 2012/11/12, 16:33:18.681, 6738148495932, QTAgent32.exe, Msaa.GetFocusedElement: could not find accessible object of foreground window
W, 3524, 22, 2012/11/12, 16:33:18.759, 6738149611618, QTAgent32.exe, &lt;a class=success&gt;Playback - {294} [SUCCESS] SendKeys "^+{END}" - "[MSAA, VisibleOnly]ControlType='Edit'"
\0&lt;/a&gt;
E, 3524, 22, 2012/11/12, 16:33:18.759, 6738149614120, QTAgent32.exe, Msaa.GetFocusedElement: could not find accessible object of foreground window
W, 3524, 22, 2012/11/12, 16:33:18.774, 6738149834629, QTAgent32.exe, &lt;a class=success&gt;Playback - {295} [SUCCESS] SendKeys "{DELETE}" - "[MSAA, VisibleOnly]ControlType='Edit'"
\0&lt;/a&gt;
W, 3524, 22, 2012/11/12, 16:33:19.102, 6738154526959, QTAgent32.exe, &lt;a class=success&gt;Playback - {296} [SUCCESS] SetValueAsEditBox "25/11/12" - "[MSAA, VisibleOnly]ControlType='Edit'"  &lt; Set via SendKeys &gt;
\0&lt;/a&gt;
W, 3524, 22, 2012/11/12, 16:33:19.539, 6738160877419, QTAgent32.exe, &lt;a class=success&gt;Playback - {297} [SUCCESS] MouseButtonClick - "[MSAA, VisibleOnly]ControlType='Button' &amp;&amp; Name='OK'"
\0&lt;/a&gt;
E, 3524, 22, 2012/11/12, 16:33:19.663, 6738162634310, QTAgent32.exe, GetClassName for handle 7079310 failed
W, 3524, 22, 2012/11/12, 16:33:19.991, 6738167333507, QTAgent32.exe, &lt;a class=success&gt;Playback - {298} [SUCCESS] MouseButtonClick - "[MSAA, VisibleOnly]ControlType='Button' &amp;&amp; Name='OK'"
\0&lt;/a&gt;
W, 3524, 22, 2012/11/12, 16:33:20.428, 6738173703910, QTAgent32.exe, &lt;a class=success&gt;Playback - {299} [SUCCESS] MouseButtonClick - "[MSAA, VisibleOnly]ControlType='Button' &amp;&amp; Name='Cancel'"
\0&lt;/a&gt;
W, 3524, 22, 2012/11/12, 16:33:20.865, 6738179875980, QTAgent32.exe, &lt;a class=success&gt;Playback - {300} [SUCCESS] MouseButtonClick - "[MSAA, VisibleOnly]ControlType='Button' &amp;&amp; Name='Cancel'"
\0&lt;/a&gt;
E, 3524, 22, 2012/11/12, 16:33:20.974, 6738181328654, QTAgent32.exe, GetClassName for handle 3541238 failed
W, 3524, 22, 2012/11/12, 16:33:21.411, 6738187725022, QTAgent32.exe, &lt;a class=success&gt;Playback - {301} [SUCCESS] MouseButtonClick - "[MSAA, VisibleOnly]ControlType='Button' &amp;&amp; Name='Yes'"
\0&lt;/a&gt;
E, 3524, 22, 2012/11/12, 16:33:21.645, 6738190946409, QTAgent32.exe, GetClassName for handle 854496 failed
W, 3524, 22, 2012/11/12, 16:33:24.265, 6738228457084, QTAgent32.exe, &lt;a class=success&gt;Playback - {302} [SUCCESS] MouseButtonClick - "[MSAA, VisibleOnly]ControlType='Button' &amp;&amp; Name='OK'"
\0&lt;/a&gt;
W, 3524, 22, 2012/11/12, 16:33:25.919, 6738252138604, QTAgent32.exe, Playback - [WARNING] Internal warning: Element "[MSAA, VisibleOnly]ControlType='Window' &amp;&amp; ControlId='32770'" was not found, so all intermediate elements were ignored. To improve performance replace this element Id with another Id or exclude it from QueryId. If this element is the target element, replace or remove intermediate elements
\0
W, 3524, 22, 2012/11/12, 16:33:26.449, 6738259885906, QTAgent32.exe, PERF WARNING: FindAllDescendents: took 2084 ms. Expected it to take maximum 500 ms.
W, 3524, 22, 2012/11/12, 16:33:26.792, 6738264708892, QTAgent32.exe, &lt;a class=success&gt;Playback - {303} [SUCCESS] MouseButtonClick - "[MSAA, VisibleOnly]ControlType='Button' &amp;&amp; Name='Cancel'"
\0&lt;/a&gt;
W, 3524, 22, 2012/11/12, 16:33:28.462, 6738288542963, QTAgent32.exe, Playback - [WARNING] Internal warning: Element "[MSAA, VisibleOnly]ControlType='Window' &amp;&amp; ControlId='32769'" was not found, so all intermediate elements were ignored. To improve performance replace this element Id with another Id or exclude it from QueryId. If this element is the target element, replace or remove intermediate elements
\0
W, 3524, 22, 2012/11/12, 16:33:28.992, 6738296228235, QTAgent32.exe, PERF WARNING: FindAllDescendents: took 2079 ms. Expected it to take maximum 500 ms.
W, 3524, 22, 2012/11/12, 16:33:29.335, 6738301058989, QTAgent32.exe, &lt;a class=success&gt;Playback - {304} [SUCCESS] MouseButtonClick - "[MSAA, VisibleOnly]ControlType='Button' &amp;&amp; Name='Cancel'"
\0&lt;/a&gt;
W, 3524, 22, 2012/11/12, 16:33:29.725, 6738306838608, QTAgent32.exe, Playback - [WARNING] Internal warning: Window Not Found: [VisibleOnly]ControlType='Window' &amp;&amp; Name='Customer: txt1 tdsfs' &amp;&amp; ClassName='ThunderRT6MDIForm'
\0
E, 3524, 22, 2012/11/12, 16:33:29.725, 6738306841393, QTAgent32.exe, &lt;a class=failure&gt;Playback - {305} [FAILED] Function ElementFetcher::FindScreenElement failed to locate UI element (Searching: ;[VisibleOnly]ControlType='Window' &amp;&amp; Name='Customer: txt1 tdsfs' &amp;&amp; ClassName='ThunderRT6MDIForm') (The object specified was not found.)
\0&lt;/a&gt;
E, 3524, 22, 2012/11/12, 16:33:29.819, 6738308090715, QTAgent32.exe, Playback - [IMAGE] C:\Users\peter.zenin-ad\AppData\Local\Temp\UITestLogs\LastRun\RPF96EC.png
\0
W, 3524, 22, 2012/11/12, 16:33:29.819, 6738308092848, QTAgent32.exe, Playback - [WARNING] Internal warning: Couldn't find descendants that match QueryId
\0
W, 3524, 22, 2012/11/12, 16:33:29.834, 6738308378684, QTAgent32.exe, Playback - [WARNING] Internal warning: Window Not Found: [VisibleOnly]ControlType='Window' &amp;&amp; Name='Customer: txt1 tdsfs' &amp;&amp; ClassName='ThunderRT6MDIForm'
\0
E, 3524, 22, 2012/11/12, 16:33:29.834, 6738308380657, QTAgent32.exe, &lt;a class=failure&gt;Playback - {306} [FAILED] Function ElementFetcher::FindScreenElement failed to locate UI element (Searching: ;[VisibleOnly]ControlType='Window' &amp;&amp; Name='Customer: txt1 tdsfs' &amp;&amp; ClassName='ThunderRT6MDIForm') (The object specified was not found.)
\0&lt;/a&gt;
E, 3524, 22, 2012/11/12, 16:33:29.928, 6738309622411, QTAgent32.exe, Playback - [IMAGE] C:\Users\peter.zenin-ad\AppData\Local\Temp\UITestLogs\LastRun\RPF975B.png
\0
W, 3524, 22, 2012/11/12, 16:33:29.928, 6738309624580, QTAgent32.exe, Playback - [WARNING] Internal warning: Couldn't find descendants that match QueryId
\0
W, 3524, 22, 2012/11/12, 16:33:30.209, 6738313563972, QTAgent32.exe, Playback - [WARNING] Internal warning: Window Not Found: [VisibleOnly]ControlType='Window' &amp;&amp; Name='Customer: txt1 tdsfs' &amp;&amp; ClassName='ThunderRT6MDIForm'
\0
E, 3524, 22, 2012/11/12, 16:33:30.209, 6738313566799, QTAgent32.exe, &lt;a class=failure&gt;Playback - {307} [FAILED] Function ElementFetcher::FindScreenElement failed to locate UI element (Searching: ;[VisibleOnly]ControlType='Window' &amp;&amp; Name='Customer: txt1 tdsfs' &amp;&amp; ClassName='ThunderRT6MDIForm') (The object specified was not found.)
\0&lt;/a&gt;
E, 3524, 22, 2012/11/12, 16:33:30.287, 6738314803592, QTAgent32.exe, Playback - [IMAGE] C:\Users\peter.zenin-ad\AppData\Local\Temp\UITestLogs\LastRun\RPF98D2.png
\0
W, 3524, 22, 2012/11/12, 16:33:30.287, 6738314805794, QTAgent32.exe, Playback - [WARNING] Internal warning: Couldn't find descendants that match QueryId
\0
E, 3524, 22, 2012/11/12, 16:33:30.287, 6738314809645, QTAgent32.exe, Exception: System.Runtime.InteropServices.COMException
	Message: Error HRESULT E_FAIL has been returned from a call to a COM component.
	Stack Trace:    at Microsoft.VisualStudio.TestTools.UITest.Playback.Engine.IRPFPlayback.FindAllScreenElements(IScreenElement pScreenElementStart, String bstrQueryId, Object&amp; pvarResKeys, Int32 cResKeys, Int32 nMaxDepth, Object[]&amp; foundDescendants)
   at Microsoft.VisualStudio.TestTools.UITest.Playback.ScreenElement.FindTopLevelWindowHelper(String queryId)
	BaseExceptionMessage: Error HRESULT E_FAIL has been returned from a call to a COM component.

E, 3524, 22, 2012/11/12, 16:33:30.287, 6738314814416, QTAgent32.exe, Window 4915832 not responding. Last Win32 error 0
E, 3524, 22, 2012/11/12, 16:33:30.287, 6738314816947, QTAgent32.exe, GetClassName for handle 4915832 failed
E, 3524, 22, 2012/11/12, 16:33:30.287, 6738314820807, QTAgent32.exe, Window 4915832 not responding. Last Win32 error 1400
E, 3524, 22, 2012/11/12, 16:33:30.287, 6738314830605, QTAgent32.exe, Window 4915832 not responding. Last Win32 error 1400
E, 3524, 22, 2012/11/12, 16:33:30.287, 6738314831822, QTAgent32.exe, GetClassName for handle 4915832 failed
E, 3524, 22, 2012/11/12, 16:33:30.287, 6738314832685, QTAgent32.exe, GetClassName for handle 4915832 failed
W, 3524, 22, 2012/11/12, 16:33:30.536, 6738318458527, QTAgent32.exe, Playback - [WARNING] Internal warning: Window Not Found: [VisibleOnly]ControlType='Window' &amp;&amp; Name='Customer: autotest autotest' &amp;&amp; ClassName='ThunderRT6MDIForm'
\0
E, 3524, 22, 2012/11/12, 16:33:30.536, 6738318461270, QTAgent32.exe, &lt;a class=failure&gt;Playback - {308} [FAILED] Function ElementFetcher::FindScreenElement failed to locate UI element (Searching: ;[VisibleOnly]ControlType='Window' &amp;&amp; Name='Customer: autotest autotest' &amp;&amp; ClassName='ThunderRT6MDIForm') (The object specified was not found.)
\0&lt;/a&gt;
E, 3524, 22, 2012/11/12, 16:33:30.630, 6738319699970, QTAgent32.exe, Playback - [IMAGE] C:\Users\peter.zenin-ad\AppData\Local\Temp\UITestLogs\LastRun\RPF9A1B.png
\0
W, 3524, 22, 2012/11/12, 16:33:30.630, 6738319702193, QTAgent32.exe, Playback - [WARNING] Internal warning: Couldn't find descendants that match QueryId
\0
W, 3524, 22, 2012/11/12, 16:33:30.646, 6738319988467, QTAgent32.exe, Playback - [WARNING] Internal warning: Window Not Found: [VisibleOnly]ControlType='Window' &amp;&amp; Name='Customer: autotest autotest' &amp;&amp; ClassName='ThunderRT6MDIForm'
\0
E, 3524, 22, 2012/11/12, 16:33:30.646, 6738319990428, QTAgent32.exe, &lt;a class=failure&gt;Playback - {309} [FAILED] Function ElementFetcher::FindScreenElement failed to locate UI element (Searching: ;[VisibleOnly]ControlType='Window' &amp;&amp; Name='Customer: autotest autotest' &amp;&amp; ClassName='ThunderRT6MDIForm') (The object specified was not found.)
\0&lt;/a&gt;
E, 3524, 22, 2012/11/12, 16:33:30.739, 6738321224317, QTAgent32.exe, Playback - [IMAGE] C:\Users\peter.zenin-ad\AppData\Local\Temp\UITestLogs\LastRun\RPF9A89.png
\0
W, 3524, 22, 2012/11/12, 16:33:30.739, 6738321226508, QTAgent32.exe, Playback - [WARNING] Internal warning: Couldn't find descendants that match QueryId
\0
W, 3524, 22, 2012/11/12, 16:33:31.020, 6738325177790, QTAgent32.exe, Playback - [WARNING] Internal warning: Window Not Found: [VisibleOnly]ControlType='Window' &amp;&amp; Name='Customer: autotest autotest' &amp;&amp; ClassName='ThunderRT6MDIForm'
\0
E, 3524, 22, 2012/11/12, 16:33:31.020, 6738325180575, QTAgent32.exe, &lt;a class=failure&gt;Playback - {310} [FAILED] Function ElementFetcher::FindScreenElement failed to locate UI element (Searching: ;[VisibleOnly]ControlType='Window' &amp;&amp; Name='Customer: autotest autotest' &amp;&amp; ClassName='ThunderRT6MDIForm') (The object specified was not found.)
\0&lt;/a&gt;
E, 3524, 22, 2012/11/12, 16:33:31.098, 6738326419400, QTAgent32.exe, Playback - [IMAGE] C:\Users\peter.zenin-ad\AppData\Local\Temp\UITestLogs\LastRun\RPF9C00.png
\0
W, 3524, 22, 2012/11/12, 16:33:31.098, 6738326421389, QTAgent32.exe, Playback - [WARNING] Internal warning: Couldn't find descendants that match QueryId
\0
E, 3524, 22, 2012/11/12, 16:33:31.098, 6738326424945, QTAgent32.exe, Exception: System.Runtime.InteropServices.COMException
	Message: Error HRESULT E_FAIL has been returned from a call to a COM component.
	Stack Trace:    at Microsoft.VisualStudio.TestTools.UITest.Playback.Engine.IRPFPlayback.FindAllScreenElements(IScreenElement pScreenElementStart, String bstrQueryId, Object&amp; pvarResKeys, Int32 cResKeys, Int32 nMaxDepth, Object[]&amp; foundDescendants)
   at Microsoft.VisualStudio.TestTools.UITest.Playback.ScreenElement.FindTopLevelWindowHelper(String queryId)
	BaseExceptionMessage: Error HRESULT E_FAIL has been returned from a call to a COM component.

E, 3524, 22, 2012/11/12, 16:33:31.098, 6738326429372, QTAgent32.exe, Window 4915832 not responding. Last Win32 error 0
E, 3524, 22, 2012/11/12, 16:33:31.098, 6738326433206, QTAgent32.exe, Window 4915832 not responding. Last Win32 error 1400
E, 3524, 22, 2012/11/12, 16:33:31.098, 6738326437771, QTAgent32.exe, Window 4915832 not responding. Last Win32 error 1400
E, 3524, 22, 2012/11/12, 16:33:31.098, 6738326439062, QTAgent32.exe, GetClassName for handle 4915832 failed
E, 3524, 22, 2012/11/12, 16:33:31.098, 6738326439896, QTAgent32.exe, GetClassName for handle 4915832 failed
W, 3524, 22, 2012/11/12, 16:33:31.363, 6738330086706, QTAgent32.exe, Playback - [WARNING] Internal warning: Window Not Found: [VisibleOnly]ControlType='Window' &amp;&amp; Name='Customer: txt1 tdsfs' &amp;&amp; ClassName='ThunderRT6MDIForm'
\0
E, 3524, 22, 2012/11/12, 16:33:31.363, 6738330089739, QTAgent32.exe, &lt;a class=failure&gt;Playback - {311} [FAILED] Function ElementFetcher::FindScreenElement failed to locate UI element (Searching: ;[VisibleOnly]ControlType='Window' &amp;&amp; Name='Customer: txt1 tdsfs' &amp;&amp; ClassName='ThunderRT6MDIForm') (The object specified was not found.)
\0&lt;/a&gt;
E, 3524, 22, 2012/11/12, 16:33:31.441, 6738331327625, QTAgent32.exe, Playback - [IMAGE] C:\Users\peter.zenin-ad\AppData\Local\Temp\UITestLogs\LastRun\RPF9D58.png
\0
W, 3524, 22, 2012/11/12, 16:33:31.441, 6738331329832, QTAgent32.exe, Playback - [WARNING] Internal warning: Couldn't find descendants that match QueryId
\0
W, 3524, 22, 2012/11/12, 16:33:31.940, 6738338361268, QTAgent32.exe, Playback - [WARNING] Internal warning: Window Not Found: [VisibleOnly]ControlType='Window' &amp;&amp; Name='Customer: txt1 tdsfs' &amp;&amp; ClassName='ThunderRT6MDIForm'
\0
E, 3524, 22, 2012/11/12, 16:33:31.940, 6738338364187, QTAgent32.exe, &lt;a class=failure&gt;Playback - {312} [FAILED] Function ElementFetcher::FindScreenElement failed to locate UI element (Searching: ;[VisibleOnly]ControlType='Window' &amp;&amp; Name='Customer: txt1 tdsfs' &amp;&amp; ClassName='ThunderRT6MDIForm') (The object specified was not found.)
\0&lt;/a&gt;
E, 3524, 22, 2012/11/12, 16:33:32.018, 6738339620193, QTAgent32.exe, Playback - [IMAGE] C:\Users\peter.zenin-ad\AppData\Local\Temp\UITestLogs\LastRun\RPF9F9B.png
\0
W, 3524, 22, 2012/11/12, 16:33:32.018, 6738339622371, QTAgent32.exe, Playback - [WARNING] Internal warning: Couldn't find descendants that match QueryId
\0
W, 3524, 22, 2012/11/12, 16:33:32.018, 6738339625339, QTAgent32.exe, PERF WARNING: FindTopLevelWindowHelper::FindAllDescendents: took 579 ms. Expected it to take maximum 500 ms.
W, 3524, 22, 2012/11/12, 16:33:32.486, 6738346264535, QTAgent32.exe, Playback - [WARNING] Internal warning: Smart Match failed
\0
W, 3524, 22, 2012/11/12, 16:33:32.658, 6738348731464, QTAgent32.exe, Playback - [WARNING] Internal warning: Smart Match failed
\0
W, 3524, 22, 2012/11/12, 16:33:32.830, 6738351177573, QTAgent32.exe, Playback - [WARNING] Internal warning: Smart Match failed
\0
W, 3524, 22, 2012/11/12, 16:33:33.048, 6738354416662, QTAgent32.exe, Playback - [WARNING] Internal warning: Smart Match failed
\0
W, 3524, 22, 2012/11/12, 16:33:33.220, 6738356764687, QTAgent32.exe, Playback - [WARNING] Internal warning: Smart Match failed
\0
W, 3524, 22, 2012/11/12, 16:33:33.391, 6738359222130, QTAgent32.exe, Playback - [WARNING] Internal warning: Smart Match failed
\0
W, 3524, 22, 2012/11/12, 16:33:33.563, 6738361679745, QTAgent32.exe, Playback - [WARNING] Internal warning: Smart Match failed
\0
W, 3524, 22, 2012/11/12, 16:33:33.734, 6738364134949, QTAgent32.exe, Playback - [WARNING] Internal warning: Smart Match failed
\0
W, 3524, 22, 2012/11/12, 16:33:33.906, 6738366592504, QTAgent32.exe, Playback - [WARNING] Internal warning: Smart Match failed
\0
W, 3524, 22, 2012/11/12, 16:33:34.077, 6738369048886, QTAgent32.exe, Playback - [WARNING] Internal warning: Smart Match failed
\0
W, 3524, 22, 2012/11/12, 16:33:34.249, 6738371530410, QTAgent32.exe, Playback - [WARNING] Internal warning: Smart Match failed
\0
W, 3524, 22, 2012/11/12, 16:33:34.421, 6738373960758, QTAgent32.exe, Playback - [WARNING] Internal warning: Smart Match failed
\0
W, 3524, 22, 2012/11/12, 16:33:34.592, 6738376420565, QTAgent32.exe, Playback - [WARNING] Internal warning: Smart Match failed
\0
W, 3524, 22, 2012/11/12, 16:33:34.764, 6738378876389, QTAgent32.exe, Playback - [WARNING] Internal warning: Smart Match failed
\0
W, 3524, 22, 2012/11/12, 16:33:34.935, 6738381342524, QTAgent32.exe, Playback - [WARNING] Internal warning: Smart Match failed
\0
W, 3524, 22, 2012/11/12, 16:33:35.107, 6738383801008, QTAgent32.exe, Playback - [WARNING] Internal warning: Smart Match failed
\0
W, 3524, 22, 2012/11/12, 16:33:35.169, 6738384757678, QTAgent32.exe, Playback - [WARNING] Internal warning: Window Not Found: [VisibleOnly]ControlType='Window' &amp;&amp; Name='Customer: txt1 tdsfs' &amp;&amp; ClassName='ThunderRT6MDIForm'
\0
E, 3524, 22, 2012/11/12, 16:33:35.169, 6738384760240, QTAgent32.exe, &lt;a class=failure&gt;Playback - {313} [FAILED] Function ElementFetcher::FindScreenElement failed to locate UI element (Searching: ;[VisibleOnly]ControlType='Window' &amp;&amp; Name='Customer: txt1 tdsfs' &amp;&amp; ClassName='ThunderRT6MDIForm') (The object specified was not found.)
\0&lt;/a&gt;
E, 3524, 22, 2012/11/12, 16:33:35.263, 6738385993803, QTAgent32.exe, Playback - [IMAGE] C:\Users\peter.zenin-ad\AppData\Local\Temp\UITestLogs\LastRun\RPFAC39.png
\0
W, 3524, 22, 2012/11/12, 16:33:35.263, 6738385995973, QTAgent32.exe, Playback - [WARNING] Internal warning: Couldn't find descendants that match QueryId
\0
W, 3524, 22, 2012/11/12, 16:33:35.263, 6738385998919, QTAgent32.exe, PERF WARNING: FindTopLevelWindowHelper::FindAllDescendents: took 3238 ms. Expected it to take maximum 500 ms.
E, 3524, 22, 2012/11/12, 16:33:35.263, 6738386000681, QTAgent32.exe, Exception: System.Runtime.InteropServices.COMException
	Message: Error HRESULT E_FAIL has been returned from a call to a COM component.
	Stack Trace:    at Microsoft.VisualStudio.TestTools.UITest.Playback.Engine.IRPFPlayback.FindAllScreenElements(IScreenElement pScreenElementStart, String bstrQueryId, Object&amp; pvarResKeys, Int32 cResKeys, Int32 nMaxDepth, Object[]&amp; foundDescendants)
   at Microsoft.VisualStudio.TestTools.UITest.Playback.ScreenElement.FindTopLevelWindowHelper(String queryId)
	BaseExceptionMessage: Error HRESULT E_FAIL has been returned from a call to a COM component.

E, 3524, 22, 2012/11/12, 16:33:35.263, 6738386005268, QTAgent32.exe, Window 4915832 not responding. Last Win32 error 0
E, 3524, 22, 2012/11/12, 16:33:35.263, 6738386009109, QTAgent32.exe, Window 4915832 not responding. Last Win32 error 1400
E, 3524, 22, 2012/11/12, 16:33:35.263, 6738386013696, QTAgent32.exe, Window 4915832 not responding. Last Win32 error 1400
E, 3524, 22, 2012/11/12, 16:33:35.263, 6738386014920, QTAgent32.exe, GetClassName for handle 4915832 failed
E, 3524, 22, 2012/11/12, 16:33:35.263, 6738386015720, QTAgent32.exe, GetClassName for handle 4915832 failed
W, 3524, 22, 2012/11/12, 16:33:35.528, 6738389935846, QTAgent32.exe, Playback - [WARNING] Internal warning: Window Not Found: [VisibleOnly]ControlType='Window' &amp;&amp; Name='Customer: autotest autotest' &amp;&amp; ClassName='ThunderRT6MDIForm'
\0
E, 3524, 22, 2012/11/12, 16:33:35.528, 6738389938579, QTAgent32.exe, &lt;a class=failure&gt;Playback - {314} [FAILED] Function ElementFetcher::FindScreenElement failed to locate UI element (Searching: ;[VisibleOnly]ControlType='Window' &amp;&amp; Name='Customer: autotest autotest' &amp;&amp; ClassName='ThunderRT6MDIForm') (The object specified was not found.)
\0&lt;/a&gt;
E, 3524, 22, 2012/11/12, 16:33:35.622, 6738391169484, QTAgent32.exe, Playback - [IMAGE] C:\Users\peter.zenin-ad\AppData\Local\Temp\UITestLogs\LastRun\RPFADA1.png
\0
W, 3524, 22, 2012/11/12, 16:33:35.622, 6738391171671, QTAgent32.exe, Playback - [WARNING] Internal warning: Couldn't find descendants that match QueryId
\0
W, 3524, 22, 2012/11/12, 16:33:36.121, 6738398222846, QTAgent32.exe, Playback - [WARNING] Internal warning: Window Not Found: [VisibleOnly]ControlType='Window' &amp;&amp; Name='Customer: autotest autotest' &amp;&amp; ClassName='ThunderRT6MDIForm'
\0
E, 3524, 22, 2012/11/12, 16:33:36.121, 6738398225745, QTAgent32.exe, &lt;a class=failure&gt;Playback - {315} [FAILED] Function ElementFetcher::FindScreenElement failed to locate UI element (Searching: ;[VisibleOnly]ControlType='Window' &amp;&amp; Name='Customer: autotest autotest' &amp;&amp; ClassName='ThunderRT6MDIForm') (The object specified was not found.)
\0&lt;/a&gt;
E, 3524, 22, 2012/11/12, 16:33:36.199, 6738399465886, QTAgent32.exe, Playback - [IMAGE] C:\Users\peter.zenin-ad\AppData\Local\Temp\UITestLogs\LastRun\RPFAFF2.png
\0
W, 3524, 22, 2012/11/12, 16:33:36.199, 6738399468139, QTAgent32.exe, Playback - [WARNING] Internal warning: Couldn't find descendants that match QueryId
\0
W, 3524, 22, 2012/11/12, 16:33:36.199, 6738399471082, QTAgent32.exe, PERF WARNING: FindTopLevelWindowHelper::FindAllDescendents: took 579 ms. Expected it to take maximum 500 ms.
W, 3524, 22, 2012/11/12, 16:33:36.667, 6738406129257, QTAgent32.exe, Playback - [WARNING] Internal warning: Smart Match failed
\0
W, 3524, 22, 2012/11/12, 16:33:36.839, 6738408583568, QTAgent32.exe, Playback - [WARNING] Internal warning: Smart Match failed
\0
W, 3524, 22, 2012/11/12, 16:33:37.010, 6738411040693, QTAgent32.exe, Playback - [WARNING] Internal warning: Smart Match failed
\0
W, 3524, 22, 2012/11/12, 16:33:37.182, 6738413609887, QTAgent32.exe, Playback - [WARNING] Internal warning: Smart Match failed
\0
W, 3524, 22, 2012/11/12, 16:33:37.353, 6738415957146, QTAgent32.exe, Playback - [WARNING] Internal warning: Smart Match failed
\0
W, 3524, 22, 2012/11/12, 16:33:37.525, 6738418415633, QTAgent32.exe, Playback - [WARNING] Internal warning: Smart Match failed
\0
W, 3524, 22, 2012/11/12, 16:33:37.697, 6738420872533, QTAgent32.exe, Playback - [WARNING] Internal warning: Smart Match failed
\0
W, 3524, 22, 2012/11/12, 16:33:37.868, 6738423327294, QTAgent32.exe, Playback - [WARNING] Internal warning: Smart Match failed
\0
W, 3524, 22, 2012/11/12, 16:33:38.040, 6738425785507, QTAgent32.exe, Playback - [WARNING] Internal warning: Smart Match failed
\0
W, 3524, 22, 2012/11/12, 16:33:38.211, 6738428239914, QTAgent32.exe, Playback - [WARNING] Internal warning: Smart Match failed
\0
W, 3524, 22, 2012/11/12, 16:33:38.383, 6738430697711, QTAgent32.exe, Playback - [WARNING] Internal warning: Smart Match failed
\0
W, 3524, 22, 2012/11/12, 16:33:38.555, 6738433174399, QTAgent32.exe, Playback - [WARNING] Internal warning: Smart Match failed
\0
W, 3524, 22, 2012/11/12, 16:33:38.726, 6738435613209, QTAgent32.exe, Playback - [WARNING] Internal warning: Smart Match failed
\0
W, 3524, 22, 2012/11/12, 16:33:38.898, 6738438069829, QTAgent32.exe, Playback - [WARNING] Internal warning: Smart Match failed
\0
W, 3524, 22, 2012/11/12, 16:33:39.069, 6738440528769, QTAgent32.exe, Playback - [WARNING] Internal warning: Smart Match failed
\0
W, 3524, 22, 2012/11/12, 16:33:39.241, 6738442991695, QTAgent32.exe, Playback - [WARNING] Internal warning: Smart Match failed
\0
W, 3524, 22, 2012/11/12, 16:33:39.303, 6738443857346, QTAgent32.exe, Playback - [WARNING] Internal warning: Window Not Found: [VisibleOnly]ControlType='Window' &amp;&amp; Name='Customer: autotest autotest' &amp;&amp; ClassName='ThunderRT6MDIForm'
\0
E, 3524, 22, 2012/11/12, 16:33:39.303, 6738443859937, QTAgent32.exe, &lt;a class=failure&gt;Playback - {316} [FAILED] Function ElementFetcher::FindScreenElement failed to locate UI element (Searching: ;[VisibleOnly]ControlType='Window' &amp;&amp; Name='Customer: autotest autotest' &amp;&amp; ClassName='ThunderRT6MDIForm') (The object specified was not found.)
\0&lt;/a&gt;
E, 3524, 22, 2012/11/12, 16:33:39.381, 6738445098467, QTAgent32.exe, Playback - [IMAGE] C:\Users\peter.zenin-ad\AppData\Local\Temp\UITestLogs\LastRun\RPFBC62.png
\0
W, 3524, 22, 2012/11/12, 16:33:39.381, 6738445100696, QTAgent32.exe, Playback - [WARNING] Internal warning: Couldn't find descendants that match QueryId
\0
W, 3524, 22, 2012/11/12, 16:33:39.381, 6738445103670, QTAgent32.exe, PERF WARNING: FindTopLevelWindowHelper::FindAllDescendents: took 3186 ms. Expected it to take maximum 500 ms.
E, 3524, 22, 2012/11/12, 16:33:39.381, 6738445105554, QTAgent32.exe, Exception: System.Runtime.InteropServices.COMException
	Message: Error HRESULT E_FAIL has been returned from a call to a COM component.
	Stack Trace:    at Microsoft.VisualStudio.TestTools.UITest.Playback.Engine.IRPFPlayback.FindAllScreenElements(IScreenElement pScreenElementStart, String bstrQueryId, Object&amp; pvarResKeys, Int32 cResKeys, Int32 nMaxDepth, Object[]&amp; foundDescendants)
   at Microsoft.VisualStudio.TestTools.UITest.Playback.ScreenElement.FindTopLevelWindowHelper(String queryId)
	BaseExceptionMessage: Error HRESULT E_FAIL has been returned from a call to a COM component.

E, 3524, 22, 2012/11/12, 16:33:39.381, 6738445110240, QTAgent32.exe, Window 4915832 not responding. Last Win32 error 0
E, 3524, 22, 2012/11/12, 16:33:39.381, 6738445114214, QTAgent32.exe, Window 4915832 not responding. Last Win32 error 1400
E, 3524, 22, 2012/11/12, 16:33:39.397, 6738445119519, QTAgent32.exe, Window 4915832 not responding. Last Win32 error 1400
E, 3524, 22, 2012/11/12, 16:33:39.397, 6738445120805, QTAgent32.exe, GetClassName for handle 4915832 failed
E, 3524, 22, 2012/11/12, 16:33:39.397, 6738445121613, QTAgent32.exe, GetClassName for handle 4915832 failed
W, 3524, 22, 2012/11/12, 16:33:39.662, 6738449137381, QTAgent32.exe, Playback - [WARNING] Internal warning: Window Not Found: [VisibleOnly]ControlType='Window' &amp;&amp; Name='Customer: txt1 tdsfs' &amp;&amp; ClassName='ThunderRT6MDIForm'
\0
E, 3524, 22, 2012/11/12, 16:33:39.678, 6738449140496, QTAgent32.exe, &lt;a class=failure&gt;Playback - {317} [FAILED] Function ElementFetcher::FindScreenElement failed to locate UI element (Searching: ;[VisibleOnly]ControlType='Window' &amp;&amp; Name='Customer: txt1 tdsfs' &amp;&amp; ClassName='ThunderRT6MDIForm') (The object specified was not found.)
\0&lt;/a&gt;
E, 3524, 22, 2012/11/12, 16:33:39.771, 6738450595407, QTAgent32.exe, Playback - [IMAGE] C:\Users\peter.zenin-ad\AppData\Local\Temp\UITestLogs\LastRun\RPFBDD9.png
\0
W, 3524, 22, 2012/11/12, 16:33:39.771, 6738450597482, QTAgent32.exe, Playback - [WARNING] Internal warning: Couldn't find descendants that match QueryId
\0
W, 3524, 22, 2012/11/12, 16:33:40.239, 6738457189743, QTAgent32.exe, Playback - [WARNING] Internal warning: Window Not Found: [VisibleOnly]ControlType='Window' &amp;&amp; Name='Customer: txt1 tdsfs' &amp;&amp; ClassName='ThunderRT6MDIForm'
\0
E, 3524, 22, 2012/11/12, 16:33:40.239, 6738457192618, QTAgent32.exe, &lt;a class=failure&gt;Playback - {318} [FAILED] Function ElementFetcher::FindScreenElement failed to locate UI element (Searching: ;[VisibleOnly]ControlType='Window' &amp;&amp; Name='Customer: txt1 tdsfs' &amp;&amp; ClassName='ThunderRT6MDIForm') (The object specified was not found.)
\0&lt;/a&gt;
E, 3524, 22, 2012/11/12, 16:33:40.317, 6738458415529, QTAgent32.exe, Playback - [IMAGE] C:\Users\peter.zenin-ad\AppData\Local\Temp\UITestLogs\LastRun\RPFC00C.png
\0
W, 3524, 22, 2012/11/12, 16:33:40.317, 6738458417606, QTAgent32.exe, Playback - [WARNING] Internal warning: Couldn't find descendants that match QueryId
\0
W, 3524, 22, 2012/11/12, 16:33:40.317, 6738458420465, QTAgent32.exe, PERF WARNING: FindTopLevelWindowHelper::FindAllDescendents: took 546 ms. Expected it to take maximum 500 ms.
W, 3524, 22, 2012/11/12, 16:33:40.770, 6738464869095, QTAgent32.exe, Playback - [WARNING] Internal warning: Smart Match failed
\0
W, 3524, 22, 2012/11/12, 16:33:40.941, 6738467328692, QTAgent32.exe, Playback - [WARNING] Internal warning: Smart Match failed
\0
W, 3524, 22, 2012/11/12, 16:33:41.113, 6738469796144, QTAgent32.exe, Playback - [WARNING] Internal warning: Smart Match failed
\0
W, 3524, 22, 2012/11/12, 16:33:41.285, 6738472242149, QTAgent32.exe, Playback - [WARNING] Internal warning: Smart Match failed
\0
W, 3524, 22, 2012/11/12, 16:33:41.456, 6738474707997, QTAgent32.exe, Playback - [WARNING] Internal warning: Smart Match failed
\0
W, 3524, 22, 2012/11/12, 16:33:41.628, 6738477157531, QTAgent32.exe, Playback - [WARNING] Internal warning: Smart Match failed
\0
W, 3524, 22, 2012/11/12, 16:33:41.799, 6738479613259, QTAgent32.exe, Playback - [WARNING] Internal warning: Smart Match failed
\0
W, 3524, 22, 2012/11/12, 16:33:41.971, 6738482075871, QTAgent32.exe, Playback - [WARNING] Internal warning: Smart Match failed
\0
W, 3524, 22, 2012/11/12, 16:33:42.143, 6738484530188, QTAgent32.exe, Playback - [WARNING] Internal warning: Smart Match failed
\0
W, 3524, 22, 2012/11/12, 16:33:42.314, 6738486987715, QTAgent32.exe, Playback - [WARNING] Internal warning: Smart Match failed
\0
W, 3524, 22, 2012/11/12, 16:33:42.486, 6738489466213, QTAgent32.exe, Playback - [WARNING] Internal warning: Smart Match failed
\0
W, 3524, 22, 2012/11/12, 16:33:42.657, 6738491906559, QTAgent32.exe, Playback - [WARNING] Internal warning: Smart Match failed
\0
W, 3524, 22, 2012/11/12, 16:33:42.829, 6738494352690, QTAgent32.exe, Playback - [WARNING] Internal warning: Smart Match failed
\0
W, 3524, 22, 2012/11/12, 16:33:43.001, 6738496820999, QTAgent32.exe, Playback - [WARNING] Internal warning: Smart Match failed
\0
W, 3524, 22, 2012/11/12, 16:33:43.172, 6738499273274, QTAgent32.exe, Playback - [WARNING] Internal warning: Smart Match failed
\0
W, 3524, 22, 2012/11/12, 16:33:43.359, 6738501943646, QTAgent32.exe, Playback - [WARNING] Internal warning: Smart Match failed
\0
W, 3524, 22, 2012/11/12, 16:33:43.422, 6738502791108, QTAgent32.exe, Playback - [WARNING] Internal warning: Window Not Found: [VisibleOnly]ControlType='Window' &amp;&amp; Name='Customer: txt1 tdsfs' &amp;&amp; ClassName='ThunderRT6MDIForm'
\0
E, 3524, 22, 2012/11/12, 16:33:43.422, 6738502793548, QTAgent32.exe, &lt;a class=failure&gt;Playback - {319} [FAILED] Function ElementFetcher::FindScreenElement failed to locate UI element (Searching: ;[VisibleOnly]ControlType='Window' &amp;&amp; Name='Customer: txt1 tdsfs' &amp;&amp; ClassName='ThunderRT6MDIForm') (The object specified was not found.)
\0&lt;/a&gt;
E, 3524, 22, 2012/11/12, 16:33:43.500, 6738504019656, QTAgent32.exe, Playback - [IMAGE] C:\Users\peter.zenin-ad\AppData\Local\Temp\UITestLogs\LastRun\RPFCC7B.png
\0
W, 3524, 22, 2012/11/12, 16:33:43.500, 6738504021879, QTAgent32.exe, Playback - [WARNING] Internal warning: Couldn't find descendants that match QueryId
\0
W, 3524, 22, 2012/11/12, 16:33:43.500, 6738504024882, QTAgent32.exe, PERF WARNING: FindTopLevelWindowHelper::FindAllDescendents: took 3184 ms. Expected it to take maximum 500 ms.
E, 3524, 22, 2012/11/12, 16:33:43.500, 6738504026681, QTAgent32.exe, Exception: System.Runtime.InteropServices.COMException
	Message: Error HRESULT E_FAIL has been returned from a call to a COM component.
	Stack Trace:    at Microsoft.VisualStudio.TestTools.UITest.Playback.Engine.IRPFPlayback.FindAllScreenElements(IScreenElement pScreenElementStart, String bstrQueryId, Object&amp; pvarResKeys, Int32 cResKeys, Int32 nMaxDepth, Object[]&amp; foundDescendants)
   at Microsoft.VisualStudio.TestTools.UITest.Playback.ScreenElement.FindTopLevelWindowHelper(String queryId)
	BaseExceptionMessage: Error HRESULT E_FAIL has been returned from a call to a COM component.

E, 3524, 22, 2012/11/12, 16:33:43.500, 6738504031348, QTAgent32.exe, Window 4915832 not responding. Last Win32 error 0
E, 3524, 22, 2012/11/12, 16:33:43.500, 6738504035292, QTAgent32.exe, Window 4915832 not responding. Last Win32 error 1400
E, 3524, 22, 2012/11/12, 16:33:43.500, 6738504039981, QTAgent32.exe, Window 4915832 not responding. Last Win32 error 1400
E, 3524, 22, 2012/11/12, 16:33:43.500, 6738504041247, QTAgent32.exe, GetClassName for handle 4915832 failed
E, 3524, 22, 2012/11/12, 16:33:43.500, 6738504042082, QTAgent32.exe, GetClassName for handle 4915832 failed
W, 3524, 22, 2012/11/12, 16:33:43.781, 6738507883310, QTAgent32.exe, Playback - [WARNING] Internal warning: Window Not Found: [VisibleOnly]ControlType='Window' &amp;&amp; Name='Customer: autotest autotest' &amp;&amp; ClassName='ThunderRT6MDIForm'
\0
E, 3524, 22, 2012/11/12, 16:33:43.781, 6738507886233, QTAgent32.exe, &lt;a class=failure&gt;Playback - {320} [FAILED] Function ElementFetcher::FindScreenElement failed to locate UI element (Searching: ;[VisibleOnly]ControlType='Window' &amp;&amp; Name='Customer: autotest autotest' &amp;&amp; ClassName='ThunderRT6MDIForm') (The object specified was not found.)
\0&lt;/a&gt;
E, 3524, 22, 2012/11/12, 16:33:43.859, 6738509109542, QTAgent32.exe, Playback - [IMAGE] C:\Users\peter.zenin-ad\AppData\Local\Temp\UITestLogs\LastRun\RPFCDE3.png
\0
W, 3524, 22, 2012/11/12, 16:33:43.859, 6738509111660, QTAgent32.exe, Playback - [WARNING] Internal warning: Couldn't find descendants that match QueryId
\0
W, 3524, 22, 2012/11/12, 16:33:44.311, 6738515692132, QTAgent32.exe, Playback - [WARNING] Internal warning: Window Not Found: [VisibleOnly]ControlType='Window' &amp;&amp; Name='Customer: autotest autotest' &amp;&amp; ClassName='ThunderRT6MDIForm'
\0
E, 3524, 22, 2012/11/12, 16:33:44.311, 6738515694961, QTAgent32.exe, &lt;a class=failure&gt;Playback - {321} [FAILED] Function ElementFetcher::FindScreenElement failed to locate UI element (Searching: ;[VisibleOnly]ControlType='Window' &amp;&amp; Name='Customer: autotest autotest' &amp;&amp; ClassName='ThunderRT6MDIForm') (The object specified was not found.)
\0&lt;/a&gt;
E, 3524, 22, 2012/11/12, 16:33:44.404, 6738516914717, QTAgent32.exe, Playback - [IMAGE] C:\Users\peter.zenin-ad\AppData\Local\Temp\UITestLogs\LastRun\RPFCFF7.png
\0
W, 3524, 22, 2012/11/12, 16:33:44.404, 6738516917145, QTAgent32.exe, Playback - [WARNING] Internal warning: Couldn't find descendants that match QueryId
\0
W, 3524, 22, 2012/11/12, 16:33:44.404, 6738516920147, QTAgent32.exe, PERF WARNING: FindTopLevelWindowHelper::FindAllDescendents: took 545 ms. Expected it to take maximum 500 ms.
W, 3524, 22, 2012/11/12, 16:33:44.888, 6738523841609, QTAgent32.exe, Playback - [WARNING] Internal warning: Smart Match failed
\0
W, 3524, 22, 2012/11/12, 16:33:45.060, 6738526299632, QTAgent32.exe, Playback - [WARNING] Internal warning: Smart Match failed
\0
W, 3524, 22, 2012/11/12, 16:33:45.231, 6738528755201, QTAgent32.exe, Playback - [WARNING] Internal warning: Smart Match failed
\0
W, 3524, 22, 2012/11/12, 16:33:45.403, 6738531210713, QTAgent32.exe, Playback - [WARNING] Internal warning: Smart Match failed
\0
W, 3524, 22, 2012/11/12, 16:33:45.574, 6738533668197, QTAgent32.exe, Playback - [WARNING] Internal warning: Smart Match failed
\0
W, 3524, 22, 2012/11/12, 16:33:45.746, 6738536131423, QTAgent32.exe, Playback - [WARNING] Internal warning: Smart Match failed
\0
W, 3524, 22, 2012/11/12, 16:33:45.918, 6738538581751, QTAgent32.exe, Playback - [WARNING] Internal warning: Smart Match failed
\0
W, 3524, 22, 2012/11/12, 16:33:46.089, 6738541043666, QTAgent32.exe, Playback - [WARNING] Internal warning: Smart Match failed
\0
W, 3524, 22, 2012/11/12, 16:33:46.261, 6738543495468, QTAgent32.exe, Playback - [WARNING] Internal warning: Smart Match failed
\0
W, 3524, 22, 2012/11/12, 16:33:46.432, 6738545955376, QTAgent32.exe, Playback - [WARNING] Internal warning: Smart Match failed
\0
W, 3524, 22, 2012/11/12, 16:33:46.604, 6738548416112, QTAgent32.exe, Playback - [WARNING] Internal warning: Smart Match failed
\0
W, 3524, 22, 2012/11/12, 16:33:46.776, 6738550866779, QTAgent32.exe, Playback - [WARNING] Internal warning: Smart Match failed
\0
W, 3524, 22, 2012/11/12, 16:33:46.947, 6738553328025, QTAgent32.exe, Playback - [WARNING] Internal warning: Smart Match failed
\0
W, 3524, 22, 2012/11/12, 16:33:47.119, 6738555782198, QTAgent32.exe, Playback - [WARNING] Internal warning: Smart Match failed
\0
W, 3524, 22, 2012/11/12, 16:33:47.290, 6738558236208, QTAgent32.exe, Playback - [WARNING] Internal warning: Smart Match failed
\0
W, 3524, 22, 2012/11/12, 16:33:47.462, 6738560692825, QTAgent32.exe, Playback - [WARNING] Internal warning: Smart Match failed
\0
W, 3524, 22, 2012/11/12, 16:33:47.524, 6738561516764, QTAgent32.exe, Playback - [WARNING] Internal warning: Window Not Found: [VisibleOnly]ControlType='Window' &amp;&amp; Name='Customer: autotest autotest' &amp;&amp; ClassName='ThunderRT6MDIForm'
\0
E, 3524, 22, 2012/11/12, 16:33:47.524, 6738561519008, QTAgent32.exe, &lt;a class=failure&gt;Playback - {322} [FAILED] Function ElementFetcher::FindScreenElement failed to locate UI element (Searching: ;[VisibleOnly]ControlType='Window' &amp;&amp; Name='Customer: autotest autotest' &amp;&amp; ClassName='ThunderRT6MDIForm') (The object specified was not found.)
\0&lt;/a&gt;
E, 3524, 22, 2012/11/12, 16:33:47.602, 6738562735097, QTAgent32.exe, Playback - [IMAGE] C:\Users\peter.zenin-ad\AppData\Local\Temp\UITestLogs\LastRun\RPFDC85.png
\0
W, 3524, 22, 2012/11/12, 16:33:47.602, 6738562737307, QTAgent32.exe, Playback - [WARNING] Internal warning: Couldn't find descendants that match QueryId
\0
W, 3524, 22, 2012/11/12, 16:33:47.602, 6738562740289, QTAgent32.exe, PERF WARNING: FindTopLevelWindowHelper::FindAllDescendents: took 3199 ms. Expected it to take maximum 500 ms.
E, 3524, 22, 2012/11/12, 16:33:47.602, 6738562742105, QTAgent32.exe, Exception: System.Runtime.InteropServices.COMException
	Message: Error HRESULT E_FAIL has been returned from a call to a COM component.
	Stack Trace:    at Microsoft.VisualStudio.TestTools.UITest.Playback.Engine.IRPFPlayback.FindAllScreenElements(IScreenElement pScreenElementStart, String bstrQueryId, Object&amp; pvarResKeys, Int32 cResKeys, Int32 nMaxDepth, Object[]&amp; foundDescendants)
   at Microsoft.VisualStudio.TestTools.UITest.Playback.ScreenElement.FindTopLevelWindowHelper(String queryId)
	BaseExceptionMessage: Error HRESULT E_FAIL has been returned from a call to a COM component.

E, 3524, 22, 2012/11/12, 16:33:47.602, 6738562746720, QTAgent32.exe, Window 4915832 not responding. Last Win32 error 0
E, 3524, 22, 2012/11/12, 16:33:47.602, 6738562750701, QTAgent32.exe, Window 4915832 not responding. Last Win32 error 1400
E, 3524, 22, 2012/11/12, 16:33:47.602, 6738562755391, QTAgent32.exe, Window 4915832 not responding. Last Win32 error 1400
E, 3524, 22, 2012/11/12, 16:33:47.602, 6738562756649, QTAgent32.exe, GetClassName for handle 4915832 failed
E, 3524, 22, 2012/11/12, 16:33:47.602, 6738562757456, QTAgent32.exe, GetClassName for handle 4915832 failed
E, 3524, 22, 2012/11/12, 16:33:47.712, 6738564184137, QTAgent32.exe, AL: Playback Error: Microsoft.VisualStudio.TestTools.UITest.Extension.UITestControlNotFoundException: Unable to find the top level element of the control ---&gt; Microsoft.VisualStudio.TestTools.UITest.Extension.UITestControlNotFoundException: The playback failed to find the control with the given search properties. Additional Details: 
TechnologyName:  'MSAA'
ControlType:  'Window'
 ---&gt; System.Runtime.InteropServices.COMException: Error HRESULT E_FAIL has been returned from a call to a COM component.
   at Microsoft.VisualStudio.TestTools.UITest.Playback.Engine.IRPFPlayback.FindAllScreenElements(IScreenElement pScreenElementStart, String bstrQueryId, Object&amp; pvarResKeys, Int32 cResKeys, Int32 nMaxDepth, Object[]&amp; foundDescendants)
   at Microsoft.VisualStudio.TestTools.UITest.Playback.ScreenElement.FindTopLevelWindowHelper(String queryId)
   at Microsoft.VisualStudio.TestTools.UITest.Playback.ScreenElement.FindFromPartialQueryId(String queryId)
   at Microsoft.VisualStudio.TestTools.UITesting.UITestControl..ctor(String queryId)
   --- End of inner exception stack trace ---
   at Microsoft.VisualStudio.TestTools.UITesting.Playback.MapControlNotFoundException(COMException ex, IPlaybackContext context)
   at Microsoft.VisualStudio.TestTools.UITesting.Playback.MapAndThrowComException(COMException innerException, IPlaybackContext context)
   at Microsoft.VisualStudio.TestTools.UITesting.Playback.MapAndThrowException(SystemException exception, IPlaybackContext context)
   at Microsoft.VisualStudio.TestTools.UITesting.Playback.MapAndThrowException(SystemException exception, String queryId)
   at Microsoft.VisualStudio.TestTools.UITesting.UITestControl..ctor(String queryId)
   at Microsoft.VisualStudio.TestTools.UITesting.SearchHelper.SearchTopLevelWindow(ISearchArgument topLevelSearchArg, String topLevelElementQueryId)
   at Microsoft.VisualStudio.TestTools.UITesting.SearchHelper.SearchUsingMultipleTitles(ISearchArgument topLevelSearchArg, QueryId topLevelQueryId, IList`1 windowTitles)
   --- End of inner exception stack trace ---
   at Microsoft.VisualStudio.TestTools.UITesting.SearchHelper.SearchUsingMultipleTitles(ISearchArgument topLevelSearchArg, QueryId topLevelQueryId, IList`1 windowTitles)
   at Microsoft.VisualStudio.TestTools.UITesting.SearchHelper.GetTitleUpdatedTopLevelWindow(ISearchArgument topLevelSearchArg, String queryId, IList`1 windowTitles)
   at Microsoft.VisualStudio.TestTools.UITesting.SearchHelper.GetTopLevelElement(Boolean useCache, Boolean useCacheOnly, ISearchArgument searchArg, IList`1 windowTitles, Int32&amp; timeLeft)
   at Microsoft.VisualStudio.TestTools.UITesting.SearchHelper.GetElement(Boolean useCache, ISearchArgument searchArg)
   at Microsoft.VisualStudio.TestTools.UITesting.SearchHelper.Search(ISearchArgument searchArg)
   at Microsoft.VisualStudio.TestTools.UITesting.UITestControl.FindInternal()
   at Microsoft.VisualStudio.TestTools.UITesting.UITestControl.FindControlIfNecessary()
   at Microsoft.VisualStudio.TestTools.UITesting.UITestControl.Click(MouseButtons button, ModifierKeys modifierKeys, Point relativeCoordinates)
   at Microsoft.VisualStudio.TestTools.UITesting.Mouse.ClickImplementation(UITestControl control, MouseButtons button, ModifierKeys modifierKeys, Point relativeCoordinate)
   at Microsoft.VisualStudio.TestTools.UITesting.Mouse.ClickImplementationWrapper(UITestControl control, MouseButtons button, ModifierKeys modifierKeys, Point relativeCoordinate)
W, 3524, 22, 2012/11/12, 16:33:47.712, 6738564186644, QTAgent32.exe, PlaybackErrorHandler: Ignoring exception as ContinueOnError is set.
W, 3524, 22, 2012/11/12, 16:33:48.039, 6738568971097, QTAgent32.exe, &lt;a class=success&gt;Playback - {323} [SUCCESS] MouseButtonClick - "[MSAA, VisibleOnly]ControlType='Button' &amp;&amp; Name='Close'"
\0&lt;/a&gt;
W, 3524, 22, 2012/11/12, 16:33:52.516, 6738633016664, QTAgent32.exe, IEDOM : StopSession of the plugin called before StartSession
W, 3524, 22, 2012/11/12, 16:33:52.516, 6738633018015, QTAgent32.exe, UIA : StopSession of the plugin called before StartSession
W, 3524, 22, 2012/11/12, 16:33:52.516, 6738633018723, QTAgent32.exe, SLPlugin : StopSession of the plugin called before StartSession
</DebugTrace>
      </Output>
    </UnitTestResult>
    <UnitTestResult executionId="0b9872a1-24e5-4877-9ed0-7c871b46c350" testId="038bd6f9-2ee9-ebbb-433c-13d24e4980e9" testName="HouseTest16" computerName="ICLVDEVAP01" duration="00:06:46.8203231" startTime="2012-11-12T16:33:52.5168376+00:00" endTime="2012-11-12T16:40:39.3699934+00:00" testType="13cdc9d9-ddb5-4fa4-a97d-d965ccfc6d4b" outcome="Passed" testListId="8c84fa94-04c1-424b-9868-57a2d4851a1d" relativeResultsDirectory="0b9872a1-24e5-4877-9ed0-7c871b46c350">
      <Output>
        <DebugTrace>W, 3524, 13, 2012/11/12, 16:33:52.548, 6738633501340, QTAgent32.exe, ExtensionFramework : A Technology Manager with name Web is already registered.
W, 3524, 13, 2012/11/12, 16:33:53.390, 6738645481615, QTAgent32.exe, &lt;a class=success&gt;Playback - {1} [SUCCESS] MouseButtonClick - "[MSAA, VisibleOnly]ControlType='Edit'"
\0&lt;/a&gt;
W, 3524, 13, 2012/11/12, 16:33:53.655, 6738649277709, QTAgent32.exe, &lt;a class=success&gt;Playback - {2} [SUCCESS] SendKeys "[*]" - "[MSAA, VisibleOnly]ControlType='Edit'"
\0&lt;/a&gt;
W, 3524, 13, 2012/11/12, 16:33:54.560, 6738662360421, QTAgent32.exe, &lt;a class=success&gt;Playback - {3} [SUCCESS] MouseButtonClick - "[MSAA, VisibleOnly]ControlType='Button' &amp;&amp; Name='OK'"
\0&lt;/a&gt;
W, 3524, 13, 2012/11/12, 16:33:55.246, 6738672091139, QTAgent32.exe, &lt;a class=success&gt;Playback - {4} [SUCCESS] MouseButtonClick - "[MSAA, VisibleOnly]ControlType='Button' &amp;&amp; Name='OK'"
\0&lt;/a&gt;
W, 3524, 13, 2012/11/12, 16:33:55.402, 6738674293087, QTAgent32.exe, &lt;a class=success&gt;Playback - {5} [SUCCESS] TypeString "#(R)"
\0&lt;/a&gt;
E, 3524, 13, 2012/11/12, 16:33:55.933, 6738681935501, QTAgent32.exe, Exception: System.ArgumentException
	Message: Value does not fall within the expected range.
	Stack Trace:    at Accessibility.IAccessible.get_accRole(Object varChild)
   at Microsoft.VisualStudio.TestTools.UITest.Extension.Msaa.AccWrapper.get_RoleInt()
	BaseExceptionMessage: Value does not fall within the expected range.

E, 3524, 13, 2012/11/12, 16:33:55.933, 6738682060390, QTAgent32.exe, Exception: System.ArgumentException
	Message: Value does not fall within the expected range.
	Stack Trace:    at Accessibility.IAccessible.get_accRole(Object varChild)
   at Microsoft.VisualStudio.TestTools.UITest.Extension.Msaa.AccWrapper.get_RoleInt()
	BaseExceptionMessage: Value does not fall within the expected range.

W, 3524, 13, 2012/11/12, 16:33:56.447, 6738689260209, QTAgent32.exe, &lt;a class=success&gt;Playback - {6} [SUCCESS] LeftButtonClick  &lt; Mouse cursor location (87, 908) &gt;
\0&lt;/a&gt;
W, 3524, 13, 2012/11/12, 16:33:57.649, 6738706459347, QTAgent32.exe, &lt;a class=success&gt;Playback - {7} [SUCCESS] SetValueAsEditBox "c:\TestProject7\ourmma.reg"  &lt; Set via SendKeys &gt;
\0&lt;/a&gt;
W, 3524, 13, 2012/11/12, 16:33:57.649, 6738706461616, QTAgent32.exe, &lt;a class=success&gt;Playback - {8} [SUCCESS] SetValueAsComboBox "c:\TestProject7\ourmma.reg" - "[MSAA, VisibleOnly]ControlType='ComboBox' &amp;&amp; Name='Open:'"  &lt; Set via SetValueAsEditBox &gt;
\0&lt;/a&gt;
W, 3524, 13, 2012/11/12, 16:33:58.085, 6738712854380, QTAgent32.exe, &lt;a class=success&gt;Playback - {9} [SUCCESS] MouseButtonClick - "[MSAA, VisibleOnly]ControlType='Button' &amp;&amp; Name='OK'"
\0&lt;/a&gt;
W, 3524, 13, 2012/11/12, 16:33:58.881, 6738724167173, QTAgent32.exe, &lt;a class=success&gt;Playback - {10} [SUCCESS] MouseButtonClick - "[MSAA, VisibleOnly]ControlType='Button' &amp;&amp; Name='Yes'"
\0&lt;/a&gt;
W, 3524, 13, 2012/11/12, 16:33:59.396, 6738731536926, QTAgent32.exe, &lt;a class=success&gt;Playback - {11} [SUCCESS] MouseButtonClick - "[MSAA, VisibleOnly]ControlType='Button' &amp;&amp; Name='OK'"
\0&lt;/a&gt;
W, 3524, 13, 2012/11/12, 16:33:59.973, 6738739929677, QTAgent32.exe, &lt;a class=success&gt;Playback - {12} [SUCCESS] MouseButtonClick - "[MSAA, VisibleOnly]ControlType='Button' &amp;&amp; Name='Clients &amp; Files'"
\0&lt;/a&gt;
W, 3524, 13, 2012/11/12, 16:34:00.893, 6738752923243, QTAgent32.exe, Playback - [WARNING] Internal warning: Window Not Found: [VisibleOnly]ControlType='Window' &amp;&amp; Name='Customer: txt1 tdsfs' &amp;&amp; ClassName='ThunderRT6MDIForm'
\0
E, 3524, 13, 2012/11/12, 16:34:00.893, 6738752925919, QTAgent32.exe, &lt;a class=failure&gt;Playback - {13} [FAILED] Function ElementFetcher::FindScreenElement failed to locate UI element (Searching: ;[VisibleOnly]ControlType='Window' &amp;&amp; Name='Customer: txt1 tdsfs' &amp;&amp; ClassName='ThunderRT6MDIForm') (The object specified was not found.)
\0&lt;/a&gt;
E, 3524, 13, 2012/11/12, 16:34:00.971, 6738754157122, QTAgent32.exe, Playback - [IMAGE] C:\Users\peter.zenin-ad\AppData\Local\Temp\UITestLogs\LastRun\RPF10BF.png
\0
W, 3524, 13, 2012/11/12, 16:34:00.971, 6738754159259, QTAgent32.exe, Playback - [WARNING] Internal warning: Couldn't find descendants that match QueryId
\0
W, 3524, 13, 2012/11/12, 16:34:00.971, 6738754162197, QTAgent32.exe, PERF WARNING: FindTopLevelWindowHelper::FindAllDescendents: took 835 ms. Expected it to take maximum 500 ms.
W, 3524, 13, 2012/11/12, 16:34:19.067, 6739013153122, QTAgent32.exe, Playback - [WARNING] Internal warning: Window Not Found: [VisibleOnly]ControlType='Window' &amp;&amp; Name='Customer: txt1 tdsfs' &amp;&amp; ClassName='ThunderRT6MDIForm'
\0
E, 3524, 13, 2012/11/12, 16:34:19.067, 6739013155905, QTAgent32.exe, &lt;a class=failure&gt;Playback - {14} [FAILED] Function ElementFetcher::FindScreenElement failed to locate UI element (Searching: ;[VisibleOnly]ControlType='Window' &amp;&amp; Name='Customer: txt1 tdsfs' &amp;&amp; ClassName='ThunderRT6MDIForm') (The object specified was not found.)
\0&lt;/a&gt;
E, 3524, 13, 2012/11/12, 16:34:19.145, 6739014386939, QTAgent32.exe, Playback - [IMAGE] C:\Users\peter.zenin-ad\AppData\Local\Temp\UITestLogs\LastRun\RPF57BF.png
\0
W, 3524, 13, 2012/11/12, 16:34:19.145, 6739014390332, QTAgent32.exe, Playback - [WARNING] Internal warning: Couldn't find descendants that match QueryId
\0
W, 3524, 13, 2012/11/12, 16:34:19.145, 6739014393413, QTAgent32.exe, PERF WARNING: FindTopLevelWindowHelper::FindAllDescendents: took 18174 ms. Expected it to take maximum 500 ms.
W, 3524, 13, 2012/11/12, 16:34:19.738, 6739022810603, QTAgent32.exe, Playback - [WARNING] Internal warning: Window with Class "ThunderRT6MDIForm" and Title "Customer: txt1 tdsfs" was not found, so similar window with Class "ThunderRT6MDIForm" and Title "Customer: autotest" was accepted
\0
W, 3524, 13, 2012/11/12, 16:34:19.738, 6739022814631, QTAgent32.exe, PERF WARNING: FindTopLevelWindowHelper::FindAllDescendents: took 587 ms. Expected it to take maximum 500 ms.
W, 3524, 13, 2012/11/12, 16:34:20.221, 6739029747583, QTAgent32.exe, Playback - [WARNING] Internal warning: Incorrect flag set for InvokeProgrammaticAction\0
W, 3524, 13, 2012/11/12, 16:34:20.549, 6739034376362, QTAgent32.exe, &lt;a class=success&gt;Playback - {15} [SUCCESS] SetValueAsComboBox "Customers" - "[MSAA, VisibleOnly]ControlType='ComboBox'"  &lt; SetValueAsComboBox, set by clicking on the item in the list box &gt;
\0&lt;/a&gt;
W, 3524, 13, 2012/11/12, 16:34:21.204, 6739043893003, QTAgent32.exe, &lt;a class=success&gt;Playback - {16} [SUCCESS] MouseButtonClick - "[MSAA, VisibleOnly]ControlType='Button' &amp;&amp; Name='Add'"
\0&lt;/a&gt;
W, 3524, 13, 2012/11/12, 16:34:21.610, 6739049546402, QTAgent32.exe, &lt;a class=success&gt;Playback - {17} [SUCCESS] SendKeys "autotest" - "[MSAA, VisibleOnly]ControlType='RadioButton' &amp;&amp; Name='Personal Lines'"
\0&lt;/a&gt;
W, 3524, 13, 2012/11/12, 16:34:22.078, 6739056249974, QTAgent32.exe, &lt;a class=success&gt;Playback - {18} [SUCCESS] SetValueAsEditBox "autotest" - "[MSAA, VisibleOnly]ControlType='Edit'"  &lt; Set via SendKeys &gt;
\0&lt;/a&gt;
W, 3524, 13, 2012/11/12, 16:34:22.608, 6739064026825, QTAgent32.exe, &lt;a class=success&gt;Playback - {19} [SUCCESS] MouseButtonClick - "[MSAA, VisibleOnly]ControlType='Button' &amp;&amp; Name='OK'"
\0&lt;/a&gt;
W, 3524, 13, 2012/11/12, 16:34:23.217, 6739072683168, QTAgent32.exe, &lt;a class=success&gt;Playback - {20} [SUCCESS] MouseButtonClick - "[MSAA, VisibleOnly]ControlType='Button' &amp;&amp; Name='Yes'"
\0&lt;/a&gt;
W, 3524, 13, 2012/11/12, 16:34:23.451, 6739075901366, QTAgent32.exe, &lt;a class=success&gt;Playback - {21} [SUCCESS] SendKeys "^{HOME}" - "[MSAA, VisibleOnly]ControlType='Edit'"
\0&lt;/a&gt;
E, 3524, 13, 2012/11/12, 16:34:23.451, 6739075903997, QTAgent32.exe, Msaa.GetFocusedElement: could not find accessible object of foreground window
W, 3524, 13, 2012/11/12, 16:34:23.529, 6739077018784, QTAgent32.exe, &lt;a class=success&gt;Playback - {22} [SUCCESS] SendKeys "^+{END}" - "[MSAA, VisibleOnly]ControlType='Edit'"
\0&lt;/a&gt;
E, 3524, 13, 2012/11/12, 16:34:23.529, 6739077021084, QTAgent32.exe, Msaa.GetFocusedElement: could not find accessible object of foreground window
W, 3524, 13, 2012/11/12, 16:34:23.544, 6739077241304, QTAgent32.exe, &lt;a class=success&gt;Playback - {23} [SUCCESS] SendKeys "{DELETE}" - "[MSAA, VisibleOnly]ControlType='Edit'"
\0&lt;/a&gt;
W, 3524, 13, 2012/11/12, 16:34:23.622, 6739078363128, QTAgent32.exe, &lt;a class=success&gt;Playback - {24} [SUCCESS] SetValueAsEditBox "1" - "[MSAA, VisibleOnly]ControlType='Edit'"  &lt; Set via SendKeys &gt;
\0&lt;/a&gt;
W, 3524, 13, 2012/11/12, 16:34:23.856, 6739081709804, QTAgent32.exe, &lt;a class=success&gt;Playback - {25} [SUCCESS] SendKeys "^{HOME}" - "[MSAA, VisibleOnly]ControlType='Edit'"
\0&lt;/a&gt;
E, 3524, 13, 2012/11/12, 16:34:23.856, 6739081712658, QTAgent32.exe, Msaa.GetFocusedElement: could not find accessible object of foreground window
W, 3524, 13, 2012/11/12, 16:34:23.950, 6739083049495, QTAgent32.exe, &lt;a class=success&gt;Playback - {26} [SUCCESS] SendKeys "^+{END}" - "[MSAA, VisibleOnly]ControlType='Edit'"
\0&lt;/a&gt;
E, 3524, 13, 2012/11/12, 16:34:23.950, 6739083052322, QTAgent32.exe, Msaa.GetFocusedElement: could not find accessible object of foreground window
W, 3524, 13, 2012/11/12, 16:34:23.965, 6739083273715, QTAgent32.exe, &lt;a class=success&gt;Playback - {27} [SUCCESS] SendKeys "{DELETE}" - "[MSAA, VisibleOnly]ControlType='Edit'"
\0&lt;/a&gt;
W, 3524, 13, 2012/11/12, 16:34:24.043, 6739084395047, QTAgent32.exe, &lt;a class=success&gt;Playback - {28} [SUCCESS] SetValueAsEditBox "1" - "[MSAA, VisibleOnly]ControlType='Edit'"  &lt; Set via SendKeys &gt;
\0&lt;/a&gt;
W, 3524, 13, 2012/11/12, 16:34:24.558, 6739091893896, QTAgent32.exe, &lt;a class=success&gt;Playback - {29} [SUCCESS] MouseButtonClick - "[MSAA, VisibleOnly]ControlType='Button' &amp;&amp; Name='OK'"
\0&lt;/a&gt;
W, 3524, 13, 2012/11/12, 16:34:25.089, 6739099517915, QTAgent32.exe, &lt;a class=success&gt;Playback - {30} [SUCCESS] MouseButtonClick - "[MSAA, VisibleOnly]ControlType='Button'"
\0&lt;/a&gt;
W, 3524, 13, 2012/11/12, 16:34:25.603, 6739106791762, QTAgent32.exe, &lt;a class=success&gt;Playback - {31} [SUCCESS] MouseButtonClick - "[MSAA, VisibleOnly]ControlType='Button' &amp;&amp; Name='Add'"
\0&lt;/a&gt;
W, 3524, 13, 2012/11/12, 16:34:26.102, 6739114046152, QTAgent32.exe, &lt;a class=success&gt;Playback - {32} [SUCCESS] MouseButtonClick - "[MSAA, VisibleOnly]ControlType='Button' &amp;&amp; Name='OK'"
\0&lt;/a&gt;
W, 3524, 13, 2012/11/12, 16:34:28.583, 6739149388806, QTAgent32.exe, &lt;a class=success&gt;Playback - {33} [SUCCESS] MouseButtonClick - "[MSAA, VisibleOnly,Window]ControlType='Window' &amp;&amp; ClassName='ThunderRT6TextBox'"
\0&lt;/a&gt;
W, 3524, 13, 2012/11/12, 16:34:28.926, 6739154306392, QTAgent32.exe, &lt;a class=success&gt;Playback - {34} [SUCCESS] SetValueAsEditBox "HOME" - "[MSAA, VisibleOnly]ControlType='Edit'"  &lt; Set via SendKeys &gt;
\0&lt;/a&gt;
W, 3524, 13, 2012/11/12, 16:34:29.441, 6739161692619, QTAgent32.exe, &lt;a class=success&gt;Playback - {35} [SUCCESS] MouseButtonClick - "[MSAA, VisibleOnly]ControlType='Button' &amp;&amp; Name='OK'"
\0&lt;/a&gt;
W, 3524, 13, 2012/11/12, 16:34:29.878, 6739167991328, QTAgent32.exe, &lt;a class=success&gt;Playback - {36} [SUCCESS] MouseButtonClick - "[MSAA, VisibleOnly]ControlType='Button' &amp;&amp; Name='Options'"
\0&lt;/a&gt;
W, 3524, 13, 2012/11/12, 16:34:29.987, 6739169494747, QTAgent32.exe, FindScreenElementInSinglePass : Attempting to find control in one pass of search. Failures can occur.
W, 3524, 13, 2012/11/12, 16:34:30.174, 6739172172882, QTAgent32.exe, &lt;a class=success&gt;Playback - {37} [SUCCESS] MouseButtonClick - "[MSAA]ControlType='MenuItem' &amp;&amp; Name='Links'"
\0&lt;/a&gt;
W, 3524, 13, 2012/11/12, 16:34:30.283, 6739173739301, QTAgent32.exe, FindScreenElementInSinglePass : Attempting to find control in one pass of search. Failures can occur.
W, 3524, 13, 2012/11/12, 16:34:30.470, 6739176415597, QTAgent32.exe, &lt;a class=success&gt;Playback - {38} [SUCCESS] MouseButtonClick - "[MSAA]ControlType='MenuItem' &amp;&amp; Name='3rd Party Integration'"
\0&lt;/a&gt;
W, 3524, 13, 2012/11/12, 16:34:30.580, 6739177983402, QTAgent32.exe, FindScreenElementInSinglePass : Attempting to find control in one pass of search. Failures can occur.
W, 3524, 13, 2012/11/12, 16:34:30.782, 6739180913348, QTAgent32.exe, &lt;a class=success&gt;Playback - {39} [SUCCESS] MouseButtonClick - "[MSAA]ControlType='MenuItem' &amp;&amp; Name='Quote Select List'"
\0&lt;/a&gt;
W, 3524, 13, 2012/11/12, 16:34:32.623, 6739207243081, QTAgent32.exe, PERF WARNING: FindTopLevelWindowHelper::FindAllDescendents: took 1703 ms. Expected it to take maximum 500 ms.
W, 3524, 13, 2012/11/12, 16:34:33.294, 6739217046016, QTAgent32.exe, &lt;a class=success&gt;Playback - {40} [SUCCESS] MouseButtonClick - "[MSAA, VisibleOnly]ControlType='Button' &amp;&amp; Name='Ok'"
\0&lt;/a&gt;
W, 3524, 13, 2012/11/12, 16:34:36.757, 6739266465710, QTAgent32.exe, PERF WARNING: FindTopLevelWindowHelper::FindAllDescendents: took 3322 ms. Expected it to take maximum 500 ms.
W, 3524, 13, 2012/11/12, 16:34:36.882, 6739268217699, QTAgent32.exe, &lt;a class=success&gt;Playback - {41} [SUCCESS] SendKeys "^{HOME}" - "[MSAA, VisibleOnly]ControlType='Edit'"
\0&lt;/a&gt;
E, 3524, 13, 2012/11/12, 16:34:36.882, 6739268220276, QTAgent32.exe, Msaa.GetFocusedElement: could not find accessible object of foreground window
W, 3524, 13, 2012/11/12, 16:34:36.960, 6739269337390, QTAgent32.exe, &lt;a class=success&gt;Playback - {42} [SUCCESS] SendKeys "^+{END}" - "[MSAA, VisibleOnly]ControlType='Edit'"
\0&lt;/a&gt;
E, 3524, 13, 2012/11/12, 16:34:36.960, 6739269339801, QTAgent32.exe, Msaa.GetFocusedElement: could not find accessible object of foreground window
W, 3524, 13, 2012/11/12, 16:34:36.975, 6739269559565, QTAgent32.exe, &lt;a class=success&gt;Playback - {43} [SUCCESS] SendKeys "{DELETE}" - "[MSAA, VisibleOnly]ControlType='Edit'"
\0&lt;/a&gt;
W, 3524, 13, 2012/11/12, 16:34:37.397, 6739275595764, QTAgent32.exe, &lt;a class=success&gt;Playback - {44} [SUCCESS] SetValueAsEditBox "19/11/12" - "[MSAA, VisibleOnly]ControlType='Edit'"  &lt; Set via SendKeys &gt;
\0&lt;/a&gt;
W, 3524, 13, 2012/11/12, 16:34:37.787, 6739281182720, QTAgent32.exe, &lt;a class=success&gt;Playback - {45} [SUCCESS] SetValueAsEditBox "test1" - "[MSAA, VisibleOnly]ControlType='Edit'"  &lt; Set via SendKeys &gt;
\0&lt;/a&gt;
W, 3524, 13, 2012/11/12, 16:34:38.145, 6739286315856, QTAgent32.exe, &lt;a class=success&gt;Playback - {46} [SUCCESS] SetValueAsEditBox "test" - "[MSAA, VisibleOnly]ControlType='Edit'"  &lt; Set via SendKeys &gt;
\0&lt;/a&gt;
W, 3524, 13, 2012/11/12, 16:34:38.364, 6739289437801, QTAgent32.exe, &lt;a class=success&gt;Playback - {47} [SUCCESS] SendKeys "^{HOME}" - "[MSAA, VisibleOnly]ControlType='Edit'"
\0&lt;/a&gt;
E, 3524, 13, 2012/11/12, 16:34:38.364, 6739289440428, QTAgent32.exe, Msaa.GetFocusedElement: could not find accessible object of foreground window
W, 3524, 13, 2012/11/12, 16:34:38.442, 6739290553661, QTAgent32.exe, &lt;a class=success&gt;Playback - {48} [SUCCESS] SendKeys "^+{END}" - "[MSAA, VisibleOnly]ControlType='Edit'"
\0&lt;/a&gt;
E, 3524, 13, 2012/11/12, 16:34:38.442, 6739290556195, QTAgent32.exe, Msaa.GetFocusedElement: could not find accessible object of foreground window
W, 3524, 13, 2012/11/12, 16:34:38.457, 6739290778516, QTAgent32.exe, &lt;a class=success&gt;Playback - {49} [SUCCESS] SendKeys "{DELETE}" - "[MSAA, VisibleOnly]ControlType='Edit'"
\0&lt;/a&gt;
W, 3524, 13, 2012/11/12, 16:34:38.645, 6739293461698, QTAgent32.exe, &lt;a class=success&gt;Playback - {50} [SUCCESS] SetValueAsEditBox "test" - "[MSAA, VisibleOnly]ControlType='Edit'"  &lt; Set via SendKeys &gt;
\0&lt;/a&gt;
W, 3524, 13, 2012/11/12, 16:34:39.222, 6739301893044, QTAgent32.exe, Playback - [WARNING] Internal warning: Incorrect flag set for InvokeProgrammaticAction\0
W, 3524, 13, 2012/11/12, 16:34:39.549, 6739306428853, QTAgent32.exe, &lt;a class=success&gt;Playback - {51} [SUCCESS] SetValueAsComboBox "Account Director" - "[MSAA, VisibleOnly]ControlType='ComboBox'"  &lt; SetValueAsComboBox, set by clicking on the item in the list box &gt;
\0&lt;/a&gt;
W, 3524, 13, 2012/11/12, 16:34:40.142, 6739314931859, QTAgent32.exe, Playback - [WARNING] Internal warning: Incorrect flag set for InvokeProgrammaticAction\0
W, 3524, 13, 2012/11/12, 16:34:40.470, 6739319604929, QTAgent32.exe, &lt;a class=success&gt;Playback - {52} [SUCCESS] SetValueAsComboBox "Advertising" - "[MSAA, VisibleOnly]ControlType='ComboBox'"  &lt; SetValueAsComboBox, set by clicking on the item in the list box &gt;
\0&lt;/a&gt;
W, 3524, 13, 2012/11/12, 16:34:40.891, 6739325630219, QTAgent32.exe, &lt;a class=success&gt;Playback - {53} [SUCCESS] SetValueAsEditBox "160589" - "[MSAA, VisibleOnly]ControlType='Edit'"  &lt; Set via SendKeys &gt;
\0&lt;/a&gt;
W, 3524, 13, 2012/11/12, 16:34:41.328, 6739331880130, QTAgent32.exe, &lt;a class=success&gt;Playback - {54} [SUCCESS] MouseButtonClick - "[MSAA, VisibleOnly]ControlType='Edit'"
\0&lt;/a&gt;
W, 3524, 13, 2012/11/12, 16:34:41.749, 6739337912777, QTAgent32.exe, &lt;a class=success&gt;Playback - {55} [SUCCESS] SetValueAsEditBox "BN16BN" - "[MSAA, VisibleOnly]ControlType='Edit'"  &lt; Set via SendKeys &gt;
\0&lt;/a&gt;
W, 3524, 13, 2012/11/12, 16:34:44.167, 6739372529526, QTAgent32.exe, &lt;a class=success&gt;Playback - {56} [SUCCESS] MouseButtonClick - "[MSAA, VisibleOnly]ControlType='Button' &amp;&amp; Name='Lookup...'"
\0&lt;/a&gt;
W, 3524, 13, 2012/11/12, 16:34:44.619, 6739379138723, QTAgent32.exe, &lt;a class=success&gt;Playback - {57} [SUCCESS] MouseButtonClick - "[MSAA, VisibleOnly]ControlType='Button' &amp;&amp; Name='Ok'"
\0&lt;/a&gt;
W, 3524, 13, 2012/11/12, 16:34:45.103, 6739386001518, QTAgent32.exe, &lt;a class=success&gt;Playback - {58} [SUCCESS] MouseButtonClick - "[MSAA, VisibleOnly]ControlType='Button' &amp;&amp; Name='Next &gt;'"
\0&lt;/a&gt;
W, 3524, 13, 2012/11/12, 16:34:45.540, 6739392192287, QTAgent32.exe, &lt;a class=success&gt;Playback - {59} [SUCCESS] SetValueAsEditBox "1989" - "[MSAA, VisibleOnly]ControlType='Edit'"  &lt; Set via SendKeys &gt;
\0&lt;/a&gt;
W, 3524, 13, 2012/11/12, 16:34:46.008, 6739398991126, QTAgent32.exe, &lt;a class=success&gt;Playback - {60} [SUCCESS] MouseButtonClick - "[MSAA, VisibleOnly]ControlType='Button' &amp;&amp; Name='Next &gt;'"
\0&lt;/a&gt;
W, 3524, 13, 2012/11/12, 16:34:46.226, 6739402164454, QTAgent32.exe, &lt;a class=success&gt;Playback - {61} [SUCCESS] MouseButtonClick - "[MSAA, VisibleOnly]ControlType='Button' &amp;&amp; Name='Next &gt;'"
\0&lt;/a&gt;
W, 3524, 13, 2012/11/12, 16:34:46.460, 6739405392849, QTAgent32.exe, &lt;a class=success&gt;Playback - {62} [SUCCESS] MouseButtonClick - "[MSAA, VisibleOnly]ControlType='Button' &amp;&amp; Name='Next &gt;'"
\0&lt;/a&gt;
W, 3524, 13, 2012/11/12, 16:34:46.881, 6739411400505, QTAgent32.exe, &lt;a class=success&gt;Playback - {63} [SUCCESS] SetValueAsEditBox "2345" - "[MSAA, VisibleOnly]ControlType='Edit'"  &lt; Set via SendKeys &gt;
\0&lt;/a&gt;
W, 3524, 13, 2012/11/12, 16:34:47.318, 6739417653615, QTAgent32.exe, &lt;a class=success&gt;Playback - {64} [SUCCESS] SetValueAsEditBox "2000" - "[MSAA, VisibleOnly]ControlType='Edit'"  &lt; Set via SendKeys &gt;
\0&lt;/a&gt;
W, 3524, 13, 2012/11/12, 16:34:47.755, 6739423907498, QTAgent32.exe, &lt;a class=success&gt;Playback - {65} [SUCCESS] SetValueAsEditBox "2000" - "[MSAA, VisibleOnly]ControlType='Edit'"  &lt; Set via SendKeys &gt;
\0&lt;/a&gt;
W, 3524, 13, 2012/11/12, 16:34:47.973, 6739427204613, QTAgent32.exe, &lt;a class=success&gt;Playback - {66} [SUCCESS] MouseButtonClick - "[MSAA, VisibleOnly]ControlType='Button' &amp;&amp; Name='Next &gt;'"
\0&lt;/a&gt;
W, 3524, 13, 2012/11/12, 16:34:48.410, 6739433288795, QTAgent32.exe, &lt;a class=success&gt;Playback - {67} [SUCCESS] SetValueAsEditBox "2345" - "[MSAA, VisibleOnly]ControlType='Edit'"  &lt; Set via SendKeys &gt;
\0&lt;/a&gt;
W, 3524, 13, 2012/11/12, 16:34:48.784, 6739438832550, QTAgent32.exe, &lt;a class=success&gt;Playback - {68} [SUCCESS] MouseButtonClick - "[MSAA, VisibleOnly]ControlType='Button' &amp;&amp; Name='Next &gt;'"
\0&lt;/a&gt;
W, 3524, 13, 2012/11/12, 16:34:49.190, 6739444515972, QTAgent32.exe, &lt;a class=success&gt;Playback - {69} [SUCCESS] MouseButtonClick - "[MSAA, VisibleOnly]ControlType='Button' &amp;&amp; Name='Next &gt;'"
\0&lt;/a&gt;
W, 3524, 13, 2012/11/12, 16:34:49.486, 6739448799403, QTAgent32.exe, &lt;a class=success&gt;Playback - {70} [SUCCESS] MouseButtonClick - "[MSAA, VisibleOnly]ControlType='Button' &amp;&amp; Name='Quote'"
\0&lt;/a&gt;
W, 3524, 13, 2012/11/12, 16:34:50.079, 6739457245098, QTAgent32.exe, &lt;a class=success&gt;Playback - {71} [SUCCESS] MouseButtonClick - "[MSAA, VisibleOnly]ControlType='Button' &amp;&amp; Name='No'"
\0&lt;/a&gt;
W, 3524, 13, 2012/11/12, 16:34:50.360, 6739461326587, QTAgent32.exe, Playback - [WARNING] Internal warning: The window that the search started from became invalid
\0
W, 3524, 13, 2012/11/12, 16:34:52.341, 6739489605743, QTAgent32.exe, PERF WARNING: FindTopLevelWindowHelper::FindAllDescendents: took 2155 ms. Expected it to take maximum 500 ms.
W, 3524, 13, 2012/11/12, 16:34:52.669, 6739494263828, QTAgent32.exe, &lt;a class=success&gt;Playback - {72} [SUCCESS] MouseButtonClick - "[MSAA, VisibleOnly]ControlType='Client'"
\0&lt;/a&gt;
W, 3524, 13, 2012/11/12, 16:34:54.291, 6739517696391, QTAgent32.exe, &lt;a class=success&gt;Playback - {73} [SUCCESS] SendKeys "{Home}" - "[MSAA, VisibleOnly]ControlType='Client'"
\0&lt;/a&gt;
W, 3524, 13, 2012/11/12, 16:34:54.806, 6739524997522, QTAgent32.exe, &lt;a class=success&gt;Playback - {74} [SUCCESS] MouseButtonClick - "[MSAA, VisibleOnly]ControlType='Button' &amp;&amp; Name='Accept'"
\0&lt;/a&gt;
W, 3524, 13, 2012/11/12, 16:34:55.258, 6739531500933, QTAgent32.exe, &lt;a class=success&gt;Playback - {75} [SUCCESS] MouseButtonClick - "[MSAA, VisibleOnly]ControlType='Button' &amp;&amp; Name='Yes'"
\0&lt;/a&gt;
W, 3524, 13, 2012/11/12, 16:34:57.707, 6739566412274, QTAgent32.exe, &lt;a class=success&gt;Playback - {76} [SUCCESS] MouseButtonClick - "[MSAA, VisibleOnly]ControlType='Button' &amp;&amp; Name='Ok'"
\0&lt;/a&gt;
W, 3524, 13, 2012/11/12, 16:35:10.780, 6739753596561, QTAgent32.exe, Playback - [WARNING] Internal warning: Window Not Found: [VisibleOnly]ControlType='Window' &amp;&amp; Name='Save the file as' &amp;&amp; ClassName='#32770'
\0
E, 3524, 13, 2012/11/12, 16:35:10.780, 6739753599414, QTAgent32.exe, &lt;a class=failure&gt;Playback - {77} [FAILED] Function ElementFetcher::FindScreenElement failed to locate UI element (Searching: ;[VisibleOnly]ControlType='Window' &amp;&amp; Name='Save the file as' &amp;&amp; ClassName='#32770') (The object specified was not found.)
\0&lt;/a&gt;
E, 3524, 13, 2012/11/12, 16:35:10.858, 6739754825739, QTAgent32.exe, Playback - [IMAGE] C:\Users\peter.zenin-ad\AppData\Local\Temp\UITestLogs\LastRun\RPF21C2.png
\0
W, 3524, 13, 2012/11/12, 16:35:10.858, 6739754827910, QTAgent32.exe, Playback - [WARNING] Internal warning: Couldn't find descendants that match QueryId
\0
W, 3524, 13, 2012/11/12, 16:35:10.858, 6739754830845, QTAgent32.exe, PERF WARNING: FindTopLevelWindowHelper::FindAllDescendents: took 13050 ms. Expected it to take maximum 500 ms.
W, 3524, 13, 2012/11/12, 16:35:29.110, 6740016048213, QTAgent32.exe, Playback - [WARNING] Internal warning: Window Not Found: [VisibleOnly]ControlType='Window' &amp;&amp; Name='Save the file as' &amp;&amp; ClassName='#32770'
\0
E, 3524, 13, 2012/11/12, 16:35:29.110, 6740016051068, QTAgent32.exe, &lt;a class=failure&gt;Playback - {78} [FAILED] Function ElementFetcher::FindScreenElement failed to locate UI element (Searching: ;[VisibleOnly]ControlType='Window' &amp;&amp; Name='Save the file as' &amp;&amp; ClassName='#32770') (The object specified was not found.)
\0&lt;/a&gt;
E, 3524, 13, 2012/11/12, 16:35:29.188, 6740017285197, QTAgent32.exe, Playback - [IMAGE] C:\Users\peter.zenin-ad\AppData\Local\Temp\UITestLogs\LastRun\RPF695D.png
\0
W, 3524, 13, 2012/11/12, 16:35:29.188, 6740017287416, QTAgent32.exe, Playback - [WARNING] Internal warning: Couldn't find descendants that match QueryId
\0
W, 3524, 13, 2012/11/12, 16:35:29.188, 6740017290415, QTAgent32.exe, PERF WARNING: FindTopLevelWindowHelper::FindAllDescendents: took 18330 ms. Expected it to take maximum 500 ms.
W, 3524, 13, 2012/11/12, 16:35:32.464, 6740064072653, QTAgent32.exe, Playback - [WARNING] Internal warning: Smart Match failed
\0
W, 3524, 13, 2012/11/12, 16:35:33.992, 6740085960466, QTAgent32.exe, Playback - [WARNING] Internal warning: Window Not Found: [VisibleOnly]ControlType='Window' &amp;&amp; Name='Save the file as' &amp;&amp; ClassName='#32770'
\0
E, 3524, 13, 2012/11/12, 16:35:33.992, 6740085963291, QTAgent32.exe, &lt;a class=failure&gt;Playback - {79} [FAILED] Function ElementFetcher::FindScreenElement failed to locate UI element (Searching: ;[VisibleOnly]ControlType='Window' &amp;&amp; Name='Save the file as' &amp;&amp; ClassName='#32770') (The object specified was not found.)
\0&lt;/a&gt;
E, 3524, 13, 2012/11/12, 16:35:34.070, 6740087183792, QTAgent32.exe, Playback - [IMAGE] C:\Users\peter.zenin-ad\AppData\Local\Temp\UITestLogs\LastRun\RPF7C71.png
\0
W, 3524, 13, 2012/11/12, 16:35:34.070, 6740087185949, QTAgent32.exe, Playback - [WARNING] Internal warning: Couldn't find descendants that match QueryId
\0
W, 3524, 13, 2012/11/12, 16:35:34.070, 6740087188925, QTAgent32.exe, PERF WARNING: FindTopLevelWindowHelper::FindAllDescendents: took 4881 ms. Expected it to take maximum 500 ms.
E, 3524, 13, 2012/11/12, 16:35:34.070, 6740087190717, QTAgent32.exe, Exception: System.Runtime.InteropServices.COMException
	Message: Error HRESULT E_FAIL has been returned from a call to a COM component.
	Stack Trace:    at Microsoft.VisualStudio.TestTools.UITest.Playback.Engine.IRPFPlayback.FindAllScreenElements(IScreenElement pScreenElementStart, String bstrQueryId, Object&amp; pvarResKeys, Int32 cResKeys, Int32 nMaxDepth, Object[]&amp; foundDescendants)
   at Microsoft.VisualStudio.TestTools.UITest.Playback.ScreenElement.FindTopLevelWindowHelper(String queryId)
	BaseExceptionMessage: Error HRESULT E_FAIL has been returned from a call to a COM component.

E, 3524, 13, 2012/11/12, 16:35:34.211, 6740089085288, QTAgent32.exe, AL: Playback Error: Microsoft.VisualStudio.TestTools.UITest.Extension.UITestControlNotFoundException: The playback failed to find the control with the given search properties. Additional Details: 
TechnologyName:  'MSAA'
ControlType:  'Window'
Name:  'Save the file as'
ClassName:  '#32770'
 ---&gt; System.Runtime.InteropServices.COMException: Error HRESULT E_FAIL has been returned from a call to a COM component.
   at Microsoft.VisualStudio.TestTools.UITest.Playback.Engine.IRPFPlayback.FindAllScreenElements(IScreenElement pScreenElementStart, String bstrQueryId, Object&amp; pvarResKeys, Int32 cResKeys, Int32 nMaxDepth, Object[]&amp; foundDescendants)
   at Microsoft.VisualStudio.TestTools.UITest.Playback.ScreenElement.FindTopLevelWindowHelper(String queryId)
   at Microsoft.VisualStudio.TestTools.UITest.Playback.ScreenElement.FindFromPartialQueryId(String queryId)
   at Microsoft.VisualStudio.TestTools.UITesting.UITestControl..ctor(String queryId)
   --- End of inner exception stack trace ---
   at Microsoft.VisualStudio.TestTools.UITesting.Playback.MapControlNotFoundException(COMException ex, IPlaybackContext context)
   at Microsoft.VisualStudio.TestTools.UITesting.Playback.MapAndThrowComException(COMException innerException, IPlaybackContext context)
   at Microsoft.VisualStudio.TestTools.UITesting.Playback.MapAndThrowException(SystemException exception, IPlaybackContext context)
   at Microsoft.VisualStudio.TestTools.UITesting.Playback.MapAndThrowException(SystemException exception, String queryId)
   at Microsoft.VisualStudio.TestTools.UITesting.UITestControl..ctor(String queryId)
   at Microsoft.VisualStudio.TestTools.UITesting.SearchHelper.SearchTopLevelWindow(ISearchArgument topLevelSearchArg, String topLevelElementQueryId)
   at Microsoft.VisualStudio.TestTools.UITesting.SearchHelper.GetTitleUpdatedTopLevelWindow(ISearchArgument topLevelSearchArg, String queryId, IList`1 windowTitles)
   at Microsoft.VisualStudio.TestTools.UITesting.SearchHelper.GetTopLevelElement(Boolean useCache, Boolean useCacheOnly, ISearchArgument searchArg, IList`1 windowTitles, Int32&amp; timeLeft)
   at Microsoft.VisualStudio.TestTools.UITesting.SearchHelper.GetElement(Boolean useCache, ISearchArgument searchArg)
   at Microsoft.VisualStudio.TestTools.UITesting.SearchHelper.Search(ISearchArgument searchArg)
   at Microsoft.VisualStudio.TestTools.UITesting.UITestControl.FindInternal()
   at Microsoft.VisualStudio.TestTools.UITesting.UITestControl.FindControlIfNecessary()
   at Microsoft.VisualStudio.TestTools.UITesting.UITestControl.Click(MouseButtons button, ModifierKeys modifierKeys, Point relativeCoordinates)
   at Microsoft.VisualStudio.TestTools.UITesting.Mouse.ClickImplementation(UITestControl control, MouseButtons button, ModifierKeys modifierKeys, Point relativeCoordinate)
   at Microsoft.VisualStudio.TestTools.UITesting.Mouse.ClickImplementationWrapper(UITestControl control, MouseButtons button, ModifierKeys modifierKeys, Point relativeCoordinate)
W, 3524, 13, 2012/11/12, 16:35:34.211, 6740089087300, QTAgent32.exe, PlaybackErrorHandler: Ignoring exception as ContinueOnError is set.
W, 3524, 13, 2012/11/12, 16:35:34.601, 6740094701705, QTAgent32.exe, &lt;a class=success&gt;Playback - {80} [SUCCESS] MouseButtonClick - "[MSAA, VisibleOnly]ControlType='Button' &amp;&amp; Name='Ok'"
\0&lt;/a&gt;
W, 3524, 13, 2012/11/12, 16:35:35.053, 6740101301787, QTAgent32.exe, &lt;a class=success&gt;Playback - {81} [SUCCESS] MouseButtonClick - "[MSAA, VisibleOnly]ControlType='Button' &amp;&amp; Name='Ok'"
\0&lt;/a&gt;
W, 3524, 13, 2012/11/12, 16:35:35.615, 6740109188828, QTAgent32.exe, &lt;a class=success&gt;Playback - {82} [SUCCESS] SetValueAsEditBox "B338TH" - "[MSAA, VisibleOnly]ControlType='Edit'"  &lt; Set via SendKeys &gt;
\0&lt;/a&gt;
W, 3524, 13, 2012/11/12, 16:35:38.080, 6740144473977, QTAgent32.exe, &lt;a class=success&gt;Playback - {83} [SUCCESS] MouseButtonClick - "[MSAA, VisibleOnly]ControlType='Button' &amp;&amp; Name='Lookup...'"
\0&lt;/a&gt;
W, 3524, 13, 2012/11/12, 16:35:38.470, 6740150070693, QTAgent32.exe, &lt;a class=success&gt;Playback - {84} [SUCCESS] MouseButtonClick - "[MSAA, VisibleOnly]ControlType='Button' &amp;&amp; Name='Ok'"
\0&lt;/a&gt;
W, 3524, 13, 2012/11/12, 16:35:38.937, 6740156873124, QTAgent32.exe, &lt;a class=success&gt;Playback - {85} [SUCCESS] MouseButtonClick - "[MSAA, VisibleOnly]ControlType='Button' &amp;&amp; Name='Confirm'"
\0&lt;/a&gt;
W, 3524, 13, 2012/11/12, 16:36:00.231, 6740461660247, QTAgent32.exe, Playback - [WARNING] Internal warning: Window Not Found: [VisibleOnly]ControlType='Window' &amp;&amp; Name='insur-E.tam' &amp;&amp; ClassName='#32770'
\0
E, 3524, 13, 2012/11/12, 16:36:00.231, 6740461663045, QTAgent32.exe, &lt;a class=failure&gt;Playback - {86} [FAILED] Function ElementFetcher::FindScreenElement failed to locate UI element (Searching: ;[VisibleOnly]ControlType='Window' &amp;&amp; Name='insur-E.tam' &amp;&amp; ClassName='#32770') (The object specified was not found.)
\0&lt;/a&gt;
E, 3524, 13, 2012/11/12, 16:36:00.309, 6740462888391, QTAgent32.exe, Playback - [IMAGE] C:\Users\peter.zenin-ad\AppData\Local\Temp\UITestLogs\LastRun\RPFE2F1.png
\0
W, 3524, 13, 2012/11/12, 16:36:00.309, 6740462890632, QTAgent32.exe, Playback - [WARNING] Internal warning: Couldn't find descendants that match QueryId
\0
W, 3524, 13, 2012/11/12, 16:36:00.309, 6740462893639, QTAgent32.exe, PERF WARNING: FindTopLevelWindowHelper::FindAllDescendents: took 21271 ms. Expected it to take maximum 500 ms.
W, 3524, 13, 2012/11/12, 16:36:18.639, 6740725233895, QTAgent32.exe, Playback - [WARNING] Internal warning: Window Not Found: [VisibleOnly]ControlType='Window' &amp;&amp; Name='insur-E.tam' &amp;&amp; ClassName='#32770'
\0
E, 3524, 13, 2012/11/12, 16:36:18.639, 6740725236666, QTAgent32.exe, &lt;a class=failure&gt;Playback - {87} [FAILED] Function ElementFetcher::FindScreenElement failed to locate UI element (Searching: ;[VisibleOnly]ControlType='Window' &amp;&amp; Name='insur-E.tam' &amp;&amp; ClassName='#32770') (The object specified was not found.)
\0&lt;/a&gt;
E, 3524, 13, 2012/11/12, 16:36:18.717, 6740726463780, QTAgent32.exe, Playback - [IMAGE] C:\Users\peter.zenin-ad\AppData\Local\Temp\UITestLogs\LastRun\RPF2ACB.png
\0
W, 3524, 13, 2012/11/12, 16:36:18.717, 6740726465979, QTAgent32.exe, Playback - [WARNING] Internal warning: Couldn't find descendants that match QueryId
\0
W, 3524, 13, 2012/11/12, 16:36:18.717, 6740726468956, QTAgent32.exe, PERF WARNING: FindTopLevelWindowHelper::FindAllDescendents: took 18408 ms. Expected it to take maximum 500 ms.
W, 3524, 13, 2012/11/12, 16:36:21.883, 6740771690006, QTAgent32.exe, Playback - [WARNING] Internal warning: Smart Match failed
\0
W, 3524, 13, 2012/11/12, 16:36:23.428, 6740793801669, QTAgent32.exe, Playback - [WARNING] Internal warning: Window Not Found: [VisibleOnly]ControlType='Window' &amp;&amp; Name='insur-E.tam' &amp;&amp; ClassName='#32770'
\0
E, 3524, 13, 2012/11/12, 16:36:23.428, 6740793804546, QTAgent32.exe, &lt;a class=failure&gt;Playback - {88} [FAILED] Function ElementFetcher::FindScreenElement failed to locate UI element (Searching: ;[VisibleOnly]ControlType='Window' &amp;&amp; Name='insur-E.tam' &amp;&amp; ClassName='#32770') (The object specified was not found.)
\0&lt;/a&gt;
E, 3524, 13, 2012/11/12, 16:36:23.506, 6740795033592, QTAgent32.exe, Playback - [IMAGE] C:\Users\peter.zenin-ad\AppData\Local\Temp\UITestLogs\LastRun\RPF3D81.png
\0
W, 3524, 13, 2012/11/12, 16:36:23.506, 6740795035839, QTAgent32.exe, Playback - [WARNING] Internal warning: Couldn't find descendants that match QueryId
\0
W, 3524, 13, 2012/11/12, 16:36:23.506, 6740795038828, QTAgent32.exe, PERF WARNING: FindTopLevelWindowHelper::FindAllDescendents: took 4788 ms. Expected it to take maximum 500 ms.
E, 3524, 13, 2012/11/12, 16:36:23.506, 6740795040698, QTAgent32.exe, Exception: System.Runtime.InteropServices.COMException
	Message: Error HRESULT E_FAIL has been returned from a call to a COM component.
	Stack Trace:    at Microsoft.VisualStudio.TestTools.UITest.Playback.Engine.IRPFPlayback.FindAllScreenElements(IScreenElement pScreenElementStart, String bstrQueryId, Object&amp; pvarResKeys, Int32 cResKeys, Int32 nMaxDepth, Object[]&amp; foundDescendants)
   at Microsoft.VisualStudio.TestTools.UITest.Playback.ScreenElement.FindTopLevelWindowHelper(String queryId)
	BaseExceptionMessage: Error HRESULT E_FAIL has been returned from a call to a COM component.

E, 3524, 13, 2012/11/12, 16:36:23.506, 6740795045807, QTAgent32.exe, Window 5375164 not responding. Last Win32 error 0
E, 3524, 13, 2012/11/12, 16:36:23.506, 6740795048431, QTAgent32.exe, GetClassName for handle 5375164 failed
E, 3524, 13, 2012/11/12, 16:36:23.506, 6740795054054, QTAgent32.exe, Window 5375164 not responding. Last Win32 error 1400
E, 3524, 13, 2012/11/12, 16:36:23.506, 6740795064482, QTAgent32.exe, Window 5375164 not responding. Last Win32 error 1400
E, 3524, 13, 2012/11/12, 16:36:23.506, 6740795065675, QTAgent32.exe, GetClassName for handle 5375164 failed
E, 3524, 13, 2012/11/12, 16:36:23.506, 6740795066478, QTAgent32.exe, GetClassName for handle 5375164 failed
E, 3524, 13, 2012/11/12, 16:36:23.615, 6740796480132, QTAgent32.exe, AL: Playback Error: Microsoft.VisualStudio.TestTools.UITest.Extension.UITestControlNotFoundException: The playback failed to find the control with the given search properties. Additional Details: 
TechnologyName:  'MSAA'
ControlType:  'Window'
 ---&gt; System.Runtime.InteropServices.COMException: Error HRESULT E_FAIL has been returned from a call to a COM component.
   at Microsoft.VisualStudio.TestTools.UITest.Playback.Engine.IRPFPlayback.FindAllScreenElements(IScreenElement pScreenElementStart, String bstrQueryId, Object&amp; pvarResKeys, Int32 cResKeys, Int32 nMaxDepth, Object[]&amp; foundDescendants)
   at Microsoft.VisualStudio.TestTools.UITest.Playback.ScreenElement.FindTopLevelWindowHelper(String queryId)
   at Microsoft.VisualStudio.TestTools.UITest.Playback.ScreenElement.FindFromPartialQueryId(String queryId)
   at Microsoft.VisualStudio.TestTools.UITesting.UITestControl..ctor(String queryId)
   --- End of inner exception stack trace ---
   at Microsoft.VisualStudio.TestTools.UITesting.Playback.MapControlNotFoundException(COMException ex, IPlaybackContext context)
   at Microsoft.VisualStudio.TestTools.UITesting.Playback.MapAndThrowComException(COMException innerException, IPlaybackContext context)
   at Microsoft.VisualStudio.TestTools.UITesting.Playback.MapAndThrowException(SystemException exception, IPlaybackContext context)
   at Microsoft.VisualStudio.TestTools.UITesting.Playback.MapAndThrowException(SystemException exception, String queryId)
   at Microsoft.VisualStudio.TestTools.UITesting.UITestControl..ctor(String queryId)
   at Microsoft.VisualStudio.TestTools.UITesting.SearchHelper.SearchTopLevelWindow(ISearchArgument topLevelSearchArg, String topLevelElementQueryId)
   at Microsoft.VisualStudio.TestTools.UITesting.SearchHelper.GetTitleUpdatedTopLevelWindow(ISearchArgument topLevelSearchArg, String queryId, IList`1 windowTitles)
   at Microsoft.VisualStudio.TestTools.UITesting.SearchHelper.GetTopLevelElement(Boolean useCache, Boolean useCacheOnly, ISearchArgument searchArg, IList`1 windowTitles, Int32&amp; timeLeft)
   at Microsoft.VisualStudio.TestTools.UITesting.SearchHelper.GetElement(Boolean useCache, ISearchArgument searchArg)
   at Microsoft.VisualStudio.TestTools.UITesting.SearchHelper.Search(ISearchArgument searchArg)
   at Microsoft.VisualStudio.TestTools.UITesting.UITestControl.FindInternal()
   at Microsoft.VisualStudio.TestTools.UITesting.UITestControl.FindControlIfNecessary()
   at Microsoft.VisualStudio.TestTools.UITesting.UITestControl.Click(MouseButtons button, ModifierKeys modifierKeys, Point relativeCoordinates)
   at Microsoft.VisualStudio.TestTools.UITesting.Mouse.ClickImplementation(UITestControl control, MouseButtons button, ModifierKeys modifierKeys, Point relativeCoordinate)
   at Microsoft.VisualStudio.TestTools.UITesting.Mouse.ClickImplementationWrapper(UITestControl control, MouseButtons button, ModifierKeys modifierKeys, Point relativeCoordinate)
W, 3524, 13, 2012/11/12, 16:36:23.615, 6740796482075, QTAgent32.exe, PlaybackErrorHandler: Ignoring exception as ContinueOnError is set.
W, 3524, 13, 2012/11/12, 16:36:23.958, 6740801395118, QTAgent32.exe, &lt;a class=success&gt;Playback - {89} [SUCCESS] Check - "[MSAA, VisibleOnly]ControlType='CheckBox' &amp;&amp; Name='Defer Printing?'"
\0&lt;/a&gt;
W, 3524, 13, 2012/11/12, 16:36:25.393, 6740821985353, QTAgent32.exe, &lt;a class=success&gt;Playback - {90} [SUCCESS] MouseButtonClick - "[MSAA, VisibleOnly]ControlType='Button' &amp;&amp; Name='Ok'"
\0&lt;/a&gt;
W, 3524, 13, 2012/11/12, 16:36:26.470, 6740837386551, QTAgent32.exe, PERF WARNING: FindTopLevelWindowHelper::FindAllDescendents: took 969 ms. Expected it to take maximum 500 ms.
W, 3524, 13, 2012/11/12, 16:36:27.437, 6740851208568, QTAgent32.exe, &lt;a class=success&gt;Playback - {91} [SUCCESS] Uncheck - "[MSAA, VisibleOnly]ControlType='CheckBox' &amp;&amp; Name='Add Activity'"
\0&lt;/a&gt;
W, 3524, 13, 2012/11/12, 16:36:28.311, 6740863858367, QTAgent32.exe, &lt;a class=success&gt;Playback - {92} [SUCCESS] MouseButtonClick - "[MSAA, VisibleOnly]ControlType='Button' &amp;&amp; Name='Ok'"
\0&lt;/a&gt;
W, 3524, 13, 2012/11/12, 16:36:28.747, 6740870096016, QTAgent32.exe, &lt;a class=success&gt;Playback - {93} [SUCCESS] MouseButtonClick - "[MSAA, VisibleOnly]ControlType='Button' &amp;&amp; Name='Ok'"
\0&lt;/a&gt;
W, 3524, 13, 2012/11/12, 16:36:37.655, 6740997499471, QTAgent32.exe, PERF WARNING: FindTopLevelWindowHelper::FindAllDescendents: took 8673 ms. Expected it to take maximum 500 ms.
W, 3524, 13, 2012/11/12, 16:36:39.948, 6741030335424, QTAgent32.exe, &lt;a class=success&gt;Playback - {94} [SUCCESS] MouseButtonClick - "[MSAA, VisibleOnly]ControlType='Button' &amp;&amp; Name='OK'"
\0&lt;/a&gt;
W, 3524, 13, 2012/11/12, 16:36:41.321, 6741050005948, QTAgent32.exe, Playback - [WARNING] Internal warning: Window Not Found: [VisibleOnly]ControlType='Window' &amp;&amp; Name='Tamxml7' &amp;&amp; ClassName='TMessageForm'
\0
E, 3524, 13, 2012/11/12, 16:36:41.321, 6741050008818, QTAgent32.exe, &lt;a class=failure&gt;Playback - {95} [FAILED] Function ElementFetcher::FindScreenElement failed to locate UI element (Searching: ;[VisibleOnly]ControlType='Window' &amp;&amp; Name='Tamxml7' &amp;&amp; ClassName='TMessageForm') (The object specified was not found.)
\0&lt;/a&gt;
E, 3524, 13, 2012/11/12, 16:36:41.399, 6741051248125, QTAgent32.exe, Playback - [IMAGE] C:\Users\peter.zenin-ad\AppData\Local\Temp\UITestLogs\LastRun\RPF8367.png
\0
W, 3524, 13, 2012/11/12, 16:36:41.399, 6741051250380, QTAgent32.exe, Playback - [WARNING] Internal warning: Couldn't find descendants that match QueryId
\0
W, 3524, 13, 2012/11/12, 16:36:41.399, 6741051253469, QTAgent32.exe, PERF WARNING: FindTopLevelWindowHelper::FindAllDescendents: took 1351 ms. Expected it to take maximum 500 ms.
W, 3524, 13, 2012/11/12, 16:36:59.432, 6741309338755, QTAgent32.exe, Playback - [WARNING] Internal warning: Window Not Found: [VisibleOnly]ControlType='Window' &amp;&amp; Name='Tamxml7' &amp;&amp; ClassName='TMessageForm'
\0
E, 3524, 13, 2012/11/12, 16:36:59.432, 6741309341562, QTAgent32.exe, &lt;a class=failure&gt;Playback - {96} [FAILED] Function ElementFetcher::FindScreenElement failed to locate UI element (Searching: ;[VisibleOnly]ControlType='Window' &amp;&amp; Name='Tamxml7' &amp;&amp; ClassName='TMessageForm') (The object specified was not found.)
\0&lt;/a&gt;
E, 3524, 13, 2012/11/12, 16:36:59.510, 6741310575922, QTAgent32.exe, Playback - [IMAGE] C:\Users\peter.zenin-ad\AppData\Local\Temp\UITestLogs\LastRun\RPFCA28.png
\0
W, 3524, 13, 2012/11/12, 16:36:59.510, 6741310578150, QTAgent32.exe, Playback - [WARNING] Internal warning: Couldn't find descendants that match QueryId
\0
W, 3524, 13, 2012/11/12, 16:36:59.510, 6741310581131, QTAgent32.exe, PERF WARNING: FindTopLevelWindowHelper::FindAllDescendents: took 18111 ms. Expected it to take maximum 500 ms.
W, 3524, 13, 2012/11/12, 16:37:00.025, 6741317926912, QTAgent32.exe, Playback - [WARNING] Internal warning: Smart Match failed
\0
W, 3524, 13, 2012/11/12, 16:37:00.212, 6741320595033, QTAgent32.exe, Playback - [WARNING] Internal warning: Smart Match failed
\0
W, 3524, 13, 2012/11/12, 16:37:00.399, 6741323362903, QTAgent32.exe, Playback - [WARNING] Internal warning: Smart Match failed
\0
W, 3524, 13, 2012/11/12, 16:37:00.587, 6741325983282, QTAgent32.exe, Playback - [WARNING] Internal warning: Smart Match failed
\0
W, 3524, 13, 2012/11/12, 16:37:00.774, 6741328635068, QTAgent32.exe, Playback - [WARNING] Internal warning: Smart Match failed
\0
W, 3524, 13, 2012/11/12, 16:37:00.961, 6741331314918, QTAgent32.exe, Playback - [WARNING] Internal warning: Smart Match failed
\0
W, 3524, 13, 2012/11/12, 16:37:01.148, 6741334017013, QTAgent32.exe, Playback - [WARNING] Internal warning: Smart Match failed
\0
W, 3524, 13, 2012/11/12, 16:37:01.336, 6741336674739, QTAgent32.exe, Playback - [WARNING] Internal warning: Smart Match failed
\0
W, 3524, 13, 2012/11/12, 16:37:01.523, 6741339354636, QTAgent32.exe, Playback - [WARNING] Internal warning: Smart Match failed
\0
W, 3524, 13, 2012/11/12, 16:37:01.710, 6741342034750, QTAgent32.exe, Playback - [WARNING] Internal warning: Smart Match failed
\0
W, 3524, 13, 2012/11/12, 16:37:01.897, 6741344717887, QTAgent32.exe, Playback - [WARNING] Internal warning: Smart Match failed
\0
W, 3524, 13, 2012/11/12, 16:37:02.084, 6741347398370, QTAgent32.exe, Playback - [WARNING] Internal warning: Smart Match failed
\0
W, 3524, 13, 2012/11/12, 16:37:02.272, 6741350088053, QTAgent32.exe, Playback - [WARNING] Internal warning: Smart Match failed
\0
W, 3524, 13, 2012/11/12, 16:37:02.459, 6741352766702, QTAgent32.exe, Playback - [WARNING] Internal warning: Smart Match failed
\0
W, 3524, 13, 2012/11/12, 16:37:02.537, 6741353897090, QTAgent32.exe, Playback - [WARNING] Internal warning: Window Not Found: [VisibleOnly]ControlType='Window' &amp;&amp; Name='Tamxml7' &amp;&amp; ClassName='TMessageForm'
\0
E, 3524, 13, 2012/11/12, 16:37:02.537, 6741353899680, QTAgent32.exe, &lt;a class=failure&gt;Playback - {97} [FAILED] Function ElementFetcher::FindScreenElement failed to locate UI element (Searching: ;[VisibleOnly]ControlType='Window' &amp;&amp; Name='Tamxml7' &amp;&amp; ClassName='TMessageForm') (The object specified was not found.)
\0&lt;/a&gt;
E, 3524, 13, 2012/11/12, 16:37:02.630, 6741355145929, QTAgent32.exe, Playback - [IMAGE] C:\Users\peter.zenin-ad\AppData\Local\Temp\UITestLogs\LastRun\RPFD649.png
\0
W, 3524, 13, 2012/11/12, 16:37:02.630, 6741355148082, QTAgent32.exe, Playback - [WARNING] Internal warning: Couldn't find descendants that match QueryId
\0
W, 3524, 13, 2012/11/12, 16:37:02.630, 6741355150992, QTAgent32.exe, PERF WARNING: FindTopLevelWindowHelper::FindAllDescendents: took 3112 ms. Expected it to take maximum 500 ms.
E, 3524, 13, 2012/11/12, 16:37:02.630, 6741355152774, QTAgent32.exe, Exception: System.Runtime.InteropServices.COMException
	Message: Error HRESULT E_FAIL has been returned from a call to a COM component.
	Stack Trace:    at Microsoft.VisualStudio.TestTools.UITest.Playback.Engine.IRPFPlayback.FindAllScreenElements(IScreenElement pScreenElementStart, String bstrQueryId, Object&amp; pvarResKeys, Int32 cResKeys, Int32 nMaxDepth, Object[]&amp; foundDescendants)
   at Microsoft.VisualStudio.TestTools.UITest.Playback.ScreenElement.FindTopLevelWindowHelper(String queryId)
	BaseExceptionMessage: Error HRESULT E_FAIL has been returned from a call to a COM component.

E, 3524, 13, 2012/11/12, 16:37:02.630, 6741355156621, QTAgent32.exe, GetClassName for handle 4524474 failed
E, 3524, 13, 2012/11/12, 16:37:02.630, 6741355165977, QTAgent32.exe, Window 4524474 not responding. Last Win32 error 1400
E, 3524, 13, 2012/11/12, 16:37:02.630, 6741355167598, QTAgent32.exe, GetClassName for handle 4524474 failed
E, 3524, 13, 2012/11/12, 16:37:02.630, 6741355168452, QTAgent32.exe, GetClassName for handle 4524474 failed
E, 3524, 13, 2012/11/12, 16:37:02.630, 6741355173962, QTAgent32.exe, GetClassName for handle 3605406 failed
E, 3524, 13, 2012/11/12, 16:37:02.630, 6741355180883, QTAgent32.exe, Exception: System.Runtime.InteropServices.COMException
	Message: Error HRESULT E_FAIL has been returned from a call to a COM component.
	Stack Trace:    at Accessibility.IAccessible.get_accState(Object varChild)
   at Microsoft.VisualStudio.TestTools.UITest.Extension.Msaa.AccWrapper.get_State()
	BaseExceptionMessage: Error HRESULT E_FAIL has been returned from a call to a COM component.

E, 3524, 13, 2012/11/12, 16:37:02.630, 6741355185213, QTAgent32.exe, Exception: System.Runtime.InteropServices.COMException
	Message: Error HRESULT E_FAIL has been returned from a call to a COM component.
	Stack Trace:    at Accessibility.IAccessible.get_accState(Object varChild)
   at Microsoft.VisualStudio.TestTools.UITest.Extension.Msaa.AccWrapper.get_State()
	BaseExceptionMessage: Error HRESULT E_FAIL has been returned from a call to a COM component.

E, 3524, 13, 2012/11/12, 16:37:02.630, 6741355189458, QTAgent32.exe, Exception: System.Runtime.InteropServices.COMException
	Message: Error HRESULT E_FAIL has been returned from a call to a COM component.
	Stack Trace:    at Accessibility.IAccessible.get_accState(Object varChild)
   at Microsoft.VisualStudio.TestTools.UITest.Extension.Msaa.AccWrapper.get_State()
	BaseExceptionMessage: Error HRESULT E_FAIL has been returned from a call to a COM component.

E, 3524, 13, 2012/11/12, 16:37:02.630, 6741355193690, QTAgent32.exe, Exception: System.Runtime.InteropServices.COMException
	Message: Error HRESULT E_FAIL has been returned from a call to a COM component.
	Stack Trace:    at Accessibility.IAccessible.get_accState(Object varChild)
   at Microsoft.VisualStudio.TestTools.UITest.Extension.Msaa.AccWrapper.get_State()
	BaseExceptionMessage: Error HRESULT E_FAIL has been returned from a call to a COM component.

E, 3524, 13, 2012/11/12, 16:37:02.630, 6741355197965, QTAgent32.exe, Exception: System.Runtime.InteropServices.COMException
	Message: Error HRESULT E_FAIL has been returned from a call to a COM component.
	Stack Trace:    at Accessibility.IAccessible.get_accState(Object varChild)
   at Microsoft.VisualStudio.TestTools.UITest.Extension.Msaa.AccWrapper.get_State()
	BaseExceptionMessage: Error HRESULT E_FAIL has been returned from a call to a COM component.

E, 3524, 13, 2012/11/12, 16:37:02.630, 6741355202245, QTAgent32.exe, Exception: System.Runtime.InteropServices.COMException
	Message: Error HRESULT E_FAIL has been returned from a call to a COM component.
	Stack Trace:    at Accessibility.IAccessible.get_accState(Object varChild)
   at Microsoft.VisualStudio.TestTools.UITest.Extension.Msaa.AccWrapper.get_State()
	BaseExceptionMessage: Error HRESULT E_FAIL has been returned from a call to a COM component.

E, 3524, 13, 2012/11/12, 16:37:02.630, 6741355206510, QTAgent32.exe, Exception: System.Runtime.InteropServices.COMException
	Message: Error HRESULT E_FAIL has been returned from a call to a COM component.
	Stack Trace:    at Accessibility.IAccessible.get_accState(Object varChild)
   at Microsoft.VisualStudio.TestTools.UITest.Extension.Msaa.AccWrapper.get_State()
	BaseExceptionMessage: Error HRESULT E_FAIL has been returned from a call to a COM component.

W, 3524, 13, 2012/11/12, 16:37:02.833, 6741358055726, QTAgent32.exe, PERF WARNING: MSAA.UpdateQueryIDForNamelessControls: took 201 ms. Expected it to take maximum 200 ms.
W, 3524, 13, 2012/11/12, 16:37:02.833, 6741358059590, QTAgent32.exe, Msaa.Navigate: Exception [Error HRESULT E_FAIL has been returned from a call to a COM component.] while calling accNavigate.
E, 3524, 13, 2012/11/12, 16:37:02.833, 6741358061044, QTAgent32.exe, GetClassName for handle 3605406 failed
E, 3524, 13, 2012/11/12, 16:37:02.833, 6741358069757, QTAgent32.exe, GetClassName for handle 3605406 failed
E, 3524, 13, 2012/11/12, 16:37:02.833, 6741358071937, QTAgent32.exe, Window 3605406 not responding. Last Win32 error 1400
E, 3524, 13, 2012/11/12, 16:37:02.833, 6741358072923, QTAgent32.exe, GetClassName for handle 4524474 failed
E, 3524, 13, 2012/11/12, 16:37:02.833, 6741358073745, QTAgent32.exe, GetClassName for handle 3605406 failed
E, 3524, 13, 2012/11/12, 16:37:02.833, 6741358074459, QTAgent32.exe, GetClassName for handle 3605406 failed
E, 3524, 13, 2012/11/12, 16:37:02.942, 6741359577067, QTAgent32.exe, AL: Playback Error: Microsoft.VisualStudio.TestTools.UITest.Extension.UITestControlNotAvailableException: The control is not available or not valid. Additional Details: 
TechnologyName:  'MSAA'
ControlType:  'Button'
 ---&gt; Microsoft.VisualStudio.TestTools.UITest.Extension.UITestControlNotAvailableException: The control is not available or not valid. Additional Details: 
TechnologyName:  'MSAA'
ControlType:  'Window'
 ---&gt; System.Runtime.InteropServices.COMException: Error HRESULT E_FAIL has been returned from a call to a COM component.
   at Microsoft.VisualStudio.TestTools.UITest.Playback.Engine.IRPFPlayback.FindAllScreenElements(IScreenElement pScreenElementStart, String bstrQueryId, Object&amp; pvarResKeys, Int32 cResKeys, Int32 nMaxDepth, Object[]&amp; foundDescendants)
   at Microsoft.VisualStudio.TestTools.UITest.Playback.ScreenElement.FindTopLevelWindowHelper(String queryId)
   at Microsoft.VisualStudio.TestTools.UITest.Playback.ScreenElement.FindFromPartialQueryId(String queryId)
   at Microsoft.VisualStudio.TestTools.UITesting.UITestControl.EnsureValid(Boolean waitForReady, Boolean refetch)
   --- End of inner exception stack trace ---
   at Microsoft.VisualStudio.TestTools.UITesting.UITestControl.EnsureValid(Boolean waitForReady, Boolean refetch)
   at Microsoft.VisualStudio.TestTools.UITesting.UITestControl.FindFirstDescendant(String queryId, Int32 maxDepth, Int32&amp; timeLeft)
   at Microsoft.VisualStudio.TestTools.UITesting.UITestControl.FindFirstDescendant(String queryId)
   at Microsoft.VisualStudio.TestTools.UITesting.UITestControl.EnsureValid(Boolean waitForReady, Boolean refetch)
   --- End of inner exception stack trace ---
   at Microsoft.VisualStudio.TestTools.UITesting.UITestControl.EnsureValid(Boolean waitForReady, Boolean refetch)
   at Microsoft.VisualStudio.TestTools.UITesting.UITestControl.Click(MouseButtons button, ModifierKeys modifierKeys, Point relativeCoordinates)
   at Microsoft.VisualStudio.TestTools.UITesting.Mouse.ClickImplementation(UITestControl control, MouseButtons button, ModifierKeys modifierKeys, Point relativeCoordinate)
   at Microsoft.VisualStudio.TestTools.UITesting.Mouse.ClickImplementationWrapper(UITestControl control, MouseButtons button, ModifierKeys modifierKeys, Point relativeCoordinate)
W, 3524, 13, 2012/11/12, 16:37:02.942, 6741359578668, QTAgent32.exe, PlaybackErrorHandler: Ignoring exception as ContinueOnError is set.
W, 3524, 13, 2012/11/12, 16:37:03.286, 6741364563096, QTAgent32.exe, &lt;a class=success&gt;Playback - {98} [SUCCESS] MouseButtonClick - "[MSAA, VisibleOnly]ControlType='Button' &amp;&amp; Name='Cancel'"
\0&lt;/a&gt;
W, 3524, 13, 2012/11/12, 16:37:03.816, 6741372152645, QTAgent32.exe, &lt;a class=success&gt;Playback - {99} [SUCCESS] MouseButtonClick - "[MSAA, VisibleOnly]ControlType='Button'"
\0&lt;/a&gt;
W, 3524, 13, 2012/11/12, 16:37:04.378, 6741380237848, QTAgent32.exe, &lt;a class=success&gt;Playback - {100} [SUCCESS] MouseButtonClick - "[MSAA, VisibleOnly]ControlType='Button' &amp;&amp; Name='Detail'"
\0&lt;/a&gt;
W, 3524, 13, 2012/11/12, 16:37:04.814, 6741386381290, QTAgent32.exe, &lt;a class=success&gt;Playback - {101} [SUCCESS] MouseButtonClick - "[MSAA, VisibleOnly]ControlType='Edit'"
\0&lt;/a&gt;
E, 3524, 13, 2012/11/12, 16:37:04.970, 6741388819529, QTAgent32.exe, IEDOM : Could not get valid window handle of Internet Explorer_server
W, 3524, 13, 2012/11/12, 16:37:04.970, 6741388820820, QTAgent32.exe, IEDOM : Unable to get the document Window Handle
E, 3524, 13, 2012/11/12, 16:37:06.983, 6741417535309, QTAgent32.exe, IEDOM : Could not get valid window handle of Internet Explorer_server
W, 3524, 13, 2012/11/12, 16:37:06.983, 6741417536891, QTAgent32.exe, IEDOM : Unable to get the document Window Handle
W, 3524, 13, 2012/11/12, 16:37:07.404, 6741423459739, QTAgent32.exe, &lt;a class=success&gt;Playback - {102} [SUCCESS] MouseButtonClick - "[MSAA, VisibleOnly]ControlType='Edit' &amp;&amp; Name='User name'"
\0&lt;/a&gt;
W, 3524, 13, 2012/11/12, 16:37:07.903, 6741430609124, QTAgent32.exe, &lt;a class=success&gt;Playback - {103} [SUCCESS] SendKeys "Bus sys" - "[MSAA, VisibleOnly,Window]ControlType='Window' &amp;&amp; AccessibleName='User name' &amp;&amp; ClassName='Edit'"
\0&lt;/a&gt;
W, 3524, 13, 2012/11/12, 16:37:08.309, 6741436415725, QTAgent32.exe, &lt;a class=success&gt;Playback - {104} [SUCCESS] MouseButtonClick - "[MSAA, VisibleOnly]ControlType='Edit' &amp;&amp; Name='Password'"
\0&lt;/a&gt;
W, 3524, 13, 2012/11/12, 16:37:08.559, 6741440114692, QTAgent32.exe, Playback - [WARNING] Internal warning: Element that has the focus is different from the target element. Expected Element: Name = "Password", ControlTypeName = "Edit", Element In Focus: Name = "Password", ControlTypeName = "Window"&gt;. 
\0
W, 3524, 13, 2012/11/12, 16:37:08.871, 6741444455661, QTAgent32.exe, &lt;a class=success&gt;Playback - {105} [SUCCESS] SendKeys "[*]" - "[MSAA, VisibleOnly]ControlType='Edit' &amp;&amp; Name='Password'"
\0&lt;/a&gt;
W, 3524, 13, 2012/11/12, 16:37:09.370, 6741451699568, QTAgent32.exe, &lt;a class=success&gt;Playback - {106} [SUCCESS] MouseButtonClick - "[MSAA, VisibleOnly]ControlType='Button' &amp;&amp; Name='OK'"
\0&lt;/a&gt;
W, 3524, 13, 2012/11/12, 16:37:10.680, 6741470460836, QTAgent32.exe, &lt;a class=success&gt;Playback - {107} [SUCCESS] MouseButtonClick - "[Web]ControlType='Hyperlink' &amp;&amp; TagName='A' &amp;&amp; Id='' &amp;&amp; Name='' &amp;&amp; Target='' &amp;&amp; InnerText='Renewals Maintenance' &amp;&amp; FilterCondition(AbsolutePath='/sysmaint/content/leftbar.asp', Title='', Href='https://www.insur-econnect.com/sysmaint/content/leftbar.asp#', Class='', ControlDefinition='style="COLOR: white" href="#"', TagInstance='39')"
\0&lt;/a&gt;
W, 3524, 13, 2012/11/12, 16:37:10.992, 6741474910568, QTAgent32.exe, &lt;a class=success&gt;Playback - {108} [SUCCESS] MouseButtonClick - "[Web]ControlType='Hyperlink' &amp;&amp; TagName='A' &amp;&amp; Id='' &amp;&amp; Name='' &amp;&amp; Target='content' &amp;&amp; InnerText='Create a Household Test Renewal Invitation' &amp;&amp; FilterCondition(AbsolutePath='/sysmaint/content/AddHouseholdTestRenewalNotice.asp', Title='', Href='https://www.insur-econnect.com/sysmaint/content/AddHouseholdTestRenewalNotice.asp', Class='itemlink', ControlDefinition='class=itemlink href="AddHouseholdTestRen', TagInstance='2')"
\0&lt;/a&gt;
E, 3524, 13, 2012/11/12, 16:37:12.396, 6741494956221, QTAgent32.exe, Exception: System.NotSupportedException
	Message: Internal Error: This method on IEWebControlElement should not get called.
	Stack Trace:    at Microsoft.VisualStudio.TestTools.UITest.Extension.IE.BrowserOptionElementNode.InvokeProgrammaticAction(ProgrammaticActionOption programmaticActionOption)
	BaseExceptionMessage: Internal Error: This method on IEWebControlElement should not get called.

W, 3524, 13, 2012/11/12, 16:37:12.599, 6741497940263, QTAgent32.exe, &lt;a class=success&gt;Playback - {109} [SUCCESS] SetValueAsComboBox "Covea Insurance plc (formerly MMA)" - "[Web]ControlType='ComboBox' &amp;&amp; TagName='SELECT' &amp;&amp; Id='InsurerID' &amp;&amp; Name='InsurerID' &amp;&amp; FilterCondition(Size='0', LabeledBy='', Title='', ItemCount='54', Class='', ControlDefinition='id=InsurerID onchange=selectInsurer() na', TagInstance='1')"  &lt; SetValueAsComboBox, set by clicking on the item in the list box &gt;
\0&lt;/a&gt;
W, 3524, 13, 2012/11/12, 16:37:13.364, 6741508843945, QTAgent32.exe, &lt;a class=success&gt;Playback - {110} [SUCCESS] SetValueAsEditBox "81588888001152" - "[Web]ControlType='Edit' &amp;&amp; TagName='INPUT' &amp;&amp; Id='' &amp;&amp; Name='txtPolicyNumber' &amp;&amp; LabeledBy='' &amp;&amp; Type='SINGLELINE' &amp;&amp; FilterCondition(Title='', Class='', ControlDefinition='onchange=enableButtons() name=txtPolicyN', TagInstance='1')"  &lt; Set via SendKeys &gt;
\0&lt;/a&gt;
W, 3524, 13, 2012/11/12, 16:37:13.566, 6741511716862, QTAgent32.exe, &lt;a class=success&gt;Playback - {111} [SUCCESS] SendKeys "^{HOME}" - "[Web]ControlType='Edit' &amp;&amp; TagName='INPUT' &amp;&amp; Id='' &amp;&amp; Name='txtRenewalDate' &amp;&amp; LabeledBy='' &amp;&amp; Type='SINGLELINE' &amp;&amp; FilterCondition(Title='', Class='', ControlDefinition='onchange=enableButtons() name=txtRenewal', TagInstance='2')"
\0&lt;/a&gt;
E, 3524, 13, 2012/11/12, 16:37:13.566, 6741511719515, QTAgent32.exe, Msaa.GetFocusedElement: could not find accessible object of foreground window
W, 3524, 13, 2012/11/12, 16:37:13.660, 6741513053948, QTAgent32.exe, &lt;a class=success&gt;Playback - {112} [SUCCESS] SendKeys "^+{END}" - "[Web]ControlType='Edit' &amp;&amp; TagName='INPUT' &amp;&amp; Id='' &amp;&amp; Name='txtRenewalDate' &amp;&amp; LabeledBy='' &amp;&amp; Type='SINGLELINE' &amp;&amp; FilterCondition(Title='', Class='', ControlDefinition='onchange=enableButtons() name=txtRenewal', TagInstance='2')"
\0&lt;/a&gt;
E, 3524, 13, 2012/11/12, 16:37:13.660, 6741513056678, QTAgent32.exe, Msaa.GetFocusedElement: could not find accessible object of foreground window
W, 3524, 13, 2012/11/12, 16:37:13.676, 6741513462297, QTAgent32.exe, &lt;a class=success&gt;Playback - {113} [SUCCESS] SendKeys "{DELETE}" - "[Web]ControlType='Edit' &amp;&amp; TagName='INPUT' &amp;&amp; Id='' &amp;&amp; Name='txtRenewalDate' &amp;&amp; LabeledBy='' &amp;&amp; Type='SINGLELINE' &amp;&amp; FilterCondition(Title='', Class='', ControlDefinition='onchange=enableButtons() name=txtRenewal', TagInstance='2')"
\0&lt;/a&gt;
W, 3524, 13, 2012/11/12, 16:37:14.019, 6741518192755, QTAgent32.exe, &lt;a class=success&gt;Playback - {114} [SUCCESS] SetValueAsEditBox "19/11/2012" - "[Web]ControlType='Edit' &amp;&amp; TagName='INPUT' &amp;&amp; Id='' &amp;&amp; Name='txtRenewalDate' &amp;&amp; LabeledBy='' &amp;&amp; Type='SINGLELINE' &amp;&amp; FilterCondition(Title='', Class='', ControlDefinition='onchange=enableButtons() name=txtRenewal', TagInstance='2')"  &lt; Set via SendKeys &gt;
\0&lt;/a&gt;
W, 3524, 13, 2012/11/12, 16:37:14.222, 6741521090254, QTAgent32.exe, &lt;a class=success&gt;Playback - {115} [SUCCESS] SendKeys "^{HOME}" - "[Web]ControlType='Edit' &amp;&amp; TagName='INPUT' &amp;&amp; Id='' &amp;&amp; Name='txtAutoLapseDate' &amp;&amp; LabeledBy='' &amp;&amp; Type='SINGLELINE' &amp;&amp; FilterCondition(Title='', Class='', ControlDefinition='onchange=enableButtons() name=txtAutoLap', TagInstance='4')"
\0&lt;/a&gt;
E, 3524, 13, 2012/11/12, 16:37:14.222, 6741521092570, QTAgent32.exe, Msaa.GetFocusedElement: could not find accessible object of foreground window
W, 3524, 13, 2012/11/12, 16:37:14.300, 6741522210333, QTAgent32.exe, &lt;a class=success&gt;Playback - {116} [SUCCESS] SendKeys "^+{END}" - "[Web]ControlType='Edit' &amp;&amp; TagName='INPUT' &amp;&amp; Id='' &amp;&amp; Name='txtAutoLapseDate' &amp;&amp; LabeledBy='' &amp;&amp; Type='SINGLELINE' &amp;&amp; FilterCondition(Title='', Class='', ControlDefinition='onchange=enableButtons() name=txtAutoLap', TagInstance='4')"
\0&lt;/a&gt;
E, 3524, 13, 2012/11/12, 16:37:14.300, 6741522213068, QTAgent32.exe, Msaa.GetFocusedElement: could not find accessible object of foreground window
W, 3524, 13, 2012/11/12, 16:37:14.346, 6741522878121, QTAgent32.exe, &lt;a class=success&gt;Playback - {117} [SUCCESS] SendKeys "{DELETE}" - "[Web]ControlType='Edit' &amp;&amp; TagName='INPUT' &amp;&amp; Id='' &amp;&amp; Name='txtAutoLapseDate' &amp;&amp; LabeledBy='' &amp;&amp; Type='SINGLELINE' &amp;&amp; FilterCondition(Title='', Class='', ControlDefinition='onchange=enableButtons() name=txtAutoLap', TagInstance='4')"
\0&lt;/a&gt;
W, 3524, 13, 2012/11/12, 16:37:14.674, 6741527573850, QTAgent32.exe, &lt;a class=success&gt;Playback - {118} [SUCCESS] SetValueAsEditBox "19/11/2012" - "[Web]ControlType='Edit' &amp;&amp; TagName='INPUT' &amp;&amp; Id='' &amp;&amp; Name='txtAutoLapseDate' &amp;&amp; LabeledBy='' &amp;&amp; Type='SINGLELINE' &amp;&amp; FilterCondition(Title='', Class='', ControlDefinition='onchange=enableButtons() name=txtAutoLap', TagInstance='4')"  &lt; Set via SendKeys &gt;
\0&lt;/a&gt;
W, 3524, 13, 2012/11/12, 16:37:14.955, 6741531573549, QTAgent32.exe, &lt;a class=success&gt;Playback - {119} [SUCCESS] MouseButtonClick - "[Web]ControlType='Edit' &amp;&amp; TagName='TEXTAREA' &amp;&amp; Id='' &amp;&amp; Name='txtClientXml' &amp;&amp; LabeledBy='' &amp;&amp; FilterCondition(Title='', Class='', ControlDefinition='onchange=enableButtons() wrap=off cols=5', TagInstance='1')"
\0&lt;/a&gt;
W, 3524, 13, 2012/11/12, 16:37:15.298, 6741536590281, QTAgent32.exe, &lt;a class=success&gt;Playback - {120} [SUCCESS] MouseButtonClick - "[Web]ControlType='Button' &amp;&amp; TagName='INPUT' &amp;&amp; Id='getXmlButton' &amp;&amp; Name='getXmlButton' &amp;&amp; FilterCondition(DisplayText='Get XML from Server', Type='button', Title='Click to get xml from server', Class='', ControlDefinition='id=getXmlButton title="Click to get xml ', TagInstance='5')"
\0&lt;/a&gt;
W, 3524, 13, 2012/11/12, 16:37:15.906, 6741545240375, QTAgent32.exe, &lt;a class=success&gt;Playback - {121} [SUCCESS] MouseButtonClick - "[Web]ControlType='Button' &amp;&amp; TagName='INPUT' &amp;&amp; Id='buttonCreate' &amp;&amp; Name='buttonCreate' &amp;&amp; FilterCondition(DisplayText='  Create Record  ', Type='button', Title='Click to create the new record', Class='', ControlDefinition='id=buttonCreate title="Click to create t', TagInstance='6')"
\0&lt;/a&gt;
W, 3524, 13, 2012/11/12, 16:37:16.359, 6741551701684, QTAgent32.exe, &lt;a class=success&gt;Playback - {122} [SUCCESS] MouseButtonClick - "[MSAA, VisibleOnly]ControlType='Button' &amp;&amp; Name='OK'"
\0&lt;/a&gt;
W, 3524, 13, 2012/11/12, 16:37:16.858, 6741558897962, QTAgent32.exe, &lt;a class=success&gt;Playback - {123} [SUCCESS] MouseButtonClick - "[MSAA, VisibleOnly]ControlType='Button' &amp;&amp; Name='Close'"
\0&lt;/a&gt;
W, 3524, 13, 2012/11/12, 16:37:17.155, 6741563087142, QTAgent32.exe, &lt;a class=success&gt;Playback - {124} [SUCCESS] SendKeys "^{HOME}" - "[MSAA, VisibleOnly]ControlType='Edit'"
\0&lt;/a&gt;
E, 3524, 13, 2012/11/12, 16:37:17.155, 6741563089811, QTAgent32.exe, Msaa.GetFocusedElement: could not find accessible object of foreground window
W, 3524, 13, 2012/11/12, 16:37:17.233, 6741564177235, QTAgent32.exe, &lt;a class=success&gt;Playback - {125} [SUCCESS] SendKeys "^+{END}" - "[MSAA, VisibleOnly]ControlType='Edit'"
\0&lt;/a&gt;
E, 3524, 13, 2012/11/12, 16:37:17.233, 6741564179477, QTAgent32.exe, Msaa.GetFocusedElement: could not find accessible object of foreground window
W, 3524, 13, 2012/11/12, 16:37:17.264, 6741564624725, QTAgent32.exe, &lt;a class=success&gt;Playback - {126} [SUCCESS] SendKeys "{DELETE}" - "[MSAA, VisibleOnly]ControlType='Edit'"
\0&lt;/a&gt;
W, 3524, 13, 2012/11/12, 16:37:17.607, 6741569541943, QTAgent32.exe, &lt;a class=success&gt;Playback - {127} [SUCCESS] SetValueAsEditBox "19/11/2011" - "[MSAA, VisibleOnly]ControlType='Edit'"  &lt; Set via SendKeys &gt;
\0&lt;/a&gt;
W, 3524, 13, 2012/11/12, 16:37:18.106, 6741576874959, QTAgent32.exe, &lt;a class=success&gt;Playback - {128} [SUCCESS] MouseButtonClick - "[MSAA, VisibleOnly]ControlType='Button' &amp;&amp; Name='OK'"
\0&lt;/a&gt;
W, 3524, 13, 2012/11/12, 16:37:18.824, 6741586972276, QTAgent32.exe, &lt;a class=success&gt;Playback - {129} [SUCCESS] MouseButtonClick - "[MSAA, VisibleOnly]ControlType='Client'"
\0&lt;/a&gt;
W, 3524, 13, 2012/11/12, 16:37:19.729, 6741599919093, QTAgent32.exe, &lt;a class=success&gt;Playback - {130} [SUCCESS] SetValueAsEditBox "AUTO164" - "[MSAA, VisibleOnly]ControlType='Edit'"  &lt; Set via SendKeys &gt;
\0&lt;/a&gt;
W, 3524, 13, 2012/11/12, 16:37:20.150, 6741605951146, QTAgent32.exe, &lt;a class=success&gt;Playback - {131} [SUCCESS] SetValueAsEditBox "-1001" - "[MSAA, VisibleOnly]ControlType='Edit'"  &lt; Set via SendKeys &gt;
\0&lt;/a&gt;
W, 3524, 13, 2012/11/12, 16:37:20.665, 6741613364842, QTAgent32.exe, Playback - [WARNING] Internal warning: Incorrect flag set for InvokeProgrammaticAction\0
W, 3524, 13, 2012/11/12, 16:37:20.992, 6741618027354, QTAgent32.exe, &lt;a class=success&gt;Playback - {132} [SUCCESS] SetValueAsComboBox "Household" - "[MSAA, VisibleOnly]ControlType='ComboBox'"  &lt; SetValueAsComboBox, set by clicking on the item in the list box &gt;
\0&lt;/a&gt;
W, 3524, 13, 2012/11/12, 16:37:21.257, 6741621804944, QTAgent32.exe, &lt;a class=success&gt;Playback - {133} [SUCCESS] SendKeys "^{HOME}" - "[MSAA, VisibleOnly]ControlType='Edit'"
\0&lt;/a&gt;
E, 3524, 13, 2012/11/12, 16:37:21.257, 6741621807381, QTAgent32.exe, Msaa.GetFocusedElement: could not find accessible object of foreground window
W, 3524, 13, 2012/11/12, 16:37:21.335, 6741622921550, QTAgent32.exe, &lt;a class=success&gt;Playback - {134} [SUCCESS] SendKeys "^+{END}" - "[MSAA, VisibleOnly]ControlType='Edit'"
\0&lt;/a&gt;
E, 3524, 13, 2012/11/12, 16:37:21.335, 6741622923852, QTAgent32.exe, Msaa.GetFocusedElement: could not find accessible object of foreground window
W, 3524, 13, 2012/11/12, 16:37:21.351, 6741623146056, QTAgent32.exe, &lt;a class=success&gt;Playback - {135} [SUCCESS] SendKeys "{DELETE}" - "[MSAA, VisibleOnly]ControlType='Edit'"
\0&lt;/a&gt;
W, 3524, 13, 2012/11/12, 16:37:21.679, 6741627843412, QTAgent32.exe, &lt;a class=success&gt;Playback - {136} [SUCCESS] SetValueAsEditBox "19/11/2011" - "[MSAA, VisibleOnly]ControlType='Edit'"  &lt; Set via SendKeys &gt;
\0&lt;/a&gt;
W, 3524, 13, 2012/11/12, 16:37:22.459, 6741639038997, QTAgent32.exe, &lt;a class=success&gt;Playback - {137} [SUCCESS] MouseButtonClick - "[MSAA, VisibleOnly]ControlType='Button' &amp;&amp; Name='Regress'"
\0&lt;/a&gt;
W, 3524, 13, 2012/11/12, 16:37:24.861, 6741673402003, QTAgent32.exe, &lt;a class=success&gt;Playback - {138} [SUCCESS] MouseButtonClick - "[MSAA, VisibleOnly]ControlType='Button' &amp;&amp; Name='Exit'"
\0&lt;/a&gt;
W, 3524, 13, 2012/11/12, 16:37:25.329, 6741680141256, QTAgent32.exe, &lt;a class=success&gt;Playback - {139} [SUCCESS] MouseButtonClick - "[MSAA, VisibleOnly]ControlType='Button'"
\0&lt;/a&gt;
W, 3524, 13, 2012/11/12, 16:37:25.766, 6741686421895, QTAgent32.exe, &lt;a class=success&gt;Playback - {140} [SUCCESS] MouseButtonClick - "[MSAA, VisibleOnly]ControlType='Button' &amp;&amp; Name='Options'"
\0&lt;/a&gt;
W, 3524, 13, 2012/11/12, 16:37:25.875, 6741687924769, QTAgent32.exe, FindScreenElementInSinglePass : Attempting to find control in one pass of search. Failures can occur.
W, 3524, 13, 2012/11/12, 16:37:26.031, 6741690152444, QTAgent32.exe, &lt;a class=success&gt;Playback - {141} [SUCCESS] MouseButtonClick - "[MSAA]ControlType='MenuItem' &amp;&amp; Name='Links'"
\0&lt;/a&gt;
W, 3524, 13, 2012/11/12, 16:37:26.140, 6741691724973, QTAgent32.exe, FindScreenElementInSinglePass : Attempting to find control in one pass of search. Failures can occur.
W, 3524, 13, 2012/11/12, 16:37:26.328, 6741694400187, QTAgent32.exe, &lt;a class=success&gt;Playback - {142} [SUCCESS] MouseButtonClick - "[MSAA]ControlType='MenuItem' &amp;&amp; Name='3rd Party Integration'"
\0&lt;/a&gt;
W, 3524, 13, 2012/11/12, 16:37:26.437, 6741695966017, QTAgent32.exe, FindScreenElementInSinglePass : Attempting to find control in one pass of search. Failures can occur.
W, 3524, 13, 2012/11/12, 16:37:26.624, 6741698673653, QTAgent32.exe, &lt;a class=success&gt;Playback - {143} [SUCCESS] MouseButtonClick - "[MSAA]ControlType='MenuItem' &amp;&amp; Name='Renewals Loader'"
\0&lt;/a&gt;
W, 3524, 13, 2012/11/12, 16:37:27.295, 6741708248354, QTAgent32.exe, &lt;a class=success&gt;Playback - {144} [SUCCESS] MouseButtonClick - "[MSAA, VisibleOnly]ControlType='TitleBar'"
\0&lt;/a&gt;
W, 3524, 13, 2012/11/12, 16:37:27.498, 6741711150265, QTAgent32.exe, &lt;a class=success&gt;Playback - {145} [SUCCESS] SendKeys "^{HOME}" - "[MSAA, VisibleOnly]ControlType='Edit'"
\0&lt;/a&gt;
E, 3524, 13, 2012/11/12, 16:37:27.498, 6741711152915, QTAgent32.exe, Msaa.GetFocusedElement: could not find accessible object of foreground window
W, 3524, 13, 2012/11/12, 16:37:27.576, 6741712266937, QTAgent32.exe, &lt;a class=success&gt;Playback - {146} [SUCCESS] SendKeys "^+{END}" - "[MSAA, VisibleOnly]ControlType='Edit'"
\0&lt;/a&gt;
E, 3524, 13, 2012/11/12, 16:37:27.576, 6741712269579, QTAgent32.exe, Msaa.GetFocusedElement: could not find accessible object of foreground window
W, 3524, 13, 2012/11/12, 16:37:27.591, 6741712492756, QTAgent32.exe, &lt;a class=success&gt;Playback - {147} [SUCCESS] SendKeys "{DELETE}" - "[MSAA, VisibleOnly]ControlType='Edit'"
\0&lt;/a&gt;
W, 3524, 13, 2012/11/12, 16:37:27.935, 6741717410648, QTAgent32.exe, &lt;a class=success&gt;Playback - {148} [SUCCESS] SetValueAsEditBox "11/11/2012" - "[MSAA, VisibleOnly]ControlType='Edit'"  &lt; Set via SendKeys &gt;
\0&lt;/a&gt;
W, 3524, 13, 2012/11/12, 16:37:28.512, 6741725686035, QTAgent32.exe, &lt;a class=success&gt;Playback - {149} [SUCCESS] MouseButtonClick - "[MSAA, VisibleOnly]ControlType='Button' &amp;&amp; Name='Run'"
\0&lt;/a&gt;
W, 3524, 13, 2012/11/12, 16:37:29.432, 6741738853136, QTAgent32.exe, PERF WARNING: FindTopLevelWindowHelper::FindAllDescendents: took 811 ms. Expected it to take maximum 500 ms.
W, 3524, 13, 2012/11/12, 16:37:30.009, 6741747167431, QTAgent32.exe, &lt;a class=success&gt;Playback - {150} [SUCCESS] MouseButtonClick - "[MSAA, VisibleOnly]ControlType='Button' &amp;&amp; Name='Close'"
\0&lt;/a&gt;
W, 3524, 13, 2012/11/12, 16:37:30.446, 6741753370225, QTAgent32.exe, &lt;a class=success&gt;Playback - {151} [SUCCESS] MouseButtonClick - "[MSAA, VisibleOnly]ControlType='TitleBar'"
\0&lt;/a&gt;
W, 3524, 13, 2012/11/12, 16:37:30.836, 6741758973515, QTAgent32.exe, &lt;a class=success&gt;Playback - {152} [SUCCESS] MouseButtonClick - "[MSAA, VisibleOnly]ControlType='Button' &amp;&amp; Name='Close'"
\0&lt;/a&gt;
W, 3524, 13, 2012/11/12, 16:37:31.211, 6741764372078, QTAgent32.exe, &lt;a class=success&gt;Playback - {153} [SUCCESS] MouseButtonClick - "[MSAA, VisibleOnly]ControlType='Button' &amp;&amp; Name='Options'"
\0&lt;/a&gt;
W, 3524, 13, 2012/11/12, 16:37:31.320, 6741765880054, QTAgent32.exe, FindScreenElementInSinglePass : Attempting to find control in one pass of search. Failures can occur.
W, 3524, 13, 2012/11/12, 16:37:31.476, 6741768107867, QTAgent32.exe, &lt;a class=success&gt;Playback - {154} [SUCCESS] MouseButtonClick - "[MSAA]ControlType='MenuItem' &amp;&amp; Name='Links'"
\0&lt;/a&gt;
W, 3524, 13, 2012/11/12, 16:37:31.585, 6741769676907, QTAgent32.exe, FindScreenElementInSinglePass : Attempting to find control in one pass of search. Failures can occur.
W, 3524, 13, 2012/11/12, 16:37:31.772, 6741772352044, QTAgent32.exe, &lt;a class=success&gt;Playback - {155} [SUCCESS] MouseButtonClick - "[MSAA]ControlType='MenuItem' &amp;&amp; Name='3rd Party Integration'"
\0&lt;/a&gt;
W, 3524, 13, 2012/11/12, 16:37:31.881, 6741773928725, QTAgent32.exe, FindScreenElementInSinglePass : Attempting to find control in one pass of search. Failures can occur.
W, 3524, 13, 2012/11/12, 16:37:32.069, 6741776625946, QTAgent32.exe, &lt;a class=success&gt;Playback - {156} [SUCCESS] MouseButtonClick - "[MSAA]ControlType='MenuItem' &amp;&amp; Name='Renewals Module'"
\0&lt;/a&gt;
W, 3524, 13, 2012/11/12, 16:37:32.537, 6741783299217, QTAgent32.exe, &lt;a class=success&gt;Playback - {157} [SUCCESS] SetValueAsEditBox "1" - "[MSAA, VisibleOnly]ControlType='Edit'"  &lt; Set via SendKeys &gt;
\0&lt;/a&gt;
W, 3524, 13, 2012/11/12, 16:37:33.176, 6741792487277, QTAgent32.exe, &lt;a class=success&gt;Playback - {158} [SUCCESS] MouseButtonClick - "[MSAA, VisibleOnly]ControlType='Button' &amp;&amp; Name='Ok'"
\0&lt;/a&gt;
W, 3524, 13, 2012/11/12, 16:37:33.566, 6741798061956, QTAgent32.exe, Playback - [WARNING] Internal warning: Window Not Found: [VisibleOnly]ControlType='Window' &amp;&amp; Name='insur-E.tam' &amp;&amp; ClassName='#32770'
\0
E, 3524, 13, 2012/11/12, 16:37:33.566, 6741798064731, QTAgent32.exe, &lt;a class=failure&gt;Playback - {159} [FAILED] Function ElementFetcher::FindScreenElement failed to locate UI element (Searching: ;[VisibleOnly]ControlType='Window' &amp;&amp; Name='insur-E.tam' &amp;&amp; ClassName='#32770') (The object specified was not found.)
\0&lt;/a&gt;
E, 3524, 13, 2012/11/12, 16:37:33.644, 6741799358985, QTAgent32.exe, Playback - [IMAGE] C:\Users\peter.zenin-ad\AppData\Local\Temp\UITestLogs\LastRun\RPF4F7F.png
\0
W, 3524, 13, 2012/11/12, 16:37:33.644, 6741799361195, QTAgent32.exe, Playback - [WARNING] Internal warning: Couldn't find descendants that match QueryId
\0
W, 3524, 13, 2012/11/12, 16:37:51.741, 6742058283522, QTAgent32.exe, Playback - [WARNING] Internal warning: Window Not Found: [VisibleOnly]ControlType='Window' &amp;&amp; Name='insur-E.tam' &amp;&amp; ClassName='#32770'
\0
E, 3524, 13, 2012/11/12, 16:37:51.741, 6742058286267, QTAgent32.exe, &lt;a class=failure&gt;Playback - {160} [FAILED] Function ElementFetcher::FindScreenElement failed to locate UI element (Searching: ;[VisibleOnly]ControlType='Window' &amp;&amp; Name='insur-E.tam' &amp;&amp; ClassName='#32770') (The object specified was not found.)
\0&lt;/a&gt;
E, 3524, 13, 2012/11/12, 16:37:51.819, 6742059585145, QTAgent32.exe, Playback - [IMAGE] C:\Users\peter.zenin-ad\AppData\Local\Temp\UITestLogs\LastRun\RPF967E.png
\0
W, 3524, 13, 2012/11/12, 16:37:51.819, 6742059587345, QTAgent32.exe, Playback - [WARNING] Internal warning: Couldn't find descendants that match QueryId
\0
W, 3524, 13, 2012/11/12, 16:37:51.819, 6742059590287, QTAgent32.exe, PERF WARNING: FindTopLevelWindowHelper::FindAllDescendents: took 18174 ms. Expected it to take maximum 500 ms.
W, 3524, 13, 2012/11/12, 16:37:52.334, 6742066859926, QTAgent32.exe, Playback - [WARNING] Internal warning: Smart Match failed
\0
W, 3524, 13, 2012/11/12, 16:37:52.521, 6742069541466, QTAgent32.exe, Playback - [WARNING] Internal warning: Smart Match failed
\0
W, 3524, 13, 2012/11/12, 16:37:52.708, 6742072224242, QTAgent32.exe, Playback - [WARNING] Internal warning: Smart Match failed
\0
W, 3524, 13, 2012/11/12, 16:37:52.895, 6742074910949, QTAgent32.exe, Playback - [WARNING] Internal warning: Smart Match failed
\0
W, 3524, 13, 2012/11/12, 16:37:53.083, 6742077591120, QTAgent32.exe, Playback - [WARNING] Internal warning: Smart Match failed
\0
W, 3524, 13, 2012/11/12, 16:37:53.301, 6742080720169, QTAgent32.exe, Playback - [WARNING] Internal warning: Smart Match failed
\0
W, 3524, 13, 2012/11/12, 16:37:53.504, 6742083616658, QTAgent32.exe, Playback - [WARNING] Internal warning: Smart Match failed
\0
W, 3524, 13, 2012/11/12, 16:37:53.691, 6742086294969, QTAgent32.exe, Playback - [WARNING] Internal warning: Smart Match failed
\0
W, 3524, 13, 2012/11/12, 16:37:53.878, 6742088982481, QTAgent32.exe, Playback - [WARNING] Internal warning: Smart Match failed
\0
W, 3524, 13, 2012/11/12, 16:37:54.081, 6742091881291, QTAgent32.exe, Playback - [WARNING] Internal warning: Smart Match failed
\0
W, 3524, 13, 2012/11/12, 16:37:54.268, 6742094569747, QTAgent32.exe, Playback - [WARNING] Internal warning: Smart Match failed
\0
W, 3524, 13, 2012/11/12, 16:37:54.471, 6742097462129, QTAgent32.exe, Playback - [WARNING] Internal warning: Smart Match failed
\0
W, 3524, 13, 2012/11/12, 16:37:54.658, 6742100141301, QTAgent32.exe, Playback - [WARNING] Internal warning: Smart Match failed
\0
W, 3524, 13, 2012/11/12, 16:37:54.846, 6742102821076, QTAgent32.exe, Playback - [WARNING] Internal warning: Smart Match failed
\0
W, 3524, 13, 2012/11/12, 16:37:54.924, 6742103971835, QTAgent32.exe, Playback - [WARNING] Internal warning: Window Not Found: [VisibleOnly]ControlType='Window' &amp;&amp; Name='insur-E.tam' &amp;&amp; ClassName='#32770'
\0
E, 3524, 13, 2012/11/12, 16:37:54.924, 6742103974054, QTAgent32.exe, &lt;a class=failure&gt;Playback - {161} [FAILED] Function ElementFetcher::FindScreenElement failed to locate UI element (Searching: ;[VisibleOnly]ControlType='Window' &amp;&amp; Name='insur-E.tam' &amp;&amp; ClassName='#32770') (The object specified was not found.)
\0&lt;/a&gt;
E, 3524, 13, 2012/11/12, 16:37:55.017, 6742105267782, QTAgent32.exe, Playback - [IMAGE] C:\Users\peter.zenin-ad\AppData\Local\Temp\UITestLogs\LastRun\RPFA2EE.png
\0
W, 3524, 13, 2012/11/12, 16:37:55.017, 6742105269971, QTAgent32.exe, Playback - [WARNING] Internal warning: Couldn't find descendants that match QueryId
\0
W, 3524, 13, 2012/11/12, 16:37:55.017, 6742105272933, QTAgent32.exe, PERF WARNING: FindTopLevelWindowHelper::FindAllDescendents: took 3190 ms. Expected it to take maximum 500 ms.
E, 3524, 13, 2012/11/12, 16:37:55.017, 6742105274716, QTAgent32.exe, Exception: System.Runtime.InteropServices.COMException
	Message: Error HRESULT E_FAIL has been returned from a call to a COM component.
	Stack Trace:    at Microsoft.VisualStudio.TestTools.UITest.Playback.Engine.IRPFPlayback.FindAllScreenElements(IScreenElement pScreenElementStart, String bstrQueryId, Object&amp; pvarResKeys, Int32 cResKeys, Int32 nMaxDepth, Object[]&amp; foundDescendants)
   at Microsoft.VisualStudio.TestTools.UITest.Playback.ScreenElement.FindTopLevelWindowHelper(String queryId)
	BaseExceptionMessage: Error HRESULT E_FAIL has been returned from a call to a COM component.

E, 3524, 13, 2012/11/12, 16:37:55.017, 6742105279305, QTAgent32.exe, Window 5375164 not responding. Last Win32 error 0
E, 3524, 13, 2012/11/12, 16:37:55.017, 6742105283208, QTAgent32.exe, Window 5375164 not responding. Last Win32 error 1400
E, 3524, 13, 2012/11/12, 16:37:55.017, 6742105287806, QTAgent32.exe, Window 5375164 not responding. Last Win32 error 1400
E, 3524, 13, 2012/11/12, 16:37:55.017, 6742105289027, QTAgent32.exe, GetClassName for handle 5375164 failed
E, 3524, 13, 2012/11/12, 16:37:55.017, 6742105289833, QTAgent32.exe, GetClassName for handle 5375164 failed
E, 3524, 13, 2012/11/12, 16:37:55.126, 6742106732186, QTAgent32.exe, AL: Playback Error: Microsoft.VisualStudio.TestTools.UITest.Extension.UITestControlNotFoundException: The playback failed to find the control with the given search properties. Additional Details: 
TechnologyName:  'MSAA'
ControlType:  'Window'
 ---&gt; System.Runtime.InteropServices.COMException: Error HRESULT E_FAIL has been returned from a call to a COM component.
   at Microsoft.VisualStudio.TestTools.UITest.Playback.Engine.IRPFPlayback.FindAllScreenElements(IScreenElement pScreenElementStart, String bstrQueryId, Object&amp; pvarResKeys, Int32 cResKeys, Int32 nMaxDepth, Object[]&amp; foundDescendants)
   at Microsoft.VisualStudio.TestTools.UITest.Playback.ScreenElement.FindTopLevelWindowHelper(String queryId)
   at Microsoft.VisualStudio.TestTools.UITest.Playback.ScreenElement.FindFromPartialQueryId(String queryId)
   at Microsoft.VisualStudio.TestTools.UITesting.UITestControl..ctor(String queryId)
   --- End of inner exception stack trace ---
   at Microsoft.VisualStudio.TestTools.UITesting.Playback.MapControlNotFoundException(COMException ex, IPlaybackContext context)
   at Microsoft.VisualStudio.TestTools.UITesting.Playback.MapAndThrowComException(COMException innerException, IPlaybackContext context)
   at Microsoft.VisualStudio.TestTools.UITesting.Playback.MapAndThrowException(SystemException exception, IPlaybackContext context)
   at Microsoft.VisualStudio.TestTools.UITesting.Playback.MapAndThrowException(SystemException exception, String queryId)
   at Microsoft.VisualStudio.TestTools.UITesting.UITestControl..ctor(String queryId)
   at Microsoft.VisualStudio.TestTools.UITesting.SearchHelper.SearchTopLevelWindow(ISearchArgument topLevelSearchArg, String topLevelElementQueryId)
   at Microsoft.VisualStudio.TestTools.UITesting.SearchHelper.GetTitleUpdatedTopLevelWindow(ISearchArgument topLevelSearchArg, String queryId, IList`1 windowTitles)
   at Microsoft.VisualStudio.TestTools.UITesting.SearchHelper.GetTopLevelElement(Boolean useCache, Boolean useCacheOnly, ISearchArgument searchArg, IList`1 windowTitles, Int32&amp; timeLeft)
   at Microsoft.VisualStudio.TestTools.UITesting.SearchHelper.GetElement(Boolean useCache, ISearchArgument searchArg)
   at Microsoft.VisualStudio.TestTools.UITesting.SearchHelper.Search(ISearchArgument searchArg)
   at Microsoft.VisualStudio.TestTools.UITesting.UITestControl.FindInternal()
   at Microsoft.VisualStudio.TestTools.UITesting.UITestControl.FindControlIfNecessary()
   at Microsoft.VisualStudio.TestTools.UITesting.UITestControl.Click(MouseButtons button, ModifierKeys modifierKeys, Point relativeCoordinates)
   at Microsoft.VisualStudio.TestTools.UITesting.Mouse.ClickImplementation(UITestControl control, MouseButtons button, ModifierKeys modifierKeys, Point relativeCoordinate)
   at Microsoft.VisualStudio.TestTools.UITesting.Mouse.ClickImplementationWrapper(UITestControl control, MouseButtons button, ModifierKeys modifierKeys, Point relativeCoordinate)
W, 3524, 13, 2012/11/12, 16:37:55.126, 6742106733616, QTAgent32.exe, PlaybackErrorHandler: Ignoring exception as ContinueOnError is set.
W, 3524, 13, 2012/11/12, 16:37:55.407, 6742110786729, QTAgent32.exe, Playback - [WARNING] Internal warning: Window Not Found: [VisibleOnly]ControlType='Window' &amp;&amp; Name='Policies Auto-Renewed &amp; Auto-Lapsed' &amp;&amp; ClassName='ThunderRT6FormDC'
\0
E, 3524, 13, 2012/11/12, 16:37:55.407, 6742110789422, QTAgent32.exe, &lt;a class=failure&gt;Playback - {162} [FAILED] Function ElementFetcher::FindScreenElement failed to locate UI element (Searching: ;[VisibleOnly]ControlType='Window' &amp;&amp; Name='Policies Auto-Renewed &amp; Auto-Lapsed' &amp;&amp; ClassName='ThunderRT6FormDC') (The object specified was not found.)
\0&lt;/a&gt;
E, 3524, 13, 2012/11/12, 16:37:55.501, 6742112084697, QTAgent32.exe, Playback - [IMAGE] C:\Users\peter.zenin-ad\AppData\Local\Temp\UITestLogs\LastRun\RPFA4D2.png
\0
W, 3524, 13, 2012/11/12, 16:37:55.501, 6742112087504, QTAgent32.exe, Playback - [WARNING] Internal warning: Couldn't find descendants that match QueryId
\0
W, 3524, 13, 2012/11/12, 16:38:13.519, 6742370121803, QTAgent32.exe, Playback - [WARNING] Internal warning: Window Not Found: [VisibleOnly]ControlType='Window' &amp;&amp; Name='Policies Auto-Renewed &amp; Auto-Lapsed' &amp;&amp; ClassName='ThunderRT6FormDC'
\0
E, 3524, 13, 2012/11/12, 16:38:13.519, 6742370124631, QTAgent32.exe, &lt;a class=failure&gt;Playback - {163} [FAILED] Function ElementFetcher::FindScreenElement failed to locate UI element (Searching: ;[VisibleOnly]ControlType='Window' &amp;&amp; Name='Policies Auto-Renewed &amp; Auto-Lapsed' &amp;&amp; ClassName='ThunderRT6FormDC') (The object specified was not found.)
\0&lt;/a&gt;
E, 3524, 13, 2012/11/12, 16:38:13.613, 6742371426614, QTAgent32.exe, Playback - [IMAGE] C:\Users\peter.zenin-ad\AppData\Local\Temp\UITestLogs\LastRun\RPFEB93.png
\0
W, 3524, 13, 2012/11/12, 16:38:13.613, 6742371429478, QTAgent32.exe, Playback - [WARNING] Internal warning: Couldn't find descendants that match QueryId
\0
W, 3524, 13, 2012/11/12, 16:38:13.613, 6742371432538, QTAgent32.exe, PERF WARNING: FindTopLevelWindowHelper::FindAllDescendents: took 18112 ms. Expected it to take maximum 500 ms.
W, 3524, 13, 2012/11/12, 16:38:14.128, 6742378898561, QTAgent32.exe, Playback - [WARNING] Internal warning: Smart Match failed
\0
W, 3524, 13, 2012/11/12, 16:38:14.315, 6742381584357, QTAgent32.exe, Playback - [WARNING] Internal warning: Smart Match failed
\0
W, 3524, 13, 2012/11/12, 16:38:14.502, 6742384260486, QTAgent32.exe, Playback - [WARNING] Internal warning: Smart Match failed
\0
W, 3524, 13, 2012/11/12, 16:38:14.690, 6742386947618, QTAgent32.exe, Playback - [WARNING] Internal warning: Smart Match failed
\0
W, 3524, 13, 2012/11/12, 16:38:14.877, 6742389622292, QTAgent32.exe, Playback - [WARNING] Internal warning: Smart Match failed
\0
W, 3524, 13, 2012/11/12, 16:38:15.064, 6742392300504, QTAgent32.exe, Playback - [WARNING] Internal warning: Smart Match failed
\0
W, 3524, 13, 2012/11/12, 16:38:15.251, 6742394982365, QTAgent32.exe, Playback - [WARNING] Internal warning: Smart Match failed
\0
W, 3524, 13, 2012/11/12, 16:38:15.438, 6742397661244, QTAgent32.exe, Playback - [WARNING] Internal warning: Smart Match failed
\0
W, 3524, 13, 2012/11/12, 16:38:15.626, 6742400345939, QTAgent32.exe, Playback - [WARNING] Internal warning: Smart Match failed
\0
W, 3524, 13, 2012/11/12, 16:38:15.813, 6742403023797, QTAgent32.exe, Playback - [WARNING] Internal warning: Smart Match failed
\0
W, 3524, 13, 2012/11/12, 16:38:16.000, 6742405702776, QTAgent32.exe, Playback - [WARNING] Internal warning: Smart Match failed
\0
W, 3524, 13, 2012/11/12, 16:38:16.187, 6742408394143, QTAgent32.exe, Playback - [WARNING] Internal warning: Smart Match failed
\0
W, 3524, 13, 2012/11/12, 16:38:16.374, 6742411063016, QTAgent32.exe, Playback - [WARNING] Internal warning: Smart Match failed
\0
W, 3524, 13, 2012/11/12, 16:38:16.562, 6742413745564, QTAgent32.exe, Playback - [WARNING] Internal warning: Smart Match failed
\0
W, 3524, 13, 2012/11/12, 16:38:16.640, 6742414878072, QTAgent32.exe, Playback - [WARNING] Internal warning: Window Not Found: [VisibleOnly]ControlType='Window' &amp;&amp; Name='Policies Auto-Renewed &amp; Auto-Lapsed' &amp;&amp; ClassName='ThunderRT6FormDC'
\0
E, 3524, 13, 2012/11/12, 16:38:16.640, 6742414880203, QTAgent32.exe, &lt;a class=failure&gt;Playback - {164} [FAILED] Function ElementFetcher::FindScreenElement failed to locate UI element (Searching: ;[VisibleOnly]ControlType='Window' &amp;&amp; Name='Policies Auto-Renewed &amp; Auto-Lapsed' &amp;&amp; ClassName='ThunderRT6FormDC') (The object specified was not found.)
\0&lt;/a&gt;
E, 3524, 13, 2012/11/12, 16:38:16.733, 6742416179317, QTAgent32.exe, Playback - [IMAGE] C:\Users\peter.zenin-ad\AppData\Local\Temp\UITestLogs\LastRun\RPFF7C4.png
\0
W, 3524, 13, 2012/11/12, 16:38:16.733, 6742416181398, QTAgent32.exe, Playback - [WARNING] Internal warning: Couldn't find descendants that match QueryId
\0
W, 3524, 13, 2012/11/12, 16:38:16.733, 6742416184369, QTAgent32.exe, PERF WARNING: FindTopLevelWindowHelper::FindAllDescendents: took 3125 ms. Expected it to take maximum 500 ms.
E, 3524, 13, 2012/11/12, 16:38:16.733, 6742416186155, QTAgent32.exe, Exception: System.Runtime.InteropServices.COMException
	Message: Error HRESULT E_FAIL has been returned from a call to a COM component.
	Stack Trace:    at Microsoft.VisualStudio.TestTools.UITest.Playback.Engine.IRPFPlayback.FindAllScreenElements(IScreenElement pScreenElementStart, String bstrQueryId, Object&amp; pvarResKeys, Int32 cResKeys, Int32 nMaxDepth, Object[]&amp; foundDescendants)
   at Microsoft.VisualStudio.TestTools.UITest.Playback.ScreenElement.FindTopLevelWindowHelper(String queryId)
	BaseExceptionMessage: Error HRESULT E_FAIL has been returned from a call to a COM component.

E, 3524, 13, 2012/11/12, 16:38:16.842, 6742417652646, QTAgent32.exe, AL: Playback Error: Microsoft.VisualStudio.TestTools.UITest.Extension.UITestControlNotFoundException: The playback failed to find the control with the given search properties. Additional Details: 
TechnologyName:  'MSAA'
ControlType:  'Window'
Name:  'Policies Auto-Renewed &amp; Auto-Lapsed'
ClassName:  'ThunderRT6FormDC'
 ---&gt; System.Runtime.InteropServices.COMException: Error HRESULT E_FAIL has been returned from a call to a COM component.
   at Microsoft.VisualStudio.TestTools.UITest.Playback.Engine.IRPFPlayback.FindAllScreenElements(IScreenElement pScreenElementStart, String bstrQueryId, Object&amp; pvarResKeys, Int32 cResKeys, Int32 nMaxDepth, Object[]&amp; foundDescendants)
   at Microsoft.VisualStudio.TestTools.UITest.Playback.ScreenElement.FindTopLevelWindowHelper(String queryId)
   at Microsoft.VisualStudio.TestTools.UITest.Playback.ScreenElement.FindFromPartialQueryId(String queryId)
   at Microsoft.VisualStudio.TestTools.UITesting.UITestControl..ctor(String queryId)
   --- End of inner exception stack trace ---
   at Microsoft.VisualStudio.TestTools.UITesting.Playback.MapControlNotFoundException(COMException ex, IPlaybackContext context)
   at Microsoft.VisualStudio.TestTools.UITesting.Playback.MapAndThrowComException(COMException innerException, IPlaybackContext context)
   at Microsoft.VisualStudio.TestTools.UITesting.Playback.MapAndThrowException(SystemException exception, IPlaybackContext context)
   at Microsoft.VisualStudio.TestTools.UITesting.Playback.MapAndThrowException(SystemException exception, String queryId)
   at Microsoft.VisualStudio.TestTools.UITesting.UITestControl..ctor(String queryId)
   at Microsoft.VisualStudio.TestTools.UITesting.SearchHelper.SearchTopLevelWindow(ISearchArgument topLevelSearchArg, String topLevelElementQueryId)
   at Microsoft.VisualStudio.TestTools.UITesting.SearchHelper.GetTitleUpdatedTopLevelWindow(ISearchArgument topLevelSearchArg, String queryId, IList`1 windowTitles)
   at Microsoft.VisualStudio.TestTools.UITesting.SearchHelper.GetTopLevelElement(Boolean useCache, Boolean useCacheOnly, ISearchArgument searchArg, IList`1 windowTitles, Int32&amp; timeLeft)
   at Microsoft.VisualStudio.TestTools.UITesting.SearchHelper.GetElement(Boolean useCache, ISearchArgument searchArg)
   at Microsoft.VisualStudio.TestTools.UITesting.SearchHelper.Search(ISearchArgument searchArg)
   at Microsoft.VisualStudio.TestTools.UITesting.UITestControl.FindInternal()
   at Microsoft.VisualStudio.TestTools.UITesting.UITestControl.FindControlIfNecessary()
   at Microsoft.VisualStudio.TestTools.UITesting.UITestControl.Click(MouseButtons button, ModifierKeys modifierKeys, Point relativeCoordinates)
   at Microsoft.VisualStudio.TestTools.UITesting.Mouse.ClickImplementation(UITestControl control, MouseButtons button, ModifierKeys modifierKeys, Point relativeCoordinate)
   at Microsoft.VisualStudio.TestTools.UITesting.Mouse.ClickImplementationWrapper(UITestControl control, MouseButtons button, ModifierKeys modifierKeys, Point relativeCoordinate)
W, 3524, 13, 2012/11/12, 16:38:16.842, 6742417654775, QTAgent32.exe, PlaybackErrorHandler: Ignoring exception as ContinueOnError is set.
W, 3524, 13, 2012/11/12, 16:38:17.201, 6742422796660, QTAgent32.exe, &lt;a class=success&gt;Playback - {165} [SUCCESS] MouseButtonClick - "[MSAA, VisibleOnly]ControlType='Button' &amp;&amp; Name='EDI Match...'"
\0&lt;/a&gt;
W, 3524, 13, 2012/11/12, 16:38:18.948, 6742447802602, QTAgent32.exe, &lt;a class=success&gt;Playback - {166} [SUCCESS] MouseButtonClick - "[MSAA, VisibleOnly]ControlType='Button' &amp;&amp; Name='Ok'"
\0&lt;/a&gt;
W, 3524, 13, 2012/11/12, 16:38:19.385, 6742454166028, QTAgent32.exe, &lt;a class=success&gt;Playback - {167} [SUCCESS] MouseButtonClick - "[MSAA, VisibleOnly]ControlType='Button' &amp;&amp; Name='OK'"
\0&lt;/a&gt;
W, 3524, 13, 2012/11/12, 16:38:21.039, 6742477734335, QTAgent32.exe, Playback - [WARNING] Internal warning: Element "[MSAA, VisibleOnly]ControlType='Window' &amp;&amp; ControlId='5'" was not found, so all intermediate elements were ignored. To improve performance replace this element Id with another Id or exclude it from QueryId. If this element is the target element, replace or remove intermediate elements
\0
W, 3524, 13, 2012/11/12, 16:38:23.613, 6742514604041, QTAgent32.exe, Playback - [WARNING] Internal warning:Search failure: &lt;[MSAA, VisibleOnly]ControlType='Window' &amp;&amp; ControlId='32768'&gt; | Performed (4) search retries, UI element not found
\0
E, 3524, 13, 2012/11/12, 16:38:23.613, 6742514606878, QTAgent32.exe, &lt;a class=failure&gt;Playback - {168} [FAILED] Function ElementFetcher::FindScreenElement failed to locate UI element (Searching: ;[MSAA, VisibleOnly]ControlType='Window' &amp;&amp; ControlId='32768';[MSAA, VisibleOnly]ControlType='Window' &amp;&amp; ControlId='5';[MSAA, VisibleOnly]ControlType='Button' &amp;&amp; Name='Log and Clear') (The object specified was not found.)
\0&lt;/a&gt;
E, 3524, 13, 2012/11/12, 16:38:23.691, 6742515908455, QTAgent32.exe, Playback - [IMAGE] C:\Users\peter.zenin-ad\AppData\Local\Temp\UITestLogs\LastRun\RPF1302.png
\0
W, 3524, 13, 2012/11/12, 16:38:23.691, 6742515910566, QTAgent32.exe, Playback - [WARNING] Internal warning: Couldn't find descendants that match QueryId
\0
W, 3524, 13, 2012/11/12, 16:38:23.691, 6742515913520, QTAgent32.exe, PERF WARNING: FindAllDescendents: took 4209 ms. Expected it to take maximum 500 ms.
E, 3524, 13, 2012/11/12, 16:38:23.800, 6742517274441, QTAgent32.exe, AL: Playback Error: Microsoft.VisualStudio.TestTools.UITest.Extension.UITestControlNotFoundException: The playback failed to find the control with the given search properties. Additional Details: 
TechnologyName:  'MSAA'
ControlType:  'Button'
Name:  'Log and Clear'
 ---&gt; System.Runtime.InteropServices.COMException: Error HRESULT E_FAIL has been returned from a call to a COM component.
   at Microsoft.VisualStudio.TestTools.UITest.Playback.Engine.IScreenElement.FindAllDescendants(String bstrQueryId, Object&amp; pvarResKeys, Int32 cResKeys, Int32 nMaxDepth)
   at Microsoft.VisualStudio.TestTools.UITest.Playback.ScreenElement.FindAllScreenElement(String queryId, Int32 depth, Boolean singleQueryId, Boolean throwException)
   at Microsoft.VisualStudio.TestTools.UITest.Playback.ScreenElement.FindScreenElement(String queryId, Int32 depth)
   at Microsoft.VisualStudio.TestTools.UITesting.UITestControl.FindFirstDescendant(String queryId, Int32 maxDepth, Int32&amp; timeLeft)
   --- End of inner exception stack trace ---
   at Microsoft.VisualStudio.TestTools.UITesting.Playback.MapControlNotFoundException(COMException ex, IPlaybackContext context)
   at Microsoft.VisualStudio.TestTools.UITesting.Playback.MapAndThrowComException(COMException innerException, IPlaybackContext context)
   at Microsoft.VisualStudio.TestTools.UITesting.Playback.MapAndThrowException(SystemException exception, IPlaybackContext context)
   at Microsoft.VisualStudio.TestTools.UITesting.Playback.MapAndThrowException(SystemException exception, String queryId)
   at Microsoft.VisualStudio.TestTools.UITesting.UITestControl.FindFirstDescendant(String queryId, Int32 maxDepth, Int32&amp; timeLeft)
   at Microsoft.VisualStudio.TestTools.UITesting.SearchHelper.GetElement(Boolean useCache, ISearchArgument searchArg)
   at Microsoft.VisualStudio.TestTools.UITesting.SearchHelper.Search(ISearchArgument searchArg)
   at Microsoft.VisualStudio.TestTools.UITesting.UITestControl.FindInternal()
   at Microsoft.VisualStudio.TestTools.UITesting.UITestControl.FindControlIfNecessary()
   at Microsoft.VisualStudio.TestTools.UITesting.UITestControl.Click(MouseButtons button, ModifierKeys modifierKeys, Point relativeCoordinates)
   at Microsoft.VisualStudio.TestTools.UITesting.Mouse.ClickImplementation(UITestControl control, MouseButtons button, ModifierKeys modifierKeys, Point relativeCoordinate)
   at Microsoft.VisualStudio.TestTools.UITesting.Mouse.ClickImplementationWrapper(UITestControl control, MouseButtons button, ModifierKeys modifierKeys, Point relativeCoordinate)
W, 3524, 13, 2012/11/12, 16:38:23.800, 6742517276177, QTAgent32.exe, PlaybackErrorHandler: Ignoring exception as ContinueOnError is set.
W, 3524, 13, 2012/11/12, 16:38:24.081, 6742521324649, QTAgent32.exe, Playback - [WARNING] Internal warning: Window Not Found: [VisibleOnly]ControlType='Window' &amp;&amp; Name='insur-E.tam' &amp;&amp; ClassName='#32770'
\0
E, 3524, 13, 2012/11/12, 16:38:24.081, 6742521327533, QTAgent32.exe, &lt;a class=failure&gt;Playback - {169} [FAILED] Function ElementFetcher::FindScreenElement failed to locate UI element (Searching: ;[VisibleOnly]ControlType='Window' &amp;&amp; Name='insur-E.tam' &amp;&amp; ClassName='#32770') (The object specified was not found.)
\0&lt;/a&gt;
E, 3524, 13, 2012/11/12, 16:38:24.175, 6742522641050, QTAgent32.exe, Playback - [IMAGE] C:\Users\peter.zenin-ad\AppData\Local\Temp\UITestLogs\LastRun\RPF14D7.png
\0
W, 3524, 13, 2012/11/12, 16:38:24.175, 6742522643084, QTAgent32.exe, Playback - [WARNING] Internal warning: Couldn't find descendants that match QueryId
\0
W, 3524, 13, 2012/11/12, 16:38:42.193, 6742780643532, QTAgent32.exe, Playback - [WARNING] Internal warning: Window Not Found: [VisibleOnly]ControlType='Window' &amp;&amp; Name='insur-E.tam' &amp;&amp; ClassName='#32770'
\0
E, 3524, 13, 2012/11/12, 16:38:42.193, 6742780646360, QTAgent32.exe, &lt;a class=failure&gt;Playback - {170} [FAILED] Function ElementFetcher::FindScreenElement failed to locate UI element (Searching: ;[VisibleOnly]ControlType='Window' &amp;&amp; Name='insur-E.tam' &amp;&amp; ClassName='#32770') (The object specified was not found.)
\0&lt;/a&gt;
E, 3524, 13, 2012/11/12, 16:38:42.271, 6742781952692, QTAgent32.exe, Playback - [IMAGE] C:\Users\peter.zenin-ad\AppData\Local\Temp\UITestLogs\LastRun\RPF5B98.png
\0
W, 3524, 13, 2012/11/12, 16:38:42.287, 6742781956008, QTAgent32.exe, Playback - [WARNING] Internal warning: Couldn't find descendants that match QueryId
\0
W, 3524, 13, 2012/11/12, 16:38:42.287, 6742781958956, QTAgent32.exe, PERF WARNING: FindTopLevelWindowHelper::FindAllDescendents: took 18110 ms. Expected it to take maximum 500 ms.
W, 3524, 13, 2012/11/12, 16:38:42.786, 6742789222727, QTAgent32.exe, Playback - [WARNING] Internal warning: Smart Match failed
\0
W, 3524, 13, 2012/11/12, 16:38:42.973, 6742791901483, QTAgent32.exe, Playback - [WARNING] Internal warning: Smart Match failed
\0
W, 3524, 13, 2012/11/12, 16:38:43.161, 6742794585696, QTAgent32.exe, Playback - [WARNING] Internal warning: Smart Match failed
\0
W, 3524, 13, 2012/11/12, 16:38:43.348, 6742797266025, QTAgent32.exe, Playback - [WARNING] Internal warning: Smart Match failed
\0
W, 3524, 13, 2012/11/12, 16:38:43.535, 6742799945925, QTAgent32.exe, Playback - [WARNING] Internal warning: Smart Match failed
\0
W, 3524, 13, 2012/11/12, 16:38:43.722, 6742802629305, QTAgent32.exe, Playback - [WARNING] Internal warning: Smart Match failed
\0
W, 3524, 13, 2012/11/12, 16:38:43.925, 6742805538323, QTAgent32.exe, Playback - [WARNING] Internal warning: Smart Match failed
\0
W, 3524, 13, 2012/11/12, 16:38:44.112, 6742808216923, QTAgent32.exe, Playback - [WARNING] Internal warning: Smart Match failed
\0
W, 3524, 13, 2012/11/12, 16:38:44.315, 6742811116336, QTAgent32.exe, Playback - [WARNING] Internal warning: Smart Match failed
\0
W, 3524, 13, 2012/11/12, 16:38:44.502, 6742813801180, QTAgent32.exe, Playback - [WARNING] Internal warning: Smart Match failed
\0
W, 3524, 13, 2012/11/12, 16:38:44.689, 6742816477922, QTAgent32.exe, Playback - [WARNING] Internal warning: Smart Match failed
\0
W, 3524, 13, 2012/11/12, 16:38:44.877, 6742819152624, QTAgent32.exe, Playback - [WARNING] Internal warning: Smart Match failed
\0
W, 3524, 13, 2012/11/12, 16:38:45.064, 6742821838726, QTAgent32.exe, Playback - [WARNING] Internal warning: Smart Match failed
\0
W, 3524, 13, 2012/11/12, 16:38:45.251, 6742824517206, QTAgent32.exe, Playback - [WARNING] Internal warning: Smart Match failed
\0
W, 3524, 13, 2012/11/12, 16:38:45.329, 6742825694571, QTAgent32.exe, Playback - [WARNING] Internal warning: Window Not Found: [VisibleOnly]ControlType='Window' &amp;&amp; Name='insur-E.tam' &amp;&amp; ClassName='#32770'
\0
E, 3524, 13, 2012/11/12, 16:38:45.329, 6742825696929, QTAgent32.exe, &lt;a class=failure&gt;Playback - {171} [FAILED] Function ElementFetcher::FindScreenElement failed to locate UI element (Searching: ;[VisibleOnly]ControlType='Window' &amp;&amp; Name='insur-E.tam' &amp;&amp; ClassName='#32770') (The object specified was not found.)
\0&lt;/a&gt;
E, 3524, 13, 2012/11/12, 16:38:45.423, 6742826996501, QTAgent32.exe, Playback - [IMAGE] C:\Users\peter.zenin-ad\AppData\Local\Temp\UITestLogs\LastRun\RPF67D8.png
\0
W, 3524, 13, 2012/11/12, 16:38:45.423, 6742826998793, QTAgent32.exe, Playback - [WARNING] Internal warning: Couldn't find descendants that match QueryId
\0
W, 3524, 13, 2012/11/12, 16:38:45.423, 6742827001799, QTAgent32.exe, PERF WARNING: FindTopLevelWindowHelper::FindAllDescendents: took 3145 ms. Expected it to take maximum 500 ms.
E, 3524, 13, 2012/11/12, 16:38:45.423, 6742827003616, QTAgent32.exe, Exception: System.Runtime.InteropServices.COMException
	Message: Error HRESULT E_FAIL has been returned from a call to a COM component.
	Stack Trace:    at Microsoft.VisualStudio.TestTools.UITest.Playback.Engine.IRPFPlayback.FindAllScreenElements(IScreenElement pScreenElementStart, String bstrQueryId, Object&amp; pvarResKeys, Int32 cResKeys, Int32 nMaxDepth, Object[]&amp; foundDescendants)
   at Microsoft.VisualStudio.TestTools.UITest.Playback.ScreenElement.FindTopLevelWindowHelper(String queryId)
	BaseExceptionMessage: Error HRESULT E_FAIL has been returned from a call to a COM component.

E, 3524, 13, 2012/11/12, 16:38:45.423, 6742827007581, QTAgent32.exe, GetClassName for handle 5899058 failed
E, 3524, 13, 2012/11/12, 16:38:45.423, 6742827017100, QTAgent32.exe, Window 5899058 not responding. Last Win32 error 1400
E, 3524, 13, 2012/11/12, 16:38:45.423, 6742827018339, QTAgent32.exe, GetClassName for handle 5899058 failed
E, 3524, 13, 2012/11/12, 16:38:45.423, 6742827019139, QTAgent32.exe, GetClassName for handle 5899058 failed
E, 3524, 13, 2012/11/12, 16:38:45.423, 6742827024978, QTAgent32.exe, GetClassName for handle 5245344 failed
E, 3524, 13, 2012/11/12, 16:38:45.423, 6742827032082, QTAgent32.exe, Exception: System.Runtime.InteropServices.COMException
	Message: Error HRESULT E_FAIL has been returned from a call to a COM component.
	Stack Trace:    at Accessibility.IAccessible.get_accState(Object varChild)
   at Microsoft.VisualStudio.TestTools.UITest.Extension.Msaa.AccWrapper.get_State()
	BaseExceptionMessage: Error HRESULT E_FAIL has been returned from a call to a COM component.

E, 3524, 13, 2012/11/12, 16:38:45.423, 6742827036485, QTAgent32.exe, Exception: System.Runtime.InteropServices.COMException
	Message: Error HRESULT E_FAIL has been returned from a call to a COM component.
	Stack Trace:    at Accessibility.IAccessible.get_accState(Object varChild)
   at Microsoft.VisualStudio.TestTools.UITest.Extension.Msaa.AccWrapper.get_State()
	BaseExceptionMessage: Error HRESULT E_FAIL has been returned from a call to a COM component.

E, 3524, 13, 2012/11/12, 16:38:45.423, 6742827040814, QTAgent32.exe, Exception: System.Runtime.InteropServices.COMException
	Message: Error HRESULT E_FAIL has been returned from a call to a COM component.
	Stack Trace:    at Accessibility.IAccessible.get_accState(Object varChild)
   at Microsoft.VisualStudio.TestTools.UITest.Extension.Msaa.AccWrapper.get_State()
	BaseExceptionMessage: Error HRESULT E_FAIL has been returned from a call to a COM component.

E, 3524, 13, 2012/11/12, 16:38:45.423, 6742827045129, QTAgent32.exe, Exception: System.Runtime.InteropServices.COMException
	Message: Error HRESULT E_FAIL has been returned from a call to a COM component.
	Stack Trace:    at Accessibility.IAccessible.get_accState(Object varChild)
   at Microsoft.VisualStudio.TestTools.UITest.Extension.Msaa.AccWrapper.get_State()
	BaseExceptionMessage: Error HRESULT E_FAIL has been returned from a call to a COM component.

E, 3524, 13, 2012/11/12, 16:38:45.423, 6742827049462, QTAgent32.exe, Exception: System.Runtime.InteropServices.COMException
	Message: Error HRESULT E_FAIL has been returned from a call to a COM component.
	Stack Trace:    at Accessibility.IAccessible.get_accState(Object varChild)
   at Microsoft.VisualStudio.TestTools.UITest.Extension.Msaa.AccWrapper.get_State()
	BaseExceptionMessage: Error HRESULT E_FAIL has been returned from a call to a COM component.

E, 3524, 13, 2012/11/12, 16:38:45.423, 6742827053806, QTAgent32.exe, Exception: System.Runtime.InteropServices.COMException
	Message: Error HRESULT E_FAIL has been returned from a call to a COM component.
	Stack Trace:    at Accessibility.IAccessible.get_accState(Object varChild)
   at Microsoft.VisualStudio.TestTools.UITest.Extension.Msaa.AccWrapper.get_State()
	BaseExceptionMessage: Error HRESULT E_FAIL has been returned from a call to a COM component.

E, 3524, 13, 2012/11/12, 16:38:45.423, 6742827058143, QTAgent32.exe, Exception: System.Runtime.InteropServices.COMException
	Message: Error HRESULT E_FAIL has been returned from a call to a COM component.
	Stack Trace:    at Accessibility.IAccessible.get_accState(Object varChild)
   at Microsoft.VisualStudio.TestTools.UITest.Extension.Msaa.AccWrapper.get_State()
	BaseExceptionMessage: Error HRESULT E_FAIL has been returned from a call to a COM component.

W, 3524, 13, 2012/11/12, 16:38:45.626, 6742829906914, QTAgent32.exe, PERF WARNING: MSAA.UpdateQueryIDForNamelessControls: took 201 ms. Expected it to take maximum 200 ms.
W, 3524, 13, 2012/11/12, 16:38:45.626, 6742829911289, QTAgent32.exe, Msaa.Navigate: Exception [Error HRESULT E_FAIL has been returned from a call to a COM component.] while calling accNavigate.
E, 3524, 13, 2012/11/12, 16:38:45.626, 6742829912705, QTAgent32.exe, GetClassName for handle 5245344 failed
E, 3524, 13, 2012/11/12, 16:38:45.626, 6742829922458, QTAgent32.exe, GetClassName for handle 5245344 failed
E, 3524, 13, 2012/11/12, 16:38:45.626, 6742829924667, QTAgent32.exe, Window 5245344 not responding. Last Win32 error 1400
E, 3524, 13, 2012/11/12, 16:38:45.626, 6742829925784, QTAgent32.exe, GetClassName for handle 5899058 failed
E, 3524, 13, 2012/11/12, 16:38:45.626, 6742829926691, QTAgent32.exe, GetClassName for handle 5245344 failed
E, 3524, 13, 2012/11/12, 16:38:45.626, 6742829927439, QTAgent32.exe, GetClassName for handle 5245344 failed
E, 3524, 13, 2012/11/12, 16:38:45.735, 6742831321323, QTAgent32.exe, AL: Playback Error: Microsoft.VisualStudio.TestTools.UITest.Extension.UITestControlNotAvailableException: The control is not available or not valid. Additional Details: 
TechnologyName:  'MSAA'
ControlType:  'Button'
 ---&gt; Microsoft.VisualStudio.TestTools.UITest.Extension.UITestControlNotAvailableException: The control is not available or not valid. Additional Details: 
TechnologyName:  'MSAA'
ControlType:  'Window'
 ---&gt; System.Runtime.InteropServices.COMException: Error HRESULT E_FAIL has been returned from a call to a COM component.
   at Microsoft.VisualStudio.TestTools.UITest.Playback.Engine.IRPFPlayback.FindAllScreenElements(IScreenElement pScreenElementStart, String bstrQueryId, Object&amp; pvarResKeys, Int32 cResKeys, Int32 nMaxDepth, Object[]&amp; foundDescendants)
   at Microsoft.VisualStudio.TestTools.UITest.Playback.ScreenElement.FindTopLevelWindowHelper(String queryId)
   at Microsoft.VisualStudio.TestTools.UITest.Playback.ScreenElement.FindFromPartialQueryId(String queryId)
   at Microsoft.VisualStudio.TestTools.UITesting.UITestControl.EnsureValid(Boolean waitForReady, Boolean refetch)
   --- End of inner exception stack trace ---
   at Microsoft.VisualStudio.TestTools.UITesting.UITestControl.EnsureValid(Boolean waitForReady, Boolean refetch)
   at Microsoft.VisualStudio.TestTools.UITesting.UITestControl.FindFirstDescendant(String queryId, Int32 maxDepth, Int32&amp; timeLeft)
   at Microsoft.VisualStudio.TestTools.UITesting.UITestControl.FindFirstDescendant(String queryId)
   at Microsoft.VisualStudio.TestTools.UITesting.UITestControl.EnsureValid(Boolean waitForReady, Boolean refetch)
   --- End of inner exception stack trace ---
   at Microsoft.VisualStudio.TestTools.UITesting.UITestControl.EnsureValid(Boolean waitForReady, Boolean refetch)
   at Microsoft.VisualStudio.TestTools.UITesting.UITestControl.Click(MouseButtons button, ModifierKeys modifierKeys, Point relativeCoordinates)
   at Microsoft.VisualStudio.TestTools.UITesting.Mouse.ClickImplementation(UITestControl control, MouseButtons button, ModifierKeys modifierKeys, Point relativeCoordinate)
   at Microsoft.VisualStudio.TestTools.UITesting.Mouse.ClickImplementationWrapper(UITestControl control, MouseButtons button, ModifierKeys modifierKeys, Point relativeCoordinate)
W, 3524, 13, 2012/11/12, 16:38:45.735, 6742831323196, QTAgent32.exe, PlaybackErrorHandler: Ignoring exception as ContinueOnError is set.
W, 3524, 13, 2012/11/12, 16:38:46.078, 6742836341221, QTAgent32.exe, &lt;a class=success&gt;Playback - {172} [SUCCESS] MouseButtonClick - "[MSAA, VisibleOnly]ControlType='Button' &amp;&amp; Name='Filter...'"
\0&lt;/a&gt;
W, 3524, 13, 2012/11/12, 16:38:46.328, 6742839809549, QTAgent32.exe, &lt;a class=success&gt;Playback - {173} [SUCCESS] SendKeys "^{HOME}" - "[MSAA, VisibleOnly]ControlType='Edit'"
\0&lt;/a&gt;
E, 3524, 13, 2012/11/12, 16:38:46.328, 6742839812241, QTAgent32.exe, Msaa.GetFocusedElement: could not find accessible object of foreground window
W, 3524, 13, 2012/11/12, 16:38:46.406, 6742840925453, QTAgent32.exe, &lt;a class=success&gt;Playback - {174} [SUCCESS] SendKeys "^+{END}" - "[MSAA, VisibleOnly]ControlType='Edit'"
\0&lt;/a&gt;
E, 3524, 13, 2012/11/12, 16:38:46.406, 6742840927608, QTAgent32.exe, Msaa.GetFocusedElement: could not find accessible object of foreground window
W, 3524, 13, 2012/11/12, 16:38:46.421, 6742841149945, QTAgent32.exe, &lt;a class=success&gt;Playback - {175} [SUCCESS] SendKeys "{DELETE}" - "[MSAA, VisibleOnly]ControlType='Edit'"
\0&lt;/a&gt;
W, 3524, 13, 2012/11/12, 16:38:46.749, 6742845842372, QTAgent32.exe, &lt;a class=success&gt;Playback - {176} [SUCCESS] SetValueAsEditBox "19/11/12" - "[MSAA, VisibleOnly]ControlType='Edit'"  &lt; Set via SendKeys &gt;
\0&lt;/a&gt;
W, 3524, 13, 2012/11/12, 16:38:46.998, 6742849412207, QTAgent32.exe, &lt;a class=success&gt;Playback - {177} [SUCCESS] SendKeys "^{HOME}" - "[MSAA, VisibleOnly]ControlType='Edit'"
\0&lt;/a&gt;
E, 3524, 13, 2012/11/12, 16:38:46.998, 6742849414916, QTAgent32.exe, Msaa.GetFocusedElement: could not find accessible object of foreground window
W, 3524, 13, 2012/11/12, 16:38:47.076, 6742850529375, QTAgent32.exe, &lt;a class=success&gt;Playback - {178} [SUCCESS] SendKeys "^+{END}" - "[MSAA, VisibleOnly]ControlType='Edit'"
\0&lt;/a&gt;
E, 3524, 13, 2012/11/12, 16:38:47.076, 6742850532068, QTAgent32.exe, Msaa.GetFocusedElement: could not find accessible object of foreground window
W, 3524, 13, 2012/11/12, 16:38:47.092, 6742850753045, QTAgent32.exe, &lt;a class=success&gt;Playback - {179} [SUCCESS] SendKeys "{DELETE}" - "[MSAA, VisibleOnly]ControlType='Edit'"
\0&lt;/a&gt;
W, 3524, 13, 2012/11/12, 16:38:47.420, 6742855446882, QTAgent32.exe, &lt;a class=success&gt;Playback - {180} [SUCCESS] SetValueAsEditBox "19/11/12" - "[MSAA, VisibleOnly]ControlType='Edit'"  &lt; Set via SendKeys &gt;
\0&lt;/a&gt;
W, 3524, 13, 2012/11/12, 16:38:48.059, 6742864614258, QTAgent32.exe, Playback - [WARNING] Internal warning: Incorrect flag set for InvokeProgrammaticAction\0
W, 3524, 13, 2012/11/12, 16:38:48.387, 6742869303004, QTAgent32.exe, &lt;a class=success&gt;Playback - {181} [SUCCESS] SetValueAsComboBox "Household" - "[MSAA, VisibleOnly]ControlType='ComboBox'"  &lt; SetValueAsComboBox, set by clicking on the item in the list box &gt;
\0&lt;/a&gt;
W, 3524, 13, 2012/11/12, 16:38:48.777, 6742875061794, QTAgent32.exe, &lt;a class=success&gt;Playback - {182} [SUCCESS] MouseButtonClick - "[MSAA, VisibleOnly]ControlType='Button' &amp;&amp; Name='Ok'"
\0&lt;/a&gt;
W, 3524, 13, 2012/11/12, 16:38:49.229, 6742881363548, QTAgent32.exe, &lt;a class=success&gt;Playback - {183} [SUCCESS] MouseButtonClick - "[MSAA, VisibleOnly]ControlType='Client'"
\0&lt;/a&gt;
W, 3524, 13, 2012/11/12, 16:38:49.448, 6742884479818, QTAgent32.exe, &lt;a class=success&gt;Playback - {184} [SUCCESS] SendKeys "{End}" - "[MSAA, VisibleOnly]ControlType='Client'"
\0&lt;/a&gt;
W, 3524, 13, 2012/11/12, 16:38:49.900, 6742891136612, QTAgent32.exe, &lt;a class=success&gt;Playback - {185} [SUCCESS] MouseButtonClick - "[MSAA, VisibleOnly]ControlType='Button' &amp;&amp; Name='Display Record...'"
\0&lt;/a&gt;
W, 3524, 13, 2012/11/12, 16:38:50.306, 6742896819961, QTAgent32.exe, Playback - [WARNING] Internal warning: Window Not Found: [VisibleOnly]ControlType='Window' &amp;&amp; Name='AUTO230-1001' &amp;&amp; ClassName='ThunderRT6FormDC'
\0
E, 3524, 13, 2012/11/12, 16:38:50.306, 6742896822579, QTAgent32.exe, &lt;a class=failure&gt;Playback - {186} [FAILED] Function ElementFetcher::FindScreenElement failed to locate UI element (Searching: ;[VisibleOnly]ControlType='Window' &amp;&amp; Name='AUTO230-1001' &amp;&amp; ClassName='ThunderRT6FormDC') (The object specified was not found.)
\0&lt;/a&gt;
E, 3524, 13, 2012/11/12, 16:38:50.384, 6742898086055, QTAgent32.exe, Playback - [IMAGE] C:\Users\peter.zenin-ad\AppData\Local\Temp\UITestLogs\LastRun\RPF7B4A.png
\0
W, 3524, 13, 2012/11/12, 16:38:50.384, 6742898088191, QTAgent32.exe, Playback - [WARNING] Internal warning: Couldn't find descendants that match QueryId
\0
W, 3524, 13, 2012/11/12, 16:39:08.402, 6743155928101, QTAgent32.exe, Playback - [WARNING] Internal warning: Window Not Found: [VisibleOnly]ControlType='Window' &amp;&amp; Name='AUTO230-1001' &amp;&amp; ClassName='ThunderRT6FormDC'
\0
E, 3524, 13, 2012/11/12, 16:39:08.402, 6743155930883, QTAgent32.exe, &lt;a class=failure&gt;Playback - {187} [FAILED] Function ElementFetcher::FindScreenElement failed to locate UI element (Searching: ;[VisibleOnly]ControlType='Window' &amp;&amp; Name='AUTO230-1001' &amp;&amp; ClassName='ThunderRT6FormDC') (The object specified was not found.)
\0&lt;/a&gt;
E, 3524, 13, 2012/11/12, 16:39:08.480, 6743157194091, QTAgent32.exe, Playback - [IMAGE] C:\Users\peter.zenin-ad\AppData\Local\Temp\UITestLogs\LastRun\RPFC1FB.png
\0
W, 3524, 13, 2012/11/12, 16:39:08.480, 6743157196246, QTAgent32.exe, Playback - [WARNING] Internal warning: Couldn't find descendants that match QueryId
\0
W, 3524, 13, 2012/11/12, 16:39:08.480, 6743157199252, QTAgent32.exe, PERF WARNING: FindTopLevelWindowHelper::FindAllDescendents: took 18096 ms. Expected it to take maximum 500 ms.
W, 3524, 13, 2012/11/12, 16:39:09.089, 6743165719183, QTAgent32.exe, Playback - [WARNING] Internal warning: Window with Class "ThunderRT6FormDC" and Title "AUTO230-1001" was not found, so similar window with Class "ThunderRT6FormDC" and Title "AUTO164-1001" was accepted
\0
W, 3524, 13, 2012/11/12, 16:39:09.089, 6743165722931, QTAgent32.exe, PERF WARNING: FindTopLevelWindowHelper::FindAllDescendents: took 595 ms. Expected it to take maximum 500 ms.
W, 3524, 13, 2012/11/12, 16:39:09.416, 6743170496253, QTAgent32.exe, &lt;a class=success&gt;Playback - {188} [SUCCESS] MouseButtonClick - "[MSAA, VisibleOnly]ControlType='Button' &amp;&amp; Name='Rebroke...'"
\0&lt;/a&gt;
W, 3524, 13, 2012/11/12, 16:39:09.869, 6743177033111, QTAgent32.exe, &lt;a class=success&gt;Playback - {189} [SUCCESS] MouseButtonClick - "[MSAA, VisibleOnly]ControlType='Button' &amp;&amp; Name='Yes'"
\0&lt;/a&gt;
W, 3524, 13, 2012/11/12, 16:39:10.321, 6743183409399, QTAgent32.exe, &lt;a class=success&gt;Playback - {190} [SUCCESS] MouseButtonClick - "[MSAA, VisibleOnly]ControlType='Button' &amp;&amp; Name='Proceed'"
\0&lt;/a&gt;
W, 3524, 13, 2012/11/12, 16:39:12.349, 6743212430148, QTAgent32.exe, PERF WARNING: FindTopLevelWindowHelper::FindAllDescendents: took 1910 ms. Expected it to take maximum 500 ms.
W, 3524, 13, 2012/11/12, 16:39:12.677, 6743217165459, QTAgent32.exe, &lt;a class=success&gt;Playback - {191} [SUCCESS] MouseButtonClick - "[MSAA, VisibleOnly]ControlType='Button' &amp;&amp; Name='OK'"
\0&lt;/a&gt;
E, 3524, 13, 2012/11/12, 16:39:12.786, 6743218633593, QTAgent32.exe, GetClassName for handle 3672332 failed
W, 3524, 13, 2012/11/12, 16:39:13.129, 6743223731102, QTAgent32.exe, &lt;a class=success&gt;Playback - {192} [SUCCESS] MouseButtonClick - "[MSAA, VisibleOnly]ControlType='Button' &amp;&amp; Name='Yes'"
\0&lt;/a&gt;
W, 3524, 13, 2012/11/12, 16:39:13.566, 6743229916731, QTAgent32.exe, &lt;a class=success&gt;Playback - {193} [SUCCESS] MouseButtonClick - "[MSAA, VisibleOnly]ControlType='Button' &amp;&amp; Name='Invite'"
\0&lt;/a&gt;
W, 3524, 13, 2012/11/12, 16:39:14.003, 6743236135237, QTAgent32.exe, &lt;a class=success&gt;Playback - {194} [SUCCESS] MouseButtonClick - "[MSAA, VisibleOnly]ControlType='Button' &amp;&amp; Name='OK'"
\0&lt;/a&gt;
W, 3524, 13, 2012/11/12, 16:39:14.487, 6743243053462, QTAgent32.exe, &lt;a class=success&gt;Playback - {195} [SUCCESS] MouseButtonClick - "[MSAA, VisibleOnly]ControlType='Button' &amp;&amp; Name='Ok'"
\0&lt;/a&gt;
W, 3524, 13, 2012/11/12, 16:39:23.036, 6743365380982, QTAgent32.exe, PERF WARNING: FindTopLevelWindowHelper::FindAllDescendents: took 8439 ms. Expected it to take maximum 500 ms.
W, 3524, 13, 2012/11/12, 16:39:23.363, 6743370078325, QTAgent32.exe, &lt;a class=success&gt;Playback - {196} [SUCCESS] Check - "[MSAA, VisibleOnly]ControlType='CheckBox' &amp;&amp; Name='Defer Printing?'"
\0&lt;/a&gt;
W, 3524, 13, 2012/11/12, 16:39:24.175, 6743381896097, QTAgent32.exe, &lt;a class=success&gt;Playback - {197} [SUCCESS] MouseButtonClick - "[MSAA, VisibleOnly]ControlType='Button' &amp;&amp; Name='Ok'"
\0&lt;/a&gt;
W, 3524, 13, 2012/11/12, 16:39:24.284, 6743383270593, QTAgent32.exe, Playback - [WARNING] Internal warning: Thread state based WFR - Requested element has invalid HWND
\0
W, 3524, 13, 2012/11/12, 16:39:24.284, 6743383272217, QTAgent32.exe, Playback - [WARNING] Internal warning: process performance counters based WFR - Requested element has invalid HWND
\0
E, 3524, 13, 2012/11/12, 16:39:24.284, 6743383275322, QTAgent32.exe, EnsureValid called via EnsureValid call for same element
E, 3524, 13, 2012/11/12, 16:39:24.284, 6743383278858, QTAgent32.exe, GetClassName for handle 4327860 failed
E, 3524, 13, 2012/11/12, 16:39:24.284, 6743383281336, QTAgent32.exe, EnsureValid called via EnsureValid call for same element
E, 3524, 13, 2012/11/12, 16:39:24.284, 6743383282895, QTAgent32.exe, EnsureValid called via EnsureValid call for same element
E, 3524, 13, 2012/11/12, 16:39:24.284, 6743383300255, QTAgent32.exe, Window 4327860 not responding. Last Win32 error 0
E, 3524, 13, 2012/11/12, 16:39:24.284, 6743383302939, QTAgent32.exe, GetClassName for handle 4327860 failed
E, 3524, 13, 2012/11/12, 16:39:24.284, 6743383303796, QTAgent32.exe, GetClassName for handle 4327860 failed
W, 3524, 13, 2012/11/12, 16:39:26.577, 6743416104786, QTAgent32.exe, PERF WARNING: FindTopLevelWindowHelper::FindAllDescendents: took 2290 ms. Expected it to take maximum 500 ms.
W, 3524, 13, 2012/11/12, 16:39:26.920, 6743421006385, QTAgent32.exe, &lt;a class=success&gt;Playback - {198} [SUCCESS] Uncheck - "[MSAA, VisibleOnly]ControlType='CheckBox' &amp;&amp; Name='Add Activity'"
\0&lt;/a&gt;
W, 3524, 13, 2012/11/12, 16:39:27.934, 6743435714237, QTAgent32.exe, &lt;a class=success&gt;Playback - {199} [SUCCESS] MouseButtonClick - "[MSAA, VisibleOnly]ControlType='Button' &amp;&amp; Name='Ok'"
\0&lt;/a&gt;
W, 3524, 13, 2012/11/12, 16:39:30.446, 6743471481793, QTAgent32.exe, &lt;a class=success&gt;Playback - {200} [SUCCESS] MouseButtonClick - "[MSAA, VisibleOnly]ControlType='Button' &amp;&amp; Name='OK'"
\0&lt;/a&gt;
W, 3524, 13, 2012/11/12, 16:39:32.100, 6743495171173, QTAgent32.exe, Playback - [WARNING] Internal warning: Target element "[MSAA, VisibleOnly]ControlType='Button' &amp;&amp; Name=&gt;'Renew Policy'" was not found, so all intermediate elements were ignored. An incorrect element that matches target element Id can be found as the result.  Verify that all intermediate elements in QueryId have valid and unique Ids
\0
W, 3524, 13, 2012/11/12, 16:39:32.646, 6743502974363, QTAgent32.exe, PERF WARNING: FindAllDescendents: took 2089 ms. Expected it to take maximum 500 ms.
W, 3524, 13, 2012/11/12, 16:39:33.707, 6743518233671, QTAgent32.exe, &lt;a class=success&gt;Playback - {201} [SUCCESS] MouseButtonClick - "[MSAA, VisibleOnly]ControlType='Button' &amp;&amp; Name=&gt;'Renew Policy'"
\0&lt;/a&gt;
W, 3524, 13, 2012/11/12, 16:39:40.196, 6743611291646, QTAgent32.exe, Playback - [WARNING] Internal warning: Window Not Found: [VisibleOnly]ControlType='Window' &amp;&amp; Name='Confirm' &amp;&amp; ClassName='#32770'
\0
E, 3524, 13, 2012/11/12, 16:39:40.196, 6743611294397, QTAgent32.exe, &lt;a class=failure&gt;Playback - {202} [FAILED] Function ElementFetcher::FindScreenElement failed to locate UI element (Searching: ;[VisibleOnly]ControlType='Window' &amp;&amp; Name='Confirm' &amp;&amp; ClassName='#32770') (The object specified was not found.)
\0&lt;/a&gt;
E, 3524, 13, 2012/11/12, 16:39:40.290, 6743612618511, QTAgent32.exe, Playback - [IMAGE] C:\Users\peter.zenin-ad\AppData\Local\Temp\UITestLogs\LastRun\RPF3E2D.png
\0
W, 3524, 13, 2012/11/12, 16:39:40.290, 6743612620649, QTAgent32.exe, Playback - [WARNING] Internal warning: Couldn't find descendants that match QueryId
\0
W, 3524, 13, 2012/11/12, 16:39:40.290, 6743612623610, QTAgent32.exe, PERF WARNING: FindTopLevelWindowHelper::FindAllDescendents: took 6487 ms. Expected it to take maximum 500 ms.
W, 3524, 13, 2012/11/12, 16:39:41.725, 6743632987225, QTAgent32.exe, PERF WARNING: FindTopLevelWindowHelper::FindAllDescendents: took 1421 ms. Expected it to take maximum 500 ms.
W, 3524, 13, 2012/11/12, 16:39:43.800, 6743662680604, QTAgent32.exe, &lt;a class=success&gt;Playback - {203} [SUCCESS] MouseButtonClick - "[MSAA, VisibleOnly]ControlType='Button' &amp;&amp; Name='Yes'"
\0&lt;/a&gt;
E, 3524, 13, 2012/11/12, 16:39:43.909, 6743664252551, QTAgent32.exe, GetClassName for handle 2296258 failed
W, 3524, 13, 2012/11/12, 16:39:44.299, 6743669831571, QTAgent32.exe, &lt;a class=success&gt;Playback - {204} [SUCCESS] MouseButtonClick - "[MSAA, VisibleOnly]ControlType='Button' &amp;&amp; Name='Ok'"
\0&lt;/a&gt;
W, 3524, 13, 2012/11/12, 16:39:44.580, 6743674057548, QTAgent32.exe, Playback - [WARNING] Internal warning: Thread state based WFR - Requested element has invalid HWND
\0
W, 3524, 13, 2012/11/12, 16:39:44.580, 6743674060813, QTAgent32.exe, Playback - [WARNING] Internal warning: process performance counters based WFR - Requested element has invalid HWND
\0
E, 3524, 13, 2012/11/12, 16:39:44.580, 6743674064436, QTAgent32.exe, EnsureValid called via EnsureValid call for same element
E, 3524, 13, 2012/11/12, 16:39:44.580, 6743674068147, QTAgent32.exe, GetClassName for handle 4327650 failed
E, 3524, 13, 2012/11/12, 16:39:44.596, 6743674071747, QTAgent32.exe, EnsureValid called via EnsureValid call for same element
E, 3524, 13, 2012/11/12, 16:39:44.596, 6743674073358, QTAgent32.exe, EnsureValid called via EnsureValid call for same element
E, 3524, 13, 2012/11/12, 16:39:44.596, 6743674091021, QTAgent32.exe, Window 4327650 not responding. Last Win32 error 0
E, 3524, 13, 2012/11/12, 16:39:44.596, 6743674093252, QTAgent32.exe, GetClassName for handle 4327650 failed
E, 3524, 13, 2012/11/12, 16:39:44.596, 6743674094109, QTAgent32.exe, GetClassName for handle 4327650 failed
W, 3524, 13, 2012/11/12, 16:39:51.850, 6743778057131, QTAgent32.exe, Playback - [WARNING] Internal warning: Window Not Found: [VisibleOnly]ControlType='Window' &amp;&amp; Name='Print Documents' &amp;&amp; ClassName='ThunderRT6FormDC'
\0
E, 3524, 13, 2012/11/12, 16:39:51.850, 6743778059978, QTAgent32.exe, &lt;a class=failure&gt;Playback - {205} [FAILED] Function ElementFetcher::FindScreenElement failed to locate UI element (Searching: ;[VisibleOnly]ControlType='Window' &amp;&amp; Name='Print Documents' &amp;&amp; ClassName='ThunderRT6FormDC') (The object specified was not found.)
\0&lt;/a&gt;
E, 3524, 13, 2012/11/12, 16:39:51.944, 6743779339081, QTAgent32.exe, Playback - [IMAGE] C:\Users\peter.zenin-ad\AppData\Local\Temp\UITestLogs\LastRun\RPF6BB3.png
\0
W, 3524, 13, 2012/11/12, 16:39:51.944, 6743779341175, QTAgent32.exe, Playback - [WARNING] Internal warning: Couldn't find descendants that match QueryId
\0
W, 3524, 13, 2012/11/12, 16:39:51.944, 6743779344182, QTAgent32.exe, PERF WARNING: FindTopLevelWindowHelper::FindAllDescendents: took 7350 ms. Expected it to take maximum 500 ms.
W, 3524, 13, 2012/11/12, 16:39:52.724, 6743790450607, QTAgent32.exe, &lt;a class=success&gt;Playback - {206} [SUCCESS] Check - "[MSAA, VisibleOnly]ControlType='CheckBox' &amp;&amp; Name='Defer Printing?'"
\0&lt;/a&gt;
W, 3524, 13, 2012/11/12, 16:39:53.379, 6743799824690, QTAgent32.exe, &lt;a class=success&gt;Playback - {207} [SUCCESS] MouseButtonClick - "[MSAA, VisibleOnly]ControlType='Button' &amp;&amp; Name='Ok'"
\0&lt;/a&gt;
W, 3524, 13, 2012/11/12, 16:39:54.346, 6743813836395, QTAgent32.exe, &lt;a class=success&gt;Playback - {208} [SUCCESS] MouseButtonClick - "[MSAA, VisibleOnly]ControlType='Button' &amp;&amp; Name='OK'"
\0&lt;/a&gt;
W, 3524, 13, 2012/11/12, 16:39:54.502, 6743815909235, QTAgent32.exe, Playback - [WARNING] Internal warning: Thread state based WFR - Requested element has invalid HWND
\0
W, 3524, 13, 2012/11/12, 16:39:54.502, 6743815911233, QTAgent32.exe, Playback - [WARNING] Internal warning: process performance counters based WFR - Requested element has invalid HWND
\0
E, 3524, 13, 2012/11/12, 16:39:54.502, 6743815914518, QTAgent32.exe, EnsureValid called via EnsureValid call for same element
E, 3524, 13, 2012/11/12, 16:39:54.502, 6743815918166, QTAgent32.exe, GetClassName for handle 7144914 failed
E, 3524, 13, 2012/11/12, 16:39:54.502, 6743815920644, QTAgent32.exe, EnsureValid called via EnsureValid call for same element
E, 3524, 13, 2012/11/12, 16:39:54.502, 6743815922207, QTAgent32.exe, EnsureValid called via EnsureValid call for same element
E, 3524, 13, 2012/11/12, 16:39:54.502, 6743815939876, QTAgent32.exe, Window 7144914 not responding. Last Win32 error 0
E, 3524, 13, 2012/11/12, 16:39:54.502, 6743815942129, QTAgent32.exe, GetClassName for handle 7144914 failed
E, 3524, 13, 2012/11/12, 16:39:54.502, 6743815943076, QTAgent32.exe, GetClassName for handle 7144914 failed
W, 3524, 13, 2012/11/12, 16:39:56.187, 6743840168794, QTAgent32.exe, PERF WARNING: FindTopLevelWindowHelper::FindAllDescendents: took 1691 ms. Expected it to take maximum 500 ms.
W, 3524, 13, 2012/11/12, 16:39:56.530, 6743844955067, QTAgent32.exe, &lt;a class=success&gt;Playback - {209} [SUCCESS] Uncheck - "[MSAA, VisibleOnly]ControlType='CheckBox' &amp;&amp; Name='Add Activity'"
\0&lt;/a&gt;
W, 3524, 13, 2012/11/12, 16:39:57.419, 6743857704037, QTAgent32.exe, &lt;a class=success&gt;Playback - {210} [SUCCESS] MouseButtonClick - "[MSAA, VisibleOnly]ControlType='Button' &amp;&amp; Name='Ok'"
\0&lt;/a&gt;
W, 3524, 13, 2012/11/12, 16:39:57.856, 6743864104833, QTAgent32.exe, &lt;a class=success&gt;Playback - {211} [SUCCESS] MouseButtonClick - "[MSAA, VisibleOnly]ControlType='Button' &amp;&amp; Name='Ok'"
\0&lt;/a&gt;
W, 3524, 13, 2012/11/12, 16:40:03.239, 6743941008061, QTAgent32.exe, PERF WARNING: FindTopLevelWindowHelper::FindAllDescendents: took 5149 ms. Expected it to take maximum 500 ms.
W, 3524, 13, 2012/11/12, 16:40:03.675, 6743947250831, QTAgent32.exe, &lt;a class=success&gt;Playback - {212} [SUCCESS] DoSelect - "[MSAA, VisibleOnly]ControlType='List'"
\0&lt;/a&gt;
W, 3524, 13, 2012/11/12, 16:40:05.657, 6743975666311, QTAgent32.exe, &lt;a class=success&gt;Playback - {213} [SUCCESS] MouseButtonClick - "[MSAA, VisibleOnly]ControlType='Button' &amp;&amp; Name='Ok'"
\0&lt;/a&gt;
E, 3524, 13, 2012/11/12, 16:40:05.766, 6743977178847, QTAgent32.exe, GetClassName for handle 10683596 failed
W, 3524, 13, 2012/11/12, 16:40:08.059, 6744010011329, QTAgent32.exe, &lt;a class=success&gt;Playback - {214} [SUCCESS] MouseButtonClick - "[MSAA, VisibleOnly]ControlType='Button' &amp;&amp; Name='OK'"
\0&lt;/a&gt;
W, 3524, 13, 2012/11/12, 16:40:08.512, 6744016647756, QTAgent32.exe, &lt;a class=success&gt;Playback - {215} [SUCCESS] MouseButtonClick - "[MSAA, VisibleOnly]ControlType='Button' &amp;&amp; Name='Exit'"
\0&lt;/a&gt;
E, 3524, 13, 2012/11/12, 16:40:08.621, 6744018056497, QTAgent32.exe, GetClassName for handle 4850140 failed
W, 3524, 13, 2012/11/12, 16:40:09.042, 6744024098418, QTAgent32.exe, &lt;a class=success&gt;Playback - {216} [SUCCESS] MouseButtonClick - "[MSAA, VisibleOnly]ControlType='Button' &amp;&amp; Name='Yes'"
\0&lt;/a&gt;
W, 3524, 13, 2012/11/12, 16:40:09.526, 6744031191988, QTAgent32.exe, &lt;a class=success&gt;Playback - {217} [SUCCESS] MouseButtonClick - "[MSAA, VisibleOnly]ControlType='Button' &amp;&amp; Name='Cancel'"
\0&lt;/a&gt;
W, 3524, 13, 2012/11/12, 16:40:10.056, 6744038687448, QTAgent32.exe, &lt;a class=success&gt;Playback - {218} [SUCCESS] MouseButtonClick - "[MSAA, VisibleOnly]ControlType='Button'"
\0&lt;/a&gt;
W, 3524, 13, 2012/11/12, 16:40:10.633, 6744046989226, QTAgent32.exe, &lt;a class=success&gt;Playback - {219} [SUCCESS] MouseButtonClick - "[MSAA, VisibleOnly]ControlType='Button' &amp;&amp; Name='Detail'"
\0&lt;/a&gt;
W, 3524, 13, 2012/11/12, 16:40:11.101, 6744053721895, QTAgent32.exe, &lt;a class=success&gt;Playback - {220} [SUCCESS] MouseButtonClick - "[MSAA, VisibleOnly]ControlType='Button' &amp;&amp; Name='Cancel'"
\0&lt;/a&gt;
W, 3524, 13, 2012/11/12, 16:40:12.755, 6744077247851, QTAgent32.exe, Playback - [WARNING] Internal warning: Element "[MSAA, VisibleOnly]ControlType='Window' &amp;&amp; ControlId='32770'" was not found, so all intermediate elements were ignored. To improve performance replace this element Id with another Id or exclude it from QueryId. If this element is the target element, replace or remove intermediate elements
\0
W, 3524, 13, 2012/11/12, 16:40:13.285, 6744085008062, QTAgent32.exe, PERF WARNING: FindAllDescendents: took 2084 ms. Expected it to take maximum 500 ms.
W, 3524, 13, 2012/11/12, 16:40:13.629, 6744089814584, QTAgent32.exe, &lt;a class=success&gt;Playback - {221} [SUCCESS] MouseButtonClick - "[MSAA, VisibleOnly]ControlType='Button' &amp;&amp; Name='Cancel'"
\0&lt;/a&gt;
W, 3524, 13, 2012/11/12, 16:40:15.282, 6744113429974, QTAgent32.exe, Playback - [WARNING] Internal warning: Element "[MSAA, VisibleOnly]ControlType='Window' &amp;&amp; ControlId='32769'" was not found, so all intermediate elements were ignored. To improve performance replace this element Id with another Id or exclude it from QueryId. If this element is the target element, replace or remove intermediate elements
\0
W, 3524, 13, 2012/11/12, 16:40:15.813, 6744121124870, QTAgent32.exe, PERF WARNING: FindAllDescendents: took 2080 ms. Expected it to take maximum 500 ms.
W, 3524, 13, 2012/11/12, 16:40:16.140, 6744125722619, QTAgent32.exe, &lt;a class=success&gt;Playback - {222} [SUCCESS] MouseButtonClick - "[MSAA, VisibleOnly]ControlType='Button' &amp;&amp; Name='Cancel'"
\0&lt;/a&gt;
W, 3524, 13, 2012/11/12, 16:40:16.530, 6744131513636, QTAgent32.exe, Playback - [WARNING] Internal warning: Window Not Found: [VisibleOnly]ControlType='Window' &amp;&amp; Name='Customer: txt1 tdsfs' &amp;&amp; ClassName='ThunderRT6MDIForm'
\0
E, 3524, 13, 2012/11/12, 16:40:16.530, 6744131516596, QTAgent32.exe, &lt;a class=failure&gt;Playback - {223} [FAILED] Function ElementFetcher::FindScreenElement failed to locate UI element (Searching: ;[VisibleOnly]ControlType='Window' &amp;&amp; Name='Customer: txt1 tdsfs' &amp;&amp; ClassName='ThunderRT6MDIForm') (The object specified was not found.)
\0&lt;/a&gt;
E, 3524, 13, 2012/11/12, 16:40:16.624, 6744132781992, QTAgent32.exe, Playback - [IMAGE] C:\Users\peter.zenin-ad\AppData\Local\Temp\UITestLogs\LastRun\RPFCC2B.png
\0
W, 3524, 13, 2012/11/12, 16:40:16.624, 6744132784221, QTAgent32.exe, Playback - [WARNING] Internal warning: Couldn't find descendants that match QueryId
\0
W, 3524, 13, 2012/11/12, 16:40:16.639, 6744133078865, QTAgent32.exe, Playback - [WARNING] Internal warning: Window Not Found: [VisibleOnly]ControlType='Window' &amp;&amp; Name='Customer: txt1 tdsfs' &amp;&amp; ClassName='ThunderRT6MDIForm'
\0
E, 3524, 13, 2012/11/12, 16:40:16.639, 6744133080878, QTAgent32.exe, &lt;a class=failure&gt;Playback - {224} [FAILED] Function ElementFetcher::FindScreenElement failed to locate UI element (Searching: ;[VisibleOnly]ControlType='Window' &amp;&amp; Name='Customer: txt1 tdsfs' &amp;&amp; ClassName='ThunderRT6MDIForm') (The object specified was not found.)
\0&lt;/a&gt;
E, 3524, 13, 2012/11/12, 16:40:16.733, 6744134331001, QTAgent32.exe, Playback - [IMAGE] C:\Users\peter.zenin-ad\AppData\Local\Temp\UITestLogs\LastRun\RPFCC99.png
\0
W, 3524, 13, 2012/11/12, 16:40:16.733, 6744134333207, QTAgent32.exe, Playback - [WARNING] Internal warning: Couldn't find descendants that match QueryId
\0
W, 3524, 13, 2012/11/12, 16:40:16.998, 6744138204785, QTAgent32.exe, Playback - [WARNING] Internal warning: Window Not Found: [VisibleOnly]ControlType='Window' &amp;&amp; Name='Customer: txt1 tdsfs' &amp;&amp; ClassName='ThunderRT6MDIForm'
\0
E, 3524, 13, 2012/11/12, 16:40:16.998, 6744138207548, QTAgent32.exe, &lt;a class=failure&gt;Playback - {225} [FAILED] Function ElementFetcher::FindScreenElement failed to locate UI element (Searching: ;[VisibleOnly]ControlType='Window' &amp;&amp; Name='Customer: txt1 tdsfs' &amp;&amp; ClassName='ThunderRT6MDIForm') (The object specified was not found.)
\0&lt;/a&gt;
E, 3524, 13, 2012/11/12, 16:40:17.092, 6744139462523, QTAgent32.exe, Playback - [IMAGE] C:\Users\peter.zenin-ad\AppData\Local\Temp\UITestLogs\LastRun\RPFCDF2.png
\0
W, 3524, 13, 2012/11/12, 16:40:17.092, 6744139464696, QTAgent32.exe, Playback - [WARNING] Internal warning: Couldn't find descendants that match QueryId
\0
E, 3524, 13, 2012/11/12, 16:40:17.092, 6744139468548, QTAgent32.exe, Exception: System.Runtime.InteropServices.COMException
	Message: Error HRESULT E_FAIL has been returned from a call to a COM component.
	Stack Trace:    at Microsoft.VisualStudio.TestTools.UITest.Playback.Engine.IRPFPlayback.FindAllScreenElements(IScreenElement pScreenElementStart, String bstrQueryId, Object&amp; pvarResKeys, Int32 cResKeys, Int32 nMaxDepth, Object[]&amp; foundDescendants)
   at Microsoft.VisualStudio.TestTools.UITest.Playback.ScreenElement.FindTopLevelWindowHelper(String queryId)
	BaseExceptionMessage: Error HRESULT E_FAIL has been returned from a call to a COM component.

E, 3524, 13, 2012/11/12, 16:40:17.092, 6744139473370, QTAgent32.exe, Window 4458402 not responding. Last Win32 error 0
E, 3524, 13, 2012/11/12, 16:40:17.092, 6744139476351, QTAgent32.exe, GetClassName for handle 4458402 failed
E, 3524, 13, 2012/11/12, 16:40:17.092, 6744139480246, QTAgent32.exe, Window 4458402 not responding. Last Win32 error 1400
E, 3524, 13, 2012/11/12, 16:40:17.092, 6744139490159, QTAgent32.exe, Window 4458402 not responding. Last Win32 error 1400
E, 3524, 13, 2012/11/12, 16:40:17.092, 6744139491336, QTAgent32.exe, GetClassName for handle 4458402 failed
E, 3524, 13, 2012/11/12, 16:40:17.092, 6744139492150, QTAgent32.exe, GetClassName for handle 4458402 failed
W, 3524, 13, 2012/11/12, 16:40:17.357, 6744143135885, QTAgent32.exe, Playback - [WARNING] Internal warning: Window Not Found: [VisibleOnly]ControlType='Window' &amp;&amp; Name='Customer: autotest autotest' &amp;&amp; ClassName='ThunderRT6MDIForm'
\0
E, 3524, 13, 2012/11/12, 16:40:17.357, 6744143138952, QTAgent32.exe, &lt;a class=failure&gt;Playback - {226} [FAILED] Function ElementFetcher::FindScreenElement failed to locate UI element (Searching: ;[VisibleOnly]ControlType='Window' &amp;&amp; Name='Customer: autotest autotest' &amp;&amp; ClassName='ThunderRT6MDIForm') (The object specified was not found.)
\0&lt;/a&gt;
E, 3524, 13, 2012/11/12, 16:40:17.435, 6744144399059, QTAgent32.exe, Playback - [IMAGE] C:\Users\peter.zenin-ad\AppData\Local\Temp\UITestLogs\LastRun\RPFCF59.png
\0
W, 3524, 13, 2012/11/12, 16:40:17.435, 6744144401300, QTAgent32.exe, Playback - [WARNING] Internal warning: Couldn't find descendants that match QueryId
\0
W, 3524, 13, 2012/11/12, 16:40:17.451, 6744144684175, QTAgent32.exe, Playback - [WARNING] Internal warning: Window Not Found: [VisibleOnly]ControlType='Window' &amp;&amp; Name='Customer: autotest autotest' &amp;&amp; ClassName='ThunderRT6MDIForm'
\0
E, 3524, 13, 2012/11/12, 16:40:17.451, 6744144686818, QTAgent32.exe, &lt;a class=failure&gt;Playback - {227} [FAILED] Function ElementFetcher::FindScreenElement failed to locate UI element (Searching: ;[VisibleOnly]ControlType='Window' &amp;&amp; Name='Customer: autotest autotest' &amp;&amp; ClassName='ThunderRT6MDIForm') (The object specified was not found.)
\0&lt;/a&gt;
E, 3524, 13, 2012/11/12, 16:40:17.544, 6744145949974, QTAgent32.exe, Playback - [IMAGE] C:\Users\peter.zenin-ad\AppData\Local\Temp\UITestLogs\LastRun\RPFCFB8.png
\0
W, 3524, 13, 2012/11/12, 16:40:17.544, 6744145952142, QTAgent32.exe, Playback - [WARNING] Internal warning: Couldn't find descendants that match QueryId
\0
W, 3524, 13, 2012/11/12, 16:40:17.809, 6744149612234, QTAgent32.exe, Playback - [WARNING] Internal warning: Window Not Found: [VisibleOnly]ControlType='Window' &amp;&amp; Name='Customer: autotest autotest' &amp;&amp; ClassName='ThunderRT6MDIForm'
\0
E, 3524, 13, 2012/11/12, 16:40:17.809, 6744149615058, QTAgent32.exe, &lt;a class=failure&gt;Playback - {228} [FAILED] Function ElementFetcher::FindScreenElement failed to locate UI element (Searching: ;[VisibleOnly]ControlType='Window' &amp;&amp; Name='Customer: autotest autotest' &amp;&amp; ClassName='ThunderRT6MDIForm') (The object specified was not found.)
\0&lt;/a&gt;
E, 3524, 13, 2012/11/12, 16:40:17.887, 6744150866454, QTAgent32.exe, Playback - [IMAGE] C:\Users\peter.zenin-ad\AppData\Local\Temp\UITestLogs\LastRun\RPFD120.png
\0
W, 3524, 13, 2012/11/12, 16:40:17.887, 6744150868631, QTAgent32.exe, Playback - [WARNING] Internal warning: Couldn't find descendants that match QueryId
\0
E, 3524, 13, 2012/11/12, 16:40:17.887, 6744150872607, QTAgent32.exe, Exception: System.Runtime.InteropServices.COMException
	Message: Error HRESULT E_FAIL has been returned from a call to a COM component.
	Stack Trace:    at Microsoft.VisualStudio.TestTools.UITest.Playback.Engine.IRPFPlayback.FindAllScreenElements(IScreenElement pScreenElementStart, String bstrQueryId, Object&amp; pvarResKeys, Int32 cResKeys, Int32 nMaxDepth, Object[]&amp; foundDescendants)
   at Microsoft.VisualStudio.TestTools.UITest.Playback.ScreenElement.FindTopLevelWindowHelper(String queryId)
	BaseExceptionMessage: Error HRESULT E_FAIL has been returned from a call to a COM component.

E, 3524, 13, 2012/11/12, 16:40:17.887, 6744150877324, QTAgent32.exe, Window 4458402 not responding. Last Win32 error 0
E, 3524, 13, 2012/11/12, 16:40:17.887, 6744150881303, QTAgent32.exe, Window 4458402 not responding. Last Win32 error 1400
E, 3524, 13, 2012/11/12, 16:40:17.887, 6744150886007, QTAgent32.exe, Window 4458402 not responding. Last Win32 error 1400
E, 3524, 13, 2012/11/12, 16:40:17.887, 6744150887254, QTAgent32.exe, GetClassName for handle 4458402 failed
E, 3524, 13, 2012/11/12, 16:40:17.887, 6744150888064, QTAgent32.exe, GetClassName for handle 4458402 failed
W, 3524, 13, 2012/11/12, 16:40:18.137, 6744154507924, QTAgent32.exe, Playback - [WARNING] Internal warning: Window Not Found: [VisibleOnly]ControlType='Window' &amp;&amp; Name='Customer: txt1 tdsfs' &amp;&amp; ClassName='ThunderRT6MDIForm'
\0
E, 3524, 13, 2012/11/12, 16:40:18.137, 6744154510729, QTAgent32.exe, &lt;a class=failure&gt;Playback - {229} [FAILED] Function ElementFetcher::FindScreenElement failed to locate UI element (Searching: ;[VisibleOnly]ControlType='Window' &amp;&amp; Name='Customer: txt1 tdsfs' &amp;&amp; ClassName='ThunderRT6MDIForm') (The object specified was not found.)
\0&lt;/a&gt;
E, 3524, 13, 2012/11/12, 16:40:18.246, 6744155945247, QTAgent32.exe, Playback - [IMAGE] C:\Users\peter.zenin-ad\AppData\Local\Temp\UITestLogs\LastRun\RPFD268.png
\0
W, 3524, 13, 2012/11/12, 16:40:18.246, 6744155947473, QTAgent32.exe, Playback - [WARNING] Internal warning: Couldn't find descendants that match QueryId
\0
W, 3524, 13, 2012/11/12, 16:40:18.730, 6744163002716, QTAgent32.exe, Playback - [WARNING] Internal warning: Window Not Found: [VisibleOnly]ControlType='Window' &amp;&amp; Name='Customer: txt1 tdsfs' &amp;&amp; ClassName='ThunderRT6MDIForm'
\0
E, 3524, 13, 2012/11/12, 16:40:18.730, 6744163005542, QTAgent32.exe, &lt;a class=failure&gt;Playback - {230} [FAILED] Function ElementFetcher::FindScreenElement failed to locate UI element (Searching: ;[VisibleOnly]ControlType='Window' &amp;&amp; Name='Customer: txt1 tdsfs' &amp;&amp; ClassName='ThunderRT6MDIForm') (The object specified was not found.)
\0&lt;/a&gt;
E, 3524, 13, 2012/11/12, 16:40:18.824, 6744164281923, QTAgent32.exe, Playback - [IMAGE] C:\Users\peter.zenin-ad\AppData\Local\Temp\UITestLogs\LastRun\RPFD4BA.png
\0
W, 3524, 13, 2012/11/12, 16:40:18.824, 6744164284113, QTAgent32.exe, Playback - [WARNING] Internal warning: Couldn't find descendants that match QueryId
\0
W, 3524, 13, 2012/11/12, 16:40:18.824, 6744164287088, QTAgent32.exe, PERF WARNING: FindTopLevelWindowHelper::FindAllDescendents: took 582 ms. Expected it to take maximum 500 ms.
W, 3524, 13, 2012/11/12, 16:40:19.292, 6744170926355, QTAgent32.exe, Playback - [WARNING] Internal warning: Smart Match failed
\0
W, 3524, 13, 2012/11/12, 16:40:19.463, 6744173393721, QTAgent32.exe, Playback - [WARNING] Internal warning: Smart Match failed
\0
W, 3524, 13, 2012/11/12, 16:40:19.682, 6744176604044, QTAgent32.exe, Playback - [WARNING] Internal warning: Smart Match failed
\0
W, 3524, 13, 2012/11/12, 16:40:19.853, 6744178980236, QTAgent32.exe, Playback - [WARNING] Internal warning: Smart Match failed
\0
W, 3524, 13, 2012/11/12, 16:40:20.025, 6744181434134, QTAgent32.exe, Playback - [WARNING] Internal warning: Smart Match failed
\0
W, 3524, 13, 2012/11/12, 16:40:20.196, 6744183882492, QTAgent32.exe, Playback - [WARNING] Internal warning: Smart Match failed
\0
W, 3524, 13, 2012/11/12, 16:40:20.368, 6744186339774, QTAgent32.exe, Playback - [WARNING] Internal warning: Smart Match failed
\0
W, 3524, 13, 2012/11/12, 16:40:20.540, 6744188801681, QTAgent32.exe, Playback - [WARNING] Internal warning: Smart Match failed
\0
W, 3524, 13, 2012/11/12, 16:40:20.711, 6744191254585, QTAgent32.exe, Playback - [WARNING] Internal warning: Smart Match failed
\0
W, 3524, 13, 2012/11/12, 16:40:20.883, 6744193710037, QTAgent32.exe, Playback - [WARNING] Internal warning: Smart Match failed
\0
W, 3524, 13, 2012/11/12, 16:40:21.054, 6744196170254, QTAgent32.exe, Playback - [WARNING] Internal warning: Smart Match failed
\0
W, 3524, 13, 2012/11/12, 16:40:21.226, 6744198625782, QTAgent32.exe, Playback - [WARNING] Internal warning: Smart Match failed
\0
W, 3524, 13, 2012/11/12, 16:40:21.398, 6744201081137, QTAgent32.exe, Playback - [WARNING] Internal warning: Smart Match failed
\0
W, 3524, 13, 2012/11/12, 16:40:21.569, 6744203541932, QTAgent32.exe, Playback - [WARNING] Internal warning: Smart Match failed
\0
W, 3524, 13, 2012/11/12, 16:40:21.741, 6744205996028, QTAgent32.exe, Playback - [WARNING] Internal warning: Smart Match failed
\0
W, 3524, 13, 2012/11/12, 16:40:21.912, 6744208451819, QTAgent32.exe, Playback - [WARNING] Internal warning: Smart Match failed
\0
W, 3524, 13, 2012/11/12, 16:40:21.975, 6744209278656, QTAgent32.exe, Playback - [WARNING] Internal warning: Window Not Found: [VisibleOnly]ControlType='Window' &amp;&amp; Name='Customer: txt1 tdsfs' &amp;&amp; ClassName='ThunderRT6MDIForm'
\0
E, 3524, 13, 2012/11/12, 16:40:21.975, 6744209280939, QTAgent32.exe, &lt;a class=failure&gt;Playback - {231} [FAILED] Function ElementFetcher::FindScreenElement failed to locate UI element (Searching: ;[VisibleOnly]ControlType='Window' &amp;&amp; Name='Customer: txt1 tdsfs' &amp;&amp; ClassName='ThunderRT6MDIForm') (The object specified was not found.)
\0&lt;/a&gt;
E, 3524, 13, 2012/11/12, 16:40:22.053, 6744210531858, QTAgent32.exe, Playback - [IMAGE] C:\Users\peter.zenin-ad\AppData\Local\Temp\UITestLogs\LastRun\RPFE168.png
\0
W, 3524, 13, 2012/11/12, 16:40:22.053, 6744210534040, QTAgent32.exe, Playback - [WARNING] Internal warning: Couldn't find descendants that match QueryId
\0
W, 3524, 13, 2012/11/12, 16:40:22.053, 6744210536990, QTAgent32.exe, PERF WARNING: FindTopLevelWindowHelper::FindAllDescendents: took 3229 ms. Expected it to take maximum 500 ms.
E, 3524, 13, 2012/11/12, 16:40:22.053, 6744210538761, QTAgent32.exe, Exception: System.Runtime.InteropServices.COMException
	Message: Error HRESULT E_FAIL has been returned from a call to a COM component.
	Stack Trace:    at Microsoft.VisualStudio.TestTools.UITest.Playback.Engine.IRPFPlayback.FindAllScreenElements(IScreenElement pScreenElementStart, String bstrQueryId, Object&amp; pvarResKeys, Int32 cResKeys, Int32 nMaxDepth, Object[]&amp; foundDescendants)
   at Microsoft.VisualStudio.TestTools.UITest.Playback.ScreenElement.FindTopLevelWindowHelper(String queryId)
	BaseExceptionMessage: Error HRESULT E_FAIL has been returned from a call to a COM component.

E, 3524, 13, 2012/11/12, 16:40:22.053, 6744210543298, QTAgent32.exe, Window 4458402 not responding. Last Win32 error 0
E, 3524, 13, 2012/11/12, 16:40:22.053, 6744210547141, QTAgent32.exe, Window 4458402 not responding. Last Win32 error 1400
E, 3524, 13, 2012/11/12, 16:40:22.053, 6744210551759, QTAgent32.exe, Window 4458402 not responding. Last Win32 error 1400
E, 3524, 13, 2012/11/12, 16:40:22.053, 6744210552974, QTAgent32.exe, GetClassName for handle 4458402 failed
E, 3524, 13, 2012/11/12, 16:40:22.053, 6744210553782, QTAgent32.exe, GetClassName for handle 4458402 failed
W, 3524, 13, 2012/11/12, 16:40:22.302, 6744214158786, QTAgent32.exe, Playback - [WARNING] Internal warning: Window Not Found: [VisibleOnly]ControlType='Window' &amp;&amp; Name='Customer: autotest autotest' &amp;&amp; ClassName='ThunderRT6MDIForm'
\0
E, 3524, 13, 2012/11/12, 16:40:22.302, 6744214161380, QTAgent32.exe, &lt;a class=failure&gt;Playback - {232} [FAILED] Function ElementFetcher::FindScreenElement failed to locate UI element (Searching: ;[VisibleOnly]ControlType='Window' &amp;&amp; Name='Customer: autotest autotest' &amp;&amp; ClassName='ThunderRT6MDIForm') (The object specified was not found.)
\0&lt;/a&gt;
E, 3524, 13, 2012/11/12, 16:40:22.396, 6744215415759, QTAgent32.exe, Playback - [IMAGE] C:\Users\peter.zenin-ad\AppData\Local\Temp\UITestLogs\LastRun\RPFE2C0.png
\0
W, 3524, 13, 2012/11/12, 16:40:22.396, 6744215418010, QTAgent32.exe, Playback - [WARNING] Internal warning: Couldn't find descendants that match QueryId
\0
W, 3524, 13, 2012/11/12, 16:40:22.880, 6744222207333, QTAgent32.exe, Playback - [WARNING] Internal warning: Window Not Found: [VisibleOnly]ControlType='Window' &amp;&amp; Name='Customer: autotest autotest' &amp;&amp; ClassName='ThunderRT6MDIForm'
\0
E, 3524, 13, 2012/11/12, 16:40:22.880, 6744222210270, QTAgent32.exe, &lt;a class=failure&gt;Playback - {233} [FAILED] Function ElementFetcher::FindScreenElement failed to locate UI element (Searching: ;[VisibleOnly]ControlType='Window' &amp;&amp; Name='Customer: autotest autotest' &amp;&amp; ClassName='ThunderRT6MDIForm') (The object specified was not found.)
\0&lt;/a&gt;
E, 3524, 13, 2012/11/12, 16:40:22.958, 6744223451160, QTAgent32.exe, Playback - [IMAGE] C:\Users\peter.zenin-ad\AppData\Local\Temp\UITestLogs\LastRun\RPFE4F3.png
\0
W, 3524, 13, 2012/11/12, 16:40:22.958, 6744223453367, QTAgent32.exe, Playback - [WARNING] Internal warning: Couldn't find descendants that match QueryId
\0
W, 3524, 13, 2012/11/12, 16:40:22.958, 6744223456304, QTAgent32.exe, PERF WARNING: FindTopLevelWindowHelper::FindAllDescendents: took 561 ms. Expected it to take maximum 500 ms.
W, 3524, 13, 2012/11/12, 16:40:23.410, 6744229897444, QTAgent32.exe, Playback - [WARNING] Internal warning: Smart Match failed
\0
W, 3524, 13, 2012/11/12, 16:40:23.582, 6744232358479, QTAgent32.exe, Playback - [WARNING] Internal warning: Smart Match failed
\0
W, 3524, 13, 2012/11/12, 16:40:23.753, 6744234810422, QTAgent32.exe, Playback - [WARNING] Internal warning: Smart Match failed
\0
W, 3524, 13, 2012/11/12, 16:40:23.925, 6744237267065, QTAgent32.exe, Playback - [WARNING] Internal warning: Smart Match failed
\0
W, 3524, 13, 2012/11/12, 16:40:24.097, 6744239725228, QTAgent32.exe, Playback - [WARNING] Internal warning: Smart Match failed
\0
W, 3524, 13, 2012/11/12, 16:40:24.268, 6744242182961, QTAgent32.exe, Playback - [WARNING] Internal warning: Smart Match failed
\0
W, 3524, 13, 2012/11/12, 16:40:24.440, 6744244639470, QTAgent32.exe, Playback - [WARNING] Internal warning: Smart Match failed
\0
W, 3524, 13, 2012/11/12, 16:40:24.611, 6744247098499, QTAgent32.exe, Playback - [WARNING] Internal warning: Smart Match failed
\0
W, 3524, 13, 2012/11/12, 16:40:24.783, 6744249552427, QTAgent32.exe, Playback - [WARNING] Internal warning: Smart Match failed
\0
W, 3524, 13, 2012/11/12, 16:40:24.955, 6744252009928, QTAgent32.exe, Playback - [WARNING] Internal warning: Smart Match failed
\0
W, 3524, 13, 2012/11/12, 16:40:25.126, 6744254469380, QTAgent32.exe, Playback - [WARNING] Internal warning: Smart Match failed
\0
W, 3524, 13, 2012/11/12, 16:40:25.298, 6744256927413, QTAgent32.exe, Playback - [WARNING] Internal warning: Smart Match failed
\0
W, 3524, 13, 2012/11/12, 16:40:25.469, 6744259382862, QTAgent32.exe, Playback - [WARNING] Internal warning: Smart Match failed
\0
W, 3524, 13, 2012/11/12, 16:40:25.641, 6744261839366, QTAgent32.exe, Playback - [WARNING] Internal warning: Smart Match failed
\0
W, 3524, 13, 2012/11/12, 16:40:25.813, 6744264294444, QTAgent32.exe, Playback - [WARNING] Internal warning: Smart Match failed
\0
W, 3524, 13, 2012/11/12, 16:40:25.984, 6744266750424, QTAgent32.exe, Playback - [WARNING] Internal warning: Smart Match failed
\0
W, 3524, 13, 2012/11/12, 16:40:26.047, 6744267581054, QTAgent32.exe, Playback - [WARNING] Internal warning: Window Not Found: [VisibleOnly]ControlType='Window' &amp;&amp; Name='Customer: autotest autotest' &amp;&amp; ClassName='ThunderRT6MDIForm'
\0
E, 3524, 13, 2012/11/12, 16:40:26.047, 6744267583353, QTAgent32.exe, &lt;a class=failure&gt;Playback - {234} [FAILED] Function ElementFetcher::FindScreenElement failed to locate UI element (Searching: ;[VisibleOnly]ControlType='Window' &amp;&amp; Name='Customer: autotest autotest' &amp;&amp; ClassName='ThunderRT6MDIForm') (The object specified was not found.)
\0&lt;/a&gt;
E, 3524, 13, 2012/11/12, 16:40:26.125, 6744268837489, QTAgent32.exe, Playback - [IMAGE] C:\Users\peter.zenin-ad\AppData\Local\Temp\UITestLogs\LastRun\RPFF153.png
\0
W, 3524, 13, 2012/11/12, 16:40:26.125, 6744268839724, QTAgent32.exe, Playback - [WARNING] Internal warning: Couldn't find descendants that match QueryId
\0
W, 3524, 13, 2012/11/12, 16:40:26.125, 6744268842741, QTAgent32.exe, PERF WARNING: FindTopLevelWindowHelper::FindAllDescendents: took 3169 ms. Expected it to take maximum 500 ms.
E, 3524, 13, 2012/11/12, 16:40:26.125, 6744268844546, QTAgent32.exe, Exception: System.Runtime.InteropServices.COMException
	Message: Error HRESULT E_FAIL has been returned from a call to a COM component.
	Stack Trace:    at Microsoft.VisualStudio.TestTools.UITest.Playback.Engine.IRPFPlayback.FindAllScreenElements(IScreenElement pScreenElementStart, String bstrQueryId, Object&amp; pvarResKeys, Int32 cResKeys, Int32 nMaxDepth, Object[]&amp; foundDescendants)
   at Microsoft.VisualStudio.TestTools.UITest.Playback.ScreenElement.FindTopLevelWindowHelper(String queryId)
	BaseExceptionMessage: Error HRESULT E_FAIL has been returned from a call to a COM component.

E, 3524, 13, 2012/11/12, 16:40:26.125, 6744268849208, QTAgent32.exe, Window 4458402 not responding. Last Win32 error 0
E, 3524, 13, 2012/11/12, 16:40:26.125, 6744268853144, QTAgent32.exe, Window 4458402 not responding. Last Win32 error 1400
E, 3524, 13, 2012/11/12, 16:40:26.125, 6744268857845, QTAgent32.exe, Window 4458402 not responding. Last Win32 error 1400
E, 3524, 13, 2012/11/12, 16:40:26.125, 6744268859108, QTAgent32.exe, GetClassName for handle 4458402 failed
E, 3524, 13, 2012/11/12, 16:40:26.125, 6744268859920, QTAgent32.exe, GetClassName for handle 4458402 failed
W, 3524, 13, 2012/11/12, 16:40:26.390, 6744272660824, QTAgent32.exe, Playback - [WARNING] Internal warning: Window Not Found: [VisibleOnly]ControlType='Window' &amp;&amp; Name='Customer: txt1 tdsfs' &amp;&amp; ClassName='ThunderRT6MDIForm'
\0
E, 3524, 13, 2012/11/12, 16:40:26.390, 6744272663515, QTAgent32.exe, &lt;a class=failure&gt;Playback - {235} [FAILED] Function ElementFetcher::FindScreenElement failed to locate UI element (Searching: ;[VisibleOnly]ControlType='Window' &amp;&amp; Name='Customer: txt1 tdsfs' &amp;&amp; ClassName='ThunderRT6MDIForm') (The object specified was not found.)
\0&lt;/a&gt;
E, 3524, 13, 2012/11/12, 16:40:26.483, 6744273903877, QTAgent32.exe, Playback - [IMAGE] C:\Users\peter.zenin-ad\AppData\Local\Temp\UITestLogs\LastRun\RPFF2AB.png
\0
W, 3524, 13, 2012/11/12, 16:40:26.483, 6744273906051, QTAgent32.exe, Playback - [WARNING] Internal warning: Couldn't find descendants that match QueryId
\0
W, 3524, 13, 2012/11/12, 16:40:26.936, 6744280487736, QTAgent32.exe, Playback - [WARNING] Internal warning: Window Not Found: [VisibleOnly]ControlType='Window' &amp;&amp; Name='Customer: txt1 tdsfs' &amp;&amp; ClassName='ThunderRT6MDIForm'
\0
E, 3524, 13, 2012/11/12, 16:40:26.936, 6744280490535, QTAgent32.exe, &lt;a class=failure&gt;Playback - {236} [FAILED] Function ElementFetcher::FindScreenElement failed to locate UI element (Searching: ;[VisibleOnly]ControlType='Window' &amp;&amp; Name='Customer: txt1 tdsfs' &amp;&amp; ClassName='ThunderRT6MDIForm') (The object specified was not found.)
\0&lt;/a&gt;
E, 3524, 13, 2012/11/12, 16:40:27.029, 6744281730643, QTAgent32.exe, Playback - [IMAGE] C:\Users\peter.zenin-ad\AppData\Local\Temp\UITestLogs\LastRun\RPFF4CE.png
\0
W, 3524, 13, 2012/11/12, 16:40:27.029, 6744281732787, QTAgent32.exe, Playback - [WARNING] Internal warning: Couldn't find descendants that match QueryId
\0
W, 3524, 13, 2012/11/12, 16:40:27.029, 6744281735758, QTAgent32.exe, PERF WARNING: FindTopLevelWindowHelper::FindAllDescendents: took 546 ms. Expected it to take maximum 500 ms.
W, 3524, 13, 2012/11/12, 16:40:27.497, 6744288425028, QTAgent32.exe, Playback - [WARNING] Internal warning: Smart Match failed
\0
W, 3524, 13, 2012/11/12, 16:40:27.669, 6744290876462, QTAgent32.exe, Playback - [WARNING] Internal warning: Smart Match failed
\0
W, 3524, 13, 2012/11/12, 16:40:27.841, 6744293332972, QTAgent32.exe, Playback - [WARNING] Internal warning: Smart Match failed
\0
W, 3524, 13, 2012/11/12, 16:40:28.012, 6744295791457, QTAgent32.exe, Playback - [WARNING] Internal warning: Smart Match failed
\0
W, 3524, 13, 2012/11/12, 16:40:28.184, 6744298247067, QTAgent32.exe, Playback - [WARNING] Internal warning: Smart Match failed
\0
W, 3524, 13, 2012/11/12, 16:40:28.355, 6744300706737, QTAgent32.exe, Playback - [WARNING] Internal warning: Smart Match failed
\0
W, 3524, 13, 2012/11/12, 16:40:28.527, 6744303160722, QTAgent32.exe, Playback - [WARNING] Internal warning: Smart Match failed
\0
W, 3524, 13, 2012/11/12, 16:40:28.699, 6744305621567, QTAgent32.exe, Playback - [WARNING] Internal warning: Smart Match failed
\0
W, 3524, 13, 2012/11/12, 16:40:28.870, 6744308077125, QTAgent32.exe, Playback - [WARNING] Internal warning: Smart Match failed
\0
W, 3524, 13, 2012/11/12, 16:40:29.042, 6744310535222, QTAgent32.exe, Playback - [WARNING] Internal warning: Smart Match failed
\0
W, 3524, 13, 2012/11/12, 16:40:29.214, 6744312986921, QTAgent32.exe, Playback - [WARNING] Internal warning: Smart Match failed
\0
W, 3524, 13, 2012/11/12, 16:40:29.385, 6744315445162, QTAgent32.exe, Playback - [WARNING] Internal warning: Smart Match failed
\0
W, 3524, 13, 2012/11/12, 16:40:29.557, 6744317909727, QTAgent32.exe, Playback - [WARNING] Internal warning: Smart Match failed
\0
W, 3524, 13, 2012/11/12, 16:40:29.728, 6744320359493, QTAgent32.exe, Playback - [WARNING] Internal warning: Smart Match failed
\0
W, 3524, 13, 2012/11/12, 16:40:29.900, 6744322823334, QTAgent32.exe, Playback - [WARNING] Internal warning: Smart Match failed
\0
W, 3524, 13, 2012/11/12, 16:40:30.072, 6744325274100, QTAgent32.exe, Playback - [WARNING] Internal warning: Smart Match failed
\0
W, 3524, 13, 2012/11/12, 16:40:30.134, 6744326101989, QTAgent32.exe, Playback - [WARNING] Internal warning: Window Not Found: [VisibleOnly]ControlType='Window' &amp;&amp; Name='Customer: txt1 tdsfs' &amp;&amp; ClassName='ThunderRT6MDIForm'
\0
E, 3524, 13, 2012/11/12, 16:40:30.134, 6744326104149, QTAgent32.exe, &lt;a class=failure&gt;Playback - {237} [FAILED] Function ElementFetcher::FindScreenElement failed to locate UI element (Searching: ;[VisibleOnly]ControlType='Window' &amp;&amp; Name='Customer: txt1 tdsfs' &amp;&amp; ClassName='ThunderRT6MDIForm') (The object specified was not found.)
\0&lt;/a&gt;
E, 3524, 13, 2012/11/12, 16:40:30.228, 6744327473502, QTAgent32.exe, Playback - [IMAGE] C:\Users\peter.zenin-ad\AppData\Local\Temp\UITestLogs\LastRun\RPF14D.png
\0
W, 3524, 13, 2012/11/12, 16:40:30.228, 6744327475697, QTAgent32.exe, Playback - [WARNING] Internal warning: Couldn't find descendants that match QueryId
\0
W, 3524, 13, 2012/11/12, 16:40:30.228, 6744327478701, QTAgent32.exe, PERF WARNING: FindTopLevelWindowHelper::FindAllDescendents: took 3194 ms. Expected it to take maximum 500 ms.
E, 3524, 13, 2012/11/12, 16:40:30.228, 6744327480512, QTAgent32.exe, Exception: System.Runtime.InteropServices.COMException
	Message: Error HRESULT E_FAIL has been returned from a call to a COM component.
	Stack Trace:    at Microsoft.VisualStudio.TestTools.UITest.Playback.Engine.IRPFPlayback.FindAllScreenElements(IScreenElement pScreenElementStart, String bstrQueryId, Object&amp; pvarResKeys, Int32 cResKeys, Int32 nMaxDepth, Object[]&amp; foundDescendants)
   at Microsoft.VisualStudio.TestTools.UITest.Playback.ScreenElement.FindTopLevelWindowHelper(String queryId)
	BaseExceptionMessage: Error HRESULT E_FAIL has been returned from a call to a COM component.

E, 3524, 13, 2012/11/12, 16:40:30.228, 6744327486173, QTAgent32.exe, Window 4458402 not responding. Last Win32 error 0
E, 3524, 13, 2012/11/12, 16:40:30.228, 6744327490235, QTAgent32.exe, Window 4458402 not responding. Last Win32 error 1400
E, 3524, 13, 2012/11/12, 16:40:30.228, 6744327495019, QTAgent32.exe, Window 4458402 not responding. Last Win32 error 1400
E, 3524, 13, 2012/11/12, 16:40:30.228, 6744327496335, QTAgent32.exe, GetClassName for handle 4458402 failed
E, 3524, 13, 2012/11/12, 16:40:30.228, 6744327497177, QTAgent32.exe, GetClassName for handle 4458402 failed
W, 3524, 13, 2012/11/12, 16:40:30.540, 6744332080983, QTAgent32.exe, Playback - [WARNING] Internal warning: Window Not Found: [VisibleOnly]ControlType='Window' &amp;&amp; Name='Customer: autotest autotest' &amp;&amp; ClassName='ThunderRT6MDIForm'
\0
E, 3524, 13, 2012/11/12, 16:40:30.540, 6744332083654, QTAgent32.exe, &lt;a class=failure&gt;Playback - {238} [FAILED] Function ElementFetcher::FindScreenElement failed to locate UI element (Searching: ;[VisibleOnly]ControlType='Window' &amp;&amp; Name='Customer: autotest autotest' &amp;&amp; ClassName='ThunderRT6MDIForm') (The object specified was not found.)
\0&lt;/a&gt;
E, 3524, 13, 2012/11/12, 16:40:30.633, 6744333335528, QTAgent32.exe, Playback - [IMAGE] C:\Users\peter.zenin-ad\AppData\Local\Temp\UITestLogs\LastRun\RPF2E4.png
\0
W, 3524, 13, 2012/11/12, 16:40:30.633, 6744333337689, QTAgent32.exe, Playback - [WARNING] Internal warning: Couldn't find descendants that match QueryId
\0
W, 3524, 13, 2012/11/12, 16:40:31.086, 6744339915469, QTAgent32.exe, Playback - [WARNING] Internal warning: Window Not Found: [VisibleOnly]ControlType='Window' &amp;&amp; Name='Customer: autotest autotest' &amp;&amp; ClassName='ThunderRT6MDIForm'
\0
E, 3524, 13, 2012/11/12, 16:40:31.101, 6744339919590, QTAgent32.exe, &lt;a class=failure&gt;Playback - {239} [FAILED] Function ElementFetcher::FindScreenElement failed to locate UI element (Searching: ;[VisibleOnly]ControlType='Window' &amp;&amp; Name='Customer: autotest autotest' &amp;&amp; ClassName='ThunderRT6MDIForm') (The object specified was not found.)
\0&lt;/a&gt;
E, 3524, 13, 2012/11/12, 16:40:31.179, 6744341171863, QTAgent32.exe, Playback - [IMAGE] C:\Users\peter.zenin-ad\AppData\Local\Temp\UITestLogs\LastRun\RPF516.png
\0
W, 3524, 13, 2012/11/12, 16:40:31.179, 6744341174035, QTAgent32.exe, Playback - [WARNING] Internal warning: Couldn't find descendants that match QueryId
\0
W, 3524, 13, 2012/11/12, 16:40:31.179, 6744341176968, QTAgent32.exe, PERF WARNING: FindTopLevelWindowHelper::FindAllDescendents: took 547 ms. Expected it to take maximum 500 ms.
W, 3524, 13, 2012/11/12, 16:40:31.647, 6744347834127, QTAgent32.exe, Playback - [WARNING] Internal warning: Smart Match failed
\0
W, 3524, 13, 2012/11/12, 16:40:31.819, 6744350297064, QTAgent32.exe, Playback - [WARNING] Internal warning: Smart Match failed
\0
W, 3524, 13, 2012/11/12, 16:40:31.990, 6744352753832, QTAgent32.exe, Playback - [WARNING] Internal warning: Smart Match failed
\0
W, 3524, 13, 2012/11/12, 16:40:32.178, 6744355357013, QTAgent32.exe, Playback - [WARNING] Internal warning: Smart Match failed
\0
W, 3524, 13, 2012/11/12, 16:40:32.334, 6744357662511, QTAgent32.exe, Playback - [WARNING] Internal warning: Smart Match failed
\0
W, 3524, 13, 2012/11/12, 16:40:32.505, 6744360119825, QTAgent32.exe, Playback - [WARNING] Internal warning: Smart Match failed
\0
W, 3524, 13, 2012/11/12, 16:40:32.677, 6744362583912, QTAgent32.exe, Playback - [WARNING] Internal warning: Smart Match failed
\0
W, 3524, 13, 2012/11/12, 16:40:32.848, 6744365035754, QTAgent32.exe, Playback - [WARNING] Internal warning: Smart Match failed
\0
W, 3524, 13, 2012/11/12, 16:40:33.020, 6744367491198, QTAgent32.exe, Playback - [WARNING] Internal warning: Smart Match failed
\0
W, 3524, 13, 2012/11/12, 16:40:33.192, 6744369946674, QTAgent32.exe, Playback - [WARNING] Internal warning: Smart Match failed
\0
W, 3524, 13, 2012/11/12, 16:40:33.363, 6744372410713, QTAgent32.exe, Playback - [WARNING] Internal warning: Smart Match failed
\0
W, 3524, 13, 2012/11/12, 16:40:33.535, 6744374868262, QTAgent32.exe, Playback - [WARNING] Internal warning: Smart Match failed
\0
W, 3524, 13, 2012/11/12, 16:40:33.706, 6744377318804, QTAgent32.exe, Playback - [WARNING] Internal warning: Smart Match failed
\0
W, 3524, 13, 2012/11/12, 16:40:33.878, 6744379777460, QTAgent32.exe, Playback - [WARNING] Internal warning: Smart Match failed
\0
W, 3524, 13, 2012/11/12, 16:40:34.050, 6744382232373, QTAgent32.exe, Playback - [WARNING] Internal warning: Smart Match failed
\0
W, 3524, 13, 2012/11/12, 16:40:34.221, 6744384694640, QTAgent32.exe, Playback - [WARNING] Internal warning: Smart Match failed
\0
W, 3524, 13, 2012/11/12, 16:40:34.284, 6744385556016, QTAgent32.exe, Playback - [WARNING] Internal warning: Window Not Found: [VisibleOnly]ControlType='Window' &amp;&amp; Name='Customer: autotest autotest' &amp;&amp; ClassName='ThunderRT6MDIForm'
\0
E, 3524, 13, 2012/11/12, 16:40:34.284, 6744385558328, QTAgent32.exe, &lt;a class=failure&gt;Playback - {240} [FAILED] Function ElementFetcher::FindScreenElement failed to locate UI element (Searching: ;[VisibleOnly]ControlType='Window' &amp;&amp; Name='Customer: autotest autotest' &amp;&amp; ClassName='ThunderRT6MDIForm') (The object specified was not found.)
\0&lt;/a&gt;
E, 3524, 13, 2012/11/12, 16:40:34.362, 6744386802740, QTAgent32.exe, Playback - [IMAGE] C:\Users\peter.zenin-ad\AppData\Local\Temp\UITestLogs\LastRun\RPF1186.png
\0
W, 3524, 13, 2012/11/12, 16:40:34.362, 6744386804889, QTAgent32.exe, Playback - [WARNING] Internal warning: Couldn't find descendants that match QueryId
\0
W, 3524, 13, 2012/11/12, 16:40:34.362, 6744386807854, QTAgent32.exe, PERF WARNING: FindTopLevelWindowHelper::FindAllDescendents: took 3186 ms. Expected it to take maximum 500 ms.
E, 3524, 13, 2012/11/12, 16:40:34.362, 6744386809658, QTAgent32.exe, Exception: System.Runtime.InteropServices.COMException
	Message: Error HRESULT E_FAIL has been returned from a call to a COM component.
	Stack Trace:    at Microsoft.VisualStudio.TestTools.UITest.Playback.Engine.IRPFPlayback.FindAllScreenElements(IScreenElement pScreenElementStart, String bstrQueryId, Object&amp; pvarResKeys, Int32 cResKeys, Int32 nMaxDepth, Object[]&amp; foundDescendants)
   at Microsoft.VisualStudio.TestTools.UITest.Playback.ScreenElement.FindTopLevelWindowHelper(String queryId)
	BaseExceptionMessage: Error HRESULT E_FAIL has been returned from a call to a COM component.

E, 3524, 13, 2012/11/12, 16:40:34.362, 6744386814307, QTAgent32.exe, Window 4458402 not responding. Last Win32 error 0
E, 3524, 13, 2012/11/12, 16:40:34.362, 6744386818234, QTAgent32.exe, Window 4458402 not responding. Last Win32 error 1400
E, 3524, 13, 2012/11/12, 16:40:34.377, 6744386825090, QTAgent32.exe, Window 4458402 not responding. Last Win32 error 1400
E, 3524, 13, 2012/11/12, 16:40:34.377, 6744386826407, QTAgent32.exe, GetClassName for handle 4458402 failed
E, 3524, 13, 2012/11/12, 16:40:34.377, 6744386827349, QTAgent32.exe, GetClassName for handle 4458402 failed
E, 3524, 13, 2012/11/12, 16:40:34.487, 6744388394793, QTAgent32.exe, AL: Playback Error: Microsoft.VisualStudio.TestTools.UITest.Extension.UITestControlNotFoundException: Unable to find the top level element of the control ---&gt; Microsoft.VisualStudio.TestTools.UITest.Extension.UITestControlNotFoundException: The playback failed to find the control with the given search properties. Additional Details: 
TechnologyName:  'MSAA'
ControlType:  'Window'
 ---&gt; System.Runtime.InteropServices.COMException: Error HRESULT E_FAIL has been returned from a call to a COM component.
   at Microsoft.VisualStudio.TestTools.UITest.Playback.Engine.IRPFPlayback.FindAllScreenElements(IScreenElement pScreenElementStart, String bstrQueryId, Object&amp; pvarResKeys, Int32 cResKeys, Int32 nMaxDepth, Object[]&amp; foundDescendants)
   at Microsoft.VisualStudio.TestTools.UITest.Playback.ScreenElement.FindTopLevelWindowHelper(String queryId)
   at Microsoft.VisualStudio.TestTools.UITest.Playback.ScreenElement.FindFromPartialQueryId(String queryId)
   at Microsoft.VisualStudio.TestTools.UITesting.UITestControl..ctor(String queryId)
   --- End of inner exception stack trace ---
   at Microsoft.VisualStudio.TestTools.UITesting.Playback.MapControlNotFoundException(COMException ex, IPlaybackContext context)
   at Microsoft.VisualStudio.TestTools.UITesting.Playback.MapAndThrowComException(COMException innerException, IPlaybackContext context)
   at Microsoft.VisualStudio.TestTools.UITesting.Playback.MapAndThrowException(SystemException exception, IPlaybackContext context)
   at Microsoft.VisualStudio.TestTools.UITesting.Playback.MapAndThrowException(SystemException exception, String queryId)
   at Microsoft.VisualStudio.TestTools.UITesting.UITestControl..ctor(String queryId)
   at Microsoft.VisualStudio.TestTools.UITesting.SearchHelper.SearchTopLevelWindow(ISearchArgument topLevelSearchArg, String topLevelElementQueryId)
   at Microsoft.VisualStudio.TestTools.UITesting.SearchHelper.SearchUsingMultipleTitles(ISearchArgument topLevelSearchArg, QueryId topLevelQueryId, IList`1 windowTitles)
   --- End of inner exception stack trace ---
   at Microsoft.VisualStudio.TestTools.UITesting.SearchHelper.SearchUsingMultipleTitles(ISearchArgument topLevelSearchArg, QueryId topLevelQueryId, IList`1 windowTitles)
   at Microsoft.VisualStudio.TestTools.UITesting.SearchHelper.GetTitleUpdatedTopLevelWindow(ISearchArgument topLevelSearchArg, String queryId, IList`1 windowTitles)
   at Microsoft.VisualStudio.TestTools.UITesting.SearchHelper.GetTopLevelElement(Boolean useCache, Boolean useCacheOnly, ISearchArgument searchArg, IList`1 windowTitles, Int32&amp; timeLeft)
   at Microsoft.VisualStudio.TestTools.UITesting.SearchHelper.GetElement(Boolean useCache, ISearchArgument searchArg)
   at Microsoft.VisualStudio.TestTools.UITesting.SearchHelper.Search(ISearchArgument searchArg)
   at Microsoft.VisualStudio.TestTools.UITesting.UITestControl.FindInternal()
   at Microsoft.VisualStudio.TestTools.UITesting.UITestControl.FindControlIfNecessary()
   at Microsoft.VisualStudio.TestTools.UITesting.UITestControl.Click(MouseButtons button, ModifierKeys modifierKeys, Point relativeCoordinates)
   at Microsoft.VisualStudio.TestTools.UITesting.Mouse.ClickImplementation(UITestControl control, MouseButtons button, ModifierKeys modifierKeys, Point relativeCoordinate)
   at Microsoft.VisualStudio.TestTools.UITesting.Mouse.ClickImplementationWrapper(UITestControl control, MouseButtons button, ModifierKeys modifierKeys, Point relativeCoordinate)
W, 3524, 13, 2012/11/12, 16:40:34.487, 6744388397130, QTAgent32.exe, PlaybackErrorHandler: Ignoring exception as ContinueOnError is set.
W, 3524, 13, 2012/11/12, 16:40:34.830, 6744393408353, QTAgent32.exe, &lt;a class=success&gt;Playback - {241} [SUCCESS] MouseButtonClick - "[MSAA, VisibleOnly]ControlType='Button' &amp;&amp; Name='Close'"
\0&lt;/a&gt;
W, 3524, 13, 2012/11/12, 16:40:39.369, 6744458345702, QTAgent32.exe, IEDOM : StopSession of the plugin called before StartSession
W, 3524, 13, 2012/11/12, 16:40:39.369, 6744458346995, QTAgent32.exe, UIA : StopSession of the plugin called before StartSession
W, 3524, 13, 2012/11/12, 16:40:39.369, 6744458347696, QTAgent32.exe, SLPlugin : StopSession of the plugin called before StartSession
</DebugTrace>
      </Output>
    </UnitTestResult>
    <UnitTestResult executionId="301aecaa-1f4a-4d71-8929-246aa3875a0e" testId="cc49fe58-5f78-ea01-6c4b-c4ec9db0e41d" testName="HouseTest17" computerName="ICLVDEVAP01" duration="00:07:30.5131585" startTime="2012-11-12T16:40:39.3699934+00:00" endTime="2012-11-12T16:48:09.9415190+00:00" testType="13cdc9d9-ddb5-4fa4-a97d-d965ccfc6d4b" outcome="Failed" testListId="8c84fa94-04c1-424b-9868-57a2d4851a1d" relativeResultsDirectory="301aecaa-1f4a-4d71-8929-246aa3875a0e">
      <Output>
        <DebugTrace>W, 3524, 27, 2012/11/12, 16:40:39.401, 6744458765991, QTAgent32.exe, ExtensionFramework : A Technology Manager with name Web is already registered.
W, 3524, 27, 2012/11/12, 16:40:40.321, 6744471930693, QTAgent32.exe, &lt;a class=success&gt;Playback - {1} [SUCCESS] MouseButtonClick - "[MSAA, VisibleOnly]ControlType='Edit'"
\0&lt;/a&gt;
W, 3524, 27, 2012/11/12, 16:40:40.586, 6744475726987, QTAgent32.exe, &lt;a class=success&gt;Playback - {2} [SUCCESS] SendKeys "[*]" - "[MSAA, VisibleOnly]ControlType='Edit'"
\0&lt;/a&gt;
W, 3524, 27, 2012/11/12, 16:40:41.616, 6744490557004, QTAgent32.exe, &lt;a class=success&gt;Playback - {3} [SUCCESS] MouseButtonClick - "[MSAA, VisibleOnly]ControlType='Button' &amp;&amp; Name='OK'"
\0&lt;/a&gt;
W, 3524, 27, 2012/11/12, 16:40:42.458, 6744502736185, QTAgent32.exe, &lt;a class=success&gt;Playback - {4} [SUCCESS] MouseButtonClick - "[MSAA, VisibleOnly]ControlType='Button' &amp;&amp; Name='OK'"
\0&lt;/a&gt;
W, 3524, 27, 2012/11/12, 16:40:43.129, 6744512223200, QTAgent32.exe, &lt;a class=success&gt;Playback - {5} [SUCCESS] TypeString "#(R)"
\0&lt;/a&gt;
E, 3524, 27, 2012/11/12, 16:40:43.285, 6744514467557, QTAgent32.exe, Exception: System.ArgumentException
	Message: Value does not fall within the expected range.
	Stack Trace:    at Accessibility.IAccessible.get_accRole(Object varChild)
   at Microsoft.VisualStudio.TestTools.UITest.Extension.Msaa.AccWrapper.get_RoleInt()
	BaseExceptionMessage: Value does not fall within the expected range.

E, 3524, 27, 2012/11/12, 16:40:43.301, 6744514621974, QTAgent32.exe, Exception: System.ArgumentException
	Message: Value does not fall within the expected range.
	Stack Trace:    at Accessibility.IAccessible.get_accRole(Object varChild)
   at Microsoft.VisualStudio.TestTools.UITest.Extension.Msaa.AccWrapper.get_RoleInt()
	BaseExceptionMessage: Value does not fall within the expected range.

W, 3524, 27, 2012/11/12, 16:40:43.800, 6744521739904, QTAgent32.exe, &lt;a class=success&gt;Playback - {6} [SUCCESS] LeftButtonClick  &lt; Mouse cursor location (87, 908) &gt;
\0&lt;/a&gt;
W, 3524, 27, 2012/11/12, 16:40:44.892, 6744537375354, QTAgent32.exe, &lt;a class=success&gt;Playback - {7} [SUCCESS] SetValueAsEditBox "c:\TestProject7\ourmma.reg"  &lt; Set via SendKeys &gt;
\0&lt;/a&gt;
W, 3524, 27, 2012/11/12, 16:40:44.892, 6744537377644, QTAgent32.exe, &lt;a class=success&gt;Playback - {8} [SUCCESS] SetValueAsComboBox "c:\TestProject7\ourmma.reg" - "[MSAA, VisibleOnly]ControlType='ComboBox' &amp;&amp; Name='Open:'"  &lt; Set via SetValueAsEditBox &gt;
\0&lt;/a&gt;
W, 3524, 27, 2012/11/12, 16:40:45.329, 6744543776163, QTAgent32.exe, &lt;a class=success&gt;Playback - {9} [SUCCESS] MouseButtonClick - "[MSAA, VisibleOnly]ControlType='Button' &amp;&amp; Name='OK'"
\0&lt;/a&gt;
W, 3524, 27, 2012/11/12, 16:40:46.031, 6744553742025, QTAgent32.exe, &lt;a class=success&gt;Playback - {10} [SUCCESS] MouseButtonClick - "[MSAA, VisibleOnly]ControlType='Button' &amp;&amp; Name='Yes'"
\0&lt;/a&gt;
W, 3524, 27, 2012/11/12, 16:40:46.546, 6744561108574, QTAgent32.exe, &lt;a class=success&gt;Playback - {11} [SUCCESS] MouseButtonClick - "[MSAA, VisibleOnly]ControlType='Button' &amp;&amp; Name='OK'"
\0&lt;/a&gt;
W, 3524, 27, 2012/11/12, 16:40:47.029, 6744567997612, QTAgent32.exe, &lt;a class=success&gt;Playback - {12} [SUCCESS] MouseButtonClick - "[MSAA, VisibleOnly]ControlType='Button' &amp;&amp; Name='Clients &amp; Files'"
\0&lt;/a&gt;
W, 3524, 27, 2012/11/12, 16:40:47.950, 6744581165514, QTAgent32.exe, Playback - [WARNING] Internal warning: Window Not Found: [VisibleOnly]ControlType='Window' &amp;&amp; Name='Customer: txt1 tdsfs' &amp;&amp; ClassName='ThunderRT6MDIForm'
\0
E, 3524, 27, 2012/11/12, 16:40:47.950, 6744581168232, QTAgent32.exe, &lt;a class=failure&gt;Playback - {13} [FAILED] Function ElementFetcher::FindScreenElement failed to locate UI element (Searching: ;[VisibleOnly]ControlType='Window' &amp;&amp; Name='Customer: txt1 tdsfs' &amp;&amp; ClassName='ThunderRT6MDIForm') (The object specified was not found.)
\0&lt;/a&gt;
E, 3524, 27, 2012/11/12, 16:40:48.028, 6744582409282, QTAgent32.exe, Playback - [IMAGE] C:\Users\peter.zenin-ad\AppData\Local\Temp\UITestLogs\LastRun\RPF46E8.png
\0
W, 3524, 27, 2012/11/12, 16:40:48.028, 6744582411339, QTAgent32.exe, Playback - [WARNING] Internal warning: Couldn't find descendants that match QueryId
\0
W, 3524, 27, 2012/11/12, 16:40:48.028, 6744582414320, QTAgent32.exe, PERF WARNING: FindTopLevelWindowHelper::FindAllDescendents: took 836 ms. Expected it to take maximum 500 ms.
W, 3524, 27, 2012/11/12, 16:41:06.078, 6744840721104, QTAgent32.exe, Playback - [WARNING] Internal warning: Window Not Found: [VisibleOnly]ControlType='Window' &amp;&amp; Name='Customer: txt1 tdsfs' &amp;&amp; ClassName='ThunderRT6MDIForm'
\0
E, 3524, 27, 2012/11/12, 16:41:06.078, 6744840723835, QTAgent32.exe, &lt;a class=failure&gt;Playback - {14} [FAILED] Function ElementFetcher::FindScreenElement failed to locate UI element (Searching: ;[VisibleOnly]ControlType='Window' &amp;&amp; Name='Customer: txt1 tdsfs' &amp;&amp; ClassName='ThunderRT6MDIForm') (The object specified was not found.)
\0&lt;/a&gt;
E, 3524, 27, 2012/11/12, 16:41:06.171, 6744842099387, QTAgent32.exe, Playback - [IMAGE] C:\Users\peter.zenin-ad\AppData\Local\Temp\UITestLogs\LastRun\RPF8DB9.png
\0
W, 3524, 27, 2012/11/12, 16:41:06.171, 6744842101509, QTAgent32.exe, Playback - [WARNING] Internal warning: Couldn't find descendants that match QueryId
\0
W, 3524, 27, 2012/11/12, 16:41:06.171, 6744842104449, QTAgent32.exe, PERF WARNING: FindTopLevelWindowHelper::FindAllDescendents: took 18136 ms. Expected it to take maximum 500 ms.
W, 3524, 27, 2012/11/12, 16:41:06.749, 6744850341011, QTAgent32.exe, Playback - [WARNING] Internal warning: Window with Class "ThunderRT6MDIForm" and Title "Customer: txt1 tdsfs" was not found, so similar window with Class "ThunderRT6MDIForm" and Title "Customer: autotest" was accepted
\0
W, 3524, 27, 2012/11/12, 16:41:06.749, 6744850344827, QTAgent32.exe, PERF WARNING: FindTopLevelWindowHelper::FindAllDescendents: took 575 ms. Expected it to take maximum 500 ms.
W, 3524, 27, 2012/11/12, 16:41:07.217, 6744857175747, QTAgent32.exe, Playback - [WARNING] Internal warning: Incorrect flag set for InvokeProgrammaticAction\0
W, 3524, 27, 2012/11/12, 16:41:07.544, 6744861718539, QTAgent32.exe, &lt;a class=success&gt;Playback - {15} [SUCCESS] SetValueAsComboBox "Customers" - "[MSAA, VisibleOnly]ControlType='ComboBox'"  &lt; SetValueAsComboBox, set by clicking on the item in the list box &gt;
\0&lt;/a&gt;
W, 3524, 27, 2012/11/12, 16:41:08.199, 6744871203919, QTAgent32.exe, &lt;a class=success&gt;Playback - {16} [SUCCESS] MouseButtonClick - "[MSAA, VisibleOnly]ControlType='Button' &amp;&amp; Name='Add'"
\0&lt;/a&gt;
W, 3524, 27, 2012/11/12, 16:41:08.605, 6744876888664, QTAgent32.exe, &lt;a class=success&gt;Playback - {17} [SUCCESS] SendKeys "autotest" - "[MSAA, VisibleOnly]ControlType='RadioButton' &amp;&amp; Name='Personal Lines'"
\0&lt;/a&gt;
W, 3524, 27, 2012/11/12, 16:41:09.089, 6744883819213, QTAgent32.exe, &lt;a class=success&gt;Playback - {18} [SUCCESS] SetValueAsEditBox "autotest" - "[MSAA, VisibleOnly]ControlType='Edit'"  &lt; Set via SendKeys &gt;
\0&lt;/a&gt;
W, 3524, 27, 2012/11/12, 16:41:09.650, 6744891877049, QTAgent32.exe, &lt;a class=success&gt;Playback - {19} [SUCCESS] MouseButtonClick - "[MSAA, VisibleOnly]ControlType='Button' &amp;&amp; Name='OK'"
\0&lt;/a&gt;
W, 3524, 27, 2012/11/12, 16:41:10.243, 6744900488431, QTAgent32.exe, &lt;a class=success&gt;Playback - {20} [SUCCESS] MouseButtonClick - "[MSAA, VisibleOnly]ControlType='Button' &amp;&amp; Name='Yes'"
\0&lt;/a&gt;
W, 3524, 27, 2012/11/12, 16:41:10.461, 6744903466762, QTAgent32.exe, &lt;a class=success&gt;Playback - {21} [SUCCESS] SendKeys "^{HOME}" - "[MSAA, VisibleOnly]ControlType='Edit'"
\0&lt;/a&gt;
E, 3524, 27, 2012/11/12, 16:41:10.461, 6744903469321, QTAgent32.exe, Msaa.GetFocusedElement: could not find accessible object of foreground window
W, 3524, 27, 2012/11/12, 16:41:10.555, 6744904808207, QTAgent32.exe, &lt;a class=success&gt;Playback - {22} [SUCCESS] SendKeys "^+{END}" - "[MSAA, VisibleOnly]ControlType='Edit'"
\0&lt;/a&gt;
E, 3524, 27, 2012/11/12, 16:41:10.555, 6744904810782, QTAgent32.exe, Msaa.GetFocusedElement: could not find accessible object of foreground window
W, 3524, 27, 2012/11/12, 16:41:10.571, 6744905034192, QTAgent32.exe, &lt;a class=success&gt;Playback - {23} [SUCCESS] SendKeys "{DELETE}" - "[MSAA, VisibleOnly]ControlType='Edit'"
\0&lt;/a&gt;
W, 3524, 27, 2012/11/12, 16:41:10.649, 6744906152749, QTAgent32.exe, &lt;a class=success&gt;Playback - {24} [SUCCESS] SetValueAsEditBox "1" - "[MSAA, VisibleOnly]ControlType='Edit'"  &lt; Set via SendKeys &gt;
\0&lt;/a&gt;
W, 3524, 27, 2012/11/12, 16:41:10.883, 6744909499417, QTAgent32.exe, &lt;a class=success&gt;Playback - {25} [SUCCESS] SendKeys "^{HOME}" - "[MSAA, VisibleOnly]ControlType='Edit'"
\0&lt;/a&gt;
E, 3524, 27, 2012/11/12, 16:41:10.883, 6744909501875, QTAgent32.exe, Msaa.GetFocusedElement: could not find accessible object of foreground window
W, 3524, 27, 2012/11/12, 16:41:10.961, 6744910615020, QTAgent32.exe, &lt;a class=success&gt;Playback - {26} [SUCCESS] SendKeys "^+{END}" - "[MSAA, VisibleOnly]ControlType='Edit'"
\0&lt;/a&gt;
E, 3524, 27, 2012/11/12, 16:41:10.961, 6744910617026, QTAgent32.exe, Msaa.GetFocusedElement: could not find accessible object of foreground window
W, 3524, 27, 2012/11/12, 16:41:10.976, 6744910839309, QTAgent32.exe, &lt;a class=success&gt;Playback - {27} [SUCCESS] SendKeys "{DELETE}" - "[MSAA, VisibleOnly]ControlType='Edit'"
\0&lt;/a&gt;
W, 3524, 27, 2012/11/12, 16:41:11.054, 6744911959157, QTAgent32.exe, &lt;a class=success&gt;Playback - {28} [SUCCESS] SetValueAsEditBox "1" - "[MSAA, VisibleOnly]ControlType='Edit'"  &lt; Set via SendKeys &gt;
\0&lt;/a&gt;
W, 3524, 27, 2012/11/12, 16:41:11.569, 6744919451542, QTAgent32.exe, &lt;a class=success&gt;Playback - {29} [SUCCESS] MouseButtonClick - "[MSAA, VisibleOnly]ControlType='Button' &amp;&amp; Name='OK'"
\0&lt;/a&gt;
W, 3524, 27, 2012/11/12, 16:41:12.084, 6744926892364, QTAgent32.exe, &lt;a class=success&gt;Playback - {30} [SUCCESS] MouseButtonClick - "[MSAA, VisibleOnly]ControlType='Button'"
\0&lt;/a&gt;
W, 3524, 27, 2012/11/12, 16:41:12.599, 6744934136056, QTAgent32.exe, &lt;a class=success&gt;Playback - {31} [SUCCESS] MouseButtonClick - "[MSAA, VisibleOnly]ControlType='Button' &amp;&amp; Name='Add'"
\0&lt;/a&gt;
W, 3524, 27, 2012/11/12, 16:41:13.098, 6744941402235, QTAgent32.exe, &lt;a class=success&gt;Playback - {32} [SUCCESS] MouseButtonClick - "[MSAA, VisibleOnly]ControlType='Button' &amp;&amp; Name='OK'"
\0&lt;/a&gt;
W, 3524, 27, 2012/11/12, 16:41:15.610, 6744977177309, QTAgent32.exe, &lt;a class=success&gt;Playback - {33} [SUCCESS] MouseButtonClick - "[MSAA, VisibleOnly,Window]ControlType='Window' &amp;&amp; ClassName='ThunderRT6TextBox'"
\0&lt;/a&gt;
W, 3524, 27, 2012/11/12, 16:41:15.953, 6744982097662, QTAgent32.exe, &lt;a class=success&gt;Playback - {34} [SUCCESS] SetValueAsEditBox "HOME" - "[MSAA, VisibleOnly]ControlType='Edit'"  &lt; Set via SendKeys &gt;
\0&lt;/a&gt;
W, 3524, 27, 2012/11/12, 16:41:16.468, 6744989661268, QTAgent32.exe, &lt;a class=success&gt;Playback - {35} [SUCCESS] MouseButtonClick - "[MSAA, VisibleOnly]ControlType='Button' &amp;&amp; Name='OK'"
\0&lt;/a&gt;
W, 3524, 27, 2012/11/12, 16:41:16.905, 6744995785430, QTAgent32.exe, &lt;a class=success&gt;Playback - {36} [SUCCESS] MouseButtonClick - "[MSAA, VisibleOnly]ControlType='Button' &amp;&amp; Name='Options'"
\0&lt;/a&gt;
W, 3524, 27, 2012/11/12, 16:41:17.014, 6744997284570, QTAgent32.exe, FindScreenElementInSinglePass : Attempting to find control in one pass of search. Failures can occur.
W, 3524, 27, 2012/11/12, 16:41:17.185, 6744999739004, QTAgent32.exe, &lt;a class=success&gt;Playback - {37} [SUCCESS] MouseButtonClick - "[MSAA]ControlType='MenuItem' &amp;&amp; Name='Links'"
\0&lt;/a&gt;
W, 3524, 27, 2012/11/12, 16:41:17.295, 6745001306236, QTAgent32.exe, FindScreenElementInSinglePass : Attempting to find control in one pass of search. Failures can occur.
W, 3524, 27, 2012/11/12, 16:41:17.482, 6745003981744, QTAgent32.exe, &lt;a class=success&gt;Playback - {38} [SUCCESS] MouseButtonClick - "[MSAA]ControlType='MenuItem' &amp;&amp; Name='3rd Party Integration'"
\0&lt;/a&gt;
W, 3524, 27, 2012/11/12, 16:41:17.591, 6745005550272, QTAgent32.exe, FindScreenElementInSinglePass : Attempting to find control in one pass of search. Failures can occur.
W, 3524, 27, 2012/11/12, 16:41:17.778, 6745008254252, QTAgent32.exe, &lt;a class=success&gt;Playback - {39} [SUCCESS] MouseButtonClick - "[MSAA]ControlType='MenuItem' &amp;&amp; Name='Quote Select List'"
\0&lt;/a&gt;
W, 3524, 27, 2012/11/12, 16:41:19.572, 6745033932405, QTAgent32.exe, PERF WARNING: FindTopLevelWindowHelper::FindAllDescendents: took 1653 ms. Expected it to take maximum 500 ms.
W, 3524, 27, 2012/11/12, 16:41:20.259, 6745043743901, QTAgent32.exe, &lt;a class=success&gt;Playback - {40} [SUCCESS] MouseButtonClick - "[MSAA, VisibleOnly]ControlType='Button' &amp;&amp; Name='Ok'"
\0&lt;/a&gt;
W, 3524, 27, 2012/11/12, 16:41:23.706, 6745093146722, QTAgent32.exe, PERF WARNING: FindTopLevelWindowHelper::FindAllDescendents: took 3336 ms. Expected it to take maximum 500 ms.
W, 3524, 27, 2012/11/12, 16:41:23.831, 6745094893139, QTAgent32.exe, &lt;a class=success&gt;Playback - {41} [SUCCESS] SendKeys "^{HOME}" - "[MSAA, VisibleOnly]ControlType='Edit'"
\0&lt;/a&gt;
E, 3524, 27, 2012/11/12, 16:41:23.831, 6745094896095, QTAgent32.exe, Msaa.GetFocusedElement: could not find accessible object of foreground window
W, 3524, 27, 2012/11/12, 16:41:23.909, 6745096010554, QTAgent32.exe, &lt;a class=success&gt;Playback - {42} [SUCCESS] SendKeys "^+{END}" - "[MSAA, VisibleOnly]ControlType='Edit'"
\0&lt;/a&gt;
E, 3524, 27, 2012/11/12, 16:41:23.909, 6745096013368, QTAgent32.exe, Msaa.GetFocusedElement: could not find accessible object of foreground window
W, 3524, 27, 2012/11/12, 16:41:23.925, 6745096232169, QTAgent32.exe, &lt;a class=success&gt;Playback - {43} [SUCCESS] SendKeys "{DELETE}" - "[MSAA, VisibleOnly]ControlType='Edit'"
\0&lt;/a&gt;
W, 3524, 27, 2012/11/12, 16:41:24.268, 6745101150570, QTAgent32.exe, &lt;a class=success&gt;Playback - {44} [SUCCESS] SetValueAsEditBox "19/11/12" - "[MSAA, VisibleOnly]ControlType='Edit'"  &lt; Set via SendKeys &gt;
\0&lt;/a&gt;
W, 3524, 27, 2012/11/12, 16:41:24.674, 6745106961063, QTAgent32.exe, &lt;a class=success&gt;Playback - {45} [SUCCESS] SetValueAsEditBox "test1" - "[MSAA, VisibleOnly]ControlType='Edit'"  &lt; Set via SendKeys &gt;
\0&lt;/a&gt;
W, 3524, 27, 2012/11/12, 16:41:25.032, 6745112093921, QTAgent32.exe, &lt;a class=success&gt;Playback - {46} [SUCCESS] SetValueAsEditBox "test" - "[MSAA, VisibleOnly]ControlType='Edit'"  &lt; Set via SendKeys &gt;
\0&lt;/a&gt;
W, 3524, 27, 2012/11/12, 16:41:25.251, 6745115217949, QTAgent32.exe, &lt;a class=success&gt;Playback - {47} [SUCCESS] SendKeys "^{HOME}" - "[MSAA, VisibleOnly]ControlType='Edit'"
\0&lt;/a&gt;
E, 3524, 27, 2012/11/12, 16:41:25.251, 6745115220733, QTAgent32.exe, Msaa.GetFocusedElement: could not find accessible object of foreground window
W, 3524, 27, 2012/11/12, 16:41:25.329, 6745116336889, QTAgent32.exe, &lt;a class=success&gt;Playback - {48} [SUCCESS] SendKeys "^+{END}" - "[MSAA, VisibleOnly]ControlType='Edit'"
\0&lt;/a&gt;
E, 3524, 27, 2012/11/12, 16:41:25.329, 6745116339682, QTAgent32.exe, Msaa.GetFocusedElement: could not find accessible object of foreground window
W, 3524, 27, 2012/11/12, 16:41:25.344, 6745116557112, QTAgent32.exe, &lt;a class=success&gt;Playback - {49} [SUCCESS] SendKeys "{DELETE}" - "[MSAA, VisibleOnly]ControlType='Edit'"
\0&lt;/a&gt;
W, 3524, 27, 2012/11/12, 16:41:25.532, 6745119241760, QTAgent32.exe, &lt;a class=success&gt;Playback - {50} [SUCCESS] SetValueAsEditBox "test" - "[MSAA, VisibleOnly]ControlType='Edit'"  &lt; Set via SendKeys &gt;
\0&lt;/a&gt;
W, 3524, 27, 2012/11/12, 16:41:26.109, 6745127676744, QTAgent32.exe, Playback - [WARNING] Internal warning: Incorrect flag set for InvokeProgrammaticAction\0
W, 3524, 27, 2012/11/12, 16:41:26.437, 6745132207628, QTAgent32.exe, &lt;a class=success&gt;Playback - {51} [SUCCESS] SetValueAsComboBox "Account Director" - "[MSAA, VisibleOnly]ControlType='ComboBox'"  &lt; SetValueAsComboBox, set by clicking on the item in the list box &gt;
\0&lt;/a&gt;
W, 3524, 27, 2012/11/12, 16:41:27.029, 6745140723640, QTAgent32.exe, Playback - [WARNING] Internal warning: Incorrect flag set for InvokeProgrammaticAction\0
W, 3524, 27, 2012/11/12, 16:41:27.357, 6745145387169, QTAgent32.exe, &lt;a class=success&gt;Playback - {52} [SUCCESS] SetValueAsComboBox "Advertising" - "[MSAA, VisibleOnly]ControlType='ComboBox'"  &lt; SetValueAsComboBox, set by clicking on the item in the list box &gt;
\0&lt;/a&gt;
W, 3524, 27, 2012/11/12, 16:41:27.794, 6745151632178, QTAgent32.exe, &lt;a class=success&gt;Playback - {53} [SUCCESS] SetValueAsEditBox "160589" - "[MSAA, VisibleOnly]ControlType='Edit'"  &lt; Set via SendKeys &gt;
\0&lt;/a&gt;
W, 3524, 27, 2012/11/12, 16:41:28.231, 6745157885265, QTAgent32.exe, &lt;a class=success&gt;Playback - {54} [SUCCESS] MouseButtonClick - "[MSAA, VisibleOnly]ControlType='Edit'"
\0&lt;/a&gt;
W, 3524, 27, 2012/11/12, 16:41:28.652, 6745163915669, QTAgent32.exe, &lt;a class=success&gt;Playback - {55} [SUCCESS] SetValueAsEditBox "BN16BN" - "[MSAA, VisibleOnly]ControlType='Edit'"  &lt; Set via SendKeys &gt;
\0&lt;/a&gt;
W, 3524, 27, 2012/11/12, 16:41:31.054, 6745198309560, QTAgent32.exe, &lt;a class=success&gt;Playback - {56} [SUCCESS] MouseButtonClick - "[MSAA, VisibleOnly]ControlType='Button' &amp;&amp; Name='Lookup...'"
\0&lt;/a&gt;
W, 3524, 27, 2012/11/12, 16:41:31.507, 6745204918576, QTAgent32.exe, &lt;a class=success&gt;Playback - {57} [SUCCESS] MouseButtonClick - "[MSAA, VisibleOnly]ControlType='Button' &amp;&amp; Name='Ok'"
\0&lt;/a&gt;
W, 3524, 27, 2012/11/12, 16:41:31.990, 6745211801451, QTAgent32.exe, &lt;a class=success&gt;Playback - {58} [SUCCESS] MouseButtonClick - "[MSAA, VisibleOnly]ControlType='Button' &amp;&amp; Name='Next &gt;'"
\0&lt;/a&gt;
W, 3524, 27, 2012/11/12, 16:41:32.427, 6745217970624, QTAgent32.exe, &lt;a class=success&gt;Playback - {59} [SUCCESS] SetValueAsEditBox "1989" - "[MSAA, VisibleOnly]ControlType='Edit'"  &lt; Set via SendKeys &gt;
\0&lt;/a&gt;
W, 3524, 27, 2012/11/12, 16:41:32.895, 6745224786647, QTAgent32.exe, &lt;a class=success&gt;Playback - {60} [SUCCESS] MouseButtonClick - "[MSAA, VisibleOnly]ControlType='Button' &amp;&amp; Name='Next &gt;'"
\0&lt;/a&gt;
W, 3524, 27, 2012/11/12, 16:41:33.114, 6745227946362, QTAgent32.exe, &lt;a class=success&gt;Playback - {61} [SUCCESS] MouseButtonClick - "[MSAA, VisibleOnly]ControlType='Button' &amp;&amp; Name='Next &gt;'"
\0&lt;/a&gt;
W, 3524, 27, 2012/11/12, 16:41:33.363, 6745231467873, QTAgent32.exe, &lt;a class=success&gt;Playback - {62} [SUCCESS] MouseButtonClick - "[MSAA, VisibleOnly]ControlType='Button' &amp;&amp; Name='Next &gt;'"
\0&lt;/a&gt;
W, 3524, 27, 2012/11/12, 16:41:33.800, 6745237626611, QTAgent32.exe, &lt;a class=success&gt;Playback - {63} [SUCCESS] SetValueAsEditBox "2345" - "[MSAA, VisibleOnly]ControlType='Edit'"  &lt; Set via SendKeys &gt;
\0&lt;/a&gt;
W, 3524, 27, 2012/11/12, 16:41:34.252, 6745244105265, QTAgent32.exe, &lt;a class=success&gt;Playback - {64} [SUCCESS] SetValueAsEditBox "2000" - "[MSAA, VisibleOnly]ControlType='Edit'"  &lt; Set via SendKeys &gt;
\0&lt;/a&gt;
W, 3524, 27, 2012/11/12, 16:41:34.705, 6745250582051, QTAgent32.exe, &lt;a class=success&gt;Playback - {65} [SUCCESS] SetValueAsEditBox "2000" - "[MSAA, VisibleOnly]ControlType='Edit'"  &lt; Set via SendKeys &gt;
\0&lt;/a&gt;
W, 3524, 27, 2012/11/12, 16:41:34.923, 6745253874052, QTAgent32.exe, &lt;a class=success&gt;Playback - {66} [SUCCESS] MouseButtonClick - "[MSAA, VisibleOnly]ControlType='Button' &amp;&amp; Name='Next &gt;'"
\0&lt;/a&gt;
W, 3524, 27, 2012/11/12, 16:41:35.360, 6745259964369, QTAgent32.exe, &lt;a class=success&gt;Playback - {67} [SUCCESS] SetValueAsEditBox "2345" - "[MSAA, VisibleOnly]ControlType='Edit'"  &lt; Set via SendKeys &gt;
\0&lt;/a&gt;
W, 3524, 27, 2012/11/12, 16:41:35.734, 6745265512085, QTAgent32.exe, &lt;a class=success&gt;Playback - {68} [SUCCESS] MouseButtonClick - "[MSAA, VisibleOnly]ControlType='Button' &amp;&amp; Name='Next &gt;'"
\0&lt;/a&gt;
W, 3524, 27, 2012/11/12, 16:41:36.124, 6745270977685, QTAgent32.exe, &lt;a class=success&gt;Playback - {69} [SUCCESS] MouseButtonClick - "[MSAA, VisibleOnly]ControlType='Button' &amp;&amp; Name='Next &gt;'"
\0&lt;/a&gt;
W, 3524, 27, 2012/11/12, 16:41:36.421, 6745275215234, QTAgent32.exe, &lt;a class=success&gt;Playback - {70} [SUCCESS] MouseButtonClick - "[MSAA, VisibleOnly]ControlType='Button' &amp;&amp; Name='Quote'"
\0&lt;/a&gt;
W, 3524, 27, 2012/11/12, 16:41:37.014, 6745283696397, QTAgent32.exe, &lt;a class=success&gt;Playback - {71} [SUCCESS] MouseButtonClick - "[MSAA, VisibleOnly]ControlType='Button' &amp;&amp; Name='No'"
\0&lt;/a&gt;
W, 3524, 27, 2012/11/12, 16:41:37.326, 6745288243655, QTAgent32.exe, Playback - [WARNING] Internal warning: The window that the search started from became invalid
\0
W, 3524, 27, 2012/11/12, 16:41:40.399, 6745332102399, QTAgent32.exe, PERF WARNING: FindTopLevelWindowHelper::FindAllDescendents: took 3275 ms. Expected it to take maximum 500 ms.
W, 3524, 27, 2012/11/12, 16:41:40.727, 6745336798648, QTAgent32.exe, &lt;a class=success&gt;Playback - {72} [SUCCESS] MouseButtonClick - "[MSAA, VisibleOnly]ControlType='Client'"
\0&lt;/a&gt;
W, 3524, 27, 2012/11/12, 16:41:42.256, 6745358793067, QTAgent32.exe, &lt;a class=success&gt;Playback - {73} [SUCCESS] SendKeys "{Home}" - "[MSAA, VisibleOnly]ControlType='Client'"
\0&lt;/a&gt;
W, 3524, 27, 2012/11/12, 16:41:42.817, 6745366859656, QTAgent32.exe, &lt;a class=success&gt;Playback - {74} [SUCCESS] MouseButtonClick - "[MSAA, VisibleOnly]ControlType='Button' &amp;&amp; Name='Accept'"
\0&lt;/a&gt;
W, 3524, 27, 2012/11/12, 16:41:43.270, 6745373355930, QTAgent32.exe, &lt;a class=success&gt;Playback - {75} [SUCCESS] MouseButtonClick - "[MSAA, VisibleOnly]ControlType='Button' &amp;&amp; Name='Yes'"
\0&lt;/a&gt;
W, 3524, 27, 2012/11/12, 16:41:45.719, 6745408270317, QTAgent32.exe, &lt;a class=success&gt;Playback - {76} [SUCCESS] MouseButtonClick - "[MSAA, VisibleOnly]ControlType='Button' &amp;&amp; Name='Ok'"
\0&lt;/a&gt;
W, 3524, 27, 2012/11/12, 16:41:57.341, 6745574684497, QTAgent32.exe, Playback - [WARNING] Internal warning: Window Not Found: [VisibleOnly]ControlType='Window' &amp;&amp; Name='Save the file as' &amp;&amp; ClassName='#32770'
\0
E, 3524, 27, 2012/11/12, 16:41:57.341, 6745574687430, QTAgent32.exe, &lt;a class=failure&gt;Playback - {77} [FAILED] Function ElementFetcher::FindScreenElement failed to locate UI element (Searching: ;[VisibleOnly]ControlType='Window' &amp;&amp; Name='Save the file as' &amp;&amp; ClassName='#32770') (The object specified was not found.)
\0&lt;/a&gt;
E, 3524, 27, 2012/11/12, 16:41:57.419, 6745575908172, QTAgent32.exe, Playback - [IMAGE] C:\Users\peter.zenin-ad\AppData\Local\Temp\UITestLogs\LastRun\RPF55F7.png
\0
W, 3524, 27, 2012/11/12, 16:41:57.419, 6745575910391, QTAgent32.exe, Playback - [WARNING] Internal warning: Couldn't find descendants that match QueryId
\0
W, 3524, 27, 2012/11/12, 16:41:57.419, 6745575913367, QTAgent32.exe, PERF WARNING: FindTopLevelWindowHelper::FindAllDescendents: took 11598 ms. Expected it to take maximum 500 ms.
W, 3524, 27, 2012/11/12, 16:42:15.797, 6745838924873, QTAgent32.exe, Playback - [WARNING] Internal warning: Window Not Found: [VisibleOnly]ControlType='Window' &amp;&amp; Name='Save the file as' &amp;&amp; ClassName='#32770'
\0
E, 3524, 27, 2012/11/12, 16:42:15.797, 6745838927936, QTAgent32.exe, &lt;a class=failure&gt;Playback - {78} [FAILED] Function ElementFetcher::FindScreenElement failed to locate UI element (Searching: ;[VisibleOnly]ControlType='Window' &amp;&amp; Name='Save the file as' &amp;&amp; ClassName='#32770') (The object specified was not found.)
\0&lt;/a&gt;
E, 3524, 27, 2012/11/12, 16:42:15.875, 6745840162508, QTAgent32.exe, Playback - [IMAGE] C:\Users\peter.zenin-ad\AppData\Local\Temp\UITestLogs\LastRun\RPF9E0F.png
\0
W, 3524, 27, 2012/11/12, 16:42:15.875, 6745840164759, QTAgent32.exe, Playback - [WARNING] Internal warning: Couldn't find descendants that match QueryId
\0
W, 3524, 27, 2012/11/12, 16:42:15.875, 6745840167776, QTAgent32.exe, PERF WARNING: FindTopLevelWindowHelper::FindAllDescendents: took 18455 ms. Expected it to take maximum 500 ms.
W, 3524, 27, 2012/11/12, 16:42:19.042, 6745885384052, QTAgent32.exe, Playback - [WARNING] Internal warning: Smart Match failed
\0
W, 3524, 27, 2012/11/12, 16:42:20.587, 6745907496781, QTAgent32.exe, Playback - [WARNING] Internal warning: Window Not Found: [VisibleOnly]ControlType='Window' &amp;&amp; Name='Save the file as' &amp;&amp; ClassName='#32770'
\0
E, 3524, 27, 2012/11/12, 16:42:20.587, 6745907499614, QTAgent32.exe, &lt;a class=failure&gt;Playback - {79} [FAILED] Function ElementFetcher::FindScreenElement failed to locate UI element (Searching: ;[VisibleOnly]ControlType='Window' &amp;&amp; Name='Save the file as' &amp;&amp; ClassName='#32770') (The object specified was not found.)
\0&lt;/a&gt;
E, 3524, 27, 2012/11/12, 16:42:20.665, 6745908721675, QTAgent32.exe, Playback - [IMAGE] C:\Users\peter.zenin-ad\AppData\Local\Temp\UITestLogs\LastRun\RPFB0C6.png
\0
W, 3524, 27, 2012/11/12, 16:42:20.665, 6745908723824, QTAgent32.exe, Playback - [WARNING] Internal warning: Couldn't find descendants that match QueryId
\0
W, 3524, 27, 2012/11/12, 16:42:20.665, 6745908726815, QTAgent32.exe, PERF WARNING: FindTopLevelWindowHelper::FindAllDescendents: took 4788 ms. Expected it to take maximum 500 ms.
E, 3524, 27, 2012/11/12, 16:42:20.665, 6745908728638, QTAgent32.exe, Exception: System.Runtime.InteropServices.COMException
	Message: Error HRESULT E_FAIL has been returned from a call to a COM component.
	Stack Trace:    at Microsoft.VisualStudio.TestTools.UITest.Playback.Engine.IRPFPlayback.FindAllScreenElements(IScreenElement pScreenElementStart, String bstrQueryId, Object&amp; pvarResKeys, Int32 cResKeys, Int32 nMaxDepth, Object[]&amp; foundDescendants)
   at Microsoft.VisualStudio.TestTools.UITest.Playback.ScreenElement.FindTopLevelWindowHelper(String queryId)
	BaseExceptionMessage: Error HRESULT E_FAIL has been returned from a call to a COM component.

E, 3524, 27, 2012/11/12, 16:42:20.790, 6745910397235, QTAgent32.exe, AL: Playback Error: Microsoft.VisualStudio.TestTools.UITest.Extension.UITestControlNotFoundException: The playback failed to find the control with the given search properties. Additional Details: 
TechnologyName:  'MSAA'
ControlType:  'Window'
Name:  'Save the file as'
ClassName:  '#32770'
 ---&gt; System.Runtime.InteropServices.COMException: Error HRESULT E_FAIL has been returned from a call to a COM component.
   at Microsoft.VisualStudio.TestTools.UITest.Playback.Engine.IRPFPlayback.FindAllScreenElements(IScreenElement pScreenElementStart, String bstrQueryId, Object&amp; pvarResKeys, Int32 cResKeys, Int32 nMaxDepth, Object[]&amp; foundDescendants)
   at Microsoft.VisualStudio.TestTools.UITest.Playback.ScreenElement.FindTopLevelWindowHelper(String queryId)
   at Microsoft.VisualStudio.TestTools.UITest.Playback.ScreenElement.FindFromPartialQueryId(String queryId)
   at Microsoft.VisualStudio.TestTools.UITesting.UITestControl..ctor(String queryId)
   --- End of inner exception stack trace ---
   at Microsoft.VisualStudio.TestTools.UITesting.Playback.MapControlNotFoundException(COMException ex, IPlaybackContext context)
   at Microsoft.VisualStudio.TestTools.UITesting.Playback.MapAndThrowComException(COMException innerException, IPlaybackContext context)
   at Microsoft.VisualStudio.TestTools.UITesting.Playback.MapAndThrowException(SystemException exception, IPlaybackContext context)
   at Microsoft.VisualStudio.TestTools.UITesting.Playback.MapAndThrowException(SystemException exception, String queryId)
   at Microsoft.VisualStudio.TestTools.UITesting.UITestControl..ctor(String queryId)
   at Microsoft.VisualStudio.TestTools.UITesting.SearchHelper.SearchTopLevelWindow(ISearchArgument topLevelSearchArg, String topLevelElementQueryId)
   at Microsoft.VisualStudio.TestTools.UITesting.SearchHelper.GetTitleUpdatedTopLevelWindow(ISearchArgument topLevelSearchArg, String queryId, IList`1 windowTitles)
   at Microsoft.VisualStudio.TestTools.UITesting.SearchHelper.GetTopLevelElement(Boolean useCache, Boolean useCacheOnly, ISearchArgument searchArg, IList`1 windowTitles, Int32&amp; timeLeft)
   at Microsoft.VisualStudio.TestTools.UITesting.SearchHelper.GetElement(Boolean useCache, ISearchArgument searchArg)
   at Microsoft.VisualStudio.TestTools.UITesting.SearchHelper.Search(ISearchArgument searchArg)
   at Microsoft.VisualStudio.TestTools.UITesting.UITestControl.FindInternal()
   at Microsoft.VisualStudio.TestTools.UITesting.UITestControl.FindControlIfNecessary()
   at Microsoft.VisualStudio.TestTools.UITesting.UITestControl.Click(MouseButtons button, ModifierKeys modifierKeys, Point relativeCoordinates)
   at Microsoft.VisualStudio.TestTools.UITesting.Mouse.ClickImplementation(UITestControl control, MouseButtons button, ModifierKeys modifierKeys, Point relativeCoordinate)
   at Microsoft.VisualStudio.TestTools.UITesting.Mouse.ClickImplementationWrapper(UITestControl control, MouseButtons button, ModifierKeys modifierKeys, Point relativeCoordinate)
W, 3524, 27, 2012/11/12, 16:42:20.790, 6745910399299, QTAgent32.exe, PlaybackErrorHandler: Ignoring exception as ContinueOnError is set.
W, 3524, 27, 2012/11/12, 16:42:21.180, 6745916064858, QTAgent32.exe, &lt;a class=success&gt;Playback - {80} [SUCCESS] MouseButtonClick - "[MSAA, VisibleOnly]ControlType='Button' &amp;&amp; Name='Ok'"
\0&lt;/a&gt;
W, 3524, 27, 2012/11/12, 16:42:21.632, 6745922630912, QTAgent32.exe, &lt;a class=success&gt;Playback - {81} [SUCCESS] MouseButtonClick - "[MSAA, VisibleOnly]ControlType='Button' &amp;&amp; Name='Ok'"
\0&lt;/a&gt;
W, 3524, 27, 2012/11/12, 16:42:22.163, 6745930056024, QTAgent32.exe, &lt;a class=success&gt;Playback - {82} [SUCCESS] SetValueAsEditBox "B338TH" - "[MSAA, VisibleOnly]ControlType='Edit'"  &lt; Set via SendKeys &gt;
\0&lt;/a&gt;
W, 3524, 27, 2012/11/12, 16:42:24.628, 6745965340787, QTAgent32.exe, &lt;a class=success&gt;Playback - {83} [SUCCESS] MouseButtonClick - "[MSAA, VisibleOnly]ControlType='Button' &amp;&amp; Name='Lookup...'"
\0&lt;/a&gt;
W, 3524, 27, 2012/11/12, 16:42:25.018, 6745970935470, QTAgent32.exe, &lt;a class=success&gt;Playback - {84} [SUCCESS] MouseButtonClick - "[MSAA, VisibleOnly]ControlType='Button' &amp;&amp; Name='Ok'"
\0&lt;/a&gt;
W, 3524, 27, 2012/11/12, 16:42:25.486, 6745977819191, QTAgent32.exe, &lt;a class=success&gt;Playback - {85} [SUCCESS] MouseButtonClick - "[MSAA, VisibleOnly]ControlType='Button' &amp;&amp; Name='Confirm'"
\0&lt;/a&gt;
W, 3524, 27, 2012/11/12, 16:42:45.673, 6746266666270, QTAgent32.exe, Playback - [WARNING] Internal warning: Window Not Found: [VisibleOnly]ControlType='Window' &amp;&amp; Name='insur-E.tam' &amp;&amp; ClassName='#32770'
\0
E, 3524, 27, 2012/11/12, 16:42:45.673, 6746266669299, QTAgent32.exe, &lt;a class=failure&gt;Playback - {86} [FAILED] Function ElementFetcher::FindScreenElement failed to locate UI element (Searching: ;[VisibleOnly]ControlType='Window' &amp;&amp; Name='insur-E.tam' &amp;&amp; ClassName='#32770') (The object specified was not found.)
\0&lt;/a&gt;
E, 3524, 27, 2012/11/12, 16:42:45.751, 6746267895686, QTAgent32.exe, Playback - [IMAGE] C:\Users\peter.zenin-ad\AppData\Local\Temp\UITestLogs\LastRun\RPF12C4.png
\0
W, 3524, 27, 2012/11/12, 16:42:45.751, 6746267897898, QTAgent32.exe, Playback - [WARNING] Internal warning: Couldn't find descendants that match QueryId
\0
W, 3524, 27, 2012/11/12, 16:42:45.751, 6746267900896, QTAgent32.exe, PERF WARNING: FindTopLevelWindowHelper::FindAllDescendents: took 20163 ms. Expected it to take maximum 500 ms.
W, 3524, 27, 2012/11/12, 16:43:04.176, 6746531576171, QTAgent32.exe, Playback - [WARNING] Internal warning: Window Not Found: [VisibleOnly]ControlType='Window' &amp;&amp; Name='insur-E.tam' &amp;&amp; ClassName='#32770'
\0
E, 3524, 27, 2012/11/12, 16:43:04.176, 6746531579125, QTAgent32.exe, &lt;a class=failure&gt;Playback - {87} [FAILED] Function ElementFetcher::FindScreenElement failed to locate UI element (Searching: ;[VisibleOnly]ControlType='Window' &amp;&amp; Name='insur-E.tam' &amp;&amp; ClassName='#32770') (The object specified was not found.)
\0&lt;/a&gt;
E, 3524, 27, 2012/11/12, 16:43:04.270, 6746532924715, QTAgent32.exe, Playback - [IMAGE] C:\Users\peter.zenin-ad\AppData\Local\Temp\UITestLogs\LastRun\RPF5B0A.png
\0
W, 3524, 27, 2012/11/12, 16:43:04.270, 6746532926955, QTAgent32.exe, Playback - [WARNING] Internal warning: Couldn't find descendants that match QueryId
\0
W, 3524, 27, 2012/11/12, 16:43:04.270, 6746532930017, QTAgent32.exe, PERF WARNING: FindTopLevelWindowHelper::FindAllDescendents: took 18509 ms. Expected it to take maximum 500 ms.
W, 3524, 27, 2012/11/12, 16:43:07.437, 6746578260520, QTAgent32.exe, Playback - [WARNING] Internal warning: Smart Match failed
\0
W, 3524, 27, 2012/11/12, 16:43:08.981, 6746600374169, QTAgent32.exe, Playback - [WARNING] Internal warning: Window Not Found: [VisibleOnly]ControlType='Window' &amp;&amp; Name='insur-E.tam' &amp;&amp; ClassName='#32770'
\0
E, 3524, 27, 2012/11/12, 16:43:08.981, 6746600377203, QTAgent32.exe, &lt;a class=failure&gt;Playback - {88} [FAILED] Function ElementFetcher::FindScreenElement failed to locate UI element (Searching: ;[VisibleOnly]ControlType='Window' &amp;&amp; Name='insur-E.tam' &amp;&amp; ClassName='#32770') (The object specified was not found.)
\0&lt;/a&gt;
E, 3524, 27, 2012/11/12, 16:43:09.059, 6746601612298, QTAgent32.exe, Playback - [IMAGE] C:\Users\peter.zenin-ad\AppData\Local\Temp\UITestLogs\LastRun\RPF6DD0.png
\0
W, 3524, 27, 2012/11/12, 16:43:09.059, 6746601614528, QTAgent32.exe, Playback - [WARNING] Internal warning: Couldn't find descendants that match QueryId
\0
W, 3524, 27, 2012/11/12, 16:43:09.059, 6746601617573, QTAgent32.exe, PERF WARNING: FindTopLevelWindowHelper::FindAllDescendents: took 4797 ms. Expected it to take maximum 500 ms.
E, 3524, 27, 2012/11/12, 16:43:09.059, 6746601619508, QTAgent32.exe, Exception: System.Runtime.InteropServices.COMException
	Message: Error HRESULT E_FAIL has been returned from a call to a COM component.
	Stack Trace:    at Microsoft.VisualStudio.TestTools.UITest.Playback.Engine.IRPFPlayback.FindAllScreenElements(IScreenElement pScreenElementStart, String bstrQueryId, Object&amp; pvarResKeys, Int32 cResKeys, Int32 nMaxDepth, Object[]&amp; foundDescendants)
   at Microsoft.VisualStudio.TestTools.UITest.Playback.ScreenElement.FindTopLevelWindowHelper(String queryId)
	BaseExceptionMessage: Error HRESULT E_FAIL has been returned from a call to a COM component.

E, 3524, 27, 2012/11/12, 16:43:09.059, 6746601624339, QTAgent32.exe, Window 4916114 not responding. Last Win32 error 0
E, 3524, 27, 2012/11/12, 16:43:09.059, 6746601626893, QTAgent32.exe, GetClassName for handle 4916114 failed
E, 3524, 27, 2012/11/12, 16:43:09.059, 6746601632499, QTAgent32.exe, Window 4916114 not responding. Last Win32 error 1400
E, 3524, 27, 2012/11/12, 16:43:09.059, 6746601642333, QTAgent32.exe, Window 4916114 not responding. Last Win32 error 1400
E, 3524, 27, 2012/11/12, 16:43:09.059, 6746601643465, QTAgent32.exe, GetClassName for handle 4916114 failed
E, 3524, 27, 2012/11/12, 16:43:09.059, 6746601644277, QTAgent32.exe, GetClassName for handle 4916114 failed
E, 3524, 27, 2012/11/12, 16:43:09.168, 6746603053199, QTAgent32.exe, AL: Playback Error: Microsoft.VisualStudio.TestTools.UITest.Extension.UITestControlNotFoundException: The playback failed to find the control with the given search properties. Additional Details: 
TechnologyName:  'MSAA'
ControlType:  'Window'
 ---&gt; System.Runtime.InteropServices.COMException: Error HRESULT E_FAIL has been returned from a call to a COM component.
   at Microsoft.VisualStudio.TestTools.UITest.Playback.Engine.IRPFPlayback.FindAllScreenElements(IScreenElement pScreenElementStart, String bstrQueryId, Object&amp; pvarResKeys, Int32 cResKeys, Int32 nMaxDepth, Object[]&amp; foundDescendants)
   at Microsoft.VisualStudio.TestTools.UITest.Playback.ScreenElement.FindTopLevelWindowHelper(String queryId)
   at Microsoft.VisualStudio.TestTools.UITest.Playback.ScreenElement.FindFromPartialQueryId(String queryId)
   at Microsoft.VisualStudio.TestTools.UITesting.UITestControl..ctor(String queryId)
   --- End of inner exception stack trace ---
   at Microsoft.VisualStudio.TestTools.UITesting.Playback.MapControlNotFoundException(COMException ex, IPlaybackContext context)
   at Microsoft.VisualStudio.TestTools.UITesting.Playback.MapAndThrowComException(COMException innerException, IPlaybackContext context)
   at Microsoft.VisualStudio.TestTools.UITesting.Playback.MapAndThrowException(SystemException exception, IPlaybackContext context)
   at Microsoft.VisualStudio.TestTools.UITesting.Playback.MapAndThrowException(SystemException exception, String queryId)
   at Microsoft.VisualStudio.TestTools.UITesting.UITestControl..ctor(String queryId)
   at Microsoft.VisualStudio.TestTools.UITesting.SearchHelper.SearchTopLevelWindow(ISearchArgument topLevelSearchArg, String topLevelElementQueryId)
   at Microsoft.VisualStudio.TestTools.UITesting.SearchHelper.GetTitleUpdatedTopLevelWindow(ISearchArgument topLevelSearchArg, String queryId, IList`1 windowTitles)
   at Microsoft.VisualStudio.TestTools.UITesting.SearchHelper.GetTopLevelElement(Boolean useCache, Boolean useCacheOnly, ISearchArgument searchArg, IList`1 windowTitles, Int32&amp; timeLeft)
   at Microsoft.VisualStudio.TestTools.UITesting.SearchHelper.GetElement(Boolean useCache, ISearchArgument searchArg)
   at Microsoft.VisualStudio.TestTools.UITesting.SearchHelper.Search(ISearchArgument searchArg)
   at Microsoft.VisualStudio.TestTools.UITesting.UITestControl.FindInternal()
   at Microsoft.VisualStudio.TestTools.UITesting.UITestControl.FindControlIfNecessary()
   at Microsoft.VisualStudio.TestTools.UITesting.UITestControl.Click(MouseButtons button, ModifierKeys modifierKeys, Point relativeCoordinates)
   at Microsoft.VisualStudio.TestTools.UITesting.Mouse.ClickImplementation(UITestControl control, MouseButtons button, ModifierKeys modifierKeys, Point relativeCoordinate)
   at Microsoft.VisualStudio.TestTools.UITesting.Mouse.ClickImplementationWrapper(UITestControl control, MouseButtons button, ModifierKeys modifierKeys, Point relativeCoordinate)
W, 3524, 27, 2012/11/12, 16:43:09.168, 6746603055643, QTAgent32.exe, PlaybackErrorHandler: Ignoring exception as ContinueOnError is set.
W, 3524, 27, 2012/11/12, 16:43:09.496, 6746607740876, QTAgent32.exe, &lt;a class=success&gt;Playback - {89} [SUCCESS] Check - "[MSAA, VisibleOnly]ControlType='CheckBox' &amp;&amp; Name='Defer Printing?'"
\0&lt;/a&gt;
W, 3524, 27, 2012/11/12, 16:43:10.198, 6746617801719, QTAgent32.exe, &lt;a class=success&gt;Playback - {90} [SUCCESS] MouseButtonClick - "[MSAA, VisibleOnly]ControlType='Button' &amp;&amp; Name='Ok'"
\0&lt;/a&gt;
W, 3524, 27, 2012/11/12, 16:43:11.165, 6746631731046, QTAgent32.exe, PERF WARNING: FindTopLevelWindowHelper::FindAllDescendents: took 864 ms. Expected it to take maximum 500 ms.
W, 3524, 27, 2012/11/12, 16:43:11.509, 6746636554460, QTAgent32.exe, &lt;a class=success&gt;Playback - {91} [SUCCESS] Uncheck - "[MSAA, VisibleOnly]ControlType='CheckBox' &amp;&amp; Name='Add Activity'"
\0&lt;/a&gt;
W, 3524, 27, 2012/11/12, 16:43:12.398, 6746649472266, QTAgent32.exe, &lt;a class=success&gt;Playback - {92} [SUCCESS] MouseButtonClick - "[MSAA, VisibleOnly]ControlType='Button' &amp;&amp; Name='Ok'"
\0&lt;/a&gt;
W, 3524, 27, 2012/11/12, 16:43:12.835, 6746655672140, QTAgent32.exe, &lt;a class=success&gt;Playback - {93} [SUCCESS] MouseButtonClick - "[MSAA, VisibleOnly]ControlType='Button' &amp;&amp; Name='Ok'"
\0&lt;/a&gt;
W, 3524, 27, 2012/11/12, 16:43:21.836, 6746784435502, QTAgent32.exe, PERF WARNING: FindTopLevelWindowHelper::FindAllDescendents: took 8768 ms. Expected it to take maximum 500 ms.
W, 3524, 27, 2012/11/12, 16:43:24.130, 6746817250976, QTAgent32.exe, &lt;a class=success&gt;Playback - {94} [SUCCESS] MouseButtonClick - "[MSAA, VisibleOnly]ControlType='Button' &amp;&amp; Name='OK'"
\0&lt;/a&gt;
W, 3524, 27, 2012/11/12, 16:43:25.503, 6746836924467, QTAgent32.exe, Playback - [WARNING] Internal warning: Window Not Found: [VisibleOnly]ControlType='Window' &amp;&amp; Name='Tamxml7' &amp;&amp; ClassName='TMessageForm'
\0
E, 3524, 27, 2012/11/12, 16:43:25.503, 6746836927415, QTAgent32.exe, &lt;a class=failure&gt;Playback - {95} [FAILED] Function ElementFetcher::FindScreenElement failed to locate UI element (Searching: ;[VisibleOnly]ControlType='Window' &amp;&amp; Name='Tamxml7' &amp;&amp; ClassName='TMessageForm') (The object specified was not found.)
\0&lt;/a&gt;
E, 3524, 27, 2012/11/12, 16:43:25.581, 6746838151833, QTAgent32.exe, Playback - [IMAGE] C:\Users\peter.zenin-ad\AppData\Local\Temp\UITestLogs\LastRun\RPFAE5A.png
\0
W, 3524, 27, 2012/11/12, 16:43:25.581, 6746838153942, QTAgent32.exe, Playback - [WARNING] Internal warning: Couldn't find descendants that match QueryId
\0
W, 3524, 27, 2012/11/12, 16:43:25.581, 6746838157054, QTAgent32.exe, PERF WARNING: FindTopLevelWindowHelper::FindAllDescendents: took 1350 ms. Expected it to take maximum 500 ms.
W, 3524, 27, 2012/11/12, 16:43:43.600, 6747096026764, QTAgent32.exe, Playback - [WARNING] Internal warning: Window Not Found: [VisibleOnly]ControlType='Window' &amp;&amp; Name='Tamxml7' &amp;&amp; ClassName='TMessageForm'
\0
E, 3524, 27, 2012/11/12, 16:43:43.600, 6747096029625, QTAgent32.exe, &lt;a class=failure&gt;Playback - {96} [FAILED] Function ElementFetcher::FindScreenElement failed to locate UI element (Searching: ;[VisibleOnly]ControlType='Window' &amp;&amp; Name='Tamxml7' &amp;&amp; ClassName='TMessageForm') (The object specified was not found.)
\0&lt;/a&gt;
E, 3524, 27, 2012/11/12, 16:43:43.678, 6747097263042, QTAgent32.exe, Playback - [IMAGE] C:\Users\peter.zenin-ad\AppData\Local\Temp\UITestLogs\LastRun\RPFF50B.png
\0
W, 3524, 27, 2012/11/12, 16:43:43.678, 6747097265173, QTAgent32.exe, Playback - [WARNING] Internal warning: Couldn't find descendants that match QueryId
\0
W, 3524, 27, 2012/11/12, 16:43:43.678, 6747097268121, QTAgent32.exe, PERF WARNING: FindTopLevelWindowHelper::FindAllDescendents: took 18096 ms. Expected it to take maximum 500 ms.
W, 3524, 27, 2012/11/12, 16:43:44.193, 6747104606805, QTAgent32.exe, Playback - [WARNING] Internal warning: Smart Match failed
\0
W, 3524, 27, 2012/11/12, 16:43:44.395, 6747107508453, QTAgent32.exe, Playback - [WARNING] Internal warning: Smart Match failed
\0
W, 3524, 27, 2012/11/12, 16:43:44.583, 6747110187101, QTAgent32.exe, Playback - [WARNING] Internal warning: Smart Match failed
\0
W, 3524, 27, 2012/11/12, 16:43:44.770, 6747112870827, QTAgent32.exe, Playback - [WARNING] Internal warning: Smart Match failed
\0
W, 3524, 27, 2012/11/12, 16:43:44.957, 6747115548488, QTAgent32.exe, Playback - [WARNING] Internal warning: Smart Match failed
\0
W, 3524, 27, 2012/11/12, 16:43:45.144, 6747118232627, QTAgent32.exe, Playback - [WARNING] Internal warning: Smart Match failed
\0
W, 3524, 27, 2012/11/12, 16:43:45.331, 6747120911179, QTAgent32.exe, Playback - [WARNING] Internal warning: Smart Match failed
\0
W, 3524, 27, 2012/11/12, 16:43:45.519, 6747123598371, QTAgent32.exe, Playback - [WARNING] Internal warning: Smart Match failed
\0
W, 3524, 27, 2012/11/12, 16:43:45.706, 6747126279289, QTAgent32.exe, Playback - [WARNING] Internal warning: Smart Match failed
\0
W, 3524, 27, 2012/11/12, 16:43:45.893, 6747128962198, QTAgent32.exe, Playback - [WARNING] Internal warning: Smart Match failed
\0
W, 3524, 27, 2012/11/12, 16:43:46.080, 6747131632716, QTAgent32.exe, Playback - [WARNING] Internal warning: Smart Match failed
\0
W, 3524, 27, 2012/11/12, 16:43:46.283, 6747134539171, QTAgent32.exe, Playback - [WARNING] Internal warning: Smart Match failed
\0
W, 3524, 27, 2012/11/12, 16:43:46.470, 6747137218722, QTAgent32.exe, Playback - [WARNING] Internal warning: Smart Match failed
\0
W, 3524, 27, 2012/11/12, 16:43:46.658, 6747139896099, QTAgent32.exe, Playback - [WARNING] Internal warning: Smart Match failed
\0
W, 3524, 27, 2012/11/12, 16:43:46.736, 6747140994484, QTAgent32.exe, Playback - [WARNING] Internal warning: Window Not Found: [VisibleOnly]ControlType='Window' &amp;&amp; Name='Tamxml7' &amp;&amp; ClassName='TMessageForm'
\0
E, 3524, 27, 2012/11/12, 16:43:46.736, 6747140996566, QTAgent32.exe, &lt;a class=failure&gt;Playback - {97} [FAILED] Function ElementFetcher::FindScreenElement failed to locate UI element (Searching: ;[VisibleOnly]ControlType='Window' &amp;&amp; Name='Tamxml7' &amp;&amp; ClassName='TMessageForm') (The object specified was not found.)
\0&lt;/a&gt;
E, 3524, 27, 2012/11/12, 16:43:46.814, 6747142222226, QTAgent32.exe, Playback - [IMAGE] C:\Users\peter.zenin-ad\AppData\Local\Temp\UITestLogs\LastRun\RPF14B.png
\0
W, 3524, 27, 2012/11/12, 16:43:46.814, 6747142224391, QTAgent32.exe, Playback - [WARNING] Internal warning: Couldn't find descendants that match QueryId
\0
W, 3524, 27, 2012/11/12, 16:43:46.814, 6747142227327, QTAgent32.exe, PERF WARNING: FindTopLevelWindowHelper::FindAllDescendents: took 3139 ms. Expected it to take maximum 500 ms.
E, 3524, 27, 2012/11/12, 16:43:46.814, 6747142229092, QTAgent32.exe, Exception: System.Runtime.InteropServices.COMException
	Message: Error HRESULT E_FAIL has been returned from a call to a COM component.
	Stack Trace:    at Microsoft.VisualStudio.TestTools.UITest.Playback.Engine.IRPFPlayback.FindAllScreenElements(IScreenElement pScreenElementStart, String bstrQueryId, Object&amp; pvarResKeys, Int32 cResKeys, Int32 nMaxDepth, Object[]&amp; foundDescendants)
   at Microsoft.VisualStudio.TestTools.UITest.Playback.ScreenElement.FindTopLevelWindowHelper(String queryId)
	BaseExceptionMessage: Error HRESULT E_FAIL has been returned from a call to a COM component.

E, 3524, 27, 2012/11/12, 16:43:46.814, 6747142233018, QTAgent32.exe, GetClassName for handle 9242568 failed
E, 3524, 27, 2012/11/12, 16:43:46.829, 6747142244101, QTAgent32.exe, Window 9242568 not responding. Last Win32 error 1400
E, 3524, 27, 2012/11/12, 16:43:46.829, 6747142245314, QTAgent32.exe, GetClassName for handle 9242568 failed
E, 3524, 27, 2012/11/12, 16:43:46.829, 6747142246099, QTAgent32.exe, GetClassName for handle 9242568 failed
E, 3524, 27, 2012/11/12, 16:43:46.829, 6747142251243, QTAgent32.exe, GetClassName for handle 3933068 failed
E, 3524, 27, 2012/11/12, 16:43:46.829, 6747142258103, QTAgent32.exe, Exception: System.Runtime.InteropServices.COMException
	Message: Error HRESULT E_FAIL has been returned from a call to a COM component.
	Stack Trace:    at Accessibility.IAccessible.get_accState(Object varChild)
   at Microsoft.VisualStudio.TestTools.UITest.Extension.Msaa.AccWrapper.get_State()
	BaseExceptionMessage: Error HRESULT E_FAIL has been returned from a call to a COM component.

E, 3524, 27, 2012/11/12, 16:43:46.829, 6747142262382, QTAgent32.exe, Exception: System.Runtime.InteropServices.COMException
	Message: Error HRESULT E_FAIL has been returned from a call to a COM component.
	Stack Trace:    at Accessibility.IAccessible.get_accState(Object varChild)
   at Microsoft.VisualStudio.TestTools.UITest.Extension.Msaa.AccWrapper.get_State()
	BaseExceptionMessage: Error HRESULT E_FAIL has been returned from a call to a COM component.

E, 3524, 27, 2012/11/12, 16:43:46.829, 6747142266575, QTAgent32.exe, Exception: System.Runtime.InteropServices.COMException
	Message: Error HRESULT E_FAIL has been returned from a call to a COM component.
	Stack Trace:    at Accessibility.IAccessible.get_accState(Object varChild)
   at Microsoft.VisualStudio.TestTools.UITest.Extension.Msaa.AccWrapper.get_State()
	BaseExceptionMessage: Error HRESULT E_FAIL has been returned from a call to a COM component.

E, 3524, 27, 2012/11/12, 16:43:46.829, 6747142270796, QTAgent32.exe, Exception: System.Runtime.InteropServices.COMException
	Message: Error HRESULT E_FAIL has been returned from a call to a COM component.
	Stack Trace:    at Accessibility.IAccessible.get_accState(Object varChild)
   at Microsoft.VisualStudio.TestTools.UITest.Extension.Msaa.AccWrapper.get_State()
	BaseExceptionMessage: Error HRESULT E_FAIL has been returned from a call to a COM component.

E, 3524, 27, 2012/11/12, 16:43:46.829, 6747142275188, QTAgent32.exe, Exception: System.Runtime.InteropServices.COMException
	Message: Error HRESULT E_FAIL has been returned from a call to a COM component.
	Stack Trace:    at Accessibility.IAccessible.get_accState(Object varChild)
   at Microsoft.VisualStudio.TestTools.UITest.Extension.Msaa.AccWrapper.get_State()
	BaseExceptionMessage: Error HRESULT E_FAIL has been returned from a call to a COM component.

E, 3524, 27, 2012/11/12, 16:43:46.829, 6747142279402, QTAgent32.exe, Exception: System.Runtime.InteropServices.COMException
	Message: Error HRESULT E_FAIL has been returned from a call to a COM component.
	Stack Trace:    at Accessibility.IAccessible.get_accState(Object varChild)
   at Microsoft.VisualStudio.TestTools.UITest.Extension.Msaa.AccWrapper.get_State()
	BaseExceptionMessage: Error HRESULT E_FAIL has been returned from a call to a COM component.

E, 3524, 27, 2012/11/12, 16:43:46.829, 6747142283614, QTAgent32.exe, Exception: System.Runtime.InteropServices.COMException
	Message: Error HRESULT E_FAIL has been returned from a call to a COM component.
	Stack Trace:    at Accessibility.IAccessible.get_accState(Object varChild)
   at Microsoft.VisualStudio.TestTools.UITest.Extension.Msaa.AccWrapper.get_State()
	BaseExceptionMessage: Error HRESULT E_FAIL has been returned from a call to a COM component.

W, 3524, 27, 2012/11/12, 16:43:47.016, 6747145132953, QTAgent32.exe, PERF WARNING: MSAA.UpdateQueryIDForNamelessControls: took 201 ms. Expected it to take maximum 200 ms.
W, 3524, 27, 2012/11/12, 16:43:47.016, 6747145137109, QTAgent32.exe, Msaa.Navigate: Exception [Error HRESULT E_FAIL has been returned from a call to a COM component.] while calling accNavigate.
E, 3524, 27, 2012/11/12, 16:43:47.016, 6747145138481, QTAgent32.exe, GetClassName for handle 3933068 failed
E, 3524, 27, 2012/11/12, 16:43:47.032, 6747145148669, QTAgent32.exe, GetClassName for handle 3933068 failed
E, 3524, 27, 2012/11/12, 16:43:47.032, 6747145150826, QTAgent32.exe, Window 3933068 not responding. Last Win32 error 1400
E, 3524, 27, 2012/11/12, 16:43:47.032, 6747145151837, QTAgent32.exe, GetClassName for handle 9242568 failed
E, 3524, 27, 2012/11/12, 16:43:47.032, 6747145152664, QTAgent32.exe, GetClassName for handle 3933068 failed
E, 3524, 27, 2012/11/12, 16:43:47.032, 6747145153391, QTAgent32.exe, GetClassName for handle 3933068 failed
E, 3524, 27, 2012/11/12, 16:43:47.141, 6747146717677, QTAgent32.exe, AL: Playback Error: Microsoft.VisualStudio.TestTools.UITest.Extension.UITestControlNotAvailableException: The control is not available or not valid. Additional Details: 
TechnologyName:  'MSAA'
ControlType:  'Button'
 ---&gt; Microsoft.VisualStudio.TestTools.UITest.Extension.UITestControlNotAvailableException: The control is not available or not valid. Additional Details: 
TechnologyName:  'MSAA'
ControlType:  'Window'
 ---&gt; System.Runtime.InteropServices.COMException: Error HRESULT E_FAIL has been returned from a call to a COM component.
   at Microsoft.VisualStudio.TestTools.UITest.Playback.Engine.IRPFPlayback.FindAllScreenElements(IScreenElement pScreenElementStart, String bstrQueryId, Object&amp; pvarResKeys, Int32 cResKeys, Int32 nMaxDepth, Object[]&amp; foundDescendants)
   at Microsoft.VisualStudio.TestTools.UITest.Playback.ScreenElement.FindTopLevelWindowHelper(String queryId)
   at Microsoft.VisualStudio.TestTools.UITest.Playback.ScreenElement.FindFromPartialQueryId(String queryId)
   at Microsoft.VisualStudio.TestTools.UITesting.UITestControl.EnsureValid(Boolean waitForReady, Boolean refetch)
   --- End of inner exception stack trace ---
   at Microsoft.VisualStudio.TestTools.UITesting.UITestControl.EnsureValid(Boolean waitForReady, Boolean refetch)
   at Microsoft.VisualStudio.TestTools.UITesting.UITestControl.FindFirstDescendant(String queryId, Int32 maxDepth, Int32&amp; timeLeft)
   at Microsoft.VisualStudio.TestTools.UITesting.UITestControl.FindFirstDescendant(String queryId)
   at Microsoft.VisualStudio.TestTools.UITesting.UITestControl.EnsureValid(Boolean waitForReady, Boolean refetch)
   --- End of inner exception stack trace ---
   at Microsoft.VisualStudio.TestTools.UITesting.UITestControl.EnsureValid(Boolean waitForReady, Boolean refetch)
   at Microsoft.VisualStudio.TestTools.UITesting.UITestControl.Click(MouseButtons button, ModifierKeys modifierKeys, Point relativeCoordinates)
   at Microsoft.VisualStudio.TestTools.UITesting.Mouse.ClickImplementation(UITestControl control, MouseButtons button, ModifierKeys modifierKeys, Point relativeCoordinate)
   at Microsoft.VisualStudio.TestTools.UITesting.Mouse.ClickImplementationWrapper(UITestControl control, MouseButtons button, ModifierKeys modifierKeys, Point relativeCoordinate)
W, 3524, 27, 2012/11/12, 16:43:47.141, 6747146719471, QTAgent32.exe, PlaybackErrorHandler: Ignoring exception as ContinueOnError is set.
W, 3524, 27, 2012/11/12, 16:43:47.484, 6747151703146, QTAgent32.exe, &lt;a class=success&gt;Playback - {98} [SUCCESS] MouseButtonClick - "[MSAA, VisibleOnly]ControlType='Button' &amp;&amp; Name='Cancel'"
\0&lt;/a&gt;
W, 3524, 27, 2012/11/12, 16:43:48.015, 6747159266188, QTAgent32.exe, &lt;a class=success&gt;Playback - {99} [SUCCESS] MouseButtonClick - "[MSAA, VisibleOnly]ControlType='Button'"
\0&lt;/a&gt;
W, 3524, 27, 2012/11/12, 16:43:48.592, 6747167602780, QTAgent32.exe, &lt;a class=success&gt;Playback - {100} [SUCCESS] MouseButtonClick - "[MSAA, VisibleOnly]ControlType='Button' &amp;&amp; Name='Detail'"
\0&lt;/a&gt;
W, 3524, 27, 2012/11/12, 16:43:49.045, 6747173965883, QTAgent32.exe, &lt;a class=success&gt;Playback - {101} [SUCCESS] MouseButtonClick - "[MSAA, VisibleOnly]ControlType='Edit'"
\0&lt;/a&gt;
E, 3524, 27, 2012/11/12, 16:43:49.216, 6747176615685, QTAgent32.exe, IEDOM : Could not get valid window handle of Internet Explorer_server
W, 3524, 27, 2012/11/12, 16:43:49.216, 6747176616950, QTAgent32.exe, IEDOM : Unable to get the document Window Handle
E, 3524, 27, 2012/11/12, 16:43:51.229, 6747205270173, QTAgent32.exe, IEDOM : Could not get valid window handle of Internet Explorer_server
W, 3524, 27, 2012/11/12, 16:43:51.229, 6747205271702, QTAgent32.exe, IEDOM : Unable to get the document Window Handle
W, 3524, 27, 2012/11/12, 16:43:51.619, 6747210823861, QTAgent32.exe, &lt;a class=success&gt;Playback - {102} [SUCCESS] MouseButtonClick - "[MSAA, VisibleOnly]ControlType='Edit' &amp;&amp; Name='User name'"
\0&lt;/a&gt;
W, 3524, 27, 2012/11/12, 16:43:52.118, 6747217972857, QTAgent32.exe, &lt;a class=success&gt;Playback - {103} [SUCCESS] SendKeys "Bus sys" - "[MSAA, VisibleOnly,Window]ControlType='Window' &amp;&amp; AccessibleName='User name' &amp;&amp; ClassName='Edit'"
\0&lt;/a&gt;
W, 3524, 27, 2012/11/12, 16:43:52.524, 6747223775947, QTAgent32.exe, &lt;a class=success&gt;Playback - {104} [SUCCESS] MouseButtonClick - "[MSAA, VisibleOnly]ControlType='Edit' &amp;&amp; Name='Password'"
\0&lt;/a&gt;
W, 3524, 27, 2012/11/12, 16:43:52.773, 6747227482871, QTAgent32.exe, Playback - [WARNING] Internal warning: Element that has the focus is different from the target element. Expected Element: Name = "Password", ControlTypeName = "Edit", Element In Focus: Name = "Password", ControlTypeName = "Window"&gt;. 
\0
W, 3524, 27, 2012/11/12, 16:43:53.070, 6747231595537, QTAgent32.exe, &lt;a class=success&gt;Playback - {105} [SUCCESS] SendKeys "[*]" - "[MSAA, VisibleOnly]ControlType='Edit' &amp;&amp; Name='Password'"
\0&lt;/a&gt;
W, 3524, 27, 2012/11/12, 16:43:53.569, 6747238841978, QTAgent32.exe, &lt;a class=success&gt;Playback - {106} [SUCCESS] MouseButtonClick - "[MSAA, VisibleOnly]ControlType='Button' &amp;&amp; Name='OK'"
\0&lt;/a&gt;
W, 3524, 27, 2012/11/12, 16:43:54.926, 6747258264596, QTAgent32.exe, &lt;a class=success&gt;Playback - {107} [SUCCESS] MouseButtonClick - "[Web]ControlType='Hyperlink' &amp;&amp; TagName='A' &amp;&amp; Id='' &amp;&amp; Name='' &amp;&amp; Target='' &amp;&amp; InnerText='Renewals Maintenance' &amp;&amp; FilterCondition(AbsolutePath='/sysmaint/content/leftbar.asp', Title='', Href='https://www.insur-econnect.com/sysmaint/content/leftbar.asp#', Class='', ControlDefinition='style="COLOR: white" href="#"', TagInstance='39')"
\0&lt;/a&gt;
W, 3524, 27, 2012/11/12, 16:43:55.223, 6747262477545, QTAgent32.exe, &lt;a class=success&gt;Playback - {108} [SUCCESS] MouseButtonClick - "[Web]ControlType='Hyperlink' &amp;&amp; TagName='A' &amp;&amp; Id='' &amp;&amp; Name='' &amp;&amp; Target='content' &amp;&amp; InnerText='Create a Household Test Renewal Invitation' &amp;&amp; FilterCondition(AbsolutePath='/sysmaint/content/AddHouseholdTestRenewalNotice.asp', Title='', Href='https://www.insur-econnect.com/sysmaint/content/AddHouseholdTestRenewalNotice.asp', Class='itemlink', ControlDefinition='class=itemlink href="AddHouseholdTestRen', TagInstance='2')"
\0&lt;/a&gt;
E, 3524, 27, 2012/11/12, 16:43:56.611, 6747282376796, QTAgent32.exe, Exception: System.NotSupportedException
	Message: Internal Error: This method on IEWebControlElement should not get called.
	Stack Trace:    at Microsoft.VisualStudio.TestTools.UITest.Extension.IE.BrowserOptionElementNode.InvokeProgrammaticAction(ProgrammaticActionOption programmaticActionOption)
	BaseExceptionMessage: Internal Error: This method on IEWebControlElement should not get called.

W, 3524, 27, 2012/11/12, 16:43:56.814, 6747285227894, QTAgent32.exe, &lt;a class=success&gt;Playback - {109} [SUCCESS] SetValueAsComboBox "Covea Insurance plc (formerly MMA)" - "[Web]ControlType='ComboBox' &amp;&amp; TagName='SELECT' &amp;&amp; Id='InsurerID' &amp;&amp; Name='InsurerID' &amp;&amp; FilterCondition(Size='0', LabeledBy='', Title='', ItemCount='54', Class='', ControlDefinition='id=InsurerID onchange=selectInsurer() na', TagInstance='1')"  &lt; SetValueAsComboBox, set by clicking on the item in the list box &gt;
\0&lt;/a&gt;
W, 3524, 27, 2012/11/12, 16:43:57.687, 6747297764984, QTAgent32.exe, &lt;a class=success&gt;Playback - {110} [SUCCESS] SetValueAsEditBox "81588888001153" - "[Web]ControlType='Edit' &amp;&amp; TagName='INPUT' &amp;&amp; Id='' &amp;&amp; Name='txtPolicyNumber' &amp;&amp; LabeledBy='' &amp;&amp; Type='SINGLELINE' &amp;&amp; FilterCondition(Title='', Class='', ControlDefinition='onchange=enableButtons() name=txtPolicyN', TagInstance='1')"  &lt; Set via SendKeys &gt;
\0&lt;/a&gt;
W, 3524, 27, 2012/11/12, 16:43:57.906, 6747300859986, QTAgent32.exe, &lt;a class=success&gt;Playback - {111} [SUCCESS] SendKeys "^{HOME}" - "[Web]ControlType='Edit' &amp;&amp; TagName='INPUT' &amp;&amp; Id='' &amp;&amp; Name='txtRenewalDate' &amp;&amp; LabeledBy='' &amp;&amp; Type='SINGLELINE' &amp;&amp; FilterCondition(Title='', Class='', ControlDefinition='onchange=enableButtons() name=txtRenewal', TagInstance='2')"
\0&lt;/a&gt;
E, 3524, 27, 2012/11/12, 16:43:57.906, 6747300862348, QTAgent32.exe, Msaa.GetFocusedElement: could not find accessible object of foreground window
W, 3524, 27, 2012/11/12, 16:43:57.984, 6747301982951, QTAgent32.exe, &lt;a class=success&gt;Playback - {112} [SUCCESS] SendKeys "^+{END}" - "[Web]ControlType='Edit' &amp;&amp; TagName='INPUT' &amp;&amp; Id='' &amp;&amp; Name='txtRenewalDate' &amp;&amp; LabeledBy='' &amp;&amp; Type='SINGLELINE' &amp;&amp; FilterCondition(Title='', Class='', ControlDefinition='onchange=enableButtons() name=txtRenewal', TagInstance='2')"
\0&lt;/a&gt;
E, 3524, 27, 2012/11/12, 16:43:57.984, 6747301985728, QTAgent32.exe, Msaa.GetFocusedElement: could not find accessible object of foreground window
W, 3524, 27, 2012/11/12, 16:43:58.000, 6747302379895, QTAgent32.exe, &lt;a class=success&gt;Playback - {113} [SUCCESS] SendKeys "{DELETE}" - "[Web]ControlType='Edit' &amp;&amp; TagName='INPUT' &amp;&amp; Id='' &amp;&amp; Name='txtRenewalDate' &amp;&amp; LabeledBy='' &amp;&amp; Type='SINGLELINE' &amp;&amp; FilterCondition(Title='', Class='', ControlDefinition='onchange=enableButtons() name=txtRenewal', TagInstance='2')"
\0&lt;/a&gt;
W, 3524, 27, 2012/11/12, 16:43:58.343, 6747307115205, QTAgent32.exe, &lt;a class=success&gt;Playback - {114} [SUCCESS] SetValueAsEditBox "19/11/2012" - "[Web]ControlType='Edit' &amp;&amp; TagName='INPUT' &amp;&amp; Id='' &amp;&amp; Name='txtRenewalDate' &amp;&amp; LabeledBy='' &amp;&amp; Type='SINGLELINE' &amp;&amp; FilterCondition(Title='', Class='', ControlDefinition='onchange=enableButtons() name=txtRenewal', TagInstance='2')"  &lt; Set via SendKeys &gt;
\0&lt;/a&gt;
W, 3524, 27, 2012/11/12, 16:43:58.546, 6747310016268, QTAgent32.exe, &lt;a class=success&gt;Playback - {115} [SUCCESS] SendKeys "^{HOME}" - "[Web]ControlType='Edit' &amp;&amp; TagName='INPUT' &amp;&amp; Id='' &amp;&amp; Name='txtAutoLapseDate' &amp;&amp; LabeledBy='' &amp;&amp; Type='SINGLELINE' &amp;&amp; FilterCondition(Title='', Class='', ControlDefinition='onchange=enableButtons() name=txtAutoLap', TagInstance='4')"
\0&lt;/a&gt;
E, 3524, 27, 2012/11/12, 16:43:58.546, 6747310018745, QTAgent32.exe, Msaa.GetFocusedElement: could not find accessible object of foreground window
W, 3524, 27, 2012/11/12, 16:43:58.733, 6747312700921, QTAgent32.exe, &lt;a class=success&gt;Playback - {116} [SUCCESS] SendKeys "^+{END}" - "[Web]ControlType='Edit' &amp;&amp; TagName='INPUT' &amp;&amp; Id='' &amp;&amp; Name='txtAutoLapseDate' &amp;&amp; LabeledBy='' &amp;&amp; Type='SINGLELINE' &amp;&amp; FilterCondition(Title='', Class='', ControlDefinition='onchange=enableButtons() name=txtAutoLap', TagInstance='4')"
\0&lt;/a&gt;
E, 3524, 27, 2012/11/12, 16:43:58.733, 6747312703676, QTAgent32.exe, Msaa.GetFocusedElement: could not find accessible object of foreground window
W, 3524, 27, 2012/11/12, 16:43:58.764, 6747313146731, QTAgent32.exe, &lt;a class=success&gt;Playback - {117} [SUCCESS] SendKeys "{DELETE}" - "[Web]ControlType='Edit' &amp;&amp; TagName='INPUT' &amp;&amp; Id='' &amp;&amp; Name='txtAutoLapseDate' &amp;&amp; LabeledBy='' &amp;&amp; Type='SINGLELINE' &amp;&amp; FilterCondition(Title='', Class='', ControlDefinition='onchange=enableButtons() name=txtAutoLap', TagInstance='4')"
\0&lt;/a&gt;
W, 3524, 27, 2012/11/12, 16:43:59.185, 6747319178292, QTAgent32.exe, &lt;a class=success&gt;Playback - {118} [SUCCESS] SetValueAsEditBox "19/11/2012" - "[Web]ControlType='Edit' &amp;&amp; TagName='INPUT' &amp;&amp; Id='' &amp;&amp; Name='txtAutoLapseDate' &amp;&amp; LabeledBy='' &amp;&amp; Type='SINGLELINE' &amp;&amp; FilterCondition(Title='', Class='', ControlDefinition='onchange=enableButtons() name=txtAutoLap', TagInstance='4')"  &lt; Set via SendKeys &gt;
\0&lt;/a&gt;
W, 3524, 27, 2012/11/12, 16:43:59.435, 6747322731413, QTAgent32.exe, &lt;a class=success&gt;Playback - {119} [SUCCESS] MouseButtonClick - "[Web]ControlType='Edit' &amp;&amp; TagName='TEXTAREA' &amp;&amp; Id='' &amp;&amp; Name='txtClientXml' &amp;&amp; LabeledBy='' &amp;&amp; FilterCondition(Title='', Class='', ControlDefinition='onchange=enableButtons() wrap=off cols=5', TagInstance='1')"
\0&lt;/a&gt;
W, 3524, 27, 2012/11/12, 16:43:59.762, 6747327599290, QTAgent32.exe, &lt;a class=success&gt;Playback - {120} [SUCCESS] MouseButtonClick - "[Web]ControlType='Button' &amp;&amp; TagName='INPUT' &amp;&amp; Id='getXmlButton' &amp;&amp; Name='getXmlButton' &amp;&amp; FilterCondition(DisplayText='Get XML from Server', Type='button', Title='Click to get xml from server', Class='', ControlDefinition='id=getXmlButton title="Click to get xml ', TagInstance='5')"
\0&lt;/a&gt;
W, 3524, 27, 2012/11/12, 16:44:00.449, 6747337306977, QTAgent32.exe, &lt;a class=success&gt;Playback - {121} [SUCCESS] MouseButtonClick - "[Web]ControlType='Button' &amp;&amp; TagName='INPUT' &amp;&amp; Id='buttonCreate' &amp;&amp; Name='buttonCreate' &amp;&amp; FilterCondition(DisplayText='  Create Record  ', Type='button', Title='Click to create the new record', Class='', ControlDefinition='id=buttonCreate title="Click to create t', TagInstance='6')"
\0&lt;/a&gt;
W, 3524, 27, 2012/11/12, 16:44:00.932, 6747344274440, QTAgent32.exe, &lt;a class=success&gt;Playback - {122} [SUCCESS] MouseButtonClick - "[MSAA, VisibleOnly]ControlType='Button' &amp;&amp; Name='OK'"
\0&lt;/a&gt;
W, 3524, 27, 2012/11/12, 16:44:01.510, 6747352510276, QTAgent32.exe, &lt;a class=success&gt;Playback - {123} [SUCCESS] MouseButtonClick - "[MSAA, VisibleOnly]ControlType='Button' &amp;&amp; Name='Close'"
\0&lt;/a&gt;
W, 3524, 27, 2012/11/12, 16:44:01.822, 6747356899744, QTAgent32.exe, &lt;a class=success&gt;Playback - {124} [SUCCESS] SendKeys "^{HOME}" - "[MSAA, VisibleOnly]ControlType='Edit'"
\0&lt;/a&gt;
E, 3524, 27, 2012/11/12, 16:44:01.822, 6747356902813, QTAgent32.exe, Msaa.GetFocusedElement: could not find accessible object of foreground window
W, 3524, 27, 2012/11/12, 16:44:01.915, 6747358244041, QTAgent32.exe, &lt;a class=success&gt;Playback - {125} [SUCCESS] SendKeys "^+{END}" - "[MSAA, VisibleOnly]ControlType='Edit'"
\0&lt;/a&gt;
E, 3524, 27, 2012/11/12, 16:44:01.915, 6747358246137, QTAgent32.exe, Msaa.GetFocusedElement: could not find accessible object of foreground window
W, 3524, 27, 2012/11/12, 16:44:01.931, 6747358463470, QTAgent32.exe, &lt;a class=success&gt;Playback - {126} [SUCCESS] SendKeys "{DELETE}" - "[MSAA, VisibleOnly]ControlType='Edit'"
\0&lt;/a&gt;
W, 3524, 27, 2012/11/12, 16:44:02.274, 6747363379159, QTAgent32.exe, &lt;a class=success&gt;Playback - {127} [SUCCESS] SetValueAsEditBox "19/11/2011" - "[MSAA, VisibleOnly]ControlType='Edit'"  &lt; Set via SendKeys &gt;
\0&lt;/a&gt;
W, 3524, 27, 2012/11/12, 16:44:02.773, 6747370710822, QTAgent32.exe, &lt;a class=success&gt;Playback - {128} [SUCCESS] MouseButtonClick - "[MSAA, VisibleOnly]ControlType='Button' &amp;&amp; Name='OK'"
\0&lt;/a&gt;
W, 3524, 27, 2012/11/12, 16:44:03.319, 6747378357796, QTAgent32.exe, &lt;a class=success&gt;Playback - {129} [SUCCESS] MouseButtonClick - "[MSAA, VisibleOnly]ControlType='Client'"
\0&lt;/a&gt;
W, 3524, 27, 2012/11/12, 16:44:04.209, 6747391077796, QTAgent32.exe, &lt;a class=success&gt;Playback - {130} [SUCCESS] SetValueAsEditBox "AUTO165" - "[MSAA, VisibleOnly]ControlType='Edit'"  &lt; Set via SendKeys &gt;
\0&lt;/a&gt;
W, 3524, 27, 2012/11/12, 16:44:04.536, 6747395769996, QTAgent32.exe, &lt;a class=success&gt;Playback - {131} [SUCCESS] SetValueAsEditBox "-1001" - "[MSAA, VisibleOnly]ControlType='Edit'"  &lt; Set via SendKeys &gt;
\0&lt;/a&gt;
W, 3524, 27, 2012/11/12, 16:44:05.051, 6747403326289, QTAgent32.exe, Playback - [WARNING] Internal warning: Incorrect flag set for InvokeProgrammaticAction\0
W, 3524, 27, 2012/11/12, 16:44:05.379, 6747407845137, QTAgent32.exe, &lt;a class=success&gt;Playback - {132} [SUCCESS] SetValueAsComboBox "Household" - "[MSAA, VisibleOnly]ControlType='ComboBox'"  &lt; SetValueAsComboBox, set by clicking on the item in the list box &gt;
\0&lt;/a&gt;
W, 3524, 27, 2012/11/12, 16:44:05.566, 6747410507714, QTAgent32.exe, &lt;a class=success&gt;Playback - {133} [SUCCESS] SendKeys "^{HOME}" - "[MSAA, VisibleOnly]ControlType='Edit'"
\0&lt;/a&gt;
E, 3524, 27, 2012/11/12, 16:44:05.566, 6747410510301, QTAgent32.exe, Msaa.GetFocusedElement: could not find accessible object of foreground window
W, 3524, 27, 2012/11/12, 16:44:05.644, 6747411625005, QTAgent32.exe, &lt;a class=success&gt;Playback - {134} [SUCCESS] SendKeys "^+{END}" - "[MSAA, VisibleOnly]ControlType='Edit'"
\0&lt;/a&gt;
E, 3524, 27, 2012/11/12, 16:44:05.644, 6747411627178, QTAgent32.exe, Msaa.GetFocusedElement: could not find accessible object of foreground window
W, 3524, 27, 2012/11/12, 16:44:05.660, 6747411846923, QTAgent32.exe, &lt;a class=success&gt;Playback - {135} [SUCCESS] SendKeys "{DELETE}" - "[MSAA, VisibleOnly]ControlType='Edit'"
\0&lt;/a&gt;
W, 3524, 27, 2012/11/12, 16:44:06.003, 6747416763764, QTAgent32.exe, &lt;a class=success&gt;Playback - {136} [SUCCESS] SetValueAsEditBox "19/11/2011" - "[MSAA, VisibleOnly]ControlType='Edit'"  &lt; Set via SendKeys &gt;
\0&lt;/a&gt;
W, 3524, 27, 2012/11/12, 16:44:06.642, 6747425950295, QTAgent32.exe, &lt;a class=success&gt;Playback - {137} [SUCCESS] MouseButtonClick - "[MSAA, VisibleOnly]ControlType='Button' &amp;&amp; Name='Regress'"
\0&lt;/a&gt;
W, 3524, 27, 2012/11/12, 16:44:09.061, 6747460540715, QTAgent32.exe, &lt;a class=success&gt;Playback - {138} [SUCCESS] MouseButtonClick - "[MSAA, VisibleOnly]ControlType='Button' &amp;&amp; Name='Exit'"
\0&lt;/a&gt;
W, 3524, 27, 2012/11/12, 16:44:09.529, 6747467278223, QTAgent32.exe, &lt;a class=success&gt;Playback - {139} [SUCCESS] MouseButtonClick - "[MSAA, VisibleOnly]ControlType='Button'"
\0&lt;/a&gt;
W, 3524, 27, 2012/11/12, 16:44:09.965, 6747473560063, QTAgent32.exe, &lt;a class=success&gt;Playback - {140} [SUCCESS] MouseButtonClick - "[MSAA, VisibleOnly]ControlType='Button' &amp;&amp; Name='Options'"
\0&lt;/a&gt;
W, 3524, 27, 2012/11/12, 16:44:10.075, 6747475065896, QTAgent32.exe, FindScreenElementInSinglePass : Attempting to find control in one pass of search. Failures can occur.
W, 3524, 27, 2012/11/12, 16:44:10.246, 6747477518433, QTAgent32.exe, &lt;a class=success&gt;Playback - {141} [SUCCESS] MouseButtonClick - "[MSAA]ControlType='MenuItem' &amp;&amp; Name='Links'"
\0&lt;/a&gt;
W, 3524, 27, 2012/11/12, 16:44:10.355, 6747479083603, QTAgent32.exe, FindScreenElementInSinglePass : Attempting to find control in one pass of search. Failures can occur.
W, 3524, 27, 2012/11/12, 16:44:10.543, 6747481760300, QTAgent32.exe, &lt;a class=success&gt;Playback - {142} [SUCCESS] MouseButtonClick - "[MSAA]ControlType='MenuItem' &amp;&amp; Name='3rd Party Integration'"
\0&lt;/a&gt;
W, 3524, 27, 2012/11/12, 16:44:10.652, 6747483327837, QTAgent32.exe, FindScreenElementInSinglePass : Attempting to find control in one pass of search. Failures can occur.
W, 3524, 27, 2012/11/12, 16:44:10.839, 6747486033216, QTAgent32.exe, &lt;a class=success&gt;Playback - {143} [SUCCESS] MouseButtonClick - "[MSAA]ControlType='MenuItem' &amp;&amp; Name='Renewals Loader'"
\0&lt;/a&gt;
W, 3524, 27, 2012/11/12, 16:44:11.510, 6747495612377, QTAgent32.exe, &lt;a class=success&gt;Playback - {144} [SUCCESS] MouseButtonClick - "[MSAA, VisibleOnly]ControlType='TitleBar'"
\0&lt;/a&gt;
W, 3524, 27, 2012/11/12, 16:44:11.713, 6747498514123, QTAgent32.exe, &lt;a class=success&gt;Playback - {145} [SUCCESS] SendKeys "^{HOME}" - "[MSAA, VisibleOnly]ControlType='Edit'"
\0&lt;/a&gt;
E, 3524, 27, 2012/11/12, 16:44:11.713, 6747498517680, QTAgent32.exe, Msaa.GetFocusedElement: could not find accessible object of foreground window
W, 3524, 27, 2012/11/12, 16:44:11.791, 6747499628630, QTAgent32.exe, &lt;a class=success&gt;Playback - {146} [SUCCESS] SendKeys "^+{END}" - "[MSAA, VisibleOnly]ControlType='Edit'"
\0&lt;/a&gt;
E, 3524, 27, 2012/11/12, 16:44:11.791, 6747499631420, QTAgent32.exe, Msaa.GetFocusedElement: could not find accessible object of foreground window
W, 3524, 27, 2012/11/12, 16:44:11.806, 6747499852914, QTAgent32.exe, &lt;a class=success&gt;Playback - {147} [SUCCESS] SendKeys "{DELETE}" - "[MSAA, VisibleOnly]ControlType='Edit'"
\0&lt;/a&gt;
W, 3524, 27, 2012/11/12, 16:44:12.150, 6747504775606, QTAgent32.exe, &lt;a class=success&gt;Playback - {148} [SUCCESS] SetValueAsEditBox "11/11/2012" - "[MSAA, VisibleOnly]ControlType='Edit'"  &lt; Set via SendKeys &gt;
\0&lt;/a&gt;
W, 3524, 27, 2012/11/12, 16:44:12.727, 6747513043197, QTAgent32.exe, &lt;a class=success&gt;Playback - {149} [SUCCESS] MouseButtonClick - "[MSAA, VisibleOnly]ControlType='Button' &amp;&amp; Name='Run'"
\0&lt;/a&gt;
W, 3524, 27, 2012/11/12, 16:44:13.601, 6747525560282, QTAgent32.exe, PERF WARNING: FindTopLevelWindowHelper::FindAllDescendents: took 765 ms. Expected it to take maximum 500 ms.
W, 3524, 27, 2012/11/12, 16:44:14.178, 6747533882731, QTAgent32.exe, &lt;a class=success&gt;Playback - {150} [SUCCESS] MouseButtonClick - "[MSAA, VisibleOnly]ControlType='Button' &amp;&amp; Name='Close'"
\0&lt;/a&gt;
W, 3524, 27, 2012/11/12, 16:44:14.615, 6747540059849, QTAgent32.exe, &lt;a class=success&gt;Playback - {151} [SUCCESS] MouseButtonClick - "[MSAA, VisibleOnly]ControlType='TitleBar'"
\0&lt;/a&gt;
W, 3524, 27, 2012/11/12, 16:44:15.005, 6747545662479, QTAgent32.exe, &lt;a class=success&gt;Playback - {152} [SUCCESS] MouseButtonClick - "[MSAA, VisibleOnly]ControlType='Button' &amp;&amp; Name='Close'"
\0&lt;/a&gt;
W, 3524, 27, 2012/11/12, 16:44:15.379, 6747551065722, QTAgent32.exe, &lt;a class=success&gt;Playback - {153} [SUCCESS] MouseButtonClick - "[MSAA, VisibleOnly]ControlType='Button' &amp;&amp; Name='Options'"
\0&lt;/a&gt;
W, 3524, 27, 2012/11/12, 16:44:15.488, 6747552570583, QTAgent32.exe, FindScreenElementInSinglePass : Attempting to find control in one pass of search. Failures can occur.
W, 3524, 27, 2012/11/12, 16:44:15.660, 6747555024454, QTAgent32.exe, &lt;a class=success&gt;Playback - {154} [SUCCESS] MouseButtonClick - "[MSAA]ControlType='MenuItem' &amp;&amp; Name='Links'"
\0&lt;/a&gt;
W, 3524, 27, 2012/11/12, 16:44:15.769, 6747556593059, QTAgent32.exe, FindScreenElementInSinglePass : Attempting to find control in one pass of search. Failures can occur.
W, 3524, 27, 2012/11/12, 16:44:15.956, 6747559266474, QTAgent32.exe, &lt;a class=success&gt;Playback - {155} [SUCCESS] MouseButtonClick - "[MSAA]ControlType='MenuItem' &amp;&amp; Name='3rd Party Integration'"
\0&lt;/a&gt;
W, 3524, 27, 2012/11/12, 16:44:16.065, 6747560834695, QTAgent32.exe, FindScreenElementInSinglePass : Attempting to find control in one pass of search. Failures can occur.
W, 3524, 27, 2012/11/12, 16:44:16.253, 6747563540968, QTAgent32.exe, &lt;a class=success&gt;Playback - {156} [SUCCESS] MouseButtonClick - "[MSAA]ControlType='MenuItem' &amp;&amp; Name='Renewals Module'"
\0&lt;/a&gt;
W, 3524, 27, 2012/11/12, 16:44:16.783, 6747571109225, QTAgent32.exe, &lt;a class=success&gt;Playback - {157} [SUCCESS] SetValueAsEditBox "1" - "[MSAA, VisibleOnly]ControlType='Edit'"  &lt; Set via SendKeys &gt;
\0&lt;/a&gt;
W, 3524, 27, 2012/11/12, 16:44:17.438, 6747580535088, QTAgent32.exe, &lt;a class=success&gt;Playback - {158} [SUCCESS] MouseButtonClick - "[MSAA, VisibleOnly]ControlType='Button' &amp;&amp; Name='Ok'"
\0&lt;/a&gt;
W, 3524, 27, 2012/11/12, 16:44:17.828, 6747586095043, QTAgent32.exe, Playback - [WARNING] Internal warning: Window Not Found: [VisibleOnly]ControlType='Window' &amp;&amp; Name='insur-E.tam' &amp;&amp; ClassName='#32770'
\0
E, 3524, 27, 2012/11/12, 16:44:17.828, 6747586097827, QTAgent32.exe, &lt;a class=failure&gt;Playback - {159} [FAILED] Function ElementFetcher::FindScreenElement failed to locate UI element (Searching: ;[VisibleOnly]ControlType='Window' &amp;&amp; Name='insur-E.tam' &amp;&amp; ClassName='#32770') (The object specified was not found.)
\0&lt;/a&gt;
E, 3524, 27, 2012/11/12, 16:44:17.922, 6747587412824, QTAgent32.exe, Playback - [IMAGE] C:\Users\peter.zenin-ad\AppData\Local\Temp\UITestLogs\LastRun\RPF7ABF.png
\0
W, 3524, 27, 2012/11/12, 16:44:17.922, 6747587415056, QTAgent32.exe, Playback - [WARNING] Internal warning: Couldn't find descendants that match QueryId
\0
W, 3524, 27, 2012/11/12, 16:44:35.988, 6747846089920, QTAgent32.exe, Playback - [WARNING] Internal warning: Window Not Found: [VisibleOnly]ControlType='Window' &amp;&amp; Name='insur-E.tam' &amp;&amp; ClassName='#32770'
\0
E, 3524, 27, 2012/11/12, 16:44:35.988, 6747846092730, QTAgent32.exe, &lt;a class=failure&gt;Playback - {160} [FAILED] Function ElementFetcher::FindScreenElement failed to locate UI element (Searching: ;[VisibleOnly]ControlType='Window' &amp;&amp; Name='insur-E.tam' &amp;&amp; ClassName='#32770') (The object specified was not found.)
\0&lt;/a&gt;
E, 3524, 27, 2012/11/12, 16:44:36.066, 6747847394002, QTAgent32.exe, Playback - [IMAGE] C:\Users\peter.zenin-ad\AppData\Local\Temp\UITestLogs\LastRun\RPFC1AF.png
\0
W, 3524, 27, 2012/11/12, 16:44:36.066, 6747847396212, QTAgent32.exe, Playback - [WARNING] Internal warning: Couldn't find descendants that match QueryId
\0
W, 3524, 27, 2012/11/12, 16:44:36.066, 6747847399195, QTAgent32.exe, PERF WARNING: FindTopLevelWindowHelper::FindAllDescendents: took 18157 ms. Expected it to take maximum 500 ms.
W, 3524, 27, 2012/11/12, 16:44:36.581, 6747854665799, QTAgent32.exe, Playback - [WARNING] Internal warning: Smart Match failed
\0
W, 3524, 27, 2012/11/12, 16:44:36.768, 6747857348503, QTAgent32.exe, Playback - [WARNING] Internal warning: Smart Match failed
\0
W, 3524, 27, 2012/11/12, 16:44:36.955, 6747860026909, QTAgent32.exe, Playback - [WARNING] Internal warning: Smart Match failed
\0
W, 3524, 27, 2012/11/12, 16:44:37.142, 6747862717040, QTAgent32.exe, Playback - [WARNING] Internal warning: Smart Match failed
\0
W, 3524, 27, 2012/11/12, 16:44:37.345, 6747865615825, QTAgent32.exe, Playback - [WARNING] Internal warning: Smart Match failed
\0
W, 3524, 27, 2012/11/12, 16:44:37.532, 6747868293165, QTAgent32.exe, Playback - [WARNING] Internal warning: Smart Match failed
\0
W, 3524, 27, 2012/11/12, 16:44:37.720, 6747870977104, QTAgent32.exe, Playback - [WARNING] Internal warning: Smart Match failed
\0
W, 3524, 27, 2012/11/12, 16:44:37.907, 6747873656606, QTAgent32.exe, Playback - [WARNING] Internal warning: Smart Match failed
\0
W, 3524, 27, 2012/11/12, 16:44:38.094, 6747876334531, QTAgent32.exe, Playback - [WARNING] Internal warning: Smart Match failed
\0
W, 3524, 27, 2012/11/12, 16:44:38.297, 6747879240829, QTAgent32.exe, Playback - [WARNING] Internal warning: Smart Match failed
\0
W, 3524, 27, 2012/11/12, 16:44:38.484, 6747881922966, QTAgent32.exe, Playback - [WARNING] Internal warning: Smart Match failed
\0
W, 3524, 27, 2012/11/12, 16:44:38.671, 6747884601343, QTAgent32.exe, Playback - [WARNING] Internal warning: Smart Match failed
\0
W, 3524, 27, 2012/11/12, 16:44:38.859, 6747887282996, QTAgent32.exe, Playback - [WARNING] Internal warning: Smart Match failed
\0
W, 3524, 27, 2012/11/12, 16:44:39.046, 6747889961940, QTAgent32.exe, Playback - [WARNING] Internal warning: Smart Match failed
\0
W, 3524, 27, 2012/11/12, 16:44:39.124, 6747891133373, QTAgent32.exe, Playback - [WARNING] Internal warning: Window Not Found: [VisibleOnly]ControlType='Window' &amp;&amp; Name='insur-E.tam' &amp;&amp; ClassName='#32770'
\0
E, 3524, 27, 2012/11/12, 16:44:39.124, 6747891135767, QTAgent32.exe, &lt;a class=failure&gt;Playback - {161} [FAILED] Function ElementFetcher::FindScreenElement failed to locate UI element (Searching: ;[VisibleOnly]ControlType='Window' &amp;&amp; Name='insur-E.tam' &amp;&amp; ClassName='#32770') (The object specified was not found.)
\0&lt;/a&gt;
E, 3524, 27, 2012/11/12, 16:44:39.217, 6747892439165, QTAgent32.exe, Playback - [IMAGE] C:\Users\peter.zenin-ad\AppData\Local\Temp\UITestLogs\LastRun\RPFCDF0.png
\0
W, 3524, 27, 2012/11/12, 16:44:39.217, 6747892441412, QTAgent32.exe, Playback - [WARNING] Internal warning: Couldn't find descendants that match QueryId
\0
W, 3524, 27, 2012/11/12, 16:44:39.217, 6747892444860, QTAgent32.exe, PERF WARNING: FindTopLevelWindowHelper::FindAllDescendents: took 3145 ms. Expected it to take maximum 500 ms.
E, 3524, 27, 2012/11/12, 16:44:39.217, 6747892446720, QTAgent32.exe, Exception: System.Runtime.InteropServices.COMException
	Message: Error HRESULT E_FAIL has been returned from a call to a COM component.
	Stack Trace:    at Microsoft.VisualStudio.TestTools.UITest.Playback.Engine.IRPFPlayback.FindAllScreenElements(IScreenElement pScreenElementStart, String bstrQueryId, Object&amp; pvarResKeys, Int32 cResKeys, Int32 nMaxDepth, Object[]&amp; foundDescendants)
   at Microsoft.VisualStudio.TestTools.UITest.Playback.ScreenElement.FindTopLevelWindowHelper(String queryId)
	BaseExceptionMessage: Error HRESULT E_FAIL has been returned from a call to a COM component.

E, 3524, 27, 2012/11/12, 16:44:39.217, 6747892451391, QTAgent32.exe, Window 4916114 not responding. Last Win32 error 0
E, 3524, 27, 2012/11/12, 16:44:39.217, 6747892455319, QTAgent32.exe, Window 4916114 not responding. Last Win32 error 1400
E, 3524, 27, 2012/11/12, 16:44:39.217, 6747892460002, QTAgent32.exe, Window 4916114 not responding. Last Win32 error 1400
E, 3524, 27, 2012/11/12, 16:44:39.217, 6747892461257, QTAgent32.exe, GetClassName for handle 4916114 failed
E, 3524, 27, 2012/11/12, 16:44:39.217, 6747892462059, QTAgent32.exe, GetClassName for handle 4916114 failed
E, 3524, 27, 2012/11/12, 16:44:39.327, 6747893869072, QTAgent32.exe, AL: Playback Error: Microsoft.VisualStudio.TestTools.UITest.Extension.UITestControlNotFoundException: The playback failed to find the control with the given search properties. Additional Details: 
TechnologyName:  'MSAA'
ControlType:  'Window'
 ---&gt; System.Runtime.InteropServices.COMException: Error HRESULT E_FAIL has been returned from a call to a COM component.
   at Microsoft.VisualStudio.TestTools.UITest.Playback.Engine.IRPFPlayback.FindAllScreenElements(IScreenElement pScreenElementStart, String bstrQueryId, Object&amp; pvarResKeys, Int32 cResKeys, Int32 nMaxDepth, Object[]&amp; foundDescendants)
   at Microsoft.VisualStudio.TestTools.UITest.Playback.ScreenElement.FindTopLevelWindowHelper(String queryId)
   at Microsoft.VisualStudio.TestTools.UITest.Playback.ScreenElement.FindFromPartialQueryId(String queryId)
   at Microsoft.VisualStudio.TestTools.UITesting.UITestControl..ctor(String queryId)
   --- End of inner exception stack trace ---
   at Microsoft.VisualStudio.TestTools.UITesting.Playback.MapControlNotFoundException(COMException ex, IPlaybackContext context)
   at Microsoft.VisualStudio.TestTools.UITesting.Playback.MapAndThrowComException(COMException innerException, IPlaybackContext context)
   at Microsoft.VisualStudio.TestTools.UITesting.Playback.MapAndThrowException(SystemException exception, IPlaybackContext context)
   at Microsoft.VisualStudio.TestTools.UITesting.Playback.MapAndThrowException(SystemException exception, String queryId)
   at Microsoft.VisualStudio.TestTools.UITesting.UITestControl..ctor(String queryId)
   at Microsoft.VisualStudio.TestTools.UITesting.SearchHelper.SearchTopLevelWindow(ISearchArgument topLevelSearchArg, String topLevelElementQueryId)
   at Microsoft.VisualStudio.TestTools.UITesting.SearchHelper.GetTitleUpdatedTopLevelWindow(ISearchArgument topLevelSearchArg, String queryId, IList`1 windowTitles)
   at Microsoft.VisualStudio.TestTools.UITesting.SearchHelper.GetTopLevelElement(Boolean useCache, Boolean useCacheOnly, ISearchArgument searchArg, IList`1 windowTitles, Int32&amp; timeLeft)
   at Microsoft.VisualStudio.TestTools.UITesting.SearchHelper.GetElement(Boolean useCache, ISearchArgument searchArg)
   at Microsoft.VisualStudio.TestTools.UITesting.SearchHelper.Search(ISearchArgument searchArg)
   at Microsoft.VisualStudio.TestTools.UITesting.UITestControl.FindInternal()
   at Microsoft.VisualStudio.TestTools.UITesting.UITestControl.FindControlIfNecessary()
   at Microsoft.VisualStudio.TestTools.UITesting.UITestControl.Click(MouseButtons button, ModifierKeys modifierKeys, Point relativeCoordinates)
   at Microsoft.VisualStudio.TestTools.UITesting.Mouse.ClickImplementation(UITestControl control, MouseButtons button, ModifierKeys modifierKeys, Point relativeCoordinate)
   at Microsoft.VisualStudio.TestTools.UITesting.Mouse.ClickImplementationWrapper(UITestControl control, MouseButtons button, ModifierKeys modifierKeys, Point relativeCoordinate)
W, 3524, 27, 2012/11/12, 16:44:39.327, 6747893872154, QTAgent32.exe, PlaybackErrorHandler: Ignoring exception as ContinueOnError is set.
W, 3524, 27, 2012/11/12, 16:44:39.623, 6747898168842, QTAgent32.exe, Playback - [WARNING] Internal warning: Window Not Found: [VisibleOnly]ControlType='Window' &amp;&amp; Name='Policies Auto-Renewed &amp; Auto-Lapsed' &amp;&amp; ClassName='ThunderRT6FormDC'
\0
E, 3524, 27, 2012/11/12, 16:44:39.623, 6747898171686, QTAgent32.exe, &lt;a class=failure&gt;Playback - {162} [FAILED] Function ElementFetcher::FindScreenElement failed to locate UI element (Searching: ;[VisibleOnly]ControlType='Window' &amp;&amp; Name='Policies Auto-Renewed &amp; Auto-Lapsed' &amp;&amp; ClassName='ThunderRT6FormDC') (The object specified was not found.)
\0&lt;/a&gt;
E, 3524, 27, 2012/11/12, 16:44:39.717, 6747899489389, QTAgent32.exe, Playback - [IMAGE] C:\Users\peter.zenin-ad\AppData\Local\Temp\UITestLogs\LastRun\RPFCFE4.png
\0
W, 3524, 27, 2012/11/12, 16:44:39.717, 6747899491637, QTAgent32.exe, Playback - [WARNING] Internal warning: Couldn't find descendants that match QueryId
\0
W, 3524, 27, 2012/11/12, 16:44:57.767, 6748157926570, QTAgent32.exe, Playback - [WARNING] Internal warning: Window Not Found: [VisibleOnly]ControlType='Window' &amp;&amp; Name='Policies Auto-Renewed &amp; Auto-Lapsed' &amp;&amp; ClassName='ThunderRT6FormDC'
\0
E, 3524, 27, 2012/11/12, 16:44:57.767, 6748157929403, QTAgent32.exe, &lt;a class=failure&gt;Playback - {163} [FAILED] Function ElementFetcher::FindScreenElement failed to locate UI element (Searching: ;[VisibleOnly]ControlType='Window' &amp;&amp; Name='Policies Auto-Renewed &amp; Auto-Lapsed' &amp;&amp; ClassName='ThunderRT6FormDC') (The object specified was not found.)
\0&lt;/a&gt;
E, 3524, 27, 2012/11/12, 16:44:57.861, 6748159241208, QTAgent32.exe, Playback - [IMAGE] C:\Users\peter.zenin-ad\AppData\Local\Temp\UITestLogs\LastRun\RPF16C4.png
\0
W, 3524, 27, 2012/11/12, 16:44:57.861, 6748159243353, QTAgent32.exe, Playback - [WARNING] Internal warning: Couldn't find descendants that match QueryId
\0
W, 3524, 27, 2012/11/12, 16:44:57.861, 6748159246353, QTAgent32.exe, PERF WARNING: FindTopLevelWindowHelper::FindAllDescendents: took 18141 ms. Expected it to take maximum 500 ms.
W, 3524, 27, 2012/11/12, 16:44:58.360, 6748166494240, QTAgent32.exe, Playback - [WARNING] Internal warning: Smart Match failed
\0
W, 3524, 27, 2012/11/12, 16:44:58.547, 6748169166696, QTAgent32.exe, Playback - [WARNING] Internal warning: Smart Match failed
\0
W, 3524, 27, 2012/11/12, 16:44:58.734, 6748171849652, QTAgent32.exe, Playback - [WARNING] Internal warning: Smart Match failed
\0
W, 3524, 27, 2012/11/12, 16:44:58.921, 6748174527626, QTAgent32.exe, Playback - [WARNING] Internal warning: Smart Match failed
\0
W, 3524, 27, 2012/11/12, 16:44:59.109, 6748177204371, QTAgent32.exe, Playback - [WARNING] Internal warning: Smart Match failed
\0
W, 3524, 27, 2012/11/12, 16:44:59.296, 6748179886869, QTAgent32.exe, Playback - [WARNING] Internal warning: Smart Match failed
\0
W, 3524, 27, 2012/11/12, 16:44:59.483, 6748182566576, QTAgent32.exe, Playback - [WARNING] Internal warning: Smart Match failed
\0
W, 3524, 27, 2012/11/12, 16:44:59.686, 6748185473192, QTAgent32.exe, Playback - [WARNING] Internal warning: Smart Match failed
\0
W, 3524, 27, 2012/11/12, 16:44:59.873, 6748188158798, QTAgent32.exe, Playback - [WARNING] Internal warning: Smart Match failed
\0
W, 3524, 27, 2012/11/12, 16:45:00.060, 6748190831236, QTAgent32.exe, Playback - [WARNING] Internal warning: Smart Match failed
\0
W, 3524, 27, 2012/11/12, 16:45:00.247, 6748193511350, QTAgent32.exe, Playback - [WARNING] Internal warning: Smart Match failed
\0
W, 3524, 27, 2012/11/12, 16:45:00.435, 6748196198305, QTAgent32.exe, Playback - [WARNING] Internal warning: Smart Match failed
\0
W, 3524, 27, 2012/11/12, 16:45:00.622, 6748198883984, QTAgent32.exe, Playback - [WARNING] Internal warning: Smart Match failed
\0
W, 3524, 27, 2012/11/12, 16:45:00.825, 6748201777474, QTAgent32.exe, Playback - [WARNING] Internal warning: Smart Match failed
\0
W, 3524, 27, 2012/11/12, 16:45:00.903, 6748202964413, QTAgent32.exe, Playback - [WARNING] Internal warning: Window Not Found: [VisibleOnly]ControlType='Window' &amp;&amp; Name='Policies Auto-Renewed &amp; Auto-Lapsed' &amp;&amp; ClassName='ThunderRT6FormDC'
\0
E, 3524, 27, 2012/11/12, 16:45:00.903, 6748202966816, QTAgent32.exe, &lt;a class=failure&gt;Playback - {164} [FAILED] Function ElementFetcher::FindScreenElement failed to locate UI element (Searching: ;[VisibleOnly]ControlType='Window' &amp;&amp; Name='Policies Auto-Renewed &amp; Auto-Lapsed' &amp;&amp; ClassName='ThunderRT6FormDC') (The object specified was not found.)
\0&lt;/a&gt;
E, 3524, 27, 2012/11/12, 16:45:00.996, 6748204275564, QTAgent32.exe, Playback - [IMAGE] C:\Users\peter.zenin-ad\AppData\Local\Temp\UITestLogs\LastRun\RPF2304.png
\0
W, 3524, 27, 2012/11/12, 16:45:00.996, 6748204277728, QTAgent32.exe, Playback - [WARNING] Internal warning: Couldn't find descendants that match QueryId
\0
W, 3524, 27, 2012/11/12, 16:45:00.996, 6748204280683, QTAgent32.exe, PERF WARNING: FindTopLevelWindowHelper::FindAllDescendents: took 3145 ms. Expected it to take maximum 500 ms.
E, 3524, 27, 2012/11/12, 16:45:00.996, 6748204282465, QTAgent32.exe, Exception: System.Runtime.InteropServices.COMException
	Message: Error HRESULT E_FAIL has been returned from a call to a COM component.
	Stack Trace:    at Microsoft.VisualStudio.TestTools.UITest.Playback.Engine.IRPFPlayback.FindAllScreenElements(IScreenElement pScreenElementStart, String bstrQueryId, Object&amp; pvarResKeys, Int32 cResKeys, Int32 nMaxDepth, Object[]&amp; foundDescendants)
   at Microsoft.VisualStudio.TestTools.UITest.Playback.ScreenElement.FindTopLevelWindowHelper(String queryId)
	BaseExceptionMessage: Error HRESULT E_FAIL has been returned from a call to a COM component.

E, 3524, 27, 2012/11/12, 16:45:01.106, 6748205681378, QTAgent32.exe, AL: Playback Error: Microsoft.VisualStudio.TestTools.UITest.Extension.UITestControlNotFoundException: The playback failed to find the control with the given search properties. Additional Details: 
TechnologyName:  'MSAA'
ControlType:  'Window'
Name:  'Policies Auto-Renewed &amp; Auto-Lapsed'
ClassName:  'ThunderRT6FormDC'
 ---&gt; System.Runtime.InteropServices.COMException: Error HRESULT E_FAIL has been returned from a call to a COM component.
   at Microsoft.VisualStudio.TestTools.UITest.Playback.Engine.IRPFPlayback.FindAllScreenElements(IScreenElement pScreenElementStart, String bstrQueryId, Object&amp; pvarResKeys, Int32 cResKeys, Int32 nMaxDepth, Object[]&amp; foundDescendants)
   at Microsoft.VisualStudio.TestTools.UITest.Playback.ScreenElement.FindTopLevelWindowHelper(String queryId)
   at Microsoft.VisualStudio.TestTools.UITest.Playback.ScreenElement.FindFromPartialQueryId(String queryId)
   at Microsoft.VisualStudio.TestTools.UITesting.UITestControl..ctor(String queryId)
   --- End of inner exception stack trace ---
   at Microsoft.VisualStudio.TestTools.UITesting.Playback.MapControlNotFoundException(COMException ex, IPlaybackContext context)
   at Microsoft.VisualStudio.TestTools.UITesting.Playback.MapAndThrowComException(COMException innerException, IPlaybackContext context)
   at Microsoft.VisualStudio.TestTools.UITesting.Playback.MapAndThrowException(SystemException exception, IPlaybackContext context)
   at Microsoft.VisualStudio.TestTools.UITesting.Playback.MapAndThrowException(SystemException exception, String queryId)
   at Microsoft.VisualStudio.TestTools.UITesting.UITestControl..ctor(String queryId)
   at Microsoft.VisualStudio.TestTools.UITesting.SearchHelper.SearchTopLevelWindow(ISearchArgument topLevelSearchArg, String topLevelElementQueryId)
   at Microsoft.VisualStudio.TestTools.UITesting.SearchHelper.GetTitleUpdatedTopLevelWindow(ISearchArgument topLevelSearchArg, String queryId, IList`1 windowTitles)
   at Microsoft.VisualStudio.TestTools.UITesting.SearchHelper.GetTopLevelElement(Boolean useCache, Boolean useCacheOnly, ISearchArgument searchArg, IList`1 windowTitles, Int32&amp; timeLeft)
   at Microsoft.VisualStudio.TestTools.UITesting.SearchHelper.GetElement(Boolean useCache, ISearchArgument searchArg)
   at Microsoft.VisualStudio.TestTools.UITesting.SearchHelper.Search(ISearchArgument searchArg)
   at Microsoft.VisualStudio.TestTools.UITesting.UITestControl.FindInternal()
   at Microsoft.VisualStudio.TestTools.UITesting.UITestControl.FindControlIfNecessary()
   at Microsoft.VisualStudio.TestTools.UITesting.UITestControl.Click(MouseButtons button, ModifierKeys modifierKeys, Point relativeCoordinates)
   at Microsoft.VisualStudio.TestTools.UITesting.Mouse.ClickImplementation(UITestControl control, MouseButtons button, ModifierKeys modifierKeys, Point relativeCoordinate)
   at Microsoft.VisualStudio.TestTools.UITesting.Mouse.ClickImplementationWrapper(UITestControl control, MouseButtons button, ModifierKeys modifierKeys, Point relativeCoordinate)
W, 3524, 27, 2012/11/12, 16:45:01.106, 6748205683375, QTAgent32.exe, PlaybackErrorHandler: Ignoring exception as ContinueOnError is set.
W, 3524, 27, 2012/11/12, 16:45:01.464, 6748210907638, QTAgent32.exe, &lt;a class=success&gt;Playback - {165} [SUCCESS] MouseButtonClick - "[MSAA, VisibleOnly]ControlType='Button' &amp;&amp; Name='EDI Match...'"
\0&lt;/a&gt;
W, 3524, 27, 2012/11/12, 16:45:03.368, 6748238114234, QTAgent32.exe, &lt;a class=success&gt;Playback - {166} [SUCCESS] MouseButtonClick - "[MSAA, VisibleOnly]ControlType='Button' &amp;&amp; Name='Ok'"
\0&lt;/a&gt;
W, 3524, 27, 2012/11/12, 16:45:03.805, 6748244426835, QTAgent32.exe, &lt;a class=success&gt;Playback - {167} [SUCCESS] MouseButtonClick - "[MSAA, VisibleOnly]ControlType='Button' &amp;&amp; Name='OK'"
\0&lt;/a&gt;
W, 3524, 27, 2012/11/12, 16:45:05.458, 6748268001221, QTAgent32.exe, Playback - [WARNING] Internal warning: Element "[MSAA, VisibleOnly]ControlType='Window' &amp;&amp; ControlId='5'" was not found, so all intermediate elements were ignored. To improve performance replace this element Id with another Id or exclude it from QueryId. If this element is the target element, replace or remove intermediate elements
\0
W, 3524, 27, 2012/11/12, 16:45:08.048, 6748305095079, QTAgent32.exe, Playback - [WARNING] Internal warning:Search failure: &lt;[MSAA, VisibleOnly]ControlType='Window' &amp;&amp; ControlId='32768'&gt; | Performed (4) search retries, UI element not found
\0
E, 3524, 27, 2012/11/12, 16:45:08.048, 6748305097826, QTAgent32.exe, &lt;a class=failure&gt;Playback - {168} [FAILED] Function ElementFetcher::FindScreenElement failed to locate UI element (Searching: ;[MSAA, VisibleOnly]ControlType='Window' &amp;&amp; ControlId='32768';[MSAA, VisibleOnly]ControlType='Window' &amp;&amp; ControlId='5';[MSAA, VisibleOnly]ControlType='Button' &amp;&amp; Name='Log and Clear') (The object specified was not found.)
\0&lt;/a&gt;
E, 3524, 27, 2012/11/12, 16:45:08.126, 6748306403555, QTAgent32.exe, Playback - [IMAGE] C:\Users\peter.zenin-ad\AppData\Local\Temp\UITestLogs\LastRun\RPF3EEE.png
\0
W, 3524, 27, 2012/11/12, 16:45:08.126, 6748306405725, QTAgent32.exe, Playback - [WARNING] Internal warning: Couldn't find descendants that match QueryId
\0
W, 3524, 27, 2012/11/12, 16:45:08.126, 6748306408658, QTAgent32.exe, PERF WARNING: FindAllDescendents: took 4225 ms. Expected it to take maximum 500 ms.
E, 3524, 27, 2012/11/12, 16:45:08.235, 6748307761983, QTAgent32.exe, AL: Playback Error: Microsoft.VisualStudio.TestTools.UITest.Extension.UITestControlNotFoundException: The playback failed to find the control with the given search properties. Additional Details: 
TechnologyName:  'MSAA'
ControlType:  'Button'
Name:  'Log and Clear'
 ---&gt; System.Runtime.InteropServices.COMException: Error HRESULT E_FAIL has been returned from a call to a COM component.
   at Microsoft.VisualStudio.TestTools.UITest.Playback.Engine.IScreenElement.FindAllDescendants(String bstrQueryId, Object&amp; pvarResKeys, Int32 cResKeys, Int32 nMaxDepth)
   at Microsoft.VisualStudio.TestTools.UITest.Playback.ScreenElement.FindAllScreenElement(String queryId, Int32 depth, Boolean singleQueryId, Boolean throwException)
   at Microsoft.VisualStudio.TestTools.UITest.Playback.ScreenElement.FindScreenElement(String queryId, Int32 depth)
   at Microsoft.VisualStudio.TestTools.UITesting.UITestControl.FindFirstDescendant(String queryId, Int32 maxDepth, Int32&amp; timeLeft)
   --- End of inner exception stack trace ---
   at Microsoft.VisualStudio.TestTools.UITesting.Playback.MapControlNotFoundException(COMException ex, IPlaybackContext context)
   at Microsoft.VisualStudio.TestTools.UITesting.Playback.MapAndThrowComException(COMException innerException, IPlaybackContext context)
   at Microsoft.VisualStudio.TestTools.UITesting.Playback.MapAndThrowException(SystemException exception, IPlaybackContext context)
   at Microsoft.VisualStudio.TestTools.UITesting.Playback.MapAndThrowException(SystemException exception, String queryId)
   at Microsoft.VisualStudio.TestTools.UITesting.UITestControl.FindFirstDescendant(String queryId, Int32 maxDepth, Int32&amp; timeLeft)
   at Microsoft.VisualStudio.TestTools.UITesting.SearchHelper.GetElement(Boolean useCache, ISearchArgument searchArg)
   at Microsoft.VisualStudio.TestTools.UITesting.SearchHelper.Search(ISearchArgument searchArg)
   at Microsoft.VisualStudio.TestTools.UITesting.UITestControl.FindInternal()
   at Microsoft.VisualStudio.TestTools.UITesting.UITestControl.FindControlIfNecessary()
   at Microsoft.VisualStudio.TestTools.UITesting.UITestControl.Click(MouseButtons button, ModifierKeys modifierKeys, Point relativeCoordinates)
   at Microsoft.VisualStudio.TestTools.UITesting.Mouse.ClickImplementation(UITestControl control, MouseButtons button, ModifierKeys modifierKeys, Point relativeCoordinate)
   at Microsoft.VisualStudio.TestTools.UITesting.Mouse.ClickImplementationWrapper(UITestControl control, MouseButtons button, ModifierKeys modifierKeys, Point relativeCoordinate)
W, 3524, 27, 2012/11/12, 16:45:08.235, 6748307763557, QTAgent32.exe, PlaybackErrorHandler: Ignoring exception as ContinueOnError is set.
W, 3524, 27, 2012/11/12, 16:45:08.516, 6748311791367, QTAgent32.exe, Playback - [WARNING] Internal warning: Window Not Found: [VisibleOnly]ControlType='Window' &amp;&amp; Name='insur-E.tam' &amp;&amp; ClassName='#32770'
\0
E, 3524, 27, 2012/11/12, 16:45:08.516, 6748311794124, QTAgent32.exe, &lt;a class=failure&gt;Playback - {169} [FAILED] Function ElementFetcher::FindScreenElement failed to locate UI element (Searching: ;[VisibleOnly]ControlType='Window' &amp;&amp; Name='insur-E.tam' &amp;&amp; ClassName='#32770') (The object specified was not found.)
\0&lt;/a&gt;
E, 3524, 27, 2012/11/12, 16:45:08.594, 6748313091699, QTAgent32.exe, Playback - [IMAGE] C:\Users\peter.zenin-ad\AppData\Local\Temp\UITestLogs\LastRun\RPF40C3.png
\0
W, 3524, 27, 2012/11/12, 16:45:08.594, 6748313093877, QTAgent32.exe, Playback - [WARNING] Internal warning: Couldn't find descendants that match QueryId
\0
W, 3524, 27, 2012/11/12, 16:45:26.691, 6748572015748, QTAgent32.exe, Playback - [WARNING] Internal warning: Window Not Found: [VisibleOnly]ControlType='Window' &amp;&amp; Name='insur-E.tam' &amp;&amp; ClassName='#32770'
\0
E, 3524, 27, 2012/11/12, 16:45:26.691, 6748572018519, QTAgent32.exe, &lt;a class=failure&gt;Playback - {170} [FAILED] Function ElementFetcher::FindScreenElement failed to locate UI element (Searching: ;[VisibleOnly]ControlType='Window' &amp;&amp; Name='insur-E.tam' &amp;&amp; ClassName='#32770') (The object specified was not found.)
\0&lt;/a&gt;
E, 3524, 27, 2012/11/12, 16:45:26.769, 6748573308507, QTAgent32.exe, Playback - [IMAGE] C:\Users\peter.zenin-ad\AppData\Local\Temp\UITestLogs\LastRun\RPF87C2.png
\0
W, 3524, 27, 2012/11/12, 16:45:26.769, 6748573310731, QTAgent32.exe, Playback - [WARNING] Internal warning: Couldn't find descendants that match QueryId
\0
W, 3524, 27, 2012/11/12, 16:45:26.769, 6748573313672, QTAgent32.exe, PERF WARNING: FindTopLevelWindowHelper::FindAllDescendents: took 18173 ms. Expected it to take maximum 500 ms.
W, 3524, 27, 2012/11/12, 16:45:27.284, 6748580601490, QTAgent32.exe, Playback - [WARNING] Internal warning: Smart Match failed
\0
W, 3524, 27, 2012/11/12, 16:45:27.471, 6748583283615, QTAgent32.exe, Playback - [WARNING] Internal warning: Smart Match failed
\0
W, 3524, 27, 2012/11/12, 16:45:27.658, 6748585962300, QTAgent32.exe, Playback - [WARNING] Internal warning: Smart Match failed
\0
W, 3524, 27, 2012/11/12, 16:45:27.846, 6748588660686, QTAgent32.exe, Playback - [WARNING] Internal warning: Smart Match failed
\0
W, 3524, 27, 2012/11/12, 16:45:28.033, 6748591332254, QTAgent32.exe, Playback - [WARNING] Internal warning: Smart Match failed
\0
W, 3524, 27, 2012/11/12, 16:45:28.220, 6748594011105, QTAgent32.exe, Playback - [WARNING] Internal warning: Smart Match failed
\0
W, 3524, 27, 2012/11/12, 16:45:28.407, 6748596686758, QTAgent32.exe, Playback - [WARNING] Internal warning: Smart Match failed
\0
W, 3524, 27, 2012/11/12, 16:45:28.610, 6748599594284, QTAgent32.exe, Playback - [WARNING] Internal warning: Smart Match failed
\0
W, 3524, 27, 2012/11/12, 16:45:28.797, 6748602277191, QTAgent32.exe, Playback - [WARNING] Internal warning: Smart Match failed
\0
W, 3524, 27, 2012/11/12, 16:45:28.985, 6748604957115, QTAgent32.exe, Playback - [WARNING] Internal warning: Smart Match failed
\0
W, 3524, 27, 2012/11/12, 16:45:29.172, 6748607647662, QTAgent32.exe, Playback - [WARNING] Internal warning: Smart Match failed
\0
W, 3524, 27, 2012/11/12, 16:45:29.359, 6748610324108, QTAgent32.exe, Playback - [WARNING] Internal warning: Smart Match failed
\0
W, 3524, 27, 2012/11/12, 16:45:29.562, 6748613223930, QTAgent32.exe, Playback - [WARNING] Internal warning: Smart Match failed
\0
W, 3524, 27, 2012/11/12, 16:45:29.749, 6748615923888, QTAgent32.exe, Playback - [WARNING] Internal warning: Smart Match failed
\0
W, 3524, 27, 2012/11/12, 16:45:29.827, 6748617085380, QTAgent32.exe, Playback - [WARNING] Internal warning: Window Not Found: [VisibleOnly]ControlType='Window' &amp;&amp; Name='insur-E.tam' &amp;&amp; ClassName='#32770'
\0
E, 3524, 27, 2012/11/12, 16:45:29.827, 6748617087697, QTAgent32.exe, &lt;a class=failure&gt;Playback - {171} [FAILED] Function ElementFetcher::FindScreenElement failed to locate UI element (Searching: ;[VisibleOnly]ControlType='Window' &amp;&amp; Name='insur-E.tam' &amp;&amp; ClassName='#32770') (The object specified was not found.)
\0&lt;/a&gt;
E, 3524, 27, 2012/11/12, 16:45:29.921, 6748618391078, QTAgent32.exe, Playback - [IMAGE] C:\Users\peter.zenin-ad\AppData\Local\Temp\UITestLogs\LastRun\RPF9403.png
\0
W, 3524, 27, 2012/11/12, 16:45:29.921, 6748618393270, QTAgent32.exe, Playback - [WARNING] Internal warning: Couldn't find descendants that match QueryId
\0
W, 3524, 27, 2012/11/12, 16:45:29.921, 6748618396229, QTAgent32.exe, PERF WARNING: FindTopLevelWindowHelper::FindAllDescendents: took 3148 ms. Expected it to take maximum 500 ms.
E, 3524, 27, 2012/11/12, 16:45:29.921, 6748618398070, QTAgent32.exe, Exception: System.Runtime.InteropServices.COMException
	Message: Error HRESULT E_FAIL has been returned from a call to a COM component.
	Stack Trace:    at Microsoft.VisualStudio.TestTools.UITest.Playback.Engine.IRPFPlayback.FindAllScreenElements(IScreenElement pScreenElementStart, String bstrQueryId, Object&amp; pvarResKeys, Int32 cResKeys, Int32 nMaxDepth, Object[]&amp; foundDescendants)
   at Microsoft.VisualStudio.TestTools.UITest.Playback.ScreenElement.FindTopLevelWindowHelper(String queryId)
	BaseExceptionMessage: Error HRESULT E_FAIL has been returned from a call to a COM component.

E, 3524, 27, 2012/11/12, 16:45:29.921, 6748618402072, QTAgent32.exe, GetClassName for handle 4590064 failed
E, 3524, 27, 2012/11/12, 16:45:29.921, 6748618411453, QTAgent32.exe, Window 4590064 not responding. Last Win32 error 1400
E, 3524, 27, 2012/11/12, 16:45:29.921, 6748618412656, QTAgent32.exe, GetClassName for handle 4590064 failed
E, 3524, 27, 2012/11/12, 16:45:29.921, 6748618413475, QTAgent32.exe, GetClassName for handle 4590064 failed
E, 3524, 27, 2012/11/12, 16:45:29.921, 6748618418720, QTAgent32.exe, GetClassName for handle 1116664 failed
E, 3524, 27, 2012/11/12, 16:45:29.921, 6748618425706, QTAgent32.exe, Exception: System.Runtime.InteropServices.COMException
	Message: Error HRESULT E_FAIL has been returned from a call to a COM component.
	Stack Trace:    at Accessibility.IAccessible.get_accState(Object varChild)
   at Microsoft.VisualStudio.TestTools.UITest.Extension.Msaa.AccWrapper.get_State()
	BaseExceptionMessage: Error HRESULT E_FAIL has been returned from a call to a COM component.

E, 3524, 27, 2012/11/12, 16:45:29.921, 6748618430064, QTAgent32.exe, Exception: System.Runtime.InteropServices.COMException
	Message: Error HRESULT E_FAIL has been returned from a call to a COM component.
	Stack Trace:    at Accessibility.IAccessible.get_accState(Object varChild)
   at Microsoft.VisualStudio.TestTools.UITest.Extension.Msaa.AccWrapper.get_State()
	BaseExceptionMessage: Error HRESULT E_FAIL has been returned from a call to a COM component.

E, 3524, 27, 2012/11/12, 16:45:29.921, 6748618434341, QTAgent32.exe, Exception: System.Runtime.InteropServices.COMException
	Message: Error HRESULT E_FAIL has been returned from a call to a COM component.
	Stack Trace:    at Accessibility.IAccessible.get_accState(Object varChild)
   at Microsoft.VisualStudio.TestTools.UITest.Extension.Msaa.AccWrapper.get_State()
	BaseExceptionMessage: Error HRESULT E_FAIL has been returned from a call to a COM component.

E, 3524, 27, 2012/11/12, 16:45:29.921, 6748618438624, QTAgent32.exe, Exception: System.Runtime.InteropServices.COMException
	Message: Error HRESULT E_FAIL has been returned from a call to a COM component.
	Stack Trace:    at Accessibility.IAccessible.get_accState(Object varChild)
   at Microsoft.VisualStudio.TestTools.UITest.Extension.Msaa.AccWrapper.get_State()
	BaseExceptionMessage: Error HRESULT E_FAIL has been returned from a call to a COM component.

E, 3524, 27, 2012/11/12, 16:45:29.921, 6748618442929, QTAgent32.exe, Exception: System.Runtime.InteropServices.COMException
	Message: Error HRESULT E_FAIL has been returned from a call to a COM component.
	Stack Trace:    at Accessibility.IAccessible.get_accState(Object varChild)
   at Microsoft.VisualStudio.TestTools.UITest.Extension.Msaa.AccWrapper.get_State()
	BaseExceptionMessage: Error HRESULT E_FAIL has been returned from a call to a COM component.

E, 3524, 27, 2012/11/12, 16:45:29.921, 6748618447237, QTAgent32.exe, Exception: System.Runtime.InteropServices.COMException
	Message: Error HRESULT E_FAIL has been returned from a call to a COM component.
	Stack Trace:    at Accessibility.IAccessible.get_accState(Object varChild)
   at Microsoft.VisualStudio.TestTools.UITest.Extension.Msaa.AccWrapper.get_State()
	BaseExceptionMessage: Error HRESULT E_FAIL has been returned from a call to a COM component.

E, 3524, 27, 2012/11/12, 16:45:29.921, 6748618451534, QTAgent32.exe, Exception: System.Runtime.InteropServices.COMException
	Message: Error HRESULT E_FAIL has been returned from a call to a COM component.
	Stack Trace:    at Accessibility.IAccessible.get_accState(Object varChild)
   at Microsoft.VisualStudio.TestTools.UITest.Extension.Msaa.AccWrapper.get_State()
	BaseExceptionMessage: Error HRESULT E_FAIL has been returned from a call to a COM component.

W, 3524, 27, 2012/11/12, 16:45:30.123, 6748621300459, QTAgent32.exe, PERF WARNING: MSAA.UpdateQueryIDForNamelessControls: took 201 ms. Expected it to take maximum 200 ms.
W, 3524, 27, 2012/11/12, 16:45:30.123, 6748621304055, QTAgent32.exe, Msaa.Navigate: Exception [Error HRESULT E_FAIL has been returned from a call to a COM component.] while calling accNavigate.
E, 3524, 27, 2012/11/12, 16:45:30.123, 6748621305385, QTAgent32.exe, GetClassName for handle 1116664 failed
E, 3524, 27, 2012/11/12, 16:45:30.123, 6748621314258, QTAgent32.exe, GetClassName for handle 1116664 failed
E, 3524, 27, 2012/11/12, 16:45:30.123, 6748621316407, QTAgent32.exe, Window 1116664 not responding. Last Win32 error 1400
E, 3524, 27, 2012/11/12, 16:45:30.123, 6748621317394, QTAgent32.exe, GetClassName for handle 4590064 failed
E, 3524, 27, 2012/11/12, 16:45:30.123, 6748621318186, QTAgent32.exe, GetClassName for handle 1116664 failed
E, 3524, 27, 2012/11/12, 16:45:30.123, 6748621318927, QTAgent32.exe, GetClassName for handle 1116664 failed
E, 3524, 27, 2012/11/12, 16:45:30.233, 6748622704603, QTAgent32.exe, AL: Playback Error: Microsoft.VisualStudio.TestTools.UITest.Extension.UITestControlNotAvailableException: The control is not available or not valid. Additional Details: 
TechnologyName:  'MSAA'
ControlType:  'Button'
 ---&gt; Microsoft.VisualStudio.TestTools.UITest.Extension.UITestControlNotAvailableException: The control is not available or not valid. Additional Details: 
TechnologyName:  'MSAA'
ControlType:  'Window'
 ---&gt; System.Runtime.InteropServices.COMException: Error HRESULT E_FAIL has been returned from a call to a COM component.
   at Microsoft.VisualStudio.TestTools.UITest.Playback.Engine.IRPFPlayback.FindAllScreenElements(IScreenElement pScreenElementStart, String bstrQueryId, Object&amp; pvarResKeys, Int32 cResKeys, Int32 nMaxDepth, Object[]&amp; foundDescendants)
   at Microsoft.VisualStudio.TestTools.UITest.Playback.ScreenElement.FindTopLevelWindowHelper(String queryId)
   at Microsoft.VisualStudio.TestTools.UITest.Playback.ScreenElement.FindFromPartialQueryId(String queryId)
   at Microsoft.VisualStudio.TestTools.UITesting.UITestControl.EnsureValid(Boolean waitForReady, Boolean refetch)
   --- End of inner exception stack trace ---
   at Microsoft.VisualStudio.TestTools.UITesting.UITestControl.EnsureValid(Boolean waitForReady, Boolean refetch)
   at Microsoft.VisualStudio.TestTools.UITesting.UITestControl.FindFirstDescendant(String queryId, Int32 maxDepth, Int32&amp; timeLeft)
   at Microsoft.VisualStudio.TestTools.UITesting.UITestControl.FindFirstDescendant(String queryId)
   at Microsoft.VisualStudio.TestTools.UITesting.UITestControl.EnsureValid(Boolean waitForReady, Boolean refetch)
   --- End of inner exception stack trace ---
   at Microsoft.VisualStudio.TestTools.UITesting.UITestControl.EnsureValid(Boolean waitForReady, Boolean refetch)
   at Microsoft.VisualStudio.TestTools.UITesting.UITestControl.Click(MouseButtons button, ModifierKeys modifierKeys, Point relativeCoordinates)
   at Microsoft.VisualStudio.TestTools.UITesting.Mouse.ClickImplementation(UITestControl control, MouseButtons button, ModifierKeys modifierKeys, Point relativeCoordinate)
   at Microsoft.VisualStudio.TestTools.UITesting.Mouse.ClickImplementationWrapper(UITestControl control, MouseButtons button, ModifierKeys modifierKeys, Point relativeCoordinate)
W, 3524, 27, 2012/11/12, 16:45:30.233, 6748622706271, QTAgent32.exe, PlaybackErrorHandler: Ignoring exception as ContinueOnError is set.
W, 3524, 27, 2012/11/12, 16:45:30.591, 6748627944923, QTAgent32.exe, &lt;a class=success&gt;Playback - {172} [SUCCESS] MouseButtonClick - "[MSAA, VisibleOnly]ControlType='Button' &amp;&amp; Name='Filter...'"
\0&lt;/a&gt;
W, 3524, 27, 2012/11/12, 16:45:30.841, 6748631412919, QTAgent32.exe, &lt;a class=success&gt;Playback - {173} [SUCCESS] SendKeys "^{HOME}" - "[MSAA, VisibleOnly]ControlType='Edit'"
\0&lt;/a&gt;
E, 3524, 27, 2012/11/12, 16:45:30.841, 6748631415574, QTAgent32.exe, Msaa.GetFocusedElement: could not find accessible object of foreground window
W, 3524, 27, 2012/11/12, 16:45:30.919, 6748632531544, QTAgent32.exe, &lt;a class=success&gt;Playback - {174} [SUCCESS] SendKeys "^+{END}" - "[MSAA, VisibleOnly]ControlType='Edit'"
\0&lt;/a&gt;
E, 3524, 27, 2012/11/12, 16:45:30.919, 6748632534606, QTAgent32.exe, Msaa.GetFocusedElement: could not find accessible object of foreground window
W, 3524, 27, 2012/11/12, 16:45:30.950, 6748632978300, QTAgent32.exe, &lt;a class=success&gt;Playback - {175} [SUCCESS] SendKeys "{DELETE}" - "[MSAA, VisibleOnly]ControlType='Edit'"
\0&lt;/a&gt;
W, 3524, 27, 2012/11/12, 16:45:31.278, 6748637670731, QTAgent32.exe, &lt;a class=success&gt;Playback - {176} [SUCCESS] SetValueAsEditBox "19/11/12" - "[MSAA, VisibleOnly]ControlType='Edit'"  &lt; Set via SendKeys &gt;
\0&lt;/a&gt;
W, 3524, 27, 2012/11/12, 16:45:31.543, 6748641464833, QTAgent32.exe, &lt;a class=success&gt;Playback - {177} [SUCCESS] SendKeys "^{HOME}" - "[MSAA, VisibleOnly]ControlType='Edit'"
\0&lt;/a&gt;
E, 3524, 27, 2012/11/12, 16:45:31.543, 6748641467395, QTAgent32.exe, Msaa.GetFocusedElement: could not find accessible object of foreground window
W, 3524, 27, 2012/11/12, 16:45:31.637, 6748642805342, QTAgent32.exe, &lt;a class=success&gt;Playback - {178} [SUCCESS] SendKeys "^+{END}" - "[MSAA, VisibleOnly]ControlType='Edit'"
\0&lt;/a&gt;
E, 3524, 27, 2012/11/12, 16:45:31.637, 6748642807329, QTAgent32.exe, Msaa.GetFocusedElement: could not find accessible object of foreground window
W, 3524, 27, 2012/11/12, 16:45:31.652, 6748643028783, QTAgent32.exe, &lt;a class=success&gt;Playback - {179} [SUCCESS] SendKeys "{DELETE}" - "[MSAA, VisibleOnly]ControlType='Edit'"
\0&lt;/a&gt;
W, 3524, 27, 2012/11/12, 16:45:31.980, 6748647722366, QTAgent32.exe, &lt;a class=success&gt;Playback - {180} [SUCCESS] SetValueAsEditBox "19/11/12" - "[MSAA, VisibleOnly]ControlType='Edit'"  &lt; Set via SendKeys &gt;
\0&lt;/a&gt;
W, 3524, 27, 2012/11/12, 16:45:32.651, 6748657344287, QTAgent32.exe, Playback - [WARNING] Internal warning: Incorrect flag set for InvokeProgrammaticAction\0
W, 3524, 27, 2012/11/12, 16:45:32.978, 6748662035422, QTAgent32.exe, &lt;a class=success&gt;Playback - {181} [SUCCESS] SetValueAsComboBox "Household" - "[MSAA, VisibleOnly]ControlType='ComboBox'"  &lt; SetValueAsComboBox, set by clicking on the item in the list box &gt;
\0&lt;/a&gt;
W, 3524, 27, 2012/11/12, 16:45:33.384, 6748668006958, QTAgent32.exe, &lt;a class=success&gt;Playback - {182} [SUCCESS] MouseButtonClick - "[MSAA, VisibleOnly]ControlType='Button' &amp;&amp; Name='Ok'"
\0&lt;/a&gt;
W, 3524, 27, 2012/11/12, 16:45:33.821, 6748674074283, QTAgent32.exe, &lt;a class=success&gt;Playback - {183} [SUCCESS] MouseButtonClick - "[MSAA, VisibleOnly]ControlType='Client'"
\0&lt;/a&gt;
W, 3524, 27, 2012/11/12, 16:45:34.039, 6748677202960, QTAgent32.exe, &lt;a class=success&gt;Playback - {184} [SUCCESS] SendKeys "{End}" - "[MSAA, VisibleOnly]ControlType='Client'"
\0&lt;/a&gt;
W, 3524, 27, 2012/11/12, 16:45:34.523, 6748684159539, QTAgent32.exe, &lt;a class=success&gt;Playback - {185} [SUCCESS] MouseButtonClick - "[MSAA, VisibleOnly]ControlType='Button' &amp;&amp; Name='Display Record...'"
\0&lt;/a&gt;
W, 3524, 27, 2012/11/12, 16:45:34.913, 6748689760951, QTAgent32.exe, Playback - [WARNING] Internal warning: Window Not Found: [VisibleOnly]ControlType='Window' &amp;&amp; Name='AUTO230-1001' &amp;&amp; ClassName='ThunderRT6FormDC'
\0
E, 3524, 27, 2012/11/12, 16:45:34.913, 6748689763669, QTAgent32.exe, &lt;a class=failure&gt;Playback - {186} [FAILED] Function ElementFetcher::FindScreenElement failed to locate UI element (Searching: ;[VisibleOnly]ControlType='Window' &amp;&amp; Name='AUTO230-1001' &amp;&amp; ClassName='ThunderRT6FormDC') (The object specified was not found.)
\0&lt;/a&gt;
E, 3524, 27, 2012/11/12, 16:45:34.991, 6748691028229, QTAgent32.exe, Playback - [IMAGE] C:\Users\peter.zenin-ad\AppData\Local\Temp\UITestLogs\LastRun\RPFA7E1.png
\0
W, 3524, 27, 2012/11/12, 16:45:34.991, 6748691030445, QTAgent32.exe, Playback - [WARNING] Internal warning: Couldn't find descendants that match QueryId
\0
W, 3524, 27, 2012/11/12, 16:45:52.994, 6748948643187, QTAgent32.exe, Playback - [WARNING] Internal warning: Window Not Found: [VisibleOnly]ControlType='Window' &amp;&amp; Name='AUTO230-1001' &amp;&amp; ClassName='ThunderRT6FormDC'
\0
E, 3524, 27, 2012/11/12, 16:45:52.994, 6748948645929, QTAgent32.exe, &lt;a class=failure&gt;Playback - {187} [FAILED] Function ElementFetcher::FindScreenElement failed to locate UI element (Searching: ;[VisibleOnly]ControlType='Window' &amp;&amp; Name='AUTO230-1001' &amp;&amp; ClassName='ThunderRT6FormDC') (The object specified was not found.)
\0&lt;/a&gt;
E, 3524, 27, 2012/11/12, 16:45:53.072, 6748949906338, QTAgent32.exe, Playback - [IMAGE] C:\Users\peter.zenin-ad\AppData\Local\Temp\UITestLogs\LastRun\RPFEE83.png
\0
W, 3524, 27, 2012/11/12, 16:45:53.072, 6748949908434, QTAgent32.exe, Playback - [WARNING] Internal warning: Couldn't find descendants that match QueryId
\0
W, 3524, 27, 2012/11/12, 16:45:53.072, 6748949911238, QTAgent32.exe, PERF WARNING: FindTopLevelWindowHelper::FindAllDescendents: took 18080 ms. Expected it to take maximum 500 ms.
W, 3524, 27, 2012/11/12, 16:45:53.681, 6748958505294, QTAgent32.exe, Playback - [WARNING] Internal warning: Window with Class "ThunderRT6FormDC" and Title "AUTO230-1001" was not found, so similar window with Class "ThunderRT6FormDC" and Title "AUTO165-1001" was accepted
\0
W, 3524, 27, 2012/11/12, 16:45:53.681, 6748958509399, QTAgent32.exe, PERF WARNING: FindTopLevelWindowHelper::FindAllDescendents: took 600 ms. Expected it to take maximum 500 ms.
W, 3524, 27, 2012/11/12, 16:45:54.009, 6748963220052, QTAgent32.exe, &lt;a class=success&gt;Playback - {188} [SUCCESS] MouseButtonClick - "[MSAA, VisibleOnly]ControlType='Button' &amp;&amp; Name='Rebroke...'"
\0&lt;/a&gt;
W, 3524, 27, 2012/11/12, 16:45:54.477, 6748969860308, QTAgent32.exe, &lt;a class=success&gt;Playback - {189} [SUCCESS] MouseButtonClick - "[MSAA, VisibleOnly]ControlType='Button' &amp;&amp; Name='Yes'"
\0&lt;/a&gt;
W, 3524, 27, 2012/11/12, 16:45:54.945, 6748976541067, QTAgent32.exe, &lt;a class=success&gt;Playback - {190} [SUCCESS] MouseButtonClick - "[MSAA, VisibleOnly]ControlType='Button' &amp;&amp; Name='Proceed'"
\0&lt;/a&gt;
W, 3524, 27, 2012/11/12, 16:45:56.739, 6749002211120, QTAgent32.exe, PERF WARNING: FindTopLevelWindowHelper::FindAllDescendents: took 1683 ms. Expected it to take maximum 500 ms.
W, 3524, 27, 2012/11/12, 16:45:57.066, 6749006888567, QTAgent32.exe, &lt;a class=success&gt;Playback - {191} [SUCCESS] MouseButtonClick - "[MSAA, VisibleOnly]ControlType='Client'"
\0&lt;/a&gt;
W, 3524, 27, 2012/11/12, 16:45:58.829, 6749032223075, QTAgent32.exe, &lt;a class=success&gt;Playback - {192} [SUCCESS] SendKeys "{Home}" - "[MSAA, VisibleOnly]ControlType='Client'"
\0&lt;/a&gt;
W, 3524, 27, 2012/11/12, 16:46:00.343, 6749053952114, QTAgent32.exe, &lt;a class=success&gt;Playback - {193} [SUCCESS] MouseButtonClick - "[MSAA, VisibleOnly]ControlType='Button' &amp;&amp; Name='Select Alternative'"
\0&lt;/a&gt;
W, 3524, 27, 2012/11/12, 16:46:00.779, 6749060252132, QTAgent32.exe, &lt;a class=success&gt;Playback - {194} [SUCCESS] MouseButtonClick - "[MSAA, VisibleOnly]ControlType='Button' &amp;&amp; Name='OK'"
\0&lt;/a&gt;
W, 3524, 27, 2012/11/12, 16:46:01.216, 6749066414126, QTAgent32.exe, &lt;a class=success&gt;Playback - {195} [SUCCESS] MouseButtonClick - "[MSAA, VisibleOnly]ControlType='Button' &amp;&amp; Name='Invite'"
\0&lt;/a&gt;
W, 3524, 27, 2012/11/12, 16:46:01.653, 6749072638949, QTAgent32.exe, &lt;a class=success&gt;Playback - {196} [SUCCESS] MouseButtonClick - "[MSAA, VisibleOnly]ControlType='Button' &amp;&amp; Name='OK'"
\0&lt;/a&gt;
W, 3524, 27, 2012/11/12, 16:46:02.137, 6749079596324, QTAgent32.exe, &lt;a class=success&gt;Playback - {197} [SUCCESS] MouseButtonClick - "[MSAA, VisibleOnly]ControlType='Button' &amp;&amp; Name='Ok'"
\0&lt;/a&gt;
W, 3524, 27, 2012/11/12, 16:46:10.982, 6749206142316, QTAgent32.exe, PERF WARNING: FindTopLevelWindowHelper::FindAllDescendents: took 8736 ms. Expected it to take maximum 500 ms.
W, 3524, 27, 2012/11/12, 16:46:11.310, 6749210825231, QTAgent32.exe, &lt;a class=success&gt;Playback - {198} [SUCCESS] Check - "[MSAA, VisibleOnly]ControlType='CheckBox' &amp;&amp; Name='Defer Printing?'"
\0&lt;/a&gt;
W, 3524, 27, 2012/11/12, 16:46:12.231, 6749224205410, QTAgent32.exe, &lt;a class=success&gt;Playback - {199} [SUCCESS] MouseButtonClick - "[MSAA, VisibleOnly]ControlType='Button' &amp;&amp; Name='Ok'"
\0&lt;/a&gt;
W, 3524, 27, 2012/11/12, 16:46:12.340, 6749225603469, QTAgent32.exe, Playback - [WARNING] Internal warning: Thread state based WFR - Requested element has invalid HWND
\0
W, 3524, 27, 2012/11/12, 16:46:12.340, 6749225605158, QTAgent32.exe, Playback - [WARNING] Internal warning: process performance counters based WFR - Requested element has invalid HWND
\0
E, 3524, 27, 2012/11/12, 16:46:12.340, 6749225608347, QTAgent32.exe, EnsureValid called via EnsureValid call for same element
E, 3524, 27, 2012/11/12, 16:46:12.340, 6749225611945, QTAgent32.exe, GetClassName for handle 9634848 failed
E, 3524, 27, 2012/11/12, 16:46:12.340, 6749225614357, QTAgent32.exe, EnsureValid called via EnsureValid call for same element
E, 3524, 27, 2012/11/12, 16:46:12.340, 6749225615923, QTAgent32.exe, EnsureValid called via EnsureValid call for same element
E, 3524, 27, 2012/11/12, 16:46:12.340, 6749225633378, QTAgent32.exe, Window 9634848 not responding. Last Win32 error 0
E, 3524, 27, 2012/11/12, 16:46:12.340, 6749225635636, QTAgent32.exe, GetClassName for handle 9634848 failed
E, 3524, 27, 2012/11/12, 16:46:12.340, 6749225636484, QTAgent32.exe, GetClassName for handle 9634848 failed
W, 3524, 27, 2012/11/12, 16:46:14.742, 6749259992590, QTAgent32.exe, PERF WARNING: FindTopLevelWindowHelper::FindAllDescendents: took 2399 ms. Expected it to take maximum 500 ms.
W, 3524, 27, 2012/11/12, 16:46:15.085, 6749264878012, QTAgent32.exe, &lt;a class=success&gt;Playback - {200} [SUCCESS] Uncheck - "[MSAA, VisibleOnly]ControlType='CheckBox' &amp;&amp; Name='Add Activity'"
\0&lt;/a&gt;
W, 3524, 27, 2012/11/12, 16:46:16.100, 6749279503688, QTAgent32.exe, &lt;a class=success&gt;Playback - {201} [SUCCESS] MouseButtonClick - "[MSAA, VisibleOnly]ControlType='Button' &amp;&amp; Name='Ok'"
\0&lt;/a&gt;
W, 3524, 27, 2012/11/12, 16:46:18.627, 6749315576401, QTAgent32.exe, &lt;a class=success&gt;Playback - {202} [SUCCESS] MouseButtonClick - "[MSAA, VisibleOnly]ControlType='Button' &amp;&amp; Name='OK'"
\0&lt;/a&gt;
W, 3524, 27, 2012/11/12, 16:46:19.017, 6749321247204, QTAgent32.exe, Playback - [WARNING] Internal warning: Window Not Found: [VisibleOnly]ControlType='Window' &amp;&amp; Name='AUTO231-1001' &amp;&amp; ClassName='ThunderRT6FormDC'
\0
E, 3524, 27, 2012/11/12, 16:46:19.017, 6749321250080, QTAgent32.exe, &lt;a class=failure&gt;Playback - {203} [FAILED] Function ElementFetcher::FindScreenElement failed to locate UI element (Searching: ;[VisibleOnly]ControlType='Window' &amp;&amp; Name='AUTO231-1001' &amp;&amp; ClassName='ThunderRT6FormDC') (The object specified was not found.)
\0&lt;/a&gt;
E, 3524, 27, 2012/11/12, 16:46:19.111, 6749322500551, QTAgent32.exe, Playback - [IMAGE] C:\Users\peter.zenin-ad\AppData\Local\Temp\UITestLogs\LastRun\RPF5429.png
\0
W, 3524, 27, 2012/11/12, 16:46:19.111, 6749322502668, QTAgent32.exe, Playback - [WARNING] Internal warning: Couldn't find descendants that match QueryId
\0
W, 3524, 27, 2012/11/12, 16:46:37.114, 6749580331294, QTAgent32.exe, Playback - [WARNING] Internal warning: Window Not Found: [VisibleOnly]ControlType='Window' &amp;&amp; Name='AUTO231-1001' &amp;&amp; ClassName='ThunderRT6FormDC'
\0
E, 3524, 27, 2012/11/12, 16:46:37.114, 6749580334038, QTAgent32.exe, &lt;a class=failure&gt;Playback - {204} [FAILED] Function ElementFetcher::FindScreenElement failed to locate UI element (Searching: ;[VisibleOnly]ControlType='Window' &amp;&amp; Name='AUTO231-1001' &amp;&amp; ClassName='ThunderRT6FormDC') (The object specified was not found.)
\0&lt;/a&gt;
E, 3524, 27, 2012/11/12, 16:46:37.208, 6749581615341, QTAgent32.exe, Playback - [IMAGE] C:\Users\peter.zenin-ad\AppData\Local\Temp\UITestLogs\LastRun\RPF9ADA.png
\0
W, 3524, 27, 2012/11/12, 16:46:37.208, 6749581617483, QTAgent32.exe, Playback - [WARNING] Internal warning: Couldn't find descendants that match QueryId
\0
W, 3524, 27, 2012/11/12, 16:46:37.208, 6749581620499, QTAgent32.exe, PERF WARNING: FindTopLevelWindowHelper::FindAllDescendents: took 18096 ms. Expected it to take maximum 500 ms.
W, 3524, 27, 2012/11/12, 16:46:37.801, 6749590166213, QTAgent32.exe, Playback - [WARNING] Internal warning: Window with Class "ThunderRT6FormDC" and Title "AUTO231-1001" was not found, so similar window with Class "ThunderRT6FormDC" and Title "AUTO165-1001" was accepted
\0
W, 3524, 27, 2012/11/12, 16:46:37.801, 6749590170041, QTAgent32.exe, PERF WARNING: FindTopLevelWindowHelper::FindAllDescendents: took 596 ms. Expected it to take maximum 500 ms.
W, 3524, 27, 2012/11/12, 16:46:38.752, 6749603838104, QTAgent32.exe, &lt;a class=success&gt;Playback - {205} [SUCCESS] MouseButtonClick - "[MSAA, VisibleOnly]ControlType='Button' &amp;&amp; Name='Renew Policy...'"
\0&lt;/a&gt;
W, 3524, 27, 2012/11/12, 16:46:39.205, 6749610200083, QTAgent32.exe, &lt;a class=success&gt;Playback - {206} [SUCCESS] Check - "[MSAA, VisibleOnly]ControlType='RadioButton' &amp;&amp; Name='Alternative'"
\0&lt;/a&gt;
W, 3524, 27, 2012/11/12, 16:46:39.813, 6749618950683, QTAgent32.exe, &lt;a class=success&gt;Playback - {207} [SUCCESS] MouseButtonClick - "[MSAA, VisibleOnly]ControlType='Button' &amp;&amp; Name='OK'"
\0&lt;/a&gt;
W, 3524, 27, 2012/11/12, 16:46:40.187, 6749624419800, QTAgent32.exe, &lt;a class=success&gt;Playback - {208} [SUCCESS] MouseButtonClick - "[MSAA, VisibleOnly]ControlType='Button' &amp;&amp; Name='OK'"
\0&lt;/a&gt;
W, 3524, 27, 2012/11/12, 16:46:41.670, 6749645692179, QTAgent32.exe, PERF WARNING: FindTopLevelWindowHelper::FindAllDescendents: took 1386 ms. Expected it to take maximum 500 ms.
W, 3524, 27, 2012/11/12, 16:46:42.013, 6749650476426, QTAgent32.exe, &lt;a class=success&gt;Playback - {209} [SUCCESS] MouseButtonClick - "[MSAA, VisibleOnly]ControlType='Client'"
\0&lt;/a&gt;
W, 3524, 27, 2012/11/12, 16:46:44.244, 6749682477348, QTAgent32.exe, &lt;a class=success&gt;Playback - {210} [SUCCESS] MouseButtonClick - "[MSAA, VisibleOnly]ControlType='Button' &amp;&amp; Name='Accept'"
\0&lt;/a&gt;
W, 3524, 27, 2012/11/12, 16:46:48.643, 6749745393721, QTAgent32.exe, Playback - [WARNING] Internal warning: Window Not Found: [VisibleOnly]ControlType='Window' &amp;&amp; Name='Save the file as' &amp;&amp; ClassName='#32770'
\0
E, 3524, 27, 2012/11/12, 16:46:48.643, 6749745396561, QTAgent32.exe, &lt;a class=failure&gt;Playback - {211} [FAILED] Function ElementFetcher::FindScreenElement failed to locate UI element (Searching: ;[VisibleOnly]ControlType='Window' &amp;&amp; Name='Save the file as' &amp;&amp; ClassName='#32770') (The object specified was not found.)
\0&lt;/a&gt;
E, 3524, 27, 2012/11/12, 16:46:48.721, 6749746661912, QTAgent32.exe, Playback - [IMAGE] C:\Users\peter.zenin-ad\AppData\Local\Temp\UITestLogs\LastRun\RPFC7E4.png
\0
W, 3524, 27, 2012/11/12, 16:46:48.721, 6749746664094, QTAgent32.exe, Playback - [WARNING] Internal warning: Couldn't find descendants that match QueryId
\0
W, 3524, 27, 2012/11/12, 16:46:48.737, 6749746667790, QTAgent32.exe, PERF WARNING: FindTopLevelWindowHelper::FindAllDescendents: took 4383 ms. Expected it to take maximum 500 ms.
W, 3524, 27, 2012/11/12, 16:47:06.741, 6750004503224, QTAgent32.exe, Playback - [WARNING] Internal warning: Window Not Found: [VisibleOnly]ControlType='Window' &amp;&amp; Name='Save the file as' &amp;&amp; ClassName='#32770'
\0
E, 3524, 27, 2012/11/12, 16:47:06.741, 6750004505855, QTAgent32.exe, &lt;a class=failure&gt;Playback - {212} [FAILED] Function ElementFetcher::FindScreenElement failed to locate UI element (Searching: ;[VisibleOnly]ControlType='Window' &amp;&amp; Name='Save the file as' &amp;&amp; ClassName='#32770') (The object specified was not found.)
\0&lt;/a&gt;
E, 3524, 27, 2012/11/12, 16:47:06.819, 6750005753949, QTAgent32.exe, Playback - [IMAGE] C:\Users\peter.zenin-ad\AppData\Local\Temp\UITestLogs\LastRun\RPFE95.png
\0
W, 3524, 27, 2012/11/12, 16:47:06.819, 6750005756266, QTAgent32.exe, Playback - [WARNING] Internal warning: Couldn't find descendants that match QueryId
\0
W, 3524, 27, 2012/11/12, 16:47:06.819, 6750005759288, QTAgent32.exe, PERF WARNING: FindTopLevelWindowHelper::FindAllDescendents: took 18095 ms. Expected it to take maximum 500 ms.
W, 3524, 27, 2012/11/12, 16:47:07.333, 6750013059036, QTAgent32.exe, Playback - [WARNING] Internal warning: Smart Match failed
\0
W, 3524, 27, 2012/11/12, 16:47:07.552, 6750016181345, QTAgent32.exe, Playback - [WARNING] Internal warning: Smart Match failed
\0
W, 3524, 27, 2012/11/12, 16:47:07.755, 6750019092019, QTAgent32.exe, Playback - [WARNING] Internal warning: Smart Match failed
\0
W, 3524, 27, 2012/11/12, 16:47:07.957, 6750021994895, QTAgent32.exe, Playback - [WARNING] Internal warning: Smart Match failed
\0
W, 3524, 27, 2012/11/12, 16:47:08.160, 6750024890279, QTAgent32.exe, Playback - [WARNING] Internal warning: Smart Match failed
\0
W, 3524, 27, 2012/11/12, 16:47:08.379, 6750028027624, QTAgent32.exe, Playback - [WARNING] Internal warning: Smart Match failed
\0
W, 3524, 27, 2012/11/12, 16:47:08.597, 6750031146668, QTAgent32.exe, Playback - [WARNING] Internal warning: Smart Match failed
\0
W, 3524, 27, 2012/11/12, 16:47:08.800, 6750034047838, QTAgent32.exe, Playback - [WARNING] Internal warning: Smart Match failed
\0
W, 3524, 27, 2012/11/12, 16:47:09.003, 6750036954689, QTAgent32.exe, Playback - [WARNING] Internal warning: Smart Match failed
\0
W, 3524, 27, 2012/11/12, 16:47:09.206, 6750039856577, QTAgent32.exe, Playback - [WARNING] Internal warning: Smart Match failed
\0
W, 3524, 27, 2012/11/12, 16:47:09.408, 6750042761151, QTAgent32.exe, Playback - [WARNING] Internal warning: Smart Match failed
\0
W, 3524, 27, 2012/11/12, 16:47:09.611, 6750045665925, QTAgent32.exe, Playback - [WARNING] Internal warning: Smart Match failed
\0
W, 3524, 27, 2012/11/12, 16:47:09.814, 6750048567975, QTAgent32.exe, Playback - [WARNING] Internal warning: Smart Match failed
\0
W, 3524, 27, 2012/11/12, 16:47:09.908, 6750049939284, QTAgent32.exe, Playback - [WARNING] Internal warning: Window Not Found: [VisibleOnly]ControlType='Window' &amp;&amp; Name='Save the file as' &amp;&amp; ClassName='#32770'
\0
E, 3524, 27, 2012/11/12, 16:47:09.908, 6750049941798, QTAgent32.exe, &lt;a class=failure&gt;Playback - {213} [FAILED] Function ElementFetcher::FindScreenElement failed to locate UI element (Searching: ;[VisibleOnly]ControlType='Window' &amp;&amp; Name='Save the file as' &amp;&amp; ClassName='#32770') (The object specified was not found.)
\0&lt;/a&gt;
E, 3524, 27, 2012/11/12, 16:47:10.001, 6750051193818, QTAgent32.exe, Playback - [IMAGE] C:\Users\peter.zenin-ad\AppData\Local\Temp\UITestLogs\LastRun\RPF1AF4.png
\0
W, 3524, 27, 2012/11/12, 16:47:10.001, 6750051196056, QTAgent32.exe, Playback - [WARNING] Internal warning: Couldn't find descendants that match QueryId
\0
W, 3524, 27, 2012/11/12, 16:47:10.001, 6750051199015, QTAgent32.exe, PERF WARNING: FindTopLevelWindowHelper::FindAllDescendents: took 3173 ms. Expected it to take maximum 500 ms.
E, 3524, 27, 2012/11/12, 16:47:10.001, 6750051200833, QTAgent32.exe, Exception: System.Runtime.InteropServices.COMException
	Message: Error HRESULT E_FAIL has been returned from a call to a COM component.
	Stack Trace:    at Microsoft.VisualStudio.TestTools.UITest.Playback.Engine.IRPFPlayback.FindAllScreenElements(IScreenElement pScreenElementStart, String bstrQueryId, Object&amp; pvarResKeys, Int32 cResKeys, Int32 nMaxDepth, Object[]&amp; foundDescendants)
   at Microsoft.VisualStudio.TestTools.UITest.Playback.ScreenElement.FindTopLevelWindowHelper(String queryId)
	BaseExceptionMessage: Error HRESULT E_FAIL has been returned from a call to a COM component.

E, 3524, 27, 2012/11/12, 16:47:10.110, 6750052681582, QTAgent32.exe, AL: Playback Error: Microsoft.VisualStudio.TestTools.UITest.Extension.UITestControlNotFoundException: The playback failed to find the control with the given search properties. Additional Details: 
TechnologyName:  'MSAA'
ControlType:  'Window'
Name:  'Save the file as'
ClassName:  '#32770'
 ---&gt; System.Runtime.InteropServices.COMException: Error HRESULT E_FAIL has been returned from a call to a COM component.
   at Microsoft.VisualStudio.TestTools.UITest.Playback.Engine.IRPFPlayback.FindAllScreenElements(IScreenElement pScreenElementStart, String bstrQueryId, Object&amp; pvarResKeys, Int32 cResKeys, Int32 nMaxDepth, Object[]&amp; foundDescendants)
   at Microsoft.VisualStudio.TestTools.UITest.Playback.ScreenElement.FindTopLevelWindowHelper(String queryId)
   at Microsoft.VisualStudio.TestTools.UITest.Playback.ScreenElement.FindFromPartialQueryId(String queryId)
   at Microsoft.VisualStudio.TestTools.UITesting.UITestControl..ctor(String queryId)
   --- End of inner exception stack trace ---
   at Microsoft.VisualStudio.TestTools.UITesting.Playback.MapControlNotFoundException(COMException ex, IPlaybackContext context)
   at Microsoft.VisualStudio.TestTools.UITesting.Playback.MapAndThrowComException(COMException innerException, IPlaybackContext context)
   at Microsoft.VisualStudio.TestTools.UITesting.Playback.MapAndThrowException(SystemException exception, IPlaybackContext context)
   at Microsoft.VisualStudio.TestTools.UITesting.Playback.MapAndThrowException(SystemException exception, String queryId)
   at Microsoft.VisualStudio.TestTools.UITesting.UITestControl..ctor(String queryId)
   at Microsoft.VisualStudio.TestTools.UITesting.SearchHelper.SearchTopLevelWindow(ISearchArgument topLevelSearchArg, String topLevelElementQueryId)
   at Microsoft.VisualStudio.TestTools.UITesting.SearchHelper.GetTitleUpdatedTopLevelWindow(ISearchArgument topLevelSearchArg, String queryId, IList`1 windowTitles)
   at Microsoft.VisualStudio.TestTools.UITesting.SearchHelper.GetTopLevelElement(Boolean useCache, Boolean useCacheOnly, ISearchArgument searchArg, IList`1 windowTitles, Int32&amp; timeLeft)
   at Microsoft.VisualStudio.TestTools.UITesting.SearchHelper.GetElement(Boolean useCache, ISearchArgument searchArg)
   at Microsoft.VisualStudio.TestTools.UITesting.SearchHelper.Search(ISearchArgument searchArg)
   at Microsoft.VisualStudio.TestTools.UITesting.UITestControl.FindInternal()
   at Microsoft.VisualStudio.TestTools.UITesting.UITestControl.FindControlIfNecessary()
   at Microsoft.VisualStudio.TestTools.UITesting.UITestControl.Click(MouseButtons button, ModifierKeys modifierKeys, Point relativeCoordinates)
   at Microsoft.VisualStudio.TestTools.UITesting.Mouse.ClickImplementation(UITestControl control, MouseButtons button, ModifierKeys modifierKeys, Point relativeCoordinate)
   at Microsoft.VisualStudio.TestTools.UITesting.Mouse.ClickImplementationWrapper(UITestControl control, MouseButtons button, ModifierKeys modifierKeys, Point relativeCoordinate)
W, 3524, 27, 2012/11/12, 16:47:10.110, 6750052683668, QTAgent32.exe, PlaybackErrorHandler: Ignoring exception as ContinueOnError is set.
E, 3524, 27, 2012/11/12, 16:47:10.110, 6750052686599, QTAgent32.exe, GetClassName for handle 6423218 failed
W, 3524, 27, 2012/11/12, 16:47:10.563, 6750059182629, QTAgent32.exe, &lt;a class=success&gt;Playback - {214} [SUCCESS] MouseButtonClick - "[MSAA, VisibleOnly]ControlType='Button' &amp;&amp; Name='Yes'"
\0&lt;/a&gt;
E, 3524, 27, 2012/11/12, 16:47:10.672, 6750060719923, QTAgent32.exe, GetClassName for handle 4000048 failed
W, 3524, 27, 2012/11/12, 16:47:11.452, 6750072096665, QTAgent32.exe, &lt;a class=success&gt;Playback - {215} [SUCCESS] MouseButtonClick - "[MSAA, VisibleOnly]ControlType='Button' &amp;&amp; Name='Ok'"
\0&lt;/a&gt;
W, 3524, 27, 2012/11/12, 16:47:11.561, 6750073451121, QTAgent32.exe, Playback - [WARNING] Internal warning: Thread state based WFR - Requested element has invalid HWND
\0
W, 3524, 27, 2012/11/12, 16:47:11.561, 6750073452643, QTAgent32.exe, Playback - [WARNING] Internal warning: process performance counters based WFR - Requested element has invalid HWND
\0
E, 3524, 27, 2012/11/12, 16:47:11.561, 6750073455721, QTAgent32.exe, EnsureValid called via EnsureValid call for same element
E, 3524, 27, 2012/11/12, 16:47:11.561, 6750073459174, QTAgent32.exe, GetClassName for handle 6685854 failed
E, 3524, 27, 2012/11/12, 16:47:11.577, 6750073684918, QTAgent32.exe, EnsureValid called via EnsureValid call for same element
E, 3524, 27, 2012/11/12, 16:47:11.577, 6750073686582, QTAgent32.exe, EnsureValid called via EnsureValid call for same element
E, 3524, 27, 2012/11/12, 16:47:11.577, 6750073703445, QTAgent32.exe, Window 6685854 not responding. Last Win32 error 0
E, 3524, 27, 2012/11/12, 16:47:11.577, 6750073705585, QTAgent32.exe, GetClassName for handle 6685854 failed
E, 3524, 27, 2012/11/12, 16:47:11.577, 6750073706368, QTAgent32.exe, GetClassName for handle 6685854 failed
W, 3524, 27, 2012/11/12, 16:47:18.925, 6750178883307, QTAgent32.exe, Playback - [WARNING] Internal warning: Window Not Found: [VisibleOnly]ControlType='Window' &amp;&amp; Name='Print Documents' &amp;&amp; ClassName='ThunderRT6FormDC'
\0
E, 3524, 27, 2012/11/12, 16:47:18.925, 6750178886100, QTAgent32.exe, &lt;a class=failure&gt;Playback - {216} [FAILED] Function ElementFetcher::FindScreenElement failed to locate UI element (Searching: ;[VisibleOnly]ControlType='Window' &amp;&amp; Name='Print Documents' &amp;&amp; ClassName='ThunderRT6FormDC') (The object specified was not found.)
\0&lt;/a&gt;
E, 3524, 27, 2012/11/12, 16:47:19.003, 6750180144179, QTAgent32.exe, Playback - [IMAGE] C:\Users\peter.zenin-ad\AppData\Local\Temp\UITestLogs\LastRun\RPF3E2E.png
\0
W, 3524, 27, 2012/11/12, 16:47:19.003, 6750180146418, QTAgent32.exe, Playback - [WARNING] Internal warning: Couldn't find descendants that match QueryId
\0
W, 3524, 27, 2012/11/12, 16:47:19.003, 6750180149401, QTAgent32.exe, PERF WARNING: FindTopLevelWindowHelper::FindAllDescendents: took 7433 ms. Expected it to take maximum 500 ms.
W, 3524, 27, 2012/11/12, 16:47:37.054, 6750438506826, QTAgent32.exe, Playback - [WARNING] Internal warning: Window Not Found: [VisibleOnly]ControlType='Window' &amp;&amp; Name='Print Documents' &amp;&amp; ClassName='ThunderRT6FormDC'
\0
E, 3524, 27, 2012/11/12, 16:47:37.054, 6750438509586, QTAgent32.exe, &lt;a class=failure&gt;Playback - {217} [FAILED] Function ElementFetcher::FindScreenElement failed to locate UI element (Searching: ;[VisibleOnly]ControlType='Window' &amp;&amp; Name='Print Documents' &amp;&amp; ClassName='ThunderRT6FormDC') (The object specified was not found.)
\0&lt;/a&gt;
E, 3524, 27, 2012/11/12, 16:47:37.147, 6750439767045, QTAgent32.exe, Playback - [IMAGE] C:\Users\peter.zenin-ad\AppData\Local\Temp\UITestLogs\LastRun\RPF84FF.png
\0
W, 3524, 27, 2012/11/12, 16:47:37.147, 6750439769285, QTAgent32.exe, Playback - [WARNING] Internal warning: Couldn't find descendants that match QueryId
\0
W, 3524, 27, 2012/11/12, 16:47:37.147, 6750439772224, QTAgent32.exe, PERF WARNING: FindTopLevelWindowHelper::FindAllDescendents: took 18132 ms. Expected it to take maximum 500 ms.
W, 3524, 27, 2012/11/12, 16:47:37.647, 6750447050942, QTAgent32.exe, Playback - [WARNING] Internal warning: Smart Match failed
\0
W, 3524, 27, 2012/11/12, 16:47:37.849, 6750449957449, QTAgent32.exe, Playback - [WARNING] Internal warning: Smart Match failed
\0
W, 3524, 27, 2012/11/12, 16:47:38.052, 6750452860954, QTAgent32.exe, Playback - [WARNING] Internal warning: Smart Match failed
\0
W, 3524, 27, 2012/11/12, 16:47:38.255, 6750455759397, QTAgent32.exe, Playback - [WARNING] Internal warning: Smart Match failed
\0
W, 3524, 27, 2012/11/12, 16:47:38.458, 6750458661141, QTAgent32.exe, Playback - [WARNING] Internal warning: Smart Match failed
\0
W, 3524, 27, 2012/11/12, 16:47:38.661, 6750461574053, QTAgent32.exe, Playback - [WARNING] Internal warning: Smart Match failed
\0
W, 3524, 27, 2012/11/12, 16:47:38.863, 6750464470753, QTAgent32.exe, Playback - [WARNING] Internal warning: Smart Match failed
\0
W, 3524, 27, 2012/11/12, 16:47:39.066, 6750467383130, QTAgent32.exe, Playback - [WARNING] Internal warning: Smart Match failed
\0
W, 3524, 27, 2012/11/12, 16:47:39.269, 6750470277418, QTAgent32.exe, Playback - [WARNING] Internal warning: Smart Match failed
\0
W, 3524, 27, 2012/11/12, 16:47:39.472, 6750473179822, QTAgent32.exe, Playback - [WARNING] Internal warning: Smart Match failed
\0
W, 3524, 27, 2012/11/12, 16:47:39.675, 6750476088694, QTAgent32.exe, Playback - [WARNING] Internal warning: Smart Match failed
\0
W, 3524, 27, 2012/11/12, 16:47:39.878, 6750479022605, QTAgent32.exe, Playback - [WARNING] Internal warning: Smart Match failed
\0
W, 3524, 27, 2012/11/12, 16:47:40.080, 6750481894270, QTAgent32.exe, Playback - [WARNING] Internal warning: Smart Match failed
\0
W, 3524, 27, 2012/11/12, 16:47:40.174, 6750483214462, QTAgent32.exe, Playback - [WARNING] Internal warning: Window Not Found: [VisibleOnly]ControlType='Window' &amp;&amp; Name='Print Documents' &amp;&amp; ClassName='ThunderRT6FormDC'
\0
E, 3524, 27, 2012/11/12, 16:47:40.174, 6750483216958, QTAgent32.exe, &lt;a class=failure&gt;Playback - {218} [FAILED] Function ElementFetcher::FindScreenElement failed to locate UI element (Searching: ;[VisibleOnly]ControlType='Window' &amp;&amp; Name='Print Documents' &amp;&amp; ClassName='ThunderRT6FormDC') (The object specified was not found.)
\0&lt;/a&gt;
E, 3524, 27, 2012/11/12, 16:47:40.268, 6750484482093, QTAgent32.exe, Playback - [IMAGE] C:\Users\peter.zenin-ad\AppData\Local\Temp\UITestLogs\LastRun\RPF9130.png
\0
W, 3524, 27, 2012/11/12, 16:47:40.268, 6750484484265, QTAgent32.exe, Playback - [WARNING] Internal warning: Couldn't find descendants that match QueryId
\0
W, 3524, 27, 2012/11/12, 16:47:40.268, 6750484487285, QTAgent32.exe, PERF WARNING: FindTopLevelWindowHelper::FindAllDescendents: took 3122 ms. Expected it to take maximum 500 ms.
E, 3524, 27, 2012/11/12, 16:47:40.268, 6750484489117, QTAgent32.exe, Exception: System.Runtime.InteropServices.COMException
	Message: Error HRESULT E_FAIL has been returned from a call to a COM component.
	Stack Trace:    at Microsoft.VisualStudio.TestTools.UITest.Playback.Engine.IRPFPlayback.FindAllScreenElements(IScreenElement pScreenElementStart, String bstrQueryId, Object&amp; pvarResKeys, Int32 cResKeys, Int32 nMaxDepth, Object[]&amp; foundDescendants)
   at Microsoft.VisualStudio.TestTools.UITest.Playback.ScreenElement.FindTopLevelWindowHelper(String queryId)
	BaseExceptionMessage: Error HRESULT E_FAIL has been returned from a call to a COM component.

E, 3524, 27, 2012/11/12, 16:47:40.268, 6750484493001, QTAgent32.exe, GetClassName for handle 4196656 failed
E, 3524, 27, 2012/11/12, 16:47:40.268, 6750484502343, QTAgent32.exe, Window 4196656 not responding. Last Win32 error 1400
E, 3524, 27, 2012/11/12, 16:47:40.268, 6750484503574, QTAgent32.exe, GetClassName for handle 4196656 failed
E, 3524, 27, 2012/11/12, 16:47:40.268, 6750484504407, QTAgent32.exe, GetClassName for handle 4196656 failed
E, 3524, 27, 2012/11/12, 16:47:40.268, 6750484512624, QTAgent32.exe, Window 6685854 not responding. Last Win32 error 1400
E, 3524, 27, 2012/11/12, 16:47:40.268, 6750484514811, QTAgent32.exe, GetClassName for handle 6685854 failed
E, 3524, 27, 2012/11/12, 16:47:40.268, 6750484515657, QTAgent32.exe, GetClassName for handle 6685854 failed
E, 3524, 27, 2012/11/12, 16:47:40.268, 6750484521292, QTAgent32.exe, AL: Playback Error: Microsoft.VisualStudio.TestTools.UITest.Extension.UITestControlNotAvailableException: The control is not available or not valid. Additional Details: 
TechnologyName:  'MSAA'
ControlType:  'CheckBox'
 ---&gt; Microsoft.VisualStudio.TestTools.UITest.Extension.UITestControlNotAvailableException: The control is not available or not valid. Additional Details: 
TechnologyName:  'MSAA'
ControlType:  'Window'
 ---&gt; System.Runtime.InteropServices.COMException: Error HRESULT E_FAIL has been returned from a call to a COM component.
   at Microsoft.VisualStudio.TestTools.UITest.Playback.Engine.IRPFPlayback.FindAllScreenElements(IScreenElement pScreenElementStart, String bstrQueryId, Object&amp; pvarResKeys, Int32 cResKeys, Int32 nMaxDepth, Object[]&amp; foundDescendants)
   at Microsoft.VisualStudio.TestTools.UITest.Playback.ScreenElement.FindTopLevelWindowHelper(String queryId)
   at Microsoft.VisualStudio.TestTools.UITest.Playback.ScreenElement.FindFromPartialQueryId(String queryId)
   at Microsoft.VisualStudio.TestTools.UITesting.UITestControl.EnsureValid(Boolean waitForReady, Boolean refetch)
   --- End of inner exception stack trace ---
   at Microsoft.VisualStudio.TestTools.UITesting.UITestControl.EnsureValid(Boolean waitForReady, Boolean refetch)
   at Microsoft.VisualStudio.TestTools.UITesting.UITestControl.FindFirstDescendant(String queryId, Int32 maxDepth, Int32&amp; timeLeft)
   at Microsoft.VisualStudio.TestTools.UITesting.UITestControl.FindFirstDescendant(String queryId)
   at Microsoft.VisualStudio.TestTools.UITesting.UITestControl.EnsureValid(Boolean waitForReady, Boolean refetch)
   --- End of inner exception stack trace ---
   at Microsoft.VisualStudio.TestTools.UITesting.UITestControl.EnsureValid(Boolean waitForReady, Boolean refetch)
   at Microsoft.VisualStudio.TestTools.UITesting.UITestControl.SetPropertyValue(String propertyName, Object propertyValue)
   at Microsoft.VisualStudio.TestTools.UITesting.UITestControl.SetProperty(String propertyName, Object value)
W, 3524, 27, 2012/11/12, 16:47:42.030, 6750509684614, QTAgent32.exe, Playback - [WARNING] Internal warning: Element "[MSAA, VisibleOnly]ControlType='Window' &amp;&amp; ControlId='32770'" was not found, so all intermediate elements were ignored. To improve performance replace this element Id with another Id or exclude it from QueryId. If this element is the target element, replace or remove intermediate elements
\0
W, 3524, 27, 2012/11/12, 16:47:42.561, 6750517440849, QTAgent32.exe, PERF WARNING: FindAllDescendents: took 2080 ms. Expected it to take maximum 500 ms.
W, 3524, 27, 2012/11/12, 16:47:43.544, 6750531540741, QTAgent32.exe, &lt;a class=success&gt;Playback - {219} [SUCCESS] MouseButtonClick - "[MSAA, VisibleOnly]ControlType='Button' &amp;&amp; Name='Cancel'"
\0&lt;/a&gt;
W, 3524, 27, 2012/11/12, 16:47:45.198, 6750555024598, QTAgent32.exe, Playback - [WARNING] Internal warning: Element "[MSAA, VisibleOnly]ControlType='Window' &amp;&amp; ControlId='32769'" was not found, so all intermediate elements were ignored. To improve performance replace this element Id with another Id or exclude it from QueryId. If this element is the target element, replace or remove intermediate elements
\0
W, 3524, 27, 2012/11/12, 16:47:45.728, 6750562717783, QTAgent32.exe, PERF WARNING: FindAllDescendents: took 2080 ms. Expected it to take maximum 500 ms.
W, 3524, 27, 2012/11/12, 16:47:46.056, 6750567318378, QTAgent32.exe, &lt;a class=success&gt;Playback - {220} [SUCCESS] MouseButtonClick - "[MSAA, VisibleOnly]ControlType='Button' &amp;&amp; Name='Cancel'"
\0&lt;/a&gt;
W, 3524, 27, 2012/11/12, 16:47:46.664, 6750576035436, QTAgent32.exe, Playback - [WARNING] Internal warning: Window Not Found: [VisibleOnly]ControlType='Window' &amp;&amp; Name='Customer: txt1 tdsfs' &amp;&amp; ClassName='ThunderRT6MDIForm'
\0
E, 3524, 27, 2012/11/12, 16:47:46.664, 6750576038241, QTAgent32.exe, &lt;a class=failure&gt;Playback - {221} [FAILED] Function ElementFetcher::FindScreenElement failed to locate UI element (Searching: ;[VisibleOnly]ControlType='Window' &amp;&amp; Name='Customer: txt1 tdsfs' &amp;&amp; ClassName='ThunderRT6MDIForm') (The object specified was not found.)
\0&lt;/a&gt;
E, 3524, 27, 2012/11/12, 16:47:46.742, 6750577301095, QTAgent32.exe, Playback - [IMAGE] C:\Users\peter.zenin-ad\AppData\Local\Temp\UITestLogs\LastRun\RPFAA8A.png
\0
W, 3524, 27, 2012/11/12, 16:47:46.742, 6750577303247, QTAgent32.exe, Playback - [WARNING] Internal warning: Couldn't find descendants that match QueryId
\0
W, 3524, 27, 2012/11/12, 16:47:46.742, 6750577306181, QTAgent32.exe, PERF WARNING: FindTopLevelWindowHelper::FindAllDescendents: took 588 ms. Expected it to take maximum 500 ms.
W, 3524, 27, 2012/11/12, 16:47:46.773, 6750577622819, QTAgent32.exe, Playback - [WARNING] Internal warning: Window Not Found: [VisibleOnly]ControlType='Window' &amp;&amp; Name='Customer: txt1 tdsfs' &amp;&amp; ClassName='ThunderRT6MDIForm'
\0
E, 3524, 27, 2012/11/12, 16:47:46.773, 6750577625893, QTAgent32.exe, &lt;a class=failure&gt;Playback - {222} [FAILED] Function ElementFetcher::FindScreenElement failed to locate UI element (Searching: ;[VisibleOnly]ControlType='Window' &amp;&amp; Name='Customer: txt1 tdsfs' &amp;&amp; ClassName='ThunderRT6MDIForm') (The object specified was not found.)
\0&lt;/a&gt;
E, 3524, 27, 2012/11/12, 16:47:46.851, 6750578893643, QTAgent32.exe, Playback - [IMAGE] C:\Users\peter.zenin-ad\AppData\Local\Temp\UITestLogs\LastRun\RPFAAF9.png
\0
W, 3524, 27, 2012/11/12, 16:47:46.851, 6750578895779, QTAgent32.exe, Playback - [WARNING] Internal warning: Couldn't find descendants that match QueryId
\0
W, 3524, 27, 2012/11/12, 16:47:47.148, 6750582964765, QTAgent32.exe, Playback - [WARNING] Internal warning: Window Not Found: [VisibleOnly]ControlType='Window' &amp;&amp; Name='Customer: txt1 tdsfs' &amp;&amp; ClassName='ThunderRT6MDIForm'
\0
E, 3524, 27, 2012/11/12, 16:47:47.148, 6750582967521, QTAgent32.exe, &lt;a class=failure&gt;Playback - {223} [FAILED] Function ElementFetcher::FindScreenElement failed to locate UI element (Searching: ;[VisibleOnly]ControlType='Window' &amp;&amp; Name='Customer: txt1 tdsfs' &amp;&amp; ClassName='ThunderRT6MDIForm') (The object specified was not found.)
\0&lt;/a&gt;
E, 3524, 27, 2012/11/12, 16:47:47.226, 6750584257078, QTAgent32.exe, Playback - [IMAGE] C:\Users\peter.zenin-ad\AppData\Local\Temp\UITestLogs\LastRun\RPFAC70.png
\0
W, 3524, 27, 2012/11/12, 16:47:47.226, 6750584259279, QTAgent32.exe, Playback - [WARNING] Internal warning: Couldn't find descendants that match QueryId
\0
E, 3524, 27, 2012/11/12, 16:47:47.226, 6750584263133, QTAgent32.exe, Exception: System.Runtime.InteropServices.COMException
	Message: Error HRESULT E_FAIL has been returned from a call to a COM component.
	Stack Trace:    at Microsoft.VisualStudio.TestTools.UITest.Playback.Engine.IRPFPlayback.FindAllScreenElements(IScreenElement pScreenElementStart, String bstrQueryId, Object&amp; pvarResKeys, Int32 cResKeys, Int32 nMaxDepth, Object[]&amp; foundDescendants)
   at Microsoft.VisualStudio.TestTools.UITest.Playback.ScreenElement.FindTopLevelWindowHelper(String queryId)
	BaseExceptionMessage: Error HRESULT E_FAIL has been returned from a call to a COM component.

E, 3524, 27, 2012/11/12, 16:47:47.226, 6750584267905, QTAgent32.exe, Window 4261538 not responding. Last Win32 error 0
E, 3524, 27, 2012/11/12, 16:47:47.226, 6750584270423, QTAgent32.exe, GetClassName for handle 4261538 failed
E, 3524, 27, 2012/11/12, 16:47:47.226, 6750584274249, QTAgent32.exe, Window 4261538 not responding. Last Win32 error 1400
E, 3524, 27, 2012/11/12, 16:47:47.241, 6750584284613, QTAgent32.exe, Window 4261538 not responding. Last Win32 error 1400
E, 3524, 27, 2012/11/12, 16:47:47.241, 6750584285777, QTAgent32.exe, GetClassName for handle 4261538 failed
E, 3524, 27, 2012/11/12, 16:47:47.241, 6750584286579, QTAgent32.exe, GetClassName for handle 4261538 failed
W, 3524, 27, 2012/11/12, 16:47:47.522, 6750588320697, QTAgent32.exe, Playback - [WARNING] Internal warning: Window Not Found: [VisibleOnly]ControlType='Window' &amp;&amp; Name='Customer: autotest autotest' &amp;&amp; ClassName='ThunderRT6MDIForm'
\0
E, 3524, 27, 2012/11/12, 16:47:47.522, 6750588323326, QTAgent32.exe, &lt;a class=failure&gt;Playback - {224} [FAILED] Function ElementFetcher::FindScreenElement failed to locate UI element (Searching: ;[VisibleOnly]ControlType='Window' &amp;&amp; Name='Customer: autotest autotest' &amp;&amp; ClassName='ThunderRT6MDIForm') (The object specified was not found.)
\0&lt;/a&gt;
E, 3524, 27, 2012/11/12, 16:47:47.616, 6750589709647, QTAgent32.exe, Playback - [IMAGE] C:\Users\peter.zenin-ad\AppData\Local\Temp\UITestLogs\LastRun\RPFADE7.png
\0
W, 3524, 27, 2012/11/12, 16:47:47.616, 6750589715611, QTAgent32.exe, Playback - [WARNING] Internal warning: Couldn't find descendants that match QueryId
\0
W, 3524, 27, 2012/11/12, 16:47:47.647, 6750590246192, QTAgent32.exe, Playback - [WARNING] Internal warning: Window Not Found: [VisibleOnly]ControlType='Window' &amp;&amp; Name='Customer: autotest autotest' &amp;&amp; ClassName='ThunderRT6MDIForm'
\0
E, 3524, 27, 2012/11/12, 16:47:47.647, 6750590248466, QTAgent32.exe, &lt;a class=failure&gt;Playback - {225} [FAILED] Function ElementFetcher::FindScreenElement failed to locate UI element (Searching: ;[VisibleOnly]ControlType='Window' &amp;&amp; Name='Customer: autotest autotest' &amp;&amp; ClassName='ThunderRT6MDIForm') (The object specified was not found.)
\0&lt;/a&gt;
E, 3524, 27, 2012/11/12, 16:47:47.741, 6750591520029, QTAgent32.exe, Playback - [IMAGE] C:\Users\peter.zenin-ad\AppData\Local\Temp\UITestLogs\LastRun\RPFAE65.png
\0
W, 3524, 27, 2012/11/12, 16:47:47.741, 6750591522165, QTAgent32.exe, Playback - [WARNING] Internal warning: Couldn't find descendants that match QueryId
\0
W, 3524, 27, 2012/11/12, 16:47:48.021, 6750595537200, QTAgent32.exe, Playback - [WARNING] Internal warning: Window Not Found: [VisibleOnly]ControlType='Window' &amp;&amp; Name='Customer: autotest autotest' &amp;&amp; ClassName='ThunderRT6MDIForm'
\0
E, 3524, 27, 2012/11/12, 16:47:48.021, 6750595539970, QTAgent32.exe, &lt;a class=failure&gt;Playback - {226} [FAILED] Function ElementFetcher::FindScreenElement failed to locate UI element (Searching: ;[VisibleOnly]ControlType='Window' &amp;&amp; Name='Customer: autotest autotest' &amp;&amp; ClassName='ThunderRT6MDIForm') (The object specified was not found.)
\0&lt;/a&gt;
E, 3524, 27, 2012/11/12, 16:47:48.115, 6750596813647, QTAgent32.exe, Playback - [IMAGE] C:\Users\peter.zenin-ad\AppData\Local\Temp\UITestLogs\LastRun\RPFAFDD.png
\0
W, 3524, 27, 2012/11/12, 16:47:48.115, 6750596815821, QTAgent32.exe, Playback - [WARNING] Internal warning: Couldn't find descendants that match QueryId
\0
E, 3524, 27, 2012/11/12, 16:47:48.115, 6750596819723, QTAgent32.exe, Exception: System.Runtime.InteropServices.COMException
	Message: Error HRESULT E_FAIL has been returned from a call to a COM component.
	Stack Trace:    at Microsoft.VisualStudio.TestTools.UITest.Playback.Engine.IRPFPlayback.FindAllScreenElements(IScreenElement pScreenElementStart, String bstrQueryId, Object&amp; pvarResKeys, Int32 cResKeys, Int32 nMaxDepth, Object[]&amp; foundDescendants)
   at Microsoft.VisualStudio.TestTools.UITest.Playback.ScreenElement.FindTopLevelWindowHelper(String queryId)
	BaseExceptionMessage: Error HRESULT E_FAIL has been returned from a call to a COM component.

E, 3524, 27, 2012/11/12, 16:47:48.115, 6750596824265, QTAgent32.exe, Window 4261538 not responding. Last Win32 error 0
E, 3524, 27, 2012/11/12, 16:47:48.115, 6750596828096, QTAgent32.exe, Window 4261538 not responding. Last Win32 error 1400
E, 3524, 27, 2012/11/12, 16:47:48.115, 6750596832684, QTAgent32.exe, Window 4261538 not responding. Last Win32 error 1400
E, 3524, 27, 2012/11/12, 16:47:48.115, 6750596833906, QTAgent32.exe, GetClassName for handle 4261538 failed
E, 3524, 27, 2012/11/12, 16:47:48.115, 6750596834704, QTAgent32.exe, GetClassName for handle 4261538 failed
W, 3524, 27, 2012/11/12, 16:47:48.396, 6750600827696, QTAgent32.exe, Playback - [WARNING] Internal warning: Window Not Found: [VisibleOnly]ControlType='Window' &amp;&amp; Name='Customer: txt1 tdsfs' &amp;&amp; ClassName='ThunderRT6MDIForm'
\0
E, 3524, 27, 2012/11/12, 16:47:48.396, 6750600830276, QTAgent32.exe, &lt;a class=failure&gt;Playback - {227} [FAILED] Function ElementFetcher::FindScreenElement failed to locate UI element (Searching: ;[VisibleOnly]ControlType='Window' &amp;&amp; Name='Customer: txt1 tdsfs' &amp;&amp; ClassName='ThunderRT6MDIForm') (The object specified was not found.)
\0&lt;/a&gt;
E, 3524, 27, 2012/11/12, 16:47:48.474, 6750602093436, QTAgent32.exe, Playback - [IMAGE] C:\Users\peter.zenin-ad\AppData\Local\Temp\UITestLogs\LastRun\RPFB154.png
\0
W, 3524, 27, 2012/11/12, 16:47:48.474, 6750602095542, QTAgent32.exe, Playback - [WARNING] Internal warning: Couldn't find descendants that match QueryId
\0
W, 3524, 27, 2012/11/12, 16:47:49.004, 6750609563881, QTAgent32.exe, Playback - [WARNING] Internal warning: Window Not Found: [VisibleOnly]ControlType='Window' &amp;&amp; Name='Customer: txt1 tdsfs' &amp;&amp; ClassName='ThunderRT6MDIForm'
\0
E, 3524, 27, 2012/11/12, 16:47:49.004, 6750609566798, QTAgent32.exe, &lt;a class=failure&gt;Playback - {228} [FAILED] Function ElementFetcher::FindScreenElement failed to locate UI element (Searching: ;[VisibleOnly]ControlType='Window' &amp;&amp; Name='Customer: txt1 tdsfs' &amp;&amp; ClassName='ThunderRT6MDIForm') (The object specified was not found.)
\0&lt;/a&gt;
E, 3524, 27, 2012/11/12, 16:47:49.082, 6750610831677, QTAgent32.exe, Playback - [IMAGE] C:\Users\peter.zenin-ad\AppData\Local\Temp\UITestLogs\LastRun\RPFB3B5.png
\0
W, 3524, 27, 2012/11/12, 16:47:49.082, 6750610833861, QTAgent32.exe, Playback - [WARNING] Internal warning: Couldn't find descendants that match QueryId
\0
W, 3524, 27, 2012/11/12, 16:47:49.082, 6750610836809, QTAgent32.exe, PERF WARNING: FindTopLevelWindowHelper::FindAllDescendents: took 610 ms. Expected it to take maximum 500 ms.
W, 3524, 27, 2012/11/12, 16:47:49.597, 6750618128798, QTAgent32.exe, Playback - [WARNING] Internal warning: Smart Match failed
\0
W, 3524, 27, 2012/11/12, 16:47:49.784, 6750620813646, QTAgent32.exe, Playback - [WARNING] Internal warning: Smart Match failed
\0
W, 3524, 27, 2012/11/12, 16:47:49.971, 6750623493304, QTAgent32.exe, Playback - [WARNING] Internal warning: Smart Match failed
\0
W, 3524, 27, 2012/11/12, 16:47:50.159, 6750626176655, QTAgent32.exe, Playback - [WARNING] Internal warning: Smart Match failed
\0
W, 3524, 27, 2012/11/12, 16:47:50.362, 6750629074580, QTAgent32.exe, Playback - [WARNING] Internal warning: Smart Match failed
\0
W, 3524, 27, 2012/11/12, 16:47:50.533, 6750631540475, QTAgent32.exe, Playback - [WARNING] Internal warning: Smart Match failed
\0
W, 3524, 27, 2012/11/12, 16:47:50.720, 6750634222021, QTAgent32.exe, Playback - [WARNING] Internal warning: Smart Match failed
\0
W, 3524, 27, 2012/11/12, 16:47:50.908, 6750636902898, QTAgent32.exe, Playback - [WARNING] Internal warning: Smart Match failed
\0
W, 3524, 27, 2012/11/12, 16:47:51.095, 6750639574743, QTAgent32.exe, Playback - [WARNING] Internal warning: Smart Match failed
\0
W, 3524, 27, 2012/11/12, 16:47:51.266, 6750642038335, QTAgent32.exe, Playback - [WARNING] Internal warning: Smart Match failed
\0
W, 3524, 27, 2012/11/12, 16:47:51.454, 6750644712935, QTAgent32.exe, Playback - [WARNING] Internal warning: Smart Match failed
\0
W, 3524, 27, 2012/11/12, 16:47:51.641, 6750647392371, QTAgent32.exe, Playback - [WARNING] Internal warning: Smart Match failed
\0
W, 3524, 27, 2012/11/12, 16:47:51.828, 6750650082710, QTAgent32.exe, Playback - [WARNING] Internal warning: Smart Match failed
\0
W, 3524, 27, 2012/11/12, 16:47:52.015, 6750652752983, QTAgent32.exe, Playback - [WARNING] Internal warning: Smart Match failed
\0
W, 3524, 27, 2012/11/12, 16:47:52.218, 6750655740854, QTAgent32.exe, Playback - [WARNING] Internal warning: Smart Match failed
\0
W, 3524, 27, 2012/11/12, 16:47:52.296, 6750656730300, QTAgent32.exe, Playback - [WARNING] Internal warning: Window Not Found: [VisibleOnly]ControlType='Window' &amp;&amp; Name='Customer: txt1 tdsfs' &amp;&amp; ClassName='ThunderRT6MDIForm'
\0
E, 3524, 27, 2012/11/12, 16:47:52.296, 6750656732451, QTAgent32.exe, &lt;a class=failure&gt;Playback - {229} [FAILED] Function ElementFetcher::FindScreenElement failed to locate UI element (Searching: ;[VisibleOnly]ControlType='Window' &amp;&amp; Name='Customer: txt1 tdsfs' &amp;&amp; ClassName='ThunderRT6MDIForm') (The object specified was not found.)
\0&lt;/a&gt;
E, 3524, 27, 2012/11/12, 16:47:52.390, 6750658000166, QTAgent32.exe, Playback - [IMAGE] C:\Users\peter.zenin-ad\AppData\Local\Temp\UITestLogs\LastRun\RPFC092.png
\0
W, 3524, 27, 2012/11/12, 16:47:52.390, 6750658002373, QTAgent32.exe, Playback - [WARNING] Internal warning: Couldn't find descendants that match QueryId
\0
W, 3524, 27, 2012/11/12, 16:47:52.390, 6750658005463, QTAgent32.exe, PERF WARNING: FindTopLevelWindowHelper::FindAllDescendents: took 3294 ms. Expected it to take maximum 500 ms.
E, 3524, 27, 2012/11/12, 16:47:52.390, 6750658007331, QTAgent32.exe, Exception: System.Runtime.InteropServices.COMException
	Message: Error HRESULT E_FAIL has been returned from a call to a COM component.
	Stack Trace:    at Microsoft.VisualStudio.TestTools.UITest.Playback.Engine.IRPFPlayback.FindAllScreenElements(IScreenElement pScreenElementStart, String bstrQueryId, Object&amp; pvarResKeys, Int32 cResKeys, Int32 nMaxDepth, Object[]&amp; foundDescendants)
   at Microsoft.VisualStudio.TestTools.UITest.Playback.ScreenElement.FindTopLevelWindowHelper(String queryId)
	BaseExceptionMessage: Error HRESULT E_FAIL has been returned from a call to a COM component.

E, 3524, 27, 2012/11/12, 16:47:52.390, 6750658011924, QTAgent32.exe, Window 4261538 not responding. Last Win32 error 0
E, 3524, 27, 2012/11/12, 16:47:52.390, 6750658015868, QTAgent32.exe, Window 4261538 not responding. Last Win32 error 1400
E, 3524, 27, 2012/11/12, 16:47:52.390, 6750658020564, QTAgent32.exe, Window 4261538 not responding. Last Win32 error 1400
E, 3524, 27, 2012/11/12, 16:47:52.390, 6750658021814, QTAgent32.exe, GetClassName for handle 4261538 failed
E, 3524, 27, 2012/11/12, 16:47:52.390, 6750658022614, QTAgent32.exe, GetClassName for handle 4261538 failed
W, 3524, 27, 2012/11/12, 16:47:52.670, 6750662037775, QTAgent32.exe, Playback - [WARNING] Internal warning: Window Not Found: [VisibleOnly]ControlType='Window' &amp;&amp; Name='Customer: autotest autotest' &amp;&amp; ClassName='ThunderRT6MDIForm'
\0
E, 3524, 27, 2012/11/12, 16:47:52.670, 6750662040484, QTAgent32.exe, &lt;a class=failure&gt;Playback - {230} [FAILED] Function ElementFetcher::FindScreenElement failed to locate UI element (Searching: ;[VisibleOnly]ControlType='Window' &amp;&amp; Name='Customer: autotest autotest' &amp;&amp; ClassName='ThunderRT6MDIForm') (The object specified was not found.)
\0&lt;/a&gt;
E, 3524, 27, 2012/11/12, 16:47:52.748, 6750663300287, QTAgent32.exe, Playback - [IMAGE] C:\Users\peter.zenin-ad\AppData\Local\Temp\UITestLogs\LastRun\RPFC209.png
\0
W, 3524, 27, 2012/11/12, 16:47:52.748, 6750663302473, QTAgent32.exe, Playback - [WARNING] Internal warning: Couldn't find descendants that match QueryId
\0
W, 3524, 27, 2012/11/12, 16:47:53.279, 6750670750663, QTAgent32.exe, Playback - [WARNING] Internal warning: Window Not Found: [VisibleOnly]ControlType='Window' &amp;&amp; Name='Customer: autotest autotest' &amp;&amp; ClassName='ThunderRT6MDIForm'
\0
E, 3524, 27, 2012/11/12, 16:47:53.279, 6750670753481, QTAgent32.exe, &lt;a class=failure&gt;Playback - {231} [FAILED] Function ElementFetcher::FindScreenElement failed to locate UI element (Searching: ;[VisibleOnly]ControlType='Window' &amp;&amp; Name='Customer: autotest autotest' &amp;&amp; ClassName='ThunderRT6MDIForm') (The object specified was not found.)
\0&lt;/a&gt;
E, 3524, 27, 2012/11/12, 16:47:53.357, 6750672016899, QTAgent32.exe, Playback - [IMAGE] C:\Users\peter.zenin-ad\AppData\Local\Temp\UITestLogs\LastRun\RPFC46B.png
\0
W, 3524, 27, 2012/11/12, 16:47:53.357, 6750672019080, QTAgent32.exe, Playback - [WARNING] Internal warning: Couldn't find descendants that match QueryId
\0
W, 3524, 27, 2012/11/12, 16:47:53.357, 6750672022126, QTAgent32.exe, PERF WARNING: FindTopLevelWindowHelper::FindAllDescendents: took 608 ms. Expected it to take maximum 500 ms.
W, 3524, 27, 2012/11/12, 16:47:53.872, 6750679329820, QTAgent32.exe, Playback - [WARNING] Internal warning: Smart Match failed
\0
W, 3524, 27, 2012/11/12, 16:47:54.043, 6750681794998, QTAgent32.exe, Playback - [WARNING] Internal warning: Smart Match failed
\0
W, 3524, 27, 2012/11/12, 16:47:54.231, 6750684469786, QTAgent32.exe, Playback - [WARNING] Internal warning: Smart Match failed
\0
W, 3524, 27, 2012/11/12, 16:47:54.402, 6750686935860, QTAgent32.exe, Playback - [WARNING] Internal warning: Smart Match failed
\0
W, 3524, 27, 2012/11/12, 16:47:54.589, 6750689616112, QTAgent32.exe, Playback - [WARNING] Internal warning: Smart Match failed
\0
W, 3524, 27, 2012/11/12, 16:47:54.777, 6750692297436, QTAgent32.exe, Playback - [WARNING] Internal warning: Smart Match failed
\0
W, 3524, 27, 2012/11/12, 16:47:54.964, 6750694967176, QTAgent32.exe, Playback - [WARNING] Internal warning: Smart Match failed
\0
W, 3524, 27, 2012/11/12, 16:47:55.135, 6750697432909, QTAgent32.exe, Playback - [WARNING] Internal warning: Smart Match failed
\0
W, 3524, 27, 2012/11/12, 16:47:55.323, 6750700110891, QTAgent32.exe, Playback - [WARNING] Internal warning: Smart Match failed
\0
W, 3524, 27, 2012/11/12, 16:47:55.510, 6750702792138, QTAgent32.exe, Playback - [WARNING] Internal warning: Smart Match failed
\0
W, 3524, 27, 2012/11/12, 16:47:55.697, 6750705465257, QTAgent32.exe, Playback - [WARNING] Internal warning: Smart Match failed
\0
W, 3524, 27, 2012/11/12, 16:47:55.869, 6750707921663, QTAgent32.exe, Playback - [WARNING] Internal warning: Smart Match failed
\0
W, 3524, 27, 2012/11/12, 16:47:56.040, 6750710385193, QTAgent32.exe, Playback - [WARNING] Internal warning: Smart Match failed
\0
W, 3524, 27, 2012/11/12, 16:47:56.228, 6750713060847, QTAgent32.exe, Playback - [WARNING] Internal warning: Smart Match failed
\0
W, 3524, 27, 2012/11/12, 16:47:56.399, 6750715516264, QTAgent32.exe, Playback - [WARNING] Internal warning: Smart Match failed
\0
W, 3524, 27, 2012/11/12, 16:47:56.477, 6750716532945, QTAgent32.exe, Playback - [WARNING] Internal warning: Window Not Found: [VisibleOnly]ControlType='Window' &amp;&amp; Name='Customer: autotest autotest' &amp;&amp; ClassName='ThunderRT6MDIForm'
\0
E, 3524, 27, 2012/11/12, 16:47:56.477, 6750716535543, QTAgent32.exe, &lt;a class=failure&gt;Playback - {232} [FAILED] Function ElementFetcher::FindScreenElement failed to locate UI element (Searching: ;[VisibleOnly]ControlType='Window' &amp;&amp; Name='Customer: autotest autotest' &amp;&amp; ClassName='ThunderRT6MDIForm') (The object specified was not found.)
\0&lt;/a&gt;
E, 3524, 27, 2012/11/12, 16:47:56.555, 6750717807260, QTAgent32.exe, Playback - [IMAGE] C:\Users\peter.zenin-ad\AppData\Local\Temp\UITestLogs\LastRun\RPFD0EA.png
\0
W, 3524, 27, 2012/11/12, 16:47:56.555, 6750717809451, QTAgent32.exe, Playback - [WARNING] Internal warning: Couldn't find descendants that match QueryId
\0
W, 3524, 27, 2012/11/12, 16:47:56.555, 6750717812451, QTAgent32.exe, PERF WARNING: FindTopLevelWindowHelper::FindAllDescendents: took 3197 ms. Expected it to take maximum 500 ms.
E, 3524, 27, 2012/11/12, 16:47:56.555, 6750717814272, QTAgent32.exe, Exception: System.Runtime.InteropServices.COMException
	Message: Error HRESULT E_FAIL has been returned from a call to a COM component.
	Stack Trace:    at Microsoft.VisualStudio.TestTools.UITest.Playback.Engine.IRPFPlayback.FindAllScreenElements(IScreenElement pScreenElementStart, String bstrQueryId, Object&amp; pvarResKeys, Int32 cResKeys, Int32 nMaxDepth, Object[]&amp; foundDescendants)
   at Microsoft.VisualStudio.TestTools.UITest.Playback.ScreenElement.FindTopLevelWindowHelper(String queryId)
	BaseExceptionMessage: Error HRESULT E_FAIL has been returned from a call to a COM component.

E, 3524, 27, 2012/11/12, 16:47:56.555, 6750717818909, QTAgent32.exe, Window 4261538 not responding. Last Win32 error 0
E, 3524, 27, 2012/11/12, 16:47:56.555, 6750717822820, QTAgent32.exe, Window 4261538 not responding. Last Win32 error 1400
E, 3524, 27, 2012/11/12, 16:47:56.555, 6750717827510, QTAgent32.exe, Window 4261538 not responding. Last Win32 error 1400
E, 3524, 27, 2012/11/12, 16:47:56.555, 6750717828768, QTAgent32.exe, GetClassName for handle 4261538 failed
E, 3524, 27, 2012/11/12, 16:47:56.555, 6750717829567, QTAgent32.exe, GetClassName for handle 4261538 failed
W, 3524, 27, 2012/11/12, 16:47:56.852, 6750721890708, QTAgent32.exe, Playback - [WARNING] Internal warning: Window Not Found: [VisibleOnly]ControlType='Window' &amp;&amp; Name='Customer: txt1 tdsfs' &amp;&amp; ClassName='ThunderRT6MDIForm'
\0
E, 3524, 27, 2012/11/12, 16:47:56.852, 6750721893693, QTAgent32.exe, &lt;a class=failure&gt;Playback - {233} [FAILED] Function ElementFetcher::FindScreenElement failed to locate UI element (Searching: ;[VisibleOnly]ControlType='Window' &amp;&amp; Name='Customer: txt1 tdsfs' &amp;&amp; ClassName='ThunderRT6MDIForm') (The object specified was not found.)
\0&lt;/a&gt;
E, 3524, 27, 2012/11/12, 16:47:56.930, 6750723153641, QTAgent32.exe, Playback - [IMAGE] C:\Users\peter.zenin-ad\AppData\Local\Temp\UITestLogs\LastRun\RPFD261.png
\0
W, 3524, 27, 2012/11/12, 16:47:56.930, 6750723155937, QTAgent32.exe, Playback - [WARNING] Internal warning: Couldn't find descendants that match QueryId
\0
W, 3524, 27, 2012/11/12, 16:47:57.460, 6750730611065, QTAgent32.exe, Playback - [WARNING] Internal warning: Window Not Found: [VisibleOnly]ControlType='Window' &amp;&amp; Name='Customer: txt1 tdsfs' &amp;&amp; ClassName='ThunderRT6MDIForm'
\0
E, 3524, 27, 2012/11/12, 16:47:57.460, 6750730613936, QTAgent32.exe, &lt;a class=failure&gt;Playback - {234} [FAILED] Function ElementFetcher::FindScreenElement failed to locate UI element (Searching: ;[VisibleOnly]ControlType='Window' &amp;&amp; Name='Customer: txt1 tdsfs' &amp;&amp; ClassName='ThunderRT6MDIForm') (The object specified was not found.)
\0&lt;/a&gt;
E, 3524, 27, 2012/11/12, 16:47:57.538, 6750731872643, QTAgent32.exe, Playback - [IMAGE] C:\Users\peter.zenin-ad\AppData\Local\Temp\UITestLogs\LastRun\RPFD4C3.png
\0
W, 3524, 27, 2012/11/12, 16:47:57.538, 6750731874906, QTAgent32.exe, Playback - [WARNING] Internal warning: Couldn't find descendants that match QueryId
\0
W, 3524, 27, 2012/11/12, 16:47:57.538, 6750731878014, QTAgent32.exe, PERF WARNING: FindTopLevelWindowHelper::FindAllDescendents: took 608 ms. Expected it to take maximum 500 ms.
W, 3524, 27, 2012/11/12, 16:47:58.053, 6750739192603, QTAgent32.exe, Playback - [WARNING] Internal warning: Smart Match failed
\0
W, 3524, 27, 2012/11/12, 16:47:58.225, 6750741658457, QTAgent32.exe, Playback - [WARNING] Internal warning: Smart Match failed
\0
W, 3524, 27, 2012/11/12, 16:47:58.412, 6750744339892, QTAgent32.exe, Playback - [WARNING] Internal warning: Smart Match failed
\0
W, 3524, 27, 2012/11/12, 16:47:58.599, 6750747016039, QTAgent32.exe, Playback - [WARNING] Internal warning: Smart Match failed
\0
W, 3524, 27, 2012/11/12, 16:47:58.786, 6750749700801, QTAgent32.exe, Playback - [WARNING] Internal warning: Smart Match failed
\0
W, 3524, 27, 2012/11/12, 16:47:58.973, 6750752373165, QTAgent32.exe, Playback - [WARNING] Internal warning: Smart Match failed
\0
W, 3524, 27, 2012/11/12, 16:47:59.161, 6750755054880, QTAgent32.exe, Playback - [WARNING] Internal warning: Smart Match failed
\0
W, 3524, 27, 2012/11/12, 16:47:59.348, 6750757742055, QTAgent32.exe, Playback - [WARNING] Internal warning: Smart Match failed
\0
W, 3524, 27, 2012/11/12, 16:47:59.535, 6750760418459, QTAgent32.exe, Playback - [WARNING] Internal warning: Smart Match failed
\0
W, 3524, 27, 2012/11/12, 16:47:59.722, 6750763094902, QTAgent32.exe, Playback - [WARNING] Internal warning: Smart Match failed
\0
W, 3524, 27, 2012/11/12, 16:47:59.909, 6750765772912, QTAgent32.exe, Playback - [WARNING] Internal warning: Smart Match failed
\0
W, 3524, 27, 2012/11/12, 16:48:00.081, 6750768239103, QTAgent32.exe, Playback - [WARNING] Internal warning: Smart Match failed
\0
W, 3524, 27, 2012/11/12, 16:48:00.268, 6750770920821, QTAgent32.exe, Playback - [WARNING] Internal warning: Smart Match failed
\0
W, 3524, 27, 2012/11/12, 16:48:00.455, 6750773592065, QTAgent32.exe, Playback - [WARNING] Internal warning: Smart Match failed
\0
W, 3524, 27, 2012/11/12, 16:48:00.643, 6750776280780, QTAgent32.exe, Playback - [WARNING] Internal warning: Smart Match failed
\0
W, 3524, 27, 2012/11/12, 16:48:00.721, 6750777345968, QTAgent32.exe, Playback - [WARNING] Internal warning: Window Not Found: [VisibleOnly]ControlType='Window' &amp;&amp; Name='Customer: txt1 tdsfs' &amp;&amp; ClassName='ThunderRT6MDIForm'
\0
E, 3524, 27, 2012/11/12, 16:48:00.721, 6750777348635, QTAgent32.exe, &lt;a class=failure&gt;Playback - {235} [FAILED] Function ElementFetcher::FindScreenElement failed to locate UI element (Searching: ;[VisibleOnly]ControlType='Window' &amp;&amp; Name='Customer: txt1 tdsfs' &amp;&amp; ClassName='ThunderRT6MDIForm') (The object specified was not found.)
\0&lt;/a&gt;
E, 3524, 27, 2012/11/12, 16:48:00.814, 6750778610580, QTAgent32.exe, Playback - [IMAGE] C:\Users\peter.zenin-ad\AppData\Local\Temp\UITestLogs\LastRun\RPFE180.png
\0
W, 3524, 27, 2012/11/12, 16:48:00.814, 6750778612853, QTAgent32.exe, Playback - [WARNING] Internal warning: Couldn't find descendants that match QueryId
\0
W, 3524, 27, 2012/11/12, 16:48:00.814, 6750778616332, QTAgent32.exe, PERF WARNING: FindTopLevelWindowHelper::FindAllDescendents: took 3264 ms. Expected it to take maximum 500 ms.
E, 3524, 27, 2012/11/12, 16:48:00.814, 6750778618314, QTAgent32.exe, Exception: System.Runtime.InteropServices.COMException
	Message: Error HRESULT E_FAIL has been returned from a call to a COM component.
	Stack Trace:    at Microsoft.VisualStudio.TestTools.UITest.Playback.Engine.IRPFPlayback.FindAllScreenElements(IScreenElement pScreenElementStart, String bstrQueryId, Object&amp; pvarResKeys, Int32 cResKeys, Int32 nMaxDepth, Object[]&amp; foundDescendants)
   at Microsoft.VisualStudio.TestTools.UITest.Playback.ScreenElement.FindTopLevelWindowHelper(String queryId)
	BaseExceptionMessage: Error HRESULT E_FAIL has been returned from a call to a COM component.

E, 3524, 27, 2012/11/12, 16:48:00.814, 6750778623138, QTAgent32.exe, Window 4261538 not responding. Last Win32 error 0
E, 3524, 27, 2012/11/12, 16:48:00.814, 6750778627544, QTAgent32.exe, Window 4261538 not responding. Last Win32 error 1400
E, 3524, 27, 2012/11/12, 16:48:00.814, 6750778632346, QTAgent32.exe, Window 4261538 not responding. Last Win32 error 1400
E, 3524, 27, 2012/11/12, 16:48:00.814, 6750778633928, QTAgent32.exe, GetClassName for handle 4261538 failed
E, 3524, 27, 2012/11/12, 16:48:00.814, 6750778634836, QTAgent32.exe, GetClassName for handle 4261538 failed
W, 3524, 27, 2012/11/12, 16:48:01.095, 6750782649885, QTAgent32.exe, Playback - [WARNING] Internal warning: Window Not Found: [VisibleOnly]ControlType='Window' &amp;&amp; Name='Customer: autotest autotest' &amp;&amp; ClassName='ThunderRT6MDIForm'
\0
E, 3524, 27, 2012/11/12, 16:48:01.095, 6750782652732, QTAgent32.exe, &lt;a class=failure&gt;Playback - {236} [FAILED] Function ElementFetcher::FindScreenElement failed to locate UI element (Searching: ;[VisibleOnly]ControlType='Window' &amp;&amp; Name='Customer: autotest autotest' &amp;&amp; ClassName='ThunderRT6MDIForm') (The object specified was not found.)
\0&lt;/a&gt;
E, 3524, 27, 2012/11/12, 16:48:01.173, 6750783917181, QTAgent32.exe, Playback - [IMAGE] C:\Users\peter.zenin-ad\AppData\Local\Temp\UITestLogs\LastRun\RPFE2F7.png
\0
W, 3524, 27, 2012/11/12, 16:48:01.173, 6750783919384, QTAgent32.exe, Playback - [WARNING] Internal warning: Couldn't find descendants that match QueryId
\0
W, 3524, 27, 2012/11/12, 16:48:01.704, 6750791369711, QTAgent32.exe, Playback - [WARNING] Internal warning: Window Not Found: [VisibleOnly]ControlType='Window' &amp;&amp; Name='Customer: autotest autotest' &amp;&amp; ClassName='ThunderRT6MDIForm'
\0
E, 3524, 27, 2012/11/12, 16:48:01.704, 6750791372572, QTAgent32.exe, &lt;a class=failure&gt;Playback - {237} [FAILED] Function ElementFetcher::FindScreenElement failed to locate UI element (Searching: ;[VisibleOnly]ControlType='Window' &amp;&amp; Name='Customer: autotest autotest' &amp;&amp; ClassName='ThunderRT6MDIForm') (The object specified was not found.)
\0&lt;/a&gt;
E, 3524, 27, 2012/11/12, 16:48:01.782, 6750792631937, QTAgent32.exe, Playback - [IMAGE] C:\Users\peter.zenin-ad\AppData\Local\Temp\UITestLogs\LastRun\RPFE559.png
\0
W, 3524, 27, 2012/11/12, 16:48:01.782, 6750792634285, QTAgent32.exe, Playback - [WARNING] Internal warning: Couldn't find descendants that match QueryId
\0
W, 3524, 27, 2012/11/12, 16:48:01.782, 6750792637318, QTAgent32.exe, PERF WARNING: FindTopLevelWindowHelper::FindAllDescendents: took 608 ms. Expected it to take maximum 500 ms.
W, 3524, 27, 2012/11/12, 16:48:02.296, 6750799952519, QTAgent32.exe, Playback - [WARNING] Internal warning: Smart Match failed
\0
W, 3524, 27, 2012/11/12, 16:48:02.468, 6750802410340, QTAgent32.exe, Playback - [WARNING] Internal warning: Smart Match failed
\0
W, 3524, 27, 2012/11/12, 16:48:02.640, 6750804862648, QTAgent32.exe, Playback - [WARNING] Internal warning: Smart Match failed
\0
W, 3524, 27, 2012/11/12, 16:48:02.827, 6750807551264, QTAgent32.exe, Playback - [WARNING] Internal warning: Smart Match failed
\0
W, 3524, 27, 2012/11/12, 16:48:03.014, 6750810224407, QTAgent32.exe, Playback - [WARNING] Internal warning: Smart Match failed
\0
W, 3524, 27, 2012/11/12, 16:48:03.186, 6750812688030, QTAgent32.exe, Playback - [WARNING] Internal warning: Smart Match failed
\0
W, 3524, 27, 2012/11/12, 16:48:03.357, 6750815145704, QTAgent32.exe, Playback - [WARNING] Internal warning: Smart Match failed
\0
W, 3524, 27, 2012/11/12, 16:48:03.545, 6750817826370, QTAgent32.exe, Playback - [WARNING] Internal warning: Smart Match failed
\0
W, 3524, 27, 2012/11/12, 16:48:03.732, 6750820500451, QTAgent32.exe, Playback - [WARNING] Internal warning: Smart Match failed
\0
W, 3524, 27, 2012/11/12, 16:48:03.903, 6750822954741, QTAgent32.exe, Playback - [WARNING] Internal warning: Smart Match failed
\0
W, 3524, 27, 2012/11/12, 16:48:04.075, 6750825422703, QTAgent32.exe, Playback - [WARNING] Internal warning: Smart Match failed
\0
W, 3524, 27, 2012/11/12, 16:48:04.262, 6750828094904, QTAgent32.exe, Playback - [WARNING] Internal warning: Smart Match failed
\0
W, 3524, 27, 2012/11/12, 16:48:04.449, 6750830783594, QTAgent32.exe, Playback - [WARNING] Internal warning: Smart Match failed
\0
W, 3524, 27, 2012/11/12, 16:48:04.637, 6750833462955, QTAgent32.exe, Playback - [WARNING] Internal warning: Smart Match failed
\0
W, 3524, 27, 2012/11/12, 16:48:04.839, 6750836352294, QTAgent32.exe, Playback - [WARNING] Internal warning: Smart Match failed
\0
W, 3524, 27, 2012/11/12, 16:48:04.902, 6750837341951, QTAgent32.exe, Playback - [WARNING] Internal warning: Window Not Found: [VisibleOnly]ControlType='Window' &amp;&amp; Name='Customer: autotest autotest' &amp;&amp; ClassName='ThunderRT6MDIForm'
\0
E, 3524, 27, 2012/11/12, 16:48:04.902, 6750837344351, QTAgent32.exe, &lt;a class=failure&gt;Playback - {238} [FAILED] Function ElementFetcher::FindScreenElement failed to locate UI element (Searching: ;[VisibleOnly]ControlType='Window' &amp;&amp; Name='Customer: autotest autotest' &amp;&amp; ClassName='ThunderRT6MDIForm') (The object specified was not found.)
\0&lt;/a&gt;
E, 3524, 27, 2012/11/12, 16:48:04.995, 6750838604681, QTAgent32.exe, Playback - [IMAGE] C:\Users\peter.zenin-ad\AppData\Local\Temp\UITestLogs\LastRun\RPFF1D8.png
\0
W, 3524, 27, 2012/11/12, 16:48:04.995, 6750838606849, QTAgent32.exe, Playback - [WARNING] Internal warning: Couldn't find descendants that match QueryId
\0
W, 3524, 27, 2012/11/12, 16:48:04.995, 6750838609876, QTAgent32.exe, PERF WARNING: FindTopLevelWindowHelper::FindAllDescendents: took 3208 ms. Expected it to take maximum 500 ms.
E, 3524, 27, 2012/11/12, 16:48:04.995, 6750838611697, QTAgent32.exe, Exception: System.Runtime.InteropServices.COMException
	Message: Error HRESULT E_FAIL has been returned from a call to a COM component.
	Stack Trace:    at Microsoft.VisualStudio.TestTools.UITest.Playback.Engine.IRPFPlayback.FindAllScreenElements(IScreenElement pScreenElementStart, String bstrQueryId, Object&amp; pvarResKeys, Int32 cResKeys, Int32 nMaxDepth, Object[]&amp; foundDescendants)
   at Microsoft.VisualStudio.TestTools.UITest.Playback.ScreenElement.FindTopLevelWindowHelper(String queryId)
	BaseExceptionMessage: Error HRESULT E_FAIL has been returned from a call to a COM component.

E, 3524, 27, 2012/11/12, 16:48:04.995, 6750838616386, QTAgent32.exe, Window 4261538 not responding. Last Win32 error 0
E, 3524, 27, 2012/11/12, 16:48:04.995, 6750838620380, QTAgent32.exe, Window 4261538 not responding. Last Win32 error 1400
E, 3524, 27, 2012/11/12, 16:48:04.995, 6750838625076, QTAgent32.exe, Window 4261538 not responding. Last Win32 error 1400
E, 3524, 27, 2012/11/12, 16:48:04.995, 6750838626332, QTAgent32.exe, GetClassName for handle 4261538 failed
E, 3524, 27, 2012/11/12, 16:48:04.995, 6750838627208, QTAgent32.exe, GetClassName for handle 4261538 failed
E, 3524, 27, 2012/11/12, 16:48:05.105, 6750840041944, QTAgent32.exe, AL: Playback Error: Microsoft.VisualStudio.TestTools.UITest.Extension.UITestControlNotFoundException: Unable to find the top level element of the control ---&gt; Microsoft.VisualStudio.TestTools.UITest.Extension.UITestControlNotFoundException: The playback failed to find the control with the given search properties. Additional Details: 
TechnologyName:  'MSAA'
ControlType:  'Window'
 ---&gt; System.Runtime.InteropServices.COMException: Error HRESULT E_FAIL has been returned from a call to a COM component.
   at Microsoft.VisualStudio.TestTools.UITest.Playback.Engine.IRPFPlayback.FindAllScreenElements(IScreenElement pScreenElementStart, String bstrQueryId, Object&amp; pvarResKeys, Int32 cResKeys, Int32 nMaxDepth, Object[]&amp; foundDescendants)
   at Microsoft.VisualStudio.TestTools.UITest.Playback.ScreenElement.FindTopLevelWindowHelper(String queryId)
   at Microsoft.VisualStudio.TestTools.UITest.Playback.ScreenElement.FindFromPartialQueryId(String queryId)
   at Microsoft.VisualStudio.TestTools.UITesting.UITestControl..ctor(String queryId)
   --- End of inner exception stack trace ---
   at Microsoft.VisualStudio.TestTools.UITesting.Playback.MapControlNotFoundException(COMException ex, IPlaybackContext context)
   at Microsoft.VisualStudio.TestTools.UITesting.Playback.MapAndThrowComException(COMException innerException, IPlaybackContext context)
   at Microsoft.VisualStudio.TestTools.UITesting.Playback.MapAndThrowException(SystemException exception, IPlaybackContext context)
   at Microsoft.VisualStudio.TestTools.UITesting.Playback.MapAndThrowException(SystemException exception, String queryId)
   at Microsoft.VisualStudio.TestTools.UITesting.UITestControl..ctor(String queryId)
   at Microsoft.VisualStudio.TestTools.UITesting.SearchHelper.SearchTopLevelWindow(ISearchArgument topLevelSearchArg, String topLevelElementQueryId)
   at Microsoft.VisualStudio.TestTools.UITesting.SearchHelper.SearchUsingMultipleTitles(ISearchArgument topLevelSearchArg, QueryId topLevelQueryId, IList`1 windowTitles)
   --- End of inner exception stack trace ---
   at Microsoft.VisualStudio.TestTools.UITesting.SearchHelper.SearchUsingMultipleTitles(ISearchArgument topLevelSearchArg, QueryId topLevelQueryId, IList`1 windowTitles)
   at Microsoft.VisualStudio.TestTools.UITesting.SearchHelper.GetTitleUpdatedTopLevelWindow(ISearchArgument topLevelSearchArg, String queryId, IList`1 windowTitles)
   at Microsoft.VisualStudio.TestTools.UITesting.SearchHelper.GetTopLevelElement(Boolean useCache, Boolean useCacheOnly, ISearchArgument searchArg, IList`1 windowTitles, Int32&amp; timeLeft)
   at Microsoft.VisualStudio.TestTools.UITesting.SearchHelper.GetElement(Boolean useCache, ISearchArgument searchArg)
   at Microsoft.VisualStudio.TestTools.UITesting.SearchHelper.Search(ISearchArgument searchArg)
   at Microsoft.VisualStudio.TestTools.UITesting.UITestControl.FindInternal()
   at Microsoft.VisualStudio.TestTools.UITesting.UITestControl.FindControlIfNecessary()
   at Microsoft.VisualStudio.TestTools.UITesting.UITestControl.Click(MouseButtons button, ModifierKeys modifierKeys, Point relativeCoordinates)
   at Microsoft.VisualStudio.TestTools.UITesting.Mouse.ClickImplementation(UITestControl control, MouseButtons button, ModifierKeys modifierKeys, Point relativeCoordinate)
   at Microsoft.VisualStudio.TestTools.UITesting.Mouse.ClickImplementationWrapper(UITestControl control, MouseButtons button, ModifierKeys modifierKeys, Point relativeCoordinate)
W, 3524, 27, 2012/11/12, 16:48:05.105, 6750840043767, QTAgent32.exe, PlaybackErrorHandler: Ignoring exception as ContinueOnError is set.
W, 3524, 27, 2012/11/12, 16:48:05.448, 6750844992160, QTAgent32.exe, &lt;a class=success&gt;Playback - {239} [SUCCESS] MouseButtonClick - "[MSAA, VisibleOnly]ControlType='Button' &amp;&amp; Name='Close'"
\0&lt;/a&gt;
W, 3524, 27, 2012/11/12, 16:48:09.925, 6750909101578, QTAgent32.exe, IEDOM : StopSession of the plugin called before StartSession
W, 3524, 27, 2012/11/12, 16:48:09.925, 6750909102813, QTAgent32.exe, UIA : StopSession of the plugin called before StartSession
W, 3524, 27, 2012/11/12, 16:48:09.925, 6750909103528, QTAgent32.exe, SLPlugin : StopSession of the plugin called before StartSession
</DebugTrace>
        <ErrorInfo>
          <Message>Test method TestProject7.TamAutotest.HouseTest17 threw exception: 
Microsoft.VisualStudio.TestTools.UITest.Extension.UITestControlNotAvailableException: The control is not available or not valid. Additional Details: 
TechnologyName:  'MSAA'
ControlType:  'CheckBox'
 ---&gt; Microsoft.VisualStudio.TestTools.UITest.Extension.UITestControlNotAvailableException: The control is not available or not valid. Additional Details: 
TechnologyName:  'MSAA'
ControlType:  'Window'
 ---&gt; System.Runtime.InteropServices.COMException: Error HRESULT E_FAIL has been returned from a call to a COM component.</Message>
          <StackTrace>    at Microsoft.VisualStudio.TestTools.UITest.Playback.Engine.IRPFPlayback.FindAllScreenElements(IScreenElement pScreenElementStart, String bstrQueryId, Object&amp; pvarResKeys, Int32 cResKeys, Int32 nMaxDepth, Object[]&amp; foundDescendants)
   at Microsoft.VisualStudio.TestTools.UITest.Playback.ScreenElement.FindTopLevelWindowHelper(String queryId)
   at Microsoft.VisualStudio.TestTools.UITest.Playback.ScreenElement.FindFromPartialQueryId(String queryId)
   at Microsoft.VisualStudio.TestTools.UITesting.UITestControl.EnsureValid(Boolean waitForReady, Boolean refetch)
 --- End of inner exception stack trace ---
    at Microsoft.VisualStudio.TestTools.UITesting.UITestControl.EnsureValid(Boolean waitForReady, Boolean refetch)
   at Microsoft.VisualStudio.TestTools.UITesting.UITestControl.FindFirstDescendant(String queryId, Int32 maxDepth, Int32&amp; timeLeft)
   at Microsoft.VisualStudio.TestTools.UITesting.UITestControl.FindFirstDescendant(String queryId)
   at Microsoft.VisualStudio.TestTools.UITesting.UITestControl.EnsureValid(Boolean waitForReady, Boolean refetch)
 --- End of inner exception stack trace ---
    at Microsoft.VisualStudio.TestTools.UITesting.UITestControl.EnsureValid(Boolean waitForReady, Boolean refetch)
   at Microsoft.VisualStudio.TestTools.UITesting.UITestControl.SetPropertyValue(String propertyName, Object propertyValue)
   at Microsoft.VisualStudio.TestTools.UITesting.UITestControl.SetProperty(String propertyName, Object value)
   at Microsoft.VisualStudio.TestTools.UITesting.WinControls.WinCheckBox.set_Checked(Boolean value)
   at TestProject7.UIMap.RebrokeAlternativeRenew() in C:\TestProject7\TestProject7\UIMap.Designer.cs:line 4544
   at TestProject7.TamAutotest.HouseTest17() in C:\TestProject7\TestProject7\CodedUITest1.cs:line 2240
</StackTrace>
        </ErrorInfo>
      </Output>
      <ResultFiles>
        <ResultFile path="ICLVDEVAP01\HouseTest17.png" />
      </ResultFiles>
      <ExtensionResult>Exception has been thrown by the target of an invocation.</ExtensionResult>
    </UnitTestResult>
    <UnitTestResult executionId="c480b67b-b316-43c8-b94c-e0e5e6a994a1" testId="0287ed6d-d515-809a-ea56-c0035840a5a4" testName="HouseTest18" computerName="ICLVDEVAP01" duration="00:01:38.7856508" startTime="2012-11-12T16:48:09.9415190+00:00" endTime="2012-11-12T16:49:48.7543276+00:00" testType="13cdc9d9-ddb5-4fa4-a97d-d965ccfc6d4b" outcome="Failed" testListId="8c84fa94-04c1-424b-9868-57a2d4851a1d" relativeResultsDirectory="c480b67b-b316-43c8-b94c-e0e5e6a994a1">
      <Output>
        <DebugTrace>W, 3524, 25, 2012/11/12, 16:48:09.972, 6750909752425, QTAgent32.exe, ExtensionFramework : A Technology Manager with name Web is already registered.
W, 3524, 25, 2012/11/12, 16:48:10.815, 6750921790850, QTAgent32.exe, &lt;a class=success&gt;Playback - {1} [SUCCESS] MouseButtonClick - "[MSAA, VisibleOnly]ControlType='Edit'"
\0&lt;/a&gt;
W, 3524, 25, 2012/11/12, 16:48:11.080, 6750925596000, QTAgent32.exe, &lt;a class=success&gt;Playback - {2} [SUCCESS] SendKeys "[*]" - "[MSAA, VisibleOnly]ControlType='Edit'"
\0&lt;/a&gt;
W, 3524, 25, 2012/11/12, 16:48:11.954, 6750938243049, QTAgent32.exe, &lt;a class=success&gt;Playback - {3} [SUCCESS] MouseButtonClick - "[MSAA, VisibleOnly]ControlType='Button' &amp;&amp; Name='OK'"
\0&lt;/a&gt;
W, 3524, 25, 2012/11/12, 16:48:12.640, 6750948113641, QTAgent32.exe, &lt;a class=success&gt;Playback - {4} [SUCCESS] MouseButtonClick - "[MSAA, VisibleOnly]ControlType='Button' &amp;&amp; Name='OK'"
\0&lt;/a&gt;
W, 3524, 25, 2012/11/12, 16:48:13.311, 6750957581687, QTAgent32.exe, &lt;a class=success&gt;Playback - {5} [SUCCESS] TypeString "#(R)"
\0&lt;/a&gt;
E, 3524, 25, 2012/11/12, 16:48:13.467, 6750959896559, QTAgent32.exe, Exception: System.ArgumentException
	Message: Value does not fall within the expected range.
	Stack Trace:    at Accessibility.IAccessible.get_accRole(Object varChild)
   at Microsoft.VisualStudio.TestTools.UITest.Extension.Msaa.AccWrapper.get_RoleInt()
	BaseExceptionMessage: Value does not fall within the expected range.

E, 3524, 25, 2012/11/12, 16:48:13.482, 6750960035582, QTAgent32.exe, Exception: System.ArgumentException
	Message: Value does not fall within the expected range.
	Stack Trace:    at Accessibility.IAccessible.get_accRole(Object varChild)
   at Microsoft.VisualStudio.TestTools.UITest.Extension.Msaa.AccWrapper.get_RoleInt()
	BaseExceptionMessage: Value does not fall within the expected range.

W, 3524, 25, 2012/11/12, 16:48:13.997, 6750967354199, QTAgent32.exe, &lt;a class=success&gt;Playback - {6} [SUCCESS] LeftButtonClick  &lt; Mouse cursor location (87, 908) &gt;
\0&lt;/a&gt;
W, 3524, 25, 2012/11/12, 16:48:15.105, 6750983214495, QTAgent32.exe, &lt;a class=success&gt;Playback - {7} [SUCCESS] SetValueAsEditBox "c:\TestProject7\ourmma.reg"  &lt; Set via SendKeys &gt;
\0&lt;/a&gt;
W, 3524, 25, 2012/11/12, 16:48:15.105, 6750983216757, QTAgent32.exe, &lt;a class=success&gt;Playback - {8} [SUCCESS] SetValueAsComboBox "c:\TestProject7\ourmma.reg" - "[MSAA, VisibleOnly]ControlType='ComboBox' &amp;&amp; Name='Open:'"  &lt; Set via SetValueAsEditBox &gt;
\0&lt;/a&gt;
W, 3524, 25, 2012/11/12, 16:48:15.542, 6750989613497, QTAgent32.exe, &lt;a class=success&gt;Playback - {9} [SUCCESS] MouseButtonClick - "[MSAA, VisibleOnly]ControlType='Button' &amp;&amp; Name='OK'"
\0&lt;/a&gt;
W, 3524, 25, 2012/11/12, 16:48:16.228, 6750999494322, QTAgent32.exe, &lt;a class=success&gt;Playback - {10} [SUCCESS] MouseButtonClick - "[MSAA, VisibleOnly]ControlType='Button' &amp;&amp; Name='Yes'"
\0&lt;/a&gt;
W, 3524, 25, 2012/11/12, 16:48:16.759, 6751006952027, QTAgent32.exe, &lt;a class=success&gt;Playback - {11} [SUCCESS] MouseButtonClick - "[MSAA, VisibleOnly]ControlType='Button' &amp;&amp; Name='OK'"
\0&lt;/a&gt;
W, 3524, 25, 2012/11/12, 16:48:17.211, 6751013570497, QTAgent32.exe, &lt;a class=success&gt;Playback - {12} [SUCCESS] MouseButtonClick - "[MSAA, VisibleOnly]ControlType='Button' &amp;&amp; Name='Clients &amp; Files'"
\0&lt;/a&gt;
W, 3524, 25, 2012/11/12, 16:48:18.132, 6751026615991, QTAgent32.exe, Playback - [WARNING] Internal warning: Window Not Found: [VisibleOnly]ControlType='Window' &amp;&amp; Name='Customer: txt1 tdsfs' &amp;&amp; ClassName='ThunderRT6MDIForm'
\0
E, 3524, 25, 2012/11/12, 16:48:18.132, 6751026618731, QTAgent32.exe, &lt;a class=failure&gt;Playback - {13} [FAILED] Function ElementFetcher::FindScreenElement failed to locate UI element (Searching: ;[VisibleOnly]ControlType='Window' &amp;&amp; Name='Customer: txt1 tdsfs' &amp;&amp; ClassName='ThunderRT6MDIForm') (The object specified was not found.)
\0&lt;/a&gt;
E, 3524, 25, 2012/11/12, 16:48:18.210, 6751027830952, QTAgent32.exe, Playback - [IMAGE] C:\Users\peter.zenin-ad\AppData\Local\Temp\UITestLogs\LastRun\RPF2586.png
\0
W, 3524, 25, 2012/11/12, 16:48:18.210, 6751027833087, QTAgent32.exe, Playback - [WARNING] Internal warning: Couldn't find descendants that match QueryId
\0
W, 3524, 25, 2012/11/12, 16:48:18.210, 6751027836110, QTAgent32.exe, PERF WARNING: FindTopLevelWindowHelper::FindAllDescendents: took 854 ms. Expected it to take maximum 500 ms.
W, 3524, 25, 2012/11/12, 16:48:36.291, 6751286600641, QTAgent32.exe, Playback - [WARNING] Internal warning: Window Not Found: [VisibleOnly]ControlType='Window' &amp;&amp; Name='Customer: txt1 tdsfs' &amp;&amp; ClassName='ThunderRT6MDIForm'
\0
E, 3524, 25, 2012/11/12, 16:48:36.291, 6751286603446, QTAgent32.exe, &lt;a class=failure&gt;Playback - {14} [FAILED] Function ElementFetcher::FindScreenElement failed to locate UI element (Searching: ;[VisibleOnly]ControlType='Window' &amp;&amp; Name='Customer: txt1 tdsfs' &amp;&amp; ClassName='ThunderRT6MDIForm') (The object specified was not found.)
\0&lt;/a&gt;
E, 3524, 25, 2012/11/12, 16:48:36.369, 6751287819698, QTAgent32.exe, Playback - [IMAGE] C:\Users\peter.zenin-ad\AppData\Local\Temp\UITestLogs\LastRun\RPF6C75.png
\0
W, 3524, 25, 2012/11/12, 16:48:36.369, 6751287821883, QTAgent32.exe, Playback - [WARNING] Internal warning: Couldn't find descendants that match QueryId
\0
W, 3524, 25, 2012/11/12, 16:48:36.369, 6751287824841, QTAgent32.exe, PERF WARNING: FindTopLevelWindowHelper::FindAllDescendents: took 18157 ms. Expected it to take maximum 500 ms.
W, 3524, 25, 2012/11/12, 16:48:36.962, 6751296348878, QTAgent32.exe, Playback - [WARNING] Internal warning: Window with Class "ThunderRT6MDIForm" and Title "Customer: txt1 tdsfs" was not found, so similar window with Class "ThunderRT6MDIForm" and Title "Customer: autotest" was accepted
\0
W, 3524, 25, 2012/11/12, 16:48:36.962, 6751296352584, QTAgent32.exe, PERF WARNING: FindTopLevelWindowHelper::FindAllDescendents: took 595 ms. Expected it to take maximum 500 ms.
W, 3524, 25, 2012/11/12, 16:48:37.430, 6751302977275, QTAgent32.exe, Playback - [WARNING] Internal warning: Incorrect flag set for InvokeProgrammaticAction\0
W, 3524, 25, 2012/11/12, 16:48:37.758, 6751307558163, QTAgent32.exe, &lt;a class=success&gt;Playback - {15} [SUCCESS] SetValueAsComboBox "Customers" - "[MSAA, VisibleOnly]ControlType='ComboBox'"  &lt; SetValueAsComboBox, set by clicking on the item in the list box &gt;
\0&lt;/a&gt;
W, 3524, 25, 2012/11/12, 16:48:38.398, 6751316822737, QTAgent32.exe, &lt;a class=success&gt;Playback - {16} [SUCCESS] MouseButtonClick - "[MSAA, VisibleOnly]ControlType='Button' &amp;&amp; Name='Add'"
\0&lt;/a&gt;
W, 3524, 25, 2012/11/12, 16:48:38.803, 6751322502799, QTAgent32.exe, &lt;a class=success&gt;Playback - {17} [SUCCESS] SendKeys "autotest" - "[MSAA, VisibleOnly]ControlType='RadioButton' &amp;&amp; Name='Personal Lines'"
\0&lt;/a&gt;
W, 3524, 25, 2012/11/12, 16:48:39.287, 6751329431494, QTAgent32.exe, &lt;a class=success&gt;Playback - {18} [SUCCESS] SetValueAsEditBox "autotest" - "[MSAA, VisibleOnly]ControlType='Edit'"  &lt; Set via SendKeys &gt;
\0&lt;/a&gt;
W, 3524, 25, 2012/11/12, 16:48:39.817, 6751337227827, QTAgent32.exe, &lt;a class=success&gt;Playback - {19} [SUCCESS] MouseButtonClick - "[MSAA, VisibleOnly]ControlType='Button' &amp;&amp; Name='OK'"
\0&lt;/a&gt;
W, 3524, 25, 2012/11/12, 16:48:40.395, 6751345399548, QTAgent32.exe, &lt;a class=success&gt;Playback - {20} [SUCCESS] MouseButtonClick - "[MSAA, VisibleOnly]ControlType='Button' &amp;&amp; Name='Yes'"
\0&lt;/a&gt;
W, 3524, 25, 2012/11/12, 16:48:40.613, 6751348413412, QTAgent32.exe, &lt;a class=success&gt;Playback - {21} [SUCCESS] SendKeys "^{HOME}" - "[MSAA, VisibleOnly]ControlType='Edit'"
\0&lt;/a&gt;
E, 3524, 25, 2012/11/12, 16:48:40.613, 6751348415924, QTAgent32.exe, Msaa.GetFocusedElement: could not find accessible object of foreground window
W, 3524, 25, 2012/11/12, 16:48:40.691, 6751349529495, QTAgent32.exe, &lt;a class=success&gt;Playback - {22} [SUCCESS] SendKeys "^+{END}" - "[MSAA, VisibleOnly]ControlType='Edit'"
\0&lt;/a&gt;
E, 3524, 25, 2012/11/12, 16:48:40.691, 6751349531827, QTAgent32.exe, Msaa.GetFocusedElement: could not find accessible object of foreground window
W, 3524, 25, 2012/11/12, 16:48:40.707, 6751349753545, QTAgent32.exe, &lt;a class=success&gt;Playback - {23} [SUCCESS] SendKeys "{DELETE}" - "[MSAA, VisibleOnly]ControlType='Edit'"
\0&lt;/a&gt;
W, 3524, 25, 2012/11/12, 16:48:40.785, 6751350874102, QTAgent32.exe, &lt;a class=success&gt;Playback - {24} [SUCCESS] SetValueAsEditBox "1" - "[MSAA, VisibleOnly]ControlType='Edit'"  &lt; Set via SendKeys &gt;
\0&lt;/a&gt;
W, 3524, 25, 2012/11/12, 16:48:41.019, 6751354219735, QTAgent32.exe, &lt;a class=success&gt;Playback - {25} [SUCCESS] SendKeys "^{HOME}" - "[MSAA, VisibleOnly]ControlType='Edit'"
\0&lt;/a&gt;
E, 3524, 25, 2012/11/12, 16:48:41.019, 6751354222132, QTAgent32.exe, Msaa.GetFocusedElement: could not find accessible object of foreground window
W, 3524, 25, 2012/11/12, 16:48:41.097, 6751355336921, QTAgent32.exe, &lt;a class=success&gt;Playback - {26} [SUCCESS] SendKeys "^+{END}" - "[MSAA, VisibleOnly]ControlType='Edit'"
\0&lt;/a&gt;
E, 3524, 25, 2012/11/12, 16:48:41.097, 6751355339314, QTAgent32.exe, Msaa.GetFocusedElement: could not find accessible object of foreground window
W, 3524, 25, 2012/11/12, 16:48:41.112, 6751355560926, QTAgent32.exe, &lt;a class=success&gt;Playback - {27} [SUCCESS] SendKeys "{DELETE}" - "[MSAA, VisibleOnly]ControlType='Edit'"
\0&lt;/a&gt;
W, 3524, 25, 2012/11/12, 16:48:41.190, 6751356684611, QTAgent32.exe, &lt;a class=success&gt;Playback - {28} [SUCCESS] SetValueAsEditBox "1" - "[MSAA, VisibleOnly]ControlType='Edit'"  &lt; Set via SendKeys &gt;
\0&lt;/a&gt;
W, 3524, 25, 2012/11/12, 16:48:41.705, 6751364175952, QTAgent32.exe, &lt;a class=success&gt;Playback - {29} [SUCCESS] MouseButtonClick - "[MSAA, VisibleOnly]ControlType='Button' &amp;&amp; Name='OK'"
\0&lt;/a&gt;
W, 3524, 25, 2012/11/12, 16:48:42.251, 6751372045353, QTAgent32.exe, &lt;a class=success&gt;Playback - {30} [SUCCESS] MouseButtonClick - "[MSAA, VisibleOnly]ControlType='Button'"
\0&lt;/a&gt;
W, 3524, 25, 2012/11/12, 16:48:42.766, 6751379393771, QTAgent32.exe, &lt;a class=success&gt;Playback - {31} [SUCCESS] MouseButtonClick - "[MSAA, VisibleOnly]ControlType='Button' &amp;&amp; Name='Add'"
\0&lt;/a&gt;
W, 3524, 25, 2012/11/12, 16:48:43.265, 6751386570689, QTAgent32.exe, &lt;a class=success&gt;Playback - {32} [SUCCESS] MouseButtonClick - "[MSAA, VisibleOnly]ControlType='Button' &amp;&amp; Name='OK'"
\0&lt;/a&gt;
W, 3524, 25, 2012/11/12, 16:48:45.746, 6751421900370, QTAgent32.exe, &lt;a class=success&gt;Playback - {33} [SUCCESS] MouseButtonClick - "[MSAA, VisibleOnly,Window]ControlType='Window' &amp;&amp; ClassName='ThunderRT6TextBox'"
\0&lt;/a&gt;
W, 3524, 25, 2012/11/12, 16:48:46.089, 6751426818071, QTAgent32.exe, &lt;a class=success&gt;Playback - {34} [SUCCESS] SetValueAsEditBox "HOME" - "[MSAA, VisibleOnly]ControlType='Edit'"  &lt; Set via SendKeys &gt;
\0&lt;/a&gt;
W, 3524, 25, 2012/11/12, 16:48:46.604, 6751434198445, QTAgent32.exe, &lt;a class=success&gt;Playback - {35} [SUCCESS] MouseButtonClick - "[MSAA, VisibleOnly]ControlType='Button' &amp;&amp; Name='OK'"
\0&lt;/a&gt;
W, 3524, 25, 2012/11/12, 16:48:47.041, 6751440507135, QTAgent32.exe, &lt;a class=success&gt;Playback - {36} [SUCCESS] MouseButtonClick - "[MSAA, VisibleOnly]ControlType='Button' &amp;&amp; Name='Options'"
\0&lt;/a&gt;
W, 3524, 25, 2012/11/12, 16:48:47.150, 6751442007406, QTAgent32.exe, FindScreenElementInSinglePass : Attempting to find control in one pass of search. Failures can occur.
W, 3524, 25, 2012/11/12, 16:48:47.337, 6751444682173, QTAgent32.exe, &lt;a class=success&gt;Playback - {37} [SUCCESS] MouseButtonClick - "[MSAA]ControlType='MenuItem' &amp;&amp; Name='Links'"
\0&lt;/a&gt;
W, 3524, 25, 2012/11/12, 16:48:47.446, 6751446254513, QTAgent32.exe, FindScreenElementInSinglePass : Attempting to find control in one pass of search. Failures can occur.
W, 3524, 25, 2012/11/12, 16:48:47.649, 6751449152789, QTAgent32.exe, &lt;a class=success&gt;Playback - {38} [SUCCESS] MouseButtonClick - "[MSAA]ControlType='MenuItem' &amp;&amp; Name='3rd Party Integration'"
\0&lt;/a&gt;
W, 3524, 25, 2012/11/12, 16:48:47.758, 6751450718412, QTAgent32.exe, FindScreenElementInSinglePass : Attempting to find control in one pass of search. Failures can occur.
W, 3524, 25, 2012/11/12, 16:48:47.961, 6751453648241, QTAgent32.exe, &lt;a class=success&gt;Playback - {39} [SUCCESS] MouseButtonClick - "[MSAA]ControlType='MenuItem' &amp;&amp; Name='Quote Select List'"
\0&lt;/a&gt;
W, 3524, 25, 2012/11/12, 16:48:49.802, 6751479991281, QTAgent32.exe, PERF WARNING: FindTopLevelWindowHelper::FindAllDescendents: took 1732 ms. Expected it to take maximum 500 ms.
W, 3524, 25, 2012/11/12, 16:48:50.473, 6751489774516, QTAgent32.exe, &lt;a class=success&gt;Playback - {40} [SUCCESS] MouseButtonClick - "[MSAA, VisibleOnly]ControlType='Button' &amp;&amp; Name='Ok'"
\0&lt;/a&gt;
W, 3524, 25, 2012/11/12, 16:48:51.658, 6751506567031, QTAgent32.exe, PERF WARNING: FindTopLevelWindowHelper::FindAllDescendents: took 1058 ms. Expected it to take maximum 500 ms.
W, 3524, 25, 2012/11/12, 16:48:53.203, 6751528713223, QTAgent32.exe, Playback - [WARNING] Internal warning: Target element "[MSAA, VisibleOnly]ControlType='Edit'" was not found, so all intermediate elements were ignored. An incorrect element that matches target element Id can be found as the result.  Verify that all intermediate elements in QueryId have valid and unique Ids
\0
W, 3524, 25, 2012/11/12, 16:48:55.777, 6751565537166, QTAgent32.exe, Playback - [WARNING] Internal warning:Search failure: &lt;[MSAA, VisibleOnly]ControlType='Window' &amp;&amp; ControlId='32768'&gt; | Performed (4) search retries, UI element not found
\0
E, 3524, 25, 2012/11/12, 16:48:55.777, 6751565539976, QTAgent32.exe, &lt;a class=failure&gt;Playback - {41} [FAILED] Function ElementFetcher::FindScreenElement failed to locate UI element (Searching: ;[MSAA, VisibleOnly]ControlType='Window' &amp;&amp; ControlId='32768';[MSAA, VisibleOnly]ControlType='Window' &amp;&amp; ControlId='1';[MSAA, VisibleOnly]ControlType='Edit') (The object specified was not found.)
\0&lt;/a&gt;
E, 3524, 25, 2012/11/12, 16:48:55.855, 6751566753771, QTAgent32.exe, Playback - [IMAGE] C:\Users\peter.zenin-ad\AppData\Local\Temp\UITestLogs\LastRun\RPFB893.png
\0
W, 3524, 25, 2012/11/12, 16:48:55.855, 6751566755970, QTAgent32.exe, Playback - [WARNING] Internal warning: Couldn't find descendants that match QueryId
\0
W, 3524, 25, 2012/11/12, 16:48:55.855, 6751566758969, QTAgent32.exe, PERF WARNING: FindAllDescendents: took 4202 ms. Expected it to take maximum 500 ms.
E, 3524, 25, 2012/11/12, 16:48:55.886, 6751567153536, QTAgent32.exe, AL: Playback Error: Microsoft.VisualStudio.TestTools.UITest.Extension.UITestControlNotFoundException: The playback failed to find the control with the given search properties. Additional Details: 
TechnologyName:  'MSAA'
ControlType:  'Edit'
 ---&gt; System.Runtime.InteropServices.COMException: Error HRESULT E_FAIL has been returned from a call to a COM component.
   at Microsoft.VisualStudio.TestTools.UITest.Playback.Engine.IScreenElement.FindAllDescendants(String bstrQueryId, Object&amp; pvarResKeys, Int32 cResKeys, Int32 nMaxDepth)
   at Microsoft.VisualStudio.TestTools.UITest.Playback.ScreenElement.FindAllScreenElement(String queryId, Int32 depth, Boolean singleQueryId, Boolean throwException)
   at Microsoft.VisualStudio.TestTools.UITest.Playback.ScreenElement.FindScreenElement(String queryId, Int32 depth)
   at Microsoft.VisualStudio.TestTools.UITesting.UITestControl.FindFirstDescendant(String queryId, Int32 maxDepth, Int32&amp; timeLeft)
   --- End of inner exception stack trace ---
   at Microsoft.VisualStudio.TestTools.UITesting.Playback.MapControlNotFoundException(COMException ex, IPlaybackContext context)
   at Microsoft.VisualStudio.TestTools.UITesting.Playback.MapAndThrowComException(COMException innerException, IPlaybackContext context)
   at Microsoft.VisualStudio.TestTools.UITesting.Playback.MapAndThrowException(SystemException exception, IPlaybackContext context)
   at Microsoft.VisualStudio.TestTools.UITesting.Playback.MapAndThrowException(SystemException exception, String queryId)
   at Microsoft.VisualStudio.TestTools.UITesting.UITestControl.FindFirstDescendant(String queryId, Int32 maxDepth, Int32&amp; timeLeft)
   at Microsoft.VisualStudio.TestTools.UITesting.SearchHelper.GetElement(Boolean useCache, ISearchArgument searchArg)
   at Microsoft.VisualStudio.TestTools.UITesting.SearchHelper.Search(ISearchArgument searchArg)
   at Microsoft.VisualStudio.TestTools.UITesting.UITestControl.FindInternal()
   at Microsoft.VisualStudio.TestTools.UITesting.UITestControl.FindControlIfNecessary()
   at Microsoft.VisualStudio.TestTools.UITesting.UITestControl.SetProperty(String propertyName, Object value)
W, 3524, 25, 2012/11/12, 16:48:57.508, 6751590317144, QTAgent32.exe, Playback - [WARNING] Internal warning: Element "[MSAA, VisibleOnly]ControlType='Window' &amp;&amp; ControlId='32770'" was not found, so all intermediate elements were ignored. To improve performance replace this element Id with another Id or exclude it from QueryId. If this element is the target element, replace or remove intermediate elements
\0
W, 3524, 25, 2012/11/12, 16:48:58.039, 6751598079428, QTAgent32.exe, PERF WARNING: FindAllDescendents: took 2087 ms. Expected it to take maximum 500 ms.
W, 3524, 25, 2012/11/12, 16:48:58.382, 6751602896725, QTAgent32.exe, &lt;a class=success&gt;Playback - {42} [SUCCESS] MouseButtonClick - "[MSAA, VisibleOnly]ControlType='Button' &amp;&amp; Name='Cancel'"
\0&lt;/a&gt;
W, 3524, 25, 2012/11/12, 16:49:00.035, 6751626501796, QTAgent32.exe, Playback - [WARNING] Internal warning: Element "[MSAA, VisibleOnly]ControlType='Window' &amp;&amp; ControlId='32769'" was not found, so all intermediate elements were ignored. To improve performance replace this element Id with another Id or exclude it from QueryId. If this element is the target element, replace or remove intermediate elements
\0
W, 3524, 25, 2012/11/12, 16:49:00.566, 6751634194283, QTAgent32.exe, PERF WARNING: FindAllDescendents: took 2080 ms. Expected it to take maximum 500 ms.
W, 3524, 25, 2012/11/12, 16:49:00.893, 6751638791906, QTAgent32.exe, &lt;a class=success&gt;Playback - {43} [SUCCESS] MouseButtonClick - "[MSAA, VisibleOnly]ControlType='Button' &amp;&amp; Name='Cancel'"
\0&lt;/a&gt;
W, 3524, 25, 2012/11/12, 16:49:16.446, 6751861489104, QTAgent32.exe, Playback - [WARNING] Internal warning: Window Not Found: [VisibleOnly]ControlType='Window' &amp;&amp; Name='Customer: txt1 tdsfs' &amp;&amp; ClassName='ThunderRT6MDIForm'
\0
E, 3524, 25, 2012/11/12, 16:49:16.446, 6751861492068, QTAgent32.exe, &lt;a class=failure&gt;Playback - {44} [FAILED] Function ElementFetcher::FindScreenElement failed to locate UI element (Searching: ;[VisibleOnly]ControlType='Window' &amp;&amp; Name='Customer: txt1 tdsfs' &amp;&amp; ClassName='ThunderRT6MDIForm') (The object specified was not found.)
\0&lt;/a&gt;
E, 3524, 25, 2012/11/12, 16:49:16.524, 6751862699355, QTAgent32.exe, Playback - [IMAGE] C:\Users\peter.zenin-ad\AppData\Local\Temp\UITestLogs\LastRun\RPF952.png
\0
W, 3524, 25, 2012/11/12, 16:49:16.524, 6751862701634, QTAgent32.exe, Playback - [WARNING] Internal warning: Couldn't find descendants that match QueryId
\0
W, 3524, 25, 2012/11/12, 16:49:16.524, 6751862705029, QTAgent32.exe, PERF WARNING: FindTopLevelWindowHelper::FindAllDescendents: took 15529 ms. Expected it to take maximum 500 ms.
W, 3524, 25, 2012/11/12, 16:49:20.268, 6751916214088, QTAgent32.exe, Playback - [WARNING] Internal warning: Window Not Found: [VisibleOnly]ControlType='Window' &amp;&amp; Name='Customer: txt1 tdsfs' &amp;&amp; ClassName='ThunderRT6MDIForm'
\0
E, 3524, 25, 2012/11/12, 16:49:20.268, 6751916217060, QTAgent32.exe, &lt;a class=failure&gt;Playback - {45} [FAILED] Function ElementFetcher::FindScreenElement failed to locate UI element (Searching: ;[VisibleOnly]ControlType='Window' &amp;&amp; Name='Customer: txt1 tdsfs' &amp;&amp; ClassName='ThunderRT6MDIForm') (The object specified was not found.)
\0&lt;/a&gt;
E, 3524, 25, 2012/11/12, 16:49:20.346, 6751917429867, QTAgent32.exe, Playback - [IMAGE] C:\Users\peter.zenin-ad\AppData\Local\Temp\UITestLogs\LastRun\RPF1841.png
\0
W, 3524, 25, 2012/11/12, 16:49:20.346, 6751917432049, QTAgent32.exe, Playback - [WARNING] Internal warning: Couldn't find descendants that match QueryId
\0
W, 3524, 25, 2012/11/12, 16:49:20.346, 6751917435118, QTAgent32.exe, PERF WARNING: FindTopLevelWindowHelper::FindAllDescendents: took 3822 ms. Expected it to take maximum 500 ms.
W, 3524, 25, 2012/11/12, 16:49:24.090, 6751970936276, QTAgent32.exe, Playback - [WARNING] Internal warning: Window Not Found: [VisibleOnly]ControlType='Window' &amp;&amp; Name='Customer: txt1 tdsfs' &amp;&amp; ClassName='ThunderRT6MDIForm'
\0
E, 3524, 25, 2012/11/12, 16:49:24.090, 6751970939236, QTAgent32.exe, &lt;a class=failure&gt;Playback - {46} [FAILED] Function ElementFetcher::FindScreenElement failed to locate UI element (Searching: ;[VisibleOnly]ControlType='Window' &amp;&amp; Name='Customer: txt1 tdsfs' &amp;&amp; ClassName='ThunderRT6MDIForm') (The object specified was not found.)
\0&lt;/a&gt;
E, 3524, 25, 2012/11/12, 16:49:24.168, 6751972171885, QTAgent32.exe, Playback - [IMAGE] C:\Users\peter.zenin-ad\AppData\Local\Temp\UITestLogs\LastRun\RPF2730.png
\0
W, 3524, 25, 2012/11/12, 16:49:24.168, 6751972174083, QTAgent32.exe, Playback - [WARNING] Internal warning: Couldn't find descendants that match QueryId
\0
W, 3524, 25, 2012/11/12, 16:49:24.168, 6751972177120, QTAgent32.exe, PERF WARNING: FindTopLevelWindowHelper::FindAllDescendents: took 3823 ms. Expected it to take maximum 500 ms.
E, 3524, 25, 2012/11/12, 16:49:24.168, 6751972178968, QTAgent32.exe, Exception: System.Runtime.InteropServices.COMException
	Message: Error HRESULT E_FAIL has been returned from a call to a COM component.
	Stack Trace:    at Microsoft.VisualStudio.TestTools.UITest.Playback.Engine.IRPFPlayback.FindAllScreenElements(IScreenElement pScreenElementStart, String bstrQueryId, Object&amp; pvarResKeys, Int32 cResKeys, Int32 nMaxDepth, Object[]&amp; foundDescendants)
   at Microsoft.VisualStudio.TestTools.UITest.Playback.ScreenElement.FindTopLevelWindowHelper(String queryId)
	BaseExceptionMessage: Error HRESULT E_FAIL has been returned from a call to a COM component.

E, 3524, 25, 2012/11/12, 16:49:24.168, 6751972183875, QTAgent32.exe, Window 6555686 not responding. Last Win32 error 0
E, 3524, 25, 2012/11/12, 16:49:24.168, 6751972187670, QTAgent32.exe, Window 6555686 not responding. Last Win32 error 1400
E, 3524, 25, 2012/11/12, 16:49:24.168, 6751972191061, QTAgent32.exe, GetClassName for handle 6555686 failed
E, 3524, 25, 2012/11/12, 16:49:24.168, 6751972202143, QTAgent32.exe, Window 6555686 not responding. Last Win32 error 1400
E, 3524, 25, 2012/11/12, 16:49:24.168, 6751972203350, QTAgent32.exe, GetClassName for handle 6555686 failed
E, 3524, 25, 2012/11/12, 16:49:24.168, 6751972204170, QTAgent32.exe, GetClassName for handle 6555686 failed
W, 3524, 25, 2012/11/12, 16:49:36.929, 6752154766293, QTAgent32.exe, Playback - [WARNING] Internal warning: Window Not Found: [VisibleOnly]ControlType='Window' &amp;&amp; Name='Customer: autotest autotest' &amp;&amp; ClassName='ThunderRT6MDIForm'
\0
E, 3524, 25, 2012/11/12, 16:49:36.929, 6752154769051, QTAgent32.exe, &lt;a class=failure&gt;Playback - {47} [FAILED] Function ElementFetcher::FindScreenElement failed to locate UI element (Searching: ;[VisibleOnly]ControlType='Window' &amp;&amp; Name='Customer: autotest autotest' &amp;&amp; ClassName='ThunderRT6MDIForm') (The object specified was not found.)
\0&lt;/a&gt;
E, 3524, 25, 2012/11/12, 16:49:37.007, 6752155983674, QTAgent32.exe, Playback - [IMAGE] C:\Users\peter.zenin-ad\AppData\Local\Temp\UITestLogs\LastRun\RPF5958.png
\0
W, 3524, 25, 2012/11/12, 16:49:37.007, 6752155985883, QTAgent32.exe, Playback - [WARNING] Internal warning: Couldn't find descendants that match QueryId
\0
W, 3524, 25, 2012/11/12, 16:49:37.007, 6752155988863, QTAgent32.exe, PERF WARNING: FindTopLevelWindowHelper::FindAllDescendents: took 12835 ms. Expected it to take maximum 500 ms.
W, 3524, 25, 2012/11/12, 16:49:39.191, 6752187157120, QTAgent32.exe, Playback - [WARNING] Internal warning: Window Not Found: [VisibleOnly]ControlType='Window' &amp;&amp; Name='Customer: autotest autotest' &amp;&amp; ClassName='ThunderRT6MDIForm'
\0
E, 3524, 25, 2012/11/12, 16:49:39.191, 6752187161344, QTAgent32.exe, &lt;a class=failure&gt;Playback - {48} [FAILED] Function ElementFetcher::FindScreenElement failed to locate UI element (Searching: ;[VisibleOnly]ControlType='Window' &amp;&amp; Name='Customer: autotest autotest' &amp;&amp; ClassName='ThunderRT6MDIForm') (The object specified was not found.)
\0&lt;/a&gt;
E, 3524, 25, 2012/11/12, 16:49:39.269, 6752188393921, QTAgent32.exe, Playback - [IMAGE] C:\Users\peter.zenin-ad\AppData\Local\Temp\UITestLogs\LastRun\RPF622F.png
\0
W, 3524, 25, 2012/11/12, 16:49:39.269, 6752188396065, QTAgent32.exe, Playback - [WARNING] Internal warning: Couldn't find descendants that match QueryId
\0
W, 3524, 25, 2012/11/12, 16:49:39.269, 6752188399019, QTAgent32.exe, PERF WARNING: FindTopLevelWindowHelper::FindAllDescendents: took 2263 ms. Expected it to take maximum 500 ms.
W, 3524, 25, 2012/11/12, 16:49:43.746, 6752252375853, QTAgent32.exe, Playback - [WARNING] Internal warning: Window Not Found: [VisibleOnly]ControlType='Window' &amp;&amp; Name='Customer: autotest autotest' &amp;&amp; ClassName='ThunderRT6MDIForm'
\0
E, 3524, 25, 2012/11/12, 16:49:43.746, 6752252378795, QTAgent32.exe, &lt;a class=failure&gt;Playback - {49} [FAILED] Function ElementFetcher::FindScreenElement failed to locate UI element (Searching: ;[VisibleOnly]ControlType='Window' &amp;&amp; Name='Customer: autotest autotest' &amp;&amp; ClassName='ThunderRT6MDIForm') (The object specified was not found.)
\0&lt;/a&gt;
E, 3524, 25, 2012/11/12, 16:49:43.824, 6752253600135, QTAgent32.exe, Playback - [IMAGE] C:\Users\peter.zenin-ad\AppData\Local\Temp\UITestLogs\LastRun\RPF73FB.png
\0
W, 3524, 25, 2012/11/12, 16:49:43.824, 6752253602333, QTAgent32.exe, Playback - [WARNING] Internal warning: Couldn't find descendants that match QueryId
\0
W, 3524, 25, 2012/11/12, 16:49:43.824, 6752253605333, QTAgent32.exe, PERF WARNING: FindTopLevelWindowHelper::FindAllDescendents: took 4553 ms. Expected it to take maximum 500 ms.
E, 3524, 25, 2012/11/12, 16:49:43.824, 6752253607186, QTAgent32.exe, Exception: System.Runtime.InteropServices.COMException
	Message: Error HRESULT E_FAIL has been returned from a call to a COM component.
	Stack Trace:    at Microsoft.VisualStudio.TestTools.UITest.Playback.Engine.IRPFPlayback.FindAllScreenElements(IScreenElement pScreenElementStart, String bstrQueryId, Object&amp; pvarResKeys, Int32 cResKeys, Int32 nMaxDepth, Object[]&amp; foundDescendants)
   at Microsoft.VisualStudio.TestTools.UITest.Playback.ScreenElement.FindTopLevelWindowHelper(String queryId)
	BaseExceptionMessage: Error HRESULT E_FAIL has been returned from a call to a COM component.

E, 3524, 25, 2012/11/12, 16:49:43.824, 6752253611785, QTAgent32.exe, Window 6555686 not responding. Last Win32 error 0
E, 3524, 25, 2012/11/12, 16:49:43.824, 6752253615638, QTAgent32.exe, Window 6555686 not responding. Last Win32 error 1400
E, 3524, 25, 2012/11/12, 16:49:43.824, 6752253620936, QTAgent32.exe, Window 6555686 not responding. Last Win32 error 1400
E, 3524, 25, 2012/11/12, 16:49:43.824, 6752253622231, QTAgent32.exe, GetClassName for handle 6555686 failed
E, 3524, 25, 2012/11/12, 16:49:43.824, 6752253623071, QTAgent32.exe, GetClassName for handle 6555686 failed
E, 3524, 25, 2012/11/12, 16:49:43.933, 6752255050923, QTAgent32.exe, AL: Playback Error: Microsoft.VisualStudio.TestTools.UITest.Extension.UITestControlNotFoundException: Unable to find the top level element of the control ---&gt; Microsoft.VisualStudio.TestTools.UITest.Extension.UITestControlNotFoundException: The playback failed to find the control with the given search properties. Additional Details: 
TechnologyName:  'MSAA'
ControlType:  'Window'
 ---&gt; System.Runtime.InteropServices.COMException: Error HRESULT E_FAIL has been returned from a call to a COM component.
   at Microsoft.VisualStudio.TestTools.UITest.Playback.Engine.IRPFPlayback.FindAllScreenElements(IScreenElement pScreenElementStart, String bstrQueryId, Object&amp; pvarResKeys, Int32 cResKeys, Int32 nMaxDepth, Object[]&amp; foundDescendants)
   at Microsoft.VisualStudio.TestTools.UITest.Playback.ScreenElement.FindTopLevelWindowHelper(String queryId)
   at Microsoft.VisualStudio.TestTools.UITest.Playback.ScreenElement.FindFromPartialQueryId(String queryId)
   at Microsoft.VisualStudio.TestTools.UITesting.UITestControl..ctor(String queryId)
   --- End of inner exception stack trace ---
   at Microsoft.VisualStudio.TestTools.UITesting.Playback.MapControlNotFoundException(COMException ex, IPlaybackContext context)
   at Microsoft.VisualStudio.TestTools.UITesting.Playback.MapAndThrowComException(COMException innerException, IPlaybackContext context)
   at Microsoft.VisualStudio.TestTools.UITesting.Playback.MapAndThrowException(SystemException exception, IPlaybackContext context)
   at Microsoft.VisualStudio.TestTools.UITesting.Playback.MapAndThrowException(SystemException exception, String queryId)
   at Microsoft.VisualStudio.TestTools.UITesting.UITestControl..ctor(String queryId)
   at Microsoft.VisualStudio.TestTools.UITesting.SearchHelper.SearchTopLevelWindow(ISearchArgument topLevelSearchArg, String topLevelElementQueryId)
   at Microsoft.VisualStudio.TestTools.UITesting.SearchHelper.SearchUsingMultipleTitles(ISearchArgument topLevelSearchArg, QueryId topLevelQueryId, IList`1 windowTitles)
   --- End of inner exception stack trace ---
   at Microsoft.VisualStudio.TestTools.UITesting.SearchHelper.SearchUsingMultipleTitles(ISearchArgument topLevelSearchArg, QueryId topLevelQueryId, IList`1 windowTitles)
   at Microsoft.VisualStudio.TestTools.UITesting.SearchHelper.GetTitleUpdatedTopLevelWindow(ISearchArgument topLevelSearchArg, String queryId, IList`1 windowTitles)
   at Microsoft.VisualStudio.TestTools.UITesting.SearchHelper.GetTopLevelElement(Boolean useCache, Boolean useCacheOnly, ISearchArgument searchArg, IList`1 windowTitles, Int32&amp; timeLeft)
   at Microsoft.VisualStudio.TestTools.UITesting.SearchHelper.GetElement(Boolean useCache, ISearchArgument searchArg)
   at Microsoft.VisualStudio.TestTools.UITesting.SearchHelper.Search(ISearchArgument searchArg)
   at Microsoft.VisualStudio.TestTools.UITesting.UITestControl.FindInternal()
   at Microsoft.VisualStudio.TestTools.UITesting.UITestControl.FindControlIfNecessary()
   at Microsoft.VisualStudio.TestTools.UITesting.UITestControl.Click(MouseButtons button, ModifierKeys modifierKeys, Point relativeCoordinates)
   at Microsoft.VisualStudio.TestTools.UITesting.Mouse.ClickImplementation(UITestControl control, MouseButtons button, ModifierKeys modifierKeys, Point relativeCoordinate)
   at Microsoft.VisualStudio.TestTools.UITesting.Mouse.ClickImplementationWrapper(UITestControl control, MouseButtons button, ModifierKeys modifierKeys, Point relativeCoordinate)
W, 3524, 25, 2012/11/12, 16:49:43.933, 6752255052425, QTAgent32.exe, PlaybackErrorHandler: Ignoring exception as ContinueOnError is set.
W, 3524, 25, 2012/11/12, 16:49:44.277, 6752260008151, QTAgent32.exe, &lt;a class=success&gt;Playback - {50} [SUCCESS] MouseButtonClick - "[MSAA, VisibleOnly]ControlType='Button' &amp;&amp; Name='Close'"
\0&lt;/a&gt;
W, 3524, 25, 2012/11/12, 16:49:48.754, 6752324104200, QTAgent32.exe, IEDOM : StopSession of the plugin called before StartSession
W, 3524, 25, 2012/11/12, 16:49:48.754, 6752324105513, QTAgent32.exe, UIA : StopSession of the plugin called before StartSession
W, 3524, 25, 2012/11/12, 16:49:48.754, 6752324106259, QTAgent32.exe, SLPlugin : StopSession of the plugin called before StartSession
</DebugTrace>
        <ErrorInfo>
          <Message>Test method TestProject7.TamAutotest.HouseTest18 threw exception: 
Microsoft.VisualStudio.TestTools.UITest.Extension.UITestControlNotFoundException: The playback failed to find the control with the given search properties. Additional Details: 
TechnologyName:  'MSAA'
ControlType:  'Edit'
 ---&gt; System.Runtime.InteropServices.COMException: Error HRESULT E_FAIL has been returned from a call to a COM component.</Message>
          <StackTrace>    at Microsoft.VisualStudio.TestTools.UITest.Playback.Engine.IScreenElement.FindAllDescendants(String bstrQueryId, Object&amp; pvarResKeys, Int32 cResKeys, Int32 nMaxDepth)
   at Microsoft.VisualStudio.TestTools.UITest.Playback.ScreenElement.FindAllScreenElement(String queryId, Int32 depth, Boolean singleQueryId, Boolean throwException)
   at Microsoft.VisualStudio.TestTools.UITest.Playback.ScreenElement.FindScreenElement(String queryId, Int32 depth)
   at Microsoft.VisualStudio.TestTools.UITesting.UITestControl.FindFirstDescendant(String queryId, Int32 maxDepth, Int32&amp; timeLeft)
 --- End of inner exception stack trace ---
    at Microsoft.VisualStudio.TestTools.UITesting.Playback.MapControlNotFoundException(COMException ex, IPlaybackContext context)
   at Microsoft.VisualStudio.TestTools.UITesting.Playback.MapAndThrowComException(COMException innerException, IPlaybackContext context)
   at Microsoft.VisualStudio.TestTools.UITesting.Playback.MapAndThrowException(SystemException exception, IPlaybackContext context)
   at Microsoft.VisualStudio.TestTools.UITesting.Playback.MapAndThrowException(SystemException exception, String queryId)
   at Microsoft.VisualStudio.TestTools.UITesting.UITestControl.FindFirstDescendant(String queryId, Int32 maxDepth, Int32&amp; timeLeft)
   at Microsoft.VisualStudio.TestTools.UITesting.SearchHelper.GetElement(Boolean useCache, ISearchArgument searchArg)
   at Microsoft.VisualStudio.TestTools.UITesting.SearchHelper.Search(ISearchArgument searchArg)
   at Microsoft.VisualStudio.TestTools.UITesting.UITestControl.FindInternal()
   at Microsoft.VisualStudio.TestTools.UITesting.UITestControl.FindControlIfNecessary()
   at Microsoft.VisualStudio.TestTools.UITesting.UITestControl.SetProperty(String propertyName, Object value)
   at Microsoft.VisualStudio.TestTools.UITesting.WinControls.WinEdit.set_Text(String value)
   at TestProject7.UIMap.HomeStartDate() in C:\TestProject7\TestProject7\UIMap.Designer.cs:line 2522
   at TestProject7.TamAutotest.HouseTest18() in C:\TestProject7\TestProject7\CodedUITest1.cs:line 2267
</StackTrace>
        </ErrorInfo>
      </Output>
      <ResultFiles>
        <ResultFile path="ICLVDEVAP01\HouseTest18.png" />
      </ResultFiles>
      <ExtensionResult>Exception has been thrown by the target of an invocation.</ExtensionResult>
    </UnitTestResult>
    <UnitTestResult executionId="416519d8-657d-47e1-ab0a-8cd320131bcf" testId="8f5b1340-58a6-e129-3b7d-c88835b7065d" testName="HouseTest2" computerName="ICLVDEVAP01" duration="00:00:35.2594681" startTime="2012-11-12T16:49:48.7543276+00:00" endTime="2012-11-12T16:50:24.0257015+00:00" testType="13cdc9d9-ddb5-4fa4-a97d-d965ccfc6d4b" outcome="Failed" testListId="8c84fa94-04c1-424b-9868-57a2d4851a1d" relativeResultsDirectory="416519d8-657d-47e1-ab0a-8cd320131bcf">
      <Output>
        <DebugTrace>W, 3524, 6, 2012/11/12, 16:49:48.769, 6752324309643, QTAgent32.exe, ExtensionFramework : A Technology Manager with name Web is already registered.
W, 3524, 6, 2012/11/12, 16:49:58.301, 6752460772950, QTAgent32.exe, Playback - [WARNING] Internal warning: Window Not Found: [VisibleOnly]ControlType='Window' &amp;&amp; Name='The Agency Manager Signon' &amp;&amp; ClassName='ThunderRT6FormDC'
\0
E, 3524, 6, 2012/11/12, 16:49:58.301, 6752460775827, QTAgent32.exe, &lt;a class=failure&gt;Playback - {1} [FAILED] Function ElementFetcher::FindScreenElement failed to locate UI element (Searching: ;[VisibleOnly]ControlType='Window' &amp;&amp; Name='The Agency Manager Signon' &amp;&amp; ClassName='ThunderRT6FormDC') (The object specified was not found.)
\0&lt;/a&gt;
E, 3524, 6, 2012/11/12, 16:49:58.379, 6752462009410, QTAgent32.exe, Playback - [IMAGE] C:\Users\peter.zenin-ad\AppData\Local\Temp\UITestLogs\LastRun\RPFACD7.png
\0
W, 3524, 6, 2012/11/12, 16:49:58.379, 6752462011553, QTAgent32.exe, Playback - [WARNING] Internal warning: Couldn't find descendants that match QueryId
\0
W, 3524, 6, 2012/11/12, 16:49:58.379, 6752462014532, QTAgent32.exe, PERF WARNING: FindTopLevelWindowHelper::FindAllDescendents: took 9038 ms. Expected it to take maximum 500 ms.
W, 3524, 6, 2012/11/12, 16:50:16.615, 6752723002076, QTAgent32.exe, Playback - [WARNING] Internal warning: Window Not Found: [VisibleOnly]ControlType='Window' &amp;&amp; Name='The Agency Manager Signon' &amp;&amp; ClassName='ThunderRT6FormDC'
\0
E, 3524, 6, 2012/11/12, 16:50:16.615, 6752723004973, QTAgent32.exe, &lt;a class=failure&gt;Playback - {2} [FAILED] Function ElementFetcher::FindScreenElement failed to locate UI element (Searching: ;[VisibleOnly]ControlType='Window' &amp;&amp; Name='The Agency Manager Signon' &amp;&amp; ClassName='ThunderRT6FormDC') (The object specified was not found.)
\0&lt;/a&gt;
E, 3524, 6, 2012/11/12, 16:50:16.693, 6752724239703, QTAgent32.exe, Playback - [IMAGE] C:\Users\peter.zenin-ad\AppData\Local\Temp\UITestLogs\LastRun\RPFF462.png
\0
W, 3524, 6, 2012/11/12, 16:50:16.693, 6752724241962, QTAgent32.exe, Playback - [WARNING] Internal warning: Couldn't find descendants that match QueryId
\0
W, 3524, 6, 2012/11/12, 16:50:16.693, 6752724244974, QTAgent32.exe, PERF WARNING: FindTopLevelWindowHelper::FindAllDescendents: took 18314 ms. Expected it to take maximum 500 ms.
W, 3524, 6, 2012/11/12, 16:50:21.389, 6752791356097, QTAgent32.exe, Playback - [WARNING] Internal warning: Window with Class "ThunderRT6FormDC" and Title "The Agency Manager Signon" was not found, so similar window with Class "ThunderRT6FormDC" and Title "The Agency Manager" was accepted
\0
W, 3524, 6, 2012/11/12, 16:50:21.389, 6752791360839, QTAgent32.exe, PERF WARNING: FindTopLevelWindowHelper::FindAllDescendents: took 4687 ms. Expected it to take maximum 500 ms.
W, 3524, 6, 2012/11/12, 16:50:22.933, 6752813457849, QTAgent32.exe, Playback - [WARNING] Internal warning: Element "[MSAA, VisibleOnly]ControlType='Window' &amp;&amp; ControlId='7'" was not found, so all intermediate elements were ignored. To improve performance replace this element Id with another Id or exclude it from QueryId. If this element is the target element, replace or remove intermediate elements
\0
W, 3524, 6, 2012/11/12, 16:50:23.448, 6752820947210, QTAgent32.exe, PERF WARNING: FindAllDescendents: took 2064 ms. Expected it to take maximum 500 ms.
W, 3524, 6, 2012/11/12, 16:50:23.776, 6752825522338, QTAgent32.exe, &lt;a class=success&gt;Playback - {3} [SUCCESS] MouseButtonClick - "[MSAA, VisibleOnly]ControlType='Edit'"
\0&lt;/a&gt;
W, 3524, 6, 2012/11/12, 16:50:24.010, 6752828997293, QTAgent32.exe, IEDOM : StopSession of the plugin called before StartSession
W, 3524, 6, 2012/11/12, 16:50:24.010, 6752828998503, QTAgent32.exe, UIA : StopSession of the plugin called before StartSession
W, 3524, 6, 2012/11/12, 16:50:24.010, 6752828999258, QTAgent32.exe, SLPlugin : StopSession of the plugin called before StartSession
</DebugTrace>
        <ErrorInfo>
          <Message>Initialization method TestProject7.TamAutotest.StartTest threw exception. System.ArgumentException: System.ArgumentException: The encoded string can only be used for a password..</Message>
          <StackTrace>    at Microsoft.VisualStudio.TestTools.UITest.Playback.ScreenElement.SendKeys(String keys, ModifierKeys modifierKeys, Boolean isEncoded, Boolean isUnicode)
   at Microsoft.VisualStudio.TestTools.UITesting.UITestControl.SendKeys(String text, ModifierKeys modifierKeys, Boolean isEncoded, Boolean isUnicode)
   at Microsoft.VisualStudio.TestTools.UITesting.Keyboard.SendKeysImplementation(UITestControl control, String text, ModifierKeys modifierKeys, Boolean isEncoded, Boolean isUnicode)
   at Microsoft.VisualStudio.TestTools.UITesting.Keyboard.SendKeysImplementationWrapper(UITestControl control, String text, ModifierKeys modifierKeys, Boolean isEncoded, Boolean isUnicode)
   at Microsoft.VisualStudio.TestTools.UITesting.Keyboard.SendKeys(UITestControl control, String text, Boolean isEncoded)
   at TestProject7.UIMap.Login_new() in C:\TestProject7\TestProject7\UIMap.Designer.cs:line 2649
   at TestProject7.TamAutotest.StartTest() in C:\TestProject7\TestProject7\CodedUITest1.cs:line 29
</StackTrace>
        </ErrorInfo>
      </Output>
    </UnitTestResult>
    <UnitTestResult executionId="214c9bd6-e71e-4ac3-a7b6-bc7930c47e32" testId="aa9bc056-c0ff-30da-3884-b0617a17e15e" testName="HouseTest3" computerName="ICLVDEVAP01" duration="00:00:00.5376446" startTime="2012-11-12T16:50:24.0257015+00:00" endTime="2012-11-12T16:50:24.5716980+00:00" testType="13cdc9d9-ddb5-4fa4-a97d-d965ccfc6d4b" outcome="Failed" testListId="8c84fa94-04c1-424b-9868-57a2d4851a1d" relativeResultsDirectory="214c9bd6-e71e-4ac3-a7b6-bc7930c47e32">
      <Output>
        <DebugTrace>W, 3524, 27, 2012/11/12, 16:50:24.025, 6752829271678, QTAgent32.exe, ExtensionFramework : A Technology Manager with name Web is already registered.
W, 3524, 27, 2012/11/12, 16:50:24.041, 6752829479986, QTAgent32.exe, SLPlugin: Port 4503 already in use
W, 3524, 27, 2012/11/12, 16:50:24.041, 6752829483926, QTAgent32.exe, SLPlugin: Port 943 already in use
W, 3524, 27, 2012/11/12, 16:50:24.571, 6752836921070, QTAgent32.exe, IEDOM : StopSession of the plugin called before StartSession
W, 3524, 27, 2012/11/12, 16:50:24.571, 6752836922256, QTAgent32.exe, UIA : StopSession of the plugin called before StartSession
W, 3524, 27, 2012/11/12, 16:50:24.571, 6752836923002, QTAgent32.exe, SLPlugin : StopSession of the plugin called before StartSession
</DebugTrace>
        <ErrorInfo>
          <Message>Initialization method TestProject7.TamAutotest.StartTest threw exception. Microsoft.VisualStudio.TestTools.UITest.Extension.FailedToLaunchApplicationException: Microsoft.VisualStudio.TestTools.UITest.Extension.FailedToLaunchApplicationException: "The application cannot be started. This could be due to one of the following reasons:
1) Another instance of the application is already running and only one instance can be running at a time.
2) The application started another process and has now stopped. You may need to launch the process directly.
3) You do not have sufficient privileges for this application." File: C:\APPLIED\WINTAM\HOMEBASE.EXE..</Message>
          <StackTrace>    at Microsoft.VisualStudio.TestTools.UITesting.ApplicationUnderTest.ThrowIfProcessNotValid(Process process)
   at Microsoft.VisualStudio.TestTools.UITesting.ApplicationUnderTest.Start(ProcessStartInfo startInfo)
   at Microsoft.VisualStudio.TestTools.UITesting.ApplicationUnderTest..ctor(String fileName, String alternateFileName, String arguments)
   at Microsoft.VisualStudio.TestTools.UITesting.ApplicationUnderTest.Launch(String fileName, String alternateFileName)
   at TestProject7.UIMap.Login_new() in C:\TestProject7\TestProject7\UIMap.Designer.cs:line 2643
   at TestProject7.TamAutotest.StartTest() in C:\TestProject7\TestProject7\CodedUITest1.cs:line 29
</StackTrace>
        </ErrorInfo>
      </Output>
    </UnitTestResult>
    <UnitTestResult executionId="4552c4f2-d7c2-4fee-a0f2-b52f26cebbeb" testId="ff0c96a1-2fee-7235-6d80-2186de4b80b7" testName="HouseTest4" computerName="ICLVDEVAP01" duration="00:00:00.5248498" startTime="2012-11-12T16:50:24.5716980+00:00" endTime="2012-11-12T16:50:25.1020946+00:00" testType="13cdc9d9-ddb5-4fa4-a97d-d965ccfc6d4b" outcome="Failed" testListId="8c84fa94-04c1-424b-9868-57a2d4851a1d" relativeResultsDirectory="4552c4f2-d7c2-4fee-a0f2-b52f26cebbeb">
      <Output>
        <DebugTrace>W, 3524, 31, 2012/11/12, 16:50:24.571, 6752837069919, QTAgent32.exe, ExtensionFramework : A Technology Manager with name Web is already registered.
W, 3524, 31, 2012/11/12, 16:50:24.587, 6752837187308, QTAgent32.exe, SLPlugin: Port 4503 already in use
W, 3524, 31, 2012/11/12, 16:50:24.587, 6752837190817, QTAgent32.exe, SLPlugin: Port 943 already in use
W, 3524, 31, 2012/11/12, 16:50:25.102, 6752844540903, QTAgent32.exe, IEDOM : StopSession of the plugin called before StartSession
W, 3524, 31, 2012/11/12, 16:50:25.102, 6752844542112, QTAgent32.exe, UIA : StopSession of the plugin called before StartSession
W, 3524, 31, 2012/11/12, 16:50:25.102, 6752844542863, QTAgent32.exe, SLPlugin : StopSession of the plugin called before StartSession
</DebugTrace>
        <ErrorInfo>
          <Message>Initialization method TestProject7.TamAutotest.StartTest threw exception. Microsoft.VisualStudio.TestTools.UITest.Extension.FailedToLaunchApplicationException: Microsoft.VisualStudio.TestTools.UITest.Extension.FailedToLaunchApplicationException: "The application cannot be started. This could be due to one of the following reasons:
1) Another instance of the application is already running and only one instance can be running at a time.
2) The application started another process and has now stopped. You may need to launch the process directly.
3) You do not have sufficient privileges for this application." File: C:\APPLIED\WINTAM\HOMEBASE.EXE..</Message>
          <StackTrace>    at Microsoft.VisualStudio.TestTools.UITesting.ApplicationUnderTest.ThrowIfProcessNotValid(Process process)
   at Microsoft.VisualStudio.TestTools.UITesting.ApplicationUnderTest.Start(ProcessStartInfo startInfo)
   at Microsoft.VisualStudio.TestTools.UITesting.ApplicationUnderTest..ctor(String fileName, String alternateFileName, String arguments)
   at Microsoft.VisualStudio.TestTools.UITesting.ApplicationUnderTest.Launch(String fileName, String alternateFileName)
   at TestProject7.UIMap.Login_new() in C:\TestProject7\TestProject7\UIMap.Designer.cs:line 2643
   at TestProject7.TamAutotest.StartTest() in C:\TestProject7\TestProject7\CodedUITest1.cs:line 29
</StackTrace>
        </ErrorInfo>
      </Output>
    </UnitTestResult>
    <UnitTestResult executionId="5ca214c3-9877-467f-af33-fd6c8fcdc355" testId="99f569ef-86f3-fa96-82c3-e9993245d049" testName="HouseTest5" computerName="ICLVDEVAP01" duration="00:00:00.5236467" startTime="2012-11-12T16:50:25.1020946+00:00" endTime="2012-11-12T16:50:25.6324912+00:00" testType="13cdc9d9-ddb5-4fa4-a97d-d965ccfc6d4b" outcome="Failed" testListId="8c84fa94-04c1-424b-9868-57a2d4851a1d" relativeResultsDirectory="5ca214c3-9877-467f-af33-fd6c8fcdc355">
      <Output>
        <DebugTrace>W, 3524, 37, 2012/11/12, 16:50:25.102, 6752844680487, QTAgent32.exe, ExtensionFramework : A Technology Manager with name Web is already registered.
W, 3524, 37, 2012/11/12, 16:50:25.117, 6752844794953, QTAgent32.exe, SLPlugin: Port 4503 already in use
W, 3524, 37, 2012/11/12, 16:50:25.117, 6752844798609, QTAgent32.exe, SLPlugin: Port 943 already in use
W, 3524, 37, 2012/11/12, 16:50:25.632, 6752852134600, QTAgent32.exe, IEDOM : StopSession of the plugin called before StartSession
W, 3524, 37, 2012/11/12, 16:50:25.632, 6752852135849, QTAgent32.exe, UIA : StopSession of the plugin called before StartSession
W, 3524, 37, 2012/11/12, 16:50:25.632, 6752852136564, QTAgent32.exe, SLPlugin : StopSession of the plugin called before StartSession
</DebugTrace>
        <ErrorInfo>
          <Message>Initialization method TestProject7.TamAutotest.StartTest threw exception. Microsoft.VisualStudio.TestTools.UITest.Extension.FailedToLaunchApplicationException: Microsoft.VisualStudio.TestTools.UITest.Extension.FailedToLaunchApplicationException: "The application cannot be started. This could be due to one of the following reasons:
1) Another instance of the application is already running and only one instance can be running at a time.
2) The application started another process and has now stopped. You may need to launch the process directly.
3) You do not have sufficient privileges for this application." File: C:\APPLIED\WINTAM\HOMEBASE.EXE..</Message>
          <StackTrace>    at Microsoft.VisualStudio.TestTools.UITesting.ApplicationUnderTest.ThrowIfProcessNotValid(Process process)
   at Microsoft.VisualStudio.TestTools.UITesting.ApplicationUnderTest.Start(ProcessStartInfo startInfo)
   at Microsoft.VisualStudio.TestTools.UITesting.ApplicationUnderTest..ctor(String fileName, String alternateFileName, String arguments)
   at Microsoft.VisualStudio.TestTools.UITesting.ApplicationUnderTest.Launch(String fileName, String alternateFileName)
   at TestProject7.UIMap.Login_new() in C:\TestProject7\TestProject7\UIMap.Designer.cs:line 2643
   at TestProject7.TamAutotest.StartTest() in C:\TestProject7\TestProject7\CodedUITest1.cs:line 29
</StackTrace>
        </ErrorInfo>
      </Output>
    </UnitTestResult>
    <UnitTestResult executionId="b450c300-091c-46ac-87ed-17b5400faef4" testId="aa8325da-50fe-092e-bd85-bbb5f1ac650a" testName="HouseTest6" computerName="ICLVDEVAP01" duration="00:00:00.5237699" startTime="2012-11-12T16:50:25.6324912+00:00" endTime="2012-11-12T16:50:26.1628878+00:00" testType="13cdc9d9-ddb5-4fa4-a97d-d965ccfc6d4b" outcome="Failed" testListId="8c84fa94-04c1-424b-9868-57a2d4851a1d" relativeResultsDirectory="b450c300-091c-46ac-87ed-17b5400faef4">
      <Output>
        <DebugTrace>W, 3524, 43, 2012/11/12, 16:50:25.632, 6752852274739, QTAgent32.exe, ExtensionFramework : A Technology Manager with name Web is already registered.
W, 3524, 43, 2012/11/12, 16:50:25.648, 6752852388590, QTAgent32.exe, SLPlugin: Port 4503 already in use
W, 3524, 43, 2012/11/12, 16:50:25.648, 6752852392067, QTAgent32.exe, SLPlugin: Port 943 already in use
W, 3524, 43, 2012/11/12, 16:50:26.162, 6752859731512, QTAgent32.exe, IEDOM : StopSession of the plugin called before StartSession
W, 3524, 43, 2012/11/12, 16:50:26.162, 6752859732786, QTAgent32.exe, UIA : StopSession of the plugin called before StartSession
W, 3524, 43, 2012/11/12, 16:50:26.162, 6752859733480, QTAgent32.exe, SLPlugin : StopSession of the plugin called before StartSession
</DebugTrace>
        <ErrorInfo>
          <Message>Initialization method TestProject7.TamAutotest.StartTest threw exception. Microsoft.VisualStudio.TestTools.UITest.Extension.FailedToLaunchApplicationException: Microsoft.VisualStudio.TestTools.UITest.Extension.FailedToLaunchApplicationException: "The application cannot be started. This could be due to one of the following reasons:
1) Another instance of the application is already running and only one instance can be running at a time.
2) The application started another process and has now stopped. You may need to launch the process directly.
3) You do not have sufficient privileges for this application." File: C:\APPLIED\WINTAM\HOMEBASE.EXE..</Message>
          <StackTrace>    at Microsoft.VisualStudio.TestTools.UITesting.ApplicationUnderTest.ThrowIfProcessNotValid(Process process)
   at Microsoft.VisualStudio.TestTools.UITesting.ApplicationUnderTest.Start(ProcessStartInfo startInfo)
   at Microsoft.VisualStudio.TestTools.UITesting.ApplicationUnderTest..ctor(String fileName, String alternateFileName, String arguments)
   at Microsoft.VisualStudio.TestTools.UITesting.ApplicationUnderTest.Launch(String fileName, String alternateFileName)
   at TestProject7.UIMap.Login_new() in C:\TestProject7\TestProject7\UIMap.Designer.cs:line 2643
   at TestProject7.TamAutotest.StartTest() in C:\TestProject7\TestProject7\CodedUITest1.cs:line 29
</StackTrace>
        </ErrorInfo>
      </Output>
    </UnitTestResult>
    <UnitTestResult executionId="0704913e-d9fe-4278-baf1-b22bb3dea8c8" testId="cad41ea6-4986-f170-1def-22ab50e0fb0a" testName="HouseTest7" computerName="ICLVDEVAP01" duration="00:00:00.5231794" startTime="2012-11-12T16:50:26.1628878+00:00" endTime="2012-11-12T16:50:26.6932844+00:00" testType="13cdc9d9-ddb5-4fa4-a97d-d965ccfc6d4b" outcome="Failed" testListId="8c84fa94-04c1-424b-9868-57a2d4851a1d" relativeResultsDirectory="0704913e-d9fe-4278-baf1-b22bb3dea8c8">
      <Output>
        <DebugTrace>W, 3524, 49, 2012/11/12, 16:50:26.162, 6752859876386, QTAgent32.exe, ExtensionFramework : A Technology Manager with name Web is already registered.
W, 3524, 49, 2012/11/12, 16:50:26.178, 6752860082904, QTAgent32.exe, SLPlugin: Port 4503 already in use
W, 3524, 49, 2012/11/12, 16:50:26.178, 6752860086579, QTAgent32.exe, SLPlugin: Port 943 already in use
W, 3524, 49, 2012/11/12, 16:50:26.693, 6752867323038, QTAgent32.exe, IEDOM : StopSession of the plugin called before StartSession
W, 3524, 49, 2012/11/12, 16:50:26.693, 6752867324282, QTAgent32.exe, UIA : StopSession of the plugin called before StartSession
W, 3524, 49, 2012/11/12, 16:50:26.693, 6752867325002, QTAgent32.exe, SLPlugin : StopSession of the plugin called before StartSession
</DebugTrace>
        <ErrorInfo>
          <Message>Initialization method TestProject7.TamAutotest.StartTest threw exception. Microsoft.VisualStudio.TestTools.UITest.Extension.FailedToLaunchApplicationException: Microsoft.VisualStudio.TestTools.UITest.Extension.FailedToLaunchApplicationException: "The application cannot be started. This could be due to one of the following reasons:
1) Another instance of the application is already running and only one instance can be running at a time.
2) The application started another process and has now stopped. You may need to launch the process directly.
3) You do not have sufficient privileges for this application." File: C:\APPLIED\WINTAM\HOMEBASE.EXE..</Message>
          <StackTrace>    at Microsoft.VisualStudio.TestTools.UITesting.ApplicationUnderTest.ThrowIfProcessNotValid(Process process)
   at Microsoft.VisualStudio.TestTools.UITesting.ApplicationUnderTest.Start(ProcessStartInfo startInfo)
   at Microsoft.VisualStudio.TestTools.UITesting.ApplicationUnderTest..ctor(String fileName, String alternateFileName, String arguments)
   at Microsoft.VisualStudio.TestTools.UITesting.ApplicationUnderTest.Launch(String fileName, String alternateFileName)
   at TestProject7.UIMap.Login_new() in C:\TestProject7\TestProject7\UIMap.Designer.cs:line 2643
   at TestProject7.TamAutotest.StartTest() in C:\TestProject7\TestProject7\CodedUITest1.cs:line 29
</StackTrace>
        </ErrorInfo>
      </Output>
    </UnitTestResult>
    <UnitTestResult executionId="a9976604-68de-4a3b-91de-2e3cf8d6a960" testId="f90b30ce-fb72-514e-f606-6c0b8cb3f354" testName="HouseTest8" computerName="ICLVDEVAP01" duration="00:00:00.5234325" startTime="2012-11-12T16:50:26.6932844+00:00" endTime="2012-11-12T16:50:27.2236810+00:00" testType="13cdc9d9-ddb5-4fa4-a97d-d965ccfc6d4b" outcome="Failed" testListId="8c84fa94-04c1-424b-9868-57a2d4851a1d" relativeResultsDirectory="a9976604-68de-4a3b-91de-2e3cf8d6a960">
      <Output>
        <DebugTrace>W, 3524, 55, 2012/11/12, 16:50:26.693, 6752867465489, QTAgent32.exe, ExtensionFramework : A Technology Manager with name Web is already registered.
W, 3524, 55, 2012/11/12, 16:50:26.708, 6752867576776, QTAgent32.exe, SLPlugin: Port 4503 already in use
W, 3524, 55, 2012/11/12, 16:50:26.708, 6752867580239, QTAgent32.exe, SLPlugin: Port 943 already in use
W, 3524, 55, 2012/11/12, 16:50:27.223, 6752874917257, QTAgent32.exe, IEDOM : StopSession of the plugin called before StartSession
W, 3524, 55, 2012/11/12, 16:50:27.223, 6752874918501, QTAgent32.exe, UIA : StopSession of the plugin called before StartSession
W, 3524, 55, 2012/11/12, 16:50:27.223, 6752874919206, QTAgent32.exe, SLPlugin : StopSession of the plugin called before StartSession
</DebugTrace>
        <ErrorInfo>
          <Message>Initialization method TestProject7.TamAutotest.StartTest threw exception. Microsoft.VisualStudio.TestTools.UITest.Extension.FailedToLaunchApplicationException: Microsoft.VisualStudio.TestTools.UITest.Extension.FailedToLaunchApplicationException: "The application cannot be started. This could be due to one of the following reasons:
1) Another instance of the application is already running and only one instance can be running at a time.
2) The application started another process and has now stopped. You may need to launch the process directly.
3) You do not have sufficient privileges for this application." File: C:\APPLIED\WINTAM\HOMEBASE.EXE..</Message>
          <StackTrace>    at Microsoft.VisualStudio.TestTools.UITesting.ApplicationUnderTest.ThrowIfProcessNotValid(Process process)
   at Microsoft.VisualStudio.TestTools.UITesting.ApplicationUnderTest.Start(ProcessStartInfo startInfo)
   at Microsoft.VisualStudio.TestTools.UITesting.ApplicationUnderTest..ctor(String fileName, String alternateFileName, String arguments)
   at Microsoft.VisualStudio.TestTools.UITesting.ApplicationUnderTest.Launch(String fileName, String alternateFileName)
   at TestProject7.UIMap.Login_new() in C:\TestProject7\TestProject7\UIMap.Designer.cs:line 2643
   at TestProject7.TamAutotest.StartTest() in C:\TestProject7\TestProject7\CodedUITest1.cs:line 29
</StackTrace>
        </ErrorInfo>
      </Output>
    </UnitTestResult>
    <UnitTestResult executionId="e38909a8-cb24-4287-8b5d-8e858861eeb8" testId="b4c07ca4-d489-a213-d4df-1c267d591a59" testName="HouseTest9" computerName="ICLVDEVAP01" duration="00:00:00.5237882" startTime="2012-11-12T16:50:27.2236810+00:00" endTime="2012-11-12T16:50:27.7540776+00:00" testType="13cdc9d9-ddb5-4fa4-a97d-d965ccfc6d4b" outcome="Failed" testListId="8c84fa94-04c1-424b-9868-57a2d4851a1d" relativeResultsDirectory="e38909a8-cb24-4287-8b5d-8e858861eeb8">
      <Output>
        <DebugTrace>W, 3524, 61, 2012/11/12, 16:50:27.223, 6752875055236, QTAgent32.exe, ExtensionFramework : A Technology Manager with name Web is already registered.
W, 3524, 61, 2012/11/12, 16:50:27.239, 6752875167098, QTAgent32.exe, SLPlugin: Port 4503 already in use
W, 3524, 61, 2012/11/12, 16:50:27.239, 6752875170615, QTAgent32.exe, SLPlugin: Port 943 already in use
W, 3524, 61, 2012/11/12, 16:50:27.754, 6752882512898, QTAgent32.exe, IEDOM : StopSession of the plugin called before StartSession
W, 3524, 61, 2012/11/12, 16:50:27.754, 6752882514170, QTAgent32.exe, UIA : StopSession of the plugin called before StartSession
W, 3524, 61, 2012/11/12, 16:50:27.754, 6752882514901, QTAgent32.exe, SLPlugin : StopSession of the plugin called before StartSession
</DebugTrace>
        <ErrorInfo>
          <Message>Initialization method TestProject7.TamAutotest.StartTest threw exception. Microsoft.VisualStudio.TestTools.UITest.Extension.FailedToLaunchApplicationException: Microsoft.VisualStudio.TestTools.UITest.Extension.FailedToLaunchApplicationException: "The application cannot be started. This could be due to one of the following reasons:
1) Another instance of the application is already running and only one instance can be running at a time.
2) The application started another process and has now stopped. You may need to launch the process directly.
3) You do not have sufficient privileges for this application." File: C:\APPLIED\WINTAM\HOMEBASE.EXE..</Message>
          <StackTrace>    at Microsoft.VisualStudio.TestTools.UITesting.ApplicationUnderTest.ThrowIfProcessNotValid(Process process)
   at Microsoft.VisualStudio.TestTools.UITesting.ApplicationUnderTest.Start(ProcessStartInfo startInfo)
   at Microsoft.VisualStudio.TestTools.UITesting.ApplicationUnderTest..ctor(String fileName, String alternateFileName, String arguments)
   at Microsoft.VisualStudio.TestTools.UITesting.ApplicationUnderTest.Launch(String fileName, String alternateFileName)
   at TestProject7.UIMap.Login_new() in C:\TestProject7\TestProject7\UIMap.Designer.cs:line 2643
   at TestProject7.TamAutotest.StartTest() in C:\TestProject7\TestProject7\CodedUITest1.cs:line 29
</StackTrace>
        </ErrorInfo>
      </Output>
    </UnitTestResult>
    <UnitTestResult executionId="b4f8cb47-8f50-4573-97c1-cd5c9ed2468b" testId="9e6b6d54-b79f-e7d9-2609-a84c350c12a1" testName="MotoTest1" computerName="ICLVDEVAP01" duration="00:00:00.5237139" startTime="2012-11-12T16:50:27.7540776+00:00" endTime="2012-11-12T16:50:28.2844742+00:00" testType="13cdc9d9-ddb5-4fa4-a97d-d965ccfc6d4b" outcome="Failed" testListId="8c84fa94-04c1-424b-9868-57a2d4851a1d" relativeResultsDirectory="b4f8cb47-8f50-4573-97c1-cd5c9ed2468b">
      <Output>
        <DebugTrace>W, 3524, 67, 2012/11/12, 16:50:27.754, 6752882650860, QTAgent32.exe, ExtensionFramework : A Technology Manager with name Web is already registered.
W, 3524, 67, 2012/11/12, 16:50:27.769, 6752882765639, QTAgent32.exe, SLPlugin: Port 4503 already in use
W, 3524, 67, 2012/11/12, 16:50:27.769, 6752882769195, QTAgent32.exe, SLPlugin: Port 943 already in use
W, 3524, 67, 2012/11/12, 16:50:28.284, 6752890107342, QTAgent32.exe, IEDOM : StopSession of the plugin called before StartSession
W, 3524, 67, 2012/11/12, 16:50:28.284, 6752890108511, QTAgent32.exe, UIA : StopSession of the plugin called before StartSession
W, 3524, 67, 2012/11/12, 16:50:28.284, 6752890109241, QTAgent32.exe, SLPlugin : StopSession of the plugin called before StartSession
</DebugTrace>
        <ErrorInfo>
          <Message>Initialization method TestProject7.TamAutotest.StartTest threw exception. Microsoft.VisualStudio.TestTools.UITest.Extension.FailedToLaunchApplicationException: Microsoft.VisualStudio.TestTools.UITest.Extension.FailedToLaunchApplicationException: "The application cannot be started. This could be due to one of the following reasons:
1) Another instance of the application is already running and only one instance can be running at a time.
2) The application started another process and has now stopped. You may need to launch the process directly.
3) You do not have sufficient privileges for this application." File: C:\APPLIED\WINTAM\HOMEBASE.EXE..</Message>
          <StackTrace>    at Microsoft.VisualStudio.TestTools.UITesting.ApplicationUnderTest.ThrowIfProcessNotValid(Process process)
   at Microsoft.VisualStudio.TestTools.UITesting.ApplicationUnderTest.Start(ProcessStartInfo startInfo)
   at Microsoft.VisualStudio.TestTools.UITesting.ApplicationUnderTest..ctor(String fileName, String alternateFileName, String arguments)
   at Microsoft.VisualStudio.TestTools.UITesting.ApplicationUnderTest.Launch(String fileName, String alternateFileName)
   at TestProject7.UIMap.Login_new() in C:\TestProject7\TestProject7\UIMap.Designer.cs:line 2643
   at TestProject7.TamAutotest.StartTest() in C:\TestProject7\TestProject7\CodedUITest1.cs:line 29
</StackTrace>
        </ErrorInfo>
      </Output>
    </UnitTestResult>
    <UnitTestResult executionId="d203afb4-35c6-4bf8-b0e4-71719dc3c9c6" testId="8efed318-945d-2a9d-e29d-a71a05da5660" testName="MotoTest10" computerName="ICLVDEVAP01" duration="00:00:00.5235207" startTime="2012-11-12T16:50:28.2844742+00:00" endTime="2012-11-12T16:50:28.8148708+00:00" testType="13cdc9d9-ddb5-4fa4-a97d-d965ccfc6d4b" outcome="Failed" testListId="8c84fa94-04c1-424b-9868-57a2d4851a1d" relativeResultsDirectory="d203afb4-35c6-4bf8-b0e4-71719dc3c9c6">
      <Output>
        <DebugTrace>W, 3524, 73, 2012/11/12, 16:50:28.284, 6752890247490, QTAgent32.exe, ExtensionFramework : A Technology Manager with name Web is already registered.
W, 3524, 73, 2012/11/12, 16:50:28.300, 6752890359714, QTAgent32.exe, SLPlugin: Port 4503 already in use
W, 3524, 73, 2012/11/12, 16:50:28.300, 6752890363401, QTAgent32.exe, SLPlugin: Port 943 already in use
W, 3524, 73, 2012/11/12, 16:50:28.814, 6752897700965, QTAgent32.exe, IEDOM : StopSession of the plugin called before StartSession
W, 3524, 73, 2012/11/12, 16:50:28.814, 6752897702217, QTAgent32.exe, UIA : StopSession of the plugin called before StartSession
W, 3524, 73, 2012/11/12, 16:50:28.814, 6752897702899, QTAgent32.exe, SLPlugin : StopSession of the plugin called before StartSession
</DebugTrace>
        <ErrorInfo>
          <Message>Initialization method TestProject7.TamAutotest.StartTest threw exception. Microsoft.VisualStudio.TestTools.UITest.Extension.FailedToLaunchApplicationException: Microsoft.VisualStudio.TestTools.UITest.Extension.FailedToLaunchApplicationException: "The application cannot be started. This could be due to one of the following reasons:
1) Another instance of the application is already running and only one instance can be running at a time.
2) The application started another process and has now stopped. You may need to launch the process directly.
3) You do not have sufficient privileges for this application." File: C:\APPLIED\WINTAM\HOMEBASE.EXE..</Message>
          <StackTrace>    at Microsoft.VisualStudio.TestTools.UITesting.ApplicationUnderTest.ThrowIfProcessNotValid(Process process)
   at Microsoft.VisualStudio.TestTools.UITesting.ApplicationUnderTest.Start(ProcessStartInfo startInfo)
   at Microsoft.VisualStudio.TestTools.UITesting.ApplicationUnderTest..ctor(String fileName, String alternateFileName, String arguments)
   at Microsoft.VisualStudio.TestTools.UITesting.ApplicationUnderTest.Launch(String fileName, String alternateFileName)
   at TestProject7.UIMap.Login_new() in C:\TestProject7\TestProject7\UIMap.Designer.cs:line 2643
   at TestProject7.TamAutotest.StartTest() in C:\TestProject7\TestProject7\CodedUITest1.cs:line 29
</StackTrace>
        </ErrorInfo>
      </Output>
    </UnitTestResult>
    <UnitTestResult executionId="19d0337e-8f09-445b-b295-4ee8c8e7702e" testId="0f4d10f2-7035-3d68-762a-b62c4853fb8a" testName="MotoTest11" computerName="ICLVDEVAP01" duration="00:00:00.5236640" startTime="2012-11-12T16:50:28.8148708+00:00" endTime="2012-11-12T16:50:29.3452674+00:00" testType="13cdc9d9-ddb5-4fa4-a97d-d965ccfc6d4b" outcome="Failed" testListId="8c84fa94-04c1-424b-9868-57a2d4851a1d" relativeResultsDirectory="19d0337e-8f09-445b-b295-4ee8c8e7702e">
      <Output>
        <DebugTrace>W, 3524, 79, 2012/11/12, 16:50:28.814, 6752897839696, QTAgent32.exe, ExtensionFramework : A Technology Manager with name Web is already registered.
W, 3524, 79, 2012/11/12, 16:50:28.830, 6752897952975, QTAgent32.exe, SLPlugin: Port 4503 already in use
W, 3524, 79, 2012/11/12, 16:50:28.830, 6752897956469, QTAgent32.exe, SLPlugin: Port 943 already in use
W, 3524, 79, 2012/11/12, 16:50:29.345, 6752905296282, QTAgent32.exe, IEDOM : StopSession of the plugin called before StartSession
W, 3524, 79, 2012/11/12, 16:50:29.345, 6752905297586, QTAgent32.exe, UIA : StopSession of the plugin called before StartSession
W, 3524, 79, 2012/11/12, 16:50:29.345, 6752905298326, QTAgent32.exe, SLPlugin : StopSession of the plugin called before StartSession
</DebugTrace>
        <ErrorInfo>
          <Message>Initialization method TestProject7.TamAutotest.StartTest threw exception. Microsoft.VisualStudio.TestTools.UITest.Extension.FailedToLaunchApplicationException: Microsoft.VisualStudio.TestTools.UITest.Extension.FailedToLaunchApplicationException: "The application cannot be started. This could be due to one of the following reasons:
1) Another instance of the application is already running and only one instance can be running at a time.
2) The application started another process and has now stopped. You may need to launch the process directly.
3) You do not have sufficient privileges for this application." File: C:\APPLIED\WINTAM\HOMEBASE.EXE..</Message>
          <StackTrace>    at Microsoft.VisualStudio.TestTools.UITesting.ApplicationUnderTest.ThrowIfProcessNotValid(Process process)
   at Microsoft.VisualStudio.TestTools.UITesting.ApplicationUnderTest.Start(ProcessStartInfo startInfo)
   at Microsoft.VisualStudio.TestTools.UITesting.ApplicationUnderTest..ctor(String fileName, String alternateFileName, String arguments)
   at Microsoft.VisualStudio.TestTools.UITesting.ApplicationUnderTest.Launch(String fileName, String alternateFileName)
   at TestProject7.UIMap.Login_new() in C:\TestProject7\TestProject7\UIMap.Designer.cs:line 2643
   at TestProject7.TamAutotest.StartTest() in C:\TestProject7\TestProject7\CodedUITest1.cs:line 29
</StackTrace>
        </ErrorInfo>
      </Output>
    </UnitTestResult>
    <UnitTestResult executionId="0d9a9923-bb5e-48c4-8f2b-a1ea3f8cb796" testId="614f56be-e9c0-f1e7-ad65-1f0b7d6a0f1c" testName="MotoTest12" computerName="ICLVDEVAP01" duration="00:00:00.5237486" startTime="2012-11-12T16:50:29.3452674+00:00" endTime="2012-11-12T16:50:29.8756640+00:00" testType="13cdc9d9-ddb5-4fa4-a97d-d965ccfc6d4b" outcome="Failed" testListId="8c84fa94-04c1-424b-9868-57a2d4851a1d" relativeResultsDirectory="0d9a9923-bb5e-48c4-8f2b-a1ea3f8cb796">
      <Output>
        <DebugTrace>W, 3524, 85, 2012/11/12, 16:50:29.345, 6752905434996, QTAgent32.exe, ExtensionFramework : A Technology Manager with name Web is already registered.
W, 3524, 85, 2012/11/12, 16:50:29.360, 6752905546846, QTAgent32.exe, SLPlugin: Port 4503 already in use
W, 3524, 85, 2012/11/12, 16:50:29.360, 6752905550420, QTAgent32.exe, SLPlugin: Port 943 already in use
W, 3524, 85, 2012/11/12, 16:50:29.875, 6752912891632, QTAgent32.exe, IEDOM : StopSession of the plugin called before StartSession
W, 3524, 85, 2012/11/12, 16:50:29.875, 6752912892950, QTAgent32.exe, UIA : StopSession of the plugin called before StartSession
W, 3524, 85, 2012/11/12, 16:50:29.875, 6752912893667, QTAgent32.exe, SLPlugin : StopSession of the plugin called before StartSession
</DebugTrace>
        <ErrorInfo>
          <Message>Initialization method TestProject7.TamAutotest.StartTest threw exception. Microsoft.VisualStudio.TestTools.UITest.Extension.FailedToLaunchApplicationException: Microsoft.VisualStudio.TestTools.UITest.Extension.FailedToLaunchApplicationException: "The application cannot be started. This could be due to one of the following reasons:
1) Another instance of the application is already running and only one instance can be running at a time.
2) The application started another process and has now stopped. You may need to launch the process directly.
3) You do not have sufficient privileges for this application." File: C:\APPLIED\WINTAM\HOMEBASE.EXE..</Message>
          <StackTrace>    at Microsoft.VisualStudio.TestTools.UITesting.ApplicationUnderTest.ThrowIfProcessNotValid(Process process)
   at Microsoft.VisualStudio.TestTools.UITesting.ApplicationUnderTest.Start(ProcessStartInfo startInfo)
   at Microsoft.VisualStudio.TestTools.UITesting.ApplicationUnderTest..ctor(String fileName, String alternateFileName, String arguments)
   at Microsoft.VisualStudio.TestTools.UITesting.ApplicationUnderTest.Launch(String fileName, String alternateFileName)
   at TestProject7.UIMap.Login_new() in C:\TestProject7\TestProject7\UIMap.Designer.cs:line 2643
   at TestProject7.TamAutotest.StartTest() in C:\TestProject7\TestProject7\CodedUITest1.cs:line 29
</StackTrace>
        </ErrorInfo>
      </Output>
    </UnitTestResult>
    <UnitTestResult executionId="d303891e-65b5-4dc3-9b25-d2d2cde20b29" testId="1662bbff-6668-68e6-e702-5ec6450deb96" testName="MotoTest13" computerName="ICLVDEVAP01" duration="00:00:00.5236460" startTime="2012-11-12T16:50:29.8756640+00:00" endTime="2012-11-12T16:50:30.4060606+00:00" testType="13cdc9d9-ddb5-4fa4-a97d-d965ccfc6d4b" outcome="Failed" testListId="8c84fa94-04c1-424b-9868-57a2d4851a1d" relativeResultsDirectory="d303891e-65b5-4dc3-9b25-d2d2cde20b29">
      <Output>
        <DebugTrace>W, 3524, 91, 2012/11/12, 16:50:29.875, 6752913032278, QTAgent32.exe, ExtensionFramework : A Technology Manager with name Web is already registered.
W, 3524, 91, 2012/11/12, 16:50:29.891, 6752913145354, QTAgent32.exe, SLPlugin: Port 4503 already in use
W, 3524, 91, 2012/11/12, 16:50:29.891, 6752913148910, QTAgent32.exe, SLPlugin: Port 943 already in use
W, 3524, 91, 2012/11/12, 16:50:30.406, 6752920487126, QTAgent32.exe, IEDOM : StopSession of the plugin called before StartSession
W, 3524, 91, 2012/11/12, 16:50:30.406, 6752920488322, QTAgent32.exe, UIA : StopSession of the plugin called before StartSession
W, 3524, 91, 2012/11/12, 16:50:30.406, 6752920489053, QTAgent32.exe, SLPlugin : StopSession of the plugin called before StartSession
</DebugTrace>
        <ErrorInfo>
          <Message>Initialization method TestProject7.TamAutotest.StartTest threw exception. Microsoft.VisualStudio.TestTools.UITest.Extension.FailedToLaunchApplicationException: Microsoft.VisualStudio.TestTools.UITest.Extension.FailedToLaunchApplicationException: "The application cannot be started. This could be due to one of the following reasons:
1) Another instance of the application is already running and only one instance can be running at a time.
2) The application started another process and has now stopped. You may need to launch the process directly.
3) You do not have sufficient privileges for this application." File: C:\APPLIED\WINTAM\HOMEBASE.EXE..</Message>
          <StackTrace>    at Microsoft.VisualStudio.TestTools.UITesting.ApplicationUnderTest.ThrowIfProcessNotValid(Process process)
   at Microsoft.VisualStudio.TestTools.UITesting.ApplicationUnderTest.Start(ProcessStartInfo startInfo)
   at Microsoft.VisualStudio.TestTools.UITesting.ApplicationUnderTest..ctor(String fileName, String alternateFileName, String arguments)
   at Microsoft.VisualStudio.TestTools.UITesting.ApplicationUnderTest.Launch(String fileName, String alternateFileName)
   at TestProject7.UIMap.Login_new() in C:\TestProject7\TestProject7\UIMap.Designer.cs:line 2643
   at TestProject7.TamAutotest.StartTest() in C:\TestProject7\TestProject7\CodedUITest1.cs:line 29
</StackTrace>
        </ErrorInfo>
      </Output>
    </UnitTestResult>
    <UnitTestResult executionId="2c15386c-c93f-45a7-8ef1-d0e7b67dcc80" testId="e560b224-e5b1-72de-4969-2e5cddf85208" testName="MotoTest14" computerName="ICLVDEVAP01" duration="00:00:00.5239109" startTime="2012-11-12T16:50:30.4060606+00:00" endTime="2012-11-12T16:50:30.9364572+00:00" testType="13cdc9d9-ddb5-4fa4-a97d-d965ccfc6d4b" outcome="Failed" testListId="8c84fa94-04c1-424b-9868-57a2d4851a1d" relativeResultsDirectory="2c15386c-c93f-45a7-8ef1-d0e7b67dcc80">
      <Output>
        <DebugTrace>W, 3524, 97, 2012/11/12, 16:50:30.406, 6752920625765, QTAgent32.exe, ExtensionFramework : A Technology Manager with name Web is already registered.
W, 3524, 97, 2012/11/12, 16:50:30.421, 6752920737193, QTAgent32.exe, SLPlugin: Port 4503 already in use
W, 3524, 97, 2012/11/12, 16:50:30.421, 6752920740658, QTAgent32.exe, SLPlugin: Port 943 already in use
W, 3524, 97, 2012/11/12, 16:50:30.936, 6752928084334, QTAgent32.exe, IEDOM : StopSession of the plugin called before StartSession
W, 3524, 97, 2012/11/12, 16:50:30.936, 6752928085520, QTAgent32.exe, UIA : StopSession of the plugin called before StartSession
W, 3524, 97, 2012/11/12, 16:50:30.936, 6752928086476, QTAgent32.exe, SLPlugin : StopSession of the plugin called before StartSession
</DebugTrace>
        <ErrorInfo>
          <Message>Initialization method TestProject7.TamAutotest.StartTest threw exception. Microsoft.VisualStudio.TestTools.UITest.Extension.FailedToLaunchApplicationException: Microsoft.VisualStudio.TestTools.UITest.Extension.FailedToLaunchApplicationException: "The application cannot be started. This could be due to one of the following reasons:
1) Another instance of the application is already running and only one instance can be running at a time.
2) The application started another process and has now stopped. You may need to launch the process directly.
3) You do not have sufficient privileges for this application." File: C:\APPLIED\WINTAM\HOMEBASE.EXE..</Message>
          <StackTrace>    at Microsoft.VisualStudio.TestTools.UITesting.ApplicationUnderTest.ThrowIfProcessNotValid(Process process)
   at Microsoft.VisualStudio.TestTools.UITesting.ApplicationUnderTest.Start(ProcessStartInfo startInfo)
   at Microsoft.VisualStudio.TestTools.UITesting.ApplicationUnderTest..ctor(String fileName, String alternateFileName, String arguments)
   at Microsoft.VisualStudio.TestTools.UITesting.ApplicationUnderTest.Launch(String fileName, String alternateFileName)
   at TestProject7.UIMap.Login_new() in C:\TestProject7\TestProject7\UIMap.Designer.cs:line 2643
   at TestProject7.TamAutotest.StartTest() in C:\TestProject7\TestProject7\CodedUITest1.cs:line 29
</StackTrace>
        </ErrorInfo>
      </Output>
    </UnitTestResult>
    <UnitTestResult executionId="18264e97-37b3-470c-af7c-f50de2855b6c" testId="e7680189-6b97-1f0a-48c0-e6d1b1c96b8e" testName="MotoTest15" computerName="ICLVDEVAP01" duration="00:00:00.5161016" startTime="2012-11-12T16:50:30.9364572+00:00" endTime="2012-11-12T16:50:31.4668538+00:00" testType="13cdc9d9-ddb5-4fa4-a97d-d965ccfc6d4b" outcome="Failed" testListId="8c84fa94-04c1-424b-9868-57a2d4851a1d" relativeResultsDirectory="18264e97-37b3-470c-af7c-f50de2855b6c">
      <Output>
        <DebugTrace>W, 3524, 103, 2012/11/12, 16:50:30.952, 6752928331409, QTAgent32.exe, ExtensionFramework : A Technology Manager with name Web is already registered.
W, 3524, 103, 2012/11/12, 16:50:30.952, 6752928441464, QTAgent32.exe, SLPlugin: Port 4503 already in use
W, 3524, 103, 2012/11/12, 16:50:30.952, 6752928444953, QTAgent32.exe, SLPlugin: Port 943 already in use
W, 3524, 103, 2012/11/12, 16:50:31.466, 6752935674846, QTAgent32.exe, IEDOM : StopSession of the plugin called before StartSession
W, 3524, 103, 2012/11/12, 16:50:31.466, 6752935676133, QTAgent32.exe, UIA : StopSession of the plugin called before StartSession
W, 3524, 103, 2012/11/12, 16:50:31.466, 6752935676846, QTAgent32.exe, SLPlugin : StopSession of the plugin called before StartSession
</DebugTrace>
        <ErrorInfo>
          <Message>Initialization method TestProject7.TamAutotest.StartTest threw exception. Microsoft.VisualStudio.TestTools.UITest.Extension.FailedToLaunchApplicationException: Microsoft.VisualStudio.TestTools.UITest.Extension.FailedToLaunchApplicationException: "The application cannot be started. This could be due to one of the following reasons:
1) Another instance of the application is already running and only one instance can be running at a time.
2) The application started another process and has now stopped. You may need to launch the process directly.
3) You do not have sufficient privileges for this application." File: C:\APPLIED\WINTAM\HOMEBASE.EXE..</Message>
          <StackTrace>    at Microsoft.VisualStudio.TestTools.UITesting.ApplicationUnderTest.ThrowIfProcessNotValid(Process process)
   at Microsoft.VisualStudio.TestTools.UITesting.ApplicationUnderTest.Start(ProcessStartInfo startInfo)
   at Microsoft.VisualStudio.TestTools.UITesting.ApplicationUnderTest..ctor(String fileName, String alternateFileName, String arguments)
   at Microsoft.VisualStudio.TestTools.UITesting.ApplicationUnderTest.Launch(String fileName, String alternateFileName)
   at TestProject7.UIMap.Login_new() in C:\TestProject7\TestProject7\UIMap.Designer.cs:line 2643
   at TestProject7.TamAutotest.StartTest() in C:\TestProject7\TestProject7\CodedUITest1.cs:line 29
</StackTrace>
        </ErrorInfo>
      </Output>
    </UnitTestResult>
    <UnitTestResult executionId="d7240173-35c0-4941-8370-e823eeb39b18" testId="c540cf3f-a6f3-b5ba-c3cd-38a0f986a3da" testName="MotoTest16" computerName="ICLVDEVAP01" duration="00:00:00.5231266" startTime="2012-11-12T16:50:31.4668538+00:00" endTime="2012-11-12T16:50:31.9972504+00:00" testType="13cdc9d9-ddb5-4fa4-a97d-d965ccfc6d4b" outcome="Failed" testListId="8c84fa94-04c1-424b-9868-57a2d4851a1d" relativeResultsDirectory="d7240173-35c0-4941-8370-e823eeb39b18">
      <Output>
        <DebugTrace>W, 3524, 95, 2012/11/12, 16:50:31.466, 6752935820679, QTAgent32.exe, ExtensionFramework : A Technology Manager with name Web is already registered.
W, 3524, 95, 2012/11/12, 16:50:31.482, 6752935931922, QTAgent32.exe, SLPlugin: Port 4503 already in use
W, 3524, 95, 2012/11/12, 16:50:31.482, 6752935935442, QTAgent32.exe, SLPlugin: Port 943 already in use
W, 3524, 95, 2012/11/12, 16:50:31.997, 6752943268256, QTAgent32.exe, IEDOM : StopSession of the plugin called before StartSession
W, 3524, 95, 2012/11/12, 16:50:31.997, 6752943269571, QTAgent32.exe, UIA : StopSession of the plugin called before StartSession
W, 3524, 95, 2012/11/12, 16:50:31.997, 6752943270312, QTAgent32.exe, SLPlugin : StopSession of the plugin called before StartSession
</DebugTrace>
        <ErrorInfo>
          <Message>Initialization method TestProject7.TamAutotest.StartTest threw exception. Microsoft.VisualStudio.TestTools.UITest.Extension.FailedToLaunchApplicationException: Microsoft.VisualStudio.TestTools.UITest.Extension.FailedToLaunchApplicationException: "The application cannot be started. This could be due to one of the following reasons:
1) Another instance of the application is already running and only one instance can be running at a time.
2) The application started another process and has now stopped. You may need to launch the process directly.
3) You do not have sufficient privileges for this application." File: C:\APPLIED\WINTAM\HOMEBASE.EXE..</Message>
          <StackTrace>    at Microsoft.VisualStudio.TestTools.UITesting.ApplicationUnderTest.ThrowIfProcessNotValid(Process process)
   at Microsoft.VisualStudio.TestTools.UITesting.ApplicationUnderTest.Start(ProcessStartInfo startInfo)
   at Microsoft.VisualStudio.TestTools.UITesting.ApplicationUnderTest..ctor(String fileName, String alternateFileName, String arguments)
   at Microsoft.VisualStudio.TestTools.UITesting.ApplicationUnderTest.Launch(String fileName, String alternateFileName)
   at TestProject7.UIMap.Login_new() in C:\TestProject7\TestProject7\UIMap.Designer.cs:line 2643
   at TestProject7.TamAutotest.StartTest() in C:\TestProject7\TestProject7\CodedUITest1.cs:line 29
</StackTrace>
        </ErrorInfo>
      </Output>
    </UnitTestResult>
    <UnitTestResult executionId="c4424150-04a4-43fd-b605-81bed6646faf" testId="0457170a-e33e-18a3-7909-18d70df8aa6e" testName="MotoTest17" computerName="ICLVDEVAP01" duration="00:00:00.5240488" startTime="2012-11-12T16:50:31.9972504+00:00" endTime="2012-11-12T16:50:32.5276470+00:00" testType="13cdc9d9-ddb5-4fa4-a97d-d965ccfc6d4b" outcome="Failed" testListId="8c84fa94-04c1-424b-9868-57a2d4851a1d" relativeResultsDirectory="c4424150-04a4-43fd-b605-81bed6646faf">
      <Output>
        <DebugTrace>W, 3524, 89, 2012/11/12, 16:50:31.997, 6752943407075, QTAgent32.exe, ExtensionFramework : A Technology Manager with name Web is already registered.
W, 3524, 89, 2012/11/12, 16:50:32.012, 6752943519731, QTAgent32.exe, SLPlugin: Port 4503 already in use
W, 3524, 89, 2012/11/12, 16:50:32.012, 6752943523158, QTAgent32.exe, SLPlugin: Port 943 already in use
W, 3524, 89, 2012/11/12, 16:50:32.527, 6752950864452, QTAgent32.exe, IEDOM : StopSession of the plugin called before StartSession
W, 3524, 89, 2012/11/12, 16:50:32.527, 6752950865732, QTAgent32.exe, UIA : StopSession of the plugin called before StartSession
W, 3524, 89, 2012/11/12, 16:50:32.527, 6752950866485, QTAgent32.exe, SLPlugin : StopSession of the plugin called before StartSession
</DebugTrace>
        <ErrorInfo>
          <Message>Initialization method TestProject7.TamAutotest.StartTest threw exception. Microsoft.VisualStudio.TestTools.UITest.Extension.FailedToLaunchApplicationException: Microsoft.VisualStudio.TestTools.UITest.Extension.FailedToLaunchApplicationException: "The application cannot be started. This could be due to one of the following reasons:
1) Another instance of the application is already running and only one instance can be running at a time.
2) The application started another process and has now stopped. You may need to launch the process directly.
3) You do not have sufficient privileges for this application." File: C:\APPLIED\WINTAM\HOMEBASE.EXE..</Message>
          <StackTrace>    at Microsoft.VisualStudio.TestTools.UITesting.ApplicationUnderTest.ThrowIfProcessNotValid(Process process)
   at Microsoft.VisualStudio.TestTools.UITesting.ApplicationUnderTest.Start(ProcessStartInfo startInfo)
   at Microsoft.VisualStudio.TestTools.UITesting.ApplicationUnderTest..ctor(String fileName, String alternateFileName, String arguments)
   at Microsoft.VisualStudio.TestTools.UITesting.ApplicationUnderTest.Launch(String fileName, String alternateFileName)
   at TestProject7.UIMap.Login_new() in C:\TestProject7\TestProject7\UIMap.Designer.cs:line 2643
   at TestProject7.TamAutotest.StartTest() in C:\TestProject7\TestProject7\CodedUITest1.cs:line 29
</StackTrace>
        </ErrorInfo>
      </Output>
    </UnitTestResult>
    <UnitTestResult executionId="83ae380e-a87a-46cc-99c6-7f333ab0117a" testId="95111846-656e-91d9-dc83-b04719c1fedd" testName="MotoTest18" computerName="ICLVDEVAP01" duration="00:00:00.5231058" startTime="2012-11-12T16:50:32.5276470+00:00" endTime="2012-11-12T16:50:33.0580436+00:00" testType="13cdc9d9-ddb5-4fa4-a97d-d965ccfc6d4b" outcome="Failed" testListId="8c84fa94-04c1-424b-9868-57a2d4851a1d" relativeResultsDirectory="83ae380e-a87a-46cc-99c6-7f333ab0117a">
      <Output>
        <DebugTrace>W, 3524, 83, 2012/11/12, 16:50:32.527, 6752951008398, QTAgent32.exe, ExtensionFramework : A Technology Manager with name Web is already registered.
W, 3524, 83, 2012/11/12, 16:50:32.543, 6752951123735, QTAgent32.exe, SLPlugin: Port 4503 already in use
W, 3524, 83, 2012/11/12, 16:50:32.543, 6752951127259, QTAgent32.exe, SLPlugin: Port 943 already in use
W, 3524, 83, 2012/11/12, 16:50:33.058, 6752958455637, QTAgent32.exe, IEDOM : StopSession of the plugin called before StartSession
W, 3524, 83, 2012/11/12, 16:50:33.058, 6752958456890, QTAgent32.exe, UIA : StopSession of the plugin called before StartSession
W, 3524, 83, 2012/11/12, 16:50:33.058, 6752958457570, QTAgent32.exe, SLPlugin : StopSession of the plugin called before StartSession
</DebugTrace>
        <ErrorInfo>
          <Message>Initialization method TestProject7.TamAutotest.StartTest threw exception. Microsoft.VisualStudio.TestTools.UITest.Extension.FailedToLaunchApplicationException: Microsoft.VisualStudio.TestTools.UITest.Extension.FailedToLaunchApplicationException: "The application cannot be started. This could be due to one of the following reasons:
1) Another instance of the application is already running and only one instance can be running at a time.
2) The application started another process and has now stopped. You may need to launch the process directly.
3) You do not have sufficient privileges for this application." File: C:\APPLIED\WINTAM\HOMEBASE.EXE..</Message>
          <StackTrace>    at Microsoft.VisualStudio.TestTools.UITesting.ApplicationUnderTest.ThrowIfProcessNotValid(Process process)
   at Microsoft.VisualStudio.TestTools.UITesting.ApplicationUnderTest.Start(ProcessStartInfo startInfo)
   at Microsoft.VisualStudio.TestTools.UITesting.ApplicationUnderTest..ctor(String fileName, String alternateFileName, String arguments)
   at Microsoft.VisualStudio.TestTools.UITesting.ApplicationUnderTest.Launch(String fileName, String alternateFileName)
   at TestProject7.UIMap.Login_new() in C:\TestProject7\TestProject7\UIMap.Designer.cs:line 2643
   at TestProject7.TamAutotest.StartTest() in C:\TestProject7\TestProject7\CodedUITest1.cs:line 29
</StackTrace>
        </ErrorInfo>
      </Output>
    </UnitTestResult>
    <UnitTestResult executionId="a75a71ac-b5f5-491b-85ca-612a5d1a794a" testId="0faa065a-7d90-5129-349a-696c971dbf85" testName="MotoTest19" computerName="ICLVDEVAP01" duration="00:00:00.5239218" startTime="2012-11-12T16:50:33.0580436+00:00" endTime="2012-11-12T16:50:33.5884402+00:00" testType="13cdc9d9-ddb5-4fa4-a97d-d965ccfc6d4b" outcome="Failed" testListId="8c84fa94-04c1-424b-9868-57a2d4851a1d" relativeResultsDirectory="a75a71ac-b5f5-491b-85ca-612a5d1a794a">
      <Output>
        <DebugTrace>W, 3524, 77, 2012/11/12, 16:50:33.058, 6752958593474, QTAgent32.exe, ExtensionFramework : A Technology Manager with name Web is already registered.
W, 3524, 77, 2012/11/12, 16:50:33.073, 6752958704420, QTAgent32.exe, SLPlugin: Port 4503 already in use
W, 3524, 77, 2012/11/12, 16:50:33.073, 6752958707899, QTAgent32.exe, SLPlugin: Port 943 already in use
W, 3524, 77, 2012/11/12, 16:50:33.588, 6752966052422, QTAgent32.exe, IEDOM : StopSession of the plugin called before StartSession
W, 3524, 77, 2012/11/12, 16:50:33.588, 6752966053683, QTAgent32.exe, UIA : StopSession of the plugin called before StartSession
W, 3524, 77, 2012/11/12, 16:50:33.588, 6752966054435, QTAgent32.exe, SLPlugin : StopSession of the plugin called before StartSession
</DebugTrace>
        <ErrorInfo>
          <Message>Initialization method TestProject7.TamAutotest.StartTest threw exception. Microsoft.VisualStudio.TestTools.UITest.Extension.FailedToLaunchApplicationException: Microsoft.VisualStudio.TestTools.UITest.Extension.FailedToLaunchApplicationException: "The application cannot be started. This could be due to one of the following reasons:
1) Another instance of the application is already running and only one instance can be running at a time.
2) The application started another process and has now stopped. You may need to launch the process directly.
3) You do not have sufficient privileges for this application." File: C:\APPLIED\WINTAM\HOMEBASE.EXE..</Message>
          <StackTrace>    at Microsoft.VisualStudio.TestTools.UITesting.ApplicationUnderTest.ThrowIfProcessNotValid(Process process)
   at Microsoft.VisualStudio.TestTools.UITesting.ApplicationUnderTest.Start(ProcessStartInfo startInfo)
   at Microsoft.VisualStudio.TestTools.UITesting.ApplicationUnderTest..ctor(String fileName, String alternateFileName, String arguments)
   at Microsoft.VisualStudio.TestTools.UITesting.ApplicationUnderTest.Launch(String fileName, String alternateFileName)
   at TestProject7.UIMap.Login_new() in C:\TestProject7\TestProject7\UIMap.Designer.cs:line 2643
   at TestProject7.TamAutotest.StartTest() in C:\TestProject7\TestProject7\CodedUITest1.cs:line 29
</StackTrace>
        </ErrorInfo>
      </Output>
    </UnitTestResult>
    <UnitTestResult executionId="d6c2b477-d887-4e57-898f-28993d8735e4" testId="6a41f98c-60c7-3333-a5a3-d5d87b5c35c7" testName="MotoTest2" computerName="ICLVDEVAP01" duration="00:00:00.5235691" startTime="2012-11-12T16:50:33.5884402+00:00" endTime="2012-11-12T16:50:34.1188368+00:00" testType="13cdc9d9-ddb5-4fa4-a97d-d965ccfc6d4b" outcome="Failed" testListId="8c84fa94-04c1-424b-9868-57a2d4851a1d" relativeResultsDirectory="d6c2b477-d887-4e57-898f-28993d8735e4">
      <Output>
        <DebugTrace>W, 3524, 71, 2012/11/12, 16:50:33.588, 6752966192834, QTAgent32.exe, ExtensionFramework : A Technology Manager with name Web is already registered.
W, 3524, 71, 2012/11/12, 16:50:33.604, 6752966306301, QTAgent32.exe, SLPlugin: Port 4503 already in use
W, 3524, 71, 2012/11/12, 16:50:33.604, 6752966309858, QTAgent32.exe, SLPlugin: Port 943 already in use
W, 3524, 71, 2012/11/12, 16:50:34.118, 6752973646464, QTAgent32.exe, IEDOM : StopSession of the plugin called before StartSession
W, 3524, 71, 2012/11/12, 16:50:34.118, 6752973647694, QTAgent32.exe, UIA : StopSession of the plugin called before StartSession
W, 3524, 71, 2012/11/12, 16:50:34.118, 6752973648371, QTAgent32.exe, SLPlugin : StopSession of the plugin called before StartSession
</DebugTrace>
        <ErrorInfo>
          <Message>Initialization method TestProject7.TamAutotest.StartTest threw exception. Microsoft.VisualStudio.TestTools.UITest.Extension.FailedToLaunchApplicationException: Microsoft.VisualStudio.TestTools.UITest.Extension.FailedToLaunchApplicationException: "The application cannot be started. This could be due to one of the following reasons:
1) Another instance of the application is already running and only one instance can be running at a time.
2) The application started another process and has now stopped. You may need to launch the process directly.
3) You do not have sufficient privileges for this application." File: C:\APPLIED\WINTAM\HOMEBASE.EXE..</Message>
          <StackTrace>    at Microsoft.VisualStudio.TestTools.UITesting.ApplicationUnderTest.ThrowIfProcessNotValid(Process process)
   at Microsoft.VisualStudio.TestTools.UITesting.ApplicationUnderTest.Start(ProcessStartInfo startInfo)
   at Microsoft.VisualStudio.TestTools.UITesting.ApplicationUnderTest..ctor(String fileName, String alternateFileName, String arguments)
   at Microsoft.VisualStudio.TestTools.UITesting.ApplicationUnderTest.Launch(String fileName, String alternateFileName)
   at TestProject7.UIMap.Login_new() in C:\TestProject7\TestProject7\UIMap.Designer.cs:line 2643
   at TestProject7.TamAutotest.StartTest() in C:\TestProject7\TestProject7\CodedUITest1.cs:line 29
</StackTrace>
        </ErrorInfo>
      </Output>
    </UnitTestResult>
    <UnitTestResult executionId="b8b7f0a0-870a-4370-9e53-3f37a6e4440f" testId="450e4b2d-ad88-da3f-6d50-5c9a0ae1aa51" testName="MotoTest3" computerName="ICLVDEVAP01" duration="00:00:00.5238473" startTime="2012-11-12T16:50:34.1188368+00:00" endTime="2012-11-12T16:50:34.6492334+00:00" testType="13cdc9d9-ddb5-4fa4-a97d-d965ccfc6d4b" outcome="Failed" testListId="8c84fa94-04c1-424b-9868-57a2d4851a1d" relativeResultsDirectory="b8b7f0a0-870a-4370-9e53-3f37a6e4440f">
      <Output>
        <DebugTrace>W, 3524, 65, 2012/11/12, 16:50:34.118, 6752973784040, QTAgent32.exe, ExtensionFramework : A Technology Manager with name Web is already registered.
W, 3524, 65, 2012/11/12, 16:50:34.134, 6752973894882, QTAgent32.exe, SLPlugin: Port 4503 already in use
W, 3524, 65, 2012/11/12, 16:50:34.134, 6752973898299, QTAgent32.exe, SLPlugin: Port 943 already in use
W, 3524, 65, 2012/11/12, 16:50:34.649, 6752981240562, QTAgent32.exe, IEDOM : StopSession of the plugin called before StartSession
W, 3524, 65, 2012/11/12, 16:50:34.649, 6752981241881, QTAgent32.exe, UIA : StopSession of the plugin called before StartSession
W, 3524, 65, 2012/11/12, 16:50:34.649, 6752981242667, QTAgent32.exe, SLPlugin : StopSession of the plugin called before StartSession
</DebugTrace>
        <ErrorInfo>
          <Message>Initialization method TestProject7.TamAutotest.StartTest threw exception. Microsoft.VisualStudio.TestTools.UITest.Extension.FailedToLaunchApplicationException: Microsoft.VisualStudio.TestTools.UITest.Extension.FailedToLaunchApplicationException: "The application cannot be started. This could be due to one of the following reasons:
1) Another instance of the application is already running and only one instance can be running at a time.
2) The application started another process and has now stopped. You may need to launch the process directly.
3) You do not have sufficient privileges for this application." File: C:\APPLIED\WINTAM\HOMEBASE.EXE..</Message>
          <StackTrace>    at Microsoft.VisualStudio.TestTools.UITesting.ApplicationUnderTest.ThrowIfProcessNotValid(Process process)
   at Microsoft.VisualStudio.TestTools.UITesting.ApplicationUnderTest.Start(ProcessStartInfo startInfo)
   at Microsoft.VisualStudio.TestTools.UITesting.ApplicationUnderTest..ctor(String fileName, String alternateFileName, String arguments)
   at Microsoft.VisualStudio.TestTools.UITesting.ApplicationUnderTest.Launch(String fileName, String alternateFileName)
   at TestProject7.UIMap.Login_new() in C:\TestProject7\TestProject7\UIMap.Designer.cs:line 2643
   at TestProject7.TamAutotest.StartTest() in C:\TestProject7\TestProject7\CodedUITest1.cs:line 29
</StackTrace>
        </ErrorInfo>
      </Output>
    </UnitTestResult>
    <UnitTestResult executionId="c3f8fa3e-7e8b-418c-b8b3-9eef5ec71cf8" testId="4e743fde-a814-86c0-27fd-8728ac2cb692" testName="MotoTest4" computerName="ICLVDEVAP01" duration="00:00:00.5238121" startTime="2012-11-12T16:50:34.6492334+00:00" endTime="2012-11-12T16:50:35.1796300+00:00" testType="13cdc9d9-ddb5-4fa4-a97d-d965ccfc6d4b" outcome="Failed" testListId="8c84fa94-04c1-424b-9868-57a2d4851a1d" relativeResultsDirectory="c3f8fa3e-7e8b-418c-b8b3-9eef5ec71cf8">
      <Output>
        <DebugTrace>W, 3524, 59, 2012/11/12, 16:50:34.649, 6752981383070, QTAgent32.exe, ExtensionFramework : A Technology Manager with name Web is already registered.
W, 3524, 59, 2012/11/12, 16:50:34.664, 6752981496368, QTAgent32.exe, SLPlugin: Port 4503 already in use
W, 3524, 59, 2012/11/12, 16:50:34.664, 6752981500029, QTAgent32.exe, SLPlugin: Port 943 already in use
W, 3524, 59, 2012/11/12, 16:50:35.179, 6752988838629, QTAgent32.exe, IEDOM : StopSession of the plugin called before StartSession
W, 3524, 59, 2012/11/12, 16:50:35.179, 6752988839898, QTAgent32.exe, UIA : StopSession of the plugin called before StartSession
W, 3524, 59, 2012/11/12, 16:50:35.179, 6752988841939, QTAgent32.exe, SLPlugin : StopSession of the plugin called before StartSession
</DebugTrace>
        <ErrorInfo>
          <Message>Initialization method TestProject7.TamAutotest.StartTest threw exception. Microsoft.VisualStudio.TestTools.UITest.Extension.FailedToLaunchApplicationException: Microsoft.VisualStudio.TestTools.UITest.Extension.FailedToLaunchApplicationException: "The application cannot be started. This could be due to one of the following reasons:
1) Another instance of the application is already running and only one instance can be running at a time.
2) The application started another process and has now stopped. You may need to launch the process directly.
3) You do not have sufficient privileges for this application." File: C:\APPLIED\WINTAM\HOMEBASE.EXE..</Message>
          <StackTrace>    at Microsoft.VisualStudio.TestTools.UITesting.ApplicationUnderTest.ThrowIfProcessNotValid(Process process)
   at Microsoft.VisualStudio.TestTools.UITesting.ApplicationUnderTest.Start(ProcessStartInfo startInfo)
   at Microsoft.VisualStudio.TestTools.UITesting.ApplicationUnderTest..ctor(String fileName, String alternateFileName, String arguments)
   at Microsoft.VisualStudio.TestTools.UITesting.ApplicationUnderTest.Launch(String fileName, String alternateFileName)
   at TestProject7.UIMap.Login_new() in C:\TestProject7\TestProject7\UIMap.Designer.cs:line 2643
   at TestProject7.TamAutotest.StartTest() in C:\TestProject7\TestProject7\CodedUITest1.cs:line 29
</StackTrace>
        </ErrorInfo>
      </Output>
    </UnitTestResult>
    <UnitTestResult executionId="43977fd3-2ae5-4258-97cd-79460badcfce" testId="10042bab-44aa-7cea-8ac0-06cc3b3adbb3" testName="MotoTest5" computerName="ICLVDEVAP01" duration="00:00:00.5231083" startTime="2012-11-12T16:50:35.1796300+00:00" endTime="2012-11-12T16:50:35.7100266+00:00" testType="13cdc9d9-ddb5-4fa4-a97d-d965ccfc6d4b" outcome="Failed" testListId="8c84fa94-04c1-424b-9868-57a2d4851a1d" relativeResultsDirectory="43977fd3-2ae5-4258-97cd-79460badcfce">
      <Output>
        <DebugTrace>W, 3524, 53, 2012/11/12, 16:50:35.179, 6752988982909, QTAgent32.exe, ExtensionFramework : A Technology Manager with name Web is already registered.
W, 3524, 53, 2012/11/12, 16:50:35.195, 6752989095872, QTAgent32.exe, SLPlugin: Port 4503 already in use
W, 3524, 53, 2012/11/12, 16:50:35.195, 6752989099450, QTAgent32.exe, SLPlugin: Port 943 already in use
W, 3524, 53, 2012/11/12, 16:50:35.710, 6752996429124, QTAgent32.exe, IEDOM : StopSession of the plugin called before StartSession
W, 3524, 53, 2012/11/12, 16:50:35.710, 6752996430425, QTAgent32.exe, UIA : StopSession of the plugin called before StartSession
W, 3524, 53, 2012/11/12, 16:50:35.710, 6752996431164, QTAgent32.exe, SLPlugin : StopSession of the plugin called before StartSession
</DebugTrace>
        <ErrorInfo>
          <Message>Initialization method TestProject7.TamAutotest.StartTest threw exception. Microsoft.VisualStudio.TestTools.UITest.Extension.FailedToLaunchApplicationException: Microsoft.VisualStudio.TestTools.UITest.Extension.FailedToLaunchApplicationException: "The application cannot be started. This could be due to one of the following reasons:
1) Another instance of the application is already running and only one instance can be running at a time.
2) The application started another process and has now stopped. You may need to launch the process directly.
3) You do not have sufficient privileges for this application." File: C:\APPLIED\WINTAM\HOMEBASE.EXE..</Message>
          <StackTrace>    at Microsoft.VisualStudio.TestTools.UITesting.ApplicationUnderTest.ThrowIfProcessNotValid(Process process)
   at Microsoft.VisualStudio.TestTools.UITesting.ApplicationUnderTest.Start(ProcessStartInfo startInfo)
   at Microsoft.VisualStudio.TestTools.UITesting.ApplicationUnderTest..ctor(String fileName, String alternateFileName, String arguments)
   at Microsoft.VisualStudio.TestTools.UITesting.ApplicationUnderTest.Launch(String fileName, String alternateFileName)
   at TestProject7.UIMap.Login_new() in C:\TestProject7\TestProject7\UIMap.Designer.cs:line 2643
   at TestProject7.TamAutotest.StartTest() in C:\TestProject7\TestProject7\CodedUITest1.cs:line 29
</StackTrace>
        </ErrorInfo>
      </Output>
    </UnitTestResult>
    <UnitTestResult executionId="82e49a17-3ad5-40e3-9293-5e72d086cf4b" testId="b7f68495-37f9-58f0-5c9b-6e190b9adaa8" testName="MotoTest6" computerName="ICLVDEVAP01" duration="00:00:00.5235570" startTime="2012-11-12T16:50:35.7100266+00:00" endTime="2012-11-12T16:50:36.2404232+00:00" testType="13cdc9d9-ddb5-4fa4-a97d-d965ccfc6d4b" outcome="Failed" testListId="8c84fa94-04c1-424b-9868-57a2d4851a1d" relativeResultsDirectory="82e49a17-3ad5-40e3-9293-5e72d086cf4b">
      <Output>
        <DebugTrace>W, 3524, 47, 2012/11/12, 16:50:35.710, 6752996570943, QTAgent32.exe, ExtensionFramework : A Technology Manager with name Web is already registered.
W, 3524, 47, 2012/11/12, 16:50:35.725, 6752996684734, QTAgent32.exe, SLPlugin: Port 4503 already in use
W, 3524, 47, 2012/11/12, 16:50:35.725, 6752996688290, QTAgent32.exe, SLPlugin: Port 943 already in use
W, 3524, 47, 2012/11/12, 16:50:36.240, 6753004024689, QTAgent32.exe, IEDOM : StopSession of the plugin called before StartSession
W, 3524, 47, 2012/11/12, 16:50:36.240, 6753004025942, QTAgent32.exe, UIA : StopSession of the plugin called before StartSession
W, 3524, 47, 2012/11/12, 16:50:36.240, 6753004026673, QTAgent32.exe, SLPlugin : StopSession of the plugin called before StartSession
</DebugTrace>
        <ErrorInfo>
          <Message>Initialization method TestProject7.TamAutotest.StartTest threw exception. Microsoft.VisualStudio.TestTools.UITest.Extension.FailedToLaunchApplicationException: Microsoft.VisualStudio.TestTools.UITest.Extension.FailedToLaunchApplicationException: "The application cannot be started. This could be due to one of the following reasons:
1) Another instance of the application is already running and only one instance can be running at a time.
2) The application started another process and has now stopped. You may need to launch the process directly.
3) You do not have sufficient privileges for this application." File: C:\APPLIED\WINTAM\HOMEBASE.EXE..</Message>
          <StackTrace>    at Microsoft.VisualStudio.TestTools.UITesting.ApplicationUnderTest.ThrowIfProcessNotValid(Process process)
   at Microsoft.VisualStudio.TestTools.UITesting.ApplicationUnderTest.Start(ProcessStartInfo startInfo)
   at Microsoft.VisualStudio.TestTools.UITesting.ApplicationUnderTest..ctor(String fileName, String alternateFileName, String arguments)
   at Microsoft.VisualStudio.TestTools.UITesting.ApplicationUnderTest.Launch(String fileName, String alternateFileName)
   at TestProject7.UIMap.Login_new() in C:\TestProject7\TestProject7\UIMap.Designer.cs:line 2643
   at TestProject7.TamAutotest.StartTest() in C:\TestProject7\TestProject7\CodedUITest1.cs:line 29
</StackTrace>
        </ErrorInfo>
      </Output>
    </UnitTestResult>
    <UnitTestResult executionId="add333c6-e551-4b3b-b6de-432d403e890a" testId="e022376f-b2fb-4981-6140-b019eeaa6c94" testName="MotoTest7" computerName="ICLVDEVAP01" duration="00:00:00.5234800" startTime="2012-11-12T16:50:36.2404232+00:00" endTime="2012-11-12T16:50:36.7708198+00:00" testType="13cdc9d9-ddb5-4fa4-a97d-d965ccfc6d4b" outcome="Failed" testListId="8c84fa94-04c1-424b-9868-57a2d4851a1d" relativeResultsDirectory="add333c6-e551-4b3b-b6de-432d403e890a">
      <Output>
        <DebugTrace>W, 3524, 41, 2012/11/12, 16:50:36.240, 6753004165706, QTAgent32.exe, ExtensionFramework : A Technology Manager with name Web is already registered.
W, 3524, 41, 2012/11/12, 16:50:36.256, 6753004277975, QTAgent32.exe, SLPlugin: Port 4503 already in use
W, 3524, 41, 2012/11/12, 16:50:36.256, 6753004281444, QTAgent32.exe, SLPlugin: Port 943 already in use
W, 3524, 41, 2012/11/12, 16:50:36.770, 6753011617542, QTAgent32.exe, IEDOM : StopSession of the plugin called before StartSession
W, 3524, 41, 2012/11/12, 16:50:36.770, 6753011619132, QTAgent32.exe, UIA : StopSession of the plugin called before StartSession
W, 3524, 41, 2012/11/12, 16:50:36.770, 6753011619901, QTAgent32.exe, SLPlugin : StopSession of the plugin called before StartSession
</DebugTrace>
        <ErrorInfo>
          <Message>Initialization method TestProject7.TamAutotest.StartTest threw exception. Microsoft.VisualStudio.TestTools.UITest.Extension.FailedToLaunchApplicationException: Microsoft.VisualStudio.TestTools.UITest.Extension.FailedToLaunchApplicationException: "The application cannot be started. This could be due to one of the following reasons:
1) Another instance of the application is already running and only one instance can be running at a time.
2) The application started another process and has now stopped. You may need to launch the process directly.
3) You do not have sufficient privileges for this application." File: C:\APPLIED\WINTAM\HOMEBASE.EXE..</Message>
          <StackTrace>    at Microsoft.VisualStudio.TestTools.UITesting.ApplicationUnderTest.ThrowIfProcessNotValid(Process process)
   at Microsoft.VisualStudio.TestTools.UITesting.ApplicationUnderTest.Start(ProcessStartInfo startInfo)
   at Microsoft.VisualStudio.TestTools.UITesting.ApplicationUnderTest..ctor(String fileName, String alternateFileName, String arguments)
   at Microsoft.VisualStudio.TestTools.UITesting.ApplicationUnderTest.Launch(String fileName, String alternateFileName)
   at TestProject7.UIMap.Login_new() in C:\TestProject7\TestProject7\UIMap.Designer.cs:line 2643
   at TestProject7.TamAutotest.StartTest() in C:\TestProject7\TestProject7\CodedUITest1.cs:line 29
</StackTrace>
        </ErrorInfo>
      </Output>
    </UnitTestResult>
    <UnitTestResult executionId="6c2d4fb0-3793-44be-93be-a92456467c87" testId="07cf762e-0596-8be3-6b38-ed80b9a02463" testName="MotoTest8" computerName="ICLVDEVAP01" duration="00:00:00.5235904" startTime="2012-11-12T16:50:36.7708198+00:00" endTime="2012-11-12T16:50:37.3012164+00:00" testType="13cdc9d9-ddb5-4fa4-a97d-d965ccfc6d4b" outcome="Failed" testListId="8c84fa94-04c1-424b-9868-57a2d4851a1d" relativeResultsDirectory="6c2d4fb0-3793-44be-93be-a92456467c87">
      <Output>
        <DebugTrace>W, 3524, 35, 2012/11/12, 16:50:36.770, 6753011759286, QTAgent32.exe, ExtensionFramework : A Technology Manager with name Web is already registered.
W, 3524, 35, 2012/11/12, 16:50:36.786, 6753011873963, QTAgent32.exe, SLPlugin: Port 4503 already in use
W, 3524, 35, 2012/11/12, 16:50:36.786, 6753011877520, QTAgent32.exe, SLPlugin: Port 943 already in use
W, 3524, 35, 2012/11/12, 16:50:37.301, 6753019213071, QTAgent32.exe, IEDOM : StopSession of the plugin called before StartSession
W, 3524, 35, 2012/11/12, 16:50:37.301, 6753019214398, QTAgent32.exe, UIA : StopSession of the plugin called before StartSession
W, 3524, 35, 2012/11/12, 16:50:37.301, 6753019215215, QTAgent32.exe, SLPlugin : StopSession of the plugin called before StartSession
</DebugTrace>
        <ErrorInfo>
          <Message>Initialization method TestProject7.TamAutotest.StartTest threw exception. Microsoft.VisualStudio.TestTools.UITest.Extension.FailedToLaunchApplicationException: Microsoft.VisualStudio.TestTools.UITest.Extension.FailedToLaunchApplicationException: "The application cannot be started. This could be due to one of the following reasons:
1) Another instance of the application is already running and only one instance can be running at a time.
2) The application started another process and has now stopped. You may need to launch the process directly.
3) You do not have sufficient privileges for this application." File: C:\APPLIED\WINTAM\HOMEBASE.EXE..</Message>
          <StackTrace>    at Microsoft.VisualStudio.TestTools.UITesting.ApplicationUnderTest.ThrowIfProcessNotValid(Process process)
   at Microsoft.VisualStudio.TestTools.UITesting.ApplicationUnderTest.Start(ProcessStartInfo startInfo)
   at Microsoft.VisualStudio.TestTools.UITesting.ApplicationUnderTest..ctor(String fileName, String alternateFileName, String arguments)
   at Microsoft.VisualStudio.TestTools.UITesting.ApplicationUnderTest.Launch(String fileName, String alternateFileName)
   at TestProject7.UIMap.Login_new() in C:\TestProject7\TestProject7\UIMap.Designer.cs:line 2643
   at TestProject7.TamAutotest.StartTest() in C:\TestProject7\TestProject7\CodedUITest1.cs:line 29
</StackTrace>
        </ErrorInfo>
      </Output>
    </UnitTestResult>
    <UnitTestResult executionId="e70068c4-8dc3-47a0-b9f4-f25706e05b99" testId="1820a643-3d71-abad-9636-2b810c74ae19" testName="MotoTest9" computerName="ICLVDEVAP01" duration="00:00:00.5234858" startTime="2012-11-12T16:50:37.3012164+00:00" endTime="2012-11-12T16:50:37.8316130+00:00" testType="13cdc9d9-ddb5-4fa4-a97d-d965ccfc6d4b" outcome="Failed" testListId="8c84fa94-04c1-424b-9868-57a2d4851a1d" relativeResultsDirectory="e70068c4-8dc3-47a0-b9f4-f25706e05b99">
      <Output>
        <DebugTrace>W, 3524, 13, 2012/11/12, 16:50:37.301, 6753019353546, QTAgent32.exe, ExtensionFramework : A Technology Manager with name Web is already registered.
W, 3524, 13, 2012/11/12, 16:50:37.316, 6753019466216, QTAgent32.exe, SLPlugin: Port 4503 already in use
W, 3524, 13, 2012/11/12, 16:50:37.316, 6753019469749, QTAgent32.exe, SLPlugin: Port 943 already in use
W, 3524, 13, 2012/11/12, 16:50:37.831, 6753026805998, QTAgent32.exe, IEDOM : StopSession of the plugin called before StartSession
W, 3524, 13, 2012/11/12, 16:50:37.831, 6753026807318, QTAgent32.exe, UIA : StopSession of the plugin called before StartSession
W, 3524, 13, 2012/11/12, 16:50:37.831, 6753026808031, QTAgent32.exe, SLPlugin : StopSession of the plugin called before StartSession
</DebugTrace>
        <ErrorInfo>
          <Message>Initialization method TestProject7.TamAutotest.StartTest threw exception. Microsoft.VisualStudio.TestTools.UITest.Extension.FailedToLaunchApplicationException: Microsoft.VisualStudio.TestTools.UITest.Extension.FailedToLaunchApplicationException: "The application cannot be started. This could be due to one of the following reasons:
1) Another instance of the application is already running and only one instance can be running at a time.
2) The application started another process and has now stopped. You may need to launch the process directly.
3) You do not have sufficient privileges for this application." File: C:\APPLIED\WINTAM\HOMEBASE.EXE..</Message>
          <StackTrace>    at Microsoft.VisualStudio.TestTools.UITesting.ApplicationUnderTest.ThrowIfProcessNotValid(Process process)
   at Microsoft.VisualStudio.TestTools.UITesting.ApplicationUnderTest.Start(ProcessStartInfo startInfo)
   at Microsoft.VisualStudio.TestTools.UITesting.ApplicationUnderTest..ctor(String fileName, String alternateFileName, String arguments)
   at Microsoft.VisualStudio.TestTools.UITesting.ApplicationUnderTest.Launch(String fileName, String alternateFileName)
   at TestProject7.UIMap.Login_new() in C:\TestProject7\TestProject7\UIMap.Designer.cs:line 2643
   at TestProject7.TamAutotest.StartTest() in C:\TestProject7\TestProject7\CodedUITest1.cs:line 29
</StackTrace>
        </ErrorInfo>
      </Output>
    </UnitTestResult>
  </Results>
</TestRun>