<?xml version="1.0" encoding="UTF-8"?>
<TestRun id="ac75d14d-e8f5-4207-b795-207b87531ba1" name="peter.zenin-ad@ICLVDEVAP01 2012-11-13 08:27:55" runUser="INSUR-E\peter.zenin-ad" xmlns="http://microsoft.com/schemas/VisualStudio/TeamTest/2010">
  <TestSettings name="Default Test Settings" id="b2ce9cad-017d-448a-a1bd-29d76a22f565">
    <Execution>
      <TestTypeSpecific />
      <AgentRule name="Execution Agents">
      </AgentRule>
    </Execution>
    <Deployment runDeploymentRoot="peter.zenin-ad_ICLVDEVAP01 2012-11-13 08_27_55" />
  </TestSettings>
  <Times creation="2012-11-13T08:27:55.6253117+00:00" queuing="2012-11-13T08:27:56.1713432+00:00" start="2012-11-13T08:27:56.2337468+00:00" finish="2012-11-13T08:54:08.3988434+00:00" />
  <ResultSummary outcome="Failed">
    <Counters total="19" executed="19" passed="4" error="0" failed="15" timeout="0" aborted="0" inconclusive="0" passedButRunAborted="0" notRunnable="0" notExecuted="0" disconnected="0" warning="0" completed="0" inProgress="0" pending="0" />
  </ResultSummary>
  <TestDefinitions>
    <UnitTest name="MotoTest5" storage="testproject7.dll" id="10042bab-44aa-7cea-8ac0-06cc3b3adbb3">
      <Execution id="9371afb3-fbf5-475f-9e58-1705538d9584" />
      <TestMethod codeBase="C:/TestProject7/TestProject7/bin/Debug/TestProject7.dll" adapterTypeName="Microsoft.VisualStudio.TestTools.TestTypes.Unit.UnitTestAdapter, Microsoft.VisualStudio.QualityTools.Tips.UnitTest.Adapter, Version=10.0.0.0, Culture=neutral, PublicKeyToken=b03f5f7f11d50a3a" className="TestProject7.TamAutotest, TestProject7, Version=1.0.0.0, Culture=neutral, PublicKeyToken=null" name="MotoTest5" />
      <Extension>Microsoft.VisualStudio.TestTools.UITesting.CodedUITestAttribute, Microsoft.VisualStudio.QualityTools.CodedUITestFramework, Version=10.0.0.0, Culture=neutral, PublicKeyToken=b03f5f7f11d50a3a</Extension>
    </UnitTest>
    <UnitTest name="MotoTest2" storage="testproject7.dll" id="6a41f98c-60c7-3333-a5a3-d5d87b5c35c7">
      <Execution id="c8c84197-35b4-4306-a184-5f3c726627b9" />
      <TestMethod codeBase="C:/TestProject7/TestProject7/bin/Debug/TestProject7.dll" adapterTypeName="Microsoft.VisualStudio.TestTools.TestTypes.Unit.UnitTestAdapter, Microsoft.VisualStudio.QualityTools.Tips.UnitTest.Adapter, Version=10.0.0.0, Culture=neutral, PublicKeyToken=b03f5f7f11d50a3a" className="TestProject7.TamAutotest, TestProject7, Version=1.0.0.0, Culture=neutral, PublicKeyToken=null" name="MotoTest2" />
      <Extension>Microsoft.VisualStudio.TestTools.UITesting.CodedUITestAttribute, Microsoft.VisualStudio.QualityTools.CodedUITestFramework, Version=10.0.0.0, Culture=neutral, PublicKeyToken=b03f5f7f11d50a3a</Extension>
    </UnitTest>
    <UnitTest name="MotoTest9" storage="testproject7.dll" id="1820a643-3d71-abad-9636-2b810c74ae19">
      <Execution id="07752199-df0c-4387-8115-ff65b4089380" />
      <TestMethod codeBase="C:/TestProject7/TestProject7/bin/Debug/TestProject7.dll" adapterTypeName="Microsoft.VisualStudio.TestTools.TestTypes.Unit.UnitTestAdapter, Microsoft.VisualStudio.QualityTools.Tips.UnitTest.Adapter, Version=10.0.0.0, Culture=neutral, PublicKeyToken=b03f5f7f11d50a3a" className="TestProject7.TamAutotest, TestProject7, Version=1.0.0.0, Culture=neutral, PublicKeyToken=null" name="MotoTest9" />
      <Extension>Microsoft.VisualStudio.TestTools.UITesting.CodedUITestAttribute, Microsoft.VisualStudio.QualityTools.CodedUITestFramework, Version=10.0.0.0, Culture=neutral, PublicKeyToken=b03f5f7f11d50a3a</Extension>
    </UnitTest>
    <UnitTest name="MotoTest18" storage="testproject7.dll" id="95111846-656e-91d9-dc83-b04719c1fedd">
      <Execution id="202da324-0b87-468d-bbe3-81a16ad60f74" />
      <TestMethod codeBase="C:/TestProject7/TestProject7/bin/Debug/TestProject7.dll" adapterTypeName="Microsoft.VisualStudio.TestTools.TestTypes.Unit.UnitTestAdapter, Microsoft.VisualStudio.QualityTools.Tips.UnitTest.Adapter, Version=10.0.0.0, Culture=neutral, PublicKeyToken=b03f5f7f11d50a3a" className="TestProject7.TamAutotest, TestProject7, Version=1.0.0.0, Culture=neutral, PublicKeyToken=null" name="MotoTest18" />
      <Extension>Microsoft.VisualStudio.TestTools.UITesting.CodedUITestAttribute, Microsoft.VisualStudio.QualityTools.CodedUITestFramework, Version=10.0.0.0, Culture=neutral, PublicKeyToken=b03f5f7f11d50a3a</Extension>
    </UnitTest>
    <UnitTest name="MotoTest4" storage="testproject7.dll" id="4e743fde-a814-86c0-27fd-8728ac2cb692">
      <Execution id="89318e5f-8eef-4d93-b7a1-7c3b192e1446" />
      <TestMethod codeBase="C:/TestProject7/TestProject7/bin/Debug/TestProject7.dll" adapterTypeName="Microsoft.VisualStudio.TestTools.TestTypes.Unit.UnitTestAdapter, Microsoft.VisualStudio.QualityTools.Tips.UnitTest.Adapter, Version=10.0.0.0, Culture=neutral, PublicKeyToken=b03f5f7f11d50a3a" className="TestProject7.TamAutotest, TestProject7, Version=1.0.0.0, Culture=neutral, PublicKeyToken=null" name="MotoTest4" />
      <Extension>Microsoft.VisualStudio.TestTools.UITesting.CodedUITestAttribute, Microsoft.VisualStudio.QualityTools.CodedUITestFramework, Version=10.0.0.0, Culture=neutral, PublicKeyToken=b03f5f7f11d50a3a</Extension>
    </UnitTest>
    <UnitTest name="MotoTest16" storage="testproject7.dll" id="c540cf3f-a6f3-b5ba-c3cd-38a0f986a3da">
      <Execution id="ccae67b2-70e7-4310-915c-1f1e888f2815" />
      <TestMethod codeBase="C:/TestProject7/TestProject7/bin/Debug/TestProject7.dll" adapterTypeName="Microsoft.VisualStudio.TestTools.TestTypes.Unit.UnitTestAdapter, Microsoft.VisualStudio.QualityTools.Tips.UnitTest.Adapter, Version=10.0.0.0, Culture=neutral, PublicKeyToken=b03f5f7f11d50a3a" className="TestProject7.TamAutotest, TestProject7, Version=1.0.0.0, Culture=neutral, PublicKeyToken=null" name="MotoTest16" />
      <Extension>Microsoft.VisualStudio.TestTools.UITesting.CodedUITestAttribute, Microsoft.VisualStudio.QualityTools.CodedUITestFramework, Version=10.0.0.0, Culture=neutral, PublicKeyToken=b03f5f7f11d50a3a</Extension>
    </UnitTest>
    <UnitTest name="MotoTest11" storage="testproject7.dll" id="0f4d10f2-7035-3d68-762a-b62c4853fb8a">
      <Execution id="baf2b0d1-241d-4396-8ced-68b5306d82a4" />
      <TestMethod codeBase="C:/TestProject7/TestProject7/bin/Debug/TestProject7.dll" adapterTypeName="Microsoft.VisualStudio.TestTools.TestTypes.Unit.UnitTestAdapter, Microsoft.VisualStudio.QualityTools.Tips.UnitTest.Adapter, Version=10.0.0.0, Culture=neutral, PublicKeyToken=b03f5f7f11d50a3a" className="TestProject7.TamAutotest, TestProject7, Version=1.0.0.0, Culture=neutral, PublicKeyToken=null" name="MotoTest11" />
      <Extension>Microsoft.VisualStudio.TestTools.UITesting.CodedUITestAttribute, Microsoft.VisualStudio.QualityTools.CodedUITestFramework, Version=10.0.0.0, Culture=neutral, PublicKeyToken=b03f5f7f11d50a3a</Extension>
    </UnitTest>
    <UnitTest name="MotoTest1" storage="testproject7.dll" id="9e6b6d54-b79f-e7d9-2609-a84c350c12a1">
      <Execution id="2fa68c64-b57a-4fe8-9bec-299ea4b927a2" />
      <TestMethod codeBase="C:/TestProject7/TestProject7/bin/Debug/TestProject7.dll" adapterTypeName="Microsoft.VisualStudio.TestTools.TestTypes.Unit.UnitTestAdapter, Microsoft.VisualStudio.QualityTools.Tips.UnitTest.Adapter, Version=10.0.0.0, Culture=neutral, PublicKeyToken=b03f5f7f11d50a3a" className="TestProject7.TamAutotest, TestProject7, Version=1.0.0.0, Culture=neutral, PublicKeyToken=null" name="MotoTest1" />
      <Extension>Microsoft.VisualStudio.TestTools.UITesting.CodedUITestAttribute, Microsoft.VisualStudio.QualityTools.CodedUITestFramework, Version=10.0.0.0, Culture=neutral, PublicKeyToken=b03f5f7f11d50a3a</Extension>
    </UnitTest>
    <UnitTest name="MotoTest15" storage="testproject7.dll" id="e7680189-6b97-1f0a-48c0-e6d1b1c96b8e">
      <Execution id="940bd8e9-d5fb-40e0-bb69-28afeb0b0dd8" />
      <TestMethod codeBase="C:/TestProject7/TestProject7/bin/Debug/TestProject7.dll" adapterTypeName="Microsoft.VisualStudio.TestTools.TestTypes.Unit.UnitTestAdapter, Microsoft.VisualStudio.QualityTools.Tips.UnitTest.Adapter, Version=10.0.0.0, Culture=neutral, PublicKeyToken=b03f5f7f11d50a3a" className="TestProject7.TamAutotest, TestProject7, Version=1.0.0.0, Culture=neutral, PublicKeyToken=null" name="MotoTest15" />
      <Extension>Microsoft.VisualStudio.TestTools.UITesting.CodedUITestAttribute, Microsoft.VisualStudio.QualityTools.CodedUITestFramework, Version=10.0.0.0, Culture=neutral, PublicKeyToken=b03f5f7f11d50a3a</Extension>
    </UnitTest>
    <UnitTest name="MotoTest3" storage="testproject7.dll" id="450e4b2d-ad88-da3f-6d50-5c9a0ae1aa51">
      <Execution id="66d65b88-9d44-4517-8119-94052b43bb3a" />
      <TestMethod codeBase="C:/TestProject7/TestProject7/bin/Debug/TestProject7.dll" adapterTypeName="Microsoft.VisualStudio.TestTools.TestTypes.Unit.UnitTestAdapter, Microsoft.VisualStudio.QualityTools.Tips.UnitTest.Adapter, Version=10.0.0.0, Culture=neutral, PublicKeyToken=b03f5f7f11d50a3a" className="TestProject7.TamAutotest, TestProject7, Version=1.0.0.0, Culture=neutral, PublicKeyToken=null" name="MotoTest3" />
      <Extension>Microsoft.VisualStudio.TestTools.UITesting.CodedUITestAttribute, Microsoft.VisualStudio.QualityTools.CodedUITestFramework, Version=10.0.0.0, Culture=neutral, PublicKeyToken=b03f5f7f11d50a3a</Extension>
    </UnitTest>
    <UnitTest name="MotoTest12" storage="testproject7.dll" id="614f56be-e9c0-f1e7-ad65-1f0b7d6a0f1c">
      <Execution id="a5285dbd-03bd-4339-b70e-da4bda246634" />
      <TestMethod codeBase="C:/TestProject7/TestProject7/bin/Debug/TestProject7.dll" adapterTypeName="Microsoft.VisualStudio.TestTools.TestTypes.Unit.UnitTestAdapter, Microsoft.VisualStudio.QualityTools.Tips.UnitTest.Adapter, Version=10.0.0.0, Culture=neutral, PublicKeyToken=b03f5f7f11d50a3a" className="TestProject7.TamAutotest, TestProject7, Version=1.0.0.0, Culture=neutral, PublicKeyToken=null" name="MotoTest12" />
      <Extension>Microsoft.VisualStudio.TestTools.UITesting.CodedUITestAttribute, Microsoft.VisualStudio.QualityTools.CodedUITestFramework, Version=10.0.0.0, Culture=neutral, PublicKeyToken=b03f5f7f11d50a3a</Extension>
    </UnitTest>
    <UnitTest name="MotoTest7" storage="testproject7.dll" id="e022376f-b2fb-4981-6140-b019eeaa6c94">
      <Execution id="97e59c02-2743-470e-ba6f-a737ed6077f6" />
      <TestMethod codeBase="C:/TestProject7/TestProject7/bin/Debug/TestProject7.dll" adapterTypeName="Microsoft.VisualStudio.TestTools.TestTypes.Unit.UnitTestAdapter, Microsoft.VisualStudio.QualityTools.Tips.UnitTest.Adapter, Version=10.0.0.0, Culture=neutral, PublicKeyToken=b03f5f7f11d50a3a" className="TestProject7.TamAutotest, TestProject7, Version=1.0.0.0, Culture=neutral, PublicKeyToken=null" name="MotoTest7" />
      <Extension>Microsoft.VisualStudio.TestTools.UITesting.CodedUITestAttribute, Microsoft.VisualStudio.QualityTools.CodedUITestFramework, Version=10.0.0.0, Culture=neutral, PublicKeyToken=b03f5f7f11d50a3a</Extension>
    </UnitTest>
    <UnitTest name="MotoTest14" storage="testproject7.dll" id="e560b224-e5b1-72de-4969-2e5cddf85208">
      <Execution id="cbe24fd3-e1c0-4f8c-b23c-f0a4123ba7f4" />
      <TestMethod codeBase="C:/TestProject7/TestProject7/bin/Debug/TestProject7.dll" adapterTypeName="Microsoft.VisualStudio.TestTools.TestTypes.Unit.UnitTestAdapter, Microsoft.VisualStudio.QualityTools.Tips.UnitTest.Adapter, Version=10.0.0.0, Culture=neutral, PublicKeyToken=b03f5f7f11d50a3a" className="TestProject7.TamAutotest, TestProject7, Version=1.0.0.0, Culture=neutral, PublicKeyToken=null" name="MotoTest14" />
      <Extension>Microsoft.VisualStudio.TestTools.UITesting.CodedUITestAttribute, Microsoft.VisualStudio.QualityTools.CodedUITestFramework, Version=10.0.0.0, Culture=neutral, PublicKeyToken=b03f5f7f11d50a3a</Extension>
    </UnitTest>
    <UnitTest name="MotoTest8" storage="testproject7.dll" id="07cf762e-0596-8be3-6b38-ed80b9a02463">
      <Execution id="598efe3f-7d10-48dd-b722-f7df345f33e5" />
      <TestMethod codeBase="C:/TestProject7/TestProject7/bin/Debug/TestProject7.dll" adapterTypeName="Microsoft.VisualStudio.TestTools.TestTypes.Unit.UnitTestAdapter, Microsoft.VisualStudio.QualityTools.Tips.UnitTest.Adapter, Version=10.0.0.0, Culture=neutral, PublicKeyToken=b03f5f7f11d50a3a" className="TestProject7.TamAutotest, TestProject7, Version=1.0.0.0, Culture=neutral, PublicKeyToken=null" name="MotoTest8" />
      <Extension>Microsoft.VisualStudio.TestTools.UITesting.CodedUITestAttribute, Microsoft.VisualStudio.QualityTools.CodedUITestFramework, Version=10.0.0.0, Culture=neutral, PublicKeyToken=b03f5f7f11d50a3a</Extension>
    </UnitTest>
    <UnitTest name="MotoTest10" storage="testproject7.dll" id="8efed318-945d-2a9d-e29d-a71a05da5660">
      <Execution id="af9f3514-66c3-46b1-9c2e-21beee1d4b1a" />
      <TestMethod codeBase="C:/TestProject7/TestProject7/bin/Debug/TestProject7.dll" adapterTypeName="Microsoft.VisualStudio.TestTools.TestTypes.Unit.UnitTestAdapter, Microsoft.VisualStudio.QualityTools.Tips.UnitTest.Adapter, Version=10.0.0.0, Culture=neutral, PublicKeyToken=b03f5f7f11d50a3a" className="TestProject7.TamAutotest, TestProject7, Version=1.0.0.0, Culture=neutral, PublicKeyToken=null" name="MotoTest10" />
      <Extension>Microsoft.VisualStudio.TestTools.UITesting.CodedUITestAttribute, Microsoft.VisualStudio.QualityTools.CodedUITestFramework, Version=10.0.0.0, Culture=neutral, PublicKeyToken=b03f5f7f11d50a3a</Extension>
    </UnitTest>
    <UnitTest name="MotoTest13" storage="testproject7.dll" id="1662bbff-6668-68e6-e702-5ec6450deb96">
      <Execution id="192e130c-845d-4679-b71f-6fca4f607856" />
      <TestMethod codeBase="C:/TestProject7/TestProject7/bin/Debug/TestProject7.dll" adapterTypeName="Microsoft.VisualStudio.TestTools.TestTypes.Unit.UnitTestAdapter, Microsoft.VisualStudio.QualityTools.Tips.UnitTest.Adapter, Version=10.0.0.0, Culture=neutral, PublicKeyToken=b03f5f7f11d50a3a" className="TestProject7.TamAutotest, TestProject7, Version=1.0.0.0, Culture=neutral, PublicKeyToken=null" name="MotoTest13" />
      <Extension>Microsoft.VisualStudio.TestTools.UITesting.CodedUITestAttribute, Microsoft.VisualStudio.QualityTools.CodedUITestFramework, Version=10.0.0.0, Culture=neutral, PublicKeyToken=b03f5f7f11d50a3a</Extension>
    </UnitTest>
    <UnitTest name="MotoTest6" storage="testproject7.dll" id="b7f68495-37f9-58f0-5c9b-6e190b9adaa8">
      <Execution id="1774663c-67e9-4748-9cdf-be6da396bf3a" />
      <TestMethod codeBase="C:/TestProject7/TestProject7/bin/Debug/TestProject7.dll" adapterTypeName="Microsoft.VisualStudio.TestTools.TestTypes.Unit.UnitTestAdapter, Microsoft.VisualStudio.QualityTools.Tips.UnitTest.Adapter, Version=10.0.0.0, Culture=neutral, PublicKeyToken=b03f5f7f11d50a3a" className="TestProject7.TamAutotest, TestProject7, Version=1.0.0.0, Culture=neutral, PublicKeyToken=null" name="MotoTest6" />
      <Extension>Microsoft.VisualStudio.TestTools.UITesting.CodedUITestAttribute, Microsoft.VisualStudio.QualityTools.CodedUITestFramework, Version=10.0.0.0, Culture=neutral, PublicKeyToken=b03f5f7f11d50a3a</Extension>
    </UnitTest>
    <UnitTest name="MotoTest17" storage="testproject7.dll" id="0457170a-e33e-18a3-7909-18d70df8aa6e">
      <Execution id="2b35866d-6083-4178-8d71-4e8230a66fb5" />
      <TestMethod codeBase="C:/TestProject7/TestProject7/bin/Debug/TestProject7.dll" adapterTypeName="Microsoft.VisualStudio.TestTools.TestTypes.Unit.UnitTestAdapter, Microsoft.VisualStudio.QualityTools.Tips.UnitTest.Adapter, Version=10.0.0.0, Culture=neutral, PublicKeyToken=b03f5f7f11d50a3a" className="TestProject7.TamAutotest, TestProject7, Version=1.0.0.0, Culture=neutral, PublicKeyToken=null" name="MotoTest17" />
      <Extension>Microsoft.VisualStudio.TestTools.UITesting.CodedUITestAttribute, Microsoft.VisualStudio.QualityTools.CodedUITestFramework, Version=10.0.0.0, Culture=neutral, PublicKeyToken=b03f5f7f11d50a3a</Extension>
    </UnitTest>
    <UnitTest name="MotoTest19" storage="testproject7.dll" id="0faa065a-7d90-5129-349a-696c971dbf85">
      <Execution id="e53a04ac-db55-40a5-a990-cae1373eef23" />
      <TestMethod codeBase="C:/TestProject7/TestProject7/bin/Debug/TestProject7.dll" adapterTypeName="Microsoft.VisualStudio.TestTools.TestTypes.Unit.UnitTestAdapter, Microsoft.VisualStudio.QualityTools.Tips.UnitTest.Adapter, Version=10.0.0.0, Culture=neutral, PublicKeyToken=b03f5f7f11d50a3a" className="TestProject7.TamAutotest, TestProject7, Version=1.0.0.0, Culture=neutral, PublicKeyToken=null" name="MotoTest19" />
      <Extension>Microsoft.VisualStudio.TestTools.UITesting.CodedUITestAttribute, Microsoft.VisualStudio.QualityTools.CodedUITestFramework, Version=10.0.0.0, Culture=neutral, PublicKeyToken=b03f5f7f11d50a3a</Extension>
    </UnitTest>
  </TestDefinitions>
  <TestLists>
    <TestList name="Results Not in a List" id="8c84fa94-04c1-424b-9868-57a2d4851a1d" />
    <TestList name="All Loaded Results" id="19431567-8539-422a-85d7-44ee4e166bda" />
  </TestLists>
  <TestEntries>
    <TestEntry testId="9e6b6d54-b79f-e7d9-2609-a84c350c12a1" executionId="2fa68c64-b57a-4fe8-9bec-299ea4b927a2" testListId="8c84fa94-04c1-424b-9868-57a2d4851a1d" />
    <TestEntry testId="8efed318-945d-2a9d-e29d-a71a05da5660" executionId="af9f3514-66c3-46b1-9c2e-21beee1d4b1a" testListId="8c84fa94-04c1-424b-9868-57a2d4851a1d" />
    <TestEntry testId="0f4d10f2-7035-3d68-762a-b62c4853fb8a" executionId="baf2b0d1-241d-4396-8ced-68b5306d82a4" testListId="8c84fa94-04c1-424b-9868-57a2d4851a1d" />
    <TestEntry testId="614f56be-e9c0-f1e7-ad65-1f0b7d6a0f1c" executionId="a5285dbd-03bd-4339-b70e-da4bda246634" testListId="8c84fa94-04c1-424b-9868-57a2d4851a1d" />
    <TestEntry testId="1662bbff-6668-68e6-e702-5ec6450deb96" executionId="192e130c-845d-4679-b71f-6fca4f607856" testListId="8c84fa94-04c1-424b-9868-57a2d4851a1d" />
    <TestEntry testId="e560b224-e5b1-72de-4969-2e5cddf85208" executionId="cbe24fd3-e1c0-4f8c-b23c-f0a4123ba7f4" testListId="8c84fa94-04c1-424b-9868-57a2d4851a1d" />
    <TestEntry testId="e7680189-6b97-1f0a-48c0-e6d1b1c96b8e" executionId="940bd8e9-d5fb-40e0-bb69-28afeb0b0dd8" testListId="8c84fa94-04c1-424b-9868-57a2d4851a1d" />
    <TestEntry testId="c540cf3f-a6f3-b5ba-c3cd-38a0f986a3da" executionId="ccae67b2-70e7-4310-915c-1f1e888f2815" testListId="8c84fa94-04c1-424b-9868-57a2d4851a1d" />
    <TestEntry testId="0457170a-e33e-18a3-7909-18d70df8aa6e" executionId="2b35866d-6083-4178-8d71-4e8230a66fb5" testListId="8c84fa94-04c1-424b-9868-57a2d4851a1d" />
    <TestEntry testId="95111846-656e-91d9-dc83-b04719c1fedd" executionId="202da324-0b87-468d-bbe3-81a16ad60f74" testListId="8c84fa94-04c1-424b-9868-57a2d4851a1d" />
    <TestEntry testId="0faa065a-7d90-5129-349a-696c971dbf85" executionId="e53a04ac-db55-40a5-a990-cae1373eef23" testListId="8c84fa94-04c1-424b-9868-57a2d4851a1d" />
    <TestEntry testId="6a41f98c-60c7-3333-a5a3-d5d87b5c35c7" executionId="c8c84197-35b4-4306-a184-5f3c726627b9" testListId="8c84fa94-04c1-424b-9868-57a2d4851a1d" />
    <TestEntry testId="450e4b2d-ad88-da3f-6d50-5c9a0ae1aa51" executionId="66d65b88-9d44-4517-8119-94052b43bb3a" testListId="8c84fa94-04c1-424b-9868-57a2d4851a1d" />
    <TestEntry testId="4e743fde-a814-86c0-27fd-8728ac2cb692" executionId="89318e5f-8eef-4d93-b7a1-7c3b192e1446" testListId="8c84fa94-04c1-424b-9868-57a2d4851a1d" />
    <TestEntry testId="10042bab-44aa-7cea-8ac0-06cc3b3adbb3" executionId="9371afb3-fbf5-475f-9e58-1705538d9584" testListId="8c84fa94-04c1-424b-9868-57a2d4851a1d" />
    <TestEntry testId="b7f68495-37f9-58f0-5c9b-6e190b9adaa8" executionId="1774663c-67e9-4748-9cdf-be6da396bf3a" testListId="8c84fa94-04c1-424b-9868-57a2d4851a1d" />
    <TestEntry testId="e022376f-b2fb-4981-6140-b019eeaa6c94" executionId="97e59c02-2743-470e-ba6f-a737ed6077f6" testListId="8c84fa94-04c1-424b-9868-57a2d4851a1d" />
    <TestEntry testId="07cf762e-0596-8be3-6b38-ed80b9a02463" executionId="598efe3f-7d10-48dd-b722-f7df345f33e5" testListId="8c84fa94-04c1-424b-9868-57a2d4851a1d" />
    <TestEntry testId="1820a643-3d71-abad-9636-2b810c74ae19" executionId="07752199-df0c-4387-8115-ff65b4089380" testListId="8c84fa94-04c1-424b-9868-57a2d4851a1d" />
  </TestEntries>
  <Results>
    <UnitTestResult executionId="2fa68c64-b57a-4fe8-9bec-299ea4b927a2" testId="9e6b6d54-b79f-e7d9-2609-a84c350c12a1" testName="MotoTest1" computerName="ICLVDEVAP01" duration="00:03:04.7517257" startTime="2012-11-13T08:27:56.2493477+00:00" endTime="2012-11-13T08:31:01.5100352+00:00" testType="13cdc9d9-ddb5-4fa4-a97d-d965ccfc6d4b" outcome="Passed" testListId="8c84fa94-04c1-424b-9868-57a2d4851a1d" relativeResultsDirectory="2fa68c64-b57a-4fe8-9bec-299ea4b927a2">
      <Output>
        <DebugTrace>W, 3248, 13, 2012/11/13, 08:27:57.279, 7558235978770, QTAgent32.exe, ExtensionFramework : A Technology Manager with name Web is already registered.
W, 3248, 13, 2012/11/13, 08:27:58.386, 7558251758587, QTAgent32.exe, &lt;a class=success&gt;Playback - {1} [SUCCESS] MouseButtonClick - "[MSAA, VisibleOnly]ControlType='Edit'"
\0&lt;/a&gt;
W, 3248, 13, 2012/11/13, 08:27:58.651, 7558255554393, QTAgent32.exe, &lt;a class=success&gt;Playback - {2} [SUCCESS] SendKeys "[*]" - "[MSAA, VisibleOnly]ControlType='Edit'"
\0&lt;/a&gt;
W, 3248, 13, 2012/11/13, 08:27:59.541, 7558268393006, QTAgent32.exe, &lt;a class=success&gt;Playback - {3} [SUCCESS] MouseButtonClick - "[MSAA, VisibleOnly]ControlType='Button' &amp;&amp; Name='OK'"
\0&lt;/a&gt;
W, 3248, 13, 2012/11/13, 08:28:00.227, 7558278274065, QTAgent32.exe, &lt;a class=success&gt;Playback - {4} [SUCCESS] MouseButtonClick - "[MSAA, VisibleOnly]ControlType='Button' &amp;&amp; Name='OK'"
\0&lt;/a&gt;
W, 3248, 13, 2012/11/13, 08:28:00.914, 7558287999768, QTAgent32.exe, &lt;a class=success&gt;Playback - {5} [SUCCESS] TypeString "#(R)"
\0&lt;/a&gt;
E, 3248, 13, 2012/11/13, 08:28:01.132, 7558291145731, QTAgent32.exe, Exception: System.ArgumentException
	Message: Value does not fall within the expected range.
	Stack Trace:    at Accessibility.IAccessible.get_accRole(Object varChild)
   at Microsoft.VisualStudio.TestTools.UITest.Extension.Msaa.AccWrapper.get_RoleInt()
	BaseExceptionMessage: Value does not fall within the expected range.

E, 3248, 13, 2012/11/13, 08:28:01.194, 7558291968726, QTAgent32.exe, Exception: System.ArgumentException
	Message: Value does not fall within the expected range.
	Stack Trace:    at Accessibility.IAccessible.get_accRole(Object varChild)
   at Microsoft.VisualStudio.TestTools.UITest.Extension.Msaa.AccWrapper.get_RoleInt()
	BaseExceptionMessage: Value does not fall within the expected range.

W, 3248, 13, 2012/11/13, 08:28:01.694, 7558299112018, QTAgent32.exe, &lt;a class=success&gt;Playback - {6} [SUCCESS] LeftButtonClick  &lt; Mouse cursor location (87, 908) &gt;
\0&lt;/a&gt;
W, 3248, 13, 2012/11/13, 08:28:02.786, 7558314745911, QTAgent32.exe, &lt;a class=success&gt;Playback - {7} [SUCCESS] SetValueAsEditBox "c:\TestProject7\office.reg"  &lt; Set via SendKeys &gt;
\0&lt;/a&gt;
W, 3248, 13, 2012/11/13, 08:28:02.786, 7558314748149, QTAgent32.exe, &lt;a class=success&gt;Playback - {8} [SUCCESS] SetValueAsComboBox "c:\TestProject7\office.reg" - "[MSAA, VisibleOnly]ControlType='ComboBox' &amp;&amp; Name='Open:'"  &lt; Set via SetValueAsEditBox &gt;
\0&lt;/a&gt;
W, 3248, 13, 2012/11/13, 08:28:03.238, 7558321392341, QTAgent32.exe, &lt;a class=success&gt;Playback - {9} [SUCCESS] MouseButtonClick - "[MSAA, VisibleOnly]ControlType='Button' &amp;&amp; Name='OK'"
\0&lt;/a&gt;
W, 3248, 13, 2012/11/13, 08:28:03.893, 7558330669339, QTAgent32.exe, &lt;a class=success&gt;Playback - {10} [SUCCESS] MouseButtonClick - "[MSAA, VisibleOnly]ControlType='Button' &amp;&amp; Name='Yes'"
\0&lt;/a&gt;
W, 3248, 13, 2012/11/13, 08:28:04.408, 7558338043763, QTAgent32.exe, &lt;a class=success&gt;Playback - {11} [SUCCESS] MouseButtonClick - "[MSAA, VisibleOnly]ControlType='Button' &amp;&amp; Name='OK'"
\0&lt;/a&gt;
W, 3248, 13, 2012/11/13, 08:28:04.876, 7558344744760, QTAgent32.exe, &lt;a class=success&gt;Playback - {12} [SUCCESS] MouseButtonClick - "[MSAA, VisibleOnly]ControlType='Button' &amp;&amp; Name='Clients &amp; Files'"
\0&lt;/a&gt;
W, 3248, 13, 2012/11/13, 08:28:05.859, 7558358758717, QTAgent32.exe, Playback - [WARNING] Internal warning: Window Not Found: [VisibleOnly]ControlType='Window' &amp;&amp; Name='Customer: txt1 tdsfs' &amp;&amp; ClassName='ThunderRT6MDIForm'
\0
E, 3248, 13, 2012/11/13, 08:28:05.859, 7558358761744, QTAgent32.exe, &lt;a class=failure&gt;Playback - {13} [FAILED] Function ElementFetcher::FindScreenElement failed to locate UI element (Searching: ;[VisibleOnly]ControlType='Window' &amp;&amp; Name='Customer: txt1 tdsfs' &amp;&amp; ClassName='ThunderRT6MDIForm') (The object specified was not found.)
\0&lt;/a&gt;
E, 3248, 13, 2012/11/13, 08:28:05.984, 7558360552369, QTAgent32.exe, Playback - [IMAGE] C:\Users\peter.zenin-ad\AppData\Local\Temp\UITestLogs\LastRun\RPF82B6.png
\0
W, 3248, 13, 2012/11/13, 08:28:05.984, 7558360554492, QTAgent32.exe, Playback - [WARNING] Internal warning: Couldn't find descendants that match QueryId
\0
W, 3248, 13, 2012/11/13, 08:28:05.984, 7558360557698, QTAgent32.exe, PERF WARNING: FindTopLevelWindowHelper::FindAllDescendents: took 937 ms. Expected it to take maximum 500 ms.
W, 3248, 13, 2012/11/13, 08:28:24.174, 7558621013480, QTAgent32.exe, Playback - [WARNING] Internal warning: Window Not Found: [VisibleOnly]ControlType='Window' &amp;&amp; Name='Customer: txt1 tdsfs' &amp;&amp; ClassName='ThunderRT6MDIForm'
\0
E, 3248, 13, 2012/11/13, 08:28:24.174, 7558621016416, QTAgent32.exe, &lt;a class=failure&gt;Playback - {14} [FAILED] Function ElementFetcher::FindScreenElement failed to locate UI element (Searching: ;[VisibleOnly]ControlType='Window' &amp;&amp; Name='Customer: txt1 tdsfs' &amp;&amp; ClassName='ThunderRT6MDIForm') (The object specified was not found.)
\0&lt;/a&gt;
E, 3248, 13, 2012/11/13, 08:28:24.284, 7558622612142, QTAgent32.exe, Playback - [IMAGE] C:\Users\peter.zenin-ad\AppData\Local\Temp\UITestLogs\LastRun\RPFCA42.png
\0
W, 3248, 13, 2012/11/13, 08:28:24.284, 7558622614380, QTAgent32.exe, Playback - [WARNING] Internal warning: Couldn't find descendants that match QueryId
\0
W, 3248, 13, 2012/11/13, 08:28:24.284, 7558622617328, QTAgent32.exe, PERF WARNING: FindTopLevelWindowHelper::FindAllDescendents: took 18294 ms. Expected it to take maximum 500 ms.
W, 3248, 13, 2012/11/13, 08:28:24.861, 7558630895755, QTAgent32.exe, Playback - [WARNING] Internal warning: Window with Class "ThunderRT6MDIForm" and Title "Customer: txt1 tdsfs" was not found, so similar window with Class "ThunderRT6MDIForm" and Title "Customer: autotest" was accepted
\0
W, 3248, 13, 2012/11/13, 08:28:24.861, 7558630899541, QTAgent32.exe, PERF WARNING: FindTopLevelWindowHelper::FindAllDescendents: took 578 ms. Expected it to take maximum 500 ms.
W, 3248, 13, 2012/11/13, 08:28:25.391, 7558638482126, QTAgent32.exe, Playback - [WARNING] Internal warning: Incorrect flag set for InvokeProgrammaticAction\0
W, 3248, 13, 2012/11/13, 08:28:25.719, 7558643111705, QTAgent32.exe, &lt;a class=success&gt;Playback - {15} [SUCCESS] SetValueAsComboBox "Customers" - "[MSAA, VisibleOnly]ControlType='ComboBox'"  &lt; SetValueAsComboBox, set by clicking on the item in the list box &gt;
\0&lt;/a&gt;
W, 3248, 13, 2012/11/13, 08:28:26.405, 7558652946609, QTAgent32.exe, &lt;a class=success&gt;Playback - {16} [SUCCESS] MouseButtonClick - "[MSAA, VisibleOnly]ControlType='Button' &amp;&amp; Name='Add'"
\0&lt;/a&gt;
W, 3248, 13, 2012/11/13, 08:28:26.905, 7558660067349, QTAgent32.exe, &lt;a class=success&gt;Playback - {17} [SUCCESS] SendKeys "autotest" - "[MSAA, VisibleOnly]ControlType='RadioButton' &amp;&amp; Name='Personal Lines'"
\0&lt;/a&gt;
E, 3248, 13, 2012/11/13, 08:28:27.076, 7558662523908, QTAgent32.exe, LoadLibrary() : Unable to find the resource 37382 from assembly C:\Windows\system32\en-US\ieframe.dll.mui: Error1814
E, 3248, 13, 2012/11/13, 08:28:27.076, 7558662529465, QTAgent32.exe, LoadLibrary() : Unable to find the resource 41728 from assembly C:\Windows\system32\en-US\ieframe.dll.mui: Error1814
E, 3248, 13, 2012/11/13, 08:28:27.076, 7558662531664, QTAgent32.exe, LoadLibrary() : Unable to find the resource 8131 from assembly C:\Windows\system32\en-US\ieframe.dll.mui: Error1814
E, 3248, 13, 2012/11/13, 08:28:27.076, 7558662533961, QTAgent32.exe, LoadLibrary() : Unable to find the resource 8131 from assembly C:\Windows\system32\en-US\ieframe.dll.mui: Error1814
E, 3248, 13, 2012/11/13, 08:28:27.076, 7558662537522, QTAgent32.exe, LoadLibrary() : Unable to find the resource 8131 from assembly C:\Windows\system32\en-US\ieframe.dll.mui: Error1814
E, 3248, 13, 2012/11/13, 08:28:27.076, 7558662586036, QTAgent32.exe, LoadLibrary() : Unable to find the resource 803 from assembly C:\Windows\system32\en-US\user32.dll.mui: Error1814
W, 3248, 13, 2012/11/13, 08:28:27.466, 7558668111893, QTAgent32.exe, &lt;a class=success&gt;Playback - {18} [SUCCESS] SetValueAsEditBox "autotest" - "[MSAA, VisibleOnly]ControlType='Edit'"  &lt; Set via SendKeys &gt;
\0&lt;/a&gt;
W, 3248, 13, 2012/11/13, 08:28:28.121, 7558677653271, QTAgent32.exe, &lt;a class=success&gt;Playback - {19} [SUCCESS] MouseButtonClick - "[MSAA, VisibleOnly]ControlType='Button' &amp;&amp; Name='OK'"
\0&lt;/a&gt;
W, 3248, 13, 2012/11/13, 08:28:28.699, 7558685848034, QTAgent32.exe, &lt;a class=success&gt;Playback - {20} [SUCCESS] MouseButtonClick - "[MSAA, VisibleOnly]ControlType='Button' &amp;&amp; Name='Yes'"
\0&lt;/a&gt;
W, 3248, 13, 2012/11/13, 08:28:28.948, 7558689326555, QTAgent32.exe, &lt;a class=success&gt;Playback - {21} [SUCCESS] SendKeys "^{HOME}" - "[MSAA, VisibleOnly]ControlType='Edit'"
\0&lt;/a&gt;
E, 3248, 13, 2012/11/13, 08:28:28.948, 7558689355347, QTAgent32.exe, Msaa.GetFocusedElement: could not find accessible object of foreground window
W, 3248, 13, 2012/11/13, 08:28:29.042, 7558690668863, QTAgent32.exe, &lt;a class=success&gt;Playback - {22} [SUCCESS] SendKeys "^+{END}" - "[MSAA, VisibleOnly]ControlType='Edit'"
\0&lt;/a&gt;
E, 3248, 13, 2012/11/13, 08:28:29.042, 7558690671588, QTAgent32.exe, Msaa.GetFocusedElement: could not find accessible object of foreground window
W, 3248, 13, 2012/11/13, 08:28:29.058, 7558690889937, QTAgent32.exe, &lt;a class=success&gt;Playback - {23} [SUCCESS] SendKeys "{DELETE}" - "[MSAA, VisibleOnly]ControlType='Edit'"
\0&lt;/a&gt;
W, 3248, 13, 2012/11/13, 08:28:29.136, 7558692013797, QTAgent32.exe, &lt;a class=success&gt;Playback - {24} [SUCCESS] SetValueAsEditBox "1" - "[MSAA, VisibleOnly]ControlType='Edit'"  &lt; Set via SendKeys &gt;
\0&lt;/a&gt;
W, 3248, 13, 2012/11/13, 08:28:29.354, 7558695134789, QTAgent32.exe, &lt;a class=success&gt;Playback - {25} [SUCCESS] SendKeys "^{HOME}" - "[MSAA, VisibleOnly]ControlType='Edit'"
\0&lt;/a&gt;
E, 3248, 13, 2012/11/13, 08:28:29.354, 7558695137207, QTAgent32.exe, Msaa.GetFocusedElement: could not find accessible object of foreground window
W, 3248, 13, 2012/11/13, 08:28:29.432, 7558696249966, QTAgent32.exe, &lt;a class=success&gt;Playback - {26} [SUCCESS] SendKeys "^+{END}" - "[MSAA, VisibleOnly]ControlType='Edit'"
\0&lt;/a&gt;
E, 3248, 13, 2012/11/13, 08:28:29.432, 7558696252354, QTAgent32.exe, Msaa.GetFocusedElement: could not find accessible object of foreground window
W, 3248, 13, 2012/11/13, 08:28:29.448, 7558696481595, QTAgent32.exe, &lt;a class=success&gt;Playback - {27} [SUCCESS] SendKeys "{DELETE}" - "[MSAA, VisibleOnly]ControlType='Edit'"
\0&lt;/a&gt;
W, 3248, 13, 2012/11/13, 08:28:29.526, 7558697594112, QTAgent32.exe, &lt;a class=success&gt;Playback - {28} [SUCCESS] SetValueAsEditBox "1" - "[MSAA, VisibleOnly]ControlType='Edit'"  &lt; Set via SendKeys &gt;
\0&lt;/a&gt;
W, 3248, 13, 2012/11/13, 08:28:30.056, 7558705303332, QTAgent32.exe, &lt;a class=success&gt;Playback - {29} [SUCCESS] MouseButtonClick - "[MSAA, VisibleOnly]ControlType='Button' &amp;&amp; Name='OK'"
\0&lt;/a&gt;
W, 3248, 13, 2012/11/13, 08:28:30.571, 7558712775436, QTAgent32.exe, &lt;a class=success&gt;Playback - {30} [SUCCESS] MouseButtonClick - "[MSAA, VisibleOnly]ControlType='Button'"
\0&lt;/a&gt;
W, 3248, 13, 2012/11/13, 08:28:31.132, 7558720663032, QTAgent32.exe, &lt;a class=success&gt;Playback - {31} [SUCCESS] MouseButtonClick - "[MSAA, VisibleOnly]ControlType='Button' &amp;&amp; Name='Add'"
\0&lt;/a&gt;
W, 3248, 13, 2012/11/13, 08:28:31.632, 7558727919732, QTAgent32.exe, &lt;a class=success&gt;Playback - {32} [SUCCESS] MouseButtonClick - "[MSAA, VisibleOnly]ControlType='Button' &amp;&amp; Name='OK'"
\0&lt;/a&gt;
W, 3248, 13, 2012/11/13, 08:28:34.097, 7558763036608, QTAgent32.exe, &lt;a class=success&gt;Playback - {33} [SUCCESS] MouseButtonClick - "[MSAA, VisibleOnly,Window]ControlType='Window' &amp;&amp; ClassName='ThunderRT6TextBox'"
\0&lt;/a&gt;
W, 3248, 13, 2012/11/13, 08:28:34.455, 7558768178950, QTAgent32.exe, &lt;a class=success&gt;Playback - {34} [SUCCESS] SetValueAsEditBox "MOTO" - "[MSAA, VisibleOnly]ControlType='Edit'"  &lt; Set via SendKeys &gt;
\0&lt;/a&gt;
W, 3248, 13, 2012/11/13, 08:28:34.970, 7558775555918, QTAgent32.exe, &lt;a class=success&gt;Playback - {35} [SUCCESS] MouseButtonClick - "[MSAA, VisibleOnly]ControlType='Button' &amp;&amp; Name='OK'"
\0&lt;/a&gt;
W, 3248, 13, 2012/11/13, 08:28:35.407, 7558781865293, QTAgent32.exe, &lt;a class=success&gt;Playback - {36} [SUCCESS] MouseButtonClick - "[MSAA, VisibleOnly]ControlType='Button' &amp;&amp; Name='Options'"
\0&lt;/a&gt;
W, 3248, 13, 2012/11/13, 08:28:35.516, 7558783438383, QTAgent32.exe, FindScreenElementInSinglePass : Attempting to find control in one pass of search. Failures can occur.
W, 3248, 13, 2012/11/13, 08:28:35.719, 7558786266429, QTAgent32.exe, &lt;a class=success&gt;Playback - {37} [SUCCESS] MouseButtonClick - "[MSAA]ControlType='MenuItem' &amp;&amp; Name='Links'"
\0&lt;/a&gt;
W, 3248, 13, 2012/11/13, 08:28:35.828, 7558787833906, QTAgent32.exe, FindScreenElementInSinglePass : Attempting to find control in one pass of search. Failures can occur.
W, 3248, 13, 2012/11/13, 08:28:36.016, 7558790511235, QTAgent32.exe, &lt;a class=success&gt;Playback - {38} [SUCCESS] MouseButtonClick - "[MSAA]ControlType='MenuItem' &amp;&amp; Name='3rd Party Integration'"
\0&lt;/a&gt;
W, 3248, 13, 2012/11/13, 08:28:36.125, 7558792084295, QTAgent32.exe, FindScreenElementInSinglePass : Attempting to find control in one pass of search. Failures can occur.
W, 3248, 13, 2012/11/13, 08:28:36.312, 7558794783796, QTAgent32.exe, &lt;a class=success&gt;Playback - {39} [SUCCESS] MouseButtonClick - "[MSAA]ControlType='MenuItem' &amp;&amp; Name='Quote Select List'"
\0&lt;/a&gt;
W, 3248, 13, 2012/11/13, 08:28:38.527, 7558826491049, QTAgent32.exe, PERF WARNING: FindTopLevelWindowHelper::FindAllDescendents: took 2082 ms. Expected it to take maximum 500 ms.
W, 3248, 13, 2012/11/13, 08:28:40.243, 7558851096117, QTAgent32.exe, &lt;a class=success&gt;Playback - {40} [SUCCESS] MouseButtonClick - "[MSAA, VisibleOnly]ControlType='Button' &amp;&amp; Name='Ok'"
\0&lt;/a&gt;
W, 3248, 13, 2012/11/13, 08:28:41.694, 7558871845547, QTAgent32.exe, PERF WARNING: FindTopLevelWindowHelper::FindAllDescendents: took 1337 ms. Expected it to take maximum 500 ms.
W, 3248, 13, 2012/11/13, 08:28:42.131, 7558878184224, QTAgent32.exe, &lt;a class=success&gt;Playback - {41} [SUCCESS] MouseButtonClick - "[MSAA, VisibleOnly]ControlType='Button' &amp;&amp; Name='Ok'"
\0&lt;/a&gt;
W, 3248, 13, 2012/11/13, 08:28:42.506, 7558883434204, QTAgent32.exe, &lt;a class=success&gt;Playback - {42} [SUCCESS] SetValueAsEditBox "Test" - "[MSAA, VisibleOnly]ControlType='Edit'"  &lt; Set via SendKeys &gt;
\0&lt;/a&gt;
W, 3248, 13, 2012/11/13, 08:28:42.693, 7558886111246, QTAgent32.exe, &lt;a class=success&gt;Playback - {43} [SUCCESS] SendKeys "{Tab}" - "[MSAA, VisibleOnly]ControlType='Edit'"
\0&lt;/a&gt;
W, 3248, 13, 2012/11/13, 08:28:43.036, 7558891029121, QTAgent32.exe, &lt;a class=success&gt;Playback - {44} [SUCCESS] SetValueAsEditBox "test" - "[MSAA, VisibleOnly]ControlType='Edit'"  &lt; Set via SendKeys &gt;
\0&lt;/a&gt;
W, 3248, 13, 2012/11/13, 08:28:43.457, 7558897061221, QTAgent32.exe, &lt;a class=success&gt;Playback - {45} [SUCCESS] SetValueAsEditBox "160485" - "[MSAA, VisibleOnly]ControlType='Edit'"  &lt; Set via SendKeys &gt;
\0&lt;/a&gt;
W, 3248, 13, 2012/11/13, 08:28:43.894, 7558903313746, QTAgent32.exe, &lt;a class=success&gt;Playback - {46} [SUCCESS] SetValueAsEditBox "B338TH" - "[MSAA, VisibleOnly]ControlType='Edit'"  &lt; Set via SendKeys &gt;
\0&lt;/a&gt;
W, 3248, 13, 2012/11/13, 08:28:46.359, 7558938600748, QTAgent32.exe, &lt;a class=success&gt;Playback - {47} [SUCCESS] MouseButtonClick - "[MSAA, VisibleOnly]ControlType='Button' &amp;&amp; Name='Lookup...'"
\0&lt;/a&gt;
W, 3248, 13, 2012/11/13, 08:28:46.811, 7558945226803, QTAgent32.exe, &lt;a class=success&gt;Playback - {48} [SUCCESS] MouseButtonClick - "[MSAA, VisibleOnly]ControlType='Button' &amp;&amp; Name='Ok'"
\0&lt;/a&gt;
W, 3248, 13, 2012/11/13, 08:28:49.027, 7558976934421, QTAgent32.exe, &lt;a class=success&gt;Playback - {49} [SUCCESS] MouseButtonClick - "[MSAA, VisibleOnly]ControlType='Button' &amp;&amp; Name='OK'"
\0&lt;/a&gt;
W, 3248, 13, 2012/11/13, 08:28:49.682, 7558986243944, QTAgent32.exe, Playback - [WARNING] Internal warning: Incorrect flag set for InvokeProgrammaticAction\0
W, 3248, 13, 2012/11/13, 08:28:50.010, 7558990882082, QTAgent32.exe, &lt;a class=success&gt;Playback - {50} [SUCCESS] SetValueAsComboBox "Account Executive" - "[MSAA, VisibleOnly]ControlType='ComboBox'"  &lt; SetValueAsComboBox, set by clicking on the item in the list box &gt;
\0&lt;/a&gt;
W, 3248, 13, 2012/11/13, 08:28:50.665, 7559000308757, QTAgent32.exe, Playback - [WARNING] Internal warning: Incorrect flag set for InvokeProgrammaticAction\0
W, 3248, 13, 2012/11/13, 08:28:50.992, 7559004958785, QTAgent32.exe, &lt;a class=success&gt;Playback - {51} [SUCCESS] SetValueAsComboBox "Acupuncture" - "[MSAA, VisibleOnly]ControlType='ComboBox'"  &lt; SetValueAsComboBox, set by clicking on the item in the list box &gt;
\0&lt;/a&gt;
W, 3248, 13, 2012/11/13, 08:28:51.492, 7559012091967, QTAgent32.exe, &lt;a class=success&gt;Playback - {52} [SUCCESS] SetValueAsEditBox "151101" - "[MSAA, VisibleOnly]ControlType='Edit'"  &lt; Set via SendKeys &gt;
\0&lt;/a&gt;
W, 3248, 13, 2012/11/13, 08:28:53.317, 7559038271698, QTAgent32.exe, &lt;a class=success&gt;Playback - {53} [SUCCESS] MouseButtonClick - "[MSAA, VisibleOnly]ControlType='Button' &amp;&amp; Name='OK'"
\0&lt;/a&gt;
W, 3248, 13, 2012/11/13, 08:28:53.847, 7559045819459, QTAgent32.exe, &lt;a class=success&gt;Playback - {54} [SUCCESS] SetValueAsEditBox "RF53OXL" - "[MSAA, VisibleOnly]ControlType='Edit'"  &lt; Set via SendKeys &gt;
\0&lt;/a&gt;
W, 3248, 13, 2012/11/13, 08:28:56.297, 7559080883000, QTAgent32.exe, &lt;a class=success&gt;Playback - {55} [SUCCESS] MouseButtonClick - "[MSAA, VisibleOnly]ControlType='Button' &amp;&amp; Name='Filter'"
\0&lt;/a&gt;
W, 3248, 13, 2012/11/13, 08:28:57.280, 7559095025220, QTAgent32.exe, &lt;a class=success&gt;Playback - {56} [SUCCESS] MouseButtonClick - "[MSAA, VisibleOnly]ControlType='Button' &amp;&amp; Name='OK'"
\0&lt;/a&gt;
W, 3248, 13, 2012/11/13, 08:28:57.810, 7559102549683, QTAgent32.exe, &lt;a class=success&gt;Playback - {57} [SUCCESS] SendKeys "^{HOME}" - "[MSAA, VisibleOnly]ControlType='Edit'"
\0&lt;/a&gt;
E, 3248, 13, 2012/11/13, 08:28:57.810, 7559102552227, QTAgent32.exe, Msaa.GetFocusedElement: could not find accessible object of foreground window
W, 3248, 13, 2012/11/13, 08:28:57.904, 7559103890136, QTAgent32.exe, &lt;a class=success&gt;Playback - {58} [SUCCESS] SendKeys "^+{END}" - "[MSAA, VisibleOnly]ControlType='Edit'"
\0&lt;/a&gt;
E, 3248, 13, 2012/11/13, 08:28:57.904, 7559103892987, QTAgent32.exe, Msaa.GetFocusedElement: could not find accessible object of foreground window
W, 3248, 13, 2012/11/13, 08:28:57.919, 7559104115582, QTAgent32.exe, &lt;a class=success&gt;Playback - {59} [SUCCESS] SendKeys "{DELETE}" - "[MSAA, VisibleOnly]ControlType='Edit'"
\0&lt;/a&gt;
W, 3248, 13, 2012/11/13, 08:28:58.138, 7559107245652, QTAgent32.exe, &lt;a class=success&gt;Playback - {60} [SUCCESS] SetValueAsEditBox "1000" - "[MSAA, VisibleOnly]ControlType='Edit'"  &lt; Set via SendKeys &gt;
\0&lt;/a&gt;
W, 3248, 13, 2012/11/13, 08:28:58.606, 7559114123864, QTAgent32.exe, &lt;a class=success&gt;Playback - {61} [SUCCESS] MouseButtonClick - "[MSAA, VisibleOnly]ControlType='Button' &amp;&amp; Name='Calculate Quote'"
\0&lt;/a&gt;
W, 3248, 13, 2012/11/13, 08:28:59.058, 7559120481769, QTAgent32.exe, &lt;a class=success&gt;Playback - {62} [SUCCESS] MouseButtonClick - "[MSAA, VisibleOnly]ControlType='Button' &amp;&amp; Name='Cancel'"
\0&lt;/a&gt;
W, 3248, 13, 2012/11/13, 08:28:59.542, 7559127533873, QTAgent32.exe, &lt;a class=success&gt;Playback - {63} [SUCCESS] MouseButtonClick - "[MSAA, VisibleOnly]ControlType='Button' &amp;&amp; Name='No'"
\0&lt;/a&gt;
W, 3248, 13, 2012/11/13, 08:29:14.924, 7559347618320, QTAgent32.exe, PERF WARNING: FindTopLevelWindowHelper::FindAllDescendents: took 15274 ms. Expected it to take maximum 500 ms.
W, 3248, 13, 2012/11/13, 08:29:15.252, 7559352274181, QTAgent32.exe, &lt;a class=success&gt;Playback - {64} [SUCCESS] MouseButtonClick - "[MSAA, VisibleOnly]ControlType='Client'"
\0&lt;/a&gt;
W, 3248, 13, 2012/11/13, 08:29:16.827, 7559374920494, QTAgent32.exe, &lt;a class=success&gt;Playback - {65} [SUCCESS] SendKeys "{Home}" - "[MSAA, VisibleOnly]ControlType='Client'"
\0&lt;/a&gt;
W, 3248, 13, 2012/11/13, 08:29:20.650, 7559429615798, QTAgent32.exe, &lt;a class=success&gt;Playback - {66} [SUCCESS] MouseButtonClick - "[MSAA, VisibleOnly]ControlType='Button' &amp;&amp; Name='Accept'"
\0&lt;/a&gt;
W, 3248, 13, 2012/11/13, 08:29:21.367, 7559439990680, QTAgent32.exe, &lt;a class=success&gt;Playback - {67} [SUCCESS] MouseButtonClick - "[MSAA, VisibleOnly]ControlType='Button' &amp;&amp; Name='Yes'"
\0&lt;/a&gt;
W, 3248, 13, 2012/11/13, 08:29:21.898, 7559447489714, QTAgent32.exe, &lt;a class=success&gt;Playback - {68} [SUCCESS] MouseButtonClick - "[MSAA, VisibleOnly]ControlType='Button' &amp;&amp; Name='Ok'"
\0&lt;/a&gt;
W, 3248, 13, 2012/11/13, 08:29:22.303, 7559453391468, QTAgent32.exe, &lt;a class=success&gt;Playback - {69} [SUCCESS] MouseButtonClick - "[MSAA, VisibleOnly]ControlType='Button' &amp;&amp; Name='Ok'"
\0&lt;/a&gt;
W, 3248, 13, 2012/11/13, 08:29:22.959, 7559462690541, QTAgent32.exe, &lt;a class=success&gt;Playback - {70} [SUCCESS] MouseButtonClick - "[MSAA, VisibleOnly]ControlType='Button' &amp;&amp; Name='Confirm'"
\0&lt;/a&gt;
W, 3248, 13, 2012/11/13, 08:29:50.947, 7559863337080, QTAgent32.exe, Playback - [WARNING] Internal warning: Window Not Found: [VisibleOnly]ControlType='Window' &amp;&amp; Name='Save the file as' &amp;&amp; ClassName='#32770'
\0
E, 3248, 13, 2012/11/13, 08:29:50.947, 7559863339890, QTAgent32.exe, &lt;a class=failure&gt;Playback - {71} [FAILED] Function ElementFetcher::FindScreenElement failed to locate UI element (Searching: ;[VisibleOnly]ControlType='Window' &amp;&amp; Name='Save the file as' &amp;&amp; ClassName='#32770') (The object specified was not found.)
\0&lt;/a&gt;
E, 3248, 13, 2012/11/13, 08:29:51.025, 7559864572743, QTAgent32.exe, Playback - [IMAGE] C:\Users\peter.zenin-ad\AppData\Local\Temp\UITestLogs\LastRun\RPF1D33.png
\0
W, 3248, 13, 2012/11/13, 08:29:51.025, 7559864574740, QTAgent32.exe, Playback - [WARNING] Internal warning: Couldn't find descendants that match QueryId
\0
W, 3248, 13, 2012/11/13, 08:29:51.025, 7559864577712, QTAgent32.exe, PERF WARNING: FindTopLevelWindowHelper::FindAllDescendents: took 27963 ms. Expected it to take maximum 500 ms.
W, 3248, 13, 2012/11/13, 08:30:09.309, 7560126233655, QTAgent32.exe, Playback - [WARNING] Internal warning: Window Not Found: [VisibleOnly]ControlType='Window' &amp;&amp; Name='Save the file as' &amp;&amp; ClassName='#32770'
\0
E, 3248, 13, 2012/11/13, 08:30:09.309, 7560126236583, QTAgent32.exe, &lt;a class=failure&gt;Playback - {72} [FAILED] Function ElementFetcher::FindScreenElement failed to locate UI element (Searching: ;[VisibleOnly]ControlType='Window' &amp;&amp; Name='Save the file as' &amp;&amp; ClassName='#32770') (The object specified was not found.)
\0&lt;/a&gt;
E, 3248, 13, 2012/11/13, 08:30:09.387, 7560127477240, QTAgent32.exe, Playback - [IMAGE] C:\Users\peter.zenin-ad\AppData\Local\Temp\UITestLogs\LastRun\RPF64ED.png
\0
W, 3248, 13, 2012/11/13, 08:30:09.387, 7560127479140, QTAgent32.exe, Playback - [WARNING] Internal warning: Couldn't find descendants that match QueryId
\0
W, 3248, 13, 2012/11/13, 08:30:09.387, 7560127481981, QTAgent32.exe, PERF WARNING: FindTopLevelWindowHelper::FindAllDescendents: took 18361 ms. Expected it to take maximum 500 ms.
W, 3248, 13, 2012/11/13, 08:30:12.570, 7560172918811, QTAgent32.exe, Playback - [WARNING] Internal warning: Smart Match failed
\0
W, 3248, 13, 2012/11/13, 08:30:14.005, 7560193468012, QTAgent32.exe, Playback - [WARNING] Internal warning: Window Not Found: [VisibleOnly]ControlType='Window' &amp;&amp; Name='Save the file as' &amp;&amp; ClassName='#32770'
\0
E, 3248, 13, 2012/11/13, 08:30:14.005, 7560193470900, QTAgent32.exe, &lt;a class=failure&gt;Playback - {73} [FAILED] Function ElementFetcher::FindScreenElement failed to locate UI element (Searching: ;[VisibleOnly]ControlType='Window' &amp;&amp; Name='Save the file as' &amp;&amp; ClassName='#32770') (The object specified was not found.)
\0&lt;/a&gt;
E, 3248, 13, 2012/11/13, 08:30:14.083, 7560194719364, QTAgent32.exe, Playback - [IMAGE] C:\Users\peter.zenin-ad\AppData\Local\Temp\UITestLogs\LastRun\RPF7746.png
\0
W, 3248, 13, 2012/11/13, 08:30:14.083, 7560194721288, QTAgent32.exe, Playback - [WARNING] Internal warning: Couldn't find descendants that match QueryId
\0
W, 3248, 13, 2012/11/13, 08:30:14.083, 7560194724103, QTAgent32.exe, PERF WARNING: FindTopLevelWindowHelper::FindAllDescendents: took 4696 ms. Expected it to take maximum 500 ms.
E, 3248, 13, 2012/11/13, 08:30:14.083, 7560194725835, QTAgent32.exe, Exception: System.Runtime.InteropServices.COMException
	Message: Error HRESULT E_FAIL has been returned from a call to a COM component.
	Stack Trace:    at Microsoft.VisualStudio.TestTools.UITest.Playback.Engine.IRPFPlayback.FindAllScreenElements(IScreenElement pScreenElementStart, String bstrQueryId, Object&amp; pvarResKeys, Int32 cResKeys, Int32 nMaxDepth, Object[]&amp; foundDescendants)
   at Microsoft.VisualStudio.TestTools.UITest.Playback.ScreenElement.FindTopLevelWindowHelper(String queryId)
	BaseExceptionMessage: Error HRESULT E_FAIL has been returned from a call to a COM component.

E, 3248, 13, 2012/11/13, 08:30:14.239, 7560196849284, QTAgent32.exe, AL: Playback Error: Microsoft.VisualStudio.TestTools.UITest.Extension.UITestControlNotFoundException: The playback failed to find the control with the given search properties. Additional Details: 
TechnologyName:  'MSAA'
ControlType:  'Window'
Name:  'Save the file as'
ClassName:  '#32770'
 ---&gt; System.Runtime.InteropServices.COMException: Error HRESULT E_FAIL has been returned from a call to a COM component.
   at Microsoft.VisualStudio.TestTools.UITest.Playback.Engine.IRPFPlayback.FindAllScreenElements(IScreenElement pScreenElementStart, String bstrQueryId, Object&amp; pvarResKeys, Int32 cResKeys, Int32 nMaxDepth, Object[]&amp; foundDescendants)
   at Microsoft.VisualStudio.TestTools.UITest.Playback.ScreenElement.FindTopLevelWindowHelper(String queryId)
   at Microsoft.VisualStudio.TestTools.UITest.Playback.ScreenElement.FindFromPartialQueryId(String queryId)
   at Microsoft.VisualStudio.TestTools.UITesting.UITestControl..ctor(String queryId)
   --- End of inner exception stack trace ---
   at Microsoft.VisualStudio.TestTools.UITesting.Playback.MapControlNotFoundException(COMException ex, IPlaybackContext context)
   at Microsoft.VisualStudio.TestTools.UITesting.Playback.MapAndThrowComException(COMException innerException, IPlaybackContext context)
   at Microsoft.VisualStudio.TestTools.UITesting.Playback.MapAndThrowException(SystemException exception, IPlaybackContext context)
   at Microsoft.VisualStudio.TestTools.UITesting.Playback.MapAndThrowException(SystemException exception, String queryId)
   at Microsoft.VisualStudio.TestTools.UITesting.UITestControl..ctor(String queryId)
   at Microsoft.VisualStudio.TestTools.UITesting.SearchHelper.SearchTopLevelWindow(ISearchArgument topLevelSearchArg, String topLevelElementQueryId)
   at Microsoft.VisualStudio.TestTools.UITesting.SearchHelper.GetTitleUpdatedTopLevelWindow(ISearchArgument topLevelSearchArg, String queryId, IList`1 windowTitles)
   at Microsoft.VisualStudio.TestTools.UITesting.SearchHelper.GetTopLevelElement(Boolean useCache, Boolean useCacheOnly, ISearchArgument searchArg, IList`1 windowTitles, Int32&amp; timeLeft)
   at Microsoft.VisualStudio.TestTools.UITesting.SearchHelper.GetElement(Boolean useCache, ISearchArgument searchArg)
   at Microsoft.VisualStudio.TestTools.UITesting.SearchHelper.Search(ISearchArgument searchArg)
   at Microsoft.VisualStudio.TestTools.UITesting.UITestControl.FindInternal()
   at Microsoft.VisualStudio.TestTools.UITesting.UITestControl.FindControlIfNecessary()
   at Microsoft.VisualStudio.TestTools.UITesting.UITestControl.Click(MouseButtons button, ModifierKeys modifierKeys, Point relativeCoordinates)
   at Microsoft.VisualStudio.TestTools.UITesting.Mouse.ClickImplementation(UITestControl control, MouseButtons button, ModifierKeys modifierKeys, Point relativeCoordinate)
   at Microsoft.VisualStudio.TestTools.UITesting.Mouse.ClickImplementationWrapper(UITestControl control, MouseButtons button, ModifierKeys modifierKeys, Point relativeCoordinate)
W, 3248, 13, 2012/11/13, 08:30:14.239, 7560196850944, QTAgent32.exe, PlaybackErrorHandler: Ignoring exception as ContinueOnError is set.
W, 3248, 13, 2012/11/13, 08:30:14.582, 7560201729921, QTAgent32.exe, &lt;a class=success&gt;Playback - {74} [SUCCESS] Check - "[MSAA, VisibleOnly]ControlType='CheckBox' &amp;&amp; Name='Defer Printing?'"
\0&lt;/a&gt;
W, 3248, 13, 2012/11/13, 08:30:15.237, 7560211113826, QTAgent32.exe, &lt;a class=success&gt;Playback - {75} [SUCCESS] MouseButtonClick - "[MSAA, VisibleOnly]ControlType='Button' &amp;&amp; Name='Ok'"
\0&lt;/a&gt;
W, 3248, 13, 2012/11/13, 08:30:17.172, 7560238913645, QTAgent32.exe, PERF WARNING: FindTopLevelWindowHelper::FindAllDescendents: took 1832 ms. Expected it to take maximum 500 ms.
W, 3248, 13, 2012/11/13, 08:30:17.531, 7560243945137, QTAgent32.exe, &lt;a class=success&gt;Playback - {76} [SUCCESS] Uncheck - "[MSAA, VisibleOnly]ControlType='CheckBox' &amp;&amp; Name='Add Activity'"
\0&lt;/a&gt;
W, 3248, 13, 2012/11/13, 08:30:20.604, 7560287959745, QTAgent32.exe, &lt;a class=success&gt;Playback - {77} [SUCCESS] MouseButtonClick - "[MSAA, VisibleOnly]ControlType='Button' &amp;&amp; Name='Ok'"
\0&lt;/a&gt;
W, 3248, 13, 2012/11/13, 08:30:20.994, 7560293655337, QTAgent32.exe, &lt;a class=success&gt;Playback - {78} [SUCCESS] MouseButtonClick - "[MSAA, VisibleOnly]ControlType='Button' &amp;&amp; Name='Ok'"
\0&lt;/a&gt;
W, 3248, 13, 2012/11/13, 08:30:31.618, 7560445655222, QTAgent32.exe, PERF WARNING: FindTopLevelWindowHelper::FindAllDescendents: took 10390 ms. Expected it to take maximum 500 ms.
W, 3248, 13, 2012/11/13, 08:30:33.912, 7560478471743, QTAgent32.exe, &lt;a class=success&gt;Playback - {79} [SUCCESS] MouseButtonClick - "[MSAA, VisibleOnly]ControlType='Button' &amp;&amp; Name='OK'"
\0&lt;/a&gt;
W, 3248, 13, 2012/11/13, 08:30:34.364, 7560485015614, QTAgent32.exe, &lt;a class=success&gt;Playback - {80} [SUCCESS] MouseButtonClick - "[MSAA, VisibleOnly]ControlType='Button' &amp;&amp; Name='Cancel'"
\0&lt;/a&gt;
W, 3248, 13, 2012/11/13, 08:30:34.894, 7560492590072, QTAgent32.exe, &lt;a class=success&gt;Playback - {81} [SUCCESS] MouseButtonClick - "[MSAA, VisibleOnly]ControlType='Button'"
\0&lt;/a&gt;
W, 3248, 13, 2012/11/13, 08:30:35.518, 7560501660077, QTAgent32.exe, &lt;a class=success&gt;Playback - {82} [SUCCESS] MouseButtonClick - "[MSAA, VisibleOnly]ControlType='Button' &amp;&amp; Name='Detail'"
\0&lt;/a&gt;
W, 3248, 13, 2012/11/13, 08:30:35.908, 7560507109684, QTAgent32.exe, Playback - [WARNING] Internal warning: Window Not Found: [VisibleOnly]ControlType='Window' &amp;&amp; Name='Policy: rty ert' &amp;&amp; ClassName='ThunderRT6MDIForm'
\0
E, 3248, 13, 2012/11/13, 08:30:35.908, 7560507112354, QTAgent32.exe, &lt;a class=failure&gt;Playback - {83} [FAILED] Function ElementFetcher::FindScreenElement failed to locate UI element (Searching: ;[VisibleOnly]ControlType='Window' &amp;&amp; Name='Policy: rty ert' &amp;&amp; ClassName='ThunderRT6MDIForm') (The object specified was not found.)
\0&lt;/a&gt;
E, 3248, 13, 2012/11/13, 08:30:35.986, 7560508322192, QTAgent32.exe, Playback - [IMAGE] C:\Users\peter.zenin-ad\AppData\Local\Temp\UITestLogs\LastRun\RPFCCD5.png
\0
W, 3248, 13, 2012/11/13, 08:30:35.986, 7560508324347, QTAgent32.exe, Playback - [WARNING] Internal warning: Couldn't find descendants that match QueryId
\0
W, 3248, 13, 2012/11/13, 08:30:54.084, 7560767342465, QTAgent32.exe, Playback - [WARNING] Internal warning: Window Not Found: [VisibleOnly]ControlType='Window' &amp;&amp; Name='Policy: rty ert' &amp;&amp; ClassName='ThunderRT6MDIForm'
\0
E, 3248, 13, 2012/11/13, 08:30:54.084, 7560767345665, QTAgent32.exe, &lt;a class=failure&gt;Playback - {84} [FAILED] Function ElementFetcher::FindScreenElement failed to locate UI element (Searching: ;[VisibleOnly]ControlType='Window' &amp;&amp; Name='Policy: rty ert' &amp;&amp; ClassName='ThunderRT6MDIForm') (The object specified was not found.)
\0&lt;/a&gt;
E, 3248, 13, 2012/11/13, 08:30:54.162, 7560768568728, QTAgent32.exe, Playback - [IMAGE] C:\Users\peter.zenin-ad\AppData\Local\Temp\UITestLogs\LastRun\RPF13D4.png
\0
W, 3248, 13, 2012/11/13, 08:30:54.162, 7560768570936, QTAgent32.exe, Playback - [WARNING] Internal warning: Couldn't find descendants that match QueryId
\0
W, 3248, 13, 2012/11/13, 08:30:54.162, 7560768573929, QTAgent32.exe, PERF WARNING: FindTopLevelWindowHelper::FindAllDescendents: took 18175 ms. Expected it to take maximum 500 ms.
W, 3248, 13, 2012/11/13, 08:30:54.786, 7560777338258, QTAgent32.exe, Playback - [WARNING] Internal warning: Window with Class "ThunderRT6MDIForm" and Title "Policy: rty ert" was not found, so similar window with Class "ThunderRT6MDIForm" and Title "Policy: autotest" was accepted
\0
W, 3248, 13, 2012/11/13, 08:30:54.786, 7560777342127, QTAgent32.exe, PERF WARNING: FindTopLevelWindowHelper::FindAllDescendents: took 612 ms. Expected it to take maximum 500 ms.
W, 3248, 13, 2012/11/13, 08:30:55.144, 7560782475173, QTAgent32.exe, &lt;a class=success&gt;Playback - {85} [SUCCESS] MouseButtonClick - "[MSAA, VisibleOnly]ControlType='Edit'"
\0&lt;/a&gt;
W, 3248, 13, 2012/11/13, 08:30:55.659, 7560790003217, QTAgent32.exe, &lt;a class=success&gt;Playback - {86} [SUCCESS] MouseButtonClick - "[MSAA, VisibleOnly]ControlType='Button' &amp;&amp; Name='Cancel'"
\0&lt;/a&gt;
W, 3248, 13, 2012/11/13, 08:30:56.112, 7560796387089, QTAgent32.exe, &lt;a class=success&gt;Playback - {87} [SUCCESS] MouseButtonClick - "[MSAA, VisibleOnly]ControlType='Button' &amp;&amp; Name='Cancel'"
\0&lt;/a&gt;
W, 3248, 13, 2012/11/13, 08:30:56.548, 7560802576537, QTAgent32.exe, &lt;a class=success&gt;Playback - {88} [SUCCESS] MouseButtonClick - "[MSAA, VisibleOnly]ControlType='Button' &amp;&amp; Name='Cancel'"
\0&lt;/a&gt;
W, 3248, 13, 2012/11/13, 08:30:56.985, 7560808933702, QTAgent32.exe, &lt;a class=success&gt;Playback - {89} [SUCCESS] MouseButtonClick - "[MSAA, VisibleOnly]ControlType='Button' &amp;&amp; Name='Close'"
\0&lt;/a&gt;
W, 3248, 13, 2012/11/13, 08:31:01.494, 7560873581736, QTAgent32.exe, IEDOM : StopSession of the plugin called before StartSession
W, 3248, 13, 2012/11/13, 08:31:01.494, 7560873582917, QTAgent32.exe, UIA : StopSession of the plugin called before StartSession
W, 3248, 13, 2012/11/13, 08:31:01.494, 7560873588565, QTAgent32.exe, SLPlugin : StopSession of the plugin called before StartSession
</DebugTrace>
      </Output>
    </UnitTestResult>
    <UnitTestResult executionId="af9f3514-66c3-46b1-9c2e-21beee1d4b1a" testId="8efed318-945d-2a9d-e29d-a71a05da5660" testName="MotoTest10" computerName="ICLVDEVAP01" duration="00:04:03.3691930" startTime="2012-11-13T08:31:01.5256361+00:00" endTime="2012-11-13T08:35:04.9152770+00:00" testType="13cdc9d9-ddb5-4fa4-a97d-d965ccfc6d4b" outcome="Passed" testListId="8c84fa94-04c1-424b-9868-57a2d4851a1d" relativeResultsDirectory="af9f3514-66c3-46b1-9c2e-21beee1d4b1a">
      <Output>
        <DebugTrace>W, 3248, 23, 2012/11/13, 08:31:01.525, 7560873995661, QTAgent32.exe, ExtensionFramework : A Technology Manager with name Web is already registered.
W, 3248, 23, 2012/11/13, 08:31:02.383, 7560886117098, QTAgent32.exe, &lt;a class=success&gt;Playback - {1} [SUCCESS] MouseButtonClick - "[MSAA, VisibleOnly]ControlType='Edit'"
\0&lt;/a&gt;
W, 3248, 23, 2012/11/13, 08:31:02.648, 7560889911217, QTAgent32.exe, &lt;a class=success&gt;Playback - {2} [SUCCESS] SendKeys "[*]" - "[MSAA, VisibleOnly]ControlType='Edit'"
\0&lt;/a&gt;
W, 3248, 23, 2012/11/13, 08:31:03.553, 7560902923381, QTAgent32.exe, &lt;a class=success&gt;Playback - {3} [SUCCESS] MouseButtonClick - "[MSAA, VisibleOnly]ControlType='Button' &amp;&amp; Name='OK'"
\0&lt;/a&gt;
W, 3248, 23, 2012/11/13, 08:31:04.240, 7560912858394, QTAgent32.exe, &lt;a class=success&gt;Playback - {4} [SUCCESS] MouseButtonClick - "[MSAA, VisibleOnly]ControlType='Button' &amp;&amp; Name='OK'"
\0&lt;/a&gt;
W, 3248, 23, 2012/11/13, 08:31:04.396, 7560914923608, QTAgent32.exe, &lt;a class=success&gt;Playback - {5} [SUCCESS] TypeString "#(R)"
\0&lt;/a&gt;
E, 3248, 23, 2012/11/13, 08:31:04.942, 7560922868091, QTAgent32.exe, Exception: System.ArgumentException
	Message: Value does not fall within the expected range.
	Stack Trace:    at Accessibility.IAccessible.get_accRole(Object varChild)
   at Microsoft.VisualStudio.TestTools.UITest.Extension.Msaa.AccWrapper.get_RoleInt()
	BaseExceptionMessage: Value does not fall within the expected range.

E, 3248, 23, 2012/11/13, 08:31:04.957, 7560922998311, QTAgent32.exe, Exception: System.ArgumentException
	Message: Value does not fall within the expected range.
	Stack Trace:    at Accessibility.IAccessible.get_accRole(Object varChild)
   at Microsoft.VisualStudio.TestTools.UITest.Extension.Msaa.AccWrapper.get_RoleInt()
	BaseExceptionMessage: Value does not fall within the expected range.

W, 3248, 23, 2012/11/13, 08:31:05.472, 7560930340592, QTAgent32.exe, &lt;a class=success&gt;Playback - {6} [SUCCESS] LeftButtonClick  &lt; Mouse cursor location (87, 908) &gt;
\0&lt;/a&gt;
W, 3248, 23, 2012/11/13, 08:31:06.549, 7560945751268, QTAgent32.exe, &lt;a class=success&gt;Playback - {7} [SUCCESS] SetValueAsEditBox "c:\TestProject7\office.reg"  &lt; Set via SendKeys &gt;
\0&lt;/a&gt;
W, 3248, 23, 2012/11/13, 08:31:06.549, 7560945753475, QTAgent32.exe, &lt;a class=success&gt;Playback - {8} [SUCCESS] SetValueAsComboBox "c:\TestProject7\office.reg" - "[MSAA, VisibleOnly]ControlType='ComboBox' &amp;&amp; Name='Open:'"  &lt; Set via SetValueAsEditBox &gt;
\0&lt;/a&gt;
W, 3248, 23, 2012/11/13, 08:31:06.985, 7560952144429, QTAgent32.exe, &lt;a class=success&gt;Playback - {9} [SUCCESS] MouseButtonClick - "[MSAA, VisibleOnly]ControlType='Button' &amp;&amp; Name='OK'"
\0&lt;/a&gt;
W, 3248, 23, 2012/11/13, 08:31:07.625, 7560961225134, QTAgent32.exe, &lt;a class=success&gt;Playback - {10} [SUCCESS] MouseButtonClick - "[MSAA, VisibleOnly]ControlType='Button' &amp;&amp; Name='Yes'"
\0&lt;/a&gt;
W, 3248, 23, 2012/11/13, 08:31:08.140, 7560968594019, QTAgent32.exe, &lt;a class=success&gt;Playback - {11} [SUCCESS] MouseButtonClick - "[MSAA, VisibleOnly]ControlType='Button' &amp;&amp; Name='OK'"
\0&lt;/a&gt;
W, 3248, 23, 2012/11/13, 08:31:08.608, 7560975450296, QTAgent32.exe, &lt;a class=success&gt;Playback - {12} [SUCCESS] MouseButtonClick - "[MSAA, VisibleOnly]ControlType='Button' &amp;&amp; Name='Clients &amp; Files'"
\0&lt;/a&gt;
W, 3248, 23, 2012/11/13, 08:31:09.528, 7560988421212, QTAgent32.exe, Playback - [WARNING] Internal warning: Window Not Found: [VisibleOnly]ControlType='Window' &amp;&amp; Name='Customer: txt1 tdsfs' &amp;&amp; ClassName='ThunderRT6MDIForm'
\0
E, 3248, 23, 2012/11/13, 08:31:09.528, 7560988424087, QTAgent32.exe, &lt;a class=failure&gt;Playback - {13} [FAILED] Function ElementFetcher::FindScreenElement failed to locate UI element (Searching: ;[VisibleOnly]ControlType='Window' &amp;&amp; Name='Customer: txt1 tdsfs' &amp;&amp; ClassName='ThunderRT6MDIForm') (The object specified was not found.)
\0&lt;/a&gt;
E, 3248, 23, 2012/11/13, 08:31:09.622, 7560989862994, QTAgent32.exe, Playback - [IMAGE] C:\Users\peter.zenin-ad\AppData\Local\Temp\UITestLogs\LastRun\RPF5029.png
\0
W, 3248, 23, 2012/11/13, 08:31:09.622, 7560989865249, QTAgent32.exe, Playback - [WARNING] Internal warning: Couldn't find descendants that match QueryId
\0
W, 3248, 23, 2012/11/13, 08:31:09.622, 7560989868160, QTAgent32.exe, PERF WARNING: FindTopLevelWindowHelper::FindAllDescendents: took 866 ms. Expected it to take maximum 500 ms.
W, 3248, 23, 2012/11/13, 08:31:27.625, 7561247528085, QTAgent32.exe, Playback - [WARNING] Internal warning: Window Not Found: [VisibleOnly]ControlType='Window' &amp;&amp; Name='Customer: txt1 tdsfs' &amp;&amp; ClassName='ThunderRT6MDIForm'
\0
E, 3248, 23, 2012/11/13, 08:31:27.625, 7561247530835, QTAgent32.exe, &lt;a class=failure&gt;Playback - {14} [FAILED] Function ElementFetcher::FindScreenElement failed to locate UI element (Searching: ;[VisibleOnly]ControlType='Window' &amp;&amp; Name='Customer: txt1 tdsfs' &amp;&amp; ClassName='ThunderRT6MDIForm') (The object specified was not found.)
\0&lt;/a&gt;
E, 3248, 23, 2012/11/13, 08:31:27.703, 7561248838216, QTAgent32.exe, Playback - [IMAGE] C:\Users\peter.zenin-ad\AppData\Local\Temp\UITestLogs\LastRun\RPF96DA.png
\0
W, 3248, 23, 2012/11/13, 08:31:27.703, 7561248840368, QTAgent32.exe, Playback - [WARNING] Internal warning: Couldn't find descendants that match QueryId
\0
W, 3248, 23, 2012/11/13, 08:31:27.703, 7561248843289, QTAgent32.exe, PERF WARNING: FindTopLevelWindowHelper::FindAllDescendents: took 18086 ms. Expected it to take maximum 500 ms.
W, 3248, 23, 2012/11/13, 08:31:28.296, 7561257190325, QTAgent32.exe, Playback - [WARNING] Internal warning: Window with Class "ThunderRT6MDIForm" and Title "Customer: txt1 tdsfs" was not found, so similar window with Class "ThunderRT6MDIForm" and Title "Customer: autotest" was accepted
\0
W, 3248, 23, 2012/11/13, 08:31:28.296, 7561257194305, QTAgent32.exe, PERF WARNING: FindTopLevelWindowHelper::FindAllDescendents: took 583 ms. Expected it to take maximum 500 ms.
W, 3248, 23, 2012/11/13, 08:31:28.780, 7561264132684, QTAgent32.exe, Playback - [WARNING] Internal warning: Incorrect flag set for InvokeProgrammaticAction\0
W, 3248, 23, 2012/11/13, 08:31:29.108, 7561268755391, QTAgent32.exe, &lt;a class=success&gt;Playback - {15} [SUCCESS] SetValueAsComboBox "Customers" - "[MSAA, VisibleOnly]ControlType='ComboBox'"  &lt; SetValueAsComboBox, set by clicking on the item in the list box &gt;
\0&lt;/a&gt;
W, 3248, 23, 2012/11/13, 08:31:29.778, 7561278455362, QTAgent32.exe, &lt;a class=success&gt;Playback - {16} [SUCCESS] MouseButtonClick - "[MSAA, VisibleOnly]ControlType='Button' &amp;&amp; Name='Add'"
\0&lt;/a&gt;
W, 3248, 23, 2012/11/13, 08:31:30.200, 7561284370895, QTAgent32.exe, &lt;a class=success&gt;Playback - {17} [SUCCESS] SendKeys "autotest" - "[MSAA, VisibleOnly]ControlType='RadioButton' &amp;&amp; Name='Personal Lines'"
\0&lt;/a&gt;
W, 3248, 23, 2012/11/13, 08:31:30.668, 7561291074764, QTAgent32.exe, &lt;a class=success&gt;Playback - {18} [SUCCESS] SetValueAsEditBox "autotest" - "[MSAA, VisibleOnly]ControlType='Edit'"  &lt; Set via SendKeys &gt;
\0&lt;/a&gt;
W, 3248, 23, 2012/11/13, 08:31:31.214, 7561298902297, QTAgent32.exe, &lt;a class=success&gt;Playback - {19} [SUCCESS] MouseButtonClick - "[MSAA, VisibleOnly]ControlType='Button' &amp;&amp; Name='OK'"
\0&lt;/a&gt;
W, 3248, 23, 2012/11/13, 08:31:31.806, 7561307474969, QTAgent32.exe, &lt;a class=success&gt;Playback - {20} [SUCCESS] MouseButtonClick - "[MSAA, VisibleOnly]ControlType='Button' &amp;&amp; Name='Yes'"
\0&lt;/a&gt;
W, 3248, 23, 2012/11/13, 08:31:32.025, 7561310503673, QTAgent32.exe, &lt;a class=success&gt;Playback - {21} [SUCCESS] SendKeys "^{HOME}" - "[MSAA, VisibleOnly]ControlType='Edit'"
\0&lt;/a&gt;
E, 3248, 23, 2012/11/13, 08:31:32.025, 7561310506198, QTAgent32.exe, Msaa.GetFocusedElement: could not find accessible object of foreground window
W, 3248, 23, 2012/11/13, 08:31:32.103, 7561311620553, QTAgent32.exe, &lt;a class=success&gt;Playback - {22} [SUCCESS] SendKeys "^+{END}" - "[MSAA, VisibleOnly]ControlType='Edit'"
\0&lt;/a&gt;
E, 3248, 23, 2012/11/13, 08:31:32.103, 7561311622729, QTAgent32.exe, Msaa.GetFocusedElement: could not find accessible object of foreground window
W, 3248, 23, 2012/11/13, 08:31:32.119, 7561311844305, QTAgent32.exe, &lt;a class=success&gt;Playback - {23} [SUCCESS] SendKeys "{DELETE}" - "[MSAA, VisibleOnly]ControlType='Edit'"
\0&lt;/a&gt;
W, 3248, 23, 2012/11/13, 08:31:32.197, 7561312963868, QTAgent32.exe, &lt;a class=success&gt;Playback - {24} [SUCCESS] SetValueAsEditBox "1" - "[MSAA, VisibleOnly]ControlType='Edit'"  &lt; Set via SendKeys &gt;
\0&lt;/a&gt;
W, 3248, 23, 2012/11/13, 08:31:32.415, 7561316088091, QTAgent32.exe, &lt;a class=success&gt;Playback - {25} [SUCCESS] SendKeys "^{HOME}" - "[MSAA, VisibleOnly]ControlType='Edit'"
\0&lt;/a&gt;
E, 3248, 23, 2012/11/13, 08:31:32.415, 7561316090568, QTAgent32.exe, Msaa.GetFocusedElement: could not find accessible object of foreground window
W, 3248, 23, 2012/11/13, 08:31:32.509, 7561317427393, QTAgent32.exe, &lt;a class=success&gt;Playback - {26} [SUCCESS] SendKeys "^+{END}" - "[MSAA, VisibleOnly]ControlType='Edit'"
\0&lt;/a&gt;
E, 3248, 23, 2012/11/13, 08:31:32.509, 7561317429714, QTAgent32.exe, Msaa.GetFocusedElement: could not find accessible object of foreground window
W, 3248, 23, 2012/11/13, 08:31:32.524, 7561317651213, QTAgent32.exe, &lt;a class=success&gt;Playback - {27} [SUCCESS] SendKeys "{DELETE}" - "[MSAA, VisibleOnly]ControlType='Edit'"
\0&lt;/a&gt;
W, 3248, 23, 2012/11/13, 08:31:32.602, 7561318770623, QTAgent32.exe, &lt;a class=success&gt;Playback - {28} [SUCCESS] SetValueAsEditBox "1" - "[MSAA, VisibleOnly]ControlType='Edit'"  &lt; Set via SendKeys &gt;
\0&lt;/a&gt;
W, 3248, 23, 2012/11/13, 08:31:33.164, 7561326900958, QTAgent32.exe, &lt;a class=success&gt;Playback - {29} [SUCCESS] MouseButtonClick - "[MSAA, VisibleOnly]ControlType='Button' &amp;&amp; Name='OK'"
\0&lt;/a&gt;
W, 3248, 23, 2012/11/13, 08:31:33.679, 7561334334144, QTAgent32.exe, &lt;a class=success&gt;Playback - {30} [SUCCESS] MouseButtonClick - "[MSAA, VisibleOnly]ControlType='Button'"
\0&lt;/a&gt;
W, 3248, 23, 2012/11/13, 08:31:34.193, 7561341628481, QTAgent32.exe, &lt;a class=success&gt;Playback - {31} [SUCCESS] MouseButtonClick - "[MSAA, VisibleOnly]ControlType='Button' &amp;&amp; Name='Add'"
\0&lt;/a&gt;
W, 3248, 23, 2012/11/13, 08:31:34.693, 7561348885056, QTAgent32.exe, &lt;a class=success&gt;Playback - {32} [SUCCESS] MouseButtonClick - "[MSAA, VisibleOnly]ControlType='Button' &amp;&amp; Name='OK'"
\0&lt;/a&gt;
W, 3248, 23, 2012/11/13, 08:31:37.204, 7561384659220, QTAgent32.exe, &lt;a class=success&gt;Playback - {33} [SUCCESS] MouseButtonClick - "[MSAA, VisibleOnly,Window]ControlType='Window' &amp;&amp; ClassName='ThunderRT6TextBox'"
\0&lt;/a&gt;
W, 3248, 23, 2012/11/13, 08:31:37.548, 7561389577912, QTAgent32.exe, &lt;a class=success&gt;Playback - {34} [SUCCESS] SetValueAsEditBox "MOTO" - "[MSAA, VisibleOnly]ControlType='Edit'"  &lt; Set via SendKeys &gt;
\0&lt;/a&gt;
W, 3248, 23, 2012/11/13, 08:31:38.062, 7561397151153, QTAgent32.exe, &lt;a class=success&gt;Playback - {35} [SUCCESS] MouseButtonClick - "[MSAA, VisibleOnly]ControlType='Button' &amp;&amp; Name='OK'"
\0&lt;/a&gt;
W, 3248, 23, 2012/11/13, 08:31:38.499, 7561403269410, QTAgent32.exe, &lt;a class=success&gt;Playback - {36} [SUCCESS] MouseButtonClick - "[MSAA, VisibleOnly]ControlType='Button' &amp;&amp; Name='Options'"
\0&lt;/a&gt;
W, 3248, 23, 2012/11/13, 08:31:38.608, 7561404767090, QTAgent32.exe, FindScreenElementInSinglePass : Attempting to find control in one pass of search. Failures can occur.
W, 3248, 23, 2012/11/13, 08:31:38.780, 7561407220016, QTAgent32.exe, &lt;a class=success&gt;Playback - {37} [SUCCESS] MouseButtonClick - "[MSAA]ControlType='MenuItem' &amp;&amp; Name='Links'"
\0&lt;/a&gt;
W, 3248, 23, 2012/11/13, 08:31:38.889, 7561408790682, QTAgent32.exe, FindScreenElementInSinglePass : Attempting to find control in one pass of search. Failures can occur.
W, 3248, 23, 2012/11/13, 08:31:39.077, 7561411464107, QTAgent32.exe, &lt;a class=success&gt;Playback - {38} [SUCCESS] MouseButtonClick - "[MSAA]ControlType='MenuItem' &amp;&amp; Name='3rd Party Integration'"
\0&lt;/a&gt;
W, 3248, 23, 2012/11/13, 08:31:39.186, 7561413032033, QTAgent32.exe, FindScreenElementInSinglePass : Attempting to find control in one pass of search. Failures can occur.
W, 3248, 23, 2012/11/13, 08:31:39.373, 7561415736387, QTAgent32.exe, &lt;a class=success&gt;Playback - {39} [SUCCESS] MouseButtonClick - "[MSAA]ControlType='MenuItem' &amp;&amp; Name='Quote Select List'"
\0&lt;/a&gt;
W, 3248, 23, 2012/11/13, 08:31:41.151, 7561441169863, QTAgent32.exe, PERF WARNING: FindTopLevelWindowHelper::FindAllDescendents: took 1658 ms. Expected it to take maximum 500 ms.
W, 3248, 23, 2012/11/13, 08:31:42.914, 7561466577972, QTAgent32.exe, &lt;a class=success&gt;Playback - {40} [SUCCESS] MouseButtonClick - "[MSAA, VisibleOnly]ControlType='Button' &amp;&amp; Name='Ok'"
\0&lt;/a&gt;
W, 3248, 23, 2012/11/13, 08:31:44.287, 7561486101663, QTAgent32.exe, PERF WARNING: FindTopLevelWindowHelper::FindAllDescendents: took 1261 ms. Expected it to take maximum 500 ms.
W, 3248, 23, 2012/11/13, 08:31:44.693, 7561491995037, QTAgent32.exe, &lt;a class=success&gt;Playback - {41} [SUCCESS] MouseButtonClick - "[MSAA, VisibleOnly]ControlType='Button' &amp;&amp; Name='Ok'"
\0&lt;/a&gt;
W, 3248, 23, 2012/11/13, 08:31:45.067, 7561497238837, QTAgent32.exe, &lt;a class=success&gt;Playback - {42} [SUCCESS] SetValueAsEditBox "Test" - "[MSAA, VisibleOnly]ControlType='Edit'"  &lt; Set via SendKeys &gt;
\0&lt;/a&gt;
W, 3248, 23, 2012/11/13, 08:31:45.301, 7561500587735, QTAgent32.exe, &lt;a class=success&gt;Playback - {43} [SUCCESS] SendKeys "{Tab}" - "[MSAA, VisibleOnly]ControlType='Edit'"
\0&lt;/a&gt;
W, 3248, 23, 2012/11/13, 08:31:45.676, 7561505952469, QTAgent32.exe, &lt;a class=success&gt;Playback - {44} [SUCCESS] SetValueAsEditBox "test" - "[MSAA, VisibleOnly]ControlType='Edit'"  &lt; Set via SendKeys &gt;
\0&lt;/a&gt;
W, 3248, 23, 2012/11/13, 08:31:46.097, 7561511983892, QTAgent32.exe, &lt;a class=success&gt;Playback - {45} [SUCCESS] SetValueAsEditBox "160485" - "[MSAA, VisibleOnly]ControlType='Edit'"  &lt; Set via SendKeys &gt;
\0&lt;/a&gt;
W, 3248, 23, 2012/11/13, 08:31:46.643, 7561519798850, QTAgent32.exe, &lt;a class=success&gt;Playback - {46} [SUCCESS] SetValueAsEditBox "B338TH" - "[MSAA, VisibleOnly]ControlType='Edit'"  &lt; Set via SendKeys &gt;
\0&lt;/a&gt;
W, 3248, 23, 2012/11/13, 08:31:49.123, 7561555309506, QTAgent32.exe, &lt;a class=success&gt;Playback - {47} [SUCCESS] MouseButtonClick - "[MSAA, VisibleOnly]ControlType='Button' &amp;&amp; Name='Lookup...'"
\0&lt;/a&gt;
W, 3248, 23, 2012/11/13, 08:31:49.560, 7561561710355, QTAgent32.exe, &lt;a class=success&gt;Playback - {48} [SUCCESS] MouseButtonClick - "[MSAA, VisibleOnly]ControlType='Button' &amp;&amp; Name='Ok'"
\0&lt;/a&gt;
W, 3248, 23, 2012/11/13, 08:31:51.666, 7561591874904, QTAgent32.exe, &lt;a class=success&gt;Playback - {49} [SUCCESS] MouseButtonClick - "[MSAA, VisibleOnly]ControlType='Button' &amp;&amp; Name='OK'"
\0&lt;/a&gt;
W, 3248, 23, 2012/11/13, 08:31:52.306, 7561601035118, QTAgent32.exe, Playback - [WARNING] Internal warning: Incorrect flag set for InvokeProgrammaticAction\0
W, 3248, 23, 2012/11/13, 08:31:52.634, 7561605580960, QTAgent32.exe, &lt;a class=success&gt;Playback - {50} [SUCCESS] SetValueAsComboBox "Account Executive" - "[MSAA, VisibleOnly]ControlType='ComboBox'"  &lt; SetValueAsComboBox, set by clicking on the item in the list box &gt;
\0&lt;/a&gt;
W, 3248, 23, 2012/11/13, 08:31:53.305, 7561615217903, QTAgent32.exe, Playback - [WARNING] Internal warning: Incorrect flag set for InvokeProgrammaticAction\0
W, 3248, 23, 2012/11/13, 08:31:53.648, 7561620102324, QTAgent32.exe, &lt;a class=success&gt;Playback - {51} [SUCCESS] SetValueAsComboBox "Acupuncture" - "[MSAA, VisibleOnly]ControlType='ComboBox'"  &lt; SetValueAsComboBox, set by clicking on the item in the list box &gt;
\0&lt;/a&gt;
W, 3248, 23, 2012/11/13, 08:31:54.131, 7561627014341, QTAgent32.exe, &lt;a class=success&gt;Playback - {52} [SUCCESS] SetValueAsEditBox "151101" - "[MSAA, VisibleOnly]ControlType='Edit'"  &lt; Set via SendKeys &gt;
\0&lt;/a&gt;
W, 3248, 23, 2012/11/13, 08:31:55.879, 7561652038381, QTAgent32.exe, &lt;a class=success&gt;Playback - {53} [SUCCESS] MouseButtonClick - "[MSAA, VisibleOnly]ControlType='Button' &amp;&amp; Name='OK'"
\0&lt;/a&gt;
W, 3248, 23, 2012/11/13, 08:31:56.378, 7561659178595, QTAgent32.exe, &lt;a class=success&gt;Playback - {54} [SUCCESS] SetValueAsEditBox "RF53OXL" - "[MSAA, VisibleOnly]ControlType='Edit'"  &lt; Set via SendKeys &gt;
\0&lt;/a&gt;
W, 3248, 23, 2012/11/13, 08:31:58.827, 7561694319163, QTAgent32.exe, &lt;a class=success&gt;Playback - {55} [SUCCESS] MouseButtonClick - "[MSAA, VisibleOnly]ControlType='Button' &amp;&amp; Name='Filter'"
\0&lt;/a&gt;
W, 3248, 23, 2012/11/13, 08:31:59.545, 7561704724168, QTAgent32.exe, &lt;a class=success&gt;Playback - {56} [SUCCESS] MouseButtonClick - "[MSAA, VisibleOnly]ControlType='Button' &amp;&amp; Name='OK'"
\0&lt;/a&gt;
W, 3248, 23, 2012/11/13, 08:31:59.794, 7561708091220, QTAgent32.exe, &lt;a class=success&gt;Playback - {57} [SUCCESS] SendKeys "^{HOME}" - "[MSAA, VisibleOnly]ControlType='Edit'"
\0&lt;/a&gt;
E, 3248, 23, 2012/11/13, 08:31:59.794, 7561708093807, QTAgent32.exe, Msaa.GetFocusedElement: could not find accessible object of foreground window
W, 3248, 23, 2012/11/13, 08:31:59.888, 7561709430492, QTAgent32.exe, &lt;a class=success&gt;Playback - {58} [SUCCESS] SendKeys "^+{END}" - "[MSAA, VisibleOnly]ControlType='Edit'"
\0&lt;/a&gt;
E, 3248, 23, 2012/11/13, 08:31:59.888, 7561709433077, QTAgent32.exe, Msaa.GetFocusedElement: could not find accessible object of foreground window
W, 3248, 23, 2012/11/13, 08:31:59.904, 7561709654711, QTAgent32.exe, &lt;a class=success&gt;Playback - {59} [SUCCESS] SendKeys "{DELETE}" - "[MSAA, VisibleOnly]ControlType='Edit'"
\0&lt;/a&gt;
W, 3248, 23, 2012/11/13, 08:32:00.122, 7561712785829, QTAgent32.exe, &lt;a class=success&gt;Playback - {60} [SUCCESS] SetValueAsEditBox "1000" - "[MSAA, VisibleOnly]ControlType='Edit'"  &lt; Set via SendKeys &gt;
\0&lt;/a&gt;
W, 3248, 23, 2012/11/13, 08:32:00.590, 7561719621701, QTAgent32.exe, &lt;a class=success&gt;Playback - {61} [SUCCESS] MouseButtonClick - "[MSAA, VisibleOnly]ControlType='Button' &amp;&amp; Name='Calculate Quote'"
\0&lt;/a&gt;
W, 3248, 23, 2012/11/13, 08:32:01.058, 7561726223487, QTAgent32.exe, &lt;a class=success&gt;Playback - {62} [SUCCESS] MouseButtonClick - "[MSAA, VisibleOnly]ControlType='Button' &amp;&amp; Name='Cancel'"
\0&lt;/a&gt;
W, 3248, 23, 2012/11/13, 08:32:01.542, 7561733120035, QTAgent32.exe, &lt;a class=success&gt;Playback - {63} [SUCCESS] MouseButtonClick - "[MSAA, VisibleOnly]ControlType='Button' &amp;&amp; Name='No'"
\0&lt;/a&gt;
W, 3248, 23, 2012/11/13, 08:32:12.572, 7561891039641, QTAgent32.exe, PERF WARNING: FindTopLevelWindowHelper::FindAllDescendents: took 10920 ms. Expected it to take maximum 500 ms.
W, 3248, 23, 2012/11/13, 08:32:12.915, 7561895942226, QTAgent32.exe, &lt;a class=success&gt;Playback - {64} [SUCCESS] MouseButtonClick - "[MSAA, VisibleOnly]ControlType='Client'"
\0&lt;/a&gt;
W, 3248, 23, 2012/11/13, 08:32:14.475, 7561918418335, QTAgent32.exe, &lt;a class=success&gt;Playback - {65} [SUCCESS] SendKeys "{Home}" - "[MSAA, VisibleOnly]ControlType='Client'"
\0&lt;/a&gt;
W, 3248, 23, 2012/11/13, 08:32:18.235, 7561972127258, QTAgent32.exe, &lt;a class=success&gt;Playback - {66} [SUCCESS] MouseButtonClick - "[MSAA, VisibleOnly]ControlType='Button' &amp;&amp; Name='Accept'"
\0&lt;/a&gt;
W, 3248, 23, 2012/11/13, 08:32:18.796, 7561980256930, QTAgent32.exe, &lt;a class=success&gt;Playback - {67} [SUCCESS] MouseButtonClick - "[MSAA, VisibleOnly]ControlType='Button' &amp;&amp; Name='Yes'"
\0&lt;/a&gt;
W, 3248, 23, 2012/11/13, 08:32:19.296, 7561987402535, QTAgent32.exe, &lt;a class=success&gt;Playback - {68} [SUCCESS] MouseButtonClick - "[MSAA, VisibleOnly]ControlType='Button' &amp;&amp; Name='Ok'"
\0&lt;/a&gt;
W, 3248, 23, 2012/11/13, 08:32:19.701, 7561993154121, QTAgent32.exe, &lt;a class=success&gt;Playback - {69} [SUCCESS] MouseButtonClick - "[MSAA, VisibleOnly]ControlType='Button' &amp;&amp; Name='Ok'"
\0&lt;/a&gt;
W, 3248, 23, 2012/11/13, 08:32:20.294, 7562001778090, QTAgent32.exe, &lt;a class=success&gt;Playback - {70} [SUCCESS] MouseButtonClick - "[MSAA, VisibleOnly]ControlType='Button' &amp;&amp; Name='Confirm'"
\0&lt;/a&gt;
W, 3248, 23, 2012/11/13, 08:32:47.471, 7562390698095, QTAgent32.exe, Playback - [WARNING] Internal warning: Window Not Found: [VisibleOnly]ControlType='Window' &amp;&amp; Name='Save the file as' &amp;&amp; ClassName='#32770'
\0
E, 3248, 23, 2012/11/13, 08:32:47.471, 7562390700943, QTAgent32.exe, &lt;a class=failure&gt;Playback - {71} [FAILED] Function ElementFetcher::FindScreenElement failed to locate UI element (Searching: ;[VisibleOnly]ControlType='Window' &amp;&amp; Name='Save the file as' &amp;&amp; ClassName='#32770') (The object specified was not found.)
\0&lt;/a&gt;
E, 3248, 23, 2012/11/13, 08:32:47.580, 7562392340799, QTAgent32.exe, Playback - [IMAGE] C:\Users\peter.zenin-ad\AppData\Local\Temp\UITestLogs\LastRun\RPFCEBD.png
\0
W, 3248, 23, 2012/11/13, 08:32:47.580, 7562392342951, QTAgent32.exe, Playback - [WARNING] Internal warning: Couldn't find descendants that match QueryId
\0
W, 3248, 23, 2012/11/13, 08:32:47.580, 7562392345914, QTAgent32.exe, PERF WARNING: FindTopLevelWindowHelper::FindAllDescendents: took 27181 ms. Expected it to take maximum 500 ms.
W, 3248, 23, 2012/11/13, 08:33:06.130, 7562657843626, QTAgent32.exe, Playback - [WARNING] Internal warning: Window Not Found: [VisibleOnly]ControlType='Window' &amp;&amp; Name='Save the file as' &amp;&amp; ClassName='#32770'
\0
E, 3248, 23, 2012/11/13, 08:33:06.130, 7562657846470, QTAgent32.exe, &lt;a class=failure&gt;Playback - {72} [FAILED] Function ElementFetcher::FindScreenElement failed to locate UI element (Searching: ;[VisibleOnly]ControlType='Window' &amp;&amp; Name='Save the file as' &amp;&amp; ClassName='#32770') (The object specified was not found.)
\0&lt;/a&gt;
E, 3248, 23, 2012/11/13, 08:33:06.239, 7562659453423, QTAgent32.exe, Playback - [IMAGE] C:\Users\peter.zenin-ad\AppData\Local\Temp\UITestLogs\LastRun\RPF179F.png
\0
W, 3248, 23, 2012/11/13, 08:33:06.239, 7562659455620, QTAgent32.exe, Playback - [WARNING] Internal warning: Couldn't find descendants that match QueryId
\0
W, 3248, 23, 2012/11/13, 08:33:06.239, 7562659458598, QTAgent32.exe, PERF WARNING: FindTopLevelWindowHelper::FindAllDescendents: took 18655 ms. Expected it to take maximum 500 ms.
W, 3248, 23, 2012/11/13, 08:33:09.390, 7562704526570, QTAgent32.exe, Playback - [WARNING] Internal warning: Smart Match failed
\0
W, 3248, 23, 2012/11/13, 08:33:10.825, 7562725075109, QTAgent32.exe, Playback - [WARNING] Internal warning: Window Not Found: [VisibleOnly]ControlType='Window' &amp;&amp; Name='Save the file as' &amp;&amp; ClassName='#32770'
\0
E, 3248, 23, 2012/11/13, 08:33:10.825, 7562725077852, QTAgent32.exe, &lt;a class=failure&gt;Playback - {73} [FAILED] Function ElementFetcher::FindScreenElement failed to locate UI element (Searching: ;[VisibleOnly]ControlType='Window' &amp;&amp; Name='Save the file as' &amp;&amp; ClassName='#32770') (The object specified was not found.)
\0&lt;/a&gt;
E, 3248, 23, 2012/11/13, 08:33:10.919, 7562726580318, QTAgent32.exe, Playback - [IMAGE] C:\Users\peter.zenin-ad\AppData\Local\Temp\UITestLogs\LastRun\RPF29F8.png
\0
W, 3248, 23, 2012/11/13, 08:33:10.919, 7562726582404, QTAgent32.exe, Playback - [WARNING] Internal warning: Couldn't find descendants that match QueryId
\0
W, 3248, 23, 2012/11/13, 08:33:10.919, 7562726585833, QTAgent32.exe, PERF WARNING: FindTopLevelWindowHelper::FindAllDescendents: took 4688 ms. Expected it to take maximum 500 ms.
E, 3248, 23, 2012/11/13, 08:33:10.919, 7562726587693, QTAgent32.exe, Exception: System.Runtime.InteropServices.COMException
	Message: Error HRESULT E_FAIL has been returned from a call to a COM component.
	Stack Trace:    at Microsoft.VisualStudio.TestTools.UITest.Playback.Engine.IRPFPlayback.FindAllScreenElements(IScreenElement pScreenElementStart, String bstrQueryId, Object&amp; pvarResKeys, Int32 cResKeys, Int32 nMaxDepth, Object[]&amp; foundDescendants)
   at Microsoft.VisualStudio.TestTools.UITest.Playback.ScreenElement.FindTopLevelWindowHelper(String queryId)
	BaseExceptionMessage: Error HRESULT E_FAIL has been returned from a call to a COM component.

E, 3248, 23, 2012/11/13, 08:33:11.075, 7562728645555, QTAgent32.exe, AL: Playback Error: Microsoft.VisualStudio.TestTools.UITest.Extension.UITestControlNotFoundException: The playback failed to find the control with the given search properties. Additional Details: 
TechnologyName:  'MSAA'
ControlType:  'Window'
Name:  'Save the file as'
ClassName:  '#32770'
 ---&gt; System.Runtime.InteropServices.COMException: Error HRESULT E_FAIL has been returned from a call to a COM component.
   at Microsoft.VisualStudio.TestTools.UITest.Playback.Engine.IRPFPlayback.FindAllScreenElements(IScreenElement pScreenElementStart, String bstrQueryId, Object&amp; pvarResKeys, Int32 cResKeys, Int32 nMaxDepth, Object[]&amp; foundDescendants)
   at Microsoft.VisualStudio.TestTools.UITest.Playback.ScreenElement.FindTopLevelWindowHelper(String queryId)
   at Microsoft.VisualStudio.TestTools.UITest.Playback.ScreenElement.FindFromPartialQueryId(String queryId)
   at Microsoft.VisualStudio.TestTools.UITesting.UITestControl..ctor(String queryId)
   --- End of inner exception stack trace ---
   at Microsoft.VisualStudio.TestTools.UITesting.Playback.MapControlNotFoundException(COMException ex, IPlaybackContext context)
   at Microsoft.VisualStudio.TestTools.UITesting.Playback.MapAndThrowComException(COMException innerException, IPlaybackContext context)
   at Microsoft.VisualStudio.TestTools.UITesting.Playback.MapAndThrowException(SystemException exception, IPlaybackContext context)
   at Microsoft.VisualStudio.TestTools.UITesting.Playback.MapAndThrowException(SystemException exception, String queryId)
   at Microsoft.VisualStudio.TestTools.UITesting.UITestControl..ctor(String queryId)
   at Microsoft.VisualStudio.TestTools.UITesting.SearchHelper.SearchTopLevelWindow(ISearchArgument topLevelSearchArg, String topLevelElementQueryId)
   at Microsoft.VisualStudio.TestTools.UITesting.SearchHelper.GetTitleUpdatedTopLevelWindow(ISearchArgument topLevelSearchArg, String queryId, IList`1 windowTitles)
   at Microsoft.VisualStudio.TestTools.UITesting.SearchHelper.GetTopLevelElement(Boolean useCache, Boolean useCacheOnly, ISearchArgument searchArg, IList`1 windowTitles, Int32&amp; timeLeft)
   at Microsoft.VisualStudio.TestTools.UITesting.SearchHelper.GetElement(Boolean useCache, ISearchArgument searchArg)
   at Microsoft.VisualStudio.TestTools.UITesting.SearchHelper.Search(ISearchArgument searchArg)
   at Microsoft.VisualStudio.TestTools.UITesting.UITestControl.FindInternal()
   at Microsoft.VisualStudio.TestTools.UITesting.UITestControl.FindControlIfNecessary()
   at Microsoft.VisualStudio.TestTools.UITesting.UITestControl.Click(MouseButtons button, ModifierKeys modifierKeys, Point relativeCoordinates)
   at Microsoft.VisualStudio.TestTools.UITesting.Mouse.ClickImplementation(UITestControl control, MouseButtons button, ModifierKeys modifierKeys, Point relativeCoordinate)
   at Microsoft.VisualStudio.TestTools.UITesting.Mouse.ClickImplementationWrapper(UITestControl control, MouseButtons button, ModifierKeys modifierKeys, Point relativeCoordinate)
W, 3248, 23, 2012/11/13, 08:33:11.075, 7562728647474, QTAgent32.exe, PlaybackErrorHandler: Ignoring exception as ContinueOnError is set.
W, 3248, 23, 2012/11/13, 08:33:11.403, 7562733337272, QTAgent32.exe, &lt;a class=success&gt;Playback - {74} [SUCCESS] Check - "[MSAA, VisibleOnly]ControlType='CheckBox' &amp;&amp; Name='Defer Printing?'"
\0&lt;/a&gt;
W, 3248, 23, 2012/11/13, 08:33:12.073, 7562742935619, QTAgent32.exe, &lt;a class=success&gt;Playback - {75} [SUCCESS] MouseButtonClick - "[MSAA, VisibleOnly]ControlType='Button' &amp;&amp; Name='Ok'"
\0&lt;/a&gt;
W, 3248, 23, 2012/11/13, 08:33:14.460, 7562777230139, QTAgent32.exe, PERF WARNING: FindTopLevelWindowHelper::FindAllDescendents: took 2285 ms. Expected it to take maximum 500 ms.
W, 3248, 23, 2012/11/13, 08:33:14.804, 7562782031421, QTAgent32.exe, &lt;a class=success&gt;Playback - {76} [SUCCESS] Uncheck - "[MSAA, VisibleOnly]ControlType='CheckBox' &amp;&amp; Name='Add Activity'"
\0&lt;/a&gt;
W, 3248, 23, 2012/11/13, 08:33:17.861, 7562825984208, QTAgent32.exe, &lt;a class=success&gt;Playback - {77} [SUCCESS] MouseButtonClick - "[MSAA, VisibleOnly]ControlType='Button' &amp;&amp; Name='Ok'"
\0&lt;/a&gt;
W, 3248, 23, 2012/11/13, 08:33:18.298, 7562832194145, QTAgent32.exe, &lt;a class=success&gt;Playback - {78} [SUCCESS] MouseButtonClick - "[MSAA, VisibleOnly]ControlType='Button' &amp;&amp; Name='Ok'"
\0&lt;/a&gt;
W, 3248, 23, 2012/11/13, 08:33:28.205, 7562973913764, QTAgent32.exe, PERF WARNING: FindTopLevelWindowHelper::FindAllDescendents: took 9673 ms. Expected it to take maximum 500 ms.
W, 3248, 23, 2012/11/13, 08:33:30.498, 7563006729084, QTAgent32.exe, &lt;a class=success&gt;Playback - {79} [SUCCESS] MouseButtonClick - "[MSAA, VisibleOnly]ControlType='Button' &amp;&amp; Name='OK'"
\0&lt;/a&gt;
W, 3248, 23, 2012/11/13, 08:33:30.935, 7563013044983, QTAgent32.exe, &lt;a class=success&gt;Playback - {80} [SUCCESS] MouseButtonClick - "[MSAA, VisibleOnly]ControlType='Button' &amp;&amp; Name='Options'"
\0&lt;/a&gt;
W, 3248, 23, 2012/11/13, 08:33:31.044, 7563014555993, QTAgent32.exe, FindScreenElementInSinglePass : Attempting to find control in one pass of search. Failures can occur.
W, 3248, 23, 2012/11/13, 08:33:31.060, 7563014771909, QTAgent32.exe, Playback - [WARNING] Internal failure: Method GetBoundingRectangle failed (HRESULT = 0x1, "Incorrect function.") for Name = "Quote Select List" ," ControlType = "MenuItem"
\0
W, 3248, 23, 2012/11/13, 08:33:31.060, 7563014773574, QTAgent32.exe, Playback - [WARNING] Internal failure: Couldn't get clickable point for ScreenUIElement - GetClickablePoint failed
\0
W, 3248, 23, 2012/11/13, 08:33:31.060, 7563014778996, QTAgent32.exe, FindScreenElementInSinglePass : Attempting to find control in one pass of search. Failures can occur.
W, 3248, 23, 2012/11/13, 08:33:31.060, 7563014808420, QTAgent32.exe, FindScreenElementInSinglePass : Attempting to find control in one pass of search. Failures can occur.
W, 3248, 23, 2012/11/13, 08:33:31.387, 7563019463051, QTAgent32.exe, &lt;a class=success&gt;Playback - {81} [SUCCESS] LeftButtonClick - "[MSAA, VisibleOnly]ControlType='MenuBar' &amp;&amp; Name='Application'"  &lt; Mouse cursor location (960, 31) &gt;
\0&lt;/a&gt;
W, 3248, 23, 2012/11/13, 08:33:31.497, 7563021026390, QTAgent32.exe, &lt;a class=success&gt;Playback - {82} [SUCCESS] LeftButtonClick - "[MSAA]ControlType='MenuItem' &amp;&amp; Name='Options'"  &lt; Mouse cursor location (94, 31) &gt;
\0&lt;/a&gt;
W, 3248, 23, 2012/11/13, 08:33:31.653, 7563023258252, QTAgent32.exe, &lt;a class=success&gt;Playback - {83} [SUCCESS] LeftButtonClick - "[MSAA]ControlType='MenuItem' &amp;&amp; Name='Links'"  &lt; Mouse cursor location (174, 319) &gt;
\0&lt;/a&gt;
W, 3248, 23, 2012/11/13, 08:33:31.824, 7563025716304, QTAgent32.exe, &lt;a class=success&gt;Playback - {84} [SUCCESS] LeftButtonClick - "[MSAA]ControlType='MenuItem' &amp;&amp; Name='3rd Party Integration'"  &lt; Mouse cursor location (375, 319) &gt;
\0&lt;/a&gt;
W, 3248, 23, 2012/11/13, 08:33:32.011, 7563028425340, QTAgent32.exe, &lt;a class=success&gt;Playback - {85} [SUCCESS] MouseButtonClick - "[MSAA]ControlType='MenuItem' &amp;&amp; Name='Quote Select List'"
\0&lt;/a&gt;
W, 3248, 23, 2012/11/13, 08:33:33.962, 7563056333501, QTAgent32.exe, PERF WARNING: FindTopLevelWindowHelper::FindAllDescendents: took 1808 ms. Expected it to take maximum 500 ms.
W, 3248, 23, 2012/11/13, 08:33:35.646, 7563080463077, QTAgent32.exe, &lt;a class=success&gt;Playback - {86} [SUCCESS] MouseButtonClick - "[MSAA, VisibleOnly]ControlType='Button' &amp;&amp; Name='Ok'"
\0&lt;/a&gt;
W, 3248, 23, 2012/11/13, 08:33:37.004, 7563099911475, QTAgent32.exe, PERF WARNING: FindTopLevelWindowHelper::FindAllDescendents: took 1243 ms. Expected it to take maximum 500 ms.
W, 3248, 23, 2012/11/13, 08:33:37.472, 7563106648682, QTAgent32.exe, &lt;a class=success&gt;Playback - {87} [SUCCESS] MouseButtonClick - "[MSAA, VisibleOnly]ControlType='Button' &amp;&amp; Name='MTA...'"
\0&lt;/a&gt;
W, 3248, 23, 2012/11/13, 08:33:38.111, 7563115858618, QTAgent32.exe, Playback - [WARNING] Internal warning: Incorrect flag set for InvokeProgrammaticAction\0
W, 3248, 23, 2012/11/13, 08:33:38.439, 7563120433914, QTAgent32.exe, &lt;a class=success&gt;Playback - {88} [SUCCESS] SetValueAsComboBox "Change of Vehicle" - "[MSAA, VisibleOnly]ControlType='ComboBox'"  &lt; SetValueAsComboBox, set by clicking on the item in the list box &gt;
\0&lt;/a&gt;
W, 3248, 23, 2012/11/13, 08:33:38.876, 7563126686197, QTAgent32.exe, &lt;a class=success&gt;Playback - {89} [SUCCESS] MouseButtonClick - "[MSAA, VisibleOnly]ControlType='Button' &amp;&amp; Name='OK'"
\0&lt;/a&gt;
W, 3248, 23, 2012/11/13, 08:33:39.172, 7563130987557, QTAgent32.exe, Playback - [WARNING] Internal warning: Thread state based WFR - Requested element has invalid HWND
\0
W, 3248, 23, 2012/11/13, 08:33:39.172, 7563130989561, QTAgent32.exe, Playback - [WARNING] Internal warning: process performance counters based WFR - Requested element has invalid HWND
\0
E, 3248, 23, 2012/11/13, 08:33:39.172, 7563131008903, QTAgent32.exe, EnsureValid called via EnsureValid call for same element
E, 3248, 23, 2012/11/13, 08:33:39.172, 7563131014863, QTAgent32.exe, GetClassName for handle 6358250 failed
E, 3248, 23, 2012/11/13, 08:33:39.172, 7563131017302, QTAgent32.exe, EnsureValid called via EnsureValid call for same element
E, 3248, 23, 2012/11/13, 08:33:39.172, 7563131019054, QTAgent32.exe, EnsureValid called via EnsureValid call for same element
E, 3248, 23, 2012/11/13, 08:33:39.172, 7563131025053, QTAgent32.exe, GetClassName for handle 6358250 failed
E, 3248, 23, 2012/11/13, 08:33:39.172, 7563131050630, QTAgent32.exe, Exception: System.Runtime.InteropServices.COMException
	Message: Error HRESULT E_FAIL has been returned from a call to a COM component.
	Stack Trace:    at Accessibility.IAccessible.get_accState(Object varChild)
   at Microsoft.VisualStudio.TestTools.UITest.Extension.Msaa.AccWrapper.get_State()
	BaseExceptionMessage: Error HRESULT E_FAIL has been returned from a call to a COM component.

E, 3248, 23, 2012/11/13, 08:33:39.172, 7563131055014, QTAgent32.exe, Exception: System.Runtime.InteropServices.COMException
	Message: Error HRESULT E_FAIL has been returned from a call to a COM component.
	Stack Trace:    at Accessibility.IAccessible.get_accState(Object varChild)
   at Microsoft.VisualStudio.TestTools.UITest.Extension.Msaa.AccWrapper.get_State()
	BaseExceptionMessage: Error HRESULT E_FAIL has been returned from a call to a COM component.

E, 3248, 23, 2012/11/13, 08:33:39.172, 7563131059227, QTAgent32.exe, Exception: System.Runtime.InteropServices.COMException
	Message: Error HRESULT E_FAIL has been returned from a call to a COM component.
	Stack Trace:    at Accessibility.IAccessible.get_accState(Object varChild)
   at Microsoft.VisualStudio.TestTools.UITest.Extension.Msaa.AccWrapper.get_State()
	BaseExceptionMessage: Error HRESULT E_FAIL has been returned from a call to a COM component.

E, 3248, 23, 2012/11/13, 08:33:39.172, 7563131063447, QTAgent32.exe, Exception: System.Runtime.InteropServices.COMException
	Message: Error HRESULT E_FAIL has been returned from a call to a COM component.
	Stack Trace:    at Accessibility.IAccessible.get_accState(Object varChild)
   at Microsoft.VisualStudio.TestTools.UITest.Extension.Msaa.AccWrapper.get_State()
	BaseExceptionMessage: Error HRESULT E_FAIL has been returned from a call to a COM component.

E, 3248, 23, 2012/11/13, 08:33:39.172, 7563131067758, QTAgent32.exe, Exception: System.Runtime.InteropServices.COMException
	Message: Error HRESULT E_FAIL has been returned from a call to a COM component.
	Stack Trace:    at Accessibility.IAccessible.get_accState(Object varChild)
   at Microsoft.VisualStudio.TestTools.UITest.Extension.Msaa.AccWrapper.get_State()
	BaseExceptionMessage: Error HRESULT E_FAIL has been returned from a call to a COM component.

E, 3248, 23, 2012/11/13, 08:33:39.172, 7563131072035, QTAgent32.exe, Exception: System.Runtime.InteropServices.COMException
	Message: Error HRESULT E_FAIL has been returned from a call to a COM component.
	Stack Trace:    at Accessibility.IAccessible.get_accState(Object varChild)
   at Microsoft.VisualStudio.TestTools.UITest.Extension.Msaa.AccWrapper.get_State()
	BaseExceptionMessage: Error HRESULT E_FAIL has been returned from a call to a COM component.

E, 3248, 23, 2012/11/13, 08:33:39.172, 7563131076262, QTAgent32.exe, Exception: System.Runtime.InteropServices.COMException
	Message: Error HRESULT E_FAIL has been returned from a call to a COM component.
	Stack Trace:    at Accessibility.IAccessible.get_accState(Object varChild)
   at Microsoft.VisualStudio.TestTools.UITest.Extension.Msaa.AccWrapper.get_State()
	BaseExceptionMessage: Error HRESULT E_FAIL has been returned from a call to a COM component.

W, 3248, 23, 2012/11/13, 08:33:39.375, 7563133921350, QTAgent32.exe, PERF WARNING: MSAA.UpdateQueryIDForNamelessControls: took 201 ms. Expected it to take maximum 200 ms.
W, 3248, 23, 2012/11/13, 08:33:39.375, 7563133930090, QTAgent32.exe, Msaa.Navigate: Exception [Error HRESULT E_FAIL has been returned from a call to a COM component.] while calling accNavigate.
E, 3248, 23, 2012/11/13, 08:33:39.375, 7563133931113, QTAgent32.exe, GetClassName for handle 4982396 failed
E, 3248, 23, 2012/11/13, 08:33:39.375, 7563133931916, QTAgent32.exe, Window 4982396 not responding. Last Win32 error 1400
E, 3248, 23, 2012/11/13, 08:33:39.375, 7563133934289, QTAgent32.exe, GetClassName for handle 6358250 failed
W, 3248, 23, 2012/11/13, 08:33:39.531, 7563136057027, QTAgent32.exe, &lt;a class=success&gt;Playback - {90} [SUCCESS] SendKeys "^{HOME}" - "[MSAA, VisibleOnly]ControlType='Edit'"
\0&lt;/a&gt;
E, 3248, 23, 2012/11/13, 08:33:39.531, 7563136059603, QTAgent32.exe, Msaa.GetFocusedElement: could not find accessible object of foreground window
W, 3248, 23, 2012/11/13, 08:33:39.625, 7563137396817, QTAgent32.exe, &lt;a class=success&gt;Playback - {91} [SUCCESS] SendKeys "^+{END}" - "[MSAA, VisibleOnly]ControlType='Edit'"
\0&lt;/a&gt;
E, 3248, 23, 2012/11/13, 08:33:39.625, 7563137399225, QTAgent32.exe, Msaa.GetFocusedElement: could not find accessible object of foreground window
W, 3248, 23, 2012/11/13, 08:33:39.640, 7563137621059, QTAgent32.exe, &lt;a class=success&gt;Playback - {92} [SUCCESS] SendKeys "{DELETE}" - "[MSAA, VisibleOnly]ControlType='Edit'"
\0&lt;/a&gt;
W, 3248, 23, 2012/11/13, 08:33:39.843, 7563140528392, QTAgent32.exe, &lt;a class=success&gt;Playback - {93} [SUCCESS] SetValueAsEditBox "2500" - "[MSAA, VisibleOnly]ControlType='Edit'"  &lt; Set via SendKeys &gt;
\0&lt;/a&gt;
W, 3248, 23, 2012/11/13, 08:33:40.405, 7563148669947, QTAgent32.exe, &lt;a class=success&gt;Playback - {94} [SUCCESS] MouseButtonClick - "[MSAA, VisibleOnly]ControlType='Button' &amp;&amp; Name='Calculate Quote'"
\0&lt;/a&gt;
W, 3248, 23, 2012/11/13, 08:33:40.654, 7563152139781, QTAgent32.exe, &lt;a class=success&gt;Playback - {95} [SUCCESS] SendKeys "^{HOME}" - "[MSAA, VisibleOnly]ControlType='Edit'"
\0&lt;/a&gt;
E, 3248, 23, 2012/11/13, 08:33:40.654, 7563152142639, QTAgent32.exe, Msaa.GetFocusedElement: could not find accessible object of foreground window
W, 3248, 23, 2012/11/13, 08:33:40.748, 7563153479667, QTAgent32.exe, &lt;a class=success&gt;Playback - {96} [SUCCESS] SendKeys "^+{END}" - "[MSAA, VisibleOnly]ControlType='Edit'"
\0&lt;/a&gt;
E, 3248, 23, 2012/11/13, 08:33:40.748, 7563153481822, QTAgent32.exe, Msaa.GetFocusedElement: could not find accessible object of foreground window
W, 3248, 23, 2012/11/13, 08:33:40.764, 7563153702445, QTAgent32.exe, &lt;a class=success&gt;Playback - {97} [SUCCESS] SendKeys "{DELETE}" - "[MSAA, VisibleOnly]ControlType='Edit'"
\0&lt;/a&gt;
W, 3248, 23, 2012/11/13, 08:33:41.107, 7563158620882, QTAgent32.exe, &lt;a class=success&gt;Playback - {98} [SUCCESS] SetValueAsEditBox "13/10/12" - "[MSAA, VisibleOnly]ControlType='Edit'"  &lt; Set via SendKeys &gt;
\0&lt;/a&gt;
W, 3248, 23, 2012/11/13, 08:33:41.559, 7563165194925, QTAgent32.exe, &lt;a class=success&gt;Playback - {99} [SUCCESS] MouseButtonClick - "[MSAA, VisibleOnly]ControlType='Button' &amp;&amp; Name='OK'"
\0&lt;/a&gt;
W, 3248, 23, 2012/11/13, 08:33:41.996, 7563171422667, QTAgent32.exe, &lt;a class=success&gt;Playback - {100} [SUCCESS] MouseButtonClick - "[MSAA, VisibleOnly]ControlType='Button' &amp;&amp; Name='OK'"
\0&lt;/a&gt;
W, 3248, 23, 2012/11/13, 08:33:42.246, 7563174922108, QTAgent32.exe, &lt;a class=success&gt;Playback - {101} [SUCCESS] SendKeys "^{HOME}" - "[MSAA, VisibleOnly]ControlType='Edit'"
\0&lt;/a&gt;
E, 3248, 23, 2012/11/13, 08:33:42.246, 7563174924597, QTAgent32.exe, Msaa.GetFocusedElement: could not find accessible object of foreground window
W, 3248, 23, 2012/11/13, 08:33:42.339, 7563176262393, QTAgent32.exe, &lt;a class=success&gt;Playback - {102} [SUCCESS] SendKeys "^+{END}" - "[MSAA, VisibleOnly]ControlType='Edit'"
\0&lt;/a&gt;
E, 3248, 23, 2012/11/13, 08:33:42.339, 7563176264930, QTAgent32.exe, Msaa.GetFocusedElement: could not find accessible object of foreground window
W, 3248, 23, 2012/11/13, 08:33:42.355, 7563176489156, QTAgent32.exe, &lt;a class=success&gt;Playback - {103} [SUCCESS] SendKeys "{DELETE}" - "[MSAA, VisibleOnly]ControlType='Edit'"
\0&lt;/a&gt;
W, 3248, 23, 2012/11/13, 08:33:42.682, 7563181181934, QTAgent32.exe, &lt;a class=success&gt;Playback - {104} [SUCCESS] SetValueAsEditBox "14/11/12" - "[MSAA, VisibleOnly]ControlType='Edit'"  &lt; Set via SendKeys &gt;
\0&lt;/a&gt;
W, 3248, 23, 2012/11/13, 08:33:43.338, 7563190569088, QTAgent32.exe, &lt;a class=success&gt;Playback - {105} [SUCCESS] MouseButtonClick - "[MSAA, VisibleOnly]ControlType='Button' &amp;&amp; Name='OK'"
\0&lt;/a&gt;
W, 3248, 23, 2012/11/13, 08:33:48.517, 7563264712344, QTAgent32.exe, PERF WARNING: FindTopLevelWindowHelper::FindAllDescendents: took 5068 ms. Expected it to take maximum 500 ms.
W, 3248, 23, 2012/11/13, 08:33:48.626, 7563266282096, QTAgent32.exe, &lt;a class=success&gt;Playback - {106} [SUCCESS] MouseButtonClick - "[MSAA, VisibleOnly]ControlType='Client'"
\0&lt;/a&gt;
W, 3248, 23, 2012/11/13, 08:33:48.907, 7563270481487, QTAgent32.exe, &lt;a class=success&gt;Playback - {107} [SUCCESS] SendKeys "{Home}" - "[MSAA, VisibleOnly]ControlType='Client'"
\0&lt;/a&gt;
W, 3248, 23, 2012/11/13, 08:33:49.360, 7563276915798, QTAgent32.exe, &lt;a class=success&gt;Playback - {108} [SUCCESS] MouseButtonClick - "[MSAA, VisibleOnly]ControlType='Button' &amp;&amp; Name='Accept'"
\0&lt;/a&gt;
W, 3248, 23, 2012/11/13, 08:33:49.843, 7563283919335, QTAgent32.exe, &lt;a class=success&gt;Playback - {109} [SUCCESS] MouseButtonClick - "[MSAA, VisibleOnly]ControlType='Button' &amp;&amp; Name='Yes'"
\0&lt;/a&gt;
W, 3248, 23, 2012/11/13, 08:33:50.327, 7563290824873, QTAgent32.exe, &lt;a class=success&gt;Playback - {110} [SUCCESS] MouseButtonClick - "[MSAA, VisibleOnly]ControlType='Button' &amp;&amp; Name='Ok'"
\0&lt;/a&gt;
W, 3248, 23, 2012/11/13, 08:34:07.098, 7563530771540, QTAgent32.exe, PERF WARNING: FindTopLevelWindowHelper::FindAllDescendents: took 16663 ms. Expected it to take maximum 500 ms.
W, 3248, 23, 2012/11/13, 08:34:09.032, 7563558643050, QTAgent32.exe, &lt;a class=success&gt;Playback - {111} [SUCCESS] MouseButtonClick - "[MSAA, VisibleOnly]ControlType='Button' &amp;&amp; Name='OK'"
\0&lt;/a&gt;
W, 3248, 23, 2012/11/13, 08:34:09.142, 7563560005114, QTAgent32.exe, Playback - [WARNING] Internal warning: Thread state based WFR - Requested element has invalid HWND
\0
W, 3248, 23, 2012/11/13, 08:34:09.142, 7563560007128, QTAgent32.exe, Playback - [WARNING] Internal warning: process performance counters based WFR - Requested element has invalid HWND
\0
E, 3248, 23, 2012/11/13, 08:34:09.142, 7563560010532, QTAgent32.exe, EnsureValid called via EnsureValid call for same element
E, 3248, 23, 2012/11/13, 08:34:09.142, 7563560014233, QTAgent32.exe, GetClassName for handle 5572956 failed
E, 3248, 23, 2012/11/13, 08:34:09.142, 7563560016646, QTAgent32.exe, EnsureValid called via EnsureValid call for same element
E, 3248, 23, 2012/11/13, 08:34:09.142, 7563560018212, QTAgent32.exe, EnsureValid called via EnsureValid call for same element
E, 3248, 23, 2012/11/13, 08:34:09.142, 7563560035802, QTAgent32.exe, Window 5572956 not responding. Last Win32 error 0
E, 3248, 23, 2012/11/13, 08:34:09.142, 7563560038043, QTAgent32.exe, GetClassName for handle 5572956 failed
E, 3248, 23, 2012/11/13, 08:34:09.142, 7563560038871, QTAgent32.exe, GetClassName for handle 5572956 failed
W, 3248, 23, 2012/11/13, 08:34:09.469, 7563564697406, QTAgent32.exe, &lt;a class=success&gt;Playback - {112} [SUCCESS] Check - "[MSAA, VisibleOnly]ControlType='CheckBox' &amp;&amp; Name='Defer Printing?'"
\0&lt;/a&gt;
W, 3248, 23, 2012/11/13, 08:34:10.187, 7563575037741, QTAgent32.exe, &lt;a class=success&gt;Playback - {113} [SUCCESS] MouseButtonClick - "[MSAA, VisibleOnly]ControlType='Button' &amp;&amp; Name='Ok'"
\0&lt;/a&gt;
W, 3248, 23, 2012/11/13, 08:34:10.296, 7563576530944, QTAgent32.exe, Playback - [WARNING] Internal warning: Thread state based WFR - Requested element has invalid HWND
\0
W, 3248, 23, 2012/11/13, 08:34:10.296, 7563576532573, QTAgent32.exe, Playback - [WARNING] Internal warning: process performance counters based WFR - Requested element has invalid HWND
\0
E, 3248, 23, 2012/11/13, 08:34:10.296, 7563576535654, QTAgent32.exe, EnsureValid called via EnsureValid call for same element
E, 3248, 23, 2012/11/13, 08:34:10.296, 7563576539181, QTAgent32.exe, GetClassName for handle 10027976 failed
E, 3248, 23, 2012/11/13, 08:34:10.296, 7563576541488, QTAgent32.exe, EnsureValid called via EnsureValid call for same element
E, 3248, 23, 2012/11/13, 08:34:10.296, 7563576543004, QTAgent32.exe, EnsureValid called via EnsureValid call for same element
E, 3248, 23, 2012/11/13, 08:34:10.296, 7563576560152, QTAgent32.exe, Window 10027976 not responding. Last Win32 error 0
E, 3248, 23, 2012/11/13, 08:34:10.296, 7563576562330, QTAgent32.exe, GetClassName for handle 10027976 failed
E, 3248, 23, 2012/11/13, 08:34:10.296, 7563576563163, QTAgent32.exe, GetClassName for handle 10027976 failed
W, 3248, 23, 2012/11/13, 08:34:11.997, 7563600993916, QTAgent32.exe, PERF WARNING: FindTopLevelWindowHelper::FindAllDescendents: took 1706 ms. Expected it to take maximum 500 ms.
W, 3248, 23, 2012/11/13, 08:34:12.340, 7563605796303, QTAgent32.exe, &lt;a class=success&gt;Playback - {114} [SUCCESS] Uncheck - "[MSAA, VisibleOnly]ControlType='CheckBox' &amp;&amp; Name='Add Activity'"
\0&lt;/a&gt;
W, 3248, 23, 2012/11/13, 08:34:12.901, 7563613940960, QTAgent32.exe, &lt;a class=success&gt;Playback - {115} [SUCCESS] MouseButtonClick - "[MSAA, VisibleOnly]ControlType='Button' &amp;&amp; Name='Ok'"
\0&lt;/a&gt;
W, 3248, 23, 2012/11/13, 08:34:18.705, 7563696922377, QTAgent32.exe, PERF WARNING: FindTopLevelWindowHelper::FindAllDescendents: took 5584 ms. Expected it to take maximum 500 ms.
W, 3248, 23, 2012/11/13, 08:34:19.360, 7563706446558, QTAgent32.exe, &lt;a class=success&gt;Playback - {116} [SUCCESS] MouseButtonClick - "[MSAA, VisibleOnly]ControlType='Button' &amp;&amp; Name='OK'"
\0&lt;/a&gt;
E, 3248, 23, 2012/11/13, 08:34:19.579, 7563709439475, QTAgent32.exe, GetClassName for handle 6488540 failed
W, 3248, 23, 2012/11/13, 08:34:23.338, 7563763288881, QTAgent32.exe, PERF WARNING: FindTopLevelWindowHelper::FindAllDescendents: took 3760 ms. Expected it to take maximum 500 ms.
W, 3248, 23, 2012/11/13, 08:34:25.476, 7563793863129, QTAgent32.exe, &lt;a class=success&gt;Playback - {117} [SUCCESS] MouseButtonClick - "[MSAA, VisibleOnly]ControlType='Button' &amp;&amp; Name='OK'"
\0&lt;/a&gt;
W, 3248, 23, 2012/11/13, 08:34:25.913, 7563800178146, QTAgent32.exe, &lt;a class=success&gt;Playback - {118} [SUCCESS] MouseButtonClick - "[MSAA, VisibleOnly]ControlType='Button' &amp;&amp; Name='Options'"
\0&lt;/a&gt;
W, 3248, 23, 2012/11/13, 08:34:26.022, 7563801690181, QTAgent32.exe, FindScreenElementInSinglePass : Attempting to find control in one pass of search. Failures can occur.
W, 3248, 23, 2012/11/13, 08:34:26.022, 7563801796048, QTAgent32.exe, Playback - [WARNING] Internal failure: Method GetBoundingRectangle failed (HRESULT = 0x1, "Incorrect function.") for Name = "Quote Select List" ," ControlType = "MenuItem"
\0
W, 3248, 23, 2012/11/13, 08:34:26.022, 7563801797262, QTAgent32.exe, Playback - [WARNING] Internal failure: Couldn't get clickable point for ScreenUIElement - GetClickablePoint failed
\0
W, 3248, 23, 2012/11/13, 08:34:26.022, 7563801799837, QTAgent32.exe, FindScreenElementInSinglePass : Attempting to find control in one pass of search. Failures can occur.
W, 3248, 23, 2012/11/13, 08:34:26.022, 7563801829023, QTAgent32.exe, FindScreenElementInSinglePass : Attempting to find control in one pass of search. Failures can occur.
W, 3248, 23, 2012/11/13, 08:34:26.349, 7563806373559, QTAgent32.exe, &lt;a class=success&gt;Playback - {119} [SUCCESS] LeftButtonClick - "[MSAA, VisibleOnly]ControlType='MenuBar' &amp;&amp; Name='Application'"  &lt; Mouse cursor location (960, 31) &gt;
\0&lt;/a&gt;
W, 3248, 23, 2012/11/13, 08:34:26.459, 7563807938443, QTAgent32.exe, &lt;a class=success&gt;Playback - {120} [SUCCESS] LeftButtonClick - "[MSAA]ControlType='MenuItem' &amp;&amp; Name='Options'"  &lt; Mouse cursor location (94, 31) &gt;
\0&lt;/a&gt;
W, 3248, 23, 2012/11/13, 08:34:26.630, 7563810394720, QTAgent32.exe, &lt;a class=success&gt;Playback - {121} [SUCCESS] LeftButtonClick - "[MSAA]ControlType='MenuItem' &amp;&amp; Name='Links'"  &lt; Mouse cursor location (174, 319) &gt;
\0&lt;/a&gt;
W, 3248, 23, 2012/11/13, 08:34:26.817, 7563813078534, QTAgent32.exe, &lt;a class=success&gt;Playback - {122} [SUCCESS] LeftButtonClick - "[MSAA]ControlType='MenuItem' &amp;&amp; Name='3rd Party Integration'"  &lt; Mouse cursor location (375, 319) &gt;
\0&lt;/a&gt;
W, 3248, 23, 2012/11/13, 08:34:27.005, 7563815782020, QTAgent32.exe, &lt;a class=success&gt;Playback - {123} [SUCCESS] MouseButtonClick - "[MSAA]ControlType='MenuItem' &amp;&amp; Name='Quote Select List'"
\0&lt;/a&gt;
E, 3248, 23, 2012/11/13, 08:34:27.145, 7563817842117, QTAgent32.exe, GetClassName for handle 1968580 failed
W, 3248, 23, 2012/11/13, 08:34:28.799, 7563841457983, QTAgent32.exe, PERF WARNING: FindTopLevelWindowHelper::FindAllDescendents: took 1638 ms. Expected it to take maximum 500 ms.
W, 3248, 23, 2012/11/13, 08:34:30.484, 7563865686157, QTAgent32.exe, &lt;a class=success&gt;Playback - {124} [SUCCESS] MouseButtonClick - "[MSAA, VisibleOnly]ControlType='Button' &amp;&amp; Name='Ok'"
\0&lt;/a&gt;
W, 3248, 23, 2012/11/13, 08:34:30.593, 7563867142731, QTAgent32.exe, Playback - [WARNING] Internal warning: Thread state based WFR - Requested element has invalid HWND
\0
W, 3248, 23, 2012/11/13, 08:34:30.593, 7563867144344, QTAgent32.exe, Playback - [WARNING] Internal warning: process performance counters based WFR - Requested element has invalid HWND
\0
E, 3248, 23, 2012/11/13, 08:34:30.593, 7563867147388, QTAgent32.exe, EnsureValid called via EnsureValid call for same element
E, 3248, 23, 2012/11/13, 08:34:30.593, 7563867149337, QTAgent32.exe, EnsureValid called via EnsureValid call for same element
E, 3248, 23, 2012/11/13, 08:34:30.593, 7563867150653, QTAgent32.exe, EnsureValid called via EnsureValid call for same element
E, 3248, 23, 2012/11/13, 08:34:30.593, 7563867153703, QTAgent32.exe, GetClassName for handle 3737842 failed
E, 3248, 23, 2012/11/13, 08:34:30.593, 7563867166815, QTAgent32.exe, GetClassName for handle 3737842 failed
E, 3248, 23, 2012/11/13, 08:34:30.593, 7563867174320, QTAgent32.exe, Exception: System.Runtime.InteropServices.COMException
	Message: Error HRESULT E_FAIL has been returned from a call to a COM component.
	Stack Trace:    at Accessibility.IAccessible.get_accState(Object varChild)
   at Microsoft.VisualStudio.TestTools.UITest.Extension.Msaa.AccWrapper.get_State()
	BaseExceptionMessage: Error HRESULT E_FAIL has been returned from a call to a COM component.

E, 3248, 23, 2012/11/13, 08:34:30.593, 7563867178675, QTAgent32.exe, Exception: System.Runtime.InteropServices.COMException
	Message: Error HRESULT E_FAIL has been returned from a call to a COM component.
	Stack Trace:    at Accessibility.IAccessible.get_accState(Object varChild)
   at Microsoft.VisualStudio.TestTools.UITest.Extension.Msaa.AccWrapper.get_State()
	BaseExceptionMessage: Error HRESULT E_FAIL has been returned from a call to a COM component.

E, 3248, 23, 2012/11/13, 08:34:30.593, 7563867182880, QTAgent32.exe, Exception: System.Runtime.InteropServices.COMException
	Message: Error HRESULT E_FAIL has been returned from a call to a COM component.
	Stack Trace:    at Accessibility.IAccessible.get_accState(Object varChild)
   at Microsoft.VisualStudio.TestTools.UITest.Extension.Msaa.AccWrapper.get_State()
	BaseExceptionMessage: Error HRESULT E_FAIL has been returned from a call to a COM component.

E, 3248, 23, 2012/11/13, 08:34:30.593, 7563867187077, QTAgent32.exe, Exception: System.Runtime.InteropServices.COMException
	Message: Error HRESULT E_FAIL has been returned from a call to a COM component.
	Stack Trace:    at Accessibility.IAccessible.get_accState(Object varChild)
   at Microsoft.VisualStudio.TestTools.UITest.Extension.Msaa.AccWrapper.get_State()
	BaseExceptionMessage: Error HRESULT E_FAIL has been returned from a call to a COM component.

E, 3248, 23, 2012/11/13, 08:34:30.593, 7563867191296, QTAgent32.exe, Exception: System.Runtime.InteropServices.COMException
	Message: Error HRESULT E_FAIL has been returned from a call to a COM component.
	Stack Trace:    at Accessibility.IAccessible.get_accState(Object varChild)
   at Microsoft.VisualStudio.TestTools.UITest.Extension.Msaa.AccWrapper.get_State()
	BaseExceptionMessage: Error HRESULT E_FAIL has been returned from a call to a COM component.

E, 3248, 23, 2012/11/13, 08:34:30.593, 7563867195512, QTAgent32.exe, Exception: System.Runtime.InteropServices.COMException
	Message: Error HRESULT E_FAIL has been returned from a call to a COM component.
	Stack Trace:    at Accessibility.IAccessible.get_accState(Object varChild)
   at Microsoft.VisualStudio.TestTools.UITest.Extension.Msaa.AccWrapper.get_State()
	BaseExceptionMessage: Error HRESULT E_FAIL has been returned from a call to a COM component.

E, 3248, 23, 2012/11/13, 08:34:30.593, 7563867199761, QTAgent32.exe, Exception: System.Runtime.InteropServices.COMException
	Message: Error HRESULT E_FAIL has been returned from a call to a COM component.
	Stack Trace:    at Accessibility.IAccessible.get_accState(Object varChild)
   at Microsoft.VisualStudio.TestTools.UITest.Extension.Msaa.AccWrapper.get_State()
	BaseExceptionMessage: Error HRESULT E_FAIL has been returned from a call to a COM component.

W, 3248, 23, 2012/11/13, 08:34:30.796, 7563870048975, QTAgent32.exe, PERF WARNING: MSAA.UpdateQueryIDForNamelessControls: took 201 ms. Expected it to take maximum 200 ms.
W, 3248, 23, 2012/11/13, 08:34:30.796, 7563870052733, QTAgent32.exe, Msaa.Navigate: Exception [Error HRESULT E_FAIL has been returned from a call to a COM component.] while calling accNavigate.
E, 3248, 23, 2012/11/13, 08:34:30.796, 7563870053762, QTAgent32.exe, GetClassName for handle 6751726 failed
E, 3248, 23, 2012/11/13, 08:34:30.796, 7563870054603, QTAgent32.exe, Window 6751726 not responding. Last Win32 error 1400
E, 3248, 23, 2012/11/13, 08:34:30.796, 7563870057016, QTAgent32.exe, GetClassName for handle 3737842 failed
W, 3248, 23, 2012/11/13, 08:34:32.168, 7563889726010, QTAgent32.exe, PERF WARNING: FindTopLevelWindowHelper::FindAllDescendents: took 1373 ms. Expected it to take maximum 500 ms.
W, 3248, 23, 2012/11/13, 08:34:32.652, 7563896629385, QTAgent32.exe, &lt;a class=success&gt;Playback - {125} [SUCCESS] MouseButtonClick - "[MSAA, VisibleOnly]ControlType='Button' &amp;&amp; Name='Exit'"
\0&lt;/a&gt;
E, 3248, 23, 2012/11/13, 08:34:32.761, 7563898179012, QTAgent32.exe, GetClassName for handle 5638502 failed
W, 3248, 23, 2012/11/13, 08:34:33.261, 7563905442952, QTAgent32.exe, &lt;a class=success&gt;Playback - {126} [SUCCESS] MouseButtonClick - "[MSAA, VisibleOnly]ControlType='Button' &amp;&amp; Name='Yes'"
\0&lt;/a&gt;
E, 3248, 23, 2012/11/13, 08:34:33.541, 7563909344065, QTAgent32.exe, GetClassName for handle 6554076 failed
W, 3248, 23, 2012/11/13, 08:34:34.150, 7563918067272, QTAgent32.exe, PERF WARNING: FindTopLevelWindowHelper::FindAllDescendents: took 608 ms. Expected it to take maximum 500 ms.
W, 3248, 23, 2012/11/13, 08:34:36.490, 7563951558843, QTAgent32.exe, &lt;a class=success&gt;Playback - {127} [SUCCESS] MouseButtonClick - "[MSAA, VisibleOnly]ControlType='Button' &amp;&amp; Name='OK'"
\0&lt;/a&gt;
W, 3248, 23, 2012/11/13, 08:34:38.144, 7563975236169, QTAgent32.exe, Playback - [WARNING] Internal warning: Element "[MSAA, VisibleOnly]ControlType='Window' &amp;&amp; ControlId='32770'" was not found, so all intermediate elements were ignored. To improve performance replace this element Id with another Id or exclude it from QueryId. If this element is the target element, replace or remove intermediate elements
\0
W, 3248, 23, 2012/11/13, 08:34:38.705, 7563983273888, QTAgent32.exe, PERF WARNING: FindAllDescendents: took 2104 ms. Expected it to take maximum 500 ms.
W, 3248, 23, 2012/11/13, 08:34:39.048, 7563988269032, QTAgent32.exe, &lt;a class=success&gt;Playback - {128} [SUCCESS] MouseButtonClick - "[MSAA, VisibleOnly]ControlType='Button' &amp;&amp; Name='Cancel'"
\0&lt;/a&gt;
W, 3248, 23, 2012/11/13, 08:34:40.702, 7564011868308, QTAgent32.exe, Playback - [WARNING] Internal warning: Element "[MSAA, VisibleOnly]ControlType='Window' &amp;&amp; ControlId='32769'" was not found, so all intermediate elements were ignored. To improve performance replace this element Id with another Id or exclude it from QueryId. If this element is the target element, replace or remove intermediate elements
\0
W, 3248, 23, 2012/11/13, 08:34:41.233, 7564019546510, QTAgent32.exe, PERF WARNING: FindAllDescendents: took 2079 ms. Expected it to take maximum 500 ms.
W, 3248, 23, 2012/11/13, 08:34:41.560, 7564024157236, QTAgent32.exe, &lt;a class=success&gt;Playback - {129} [SUCCESS] MouseButtonClick - "[MSAA, VisibleOnly]ControlType='Button' &amp;&amp; Name='Cancel'"
\0&lt;/a&gt;
W, 3248, 23, 2012/11/13, 08:34:41.903, 7564029278312, QTAgent32.exe, Playback - [WARNING] Internal warning: Window Not Found: [VisibleOnly]ControlType='Window' &amp;&amp; Name='Customer: txt1 tdsfs' &amp;&amp; ClassName='ThunderRT6MDIForm'
\0
E, 3248, 23, 2012/11/13, 08:34:41.903, 7564029281231, QTAgent32.exe, &lt;a class=failure&gt;Playback - {130} [FAILED] Function ElementFetcher::FindScreenElement failed to locate UI element (Searching: ;[VisibleOnly]ControlType='Window' &amp;&amp; Name='Customer: txt1 tdsfs' &amp;&amp; ClassName='ThunderRT6MDIForm') (The object specified was not found.)
\0&lt;/a&gt;
E, 3248, 23, 2012/11/13, 08:34:42.013, 7564030781205, QTAgent32.exe, Playback - [IMAGE] C:\Users\peter.zenin-ad\AppData\Local\Temp\UITestLogs\LastRun\RPF8DBA.png
\0
W, 3248, 23, 2012/11/13, 08:34:42.013, 7564030783402, QTAgent32.exe, Playback - [WARNING] Internal warning: Couldn't find descendants that match QueryId
\0
W, 3248, 23, 2012/11/13, 08:34:42.028, 7564031067483, QTAgent32.exe, Playback - [WARNING] Internal warning: Window Not Found: [VisibleOnly]ControlType='Window' &amp;&amp; Name='Customer: txt1 tdsfs' &amp;&amp; ClassName='ThunderRT6MDIForm'
\0
E, 3248, 23, 2012/11/13, 08:34:42.028, 7564031069463, QTAgent32.exe, &lt;a class=failure&gt;Playback - {131} [FAILED] Function ElementFetcher::FindScreenElement failed to locate UI element (Searching: ;[VisibleOnly]ControlType='Window' &amp;&amp; Name='Customer: txt1 tdsfs' &amp;&amp; ClassName='ThunderRT6MDIForm') (The object specified was not found.)
\0&lt;/a&gt;
E, 3248, 23, 2012/11/13, 08:34:42.137, 7564032532384, QTAgent32.exe, Playback - [IMAGE] C:\Users\peter.zenin-ad\AppData\Local\Temp\UITestLogs\LastRun\RPF8E38.png
\0
W, 3248, 23, 2012/11/13, 08:34:42.137, 7564032534631, QTAgent32.exe, Playback - [WARNING] Internal warning: Couldn't find descendants that match QueryId
\0
W, 3248, 23, 2012/11/13, 08:34:42.387, 7564036194333, QTAgent32.exe, Playback - [WARNING] Internal warning: Window Not Found: [VisibleOnly]ControlType='Window' &amp;&amp; Name='Customer: txt1 tdsfs' &amp;&amp; ClassName='ThunderRT6MDIForm'
\0
E, 3248, 23, 2012/11/13, 08:34:42.387, 7564036197050, QTAgent32.exe, &lt;a class=failure&gt;Playback - {132} [FAILED] Function ElementFetcher::FindScreenElement failed to locate UI element (Searching: ;[VisibleOnly]ControlType='Window' &amp;&amp; Name='Customer: txt1 tdsfs' &amp;&amp; ClassName='ThunderRT6MDIForm') (The object specified was not found.)
\0&lt;/a&gt;
E, 3248, 23, 2012/11/13, 08:34:42.496, 7564037731176, QTAgent32.exe, Playback - [IMAGE] C:\Users\peter.zenin-ad\AppData\Local\Temp\UITestLogs\LastRun\RPF8FA0.png
\0
W, 3248, 23, 2012/11/13, 08:34:42.496, 7564037733385, QTAgent32.exe, Playback - [WARNING] Internal warning: Couldn't find descendants that match QueryId
\0
E, 3248, 23, 2012/11/13, 08:34:42.496, 7564037737266, QTAgent32.exe, Exception: System.Runtime.InteropServices.COMException
	Message: Error HRESULT E_FAIL has been returned from a call to a COM component.
	Stack Trace:    at Microsoft.VisualStudio.TestTools.UITest.Playback.Engine.IRPFPlayback.FindAllScreenElements(IScreenElement pScreenElementStart, String bstrQueryId, Object&amp; pvarResKeys, Int32 cResKeys, Int32 nMaxDepth, Object[]&amp; foundDescendants)
   at Microsoft.VisualStudio.TestTools.UITest.Playback.ScreenElement.FindTopLevelWindowHelper(String queryId)
	BaseExceptionMessage: Error HRESULT E_FAIL has been returned from a call to a COM component.

E, 3248, 23, 2012/11/13, 08:34:42.496, 7564037742189, QTAgent32.exe, Window 3999988 not responding. Last Win32 error 0
E, 3248, 23, 2012/11/13, 08:34:42.496, 7564037744814, QTAgent32.exe, GetClassName for handle 3999988 failed
E, 3248, 23, 2012/11/13, 08:34:42.496, 7564037753412, QTAgent32.exe, Window 3999988 not responding. Last Win32 error 1400
E, 3248, 23, 2012/11/13, 08:34:42.496, 7564037763550, QTAgent32.exe, Window 3999988 not responding. Last Win32 error 1400
E, 3248, 23, 2012/11/13, 08:34:42.496, 7564037764733, QTAgent32.exe, GetClassName for handle 3999988 failed
E, 3248, 23, 2012/11/13, 08:34:42.496, 7564037765561, QTAgent32.exe, GetClassName for handle 3999988 failed
W, 3248, 23, 2012/11/13, 08:34:42.761, 7564041561306, QTAgent32.exe, Playback - [WARNING] Internal warning: Window Not Found: [VisibleOnly]ControlType='Window' &amp;&amp; Name='Customer: autotest autotest' &amp;&amp; ClassName='ThunderRT6MDIForm'
\0
E, 3248, 23, 2012/11/13, 08:34:42.761, 7564041564123, QTAgent32.exe, &lt;a class=failure&gt;Playback - {133} [FAILED] Function ElementFetcher::FindScreenElement failed to locate UI element (Searching: ;[VisibleOnly]ControlType='Window' &amp;&amp; Name='Customer: autotest autotest' &amp;&amp; ClassName='ThunderRT6MDIForm') (The object specified was not found.)
\0&lt;/a&gt;
E, 3248, 23, 2012/11/13, 08:34:42.902, 7564043404043, QTAgent32.exe, Playback - [IMAGE] C:\Users\peter.zenin-ad\AppData\Local\Temp\UITestLogs\LastRun\RPF9117.png
\0
W, 3248, 23, 2012/11/13, 08:34:42.902, 7564043406245, QTAgent32.exe, Playback - [WARNING] Internal warning: Couldn't find descendants that match QueryId
\0
W, 3248, 23, 2012/11/13, 08:34:42.918, 7564043682542, QTAgent32.exe, Playback - [WARNING] Internal warning: Window Not Found: [VisibleOnly]ControlType='Window' &amp;&amp; Name='Customer: autotest autotest' &amp;&amp; ClassName='ThunderRT6MDIForm'
\0
E, 3248, 23, 2012/11/13, 08:34:42.918, 7564043684640, QTAgent32.exe, &lt;a class=failure&gt;Playback - {134} [FAILED] Function ElementFetcher::FindScreenElement failed to locate UI element (Searching: ;[VisibleOnly]ControlType='Window' &amp;&amp; Name='Customer: autotest autotest' &amp;&amp; ClassName='ThunderRT6MDIForm') (The object specified was not found.)
\0&lt;/a&gt;
E, 3248, 23, 2012/11/13, 08:34:43.027, 7564045352600, QTAgent32.exe, Playback - [IMAGE] C:\Users\peter.zenin-ad\AppData\Local\Temp\UITestLogs\LastRun\RPF91B4.png
\0
W, 3248, 23, 2012/11/13, 08:34:43.027, 7564045354847, QTAgent32.exe, Playback - [WARNING] Internal warning: Couldn't find descendants that match QueryId
\0
W, 3248, 23, 2012/11/13, 08:34:43.292, 7564049152736, QTAgent32.exe, Playback - [WARNING] Internal warning: Window Not Found: [VisibleOnly]ControlType='Window' &amp;&amp; Name='Customer: autotest autotest' &amp;&amp; ClassName='ThunderRT6MDIForm'
\0
E, 3248, 23, 2012/11/13, 08:34:43.292, 7564049155616, QTAgent32.exe, &lt;a class=failure&gt;Playback - {135} [FAILED] Function ElementFetcher::FindScreenElement failed to locate UI element (Searching: ;[VisibleOnly]ControlType='Window' &amp;&amp; Name='Customer: autotest autotest' &amp;&amp; ClassName='ThunderRT6MDIForm') (The object specified was not found.)
\0&lt;/a&gt;
E, 3248, 23, 2012/11/13, 08:34:43.401, 7564050719564, QTAgent32.exe, Playback - [IMAGE] C:\Users\peter.zenin-ad\AppData\Local\Temp\UITestLogs\LastRun\RPF932C.png
\0
W, 3248, 23, 2012/11/13, 08:34:43.401, 7564050721700, QTAgent32.exe, Playback - [WARNING] Internal warning: Couldn't find descendants that match QueryId
\0
E, 3248, 23, 2012/11/13, 08:34:43.401, 7564050725559, QTAgent32.exe, Exception: System.Runtime.InteropServices.COMException
	Message: Error HRESULT E_FAIL has been returned from a call to a COM component.
	Stack Trace:    at Microsoft.VisualStudio.TestTools.UITest.Playback.Engine.IRPFPlayback.FindAllScreenElements(IScreenElement pScreenElementStart, String bstrQueryId, Object&amp; pvarResKeys, Int32 cResKeys, Int32 nMaxDepth, Object[]&amp; foundDescendants)
   at Microsoft.VisualStudio.TestTools.UITest.Playback.ScreenElement.FindTopLevelWindowHelper(String queryId)
	BaseExceptionMessage: Error HRESULT E_FAIL has been returned from a call to a COM component.

E, 3248, 23, 2012/11/13, 08:34:43.417, 7564050731661, QTAgent32.exe, Window 3999988 not responding. Last Win32 error 0
E, 3248, 23, 2012/11/13, 08:34:43.417, 7564050735602, QTAgent32.exe, Window 3999988 not responding. Last Win32 error 1400
E, 3248, 23, 2012/11/13, 08:34:43.417, 7564050740307, QTAgent32.exe, Window 3999988 not responding. Last Win32 error 1400
E, 3248, 23, 2012/11/13, 08:34:43.417, 7564050741545, QTAgent32.exe, GetClassName for handle 3999988 failed
E, 3248, 23, 2012/11/13, 08:34:43.417, 7564050742379, QTAgent32.exe, GetClassName for handle 3999988 failed
W, 3248, 23, 2012/11/13, 08:34:43.666, 7564054503784, QTAgent32.exe, Playback - [WARNING] Internal warning: Window Not Found: [VisibleOnly]ControlType='Window' &amp;&amp; Name='Customer: txt1 tdsfs' &amp;&amp; ClassName='ThunderRT6MDIForm'
\0
E, 3248, 23, 2012/11/13, 08:34:43.666, 7564054506490, QTAgent32.exe, &lt;a class=failure&gt;Playback - {136} [FAILED] Function ElementFetcher::FindScreenElement failed to locate UI element (Searching: ;[VisibleOnly]ControlType='Window' &amp;&amp; Name='Customer: txt1 tdsfs' &amp;&amp; ClassName='ThunderRT6MDIForm') (The object specified was not found.)
\0&lt;/a&gt;
E, 3248, 23, 2012/11/13, 08:34:43.791, 7564056309680, QTAgent32.exe, Playback - [IMAGE] C:\Users\peter.zenin-ad\AppData\Local\Temp\UITestLogs\LastRun\RPF94A3.png
\0
W, 3248, 23, 2012/11/13, 08:34:43.791, 7564056311888, QTAgent32.exe, Playback - [WARNING] Internal warning: Couldn't find descendants that match QueryId
\0
W, 3248, 23, 2012/11/13, 08:34:44.259, 7564063005141, QTAgent32.exe, Playback - [WARNING] Internal warning: Window Not Found: [VisibleOnly]ControlType='Window' &amp;&amp; Name='Customer: txt1 tdsfs' &amp;&amp; ClassName='ThunderRT6MDIForm'
\0
E, 3248, 23, 2012/11/13, 08:34:44.259, 7564063008061, QTAgent32.exe, &lt;a class=failure&gt;Playback - {137} [FAILED] Function ElementFetcher::FindScreenElement failed to locate UI element (Searching: ;[VisibleOnly]ControlType='Window' &amp;&amp; Name='Customer: txt1 tdsfs' &amp;&amp; ClassName='ThunderRT6MDIForm') (The object specified was not found.)
\0&lt;/a&gt;
E, 3248, 23, 2012/11/13, 08:34:44.384, 7564064598015, QTAgent32.exe, Playback - [IMAGE] C:\Users\peter.zenin-ad\AppData\Local\Temp\UITestLogs\LastRun\RPF96F5.png
\0
W, 3248, 23, 2012/11/13, 08:34:44.384, 7564064600234, QTAgent32.exe, Playback - [WARNING] Internal warning: Couldn't find descendants that match QueryId
\0
W, 3248, 23, 2012/11/13, 08:34:44.384, 7564064603231, QTAgent32.exe, PERF WARNING: FindTopLevelWindowHelper::FindAllDescendents: took 578 ms. Expected it to take maximum 500 ms.
W, 3248, 23, 2012/11/13, 08:34:44.868, 7564071601384, QTAgent32.exe, Playback - [WARNING] Internal warning: Smart Match failed
\0
W, 3248, 23, 2012/11/13, 08:34:45.039, 7564074055767, QTAgent32.exe, Playback - [WARNING] Internal warning: Smart Match failed
\0
W, 3248, 23, 2012/11/13, 08:34:45.211, 7564076517817, QTAgent32.exe, Playback - [WARNING] Internal warning: Smart Match failed
\0
W, 3248, 23, 2012/11/13, 08:34:45.382, 7564079035989, QTAgent32.exe, Playback - [WARNING] Internal warning: Smart Match failed
\0
W, 3248, 23, 2012/11/13, 08:34:45.554, 7564081433307, QTAgent32.exe, Playback - [WARNING] Internal warning: Smart Match failed
\0
W, 3248, 23, 2012/11/13, 08:34:45.726, 7564083889292, QTAgent32.exe, Playback - [WARNING] Internal warning: Smart Match failed
\0
W, 3248, 23, 2012/11/13, 08:34:45.897, 7564086347585, QTAgent32.exe, Playback - [WARNING] Internal warning: Smart Match failed
\0
W, 3248, 23, 2012/11/13, 08:34:46.069, 7564088808685, QTAgent32.exe, Playback - [WARNING] Internal warning: Smart Match failed
\0
W, 3248, 23, 2012/11/13, 08:34:46.256, 7564091476858, QTAgent32.exe, Playback - [WARNING] Internal warning: Smart Match failed
\0
W, 3248, 23, 2012/11/13, 08:34:46.428, 7564093942725, QTAgent32.exe, Playback - [WARNING] Internal warning: Smart Match failed
\0
W, 3248, 23, 2012/11/13, 08:34:46.599, 7564096395372, QTAgent32.exe, Playback - [WARNING] Internal warning: Smart Match failed
\0
W, 3248, 23, 2012/11/13, 08:34:46.771, 7564098859980, QTAgent32.exe, Playback - [WARNING] Internal warning: Smart Match failed
\0
W, 3248, 23, 2012/11/13, 08:34:46.989, 7564101975147, QTAgent32.exe, Playback - [WARNING] Internal warning: Smart Match failed
\0
W, 3248, 23, 2012/11/13, 08:34:47.161, 7564104440733, QTAgent32.exe, Playback - [WARNING] Internal warning: Smart Match failed
\0
W, 3248, 23, 2012/11/13, 08:34:47.333, 7564106891413, QTAgent32.exe, Playback - [WARNING] Internal warning: Smart Match failed
\0
W, 3248, 23, 2012/11/13, 08:34:47.395, 7564107712717, QTAgent32.exe, Playback - [WARNING] Internal warning: Window Not Found: [VisibleOnly]ControlType='Window' &amp;&amp; Name='Customer: txt1 tdsfs' &amp;&amp; ClassName='ThunderRT6MDIForm'
\0
E, 3248, 23, 2012/11/13, 08:34:47.395, 7564107714875, QTAgent32.exe, &lt;a class=failure&gt;Playback - {138} [FAILED] Function ElementFetcher::FindScreenElement failed to locate UI element (Searching: ;[VisibleOnly]ControlType='Window' &amp;&amp; Name='Customer: txt1 tdsfs' &amp;&amp; ClassName='ThunderRT6MDIForm') (The object specified was not found.)
\0&lt;/a&gt;
E, 3248, 23, 2012/11/13, 08:34:47.504, 7564109308332, QTAgent32.exe, Playback - [IMAGE] C:\Users\peter.zenin-ad\AppData\Local\Temp\UITestLogs\LastRun\RPFA336.png
\0
W, 3248, 23, 2012/11/13, 08:34:47.504, 7564109310468, QTAgent32.exe, Playback - [WARNING] Internal warning: Couldn't find descendants that match QueryId
\0
W, 3248, 23, 2012/11/13, 08:34:47.504, 7564109313428, QTAgent32.exe, PERF WARNING: FindTopLevelWindowHelper::FindAllDescendents: took 3122 ms. Expected it to take maximum 500 ms.
E, 3248, 23, 2012/11/13, 08:34:47.504, 7564109315611, QTAgent32.exe, Exception: System.Runtime.InteropServices.COMException
	Message: Error HRESULT E_FAIL has been returned from a call to a COM component.
	Stack Trace:    at Microsoft.VisualStudio.TestTools.UITest.Playback.Engine.IRPFPlayback.FindAllScreenElements(IScreenElement pScreenElementStart, String bstrQueryId, Object&amp; pvarResKeys, Int32 cResKeys, Int32 nMaxDepth, Object[]&amp; foundDescendants)
   at Microsoft.VisualStudio.TestTools.UITest.Playback.ScreenElement.FindTopLevelWindowHelper(String queryId)
	BaseExceptionMessage: Error HRESULT E_FAIL has been returned from a call to a COM component.

E, 3248, 23, 2012/11/13, 08:34:47.504, 7564109320273, QTAgent32.exe, Window 3999988 not responding. Last Win32 error 0
E, 3248, 23, 2012/11/13, 08:34:47.504, 7564109324101, QTAgent32.exe, Window 3999988 not responding. Last Win32 error 1400
E, 3248, 23, 2012/11/13, 08:34:47.504, 7564109328675, QTAgent32.exe, Window 3999988 not responding. Last Win32 error 1400
E, 3248, 23, 2012/11/13, 08:34:47.504, 7564109329879, QTAgent32.exe, GetClassName for handle 3999988 failed
E, 3248, 23, 2012/11/13, 08:34:47.504, 7564109330691, QTAgent32.exe, GetClassName for handle 3999988 failed
W, 3248, 23, 2012/11/13, 08:34:47.754, 7564113020336, QTAgent32.exe, Playback - [WARNING] Internal warning: Window Not Found: [VisibleOnly]ControlType='Window' &amp;&amp; Name='Customer: autotest autotest' &amp;&amp; ClassName='ThunderRT6MDIForm'
\0
E, 3248, 23, 2012/11/13, 08:34:47.754, 7564113023101, QTAgent32.exe, &lt;a class=failure&gt;Playback - {139} [FAILED] Function ElementFetcher::FindScreenElement failed to locate UI element (Searching: ;[VisibleOnly]ControlType='Window' &amp;&amp; Name='Customer: autotest autotest' &amp;&amp; ClassName='ThunderRT6MDIForm') (The object specified was not found.)
\0&lt;/a&gt;
E, 3248, 23, 2012/11/13, 08:34:47.863, 7564114605455, QTAgent32.exe, Playback - [IMAGE] C:\Users\peter.zenin-ad\AppData\Local\Temp\UITestLogs\LastRun\RPFA49D.png
\0
W, 3248, 23, 2012/11/13, 08:34:47.863, 7564114607671, QTAgent32.exe, Playback - [WARNING] Internal warning: Couldn't find descendants that match QueryId
\0
W, 3248, 23, 2012/11/13, 08:34:48.347, 7564121519243, QTAgent32.exe, Playback - [WARNING] Internal warning: Window Not Found: [VisibleOnly]ControlType='Window' &amp;&amp; Name='Customer: autotest autotest' &amp;&amp; ClassName='ThunderRT6MDIForm'
\0
E, 3248, 23, 2012/11/13, 08:34:48.347, 7564121522205, QTAgent32.exe, &lt;a class=failure&gt;Playback - {140} [FAILED] Function ElementFetcher::FindScreenElement failed to locate UI element (Searching: ;[VisibleOnly]ControlType='Window' &amp;&amp; Name='Customer: autotest autotest' &amp;&amp; ClassName='ThunderRT6MDIForm') (The object specified was not found.)
\0&lt;/a&gt;
E, 3248, 23, 2012/11/13, 08:34:48.471, 7564123114658, QTAgent32.exe, Playback - [IMAGE] C:\Users\peter.zenin-ad\AppData\Local\Temp\UITestLogs\LastRun\RPFA6EF.png
\0
W, 3248, 23, 2012/11/13, 08:34:48.471, 7564123116855, QTAgent32.exe, Playback - [WARNING] Internal warning: Couldn't find descendants that match QueryId
\0
W, 3248, 23, 2012/11/13, 08:34:48.471, 7564123119853, QTAgent32.exe, PERF WARNING: FindTopLevelWindowHelper::FindAllDescendents: took 593 ms. Expected it to take maximum 500 ms.
W, 3248, 23, 2012/11/13, 08:34:48.986, 7564130569685, QTAgent32.exe, Playback - [WARNING] Internal warning: Smart Match failed
\0
W, 3248, 23, 2012/11/13, 08:34:49.158, 7564133025261, QTAgent32.exe, Playback - [WARNING] Internal warning: Smart Match failed
\0
W, 3248, 23, 2012/11/13, 08:34:49.329, 7564135485678, QTAgent32.exe, Playback - [WARNING] Internal warning: Smart Match failed
\0
W, 3248, 23, 2012/11/13, 08:34:49.501, 7564137937685, QTAgent32.exe, Playback - [WARNING] Internal warning: Smart Match failed
\0
W, 3248, 23, 2012/11/13, 08:34:49.673, 7564140394738, QTAgent32.exe, Playback - [WARNING] Internal warning: Smart Match failed
\0
W, 3248, 23, 2012/11/13, 08:34:49.844, 7564142860025, QTAgent32.exe, Playback - [WARNING] Internal warning: Smart Match failed
\0
W, 3248, 23, 2012/11/13, 08:34:50.016, 7564145307538, QTAgent32.exe, Playback - [WARNING] Internal warning: Smart Match failed
\0
W, 3248, 23, 2012/11/13, 08:34:50.188, 7564147775687, QTAgent32.exe, Playback - [WARNING] Internal warning: Smart Match failed
\0
W, 3248, 23, 2012/11/13, 08:34:50.359, 7564150226206, QTAgent32.exe, Playback - [WARNING] Internal warning: Smart Match failed
\0
W, 3248, 23, 2012/11/13, 08:34:50.531, 7564152689265, QTAgent32.exe, Playback - [WARNING] Internal warning: Smart Match failed
\0
W, 3248, 23, 2012/11/13, 08:34:50.702, 7564155145268, QTAgent32.exe, Playback - [WARNING] Internal warning: Smart Match failed
\0
W, 3248, 23, 2012/11/13, 08:34:50.874, 7564157593250, QTAgent32.exe, Playback - [WARNING] Internal warning: Smart Match failed
\0
W, 3248, 23, 2012/11/13, 08:34:51.046, 7564160049622, QTAgent32.exe, Playback - [WARNING] Internal warning: Smart Match failed
\0
W, 3248, 23, 2012/11/13, 08:34:51.217, 7564162516858, QTAgent32.exe, Playback - [WARNING] Internal warning: Smart Match failed
\0
W, 3248, 23, 2012/11/13, 08:34:51.389, 7564164968362, QTAgent32.exe, Playback - [WARNING] Internal warning: Smart Match failed
\0
W, 3248, 23, 2012/11/13, 08:34:51.560, 7564167432314, QTAgent32.exe, Playback - [WARNING] Internal warning: Smart Match failed
\0
W, 3248, 23, 2012/11/13, 08:34:51.623, 7564168260241, QTAgent32.exe, Playback - [WARNING] Internal warning: Window Not Found: [VisibleOnly]ControlType='Window' &amp;&amp; Name='Customer: autotest autotest' &amp;&amp; ClassName='ThunderRT6MDIForm'
\0
E, 3248, 23, 2012/11/13, 08:34:51.623, 7564168262653, QTAgent32.exe, &lt;a class=failure&gt;Playback - {141} [FAILED] Function ElementFetcher::FindScreenElement failed to locate UI element (Searching: ;[VisibleOnly]ControlType='Window' &amp;&amp; Name='Customer: autotest autotest' &amp;&amp; ClassName='ThunderRT6MDIForm') (The object specified was not found.)
\0&lt;/a&gt;
E, 3248, 23, 2012/11/13, 08:34:51.732, 7564169880074, QTAgent32.exe, Playback - [IMAGE] C:\Users\peter.zenin-ad\AppData\Local\Temp\UITestLogs\LastRun\RPFB3BC.png
\0
W, 3248, 23, 2012/11/13, 08:34:51.732, 7564169882262, QTAgent32.exe, Playback - [WARNING] Internal warning: Couldn't find descendants that match QueryId
\0
W, 3248, 23, 2012/11/13, 08:34:51.732, 7564169885238, QTAgent32.exe, PERF WARNING: FindTopLevelWindowHelper::FindAllDescendents: took 3265 ms. Expected it to take maximum 500 ms.
E, 3248, 23, 2012/11/13, 08:34:51.732, 7564169887015, QTAgent32.exe, Exception: System.Runtime.InteropServices.COMException
	Message: Error HRESULT E_FAIL has been returned from a call to a COM component.
	Stack Trace:    at Microsoft.VisualStudio.TestTools.UITest.Playback.Engine.IRPFPlayback.FindAllScreenElements(IScreenElement pScreenElementStart, String bstrQueryId, Object&amp; pvarResKeys, Int32 cResKeys, Int32 nMaxDepth, Object[]&amp; foundDescendants)
   at Microsoft.VisualStudio.TestTools.UITest.Playback.ScreenElement.FindTopLevelWindowHelper(String queryId)
	BaseExceptionMessage: Error HRESULT E_FAIL has been returned from a call to a COM component.

E, 3248, 23, 2012/11/13, 08:34:51.732, 7564169891608, QTAgent32.exe, Window 3999988 not responding. Last Win32 error 0
E, 3248, 23, 2012/11/13, 08:34:51.732, 7564169895530, QTAgent32.exe, Window 3999988 not responding. Last Win32 error 1400
E, 3248, 23, 2012/11/13, 08:34:51.732, 7564169900231, QTAgent32.exe, Window 3999988 not responding. Last Win32 error 1400
E, 3248, 23, 2012/11/13, 08:34:51.732, 7564169901471, QTAgent32.exe, GetClassName for handle 3999988 failed
E, 3248, 23, 2012/11/13, 08:34:51.732, 7564169902307, QTAgent32.exe, GetClassName for handle 3999988 failed
W, 3248, 23, 2012/11/13, 08:34:51.982, 7564173558963, QTAgent32.exe, Playback - [WARNING] Internal warning: Window Not Found: [VisibleOnly]ControlType='Window' &amp;&amp; Name='Customer: txt1 tdsfs' &amp;&amp; ClassName='ThunderRT6MDIForm'
\0
E, 3248, 23, 2012/11/13, 08:34:51.982, 7564173561872, QTAgent32.exe, &lt;a class=failure&gt;Playback - {142} [FAILED] Function ElementFetcher::FindScreenElement failed to locate UI element (Searching: ;[VisibleOnly]ControlType='Window' &amp;&amp; Name='Customer: txt1 tdsfs' &amp;&amp; ClassName='ThunderRT6MDIForm') (The object specified was not found.)
\0&lt;/a&gt;
E, 3248, 23, 2012/11/13, 08:34:52.091, 7564175134791, QTAgent32.exe, Playback - [IMAGE] C:\Users\peter.zenin-ad\AppData\Local\Temp\UITestLogs\LastRun\RPFB524.png
\0
W, 3248, 23, 2012/11/13, 08:34:52.091, 7564175136992, QTAgent32.exe, Playback - [WARNING] Internal warning: Couldn't find descendants that match QueryId
\0
W, 3248, 23, 2012/11/13, 08:34:52.559, 7564181830913, QTAgent32.exe, Playback - [WARNING] Internal warning: Window Not Found: [VisibleOnly]ControlType='Window' &amp;&amp; Name='Customer: txt1 tdsfs' &amp;&amp; ClassName='ThunderRT6MDIForm'
\0
E, 3248, 23, 2012/11/13, 08:34:52.559, 7564181833671, QTAgent32.exe, &lt;a class=failure&gt;Playback - {143} [FAILED] Function ElementFetcher::FindScreenElement failed to locate UI element (Searching: ;[VisibleOnly]ControlType='Window' &amp;&amp; Name='Customer: txt1 tdsfs' &amp;&amp; ClassName='ThunderRT6MDIForm') (The object specified was not found.)
\0&lt;/a&gt;
E, 3248, 23, 2012/11/13, 08:34:52.668, 7564183304267, QTAgent32.exe, Playback - [IMAGE] C:\Users\peter.zenin-ad\AppData\Local\Temp\UITestLogs\LastRun\RPFB766.png
\0
W, 3248, 23, 2012/11/13, 08:34:52.668, 7564183306450, QTAgent32.exe, Playback - [WARNING] Internal warning: Couldn't find descendants that match QueryId
\0
W, 3248, 23, 2012/11/13, 08:34:52.668, 7564183309443, QTAgent32.exe, PERF WARNING: FindTopLevelWindowHelper::FindAllDescendents: took 570 ms. Expected it to take maximum 500 ms.
W, 3248, 23, 2012/11/13, 08:34:53.120, 7564189759918, QTAgent32.exe, Playback - [WARNING] Internal warning: Smart Match failed
\0
W, 3248, 23, 2012/11/13, 08:34:53.292, 7564192338361, QTAgent32.exe, Playback - [WARNING] Internal warning: Smart Match failed
\0
W, 3248, 23, 2012/11/13, 08:34:53.464, 7564194676171, QTAgent32.exe, Playback - [WARNING] Internal warning: Smart Match failed
\0
W, 3248, 23, 2012/11/13, 08:34:53.635, 7564197131870, QTAgent32.exe, Playback - [WARNING] Internal warning: Smart Match failed
\0
W, 3248, 23, 2012/11/13, 08:34:53.807, 7564199589538, QTAgent32.exe, Playback - [WARNING] Internal warning: Smart Match failed
\0
W, 3248, 23, 2012/11/13, 08:34:53.979, 7564202044522, QTAgent32.exe, Playback - [WARNING] Internal warning: Smart Match failed
\0
W, 3248, 23, 2012/11/13, 08:34:54.150, 7564204501715, QTAgent32.exe, Playback - [WARNING] Internal warning: Smart Match failed
\0
W, 3248, 23, 2012/11/13, 08:34:54.322, 7564206957651, QTAgent32.exe, Playback - [WARNING] Internal warning: Smart Match failed
\0
W, 3248, 23, 2012/11/13, 08:34:54.493, 7564209417064, QTAgent32.exe, Playback - [WARNING] Internal warning: Smart Match failed
\0
W, 3248, 23, 2012/11/13, 08:34:54.665, 7564211875133, QTAgent32.exe, Playback - [WARNING] Internal warning: Smart Match failed
\0
W, 3248, 23, 2012/11/13, 08:34:54.852, 7564214622359, QTAgent32.exe, Playback - [WARNING] Internal warning: Smart Match failed
\0
W, 3248, 23, 2012/11/13, 08:34:55.024, 7564217011096, QTAgent32.exe, Playback - [WARNING] Internal warning: Smart Match failed
\0
W, 3248, 23, 2012/11/13, 08:34:55.195, 7564219466597, QTAgent32.exe, Playback - [WARNING] Internal warning: Smart Match failed
\0
W, 3248, 23, 2012/11/13, 08:34:55.367, 7564221931780, QTAgent32.exe, Playback - [WARNING] Internal warning: Smart Match failed
\0
W, 3248, 23, 2012/11/13, 08:34:55.539, 7564224381407, QTAgent32.exe, Playback - [WARNING] Internal warning: Smart Match failed
\0
W, 3248, 23, 2012/11/13, 08:34:55.710, 7564226838074, QTAgent32.exe, Playback - [WARNING] Internal warning: Smart Match failed
\0
W, 3248, 23, 2012/11/13, 08:34:55.773, 7564227655886, QTAgent32.exe, Playback - [WARNING] Internal warning: Window Not Found: [VisibleOnly]ControlType='Window' &amp;&amp; Name='Customer: txt1 tdsfs' &amp;&amp; ClassName='ThunderRT6MDIForm'
\0
E, 3248, 23, 2012/11/13, 08:34:55.773, 7564227658215, QTAgent32.exe, &lt;a class=failure&gt;Playback - {144} [FAILED] Function ElementFetcher::FindScreenElement failed to locate UI element (Searching: ;[VisibleOnly]ControlType='Window' &amp;&amp; Name='Customer: txt1 tdsfs' &amp;&amp; ClassName='ThunderRT6MDIForm') (The object specified was not found.)
\0&lt;/a&gt;
E, 3248, 23, 2012/11/13, 08:34:55.866, 7564228996693, QTAgent32.exe, Playback - [IMAGE] C:\Users\peter.zenin-ad\AppData\Local\Temp\UITestLogs\LastRun\RPFC3F5.png
\0
W, 3248, 23, 2012/11/13, 08:34:55.866, 7564228998940, QTAgent32.exe, Playback - [WARNING] Internal warning: Couldn't find descendants that match QueryId
\0
W, 3248, 23, 2012/11/13, 08:34:55.866, 7564229001934, QTAgent32.exe, PERF WARNING: FindTopLevelWindowHelper::FindAllDescendents: took 3191 ms. Expected it to take maximum 500 ms.
E, 3248, 23, 2012/11/13, 08:34:55.866, 7564229003745, QTAgent32.exe, Exception: System.Runtime.InteropServices.COMException
	Message: Error HRESULT E_FAIL has been returned from a call to a COM component.
	Stack Trace:    at Microsoft.VisualStudio.TestTools.UITest.Playback.Engine.IRPFPlayback.FindAllScreenElements(IScreenElement pScreenElementStart, String bstrQueryId, Object&amp; pvarResKeys, Int32 cResKeys, Int32 nMaxDepth, Object[]&amp; foundDescendants)
   at Microsoft.VisualStudio.TestTools.UITest.Playback.ScreenElement.FindTopLevelWindowHelper(String queryId)
	BaseExceptionMessage: Error HRESULT E_FAIL has been returned from a call to a COM component.

E, 3248, 23, 2012/11/13, 08:34:55.866, 7564229008351, QTAgent32.exe, Window 3999988 not responding. Last Win32 error 0
E, 3248, 23, 2012/11/13, 08:34:55.866, 7564229012273, QTAgent32.exe, Window 3999988 not responding. Last Win32 error 1400
E, 3248, 23, 2012/11/13, 08:34:55.866, 7564229016948, QTAgent32.exe, Window 3999988 not responding. Last Win32 error 1400
E, 3248, 23, 2012/11/13, 08:34:55.866, 7564229018193, QTAgent32.exe, GetClassName for handle 3999988 failed
E, 3248, 23, 2012/11/13, 08:34:55.866, 7564229019023, QTAgent32.exe, GetClassName for handle 3999988 failed
W, 3248, 23, 2012/11/13, 08:34:56.116, 7564232752665, QTAgent32.exe, Playback - [WARNING] Internal warning: Window Not Found: [VisibleOnly]ControlType='Window' &amp;&amp; Name='Customer: autotest autotest' &amp;&amp; ClassName='ThunderRT6MDIForm'
\0
E, 3248, 23, 2012/11/13, 08:34:56.116, 7564232755572, QTAgent32.exe, &lt;a class=failure&gt;Playback - {145} [FAILED] Function ElementFetcher::FindScreenElement failed to locate UI element (Searching: ;[VisibleOnly]ControlType='Window' &amp;&amp; Name='Customer: autotest autotest' &amp;&amp; ClassName='ThunderRT6MDIForm') (The object specified was not found.)
\0&lt;/a&gt;
E, 3248, 23, 2012/11/13, 08:34:56.209, 7564234101624, QTAgent32.exe, Playback - [IMAGE] C:\Users\peter.zenin-ad\AppData\Local\Temp\UITestLogs\LastRun\RPFC54D.png
\0
W, 3248, 23, 2012/11/13, 08:34:56.209, 7564234103734, QTAgent32.exe, Playback - [WARNING] Internal warning: Couldn't find descendants that match QueryId
\0
W, 3248, 23, 2012/11/13, 08:34:56.693, 7564240814486, QTAgent32.exe, Playback - [WARNING] Internal warning: Window Not Found: [VisibleOnly]ControlType='Window' &amp;&amp; Name='Customer: autotest autotest' &amp;&amp; ClassName='ThunderRT6MDIForm'
\0
E, 3248, 23, 2012/11/13, 08:34:56.693, 7564240817545, QTAgent32.exe, &lt;a class=failure&gt;Playback - {146} [FAILED] Function ElementFetcher::FindScreenElement failed to locate UI element (Searching: ;[VisibleOnly]ControlType='Window' &amp;&amp; Name='Customer: autotest autotest' &amp;&amp; ClassName='ThunderRT6MDIForm') (The object specified was not found.)
\0&lt;/a&gt;
E, 3248, 23, 2012/11/13, 08:34:56.771, 7564242031943, QTAgent32.exe, Playback - [IMAGE] C:\Users\peter.zenin-ad\AppData\Local\Temp\UITestLogs\LastRun\RPFC78F.png
\0
W, 3248, 23, 2012/11/13, 08:34:56.771, 7564242034151, QTAgent32.exe, Playback - [WARNING] Internal warning: Couldn't find descendants that match QueryId
\0
W, 3248, 23, 2012/11/13, 08:34:56.771, 7564242037048, QTAgent32.exe, PERF WARNING: FindTopLevelWindowHelper::FindAllDescendents: took 553 ms. Expected it to take maximum 500 ms.
W, 3248, 23, 2012/11/13, 08:34:57.224, 7564248509351, QTAgent32.exe, Playback - [WARNING] Internal warning: Smart Match failed
\0
W, 3248, 23, 2012/11/13, 08:34:57.395, 7564250969050, QTAgent32.exe, Playback - [WARNING] Internal warning: Smart Match failed
\0
W, 3248, 23, 2012/11/13, 08:34:57.567, 7564253426831, QTAgent32.exe, Playback - [WARNING] Internal warning: Smart Match failed
\0
W, 3248, 23, 2012/11/13, 08:34:57.738, 7564255884090, QTAgent32.exe, Playback - [WARNING] Internal warning: Smart Match failed
\0
W, 3248, 23, 2012/11/13, 08:34:57.910, 7564258337774, QTAgent32.exe, Playback - [WARNING] Internal warning: Smart Match failed
\0
W, 3248, 23, 2012/11/13, 08:34:58.082, 7564260787475, QTAgent32.exe, Playback - [WARNING] Internal warning: Smart Match failed
\0
W, 3248, 23, 2012/11/13, 08:34:58.253, 7564263249163, QTAgent32.exe, Playback - [WARNING] Internal warning: Smart Match failed
\0
W, 3248, 23, 2012/11/13, 08:34:58.425, 7564265711089, QTAgent32.exe, Playback - [WARNING] Internal warning: Smart Match failed
\0
W, 3248, 23, 2012/11/13, 08:34:58.596, 7564268160994, QTAgent32.exe, Playback - [WARNING] Internal warning: Smart Match failed
\0
W, 3248, 23, 2012/11/13, 08:34:58.768, 7564270626425, QTAgent32.exe, Playback - [WARNING] Internal warning: Smart Match failed
\0
W, 3248, 23, 2012/11/13, 08:34:58.940, 7564273073733, QTAgent32.exe, Playback - [WARNING] Internal warning: Smart Match failed
\0
W, 3248, 23, 2012/11/13, 08:34:59.111, 7564275539868, QTAgent32.exe, Playback - [WARNING] Internal warning: Smart Match failed
\0
W, 3248, 23, 2012/11/13, 08:34:59.283, 7564277988624, QTAgent32.exe, Playback - [WARNING] Internal warning: Smart Match failed
\0
W, 3248, 23, 2012/11/13, 08:34:59.454, 7564280446458, QTAgent32.exe, Playback - [WARNING] Internal warning: Smart Match failed
\0
W, 3248, 23, 2012/11/13, 08:34:59.626, 7564282901851, QTAgent32.exe, Playback - [WARNING] Internal warning: Smart Match failed
\0
W, 3248, 23, 2012/11/13, 08:34:59.798, 7564285361720, QTAgent32.exe, Playback - [WARNING] Internal warning: Smart Match failed
\0
W, 3248, 23, 2012/11/13, 08:34:59.860, 7564286172729, QTAgent32.exe, Playback - [WARNING] Internal warning: Window Not Found: [VisibleOnly]ControlType='Window' &amp;&amp; Name='Customer: autotest autotest' &amp;&amp; ClassName='ThunderRT6MDIForm'
\0
E, 3248, 23, 2012/11/13, 08:34:59.860, 7564286174752, QTAgent32.exe, &lt;a class=failure&gt;Playback - {147} [FAILED] Function ElementFetcher::FindScreenElement failed to locate UI element (Searching: ;[VisibleOnly]ControlType='Window' &amp;&amp; Name='Customer: autotest autotest' &amp;&amp; ClassName='ThunderRT6MDIForm') (The object specified was not found.)
\0&lt;/a&gt;
E, 3248, 23, 2012/11/13, 08:34:59.938, 7564287383305, QTAgent32.exe, Playback - [IMAGE] C:\Users\peter.zenin-ad\AppData\Local\Temp\UITestLogs\LastRun\RPFD3EF.png
\0
W, 3248, 23, 2012/11/13, 08:34:59.938, 7564287385499, QTAgent32.exe, Playback - [WARNING] Internal warning: Couldn't find descendants that match QueryId
\0
W, 3248, 23, 2012/11/13, 08:34:59.938, 7564287388407, QTAgent32.exe, PERF WARNING: FindTopLevelWindowHelper::FindAllDescendents: took 3167 ms. Expected it to take maximum 500 ms.
E, 3248, 23, 2012/11/13, 08:34:59.938, 7564287390160, QTAgent32.exe, Exception: System.Runtime.InteropServices.COMException
	Message: Error HRESULT E_FAIL has been returned from a call to a COM component.
	Stack Trace:    at Microsoft.VisualStudio.TestTools.UITest.Playback.Engine.IRPFPlayback.FindAllScreenElements(IScreenElement pScreenElementStart, String bstrQueryId, Object&amp; pvarResKeys, Int32 cResKeys, Int32 nMaxDepth, Object[]&amp; foundDescendants)
   at Microsoft.VisualStudio.TestTools.UITest.Playback.ScreenElement.FindTopLevelWindowHelper(String queryId)
	BaseExceptionMessage: Error HRESULT E_FAIL has been returned from a call to a COM component.

E, 3248, 23, 2012/11/13, 08:34:59.938, 7564287395147, QTAgent32.exe, Window 3999988 not responding. Last Win32 error 0
E, 3248, 23, 2012/11/13, 08:34:59.938, 7564287399032, QTAgent32.exe, Window 3999988 not responding. Last Win32 error 1400
E, 3248, 23, 2012/11/13, 08:34:59.938, 7564287403607, QTAgent32.exe, Window 3999988 not responding. Last Win32 error 1400
E, 3248, 23, 2012/11/13, 08:34:59.938, 7564287404820, QTAgent32.exe, GetClassName for handle 3999988 failed
E, 3248, 23, 2012/11/13, 08:34:59.938, 7564287405628, QTAgent32.exe, GetClassName for handle 3999988 failed
E, 3248, 23, 2012/11/13, 08:35:00.047, 7564288843518, QTAgent32.exe, AL: Playback Error: Microsoft.VisualStudio.TestTools.UITest.Extension.UITestControlNotFoundException: Unable to find the top level element of the control ---&gt; Microsoft.VisualStudio.TestTools.UITest.Extension.UITestControlNotFoundException: The playback failed to find the control with the given search properties. Additional Details: 
TechnologyName:  'MSAA'
ControlType:  'Window'
 ---&gt; System.Runtime.InteropServices.COMException: Error HRESULT E_FAIL has been returned from a call to a COM component.
   at Microsoft.VisualStudio.TestTools.UITest.Playback.Engine.IRPFPlayback.FindAllScreenElements(IScreenElement pScreenElementStart, String bstrQueryId, Object&amp; pvarResKeys, Int32 cResKeys, Int32 nMaxDepth, Object[]&amp; foundDescendants)
   at Microsoft.VisualStudio.TestTools.UITest.Playback.ScreenElement.FindTopLevelWindowHelper(String queryId)
   at Microsoft.VisualStudio.TestTools.UITest.Playback.ScreenElement.FindFromPartialQueryId(String queryId)
   at Microsoft.VisualStudio.TestTools.UITesting.UITestControl..ctor(String queryId)
   --- End of inner exception stack trace ---
   at Microsoft.VisualStudio.TestTools.UITesting.Playback.MapControlNotFoundException(COMException ex, IPlaybackContext context)
   at Microsoft.VisualStudio.TestTools.UITesting.Playback.MapAndThrowComException(COMException innerException, IPlaybackContext context)
   at Microsoft.VisualStudio.TestTools.UITesting.Playback.MapAndThrowException(SystemException exception, IPlaybackContext context)
   at Microsoft.VisualStudio.TestTools.UITesting.Playback.MapAndThrowException(SystemException exception, String queryId)
   at Microsoft.VisualStudio.TestTools.UITesting.UITestControl..ctor(String queryId)
   at Microsoft.VisualStudio.TestTools.UITesting.SearchHelper.SearchTopLevelWindow(ISearchArgument topLevelSearchArg, String topLevelElementQueryId)
   at Microsoft.VisualStudio.TestTools.UITesting.SearchHelper.SearchUsingMultipleTitles(ISearchArgument topLevelSearchArg, QueryId topLevelQueryId, IList`1 windowTitles)
   --- End of inner exception stack trace ---
   at Microsoft.VisualStudio.TestTools.UITesting.SearchHelper.SearchUsingMultipleTitles(ISearchArgument topLevelSearchArg, QueryId topLevelQueryId, IList`1 windowTitles)
   at Microsoft.VisualStudio.TestTools.UITesting.SearchHelper.GetTitleUpdatedTopLevelWindow(ISearchArgument topLevelSearchArg, String queryId, IList`1 windowTitles)
   at Microsoft.VisualStudio.TestTools.UITesting.SearchHelper.GetTopLevelElement(Boolean useCache, Boolean useCacheOnly, ISearchArgument searchArg, IList`1 windowTitles, Int32&amp; timeLeft)
   at Microsoft.VisualStudio.TestTools.UITesting.SearchHelper.GetElement(Boolean useCache, ISearchArgument searchArg)
   at Microsoft.VisualStudio.TestTools.UITesting.SearchHelper.Search(ISearchArgument searchArg)
   at Microsoft.VisualStudio.TestTools.UITesting.UITestControl.FindInternal()
   at Microsoft.VisualStudio.TestTools.UITesting.UITestControl.FindControlIfNecessary()
   at Microsoft.VisualStudio.TestTools.UITesting.UITestControl.Click(MouseButtons button, ModifierKeys modifierKeys, Point relativeCoordinates)
   at Microsoft.VisualStudio.TestTools.UITesting.Mouse.ClickImplementation(UITestControl control, MouseButtons button, ModifierKeys modifierKeys, Point relativeCoordinate)
   at Microsoft.VisualStudio.TestTools.UITesting.Mouse.ClickImplementationWrapper(UITestControl control, MouseButtons button, ModifierKeys modifierKeys, Point relativeCoordinate)
W, 3248, 23, 2012/11/13, 08:35:00.047, 7564288845090, QTAgent32.exe, PlaybackErrorHandler: Ignoring exception as ContinueOnError is set.
W, 3248, 23, 2012/11/13, 08:35:00.375, 7564293647038, QTAgent32.exe, &lt;a class=success&gt;Playback - {148} [SUCCESS] MouseButtonClick - "[MSAA, VisibleOnly]ControlType='Button' &amp;&amp; Name='Close'"
\0&lt;/a&gt;
W, 3248, 23, 2012/11/13, 08:35:04.915, 7564358562181, QTAgent32.exe, IEDOM : StopSession of the plugin called before StartSession
W, 3248, 23, 2012/11/13, 08:35:04.915, 7564358563407, QTAgent32.exe, UIA : StopSession of the plugin called before StartSession
W, 3248, 23, 2012/11/13, 08:35:04.915, 7564358564130, QTAgent32.exe, SLPlugin : StopSession of the plugin called before StartSession
</DebugTrace>
      </Output>
    </UnitTestResult>
    <UnitTestResult executionId="baf2b0d1-241d-4396-8ced-68b5306d82a4" testId="0f4d10f2-7035-3d68-762a-b62c4853fb8a" testName="MotoTest11" computerName="ICLVDEVAP01" duration="00:02:57.0507595" startTime="2012-11-13T08:35:04.9152770+00:00" endTime="2012-11-13T08:38:01.9854920+00:00" testType="13cdc9d9-ddb5-4fa4-a97d-d965ccfc6d4b" outcome="Passed" testListId="8c84fa94-04c1-424b-9868-57a2d4851a1d" relativeResultsDirectory="baf2b0d1-241d-4396-8ced-68b5306d82a4">
      <Output>
        <DebugTrace>W, 3248, 18, 2012/11/13, 08:35:04.915, 7564358736599, QTAgent32.exe, ExtensionFramework : A Technology Manager with name Web is already registered.
W, 3248, 18, 2012/11/13, 08:35:05.773, 7564370814905, QTAgent32.exe, &lt;a class=success&gt;Playback - {1} [SUCCESS] MouseButtonClick - "[MSAA, VisibleOnly]ControlType='Edit'"
\0&lt;/a&gt;
W, 3248, 18, 2012/11/13, 08:35:06.038, 7564374610437, QTAgent32.exe, &lt;a class=success&gt;Playback - {2} [SUCCESS] SendKeys "[*]" - "[MSAA, VisibleOnly]ControlType='Edit'"
\0&lt;/a&gt;
W, 3248, 18, 2012/11/13, 08:35:07.115, 7564390233337, QTAgent32.exe, &lt;a class=success&gt;Playback - {3} [SUCCESS] MouseButtonClick - "[MSAA, VisibleOnly]ControlType='Button' &amp;&amp; Name='OK'"
\0&lt;/a&gt;
W, 3248, 18, 2012/11/13, 08:35:07.926, 7564401699095, QTAgent32.exe, &lt;a class=success&gt;Playback - {4} [SUCCESS] MouseButtonClick - "[MSAA, VisibleOnly]ControlType='Button' &amp;&amp; Name='OK'"
\0&lt;/a&gt;
W, 3248, 18, 2012/11/13, 08:35:08.082, 7564403871632, QTAgent32.exe, &lt;a class=success&gt;Playback - {5} [SUCCESS] TypeString "#(R)"
\0&lt;/a&gt;
E, 3248, 18, 2012/11/13, 08:35:08.628, 7564411687388, QTAgent32.exe, Exception: System.ArgumentException
	Message: Value does not fall within the expected range.
	Stack Trace:    at Accessibility.IAccessible.get_accRole(Object varChild)
   at Microsoft.VisualStudio.TestTools.UITest.Extension.Msaa.AccWrapper.get_RoleInt()
	BaseExceptionMessage: Value does not fall within the expected range.

E, 3248, 18, 2012/11/13, 08:35:08.628, 7564411816806, QTAgent32.exe, Exception: System.ArgumentException
	Message: Value does not fall within the expected range.
	Stack Trace:    at Accessibility.IAccessible.get_accRole(Object varChild)
   at Microsoft.VisualStudio.TestTools.UITest.Extension.Msaa.AccWrapper.get_RoleInt()
	BaseExceptionMessage: Value does not fall within the expected range.

W, 3248, 18, 2012/11/13, 08:35:09.158, 7564419285116, QTAgent32.exe, &lt;a class=success&gt;Playback - {6} [SUCCESS] LeftButtonClick  &lt; Mouse cursor location (87, 908) &gt;
\0&lt;/a&gt;
W, 3248, 18, 2012/11/13, 08:35:10.250, 7564434920165, QTAgent32.exe, &lt;a class=success&gt;Playback - {7} [SUCCESS] SetValueAsEditBox "c:\TestProject7\office.reg"  &lt; Set via SendKeys &gt;
\0&lt;/a&gt;
W, 3248, 18, 2012/11/13, 08:35:10.250, 7564434922377, QTAgent32.exe, &lt;a class=success&gt;Playback - {8} [SUCCESS] SetValueAsComboBox "c:\TestProject7\office.reg" - "[MSAA, VisibleOnly]ControlType='ComboBox' &amp;&amp; Name='Open:'"  &lt; Set via SetValueAsEditBox &gt;
\0&lt;/a&gt;
W, 3248, 18, 2012/11/13, 08:35:10.687, 7564441316840, QTAgent32.exe, &lt;a class=success&gt;Playback - {9} [SUCCESS] MouseButtonClick - "[MSAA, VisibleOnly]ControlType='Button' &amp;&amp; Name='OK'"
\0&lt;/a&gt;
W, 3248, 18, 2012/11/13, 08:35:11.374, 7564451065550, QTAgent32.exe, &lt;a class=success&gt;Playback - {10} [SUCCESS] MouseButtonClick - "[MSAA, VisibleOnly]ControlType='Button' &amp;&amp; Name='Yes'"
\0&lt;/a&gt;
W, 3248, 18, 2012/11/13, 08:35:11.904, 7564458656940, QTAgent32.exe, &lt;a class=success&gt;Playback - {11} [SUCCESS] MouseButtonClick - "[MSAA, VisibleOnly]ControlType='Button' &amp;&amp; Name='OK'"
\0&lt;/a&gt;
W, 3248, 18, 2012/11/13, 08:35:12.372, 7564465329511, QTAgent32.exe, &lt;a class=success&gt;Playback - {12} [SUCCESS] MouseButtonClick - "[MSAA, VisibleOnly]ControlType='Button' &amp;&amp; Name='Clients &amp; Files'"
\0&lt;/a&gt;
W, 3248, 18, 2012/11/13, 08:35:13.277, 7564478282104, QTAgent32.exe, Playback - [WARNING] Internal warning: Window Not Found: [VisibleOnly]ControlType='Window' &amp;&amp; Name='Customer: txt1 tdsfs' &amp;&amp; ClassName='ThunderRT6MDIForm'
\0
E, 3248, 18, 2012/11/13, 08:35:13.277, 7564478284989, QTAgent32.exe, &lt;a class=failure&gt;Playback - {13} [FAILED] Function ElementFetcher::FindScreenElement failed to locate UI element (Searching: ;[VisibleOnly]ControlType='Window' &amp;&amp; Name='Customer: txt1 tdsfs' &amp;&amp; ClassName='ThunderRT6MDIForm') (The object specified was not found.)
\0&lt;/a&gt;
E, 3248, 18, 2012/11/13, 08:35:13.355, 7564479520041, QTAgent32.exe, Playback - [IMAGE] C:\Users\peter.zenin-ad\AppData\Local\Temp\UITestLogs\LastRun\RPF858.png
\0
W, 3248, 18, 2012/11/13, 08:35:13.355, 7564479522142, QTAgent32.exe, Playback - [WARNING] Internal warning: Couldn't find descendants that match QueryId
\0
W, 3248, 18, 2012/11/13, 08:35:13.355, 7564479525121, QTAgent32.exe, PERF WARNING: FindTopLevelWindowHelper::FindAllDescendents: took 816 ms. Expected it to take maximum 500 ms.
W, 3248, 18, 2012/11/13, 08:35:31.358, 7564737160445, QTAgent32.exe, Playback - [WARNING] Internal warning: Window Not Found: [VisibleOnly]ControlType='Window' &amp;&amp; Name='Customer: txt1 tdsfs' &amp;&amp; ClassName='ThunderRT6MDIForm'
\0
E, 3248, 18, 2012/11/13, 08:35:31.358, 7564737163191, QTAgent32.exe, &lt;a class=failure&gt;Playback - {14} [FAILED] Function ElementFetcher::FindScreenElement failed to locate UI element (Searching: ;[VisibleOnly]ControlType='Window' &amp;&amp; Name='Customer: txt1 tdsfs' &amp;&amp; ClassName='ThunderRT6MDIForm') (The object specified was not found.)
\0&lt;/a&gt;
E, 3248, 18, 2012/11/13, 08:35:31.436, 7564738385354, QTAgent32.exe, Playback - [IMAGE] C:\Users\peter.zenin-ad\AppData\Local\Temp\UITestLogs\LastRun\RPF4EFA.png
\0
W, 3248, 18, 2012/11/13, 08:35:31.436, 7564738387539, QTAgent32.exe, Playback - [WARNING] Internal warning: Couldn't find descendants that match QueryId
\0
W, 3248, 18, 2012/11/13, 08:35:31.436, 7564738390481, QTAgent32.exe, PERF WARNING: FindTopLevelWindowHelper::FindAllDescendents: took 18079 ms. Expected it to take maximum 500 ms.
W, 3248, 18, 2012/11/13, 08:35:32.029, 7564746759486, QTAgent32.exe, Playback - [WARNING] Internal warning: Window with Class "ThunderRT6MDIForm" and Title "Customer: txt1 tdsfs" was not found, so similar window with Class "ThunderRT6MDIForm" and Title "Customer: autotest" was accepted
\0
W, 3248, 18, 2012/11/13, 08:35:32.029, 7564746763392, QTAgent32.exe, PERF WARNING: FindTopLevelWindowHelper::FindAllDescendents: took 584 ms. Expected it to take maximum 500 ms.
W, 3248, 18, 2012/11/13, 08:35:32.497, 7564753522667, QTAgent32.exe, Playback - [WARNING] Internal warning: Incorrect flag set for InvokeProgrammaticAction\0
W, 3248, 18, 2012/11/13, 08:35:32.840, 7564758400391, QTAgent32.exe, &lt;a class=success&gt;Playback - {15} [SUCCESS] SetValueAsComboBox "Customers" - "[MSAA, VisibleOnly]ControlType='ComboBox'"  &lt; SetValueAsComboBox, set by clicking on the item in the list box &gt;
\0&lt;/a&gt;
W, 3248, 18, 2012/11/13, 08:35:33.496, 7564767863620, QTAgent32.exe, &lt;a class=success&gt;Playback - {16} [SUCCESS] MouseButtonClick - "[MSAA, VisibleOnly]ControlType='Button' &amp;&amp; Name='Add'"
\0&lt;/a&gt;
W, 3248, 18, 2012/11/13, 08:35:33.901, 7564773538811, QTAgent32.exe, &lt;a class=success&gt;Playback - {17} [SUCCESS] SendKeys "autotest" - "[MSAA, VisibleOnly]ControlType='RadioButton' &amp;&amp; Name='Personal Lines'"
\0&lt;/a&gt;
W, 3248, 18, 2012/11/13, 08:35:34.369, 7564780243784, QTAgent32.exe, &lt;a class=success&gt;Playback - {18} [SUCCESS] SetValueAsEditBox "autotest" - "[MSAA, VisibleOnly]ControlType='Edit'"  &lt; Set via SendKeys &gt;
\0&lt;/a&gt;
W, 3248, 18, 2012/11/13, 08:35:34.915, 7564788187548, QTAgent32.exe, &lt;a class=success&gt;Playback - {19} [SUCCESS] MouseButtonClick - "[MSAA, VisibleOnly]ControlType='Button' &amp;&amp; Name='OK'"
\0&lt;/a&gt;
W, 3248, 18, 2012/11/13, 08:35:35.493, 7564796475208, QTAgent32.exe, &lt;a class=success&gt;Playback - {20} [SUCCESS] MouseButtonClick - "[MSAA, VisibleOnly]ControlType='Button' &amp;&amp; Name='Yes'"
\0&lt;/a&gt;
W, 3248, 18, 2012/11/13, 08:35:35.727, 7564799671045, QTAgent32.exe, &lt;a class=success&gt;Playback - {21} [SUCCESS] SendKeys "^{HOME}" - "[MSAA, VisibleOnly]ControlType='Edit'"
\0&lt;/a&gt;
E, 3248, 18, 2012/11/13, 08:35:35.727, 7564799673678, QTAgent32.exe, Msaa.GetFocusedElement: could not find accessible object of foreground window
W, 3248, 18, 2012/11/13, 08:35:35.805, 7564800790263, QTAgent32.exe, &lt;a class=success&gt;Playback - {22} [SUCCESS] SendKeys "^+{END}" - "[MSAA, VisibleOnly]ControlType='Edit'"
\0&lt;/a&gt;
E, 3248, 18, 2012/11/13, 08:35:35.805, 7564800793147, QTAgent32.exe, Msaa.GetFocusedElement: could not find accessible object of foreground window
W, 3248, 18, 2012/11/13, 08:35:35.820, 7564801016693, QTAgent32.exe, &lt;a class=success&gt;Playback - {23} [SUCCESS] SendKeys "{DELETE}" - "[MSAA, VisibleOnly]ControlType='Edit'"
\0&lt;/a&gt;
W, 3248, 18, 2012/11/13, 08:35:35.898, 7564802133801, QTAgent32.exe, &lt;a class=success&gt;Playback - {24} [SUCCESS] SetValueAsEditBox "1" - "[MSAA, VisibleOnly]ControlType='Edit'"  &lt; Set via SendKeys &gt;
\0&lt;/a&gt;
W, 3248, 18, 2012/11/13, 08:35:36.132, 7564805481466, QTAgent32.exe, &lt;a class=success&gt;Playback - {25} [SUCCESS] SendKeys "^{HOME}" - "[MSAA, VisibleOnly]ControlType='Edit'"
\0&lt;/a&gt;
E, 3248, 18, 2012/11/13, 08:35:36.132, 7564805484305, QTAgent32.exe, Msaa.GetFocusedElement: could not find accessible object of foreground window
W, 3248, 18, 2012/11/13, 08:35:36.226, 7564806821213, QTAgent32.exe, &lt;a class=success&gt;Playback - {26} [SUCCESS] SendKeys "^+{END}" - "[MSAA, VisibleOnly]ControlType='Edit'"
\0&lt;/a&gt;
E, 3248, 18, 2012/11/13, 08:35:36.226, 7564806824089, QTAgent32.exe, Msaa.GetFocusedElement: could not find accessible object of foreground window
W, 3248, 18, 2012/11/13, 08:35:36.241, 7564807044217, QTAgent32.exe, &lt;a class=success&gt;Playback - {27} [SUCCESS] SendKeys "{DELETE}" - "[MSAA, VisibleOnly]ControlType='Edit'"
\0&lt;/a&gt;
W, 3248, 18, 2012/11/13, 08:35:36.319, 7564808164045, QTAgent32.exe, &lt;a class=success&gt;Playback - {28} [SUCCESS] SetValueAsEditBox "1" - "[MSAA, VisibleOnly]ControlType='Edit'"  &lt; Set via SendKeys &gt;
\0&lt;/a&gt;
W, 3248, 18, 2012/11/13, 08:35:36.865, 7564816177330, QTAgent32.exe, &lt;a class=success&gt;Playback - {29} [SUCCESS] MouseButtonClick - "[MSAA, VisibleOnly]ControlType='Button' &amp;&amp; Name='OK'"
\0&lt;/a&gt;
W, 3248, 18, 2012/11/13, 08:35:37.396, 7564823729203, QTAgent32.exe, &lt;a class=success&gt;Playback - {30} [SUCCESS] MouseButtonClick - "[MSAA, VisibleOnly]ControlType='Button'"
\0&lt;/a&gt;
W, 3248, 18, 2012/11/13, 08:35:37.911, 7564830998792, QTAgent32.exe, &lt;a class=success&gt;Playback - {31} [SUCCESS] MouseButtonClick - "[MSAA, VisibleOnly]ControlType='Button' &amp;&amp; Name='Add'"
\0&lt;/a&gt;
W, 3248, 18, 2012/11/13, 08:35:38.410, 7564838241919, QTAgent32.exe, &lt;a class=success&gt;Playback - {32} [SUCCESS] MouseButtonClick - "[MSAA, VisibleOnly]ControlType='Button' &amp;&amp; Name='OK'"
\0&lt;/a&gt;
W, 3248, 18, 2012/11/13, 08:35:40.906, 7564873829713, QTAgent32.exe, &lt;a class=success&gt;Playback - {33} [SUCCESS] MouseButtonClick - "[MSAA, VisibleOnly,Window]ControlType='Window' &amp;&amp; ClassName='ThunderRT6TextBox'"
\0&lt;/a&gt;
W, 3248, 18, 2012/11/13, 08:35:41.249, 7564878750868, QTAgent32.exe, &lt;a class=success&gt;Playback - {34} [SUCCESS] SetValueAsEditBox "MOTO" - "[MSAA, VisibleOnly]ControlType='Edit'"  &lt; Set via SendKeys &gt;
\0&lt;/a&gt;
W, 3248, 18, 2012/11/13, 08:35:41.764, 7564886121123, QTAgent32.exe, &lt;a class=success&gt;Playback - {35} [SUCCESS] MouseButtonClick - "[MSAA, VisibleOnly]ControlType='Button' &amp;&amp; Name='OK'"
\0&lt;/a&gt;
W, 3248, 18, 2012/11/13, 08:35:42.201, 7564892436062, QTAgent32.exe, &lt;a class=success&gt;Playback - {36} [SUCCESS] MouseButtonClick - "[MSAA, VisibleOnly]ControlType='Button' &amp;&amp; Name='Options'"
\0&lt;/a&gt;
W, 3248, 18, 2012/11/13, 08:35:42.310, 7564893937713, QTAgent32.exe, FindScreenElementInSinglePass : Attempting to find control in one pass of search. Failures can occur.
W, 3248, 18, 2012/11/13, 08:35:42.497, 7564896612028, QTAgent32.exe, &lt;a class=success&gt;Playback - {37} [SUCCESS] MouseButtonClick - "[MSAA]ControlType='MenuItem' &amp;&amp; Name='Links'"
\0&lt;/a&gt;
W, 3248, 18, 2012/11/13, 08:35:42.607, 7564898179350, QTAgent32.exe, FindScreenElementInSinglePass : Attempting to find control in one pass of search. Failures can occur.
W, 3248, 18, 2012/11/13, 08:35:42.778, 7564900632586, QTAgent32.exe, &lt;a class=success&gt;Playback - {38} [SUCCESS] MouseButtonClick - "[MSAA]ControlType='MenuItem' &amp;&amp; Name='3rd Party Integration'"
\0&lt;/a&gt;
W, 3248, 18, 2012/11/13, 08:35:42.887, 7564902201573, QTAgent32.exe, FindScreenElementInSinglePass : Attempting to find control in one pass of search. Failures can occur.
W, 3248, 18, 2012/11/13, 08:35:43.090, 7564905131023, QTAgent32.exe, &lt;a class=success&gt;Playback - {39} [SUCCESS] MouseButtonClick - "[MSAA]ControlType='MenuItem' &amp;&amp; Name='Quote Select List'"
\0&lt;/a&gt;
W, 3248, 18, 2012/11/13, 08:35:45.025, 7564932800757, QTAgent32.exe, PERF WARNING: FindTopLevelWindowHelper::FindAllDescendents: took 1787 ms. Expected it to take maximum 500 ms.
W, 3248, 18, 2012/11/13, 08:35:46.710, 7564957060723, QTAgent32.exe, &lt;a class=success&gt;Playback - {40} [SUCCESS] MouseButtonClick - "[MSAA, VisibleOnly]ControlType='Button' &amp;&amp; Name='Ok'"
\0&lt;/a&gt;
W, 3248, 18, 2012/11/13, 08:35:48.332, 7564980182048, QTAgent32.exe, PERF WARNING: FindTopLevelWindowHelper::FindAllDescendents: took 1507 ms. Expected it to take maximum 500 ms.
W, 3248, 18, 2012/11/13, 08:35:48.738, 7564986006974, QTAgent32.exe, &lt;a class=success&gt;Playback - {41} [SUCCESS] MouseButtonClick - "[MSAA, VisibleOnly]ControlType='Button' &amp;&amp; Name='Ok'"
\0&lt;/a&gt;
W, 3248, 18, 2012/11/13, 08:35:49.112, 7564991322667, QTAgent32.exe, &lt;a class=success&gt;Playback - {42} [SUCCESS] SetValueAsEditBox "Test" - "[MSAA, VisibleOnly]ControlType='Edit'"  &lt; Set via SendKeys &gt;
\0&lt;/a&gt;
W, 3248, 18, 2012/11/13, 08:35:49.315, 7564994223946, QTAgent32.exe, &lt;a class=success&gt;Playback - {43} [SUCCESS] SendKeys "{Tab}" - "[MSAA, VisibleOnly]ControlType='Edit'"
\0&lt;/a&gt;
W, 3248, 18, 2012/11/13, 08:35:49.674, 7564999364056, QTAgent32.exe, &lt;a class=success&gt;Playback - {44} [SUCCESS] SetValueAsEditBox "test" - "[MSAA, VisibleOnly]ControlType='Edit'"  &lt; Set via SendKeys &gt;
\0&lt;/a&gt;
W, 3248, 18, 2012/11/13, 08:35:50.111, 7565005617402, QTAgent32.exe, &lt;a class=success&gt;Playback - {45} [SUCCESS] SetValueAsEditBox "160485" - "[MSAA, VisibleOnly]ControlType='Edit'"  &lt; Set via SendKeys &gt;
\0&lt;/a&gt;
W, 3248, 18, 2012/11/13, 08:35:50.516, 7565011425563, QTAgent32.exe, &lt;a class=success&gt;Playback - {46} [SUCCESS] SetValueAsEditBox "B338TH" - "[MSAA, VisibleOnly]ControlType='Edit'"  &lt; Set via SendKeys &gt;
\0&lt;/a&gt;
W, 3248, 18, 2012/11/13, 08:35:52.981, 7565046714624, QTAgent32.exe, &lt;a class=success&gt;Playback - {47} [SUCCESS] MouseButtonClick - "[MSAA, VisibleOnly]ControlType='Button' &amp;&amp; Name='Lookup...'"
\0&lt;/a&gt;
W, 3248, 18, 2012/11/13, 08:35:53.418, 7565053123391, QTAgent32.exe, &lt;a class=success&gt;Playback - {48} [SUCCESS] MouseButtonClick - "[MSAA, VisibleOnly]ControlType='Button' &amp;&amp; Name='Ok'"
\0&lt;/a&gt;
W, 3248, 18, 2012/11/13, 08:35:55.602, 7565084244538, QTAgent32.exe, &lt;a class=success&gt;Playback - {49} [SUCCESS] MouseButtonClick - "[MSAA, VisibleOnly]ControlType='Button' &amp;&amp; Name='OK'"
\0&lt;/a&gt;
W, 3248, 18, 2012/11/13, 08:35:56.242, 7565093414523, QTAgent32.exe, Playback - [WARNING] Internal warning: Incorrect flag set for InvokeProgrammaticAction\0
W, 3248, 18, 2012/11/13, 08:35:56.569, 7565098105180, QTAgent32.exe, &lt;a class=success&gt;Playback - {50} [SUCCESS] SetValueAsComboBox "Account Executive" - "[MSAA, VisibleOnly]ControlType='ComboBox'"  &lt; SetValueAsComboBox, set by clicking on the item in the list box &gt;
\0&lt;/a&gt;
W, 3248, 18, 2012/11/13, 08:35:57.193, 7565107219569, QTAgent32.exe, Playback - [WARNING] Internal warning: Incorrect flag set for InvokeProgrammaticAction\0
W, 3248, 18, 2012/11/13, 08:35:57.537, 7565111949735, QTAgent32.exe, &lt;a class=success&gt;Playback - {51} [SUCCESS] SetValueAsComboBox "Acupuncture" - "[MSAA, VisibleOnly]ControlType='ComboBox'"  &lt; SetValueAsComboBox, set by clicking on the item in the list box &gt;
\0&lt;/a&gt;
W, 3248, 18, 2012/11/13, 08:35:58.005, 7565118639779, QTAgent32.exe, &lt;a class=success&gt;Playback - {52} [SUCCESS] SetValueAsEditBox "151101" - "[MSAA, VisibleOnly]ControlType='Edit'"  &lt; Set via SendKeys &gt;
\0&lt;/a&gt;
W, 3248, 18, 2012/11/13, 08:35:59.705, 7565143148423, QTAgent32.exe, &lt;a class=success&gt;Playback - {53} [SUCCESS] MouseButtonClick - "[MSAA, VisibleOnly]ControlType='Button' &amp;&amp; Name='OK'"
\0&lt;/a&gt;
W, 3248, 18, 2012/11/13, 08:36:00.236, 7565150580980, QTAgent32.exe, &lt;a class=success&gt;Playback - {54} [SUCCESS] SetValueAsEditBox "RF53OXL" - "[MSAA, VisibleOnly]ControlType='Edit'"  &lt; Set via SendKeys &gt;
\0&lt;/a&gt;
W, 3248, 18, 2012/11/13, 08:36:02.701, 7565185867522, QTAgent32.exe, &lt;a class=success&gt;Playback - {55} [SUCCESS] MouseButtonClick - "[MSAA, VisibleOnly]ControlType='Button' &amp;&amp; Name='Filter'"
\0&lt;/a&gt;
W, 3248, 18, 2012/11/13, 08:36:03.184, 7565192839188, QTAgent32.exe, &lt;a class=success&gt;Playback - {56} [SUCCESS] MouseButtonClick - "[MSAA, VisibleOnly]ControlType='Button' &amp;&amp; Name='OK'"
\0&lt;/a&gt;
W, 3248, 18, 2012/11/13, 08:36:03.652, 7565199495308, QTAgent32.exe, &lt;a class=success&gt;Playback - {57} [SUCCESS] SendKeys "^{HOME}" - "[MSAA, VisibleOnly]ControlType='Edit'"
\0&lt;/a&gt;
E, 3248, 18, 2012/11/13, 08:36:03.652, 7565199498114, QTAgent32.exe, Msaa.GetFocusedElement: could not find accessible object of foreground window
W, 3248, 18, 2012/11/13, 08:36:03.746, 7565200833324, QTAgent32.exe, &lt;a class=success&gt;Playback - {58} [SUCCESS] SendKeys "^+{END}" - "[MSAA, VisibleOnly]ControlType='Edit'"
\0&lt;/a&gt;
E, 3248, 18, 2012/11/13, 08:36:03.746, 7565200836288, QTAgent32.exe, Msaa.GetFocusedElement: could not find accessible object of foreground window
W, 3248, 18, 2012/11/13, 08:36:03.761, 7565201061561, QTAgent32.exe, &lt;a class=success&gt;Playback - {59} [SUCCESS] SendKeys "{DELETE}" - "[MSAA, VisibleOnly]ControlType='Edit'"
\0&lt;/a&gt;
W, 3248, 18, 2012/11/13, 08:36:03.964, 7565203965444, QTAgent32.exe, &lt;a class=success&gt;Playback - {60} [SUCCESS] SetValueAsEditBox "1000" - "[MSAA, VisibleOnly]ControlType='Edit'"  &lt; Set via SendKeys &gt;
\0&lt;/a&gt;
W, 3248, 18, 2012/11/13, 08:36:04.432, 7565210775243, QTAgent32.exe, &lt;a class=success&gt;Playback - {61} [SUCCESS] MouseButtonClick - "[MSAA, VisibleOnly]ControlType='Button' &amp;&amp; Name='Calculate Quote'"
\0&lt;/a&gt;
W, 3248, 18, 2012/11/13, 08:36:04.885, 7565217215794, QTAgent32.exe, &lt;a class=success&gt;Playback - {62} [SUCCESS] MouseButtonClick - "[MSAA, VisibleOnly]ControlType='Button' &amp;&amp; Name='Cancel'"
\0&lt;/a&gt;
W, 3248, 18, 2012/11/13, 08:36:05.353, 7565223994696, QTAgent32.exe, &lt;a class=success&gt;Playback - {63} [SUCCESS] MouseButtonClick - "[MSAA, VisibleOnly]ControlType='Button' &amp;&amp; Name='No'"
\0&lt;/a&gt;
W, 3248, 18, 2012/11/13, 08:36:16.117, 7565377976793, QTAgent32.exe, PERF WARNING: FindTopLevelWindowHelper::FindAllDescendents: took 10655 ms. Expected it to take maximum 500 ms.
W, 3248, 18, 2012/11/13, 08:36:16.445, 7565382655457, QTAgent32.exe, &lt;a class=success&gt;Playback - {64} [SUCCESS] MouseButtonClick - "[MSAA, VisibleOnly]ControlType='Client'"
\0&lt;/a&gt;
W, 3248, 18, 2012/11/13, 08:36:18.052, 7565405660507, QTAgent32.exe, &lt;a class=success&gt;Playback - {65} [SUCCESS] SendKeys "{Home}" - "[MSAA, VisibleOnly]ControlType='Client'"
\0&lt;/a&gt;
W, 3248, 18, 2012/11/13, 08:36:21.812, 7565459684277, QTAgent32.exe, &lt;a class=success&gt;Playback - {66} [SUCCESS] MouseButtonClick - "[MSAA, VisibleOnly]ControlType='Button' &amp;&amp; Name='Accept'"
\0&lt;/a&gt;
W, 3248, 18, 2012/11/13, 08:36:22.326, 7565467009573, QTAgent32.exe, &lt;a class=success&gt;Playback - {67} [SUCCESS] MouseButtonClick - "[MSAA, VisibleOnly]ControlType='Button' &amp;&amp; Name='Yes'"
\0&lt;/a&gt;
W, 3248, 18, 2012/11/13, 08:36:22.857, 7565474562466, QTAgent32.exe, &lt;a class=success&gt;Playback - {68} [SUCCESS] MouseButtonClick - "[MSAA, VisibleOnly]ControlType='Button' &amp;&amp; Name='Ok'"
\0&lt;/a&gt;
W, 3248, 18, 2012/11/13, 08:36:23.262, 7565480338632, QTAgent32.exe, &lt;a class=success&gt;Playback - {69} [SUCCESS] MouseButtonClick - "[MSAA, VisibleOnly]ControlType='Button' &amp;&amp; Name='Ok'"
\0&lt;/a&gt;
W, 3248, 18, 2012/11/13, 08:36:23.824, 7565488354031, QTAgent32.exe, &lt;a class=success&gt;Playback - {70} [SUCCESS] MouseButtonClick - "[MSAA, VisibleOnly]ControlType='Button' &amp;&amp; Name='Confirm'"
\0&lt;/a&gt;
W, 3248, 18, 2012/11/13, 08:36:51.797, 7565888802527, QTAgent32.exe, Playback - [WARNING] Internal warning: Window Not Found: [VisibleOnly]ControlType='Window' &amp;&amp; Name='Save the file as' &amp;&amp; ClassName='#32770'
\0
E, 3248, 18, 2012/11/13, 08:36:51.797, 7565888805444, QTAgent32.exe, &lt;a class=failure&gt;Playback - {71} [FAILED] Function ElementFetcher::FindScreenElement failed to locate UI element (Searching: ;[VisibleOnly]ControlType='Window' &amp;&amp; Name='Save the file as' &amp;&amp; ClassName='#32770') (The object specified was not found.)
\0&lt;/a&gt;
E, 3248, 18, 2012/11/13, 08:36:51.875, 7565890049899, QTAgent32.exe, Playback - [IMAGE] C:\Users\peter.zenin-ad\AppData\Local\Temp\UITestLogs\LastRun\RPF892D.png
\0
W, 3248, 18, 2012/11/13, 08:36:51.875, 7565890052099, QTAgent32.exe, Playback - [WARNING] Internal warning: Couldn't find descendants that match QueryId
\0
W, 3248, 18, 2012/11/13, 08:36:51.875, 7565890055067, QTAgent32.exe, PERF WARNING: FindTopLevelWindowHelper::FindAllDescendents: took 27949 ms. Expected it to take maximum 500 ms.
W, 3248, 18, 2012/11/13, 08:37:10.112, 7566151031514, QTAgent32.exe, Playback - [WARNING] Internal warning: Window Not Found: [VisibleOnly]ControlType='Window' &amp;&amp; Name='Save the file as' &amp;&amp; ClassName='#32770'
\0
E, 3248, 18, 2012/11/13, 08:37:10.112, 7566151034517, QTAgent32.exe, &lt;a class=failure&gt;Playback - {72} [FAILED] Function ElementFetcher::FindScreenElement failed to locate UI element (Searching: ;[VisibleOnly]ControlType='Window' &amp;&amp; Name='Save the file as' &amp;&amp; ClassName='#32770') (The object specified was not found.)
\0&lt;/a&gt;
E, 3248, 18, 2012/11/13, 08:37:10.190, 7566152319287, QTAgent32.exe, Playback - [IMAGE] C:\Users\peter.zenin-ad\AppData\Local\Temp\UITestLogs\LastRun\RPFD0B8.png
\0
W, 3248, 18, 2012/11/13, 08:37:10.190, 7566152321509, QTAgent32.exe, Playback - [WARNING] Internal warning: Couldn't find descendants that match QueryId
\0
W, 3248, 18, 2012/11/13, 08:37:10.190, 7566152324450, QTAgent32.exe, PERF WARNING: FindTopLevelWindowHelper::FindAllDescendents: took 18316 ms. Expected it to take maximum 500 ms.
W, 3248, 18, 2012/11/13, 08:37:13.357, 7566197490271, QTAgent32.exe, Playback - [WARNING] Internal warning: Smart Match failed
\0
W, 3248, 18, 2012/11/13, 08:37:14.792, 7566218041424, QTAgent32.exe, Playback - [WARNING] Internal warning: Window Not Found: [VisibleOnly]ControlType='Window' &amp;&amp; Name='Save the file as' &amp;&amp; ClassName='#32770'
\0
E, 3248, 18, 2012/11/13, 08:37:14.792, 7566218044303, QTAgent32.exe, &lt;a class=failure&gt;Playback - {73} [FAILED] Function ElementFetcher::FindScreenElement failed to locate UI element (Searching: ;[VisibleOnly]ControlType='Window' &amp;&amp; Name='Save the file as' &amp;&amp; ClassName='#32770') (The object specified was not found.)
\0&lt;/a&gt;
E, 3248, 18, 2012/11/13, 08:37:14.870, 7566219295798, QTAgent32.exe, Playback - [IMAGE] C:\Users\peter.zenin-ad\AppData\Local\Temp\UITestLogs\LastRun\RPFE301.png
\0
W, 3248, 18, 2012/11/13, 08:37:14.870, 7566219298481, QTAgent32.exe, Playback - [WARNING] Internal warning: Couldn't find descendants that match QueryId
\0
W, 3248, 18, 2012/11/13, 08:37:14.870, 7566219301551, QTAgent32.exe, PERF WARNING: FindTopLevelWindowHelper::FindAllDescendents: took 4677 ms. Expected it to take maximum 500 ms.
E, 3248, 18, 2012/11/13, 08:37:14.870, 7566219303349, QTAgent32.exe, Exception: System.Runtime.InteropServices.COMException
	Message: Error HRESULT E_FAIL has been returned from a call to a COM component.
	Stack Trace:    at Microsoft.VisualStudio.TestTools.UITest.Playback.Engine.IRPFPlayback.FindAllScreenElements(IScreenElement pScreenElementStart, String bstrQueryId, Object&amp; pvarResKeys, Int32 cResKeys, Int32 nMaxDepth, Object[]&amp; foundDescendants)
   at Microsoft.VisualStudio.TestTools.UITest.Playback.ScreenElement.FindTopLevelWindowHelper(String queryId)
	BaseExceptionMessage: Error HRESULT E_FAIL has been returned from a call to a COM component.

E, 3248, 18, 2012/11/13, 08:37:15.011, 7566221165469, QTAgent32.exe, AL: Playback Error: Microsoft.VisualStudio.TestTools.UITest.Extension.UITestControlNotFoundException: The playback failed to find the control with the given search properties. Additional Details: 
TechnologyName:  'MSAA'
ControlType:  'Window'
Name:  'Save the file as'
ClassName:  '#32770'
 ---&gt; System.Runtime.InteropServices.COMException: Error HRESULT E_FAIL has been returned from a call to a COM component.
   at Microsoft.VisualStudio.TestTools.UITest.Playback.Engine.IRPFPlayback.FindAllScreenElements(IScreenElement pScreenElementStart, String bstrQueryId, Object&amp; pvarResKeys, Int32 cResKeys, Int32 nMaxDepth, Object[]&amp; foundDescendants)
   at Microsoft.VisualStudio.TestTools.UITest.Playback.ScreenElement.FindTopLevelWindowHelper(String queryId)
   at Microsoft.VisualStudio.TestTools.UITest.Playback.ScreenElement.FindFromPartialQueryId(String queryId)
   at Microsoft.VisualStudio.TestTools.UITesting.UITestControl..ctor(String queryId)
   --- End of inner exception stack trace ---
   at Microsoft.VisualStudio.TestTools.UITesting.Playback.MapControlNotFoundException(COMException ex, IPlaybackContext context)
   at Microsoft.VisualStudio.TestTools.UITesting.Playback.MapAndThrowComException(COMException innerException, IPlaybackContext context)
   at Microsoft.VisualStudio.TestTools.UITesting.Playback.MapAndThrowException(SystemException exception, IPlaybackContext context)
   at Microsoft.VisualStudio.TestTools.UITesting.Playback.MapAndThrowException(SystemException exception, String queryId)
   at Microsoft.VisualStudio.TestTools.UITesting.UITestControl..ctor(String queryId)
   at Microsoft.VisualStudio.TestTools.UITesting.SearchHelper.SearchTopLevelWindow(ISearchArgument topLevelSearchArg, String topLevelElementQueryId)
   at Microsoft.VisualStudio.TestTools.UITesting.SearchHelper.GetTitleUpdatedTopLevelWindow(ISearchArgument topLevelSearchArg, String queryId, IList`1 windowTitles)
   at Microsoft.VisualStudio.TestTools.UITesting.SearchHelper.GetTopLevelElement(Boolean useCache, Boolean useCacheOnly, ISearchArgument searchArg, IList`1 windowTitles, Int32&amp; timeLeft)
   at Microsoft.VisualStudio.TestTools.UITesting.SearchHelper.GetElement(Boolean useCache, ISearchArgument searchArg)
   at Microsoft.VisualStudio.TestTools.UITesting.SearchHelper.Search(ISearchArgument searchArg)
   at Microsoft.VisualStudio.TestTools.UITesting.UITestControl.FindInternal()
   at Microsoft.VisualStudio.TestTools.UITesting.UITestControl.FindControlIfNecessary()
   at Microsoft.VisualStudio.TestTools.UITesting.UITestControl.Click(MouseButtons button, ModifierKeys modifierKeys, Point relativeCoordinates)
   at Microsoft.VisualStudio.TestTools.UITesting.Mouse.ClickImplementation(UITestControl control, MouseButtons button, ModifierKeys modifierKeys, Point relativeCoordinate)
   at Microsoft.VisualStudio.TestTools.UITesting.Mouse.ClickImplementationWrapper(UITestControl control, MouseButtons button, ModifierKeys modifierKeys, Point relativeCoordinate)
W, 3248, 18, 2012/11/13, 08:37:15.011, 7566221167615, QTAgent32.exe, PlaybackErrorHandler: Ignoring exception as ContinueOnError is set.
W, 3248, 18, 2012/11/13, 08:37:15.338, 7566225860138, QTAgent32.exe, &lt;a class=success&gt;Playback - {74} [SUCCESS] Check - "[MSAA, VisibleOnly]ControlType='CheckBox' &amp;&amp; Name='Defer Printing?'"
\0&lt;/a&gt;
W, 3248, 18, 2012/11/13, 08:37:16.009, 7566235557673, QTAgent32.exe, &lt;a class=success&gt;Playback - {75} [SUCCESS] MouseButtonClick - "[MSAA, VisibleOnly]ControlType='Button' &amp;&amp; Name='Ok'"
\0&lt;/a&gt;
W, 3248, 18, 2012/11/13, 08:37:18.349, 7566269084348, QTAgent32.exe, PERF WARNING: FindTopLevelWindowHelper::FindAllDescendents: took 2239 ms. Expected it to take maximum 500 ms.
W, 3248, 18, 2012/11/13, 08:37:18.708, 7566274104341, QTAgent32.exe, &lt;a class=success&gt;Playback - {76} [SUCCESS] Uncheck - "[MSAA, VisibleOnly]ControlType='CheckBox' &amp;&amp; Name='Add Activity'"
\0&lt;/a&gt;
W, 3248, 18, 2012/11/13, 08:37:21.813, 7566318664756, QTAgent32.exe, &lt;a class=success&gt;Playback - {77} [SUCCESS] MouseButtonClick - "[MSAA, VisibleOnly]ControlType='Button' &amp;&amp; Name='Ok'"
\0&lt;/a&gt;
W, 3248, 18, 2012/11/13, 08:37:22.249, 7566324932917, QTAgent32.exe, &lt;a class=success&gt;Playback - {78} [SUCCESS] MouseButtonClick - "[MSAA, VisibleOnly]ControlType='Button' &amp;&amp; Name='Ok'"
\0&lt;/a&gt;
W, 3248, 18, 2012/11/13, 08:37:31.953, 7566463749924, QTAgent32.exe, PERF WARNING: FindTopLevelWindowHelper::FindAllDescendents: took 9470 ms. Expected it to take maximum 500 ms.
W, 3248, 18, 2012/11/13, 08:37:34.247, 7566496567209, QTAgent32.exe, &lt;a class=success&gt;Playback - {79} [SUCCESS] MouseButtonClick - "[MSAA, VisibleOnly]ControlType='Button' &amp;&amp; Name='OK'"
\0&lt;/a&gt;
W, 3248, 18, 2012/11/13, 08:37:34.699, 7566503113312, QTAgent32.exe, &lt;a class=success&gt;Playback - {80} [SUCCESS] MouseButtonClick - "[MSAA, VisibleOnly]ControlType='Button' &amp;&amp; Name='Cancel'"
\0&lt;/a&gt;
W, 3248, 18, 2012/11/13, 08:37:35.229, 7566510667532, QTAgent32.exe, &lt;a class=success&gt;Playback - {81} [SUCCESS] MouseButtonClick - "[MSAA, VisibleOnly]ControlType='Button'"
\0&lt;/a&gt;
W, 3248, 18, 2012/11/13, 08:37:35.791, 7566518832052, QTAgent32.exe, &lt;a class=success&gt;Playback - {82} [SUCCESS] MouseButtonClick - "[MSAA, VisibleOnly]ControlType='Button' &amp;&amp; Name='Detail'"
\0&lt;/a&gt;
W, 3248, 18, 2012/11/13, 08:37:36.275, 7566525764255, QTAgent32.exe, &lt;a class=success&gt;Playback - {83} [SUCCESS] MouseButtonClick - "[MSAA, VisibleOnly]ControlType='Button' &amp;&amp; Name='Cancel'"
\0&lt;/a&gt;
W, 3248, 18, 2012/11/13, 08:37:36.712, 7566531927358, QTAgent32.exe, &lt;a class=success&gt;Playback - {84} [SUCCESS] MouseButtonClick - "[MSAA, VisibleOnly]ControlType='Button' &amp;&amp; Name='Options'"
\0&lt;/a&gt;
W, 3248, 18, 2012/11/13, 08:37:36.836, 7566533715451, QTAgent32.exe, FindScreenElementInSinglePass : Attempting to find control in one pass of search. Failures can occur.
W, 3248, 18, 2012/11/13, 08:37:36.836, 7566533822616, QTAgent32.exe, Playback - [WARNING] Internal failure: Method GetBoundingRectangle failed (HRESULT = 0x1, "Incorrect function.") for Name = "Quote Select List" ," ControlType = "MenuItem"
\0
W, 3248, 18, 2012/11/13, 08:37:36.836, 7566533823823, QTAgent32.exe, Playback - [WARNING] Internal failure: Couldn't get clickable point for ScreenUIElement - GetClickablePoint failed
\0
W, 3248, 18, 2012/11/13, 08:37:36.836, 7566533826382, QTAgent32.exe, FindScreenElementInSinglePass : Attempting to find control in one pass of search. Failures can occur.
W, 3248, 18, 2012/11/13, 08:37:36.836, 7566533854342, QTAgent32.exe, FindScreenElementInSinglePass : Attempting to find control in one pass of search. Failures can occur.
W, 3248, 18, 2012/11/13, 08:37:37.180, 7566538562971, QTAgent32.exe, &lt;a class=success&gt;Playback - {85} [SUCCESS] LeftButtonClick - "[MSAA, VisibleOnly]ControlType='MenuBar' &amp;&amp; Name='Application'"  &lt; Mouse cursor location (960, 31) &gt;
\0&lt;/a&gt;
W, 3248, 18, 2012/11/13, 08:37:37.289, 7566540125857, QTAgent32.exe, &lt;a class=success&gt;Playback - {86} [SUCCESS] LeftButtonClick - "[MSAA]ControlType='MenuItem' &amp;&amp; Name='Options'"  &lt; Mouse cursor location (94, 31) &gt;
\0&lt;/a&gt;
W, 3248, 18, 2012/11/13, 08:37:37.460, 7566542581387, QTAgent32.exe, &lt;a class=success&gt;Playback - {87} [SUCCESS] LeftButtonClick - "[MSAA]ControlType='MenuItem' &amp;&amp; Name='Links'"  &lt; Mouse cursor location (174, 319) &gt;
\0&lt;/a&gt;
W, 3248, 18, 2012/11/13, 08:37:37.648, 7566545263736, QTAgent32.exe, &lt;a class=success&gt;Playback - {88} [SUCCESS] LeftButtonClick - "[MSAA]ControlType='MenuItem' &amp;&amp; Name='3rd Party Integration'"  &lt; Mouse cursor location (375, 319) &gt;
\0&lt;/a&gt;
W, 3248, 18, 2012/11/13, 08:37:37.835, 7566547978117, QTAgent32.exe, &lt;a class=success&gt;Playback - {89} [SUCCESS] MouseButtonClick - "[MSAA]ControlType='MenuItem' &amp;&amp; Name='Quote Select List'"
\0&lt;/a&gt;
W, 3248, 18, 2012/11/13, 08:37:39.738, 7566575196781, QTAgent32.exe, PERF WARNING: FindTopLevelWindowHelper::FindAllDescendents: took 1758 ms. Expected it to take maximum 500 ms.
W, 3248, 18, 2012/11/13, 08:37:41.501, 7566600525461, QTAgent32.exe, &lt;a class=success&gt;Playback - {90} [SUCCESS] MouseButtonClick - "[MSAA, VisibleOnly]ControlType='Button' &amp;&amp; Name='Ok'"
\0&lt;/a&gt;
W, 3248, 18, 2012/11/13, 08:37:43.061, 7566622802807, QTAgent32.exe, PERF WARNING: FindTopLevelWindowHelper::FindAllDescendents: took 1453 ms. Expected it to take maximum 500 ms.
W, 3248, 18, 2012/11/13, 08:37:43.514, 7566629403409, QTAgent32.exe, &lt;a class=success&gt;Playback - {91} [SUCCESS] MouseButtonClick - "[MSAA, VisibleOnly]ControlType='Button' &amp;&amp; Name='MTA...'"
\0&lt;/a&gt;
W, 3248, 18, 2012/11/13, 08:37:44.138, 7566638396400, QTAgent32.exe, Playback - [WARNING] Internal warning: Incorrect flag set for InvokeProgrammaticAction\0
W, 3248, 18, 2012/11/13, 08:37:44.481, 7566643108853, QTAgent32.exe, &lt;a class=success&gt;Playback - {92} [SUCCESS] SetValueAsComboBox "Cancel Cover" - "[MSAA, VisibleOnly]ControlType='ComboBox'"  &lt; SetValueAsComboBox, set by clicking on the item in the list box &gt;
\0&lt;/a&gt;
W, 3248, 18, 2012/11/13, 08:37:44.933, 7566649699020, QTAgent32.exe, &lt;a class=success&gt;Playback - {93} [SUCCESS] MouseButtonClick - "[MSAA, VisibleOnly]ControlType='Button' &amp;&amp; Name='OK'"
\0&lt;/a&gt;
W, 3248, 18, 2012/11/13, 08:37:45.479, 7566657408075, QTAgent32.exe, &lt;a class=success&gt;Playback - {94} [SUCCESS] MouseButtonClick - "[MSAA, VisibleOnly]ControlType='Button' &amp;&amp; Name='Calculate Quote'"
\0&lt;/a&gt;
W, 3248, 18, 2012/11/13, 08:37:45.729, 7566660963927, QTAgent32.exe, &lt;a class=success&gt;Playback - {95} [SUCCESS] SendKeys "^{HOME}" - "[MSAA, VisibleOnly]ControlType='Edit'"
\0&lt;/a&gt;
E, 3248, 18, 2012/11/13, 08:37:45.729, 7566660966454, QTAgent32.exe, Msaa.GetFocusedElement: could not find accessible object of foreground window
W, 3248, 18, 2012/11/13, 08:37:45.822, 7566662306303, QTAgent32.exe, &lt;a class=success&gt;Playback - {96} [SUCCESS] SendKeys "^+{END}" - "[MSAA, VisibleOnly]ControlType='Edit'"
\0&lt;/a&gt;
E, 3248, 18, 2012/11/13, 08:37:45.822, 7566662308591, QTAgent32.exe, Msaa.GetFocusedElement: could not find accessible object of foreground window
W, 3248, 18, 2012/11/13, 08:37:45.838, 7566662530716, QTAgent32.exe, &lt;a class=success&gt;Playback - {97} [SUCCESS] SendKeys "{DELETE}" - "[MSAA, VisibleOnly]ControlType='Edit'"
\0&lt;/a&gt;
W, 3248, 18, 2012/11/13, 08:37:46.166, 7566667221953, QTAgent32.exe, &lt;a class=success&gt;Playback - {98} [SUCCESS] SetValueAsEditBox "14/11/12" - "[MSAA, VisibleOnly]ControlType='Edit'"  &lt; Set via SendKeys &gt;
\0&lt;/a&gt;
W, 3248, 18, 2012/11/13, 08:37:46.634, 7566674097497, QTAgent32.exe, &lt;a class=success&gt;Playback - {99} [SUCCESS] MouseButtonClick - "[MSAA, VisibleOnly]ControlType='Button' &amp;&amp; Name='OK'"
\0&lt;/a&gt;
W, 3248, 18, 2012/11/13, 08:37:47.227, 7566682584875, QTAgent32.exe, &lt;a class=success&gt;Playback - {100} [SUCCESS] MouseButtonClick - "[MSAA, VisibleOnly]ControlType='Button' &amp;&amp; Name='No'"
\0&lt;/a&gt;
W, 3248, 18, 2012/11/13, 08:37:49.613, 7566716616145, QTAgent32.exe, PERF WARNING: FindTopLevelWindowHelper::FindAllDescendents: took 2279 ms. Expected it to take maximum 500 ms.
W, 3248, 18, 2012/11/13, 08:37:50.175, 7566724789266, QTAgent32.exe, &lt;a class=success&gt;Playback - {101} [SUCCESS] MouseButtonClick - "[MSAA, VisibleOnly]ControlType='Button' &amp;&amp; Name='Exit'"
\0&lt;/a&gt;
W, 3248, 18, 2012/11/13, 08:37:50.752, 7566733081623, QTAgent32.exe, &lt;a class=success&gt;Playback - {102} [SUCCESS] MouseButtonClick - "[MSAA, VisibleOnly]ControlType='Button' &amp;&amp; Name='Yes'"
\0&lt;/a&gt;
W, 3248, 18, 2012/11/13, 08:37:51.657, 7566745860033, QTAgent32.exe, PERF WARNING: FindTopLevelWindowHelper::FindAllDescendents: took 625 ms. Expected it to take maximum 500 ms.
W, 3248, 18, 2012/11/13, 08:37:54.013, 7566779573104, QTAgent32.exe, &lt;a class=success&gt;Playback - {103} [SUCCESS] MouseButtonClick - "[MSAA, VisibleOnly]ControlType='Button' &amp;&amp; Name='OK'"
\0&lt;/a&gt;
W, 3248, 18, 2012/11/13, 08:37:54.465, 7566786103323, QTAgent32.exe, &lt;a class=success&gt;Playback - {104} [SUCCESS] MouseButtonClick - "[MSAA, VisibleOnly]ControlType='Button' &amp;&amp; Name='Cancel'"
\0&lt;/a&gt;
W, 3248, 18, 2012/11/13, 08:37:54.996, 7566793691403, QTAgent32.exe, &lt;a class=success&gt;Playback - {105} [SUCCESS] MouseButtonClick - "[MSAA, VisibleOnly]ControlType='Button'"
\0&lt;/a&gt;
W, 3248, 18, 2012/11/13, 08:37:55.557, 7566801787703, QTAgent32.exe, &lt;a class=success&gt;Playback - {106} [SUCCESS] MouseButtonClick - "[MSAA, VisibleOnly]ControlType='Button' &amp;&amp; Name='Detail'"
\0&lt;/a&gt;
W, 3248, 18, 2012/11/13, 08:37:56.057, 7566808989595, QTAgent32.exe, &lt;a class=success&gt;Playback - {107} [SUCCESS] MouseButtonClick - "[MSAA, VisibleOnly]ControlType='Button' &amp;&amp; Name='Cancel'"
\0&lt;/a&gt;
E, 3248, 18, 2012/11/13, 08:37:56.166, 7566810409946, QTAgent32.exe, GetClassName for handle 3999986 failed
W, 3248, 18, 2012/11/13, 08:37:56.509, 7566815366629, QTAgent32.exe, &lt;a class=success&gt;Playback - {108} [SUCCESS] MouseButtonClick - "[MSAA, VisibleOnly]ControlType='Button' &amp;&amp; Name='Cancel'"
\0&lt;/a&gt;
W, 3248, 18, 2012/11/13, 08:37:57.071, 7566823356641, QTAgent32.exe, &lt;a class=success&gt;Playback - {109} [SUCCESS] MouseButtonClick - "[MSAA, VisibleOnly]ControlType='Button' &amp;&amp; Name='Cancel'"
\0&lt;/a&gt;
W, 3248, 18, 2012/11/13, 08:37:57.508, 7566829706195, QTAgent32.exe, &lt;a class=success&gt;Playback - {110} [SUCCESS] MouseButtonClick - "[MSAA, VisibleOnly]ControlType='Button' &amp;&amp; Name='Close'"
\0&lt;/a&gt;
W, 3248, 18, 2012/11/13, 08:38:01.985, 7566893747418, QTAgent32.exe, IEDOM : StopSession of the plugin called before StartSession
W, 3248, 18, 2012/11/13, 08:38:01.985, 7566893748644, QTAgent32.exe, UIA : StopSession of the plugin called before StartSession
W, 3248, 18, 2012/11/13, 08:38:01.985, 7566893749354, QTAgent32.exe, SLPlugin : StopSession of the plugin called before StartSession
</DebugTrace>
      </Output>
    </UnitTestResult>
    <UnitTestResult executionId="a5285dbd-03bd-4339-b70e-da4bda246634" testId="614f56be-e9c0-f1e7-ad65-1f0b7d6a0f1c" testName="MotoTest12" computerName="ICLVDEVAP01" duration="00:03:14.4616046" startTime="2012-11-13T08:38:01.9854920+00:00" endTime="2012-11-13T08:41:16.4663114+00:00" testType="13cdc9d9-ddb5-4fa4-a97d-d965ccfc6d4b" outcome="Passed" testListId="8c84fa94-04c1-424b-9868-57a2d4851a1d" relativeResultsDirectory="a5285dbd-03bd-4339-b70e-da4bda246634">
      <Output>
        <DebugTrace>W, 3248, 26, 2012/11/13, 08:38:01.985, 7566893895543, QTAgent32.exe, ExtensionFramework : A Technology Manager with name Web is already registered.
W, 3248, 26, 2012/11/13, 08:38:02.874, 7566906572441, QTAgent32.exe, &lt;a class=success&gt;Playback - {1} [SUCCESS] MouseButtonClick - "[MSAA, VisibleOnly]ControlType='Edit'"
\0&lt;/a&gt;
W, 3248, 26, 2012/11/13, 08:38:03.139, 7566910239246, QTAgent32.exe, &lt;a class=success&gt;Playback - {2} [SUCCESS] SendKeys "[*]" - "[MSAA, VisibleOnly]ControlType='Edit'"
\0&lt;/a&gt;
W, 3248, 26, 2012/11/13, 08:38:04.029, 7566923074656, QTAgent32.exe, &lt;a class=success&gt;Playback - {3} [SUCCESS] MouseButtonClick - "[MSAA, VisibleOnly]ControlType='Button' &amp;&amp; Name='OK'"
\0&lt;/a&gt;
W, 3248, 26, 2012/11/13, 08:38:04.715, 7566933011111, QTAgent32.exe, &lt;a class=success&gt;Playback - {4} [SUCCESS] MouseButtonClick - "[MSAA, VisibleOnly]ControlType='Button' &amp;&amp; Name='OK'"
\0&lt;/a&gt;
W, 3248, 26, 2012/11/13, 08:38:04.871, 7566935029816, QTAgent32.exe, &lt;a class=success&gt;Playback - {5} [SUCCESS] TypeString "#(R)"
\0&lt;/a&gt;
E, 3248, 26, 2012/11/13, 08:38:05.402, 7566942832457, QTAgent32.exe, Exception: System.ArgumentException
	Message: Value does not fall within the expected range.
	Stack Trace:    at Accessibility.IAccessible.get_accRole(Object varChild)
   at Microsoft.VisualStudio.TestTools.UITest.Extension.Msaa.AccWrapper.get_RoleInt()
	BaseExceptionMessage: Value does not fall within the expected range.

E, 3248, 26, 2012/11/13, 08:38:05.417, 7566942958239, QTAgent32.exe, Exception: System.ArgumentException
	Message: Value does not fall within the expected range.
	Stack Trace:    at Accessibility.IAccessible.get_accRole(Object varChild)
   at Microsoft.VisualStudio.TestTools.UITest.Extension.Msaa.AccWrapper.get_RoleInt()
	BaseExceptionMessage: Value does not fall within the expected range.

W, 3248, 26, 2012/11/13, 08:38:05.932, 7566950220336, QTAgent32.exe, &lt;a class=success&gt;Playback - {6} [SUCCESS] LeftButtonClick  &lt; Mouse cursor location (87, 908) &gt;
\0&lt;/a&gt;
W, 3248, 26, 2012/11/13, 08:38:07.008, 7566965634335, QTAgent32.exe, &lt;a class=success&gt;Playback - {7} [SUCCESS] SetValueAsEditBox "c:\TestProject7\office.reg"  &lt; Set via SendKeys &gt;
\0&lt;/a&gt;
W, 3248, 26, 2012/11/13, 08:38:07.008, 7566965636654, QTAgent32.exe, &lt;a class=success&gt;Playback - {8} [SUCCESS] SetValueAsComboBox "c:\TestProject7\office.reg" - "[MSAA, VisibleOnly]ControlType='ComboBox' &amp;&amp; Name='Open:'"  &lt; Set via SetValueAsEditBox &gt;
\0&lt;/a&gt;
W, 3248, 26, 2012/11/13, 08:38:07.445, 7566972030550, QTAgent32.exe, &lt;a class=success&gt;Playback - {9} [SUCCESS] MouseButtonClick - "[MSAA, VisibleOnly]ControlType='Button' &amp;&amp; Name='OK'"
\0&lt;/a&gt;
W, 3248, 26, 2012/11/13, 08:38:08.101, 7566981334278, QTAgent32.exe, &lt;a class=success&gt;Playback - {10} [SUCCESS] MouseButtonClick - "[MSAA, VisibleOnly]ControlType='Button' &amp;&amp; Name='Yes'"
\0&lt;/a&gt;
W, 3248, 26, 2012/11/13, 08:38:08.600, 7566988477549, QTAgent32.exe, &lt;a class=success&gt;Playback - {11} [SUCCESS] MouseButtonClick - "[MSAA, VisibleOnly]ControlType='Button' &amp;&amp; Name='OK'"
\0&lt;/a&gt;
W, 3248, 26, 2012/11/13, 08:38:09.068, 7566995144223, QTAgent32.exe, &lt;a class=success&gt;Playback - {12} [SUCCESS] MouseButtonClick - "[MSAA, VisibleOnly]ControlType='Button' &amp;&amp; Name='Clients &amp; Files'"
\0&lt;/a&gt;
W, 3248, 26, 2012/11/13, 08:38:09.973, 7567008083742, QTAgent32.exe, Playback - [WARNING] Internal warning: Window Not Found: [VisibleOnly]ControlType='Window' &amp;&amp; Name='Customer: txt1 tdsfs' &amp;&amp; ClassName='ThunderRT6MDIForm'
\0
E, 3248, 26, 2012/11/13, 08:38:09.973, 7567008086461, QTAgent32.exe, &lt;a class=failure&gt;Playback - {13} [FAILED] Function ElementFetcher::FindScreenElement failed to locate UI element (Searching: ;[VisibleOnly]ControlType='Window' &amp;&amp; Name='Customer: txt1 tdsfs' &amp;&amp; ClassName='ThunderRT6MDIForm') (The object specified was not found.)
\0&lt;/a&gt;
E, 3248, 26, 2012/11/13, 08:38:10.051, 7567009319789, QTAgent32.exe, Playback - [IMAGE] C:\Users\peter.zenin-ad\AppData\Local\Temp\UITestLogs\LastRun\RPFBA8C.png
\0
W, 3248, 26, 2012/11/13, 08:38:10.051, 7567009321932, QTAgent32.exe, Playback - [WARNING] Internal warning: Couldn't find descendants that match QueryId
\0
W, 3248, 26, 2012/11/13, 08:38:10.051, 7567009324920, QTAgent32.exe, PERF WARNING: FindTopLevelWindowHelper::FindAllDescendents: took 816 ms. Expected it to take maximum 500 ms.
W, 3248, 26, 2012/11/13, 08:38:28.101, 7567267633963, QTAgent32.exe, Playback - [WARNING] Internal warning: Window Not Found: [VisibleOnly]ControlType='Window' &amp;&amp; Name='Customer: txt1 tdsfs' &amp;&amp; ClassName='ThunderRT6MDIForm'
\0
E, 3248, 26, 2012/11/13, 08:38:28.101, 7567267636729, QTAgent32.exe, &lt;a class=failure&gt;Playback - {14} [FAILED] Function ElementFetcher::FindScreenElement failed to locate UI element (Searching: ;[VisibleOnly]ControlType='Window' &amp;&amp; Name='Customer: txt1 tdsfs' &amp;&amp; ClassName='ThunderRT6MDIForm') (The object specified was not found.)
\0&lt;/a&gt;
E, 3248, 26, 2012/11/13, 08:38:28.195, 7567268972292, QTAgent32.exe, Playback - [IMAGE] C:\Users\peter.zenin-ad\AppData\Local\Temp\UITestLogs\LastRun\RPF15C.png
\0
W, 3248, 26, 2012/11/13, 08:38:28.195, 7567268974964, QTAgent32.exe, Playback - [WARNING] Internal warning: Couldn't find descendants that match QueryId
\0
W, 3248, 26, 2012/11/13, 08:38:28.195, 7567268977992, QTAgent32.exe, PERF WARNING: FindTopLevelWindowHelper::FindAllDescendents: took 18134 ms. Expected it to take maximum 500 ms.
W, 3248, 26, 2012/11/13, 08:38:28.772, 7567277231454, QTAgent32.exe, Playback - [WARNING] Internal warning: Window with Class "ThunderRT6MDIForm" and Title "Customer: txt1 tdsfs" was not found, so similar window with Class "ThunderRT6MDIForm" and Title "Customer: autotest" was accepted
\0
W, 3248, 26, 2012/11/13, 08:38:28.772, 7567277235308, QTAgent32.exe, PERF WARNING: FindTopLevelWindowHelper::FindAllDescendents: took 576 ms. Expected it to take maximum 500 ms.
W, 3248, 26, 2012/11/13, 08:38:29.318, 7567285114843, QTAgent32.exe, Playback - [WARNING] Internal warning: Incorrect flag set for InvokeProgrammaticAction\0
W, 3248, 26, 2012/11/13, 08:38:29.645, 7567289754486, QTAgent32.exe, &lt;a class=success&gt;Playback - {15} [SUCCESS] SetValueAsComboBox "Customers" - "[MSAA, VisibleOnly]ControlType='ComboBox'"  &lt; SetValueAsComboBox, set by clicking on the item in the list box &gt;
\0&lt;/a&gt;
W, 3248, 26, 2012/11/13, 08:38:30.301, 7567299255337, QTAgent32.exe, &lt;a class=success&gt;Playback - {16} [SUCCESS] MouseButtonClick - "[MSAA, VisibleOnly]ControlType='Button' &amp;&amp; Name='Add'"
\0&lt;/a&gt;
W, 3248, 26, 2012/11/13, 08:38:30.706, 7567304924535, QTAgent32.exe, &lt;a class=success&gt;Playback - {17} [SUCCESS] SendKeys "autotest" - "[MSAA, VisibleOnly]ControlType='RadioButton' &amp;&amp; Name='Personal Lines'"
\0&lt;/a&gt;
W, 3248, 26, 2012/11/13, 08:38:31.190, 7567311850264, QTAgent32.exe, &lt;a class=success&gt;Playback - {18} [SUCCESS] SetValueAsEditBox "autotest" - "[MSAA, VisibleOnly]ControlType='Edit'"  &lt; Set via SendKeys &gt;
\0&lt;/a&gt;
W, 3248, 26, 2012/11/13, 08:38:31.720, 7567319648719, QTAgent32.exe, &lt;a class=success&gt;Playback - {19} [SUCCESS] MouseButtonClick - "[MSAA, VisibleOnly]ControlType='Button' &amp;&amp; Name='OK'"
\0&lt;/a&gt;
W, 3248, 26, 2012/11/13, 08:38:32.298, 7567327859560, QTAgent32.exe, &lt;a class=success&gt;Playback - {20} [SUCCESS] MouseButtonClick - "[MSAA, VisibleOnly]ControlType='Button' &amp;&amp; Name='Yes'"
\0&lt;/a&gt;
W, 3248, 26, 2012/11/13, 08:38:32.516, 7567330833002, QTAgent32.exe, &lt;a class=success&gt;Playback - {21} [SUCCESS] SendKeys "^{HOME}" - "[MSAA, VisibleOnly]ControlType='Edit'"
\0&lt;/a&gt;
E, 3248, 26, 2012/11/13, 08:38:32.516, 7567330835450, QTAgent32.exe, Msaa.GetFocusedElement: could not find accessible object of foreground window
W, 3248, 26, 2012/11/13, 08:38:32.594, 7567331949541, QTAgent32.exe, &lt;a class=success&gt;Playback - {22} [SUCCESS] SendKeys "^+{END}" - "[MSAA, VisibleOnly]ControlType='Edit'"
\0&lt;/a&gt;
E, 3248, 26, 2012/11/13, 08:38:32.594, 7567331951959, QTAgent32.exe, Msaa.GetFocusedElement: could not find accessible object of foreground window
W, 3248, 26, 2012/11/13, 08:38:32.610, 7567332177787, QTAgent32.exe, &lt;a class=success&gt;Playback - {23} [SUCCESS] SendKeys "{DELETE}" - "[MSAA, VisibleOnly]ControlType='Edit'"
\0&lt;/a&gt;
W, 3248, 26, 2012/11/13, 08:38:32.688, 7567333294299, QTAgent32.exe, &lt;a class=success&gt;Playback - {24} [SUCCESS] SetValueAsEditBox "1" - "[MSAA, VisibleOnly]ControlType='Edit'"  &lt; Set via SendKeys &gt;
\0&lt;/a&gt;
W, 3248, 26, 2012/11/13, 08:38:32.953, 7567337087452, QTAgent32.exe, &lt;a class=success&gt;Playback - {25} [SUCCESS] SendKeys "^{HOME}" - "[MSAA, VisibleOnly]ControlType='Edit'"
\0&lt;/a&gt;
E, 3248, 26, 2012/11/13, 08:38:32.953, 7567337090031, QTAgent32.exe, Msaa.GetFocusedElement: could not find accessible object of foreground window
W, 3248, 26, 2012/11/13, 08:38:33.031, 7567338204785, QTAgent32.exe, &lt;a class=success&gt;Playback - {26} [SUCCESS] SendKeys "^+{END}" - "[MSAA, VisibleOnly]ControlType='Edit'"
\0&lt;/a&gt;
E, 3248, 26, 2012/11/13, 08:38:33.031, 7567338206899, QTAgent32.exe, Msaa.GetFocusedElement: could not find accessible object of foreground window
W, 3248, 26, 2012/11/13, 08:38:33.046, 7567338428857, QTAgent32.exe, &lt;a class=success&gt;Playback - {27} [SUCCESS] SendKeys "{DELETE}" - "[MSAA, VisibleOnly]ControlType='Edit'"
\0&lt;/a&gt;
W, 3248, 26, 2012/11/13, 08:38:33.124, 7567339548175, QTAgent32.exe, &lt;a class=success&gt;Playback - {28} [SUCCESS] SetValueAsEditBox "1" - "[MSAA, VisibleOnly]ControlType='Edit'"  &lt; Set via SendKeys &gt;
\0&lt;/a&gt;
W, 3248, 26, 2012/11/13, 08:38:33.639, 7567347039189, QTAgent32.exe, &lt;a class=success&gt;Playback - {29} [SUCCESS] MouseButtonClick - "[MSAA, VisibleOnly]ControlType='Button' &amp;&amp; Name='OK'"
\0&lt;/a&gt;
W, 3248, 26, 2012/11/13, 08:38:34.154, 7567354480319, QTAgent32.exe, &lt;a class=success&gt;Playback - {30} [SUCCESS] MouseButtonClick - "[MSAA, VisibleOnly]ControlType='Button'"
\0&lt;/a&gt;
W, 3248, 26, 2012/11/13, 08:38:34.669, 7567361723574, QTAgent32.exe, &lt;a class=success&gt;Playback - {31} [SUCCESS] MouseButtonClick - "[MSAA, VisibleOnly]ControlType='Button' &amp;&amp; Name='Add'"
\0&lt;/a&gt;
W, 3248, 26, 2012/11/13, 08:38:35.184, 7567369204146, QTAgent32.exe, &lt;a class=success&gt;Playback - {32} [SUCCESS] MouseButtonClick - "[MSAA, VisibleOnly]ControlType='Button' &amp;&amp; Name='OK'"
\0&lt;/a&gt;
W, 3248, 26, 2012/11/13, 08:38:37.664, 7567404542898, QTAgent32.exe, &lt;a class=success&gt;Playback - {33} [SUCCESS] MouseButtonClick - "[MSAA, VisibleOnly,Window]ControlType='Window' &amp;&amp; ClassName='ThunderRT6TextBox'"
\0&lt;/a&gt;
W, 3248, 26, 2012/11/13, 08:38:38.007, 7567409462089, QTAgent32.exe, &lt;a class=success&gt;Playback - {34} [SUCCESS] SetValueAsEditBox "MOTO" - "[MSAA, VisibleOnly]ControlType='Edit'"  &lt; Set via SendKeys &gt;
\0&lt;/a&gt;
W, 3248, 26, 2012/11/13, 08:38:38.522, 7567416827504, QTAgent32.exe, &lt;a class=success&gt;Playback - {35} [SUCCESS] MouseButtonClick - "[MSAA, VisibleOnly]ControlType='Button' &amp;&amp; Name='OK'"
\0&lt;/a&gt;
W, 3248, 26, 2012/11/13, 08:38:38.959, 7567423152820, QTAgent32.exe, &lt;a class=success&gt;Playback - {36} [SUCCESS] MouseButtonClick - "[MSAA, VisibleOnly]ControlType='Button' &amp;&amp; Name='Options'"
\0&lt;/a&gt;
W, 3248, 26, 2012/11/13, 08:38:39.068, 7567424649694, QTAgent32.exe, FindScreenElementInSinglePass : Attempting to find control in one pass of search. Failures can occur.
W, 3248, 26, 2012/11/13, 08:38:39.256, 7567427326063, QTAgent32.exe, &lt;a class=success&gt;Playback - {37} [SUCCESS] MouseButtonClick - "[MSAA]ControlType='MenuItem' &amp;&amp; Name='Links'"
\0&lt;/a&gt;
W, 3248, 26, 2012/11/13, 08:38:39.365, 7567428894906, QTAgent32.exe, FindScreenElementInSinglePass : Attempting to find control in one pass of search. Failures can occur.
W, 3248, 26, 2012/11/13, 08:38:39.536, 7567431347918, QTAgent32.exe, &lt;a class=success&gt;Playback - {38} [SUCCESS] MouseButtonClick - "[MSAA]ControlType='MenuItem' &amp;&amp; Name='3rd Party Integration'"
\0&lt;/a&gt;
W, 3248, 26, 2012/11/13, 08:38:39.646, 7567432915544, QTAgent32.exe, FindScreenElementInSinglePass : Attempting to find control in one pass of search. Failures can occur.
W, 3248, 26, 2012/11/13, 08:38:39.848, 7567435843120, QTAgent32.exe, &lt;a class=success&gt;Playback - {39} [SUCCESS] MouseButtonClick - "[MSAA]ControlType='MenuItem' &amp;&amp; Name='Quote Select List'"
\0&lt;/a&gt;
W, 3248, 26, 2012/11/13, 08:38:41.705, 7567462412313, QTAgent32.exe, PERF WARNING: FindTopLevelWindowHelper::FindAllDescendents: took 1728 ms. Expected it to take maximum 500 ms.
W, 3248, 26, 2012/11/13, 08:38:43.390, 7567486662324, QTAgent32.exe, &lt;a class=success&gt;Playback - {40} [SUCCESS] MouseButtonClick - "[MSAA, VisibleOnly]ControlType='Button' &amp;&amp; Name='Ok'"
\0&lt;/a&gt;
W, 3248, 26, 2012/11/13, 08:38:44.903, 7567508215777, QTAgent32.exe, PERF WARNING: FindTopLevelWindowHelper::FindAllDescendents: took 1402 ms. Expected it to take maximum 500 ms.
W, 3248, 26, 2012/11/13, 08:38:45.324, 7567514290813, QTAgent32.exe, &lt;a class=success&gt;Playback - {41} [SUCCESS] MouseButtonClick - "[MSAA, VisibleOnly]ControlType='Button' &amp;&amp; Name='Ok'"
\0&lt;/a&gt;
W, 3248, 26, 2012/11/13, 08:38:45.683, 7567519357015, QTAgent32.exe, &lt;a class=success&gt;Playback - {42} [SUCCESS] SetValueAsEditBox "Test" - "[MSAA, VisibleOnly]ControlType='Edit'"  &lt; Set via SendKeys &gt;
\0&lt;/a&gt;
W, 3248, 26, 2012/11/13, 08:38:45.886, 7567522257659, QTAgent32.exe, &lt;a class=success&gt;Playback - {43} [SUCCESS] SendKeys "{Tab}" - "[MSAA, VisibleOnly]ControlType='Edit'"
\0&lt;/a&gt;
W, 3248, 26, 2012/11/13, 08:38:46.260, 7567527620738, QTAgent32.exe, &lt;a class=success&gt;Playback - {44} [SUCCESS] SetValueAsEditBox "test" - "[MSAA, VisibleOnly]ControlType='Edit'"  &lt; Set via SendKeys &gt;
\0&lt;/a&gt;
W, 3248, 26, 2012/11/13, 08:38:46.697, 7567533875004, QTAgent32.exe, &lt;a class=success&gt;Playback - {45} [SUCCESS] SetValueAsEditBox "160485" - "[MSAA, VisibleOnly]ControlType='Edit'"  &lt; Set via SendKeys &gt;
\0&lt;/a&gt;
W, 3248, 26, 2012/11/13, 08:38:47.118, 7567539906280, QTAgent32.exe, &lt;a class=success&gt;Playback - {46} [SUCCESS] SetValueAsEditBox "B338TH" - "[MSAA, VisibleOnly]ControlType='Edit'"  &lt; Set via SendKeys &gt;
\0&lt;/a&gt;
W, 3248, 26, 2012/11/13, 08:38:49.599, 7567575421183, QTAgent32.exe, &lt;a class=success&gt;Playback - {47} [SUCCESS] MouseButtonClick - "[MSAA, VisibleOnly]ControlType='Button' &amp;&amp; Name='Lookup...'"
\0&lt;/a&gt;
W, 3248, 26, 2012/11/13, 08:38:50.036, 7567581819614, QTAgent32.exe, &lt;a class=success&gt;Playback - {48} [SUCCESS] MouseButtonClick - "[MSAA, VisibleOnly]ControlType='Button' &amp;&amp; Name='Ok'"
\0&lt;/a&gt;
W, 3248, 26, 2012/11/13, 08:38:52.220, 7567613023376, QTAgent32.exe, &lt;a class=success&gt;Playback - {49} [SUCCESS] MouseButtonClick - "[MSAA, VisibleOnly]ControlType='Button' &amp;&amp; Name='OK'"
\0&lt;/a&gt;
W, 3248, 26, 2012/11/13, 08:38:52.860, 7567622110182, QTAgent32.exe, Playback - [WARNING] Internal warning: Incorrect flag set for InvokeProgrammaticAction\0
W, 3248, 26, 2012/11/13, 08:38:53.187, 7567626808142, QTAgent32.exe, &lt;a class=success&gt;Playback - {50} [SUCCESS] SetValueAsComboBox "Account Executive" - "[MSAA, VisibleOnly]ControlType='ComboBox'"  &lt; SetValueAsComboBox, set by clicking on the item in the list box &gt;
\0&lt;/a&gt;
W, 3248, 26, 2012/11/13, 08:38:53.827, 7567636156813, QTAgent32.exe, Playback - [WARNING] Internal warning: Incorrect flag set for InvokeProgrammaticAction\0
W, 3248, 26, 2012/11/13, 08:38:54.170, 7567640883201, QTAgent32.exe, &lt;a class=success&gt;Playback - {51} [SUCCESS] SetValueAsComboBox "Acupuncture" - "[MSAA, VisibleOnly]ControlType='ComboBox'"  &lt; SetValueAsComboBox, set by clicking on the item in the list box &gt;
\0&lt;/a&gt;
W, 3248, 26, 2012/11/13, 08:38:54.638, 7567647567142, QTAgent32.exe, &lt;a class=success&gt;Playback - {52} [SUCCESS] SetValueAsEditBox "151101" - "[MSAA, VisibleOnly]ControlType='Edit'"  &lt; Set via SendKeys &gt;
\0&lt;/a&gt;
W, 3248, 26, 2012/11/13, 08:38:56.370, 7567672537225, QTAgent32.exe, &lt;a class=success&gt;Playback - {53} [SUCCESS] MouseButtonClick - "[MSAA, VisibleOnly]ControlType='Button' &amp;&amp; Name='OK'"
\0&lt;/a&gt;
W, 3248, 26, 2012/11/13, 08:38:56.869, 7567679508181, QTAgent32.exe, &lt;a class=success&gt;Playback - {54} [SUCCESS] SetValueAsEditBox "RF53OXL" - "[MSAA, VisibleOnly]ControlType='Edit'"  &lt; Set via SendKeys &gt;
\0&lt;/a&gt;
W, 3248, 26, 2012/11/13, 08:38:58.460, 7567702321255, QTAgent32.exe, &lt;a class=success&gt;Playback - {55} [SUCCESS] MouseButtonClick - "[MSAA, VisibleOnly]ControlType='Button' &amp;&amp; Name='Filter'"
\0&lt;/a&gt;
W, 3248, 26, 2012/11/13, 08:38:58.959, 7567709476152, QTAgent32.exe, &lt;a class=success&gt;Playback - {56} [SUCCESS] MouseButtonClick - "[MSAA, VisibleOnly]ControlType='Button' &amp;&amp; Name='OK'"
\0&lt;/a&gt;
W, 3248, 26, 2012/11/13, 08:38:59.412, 7567715914481, QTAgent32.exe, &lt;a class=success&gt;Playback - {57} [SUCCESS] SendKeys "^{HOME}" - "[MSAA, VisibleOnly]ControlType='Edit'"
\0&lt;/a&gt;
E, 3248, 26, 2012/11/13, 08:38:59.412, 7567715917128, QTAgent32.exe, Msaa.GetFocusedElement: could not find accessible object of foreground window
W, 3248, 26, 2012/11/13, 08:38:59.506, 7567717252585, QTAgent32.exe, &lt;a class=success&gt;Playback - {58} [SUCCESS] SendKeys "^+{END}" - "[MSAA, VisibleOnly]ControlType='Edit'"
\0&lt;/a&gt;
E, 3248, 26, 2012/11/13, 08:38:59.506, 7567717254837, QTAgent32.exe, Msaa.GetFocusedElement: could not find accessible object of foreground window
W, 3248, 26, 2012/11/13, 08:38:59.521, 7567717476332, QTAgent32.exe, &lt;a class=success&gt;Playback - {59} [SUCCESS] SendKeys "{DELETE}" - "[MSAA, VisibleOnly]ControlType='Edit'"
\0&lt;/a&gt;
W, 3248, 26, 2012/11/13, 08:38:59.740, 7567720606951, QTAgent32.exe, &lt;a class=success&gt;Playback - {60} [SUCCESS] SetValueAsEditBox "1000" - "[MSAA, VisibleOnly]ControlType='Edit'"  &lt; Set via SendKeys &gt;
\0&lt;/a&gt;
W, 3248, 26, 2012/11/13, 08:39:00.208, 7567727418636, QTAgent32.exe, &lt;a class=success&gt;Playback - {61} [SUCCESS] MouseButtonClick - "[MSAA, VisibleOnly]ControlType='Button' &amp;&amp; Name='Calculate Quote'"
\0&lt;/a&gt;
W, 3248, 26, 2012/11/13, 08:39:00.660, 7567733849602, QTAgent32.exe, &lt;a class=success&gt;Playback - {62} [SUCCESS] MouseButtonClick - "[MSAA, VisibleOnly]ControlType='Button' &amp;&amp; Name='Cancel'"
\0&lt;/a&gt;
W, 3248, 26, 2012/11/13, 08:39:01.144, 7567740910046, QTAgent32.exe, &lt;a class=success&gt;Playback - {63} [SUCCESS] MouseButtonClick - "[MSAA, VisibleOnly]ControlType='Button' &amp;&amp; Name='No'"
\0&lt;/a&gt;
W, 3248, 26, 2012/11/13, 08:39:07.478, 7567831404459, QTAgent32.exe, PERF WARNING: FindTopLevelWindowHelper::FindAllDescendents: took 6224 ms. Expected it to take maximum 500 ms.
W, 3248, 26, 2012/11/13, 08:39:07.805, 7567836084926, QTAgent32.exe, &lt;a class=success&gt;Playback - {64} [SUCCESS] MouseButtonClick - "[MSAA, VisibleOnly]ControlType='Client'"
\0&lt;/a&gt;
W, 3248, 26, 2012/11/13, 08:39:09.381, 7567858654376, QTAgent32.exe, &lt;a class=success&gt;Playback - {65} [SUCCESS] SendKeys "{Home}" - "[MSAA, VisibleOnly]ControlType='Client'"
\0&lt;/a&gt;
W, 3248, 26, 2012/11/13, 08:39:13.125, 7567912271018, QTAgent32.exe, &lt;a class=success&gt;Playback - {66} [SUCCESS] MouseButtonClick - "[MSAA, VisibleOnly]ControlType='Button' &amp;&amp; Name='Accept'"
\0&lt;/a&gt;
W, 3248, 26, 2012/11/13, 08:39:13.671, 7567920234509, QTAgent32.exe, &lt;a class=success&gt;Playback - {67} [SUCCESS] MouseButtonClick - "[MSAA, VisibleOnly]ControlType='Button' &amp;&amp; Name='Yes'"
\0&lt;/a&gt;
W, 3248, 26, 2012/11/13, 08:39:14.186, 7567927503297, QTAgent32.exe, &lt;a class=success&gt;Playback - {68} [SUCCESS] MouseButtonClick - "[MSAA, VisibleOnly]ControlType='Button' &amp;&amp; Name='Ok'"
\0&lt;/a&gt;
W, 3248, 26, 2012/11/13, 08:39:14.592, 7567933318284, QTAgent32.exe, &lt;a class=success&gt;Playback - {69} [SUCCESS] MouseButtonClick - "[MSAA, VisibleOnly]ControlType='Button' &amp;&amp; Name='Ok'"
\0&lt;/a&gt;
W, 3248, 26, 2012/11/13, 08:39:15.153, 7567941491760, QTAgent32.exe, &lt;a class=success&gt;Playback - {70} [SUCCESS] MouseButtonClick - "[MSAA, VisibleOnly]ControlType='Button' &amp;&amp; Name='Confirm'"
\0&lt;/a&gt;
W, 3248, 26, 2012/11/13, 08:39:42.174, 7568328162167, QTAgent32.exe, Playback - [WARNING] Internal warning: Window Not Found: [VisibleOnly]ControlType='Window' &amp;&amp; Name='Save the file as' &amp;&amp; ClassName='#32770'
\0
E, 3248, 26, 2012/11/13, 08:39:42.174, 7568328165087, QTAgent32.exe, &lt;a class=failure&gt;Playback - {71} [FAILED] Function ElementFetcher::FindScreenElement failed to locate UI element (Searching: ;[VisibleOnly]ControlType='Window' &amp;&amp; Name='Save the file as' &amp;&amp; ClassName='#32770') (The object specified was not found.)
\0&lt;/a&gt;
E, 3248, 26, 2012/11/13, 08:39:42.252, 7568329412436, QTAgent32.exe, Playback - [IMAGE] C:\Users\peter.zenin-ad\AppData\Local\Temp\UITestLogs\LastRun\RPF22B3.png
\0
W, 3248, 26, 2012/11/13, 08:39:42.252, 7568329414627, QTAgent32.exe, Playback - [WARNING] Internal warning: Couldn't find descendants that match QueryId
\0
W, 3248, 26, 2012/11/13, 08:39:42.252, 7568329417571, QTAgent32.exe, PERF WARNING: FindTopLevelWindowHelper::FindAllDescendents: took 26998 ms. Expected it to take maximum 500 ms.
W, 3248, 26, 2012/11/13, 08:40:00.521, 7568590839398, QTAgent32.exe, Playback - [WARNING] Internal warning: Window Not Found: [VisibleOnly]ControlType='Window' &amp;&amp; Name='Save the file as' &amp;&amp; ClassName='#32770'
\0
E, 3248, 26, 2012/11/13, 08:40:00.521, 7568590843270, QTAgent32.exe, &lt;a class=failure&gt;Playback - {72} [FAILED] Function ElementFetcher::FindScreenElement failed to locate UI element (Searching: ;[VisibleOnly]ControlType='Window' &amp;&amp; Name='Save the file as' &amp;&amp; ClassName='#32770') (The object specified was not found.)
\0&lt;/a&gt;
E, 3248, 26, 2012/11/13, 08:40:00.599, 7568592109668, QTAgent32.exe, Playback - [IMAGE] C:\Users\peter.zenin-ad\AppData\Local\Temp\UITestLogs\LastRun\RPF6A5D.png
\0
W, 3248, 26, 2012/11/13, 08:40:00.599, 7568592111872, QTAgent32.exe, Playback - [WARNING] Internal warning: Couldn't find descendants that match QueryId
\0
W, 3248, 26, 2012/11/13, 08:40:00.599, 7568592114840, QTAgent32.exe, PERF WARNING: FindTopLevelWindowHelper::FindAllDescendents: took 18346 ms. Expected it to take maximum 500 ms.
W, 3248, 26, 2012/11/13, 08:40:03.766, 7568637298233, QTAgent32.exe, Playback - [WARNING] Internal warning: Smart Match failed
\0
W, 3248, 26, 2012/11/13, 08:40:05.217, 7568658069631, QTAgent32.exe, Playback - [WARNING] Internal warning: Window Not Found: [VisibleOnly]ControlType='Window' &amp;&amp; Name='Save the file as' &amp;&amp; ClassName='#32770'
\0
E, 3248, 26, 2012/11/13, 08:40:05.217, 7568658072495, QTAgent32.exe, &lt;a class=failure&gt;Playback - {73} [FAILED] Function ElementFetcher::FindScreenElement failed to locate UI element (Searching: ;[VisibleOnly]ControlType='Window' &amp;&amp; Name='Save the file as' &amp;&amp; ClassName='#32770') (The object specified was not found.)
\0&lt;/a&gt;
E, 3248, 26, 2012/11/13, 08:40:05.295, 7568659333576, QTAgent32.exe, Playback - [IMAGE] C:\Users\peter.zenin-ad\AppData\Local\Temp\UITestLogs\LastRun\RPF7CB6.png
\0
W, 3248, 26, 2012/11/13, 08:40:05.295, 7568659335794, QTAgent32.exe, Playback - [WARNING] Internal warning: Couldn't find descendants that match QueryId
\0
W, 3248, 26, 2012/11/13, 08:40:05.295, 7568659338781, QTAgent32.exe, PERF WARNING: FindTopLevelWindowHelper::FindAllDescendents: took 4694 ms. Expected it to take maximum 500 ms.
E, 3248, 26, 2012/11/13, 08:40:05.295, 7568659340572, QTAgent32.exe, Exception: System.Runtime.InteropServices.COMException
	Message: Error HRESULT E_FAIL has been returned from a call to a COM component.
	Stack Trace:    at Microsoft.VisualStudio.TestTools.UITest.Playback.Engine.IRPFPlayback.FindAllScreenElements(IScreenElement pScreenElementStart, String bstrQueryId, Object&amp; pvarResKeys, Int32 cResKeys, Int32 nMaxDepth, Object[]&amp; foundDescendants)
   at Microsoft.VisualStudio.TestTools.UITest.Playback.ScreenElement.FindTopLevelWindowHelper(String queryId)
	BaseExceptionMessage: Error HRESULT E_FAIL has been returned from a call to a COM component.

E, 3248, 26, 2012/11/13, 08:40:05.435, 7568661194611, QTAgent32.exe, AL: Playback Error: Microsoft.VisualStudio.TestTools.UITest.Extension.UITestControlNotFoundException: The playback failed to find the control with the given search properties. Additional Details: 
TechnologyName:  'MSAA'
ControlType:  'Window'
Name:  'Save the file as'
ClassName:  '#32770'
 ---&gt; System.Runtime.InteropServices.COMException: Error HRESULT E_FAIL has been returned from a call to a COM component.
   at Microsoft.VisualStudio.TestTools.UITest.Playback.Engine.IRPFPlayback.FindAllScreenElements(IScreenElement pScreenElementStart, String bstrQueryId, Object&amp; pvarResKeys, Int32 cResKeys, Int32 nMaxDepth, Object[]&amp; foundDescendants)
   at Microsoft.VisualStudio.TestTools.UITest.Playback.ScreenElement.FindTopLevelWindowHelper(String queryId)
   at Microsoft.VisualStudio.TestTools.UITest.Playback.ScreenElement.FindFromPartialQueryId(String queryId)
   at Microsoft.VisualStudio.TestTools.UITesting.UITestControl..ctor(String queryId)
   --- End of inner exception stack trace ---
   at Microsoft.VisualStudio.TestTools.UITesting.Playback.MapControlNotFoundException(COMException ex, IPlaybackContext context)
   at Microsoft.VisualStudio.TestTools.UITesting.Playback.MapAndThrowComException(COMException innerException, IPlaybackContext context)
   at Microsoft.VisualStudio.TestTools.UITesting.Playback.MapAndThrowException(SystemException exception, IPlaybackContext context)
   at Microsoft.VisualStudio.TestTools.UITesting.Playback.MapAndThrowException(SystemException exception, String queryId)
   at Microsoft.VisualStudio.TestTools.UITesting.UITestControl..ctor(String queryId)
   at Microsoft.VisualStudio.TestTools.UITesting.SearchHelper.SearchTopLevelWindow(ISearchArgument topLevelSearchArg, String topLevelElementQueryId)
   at Microsoft.VisualStudio.TestTools.UITesting.SearchHelper.GetTitleUpdatedTopLevelWindow(ISearchArgument topLevelSearchArg, String queryId, IList`1 windowTitles)
   at Microsoft.VisualStudio.TestTools.UITesting.SearchHelper.GetTopLevelElement(Boolean useCache, Boolean useCacheOnly, ISearchArgument searchArg, IList`1 windowTitles, Int32&amp; timeLeft)
   at Microsoft.VisualStudio.TestTools.UITesting.SearchHelper.GetElement(Boolean useCache, ISearchArgument searchArg)
   at Microsoft.VisualStudio.TestTools.UITesting.SearchHelper.Search(ISearchArgument searchArg)
   at Microsoft.VisualStudio.TestTools.UITesting.UITestControl.FindInternal()
   at Microsoft.VisualStudio.TestTools.UITesting.UITestControl.FindControlIfNecessary()
   at Microsoft.VisualStudio.TestTools.UITesting.UITestControl.Click(MouseButtons button, ModifierKeys modifierKeys, Point relativeCoordinates)
   at Microsoft.VisualStudio.TestTools.UITesting.Mouse.ClickImplementation(UITestControl control, MouseButtons button, ModifierKeys modifierKeys, Point relativeCoordinate)
   at Microsoft.VisualStudio.TestTools.UITesting.Mouse.ClickImplementationWrapper(UITestControl control, MouseButtons button, ModifierKeys modifierKeys, Point relativeCoordinate)
W, 3248, 26, 2012/11/13, 08:40:05.435, 7568661196515, QTAgent32.exe, PlaybackErrorHandler: Ignoring exception as ContinueOnError is set.
W, 3248, 26, 2012/11/13, 08:40:05.763, 7568665889442, QTAgent32.exe, &lt;a class=success&gt;Playback - {74} [SUCCESS] Check - "[MSAA, VisibleOnly]ControlType='CheckBox' &amp;&amp; Name='Defer Printing?'"
\0&lt;/a&gt;
W, 3248, 26, 2012/11/13, 08:40:06.402, 7568675114766, QTAgent32.exe, &lt;a class=success&gt;Playback - {75} [SUCCESS] MouseButtonClick - "[MSAA, VisibleOnly]ControlType='Button' &amp;&amp; Name='Ok'"
\0&lt;/a&gt;
W, 3248, 26, 2012/11/13, 08:40:09.008, 7568712455549, QTAgent32.exe, PERF WARNING: FindTopLevelWindowHelper::FindAllDescendents: took 2504 ms. Expected it to take maximum 500 ms.
W, 3248, 26, 2012/11/13, 08:40:09.351, 7568717259334, QTAgent32.exe, &lt;a class=success&gt;Playback - {76} [SUCCESS] Uncheck - "[MSAA, VisibleOnly]ControlType='CheckBox' &amp;&amp; Name='Add Activity'"
\0&lt;/a&gt;
W, 3248, 26, 2012/11/13, 08:40:12.424, 7568761388725, QTAgent32.exe, &lt;a class=success&gt;Playback - {77} [SUCCESS] MouseButtonClick - "[MSAA, VisibleOnly]ControlType='Button' &amp;&amp; Name='Ok'"
\0&lt;/a&gt;
W, 3248, 26, 2012/11/13, 08:40:12.861, 7568767638752, QTAgent32.exe, &lt;a class=success&gt;Playback - {78} [SUCCESS] MouseButtonClick - "[MSAA, VisibleOnly]ControlType='Button' &amp;&amp; Name='Ok'"
\0&lt;/a&gt;
W, 3248, 26, 2012/11/13, 08:40:22.627, 7568907353946, QTAgent32.exe, PERF WARNING: FindTopLevelWindowHelper::FindAllDescendents: took 9532 ms. Expected it to take maximum 500 ms.
W, 3248, 26, 2012/11/13, 08:40:24.920, 7568940172324, QTAgent32.exe, &lt;a class=success&gt;Playback - {79} [SUCCESS] MouseButtonClick - "[MSAA, VisibleOnly]ControlType='Button' &amp;&amp; Name='OK'"
\0&lt;/a&gt;
W, 3248, 26, 2012/11/13, 08:40:25.373, 7568946719058, QTAgent32.exe, &lt;a class=success&gt;Playback - {80} [SUCCESS] MouseButtonClick - "[MSAA, VisibleOnly]ControlType='Button' &amp;&amp; Name='Cancel'"
\0&lt;/a&gt;
W, 3248, 26, 2012/11/13, 08:40:25.903, 7568954264048, QTAgent32.exe, &lt;a class=success&gt;Playback - {81} [SUCCESS] MouseButtonClick - "[MSAA, VisibleOnly]ControlType='Button'"
\0&lt;/a&gt;
W, 3248, 26, 2012/11/13, 08:40:26.465, 7568962409917, QTAgent32.exe, &lt;a class=success&gt;Playback - {82} [SUCCESS] MouseButtonClick - "[MSAA, VisibleOnly]ControlType='Button' &amp;&amp; Name='Detail'"
\0&lt;/a&gt;
W, 3248, 26, 2012/11/13, 08:40:26.933, 7568969137312, QTAgent32.exe, &lt;a class=success&gt;Playback - {83} [SUCCESS] MouseButtonClick - "[MSAA, VisibleOnly]ControlType='Button' &amp;&amp; Name='Cancel'"
\0&lt;/a&gt;
W, 3248, 26, 2012/11/13, 08:40:27.385, 7568975529148, QTAgent32.exe, &lt;a class=success&gt;Playback - {84} [SUCCESS] MouseButtonClick - "[MSAA, VisibleOnly]ControlType='Button' &amp;&amp; Name='Options'"
\0&lt;/a&gt;
W, 3248, 26, 2012/11/13, 08:40:27.495, 7568977031356, QTAgent32.exe, FindScreenElementInSinglePass : Attempting to find control in one pass of search. Failures can occur.
W, 3248, 26, 2012/11/13, 08:40:27.495, 7568977134570, QTAgent32.exe, Playback - [WARNING] Internal failure: Method GetBoundingRectangle failed (HRESULT = 0x1, "Incorrect function.") for Name = "Quote Select List" ," ControlType = "MenuItem"
\0
W, 3248, 26, 2012/11/13, 08:40:27.495, 7568977135774, QTAgent32.exe, Playback - [WARNING] Internal failure: Couldn't get clickable point for ScreenUIElement - GetClickablePoint failed
\0
W, 3248, 26, 2012/11/13, 08:40:27.495, 7568977138327, QTAgent32.exe, FindScreenElementInSinglePass : Attempting to find control in one pass of search. Failures can occur.
W, 3248, 26, 2012/11/13, 08:40:27.495, 7568977166729, QTAgent32.exe, FindScreenElementInSinglePass : Attempting to find control in one pass of search. Failures can occur.
W, 3248, 26, 2012/11/13, 08:40:27.822, 7568981720159, QTAgent32.exe, &lt;a class=success&gt;Playback - {85} [SUCCESS] LeftButtonClick - "[MSAA, VisibleOnly]ControlType='MenuBar' &amp;&amp; Name='Application'"  &lt; Mouse cursor location (960, 31) &gt;
\0&lt;/a&gt;
W, 3248, 26, 2012/11/13, 08:40:27.931, 7568983281453, QTAgent32.exe, &lt;a class=success&gt;Playback - {86} [SUCCESS] LeftButtonClick - "[MSAA]ControlType='MenuItem' &amp;&amp; Name='Options'"  &lt; Mouse cursor location (94, 31) &gt;
\0&lt;/a&gt;
W, 3248, 26, 2012/11/13, 08:40:28.103, 7568985737806, QTAgent32.exe, &lt;a class=success&gt;Playback - {87} [SUCCESS] LeftButtonClick - "[MSAA]ControlType='MenuItem' &amp;&amp; Name='Links'"  &lt; Mouse cursor location (174, 319) &gt;
\0&lt;/a&gt;
W, 3248, 26, 2012/11/13, 08:40:28.290, 7568988417721, QTAgent32.exe, &lt;a class=success&gt;Playback - {88} [SUCCESS] LeftButtonClick - "[MSAA]ControlType='MenuItem' &amp;&amp; Name='3rd Party Integration'"  &lt; Mouse cursor location (375, 319) &gt;
\0&lt;/a&gt;
W, 3248, 26, 2012/11/13, 08:40:28.477, 7568991128912, QTAgent32.exe, &lt;a class=success&gt;Playback - {89} [SUCCESS] MouseButtonClick - "[MSAA]ControlType='MenuItem' &amp;&amp; Name='Quote Select List'"
\0&lt;/a&gt;
W, 3248, 26, 2012/11/13, 08:40:30.350, 7569017905581, QTAgent32.exe, PERF WARNING: FindTopLevelWindowHelper::FindAllDescendents: took 1748 ms. Expected it to take maximum 500 ms.
W, 3248, 26, 2012/11/13, 08:40:32.097, 7569043073456, QTAgent32.exe, &lt;a class=success&gt;Playback - {90} [SUCCESS] MouseButtonClick - "[MSAA, VisibleOnly]ControlType='Button' &amp;&amp; Name='Ok'"
\0&lt;/a&gt;
W, 3248, 26, 2012/11/13, 08:40:33.610, 7569064623430, QTAgent32.exe, PERF WARNING: FindTopLevelWindowHelper::FindAllDescendents: took 1400 ms. Expected it to take maximum 500 ms.
W, 3248, 26, 2012/11/13, 08:40:34.063, 7569071138745, QTAgent32.exe, &lt;a class=success&gt;Playback - {91} [SUCCESS] MouseButtonClick - "[MSAA, VisibleOnly]ControlType='Button' &amp;&amp; Name='MTA...'"
\0&lt;/a&gt;
W, 3248, 26, 2012/11/13, 08:40:34.687, 7569080188827, QTAgent32.exe, Playback - [WARNING] Internal warning: Incorrect flag set for InvokeProgrammaticAction\0
W, 3248, 26, 2012/11/13, 08:40:35.045, 7569085146859, QTAgent32.exe, &lt;a class=success&gt;Playback - {92} [SUCCESS] SetValueAsComboBox "Cancel Cover" - "[MSAA, VisibleOnly]ControlType='ComboBox'"  &lt; SetValueAsComboBox, set by clicking on the item in the list box &gt;
\0&lt;/a&gt;
W, 3248, 26, 2012/11/13, 08:40:35.623, 7569093520089, QTAgent32.exe, &lt;a class=success&gt;Playback - {93} [SUCCESS] MouseButtonClick - "[MSAA, VisibleOnly]ControlType='Button' &amp;&amp; Name='OK'"
\0&lt;/a&gt;
W, 3248, 26, 2012/11/13, 08:40:36.153, 7569101196071, QTAgent32.exe, &lt;a class=success&gt;Playback - {94} [SUCCESS] MouseButtonClick - "[MSAA, VisibleOnly]ControlType='Button' &amp;&amp; Name='Calculate Quote'"
\0&lt;/a&gt;
W, 3248, 26, 2012/11/13, 08:40:36.403, 7569104565535, QTAgent32.exe, &lt;a class=success&gt;Playback - {95} [SUCCESS] SendKeys "^{HOME}" - "[MSAA, VisibleOnly]ControlType='Edit'"
\0&lt;/a&gt;
E, 3248, 26, 2012/11/13, 08:40:36.403, 7569104568258, QTAgent32.exe, Msaa.GetFocusedElement: could not find accessible object of foreground window
W, 3248, 26, 2012/11/13, 08:40:36.496, 7569105905077, QTAgent32.exe, &lt;a class=success&gt;Playback - {96} [SUCCESS] SendKeys "^+{END}" - "[MSAA, VisibleOnly]ControlType='Edit'"
\0&lt;/a&gt;
E, 3248, 26, 2012/11/13, 08:40:36.496, 7569105907300, QTAgent32.exe, Msaa.GetFocusedElement: could not find accessible object of foreground window
W, 3248, 26, 2012/11/13, 08:40:36.512, 7569106128983, QTAgent32.exe, &lt;a class=success&gt;Playback - {97} [SUCCESS] SendKeys "{DELETE}" - "[MSAA, VisibleOnly]ControlType='Edit'"
\0&lt;/a&gt;
W, 3248, 26, 2012/11/13, 08:40:36.840, 7569110829014, QTAgent32.exe, &lt;a class=success&gt;Playback - {98} [SUCCESS] SetValueAsEditBox "14/11/12" - "[MSAA, VisibleOnly]ControlType='Edit'"  &lt; Set via SendKeys &gt;
\0&lt;/a&gt;
W, 3248, 26, 2012/11/13, 08:40:37.308, 7569117702590, QTAgent32.exe, &lt;a class=success&gt;Playback - {99} [SUCCESS] MouseButtonClick - "[MSAA, VisibleOnly]ControlType='Button' &amp;&amp; Name='OK'"
\0&lt;/a&gt;
W, 3248, 26, 2012/11/13, 08:40:37.916, 7569126441592, QTAgent32.exe, &lt;a class=success&gt;Playback - {100} [SUCCESS] MouseButtonClick - "[MSAA, VisibleOnly]ControlType='Button' &amp;&amp; Name='No'"
\0&lt;/a&gt;
W, 3248, 26, 2012/11/13, 08:40:42.019, 7569184995255, QTAgent32.exe, PERF WARNING: FindTopLevelWindowHelper::FindAllDescendents: took 3994 ms. Expected it to take maximum 500 ms.
W, 3248, 26, 2012/11/13, 08:40:42.347, 7569189671874, QTAgent32.exe, &lt;a class=success&gt;Playback - {101} [SUCCESS] MouseButtonClick - "[MSAA, VisibleOnly]ControlType='Client'"
\0&lt;/a&gt;
W, 3248, 26, 2012/11/13, 08:40:42.643, 7569194006139, QTAgent32.exe, &lt;a class=success&gt;Playback - {102} [SUCCESS] SendKeys "{Home}" - "[MSAA, VisibleOnly]ControlType='Client'"
\0&lt;/a&gt;
W, 3248, 26, 2012/11/13, 08:40:43.111, 7569200643896, QTAgent32.exe, &lt;a class=success&gt;Playback - {103} [SUCCESS] MouseButtonClick - "[MSAA, VisibleOnly]ControlType='Button' &amp;&amp; Name='Accept'"
\0&lt;/a&gt;
W, 3248, 26, 2012/11/13, 08:40:43.720, 7569209527602, QTAgent32.exe, &lt;a class=success&gt;Playback - {104} [SUCCESS] MouseButtonClick - "[MSAA, VisibleOnly]ControlType='Button' &amp;&amp; Name='Yes'"
\0&lt;/a&gt;
W, 3248, 26, 2012/11/13, 08:40:44.188, 7569216049124, QTAgent32.exe, &lt;a class=success&gt;Playback - {105} [SUCCESS] MouseButtonClick - "[MSAA, VisibleOnly]ControlType='Button' &amp;&amp; Name='Ok'"
\0&lt;/a&gt;
W, 3248, 26, 2012/11/13, 08:40:52.643, 7569337104917, QTAgent32.exe, PERF WARNING: FindTopLevelWindowHelper::FindAllDescendents: took 8346 ms. Expected it to take maximum 500 ms.
W, 3248, 26, 2012/11/13, 08:40:54.562, 7569364691801, QTAgent32.exe, &lt;a class=success&gt;Playback - {106} [SUCCESS] MouseButtonClick - "[MSAA, VisibleOnly]ControlType='Button' &amp;&amp; Name='OK'"
\0&lt;/a&gt;
W, 3248, 26, 2012/11/13, 08:40:54.671, 7569366125231, QTAgent32.exe, Playback - [WARNING] Internal warning: Thread state based WFR - Requested element has invalid HWND
\0
W, 3248, 26, 2012/11/13, 08:40:54.671, 7569366127059, QTAgent32.exe, Playback - [WARNING] Internal warning: process performance counters based WFR - Requested element has invalid HWND
\0
E, 3248, 26, 2012/11/13, 08:40:54.671, 7569366130202, QTAgent32.exe, EnsureValid called via EnsureValid call for same element
E, 3248, 26, 2012/11/13, 08:40:54.671, 7569366133763, QTAgent32.exe, GetClassName for handle 6817474 failed
E, 3248, 26, 2012/11/13, 08:40:54.671, 7569366136320, QTAgent32.exe, EnsureValid called via EnsureValid call for same element
E, 3248, 26, 2012/11/13, 08:40:54.671, 7569366137960, QTAgent32.exe, EnsureValid called via EnsureValid call for same element
E, 3248, 26, 2012/11/13, 08:40:54.671, 7569366155306, QTAgent32.exe, Window 6817474 not responding. Last Win32 error 0
E, 3248, 26, 2012/11/13, 08:40:54.671, 7569366157510, QTAgent32.exe, GetClassName for handle 6817474 failed
E, 3248, 26, 2012/11/13, 08:40:54.671, 7569366158361, QTAgent32.exe, GetClassName for handle 6817474 failed
W, 3248, 26, 2012/11/13, 08:40:54.999, 7569370822654, QTAgent32.exe, &lt;a class=success&gt;Playback - {107} [SUCCESS] Check - "[MSAA, VisibleOnly]ControlType='CheckBox' &amp;&amp; Name='Defer Printing?'"
\0&lt;/a&gt;
W, 3248, 26, 2012/11/13, 08:40:55.685, 7569380834791, QTAgent32.exe, &lt;a class=success&gt;Playback - {108} [SUCCESS] MouseButtonClick - "[MSAA, VisibleOnly]ControlType='Button' &amp;&amp; Name='Ok'"
\0&lt;/a&gt;
W, 3248, 26, 2012/11/13, 08:40:55.795, 7569382208523, QTAgent32.exe, Playback - [WARNING] Internal warning: Thread state based WFR - Requested element has invalid HWND
\0
W, 3248, 26, 2012/11/13, 08:40:55.795, 7569382210146, QTAgent32.exe, Playback - [WARNING] Internal warning: process performance counters based WFR - Requested element has invalid HWND
\0
E, 3248, 26, 2012/11/13, 08:40:55.795, 7569382213243, QTAgent32.exe, EnsureValid called via EnsureValid call for same element
E, 3248, 26, 2012/11/13, 08:40:55.795, 7569382216715, QTAgent32.exe, GetClassName for handle 7799980 failed
E, 3248, 26, 2012/11/13, 08:40:55.795, 7569382219050, QTAgent32.exe, EnsureValid called via EnsureValid call for same element
E, 3248, 26, 2012/11/13, 08:40:55.795, 7569382220582, QTAgent32.exe, EnsureValid called via EnsureValid call for same element
E, 3248, 26, 2012/11/13, 08:40:55.795, 7569382237549, QTAgent32.exe, Window 7799980 not responding. Last Win32 error 0
E, 3248, 26, 2012/11/13, 08:40:55.795, 7569382239713, QTAgent32.exe, GetClassName for handle 7799980 failed
E, 3248, 26, 2012/11/13, 08:40:55.795, 7569382240534, QTAgent32.exe, GetClassName for handle 7799980 failed
W, 3248, 26, 2012/11/13, 08:40:57.027, 7569399966883, QTAgent32.exe, PERF WARNING: FindTopLevelWindowHelper::FindAllDescendents: took 1237 ms. Expected it to take maximum 500 ms.
W, 3248, 26, 2012/11/13, 08:40:57.370, 7569404773249, QTAgent32.exe, &lt;a class=success&gt;Playback - {109} [SUCCESS] Uncheck - "[MSAA, VisibleOnly]ControlType='CheckBox' &amp;&amp; Name='Add Activity'"
\0&lt;/a&gt;
W, 3248, 26, 2012/11/13, 08:40:57.948, 7569413131881, QTAgent32.exe, &lt;a class=success&gt;Playback - {110} [SUCCESS] MouseButtonClick - "[MSAA, VisibleOnly]ControlType='Button' &amp;&amp; Name='Ok'"
\0&lt;/a&gt;
W, 3248, 26, 2012/11/13, 08:41:06.247, 7569531977869, QTAgent32.exe, PERF WARNING: FindTopLevelWindowHelper::FindAllDescendents: took 7941 ms. Expected it to take maximum 500 ms.
W, 3248, 26, 2012/11/13, 08:41:08.619, 7569565812432, QTAgent32.exe, &lt;a class=success&gt;Playback - {111} [SUCCESS] MouseButtonClick - "[MSAA, VisibleOnly]ControlType='Button' &amp;&amp; Name='OK'"
\0&lt;/a&gt;
W, 3248, 26, 2012/11/13, 08:41:09.071, 7569572348976, QTAgent32.exe, &lt;a class=success&gt;Playback - {112} [SUCCESS] MouseButtonClick - "[MSAA, VisibleOnly]ControlType='Button' &amp;&amp; Name='Cancel'"
\0&lt;/a&gt;
W, 3248, 26, 2012/11/13, 08:41:09.601, 7569579925427, QTAgent32.exe, &lt;a class=success&gt;Playback - {113} [SUCCESS] MouseButtonClick - "[MSAA, VisibleOnly]ControlType='Button'"
\0&lt;/a&gt;
W, 3248, 26, 2012/11/13, 08:41:10.163, 7569588043578, QTAgent32.exe, &lt;a class=success&gt;Playback - {114} [SUCCESS] MouseButtonClick - "[MSAA, VisibleOnly]ControlType='Button' &amp;&amp; Name='Detail'"
\0&lt;/a&gt;
W, 3248, 26, 2012/11/13, 08:41:10.662, 7569595232762, QTAgent32.exe, &lt;a class=success&gt;Playback - {115} [SUCCESS] MouseButtonClick - "[MSAA, VisibleOnly]ControlType='Button' &amp;&amp; Name='Cancel'"
\0&lt;/a&gt;
E, 3248, 26, 2012/11/13, 08:41:10.771, 7569596652429, QTAgent32.exe, GetClassName for handle 6488740 failed
W, 3248, 26, 2012/11/13, 08:41:11.115, 7569601606863, QTAgent32.exe, &lt;a class=success&gt;Playback - {116} [SUCCESS] MouseButtonClick - "[MSAA, VisibleOnly]ControlType='Button' &amp;&amp; Name='Cancel'"
\0&lt;/a&gt;
W, 3248, 26, 2012/11/13, 08:41:11.552, 7569607809889, QTAgent32.exe, &lt;a class=success&gt;Playback - {117} [SUCCESS] MouseButtonClick - "[MSAA, VisibleOnly]ControlType='Button' &amp;&amp; Name='Cancel'"
\0&lt;/a&gt;
W, 3248, 26, 2012/11/13, 08:41:11.988, 7569614158995, QTAgent32.exe, &lt;a class=success&gt;Playback - {118} [SUCCESS] MouseButtonClick - "[MSAA, VisibleOnly]ControlType='Button' &amp;&amp; Name='Close'"
\0&lt;/a&gt;
W, 3248, 26, 2012/11/13, 08:41:16.466, 7569678198369, QTAgent32.exe, IEDOM : StopSession of the plugin called before StartSession
W, 3248, 26, 2012/11/13, 08:41:16.466, 7569678199594, QTAgent32.exe, UIA : StopSession of the plugin called before StartSession
W, 3248, 26, 2012/11/13, 08:41:16.466, 7569678200312, QTAgent32.exe, SLPlugin : StopSession of the plugin called before StartSession
</DebugTrace>
      </Output>
    </UnitTestResult>
    <UnitTestResult executionId="192e130c-845d-4679-b71f-6fca4f607856" testId="1662bbff-6668-68e6-e702-5ec6450deb96" testName="MotoTest13" computerName="ICLVDEVAP01" duration="00:10:06.0600708" startTime="2012-11-13T08:41:16.4663114+00:00" endTime="2012-11-13T08:51:22.5612764+00:00" testType="13cdc9d9-ddb5-4fa4-a97d-d965ccfc6d4b" outcome="Failed" testListId="8c84fa94-04c1-424b-9868-57a2d4851a1d" relativeResultsDirectory="192e130c-845d-4679-b71f-6fca4f607856">
      <Output>
        <DebugTrace>W, 3248, 12, 2012/11/13, 08:41:16.466, 7569678351627, QTAgent32.exe, ExtensionFramework : A Technology Manager with name Web is already registered.
W, 3248, 12, 2012/11/13, 08:41:17.324, 7569690455194, QTAgent32.exe, &lt;a class=success&gt;Playback - {1} [SUCCESS] MouseButtonClick - "[MSAA, VisibleOnly]ControlType='Edit'"
\0&lt;/a&gt;
W, 3248, 12, 2012/11/13, 08:41:17.589, 7569694247309, QTAgent32.exe, &lt;a class=success&gt;Playback - {2} [SUCCESS] SendKeys "[*]" - "[MSAA, VisibleOnly]ControlType='Edit'"
\0&lt;/a&gt;
W, 3248, 12, 2012/11/13, 08:41:18.494, 7569707344781, QTAgent32.exe, &lt;a class=success&gt;Playback - {3} [SUCCESS] MouseButtonClick - "[MSAA, VisibleOnly]ControlType='Button' &amp;&amp; Name='OK'"
\0&lt;/a&gt;
W, 3248, 12, 2012/11/13, 08:41:19.165, 7569716995569, QTAgent32.exe, &lt;a class=success&gt;Playback - {4} [SUCCESS] MouseButtonClick - "[MSAA, VisibleOnly]ControlType='Button' &amp;&amp; Name='OK'"
\0&lt;/a&gt;
W, 3248, 12, 2012/11/13, 08:41:19.321, 7569719039905, QTAgent32.exe, &lt;a class=success&gt;Playback - {5} [SUCCESS] TypeString "#(R)"
\0&lt;/a&gt;
E, 3248, 12, 2012/11/13, 08:41:19.867, 7569726868944, QTAgent32.exe, Exception: System.ArgumentException
	Message: Value does not fall within the expected range.
	Stack Trace:    at Accessibility.IAccessible.get_accRole(Object varChild)
   at Microsoft.VisualStudio.TestTools.UITest.Extension.Msaa.AccWrapper.get_RoleInt()
	BaseExceptionMessage: Value does not fall within the expected range.

E, 3248, 12, 2012/11/13, 08:41:19.867, 7569726996796, QTAgent32.exe, Exception: System.ArgumentException
	Message: Value does not fall within the expected range.
	Stack Trace:    at Accessibility.IAccessible.get_accRole(Object varChild)
   at Microsoft.VisualStudio.TestTools.UITest.Extension.Msaa.AccWrapper.get_RoleInt()
	BaseExceptionMessage: Value does not fall within the expected range.

W, 3248, 12, 2012/11/13, 08:41:20.413, 7569734677781, QTAgent32.exe, &lt;a class=success&gt;Playback - {6} [SUCCESS] LeftButtonClick  &lt; Mouse cursor location (87, 908) &gt;
\0&lt;/a&gt;
W, 3248, 12, 2012/11/13, 08:41:21.630, 7569752100234, QTAgent32.exe, &lt;a class=success&gt;Playback - {7} [SUCCESS] SetValueAsEditBox "c:\TestProject7\ourhighway.reg"  &lt; Set via SendKeys &gt;
\0&lt;/a&gt;
W, 3248, 12, 2012/11/13, 08:41:21.630, 7569752102545, QTAgent32.exe, &lt;a class=success&gt;Playback - {8} [SUCCESS] SetValueAsComboBox "c:\TestProject7\ourhighway.reg" - "[MSAA, VisibleOnly]ControlType='ComboBox' &amp;&amp; Name='Open:'"  &lt; Set via SetValueAsEditBox &gt;
\0&lt;/a&gt;
W, 3248, 12, 2012/11/13, 08:41:22.067, 7569758514930, QTAgent32.exe, &lt;a class=success&gt;Playback - {9} [SUCCESS] MouseButtonClick - "[MSAA, VisibleOnly]ControlType='Button' &amp;&amp; Name='OK'"
\0&lt;/a&gt;
W, 3248, 12, 2012/11/13, 08:41:22.753, 7569768229580, QTAgent32.exe, &lt;a class=success&gt;Playback - {10} [SUCCESS] MouseButtonClick - "[MSAA, VisibleOnly]ControlType='Button' &amp;&amp; Name='Yes'"
\0&lt;/a&gt;
W, 3248, 12, 2012/11/13, 08:41:23.268, 7569775593672, QTAgent32.exe, &lt;a class=success&gt;Playback - {11} [SUCCESS] MouseButtonClick - "[MSAA, VisibleOnly]ControlType='Button' &amp;&amp; Name='OK'"
\0&lt;/a&gt;
W, 3248, 12, 2012/11/13, 08:41:23.736, 7569782379662, QTAgent32.exe, &lt;a class=success&gt;Playback - {12} [SUCCESS] MouseButtonClick - "[MSAA, VisibleOnly]ControlType='Button' &amp;&amp; Name='Clients &amp; Files'"
\0&lt;/a&gt;
W, 3248, 12, 2012/11/13, 08:41:24.641, 7569795241205, QTAgent32.exe, Playback - [WARNING] Internal warning: Window Not Found: [VisibleOnly]ControlType='Window' &amp;&amp; Name='Customer: txt1 tdsfs' &amp;&amp; ClassName='ThunderRT6MDIForm'
\0
E, 3248, 12, 2012/11/13, 08:41:24.641, 7569795244606, QTAgent32.exe, &lt;a class=failure&gt;Playback - {13} [FAILED] Function ElementFetcher::FindScreenElement failed to locate UI element (Searching: ;[VisibleOnly]ControlType='Window' &amp;&amp; Name='Customer: txt1 tdsfs' &amp;&amp; ClassName='ThunderRT6MDIForm') (The object specified was not found.)
\0&lt;/a&gt;
E, 3248, 12, 2012/11/13, 08:41:24.719, 7569796489028, QTAgent32.exe, Playback - [IMAGE] C:\Users\peter.zenin-ad\AppData\Local\Temp\UITestLogs\LastRun\RPFB2F3.png
\0
W, 3248, 12, 2012/11/13, 08:41:24.719, 7569796491228, QTAgent32.exe, Playback - [WARNING] Internal warning: Couldn't find descendants that match QueryId
\0
W, 3248, 12, 2012/11/13, 08:41:24.719, 7569796494205, QTAgent32.exe, PERF WARNING: FindTopLevelWindowHelper::FindAllDescendents: took 807 ms. Expected it to take maximum 500 ms.
W, 3248, 12, 2012/11/13, 08:41:42.738, 7570054346070, QTAgent32.exe, Playback - [WARNING] Internal warning: Window Not Found: [VisibleOnly]ControlType='Window' &amp;&amp; Name='Customer: txt1 tdsfs' &amp;&amp; ClassName='ThunderRT6MDIForm'
\0
E, 3248, 12, 2012/11/13, 08:41:42.738, 7570054349128, QTAgent32.exe, &lt;a class=failure&gt;Playback - {14} [FAILED] Function ElementFetcher::FindScreenElement failed to locate UI element (Searching: ;[VisibleOnly]ControlType='Window' &amp;&amp; Name='Customer: txt1 tdsfs' &amp;&amp; ClassName='ThunderRT6MDIForm') (The object specified was not found.)
\0&lt;/a&gt;
E, 3248, 12, 2012/11/13, 08:41:42.816, 7570055617783, QTAgent32.exe, Playback - [IMAGE] C:\Users\peter.zenin-ad\AppData\Local\Temp\UITestLogs\LastRun\RPFF9A4.png
\0
W, 3248, 12, 2012/11/13, 08:41:42.816, 7570055620013, QTAgent32.exe, Playback - [WARNING] Internal warning: Couldn't find descendants that match QueryId
\0
W, 3248, 12, 2012/11/13, 08:41:42.816, 7570055622995, QTAgent32.exe, PERF WARNING: FindTopLevelWindowHelper::FindAllDescendents: took 18097 ms. Expected it to take maximum 500 ms.
W, 3248, 12, 2012/11/13, 08:41:43.331, 7570062834147, QTAgent32.exe, Playback - [WARNING] Internal warning: Window with Class "ThunderRT6MDIForm" and Title "Customer: txt1 tdsfs" was not found, so similar window with Class "ThunderRT6MDIForm" and Title "Customer: autotest" was accepted
\0
W, 3248, 12, 2012/11/13, 08:41:43.331, 7570062837976, QTAgent32.exe, PERF WARNING: FindTopLevelWindowHelper::FindAllDescendents: took 503 ms. Expected it to take maximum 500 ms.
W, 3248, 12, 2012/11/13, 08:41:43.799, 7570069573149, QTAgent32.exe, Playback - [WARNING] Internal warning: Incorrect flag set for InvokeProgrammaticAction\0
W, 3248, 12, 2012/11/13, 08:41:44.126, 7570074209205, QTAgent32.exe, &lt;a class=success&gt;Playback - {15} [SUCCESS] SetValueAsComboBox "Customers" - "[MSAA, VisibleOnly]ControlType='ComboBox'"  &lt; SetValueAsComboBox, set by clicking on the item in the list box &gt;
\0&lt;/a&gt;
W, 3248, 12, 2012/11/13, 08:41:44.875, 7570085111776, QTAgent32.exe, &lt;a class=success&gt;Playback - {16} [SUCCESS] MouseButtonClick - "[MSAA, VisibleOnly]ControlType='Button' &amp;&amp; Name='Add'"
\0&lt;/a&gt;
W, 3248, 12, 2012/11/13, 08:41:45.281, 7570090719556, QTAgent32.exe, &lt;a class=success&gt;Playback - {17} [SUCCESS] SendKeys "autotest" - "[MSAA, VisibleOnly]ControlType='RadioButton' &amp;&amp; Name='Personal Lines'"
\0&lt;/a&gt;
W, 3248, 12, 2012/11/13, 08:41:45.842, 7570098768066, QTAgent32.exe, &lt;a class=success&gt;Playback - {18} [SUCCESS] SetValueAsEditBox "autotest" - "[MSAA, VisibleOnly]ControlType='Edit'"  &lt; Set via SendKeys &gt;
\0&lt;/a&gt;
W, 3248, 12, 2012/11/13, 08:41:46.373, 7570106567449, QTAgent32.exe, &lt;a class=success&gt;Playback - {19} [SUCCESS] MouseButtonClick - "[MSAA, VisibleOnly]ControlType='Button' &amp;&amp; Name='OK'"
\0&lt;/a&gt;
W, 3248, 12, 2012/11/13, 08:41:46.966, 7570114928437, QTAgent32.exe, &lt;a class=success&gt;Playback - {20} [SUCCESS] MouseButtonClick - "[MSAA, VisibleOnly]ControlType='Button' &amp;&amp; Name='Yes'"
\0&lt;/a&gt;
W, 3248, 12, 2012/11/13, 08:41:47.200, 7570118191984, QTAgent32.exe, &lt;a class=success&gt;Playback - {21} [SUCCESS] SendKeys "^{HOME}" - "[MSAA, VisibleOnly]ControlType='Edit'"
\0&lt;/a&gt;
E, 3248, 12, 2012/11/13, 08:41:47.200, 7570118194528, QTAgent32.exe, Msaa.GetFocusedElement: could not find accessible object of foreground window
W, 3248, 12, 2012/11/13, 08:41:47.278, 7570119309164, QTAgent32.exe, &lt;a class=success&gt;Playback - {22} [SUCCESS] SendKeys "^+{END}" - "[MSAA, VisibleOnly]ControlType='Edit'"
\0&lt;/a&gt;
E, 3248, 12, 2012/11/13, 08:41:47.278, 7570119311215, QTAgent32.exe, Msaa.GetFocusedElement: could not find accessible object of foreground window
W, 3248, 12, 2012/11/13, 08:41:47.293, 7570119533654, QTAgent32.exe, &lt;a class=success&gt;Playback - {23} [SUCCESS] SendKeys "{DELETE}" - "[MSAA, VisibleOnly]ControlType='Edit'"
\0&lt;/a&gt;
W, 3248, 12, 2012/11/13, 08:41:47.371, 7570120653485, QTAgent32.exe, &lt;a class=success&gt;Playback - {24} [SUCCESS] SetValueAsEditBox "1" - "[MSAA, VisibleOnly]ControlType='Edit'"  &lt; Set via SendKeys &gt;
\0&lt;/a&gt;
W, 3248, 12, 2012/11/13, 08:41:47.605, 7570124001499, QTAgent32.exe, &lt;a class=success&gt;Playback - {25} [SUCCESS] SendKeys "^{HOME}" - "[MSAA, VisibleOnly]ControlType='Edit'"
\0&lt;/a&gt;
E, 3248, 12, 2012/11/13, 08:41:47.605, 7570124004254, QTAgent32.exe, Msaa.GetFocusedElement: could not find accessible object of foreground window
W, 3248, 12, 2012/11/13, 08:41:47.699, 7570125340369, QTAgent32.exe, &lt;a class=success&gt;Playback - {26} [SUCCESS] SendKeys "^+{END}" - "[MSAA, VisibleOnly]ControlType='Edit'"
\0&lt;/a&gt;
E, 3248, 12, 2012/11/13, 08:41:47.699, 7570125342439, QTAgent32.exe, Msaa.GetFocusedElement: could not find accessible object of foreground window
W, 3248, 12, 2012/11/13, 08:41:47.714, 7570125564154, QTAgent32.exe, &lt;a class=success&gt;Playback - {27} [SUCCESS] SendKeys "{DELETE}" - "[MSAA, VisibleOnly]ControlType='Edit'"
\0&lt;/a&gt;
W, 3248, 12, 2012/11/13, 08:41:47.792, 7570126683700, QTAgent32.exe, &lt;a class=success&gt;Playback - {28} [SUCCESS] SetValueAsEditBox "1" - "[MSAA, VisibleOnly]ControlType='Edit'"  &lt; Set via SendKeys &gt;
\0&lt;/a&gt;
W, 3248, 12, 2012/11/13, 08:41:48.307, 7570134144156, QTAgent32.exe, &lt;a class=success&gt;Playback - {29} [SUCCESS] MouseButtonClick - "[MSAA, VisibleOnly]ControlType='Button' &amp;&amp; Name='OK'"
\0&lt;/a&gt;
W, 3248, 12, 2012/11/13, 08:41:48.900, 7570142641736, QTAgent32.exe, &lt;a class=success&gt;Playback - {30} [SUCCESS] MouseButtonClick - "[MSAA, VisibleOnly]ControlType='Button'"
\0&lt;/a&gt;
W, 3248, 12, 2012/11/13, 08:41:49.415, 7570149991506, QTAgent32.exe, &lt;a class=success&gt;Playback - {31} [SUCCESS] MouseButtonClick - "[MSAA, VisibleOnly]ControlType='Button' &amp;&amp; Name='Add'"
\0&lt;/a&gt;
W, 3248, 12, 2012/11/13, 08:41:49.914, 7570157265379, QTAgent32.exe, &lt;a class=success&gt;Playback - {32} [SUCCESS] MouseButtonClick - "[MSAA, VisibleOnly]ControlType='Button' &amp;&amp; Name='OK'"
\0&lt;/a&gt;
W, 3248, 12, 2012/11/13, 08:41:52.379, 7570192349378, QTAgent32.exe, &lt;a class=success&gt;Playback - {33} [SUCCESS] MouseButtonClick - "[MSAA, VisibleOnly,Window]ControlType='Window' &amp;&amp; ClassName='ThunderRT6TextBox'"
\0&lt;/a&gt;
W, 3248, 12, 2012/11/13, 08:41:52.722, 7570197271331, QTAgent32.exe, &lt;a class=success&gt;Playback - {34} [SUCCESS] SetValueAsEditBox "MOTO" - "[MSAA, VisibleOnly]ControlType='Edit'"  &lt; Set via SendKeys &gt;
\0&lt;/a&gt;
W, 3248, 12, 2012/11/13, 08:41:53.253, 7570204865986, QTAgent32.exe, &lt;a class=success&gt;Playback - {35} [SUCCESS] MouseButtonClick - "[MSAA, VisibleOnly]ControlType='Button' &amp;&amp; Name='OK'"
\0&lt;/a&gt;
W, 3248, 12, 2012/11/13, 08:41:53.690, 7570211179412, QTAgent32.exe, &lt;a class=success&gt;Playback - {36} [SUCCESS] MouseButtonClick - "[MSAA, VisibleOnly]ControlType='Button' &amp;&amp; Name='Options'"
\0&lt;/a&gt;
W, 3248, 12, 2012/11/13, 08:41:53.799, 7570212680466, QTAgent32.exe, FindScreenElementInSinglePass : Attempting to find control in one pass of search. Failures can occur.
W, 3248, 12, 2012/11/13, 08:41:53.986, 7570215355209, QTAgent32.exe, &lt;a class=success&gt;Playback - {37} [SUCCESS] MouseButtonClick - "[MSAA]ControlType='MenuItem' &amp;&amp; Name='Links'"
\0&lt;/a&gt;
W, 3248, 12, 2012/11/13, 08:41:54.095, 7570216924612, QTAgent32.exe, FindScreenElementInSinglePass : Attempting to find control in one pass of search. Failures can occur.
W, 3248, 12, 2012/11/13, 08:41:54.282, 7570219600016, QTAgent32.exe, &lt;a class=success&gt;Playback - {38} [SUCCESS] MouseButtonClick - "[MSAA]ControlType='MenuItem' &amp;&amp; Name='3rd Party Integration'"
\0&lt;/a&gt;
W, 3248, 12, 2012/11/13, 08:41:54.392, 7570221167815, QTAgent32.exe, FindScreenElementInSinglePass : Attempting to find control in one pass of search. Failures can occur.
W, 3248, 12, 2012/11/13, 08:41:54.594, 7570224096690, QTAgent32.exe, &lt;a class=success&gt;Playback - {39} [SUCCESS] MouseButtonClick - "[MSAA]ControlType='MenuItem' &amp;&amp; Name='Quote Select List'"
\0&lt;/a&gt;
W, 3248, 12, 2012/11/13, 08:41:56.513, 7570251544651, QTAgent32.exe, PERF WARNING: FindTopLevelWindowHelper::FindAllDescendents: took 1783 ms. Expected it to take maximum 500 ms.
W, 3248, 12, 2012/11/13, 08:41:58.198, 7570275801787, QTAgent32.exe, &lt;a class=success&gt;Playback - {40} [SUCCESS] MouseButtonClick - "[MSAA, VisibleOnly]ControlType='Button' &amp;&amp; Name='Ok'"
\0&lt;/a&gt;
W, 3248, 12, 2012/11/13, 08:41:59.727, 7570297586827, QTAgent32.exe, PERF WARNING: FindTopLevelWindowHelper::FindAllDescendents: took 1415 ms. Expected it to take maximum 500 ms.
W, 3248, 12, 2012/11/13, 08:42:00.133, 7570303365756, QTAgent32.exe, &lt;a class=success&gt;Playback - {41} [SUCCESS] MouseButtonClick - "[MSAA, VisibleOnly]ControlType='Button' &amp;&amp; Name='Ok'"
\0&lt;/a&gt;
W, 3248, 12, 2012/11/13, 08:42:00.492, 7570308518018, QTAgent32.exe, &lt;a class=success&gt;Playback - {42} [SUCCESS] SetValueAsEditBox "test" - "[MSAA, VisibleOnly]ControlType='Edit'"  &lt; Set via SendKeys &gt;
\0&lt;/a&gt;
W, 3248, 12, 2012/11/13, 08:42:00.850, 7570313720517, QTAgent32.exe, &lt;a class=success&gt;Playback - {43} [SUCCESS] SetValueAsEditBox "test" - "[MSAA, VisibleOnly]ControlType='Edit'"  &lt; Set via SendKeys &gt;
\0&lt;/a&gt;
W, 3248, 12, 2012/11/13, 08:42:01.272, 7570319671507, QTAgent32.exe, &lt;a class=success&gt;Playback - {44} [SUCCESS] SetValueAsEditBox "160486" - "[MSAA, VisibleOnly]ControlType='Edit'"  &lt; Set via SendKeys &gt;
\0&lt;/a&gt;
W, 3248, 12, 2012/11/13, 08:42:01.708, 7570325925326, QTAgent32.exe, &lt;a class=success&gt;Playback - {45} [SUCCESS] SetValueAsEditBox "BN16BN" - "[MSAA, VisibleOnly]ControlType='Edit'"  &lt; Set via SendKeys &gt;
\0&lt;/a&gt;
W, 3248, 12, 2012/11/13, 08:42:04.173, 7570361214845, QTAgent32.exe, &lt;a class=success&gt;Playback - {46} [SUCCESS] MouseButtonClick - "[MSAA, VisibleOnly]ControlType='Button' &amp;&amp; Name='Lookup...'"
\0&lt;/a&gt;
W, 3248, 12, 2012/11/13, 08:42:04.610, 7570367613286, QTAgent32.exe, &lt;a class=success&gt;Playback - {47} [SUCCESS] MouseButtonClick - "[MSAA, VisibleOnly]ControlType='Button' &amp;&amp; Name='Ok'"
\0&lt;/a&gt;
W, 3248, 12, 2012/11/13, 08:42:06.357, 7570392628962, QTAgent32.exe, &lt;a class=success&gt;Playback - {48} [SUCCESS] MouseButtonClick - "[MSAA, VisibleOnly]ControlType='Button' &amp;&amp; Name='OK'"
\0&lt;/a&gt;
W, 3248, 12, 2012/11/13, 08:42:07.387, 7570407307102, QTAgent32.exe, Playback - [WARNING] Internal warning: Incorrect flag set for InvokeProgrammaticAction\0
W, 3248, 12, 2012/11/13, 08:42:07.715, 7570411930363, QTAgent32.exe, &lt;a class=success&gt;Playback - {49} [SUCCESS] SetValueAsComboBox "Account Executive" - "[MSAA, VisibleOnly]ControlType='ComboBox'"  &lt; SetValueAsComboBox, set by clicking on the item in the list box &gt;
\0&lt;/a&gt;
W, 3248, 12, 2012/11/13, 08:42:08.370, 7570421370015, QTAgent32.exe, Playback - [WARNING] Internal warning: Incorrect flag set for InvokeProgrammaticAction\0
W, 3248, 12, 2012/11/13, 08:42:09.103, 7570431809163, QTAgent32.exe, &lt;a class=success&gt;Playback - {50} [SUCCESS] SetValueAsComboBox "Aerial Manufacturer" - "[MSAA, VisibleOnly]ControlType='ComboBox'"  &lt; SetValueAsComboBox, set by clicking on the item in the list box &gt;
\0&lt;/a&gt;
W, 3248, 12, 2012/11/13, 08:42:09.602, 7570438946487, QTAgent32.exe, &lt;a class=success&gt;Playback - {51} [SUCCESS] SetValueAsEditBox "151208" - "[MSAA, VisibleOnly]ControlType='Edit'"  &lt; Set via SendKeys &gt;
\0&lt;/a&gt;
W, 3248, 12, 2012/11/13, 08:42:11.350, 7570464062935, QTAgent32.exe, &lt;a class=success&gt;Playback - {52} [SUCCESS] MouseButtonClick - "[MSAA, VisibleOnly]ControlType='Button' &amp;&amp; Name='OK'"
\0&lt;/a&gt;
E, 3248, 12, 2012/11/13, 08:42:11.459, 7570465613580, QTAgent32.exe, Exception: System.ArgumentException
	Message: Value does not fall within the expected range.
	Stack Trace:    at Accessibility.IAccessible.get_accRole(Object varChild)
   at Microsoft.VisualStudio.TestTools.UITest.Extension.Msaa.AccWrapper.get_RoleInt()
	BaseExceptionMessage: Value does not fall within the expected range.

E, 3248, 12, 2012/11/13, 08:42:11.459, 7570465642449, QTAgent32.exe, Exception: System.ArgumentException
	Message: Value does not fall within the expected range.
	Stack Trace:    at Accessibility.IAccessible.get_accRole(Object varChild)
   at Microsoft.VisualStudio.TestTools.UITest.Extension.Msaa.AccWrapper.get_RoleInt()
	BaseExceptionMessage: Value does not fall within the expected range.

W, 3248, 12, 2012/11/13, 08:42:11.911, 7570472003035, QTAgent32.exe, &lt;a class=success&gt;Playback - {53} [SUCCESS] LeftButtonClick  &lt; Mouse cursor location (680, 395) &gt;
\0&lt;/a&gt;
W, 3248, 12, 2012/11/13, 08:42:12.270, 7570477143294, QTAgent32.exe, &lt;a class=success&gt;Playback - {54} [SUCCESS] SetValueAsEditBox "FORD"  &lt; Set via SendKeys &gt;
\0&lt;/a&gt;
W, 3248, 12, 2012/11/13, 08:42:12.270, 7570477145537, QTAgent32.exe, &lt;a class=success&gt;Playback - {55} [SUCCESS] SetValueAsComboBox "FORD" - "[MSAA, VisibleOnly]ControlType='ComboBox'"  &lt; Set via SetValueAsEditBox &gt;
\0&lt;/a&gt;
E, 3248, 12, 2012/11/13, 08:42:12.379, 7570478772292, QTAgent32.exe, Exception: System.ArgumentException
	Message: Value does not fall within the expected range.
	Stack Trace:    at Accessibility.IAccessible.get_accRole(Object varChild)
   at Microsoft.VisualStudio.TestTools.UITest.Extension.Msaa.AccWrapper.get_RoleInt()
	BaseExceptionMessage: Value does not fall within the expected range.

E, 3248, 12, 2012/11/13, 08:42:12.379, 7570478801291, QTAgent32.exe, Exception: System.ArgumentException
	Message: Value does not fall within the expected range.
	Stack Trace:    at Accessibility.IAccessible.get_accRole(Object varChild)
   at Microsoft.VisualStudio.TestTools.UITest.Extension.Msaa.AccWrapper.get_RoleInt()
	BaseExceptionMessage: Value does not fall within the expected range.

W, 3248, 12, 2012/11/13, 08:42:13.206, 7570490540733, QTAgent32.exe, &lt;a class=success&gt;Playback - {56} [SUCCESS] LeftButtonClick  &lt; Mouse cursor location (1040, 395) &gt;
\0&lt;/a&gt;
W, 3248, 12, 2012/11/13, 08:42:13.487, 7570494564931, QTAgent32.exe, &lt;a class=success&gt;Playback - {57} [SUCCESS] SetValueAsEditBox "KA"  &lt; Set via SendKeys &gt;
\0&lt;/a&gt;
W, 3248, 12, 2012/11/13, 08:42:13.487, 7570494566990, QTAgent32.exe, &lt;a class=success&gt;Playback - {58} [SUCCESS] SetValueAsComboBox "KA" - "[MSAA, VisibleOnly]ControlType='ComboBox'"  &lt; Set via SetValueAsEditBox &gt;
\0&lt;/a&gt;
W, 3248, 12, 2012/11/13, 08:42:14.205, 7570504905023, QTAgent32.exe, &lt;a class=success&gt;Playback - {59} [SUCCESS] MouseButtonClick - "[MSAA, VisibleOnly]ControlType='Button' &amp;&amp; Name='Filter'"
\0&lt;/a&gt;
W, 3248, 12, 2012/11/13, 08:42:14.735, 7570512480559, QTAgent32.exe, &lt;a class=success&gt;Playback - {60} [SUCCESS] MouseButtonClick - "[MSAA, VisibleOnly]ControlType='Button' &amp;&amp; Name='OK'"
\0&lt;/a&gt;
W, 3248, 12, 2012/11/13, 08:42:15.188, 7570518908617, QTAgent32.exe, &lt;a class=success&gt;Playback - {61} [SUCCESS] SendKeys "^{HOME}" - "[MSAA, VisibleOnly]ControlType='Edit'"
\0&lt;/a&gt;
E, 3248, 12, 2012/11/13, 08:42:15.188, 7570518911315, QTAgent32.exe, Msaa.GetFocusedElement: could not find accessible object of foreground window
W, 3248, 12, 2012/11/13, 08:42:15.281, 7570520247151, QTAgent32.exe, &lt;a class=success&gt;Playback - {62} [SUCCESS] SendKeys "^+{END}" - "[MSAA, VisibleOnly]ControlType='Edit'"
\0&lt;/a&gt;
E, 3248, 12, 2012/11/13, 08:42:15.281, 7570520249230, QTAgent32.exe, Msaa.GetFocusedElement: could not find accessible object of foreground window
W, 3248, 12, 2012/11/13, 08:42:15.297, 7570520470390, QTAgent32.exe, &lt;a class=success&gt;Playback - {63} [SUCCESS] SendKeys "{DELETE}" - "[MSAA, VisibleOnly]ControlType='Edit'"
\0&lt;/a&gt;
W, 3248, 12, 2012/11/13, 08:42:15.562, 7570524276730, QTAgent32.exe, &lt;a class=success&gt;Playback - {64} [SUCCESS] SetValueAsEditBox "123434" - "[MSAA, VisibleOnly]ControlType='Edit'"  &lt; Set via SendKeys &gt;
\0&lt;/a&gt;
W, 3248, 12, 2012/11/13, 08:42:15.827, 7570528065707, QTAgent32.exe, &lt;a class=success&gt;Playback - {65} [SUCCESS] SendKeys "^{HOME}" - "[MSAA, VisibleOnly]ControlType='Edit'"
\0&lt;/a&gt;
E, 3248, 12, 2012/11/13, 08:42:15.827, 7570528068391, QTAgent32.exe, Msaa.GetFocusedElement: could not find accessible object of foreground window
W, 3248, 12, 2012/11/13, 08:42:15.921, 7570529404478, QTAgent32.exe, &lt;a class=success&gt;Playback - {66} [SUCCESS] SendKeys "^+{END}" - "[MSAA, VisibleOnly]ControlType='Edit'"
\0&lt;/a&gt;
E, 3248, 12, 2012/11/13, 08:42:15.921, 7570529407081, QTAgent32.exe, Msaa.GetFocusedElement: could not find accessible object of foreground window
W, 3248, 12, 2012/11/13, 08:42:15.936, 7570529634158, QTAgent32.exe, &lt;a class=success&gt;Playback - {67} [SUCCESS] SendKeys "{DELETE}" - "[MSAA, VisibleOnly]ControlType='Edit'"
\0&lt;/a&gt;
W, 3248, 12, 2012/11/13, 08:42:16.139, 7570532536528, QTAgent32.exe, &lt;a class=success&gt;Playback - {68} [SUCCESS] SetValueAsEditBox "1000" - "[MSAA, VisibleOnly]ControlType='Edit'"  &lt; Set via SendKeys &gt;
\0&lt;/a&gt;
W, 3248, 12, 2012/11/13, 08:42:16.436, 7570536776639, QTAgent32.exe, &lt;a class=success&gt;Playback - {69} [SUCCESS] SendKeys "^{HOME}" - "[MSAA, VisibleOnly]ControlType='Edit'"
\0&lt;/a&gt;
E, 3248, 12, 2012/11/13, 08:42:16.436, 7570536779337, QTAgent32.exe, Msaa.GetFocusedElement: could not find accessible object of foreground window
W, 3248, 12, 2012/11/13, 08:42:16.529, 7570538116388, QTAgent32.exe, &lt;a class=success&gt;Playback - {70} [SUCCESS] SendKeys "^+{END}" - "[MSAA, VisibleOnly]ControlType='Edit'"
\0&lt;/a&gt;
E, 3248, 12, 2012/11/13, 08:42:16.529, 7570538118807, QTAgent32.exe, Msaa.GetFocusedElement: could not find accessible object of foreground window
W, 3248, 12, 2012/11/13, 08:42:16.545, 7570538341574, QTAgent32.exe, &lt;a class=success&gt;Playback - {71} [SUCCESS] SendKeys "{DELETE}" - "[MSAA, VisibleOnly]ControlType='Edit'"
\0&lt;/a&gt;
W, 3248, 12, 2012/11/13, 08:42:16.888, 7570543258400, QTAgent32.exe, &lt;a class=success&gt;Playback - {72} [SUCCESS] SetValueAsEditBox "20/11/12" - "[MSAA, VisibleOnly]ControlType='Edit'"  &lt; Set via SendKeys &gt;
\0&lt;/a&gt;
W, 3248, 12, 2012/11/13, 08:42:17.372, 7570550182031, QTAgent32.exe, &lt;a class=success&gt;Playback - {73} [SUCCESS] MouseButtonClick - "[MSAA, VisibleOnly]ControlType='Button' &amp;&amp; Name='Calculate Quote'"
\0&lt;/a&gt;
W, 3248, 12, 2012/11/13, 08:42:17.824, 7570556749380, QTAgent32.exe, &lt;a class=success&gt;Playback - {74} [SUCCESS] MouseButtonClick - "[MSAA, VisibleOnly]ControlType='Button' &amp;&amp; Name='Cancel'"
\0&lt;/a&gt;
W, 3248, 12, 2012/11/13, 08:42:18.292, 7570563450528, QTAgent32.exe, &lt;a class=success&gt;Playback - {75} [SUCCESS] MouseButtonClick - "[MSAA, VisibleOnly]ControlType='Button' &amp;&amp; Name='No'"
\0&lt;/a&gt;
W, 3248, 12, 2012/11/13, 08:42:27.778, 7570699160069, QTAgent32.exe, PERF WARNING: FindTopLevelWindowHelper::FindAllDescendents: took 9375 ms. Expected it to take maximum 500 ms.
W, 3248, 12, 2012/11/13, 08:42:28.105, 7570703855453, QTAgent32.exe, &lt;a class=success&gt;Playback - {76} [SUCCESS] MouseButtonClick - "[MSAA, VisibleOnly]ControlType='Client'"
\0&lt;/a&gt;
W, 3248, 12, 2012/11/13, 08:42:29.650, 7570725977904, QTAgent32.exe, &lt;a class=success&gt;Playback - {77} [SUCCESS] SendKeys "{Home}" - "[MSAA, VisibleOnly]ControlType='Client'"
\0&lt;/a&gt;
W, 3248, 12, 2012/11/13, 08:42:33.394, 7570779577166, QTAgent32.exe, &lt;a class=success&gt;Playback - {78} [SUCCESS] MouseButtonClick - "[MSAA, VisibleOnly]ControlType='Button' &amp;&amp; Name='Accept'"
\0&lt;/a&gt;
W, 3248, 12, 2012/11/13, 08:42:33.909, 7570787058438, QTAgent32.exe, &lt;a class=success&gt;Playback - {79} [SUCCESS] MouseButtonClick - "[MSAA, VisibleOnly]ControlType='Button' &amp;&amp; Name='Yes'"
\0&lt;/a&gt;
W, 3248, 12, 2012/11/13, 08:42:34.408, 7570794188172, QTAgent32.exe, &lt;a class=success&gt;Playback - {80} [SUCCESS] MouseButtonClick - "[MSAA, VisibleOnly]ControlType='Button' &amp;&amp; Name='Ok'"
\0&lt;/a&gt;
W, 3248, 12, 2012/11/13, 08:42:34.814, 7570799918915, QTAgent32.exe, &lt;a class=success&gt;Playback - {81} [SUCCESS] MouseButtonClick - "[MSAA, VisibleOnly]ControlType='Button' &amp;&amp; Name='Ok'"
\0&lt;/a&gt;
W, 3248, 12, 2012/11/13, 08:42:35.547, 7570810413788, QTAgent32.exe, &lt;a class=success&gt;Playback - {82} [SUCCESS] MouseButtonClick - "[MSAA, VisibleOnly]ControlType='Button' &amp;&amp; Name='Confirm'"
\0&lt;/a&gt;
W, 3248, 12, 2012/11/13, 08:42:59.947, 7571159746685, QTAgent32.exe, Playback - [WARNING] Internal warning: Window Not Found: [VisibleOnly]ControlType='Window' &amp;&amp; Name='Save the file as' &amp;&amp; ClassName='#32770'
\0
E, 3248, 12, 2012/11/13, 08:42:59.947, 7571159749824, QTAgent32.exe, &lt;a class=failure&gt;Playback - {83} [FAILED] Function ElementFetcher::FindScreenElement failed to locate UI element (Searching: ;[VisibleOnly]ControlType='Window' &amp;&amp; Name='Save the file as' &amp;&amp; ClassName='#32770') (The object specified was not found.)
\0&lt;/a&gt;
E, 3248, 12, 2012/11/13, 08:43:00.025, 7571161014553, QTAgent32.exe, Playback - [IMAGE] C:\Users\peter.zenin-ad\AppData\Local\Temp\UITestLogs\LastRun\RPF273A.png
\0
W, 3248, 12, 2012/11/13, 08:43:00.025, 7571161016718, QTAgent32.exe, Playback - [WARNING] Internal warning: Couldn't find descendants that match QueryId
\0
W, 3248, 12, 2012/11/13, 08:43:00.025, 7571161019701, QTAgent32.exe, PERF WARNING: FindTopLevelWindowHelper::FindAllDescendents: took 24378 ms. Expected it to take maximum 500 ms.
W, 3248, 12, 2012/11/13, 08:43:18.293, 7571422421968, QTAgent32.exe, Playback - [WARNING] Internal warning: Window Not Found: [VisibleOnly]ControlType='Window' &amp;&amp; Name='Save the file as' &amp;&amp; ClassName='#32770'
\0
E, 3248, 12, 2012/11/13, 08:43:18.293, 7571422424718, QTAgent32.exe, &lt;a class=failure&gt;Playback - {84} [FAILED] Function ElementFetcher::FindScreenElement failed to locate UI element (Searching: ;[VisibleOnly]ControlType='Window' &amp;&amp; Name='Save the file as' &amp;&amp; ClassName='#32770') (The object specified was not found.)
\0&lt;/a&gt;
E, 3248, 12, 2012/11/13, 08:43:18.371, 7571423679505, QTAgent32.exe, Playback - [IMAGE] C:\Users\peter.zenin-ad\AppData\Local\Temp\UITestLogs\LastRun\RPF6EE5.png
\0
W, 3248, 12, 2012/11/13, 08:43:18.371, 7571423681638, QTAgent32.exe, Playback - [WARNING] Internal warning: Couldn't find descendants that match QueryId
\0
W, 3248, 12, 2012/11/13, 08:43:18.371, 7571423684569, QTAgent32.exe, PERF WARNING: FindTopLevelWindowHelper::FindAllDescendents: took 18344 ms. Expected it to take maximum 500 ms.
W, 3248, 12, 2012/11/13, 08:43:21.538, 7571468884300, QTAgent32.exe, Playback - [WARNING] Internal warning: Smart Match failed
\0
W, 3248, 12, 2012/11/13, 08:43:22.989, 7571489658566, QTAgent32.exe, Playback - [WARNING] Internal warning: Window Not Found: [VisibleOnly]ControlType='Window' &amp;&amp; Name='Save the file as' &amp;&amp; ClassName='#32770'
\0
E, 3248, 12, 2012/11/13, 08:43:22.989, 7571489661468, QTAgent32.exe, &lt;a class=failure&gt;Playback - {85} [FAILED] Function ElementFetcher::FindScreenElement failed to locate UI element (Searching: ;[VisibleOnly]ControlType='Window' &amp;&amp; Name='Save the file as' &amp;&amp; ClassName='#32770') (The object specified was not found.)
\0&lt;/a&gt;
E, 3248, 12, 2012/11/13, 08:43:23.067, 7571490933277, QTAgent32.exe, Playback - [IMAGE] C:\Users\peter.zenin-ad\AppData\Local\Temp\UITestLogs\LastRun\RPF813D.png
\0
W, 3248, 12, 2012/11/13, 08:43:23.067, 7571490935568, QTAgent32.exe, Playback - [WARNING] Internal warning: Couldn't find descendants that match QueryId
\0
W, 3248, 12, 2012/11/13, 08:43:23.067, 7571490938518, QTAgent32.exe, PERF WARNING: FindTopLevelWindowHelper::FindAllDescendents: took 4696 ms. Expected it to take maximum 500 ms.
E, 3248, 12, 2012/11/13, 08:43:23.067, 7571490940324, QTAgent32.exe, Exception: System.Runtime.InteropServices.COMException
	Message: Error HRESULT E_FAIL has been returned from a call to a COM component.
	Stack Trace:    at Microsoft.VisualStudio.TestTools.UITest.Playback.Engine.IRPFPlayback.FindAllScreenElements(IScreenElement pScreenElementStart, String bstrQueryId, Object&amp; pvarResKeys, Int32 cResKeys, Int32 nMaxDepth, Object[]&amp; foundDescendants)
   at Microsoft.VisualStudio.TestTools.UITest.Playback.ScreenElement.FindTopLevelWindowHelper(String queryId)
	BaseExceptionMessage: Error HRESULT E_FAIL has been returned from a call to a COM component.

E, 3248, 12, 2012/11/13, 08:43:23.208, 7571492781695, QTAgent32.exe, AL: Playback Error: Microsoft.VisualStudio.TestTools.UITest.Extension.UITestControlNotFoundException: The playback failed to find the control with the given search properties. Additional Details: 
TechnologyName:  'MSAA'
ControlType:  'Window'
Name:  'Save the file as'
ClassName:  '#32770'
 ---&gt; System.Runtime.InteropServices.COMException: Error HRESULT E_FAIL has been returned from a call to a COM component.
   at Microsoft.VisualStudio.TestTools.UITest.Playback.Engine.IRPFPlayback.FindAllScreenElements(IScreenElement pScreenElementStart, String bstrQueryId, Object&amp; pvarResKeys, Int32 cResKeys, Int32 nMaxDepth, Object[]&amp; foundDescendants)
   at Microsoft.VisualStudio.TestTools.UITest.Playback.ScreenElement.FindTopLevelWindowHelper(String queryId)
   at Microsoft.VisualStudio.TestTools.UITest.Playback.ScreenElement.FindFromPartialQueryId(String queryId)
   at Microsoft.VisualStudio.TestTools.UITesting.UITestControl..ctor(String queryId)
   --- End of inner exception stack trace ---
   at Microsoft.VisualStudio.TestTools.UITesting.Playback.MapControlNotFoundException(COMException ex, IPlaybackContext context)
   at Microsoft.VisualStudio.TestTools.UITesting.Playback.MapAndThrowComException(COMException innerException, IPlaybackContext context)
   at Microsoft.VisualStudio.TestTools.UITesting.Playback.MapAndThrowException(SystemException exception, IPlaybackContext context)
   at Microsoft.VisualStudio.TestTools.UITesting.Playback.MapAndThrowException(SystemException exception, String queryId)
   at Microsoft.VisualStudio.TestTools.UITesting.UITestControl..ctor(String queryId)
   at Microsoft.VisualStudio.TestTools.UITesting.SearchHelper.SearchTopLevelWindow(ISearchArgument topLevelSearchArg, String topLevelElementQueryId)
   at Microsoft.VisualStudio.TestTools.UITesting.SearchHelper.GetTitleUpdatedTopLevelWindow(ISearchArgument topLevelSearchArg, String queryId, IList`1 windowTitles)
   at Microsoft.VisualStudio.TestTools.UITesting.SearchHelper.GetTopLevelElement(Boolean useCache, Boolean useCacheOnly, ISearchArgument searchArg, IList`1 windowTitles, Int32&amp; timeLeft)
   at Microsoft.VisualStudio.TestTools.UITesting.SearchHelper.GetElement(Boolean useCache, ISearchArgument searchArg)
   at Microsoft.VisualStudio.TestTools.UITesting.SearchHelper.Search(ISearchArgument searchArg)
   at Microsoft.VisualStudio.TestTools.UITesting.UITestControl.FindInternal()
   at Microsoft.VisualStudio.TestTools.UITesting.UITestControl.FindControlIfNecessary()
   at Microsoft.VisualStudio.TestTools.UITesting.UITestControl.Click(MouseButtons button, ModifierKeys modifierKeys, Point relativeCoordinates)
   at Microsoft.VisualStudio.TestTools.UITesting.Mouse.ClickImplementation(UITestControl control, MouseButtons button, ModifierKeys modifierKeys, Point relativeCoordinate)
   at Microsoft.VisualStudio.TestTools.UITesting.Mouse.ClickImplementationWrapper(UITestControl control, MouseButtons button, ModifierKeys modifierKeys, Point relativeCoordinate)
W, 3248, 12, 2012/11/13, 08:43:23.208, 7571492783803, QTAgent32.exe, PlaybackErrorHandler: Ignoring exception as ContinueOnError is set.
W, 3248, 12, 2012/11/13, 08:43:23.535, 7571497471391, QTAgent32.exe, &lt;a class=success&gt;Playback - {86} [SUCCESS] Check - "[MSAA, VisibleOnly]ControlType='CheckBox' &amp;&amp; Name='Defer Printing?'"
\0&lt;/a&gt;
W, 3248, 12, 2012/11/13, 08:43:24.237, 7571507550739, QTAgent32.exe, &lt;a class=success&gt;Playback - {87} [SUCCESS] MouseButtonClick - "[MSAA, VisibleOnly]ControlType='Button' &amp;&amp; Name='Ok'"
\0&lt;/a&gt;
W, 3248, 12, 2012/11/13, 08:43:25.860, 7571530743734, QTAgent32.exe, PERF WARNING: FindTopLevelWindowHelper::FindAllDescendents: took 1512 ms. Expected it to take maximum 500 ms.
W, 3248, 12, 2012/11/13, 08:43:26.203, 7571535664938, QTAgent32.exe, &lt;a class=success&gt;Playback - {88} [SUCCESS] Uncheck - "[MSAA, VisibleOnly]ControlType='CheckBox' &amp;&amp; Name='Add Activity'"
\0&lt;/a&gt;
W, 3248, 12, 2012/11/13, 08:43:29.261, 7571579604261, QTAgent32.exe, &lt;a class=success&gt;Playback - {89} [SUCCESS] MouseButtonClick - "[MSAA, VisibleOnly]ControlType='Button' &amp;&amp; Name='Ok'"
\0&lt;/a&gt;
W, 3248, 12, 2012/11/13, 08:43:29.697, 7571585823345, QTAgent32.exe, &lt;a class=success&gt;Playback - {90} [SUCCESS] MouseButtonClick - "[MSAA, VisibleOnly]ControlType='Button' &amp;&amp; Name='Ok'"
\0&lt;/a&gt;
W, 3248, 12, 2012/11/13, 08:43:39.417, 7571724865432, QTAgent32.exe, PERF WARNING: FindTopLevelWindowHelper::FindAllDescendents: took 9470 ms. Expected it to take maximum 500 ms.
W, 3248, 12, 2012/11/13, 08:43:41.710, 7571757683376, QTAgent32.exe, &lt;a class=success&gt;Playback - {91} [SUCCESS] MouseButtonClick - "[MSAA, VisibleOnly]ControlType='Button' &amp;&amp; Name='OK'"
\0&lt;/a&gt;
W, 3248, 12, 2012/11/13, 08:43:42.163, 7571764230639, QTAgent32.exe, &lt;a class=success&gt;Playback - {92} [SUCCESS] MouseButtonClick - "[MSAA, VisibleOnly]ControlType='Button' &amp;&amp; Name='Cancel'"
\0&lt;/a&gt;
W, 3248, 12, 2012/11/13, 08:43:42.693, 7571771826388, QTAgent32.exe, &lt;a class=success&gt;Playback - {93} [SUCCESS] MouseButtonClick - "[MSAA, VisibleOnly]ControlType='Button'"
\0&lt;/a&gt;
W, 3248, 12, 2012/11/13, 08:43:43.301, 7571780543348, QTAgent32.exe, &lt;a class=success&gt;Playback - {94} [SUCCESS] MouseButtonClick - "[MSAA, VisibleOnly]ControlType='Button' &amp;&amp; Name='Detail'"
\0&lt;/a&gt;
E, 3248, 12, 2012/11/13, 08:43:43.957, 7571789999711, QTAgent32.exe, IEDOM : Could not get valid window handle of Internet Explorer_server
W, 3248, 12, 2012/11/13, 08:43:43.957, 7571790000973, QTAgent32.exe, IEDOM : Unable to get the document Window Handle
E, 3248, 12, 2012/11/13, 08:43:45.969, 7571818679201, QTAgent32.exe, IEDOM : Could not get valid window handle of Internet Explorer_server
W, 3248, 12, 2012/11/13, 08:43:45.969, 7571818680887, QTAgent32.exe, IEDOM : Unable to get the document Window Handle
E, 3248, 12, 2012/11/13, 08:43:47.982, 7571847487346, QTAgent32.exe, IEDOM : Could not get valid window handle of Internet Explorer_server
W, 3248, 12, 2012/11/13, 08:43:47.982, 7571847488890, QTAgent32.exe, IEDOM : Unable to get the document Window Handle
E, 3248, 12, 2012/11/13, 08:43:49.994, 7571876298246, QTAgent32.exe, IEDOM : Could not get valid window handle of Internet Explorer_server
W, 3248, 12, 2012/11/13, 08:43:49.994, 7571876299857, QTAgent32.exe, IEDOM : Unable to get the document Window Handle
E, 3248, 12, 2012/11/13, 08:43:52.007, 7571905113771, QTAgent32.exe, IEDOM : Could not get valid window handle of Internet Explorer_server
W, 3248, 12, 2012/11/13, 08:43:52.007, 7571905115377, QTAgent32.exe, IEDOM : Unable to get the document Window Handle
E, 3248, 12, 2012/11/13, 08:43:54.019, 7571933926747, QTAgent32.exe, IEDOM : Could not get valid window handle of Internet Explorer_server
W, 3248, 12, 2012/11/13, 08:43:54.019, 7571933928491, QTAgent32.exe, IEDOM : Unable to get the document Window Handle
E, 3248, 12, 2012/11/13, 08:43:56.032, 7571962760347, QTAgent32.exe, IEDOM : Could not get valid window handle of Internet Explorer_server
W, 3248, 12, 2012/11/13, 08:43:56.032, 7571962761938, QTAgent32.exe, IEDOM : Unable to get the document Window Handle
E, 3248, 12, 2012/11/13, 08:43:58.044, 7571991554417, QTAgent32.exe, IEDOM : Could not get valid window handle of Internet Explorer_server
W, 3248, 12, 2012/11/13, 08:43:58.044, 7571991555967, QTAgent32.exe, IEDOM : Unable to get the document Window Handle
E, 3248, 12, 2012/11/13, 08:44:00.057, 7572020368205, QTAgent32.exe, IEDOM : Could not get valid window handle of Internet Explorer_server
W, 3248, 12, 2012/11/13, 08:44:00.057, 7572020369847, QTAgent32.exe, IEDOM : Unable to get the document Window Handle
E, 3248, 12, 2012/11/13, 08:44:02.069, 7572049182772, QTAgent32.exe, IEDOM : Could not get valid window handle of Internet Explorer_server
W, 3248, 12, 2012/11/13, 08:44:02.069, 7572049184422, QTAgent32.exe, IEDOM : Unable to get the document Window Handle
E, 3248, 12, 2012/11/13, 08:44:04.082, 7572077996235, QTAgent32.exe, IEDOM : Could not get valid window handle of Internet Explorer_server
W, 3248, 12, 2012/11/13, 08:44:04.082, 7572077997895, QTAgent32.exe, IEDOM : Unable to get the document Window Handle
E, 3248, 12, 2012/11/13, 08:44:06.094, 7572106810501, QTAgent32.exe, IEDOM : Could not get valid window handle of Internet Explorer_server
W, 3248, 12, 2012/11/13, 08:44:06.094, 7572106812133, QTAgent32.exe, IEDOM : Unable to get the document Window Handle
E, 3248, 12, 2012/11/13, 08:44:08.107, 7572135624422, QTAgent32.exe, IEDOM : Could not get valid window handle of Internet Explorer_server
W, 3248, 12, 2012/11/13, 08:44:08.107, 7572135625926, QTAgent32.exe, IEDOM : Unable to get the document Window Handle
E, 3248, 12, 2012/11/13, 08:44:10.119, 7572164439124, QTAgent32.exe, IEDOM : Could not get valid window handle of Internet Explorer_server
W, 3248, 12, 2012/11/13, 08:44:10.119, 7572164440823, QTAgent32.exe, IEDOM : Unable to get the document Window Handle
E, 3248, 12, 2012/11/13, 08:44:12.132, 7572193259284, QTAgent32.exe, IEDOM : Could not get valid window handle of Internet Explorer_server
W, 3248, 12, 2012/11/13, 08:44:12.132, 7572193260744, QTAgent32.exe, IEDOM : Unable to get the document Window Handle
E, 3248, 12, 2012/11/13, 08:44:14.144, 7572222065188, QTAgent32.exe, IEDOM : Could not get valid window handle of Internet Explorer_server
W, 3248, 12, 2012/11/13, 08:44:14.144, 7572222066923, QTAgent32.exe, IEDOM : Unable to get the document Window Handle
W, 3248, 12, 2012/11/13, 08:44:16.157, 7572250882061, QTAgent32.exe, AL : IEBrowserService : Performing an extended retry
E, 3248, 12, 2012/11/13, 08:44:16.157, 7572250894112, QTAgent32.exe, IEDOM : Could not get valid window handle of Internet Explorer_server
W, 3248, 12, 2012/11/13, 08:44:16.157, 7572250894955, QTAgent32.exe, IEDOM : Unable to get the document Window Handle
E, 3248, 12, 2012/11/13, 08:44:18.169, 7572279695489, QTAgent32.exe, IEDOM : Could not get valid window handle of Internet Explorer_server
W, 3248, 12, 2012/11/13, 08:44:18.169, 7572279697121, QTAgent32.exe, IEDOM : Unable to get the document Window Handle
E, 3248, 12, 2012/11/13, 08:44:20.182, 7572308506578, QTAgent32.exe, IEDOM : Could not get valid window handle of Internet Explorer_server
W, 3248, 12, 2012/11/13, 08:44:20.182, 7572308508305, QTAgent32.exe, IEDOM : Unable to get the document Window Handle
E, 3248, 12, 2012/11/13, 08:44:22.195, 7572337326507, QTAgent32.exe, IEDOM : Could not get valid window handle of Internet Explorer_server
W, 3248, 12, 2012/11/13, 08:44:22.195, 7572337328040, QTAgent32.exe, IEDOM : Unable to get the document Window Handle
E, 3248, 12, 2012/11/13, 08:44:24.207, 7572366136068, QTAgent32.exe, IEDOM : Could not get valid window handle of Internet Explorer_server
W, 3248, 12, 2012/11/13, 08:44:24.207, 7572366137625, QTAgent32.exe, IEDOM : Unable to get the document Window Handle
E, 3248, 12, 2012/11/13, 08:44:26.220, 7572394949333, QTAgent32.exe, IEDOM : Could not get valid window handle of Internet Explorer_server
W, 3248, 12, 2012/11/13, 08:44:26.220, 7572394950973, QTAgent32.exe, IEDOM : Unable to get the document Window Handle
E, 3248, 12, 2012/11/13, 08:44:28.232, 7572423763218, QTAgent32.exe, IEDOM : Could not get valid window handle of Internet Explorer_server
W, 3248, 12, 2012/11/13, 08:44:28.232, 7572423764770, QTAgent32.exe, IEDOM : Unable to get the document Window Handle
E, 3248, 12, 2012/11/13, 08:44:30.245, 7572452584139, QTAgent32.exe, IEDOM : Could not get valid window handle of Internet Explorer_server
W, 3248, 12, 2012/11/13, 08:44:30.245, 7572452585746, QTAgent32.exe, IEDOM : Unable to get the document Window Handle
E, 3248, 12, 2012/11/13, 08:44:32.257, 7572481390728, QTAgent32.exe, IEDOM : Could not get valid window handle of Internet Explorer_server
W, 3248, 12, 2012/11/13, 08:44:32.257, 7572481392352, QTAgent32.exe, IEDOM : Unable to get the document Window Handle
E, 3248, 12, 2012/11/13, 08:44:34.270, 7572510206034, QTAgent32.exe, IEDOM : Could not get valid window handle of Internet Explorer_server
W, 3248, 12, 2012/11/13, 08:44:34.270, 7572510207644, QTAgent32.exe, IEDOM : Unable to get the document Window Handle
E, 3248, 12, 2012/11/13, 08:44:36.282, 7572539019176, QTAgent32.exe, IEDOM : Could not get valid window handle of Internet Explorer_server
W, 3248, 12, 2012/11/13, 08:44:36.282, 7572539020839, QTAgent32.exe, IEDOM : Unable to get the document Window Handle
E, 3248, 12, 2012/11/13, 08:44:38.295, 7572567832051, QTAgent32.exe, IEDOM : Could not get valid window handle of Internet Explorer_server
W, 3248, 12, 2012/11/13, 08:44:38.295, 7572567833655, QTAgent32.exe, IEDOM : Unable to get the document Window Handle
E, 3248, 12, 2012/11/13, 08:44:40.307, 7572596646381, QTAgent32.exe, IEDOM : Could not get valid window handle of Internet Explorer_server
W, 3248, 12, 2012/11/13, 08:44:40.307, 7572596648005, QTAgent32.exe, IEDOM : Unable to get the document Window Handle
E, 3248, 12, 2012/11/13, 08:44:42.320, 7572625463427, QTAgent32.exe, IEDOM : Could not get valid window handle of Internet Explorer_server
W, 3248, 12, 2012/11/13, 08:44:42.320, 7572625465164, QTAgent32.exe, IEDOM : Unable to get the document Window Handle
E, 3248, 12, 2012/11/13, 08:44:44.332, 7572654338727, QTAgent32.exe, IEDOM : Could not get valid window handle of Internet Explorer_server
W, 3248, 12, 2012/11/13, 08:44:44.332, 7572654340098, QTAgent32.exe, IEDOM : Unable to get the document Window Handle
E, 3248, 12, 2012/11/13, 08:44:46.345, 7572683096395, QTAgent32.exe, IEDOM : Could not get valid window handle of Internet Explorer_server
W, 3248, 12, 2012/11/13, 08:44:46.345, 7572683098034, QTAgent32.exe, IEDOM : Unable to get the document Window Handle
E, 3248, 12, 2012/11/13, 08:44:48.357, 7572711901464, QTAgent32.exe, IEDOM : Could not get valid window handle of Internet Explorer_server
W, 3248, 12, 2012/11/13, 08:44:48.357, 7572711903095, QTAgent32.exe, IEDOM : Unable to get the document Window Handle
E, 3248, 12, 2012/11/13, 08:44:50.370, 7572740718313, QTAgent32.exe, IEDOM : Could not get valid window handle of Internet Explorer_server
W, 3248, 12, 2012/11/13, 08:44:50.370, 7572740719952, QTAgent32.exe, IEDOM : Unable to get the document Window Handle
E, 3248, 12, 2012/11/13, 08:44:52.382, 7572769530181, QTAgent32.exe, IEDOM : Could not get valid window handle of Internet Explorer_server
W, 3248, 12, 2012/11/13, 08:44:52.382, 7572769531907, QTAgent32.exe, IEDOM : Unable to get the document Window Handle
E, 3248, 12, 2012/11/13, 08:44:54.395, 7572798345628, QTAgent32.exe, IEDOM : Could not get valid window handle of Internet Explorer_server
W, 3248, 12, 2012/11/13, 08:44:54.395, 7572798347298, QTAgent32.exe, IEDOM : Unable to get the document Window Handle
E, 3248, 12, 2012/11/13, 08:44:56.407, 7572827157619, QTAgent32.exe, IEDOM : Could not get valid window handle of Internet Explorer_server
W, 3248, 12, 2012/11/13, 08:44:56.407, 7572827159245, QTAgent32.exe, IEDOM : Unable to get the document Window Handle
E, 3248, 12, 2012/11/13, 08:44:58.420, 7572855980395, QTAgent32.exe, IEDOM : Could not get valid window handle of Internet Explorer_server
W, 3248, 12, 2012/11/13, 08:44:58.420, 7572855981996, QTAgent32.exe, IEDOM : Unable to get the document Window Handle
E, 3248, 12, 2012/11/13, 08:45:00.432, 7572884788405, QTAgent32.exe, IEDOM : Could not get valid window handle of Internet Explorer_server
W, 3248, 12, 2012/11/13, 08:45:00.432, 7572884790071, QTAgent32.exe, IEDOM : Unable to get the document Window Handle
E, 3248, 12, 2012/11/13, 08:45:02.445, 7572913620288, QTAgent32.exe, IEDOM : Could not get valid window handle of Internet Explorer_server
W, 3248, 12, 2012/11/13, 08:45:02.445, 7572913621867, QTAgent32.exe, IEDOM : Unable to get the document Window Handle
E, 3248, 12, 2012/11/13, 08:45:04.457, 7572942414825, QTAgent32.exe, IEDOM : Could not get valid window handle of Internet Explorer_server
W, 3248, 12, 2012/11/13, 08:45:04.457, 7572942416482, QTAgent32.exe, IEDOM : Unable to get the document Window Handle
E, 3248, 12, 2012/11/13, 08:45:06.485, 7572971450463, QTAgent32.exe, IEDOM : Could not get valid window handle of Internet Explorer_server
W, 3248, 12, 2012/11/13, 08:45:06.485, 7572971452087, QTAgent32.exe, IEDOM : Unable to get the document Window Handle
E, 3248, 12, 2012/11/13, 08:45:08.498, 7573000265410, QTAgent32.exe, IEDOM : Could not get valid window handle of Internet Explorer_server
W, 3248, 12, 2012/11/13, 08:45:08.498, 7573000266930, QTAgent32.exe, IEDOM : Unable to get the document Window Handle
E, 3248, 12, 2012/11/13, 08:45:10.511, 7573029079321, QTAgent32.exe, IEDOM : Could not get valid window handle of Internet Explorer_server
W, 3248, 12, 2012/11/13, 08:45:10.511, 7573029080958, QTAgent32.exe, IEDOM : Unable to get the document Window Handle
E, 3248, 12, 2012/11/13, 08:45:12.523, 7573057894282, QTAgent32.exe, IEDOM : Could not get valid window handle of Internet Explorer_server
W, 3248, 12, 2012/11/13, 08:45:12.523, 7573057895957, QTAgent32.exe, IEDOM : Unable to get the document Window Handle
E, 3248, 12, 2012/11/13, 08:45:14.536, 7573086709492, QTAgent32.exe, IEDOM : Could not get valid window handle of Internet Explorer_server
W, 3248, 12, 2012/11/13, 08:45:14.536, 7573086711162, QTAgent32.exe, IEDOM : Unable to get the document Window Handle
E, 3248, 12, 2012/11/13, 08:45:16.548, 7573115522257, QTAgent32.exe, IEDOM : Could not get valid window handle of Internet Explorer_server
W, 3248, 12, 2012/11/13, 08:45:16.548, 7573115523881, QTAgent32.exe, IEDOM : Unable to get the document Window Handle
E, 3248, 12, 2012/11/13, 08:45:18.561, 7573144337691, QTAgent32.exe, IEDOM : Could not get valid window handle of Internet Explorer_server
W, 3248, 12, 2012/11/13, 08:45:18.561, 7573144339244, QTAgent32.exe, IEDOM : Unable to get the document Window Handle
E, 3248, 12, 2012/11/13, 08:45:20.573, 7573173155752, QTAgent32.exe, IEDOM : Could not get valid window handle of Internet Explorer_server
W, 3248, 12, 2012/11/13, 08:45:20.573, 7573173157249, QTAgent32.exe, IEDOM : Unable to get the document Window Handle
E, 3248, 12, 2012/11/13, 08:45:22.586, 7573201963393, QTAgent32.exe, IEDOM : Could not get valid window handle of Internet Explorer_server
W, 3248, 12, 2012/11/13, 08:45:22.586, 7573201965067, QTAgent32.exe, IEDOM : Unable to get the document Window Handle
E, 3248, 12, 2012/11/13, 08:45:24.598, 7573230777913, QTAgent32.exe, IEDOM : Could not get valid window handle of Internet Explorer_server
W, 3248, 12, 2012/11/13, 08:45:24.598, 7573230779624, QTAgent32.exe, IEDOM : Unable to get the document Window Handle
E, 3248, 12, 2012/11/13, 08:45:26.611, 7573259591368, QTAgent32.exe, IEDOM : Could not get valid window handle of Internet Explorer_server
W, 3248, 12, 2012/11/13, 08:45:26.611, 7573259593005, QTAgent32.exe, IEDOM : Unable to get the document Window Handle
E, 3248, 12, 2012/11/13, 08:45:28.623, 7573288406512, QTAgent32.exe, IEDOM : Could not get valid window handle of Internet Explorer_server
W, 3248, 12, 2012/11/13, 08:45:28.623, 7573288408119, QTAgent32.exe, IEDOM : Unable to get the document Window Handle
E, 3248, 12, 2012/11/13, 08:45:30.636, 7573317218770, QTAgent32.exe, IEDOM : Could not get valid window handle of Internet Explorer_server
W, 3248, 12, 2012/11/13, 08:45:30.636, 7573317220454, QTAgent32.exe, IEDOM : Unable to get the document Window Handle
E, 3248, 12, 2012/11/13, 08:45:32.648, 7573346033930, QTAgent32.exe, IEDOM : Could not get valid window handle of Internet Explorer_server
W, 3248, 12, 2012/11/13, 08:45:32.648, 7573346035598, QTAgent32.exe, IEDOM : Unable to get the document Window Handle
E, 3248, 12, 2012/11/13, 08:45:34.661, 7573374847682, QTAgent32.exe, IEDOM : Could not get valid window handle of Internet Explorer_server
W, 3248, 12, 2012/11/13, 08:45:34.661, 7573374849265, QTAgent32.exe, IEDOM : Unable to get the document Window Handle
E, 3248, 12, 2012/11/13, 08:45:36.673, 7573403668139, QTAgent32.exe, IEDOM : Could not get valid window handle of Internet Explorer_server
W, 3248, 12, 2012/11/13, 08:45:36.673, 7573403669789, QTAgent32.exe, IEDOM : Unable to get the document Window Handle
E, 3248, 12, 2012/11/13, 08:45:38.686, 7573432474139, QTAgent32.exe, IEDOM : Could not get valid window handle of Internet Explorer_server
W, 3248, 12, 2012/11/13, 08:45:38.686, 7573432475851, QTAgent32.exe, IEDOM : Unable to get the document Window Handle
E, 3248, 12, 2012/11/13, 08:45:40.698, 7573461287979, QTAgent32.exe, IEDOM : Could not get valid window handle of Internet Explorer_server
W, 3248, 12, 2012/11/13, 08:45:40.698, 7573461289801, QTAgent32.exe, IEDOM : Unable to get the document Window Handle
E, 3248, 12, 2012/11/13, 08:45:42.711, 7573490103051, QTAgent32.exe, IEDOM : Could not get valid window handle of Internet Explorer_server
W, 3248, 12, 2012/11/13, 08:45:42.711, 7573490104638, QTAgent32.exe, IEDOM : Unable to get the document Window Handle
E, 3248, 12, 2012/11/13, 08:45:44.723, 7573518919747, QTAgent32.exe, IEDOM : Could not get valid window handle of Internet Explorer_server
W, 3248, 12, 2012/11/13, 08:45:44.723, 7573518921263, QTAgent32.exe, IEDOM : Unable to get the document Window Handle
E, 3248, 12, 2012/11/13, 08:45:46.736, 7573547731709, QTAgent32.exe, IEDOM : Could not get valid window handle of Internet Explorer_server
W, 3248, 12, 2012/11/13, 08:45:46.736, 7573547733366, QTAgent32.exe, IEDOM : Unable to get the document Window Handle
E, 3248, 12, 2012/11/13, 08:45:48.748, 7573576544453, QTAgent32.exe, IEDOM : Could not get valid window handle of Internet Explorer_server
W, 3248, 12, 2012/11/13, 08:45:48.748, 7573576546078, QTAgent32.exe, IEDOM : Unable to get the document Window Handle
E, 3248, 12, 2012/11/13, 08:45:50.761, 7573605358425, QTAgent32.exe, IEDOM : Could not get valid window handle of Internet Explorer_server
W, 3248, 12, 2012/11/13, 08:45:50.761, 7573605360205, QTAgent32.exe, IEDOM : Unable to get the document Window Handle
E, 3248, 12, 2012/11/13, 08:45:52.773, 7573634174008, QTAgent32.exe, IEDOM : Could not get valid window handle of Internet Explorer_server
W, 3248, 12, 2012/11/13, 08:45:52.773, 7573634175623, QTAgent32.exe, IEDOM : Unable to get the document Window Handle
E, 3248, 12, 2012/11/13, 08:45:54.786, 7573662992720, QTAgent32.exe, IEDOM : Could not get valid window handle of Internet Explorer_server
W, 3248, 12, 2012/11/13, 08:45:54.786, 7573662994279, QTAgent32.exe, IEDOM : Unable to get the document Window Handle
E, 3248, 12, 2012/11/13, 08:45:56.798, 7573691800405, QTAgent32.exe, IEDOM : Could not get valid window handle of Internet Explorer_server
W, 3248, 12, 2012/11/13, 08:45:56.798, 7573691802112, QTAgent32.exe, IEDOM : Unable to get the document Window Handle
E, 3248, 12, 2012/11/13, 08:45:58.811, 7573720617490, QTAgent32.exe, IEDOM : Could not get valid window handle of Internet Explorer_server
W, 3248, 12, 2012/11/13, 08:45:58.811, 7573720619140, QTAgent32.exe, IEDOM : Unable to get the document Window Handle
E, 3248, 12, 2012/11/13, 08:46:00.823, 7573749430607, QTAgent32.exe, IEDOM : Could not get valid window handle of Internet Explorer_server
W, 3248, 12, 2012/11/13, 08:46:00.823, 7573749432241, QTAgent32.exe, IEDOM : Unable to get the document Window Handle
E, 3248, 12, 2012/11/13, 08:46:02.836, 7573778242266, QTAgent32.exe, IEDOM : Could not get valid window handle of Internet Explorer_server
W, 3248, 12, 2012/11/13, 08:46:02.836, 7573778243854, QTAgent32.exe, IEDOM : Unable to get the document Window Handle
E, 3248, 12, 2012/11/13, 08:46:04.848, 7573807063709, QTAgent32.exe, IEDOM : Could not get valid window handle of Internet Explorer_server
W, 3248, 12, 2012/11/13, 08:46:04.848, 7573807065239, QTAgent32.exe, IEDOM : Unable to get the document Window Handle
E, 3248, 12, 2012/11/13, 08:46:06.861, 7573835872058, QTAgent32.exe, IEDOM : Could not get valid window handle of Internet Explorer_server
W, 3248, 12, 2012/11/13, 08:46:06.861, 7573835874780, QTAgent32.exe, IEDOM : Unable to get the document Window Handle
E, 3248, 12, 2012/11/13, 08:46:08.873, 7573864684810, QTAgent32.exe, IEDOM : Could not get valid window handle of Internet Explorer_server
W, 3248, 12, 2012/11/13, 08:46:08.873, 7573864686337, QTAgent32.exe, IEDOM : Unable to get the document Window Handle
E, 3248, 12, 2012/11/13, 08:46:10.886, 7573893503944, QTAgent32.exe, IEDOM : Could not get valid window handle of Internet Explorer_server
W, 3248, 12, 2012/11/13, 08:46:10.886, 7573893505542, QTAgent32.exe, IEDOM : Unable to get the document Window Handle
E, 3248, 12, 2012/11/13, 08:46:12.899, 7573922313387, QTAgent32.exe, IEDOM : Could not get valid window handle of Internet Explorer_server
W, 3248, 12, 2012/11/13, 08:46:12.899, 7573922314946, QTAgent32.exe, IEDOM : Unable to get the document Window Handle
E, 3248, 12, 2012/11/13, 08:46:14.911, 7573951127583, QTAgent32.exe, IEDOM : Could not get valid window handle of Internet Explorer_server
W, 3248, 12, 2012/11/13, 08:46:14.911, 7573951129104, QTAgent32.exe, IEDOM : Unable to get the document Window Handle
E, 3248, 12, 2012/11/13, 08:46:16.924, 7573979941864, QTAgent32.exe, IEDOM : Could not get valid window handle of Internet Explorer_server
W, 3248, 12, 2012/11/13, 08:46:16.924, 7573979943489, QTAgent32.exe, IEDOM : Unable to get the document Window Handle
E, 3248, 12, 2012/11/13, 08:46:18.936, 7574008754238, QTAgent32.exe, IEDOM : Could not get valid window handle of Internet Explorer_server
W, 3248, 12, 2012/11/13, 08:46:18.936, 7574008755614, QTAgent32.exe, IEDOM : Unable to get the document Window Handle
E, 3248, 12, 2012/11/13, 08:46:20.949, 7574037567685, QTAgent32.exe, IEDOM : Could not get valid window handle of Internet Explorer_server
W, 3248, 12, 2012/11/13, 08:46:20.949, 7574037569587, QTAgent32.exe, IEDOM : Unable to get the document Window Handle
E, 3248, 12, 2012/11/13, 08:46:22.961, 7574066382727, QTAgent32.exe, IEDOM : Could not get valid window handle of Internet Explorer_server
W, 3248, 12, 2012/11/13, 08:46:22.961, 7574066384470, QTAgent32.exe, IEDOM : Unable to get the document Window Handle
E, 3248, 12, 2012/11/13, 08:46:24.974, 7574095196038, QTAgent32.exe, IEDOM : Could not get valid window handle of Internet Explorer_server
W, 3248, 12, 2012/11/13, 08:46:24.974, 7574095197601, QTAgent32.exe, IEDOM : Unable to get the document Window Handle
E, 3248, 12, 2012/11/13, 08:46:26.986, 7574124010764, QTAgent32.exe, IEDOM : Could not get valid window handle of Internet Explorer_server
W, 3248, 12, 2012/11/13, 08:46:26.986, 7574124012356, QTAgent32.exe, IEDOM : Unable to get the document Window Handle
E, 3248, 12, 2012/11/13, 08:46:28.999, 7574152830487, QTAgent32.exe, IEDOM : Could not get valid window handle of Internet Explorer_server
W, 3248, 12, 2012/11/13, 08:46:28.999, 7574152831982, QTAgent32.exe, IEDOM : Unable to get the document Window Handle
E, 3248, 12, 2012/11/13, 08:46:31.011, 7574181637446, QTAgent32.exe, IEDOM : Could not get valid window handle of Internet Explorer_server
W, 3248, 12, 2012/11/13, 08:46:31.011, 7574181639072, QTAgent32.exe, IEDOM : Unable to get the document Window Handle
E, 3248, 12, 2012/11/13, 08:46:33.024, 7574210451548, QTAgent32.exe, IEDOM : Could not get valid window handle of Internet Explorer_server
W, 3248, 12, 2012/11/13, 08:46:33.024, 7574210453128, QTAgent32.exe, IEDOM : Unable to get the document Window Handle
E, 3248, 12, 2012/11/13, 08:46:35.036, 7574239267253, QTAgent32.exe, IEDOM : Could not get valid window handle of Internet Explorer_server
W, 3248, 12, 2012/11/13, 08:46:35.036, 7574239268808, QTAgent32.exe, IEDOM : Unable to get the document Window Handle
E, 3248, 12, 2012/11/13, 08:46:37.049, 7574268079746, QTAgent32.exe, IEDOM : Could not get valid window handle of Internet Explorer_server
W, 3248, 12, 2012/11/13, 08:46:37.049, 7574268081319, QTAgent32.exe, IEDOM : Unable to get the document Window Handle
E, 3248, 12, 2012/11/13, 08:46:39.061, 7574296899740, QTAgent32.exe, IEDOM : Could not get valid window handle of Internet Explorer_server
W, 3248, 12, 2012/11/13, 08:46:39.061, 7574296901182, QTAgent32.exe, IEDOM : Unable to get the document Window Handle
E, 3248, 12, 2012/11/13, 08:46:41.074, 7574325707120, QTAgent32.exe, IEDOM : Could not get valid window handle of Internet Explorer_server
W, 3248, 12, 2012/11/13, 08:46:41.074, 7574325708738, QTAgent32.exe, IEDOM : Unable to get the document Window Handle
E, 3248, 12, 2012/11/13, 08:46:43.086, 7574354522871, QTAgent32.exe, IEDOM : Could not get valid window handle of Internet Explorer_server
W, 3248, 12, 2012/11/13, 08:46:43.086, 7574354524544, QTAgent32.exe, IEDOM : Unable to get the document Window Handle
E, 3248, 12, 2012/11/13, 08:46:45.099, 7574383340126, QTAgent32.exe, IEDOM : Could not get valid window handle of Internet Explorer_server
W, 3248, 12, 2012/11/13, 08:46:45.099, 7574383341671, QTAgent32.exe, IEDOM : Unable to get the document Window Handle
E, 3248, 12, 2012/11/13, 08:46:47.111, 7574412148287, QTAgent32.exe, IEDOM : Could not get valid window handle of Internet Explorer_server
W, 3248, 12, 2012/11/13, 08:46:47.111, 7574412149844, QTAgent32.exe, IEDOM : Unable to get the document Window Handle
E, 3248, 12, 2012/11/13, 08:46:49.124, 7574440962322, QTAgent32.exe, IEDOM : Could not get valid window handle of Internet Explorer_server
W, 3248, 12, 2012/11/13, 08:46:49.124, 7574440963912, QTAgent32.exe, IEDOM : Unable to get the document Window Handle
E, 3248, 12, 2012/11/13, 08:46:51.136, 7574469778089, QTAgent32.exe, IEDOM : Could not get valid window handle of Internet Explorer_server
W, 3248, 12, 2012/11/13, 08:46:51.136, 7574469779778, QTAgent32.exe, IEDOM : Unable to get the document Window Handle
E, 3248, 12, 2012/11/13, 08:46:53.149, 7574498590115, QTAgent32.exe, IEDOM : Could not get valid window handle of Internet Explorer_server
W, 3248, 12, 2012/11/13, 08:46:53.149, 7574498591755, QTAgent32.exe, IEDOM : Unable to get the document Window Handle
E, 3248, 12, 2012/11/13, 08:46:55.161, 7574527406422, QTAgent32.exe, IEDOM : Could not get valid window handle of Internet Explorer_server
W, 3248, 12, 2012/11/13, 08:46:55.161, 7574527408033, QTAgent32.exe, IEDOM : Unable to get the document Window Handle
E, 3248, 12, 2012/11/13, 08:46:57.174, 7574556219790, QTAgent32.exe, IEDOM : Could not get valid window handle of Internet Explorer_server
W, 3248, 12, 2012/11/13, 08:46:57.174, 7574556221418, QTAgent32.exe, IEDOM : Unable to get the document Window Handle
E, 3248, 12, 2012/11/13, 08:46:59.186, 7574585034040, QTAgent32.exe, IEDOM : Could not get valid window handle of Internet Explorer_server
W, 3248, 12, 2012/11/13, 08:46:59.186, 7574585035673, QTAgent32.exe, IEDOM : Unable to get the document Window Handle
E, 3248, 12, 2012/11/13, 08:47:01.199, 7574613846816, QTAgent32.exe, IEDOM : Could not get valid window handle of Internet Explorer_server
W, 3248, 12, 2012/11/13, 08:47:01.199, 7574613848497, QTAgent32.exe, IEDOM : Unable to get the document Window Handle
E, 3248, 12, 2012/11/13, 08:47:03.211, 7574642667515, QTAgent32.exe, IEDOM : Could not get valid window handle of Internet Explorer_server
W, 3248, 12, 2012/11/13, 08:47:03.211, 7574642669115, QTAgent32.exe, IEDOM : Unable to get the document Window Handle
E, 3248, 12, 2012/11/13, 08:47:05.224, 7574671474665, QTAgent32.exe, IEDOM : Could not get valid window handle of Internet Explorer_server
W, 3248, 12, 2012/11/13, 08:47:05.224, 7574671476431, QTAgent32.exe, IEDOM : Unable to get the document Window Handle
E, 3248, 12, 2012/11/13, 08:47:07.236, 7574700290076, QTAgent32.exe, IEDOM : Could not get valid window handle of Internet Explorer_server
W, 3248, 12, 2012/11/13, 08:47:07.236, 7574700291699, QTAgent32.exe, IEDOM : Unable to get the document Window Handle
E, 3248, 12, 2012/11/13, 08:47:09.249, 7574729103842, QTAgent32.exe, IEDOM : Could not get valid window handle of Internet Explorer_server
W, 3248, 12, 2012/11/13, 08:47:09.249, 7574729105428, QTAgent32.exe, IEDOM : Unable to get the document Window Handle
E, 3248, 12, 2012/11/13, 08:47:11.261, 7574757916703, QTAgent32.exe, IEDOM : Could not get valid window handle of Internet Explorer_server
W, 3248, 12, 2012/11/13, 08:47:11.261, 7574757918400, QTAgent32.exe, IEDOM : Unable to get the document Window Handle
E, 3248, 12, 2012/11/13, 08:47:13.274, 7574786730354, QTAgent32.exe, IEDOM : Could not get valid window handle of Internet Explorer_server
W, 3248, 12, 2012/11/13, 08:47:13.274, 7574786731842, QTAgent32.exe, IEDOM : Unable to get the document Window Handle
E, 3248, 12, 2012/11/13, 08:47:15.287, 7574815544898, QTAgent32.exe, IEDOM : Could not get valid window handle of Internet Explorer_server
W, 3248, 12, 2012/11/13, 08:47:15.287, 7574815546517, QTAgent32.exe, IEDOM : Unable to get the document Window Handle
E, 3248, 12, 2012/11/13, 08:47:17.330, 7574844805427, QTAgent32.exe, IEDOM : Could not get valid window handle of Internet Explorer_server
W, 3248, 12, 2012/11/13, 08:47:17.330, 7574844807040, QTAgent32.exe, IEDOM : Unable to get the document Window Handle
E, 3248, 12, 2012/11/13, 08:47:19.343, 7574873625498, QTAgent32.exe, IEDOM : Could not get valid window handle of Internet Explorer_server
W, 3248, 12, 2012/11/13, 08:47:19.343, 7574873626991, QTAgent32.exe, IEDOM : Unable to get the document Window Handle
E, 3248, 12, 2012/11/13, 08:47:21.355, 7574902435375, QTAgent32.exe, IEDOM : Could not get valid window handle of Internet Explorer_server
W, 3248, 12, 2012/11/13, 08:47:21.355, 7574902437088, QTAgent32.exe, IEDOM : Unable to get the document Window Handle
E, 3248, 12, 2012/11/13, 08:47:23.368, 7574931248795, QTAgent32.exe, IEDOM : Could not get valid window handle of Internet Explorer_server
W, 3248, 12, 2012/11/13, 08:47:23.368, 7574931250345, QTAgent32.exe, IEDOM : Unable to get the document Window Handle
E, 3248, 12, 2012/11/13, 08:47:25.380, 7574960061101, QTAgent32.exe, IEDOM : Could not get valid window handle of Internet Explorer_server
W, 3248, 12, 2012/11/13, 08:47:25.380, 7574960062701, QTAgent32.exe, IEDOM : Unable to get the document Window Handle
E, 3248, 12, 2012/11/13, 08:47:27.393, 7574988875283, QTAgent32.exe, IEDOM : Could not get valid window handle of Internet Explorer_server
W, 3248, 12, 2012/11/13, 08:47:27.393, 7574988876896, QTAgent32.exe, IEDOM : Unable to get the document Window Handle
E, 3248, 12, 2012/11/13, 08:47:29.405, 7575017692117, QTAgent32.exe, IEDOM : Could not get valid window handle of Internet Explorer_server
W, 3248, 12, 2012/11/13, 08:47:29.405, 7575017693852, QTAgent32.exe, IEDOM : Unable to get the document Window Handle
E, 3248, 12, 2012/11/13, 08:47:31.418, 7575046502987, QTAgent32.exe, IEDOM : Could not get valid window handle of Internet Explorer_server
W, 3248, 12, 2012/11/13, 08:47:31.418, 7575046504661, QTAgent32.exe, IEDOM : Unable to get the document Window Handle
E, 3248, 12, 2012/11/13, 08:47:33.430, 7575075317426, QTAgent32.exe, IEDOM : Could not get valid window handle of Internet Explorer_server
W, 3248, 12, 2012/11/13, 08:47:33.430, 7575075319118, QTAgent32.exe, IEDOM : Unable to get the document Window Handle
E, 3248, 12, 2012/11/13, 08:47:35.443, 7575104131465, QTAgent32.exe, IEDOM : Could not get valid window handle of Internet Explorer_server
W, 3248, 12, 2012/11/13, 08:47:35.443, 7575104133154, QTAgent32.exe, IEDOM : Unable to get the document Window Handle
E, 3248, 12, 2012/11/13, 08:47:37.455, 7575132952888, QTAgent32.exe, IEDOM : Could not get valid window handle of Internet Explorer_server
W, 3248, 12, 2012/11/13, 08:47:37.455, 7575132954507, QTAgent32.exe, IEDOM : Unable to get the document Window Handle
E, 3248, 12, 2012/11/13, 08:47:39.468, 7575161759799, QTAgent32.exe, IEDOM : Could not get valid window handle of Internet Explorer_server
W, 3248, 12, 2012/11/13, 08:47:39.468, 7575161761438, QTAgent32.exe, IEDOM : Unable to get the document Window Handle
E, 3248, 12, 2012/11/13, 08:47:41.480, 7575190572907, QTAgent32.exe, IEDOM : Could not get valid window handle of Internet Explorer_server
W, 3248, 12, 2012/11/13, 08:47:41.480, 7575190574592, QTAgent32.exe, IEDOM : Unable to get the document Window Handle
E, 3248, 12, 2012/11/13, 08:47:43.493, 7575219392463, QTAgent32.exe, IEDOM : Could not get valid window handle of Internet Explorer_server
W, 3248, 12, 2012/11/13, 08:47:43.493, 7575219393996, QTAgent32.exe, IEDOM : Unable to get the document Window Handle
E, 3248, 12, 2012/11/13, 08:47:45.505, 7575248202662, QTAgent32.exe, IEDOM : Could not get valid window handle of Internet Explorer_server
W, 3248, 12, 2012/11/13, 08:47:45.505, 7575248204337, QTAgent32.exe, IEDOM : Unable to get the document Window Handle
E, 3248, 12, 2012/11/13, 08:47:47.518, 7575277014441, QTAgent32.exe, IEDOM : Could not get valid window handle of Internet Explorer_server
W, 3248, 12, 2012/11/13, 08:47:47.518, 7575277016146, QTAgent32.exe, IEDOM : Unable to get the document Window Handle
E, 3248, 12, 2012/11/13, 08:47:49.530, 7575305827642, QTAgent32.exe, IEDOM : Could not get valid window handle of Internet Explorer_server
W, 3248, 12, 2012/11/13, 08:47:49.530, 7575305829255, QTAgent32.exe, IEDOM : Unable to get the document Window Handle
E, 3248, 12, 2012/11/13, 08:47:51.543, 7575334642474, QTAgent32.exe, IEDOM : Could not get valid window handle of Internet Explorer_server
W, 3248, 12, 2012/11/13, 08:47:51.543, 7575334644165, QTAgent32.exe, IEDOM : Unable to get the document Window Handle
E, 3248, 12, 2012/11/13, 08:47:53.556, 7575363464543, QTAgent32.exe, IEDOM : Could not get valid window handle of Internet Explorer_server
W, 3248, 12, 2012/11/13, 08:47:53.556, 7575363466070, QTAgent32.exe, IEDOM : Unable to get the document Window Handle
E, 3248, 12, 2012/11/13, 08:47:55.568, 7575392271487, QTAgent32.exe, IEDOM : Could not get valid window handle of Internet Explorer_server
W, 3248, 12, 2012/11/13, 08:47:55.568, 7575392273125, QTAgent32.exe, IEDOM : Unable to get the document Window Handle
E, 3248, 12, 2012/11/13, 08:47:57.581, 7575421084746, QTAgent32.exe, IEDOM : Could not get valid window handle of Internet Explorer_server
W, 3248, 12, 2012/11/13, 08:47:57.581, 7575421086573, QTAgent32.exe, IEDOM : Unable to get the document Window Handle
E, 3248, 12, 2012/11/13, 08:47:59.593, 7575449897619, QTAgent32.exe, IEDOM : Could not get valid window handle of Internet Explorer_server
W, 3248, 12, 2012/11/13, 08:47:59.593, 7575449899228, QTAgent32.exe, IEDOM : Unable to get the document Window Handle
E, 3248, 12, 2012/11/13, 08:48:01.606, 7575478713300, QTAgent32.exe, IEDOM : Could not get valid window handle of Internet Explorer_server
W, 3248, 12, 2012/11/13, 08:48:01.606, 7575478715004, QTAgent32.exe, IEDOM : Unable to get the document Window Handle
E, 3248, 12, 2012/11/13, 08:48:03.618, 7575507527594, QTAgent32.exe, IEDOM : Could not get valid window handle of Internet Explorer_server
W, 3248, 12, 2012/11/13, 08:48:03.618, 7575507529183, QTAgent32.exe, IEDOM : Unable to get the document Window Handle
E, 3248, 12, 2012/11/13, 08:48:05.631, 7575536339663, QTAgent32.exe, IEDOM : Could not get valid window handle of Internet Explorer_server
W, 3248, 12, 2012/11/13, 08:48:05.631, 7575536341405, QTAgent32.exe, IEDOM : Unable to get the document Window Handle
E, 3248, 12, 2012/11/13, 08:48:07.643, 7575565153903, QTAgent32.exe, IEDOM : Could not get valid window handle of Internet Explorer_server
W, 3248, 12, 2012/11/13, 08:48:07.643, 7575565155528, QTAgent32.exe, IEDOM : Unable to get the document Window Handle
E, 3248, 12, 2012/11/13, 08:48:09.656, 7575593968641, QTAgent32.exe, IEDOM : Could not get valid window handle of Internet Explorer_server
W, 3248, 12, 2012/11/13, 08:48:09.656, 7575593970492, QTAgent32.exe, IEDOM : Unable to get the document Window Handle
E, 3248, 12, 2012/11/13, 08:48:11.668, 7575622789442, QTAgent32.exe, IEDOM : Could not get valid window handle of Internet Explorer_server
W, 3248, 12, 2012/11/13, 08:48:11.668, 7575622791017, QTAgent32.exe, IEDOM : Unable to get the document Window Handle
E, 3248, 12, 2012/11/13, 08:48:13.681, 7575651598646, QTAgent32.exe, IEDOM : Could not get valid window handle of Internet Explorer_server
W, 3248, 12, 2012/11/13, 08:48:13.681, 7575651600304, QTAgent32.exe, IEDOM : Unable to get the document Window Handle
E, 3248, 12, 2012/11/13, 08:48:15.693, 7575680409678, QTAgent32.exe, IEDOM : Could not get valid window handle of Internet Explorer_server
W, 3248, 12, 2012/11/13, 08:48:15.693, 7575680411294, QTAgent32.exe, IEDOM : Unable to get the document Window Handle
E, 3248, 12, 2012/11/13, 08:48:17.706, 7575709224786, QTAgent32.exe, IEDOM : Could not get valid window handle of Internet Explorer_server
W, 3248, 12, 2012/11/13, 08:48:17.706, 7575709226418, QTAgent32.exe, IEDOM : Unable to get the document Window Handle
E, 3248, 12, 2012/11/13, 08:48:19.718, 7575738040817, QTAgent32.exe, IEDOM : Could not get valid window handle of Internet Explorer_server
W, 3248, 12, 2012/11/13, 08:48:19.718, 7575738042480, QTAgent32.exe, IEDOM : Unable to get the document Window Handle
E, 3248, 12, 2012/11/13, 08:48:21.731, 7575766853094, QTAgent32.exe, IEDOM : Could not get valid window handle of Internet Explorer_server
W, 3248, 12, 2012/11/13, 08:48:21.731, 7575766854680, QTAgent32.exe, IEDOM : Unable to get the document Window Handle
E, 3248, 12, 2012/11/13, 08:48:23.743, 7575795680056, QTAgent32.exe, IEDOM : Could not get valid window handle of Internet Explorer_server
W, 3248, 12, 2012/11/13, 08:48:23.743, 7575795681806, QTAgent32.exe, IEDOM : Unable to get the document Window Handle
E, 3248, 12, 2012/11/13, 08:48:25.756, 7575824481186, QTAgent32.exe, IEDOM : Could not get valid window handle of Internet Explorer_server
W, 3248, 12, 2012/11/13, 08:48:25.756, 7575824482817, QTAgent32.exe, IEDOM : Unable to get the document Window Handle
E, 3248, 12, 2012/11/13, 08:48:27.768, 7575853300345, QTAgent32.exe, IEDOM : Could not get valid window handle of Internet Explorer_server
W, 3248, 12, 2012/11/13, 08:48:27.768, 7575853301937, QTAgent32.exe, IEDOM : Unable to get the document Window Handle
E, 3248, 12, 2012/11/13, 08:48:29.781, 7575882108109, QTAgent32.exe, IEDOM : Could not get valid window handle of Internet Explorer_server
W, 3248, 12, 2012/11/13, 08:48:29.781, 7575882109685, QTAgent32.exe, IEDOM : Unable to get the document Window Handle
E, 3248, 12, 2012/11/13, 08:48:31.793, 7575910922754, QTAgent32.exe, IEDOM : Could not get valid window handle of Internet Explorer_server
W, 3248, 12, 2012/11/13, 08:48:31.793, 7575910924382, QTAgent32.exe, IEDOM : Unable to get the document Window Handle
E, 3248, 12, 2012/11/13, 08:48:33.806, 7575939736428, QTAgent32.exe, IEDOM : Could not get valid window handle of Internet Explorer_server
W, 3248, 12, 2012/11/13, 08:48:33.806, 7575939737939, QTAgent32.exe, IEDOM : Unable to get the document Window Handle
E, 3248, 12, 2012/11/13, 08:48:35.818, 7575968549508, QTAgent32.exe, IEDOM : Could not get valid window handle of Internet Explorer_server
W, 3248, 12, 2012/11/13, 08:48:35.818, 7575968551096, QTAgent32.exe, IEDOM : Unable to get the document Window Handle
E, 3248, 12, 2012/11/13, 08:48:37.831, 7575997362907, QTAgent32.exe, IEDOM : Could not get valid window handle of Internet Explorer_server
W, 3248, 12, 2012/11/13, 08:48:37.831, 7575997364559, QTAgent32.exe, IEDOM : Unable to get the document Window Handle
E, 3248, 12, 2012/11/13, 08:48:39.843, 7576026177569, QTAgent32.exe, IEDOM : Could not get valid window handle of Internet Explorer_server
W, 3248, 12, 2012/11/13, 08:48:39.843, 7576026179225, QTAgent32.exe, IEDOM : Unable to get the document Window Handle
E, 3248, 12, 2012/11/13, 08:48:41.856, 7576054998784, QTAgent32.exe, IEDOM : Could not get valid window handle of Internet Explorer_server
W, 3248, 12, 2012/11/13, 08:48:41.856, 7576055000544, QTAgent32.exe, IEDOM : Unable to get the document Window Handle
E, 3248, 12, 2012/11/13, 08:48:43.868, 7576083811761, QTAgent32.exe, IEDOM : Could not get valid window handle of Internet Explorer_server
W, 3248, 12, 2012/11/13, 08:48:43.868, 7576083813423, QTAgent32.exe, IEDOM : Unable to get the document Window Handle
E, 3248, 12, 2012/11/13, 08:48:45.881, 7576112624853, QTAgent32.exe, IEDOM : Could not get valid window handle of Internet Explorer_server
W, 3248, 12, 2012/11/13, 08:48:45.881, 7576112626494, QTAgent32.exe, IEDOM : Unable to get the document Window Handle
E, 3248, 12, 2012/11/13, 08:48:47.893, 7576141433139, QTAgent32.exe, IEDOM : Could not get valid window handle of Internet Explorer_server
W, 3248, 12, 2012/11/13, 08:48:47.893, 7576141434783, QTAgent32.exe, IEDOM : Unable to get the document Window Handle
E, 3248, 12, 2012/11/13, 08:48:49.906, 7576170256552, QTAgent32.exe, IEDOM : Could not get valid window handle of Internet Explorer_server
W, 3248, 12, 2012/11/13, 08:48:49.906, 7576170258691, QTAgent32.exe, IEDOM : Unable to get the document Window Handle
E, 3248, 12, 2012/11/13, 08:48:51.918, 7576199061414, QTAgent32.exe, IEDOM : Could not get valid window handle of Internet Explorer_server
W, 3248, 12, 2012/11/13, 08:48:51.918, 7576199063025, QTAgent32.exe, IEDOM : Unable to get the document Window Handle
E, 3248, 12, 2012/11/13, 08:48:53.931, 7576227876514, QTAgent32.exe, IEDOM : Could not get valid window handle of Internet Explorer_server
W, 3248, 12, 2012/11/13, 08:48:53.931, 7576227878098, QTAgent32.exe, IEDOM : Unable to get the document Window Handle
E, 3248, 12, 2012/11/13, 08:48:55.944, 7576256690173, QTAgent32.exe, IEDOM : Could not get valid window handle of Internet Explorer_server
W, 3248, 12, 2012/11/13, 08:48:55.944, 7576256691740, QTAgent32.exe, IEDOM : Unable to get the document Window Handle
E, 3248, 12, 2012/11/13, 08:48:57.956, 7576285504061, QTAgent32.exe, IEDOM : Could not get valid window handle of Internet Explorer_server
W, 3248, 12, 2012/11/13, 08:48:57.956, 7576285505728, QTAgent32.exe, IEDOM : Unable to get the document Window Handle
E, 3248, 12, 2012/11/13, 08:48:59.969, 7576314316845, QTAgent32.exe, IEDOM : Could not get valid window handle of Internet Explorer_server
W, 3248, 12, 2012/11/13, 08:48:59.969, 7576314318490, QTAgent32.exe, IEDOM : Unable to get the document Window Handle
E, 3248, 12, 2012/11/13, 08:49:01.981, 7576343137830, QTAgent32.exe, IEDOM : Could not get valid window handle of Internet Explorer_server
W, 3248, 12, 2012/11/13, 08:49:01.981, 7576343139429, QTAgent32.exe, IEDOM : Unable to get the document Window Handle
E, 3248, 12, 2012/11/13, 08:49:03.994, 7576371944840, QTAgent32.exe, IEDOM : Could not get valid window handle of Internet Explorer_server
W, 3248, 12, 2012/11/13, 08:49:03.994, 7576371946563, QTAgent32.exe, IEDOM : Unable to get the document Window Handle
E, 3248, 12, 2012/11/13, 08:49:06.006, 7576400759284, QTAgent32.exe, IEDOM : Could not get valid window handle of Internet Explorer_server
W, 3248, 12, 2012/11/13, 08:49:06.006, 7576400760771, QTAgent32.exe, IEDOM : Unable to get the document Window Handle
E, 3248, 12, 2012/11/13, 08:49:08.019, 7576429573031, QTAgent32.exe, IEDOM : Could not get valid window handle of Internet Explorer_server
W, 3248, 12, 2012/11/13, 08:49:08.019, 7576429574761, QTAgent32.exe, IEDOM : Unable to get the document Window Handle
E, 3248, 12, 2012/11/13, 08:49:10.031, 7576458386669, QTAgent32.exe, IEDOM : Could not get valid window handle of Internet Explorer_server
W, 3248, 12, 2012/11/13, 08:49:10.031, 7576458388343, QTAgent32.exe, IEDOM : Unable to get the document Window Handle
E, 3248, 12, 2012/11/13, 08:49:12.044, 7576487200475, QTAgent32.exe, IEDOM : Could not get valid window handle of Internet Explorer_server
W, 3248, 12, 2012/11/13, 08:49:12.044, 7576487202172, QTAgent32.exe, IEDOM : Unable to get the document Window Handle
E, 3248, 12, 2012/11/13, 08:49:14.056, 7576516015759, QTAgent32.exe, IEDOM : Could not get valid window handle of Internet Explorer_server
W, 3248, 12, 2012/11/13, 08:49:14.056, 7576516017458, QTAgent32.exe, IEDOM : Unable to get the document Window Handle
E, 3248, 12, 2012/11/13, 08:49:16.069, 7576544831400, QTAgent32.exe, IEDOM : Could not get valid window handle of Internet Explorer_server
W, 3248, 12, 2012/11/13, 08:49:16.069, 7576544833079, QTAgent32.exe, IEDOM : Unable to get the document Window Handle
E, 3248, 12, 2012/11/13, 08:49:18.081, 7576573642560, QTAgent32.exe, IEDOM : Could not get valid window handle of Internet Explorer_server
W, 3248, 12, 2012/11/13, 08:49:18.081, 7576573644234, QTAgent32.exe, IEDOM : Unable to get the document Window Handle
E, 3248, 12, 2012/11/13, 08:49:20.094, 7576602507521, QTAgent32.exe, IEDOM : Could not get valid window handle of Internet Explorer_server
W, 3248, 12, 2012/11/13, 08:49:20.094, 7576602509237, QTAgent32.exe, IEDOM : Unable to get the document Window Handle
W, 3248, 12, 2012/11/13, 08:49:20.780, 7576612342670, QTAgent32.exe, &lt;a class=success&gt;Playback - {95} [SUCCESS] MouseButtonClick - "[MSAA, VisibleOnly]ControlType='Edit' &amp;&amp; Name='User name'"
\0&lt;/a&gt;
W, 3248, 12, 2012/11/13, 08:49:21.264, 7576619207178, QTAgent32.exe, &lt;a class=success&gt;Playback - {96} [SUCCESS] SendKeys "Bus sys" - "[MSAA, VisibleOnly,Window]ControlType='Window' &amp;&amp; AccessibleName='User name' &amp;&amp; ClassName='Edit'"
\0&lt;/a&gt;
W, 3248, 12, 2012/11/13, 08:49:21.701, 7576625459029, QTAgent32.exe, &lt;a class=success&gt;Playback - {97} [SUCCESS] MouseButtonClick - "[MSAA, VisibleOnly]ControlType='Edit' &amp;&amp; Name='Password'"
\0&lt;/a&gt;
W, 3248, 12, 2012/11/13, 08:49:21.935, 7576628816363, QTAgent32.exe, Playback - [WARNING] Internal warning: Element that has the focus is different from the target element. Expected Element: Name = "Password", ControlTypeName = "Edit", Element In Focus: Name = "Password", ControlTypeName = "Window"&gt;. 
\0
W, 3248, 12, 2012/11/13, 08:49:22.231, 7576633054649, QTAgent32.exe, &lt;a class=success&gt;Playback - {98} [SUCCESS] SendKeys "[*]" - "[MSAA, VisibleOnly]ControlType='Edit' &amp;&amp; Name='Password'"
\0&lt;/a&gt;
W, 3248, 12, 2012/11/13, 08:49:22.715, 7576640072536, QTAgent32.exe, &lt;a class=success&gt;Playback - {99} [SUCCESS] MouseButtonClick - "[MSAA, VisibleOnly]ControlType='Button' &amp;&amp; Name='OK'"
\0&lt;/a&gt;
W, 3248, 12, 2012/11/13, 08:49:23.729, 7576654582976, QTAgent32.exe, PERF WARNING: FindTopLevelWindowHelper::FindAllDescendents: took 905 ms. Expected it to take maximum 500 ms.
W, 3248, 12, 2012/11/13, 08:49:25.835, 7576684660168, QTAgent32.exe, &lt;a class=success&gt;Playback - {100} [SUCCESS] MouseButtonClick - "[Web]ControlType='Hyperlink' &amp;&amp; TagName='A' &amp;&amp; Id='' &amp;&amp; Name='' &amp;&amp; Target='' &amp;&amp; InnerText='Renewals Maintenance' &amp;&amp; FilterCondition(AbsolutePath='/sysmaint/content/leftbar.asp', Title='', Href='https://www.insur-econnect.com/sysmaint/content/leftbar.asp#', Class='', ControlDefinition='style="COLOR: white" href="#"', TagInstance='39')"
\0&lt;/a&gt;
W, 3248, 12, 2012/11/13, 08:49:26.225, 7576690426337, QTAgent32.exe, &lt;a class=success&gt;Playback - {101} [SUCCESS] MouseButtonClick - "[Web]ControlType='Hyperlink' &amp;&amp; TagName='A' &amp;&amp; Id='' &amp;&amp; Name='' &amp;&amp; Target='content' &amp;&amp; InnerText='Create a Motor Test Renewal Invitation' &amp;&amp; FilterCondition(AbsolutePath='/sysmaint/content/AddTestRenewalNotice.asp', Title='', Href='https://www.insur-econnect.com/sysmaint/content/AddTestRenewalNotice.asp', Class='itemlink', ControlDefinition='class=itemlink href="AddTestRenewalNotic', TagInstance='1')"
\0&lt;/a&gt;
E, 3248, 12, 2012/11/13, 08:49:28.253, 7576719285705, QTAgent32.exe, Exception: System.NotSupportedException
	Message: Internal Error: This method on IEWebControlElement should not get called.
	Stack Trace:    at Microsoft.VisualStudio.TestTools.UITest.Extension.IE.BrowserOptionElementNode.InvokeProgrammaticAction(ProgrammaticActionOption programmaticActionOption)
	BaseExceptionMessage: Internal Error: This method on IEWebControlElement should not get called.

W, 3248, 12, 2012/11/13, 08:49:28.471, 7576722464685, QTAgent32.exe, &lt;a class=success&gt;Playback - {102} [SUCCESS] SetValueAsComboBox "Highway Insurance" - "[Web]ControlType='ComboBox' &amp;&amp; TagName='SELECT' &amp;&amp; Id='InsurerID' &amp;&amp; Name='InsurerID' &amp;&amp; FilterCondition(Size='0', LabeledBy='', Title='', ItemCount='54', Class='', ControlDefinition='id=InsurerID onchange=selectInsurer() na', TagInstance='1')"  &lt; SetValueAsComboBox, set by clicking on the item in the list box &gt;
\0&lt;/a&gt;
W, 3248, 12, 2012/11/13, 08:49:29.517, 7576737468035, QTAgent32.exe, &lt;a class=success&gt;Playback - {103} [SUCCESS] SetValueAsEditBox "7071000916" - "[Web]ControlType='Edit' &amp;&amp; TagName='INPUT' &amp;&amp; Id='' &amp;&amp; Name='txtPolicyNumber' &amp;&amp; LabeledBy='' &amp;&amp; Type='SINGLELINE' &amp;&amp; FilterCondition(Title='', Class='', ControlDefinition='name=txtPolicyNumber align=left size=15', TagInstance='1')"  &lt; Set via SendKeys &gt;
\0&lt;/a&gt;
W, 3248, 12, 2012/11/13, 08:49:30.000, 7576744314808, QTAgent32.exe, &lt;a class=success&gt;Playback - {104} [SUCCESS] SetValueAsEditBox "20/11/2012" - "[Web]ControlType='Edit' &amp;&amp; TagName='INPUT' &amp;&amp; Id='' &amp;&amp; Name='txtAutoLapseDate' &amp;&amp; LabeledBy='' &amp;&amp; Type='SINGLELINE' &amp;&amp; FilterCondition(Title='', Class='', ControlDefinition='name=txtAutoLapseDate maxLength=10 value', TagInstance='8')"  &lt; Set via SendKeys &gt;
\0&lt;/a&gt;
W, 3248, 12, 2012/11/13, 08:49:30.531, 7576752040400, QTAgent32.exe, &lt;a class=success&gt;Playback - {105} [SUCCESS] MouseButtonClick - "[Web]ControlType='Button' &amp;&amp; TagName='INPUT' &amp;&amp; Id='buttonCreate' &amp;&amp; Name='buttonCreate' &amp;&amp; FilterCondition(DisplayText='  Create Record  ', Type='button', Title='Click to create the new record', Class='', ControlDefinition='id=buttonCreate title="Click to create t', TagInstance='10')"
\0&lt;/a&gt;
W, 3248, 12, 2012/11/13, 08:49:30.921, 7576757494332, QTAgent32.exe, &lt;a class=success&gt;Playback - {106} [SUCCESS] MouseButtonClick - "[MSAA, VisibleOnly]ControlType='Button' &amp;&amp; Name='OK'"
\0&lt;/a&gt;
W, 3248, 12, 2012/11/13, 08:49:31.358, 7576763741700, QTAgent32.exe, &lt;a class=success&gt;Playback - {107} [SUCCESS] MouseButtonClick - "[MSAA, VisibleOnly]ControlType='Button' &amp;&amp; Name='Close'"
\0&lt;/a&gt;
W, 3248, 12, 2012/11/13, 08:49:31.841, 7576770641968, QTAgent32.exe, &lt;a class=success&gt;Playback - {108} [SUCCESS] SendKeys "^{HOME}" - "[MSAA, VisibleOnly]ControlType='Edit'"
\0&lt;/a&gt;
E, 3248, 12, 2012/11/13, 08:49:31.841, 7576770644568, QTAgent32.exe, Msaa.GetFocusedElement: could not find accessible object of foreground window
W, 3248, 12, 2012/11/13, 08:49:31.919, 7576771758689, QTAgent32.exe, &lt;a class=success&gt;Playback - {109} [SUCCESS] SendKeys "^+{END}" - "[MSAA, VisibleOnly]ControlType='Edit'"
\0&lt;/a&gt;
E, 3248, 12, 2012/11/13, 08:49:31.919, 7576771761384, QTAgent32.exe, Msaa.GetFocusedElement: could not find accessible object of foreground window
W, 3248, 12, 2012/11/13, 08:49:31.950, 7576772205899, QTAgent32.exe, &lt;a class=success&gt;Playback - {110} [SUCCESS] SendKeys "{DELETE}" - "[MSAA, VisibleOnly]ControlType='Edit'"
\0&lt;/a&gt;
W, 3248, 12, 2012/11/13, 08:49:32.309, 7576777350270, QTAgent32.exe, &lt;a class=success&gt;Playback - {111} [SUCCESS] SetValueAsEditBox "20/11/2011" - "[MSAA, VisibleOnly]ControlType='Edit'"  &lt; Set via SendKeys &gt;
\0&lt;/a&gt;
W, 3248, 12, 2012/11/13, 08:49:32.808, 7576784708488, QTAgent32.exe, &lt;a class=success&gt;Playback - {112} [SUCCESS] MouseButtonClick - "[MSAA, VisibleOnly]ControlType='Button' &amp;&amp; Name='OK'"
\0&lt;/a&gt;
W, 3248, 12, 2012/11/13, 08:49:33.323, 7576791892233, QTAgent32.exe, &lt;a class=success&gt;Playback - {113} [SUCCESS] MouseButtonClick - "[MSAA, VisibleOnly]ControlType='Client'"
\0&lt;/a&gt;
W, 3248, 12, 2012/11/13, 08:49:34.228, 7576804822424, QTAgent32.exe, &lt;a class=success&gt;Playback - {114} [SUCCESS] SetValueAsEditBox "AUTO171" - "[MSAA, VisibleOnly]ControlType='Edit'"  &lt; Set via SendKeys &gt;
\0&lt;/a&gt;
W, 3248, 12, 2012/11/13, 08:49:34.540, 7576809288605, QTAgent32.exe, &lt;a class=success&gt;Playback - {115} [SUCCESS] SetValueAsEditBox "-1001" - "[MSAA, VisibleOnly]ControlType='Edit'"  &lt; Set via SendKeys &gt;
\0&lt;/a&gt;
W, 3248, 12, 2012/11/13, 08:49:34.727, 7576811967560, QTAgent32.exe, &lt;a class=success&gt;Playback - {116} [SUCCESS] SendKeys "^{HOME}" - "[MSAA, VisibleOnly]ControlType='Edit'"
\0&lt;/a&gt;
E, 3248, 12, 2012/11/13, 08:49:34.727, 7576811969935, QTAgent32.exe, Msaa.GetFocusedElement: could not find accessible object of foreground window
W, 3248, 12, 2012/11/13, 08:49:34.805, 7576813085027, QTAgent32.exe, &lt;a class=success&gt;Playback - {117} [SUCCESS] SendKeys "^+{END}" - "[MSAA, VisibleOnly]ControlType='Edit'"
\0&lt;/a&gt;
E, 3248, 12, 2012/11/13, 08:49:34.805, 7576813087074, QTAgent32.exe, Msaa.GetFocusedElement: could not find accessible object of foreground window
W, 3248, 12, 2012/11/13, 08:49:34.821, 7576813305044, QTAgent32.exe, &lt;a class=success&gt;Playback - {118} [SUCCESS] SendKeys "{DELETE}" - "[MSAA, VisibleOnly]ControlType='Edit'"
\0&lt;/a&gt;
W, 3248, 12, 2012/11/13, 08:49:35.149, 7576817999827, QTAgent32.exe, &lt;a class=success&gt;Playback - {119} [SUCCESS] SetValueAsEditBox "20/11/2011" - "[MSAA, VisibleOnly]ControlType='Edit'"  &lt; Set via SendKeys &gt;
\0&lt;/a&gt;
W, 3248, 12, 2012/11/13, 08:49:35.726, 7576826293260, QTAgent32.exe, &lt;a class=success&gt;Playback - {120} [SUCCESS] MouseButtonClick - "[MSAA, VisibleOnly]ControlType='Button' &amp;&amp; Name='Regress'"
\0&lt;/a&gt;
W, 3248, 12, 2012/11/13, 08:49:38.144, 7576860883622, QTAgent32.exe, &lt;a class=success&gt;Playback - {121} [SUCCESS] MouseButtonClick - "[MSAA, VisibleOnly]ControlType='Button' &amp;&amp; Name='Exit'"
\0&lt;/a&gt;
W, 3248, 12, 2012/11/13, 08:49:38.612, 7576867623136, QTAgent32.exe, &lt;a class=success&gt;Playback - {122} [SUCCESS] MouseButtonClick - "[MSAA, VisibleOnly]ControlType='Button'"
\0&lt;/a&gt;
W, 3248, 12, 2012/11/13, 08:49:39.049, 7576873902095, QTAgent32.exe, &lt;a class=success&gt;Playback - {123} [SUCCESS] MouseButtonClick - "[MSAA, VisibleOnly]ControlType='Button' &amp;&amp; Name='Options'"
\0&lt;/a&gt;
W, 3248, 12, 2012/11/13, 08:49:39.158, 7576875406053, QTAgent32.exe, FindScreenElementInSinglePass : Attempting to find control in one pass of search. Failures can occur.
W, 3248, 12, 2012/11/13, 08:49:39.330, 7576877859702, QTAgent32.exe, &lt;a class=success&gt;Playback - {124} [SUCCESS] MouseButtonClick - "[MSAA]ControlType='MenuItem' &amp;&amp; Name='Links'"
\0&lt;/a&gt;
W, 3248, 12, 2012/11/13, 08:49:39.439, 7576879425288, QTAgent32.exe, FindScreenElementInSinglePass : Attempting to find control in one pass of search. Failures can occur.
W, 3248, 12, 2012/11/13, 08:49:39.626, 7576882100941, QTAgent32.exe, &lt;a class=success&gt;Playback - {125} [SUCCESS] MouseButtonClick - "[MSAA]ControlType='MenuItem' &amp;&amp; Name='3rd Party Integration'"
\0&lt;/a&gt;
W, 3248, 12, 2012/11/13, 08:49:39.735, 7576883669532, QTAgent32.exe, FindScreenElementInSinglePass : Attempting to find control in one pass of search. Failures can occur.
W, 3248, 12, 2012/11/13, 08:49:39.907, 7576886150043, QTAgent32.exe, &lt;a class=success&gt;Playback - {126} [SUCCESS] MouseButtonClick - "[MSAA]ControlType='MenuItem' &amp;&amp; Name='Renewals Loader'"
\0&lt;/a&gt;
W, 3248, 12, 2012/11/13, 08:49:40.593, 7576895956642, QTAgent32.exe, &lt;a class=success&gt;Playback - {127} [SUCCESS] MouseButtonClick - "[MSAA, VisibleOnly]ControlType='TitleBar'"
\0&lt;/a&gt;
W, 3248, 12, 2012/11/13, 08:49:40.796, 7576898853396, QTAgent32.exe, &lt;a class=success&gt;Playback - {128} [SUCCESS] SendKeys "^{HOME}" - "[MSAA, VisibleOnly]ControlType='Edit'"
\0&lt;/a&gt;
E, 3248, 12, 2012/11/13, 08:49:40.796, 7576898855832, QTAgent32.exe, Msaa.GetFocusedElement: could not find accessible object of foreground window
W, 3248, 12, 2012/11/13, 08:49:40.874, 7576899976124, QTAgent32.exe, &lt;a class=success&gt;Playback - {129} [SUCCESS] SendKeys "^+{END}" - "[MSAA, VisibleOnly]ControlType='Edit'"
\0&lt;/a&gt;
E, 3248, 12, 2012/11/13, 08:49:40.874, 7576899978192, QTAgent32.exe, Msaa.GetFocusedElement: could not find accessible object of foreground window
W, 3248, 12, 2012/11/13, 08:49:40.890, 7576900197129, QTAgent32.exe, &lt;a class=success&gt;Playback - {130} [SUCCESS] SendKeys "{DELETE}" - "[MSAA, VisibleOnly]ControlType='Edit'"
\0&lt;/a&gt;
W, 3248, 12, 2012/11/13, 08:49:41.233, 7576905114430, QTAgent32.exe, &lt;a class=success&gt;Playback - {131} [SUCCESS] SetValueAsEditBox "13/10/2012" - "[MSAA, VisibleOnly]ControlType='Edit'"  &lt; Set via SendKeys &gt;
\0&lt;/a&gt;
W, 3248, 12, 2012/11/13, 08:49:41.795, 7576913162914, QTAgent32.exe, &lt;a class=success&gt;Playback - {132} [SUCCESS] MouseButtonClick - "[MSAA, VisibleOnly]ControlType='Button' &amp;&amp; Name='Run'"
\0&lt;/a&gt;
W, 3248, 12, 2012/11/13, 08:49:43.058, 7576931344548, QTAgent32.exe, PERF WARNING: FindTopLevelWindowHelper::FindAllDescendents: took 1160 ms. Expected it to take maximum 500 ms.
E, 3248, 12, 2012/11/13, 08:49:43.058, 7576931357484, QTAgent32.exe, IEDOM : Could not get valid window handle of Internet Explorer_server
W, 3248, 12, 2012/11/13, 08:49:43.058, 7576931358433, QTAgent32.exe, IEDOM : Unable to get the document Window Handle
W, 3248, 12, 2012/11/13, 08:49:45.648, 7576968373621, QTAgent32.exe, &lt;a class=success&gt;Playback - {133} [SUCCESS] MouseButtonClick - "[MSAA, VisibleOnly]ControlType='Button' &amp;&amp; Name='Close'"
\0&lt;/a&gt;
W, 3248, 12, 2012/11/13, 08:49:46.085, 7576974577338, QTAgent32.exe, &lt;a class=success&gt;Playback - {134} [SUCCESS] MouseButtonClick - "[MSAA, VisibleOnly]ControlType='TitleBar'"
\0&lt;/a&gt;
W, 3248, 12, 2012/11/13, 08:49:46.475, 7576980186286, QTAgent32.exe, &lt;a class=success&gt;Playback - {135} [SUCCESS] MouseButtonClick - "[MSAA, VisibleOnly]ControlType='Button' &amp;&amp; Name='Close'"
\0&lt;/a&gt;
W, 3248, 12, 2012/11/13, 08:49:46.849, 7576985577240, QTAgent32.exe, &lt;a class=success&gt;Playback - {136} [SUCCESS] MouseButtonClick - "[MSAA, VisibleOnly]ControlType='Button' &amp;&amp; Name='Options'"
\0&lt;/a&gt;
W, 3248, 12, 2012/11/13, 08:49:46.958, 7576987089030, QTAgent32.exe, FindScreenElementInSinglePass : Attempting to find control in one pass of search. Failures can occur.
W, 3248, 12, 2012/11/13, 08:49:47.130, 7576989539897, QTAgent32.exe, &lt;a class=success&gt;Playback - {137} [SUCCESS] MouseButtonClick - "[MSAA]ControlType='MenuItem' &amp;&amp; Name='Links'"
\0&lt;/a&gt;
W, 3248, 12, 2012/11/13, 08:49:47.239, 7576991107964, QTAgent32.exe, FindScreenElementInSinglePass : Attempting to find control in one pass of search. Failures can occur.
W, 3248, 12, 2012/11/13, 08:49:47.426, 7576993784085, QTAgent32.exe, &lt;a class=success&gt;Playback - {138} [SUCCESS] MouseButtonClick - "[MSAA]ControlType='MenuItem' &amp;&amp; Name='3rd Party Integration'"
\0&lt;/a&gt;
W, 3248, 12, 2012/11/13, 08:49:47.536, 7576995354260, QTAgent32.exe, FindScreenElementInSinglePass : Attempting to find control in one pass of search. Failures can occur.
W, 3248, 12, 2012/11/13, 08:49:47.707, 7576997835725, QTAgent32.exe, &lt;a class=success&gt;Playback - {139} [SUCCESS] MouseButtonClick - "[MSAA]ControlType='MenuItem' &amp;&amp; Name='Renewals Module'"
\0&lt;/a&gt;
W, 3248, 12, 2012/11/13, 08:49:48.144, 7577004059748, QTAgent32.exe, &lt;a class=success&gt;Playback - {140} [SUCCESS] SetValueAsEditBox "1" - "[MSAA, VisibleOnly]ControlType='Edit'"  &lt; Set via SendKeys &gt;
\0&lt;/a&gt;
W, 3248, 12, 2012/11/13, 08:49:48.612, 7577010881557, QTAgent32.exe, &lt;a class=success&gt;Playback - {141} [SUCCESS] MouseButtonClick - "[MSAA, VisibleOnly]ControlType='Button' &amp;&amp; Name='Ok'"
\0&lt;/a&gt;
W, 3248, 12, 2012/11/13, 08:49:49.002, 7577016365480, QTAgent32.exe, Playback - [WARNING] Internal warning: Window Not Found: [VisibleOnly]ControlType='Window' &amp;&amp; Name='insur-E.tam' &amp;&amp; ClassName='#32770'
\0
E, 3248, 12, 2012/11/13, 08:49:49.002, 7577016368154, QTAgent32.exe, &lt;a class=failure&gt;Playback - {142} [FAILED] Function ElementFetcher::FindScreenElement failed to locate UI element (Searching: ;[VisibleOnly]ControlType='Window' &amp;&amp; Name='insur-E.tam' &amp;&amp; ClassName='#32770') (The object specified was not found.)
\0&lt;/a&gt;
E, 3248, 12, 2012/11/13, 08:49:49.096, 7577017728892, QTAgent32.exe, Playback - [IMAGE] C:\Users\peter.zenin-ad\AppData\Local\Temp\UITestLogs\LastRun\RPF6508.png
\0
W, 3248, 12, 2012/11/13, 08:49:49.096, 7577017731024, QTAgent32.exe, Playback - [WARNING] Internal warning: Couldn't find descendants that match QueryId
\0
W, 3248, 12, 2012/11/13, 08:50:07.162, 7577276370680, QTAgent32.exe, Playback - [WARNING] Internal warning: Window Not Found: [VisibleOnly]ControlType='Window' &amp;&amp; Name='insur-E.tam' &amp;&amp; ClassName='#32770'
\0
E, 3248, 12, 2012/11/13, 08:50:07.162, 7577276373449, QTAgent32.exe, &lt;a class=failure&gt;Playback - {143} [FAILED] Function ElementFetcher::FindScreenElement failed to locate UI element (Searching: ;[VisibleOnly]ControlType='Window' &amp;&amp; Name='insur-E.tam' &amp;&amp; ClassName='#32770') (The object specified was not found.)
\0&lt;/a&gt;
E, 3248, 12, 2012/11/13, 08:50:07.255, 7577277732525, QTAgent32.exe, Playback - [IMAGE] C:\Users\peter.zenin-ad\AppData\Local\Temp\UITestLogs\LastRun\RPFABF7.png
\0
W, 3248, 12, 2012/11/13, 08:50:07.255, 7577277734730, QTAgent32.exe, Playback - [WARNING] Internal warning: Couldn't find descendants that match QueryId
\0
W, 3248, 12, 2012/11/13, 08:50:07.255, 7577277737750, QTAgent32.exe, PERF WARNING: FindTopLevelWindowHelper::FindAllDescendents: took 18158 ms. Expected it to take maximum 500 ms.
W, 3248, 12, 2012/11/13, 08:50:07.754, 7577284941043, QTAgent32.exe, Playback - [WARNING] Internal warning: Smart Match failed
\0
W, 3248, 12, 2012/11/13, 08:50:07.942, 7577287620831, QTAgent32.exe, Playback - [WARNING] Internal warning: Smart Match failed
\0
W, 3248, 12, 2012/11/13, 08:50:08.129, 7577290305511, QTAgent32.exe, Playback - [WARNING] Internal warning: Smart Match failed
\0
W, 3248, 12, 2012/11/13, 08:50:08.316, 7577292994663, QTAgent32.exe, Playback - [WARNING] Internal warning: Smart Match failed
\0
W, 3248, 12, 2012/11/13, 08:50:08.503, 7577295676987, QTAgent32.exe, Playback - [WARNING] Internal warning: Smart Match failed
\0
W, 3248, 12, 2012/11/13, 08:50:08.706, 7577298571498, QTAgent32.exe, Playback - [WARNING] Internal warning: Smart Match failed
\0
W, 3248, 12, 2012/11/13, 08:50:08.893, 7577301248968, QTAgent32.exe, Playback - [WARNING] Internal warning: Smart Match failed
\0
W, 3248, 12, 2012/11/13, 08:50:09.081, 7577303933338, QTAgent32.exe, Playback - [WARNING] Internal warning: Smart Match failed
\0
W, 3248, 12, 2012/11/13, 08:50:09.268, 7577306614206, QTAgent32.exe, Playback - [WARNING] Internal warning: Smart Match failed
\0
W, 3248, 12, 2012/11/13, 08:50:09.455, 7577309289444, QTAgent32.exe, Playback - [WARNING] Internal warning: Smart Match failed
\0
W, 3248, 12, 2012/11/13, 08:50:09.642, 7577311968293, QTAgent32.exe, Playback - [WARNING] Internal warning: Smart Match failed
\0
W, 3248, 12, 2012/11/13, 08:50:09.829, 7577314659660, QTAgent32.exe, Playback - [WARNING] Internal warning: Smart Match failed
\0
W, 3248, 12, 2012/11/13, 08:50:10.017, 7577317333422, QTAgent32.exe, Playback - [WARNING] Internal warning: Smart Match failed
\0
W, 3248, 12, 2012/11/13, 08:50:10.204, 7577320010131, QTAgent32.exe, Playback - [WARNING] Internal warning: Smart Match failed
\0
W, 3248, 12, 2012/11/13, 08:50:10.282, 7577321113817, QTAgent32.exe, Playback - [WARNING] Internal warning: Window Not Found: [VisibleOnly]ControlType='Window' &amp;&amp; Name='insur-E.tam' &amp;&amp; ClassName='#32770'
\0
E, 3248, 12, 2012/11/13, 08:50:10.282, 7577321116026, QTAgent32.exe, &lt;a class=failure&gt;Playback - {144} [FAILED] Function ElementFetcher::FindScreenElement failed to locate UI element (Searching: ;[VisibleOnly]ControlType='Window' &amp;&amp; Name='insur-E.tam' &amp;&amp; ClassName='#32770') (The object specified was not found.)
\0&lt;/a&gt;
E, 3248, 12, 2012/11/13, 08:50:10.375, 7577322469621, QTAgent32.exe, Playback - [IMAGE] C:\Users\peter.zenin-ad\AppData\Local\Temp\UITestLogs\LastRun\RPFB828.png
\0
W, 3248, 12, 2012/11/13, 08:50:10.375, 7577322471737, QTAgent32.exe, Playback - [WARNING] Internal warning: Couldn't find descendants that match QueryId
\0
W, 3248, 12, 2012/11/13, 08:50:10.375, 7577322474703, QTAgent32.exe, PERF WARNING: FindTopLevelWindowHelper::FindAllDescendents: took 3124 ms. Expected it to take maximum 500 ms.
E, 3248, 12, 2012/11/13, 08:50:10.375, 7577322476480, QTAgent32.exe, Exception: System.Runtime.InteropServices.COMException
	Message: Error HRESULT E_FAIL has been returned from a call to a COM component.
	Stack Trace:    at Microsoft.VisualStudio.TestTools.UITest.Playback.Engine.IRPFPlayback.FindAllScreenElements(IScreenElement pScreenElementStart, String bstrQueryId, Object&amp; pvarResKeys, Int32 cResKeys, Int32 nMaxDepth, Object[]&amp; foundDescendants)
   at Microsoft.VisualStudio.TestTools.UITest.Playback.ScreenElement.FindTopLevelWindowHelper(String queryId)
	BaseExceptionMessage: Error HRESULT E_FAIL has been returned from a call to a COM component.

E, 3248, 12, 2012/11/13, 08:50:10.375, 7577322481358, QTAgent32.exe, Window 8193508 not responding. Last Win32 error 0
E, 3248, 12, 2012/11/13, 08:50:10.375, 7577322483997, QTAgent32.exe, GetClassName for handle 8193508 failed
E, 3248, 12, 2012/11/13, 08:50:10.375, 7577322487839, QTAgent32.exe, Window 8193508 not responding. Last Win32 error 1400
E, 3248, 12, 2012/11/13, 08:50:10.375, 7577322497727, QTAgent32.exe, Window 8193508 not responding. Last Win32 error 1400
E, 3248, 12, 2012/11/13, 08:50:10.375, 7577322498862, QTAgent32.exe, GetClassName for handle 8193508 failed
E, 3248, 12, 2012/11/13, 08:50:10.375, 7577322499643, QTAgent32.exe, GetClassName for handle 8193508 failed
E, 3248, 12, 2012/11/13, 08:50:10.485, 7577323918827, QTAgent32.exe, AL: Playback Error: Microsoft.VisualStudio.TestTools.UITest.Extension.UITestControlNotFoundException: The playback failed to find the control with the given search properties. Additional Details: 
TechnologyName:  'MSAA'
ControlType:  'Window'
 ---&gt; System.Runtime.InteropServices.COMException: Error HRESULT E_FAIL has been returned from a call to a COM component.
   at Microsoft.VisualStudio.TestTools.UITest.Playback.Engine.IRPFPlayback.FindAllScreenElements(IScreenElement pScreenElementStart, String bstrQueryId, Object&amp; pvarResKeys, Int32 cResKeys, Int32 nMaxDepth, Object[]&amp; foundDescendants)
   at Microsoft.VisualStudio.TestTools.UITest.Playback.ScreenElement.FindTopLevelWindowHelper(String queryId)
   at Microsoft.VisualStudio.TestTools.UITest.Playback.ScreenElement.FindFromPartialQueryId(String queryId)
   at Microsoft.VisualStudio.TestTools.UITesting.UITestControl..ctor(String queryId)
   --- End of inner exception stack trace ---
   at Microsoft.VisualStudio.TestTools.UITesting.Playback.MapControlNotFoundException(COMException ex, IPlaybackContext context)
   at Microsoft.VisualStudio.TestTools.UITesting.Playback.MapAndThrowComException(COMException innerException, IPlaybackContext context)
   at Microsoft.VisualStudio.TestTools.UITesting.Playback.MapAndThrowException(SystemException exception, IPlaybackContext context)
   at Microsoft.VisualStudio.TestTools.UITesting.Playback.MapAndThrowException(SystemException exception, String queryId)
   at Microsoft.VisualStudio.TestTools.UITesting.UITestControl..ctor(String queryId)
   at Microsoft.VisualStudio.TestTools.UITesting.SearchHelper.SearchTopLevelWindow(ISearchArgument topLevelSearchArg, String topLevelElementQueryId)
   at Microsoft.VisualStudio.TestTools.UITesting.SearchHelper.GetTitleUpdatedTopLevelWindow(ISearchArgument topLevelSearchArg, String queryId, IList`1 windowTitles)
   at Microsoft.VisualStudio.TestTools.UITesting.SearchHelper.GetTopLevelElement(Boolean useCache, Boolean useCacheOnly, ISearchArgument searchArg, IList`1 windowTitles, Int32&amp; timeLeft)
   at Microsoft.VisualStudio.TestTools.UITesting.SearchHelper.GetElement(Boolean useCache, ISearchArgument searchArg)
   at Microsoft.VisualStudio.TestTools.UITesting.SearchHelper.Search(ISearchArgument searchArg)
   at Microsoft.VisualStudio.TestTools.UITesting.UITestControl.FindInternal()
   at Microsoft.VisualStudio.TestTools.UITesting.UITestControl.FindControlIfNecessary()
   at Microsoft.VisualStudio.TestTools.UITesting.UITestControl.Click(MouseButtons button, ModifierKeys modifierKeys, Point relativeCoordinates)
   at Microsoft.VisualStudio.TestTools.UITesting.Mouse.ClickImplementation(UITestControl control, MouseButtons button, ModifierKeys modifierKeys, Point relativeCoordinate)
   at Microsoft.VisualStudio.TestTools.UITesting.Mouse.ClickImplementationWrapper(UITestControl control, MouseButtons button, ModifierKeys modifierKeys, Point relativeCoordinate)
W, 3248, 12, 2012/11/13, 08:50:10.485, 7577323920644, QTAgent32.exe, PlaybackErrorHandler: Ignoring exception as ContinueOnError is set.
W, 3248, 12, 2012/11/13, 08:50:10.765, 7577327987940, QTAgent32.exe, Playback - [WARNING] Internal warning: Window Not Found: [VisibleOnly]ControlType='Window' &amp;&amp; Name='Policies Auto-Renewed &amp; Auto-Lapsed' &amp;&amp; ClassName='ThunderRT6FormDC'
\0
E, 3248, 12, 2012/11/13, 08:50:10.765, 7577327990809, QTAgent32.exe, &lt;a class=failure&gt;Playback - {145} [FAILED] Function ElementFetcher::FindScreenElement failed to locate UI element (Searching: ;[VisibleOnly]ControlType='Window' &amp;&amp; Name='Policies Auto-Renewed &amp; Auto-Lapsed' &amp;&amp; ClassName='ThunderRT6FormDC') (The object specified was not found.)
\0&lt;/a&gt;
E, 3248, 12, 2012/11/13, 08:50:10.859, 7577329341645, QTAgent32.exe, Playback - [IMAGE] C:\Users\peter.zenin-ad\AppData\Local\Temp\UITestLogs\LastRun\RPFBA0D.png
\0
W, 3248, 12, 2012/11/13, 08:50:10.859, 7577329343808, QTAgent32.exe, Playback - [WARNING] Internal warning: Couldn't find descendants that match QueryId
\0
W, 3248, 12, 2012/11/13, 08:50:28.940, 7577588219000, QTAgent32.exe, Playback - [WARNING] Internal warning: Window Not Found: [VisibleOnly]ControlType='Window' &amp;&amp; Name='Policies Auto-Renewed &amp; Auto-Lapsed' &amp;&amp; ClassName='ThunderRT6FormDC'
\0
E, 3248, 12, 2012/11/13, 08:50:28.940, 7577588221590, QTAgent32.exe, &lt;a class=failure&gt;Playback - {146} [FAILED] Function ElementFetcher::FindScreenElement failed to locate UI element (Searching: ;[VisibleOnly]ControlType='Window' &amp;&amp; Name='Policies Auto-Renewed &amp; Auto-Lapsed' &amp;&amp; ClassName='ThunderRT6FormDC') (The object specified was not found.)
\0&lt;/a&gt;
E, 3248, 12, 2012/11/13, 08:50:29.034, 7577589580381, QTAgent32.exe, Playback - [IMAGE] C:\Users\peter.zenin-ad\AppData\Local\Temp\UITestLogs\LastRun\RPF10C.png
\0
W, 3248, 12, 2012/11/13, 08:50:29.034, 7577589585114, QTAgent32.exe, Playback - [WARNING] Internal warning: Couldn't find descendants that match QueryId
\0
W, 3248, 12, 2012/11/13, 08:50:29.034, 7577589588097, QTAgent32.exe, PERF WARNING: FindTopLevelWindowHelper::FindAllDescendents: took 18175 ms. Expected it to take maximum 500 ms.
W, 3248, 12, 2012/11/13, 08:50:29.533, 7577596759440, QTAgent32.exe, Playback - [WARNING] Internal warning: Smart Match failed
\0
W, 3248, 12, 2012/11/13, 08:50:29.721, 7577599437923, QTAgent32.exe, Playback - [WARNING] Internal warning: Smart Match failed
\0
W, 3248, 12, 2012/11/13, 08:50:29.908, 7577602123723, QTAgent32.exe, Playback - [WARNING] Internal warning: Smart Match failed
\0
W, 3248, 12, 2012/11/13, 08:50:30.095, 7577604801740, QTAgent32.exe, Playback - [WARNING] Internal warning: Smart Match failed
\0
W, 3248, 12, 2012/11/13, 08:50:30.282, 7577607480851, QTAgent32.exe, Playback - [WARNING] Internal warning: Smart Match failed
\0
W, 3248, 12, 2012/11/13, 08:50:30.469, 7577610162240, QTAgent32.exe, Playback - [WARNING] Internal warning: Smart Match failed
\0
W, 3248, 12, 2012/11/13, 08:50:30.657, 7577612843046, QTAgent32.exe, Playback - [WARNING] Internal warning: Smart Match failed
\0
W, 3248, 12, 2012/11/13, 08:50:30.844, 7577615521475, QTAgent32.exe, Playback - [WARNING] Internal warning: Smart Match failed
\0
W, 3248, 12, 2012/11/13, 08:50:31.031, 7577618203694, QTAgent32.exe, Playback - [WARNING] Internal warning: Smart Match failed
\0
W, 3248, 12, 2012/11/13, 08:50:31.218, 7577620880393, QTAgent32.exe, Playback - [WARNING] Internal warning: Smart Match failed
\0
W, 3248, 12, 2012/11/13, 08:50:31.405, 7577623564701, QTAgent32.exe, Playback - [WARNING] Internal warning: Smart Match failed
\0
W, 3248, 12, 2012/11/13, 08:50:31.593, 7577626245051, QTAgent32.exe, Playback - [WARNING] Internal warning: Smart Match failed
\0
W, 3248, 12, 2012/11/13, 08:50:31.780, 7577628923850, QTAgent32.exe, Playback - [WARNING] Internal warning: Smart Match failed
\0
W, 3248, 12, 2012/11/13, 08:50:31.967, 7577631611919, QTAgent32.exe, Playback - [WARNING] Internal warning: Smart Match failed
\0
W, 3248, 12, 2012/11/13, 08:50:32.045, 7577632739421, QTAgent32.exe, Playback - [WARNING] Internal warning: Window Not Found: [VisibleOnly]ControlType='Window' &amp;&amp; Name='Policies Auto-Renewed &amp; Auto-Lapsed' &amp;&amp; ClassName='ThunderRT6FormDC'
\0
E, 3248, 12, 2012/11/13, 08:50:32.045, 7577632742780, QTAgent32.exe, &lt;a class=failure&gt;Playback - {147} [FAILED] Function ElementFetcher::FindScreenElement failed to locate UI element (Searching: ;[VisibleOnly]ControlType='Window' &amp;&amp; Name='Policies Auto-Renewed &amp; Auto-Lapsed' &amp;&amp; ClassName='ThunderRT6FormDC') (The object specified was not found.)
\0&lt;/a&gt;
E, 3248, 12, 2012/11/13, 08:50:32.139, 7577634099855, QTAgent32.exe, Playback - [IMAGE] C:\Users\peter.zenin-ad\AppData\Local\Temp\UITestLogs\LastRun\RPFD2D.png
\0
W, 3248, 12, 2012/11/13, 08:50:32.139, 7577634102050, QTAgent32.exe, Playback - [WARNING] Internal warning: Couldn't find descendants that match QueryId
\0
W, 3248, 12, 2012/11/13, 08:50:32.139, 7577634105056, QTAgent32.exe, PERF WARNING: FindTopLevelWindowHelper::FindAllDescendents: took 3108 ms. Expected it to take maximum 500 ms.
E, 3248, 12, 2012/11/13, 08:50:32.139, 7577634106832, QTAgent32.exe, Exception: System.Runtime.InteropServices.COMException
	Message: Error HRESULT E_FAIL has been returned from a call to a COM component.
	Stack Trace:    at Microsoft.VisualStudio.TestTools.UITest.Playback.Engine.IRPFPlayback.FindAllScreenElements(IScreenElement pScreenElementStart, String bstrQueryId, Object&amp; pvarResKeys, Int32 cResKeys, Int32 nMaxDepth, Object[]&amp; foundDescendants)
   at Microsoft.VisualStudio.TestTools.UITest.Playback.ScreenElement.FindTopLevelWindowHelper(String queryId)
	BaseExceptionMessage: Error HRESULT E_FAIL has been returned from a call to a COM component.

E, 3248, 12, 2012/11/13, 08:50:32.248, 7577635508390, QTAgent32.exe, AL: Playback Error: Microsoft.VisualStudio.TestTools.UITest.Extension.UITestControlNotFoundException: The playback failed to find the control with the given search properties. Additional Details: 
TechnologyName:  'MSAA'
ControlType:  'Window'
Name:  'Policies Auto-Renewed &amp; Auto-Lapsed'
ClassName:  'ThunderRT6FormDC'
 ---&gt; System.Runtime.InteropServices.COMException: Error HRESULT E_FAIL has been returned from a call to a COM component.
   at Microsoft.VisualStudio.TestTools.UITest.Playback.Engine.IRPFPlayback.FindAllScreenElements(IScreenElement pScreenElementStart, String bstrQueryId, Object&amp; pvarResKeys, Int32 cResKeys, Int32 nMaxDepth, Object[]&amp; foundDescendants)
   at Microsoft.VisualStudio.TestTools.UITest.Playback.ScreenElement.FindTopLevelWindowHelper(String queryId)
   at Microsoft.VisualStudio.TestTools.UITest.Playback.ScreenElement.FindFromPartialQueryId(String queryId)
   at Microsoft.VisualStudio.TestTools.UITesting.UITestControl..ctor(String queryId)
   --- End of inner exception stack trace ---
   at Microsoft.VisualStudio.TestTools.UITesting.Playback.MapControlNotFoundException(COMException ex, IPlaybackContext context)
   at Microsoft.VisualStudio.TestTools.UITesting.Playback.MapAndThrowComException(COMException innerException, IPlaybackContext context)
   at Microsoft.VisualStudio.TestTools.UITesting.Playback.MapAndThrowException(SystemException exception, IPlaybackContext context)
   at Microsoft.VisualStudio.TestTools.UITesting.Playback.MapAndThrowException(SystemException exception, String queryId)
   at Microsoft.VisualStudio.TestTools.UITesting.UITestControl..ctor(String queryId)
   at Microsoft.VisualStudio.TestTools.UITesting.SearchHelper.SearchTopLevelWindow(ISearchArgument topLevelSearchArg, String topLevelElementQueryId)
   at Microsoft.VisualStudio.TestTools.UITesting.SearchHelper.GetTitleUpdatedTopLevelWindow(ISearchArgument topLevelSearchArg, String queryId, IList`1 windowTitles)
   at Microsoft.VisualStudio.TestTools.UITesting.SearchHelper.GetTopLevelElement(Boolean useCache, Boolean useCacheOnly, ISearchArgument searchArg, IList`1 windowTitles, Int32&amp; timeLeft)
   at Microsoft.VisualStudio.TestTools.UITesting.SearchHelper.GetElement(Boolean useCache, ISearchArgument searchArg)
   at Microsoft.VisualStudio.TestTools.UITesting.SearchHelper.Search(ISearchArgument searchArg)
   at Microsoft.VisualStudio.TestTools.UITesting.UITestControl.FindInternal()
   at Microsoft.VisualStudio.TestTools.UITesting.UITestControl.FindControlIfNecessary()
   at Microsoft.VisualStudio.TestTools.UITesting.UITestControl.Click(MouseButtons button, ModifierKeys modifierKeys, Point relativeCoordinates)
   at Microsoft.VisualStudio.TestTools.UITesting.Mouse.ClickImplementation(UITestControl control, MouseButtons button, ModifierKeys modifierKeys, Point relativeCoordinate)
   at Microsoft.VisualStudio.TestTools.UITesting.Mouse.ClickImplementationWrapper(UITestControl control, MouseButtons button, ModifierKeys modifierKeys, Point relativeCoordinate)
W, 3248, 12, 2012/11/13, 08:50:32.248, 7577635509923, QTAgent32.exe, PlaybackErrorHandler: Ignoring exception as ContinueOnError is set.
W, 3248, 12, 2012/11/13, 08:50:32.529, 7577639544331, QTAgent32.exe, Playback - [WARNING] Internal warning: Window Not Found: [VisibleOnly]ControlType='Window' &amp;&amp; Name='insur-E.tam' &amp;&amp; ClassName='ThunderRT6MDIForm'
\0
E, 3248, 12, 2012/11/13, 08:50:32.529, 7577639547073, QTAgent32.exe, &lt;a class=failure&gt;Playback - {148} [FAILED] Function ElementFetcher::FindScreenElement failed to locate UI element (Searching: ;[VisibleOnly]ControlType='Window' &amp;&amp; Name='insur-E.tam' &amp;&amp; ClassName='ThunderRT6MDIForm') (The object specified was not found.)
\0&lt;/a&gt;
E, 3248, 12, 2012/11/13, 08:50:32.622, 7577640917945, QTAgent32.exe, Playback - [IMAGE] C:\Users\peter.zenin-ad\AppData\Local\Temp\UITestLogs\LastRun\RPFF12.png
\0
W, 3248, 12, 2012/11/13, 08:50:32.622, 7577640920075, QTAgent32.exe, Playback - [WARNING] Internal warning: Couldn't find descendants that match QueryId
\0
W, 3248, 12, 2012/11/13, 08:50:50.735, 7577900223959, QTAgent32.exe, Playback - [WARNING] Internal warning: Window Not Found: [VisibleOnly]ControlType='Window' &amp;&amp; Name='insur-E.tam' &amp;&amp; ClassName='ThunderRT6MDIForm'
\0
E, 3248, 12, 2012/11/13, 08:50:50.735, 7577900226794, QTAgent32.exe, &lt;a class=failure&gt;Playback - {149} [FAILED] Function ElementFetcher::FindScreenElement failed to locate UI element (Searching: ;[VisibleOnly]ControlType='Window' &amp;&amp; Name='insur-E.tam' &amp;&amp; ClassName='ThunderRT6MDIForm') (The object specified was not found.)
\0&lt;/a&gt;
E, 3248, 12, 2012/11/13, 08:50:50.829, 7577901585253, QTAgent32.exe, Playback - [IMAGE] C:\Users\peter.zenin-ad\AppData\Local\Temp\UITestLogs\LastRun\RPF5630.png
\0
W, 3248, 12, 2012/11/13, 08:50:50.829, 7577901587369, QTAgent32.exe, Playback - [WARNING] Internal warning: Couldn't find descendants that match QueryId
\0
W, 3248, 12, 2012/11/13, 08:50:50.829, 7577901590352, QTAgent32.exe, PERF WARNING: FindTopLevelWindowHelper::FindAllDescendents: took 18205 ms. Expected it to take maximum 500 ms.
W, 3248, 12, 2012/11/13, 08:50:51.328, 7577908795842, QTAgent32.exe, Playback - [WARNING] Internal warning: Smart Match failed
\0
W, 3248, 12, 2012/11/13, 08:50:51.515, 7577911487749, QTAgent32.exe, Playback - [WARNING] Internal warning: Smart Match failed
\0
W, 3248, 12, 2012/11/13, 08:50:51.702, 7577914160581, QTAgent32.exe, Playback - [WARNING] Internal warning: Smart Match failed
\0
W, 3248, 12, 2012/11/13, 08:50:51.889, 7577916867695, QTAgent32.exe, Playback - [WARNING] Internal warning: Smart Match failed
\0
W, 3248, 12, 2012/11/13, 08:50:52.077, 7577919524206, QTAgent32.exe, Playback - [WARNING] Internal warning: Smart Match failed
\0
W, 3248, 12, 2012/11/13, 08:50:52.264, 7577922197843, QTAgent32.exe, Playback - [WARNING] Internal warning: Smart Match failed
\0
W, 3248, 12, 2012/11/13, 08:50:52.451, 7577924880131, QTAgent32.exe, Playback - [WARNING] Internal warning: Smart Match failed
\0
W, 3248, 12, 2012/11/13, 08:50:52.638, 7577927564301, QTAgent32.exe, Playback - [WARNING] Internal warning: Smart Match failed
\0
W, 3248, 12, 2012/11/13, 08:50:52.825, 7577930243560, QTAgent32.exe, Playback - [WARNING] Internal warning: Smart Match failed
\0
W, 3248, 12, 2012/11/13, 08:50:53.013, 7577932922926, QTAgent32.exe, Playback - [WARNING] Internal warning: Smart Match failed
\0
W, 3248, 12, 2012/11/13, 08:50:53.200, 7577935602309, QTAgent32.exe, Playback - [WARNING] Internal warning: Smart Match failed
\0
W, 3248, 12, 2012/11/13, 08:50:53.387, 7577938284116, QTAgent32.exe, Playback - [WARNING] Internal warning: Smart Match failed
\0
W, 3248, 12, 2012/11/13, 08:50:53.574, 7577940963565, QTAgent32.exe, Playback - [WARNING] Internal warning: Smart Match failed
\0
W, 3248, 12, 2012/11/13, 08:50:53.777, 7577943866439, QTAgent32.exe, Playback - [WARNING] Internal warning: Smart Match failed
\0
W, 3248, 12, 2012/11/13, 08:50:53.855, 7577944976492, QTAgent32.exe, Playback - [WARNING] Internal warning: Window Not Found: [VisibleOnly]ControlType='Window' &amp;&amp; Name='insur-E.tam' &amp;&amp; ClassName='ThunderRT6MDIForm'
\0
E, 3248, 12, 2012/11/13, 08:50:53.855, 7577944978839, QTAgent32.exe, &lt;a class=failure&gt;Playback - {150} [FAILED] Function ElementFetcher::FindScreenElement failed to locate UI element (Searching: ;[VisibleOnly]ControlType='Window' &amp;&amp; Name='insur-E.tam' &amp;&amp; ClassName='ThunderRT6MDIForm') (The object specified was not found.)
\0&lt;/a&gt;
E, 3248, 12, 2012/11/13, 08:50:53.949, 7577946336719, QTAgent32.exe, Playback - [IMAGE] C:\Users\peter.zenin-ad\AppData\Local\Temp\UITestLogs\LastRun\RPF6261.png
\0
W, 3248, 12, 2012/11/13, 08:50:53.949, 7577946338854, QTAgent32.exe, Playback - [WARNING] Internal warning: Couldn't find descendants that match QueryId
\0
W, 3248, 12, 2012/11/13, 08:50:53.949, 7577946341841, QTAgent32.exe, PERF WARNING: FindTopLevelWindowHelper::FindAllDescendents: took 3125 ms. Expected it to take maximum 500 ms.
E, 3248, 12, 2012/11/13, 08:50:53.949, 7577946343624, QTAgent32.exe, Exception: System.Runtime.InteropServices.COMException
	Message: Error HRESULT E_FAIL has been returned from a call to a COM component.
	Stack Trace:    at Microsoft.VisualStudio.TestTools.UITest.Playback.Engine.IRPFPlayback.FindAllScreenElements(IScreenElement pScreenElementStart, String bstrQueryId, Object&amp; pvarResKeys, Int32 cResKeys, Int32 nMaxDepth, Object[]&amp; foundDescendants)
   at Microsoft.VisualStudio.TestTools.UITest.Playback.ScreenElement.FindTopLevelWindowHelper(String queryId)
	BaseExceptionMessage: Error HRESULT E_FAIL has been returned from a call to a COM component.

E, 3248, 12, 2012/11/13, 08:50:53.949, 7577946348502, QTAgent32.exe, Window 6685326 not responding. Last Win32 error 0
E, 3248, 12, 2012/11/13, 08:50:53.949, 7577946351079, QTAgent32.exe, GetClassName for handle 6685326 failed
E, 3248, 12, 2012/11/13, 08:50:53.949, 7577946354926, QTAgent32.exe, Window 6685326 not responding. Last Win32 error 1400
E, 3248, 12, 2012/11/13, 08:50:53.949, 7577946364849, QTAgent32.exe, Window 6685326 not responding. Last Win32 error 1400
E, 3248, 12, 2012/11/13, 08:50:53.949, 7577946365969, QTAgent32.exe, GetClassName for handle 6685326 failed
E, 3248, 12, 2012/11/13, 08:50:53.949, 7577946366772, QTAgent32.exe, GetClassName for handle 6685326 failed
E, 3248, 12, 2012/11/13, 08:50:54.058, 7577947770793, QTAgent32.exe, AL: Playback Error: Microsoft.VisualStudio.TestTools.UITest.Extension.UITestControlNotFoundException: The playback failed to find the control with the given search properties. Additional Details: 
TechnologyName:  'MSAA'
ControlType:  'Window'
 ---&gt; System.Runtime.InteropServices.COMException: Error HRESULT E_FAIL has been returned from a call to a COM component.
   at Microsoft.VisualStudio.TestTools.UITest.Playback.Engine.IRPFPlayback.FindAllScreenElements(IScreenElement pScreenElementStart, String bstrQueryId, Object&amp; pvarResKeys, Int32 cResKeys, Int32 nMaxDepth, Object[]&amp; foundDescendants)
   at Microsoft.VisualStudio.TestTools.UITest.Playback.ScreenElement.FindTopLevelWindowHelper(String queryId)
   at Microsoft.VisualStudio.TestTools.UITest.Playback.ScreenElement.FindFromPartialQueryId(String queryId)
   at Microsoft.VisualStudio.TestTools.UITesting.UITestControl..ctor(String queryId)
   --- End of inner exception stack trace ---
   at Microsoft.VisualStudio.TestTools.UITesting.Playback.MapControlNotFoundException(COMException ex, IPlaybackContext context)
   at Microsoft.VisualStudio.TestTools.UITesting.Playback.MapAndThrowComException(COMException innerException, IPlaybackContext context)
   at Microsoft.VisualStudio.TestTools.UITesting.Playback.MapAndThrowException(SystemException exception, IPlaybackContext context)
   at Microsoft.VisualStudio.TestTools.UITesting.Playback.MapAndThrowException(SystemException exception, String queryId)
   at Microsoft.VisualStudio.TestTools.UITesting.UITestControl..ctor(String queryId)
   at Microsoft.VisualStudio.TestTools.UITesting.SearchHelper.SearchTopLevelWindow(ISearchArgument topLevelSearchArg, String topLevelElementQueryId)
   at Microsoft.VisualStudio.TestTools.UITesting.SearchHelper.GetTitleUpdatedTopLevelWindow(ISearchArgument topLevelSearchArg, String queryId, IList`1 windowTitles)
   at Microsoft.VisualStudio.TestTools.UITesting.SearchHelper.GetTopLevelElement(Boolean useCache, Boolean useCacheOnly, ISearchArgument searchArg, IList`1 windowTitles, Int32&amp; timeLeft)
   at Microsoft.VisualStudio.TestTools.UITesting.SearchHelper.GetElement(Boolean useCache, ISearchArgument searchArg)
   at Microsoft.VisualStudio.TestTools.UITesting.SearchHelper.Search(ISearchArgument searchArg)
   at Microsoft.VisualStudio.TestTools.UITesting.UITestControl.FindInternal()
   at Microsoft.VisualStudio.TestTools.UITesting.UITestControl.FindControlIfNecessary()
   at Microsoft.VisualStudio.TestTools.UITesting.UITestControl.Click(MouseButtons button, ModifierKeys modifierKeys, Point relativeCoordinates)
   at Microsoft.VisualStudio.TestTools.UITesting.Mouse.ClickImplementation(UITestControl control, MouseButtons button, ModifierKeys modifierKeys, Point relativeCoordinate)
   at Microsoft.VisualStudio.TestTools.UITesting.Mouse.ClickImplementationWrapper(UITestControl control, MouseButtons button, ModifierKeys modifierKeys, Point relativeCoordinate)
W, 3248, 12, 2012/11/13, 08:50:55.680, 7577971000860, QTAgent32.exe, Playback - [WARNING] Internal warning: Element "[MSAA, VisibleOnly]ControlType='Window' &amp;&amp; ControlId='32770'" was not found, so all intermediate elements were ignored. To improve performance replace this element Id with another Id or exclude it from QueryId. If this element is the target element, replace or remove intermediate elements
\0
W, 3248, 12, 2012/11/13, 08:50:56.226, 7577978816956, QTAgent32.exe, PERF WARNING: FindAllDescendents: took 2083 ms. Expected it to take maximum 500 ms.
W, 3248, 12, 2012/11/13, 08:50:56.632, 7577984800348, QTAgent32.exe, &lt;a class=success&gt;Playback - {151} [SUCCESS] MouseButtonClick - "[MSAA, VisibleOnly]ControlType='Button' &amp;&amp; Name='Cancel'"
\0&lt;/a&gt;
W, 3248, 12, 2012/11/13, 08:50:58.301, 7578008525986, QTAgent32.exe, Playback - [WARNING] Internal warning: Element "[MSAA, VisibleOnly]ControlType='Window' &amp;&amp; ControlId='32769'" was not found, so all intermediate elements were ignored. To improve performance replace this element Id with another Id or exclude it from QueryId. If this element is the target element, replace or remove intermediate elements
\0
W, 3248, 12, 2012/11/13, 08:50:58.832, 7578016206650, QTAgent32.exe, PERF WARNING: FindAllDescendents: took 2080 ms. Expected it to take maximum 500 ms.
W, 3248, 12, 2012/11/13, 08:50:59.159, 7578020817846, QTAgent32.exe, &lt;a class=success&gt;Playback - {152} [SUCCESS] MouseButtonClick - "[MSAA, VisibleOnly]ControlType='Button' &amp;&amp; Name='Cancel'"
\0&lt;/a&gt;
W, 3248, 12, 2012/11/13, 08:50:59.503, 7578025924720, QTAgent32.exe, Playback - [WARNING] Internal warning: Window Not Found: [VisibleOnly]ControlType='Window' &amp;&amp; Name='Customer: txt1 tdsfs' &amp;&amp; ClassName='ThunderRT6MDIForm'
\0
E, 3248, 12, 2012/11/13, 08:50:59.503, 7578025927477, QTAgent32.exe, &lt;a class=failure&gt;Playback - {153} [FAILED] Function ElementFetcher::FindScreenElement failed to locate UI element (Searching: ;[VisibleOnly]ControlType='Window' &amp;&amp; Name='Customer: txt1 tdsfs' &amp;&amp; ClassName='ThunderRT6MDIForm') (The object specified was not found.)
\0&lt;/a&gt;
E, 3248, 12, 2012/11/13, 08:50:59.612, 7578027287354, QTAgent32.exe, Playback - [IMAGE] C:\Users\peter.zenin-ad\AppData\Local\Temp\UITestLogs\LastRun\RPF7872.png
\0
W, 3248, 12, 2012/11/13, 08:50:59.612, 7578027289557, QTAgent32.exe, Playback - [WARNING] Internal warning: Couldn't find descendants that match QueryId
\0
W, 3248, 12, 2012/11/13, 08:50:59.627, 7578027570897, QTAgent32.exe, Playback - [WARNING] Internal warning: Window Not Found: [VisibleOnly]ControlType='Window' &amp;&amp; Name='Customer: txt1 tdsfs' &amp;&amp; ClassName='ThunderRT6MDIForm'
\0
E, 3248, 12, 2012/11/13, 08:50:59.627, 7578027572909, QTAgent32.exe, &lt;a class=failure&gt;Playback - {154} [FAILED] Function ElementFetcher::FindScreenElement failed to locate UI element (Searching: ;[VisibleOnly]ControlType='Window' &amp;&amp; Name='Customer: txt1 tdsfs' &amp;&amp; ClassName='ThunderRT6MDIForm') (The object specified was not found.)
\0&lt;/a&gt;
E, 3248, 12, 2012/11/13, 08:50:59.721, 7578028926290, QTAgent32.exe, Playback - [IMAGE] C:\Users\peter.zenin-ad\AppData\Local\Temp\UITestLogs\LastRun\RPF78EF.png
\0
W, 3248, 12, 2012/11/13, 08:50:59.721, 7578028928392, QTAgent32.exe, Playback - [WARNING] Internal warning: Couldn't find descendants that match QueryId
\0
W, 3248, 12, 2012/11/13, 08:50:59.986, 7578032859568, QTAgent32.exe, Playback - [WARNING] Internal warning: Window Not Found: [VisibleOnly]ControlType='Window' &amp;&amp; Name='Customer: txt1 tdsfs' &amp;&amp; ClassName='ThunderRT6MDIForm'
\0
E, 3248, 12, 2012/11/13, 08:50:59.986, 7578032862358, QTAgent32.exe, &lt;a class=failure&gt;Playback - {155} [FAILED] Function ElementFetcher::FindScreenElement failed to locate UI element (Searching: ;[VisibleOnly]ControlType='Window' &amp;&amp; Name='Customer: txt1 tdsfs' &amp;&amp; ClassName='ThunderRT6MDIForm') (The object specified was not found.)
\0&lt;/a&gt;
E, 3248, 12, 2012/11/13, 08:51:00.095, 7578034228977, QTAgent32.exe, Playback - [IMAGE] C:\Users\peter.zenin-ad\AppData\Local\Temp\UITestLogs\LastRun\RPF7A57.png
\0
W, 3248, 12, 2012/11/13, 08:51:00.095, 7578034231108, QTAgent32.exe, Playback - [WARNING] Internal warning: Couldn't find descendants that match QueryId
\0
E, 3248, 12, 2012/11/13, 08:51:00.095, 7578034235066, QTAgent32.exe, Exception: System.Runtime.InteropServices.COMException
	Message: Error HRESULT E_FAIL has been returned from a call to a COM component.
	Stack Trace:    at Microsoft.VisualStudio.TestTools.UITest.Playback.Engine.IRPFPlayback.FindAllScreenElements(IScreenElement pScreenElementStart, String bstrQueryId, Object&amp; pvarResKeys, Int32 cResKeys, Int32 nMaxDepth, Object[]&amp; foundDescendants)
   at Microsoft.VisualStudio.TestTools.UITest.Playback.ScreenElement.FindTopLevelWindowHelper(String queryId)
	BaseExceptionMessage: Error HRESULT E_FAIL has been returned from a call to a COM component.

E, 3248, 12, 2012/11/13, 08:51:00.095, 7578034239936, QTAgent32.exe, Window 5703330 not responding. Last Win32 error 0
E, 3248, 12, 2012/11/13, 08:51:00.095, 7578034242553, QTAgent32.exe, GetClassName for handle 5703330 failed
E, 3248, 12, 2012/11/13, 08:51:00.095, 7578034246470, QTAgent32.exe, Window 5703330 not responding. Last Win32 error 1400
E, 3248, 12, 2012/11/13, 08:51:00.095, 7578034256611, QTAgent32.exe, Window 5703330 not responding. Last Win32 error 1400
E, 3248, 12, 2012/11/13, 08:51:00.095, 7578034257780, QTAgent32.exe, GetClassName for handle 5703330 failed
E, 3248, 12, 2012/11/13, 08:51:00.095, 7578034258584, QTAgent32.exe, GetClassName for handle 5703330 failed
W, 3248, 12, 2012/11/13, 08:51:00.345, 7578037995033, QTAgent32.exe, Playback - [WARNING] Internal warning: Window Not Found: [VisibleOnly]ControlType='Window' &amp;&amp; Name='Customer: autotest autotest' &amp;&amp; ClassName='ThunderRT6MDIForm'
\0
E, 3248, 12, 2012/11/13, 08:51:00.345, 7578037997816, QTAgent32.exe, &lt;a class=failure&gt;Playback - {156} [FAILED] Function ElementFetcher::FindScreenElement failed to locate UI element (Searching: ;[VisibleOnly]ControlType='Window' &amp;&amp; Name='Customer: autotest autotest' &amp;&amp; ClassName='ThunderRT6MDIForm') (The object specified was not found.)
\0&lt;/a&gt;
E, 3248, 12, 2012/11/13, 08:51:00.454, 7578039362573, QTAgent32.exe, Playback - [IMAGE] C:\Users\peter.zenin-ad\AppData\Local\Temp\UITestLogs\LastRun\RPF7BBF.png
\0
W, 3248, 12, 2012/11/13, 08:51:00.454, 7578039364774, QTAgent32.exe, Playback - [WARNING] Internal warning: Couldn't find descendants that match QueryId
\0
W, 3248, 12, 2012/11/13, 08:51:00.470, 7578039643497, QTAgent32.exe, Playback - [WARNING] Internal warning: Window Not Found: [VisibleOnly]ControlType='Window' &amp;&amp; Name='Customer: autotest autotest' &amp;&amp; ClassName='ThunderRT6MDIForm'
\0
E, 3248, 12, 2012/11/13, 08:51:00.470, 7578039645964, QTAgent32.exe, &lt;a class=failure&gt;Playback - {157} [FAILED] Function ElementFetcher::FindScreenElement failed to locate UI element (Searching: ;[VisibleOnly]ControlType='Window' &amp;&amp; Name='Customer: autotest autotest' &amp;&amp; ClassName='ThunderRT6MDIForm') (The object specified was not found.)
\0&lt;/a&gt;
E, 3248, 12, 2012/11/13, 08:51:00.564, 7578041003801, QTAgent32.exe, Playback - [IMAGE] C:\Users\peter.zenin-ad\AppData\Local\Temp\UITestLogs\LastRun\RPF7C3D.png
\0
W, 3248, 12, 2012/11/13, 08:51:00.564, 7578041005929, QTAgent32.exe, Playback - [WARNING] Internal warning: Couldn't find descendants that match QueryId
\0
W, 3248, 12, 2012/11/13, 08:51:00.829, 7578044713819, QTAgent32.exe, Playback - [WARNING] Internal warning: Window Not Found: [VisibleOnly]ControlType='Window' &amp;&amp; Name='Customer: autotest autotest' &amp;&amp; ClassName='ThunderRT6MDIForm'
\0
E, 3248, 12, 2012/11/13, 08:51:00.829, 7578044716649, QTAgent32.exe, &lt;a class=failure&gt;Playback - {158} [FAILED] Function ElementFetcher::FindScreenElement failed to locate UI element (Searching: ;[VisibleOnly]ControlType='Window' &amp;&amp; Name='Customer: autotest autotest' &amp;&amp; ClassName='ThunderRT6MDIForm') (The object specified was not found.)
\0&lt;/a&gt;
E, 3248, 12, 2012/11/13, 08:51:00.922, 7578046243551, QTAgent32.exe, Playback - [IMAGE] C:\Users\peter.zenin-ad\AppData\Local\Temp\UITestLogs\LastRun\RPF7DA5.png
\0
W, 3248, 12, 2012/11/13, 08:51:00.922, 7578046245752, QTAgent32.exe, Playback - [WARNING] Internal warning: Couldn't find descendants that match QueryId
\0
E, 3248, 12, 2012/11/13, 08:51:00.922, 7578046249628, QTAgent32.exe, Exception: System.Runtime.InteropServices.COMException
	Message: Error HRESULT E_FAIL has been returned from a call to a COM component.
	Stack Trace:    at Microsoft.VisualStudio.TestTools.UITest.Playback.Engine.IRPFPlayback.FindAllScreenElements(IScreenElement pScreenElementStart, String bstrQueryId, Object&amp; pvarResKeys, Int32 cResKeys, Int32 nMaxDepth, Object[]&amp; foundDescendants)
   at Microsoft.VisualStudio.TestTools.UITest.Playback.ScreenElement.FindTopLevelWindowHelper(String queryId)
	BaseExceptionMessage: Error HRESULT E_FAIL has been returned from a call to a COM component.

E, 3248, 12, 2012/11/13, 08:51:00.922, 7578046254177, QTAgent32.exe, Window 5703330 not responding. Last Win32 error 0
E, 3248, 12, 2012/11/13, 08:51:00.922, 7578046258033, QTAgent32.exe, Window 5703330 not responding. Last Win32 error 1400
E, 3248, 12, 2012/11/13, 08:51:00.922, 7578046262648, QTAgent32.exe, Window 5703330 not responding. Last Win32 error 1400
E, 3248, 12, 2012/11/13, 08:51:00.922, 7578046263872, QTAgent32.exe, GetClassName for handle 5703330 failed
E, 3248, 12, 2012/11/13, 08:51:00.922, 7578046264677, QTAgent32.exe, GetClassName for handle 5703330 failed
W, 3248, 12, 2012/11/13, 08:51:01.188, 7578050053341, QTAgent32.exe, Playback - [WARNING] Internal warning: Window Not Found: [VisibleOnly]ControlType='Window' &amp;&amp; Name='Customer: txt1 tdsfs' &amp;&amp; ClassName='ThunderRT6MDIForm'
\0
E, 3248, 12, 2012/11/13, 08:51:01.188, 7578050056330, QTAgent32.exe, &lt;a class=failure&gt;Playback - {159} [FAILED] Function ElementFetcher::FindScreenElement failed to locate UI element (Searching: ;[VisibleOnly]ControlType='Window' &amp;&amp; Name='Customer: txt1 tdsfs' &amp;&amp; ClassName='ThunderRT6MDIForm') (The object specified was not found.)
\0&lt;/a&gt;
E, 3248, 12, 2012/11/13, 08:51:01.297, 7578051425652, QTAgent32.exe, Playback - [IMAGE] C:\Users\peter.zenin-ad\AppData\Local\Temp\UITestLogs\LastRun\RPF7F0C.png
\0
W, 3248, 12, 2012/11/13, 08:51:01.297, 7578051427782, QTAgent32.exe, Playback - [WARNING] Internal warning: Couldn't find descendants that match QueryId
\0
W, 3248, 12, 2012/11/13, 08:51:01.796, 7578058769044, QTAgent32.exe, Playback - [WARNING] Internal warning: Window Not Found: [VisibleOnly]ControlType='Window' &amp;&amp; Name='Customer: txt1 tdsfs' &amp;&amp; ClassName='ThunderRT6MDIForm'
\0
E, 3248, 12, 2012/11/13, 08:51:01.796, 7578058771951, QTAgent32.exe, &lt;a class=failure&gt;Playback - {160} [FAILED] Function ElementFetcher::FindScreenElement failed to locate UI element (Searching: ;[VisibleOnly]ControlType='Window' &amp;&amp; Name='Customer: txt1 tdsfs' &amp;&amp; ClassName='ThunderRT6MDIForm') (The object specified was not found.)
\0&lt;/a&gt;
E, 3248, 12, 2012/11/13, 08:51:01.905, 7578060129672, QTAgent32.exe, Playback - [IMAGE] C:\Users\peter.zenin-ad\AppData\Local\Temp\UITestLogs\LastRun\RPF816E.png
\0
W, 3248, 12, 2012/11/13, 08:51:01.905, 7578060131818, QTAgent32.exe, Playback - [WARNING] Internal warning: Couldn't find descendants that match QueryId
\0
W, 3248, 12, 2012/11/13, 08:51:01.905, 7578060134903, QTAgent32.exe, PERF WARNING: FindTopLevelWindowHelper::FindAllDescendents: took 607 ms. Expected it to take maximum 500 ms.
W, 3248, 12, 2012/11/13, 08:51:02.389, 7578067157707, QTAgent32.exe, Playback - [WARNING] Internal warning: Smart Match failed
\0
W, 3248, 12, 2012/11/13, 08:51:02.560, 7578069614169, QTAgent32.exe, Playback - [WARNING] Internal warning: Smart Match failed
\0
W, 3248, 12, 2012/11/13, 08:51:02.732, 7578072066014, QTAgent32.exe, Playback - [WARNING] Internal warning: Smart Match failed
\0
W, 3248, 12, 2012/11/13, 08:51:02.904, 7578074522759, QTAgent32.exe, Playback - [WARNING] Internal warning: Smart Match failed
\0
W, 3248, 12, 2012/11/13, 08:51:03.075, 7578076987628, QTAgent32.exe, Playback - [WARNING] Internal warning: Smart Match failed
\0
W, 3248, 12, 2012/11/13, 08:51:03.247, 7578079444779, QTAgent32.exe, Playback - [WARNING] Internal warning: Smart Match failed
\0
W, 3248, 12, 2012/11/13, 08:51:03.418, 7578081896321, QTAgent32.exe, Playback - [WARNING] Internal warning: Smart Match failed
\0
W, 3248, 12, 2012/11/13, 08:51:03.590, 7578084350405, QTAgent32.exe, Playback - [WARNING] Internal warning: Smart Match failed
\0
W, 3248, 12, 2012/11/13, 08:51:03.762, 7578086806349, QTAgent32.exe, Playback - [WARNING] Internal warning: Smart Match failed
\0
W, 3248, 12, 2012/11/13, 08:51:03.933, 7578089266198, QTAgent32.exe, Playback - [WARNING] Internal warning: Smart Match failed
\0
W, 3248, 12, 2012/11/13, 08:51:04.105, 7578091718557, QTAgent32.exe, Playback - [WARNING] Internal warning: Smart Match failed
\0
W, 3248, 12, 2012/11/13, 08:51:04.277, 7578094177003, QTAgent32.exe, Playback - [WARNING] Internal warning: Smart Match failed
\0
W, 3248, 12, 2012/11/13, 08:51:04.448, 7578096650235, QTAgent32.exe, Playback - [WARNING] Internal warning: Smart Match failed
\0
W, 3248, 12, 2012/11/13, 08:51:04.620, 7578099091039, QTAgent32.exe, Playback - [WARNING] Internal warning: Smart Match failed
\0
W, 3248, 12, 2012/11/13, 08:51:04.791, 7578101559653, QTAgent32.exe, Playback - [WARNING] Internal warning: Smart Match failed
\0
W, 3248, 12, 2012/11/13, 08:51:04.963, 7578104007420, QTAgent32.exe, Playback - [WARNING] Internal warning: Smart Match failed
\0
W, 3248, 12, 2012/11/13, 08:51:05.025, 7578104839715, QTAgent32.exe, Playback - [WARNING] Internal warning: Window Not Found: [VisibleOnly]ControlType='Window' &amp;&amp; Name='Customer: txt1 tdsfs' &amp;&amp; ClassName='ThunderRT6MDIForm'
\0
E, 3248, 12, 2012/11/13, 08:51:05.025, 7578104842037, QTAgent32.exe, &lt;a class=failure&gt;Playback - {161} [FAILED] Function ElementFetcher::FindScreenElement failed to locate UI element (Searching: ;[VisibleOnly]ControlType='Window' &amp;&amp; Name='Customer: txt1 tdsfs' &amp;&amp; ClassName='ThunderRT6MDIForm') (The object specified was not found.)
\0&lt;/a&gt;
E, 3248, 12, 2012/11/13, 08:51:05.119, 7578106199703, QTAgent32.exe, Playback - [IMAGE] C:\Users\peter.zenin-ad\AppData\Local\Temp\UITestLogs\LastRun\RPF8E0C.png
\0
W, 3248, 12, 2012/11/13, 08:51:05.119, 7578106201879, QTAgent32.exe, Playback - [WARNING] Internal warning: Couldn't find descendants that match QueryId
\0
W, 3248, 12, 2012/11/13, 08:51:05.119, 7578106204905, QTAgent32.exe, PERF WARNING: FindTopLevelWindowHelper::FindAllDescendents: took 3217 ms. Expected it to take maximum 500 ms.
E, 3248, 12, 2012/11/13, 08:51:05.119, 7578106206706, QTAgent32.exe, Exception: System.Runtime.InteropServices.COMException
	Message: Error HRESULT E_FAIL has been returned from a call to a COM component.
	Stack Trace:    at Microsoft.VisualStudio.TestTools.UITest.Playback.Engine.IRPFPlayback.FindAllScreenElements(IScreenElement pScreenElementStart, String bstrQueryId, Object&amp; pvarResKeys, Int32 cResKeys, Int32 nMaxDepth, Object[]&amp; foundDescendants)
   at Microsoft.VisualStudio.TestTools.UITest.Playback.ScreenElement.FindTopLevelWindowHelper(String queryId)
	BaseExceptionMessage: Error HRESULT E_FAIL has been returned from a call to a COM component.

E, 3248, 12, 2012/11/13, 08:51:05.119, 7578106211559, QTAgent32.exe, Window 5703330 not responding. Last Win32 error 0
E, 3248, 12, 2012/11/13, 08:51:05.119, 7578106215489, QTAgent32.exe, Window 5703330 not responding. Last Win32 error 1400
E, 3248, 12, 2012/11/13, 08:51:05.119, 7578106220198, QTAgent32.exe, Window 5703330 not responding. Last Win32 error 1400
E, 3248, 12, 2012/11/13, 08:51:05.119, 7578106221451, QTAgent32.exe, GetClassName for handle 5703330 failed
E, 3248, 12, 2012/11/13, 08:51:05.119, 7578106222281, QTAgent32.exe, GetClassName for handle 5703330 failed
W, 3248, 12, 2012/11/13, 08:51:05.369, 7578109910552, QTAgent32.exe, Playback - [WARNING] Internal warning: Window Not Found: [VisibleOnly]ControlType='Window' &amp;&amp; Name='Customer: autotest autotest' &amp;&amp; ClassName='ThunderRT6MDIForm'
\0
E, 3248, 12, 2012/11/13, 08:51:05.369, 7578109913197, QTAgent32.exe, &lt;a class=failure&gt;Playback - {162} [FAILED] Function ElementFetcher::FindScreenElement failed to locate UI element (Searching: ;[VisibleOnly]ControlType='Window' &amp;&amp; Name='Customer: autotest autotest' &amp;&amp; ClassName='ThunderRT6MDIForm') (The object specified was not found.)
\0&lt;/a&gt;
E, 3248, 12, 2012/11/13, 08:51:05.478, 7578111273786, QTAgent32.exe, Playback - [IMAGE] C:\Users\peter.zenin-ad\AppData\Local\Temp\UITestLogs\LastRun\RPF8F64.png
\0
W, 3248, 12, 2012/11/13, 08:51:05.478, 7578111275937, QTAgent32.exe, Playback - [WARNING] Internal warning: Couldn't find descendants that match QueryId
\0
W, 3248, 12, 2012/11/13, 08:51:05.946, 7578117977508, QTAgent32.exe, Playback - [WARNING] Internal warning: Window Not Found: [VisibleOnly]ControlType='Window' &amp;&amp; Name='Customer: autotest autotest' &amp;&amp; ClassName='ThunderRT6MDIForm'
\0
E, 3248, 12, 2012/11/13, 08:51:05.946, 7578117980420, QTAgent32.exe, &lt;a class=failure&gt;Playback - {163} [FAILED] Function ElementFetcher::FindScreenElement failed to locate UI element (Searching: ;[VisibleOnly]ControlType='Window' &amp;&amp; Name='Customer: autotest autotest' &amp;&amp; ClassName='ThunderRT6MDIForm') (The object specified was not found.)
\0&lt;/a&gt;
E, 3248, 12, 2012/11/13, 08:51:06.039, 7578119331777, QTAgent32.exe, Playback - [IMAGE] C:\Users\peter.zenin-ad\AppData\Local\Temp\UITestLogs\LastRun\RPF91A6.png
\0
W, 3248, 12, 2012/11/13, 08:51:06.039, 7578119334325, QTAgent32.exe, Playback - [WARNING] Internal warning: Couldn't find descendants that match QueryId
\0
W, 3248, 12, 2012/11/13, 08:51:06.039, 7578119337434, QTAgent32.exe, PERF WARNING: FindTopLevelWindowHelper::FindAllDescendents: took 562 ms. Expected it to take maximum 500 ms.
W, 3248, 12, 2012/11/13, 08:51:06.523, 7578126347329, QTAgent32.exe, Playback - [WARNING] Internal warning: Smart Match failed
\0
W, 3248, 12, 2012/11/13, 08:51:06.695, 7578128803142, QTAgent32.exe, Playback - [WARNING] Internal warning: Smart Match failed
\0
W, 3248, 12, 2012/11/13, 08:51:06.866, 7578131273720, QTAgent32.exe, Playback - [WARNING] Internal warning: Smart Match failed
\0
W, 3248, 12, 2012/11/13, 08:51:07.038, 7578133714742, QTAgent32.exe, Playback - [WARNING] Internal warning: Smart Match failed
\0
W, 3248, 12, 2012/11/13, 08:51:07.209, 7578136180833, QTAgent32.exe, Playback - [WARNING] Internal warning: Smart Match failed
\0
W, 3248, 12, 2012/11/13, 08:51:07.381, 7578138627567, QTAgent32.exe, Playback - [WARNING] Internal warning: Smart Match failed
\0
W, 3248, 12, 2012/11/13, 08:51:07.553, 7578141094051, QTAgent32.exe, Playback - [WARNING] Internal warning: Smart Match failed
\0
W, 3248, 12, 2012/11/13, 08:51:07.724, 7578143554449, QTAgent32.exe, Playback - [WARNING] Internal warning: Smart Match failed
\0
W, 3248, 12, 2012/11/13, 08:51:07.896, 7578146010641, QTAgent32.exe, Playback - [WARNING] Internal warning: Smart Match failed
\0
W, 3248, 12, 2012/11/13, 08:51:08.068, 7578148460926, QTAgent32.exe, Playback - [WARNING] Internal warning: Smart Match failed
\0
W, 3248, 12, 2012/11/13, 08:51:08.239, 7578150921169, QTAgent32.exe, Playback - [WARNING] Internal warning: Smart Match failed
\0
W, 3248, 12, 2012/11/13, 08:51:08.411, 7578153379971, QTAgent32.exe, Playback - [WARNING] Internal warning: Smart Match failed
\0
W, 3248, 12, 2012/11/13, 08:51:08.582, 7578155915739, QTAgent32.exe, Playback - [WARNING] Internal warning: Smart Match failed
\0
W, 3248, 12, 2012/11/13, 08:51:08.754, 7578158288279, QTAgent32.exe, Playback - [WARNING] Internal warning: Smart Match failed
\0
W, 3248, 12, 2012/11/13, 08:51:08.926, 7578160741797, QTAgent32.exe, Playback - [WARNING] Internal warning: Smart Match failed
\0
W, 3248, 12, 2012/11/13, 08:51:09.097, 7578163200342, QTAgent32.exe, Playback - [WARNING] Internal warning: Smart Match failed
\0
W, 3248, 12, 2012/11/13, 08:51:09.160, 7578164039201, QTAgent32.exe, Playback - [WARNING] Internal warning: Window Not Found: [VisibleOnly]ControlType='Window' &amp;&amp; Name='Customer: autotest autotest' &amp;&amp; ClassName='ThunderRT6MDIForm'
\0
E, 3248, 12, 2012/11/13, 08:51:09.160, 7578164041352, QTAgent32.exe, &lt;a class=failure&gt;Playback - {164} [FAILED] Function ElementFetcher::FindScreenElement failed to locate UI element (Searching: ;[VisibleOnly]ControlType='Window' &amp;&amp; Name='Customer: autotest autotest' &amp;&amp; ClassName='ThunderRT6MDIForm') (The object specified was not found.)
\0&lt;/a&gt;
E, 3248, 12, 2012/11/13, 08:51:09.253, 7578165397108, QTAgent32.exe, Playback - [IMAGE] C:\Users\peter.zenin-ad\AppData\Local\Temp\UITestLogs\LastRun\RPF9E35.png
\0
W, 3248, 12, 2012/11/13, 08:51:09.253, 7578165399312, QTAgent32.exe, Playback - [WARNING] Internal warning: Couldn't find descendants that match QueryId
\0
W, 3248, 12, 2012/11/13, 08:51:09.253, 7578165402338, QTAgent32.exe, PERF WARNING: FindTopLevelWindowHelper::FindAllDescendents: took 3217 ms. Expected it to take maximum 500 ms.
E, 3248, 12, 2012/11/13, 08:51:09.253, 7578165404133, QTAgent32.exe, Exception: System.Runtime.InteropServices.COMException
	Message: Error HRESULT E_FAIL has been returned from a call to a COM component.
	Stack Trace:    at Microsoft.VisualStudio.TestTools.UITest.Playback.Engine.IRPFPlayback.FindAllScreenElements(IScreenElement pScreenElementStart, String bstrQueryId, Object&amp; pvarResKeys, Int32 cResKeys, Int32 nMaxDepth, Object[]&amp; foundDescendants)
   at Microsoft.VisualStudio.TestTools.UITest.Playback.ScreenElement.FindTopLevelWindowHelper(String queryId)
	BaseExceptionMessage: Error HRESULT E_FAIL has been returned from a call to a COM component.

E, 3248, 12, 2012/11/13, 08:51:09.253, 7578165408800, QTAgent32.exe, Window 5703330 not responding. Last Win32 error 0
E, 3248, 12, 2012/11/13, 08:51:09.253, 7578165412782, QTAgent32.exe, Window 5703330 not responding. Last Win32 error 1400
E, 3248, 12, 2012/11/13, 08:51:09.253, 7578165417490, QTAgent32.exe, Window 5703330 not responding. Last Win32 error 1400
E, 3248, 12, 2012/11/13, 08:51:09.253, 7578165418728, QTAgent32.exe, GetClassName for handle 5703330 failed
E, 3248, 12, 2012/11/13, 08:51:09.253, 7578165419535, QTAgent32.exe, GetClassName for handle 5703330 failed
W, 3248, 12, 2012/11/13, 08:51:09.503, 7578169104945, QTAgent32.exe, Playback - [WARNING] Internal warning: Window Not Found: [VisibleOnly]ControlType='Window' &amp;&amp; Name='Customer: txt1 tdsfs' &amp;&amp; ClassName='ThunderRT6MDIForm'
\0
E, 3248, 12, 2012/11/13, 08:51:09.503, 7578169107641, QTAgent32.exe, &lt;a class=failure&gt;Playback - {165} [FAILED] Function ElementFetcher::FindScreenElement failed to locate UI element (Searching: ;[VisibleOnly]ControlType='Window' &amp;&amp; Name='Customer: txt1 tdsfs' &amp;&amp; ClassName='ThunderRT6MDIForm') (The object specified was not found.)
\0&lt;/a&gt;
E, 3248, 12, 2012/11/13, 08:51:09.612, 7578170463746, QTAgent32.exe, Playback - [IMAGE] C:\Users\peter.zenin-ad\AppData\Local\Temp\UITestLogs\LastRun\RPF9F8D.png
\0
W, 3248, 12, 2012/11/13, 08:51:09.612, 7578170465895, QTAgent32.exe, Playback - [WARNING] Internal warning: Couldn't find descendants that match QueryId
\0
W, 3248, 12, 2012/11/13, 08:51:10.111, 7578177614016, QTAgent32.exe, Playback - [WARNING] Internal warning: Window Not Found: [VisibleOnly]ControlType='Window' &amp;&amp; Name='Customer: txt1 tdsfs' &amp;&amp; ClassName='ThunderRT6MDIForm'
\0
E, 3248, 12, 2012/11/13, 08:51:10.111, 7578177616841, QTAgent32.exe, &lt;a class=failure&gt;Playback - {166} [FAILED] Function ElementFetcher::FindScreenElement failed to locate UI element (Searching: ;[VisibleOnly]ControlType='Window' &amp;&amp; Name='Customer: txt1 tdsfs' &amp;&amp; ClassName='ThunderRT6MDIForm') (The object specified was not found.)
\0&lt;/a&gt;
E, 3248, 12, 2012/11/13, 08:51:10.205, 7578178967672, QTAgent32.exe, Playback - [IMAGE] C:\Users\peter.zenin-ad\AppData\Local\Temp\UITestLogs\LastRun\RPFA1EF.png
\0
W, 3248, 12, 2012/11/13, 08:51:10.205, 7578178969800, QTAgent32.exe, Playback - [WARNING] Internal warning: Couldn't find descendants that match QueryId
\0
W, 3248, 12, 2012/11/13, 08:51:10.205, 7578178972819, QTAgent32.exe, PERF WARNING: FindTopLevelWindowHelper::FindAllDescendents: took 593 ms. Expected it to take maximum 500 ms.
W, 3248, 12, 2012/11/13, 08:51:10.704, 7578186212915, QTAgent32.exe, Playback - [WARNING] Internal warning: Smart Match failed
\0
W, 3248, 12, 2012/11/13, 08:51:10.876, 7578188687019, QTAgent32.exe, Playback - [WARNING] Internal warning: Smart Match failed
\0
W, 3248, 12, 2012/11/13, 08:51:11.047, 7578191119996, QTAgent32.exe, Playback - [WARNING] Internal warning: Smart Match failed
\0
W, 3248, 12, 2012/11/13, 08:51:11.219, 7578193577571, QTAgent32.exe, Playback - [WARNING] Internal warning: Smart Match failed
\0
W, 3248, 12, 2012/11/13, 08:51:11.391, 7578196042711, QTAgent32.exe, Playback - [WARNING] Internal warning: Smart Match failed
\0
W, 3248, 12, 2012/11/13, 08:51:11.562, 7578198495228, QTAgent32.exe, Playback - [WARNING] Internal warning: Smart Match failed
\0
W, 3248, 12, 2012/11/13, 08:51:11.734, 7578200945508, QTAgent32.exe, Playback - [WARNING] Internal warning: Smart Match failed
\0
W, 3248, 12, 2012/11/13, 08:51:11.905, 7578203403243, QTAgent32.exe, Playback - [WARNING] Internal warning: Smart Match failed
\0
W, 3248, 12, 2012/11/13, 08:51:12.077, 7578205862335, QTAgent32.exe, Playback - [WARNING] Internal warning: Smart Match failed
\0
W, 3248, 12, 2012/11/13, 08:51:12.249, 7578208317672, QTAgent32.exe, Playback - [WARNING] Internal warning: Smart Match failed
\0
W, 3248, 12, 2012/11/13, 08:51:12.420, 7578210776859, QTAgent32.exe, Playback - [WARNING] Internal warning: Smart Match failed
\0
W, 3248, 12, 2012/11/13, 08:51:12.592, 7578213240191, QTAgent32.exe, Playback - [WARNING] Internal warning: Smart Match failed
\0
W, 3248, 12, 2012/11/13, 08:51:12.763, 7578215695694, QTAgent32.exe, Playback - [WARNING] Internal warning: Smart Match failed
\0
W, 3248, 12, 2012/11/13, 08:51:12.935, 7578218147382, QTAgent32.exe, Playback - [WARNING] Internal warning: Smart Match failed
\0
W, 3248, 12, 2012/11/13, 08:51:13.107, 7578220602862, QTAgent32.exe, Playback - [WARNING] Internal warning: Smart Match failed
\0
W, 3248, 12, 2012/11/13, 08:51:13.278, 7578223060554, QTAgent32.exe, Playback - [WARNING] Internal warning: Smart Match failed
\0
W, 3248, 12, 2012/11/13, 08:51:13.341, 7578223884205, QTAgent32.exe, Playback - [WARNING] Internal warning: Window Not Found: [VisibleOnly]ControlType='Window' &amp;&amp; Name='Customer: txt1 tdsfs' &amp;&amp; ClassName='ThunderRT6MDIForm'
\0
E, 3248, 12, 2012/11/13, 08:51:13.341, 7578223886422, QTAgent32.exe, &lt;a class=failure&gt;Playback - {167} [FAILED] Function ElementFetcher::FindScreenElement failed to locate UI element (Searching: ;[VisibleOnly]ControlType='Window' &amp;&amp; Name='Customer: txt1 tdsfs' &amp;&amp; ClassName='ThunderRT6MDIForm') (The object specified was not found.)
\0&lt;/a&gt;
E, 3248, 12, 2012/11/13, 08:51:13.434, 7578225239822, QTAgent32.exe, Playback - [IMAGE] C:\Users\peter.zenin-ad\AppData\Local\Temp\UITestLogs\LastRun\RPFAE8D.png
\0
W, 3248, 12, 2012/11/13, 08:51:13.434, 7578225241979, QTAgent32.exe, Playback - [WARNING] Internal warning: Couldn't find descendants that match QueryId
\0
W, 3248, 12, 2012/11/13, 08:51:13.434, 7578225245023, QTAgent32.exe, PERF WARNING: FindTopLevelWindowHelper::FindAllDescendents: took 3231 ms. Expected it to take maximum 500 ms.
E, 3248, 12, 2012/11/13, 08:51:13.434, 7578225246833, QTAgent32.exe, Exception: System.Runtime.InteropServices.COMException
	Message: Error HRESULT E_FAIL has been returned from a call to a COM component.
	Stack Trace:    at Microsoft.VisualStudio.TestTools.UITest.Playback.Engine.IRPFPlayback.FindAllScreenElements(IScreenElement pScreenElementStart, String bstrQueryId, Object&amp; pvarResKeys, Int32 cResKeys, Int32 nMaxDepth, Object[]&amp; foundDescendants)
   at Microsoft.VisualStudio.TestTools.UITest.Playback.ScreenElement.FindTopLevelWindowHelper(String queryId)
	BaseExceptionMessage: Error HRESULT E_FAIL has been returned from a call to a COM component.

E, 3248, 12, 2012/11/13, 08:51:13.434, 7578225251479, QTAgent32.exe, Window 5703330 not responding. Last Win32 error 0
E, 3248, 12, 2012/11/13, 08:51:13.434, 7578225255631, QTAgent32.exe, Window 5703330 not responding. Last Win32 error 1400
E, 3248, 12, 2012/11/13, 08:51:13.434, 7578225260382, QTAgent32.exe, Window 5703330 not responding. Last Win32 error 1400
E, 3248, 12, 2012/11/13, 08:51:13.434, 7578225261625, QTAgent32.exe, GetClassName for handle 5703330 failed
E, 3248, 12, 2012/11/13, 08:51:13.434, 7578225262459, QTAgent32.exe, GetClassName for handle 5703330 failed
W, 3248, 12, 2012/11/13, 08:51:13.684, 7578228959662, QTAgent32.exe, Playback - [WARNING] Internal warning: Window Not Found: [VisibleOnly]ControlType='Window' &amp;&amp; Name='Customer: autotest autotest' &amp;&amp; ClassName='ThunderRT6MDIForm'
\0
E, 3248, 12, 2012/11/13, 08:51:13.684, 7578228962190, QTAgent32.exe, &lt;a class=failure&gt;Playback - {168} [FAILED] Function ElementFetcher::FindScreenElement failed to locate UI element (Searching: ;[VisibleOnly]ControlType='Window' &amp;&amp; Name='Customer: autotest autotest' &amp;&amp; ClassName='ThunderRT6MDIForm') (The object specified was not found.)
\0&lt;/a&gt;
E, 3248, 12, 2012/11/13, 08:51:13.793, 7578230330989, QTAgent32.exe, Playback - [IMAGE] C:\Users\peter.zenin-ad\AppData\Local\Temp\UITestLogs\LastRun\RPFAFE5.png
\0
W, 3248, 12, 2012/11/13, 08:51:13.793, 7578230333259, QTAgent32.exe, Playback - [WARNING] Internal warning: Couldn't find descendants that match QueryId
\0
W, 3248, 12, 2012/11/13, 08:51:14.292, 7578237472841, QTAgent32.exe, Playback - [WARNING] Internal warning: Window Not Found: [VisibleOnly]ControlType='Window' &amp;&amp; Name='Customer: autotest autotest' &amp;&amp; ClassName='ThunderRT6MDIForm'
\0
E, 3248, 12, 2012/11/13, 08:51:14.292, 7578237475724, QTAgent32.exe, &lt;a class=failure&gt;Playback - {169} [FAILED] Function ElementFetcher::FindScreenElement failed to locate UI element (Searching: ;[VisibleOnly]ControlType='Window' &amp;&amp; Name='Customer: autotest autotest' &amp;&amp; ClassName='ThunderRT6MDIForm') (The object specified was not found.)
\0&lt;/a&gt;
E, 3248, 12, 2012/11/13, 08:51:14.386, 7578238821624, QTAgent32.exe, Playback - [IMAGE] C:\Users\peter.zenin-ad\AppData\Local\Temp\UITestLogs\LastRun\RPFB246.png
\0
W, 3248, 12, 2012/11/13, 08:51:14.386, 7578238823864, QTAgent32.exe, Playback - [WARNING] Internal warning: Couldn't find descendants that match QueryId
\0
W, 3248, 12, 2012/11/13, 08:51:14.386, 7578238826883, QTAgent32.exe, PERF WARNING: FindTopLevelWindowHelper::FindAllDescendents: took 592 ms. Expected it to take maximum 500 ms.
W, 3248, 12, 2012/11/13, 08:51:14.885, 7578246077579, QTAgent32.exe, Playback - [WARNING] Internal warning: Smart Match failed
\0
W, 3248, 12, 2012/11/13, 08:51:15.057, 7578248524633, QTAgent32.exe, Playback - [WARNING] Internal warning: Smart Match failed
\0
W, 3248, 12, 2012/11/13, 08:51:15.228, 7578250981273, QTAgent32.exe, Playback - [WARNING] Internal warning: Smart Match failed
\0
W, 3248, 12, 2012/11/13, 08:51:15.400, 7578253436777, QTAgent32.exe, Playback - [WARNING] Internal warning: Smart Match failed
\0
W, 3248, 12, 2012/11/13, 08:51:15.572, 7578255894109, QTAgent32.exe, Playback - [WARNING] Internal warning: Smart Match failed
\0
W, 3248, 12, 2012/11/13, 08:51:15.743, 7578258349268, QTAgent32.exe, Playback - [WARNING] Internal warning: Smart Match failed
\0
W, 3248, 12, 2012/11/13, 08:51:15.915, 7578260806678, QTAgent32.exe, Playback - [WARNING] Internal warning: Smart Match failed
\0
W, 3248, 12, 2012/11/13, 08:51:16.086, 7578263270213, QTAgent32.exe, Playback - [WARNING] Internal warning: Smart Match failed
\0
W, 3248, 12, 2012/11/13, 08:51:16.258, 7578265722877, QTAgent32.exe, Playback - [WARNING] Internal warning: Smart Match failed
\0
W, 3248, 12, 2012/11/13, 08:51:16.430, 7578268180322, QTAgent32.exe, Playback - [WARNING] Internal warning: Smart Match failed
\0
W, 3248, 12, 2012/11/13, 08:51:16.617, 7578270858971, QTAgent32.exe, Playback - [WARNING] Internal warning: Smart Match failed
\0
W, 3248, 12, 2012/11/13, 08:51:16.788, 7578273316791, QTAgent32.exe, Playback - [WARNING] Internal warning: Smart Match failed
\0
W, 3248, 12, 2012/11/13, 08:51:16.960, 7578275775976, QTAgent32.exe, Playback - [WARNING] Internal warning: Smart Match failed
\0
W, 3248, 12, 2012/11/13, 08:51:17.132, 7578278241044, QTAgent32.exe, Playback - [WARNING] Internal warning: Smart Match failed
\0
W, 3248, 12, 2012/11/13, 08:51:17.303, 7578280686350, QTAgent32.exe, Playback - [WARNING] Internal warning: Smart Match failed
\0
W, 3248, 12, 2012/11/13, 08:51:17.475, 7578283146266, QTAgent32.exe, Playback - [WARNING] Internal warning: Smart Match failed
\0
W, 3248, 12, 2012/11/13, 08:51:17.537, 7578283991376, QTAgent32.exe, Playback - [WARNING] Internal warning: Window Not Found: [VisibleOnly]ControlType='Window' &amp;&amp; Name='Customer: autotest autotest' &amp;&amp; ClassName='ThunderRT6MDIForm'
\0
E, 3248, 12, 2012/11/13, 08:51:17.537, 7578283993893, QTAgent32.exe, &lt;a class=failure&gt;Playback - {170} [FAILED] Function ElementFetcher::FindScreenElement failed to locate UI element (Searching: ;[VisibleOnly]ControlType='Window' &amp;&amp; Name='Customer: autotest autotest' &amp;&amp; ClassName='ThunderRT6MDIForm') (The object specified was not found.)
\0&lt;/a&gt;
E, 3248, 12, 2012/11/13, 08:51:17.631, 7578285345079, QTAgent32.exe, Playback - [IMAGE] C:\Users\peter.zenin-ad\AppData\Local\Temp\UITestLogs\LastRun\RPFBEF4.png
\0
W, 3248, 12, 2012/11/13, 08:51:17.631, 7578285347217, QTAgent32.exe, Playback - [WARNING] Internal warning: Couldn't find descendants that match QueryId
\0
W, 3248, 12, 2012/11/13, 08:51:17.631, 7578285350212, QTAgent32.exe, PERF WARNING: FindTopLevelWindowHelper::FindAllDescendents: took 3249 ms. Expected it to take maximum 500 ms.
E, 3248, 12, 2012/11/13, 08:51:17.631, 7578285352000, QTAgent32.exe, Exception: System.Runtime.InteropServices.COMException
	Message: Error HRESULT E_FAIL has been returned from a call to a COM component.
	Stack Trace:    at Microsoft.VisualStudio.TestTools.UITest.Playback.Engine.IRPFPlayback.FindAllScreenElements(IScreenElement pScreenElementStart, String bstrQueryId, Object&amp; pvarResKeys, Int32 cResKeys, Int32 nMaxDepth, Object[]&amp; foundDescendants)
   at Microsoft.VisualStudio.TestTools.UITest.Playback.ScreenElement.FindTopLevelWindowHelper(String queryId)
	BaseExceptionMessage: Error HRESULT E_FAIL has been returned from a call to a COM component.

E, 3248, 12, 2012/11/13, 08:51:17.631, 7578285356612, QTAgent32.exe, Window 5703330 not responding. Last Win32 error 0
E, 3248, 12, 2012/11/13, 08:51:17.631, 7578285360541, QTAgent32.exe, Window 5703330 not responding. Last Win32 error 1400
E, 3248, 12, 2012/11/13, 08:51:17.631, 7578285365247, QTAgent32.exe, Window 5703330 not responding. Last Win32 error 1400
E, 3248, 12, 2012/11/13, 08:51:17.631, 7578285366498, QTAgent32.exe, GetClassName for handle 5703330 failed
E, 3248, 12, 2012/11/13, 08:51:17.631, 7578285367299, QTAgent32.exe, GetClassName for handle 5703330 failed
E, 3248, 12, 2012/11/13, 08:51:17.740, 7578286841107, QTAgent32.exe, AL: Playback Error: Microsoft.VisualStudio.TestTools.UITest.Extension.UITestControlNotFoundException: Unable to find the top level element of the control ---&gt; Microsoft.VisualStudio.TestTools.UITest.Extension.UITestControlNotFoundException: The playback failed to find the control with the given search properties. Additional Details: 
TechnologyName:  'MSAA'
ControlType:  'Window'
 ---&gt; System.Runtime.InteropServices.COMException: Error HRESULT E_FAIL has been returned from a call to a COM component.
   at Microsoft.VisualStudio.TestTools.UITest.Playback.Engine.IRPFPlayback.FindAllScreenElements(IScreenElement pScreenElementStart, String bstrQueryId, Object&amp; pvarResKeys, Int32 cResKeys, Int32 nMaxDepth, Object[]&amp; foundDescendants)
   at Microsoft.VisualStudio.TestTools.UITest.Playback.ScreenElement.FindTopLevelWindowHelper(String queryId)
   at Microsoft.VisualStudio.TestTools.UITest.Playback.ScreenElement.FindFromPartialQueryId(String queryId)
   at Microsoft.VisualStudio.TestTools.UITesting.UITestControl..ctor(String queryId)
   --- End of inner exception stack trace ---
   at Microsoft.VisualStudio.TestTools.UITesting.Playback.MapControlNotFoundException(COMException ex, IPlaybackContext context)
   at Microsoft.VisualStudio.TestTools.UITesting.Playback.MapAndThrowComException(COMException innerException, IPlaybackContext context)
   at Microsoft.VisualStudio.TestTools.UITesting.Playback.MapAndThrowException(SystemException exception, IPlaybackContext context)
   at Microsoft.VisualStudio.TestTools.UITesting.Playback.MapAndThrowException(SystemException exception, String queryId)
   at Microsoft.VisualStudio.TestTools.UITesting.UITestControl..ctor(String queryId)
   at Microsoft.VisualStudio.TestTools.UITesting.SearchHelper.SearchTopLevelWindow(ISearchArgument topLevelSearchArg, String topLevelElementQueryId)
   at Microsoft.VisualStudio.TestTools.UITesting.SearchHelper.SearchUsingMultipleTitles(ISearchArgument topLevelSearchArg, QueryId topLevelQueryId, IList`1 windowTitles)
   --- End of inner exception stack trace ---
   at Microsoft.VisualStudio.TestTools.UITesting.SearchHelper.SearchUsingMultipleTitles(ISearchArgument topLevelSearchArg, QueryId topLevelQueryId, IList`1 windowTitles)
   at Microsoft.VisualStudio.TestTools.UITesting.SearchHelper.GetTitleUpdatedTopLevelWindow(ISearchArgument topLevelSearchArg, String queryId, IList`1 windowTitles)
   at Microsoft.VisualStudio.TestTools.UITesting.SearchHelper.GetTopLevelElement(Boolean useCache, Boolean useCacheOnly, ISearchArgument searchArg, IList`1 windowTitles, Int32&amp; timeLeft)
   at Microsoft.VisualStudio.TestTools.UITesting.SearchHelper.GetElement(Boolean useCache, ISearchArgument searchArg)
   at Microsoft.VisualStudio.TestTools.UITesting.SearchHelper.Search(ISearchArgument searchArg)
   at Microsoft.VisualStudio.TestTools.UITesting.UITestControl.FindInternal()
   at Microsoft.VisualStudio.TestTools.UITesting.UITestControl.FindControlIfNecessary()
   at Microsoft.VisualStudio.TestTools.UITesting.UITestControl.Click(MouseButtons button, ModifierKeys modifierKeys, Point relativeCoordinates)
   at Microsoft.VisualStudio.TestTools.UITesting.Mouse.ClickImplementation(UITestControl control, MouseButtons button, ModifierKeys modifierKeys, Point relativeCoordinate)
   at Microsoft.VisualStudio.TestTools.UITesting.Mouse.ClickImplementationWrapper(UITestControl control, MouseButtons button, ModifierKeys modifierKeys, Point relativeCoordinate)
W, 3248, 12, 2012/11/13, 08:51:17.740, 7578286842738, QTAgent32.exe, PlaybackErrorHandler: Ignoring exception as ContinueOnError is set.
W, 3248, 12, 2012/11/13, 08:51:18.083, 7578291816616, QTAgent32.exe, &lt;a class=success&gt;Playback - {171} [SUCCESS] MouseButtonClick - "[MSAA, VisibleOnly]ControlType='Button' &amp;&amp; Name='Close'"
\0&lt;/a&gt;
W, 3248, 12, 2012/11/13, 08:51:22.561, 7578355924820, QTAgent32.exe, IEDOM : StopSession of the plugin called before StartSession
W, 3248, 12, 2012/11/13, 08:51:22.561, 7578355926080, QTAgent32.exe, UIA : StopSession of the plugin called before StartSession
W, 3248, 12, 2012/11/13, 08:51:22.561, 7578355926761, QTAgent32.exe, SLPlugin : StopSession of the plugin called before StartSession
</DebugTrace>
        <ErrorInfo>
          <Message>Test method TestProject7.TamAutotest.MotoTest13 threw exception: 
Microsoft.VisualStudio.TestTools.UITest.Extension.UITestControlNotFoundException: The playback failed to find the control with the given search properties. Additional Details: 
TechnologyName:  'MSAA'
ControlType:  'Window'
 ---&gt; System.Runtime.InteropServices.COMException: Error HRESULT E_FAIL has been returned from a call to a COM component.</Message>
          <StackTrace>    at Microsoft.VisualStudio.TestTools.UITest.Playback.Engine.IRPFPlayback.FindAllScreenElements(IScreenElement pScreenElementStart, String bstrQueryId, Object&amp; pvarResKeys, Int32 cResKeys, Int32 nMaxDepth, Object[]&amp; foundDescendants)
   at Microsoft.VisualStudio.TestTools.UITest.Playback.ScreenElement.FindTopLevelWindowHelper(String queryId)
   at Microsoft.VisualStudio.TestTools.UITest.Playback.ScreenElement.FindFromPartialQueryId(String queryId)
   at Microsoft.VisualStudio.TestTools.UITesting.UITestControl..ctor(String queryId)
 --- End of inner exception stack trace ---
    at Microsoft.VisualStudio.TestTools.UITesting.Playback.MapControlNotFoundException(COMException ex, IPlaybackContext context)
   at Microsoft.VisualStudio.TestTools.UITesting.Playback.MapAndThrowComException(COMException innerException, IPlaybackContext context)
   at Microsoft.VisualStudio.TestTools.UITesting.Playback.MapAndThrowException(SystemException exception, IPlaybackContext context)
   at Microsoft.VisualStudio.TestTools.UITesting.Playback.MapAndThrowException(SystemException exception, String queryId)
   at Microsoft.VisualStudio.TestTools.UITesting.UITestControl..ctor(String queryId)
   at Microsoft.VisualStudio.TestTools.UITesting.SearchHelper.SearchTopLevelWindow(ISearchArgument topLevelSearchArg, String topLevelElementQueryId)
   at Microsoft.VisualStudio.TestTools.UITesting.SearchHelper.GetTitleUpdatedTopLevelWindow(ISearchArgument topLevelSearchArg, String queryId, IList`1 windowTitles)
   at Microsoft.VisualStudio.TestTools.UITesting.SearchHelper.GetTopLevelElement(Boolean useCache, Boolean useCacheOnly, ISearchArgument searchArg, IList`1 windowTitles, Int32&amp; timeLeft)
   at Microsoft.VisualStudio.TestTools.UITesting.SearchHelper.GetElement(Boolean useCache, ISearchArgument searchArg)
   at Microsoft.VisualStudio.TestTools.UITesting.SearchHelper.Search(ISearchArgument searchArg)
   at Microsoft.VisualStudio.TestTools.UITesting.UITestControl.FindInternal()
   at Microsoft.VisualStudio.TestTools.UITesting.UITestControl.FindControlIfNecessary()
   at Microsoft.VisualStudio.TestTools.UITesting.UITestControl.Click(MouseButtons button, ModifierKeys modifierKeys, Point relativeCoordinates)
   at Microsoft.VisualStudio.TestTools.UITesting.Mouse.ClickImplementation(UITestControl control, MouseButtons button, ModifierKeys modifierKeys, Point relativeCoordinate)
   at Microsoft.VisualStudio.TestTools.UITesting.Mouse.ClickImplementationWrapper(UITestControl control, MouseButtons button, ModifierKeys modifierKeys, Point relativeCoordinate)
   at Microsoft.VisualStudio.TestTools.UITesting.Mouse.Click(UITestControl control, Point relativeCoordinate)
   at TestProject7.UIMap.RenewalModuleEDI() in C:\TestProject7\TestProject7\UIMap.Designer.cs:line 4969
   at TestProject7.TamAutotest.MotoTest13() in C:\TestProject7\TestProject7\CodedUITest1.cs:line 607
</StackTrace>
        </ErrorInfo>
      </Output>
      <ResultFiles>
        <ResultFile path="ICLVDEVAP01\MotoTest13.png" />
      </ResultFiles>
      <ExtensionResult>Exception has been thrown by the target of an invocation.</ExtensionResult>
    </UnitTestResult>
    <UnitTestResult executionId="cbe24fd3-e1c0-4f8c-b23c-f0a4123ba7f4" testId="e560b224-e5b1-72de-4969-2e5cddf85208" testName="MotoTest14" computerName="ICLVDEVAP01" duration="00:02:03.9450494" startTime="2012-11-13T08:51:22.5768773+00:00" endTime="2012-11-13T08:53:26.5416287+00:00" testType="13cdc9d9-ddb5-4fa4-a97d-d965ccfc6d4b" outcome="Failed" testListId="8c84fa94-04c1-424b-9868-57a2d4851a1d" relativeResultsDirectory="cbe24fd3-e1c0-4f8c-b23c-f0a4123ba7f4">
      <Output>
        <DebugTrace>W, 3248, 20, 2012/11/13, 08:51:22.592, 7578356389123, QTAgent32.exe, ExtensionFramework : A Technology Manager with name Web is already registered.
W, 3248, 20, 2012/11/13, 08:51:23.450, 7578368590769, QTAgent32.exe, &lt;a class=success&gt;Playback - {1} [SUCCESS] MouseButtonClick - "[MSAA, VisibleOnly]ControlType='Edit'"
\0&lt;/a&gt;
W, 3248, 20, 2012/11/13, 08:51:23.715, 7578372386385, QTAgent32.exe, &lt;a class=success&gt;Playback - {2} [SUCCESS] SendKeys "[*]" - "[MSAA, VisibleOnly]ControlType='Edit'"
\0&lt;/a&gt;
W, 3248, 20, 2012/11/13, 08:51:24.636, 7578385693494, QTAgent32.exe, &lt;a class=success&gt;Playback - {3} [SUCCESS] MouseButtonClick - "[MSAA, VisibleOnly]ControlType='Button' &amp;&amp; Name='OK'"
\0&lt;/a&gt;
W, 3248, 20, 2012/11/13, 08:51:25.322, 7578395471427, QTAgent32.exe, &lt;a class=success&gt;Playback - {4} [SUCCESS] MouseButtonClick - "[MSAA, VisibleOnly]ControlType='Button' &amp;&amp; Name='OK'"
\0&lt;/a&gt;
W, 3248, 20, 2012/11/13, 08:51:25.478, 7578397627282, QTAgent32.exe, &lt;a class=success&gt;Playback - {5} [SUCCESS] TypeString "#(R)"
\0&lt;/a&gt;
E, 3248, 20, 2012/11/13, 08:51:26.040, 7578405694184, QTAgent32.exe, Exception: System.ArgumentException
	Message: Value does not fall within the expected range.
	Stack Trace:    at Accessibility.IAccessible.get_accRole(Object varChild)
   at Microsoft.VisualStudio.TestTools.UITest.Extension.Msaa.AccWrapper.get_RoleInt()
	BaseExceptionMessage: Value does not fall within the expected range.

E, 3248, 20, 2012/11/13, 08:51:26.040, 7578405827630, QTAgent32.exe, Exception: System.ArgumentException
	Message: Value does not fall within the expected range.
	Stack Trace:    at Accessibility.IAccessible.get_accRole(Object varChild)
   at Microsoft.VisualStudio.TestTools.UITest.Extension.Msaa.AccWrapper.get_RoleInt()
	BaseExceptionMessage: Value does not fall within the expected range.

W, 3248, 20, 2012/11/13, 08:51:26.570, 7578413262093, QTAgent32.exe, &lt;a class=success&gt;Playback - {6} [SUCCESS] LeftButtonClick  &lt; Mouse cursor location (87, 908) &gt;
\0&lt;/a&gt;
W, 3248, 20, 2012/11/13, 08:51:27.818, 7578431131455, QTAgent32.exe, &lt;a class=success&gt;Playback - {7} [SUCCESS] SetValueAsEditBox "c:\TestProject7\ourhighway.reg"  &lt; Set via SendKeys &gt;
\0&lt;/a&gt;
W, 3248, 20, 2012/11/13, 08:51:27.818, 7578431133619, QTAgent32.exe, &lt;a class=success&gt;Playback - {8} [SUCCESS] SetValueAsComboBox "c:\TestProject7\ourhighway.reg" - "[MSAA, VisibleOnly]ControlType='ComboBox' &amp;&amp; Name='Open:'"  &lt; Set via SetValueAsEditBox &gt;
\0&lt;/a&gt;
W, 3248, 20, 2012/11/13, 08:51:28.271, 7578437751449, QTAgent32.exe, &lt;a class=success&gt;Playback - {9} [SUCCESS] MouseButtonClick - "[MSAA, VisibleOnly]ControlType='Button' &amp;&amp; Name='OK'"
\0&lt;/a&gt;
W, 3248, 20, 2012/11/13, 08:51:28.973, 7578447729843, QTAgent32.exe, &lt;a class=success&gt;Playback - {10} [SUCCESS] MouseButtonClick - "[MSAA, VisibleOnly]ControlType='Button' &amp;&amp; Name='Yes'"
\0&lt;/a&gt;
W, 3248, 20, 2012/11/13, 08:51:29.488, 7578455093432, QTAgent32.exe, &lt;a class=success&gt;Playback - {11} [SUCCESS] MouseButtonClick - "[MSAA, VisibleOnly]ControlType='Button' &amp;&amp; Name='OK'"
\0&lt;/a&gt;
W, 3248, 20, 2012/11/13, 08:51:29.956, 7578461768714, QTAgent32.exe, &lt;a class=success&gt;Playback - {12} [SUCCESS] MouseButtonClick - "[MSAA, VisibleOnly]ControlType='Button' &amp;&amp; Name='Clients &amp; Files'"
\0&lt;/a&gt;
W, 3248, 20, 2012/11/13, 08:51:30.876, 7578474941857, QTAgent32.exe, Playback - [WARNING] Internal warning: Window Not Found: [VisibleOnly]ControlType='Window' &amp;&amp; Name='Customer: txt1 tdsfs' &amp;&amp; ClassName='ThunderRT6MDIForm'
\0
E, 3248, 20, 2012/11/13, 08:51:30.876, 7578474944645, QTAgent32.exe, &lt;a class=failure&gt;Playback - {13} [FAILED] Function ElementFetcher::FindScreenElement failed to locate UI element (Searching: ;[VisibleOnly]ControlType='Window' &amp;&amp; Name='Customer: txt1 tdsfs' &amp;&amp; ClassName='ThunderRT6MDIForm') (The object specified was not found.)
\0&lt;/a&gt;
E, 3248, 20, 2012/11/13, 08:51:30.970, 7578476252836, QTAgent32.exe, Playback - [IMAGE] C:\Users\peter.zenin-ad\AppData\Local\Temp\UITestLogs\LastRun\RPFF30F.png
\0
W, 3248, 20, 2012/11/13, 08:51:30.970, 7578476254992, QTAgent32.exe, Playback - [WARNING] Internal warning: Couldn't find descendants that match QueryId
\0
W, 3248, 20, 2012/11/13, 08:51:30.970, 7578476258020, QTAgent32.exe, PERF WARNING: FindTopLevelWindowHelper::FindAllDescendents: took 845 ms. Expected it to take maximum 500 ms.
W, 3248, 20, 2012/11/13, 08:51:49.067, 7578735381909, QTAgent32.exe, Playback - [WARNING] Internal warning: Window Not Found: [VisibleOnly]ControlType='Window' &amp;&amp; Name='Customer: txt1 tdsfs' &amp;&amp; ClassName='ThunderRT6MDIForm'
\0
E, 3248, 20, 2012/11/13, 08:51:49.067, 7578735384600, QTAgent32.exe, &lt;a class=failure&gt;Playback - {14} [FAILED] Function ElementFetcher::FindScreenElement failed to locate UI element (Searching: ;[VisibleOnly]ControlType='Window' &amp;&amp; Name='Customer: txt1 tdsfs' &amp;&amp; ClassName='ThunderRT6MDIForm') (The object specified was not found.)
\0&lt;/a&gt;
E, 3248, 20, 2012/11/13, 08:51:49.160, 7578736701111, QTAgent32.exe, Playback - [IMAGE] C:\Users\peter.zenin-ad\AppData\Local\Temp\UITestLogs\LastRun\RPF3A1E.png
\0
W, 3248, 20, 2012/11/13, 08:51:49.160, 7578736703329, QTAgent32.exe, Playback - [WARNING] Internal warning: Couldn't find descendants that match QueryId
\0
W, 3248, 20, 2012/11/13, 08:51:49.160, 7578736706345, QTAgent32.exe, PERF WARNING: FindTopLevelWindowHelper::FindAllDescendents: took 18189 ms. Expected it to take maximum 500 ms.
W, 3248, 20, 2012/11/13, 08:51:49.738, 7578745015564, QTAgent32.exe, Playback - [WARNING] Internal warning: Window with Class "ThunderRT6MDIForm" and Title "Customer: txt1 tdsfs" was not found, so similar window with Class "ThunderRT6MDIForm" and Title "Customer: autotest" was accepted
\0
W, 3248, 20, 2012/11/13, 08:51:49.738, 7578745019408, QTAgent32.exe, PERF WARNING: FindTopLevelWindowHelper::FindAllDescendents: took 580 ms. Expected it to take maximum 500 ms.
W, 3248, 20, 2012/11/13, 08:51:50.206, 7578751762565, QTAgent32.exe, Playback - [WARNING] Internal warning: Incorrect flag set for InvokeProgrammaticAction\0
W, 3248, 20, 2012/11/13, 08:51:50.533, 7578756367984, QTAgent32.exe, &lt;a class=success&gt;Playback - {15} [SUCCESS] SetValueAsComboBox "Customers" - "[MSAA, VisibleOnly]ControlType='ComboBox'"  &lt; SetValueAsComboBox, set by clicking on the item in the list box &gt;
\0&lt;/a&gt;
W, 3248, 20, 2012/11/13, 08:51:51.220, 7578766290185, QTAgent32.exe, &lt;a class=success&gt;Playback - {16} [SUCCESS] MouseButtonClick - "[MSAA, VisibleOnly]ControlType='Button' &amp;&amp; Name='Add'"
\0&lt;/a&gt;
W, 3248, 20, 2012/11/13, 08:51:51.641, 7578772207460, QTAgent32.exe, &lt;a class=success&gt;Playback - {17} [SUCCESS] SendKeys "autotest" - "[MSAA, VisibleOnly]ControlType='RadioButton' &amp;&amp; Name='Personal Lines'"
\0&lt;/a&gt;
W, 3248, 20, 2012/11/13, 08:51:52.109, 7578778911280, QTAgent32.exe, &lt;a class=success&gt;Playback - {18} [SUCCESS] SetValueAsEditBox "autotest" - "[MSAA, VisibleOnly]ControlType='Edit'"  &lt; Set via SendKeys &gt;
\0&lt;/a&gt;
W, 3248, 20, 2012/11/13, 08:51:52.655, 7578786723329, QTAgent32.exe, &lt;a class=success&gt;Playback - {19} [SUCCESS] MouseButtonClick - "[MSAA, VisibleOnly]ControlType='Button' &amp;&amp; Name='OK'"
\0&lt;/a&gt;
W, 3248, 20, 2012/11/13, 08:51:53.279, 7578795668572, QTAgent32.exe, &lt;a class=success&gt;Playback - {20} [SUCCESS] MouseButtonClick - "[MSAA, VisibleOnly]ControlType='Button' &amp;&amp; Name='Yes'"
\0&lt;/a&gt;
W, 3248, 20, 2012/11/13, 08:51:53.513, 7578799010441, QTAgent32.exe, &lt;a class=success&gt;Playback - {21} [SUCCESS] SendKeys "^{HOME}" - "[MSAA, VisibleOnly]ControlType='Edit'"
\0&lt;/a&gt;
E, 3248, 20, 2012/11/13, 08:51:53.513, 7578799013380, QTAgent32.exe, Msaa.GetFocusedElement: could not find accessible object of foreground window
W, 3248, 20, 2012/11/13, 08:51:53.591, 7578800129937, QTAgent32.exe, &lt;a class=success&gt;Playback - {22} [SUCCESS] SendKeys "^+{END}" - "[MSAA, VisibleOnly]ControlType='Edit'"
\0&lt;/a&gt;
E, 3248, 20, 2012/11/13, 08:51:53.591, 7578800132710, QTAgent32.exe, Msaa.GetFocusedElement: could not find accessible object of foreground window
W, 3248, 20, 2012/11/13, 08:51:53.607, 7578800354173, QTAgent32.exe, &lt;a class=success&gt;Playback - {23} [SUCCESS] SendKeys "{DELETE}" - "[MSAA, VisibleOnly]ControlType='Edit'"
\0&lt;/a&gt;
W, 3248, 20, 2012/11/13, 08:51:53.685, 7578801472863, QTAgent32.exe, &lt;a class=success&gt;Playback - {24} [SUCCESS] SetValueAsEditBox "1" - "[MSAA, VisibleOnly]ControlType='Edit'"  &lt; Set via SendKeys &gt;
\0&lt;/a&gt;
W, 3248, 20, 2012/11/13, 08:51:53.903, 7578804595384, QTAgent32.exe, &lt;a class=success&gt;Playback - {25} [SUCCESS] SendKeys "^{HOME}" - "[MSAA, VisibleOnly]ControlType='Edit'"
\0&lt;/a&gt;
E, 3248, 20, 2012/11/13, 08:51:53.903, 7578804597978, QTAgent32.exe, Msaa.GetFocusedElement: could not find accessible object of foreground window
W, 3248, 20, 2012/11/13, 08:51:53.997, 7578805937834, QTAgent32.exe, &lt;a class=success&gt;Playback - {26} [SUCCESS] SendKeys "^+{END}" - "[MSAA, VisibleOnly]ControlType='Edit'"
\0&lt;/a&gt;
E, 3248, 20, 2012/11/13, 08:51:53.997, 7578805940277, QTAgent32.exe, Msaa.GetFocusedElement: could not find accessible object of foreground window
W, 3248, 20, 2012/11/13, 08:51:54.012, 7578806159998, QTAgent32.exe, &lt;a class=success&gt;Playback - {27} [SUCCESS] SendKeys "{DELETE}" - "[MSAA, VisibleOnly]ControlType='Edit'"
\0&lt;/a&gt;
W, 3248, 20, 2012/11/13, 08:51:54.090, 7578807277898, QTAgent32.exe, &lt;a class=success&gt;Playback - {28} [SUCCESS] SetValueAsEditBox "1" - "[MSAA, VisibleOnly]ControlType='Edit'"  &lt; Set via SendKeys &gt;
\0&lt;/a&gt;
W, 3248, 20, 2012/11/13, 08:51:54.621, 7578815014609, QTAgent32.exe, &lt;a class=success&gt;Playback - {29} [SUCCESS] MouseButtonClick - "[MSAA, VisibleOnly]ControlType='Button' &amp;&amp; Name='OK'"
\0&lt;/a&gt;
W, 3248, 20, 2012/11/13, 08:51:55.167, 7578822805570, QTAgent32.exe, &lt;a class=success&gt;Playback - {30} [SUCCESS] MouseButtonClick - "[MSAA, VisibleOnly]ControlType='Button'"
\0&lt;/a&gt;
W, 3248, 20, 2012/11/13, 08:51:55.681, 7578830135631, QTAgent32.exe, &lt;a class=success&gt;Playback - {31} [SUCCESS] MouseButtonClick - "[MSAA, VisibleOnly]ControlType='Button' &amp;&amp; Name='Add'"
\0&lt;/a&gt;
W, 3248, 20, 2012/11/13, 08:51:56.181, 7578837400901, QTAgent32.exe, &lt;a class=success&gt;Playback - {32} [SUCCESS] MouseButtonClick - "[MSAA, VisibleOnly]ControlType='Button' &amp;&amp; Name='OK'"
\0&lt;/a&gt;
W, 3248, 20, 2012/11/13, 08:51:58.646, 7578872497735, QTAgent32.exe, &lt;a class=success&gt;Playback - {33} [SUCCESS] MouseButtonClick - "[MSAA, VisibleOnly,Window]ControlType='Window' &amp;&amp; ClassName='ThunderRT6TextBox'"
\0&lt;/a&gt;
W, 3248, 20, 2012/11/13, 08:51:59.004, 7578877643205, QTAgent32.exe, &lt;a class=success&gt;Playback - {34} [SUCCESS] SetValueAsEditBox "MOTO" - "[MSAA, VisibleOnly]ControlType='Edit'"  &lt; Set via SendKeys &gt;
\0&lt;/a&gt;
W, 3248, 20, 2012/11/13, 08:51:59.519, 7578885213621, QTAgent32.exe, &lt;a class=success&gt;Playback - {35} [SUCCESS] MouseButtonClick - "[MSAA, VisibleOnly]ControlType='Button' &amp;&amp; Name='OK'"
\0&lt;/a&gt;
W, 3248, 20, 2012/11/13, 08:51:59.956, 7578891325692, QTAgent32.exe, &lt;a class=success&gt;Playback - {36} [SUCCESS] MouseButtonClick - "[MSAA, VisibleOnly]ControlType='Button' &amp;&amp; Name='Options'"
\0&lt;/a&gt;
W, 3248, 20, 2012/11/13, 08:52:00.065, 7578892827754, QTAgent32.exe, FindScreenElementInSinglePass : Attempting to find control in one pass of search. Failures can occur.
W, 3248, 20, 2012/11/13, 08:52:00.237, 7578895281283, QTAgent32.exe, &lt;a class=success&gt;Playback - {37} [SUCCESS] MouseButtonClick - "[MSAA]ControlType='MenuItem' &amp;&amp; Name='Links'"
\0&lt;/a&gt;
W, 3248, 20, 2012/11/13, 08:52:00.346, 7578896848243, QTAgent32.exe, FindScreenElementInSinglePass : Attempting to find control in one pass of search. Failures can occur.
W, 3248, 20, 2012/11/13, 08:52:00.533, 7578899527406, QTAgent32.exe, &lt;a class=success&gt;Playback - {38} [SUCCESS] MouseButtonClick - "[MSAA]ControlType='MenuItem' &amp;&amp; Name='3rd Party Integration'"
\0&lt;/a&gt;
W, 3248, 20, 2012/11/13, 08:52:00.643, 7578901094455, QTAgent32.exe, FindScreenElementInSinglePass : Attempting to find control in one pass of search. Failures can occur.
W, 3248, 20, 2012/11/13, 08:52:00.830, 7578903803752, QTAgent32.exe, &lt;a class=success&gt;Playback - {39} [SUCCESS] MouseButtonClick - "[MSAA]ControlType='MenuItem' &amp;&amp; Name='Quote Select List'"
\0&lt;/a&gt;
W, 3248, 20, 2012/11/13, 08:52:02.749, 7578931246129, QTAgent32.exe, PERF WARNING: FindTopLevelWindowHelper::FindAllDescendents: took 1795 ms. Expected it to take maximum 500 ms.
W, 3248, 20, 2012/11/13, 08:52:04.449, 7578955798465, QTAgent32.exe, &lt;a class=success&gt;Playback - {40} [SUCCESS] MouseButtonClick - "[MSAA, VisibleOnly]ControlType='Button' &amp;&amp; Name='Ok'"
\0&lt;/a&gt;
W, 3248, 20, 2012/11/13, 08:52:19.535, 7579171589692, QTAgent32.exe, Playback - [WARNING] Internal warning: Window Not Found: [VisibleOnly]ControlType='Window' &amp;&amp; Name='Proposer Type' &amp;&amp; ClassName='ThunderRT6FormDC'
\0
E, 3248, 20, 2012/11/13, 08:52:19.535, 7579171592537, QTAgent32.exe, &lt;a class=failure&gt;Playback - {41} [FAILED] Function ElementFetcher::FindScreenElement failed to locate UI element (Searching: ;[VisibleOnly]ControlType='Window' &amp;&amp; Name='Proposer Type' &amp;&amp; ClassName='ThunderRT6FormDC') (The object specified was not found.)
\0&lt;/a&gt;
E, 3248, 20, 2012/11/13, 08:52:19.613, 7579172905517, QTAgent32.exe, Playback - [IMAGE] C:\Users\peter.zenin-ad\AppData\Local\Temp\UITestLogs\LastRun\RPFB122.png
\0
W, 3248, 20, 2012/11/13, 08:52:19.613, 7579172907692, QTAgent32.exe, Playback - [WARNING] Internal warning: Couldn't find descendants that match QueryId
\0
W, 3248, 20, 2012/11/13, 08:52:19.613, 7579172911069, QTAgent32.exe, PERF WARNING: FindTopLevelWindowHelper::FindAllDescendents: took 15068 ms. Expected it to take maximum 500 ms.
W, 3248, 20, 2012/11/13, 08:52:39.863, 7579462634108, QTAgent32.exe, Playback - [WARNING] Internal warning: Window Not Found: [VisibleOnly]ControlType='Window' &amp;&amp; Name='Proposer Type' &amp;&amp; ClassName='ThunderRT6FormDC'
\0
E, 3248, 20, 2012/11/13, 08:52:39.863, 7579462637115, QTAgent32.exe, &lt;a class=failure&gt;Playback - {42} [FAILED] Function ElementFetcher::FindScreenElement failed to locate UI element (Searching: ;[VisibleOnly]ControlType='Window' &amp;&amp; Name='Proposer Type' &amp;&amp; ClassName='ThunderRT6FormDC') (The object specified was not found.)
\0&lt;/a&gt;
E, 3248, 20, 2012/11/13, 08:52:39.957, 7579464005414, QTAgent32.exe, Playback - [IMAGE] C:\Users\peter.zenin-ad\AppData\Local\Temp\UITestLogs\LastRun\RPF8A.png
\0
W, 3248, 20, 2012/11/13, 08:52:39.957, 7579464007609, QTAgent32.exe, Playback - [WARNING] Internal warning: Couldn't find descendants that match QueryId
\0
W, 3248, 20, 2012/11/13, 08:52:39.957, 7579464010612, QTAgent32.exe, PERF WARNING: FindTopLevelWindowHelper::FindAllDescendents: took 20330 ms. Expected it to take maximum 500 ms.
W, 3248, 20, 2012/11/13, 08:52:43.124, 7579509317129, QTAgent32.exe, Playback - [WARNING] Internal warning: Smart Match failed
\0
W, 3248, 20, 2012/11/13, 08:52:44.559, 7579529866873, QTAgent32.exe, Playback - [WARNING] Internal warning: Window Not Found: [VisibleOnly]ControlType='Window' &amp;&amp; Name='Proposer Type' &amp;&amp; ClassName='ThunderRT6FormDC'
\0
E, 3248, 20, 2012/11/13, 08:52:44.559, 7579529869778, QTAgent32.exe, &lt;a class=failure&gt;Playback - {43} [FAILED] Function ElementFetcher::FindScreenElement failed to locate UI element (Searching: ;[VisibleOnly]ControlType='Window' &amp;&amp; Name='Proposer Type' &amp;&amp; ClassName='ThunderRT6FormDC') (The object specified was not found.)
\0&lt;/a&gt;
E, 3248, 20, 2012/11/13, 08:52:44.637, 7579531189090, QTAgent32.exe, Playback - [IMAGE] C:\Users\peter.zenin-ad\AppData\Local\Temp\UITestLogs\LastRun\RPF12E3.png
\0
W, 3248, 20, 2012/11/13, 08:52:44.637, 7579531191256, QTAgent32.exe, Playback - [WARNING] Internal warning: Couldn't find descendants that match QueryId
\0
W, 3248, 20, 2012/11/13, 08:52:44.653, 7579531197848, QTAgent32.exe, PERF WARNING: FindTopLevelWindowHelper::FindAllDescendents: took 4692 ms. Expected it to take maximum 500 ms.
E, 3248, 20, 2012/11/13, 08:52:44.653, 7579531199747, QTAgent32.exe, Exception: System.Runtime.InteropServices.COMException
	Message: Error HRESULT E_FAIL has been returned from a call to a COM component.
	Stack Trace:    at Microsoft.VisualStudio.TestTools.UITest.Playback.Engine.IRPFPlayback.FindAllScreenElements(IScreenElement pScreenElementStart, String bstrQueryId, Object&amp; pvarResKeys, Int32 cResKeys, Int32 nMaxDepth, Object[]&amp; foundDescendants)
   at Microsoft.VisualStudio.TestTools.UITest.Playback.ScreenElement.FindTopLevelWindowHelper(String queryId)
	BaseExceptionMessage: Error HRESULT E_FAIL has been returned from a call to a COM component.

E, 3248, 20, 2012/11/13, 08:52:44.778, 7579532988322, QTAgent32.exe, AL: Playback Error: Microsoft.VisualStudio.TestTools.UITest.Extension.UITestControlNotFoundException: The playback failed to find the control with the given search properties. Additional Details: 
TechnologyName:  'MSAA'
ControlType:  'Window'
Name:  'Proposer Type'
ClassName:  'ThunderRT6FormDC'
 ---&gt; System.Runtime.InteropServices.COMException: Error HRESULT E_FAIL has been returned from a call to a COM component.
   at Microsoft.VisualStudio.TestTools.UITest.Playback.Engine.IRPFPlayback.FindAllScreenElements(IScreenElement pScreenElementStart, String bstrQueryId, Object&amp; pvarResKeys, Int32 cResKeys, Int32 nMaxDepth, Object[]&amp; foundDescendants)
   at Microsoft.VisualStudio.TestTools.UITest.Playback.ScreenElement.FindTopLevelWindowHelper(String queryId)
   at Microsoft.VisualStudio.TestTools.UITest.Playback.ScreenElement.FindFromPartialQueryId(String queryId)
   at Microsoft.VisualStudio.TestTools.UITesting.UITestControl..ctor(String queryId)
   --- End of inner exception stack trace ---
   at Microsoft.VisualStudio.TestTools.UITesting.Playback.MapControlNotFoundException(COMException ex, IPlaybackContext context)
   at Microsoft.VisualStudio.TestTools.UITesting.Playback.MapAndThrowComException(COMException innerException, IPlaybackContext context)
   at Microsoft.VisualStudio.TestTools.UITesting.Playback.MapAndThrowException(SystemException exception, IPlaybackContext context)
   at Microsoft.VisualStudio.TestTools.UITesting.Playback.MapAndThrowException(SystemException exception, String queryId)
   at Microsoft.VisualStudio.TestTools.UITesting.UITestControl..ctor(String queryId)
   at Microsoft.VisualStudio.TestTools.UITesting.SearchHelper.SearchTopLevelWindow(ISearchArgument topLevelSearchArg, String topLevelElementQueryId)
   at Microsoft.VisualStudio.TestTools.UITesting.SearchHelper.GetTitleUpdatedTopLevelWindow(ISearchArgument topLevelSearchArg, String queryId, IList`1 windowTitles)
   at Microsoft.VisualStudio.TestTools.UITesting.SearchHelper.GetTopLevelElement(Boolean useCache, Boolean useCacheOnly, ISearchArgument searchArg, IList`1 windowTitles, Int32&amp; timeLeft)
   at Microsoft.VisualStudio.TestTools.UITesting.SearchHelper.GetElement(Boolean useCache, ISearchArgument searchArg)
   at Microsoft.VisualStudio.TestTools.UITesting.SearchHelper.Search(ISearchArgument searchArg)
   at Microsoft.VisualStudio.TestTools.UITesting.UITestControl.FindInternal()
   at Microsoft.VisualStudio.TestTools.UITesting.UITestControl.FindControlIfNecessary()
   at Microsoft.VisualStudio.TestTools.UITesting.UITestControl.Click(MouseButtons button, ModifierKeys modifierKeys, Point relativeCoordinates)
   at Microsoft.VisualStudio.TestTools.UITesting.Mouse.ClickImplementation(UITestControl control, MouseButtons button, ModifierKeys modifierKeys, Point relativeCoordinate)
   at Microsoft.VisualStudio.TestTools.UITesting.Mouse.ClickImplementationWrapper(UITestControl control, MouseButtons button, ModifierKeys modifierKeys, Point relativeCoordinate)
W, 3248, 20, 2012/11/13, 08:52:46.384, 7579555997845, QTAgent32.exe, Playback - [WARNING] Internal warning: Element "[MSAA, VisibleOnly]ControlType='Window' &amp;&amp; ControlId='32770'" was not found, so all intermediate elements were ignored. To improve performance replace this element Id with another Id or exclude it from QueryId. If this element is the target element, replace or remove intermediate elements
\0
W, 3248, 20, 2012/11/13, 08:52:46.915, 7579563742668, QTAgent32.exe, PERF WARNING: FindAllDescendents: took 2078 ms. Expected it to take maximum 500 ms.
W, 3248, 20, 2012/11/13, 08:52:47.258, 7579568566249, QTAgent32.exe, &lt;a class=success&gt;Playback - {44} [SUCCESS] MouseButtonClick - "[MSAA, VisibleOnly]ControlType='Button' &amp;&amp; Name='Cancel'"
\0&lt;/a&gt;
W, 3248, 20, 2012/11/13, 08:52:48.912, 7579592176131, QTAgent32.exe, Playback - [WARNING] Internal warning: Element "[MSAA, VisibleOnly]ControlType='Window' &amp;&amp; ControlId='32769'" was not found, so all intermediate elements were ignored. To improve performance replace this element Id with another Id or exclude it from QueryId. If this element is the target element, replace or remove intermediate elements
\0
W, 3248, 20, 2012/11/13, 08:52:49.442, 7579599859800, QTAgent32.exe, PERF WARNING: FindAllDescendents: took 2079 ms. Expected it to take maximum 500 ms.
W, 3248, 20, 2012/11/13, 08:52:49.770, 7579604467419, QTAgent32.exe, &lt;a class=success&gt;Playback - {45} [SUCCESS] MouseButtonClick - "[MSAA, VisibleOnly]ControlType='Button' &amp;&amp; Name='Cancel'"
\0&lt;/a&gt;
W, 3248, 20, 2012/11/13, 08:52:58.803, 7579733803615, QTAgent32.exe, Playback - [WARNING] Internal warning: Window Not Found: [VisibleOnly]ControlType='Window' &amp;&amp; Name='Customer: txt1 tdsfs' &amp;&amp; ClassName='ThunderRT6MDIForm'
\0
E, 3248, 20, 2012/11/13, 08:52:58.803, 7579733807501, QTAgent32.exe, &lt;a class=failure&gt;Playback - {46} [FAILED] Function ElementFetcher::FindScreenElement failed to locate UI element (Searching: ;[VisibleOnly]ControlType='Window' &amp;&amp; Name='Customer: txt1 tdsfs' &amp;&amp; ClassName='ThunderRT6MDIForm') (The object specified was not found.)
\0&lt;/a&gt;
E, 3248, 20, 2012/11/13, 08:52:58.896, 7579735149495, QTAgent32.exe, Playback - [IMAGE] C:\Users\peter.zenin-ad\AppData\Local\Temp\UITestLogs\LastRun\RPF4A86.png
\0
W, 3248, 20, 2012/11/13, 08:52:58.896, 7579735151792, QTAgent32.exe, Playback - [WARNING] Internal warning: Couldn't find descendants that match QueryId
\0
W, 3248, 20, 2012/11/13, 08:52:58.896, 7579735154844, QTAgent32.exe, PERF WARNING: FindTopLevelWindowHelper::FindAllDescendents: took 9016 ms. Expected it to take maximum 500 ms.
W, 3248, 20, 2012/11/13, 08:53:01.080, 7579766409670, QTAgent32.exe, Playback - [WARNING] Internal warning: Window Not Found: [VisibleOnly]ControlType='Window' &amp;&amp; Name='Customer: txt1 tdsfs' &amp;&amp; ClassName='ThunderRT6MDIForm'
\0
E, 3248, 20, 2012/11/13, 08:53:01.080, 7579766412534, QTAgent32.exe, &lt;a class=failure&gt;Playback - {47} [FAILED] Function ElementFetcher::FindScreenElement failed to locate UI element (Searching: ;[VisibleOnly]ControlType='Window' &amp;&amp; Name='Customer: txt1 tdsfs' &amp;&amp; ClassName='ThunderRT6MDIForm') (The object specified was not found.)
\0&lt;/a&gt;
E, 3248, 20, 2012/11/13, 08:53:01.158, 7579767717865, QTAgent32.exe, Playback - [IMAGE] C:\Users\peter.zenin-ad\AppData\Local\Temp\UITestLogs\LastRun\RPF536D.png
\0
W, 3248, 20, 2012/11/13, 08:53:01.158, 7579767720038, QTAgent32.exe, Playback - [WARNING] Internal warning: Couldn't find descendants that match QueryId
\0
W, 3248, 20, 2012/11/13, 08:53:01.158, 7579767723036, QTAgent32.exe, PERF WARNING: FindTopLevelWindowHelper::FindAllDescendents: took 2274 ms. Expected it to take maximum 500 ms.
W, 3248, 20, 2012/11/13, 08:53:05.636, 7579831630129, QTAgent32.exe, Playback - [WARNING] Internal warning: Window Not Found: [VisibleOnly]ControlType='Window' &amp;&amp; Name='Customer: txt1 tdsfs' &amp;&amp; ClassName='ThunderRT6MDIForm'
\0
E, 3248, 20, 2012/11/13, 08:53:05.636, 7579831633250, QTAgent32.exe, &lt;a class=failure&gt;Playback - {48} [FAILED] Function ElementFetcher::FindScreenElement failed to locate UI element (Searching: ;[VisibleOnly]ControlType='Window' &amp;&amp; Name='Customer: txt1 tdsfs' &amp;&amp; ClassName='ThunderRT6MDIForm') (The object specified was not found.)
\0&lt;/a&gt;
E, 3248, 20, 2012/11/13, 08:53:05.714, 7579832948745, QTAgent32.exe, Playback - [IMAGE] C:\Users\peter.zenin-ad\AppData\Local\Temp\UITestLogs\LastRun\RPF6539.png
\0
W, 3248, 20, 2012/11/13, 08:53:05.714, 7579832950967, QTAgent32.exe, Playback - [WARNING] Internal warning: Couldn't find descendants that match QueryId
\0
W, 3248, 20, 2012/11/13, 08:53:05.714, 7579832953993, QTAgent32.exe, PERF WARNING: FindTopLevelWindowHelper::FindAllDescendents: took 4555 ms. Expected it to take maximum 500 ms.
E, 3248, 20, 2012/11/13, 08:53:05.714, 7579832955805, QTAgent32.exe, Exception: System.Runtime.InteropServices.COMException
	Message: Error HRESULT E_FAIL has been returned from a call to a COM component.
	Stack Trace:    at Microsoft.VisualStudio.TestTools.UITest.Playback.Engine.IRPFPlayback.FindAllScreenElements(IScreenElement pScreenElementStart, String bstrQueryId, Object&amp; pvarResKeys, Int32 cResKeys, Int32 nMaxDepth, Object[]&amp; foundDescendants)
   at Microsoft.VisualStudio.TestTools.UITest.Playback.ScreenElement.FindTopLevelWindowHelper(String queryId)
	BaseExceptionMessage: Error HRESULT E_FAIL has been returned from a call to a COM component.

E, 3248, 20, 2012/11/13, 08:53:05.730, 7579832969379, QTAgent32.exe, Window 4916774 not responding. Last Win32 error 0
E, 3248, 20, 2012/11/13, 08:53:05.730, 7579832972022, QTAgent32.exe, GetClassName for handle 4916774 failed
E, 3248, 20, 2012/11/13, 08:53:05.730, 7579832975990, QTAgent32.exe, Window 4916774 not responding. Last Win32 error 1400
E, 3248, 20, 2012/11/13, 08:53:05.730, 7579832986336, QTAgent32.exe, Window 4916774 not responding. Last Win32 error 1400
E, 3248, 20, 2012/11/13, 08:53:05.730, 7579832990075, QTAgent32.exe, GetClassName for handle 4916774 failed
E, 3248, 20, 2012/11/13, 08:53:05.730, 7579832990963, QTAgent32.exe, GetClassName for handle 4916774 failed
W, 3248, 20, 2012/11/13, 08:53:14.684, 7579961181991, QTAgent32.exe, Playback - [WARNING] Internal warning: Window Not Found: [VisibleOnly]ControlType='Window' &amp;&amp; Name='Customer: autotest autotest' &amp;&amp; ClassName='ThunderRT6MDIForm'
\0
E, 3248, 20, 2012/11/13, 08:53:14.684, 7579961184974, QTAgent32.exe, &lt;a class=failure&gt;Playback - {49} [FAILED] Function ElementFetcher::FindScreenElement failed to locate UI element (Searching: ;[VisibleOnly]ControlType='Window' &amp;&amp; Name='Customer: autotest autotest' &amp;&amp; ClassName='ThunderRT6MDIForm') (The object specified was not found.)
\0&lt;/a&gt;
E, 3248, 20, 2012/11/13, 08:53:14.778, 7579962542015, QTAgent32.exe, Playback - [IMAGE] C:\Users\peter.zenin-ad\AppData\Local\Temp\UITestLogs\LastRun\RPF8892.png
\0
W, 3248, 20, 2012/11/13, 08:53:14.778, 7579962544193, QTAgent32.exe, Playback - [WARNING] Internal warning: Couldn't find descendants that match QueryId
\0
W, 3248, 20, 2012/11/13, 08:53:14.778, 7579962547244, QTAgent32.exe, PERF WARNING: FindTopLevelWindowHelper::FindAllDescendents: took 9048 ms. Expected it to take maximum 500 ms.
W, 3248, 20, 2012/11/13, 08:53:16.962, 7579993792916, QTAgent32.exe, Playback - [WARNING] Internal warning: Window Not Found: [VisibleOnly]ControlType='Window' &amp;&amp; Name='Customer: autotest autotest' &amp;&amp; ClassName='ThunderRT6MDIForm'
\0
E, 3248, 20, 2012/11/13, 08:53:16.962, 7579993795886, QTAgent32.exe, &lt;a class=failure&gt;Playback - {50} [FAILED] Function ElementFetcher::FindScreenElement failed to locate UI element (Searching: ;[VisibleOnly]ControlType='Window' &amp;&amp; Name='Customer: autotest autotest' &amp;&amp; ClassName='ThunderRT6MDIForm') (The object specified was not found.)
\0&lt;/a&gt;
E, 3248, 20, 2012/11/13, 08:53:17.040, 7579995101171, QTAgent32.exe, Playback - [IMAGE] C:\Users\peter.zenin-ad\AppData\Local\Temp\UITestLogs\LastRun\RPF9179.png
\0
W, 3248, 20, 2012/11/13, 08:53:17.040, 7579995103347, QTAgent32.exe, Playback - [WARNING] Internal warning: Couldn't find descendants that match QueryId
\0
W, 3248, 20, 2012/11/13, 08:53:17.040, 7579995106412, QTAgent32.exe, PERF WARNING: FindTopLevelWindowHelper::FindAllDescendents: took 2273 ms. Expected it to take maximum 500 ms.
W, 3248, 20, 2012/11/13, 08:53:21.518, 7580059016977, QTAgent32.exe, Playback - [WARNING] Internal warning: Window Not Found: [VisibleOnly]ControlType='Window' &amp;&amp; Name='Customer: autotest autotest' &amp;&amp; ClassName='ThunderRT6MDIForm'
\0
E, 3248, 20, 2012/11/13, 08:53:21.518, 7580059019914, QTAgent32.exe, &lt;a class=failure&gt;Playback - {51} [FAILED] Function ElementFetcher::FindScreenElement failed to locate UI element (Searching: ;[VisibleOnly]ControlType='Window' &amp;&amp; Name='Customer: autotest autotest' &amp;&amp; ClassName='ThunderRT6MDIForm') (The object specified was not found.)
\0&lt;/a&gt;
E, 3248, 20, 2012/11/13, 08:53:21.596, 7580060310987, QTAgent32.exe, Playback - [IMAGE] C:\Users\peter.zenin-ad\AppData\Local\Temp\UITestLogs\LastRun\RPFA345.png
\0
W, 3248, 20, 2012/11/13, 08:53:21.596, 7580060313238, QTAgent32.exe, Playback - [WARNING] Internal warning: Couldn't find descendants that match QueryId
\0
W, 3248, 20, 2012/11/13, 08:53:21.596, 7580060316264, QTAgent32.exe, PERF WARNING: FindTopLevelWindowHelper::FindAllDescendents: took 4554 ms. Expected it to take maximum 500 ms.
E, 3248, 20, 2012/11/13, 08:53:21.596, 7580060318068, QTAgent32.exe, Exception: System.Runtime.InteropServices.COMException
	Message: Error HRESULT E_FAIL has been returned from a call to a COM component.
	Stack Trace:    at Microsoft.VisualStudio.TestTools.UITest.Playback.Engine.IRPFPlayback.FindAllScreenElements(IScreenElement pScreenElementStart, String bstrQueryId, Object&amp; pvarResKeys, Int32 cResKeys, Int32 nMaxDepth, Object[]&amp; foundDescendants)
   at Microsoft.VisualStudio.TestTools.UITest.Playback.ScreenElement.FindTopLevelWindowHelper(String queryId)
	BaseExceptionMessage: Error HRESULT E_FAIL has been returned from a call to a COM component.

E, 3248, 20, 2012/11/13, 08:53:21.596, 7580060322792, QTAgent32.exe, Window 4916774 not responding. Last Win32 error 0
E, 3248, 20, 2012/11/13, 08:53:21.596, 7580060326819, QTAgent32.exe, Window 4916774 not responding. Last Win32 error 1400
E, 3248, 20, 2012/11/13, 08:53:21.596, 7580060331570, QTAgent32.exe, Window 4916774 not responding. Last Win32 error 1400
E, 3248, 20, 2012/11/13, 08:53:21.596, 7580060332818, QTAgent32.exe, GetClassName for handle 4916774 failed
E, 3248, 20, 2012/11/13, 08:53:21.596, 7580060333628, QTAgent32.exe, GetClassName for handle 4916774 failed
E, 3248, 20, 2012/11/13, 08:53:21.705, 7580061690803, QTAgent32.exe, AL: Playback Error: Microsoft.VisualStudio.TestTools.UITest.Extension.UITestControlNotFoundException: Unable to find the top level element of the control ---&gt; Microsoft.VisualStudio.TestTools.UITest.Extension.UITestControlNotFoundException: The playback failed to find the control with the given search properties. Additional Details: 
TechnologyName:  'MSAA'
ControlType:  'Window'
 ---&gt; System.Runtime.InteropServices.COMException: Error HRESULT E_FAIL has been returned from a call to a COM component.
   at Microsoft.VisualStudio.TestTools.UITest.Playback.Engine.IRPFPlayback.FindAllScreenElements(IScreenElement pScreenElementStart, String bstrQueryId, Object&amp; pvarResKeys, Int32 cResKeys, Int32 nMaxDepth, Object[]&amp; foundDescendants)
   at Microsoft.VisualStudio.TestTools.UITest.Playback.ScreenElement.FindTopLevelWindowHelper(String queryId)
   at Microsoft.VisualStudio.TestTools.UITest.Playback.ScreenElement.FindFromPartialQueryId(String queryId)
   at Microsoft.VisualStudio.TestTools.UITesting.UITestControl..ctor(String queryId)
   --- End of inner exception stack trace ---
   at Microsoft.VisualStudio.TestTools.UITesting.Playback.MapControlNotFoundException(COMException ex, IPlaybackContext context)
   at Microsoft.VisualStudio.TestTools.UITesting.Playback.MapAndThrowComException(COMException innerException, IPlaybackContext context)
   at Microsoft.VisualStudio.TestTools.UITesting.Playback.MapAndThrowException(SystemException exception, IPlaybackContext context)
   at Microsoft.VisualStudio.TestTools.UITesting.Playback.MapAndThrowException(SystemException exception, String queryId)
   at Microsoft.VisualStudio.TestTools.UITesting.UITestControl..ctor(String queryId)
   at Microsoft.VisualStudio.TestTools.UITesting.SearchHelper.SearchTopLevelWindow(ISearchArgument topLevelSearchArg, String topLevelElementQueryId)
   at Microsoft.VisualStudio.TestTools.UITesting.SearchHelper.SearchUsingMultipleTitles(ISearchArgument topLevelSearchArg, QueryId topLevelQueryId, IList`1 windowTitles)
   --- End of inner exception stack trace ---
   at Microsoft.VisualStudio.TestTools.UITesting.SearchHelper.SearchUsingMultipleTitles(ISearchArgument topLevelSearchArg, QueryId topLevelQueryId, IList`1 windowTitles)
   at Microsoft.VisualStudio.TestTools.UITesting.SearchHelper.GetTitleUpdatedTopLevelWindow(ISearchArgument topLevelSearchArg, String queryId, IList`1 windowTitles)
   at Microsoft.VisualStudio.TestTools.UITesting.SearchHelper.GetTopLevelElement(Boolean useCache, Boolean useCacheOnly, ISearchArgument searchArg, IList`1 windowTitles, Int32&amp; timeLeft)
   at Microsoft.VisualStudio.TestTools.UITesting.SearchHelper.GetElement(Boolean useCache, ISearchArgument searchArg)
   at Microsoft.VisualStudio.TestTools.UITesting.SearchHelper.Search(ISearchArgument searchArg)
   at Microsoft.VisualStudio.TestTools.UITesting.UITestControl.FindInternal()
   at Microsoft.VisualStudio.TestTools.UITesting.UITestControl.FindControlIfNecessary()
   at Microsoft.VisualStudio.TestTools.UITesting.UITestControl.Click(MouseButtons button, ModifierKeys modifierKeys, Point relativeCoordinates)
   at Microsoft.VisualStudio.TestTools.UITesting.Mouse.ClickImplementation(UITestControl control, MouseButtons button, ModifierKeys modifierKeys, Point relativeCoordinate)
   at Microsoft.VisualStudio.TestTools.UITesting.Mouse.ClickImplementationWrapper(UITestControl control, MouseButtons button, ModifierKeys modifierKeys, Point relativeCoordinate)
W, 3248, 20, 2012/11/13, 08:53:21.705, 7580061693016, QTAgent32.exe, PlaybackErrorHandler: Ignoring exception as ContinueOnError is set.
W, 3248, 20, 2012/11/13, 08:53:22.048, 7580066636566, QTAgent32.exe, &lt;a class=success&gt;Playback - {52} [SUCCESS] MouseButtonClick - "[MSAA, VisibleOnly]ControlType='Button' &amp;&amp; Name='Close'"
\0&lt;/a&gt;
W, 3248, 20, 2012/11/13, 08:53:26.541, 7580130964052, QTAgent32.exe, IEDOM : StopSession of the plugin called before StartSession
W, 3248, 20, 2012/11/13, 08:53:26.541, 7580130965313, QTAgent32.exe, UIA : StopSession of the plugin called before StartSession
W, 3248, 20, 2012/11/13, 08:53:26.541, 7580130966011, QTAgent32.exe, SLPlugin : StopSession of the plugin called before StartSession
</DebugTrace>
        <ErrorInfo>
          <Message>Test method TestProject7.TamAutotest.MotoTest14 threw exception: 
Microsoft.VisualStudio.TestTools.UITest.Extension.UITestControlNotFoundException: The playback failed to find the control with the given search properties. Additional Details: 
TechnologyName:  'MSAA'
ControlType:  'Window'
Name:  'Proposer Type'
ClassName:  'ThunderRT6FormDC'
 ---&gt; System.Runtime.InteropServices.COMException: Error HRESULT E_FAIL has been returned from a call to a COM component.</Message>
          <StackTrace>    at Microsoft.VisualStudio.TestTools.UITest.Playback.Engine.IRPFPlayback.FindAllScreenElements(IScreenElement pScreenElementStart, String bstrQueryId, Object&amp; pvarResKeys, Int32 cResKeys, Int32 nMaxDepth, Object[]&amp; foundDescendants)
   at Microsoft.VisualStudio.TestTools.UITest.Playback.ScreenElement.FindTopLevelWindowHelper(String queryId)
   at Microsoft.VisualStudio.TestTools.UITest.Playback.ScreenElement.FindFromPartialQueryId(String queryId)
   at Microsoft.VisualStudio.TestTools.UITesting.UITestControl..ctor(String queryId)
 --- End of inner exception stack trace ---
    at Microsoft.VisualStudio.TestTools.UITesting.Playback.MapControlNotFoundException(COMException ex, IPlaybackContext context)
   at Microsoft.VisualStudio.TestTools.UITesting.Playback.MapAndThrowComException(COMException innerException, IPlaybackContext context)
   at Microsoft.VisualStudio.TestTools.UITesting.Playback.MapAndThrowException(SystemException exception, IPlaybackContext context)
   at Microsoft.VisualStudio.TestTools.UITesting.Playback.MapAndThrowException(SystemException exception, String queryId)
   at Microsoft.VisualStudio.TestTools.UITesting.UITestControl..ctor(String queryId)
   at Microsoft.VisualStudio.TestTools.UITesting.SearchHelper.SearchTopLevelWindow(ISearchArgument topLevelSearchArg, String topLevelElementQueryId)
   at Microsoft.VisualStudio.TestTools.UITesting.SearchHelper.GetTitleUpdatedTopLevelWindow(ISearchArgument topLevelSearchArg, String queryId, IList`1 windowTitles)
   at Microsoft.VisualStudio.TestTools.UITesting.SearchHelper.GetTopLevelElement(Boolean useCache, Boolean useCacheOnly, ISearchArgument searchArg, IList`1 windowTitles, Int32&amp; timeLeft)
   at Microsoft.VisualStudio.TestTools.UITesting.SearchHelper.GetElement(Boolean useCache, ISearchArgument searchArg)
   at Microsoft.VisualStudio.TestTools.UITesting.SearchHelper.Search(ISearchArgument searchArg)
   at Microsoft.VisualStudio.TestTools.UITesting.UITestControl.FindInternal()
   at Microsoft.VisualStudio.TestTools.UITesting.UITestControl.FindControlIfNecessary()
   at Microsoft.VisualStudio.TestTools.UITesting.UITestControl.Click(MouseButtons button, ModifierKeys modifierKeys, Point relativeCoordinates)
   at Microsoft.VisualStudio.TestTools.UITesting.Mouse.ClickImplementation(UITestControl control, MouseButtons button, ModifierKeys modifierKeys, Point relativeCoordinate)
   at Microsoft.VisualStudio.TestTools.UITesting.Mouse.ClickImplementationWrapper(UITestControl control, MouseButtons button, ModifierKeys modifierKeys, Point relativeCoordinate)
   at Microsoft.VisualStudio.TestTools.UITesting.Mouse.Click(UITestControl control, Point relativeCoordinate)
   at TestProject7.UIMap.MotoPostcodeLookup() in C:\TestProject7\TestProject7\UIMap.Designer.cs:line 3861
   at TestProject7.TamAutotest.MotoTest14() in C:\TestProject7\TestProject7\CodedUITest1.cs:line 664
</StackTrace>
        </ErrorInfo>
      </Output>
      <ResultFiles>
        <ResultFile path="ICLVDEVAP01\MotoTest14.png" />
      </ResultFiles>
      <ExtensionResult>Exception has been thrown by the target of an invocation.</ExtensionResult>
    </UnitTestResult>
    <UnitTestResult executionId="940bd8e9-d5fb-40e0-bb69-28afeb0b0dd8" testId="e7680189-6b97-1f0a-48c0-e6d1b1c96b8e" testName="MotoTest15" computerName="ICLVDEVAP01" duration="00:00:35.4485498" startTime="2012-11-13T08:53:26.5572296+00:00" endTime="2012-11-13T08:54:02.0024744+00:00" testType="13cdc9d9-ddb5-4fa4-a97d-d965ccfc6d4b" outcome="Failed" testListId="8c84fa94-04c1-424b-9868-57a2d4851a1d" relativeResultsDirectory="940bd8e9-d5fb-40e0-bb69-28afeb0b0dd8">
      <Output>
        <DebugTrace>W, 3248, 27, 2012/11/13, 08:53:26.557, 7580131251809, QTAgent32.exe, ExtensionFramework : A Technology Manager with name Web is already registered.
W, 3248, 27, 2012/11/13, 08:53:36.120, 7580268081805, QTAgent32.exe, Playback - [WARNING] Internal warning: Window Not Found: [VisibleOnly]ControlType='Window' &amp;&amp; Name='The Agency Manager Signon' &amp;&amp; ClassName='ThunderRT6FormDC'
\0
E, 3248, 27, 2012/11/13, 08:53:36.120, 7580268084652, QTAgent32.exe, &lt;a class=failure&gt;Playback - {1} [FAILED] Function ElementFetcher::FindScreenElement failed to locate UI element (Searching: ;[VisibleOnly]ControlType='Window' &amp;&amp; Name='The Agency Manager Signon' &amp;&amp; ClassName='ThunderRT6FormDC') (The object specified was not found.)
\0&lt;/a&gt;
E, 3248, 27, 2012/11/13, 08:53:36.198, 7580269353255, QTAgent32.exe, Playback - [IMAGE] C:\Users\peter.zenin-ad\AppData\Local\Temp\UITestLogs\LastRun\RPFDC50.png
\0
W, 3248, 27, 2012/11/13, 08:53:36.198, 7580269355475, QTAgent32.exe, Playback - [WARNING] Internal warning: Couldn't find descendants that match QueryId
\0
W, 3248, 27, 2012/11/13, 08:53:36.198, 7580269358496, QTAgent32.exe, PERF WARNING: FindTopLevelWindowHelper::FindAllDescendents: took 9073 ms. Expected it to take maximum 500 ms.
W, 3248, 27, 2012/11/13, 08:53:54.436, 7580530311903, QTAgent32.exe, Playback - [WARNING] Internal warning: Window Not Found: [VisibleOnly]ControlType='Window' &amp;&amp; Name='The Agency Manager Signon' &amp;&amp; ClassName='ThunderRT6FormDC'
\0
E, 3248, 27, 2012/11/13, 08:53:54.436, 7580530314927, QTAgent32.exe, &lt;a class=failure&gt;Playback - {2} [FAILED] Function ElementFetcher::FindScreenElement failed to locate UI element (Searching: ;[VisibleOnly]ControlType='Window' &amp;&amp; Name='The Agency Manager Signon' &amp;&amp; ClassName='ThunderRT6FormDC') (The object specified was not found.)
\0&lt;/a&gt;
E, 3248, 27, 2012/11/13, 08:53:54.514, 7580531570016, QTAgent32.exe, Playback - [IMAGE] C:\Users\peter.zenin-ad\AppData\Local\Temp\UITestLogs\LastRun\RPF23DB.png
\0
W, 3248, 27, 2012/11/13, 08:53:54.514, 7580531572246, QTAgent32.exe, Playback - [WARNING] Internal warning: Couldn't find descendants that match QueryId
\0
W, 3248, 27, 2012/11/13, 08:53:54.514, 7580531575252, QTAgent32.exe, PERF WARNING: FindTopLevelWindowHelper::FindAllDescendents: took 18313 ms. Expected it to take maximum 500 ms.
W, 3248, 27, 2012/11/13, 08:53:59.350, 7580600672715, QTAgent32.exe, Playback - [WARNING] Internal warning: Window with Class "ThunderRT6FormDC" and Title "The Agency Manager Signon" was not found, so similar window with Class "ThunderRT6FormDC" and Title "The Agency Manager" was accepted
\0
W, 3248, 27, 2012/11/13, 08:53:59.350, 7580600707469, QTAgent32.exe, PERF WARNING: FindTopLevelWindowHelper::FindAllDescendents: took 4828 ms. Expected it to take maximum 500 ms.
W, 3248, 27, 2012/11/13, 08:54:00.894, 7580622778757, QTAgent32.exe, Playback - [WARNING] Internal warning: Element "[MSAA, VisibleOnly]ControlType='Window' &amp;&amp; ControlId='7'" was not found, so all intermediate elements were ignored. To improve performance replace this element Id with another Id or exclude it from QueryId. If this element is the target element, replace or remove intermediate elements
\0
W, 3248, 27, 2012/11/13, 08:54:01.425, 7580630370621, QTAgent32.exe, PERF WARNING: FindAllDescendents: took 2070 ms. Expected it to take maximum 500 ms.
W, 3248, 27, 2012/11/13, 08:54:01.752, 7580635064187, QTAgent32.exe, &lt;a class=success&gt;Playback - {3} [SUCCESS] MouseButtonClick - "[MSAA, VisibleOnly]ControlType='Edit'"
\0&lt;/a&gt;
W, 3248, 27, 2012/11/13, 08:54:02.002, 7580638674542, QTAgent32.exe, IEDOM : StopSession of the plugin called before StartSession
W, 3248, 27, 2012/11/13, 08:54:02.002, 7580638675782, QTAgent32.exe, UIA : StopSession of the plugin called before StartSession
W, 3248, 27, 2012/11/13, 08:54:02.002, 7580638676445, QTAgent32.exe, SLPlugin : StopSession of the plugin called before StartSession
</DebugTrace>
        <ErrorInfo>
          <Message>Initialization method TestProject7.TamAutotest.StartTest threw exception. System.ArgumentException: System.ArgumentException: The encoded string can only be used for a password..</Message>
          <StackTrace>    at Microsoft.VisualStudio.TestTools.UITest.Playback.ScreenElement.SendKeys(String keys, ModifierKeys modifierKeys, Boolean isEncoded, Boolean isUnicode)
   at Microsoft.VisualStudio.TestTools.UITesting.UITestControl.SendKeys(String text, ModifierKeys modifierKeys, Boolean isEncoded, Boolean isUnicode)
   at Microsoft.VisualStudio.TestTools.UITesting.Keyboard.SendKeysImplementation(UITestControl control, String text, ModifierKeys modifierKeys, Boolean isEncoded, Boolean isUnicode)
   at Microsoft.VisualStudio.TestTools.UITesting.Keyboard.SendKeysImplementationWrapper(UITestControl control, String text, ModifierKeys modifierKeys, Boolean isEncoded, Boolean isUnicode)
   at Microsoft.VisualStudio.TestTools.UITesting.Keyboard.SendKeys(UITestControl control, String text, Boolean isEncoded)
   at TestProject7.UIMap.Login_new() in C:\TestProject7\TestProject7\UIMap.Designer.cs:line 2649
   at TestProject7.TamAutotest.StartTest() in C:\TestProject7\TestProject7\CodedUITest1.cs:line 29
</StackTrace>
        </ErrorInfo>
      </Output>
    </UnitTestResult>
    <UnitTestResult executionId="ccae67b2-70e7-4310-915c-1f1e888f2815" testId="c540cf3f-a6f3-b5ba-c3cd-38a0f986a3da" testName="MotoTest16" computerName="ICLVDEVAP01" duration="00:00:00.5180849" startTime="2012-11-13T08:54:02.0024744+00:00" endTime="2012-11-13T08:54:02.5329050+00:00" testType="13cdc9d9-ddb5-4fa4-a97d-d965ccfc6d4b" outcome="Failed" testListId="8c84fa94-04c1-424b-9868-57a2d4851a1d" relativeResultsDirectory="ccae67b2-70e7-4310-915c-1f1e888f2815">
      <Output>
        <DebugTrace>W, 3248, 29, 2012/11/13, 08:54:02.018, 7580638904944, QTAgent32.exe, ExtensionFramework : A Technology Manager with name Web is already registered.
W, 3248, 29, 2012/11/13, 08:54:02.018, 7580639016350, QTAgent32.exe, SLPlugin: Port 4503 already in use
W, 3248, 29, 2012/11/13, 08:54:02.018, 7580639019849, QTAgent32.exe, SLPlugin: Port 943 already in use
W, 3248, 29, 2012/11/13, 08:54:02.532, 7580646278453, QTAgent32.exe, IEDOM : StopSession of the plugin called before StartSession
W, 3248, 29, 2012/11/13, 08:54:02.532, 7580646279662, QTAgent32.exe, UIA : StopSession of the plugin called before StartSession
W, 3248, 29, 2012/11/13, 08:54:02.532, 7580646280354, QTAgent32.exe, SLPlugin : StopSession of the plugin called before StartSession
</DebugTrace>
        <ErrorInfo>
          <Message>Initialization method TestProject7.TamAutotest.StartTest threw exception. Microsoft.VisualStudio.TestTools.UITest.Extension.FailedToLaunchApplicationException: Microsoft.VisualStudio.TestTools.UITest.Extension.FailedToLaunchApplicationException: "The application cannot be started. This could be due to one of the following reasons:
1) Another instance of the application is already running and only one instance can be running at a time.
2) The application started another process and has now stopped. You may need to launch the process directly.
3) You do not have sufficient privileges for this application." File: C:\APPLIED\WINTAM\HOMEBASE.EXE..</Message>
          <StackTrace>    at Microsoft.VisualStudio.TestTools.UITesting.ApplicationUnderTest.ThrowIfProcessNotValid(Process process)
   at Microsoft.VisualStudio.TestTools.UITesting.ApplicationUnderTest.Start(ProcessStartInfo startInfo)
   at Microsoft.VisualStudio.TestTools.UITesting.ApplicationUnderTest..ctor(String fileName, String alternateFileName, String arguments)
   at Microsoft.VisualStudio.TestTools.UITesting.ApplicationUnderTest.Launch(String fileName, String alternateFileName)
   at TestProject7.UIMap.Login_new() in C:\TestProject7\TestProject7\UIMap.Designer.cs:line 2643
   at TestProject7.TamAutotest.StartTest() in C:\TestProject7\TestProject7\CodedUITest1.cs:line 29
</StackTrace>
        </ErrorInfo>
      </Output>
    </UnitTestResult>
    <UnitTestResult executionId="2b35866d-6083-4178-8d71-4e8230a66fb5" testId="0457170a-e33e-18a3-7909-18d70df8aa6e" testName="MotoTest17" computerName="ICLVDEVAP01" duration="00:00:00.5230349" startTime="2012-11-13T08:54:02.5329050+00:00" endTime="2012-11-13T08:54:03.0633356+00:00" testType="13cdc9d9-ddb5-4fa4-a97d-d965ccfc6d4b" outcome="Failed" testListId="8c84fa94-04c1-424b-9868-57a2d4851a1d" relativeResultsDirectory="2b35866d-6083-4178-8d71-4e8230a66fb5">
      <Output>
        <DebugTrace>W, 3248, 16, 2012/11/13, 08:54:02.532, 7580646414816, QTAgent32.exe, ExtensionFramework : A Technology Manager with name Web is already registered.
W, 3248, 16, 2012/11/13, 08:54:02.548, 7580646520955, QTAgent32.exe, SLPlugin: Port 4503 already in use
W, 3248, 16, 2012/11/13, 08:54:02.548, 7580646524301, QTAgent32.exe, SLPlugin: Port 943 already in use
W, 3248, 16, 2012/11/13, 08:54:03.063, 7580653862016, QTAgent32.exe, IEDOM : StopSession of the plugin called before StartSession
W, 3248, 16, 2012/11/13, 08:54:03.063, 7580653863254, QTAgent32.exe, UIA : StopSession of the plugin called before StartSession
W, 3248, 16, 2012/11/13, 08:54:03.063, 7580653863992, QTAgent32.exe, SLPlugin : StopSession of the plugin called before StartSession
</DebugTrace>
        <ErrorInfo>
          <Message>Initialization method TestProject7.TamAutotest.StartTest threw exception. Microsoft.VisualStudio.TestTools.UITest.Extension.FailedToLaunchApplicationException: Microsoft.VisualStudio.TestTools.UITest.Extension.FailedToLaunchApplicationException: "The application cannot be started. This could be due to one of the following reasons:
1) Another instance of the application is already running and only one instance can be running at a time.
2) The application started another process and has now stopped. You may need to launch the process directly.
3) You do not have sufficient privileges for this application." File: C:\APPLIED\WINTAM\HOMEBASE.EXE..</Message>
          <StackTrace>    at Microsoft.VisualStudio.TestTools.UITesting.ApplicationUnderTest.ThrowIfProcessNotValid(Process process)
   at Microsoft.VisualStudio.TestTools.UITesting.ApplicationUnderTest.Start(ProcessStartInfo startInfo)
   at Microsoft.VisualStudio.TestTools.UITesting.ApplicationUnderTest..ctor(String fileName, String alternateFileName, String arguments)
   at Microsoft.VisualStudio.TestTools.UITesting.ApplicationUnderTest.Launch(String fileName, String alternateFileName)
   at TestProject7.UIMap.Login_new() in C:\TestProject7\TestProject7\UIMap.Designer.cs:line 2643
   at TestProject7.TamAutotest.StartTest() in C:\TestProject7\TestProject7\CodedUITest1.cs:line 29
</StackTrace>
        </ErrorInfo>
      </Output>
    </UnitTestResult>
    <UnitTestResult executionId="202da324-0b87-468d-bbe3-81a16ad60f74" testId="95111846-656e-91d9-dc83-b04719c1fedd" testName="MotoTest18" computerName="ICLVDEVAP01" duration="00:00:00.5235643" startTime="2012-11-13T08:54:03.0633356+00:00" endTime="2012-11-13T08:54:03.5937662+00:00" testType="13cdc9d9-ddb5-4fa4-a97d-d965ccfc6d4b" outcome="Failed" testListId="8c84fa94-04c1-424b-9868-57a2d4851a1d" relativeResultsDirectory="202da324-0b87-468d-bbe3-81a16ad60f74">
      <Output>
        <DebugTrace>W, 3248, 35, 2012/11/13, 08:54:03.063, 7580654001663, QTAgent32.exe, ExtensionFramework : A Technology Manager with name Web is already registered.
W, 3248, 35, 2012/11/13, 08:54:03.078, 7580654112890, QTAgent32.exe, SLPlugin: Port 4503 already in use
W, 3248, 35, 2012/11/13, 08:54:03.078, 7580654116391, QTAgent32.exe, SLPlugin: Port 943 already in use
W, 3248, 35, 2012/11/13, 08:54:03.593, 7580661455768, QTAgent32.exe, IEDOM : StopSession of the plugin called before StartSession
W, 3248, 35, 2012/11/13, 08:54:03.593, 7580661457018, QTAgent32.exe, UIA : StopSession of the plugin called before StartSession
W, 3248, 35, 2012/11/13, 08:54:03.593, 7580661457700, QTAgent32.exe, SLPlugin : StopSession of the plugin called before StartSession
</DebugTrace>
        <ErrorInfo>
          <Message>Initialization method TestProject7.TamAutotest.StartTest threw exception. Microsoft.VisualStudio.TestTools.UITest.Extension.FailedToLaunchApplicationException: Microsoft.VisualStudio.TestTools.UITest.Extension.FailedToLaunchApplicationException: "The application cannot be started. This could be due to one of the following reasons:
1) Another instance of the application is already running and only one instance can be running at a time.
2) The application started another process and has now stopped. You may need to launch the process directly.
3) You do not have sufficient privileges for this application." File: C:\APPLIED\WINTAM\HOMEBASE.EXE..</Message>
          <StackTrace>    at Microsoft.VisualStudio.TestTools.UITesting.ApplicationUnderTest.ThrowIfProcessNotValid(Process process)
   at Microsoft.VisualStudio.TestTools.UITesting.ApplicationUnderTest.Start(ProcessStartInfo startInfo)
   at Microsoft.VisualStudio.TestTools.UITesting.ApplicationUnderTest..ctor(String fileName, String alternateFileName, String arguments)
   at Microsoft.VisualStudio.TestTools.UITesting.ApplicationUnderTest.Launch(String fileName, String alternateFileName)
   at TestProject7.UIMap.Login_new() in C:\TestProject7\TestProject7\UIMap.Designer.cs:line 2643
   at TestProject7.TamAutotest.StartTest() in C:\TestProject7\TestProject7\CodedUITest1.cs:line 29
</StackTrace>
        </ErrorInfo>
      </Output>
    </UnitTestResult>
    <UnitTestResult executionId="e53a04ac-db55-40a5-a990-cae1373eef23" testId="0faa065a-7d90-5129-349a-696c971dbf85" testName="MotoTest19" computerName="ICLVDEVAP01" duration="00:00:00.5237826" startTime="2012-11-13T08:54:03.5937662+00:00" endTime="2012-11-13T08:54:04.1241968+00:00" testType="13cdc9d9-ddb5-4fa4-a97d-d965ccfc6d4b" outcome="Failed" testListId="8c84fa94-04c1-424b-9868-57a2d4851a1d" relativeResultsDirectory="e53a04ac-db55-40a5-a990-cae1373eef23">
      <Output>
        <DebugTrace>W, 3248, 41, 2012/11/13, 08:54:03.593, 7580661592819, QTAgent32.exe, ExtensionFramework : A Technology Manager with name Web is already registered.
W, 3248, 41, 2012/11/13, 08:54:03.609, 7580661703269, QTAgent32.exe, SLPlugin: Port 4503 already in use
W, 3248, 41, 2012/11/13, 08:54:03.609, 7580661706785, QTAgent32.exe, SLPlugin: Port 943 already in use
W, 3248, 41, 2012/11/13, 08:54:04.124, 7580669050273, QTAgent32.exe, IEDOM : StopSession of the plugin called before StartSession
W, 3248, 41, 2012/11/13, 08:54:04.124, 7580669051569, QTAgent32.exe, UIA : StopSession of the plugin called before StartSession
W, 3248, 41, 2012/11/13, 08:54:04.124, 7580669052327, QTAgent32.exe, SLPlugin : StopSession of the plugin called before StartSession
</DebugTrace>
        <ErrorInfo>
          <Message>Initialization method TestProject7.TamAutotest.StartTest threw exception. Microsoft.VisualStudio.TestTools.UITest.Extension.FailedToLaunchApplicationException: Microsoft.VisualStudio.TestTools.UITest.Extension.FailedToLaunchApplicationException: "The application cannot be started. This could be due to one of the following reasons:
1) Another instance of the application is already running and only one instance can be running at a time.
2) The application started another process and has now stopped. You may need to launch the process directly.
3) You do not have sufficient privileges for this application." File: C:\APPLIED\WINTAM\HOMEBASE.EXE..</Message>
          <StackTrace>    at Microsoft.VisualStudio.TestTools.UITesting.ApplicationUnderTest.ThrowIfProcessNotValid(Process process)
   at Microsoft.VisualStudio.TestTools.UITesting.ApplicationUnderTest.Start(ProcessStartInfo startInfo)
   at Microsoft.VisualStudio.TestTools.UITesting.ApplicationUnderTest..ctor(String fileName, String alternateFileName, String arguments)
   at Microsoft.VisualStudio.TestTools.UITesting.ApplicationUnderTest.Launch(String fileName, String alternateFileName)
   at TestProject7.UIMap.Login_new() in C:\TestProject7\TestProject7\UIMap.Designer.cs:line 2643
   at TestProject7.TamAutotest.StartTest() in C:\TestProject7\TestProject7\CodedUITest1.cs:line 29
</StackTrace>
        </ErrorInfo>
      </Output>
    </UnitTestResult>
    <UnitTestResult executionId="c8c84197-35b4-4306-a184-5f3c726627b9" testId="6a41f98c-60c7-3333-a5a3-d5d87b5c35c7" testName="MotoTest2" computerName="ICLVDEVAP01" duration="00:00:00.5234002" startTime="2012-11-13T08:54:04.1241968+00:00" endTime="2012-11-13T08:54:04.6546274+00:00" testType="13cdc9d9-ddb5-4fa4-a97d-d965ccfc6d4b" outcome="Failed" testListId="8c84fa94-04c1-424b-9868-57a2d4851a1d" relativeResultsDirectory="c8c84197-35b4-4306-a184-5f3c726627b9">
      <Output>
        <DebugTrace>W, 3248, 47, 2012/11/13, 08:54:04.124, 7580669193913, QTAgent32.exe, ExtensionFramework : A Technology Manager with name Web is already registered.
W, 3248, 47, 2012/11/13, 08:54:04.139, 7580669304024, QTAgent32.exe, SLPlugin: Port 4503 already in use
W, 3248, 47, 2012/11/13, 08:54:04.139, 7580669307549, QTAgent32.exe, SLPlugin: Port 943 already in use
W, 3248, 47, 2012/11/13, 08:54:04.654, 7580676644928, QTAgent32.exe, IEDOM : StopSession of the plugin called before StartSession
W, 3248, 47, 2012/11/13, 08:54:04.654, 7580676646162, QTAgent32.exe, UIA : StopSession of the plugin called before StartSession
W, 3248, 47, 2012/11/13, 08:54:04.654, 7580676646873, QTAgent32.exe, SLPlugin : StopSession of the plugin called before StartSession
</DebugTrace>
        <ErrorInfo>
          <Message>Initialization method TestProject7.TamAutotest.StartTest threw exception. Microsoft.VisualStudio.TestTools.UITest.Extension.FailedToLaunchApplicationException: Microsoft.VisualStudio.TestTools.UITest.Extension.FailedToLaunchApplicationException: "The application cannot be started. This could be due to one of the following reasons:
1) Another instance of the application is already running and only one instance can be running at a time.
2) The application started another process and has now stopped. You may need to launch the process directly.
3) You do not have sufficient privileges for this application." File: C:\APPLIED\WINTAM\HOMEBASE.EXE..</Message>
          <StackTrace>    at Microsoft.VisualStudio.TestTools.UITesting.ApplicationUnderTest.ThrowIfProcessNotValid(Process process)
   at Microsoft.VisualStudio.TestTools.UITesting.ApplicationUnderTest.Start(ProcessStartInfo startInfo)
   at Microsoft.VisualStudio.TestTools.UITesting.ApplicationUnderTest..ctor(String fileName, String alternateFileName, String arguments)
   at Microsoft.VisualStudio.TestTools.UITesting.ApplicationUnderTest.Launch(String fileName, String alternateFileName)
   at TestProject7.UIMap.Login_new() in C:\TestProject7\TestProject7\UIMap.Designer.cs:line 2643
   at TestProject7.TamAutotest.StartTest() in C:\TestProject7\TestProject7\CodedUITest1.cs:line 29
</StackTrace>
        </ErrorInfo>
      </Output>
    </UnitTestResult>
    <UnitTestResult executionId="66d65b88-9d44-4517-8119-94052b43bb3a" testId="450e4b2d-ad88-da3f-6d50-5c9a0ae1aa51" testName="MotoTest3" computerName="ICLVDEVAP01" duration="00:00:00.5236245" startTime="2012-11-13T08:54:04.6546274+00:00" endTime="2012-11-13T08:54:05.1850580+00:00" testType="13cdc9d9-ddb5-4fa4-a97d-d965ccfc6d4b" outcome="Failed" testListId="8c84fa94-04c1-424b-9868-57a2d4851a1d" relativeResultsDirectory="66d65b88-9d44-4517-8119-94052b43bb3a">
      <Output>
        <DebugTrace>W, 3248, 53, 2012/11/13, 08:54:04.654, 7580676784004, QTAgent32.exe, ExtensionFramework : A Technology Manager with name Web is already registered.
W, 3248, 53, 2012/11/13, 08:54:04.670, 7580676893510, QTAgent32.exe, SLPlugin: Port 4503 already in use
W, 3248, 53, 2012/11/13, 08:54:04.670, 7580676897035, QTAgent32.exe, SLPlugin: Port 943 already in use
W, 3248, 53, 2012/11/13, 08:54:05.185, 7580684239001, QTAgent32.exe, IEDOM : StopSession of the plugin called before StartSession
W, 3248, 53, 2012/11/13, 08:54:05.185, 7580684240263, QTAgent32.exe, UIA : StopSession of the plugin called before StartSession
W, 3248, 53, 2012/11/13, 08:54:05.185, 7580684240939, QTAgent32.exe, SLPlugin : StopSession of the plugin called before StartSession
</DebugTrace>
        <ErrorInfo>
          <Message>Initialization method TestProject7.TamAutotest.StartTest threw exception. Microsoft.VisualStudio.TestTools.UITest.Extension.FailedToLaunchApplicationException: Microsoft.VisualStudio.TestTools.UITest.Extension.FailedToLaunchApplicationException: "The application cannot be started. This could be due to one of the following reasons:
1) Another instance of the application is already running and only one instance can be running at a time.
2) The application started another process and has now stopped. You may need to launch the process directly.
3) You do not have sufficient privileges for this application." File: C:\APPLIED\WINTAM\HOMEBASE.EXE..</Message>
          <StackTrace>    at Microsoft.VisualStudio.TestTools.UITesting.ApplicationUnderTest.ThrowIfProcessNotValid(Process process)
   at Microsoft.VisualStudio.TestTools.UITesting.ApplicationUnderTest.Start(ProcessStartInfo startInfo)
   at Microsoft.VisualStudio.TestTools.UITesting.ApplicationUnderTest..ctor(String fileName, String alternateFileName, String arguments)
   at Microsoft.VisualStudio.TestTools.UITesting.ApplicationUnderTest.Launch(String fileName, String alternateFileName)
   at TestProject7.UIMap.Login_new() in C:\TestProject7\TestProject7\UIMap.Designer.cs:line 2643
   at TestProject7.TamAutotest.StartTest() in C:\TestProject7\TestProject7\CodedUITest1.cs:line 29
</StackTrace>
        </ErrorInfo>
      </Output>
    </UnitTestResult>
    <UnitTestResult executionId="89318e5f-8eef-4d93-b7a1-7c3b192e1446" testId="4e743fde-a814-86c0-27fd-8728ac2cb692" testName="MotoTest4" computerName="ICLVDEVAP01" duration="00:00:00.5233582" startTime="2012-11-13T08:54:05.1850580+00:00" endTime="2012-11-13T08:54:05.7154886+00:00" testType="13cdc9d9-ddb5-4fa4-a97d-d965ccfc6d4b" outcome="Failed" testListId="8c84fa94-04c1-424b-9868-57a2d4851a1d" relativeResultsDirectory="89318e5f-8eef-4d93-b7a1-7c3b192e1446">
      <Output>
        <DebugTrace>W, 3248, 59, 2012/11/13, 08:54:05.185, 7580684381268, QTAgent32.exe, ExtensionFramework : A Technology Manager with name Web is already registered.
W, 3248, 59, 2012/11/13, 08:54:05.200, 7580684490439, QTAgent32.exe, SLPlugin: Port 4503 already in use
W, 3248, 59, 2012/11/13, 08:54:05.200, 7580684493945, QTAgent32.exe, SLPlugin: Port 943 already in use
W, 3248, 59, 2012/11/13, 08:54:05.715, 7580691833030, QTAgent32.exe, IEDOM : StopSession of the plugin called before StartSession
W, 3248, 59, 2012/11/13, 08:54:05.715, 7580691834207, QTAgent32.exe, UIA : StopSession of the plugin called before StartSession
W, 3248, 59, 2012/11/13, 08:54:05.715, 7580691834904, QTAgent32.exe, SLPlugin : StopSession of the plugin called before StartSession
</DebugTrace>
        <ErrorInfo>
          <Message>Initialization method TestProject7.TamAutotest.StartTest threw exception. Microsoft.VisualStudio.TestTools.UITest.Extension.FailedToLaunchApplicationException: Microsoft.VisualStudio.TestTools.UITest.Extension.FailedToLaunchApplicationException: "The application cannot be started. This could be due to one of the following reasons:
1) Another instance of the application is already running and only one instance can be running at a time.
2) The application started another process and has now stopped. You may need to launch the process directly.
3) You do not have sufficient privileges for this application." File: C:\APPLIED\WINTAM\HOMEBASE.EXE..</Message>
          <StackTrace>    at Microsoft.VisualStudio.TestTools.UITesting.ApplicationUnderTest.ThrowIfProcessNotValid(Process process)
   at Microsoft.VisualStudio.TestTools.UITesting.ApplicationUnderTest.Start(ProcessStartInfo startInfo)
   at Microsoft.VisualStudio.TestTools.UITesting.ApplicationUnderTest..ctor(String fileName, String alternateFileName, String arguments)
   at Microsoft.VisualStudio.TestTools.UITesting.ApplicationUnderTest.Launch(String fileName, String alternateFileName)
   at TestProject7.UIMap.Login_new() in C:\TestProject7\TestProject7\UIMap.Designer.cs:line 2643
   at TestProject7.TamAutotest.StartTest() in C:\TestProject7\TestProject7\CodedUITest1.cs:line 29
</StackTrace>
        </ErrorInfo>
      </Output>
    </UnitTestResult>
    <UnitTestResult executionId="9371afb3-fbf5-475f-9e58-1705538d9584" testId="10042bab-44aa-7cea-8ac0-06cc3b3adbb3" testName="MotoTest5" computerName="ICLVDEVAP01" duration="00:00:00.5236760" startTime="2012-11-13T08:54:05.7154886+00:00" endTime="2012-11-13T08:54:06.2459192+00:00" testType="13cdc9d9-ddb5-4fa4-a97d-d965ccfc6d4b" outcome="Failed" testListId="8c84fa94-04c1-424b-9868-57a2d4851a1d" relativeResultsDirectory="9371afb3-fbf5-475f-9e58-1705538d9584">
      <Output>
        <DebugTrace>W, 3248, 65, 2012/11/13, 08:54:05.715, 7580691971332, QTAgent32.exe, ExtensionFramework : A Technology Manager with name Web is already registered.
W, 3248, 65, 2012/11/13, 08:54:05.731, 7580692080108, QTAgent32.exe, SLPlugin: Port 4503 already in use
W, 3248, 65, 2012/11/13, 08:54:05.731, 7580692083587, QTAgent32.exe, SLPlugin: Port 943 already in use
W, 3248, 65, 2012/11/13, 08:54:06.245, 7580699426916, QTAgent32.exe, IEDOM : StopSession of the plugin called before StartSession
W, 3248, 65, 2012/11/13, 08:54:06.245, 7580699428179, QTAgent32.exe, UIA : StopSession of the plugin called before StartSession
W, 3248, 65, 2012/11/13, 08:54:06.245, 7580699428870, QTAgent32.exe, SLPlugin : StopSession of the plugin called before StartSession
</DebugTrace>
        <ErrorInfo>
          <Message>Initialization method TestProject7.TamAutotest.StartTest threw exception. Microsoft.VisualStudio.TestTools.UITest.Extension.FailedToLaunchApplicationException: Microsoft.VisualStudio.TestTools.UITest.Extension.FailedToLaunchApplicationException: "The application cannot be started. This could be due to one of the following reasons:
1) Another instance of the application is already running and only one instance can be running at a time.
2) The application started another process and has now stopped. You may need to launch the process directly.
3) You do not have sufficient privileges for this application." File: C:\APPLIED\WINTAM\HOMEBASE.EXE..</Message>
          <StackTrace>    at Microsoft.VisualStudio.TestTools.UITesting.ApplicationUnderTest.ThrowIfProcessNotValid(Process process)
   at Microsoft.VisualStudio.TestTools.UITesting.ApplicationUnderTest.Start(ProcessStartInfo startInfo)
   at Microsoft.VisualStudio.TestTools.UITesting.ApplicationUnderTest..ctor(String fileName, String alternateFileName, String arguments)
   at Microsoft.VisualStudio.TestTools.UITesting.ApplicationUnderTest.Launch(String fileName, String alternateFileName)
   at TestProject7.UIMap.Login_new() in C:\TestProject7\TestProject7\UIMap.Designer.cs:line 2643
   at TestProject7.TamAutotest.StartTest() in C:\TestProject7\TestProject7\CodedUITest1.cs:line 29
</StackTrace>
        </ErrorInfo>
      </Output>
    </UnitTestResult>
    <UnitTestResult executionId="1774663c-67e9-4748-9cdf-be6da396bf3a" testId="b7f68495-37f9-58f0-5c9b-6e190b9adaa8" testName="MotoTest6" computerName="ICLVDEVAP01" duration="00:00:00.5239441" startTime="2012-11-13T08:54:06.2459192+00:00" endTime="2012-11-13T08:54:06.7763498+00:00" testType="13cdc9d9-ddb5-4fa4-a97d-d965ccfc6d4b" outcome="Failed" testListId="8c84fa94-04c1-424b-9868-57a2d4851a1d" relativeResultsDirectory="1774663c-67e9-4748-9cdf-be6da396bf3a">
      <Output>
        <DebugTrace>W, 3248, 71, 2012/11/13, 08:54:06.245, 7580699567338, QTAgent32.exe, ExtensionFramework : A Technology Manager with name Web is already registered.
W, 3248, 71, 2012/11/13, 08:54:06.261, 7580699677082, QTAgent32.exe, SLPlugin: Port 4503 already in use
W, 3248, 71, 2012/11/13, 08:54:06.261, 7580699680612, QTAgent32.exe, SLPlugin: Port 943 already in use
W, 3248, 71, 2012/11/13, 08:54:06.776, 7580707026388, QTAgent32.exe, IEDOM : StopSession of the plugin called before StartSession
W, 3248, 71, 2012/11/13, 08:54:06.776, 7580707027714, QTAgent32.exe, UIA : StopSession of the plugin called before StartSession
W, 3248, 71, 2012/11/13, 08:54:06.776, 7580707028789, QTAgent32.exe, SLPlugin : StopSession of the plugin called before StartSession
</DebugTrace>
        <ErrorInfo>
          <Message>Initialization method TestProject7.TamAutotest.StartTest threw exception. Microsoft.VisualStudio.TestTools.UITest.Extension.FailedToLaunchApplicationException: Microsoft.VisualStudio.TestTools.UITest.Extension.FailedToLaunchApplicationException: "The application cannot be started. This could be due to one of the following reasons:
1) Another instance of the application is already running and only one instance can be running at a time.
2) The application started another process and has now stopped. You may need to launch the process directly.
3) You do not have sufficient privileges for this application." File: C:\APPLIED\WINTAM\HOMEBASE.EXE..</Message>
          <StackTrace>    at Microsoft.VisualStudio.TestTools.UITesting.ApplicationUnderTest.ThrowIfProcessNotValid(Process process)
   at Microsoft.VisualStudio.TestTools.UITesting.ApplicationUnderTest.Start(ProcessStartInfo startInfo)
   at Microsoft.VisualStudio.TestTools.UITesting.ApplicationUnderTest..ctor(String fileName, String alternateFileName, String arguments)
   at Microsoft.VisualStudio.TestTools.UITesting.ApplicationUnderTest.Launch(String fileName, String alternateFileName)
   at TestProject7.UIMap.Login_new() in C:\TestProject7\TestProject7\UIMap.Designer.cs:line 2643
   at TestProject7.TamAutotest.StartTest() in C:\TestProject7\TestProject7\CodedUITest1.cs:line 29
</StackTrace>
        </ErrorInfo>
      </Output>
    </UnitTestResult>
    <UnitTestResult executionId="97e59c02-2743-470e-ba6f-a737ed6077f6" testId="e022376f-b2fb-4981-6140-b019eeaa6c94" testName="MotoTest7" computerName="ICLVDEVAP01" duration="00:00:00.5246443" startTime="2012-11-13T08:54:06.7763498+00:00" endTime="2012-11-13T08:54:07.3067804+00:00" testType="13cdc9d9-ddb5-4fa4-a97d-d965ccfc6d4b" outcome="Failed" testListId="8c84fa94-04c1-424b-9868-57a2d4851a1d" relativeResultsDirectory="97e59c02-2743-470e-ba6f-a737ed6077f6">
      <Output>
        <DebugTrace>W, 3248, 77, 2012/11/13, 08:54:06.776, 7580707167390, QTAgent32.exe, ExtensionFramework : A Technology Manager with name Web is already registered.
W, 3248, 77, 2012/11/13, 08:54:06.791, 7580707278873, QTAgent32.exe, SLPlugin: Port 4503 already in use
W, 3248, 77, 2012/11/13, 08:54:06.791, 7580707282388, QTAgent32.exe, SLPlugin: Port 943 already in use
W, 3248, 77, 2012/11/13, 08:54:07.306, 7580714628519, QTAgent32.exe, IEDOM : StopSession of the plugin called before StartSession
W, 3248, 77, 2012/11/13, 08:54:07.306, 7580714630117, QTAgent32.exe, UIA : StopSession of the plugin called before StartSession
W, 3248, 77, 2012/11/13, 08:54:07.306, 7580714631230, QTAgent32.exe, SLPlugin : StopSession of the plugin called before StartSession
</DebugTrace>
        <ErrorInfo>
          <Message>Initialization method TestProject7.TamAutotest.StartTest threw exception. Microsoft.VisualStudio.TestTools.UITest.Extension.FailedToLaunchApplicationException: Microsoft.VisualStudio.TestTools.UITest.Extension.FailedToLaunchApplicationException: "The application cannot be started. This could be due to one of the following reasons:
1) Another instance of the application is already running and only one instance can be running at a time.
2) The application started another process and has now stopped. You may need to launch the process directly.
3) You do not have sufficient privileges for this application." File: C:\APPLIED\WINTAM\HOMEBASE.EXE..</Message>
          <StackTrace>    at Microsoft.VisualStudio.TestTools.UITesting.ApplicationUnderTest.ThrowIfProcessNotValid(Process process)
   at Microsoft.VisualStudio.TestTools.UITesting.ApplicationUnderTest.Start(ProcessStartInfo startInfo)
   at Microsoft.VisualStudio.TestTools.UITesting.ApplicationUnderTest..ctor(String fileName, String alternateFileName, String arguments)
   at Microsoft.VisualStudio.TestTools.UITesting.ApplicationUnderTest.Launch(String fileName, String alternateFileName)
   at TestProject7.UIMap.Login_new() in C:\TestProject7\TestProject7\UIMap.Designer.cs:line 2643
   at TestProject7.TamAutotest.StartTest() in C:\TestProject7\TestProject7\CodedUITest1.cs:line 29
</StackTrace>
        </ErrorInfo>
      </Output>
    </UnitTestResult>
    <UnitTestResult executionId="598efe3f-7d10-48dd-b722-f7df345f33e5" testId="07cf762e-0596-8be3-6b38-ed80b9a02463" testName="MotoTest8" computerName="ICLVDEVAP01" duration="00:00:00.5213922" startTime="2012-11-13T08:54:07.3067804+00:00" endTime="2012-11-13T08:54:07.8372110+00:00" testType="13cdc9d9-ddb5-4fa4-a97d-d965ccfc6d4b" outcome="Failed" testListId="8c84fa94-04c1-424b-9868-57a2d4851a1d" relativeResultsDirectory="598efe3f-7d10-48dd-b722-f7df345f33e5">
      <Output>
        <DebugTrace>W, 3248, 83, 2012/11/13, 08:54:07.306, 7580714785841, QTAgent32.exe, ExtensionFramework : A Technology Manager with name Web is already registered.
W, 3248, 83, 2012/11/13, 08:54:07.322, 7580714897647, QTAgent32.exe, SLPlugin: Port 4503 already in use
W, 3248, 83, 2012/11/13, 08:54:07.322, 7580714901174, QTAgent32.exe, SLPlugin: Port 943 already in use
W, 3248, 83, 2012/11/13, 08:54:07.837, 7580722209330, QTAgent32.exe, IEDOM : StopSession of the plugin called before StartSession
W, 3248, 83, 2012/11/13, 08:54:07.837, 7580722210566, QTAgent32.exe, UIA : StopSession of the plugin called before StartSession
W, 3248, 83, 2012/11/13, 08:54:07.837, 7580722211218, QTAgent32.exe, SLPlugin : StopSession of the plugin called before StartSession
</DebugTrace>
        <ErrorInfo>
          <Message>Initialization method TestProject7.TamAutotest.StartTest threw exception. Microsoft.VisualStudio.TestTools.UITest.Extension.FailedToLaunchApplicationException: Microsoft.VisualStudio.TestTools.UITest.Extension.FailedToLaunchApplicationException: "The application cannot be started. This could be due to one of the following reasons:
1) Another instance of the application is already running and only one instance can be running at a time.
2) The application started another process and has now stopped. You may need to launch the process directly.
3) You do not have sufficient privileges for this application." File: C:\APPLIED\WINTAM\HOMEBASE.EXE..</Message>
          <StackTrace>    at Microsoft.VisualStudio.TestTools.UITesting.ApplicationUnderTest.ThrowIfProcessNotValid(Process process)
   at Microsoft.VisualStudio.TestTools.UITesting.ApplicationUnderTest.Start(ProcessStartInfo startInfo)
   at Microsoft.VisualStudio.TestTools.UITesting.ApplicationUnderTest..ctor(String fileName, String alternateFileName, String arguments)
   at Microsoft.VisualStudio.TestTools.UITesting.ApplicationUnderTest.Launch(String fileName, String alternateFileName)
   at TestProject7.UIMap.Login_new() in C:\TestProject7\TestProject7\UIMap.Designer.cs:line 2643
   at TestProject7.TamAutotest.StartTest() in C:\TestProject7\TestProject7\CodedUITest1.cs:line 29
</StackTrace>
        </ErrorInfo>
      </Output>
    </UnitTestResult>
    <UnitTestResult executionId="07752199-df0c-4387-8115-ff65b4089380" testId="1820a643-3d71-abad-9636-2b810c74ae19" testName="MotoTest9" computerName="ICLVDEVAP01" duration="00:00:00.5240928" startTime="2012-11-13T08:54:07.8372110+00:00" endTime="2012-11-13T08:54:08.3676416+00:00" testType="13cdc9d9-ddb5-4fa4-a97d-d965ccfc6d4b" outcome="Failed" testListId="8c84fa94-04c1-424b-9868-57a2d4851a1d" relativeResultsDirectory="07752199-df0c-4387-8115-ff65b4089380">
      <Output>
        <DebugTrace>W, 3248, 89, 2012/11/13, 08:54:07.837, 7580722346293, QTAgent32.exe, ExtensionFramework : A Technology Manager with name Web is already registered.
W, 3248, 89, 2012/11/13, 08:54:07.852, 7580722453635, QTAgent32.exe, SLPlugin: Port 4503 already in use
W, 3248, 89, 2012/11/13, 08:54:07.852, 7580722457075, QTAgent32.exe, SLPlugin: Port 943 already in use
W, 3248, 89, 2012/11/13, 08:54:08.367, 7580729808038, QTAgent32.exe, IEDOM : StopSession of the plugin called before StartSession
W, 3248, 89, 2012/11/13, 08:54:08.367, 7580729809193, QTAgent32.exe, UIA : StopSession of the plugin called before StartSession
W, 3248, 89, 2012/11/13, 08:54:08.367, 7580729809905, QTAgent32.exe, SLPlugin : StopSession of the plugin called before StartSession
</DebugTrace>
        <ErrorInfo>
          <Message>Initialization method TestProject7.TamAutotest.StartTest threw exception. Microsoft.VisualStudio.TestTools.UITest.Extension.FailedToLaunchApplicationException: Microsoft.VisualStudio.TestTools.UITest.Extension.FailedToLaunchApplicationException: "The application cannot be started. This could be due to one of the following reasons:
1) Another instance of the application is already running and only one instance can be running at a time.
2) The application started another process and has now stopped. You may need to launch the process directly.
3) You do not have sufficient privileges for this application." File: C:\APPLIED\WINTAM\HOMEBASE.EXE..</Message>
          <StackTrace>    at Microsoft.VisualStudio.TestTools.UITesting.ApplicationUnderTest.ThrowIfProcessNotValid(Process process)
   at Microsoft.VisualStudio.TestTools.UITesting.ApplicationUnderTest.Start(ProcessStartInfo startInfo)
   at Microsoft.VisualStudio.TestTools.UITesting.ApplicationUnderTest..ctor(String fileName, String alternateFileName, String arguments)
   at Microsoft.VisualStudio.TestTools.UITesting.ApplicationUnderTest.Launch(String fileName, String alternateFileName)
   at TestProject7.UIMap.Login_new() in C:\TestProject7\TestProject7\UIMap.Designer.cs:line 2643
   at TestProject7.TamAutotest.StartTest() in C:\TestProject7\TestProject7\CodedUITest1.cs:line 29
</StackTrace>
        </ErrorInfo>
      </Output>
    </UnitTestResult>
  </Results>
</TestRun>