<?xml version="1.0" encoding="UTF-8"?>
<TestRun id="fc9e2ff4-726d-483b-bdad-e90a7b96737a" name="peter.zenin-ad@ICLVDEVAP01 2012-11-13 09:09:04" runUser="INSUR-E\peter.zenin-ad" xmlns="http://microsoft.com/schemas/VisualStudio/TeamTest/2010">
  <TestSettings name="Default Test Settings" id="ea2882d8-094a-427d-bffc-1481a0b346e8">
    <Execution>
      <TestTypeSpecific />
      <AgentRule name="Execution Agents">
      </AgentRule>
    </Execution>
    <Deployment runDeploymentRoot="peter.zenin-ad_ICLVDEVAP01 2012-11-13 09_09_04" />
  </TestSettings>
  <Times creation="2012-11-13T09:09:04.3741313+00:00" queuing="2012-11-13T09:09:04.6393466+00:00" start="2012-11-13T09:09:04.6861493+00:00" finish="2012-11-13T09:15:46.7213423+00:00" />
  <ResultSummary outcome="Aborted">
    <Counters total="1" executed="1" error="0" failed="0" timeout="0" aborted="1" inconclusive="0" passedButRunAborted="0" notRunnable="0" notExecuted="0" disconnected="0" warning="0" passed="0" completed="0" inProgress="0" pending="0" />
  </ResultSummary>
  <TestDefinitions>
    <UnitTest name="MotoTest13" storage="testproject7.dll" id="1662bbff-6668-68e6-e702-5ec6450deb96">
      <Execution id="f428709d-fc28-41f9-86c9-cd20275cbbb6" />
      <TestMethod codeBase="C:/TestProject7/TestProject7/bin/Debug/TestProject7.dll" adapterTypeName="Microsoft.VisualStudio.TestTools.TestTypes.Unit.UnitTestAdapter, Microsoft.VisualStudio.QualityTools.Tips.UnitTest.Adapter, Version=10.0.0.0, Culture=neutral, PublicKeyToken=b03f5f7f11d50a3a" className="TestProject7.TamAutotest, TestProject7, Version=1.0.0.0, Culture=neutral, PublicKeyToken=null" name="MotoTest13" />
      <Extension>Microsoft.VisualStudio.TestTools.UITesting.CodedUITestAttribute, Microsoft.VisualStudio.QualityTools.CodedUITestFramework, Version=10.0.0.0, Culture=neutral, PublicKeyToken=b03f5f7f11d50a3a</Extension>
    </UnitTest>
  </TestDefinitions>
  <TestLists>
    <TestList name="Results Not in a List" id="8c84fa94-04c1-424b-9868-57a2d4851a1d" />
    <TestList name="All Loaded Results" id="19431567-8539-422a-85d7-44ee4e166bda" />
  </TestLists>
  <TestEntries>
    <TestEntry testId="1662bbff-6668-68e6-e702-5ec6450deb96" executionId="f428709d-fc28-41f9-86c9-cd20275cbbb6" testListId="8c84fa94-04c1-424b-9868-57a2d4851a1d" />
  </TestEntries>
  <Results>
    <UnitTestResult executionId="f428709d-fc28-41f9-86c9-cd20275cbbb6" testId="1662bbff-6668-68e6-e702-5ec6450deb96" testName="MotoTest13" computerName="ICLVDEVAP01" duration="00:06:20.0223231" startTime="2012-11-13T09:09:04.6861493+00:00" endTime="2012-11-13T09:15:24.7084724+00:00" testType="13cdc9d9-ddb5-4fa4-a97d-d965ccfc6d4b" outcome="Aborted" testListId="8c84fa94-04c1-424b-9868-57a2d4851a1d" relativeResultsDirectory="f428709d-fc28-41f9-86c9-cd20275cbbb6">
      <Output>
        <DebugTrace>W, 2832, 14, 2012/11/13, 09:09:05.341, 7593572079528, QTAgent32.exe, SLPlugin : Server Socket Closed
W, 2832, 13, 2012/11/13, 09:09:05.341, 7593572155651, QTAgent32.exe, ExtensionFramework : A Technology Manager with name Web is already registered.
W, 2832, 13, 2012/11/13, 09:09:06.449, 7593587944044, QTAgent32.exe, &lt;a class=success&gt;Playback - {1} [SUCCESS] MouseButtonClick - "[MSAA, VisibleOnly]ControlType='Edit'"
\0&lt;/a&gt;
W, 2832, 13, 2012/11/13, 09:09:06.729, 7593591964910, QTAgent32.exe, &lt;a class=success&gt;Playback - {2} [SUCCESS] SendKeys "[*]" - "[MSAA, VisibleOnly]ControlType='Edit'"
\0&lt;/a&gt;
W, 2832, 13, 2012/11/13, 09:09:07.665, 7593605578024, QTAgent32.exe, &lt;a class=success&gt;Playback - {3} [SUCCESS] MouseButtonClick - "[MSAA, VisibleOnly]ControlType='Button' &amp;&amp; Name='OK'"
\0&lt;/a&gt;
W, 2832, 13, 2012/11/13, 09:09:08.367, 7593615533978, QTAgent32.exe, &lt;a class=success&gt;Playback - {4} [SUCCESS] MouseButtonClick - "[MSAA, VisibleOnly]ControlType='Button' &amp;&amp; Name='OK'"
\0&lt;/a&gt;
W, 2832, 13, 2012/11/13, 09:09:09.038, 7593625085106, QTAgent32.exe, &lt;a class=success&gt;Playback - {5} [SUCCESS] TypeString "#(R)"
\0&lt;/a&gt;
E, 2832, 13, 2012/11/13, 09:09:09.194, 7593627425874, QTAgent32.exe, Exception: System.ArgumentException
	Message: Value does not fall within the expected range.
	Stack Trace:    at Accessibility.IAccessible.get_accRole(Object varChild)
   at Microsoft.VisualStudio.TestTools.UITest.Extension.Msaa.AccWrapper.get_RoleInt()
	BaseExceptionMessage: Value does not fall within the expected range.

E, 2832, 13, 2012/11/13, 09:09:09.210, 7593627658157, QTAgent32.exe, Exception: System.ArgumentException
	Message: Value does not fall within the expected range.
	Stack Trace:    at Accessibility.IAccessible.get_accRole(Object varChild)
   at Microsoft.VisualStudio.TestTools.UITest.Extension.Msaa.AccWrapper.get_RoleInt()
	BaseExceptionMessage: Value does not fall within the expected range.

W, 2832, 13, 2012/11/13, 09:09:09.740, 7593635070872, QTAgent32.exe, &lt;a class=success&gt;Playback - {6} [SUCCESS] LeftButtonClick  &lt; Mouse cursor location (87, 908) &gt;
\0&lt;/a&gt;
W, 2832, 13, 2012/11/13, 09:09:10.957, 7593652495285, QTAgent32.exe, &lt;a class=success&gt;Playback - {7} [SUCCESS] SetValueAsEditBox "c:\TestProject7\ourhighway.reg"  &lt; Set via SendKeys &gt;
\0&lt;/a&gt;
W, 2832, 13, 2012/11/13, 09:09:10.957, 7593652497569, QTAgent32.exe, &lt;a class=success&gt;Playback - {8} [SUCCESS] SetValueAsComboBox "c:\TestProject7\ourhighway.reg" - "[MSAA, VisibleOnly]ControlType='ComboBox' &amp;&amp; Name='Open:'"  &lt; Set via SetValueAsEditBox &gt;
\0&lt;/a&gt;
W, 2832, 13, 2012/11/13, 09:09:11.394, 7593658898078, QTAgent32.exe, &lt;a class=success&gt;Playback - {9} [SUCCESS] MouseButtonClick - "[MSAA, VisibleOnly]ControlType='Button' &amp;&amp; Name='OK'"
\0&lt;/a&gt;
W, 2832, 13, 2012/11/13, 09:09:12.065, 7593668416431, QTAgent32.exe, &lt;a class=success&gt;Playback - {10} [SUCCESS] MouseButtonClick - "[MSAA, VisibleOnly]ControlType='Button' &amp;&amp; Name='Yes'"
\0&lt;/a&gt;
W, 2832, 13, 2012/11/13, 09:09:12.580, 7593675785250, QTAgent32.exe, &lt;a class=success&gt;Playback - {11} [SUCCESS] MouseButtonClick - "[MSAA, VisibleOnly]ControlType='Button' &amp;&amp; Name='OK'"
\0&lt;/a&gt;
W, 2832, 13, 2012/11/13, 09:09:13.048, 7593682483798, QTAgent32.exe, &lt;a class=success&gt;Playback - {12} [SUCCESS] MouseButtonClick - "[MSAA, VisibleOnly]ControlType='Button' &amp;&amp; Name='Clients &amp; Files'"
\0&lt;/a&gt;
W, 2832, 13, 2012/11/13, 09:09:13.968, 7593695617403, QTAgent32.exe, Playback - [WARNING] Internal warning: Window Not Found: [VisibleOnly]ControlType='Window' &amp;&amp; Name='Customer: txt1 tdsfs' &amp;&amp; ClassName='ThunderRT6MDIForm'
\0
E, 2832, 13, 2012/11/13, 09:09:13.968, 7593695620201, QTAgent32.exe, &lt;a class=failure&gt;Playback - {13} [FAILED] Function ElementFetcher::FindScreenElement failed to locate UI element (Searching: ;[VisibleOnly]ControlType='Window' &amp;&amp; Name='Customer: txt1 tdsfs' &amp;&amp; ClassName='ThunderRT6MDIForm') (The object specified was not found.)
\0&lt;/a&gt;
E, 2832, 13, 2012/11/13, 09:09:14.062, 7593696992837, QTAgent32.exe, Playback - [IMAGE] C:\Users\peter.zenin-ad\AppData\Local\Temp\UITestLogs\LastRun\RPF2B45.png
\0
W, 2832, 13, 2012/11/13, 09:09:14.062, 7593696994850, QTAgent32.exe, Playback - [WARNING] Internal warning: Couldn't find descendants that match QueryId
\0
W, 2832, 13, 2012/11/13, 09:09:14.062, 7593696998092, QTAgent32.exe, PERF WARNING: FindTopLevelWindowHelper::FindAllDescendents: took 838 ms. Expected it to take maximum 500 ms.
W, 2832, 13, 2012/11/13, 09:09:32.112, 7593955414942, QTAgent32.exe, Playback - [WARNING] Internal warning: Window Not Found: [VisibleOnly]ControlType='Window' &amp;&amp; Name='Customer: txt1 tdsfs' &amp;&amp; ClassName='ThunderRT6MDIForm'
\0
E, 2832, 13, 2012/11/13, 09:09:32.112, 7593955417973, QTAgent32.exe, &lt;a class=failure&gt;Playback - {14} [FAILED] Function ElementFetcher::FindScreenElement failed to locate UI element (Searching: ;[VisibleOnly]ControlType='Window' &amp;&amp; Name='Customer: txt1 tdsfs' &amp;&amp; ClassName='ThunderRT6MDIForm') (The object specified was not found.)
\0&lt;/a&gt;
E, 2832, 13, 2012/11/13, 09:09:32.206, 7593956771987, QTAgent32.exe, Playback - [IMAGE] C:\Users\peter.zenin-ad\AppData\Local\Temp\UITestLogs\LastRun\RPF7225.png
\0
W, 2832, 13, 2012/11/13, 09:09:32.206, 7593956774240, QTAgent32.exe, Playback - [WARNING] Internal warning: Couldn't find descendants that match QueryId
\0
W, 2832, 13, 2012/11/13, 09:09:32.206, 7593956777258, QTAgent32.exe, PERF WARNING: FindTopLevelWindowHelper::FindAllDescendents: took 18142 ms. Expected it to take maximum 500 ms.
W, 2832, 13, 2012/11/13, 09:09:32.783, 7593965060970, QTAgent32.exe, Playback - [WARNING] Internal warning: Window with Class "ThunderRT6MDIForm" and Title "Customer: txt1 tdsfs" was not found, so similar window with Class "ThunderRT6MDIForm" and Title "Customer: autotest" was accepted
\0
W, 2832, 13, 2012/11/13, 09:09:32.783, 7593965065009, QTAgent32.exe, PERF WARNING: FindTopLevelWindowHelper::FindAllDescendents: took 578 ms. Expected it to take maximum 500 ms.
W, 2832, 13, 2012/11/13, 09:09:33.251, 7593971829191, QTAgent32.exe, Playback - [WARNING] Internal warning: Incorrect flag set for InvokeProgrammaticAction\0
W, 2832, 13, 2012/11/13, 09:09:33.579, 7593976393652, QTAgent32.exe, &lt;a class=success&gt;Playback - {15} [SUCCESS] SetValueAsComboBox "Customers" - "[MSAA, VisibleOnly]ControlType='ComboBox'"  &lt; SetValueAsComboBox, set by clicking on the item in the list box &gt;
\0&lt;/a&gt;
W, 2832, 13, 2012/11/13, 09:09:34.140, 7593984545496, QTAgent32.exe, &lt;a class=success&gt;Playback - {16} [SUCCESS] MouseButtonClick - "[MSAA, VisibleOnly]ControlType='Button' &amp;&amp; Name='Add'"
\0&lt;/a&gt;
W, 2832, 13, 2012/11/13, 09:09:34.546, 7593990220850, QTAgent32.exe, &lt;a class=success&gt;Playback - {17} [SUCCESS] SendKeys "autotest" - "[MSAA, VisibleOnly]ControlType='RadioButton' &amp;&amp; Name='Personal Lines'"
\0&lt;/a&gt;
E, 2832, 13, 2012/11/13, 09:09:34.671, 7593992116545, QTAgent32.exe, LoadLibrary() : Unable to find the resource 37382 from assembly C:\Windows\system32\en-US\ieframe.dll.mui: Error1814
E, 2832, 13, 2012/11/13, 09:09:34.671, 7593992122259, QTAgent32.exe, LoadLibrary() : Unable to find the resource 41728 from assembly C:\Windows\system32\en-US\ieframe.dll.mui: Error1814
E, 2832, 13, 2012/11/13, 09:09:34.671, 7593992124475, QTAgent32.exe, LoadLibrary() : Unable to find the resource 8131 from assembly C:\Windows\system32\en-US\ieframe.dll.mui: Error1814
E, 2832, 13, 2012/11/13, 09:09:34.671, 7593992126785, QTAgent32.exe, LoadLibrary() : Unable to find the resource 8131 from assembly C:\Windows\system32\en-US\ieframe.dll.mui: Error1814
E, 2832, 13, 2012/11/13, 09:09:34.671, 7593992130341, QTAgent32.exe, LoadLibrary() : Unable to find the resource 8131 from assembly C:\Windows\system32\en-US\ieframe.dll.mui: Error1814
E, 2832, 13, 2012/11/13, 09:09:34.671, 7593992135006, QTAgent32.exe, LoadLibrary() : Unable to find the resource 803 from assembly C:\Windows\system32\en-US\user32.dll.mui: Error1814
W, 2832, 13, 2012/11/13, 09:09:35.045, 7593997371146, QTAgent32.exe, &lt;a class=success&gt;Playback - {18} [SUCCESS] SetValueAsEditBox "autotest" - "[MSAA, VisibleOnly]ControlType='Edit'"  &lt; Set via SendKeys &gt;
\0&lt;/a&gt;
W, 2832, 13, 2012/11/13, 09:09:35.607, 7594005481761, QTAgent32.exe, &lt;a class=success&gt;Playback - {19} [SUCCESS] MouseButtonClick - "[MSAA, VisibleOnly]ControlType='Button' &amp;&amp; Name='OK'"
\0&lt;/a&gt;
W, 2832, 13, 2012/11/13, 09:09:36.277, 7594015088362, QTAgent32.exe, &lt;a class=success&gt;Playback - {20} [SUCCESS] MouseButtonClick - "[MSAA, VisibleOnly]ControlType='Button' &amp;&amp; Name='Yes'"
\0&lt;/a&gt;
W, 2832, 13, 2012/11/13, 09:09:36.496, 7594018141800, QTAgent32.exe, &lt;a class=success&gt;Playback - {21} [SUCCESS] SendKeys "^{HOME}" - "[MSAA, VisibleOnly]ControlType='Edit'"
\0&lt;/a&gt;
E, 2832, 13, 2012/11/13, 09:09:36.496, 7594018169235, QTAgent32.exe, Msaa.GetFocusedElement: could not find accessible object of foreground window
W, 2832, 13, 2012/11/13, 09:09:36.589, 7594019482286, QTAgent32.exe, &lt;a class=success&gt;Playback - {22} [SUCCESS] SendKeys "^+{END}" - "[MSAA, VisibleOnly]ControlType='Edit'"
\0&lt;/a&gt;
E, 2832, 13, 2012/11/13, 09:09:36.589, 7594019484783, QTAgent32.exe, Msaa.GetFocusedElement: could not find accessible object of foreground window
W, 2832, 13, 2012/11/13, 09:09:36.605, 7594019706934, QTAgent32.exe, &lt;a class=success&gt;Playback - {23} [SUCCESS] SendKeys "{DELETE}" - "[MSAA, VisibleOnly]ControlType='Edit'"
\0&lt;/a&gt;
W, 2832, 13, 2012/11/13, 09:09:36.683, 7594020826179, QTAgent32.exe, &lt;a class=success&gt;Playback - {24} [SUCCESS] SetValueAsEditBox "1" - "[MSAA, VisibleOnly]ControlType='Edit'"  &lt; Set via SendKeys &gt;
\0&lt;/a&gt;
W, 2832, 13, 2012/11/13, 09:09:36.902, 7594023946913, QTAgent32.exe, &lt;a class=success&gt;Playback - {25} [SUCCESS] SendKeys "^{HOME}" - "[MSAA, VisibleOnly]ControlType='Edit'"
\0&lt;/a&gt;
E, 2832, 13, 2012/11/13, 09:09:36.902, 7594023949611, QTAgent32.exe, Msaa.GetFocusedElement: could not find accessible object of foreground window
W, 2832, 13, 2012/11/13, 09:09:36.980, 7594025063660, QTAgent32.exe, &lt;a class=success&gt;Playback - {26} [SUCCESS] SendKeys "^+{END}" - "[MSAA, VisibleOnly]ControlType='Edit'"
\0&lt;/a&gt;
E, 2832, 13, 2012/11/13, 09:09:36.980, 7594025065656, QTAgent32.exe, Msaa.GetFocusedElement: could not find accessible object of foreground window
W, 2832, 13, 2012/11/13, 09:09:36.995, 7594025288045, QTAgent32.exe, &lt;a class=success&gt;Playback - {27} [SUCCESS] SendKeys "{DELETE}" - "[MSAA, VisibleOnly]ControlType='Edit'"
\0&lt;/a&gt;
W, 2832, 13, 2012/11/13, 09:09:37.073, 7594026413969, QTAgent32.exe, &lt;a class=success&gt;Playback - {28} [SUCCESS] SetValueAsEditBox "1" - "[MSAA, VisibleOnly]ControlType='Edit'"  &lt; Set via SendKeys &gt;
\0&lt;/a&gt;
W, 2832, 13, 2012/11/13, 09:09:37.604, 7594034145094, QTAgent32.exe, &lt;a class=success&gt;Playback - {29} [SUCCESS] MouseButtonClick - "[MSAA, VisibleOnly]ControlType='Button' &amp;&amp; Name='OK'"
\0&lt;/a&gt;
W, 2832, 13, 2012/11/13, 09:09:38.196, 7594042682919, QTAgent32.exe, &lt;a class=success&gt;Playback - {30} [SUCCESS] MouseButtonClick - "[MSAA, VisibleOnly]ControlType='Button'"
\0&lt;/a&gt;
W, 2832, 13, 2012/11/13, 09:09:38.711, 7594049955200, QTAgent32.exe, &lt;a class=success&gt;Playback - {31} [SUCCESS] MouseButtonClick - "[MSAA, VisibleOnly]ControlType='Button' &amp;&amp; Name='Add'"
\0&lt;/a&gt;
W, 2832, 13, 2012/11/13, 09:09:39.226, 7594057409973, QTAgent32.exe, &lt;a class=success&gt;Playback - {32} [SUCCESS] MouseButtonClick - "[MSAA, VisibleOnly]ControlType='Button' &amp;&amp; Name='OK'"
\0&lt;/a&gt;
W, 2832, 13, 2012/11/13, 09:09:41.691, 7594092520101, QTAgent32.exe, &lt;a class=success&gt;Playback - {33} [SUCCESS] MouseButtonClick - "[MSAA, VisibleOnly,Window]ControlType='Window' &amp;&amp; ClassName='ThunderRT6TextBox'"
\0&lt;/a&gt;
W, 2832, 13, 2012/11/13, 09:09:42.065, 7594097887380, QTAgent32.exe, &lt;a class=success&gt;Playback - {34} [SUCCESS] SetValueAsEditBox "MOTO" - "[MSAA, VisibleOnly]ControlType='Edit'"  &lt; Set via SendKeys &gt;
\0&lt;/a&gt;
W, 2832, 13, 2012/11/13, 09:09:42.596, 7594105534622, QTAgent32.exe, &lt;a class=success&gt;Playback - {35} [SUCCESS] MouseButtonClick - "[MSAA, VisibleOnly]ControlType='Button' &amp;&amp; Name='OK'"
\0&lt;/a&gt;
W, 2832, 13, 2012/11/13, 09:09:43.033, 7594111797311, QTAgent32.exe, &lt;a class=success&gt;Playback - {36} [SUCCESS] MouseButtonClick - "[MSAA, VisibleOnly]ControlType='Button' &amp;&amp; Name='Options'"
\0&lt;/a&gt;
W, 2832, 13, 2012/11/13, 09:09:43.142, 7594113362426, QTAgent32.exe, FindScreenElementInSinglePass : Attempting to find control in one pass of search. Failures can occur.
W, 2832, 13, 2012/11/13, 09:09:43.329, 7594115973539, QTAgent32.exe, &lt;a class=success&gt;Playback - {37} [SUCCESS] MouseButtonClick - "[MSAA]ControlType='MenuItem' &amp;&amp; Name='Links'"
\0&lt;/a&gt;
W, 2832, 13, 2012/11/13, 09:09:43.438, 7594117541910, QTAgent32.exe, FindScreenElementInSinglePass : Attempting to find control in one pass of search. Failures can occur.
W, 2832, 13, 2012/11/13, 09:09:43.625, 7594120218418, QTAgent32.exe, &lt;a class=success&gt;Playback - {38} [SUCCESS] MouseButtonClick - "[MSAA]ControlType='MenuItem' &amp;&amp; Name='3rd Party Integration'"
\0&lt;/a&gt;
W, 2832, 13, 2012/11/13, 09:09:43.735, 7594121791441, QTAgent32.exe, FindScreenElementInSinglePass : Attempting to find control in one pass of search. Failures can occur.
W, 2832, 13, 2012/11/13, 09:09:43.922, 7594124494862, QTAgent32.exe, &lt;a class=success&gt;Playback - {39} [SUCCESS] MouseButtonClick - "[MSAA]ControlType='MenuItem' &amp;&amp; Name='Quote Select List'"
\0&lt;/a&gt;
W, 2832, 13, 2012/11/13, 09:09:45.856, 7594152178840, QTAgent32.exe, PERF WARNING: FindTopLevelWindowHelper::FindAllDescendents: took 1796 ms. Expected it to take maximum 500 ms.
W, 2832, 13, 2012/11/13, 09:09:47.557, 7594176698943, QTAgent32.exe, &lt;a class=success&gt;Playback - {40} [SUCCESS] MouseButtonClick - "[MSAA, VisibleOnly]ControlType='Button' &amp;&amp; Name='Ok'"
\0&lt;/a&gt;
W, 2832, 13, 2012/11/13, 09:09:49.070, 7594198205428, QTAgent32.exe, PERF WARNING: FindTopLevelWindowHelper::FindAllDescendents: took 1394 ms. Expected it to take maximum 500 ms.
W, 2832, 13, 2012/11/13, 09:09:49.476, 7594204136223, QTAgent32.exe, &lt;a class=success&gt;Playback - {41} [SUCCESS] MouseButtonClick - "[MSAA, VisibleOnly]ControlType='Button' &amp;&amp; Name='Ok'"
\0&lt;/a&gt;
W, 2832, 13, 2012/11/13, 09:09:49.850, 7594209343889, QTAgent32.exe, &lt;a class=success&gt;Playback - {42} [SUCCESS] SetValueAsEditBox "test" - "[MSAA, VisibleOnly]ControlType='Edit'"  &lt; Set via SendKeys &gt;
\0&lt;/a&gt;
W, 2832, 13, 2012/11/13, 09:09:50.209, 7594214483067, QTAgent32.exe, &lt;a class=success&gt;Playback - {43} [SUCCESS] SetValueAsEditBox "test" - "[MSAA, VisibleOnly]ControlType='Edit'"  &lt; Set via SendKeys &gt;
\0&lt;/a&gt;
W, 2832, 13, 2012/11/13, 09:09:50.646, 7594220741380, QTAgent32.exe, &lt;a class=success&gt;Playback - {44} [SUCCESS] SetValueAsEditBox "160486" - "[MSAA, VisibleOnly]ControlType='Edit'"  &lt; Set via SendKeys &gt;
\0&lt;/a&gt;
W, 2832, 13, 2012/11/13, 09:09:51.083, 7594226990008, QTAgent32.exe, &lt;a class=success&gt;Playback - {45} [SUCCESS] SetValueAsEditBox "BN16BN" - "[MSAA, VisibleOnly]ControlType='Edit'"  &lt; Set via SendKeys &gt;
\0&lt;/a&gt;
W, 2832, 13, 2012/11/13, 09:09:53.548, 7594262278696, QTAgent32.exe, &lt;a class=success&gt;Playback - {46} [SUCCESS] MouseButtonClick - "[MSAA, VisibleOnly]ControlType='Button' &amp;&amp; Name='Lookup...'"
\0&lt;/a&gt;
W, 2832, 13, 2012/11/13, 09:09:53.984, 7594268681980, QTAgent32.exe, &lt;a class=success&gt;Playback - {47} [SUCCESS] MouseButtonClick - "[MSAA, VisibleOnly]ControlType='Button' &amp;&amp; Name='Ok'"
\0&lt;/a&gt;
W, 2832, 13, 2012/11/13, 09:09:56.137, 7594299477276, QTAgent32.exe, &lt;a class=success&gt;Playback - {48} [SUCCESS] MouseButtonClick - "[MSAA, VisibleOnly]ControlType='Button' &amp;&amp; Name='OK'"
\0&lt;/a&gt;
W, 2832, 13, 2012/11/13, 09:09:56.793, 7594308779353, QTAgent32.exe, Playback - [WARNING] Internal warning: Incorrect flag set for InvokeProgrammaticAction\0
W, 2832, 13, 2012/11/13, 09:09:57.120, 7594313443392, QTAgent32.exe, &lt;a class=success&gt;Playback - {49} [SUCCESS] SetValueAsComboBox "Account Executive" - "[MSAA, VisibleOnly]ControlType='ComboBox'"  &lt; SetValueAsComboBox, set by clicking on the item in the list box &gt;
\0&lt;/a&gt;
W, 2832, 13, 2012/11/13, 09:09:57.776, 7594322869612, QTAgent32.exe, Playback - [WARNING] Internal warning: Incorrect flag set for InvokeProgrammaticAction\0
W, 2832, 13, 2012/11/13, 09:09:58.462, 7594332651468, QTAgent32.exe, &lt;a class=success&gt;Playback - {50} [SUCCESS] SetValueAsComboBox "Aerial Manufacturer" - "[MSAA, VisibleOnly]ControlType='ComboBox'"  &lt; SetValueAsComboBox, set by clicking on the item in the list box &gt;
\0&lt;/a&gt;
W, 2832, 13, 2012/11/13, 09:09:58.961, 7594339789449, QTAgent32.exe, &lt;a class=success&gt;Playback - {51} [SUCCESS] SetValueAsEditBox "151208" - "[MSAA, VisibleOnly]ControlType='Edit'"  &lt; Set via SendKeys &gt;
\0&lt;/a&gt;
W, 2832, 13, 2012/11/13, 09:10:00.755, 7594365598797, QTAgent32.exe, &lt;a class=success&gt;Playback - {52} [SUCCESS] MouseButtonClick - "[MSAA, VisibleOnly]ControlType='Button' &amp;&amp; Name='OK'"
\0&lt;/a&gt;
E, 2832, 13, 2012/11/13, 09:10:00.864, 7594367123066, QTAgent32.exe, Exception: System.ArgumentException
	Message: Value does not fall within the expected range.
	Stack Trace:    at Accessibility.IAccessible.get_accRole(Object varChild)
   at Microsoft.VisualStudio.TestTools.UITest.Extension.Msaa.AccWrapper.get_RoleInt()
	BaseExceptionMessage: Value does not fall within the expected range.

E, 2832, 13, 2012/11/13, 09:10:00.864, 7594367150961, QTAgent32.exe, Exception: System.ArgumentException
	Message: Value does not fall within the expected range.
	Stack Trace:    at Accessibility.IAccessible.get_accRole(Object varChild)
   at Microsoft.VisualStudio.TestTools.UITest.Extension.Msaa.AccWrapper.get_RoleInt()
	BaseExceptionMessage: Value does not fall within the expected range.

W, 2832, 13, 2012/11/13, 09:10:01.301, 7594373290520, QTAgent32.exe, &lt;a class=success&gt;Playback - {53} [SUCCESS] LeftButtonClick  &lt; Mouse cursor location (680, 395) &gt;
\0&lt;/a&gt;
W, 2832, 13, 2012/11/13, 09:10:01.660, 7594378431702, QTAgent32.exe, &lt;a class=success&gt;Playback - {54} [SUCCESS] SetValueAsEditBox "FORD"  &lt; Set via SendKeys &gt;
\0&lt;/a&gt;
W, 2832, 13, 2012/11/13, 09:10:01.660, 7594378433821, QTAgent32.exe, &lt;a class=success&gt;Playback - {55} [SUCCESS] SetValueAsComboBox "FORD" - "[MSAA, VisibleOnly]ControlType='ComboBox'"  &lt; Set via SetValueAsEditBox &gt;
\0&lt;/a&gt;
E, 2832, 13, 2012/11/13, 09:10:01.769, 7594380059133, QTAgent32.exe, Exception: System.ArgumentException
	Message: Value does not fall within the expected range.
	Stack Trace:    at Accessibility.IAccessible.get_accRole(Object varChild)
   at Microsoft.VisualStudio.TestTools.UITest.Extension.Msaa.AccWrapper.get_RoleInt()
	BaseExceptionMessage: Value does not fall within the expected range.

E, 2832, 13, 2012/11/13, 09:10:01.769, 7594380087915, QTAgent32.exe, Exception: System.ArgumentException
	Message: Value does not fall within the expected range.
	Stack Trace:    at Accessibility.IAccessible.get_accRole(Object varChild)
   at Microsoft.VisualStudio.TestTools.UITest.Extension.Msaa.AccWrapper.get_RoleInt()
	BaseExceptionMessage: Value does not fall within the expected range.

W, 2832, 13, 2012/11/13, 09:10:02.612, 7594392054062, QTAgent32.exe, &lt;a class=success&gt;Playback - {56} [SUCCESS] LeftButtonClick  &lt; Mouse cursor location (1040, 395) &gt;
\0&lt;/a&gt;
W, 2832, 13, 2012/11/13, 09:10:02.893, 7594396078570, QTAgent32.exe, &lt;a class=success&gt;Playback - {57} [SUCCESS] SetValueAsEditBox "KA"  &lt; Set via SendKeys &gt;
\0&lt;/a&gt;
W, 2832, 13, 2012/11/13, 09:10:02.893, 7594396080596, QTAgent32.exe, &lt;a class=success&gt;Playback - {58} [SUCCESS] SetValueAsComboBox "KA" - "[MSAA, VisibleOnly]ControlType='ComboBox'"  &lt; Set via SetValueAsEditBox &gt;
\0&lt;/a&gt;
W, 2832, 13, 2012/11/13, 09:10:03.610, 7594406506641, QTAgent32.exe, &lt;a class=success&gt;Playback - {59} [SUCCESS] MouseButtonClick - "[MSAA, VisibleOnly]ControlType='Button' &amp;&amp; Name='Filter'"
\0&lt;/a&gt;
W, 2832, 13, 2012/11/13, 09:10:04.109, 7594413544514, QTAgent32.exe, &lt;a class=success&gt;Playback - {60} [SUCCESS] MouseButtonClick - "[MSAA, VisibleOnly]ControlType='Button' &amp;&amp; Name='OK'"
\0&lt;/a&gt;
W, 2832, 13, 2012/11/13, 09:10:04.578, 7594420194627, QTAgent32.exe, &lt;a class=success&gt;Playback - {61} [SUCCESS] SendKeys "^{HOME}" - "[MSAA, VisibleOnly]ControlType='Edit'"
\0&lt;/a&gt;
E, 2832, 13, 2012/11/13, 09:10:04.578, 7594420197104, QTAgent32.exe, Msaa.GetFocusedElement: could not find accessible object of foreground window
W, 2832, 13, 2012/11/13, 09:10:04.656, 7594421312435, QTAgent32.exe, &lt;a class=success&gt;Playback - {62} [SUCCESS] SendKeys "^+{END}" - "[MSAA, VisibleOnly]ControlType='Edit'"
\0&lt;/a&gt;
E, 2832, 13, 2012/11/13, 09:10:04.656, 7594421314744, QTAgent32.exe, Msaa.GetFocusedElement: could not find accessible object of foreground window
W, 2832, 13, 2012/11/13, 09:10:04.671, 7594421535393, QTAgent32.exe, &lt;a class=success&gt;Playback - {63} [SUCCESS] SendKeys "{DELETE}" - "[MSAA, VisibleOnly]ControlType='Edit'"
\0&lt;/a&gt;
W, 2832, 13, 2012/11/13, 09:10:04.936, 7594425338722, QTAgent32.exe, &lt;a class=success&gt;Playback - {64} [SUCCESS] SetValueAsEditBox "123434" - "[MSAA, VisibleOnly]ControlType='Edit'"  &lt; Set via SendKeys &gt;
\0&lt;/a&gt;
W, 2832, 13, 2012/11/13, 09:10:05.202, 7594429130880, QTAgent32.exe, &lt;a class=success&gt;Playback - {65} [SUCCESS] SendKeys "^{HOME}" - "[MSAA, VisibleOnly]ControlType='Edit'"
\0&lt;/a&gt;
E, 2832, 13, 2012/11/13, 09:10:05.202, 7594429133991, QTAgent32.exe, Msaa.GetFocusedElement: could not find accessible object of foreground window
W, 2832, 13, 2012/11/13, 09:10:05.295, 7594430472837, QTAgent32.exe, &lt;a class=success&gt;Playback - {66} [SUCCESS] SendKeys "^+{END}" - "[MSAA, VisibleOnly]ControlType='Edit'"
\0&lt;/a&gt;
E, 2832, 13, 2012/11/13, 09:10:05.295, 7594430475594, QTAgent32.exe, Msaa.GetFocusedElement: could not find accessible object of foreground window
W, 2832, 13, 2012/11/13, 09:10:05.311, 7594430693300, QTAgent32.exe, &lt;a class=success&gt;Playback - {67} [SUCCESS] SendKeys "{DELETE}" - "[MSAA, VisibleOnly]ControlType='Edit'"
\0&lt;/a&gt;
W, 2832, 13, 2012/11/13, 09:10:05.514, 7594433602486, QTAgent32.exe, &lt;a class=success&gt;Playback - {68} [SUCCESS] SetValueAsEditBox "1000" - "[MSAA, VisibleOnly]ControlType='Edit'"  &lt; Set via SendKeys &gt;
\0&lt;/a&gt;
W, 2832, 13, 2012/11/13, 09:10:05.794, 7594437620028, QTAgent32.exe, &lt;a class=success&gt;Playback - {69} [SUCCESS] SendKeys "^{HOME}" - "[MSAA, VisibleOnly]ControlType='Edit'"
\0&lt;/a&gt;
E, 2832, 13, 2012/11/13, 09:10:05.794, 7594437622545, QTAgent32.exe, Msaa.GetFocusedElement: could not find accessible object of foreground window
W, 2832, 13, 2012/11/13, 09:10:05.888, 7594438957718, QTAgent32.exe, &lt;a class=success&gt;Playback - {70} [SUCCESS] SendKeys "^+{END}" - "[MSAA, VisibleOnly]ControlType='Edit'"
\0&lt;/a&gt;
E, 2832, 13, 2012/11/13, 09:10:05.888, 7594438960885, QTAgent32.exe, Msaa.GetFocusedElement: could not find accessible object of foreground window
W, 2832, 13, 2012/11/13, 09:10:05.904, 7594439181906, QTAgent32.exe, &lt;a class=success&gt;Playback - {71} [SUCCESS] SendKeys "{DELETE}" - "[MSAA, VisibleOnly]ControlType='Edit'"
\0&lt;/a&gt;
W, 2832, 13, 2012/11/13, 09:10:06.231, 7594443876133, QTAgent32.exe, &lt;a class=success&gt;Playback - {72} [SUCCESS] SetValueAsEditBox "20/11/12" - "[MSAA, VisibleOnly]ControlType='Edit'"  &lt; Set via SendKeys &gt;
\0&lt;/a&gt;
W, 2832, 13, 2012/11/13, 09:10:06.699, 7594450760268, QTAgent32.exe, &lt;a class=success&gt;Playback - {73} [SUCCESS] MouseButtonClick - "[MSAA, VisibleOnly]ControlType='Button' &amp;&amp; Name='Calculate Quote'"
\0&lt;/a&gt;
W, 2832, 13, 2012/11/13, 09:10:07.152, 7594457139163, QTAgent32.exe, &lt;a class=success&gt;Playback - {74} [SUCCESS] MouseButtonClick - "[MSAA, VisibleOnly]ControlType='Button' &amp;&amp; Name='Cancel'"
\0&lt;/a&gt;
W, 2832, 13, 2012/11/13, 09:10:07.635, 7594464031209, QTAgent32.exe, &lt;a class=success&gt;Playback - {75} [SUCCESS] MouseButtonClick - "[MSAA, VisibleOnly]ControlType='Button' &amp;&amp; Name='No'"
\0&lt;/a&gt;
W, 2832, 13, 2012/11/13, 09:10:11.785, 7594523409825, QTAgent32.exe, PERF WARNING: FindTopLevelWindowHelper::FindAllDescendents: took 4040 ms. Expected it to take maximum 500 ms.
W, 2832, 13, 2012/11/13, 09:10:12.113, 7594528084034, QTAgent32.exe, &lt;a class=success&gt;Playback - {76} [SUCCESS] MouseButtonClick - "[MSAA, VisibleOnly]ControlType='Client'"
\0&lt;/a&gt;
W, 2832, 13, 2012/11/13, 09:10:13.829, 7594552662293, QTAgent32.exe, &lt;a class=success&gt;Playback - {77} [SUCCESS] SendKeys "{Home}" - "[MSAA, VisibleOnly]ControlType='Client'"
\0&lt;/a&gt;
W, 2832, 13, 2012/11/13, 09:10:17.573, 7594606297658, QTAgent32.exe, &lt;a class=success&gt;Playback - {78} [SUCCESS] MouseButtonClick - "[MSAA, VisibleOnly]ControlType='Button' &amp;&amp; Name='Accept'"
\0&lt;/a&gt;
W, 2832, 13, 2012/11/13, 09:10:18.103, 7594613869999, QTAgent32.exe, &lt;a class=success&gt;Playback - {79} [SUCCESS] MouseButtonClick - "[MSAA, VisibleOnly]ControlType='Button' &amp;&amp; Name='Yes'"
\0&lt;/a&gt;
W, 2832, 13, 2012/11/13, 09:10:18.603, 7594621019801, QTAgent32.exe, &lt;a class=success&gt;Playback - {80} [SUCCESS] MouseButtonClick - "[MSAA, VisibleOnly]ControlType='Button' &amp;&amp; Name='Ok'"
\0&lt;/a&gt;
W, 2832, 13, 2012/11/13, 09:10:19.008, 7594626814172, QTAgent32.exe, &lt;a class=success&gt;Playback - {81} [SUCCESS] MouseButtonClick - "[MSAA, VisibleOnly]ControlType='Button' &amp;&amp; Name='Ok'"
\0&lt;/a&gt;
W, 2832, 13, 2012/11/13, 09:10:19.632, 7594635871801, QTAgent32.exe, &lt;a class=success&gt;Playback - {82} [SUCCESS] MouseButtonClick - "[MSAA, VisibleOnly]ControlType='Button' &amp;&amp; Name='Confirm'"
\0&lt;/a&gt;
W, 2832, 13, 2012/11/13, 09:10:44.297, 7594988888170, QTAgent32.exe, Playback - [WARNING] Internal warning: Window Not Found: [VisibleOnly]ControlType='Window' &amp;&amp; Name='Save the file as' &amp;&amp; ClassName='#32770'
\0
E, 2832, 13, 2012/11/13, 09:10:44.297, 7594988891031, QTAgent32.exe, &lt;a class=failure&gt;Playback - {83} [FAILED] Function ElementFetcher::FindScreenElement failed to locate UI element (Searching: ;[VisibleOnly]ControlType='Window' &amp;&amp; Name='Save the file as' &amp;&amp; ClassName='#32770') (The object specified was not found.)
\0&lt;/a&gt;
E, 2832, 13, 2012/11/13, 09:10:44.375, 7594990192242, QTAgent32.exe, Playback - [IMAGE] C:\Users\peter.zenin-ad\AppData\Local\Temp\UITestLogs\LastRun\RPF8C1C.png
\0
W, 2832, 13, 2012/11/13, 09:10:44.375, 7594990194220, QTAgent32.exe, Playback - [WARNING] Internal warning: Couldn't find descendants that match QueryId
\0
W, 2832, 13, 2012/11/13, 09:10:44.375, 7594990197228, QTAgent32.exe, PERF WARNING: FindTopLevelWindowHelper::FindAllDescendents: took 24645 ms. Expected it to take maximum 500 ms.
W, 2832, 13, 2012/11/13, 09:11:02.628, 7595251339158, QTAgent32.exe, Playback - [WARNING] Internal warning: Window Not Found: [VisibleOnly]ControlType='Window' &amp;&amp; Name='Save the file as' &amp;&amp; ClassName='#32770'
\0
E, 2832, 13, 2012/11/13, 09:11:02.628, 7595251342096, QTAgent32.exe, &lt;a class=failure&gt;Playback - {84} [FAILED] Function ElementFetcher::FindScreenElement failed to locate UI element (Searching: ;[VisibleOnly]ControlType='Window' &amp;&amp; Name='Save the file as' &amp;&amp; ClassName='#32770') (The object specified was not found.)
\0&lt;/a&gt;
E, 2832, 13, 2012/11/13, 09:11:02.706, 7595252645193, QTAgent32.exe, Playback - [IMAGE] C:\Users\peter.zenin-ad\AppData\Local\Temp\UITestLogs\LastRun\RPFD3B7.png
\0
W, 2832, 13, 2012/11/13, 09:11:02.706, 7595252647100, QTAgent32.exe, Playback - [WARNING] Internal warning: Couldn't find descendants that match QueryId
\0
W, 2832, 13, 2012/11/13, 09:11:02.706, 7595252649976, QTAgent32.exe, PERF WARNING: FindTopLevelWindowHelper::FindAllDescendents: took 18329 ms. Expected it to take maximum 500 ms.
W, 2832, 13, 2012/11/13, 09:11:05.873, 7595297807192, QTAgent32.exe, Playback - [WARNING] Internal warning: Smart Match failed
\0
W, 2832, 13, 2012/11/13, 09:11:07.309, 7595318348563, QTAgent32.exe, Playback - [WARNING] Internal warning: Window Not Found: [VisibleOnly]ControlType='Window' &amp;&amp; Name='Save the file as' &amp;&amp; ClassName='#32770'
\0
E, 2832, 13, 2012/11/13, 09:11:07.309, 7595318351315, QTAgent32.exe, &lt;a class=failure&gt;Playback - {85} [FAILED] Function ElementFetcher::FindScreenElement failed to locate UI element (Searching: ;[VisibleOnly]ControlType='Window' &amp;&amp; Name='Save the file as' &amp;&amp; ClassName='#32770') (The object specified was not found.)
\0&lt;/a&gt;
E, 2832, 13, 2012/11/13, 09:11:07.387, 7595319656913, QTAgent32.exe, Playback - [IMAGE] C:\Users\peter.zenin-ad\AppData\Local\Temp\UITestLogs\LastRun\RPFE600.png
\0
W, 2832, 13, 2012/11/13, 09:11:07.387, 7595319658834, QTAgent32.exe, Playback - [WARNING] Internal warning: Couldn't find descendants that match QueryId
\0
W, 2832, 13, 2012/11/13, 09:11:07.387, 7595319661690, QTAgent32.exe, PERF WARNING: FindTopLevelWindowHelper::FindAllDescendents: took 4680 ms. Expected it to take maximum 500 ms.
E, 2832, 13, 2012/11/13, 09:11:07.387, 7595319663443, QTAgent32.exe, Exception: System.Runtime.InteropServices.COMException
	Message: Error HRESULT E_FAIL has been returned from a call to a COM component.
	Stack Trace:    at Microsoft.VisualStudio.TestTools.UITest.Playback.Engine.IRPFPlayback.FindAllScreenElements(IScreenElement pScreenElementStart, String bstrQueryId, Object&amp; pvarResKeys, Int32 cResKeys, Int32 nMaxDepth, Object[]&amp; foundDescendants)
   at Microsoft.VisualStudio.TestTools.UITest.Playback.ScreenElement.FindTopLevelWindowHelper(String queryId)
	BaseExceptionMessage: Error HRESULT E_FAIL has been returned from a call to a COM component.

E, 2832, 13, 2012/11/13, 09:11:07.543, 7595321733436, QTAgent32.exe, AL: Playback Error: Microsoft.VisualStudio.TestTools.UITest.Extension.UITestControlNotFoundException: The playback failed to find the control with the given search properties. Additional Details: 
TechnologyName:  'MSAA'
ControlType:  'Window'
Name:  'Save the file as'
ClassName:  '#32770'
 ---&gt; System.Runtime.InteropServices.COMException: Error HRESULT E_FAIL has been returned from a call to a COM component.
   at Microsoft.VisualStudio.TestTools.UITest.Playback.Engine.IRPFPlayback.FindAllScreenElements(IScreenElement pScreenElementStart, String bstrQueryId, Object&amp; pvarResKeys, Int32 cResKeys, Int32 nMaxDepth, Object[]&amp; foundDescendants)
   at Microsoft.VisualStudio.TestTools.UITest.Playback.ScreenElement.FindTopLevelWindowHelper(String queryId)
   at Microsoft.VisualStudio.TestTools.UITest.Playback.ScreenElement.FindFromPartialQueryId(String queryId)
   at Microsoft.VisualStudio.TestTools.UITesting.UITestControl..ctor(String queryId)
   --- End of inner exception stack trace ---
   at Microsoft.VisualStudio.TestTools.UITesting.Playback.MapControlNotFoundException(COMException ex, IPlaybackContext context)
   at Microsoft.VisualStudio.TestTools.UITesting.Playback.MapAndThrowComException(COMException innerException, IPlaybackContext context)
   at Microsoft.VisualStudio.TestTools.UITesting.Playback.MapAndThrowException(SystemException exception, IPlaybackContext context)
   at Microsoft.VisualStudio.TestTools.UITesting.Playback.MapAndThrowException(SystemException exception, String queryId)
   at Microsoft.VisualStudio.TestTools.UITesting.UITestControl..ctor(String queryId)
   at Microsoft.VisualStudio.TestTools.UITesting.SearchHelper.SearchTopLevelWindow(ISearchArgument topLevelSearchArg, String topLevelElementQueryId)
   at Microsoft.VisualStudio.TestTools.UITesting.SearchHelper.GetTitleUpdatedTopLevelWindow(ISearchArgument topLevelSearchArg, String queryId, IList`1 windowTitles)
   at Microsoft.VisualStudio.TestTools.UITesting.SearchHelper.GetTopLevelElement(Boolean useCache, Boolean useCacheOnly, ISearchArgument searchArg, IList`1 windowTitles, Int32&amp; timeLeft)
   at Microsoft.VisualStudio.TestTools.UITesting.SearchHelper.GetElement(Boolean useCache, ISearchArgument searchArg)
   at Microsoft.VisualStudio.TestTools.UITesting.SearchHelper.Search(ISearchArgument searchArg)
   at Microsoft.VisualStudio.TestTools.UITesting.UITestControl.FindInternal()
   at Microsoft.VisualStudio.TestTools.UITesting.UITestControl.FindControlIfNecessary()
   at Microsoft.VisualStudio.TestTools.UITesting.UITestControl.Click(MouseButtons button, ModifierKeys modifierKeys, Point relativeCoordinates)
   at Microsoft.VisualStudio.TestTools.UITesting.Mouse.ClickImplementation(UITestControl control, MouseButtons button, ModifierKeys modifierKeys, Point relativeCoordinate)
   at Microsoft.VisualStudio.TestTools.UITesting.Mouse.ClickImplementationWrapper(UITestControl control, MouseButtons button, ModifierKeys modifierKeys, Point relativeCoordinate)
W, 2832, 13, 2012/11/13, 09:11:07.543, 7595321735241, QTAgent32.exe, PlaybackErrorHandler: Ignoring exception as ContinueOnError is set.
W, 2832, 13, 2012/11/13, 09:11:07.886, 7595326612793, QTAgent32.exe, &lt;a class=success&gt;Playback - {86} [SUCCESS] Check - "[MSAA, VisibleOnly]ControlType='CheckBox' &amp;&amp; Name='Defer Printing?'"
\0&lt;/a&gt;
W, 2832, 13, 2012/11/13, 09:11:08.604, 7595336975040, QTAgent32.exe, &lt;a class=success&gt;Playback - {87} [SUCCESS] MouseButtonClick - "[MSAA, VisibleOnly]ControlType='Button' &amp;&amp; Name='Ok'"
\0&lt;/a&gt;
W, 2832, 13, 2012/11/13, 09:11:10.320, 7595361567162, QTAgent32.exe, PERF WARNING: FindTopLevelWindowHelper::FindAllDescendents: took 1614 ms. Expected it to take maximum 500 ms.
W, 2832, 13, 2012/11/13, 09:11:10.663, 7595366371557, QTAgent32.exe, &lt;a class=success&gt;Playback - {88} [SUCCESS] Uncheck - "[MSAA, VisibleOnly]ControlType='CheckBox' &amp;&amp; Name='Add Activity'"
\0&lt;/a&gt;
W, 2832, 13, 2012/11/13, 09:11:13.721, 7595410299529, QTAgent32.exe, &lt;a class=success&gt;Playback - {89} [SUCCESS] MouseButtonClick - "[MSAA, VisibleOnly]ControlType='Button' &amp;&amp; Name='Ok'"
\0&lt;/a&gt;
W, 2832, 13, 2012/11/13, 09:11:14.158, 7595416528528, QTAgent32.exe, &lt;a class=success&gt;Playback - {90} [SUCCESS] MouseButtonClick - "[MSAA, VisibleOnly]ControlType='Button' &amp;&amp; Name='Ok'"
\0&lt;/a&gt;
W, 2832, 13, 2012/11/13, 09:11:23.955, 7595556709028, QTAgent32.exe, PERF WARNING: FindTopLevelWindowHelper::FindAllDescendents: took 9549 ms. Expected it to take maximum 500 ms.
W, 2832, 13, 2012/11/13, 09:11:26.248, 7595589508013, QTAgent32.exe, &lt;a class=success&gt;Playback - {91} [SUCCESS] MouseButtonClick - "[MSAA, VisibleOnly]ControlType='Button' &amp;&amp; Name='OK'"
\0&lt;/a&gt;
W, 2832, 13, 2012/11/13, 09:11:26.701, 7595596056034, QTAgent32.exe, &lt;a class=success&gt;Playback - {92} [SUCCESS] MouseButtonClick - "[MSAA, VisibleOnly]ControlType='Button' &amp;&amp; Name='Cancel'"
\0&lt;/a&gt;
W, 2832, 13, 2012/11/13, 09:11:27.231, 7595603650205, QTAgent32.exe, &lt;a class=success&gt;Playback - {93} [SUCCESS] MouseButtonClick - "[MSAA, VisibleOnly]ControlType='Button'"
\0&lt;/a&gt;
W, 2832, 13, 2012/11/13, 09:11:27.793, 7595611768513, QTAgent32.exe, &lt;a class=success&gt;Playback - {94} [SUCCESS] MouseButtonClick - "[MSAA, VisibleOnly]ControlType='Button' &amp;&amp; Name='Detail'"
\0&lt;/a&gt;
E, 2832, 13, 2012/11/13, 09:11:28.027, 7595615004991, QTAgent32.exe, IEDOM : Could not get valid window handle of Internet Explorer_server
W, 2832, 13, 2012/11/13, 09:11:28.027, 7595615006246, QTAgent32.exe, IEDOM : Unable to get the document Window Handle
E, 2832, 13, 2012/11/13, 09:11:30.039, 7595643803439, QTAgent32.exe, IEDOM : Could not get valid window handle of Internet Explorer_server
W, 2832, 13, 2012/11/13, 09:11:30.039, 7595643805022, QTAgent32.exe, IEDOM : Unable to get the document Window Handle
E, 2832, 13, 2012/11/13, 09:11:32.052, 7595672639816, QTAgent32.exe, IEDOM : Could not get valid window handle of Internet Explorer_server
W, 2832, 13, 2012/11/13, 09:11:32.052, 7595672641264, QTAgent32.exe, IEDOM : Unable to get the document Window Handle
E, 2832, 13, 2012/11/13, 09:11:34.064, 7595701418158, QTAgent32.exe, IEDOM : Could not get valid window handle of Internet Explorer_server
W, 2832, 13, 2012/11/13, 09:11:34.064, 7595701419759, QTAgent32.exe, IEDOM : Unable to get the document Window Handle
E, 2832, 13, 2012/11/13, 09:11:36.077, 7595730233467, QTAgent32.exe, IEDOM : Could not get valid window handle of Internet Explorer_server
W, 2832, 13, 2012/11/13, 09:11:36.077, 7595730235020, QTAgent32.exe, IEDOM : Unable to get the document Window Handle
E, 2832, 13, 2012/11/13, 09:11:38.089, 7595759047724, QTAgent32.exe, IEDOM : Could not get valid window handle of Internet Explorer_server
W, 2832, 13, 2012/11/13, 09:11:38.089, 7595759049290, QTAgent32.exe, IEDOM : Unable to get the document Window Handle
E, 2832, 13, 2012/11/13, 09:11:40.102, 7595787862924, QTAgent32.exe, IEDOM : Could not get valid window handle of Internet Explorer_server
W, 2832, 13, 2012/11/13, 09:11:40.102, 7595787864578, QTAgent32.exe, IEDOM : Unable to get the document Window Handle
E, 2832, 13, 2012/11/13, 09:11:42.114, 7595816673771, QTAgent32.exe, IEDOM : Could not get valid window handle of Internet Explorer_server
W, 2832, 13, 2012/11/13, 09:11:42.114, 7595816675348, QTAgent32.exe, IEDOM : Unable to get the document Window Handle
E, 2832, 13, 2012/11/13, 09:11:44.127, 7595845488865, QTAgent32.exe, IEDOM : Could not get valid window handle of Internet Explorer_server
W, 2832, 13, 2012/11/13, 09:11:44.127, 7595845490514, QTAgent32.exe, IEDOM : Unable to get the document Window Handle
E, 2832, 13, 2012/11/13, 09:11:46.139, 7595874304228, QTAgent32.exe, IEDOM : Could not get valid window handle of Internet Explorer_server
W, 2832, 13, 2012/11/13, 09:11:46.139, 7595874305788, QTAgent32.exe, IEDOM : Unable to get the document Window Handle
E, 2832, 13, 2012/11/13, 09:11:48.152, 7595903117174, QTAgent32.exe, IEDOM : Could not get valid window handle of Internet Explorer_server
W, 2832, 13, 2012/11/13, 09:11:48.152, 7595903118904, QTAgent32.exe, IEDOM : Unable to get the document Window Handle
E, 2832, 13, 2012/11/13, 09:11:50.164, 7595931941046, QTAgent32.exe, IEDOM : Could not get valid window handle of Internet Explorer_server
W, 2832, 13, 2012/11/13, 09:11:50.164, 7595931942532, QTAgent32.exe, IEDOM : Unable to get the document Window Handle
E, 2832, 13, 2012/11/13, 09:11:52.177, 7595960743808, QTAgent32.exe, IEDOM : Could not get valid window handle of Internet Explorer_server
W, 2832, 13, 2012/11/13, 09:11:52.177, 7595960745420, QTAgent32.exe, IEDOM : Unable to get the document Window Handle
E, 2832, 13, 2012/11/13, 09:11:54.189, 7595989559466, QTAgent32.exe, IEDOM : Could not get valid window handle of Internet Explorer_server
W, 2832, 13, 2012/11/13, 09:11:54.189, 7595989561069, QTAgent32.exe, IEDOM : Unable to get the document Window Handle
E, 2832, 13, 2012/11/13, 09:11:56.202, 7596018373261, QTAgent32.exe, IEDOM : Could not get valid window handle of Internet Explorer_server
W, 2832, 13, 2012/11/13, 09:11:56.202, 7596018374961, QTAgent32.exe, IEDOM : Unable to get the document Window Handle
E, 2832, 13, 2012/11/13, 09:11:58.214, 7596047186113, QTAgent32.exe, IEDOM : Could not get valid window handle of Internet Explorer_server
W, 2832, 13, 2012/11/13, 09:11:58.214, 7596047187834, QTAgent32.exe, IEDOM : Unable to get the document Window Handle
W, 2832, 13, 2012/11/13, 09:12:00.227, 7596076001013, QTAgent32.exe, AL : IEBrowserService : Performing an extended retry
E, 2832, 13, 2012/11/13, 09:12:00.227, 7596076012820, QTAgent32.exe, IEDOM : Could not get valid window handle of Internet Explorer_server
W, 2832, 13, 2012/11/13, 09:12:00.227, 7596076013661, QTAgent32.exe, IEDOM : Unable to get the document Window Handle
E, 2832, 13, 2012/11/13, 09:12:02.239, 7596104814727, QTAgent32.exe, IEDOM : Could not get valid window handle of Internet Explorer_server
W, 2832, 13, 2012/11/13, 09:12:02.239, 7596104816385, QTAgent32.exe, IEDOM : Unable to get the document Window Handle
E, 2832, 13, 2012/11/13, 09:12:04.252, 7596133629043, QTAgent32.exe, IEDOM : Could not get valid window handle of Internet Explorer_server
W, 2832, 13, 2012/11/13, 09:12:04.252, 7596133630705, QTAgent32.exe, IEDOM : Unable to get the document Window Handle
E, 2832, 13, 2012/11/13, 09:12:06.265, 7596162449437, QTAgent32.exe, IEDOM : Could not get valid window handle of Internet Explorer_server
W, 2832, 13, 2012/11/13, 09:12:06.265, 7596162451138, QTAgent32.exe, IEDOM : Unable to get the document Window Handle
E, 2832, 13, 2012/11/13, 09:12:08.277, 7596191256787, QTAgent32.exe, IEDOM : Could not get valid window handle of Internet Explorer_server
W, 2832, 13, 2012/11/13, 09:12:08.277, 7596191258375, QTAgent32.exe, IEDOM : Unable to get the document Window Handle
E, 2832, 13, 2012/11/13, 09:12:10.290, 7596220070933, QTAgent32.exe, IEDOM : Could not get valid window handle of Internet Explorer_server
W, 2832, 13, 2012/11/13, 09:12:10.290, 7596220072620, QTAgent32.exe, IEDOM : Unable to get the document Window Handle
E, 2832, 13, 2012/11/13, 09:12:12.302, 7596248890374, QTAgent32.exe, IEDOM : Could not get valid window handle of Internet Explorer_server
W, 2832, 13, 2012/11/13, 09:12:12.302, 7596248891961, QTAgent32.exe, IEDOM : Unable to get the document Window Handle
E, 2832, 13, 2012/11/13, 09:12:14.315, 7596277697275, QTAgent32.exe, IEDOM : Could not get valid window handle of Internet Explorer_server
W, 2832, 13, 2012/11/13, 09:12:14.315, 7596277698927, QTAgent32.exe, IEDOM : Unable to get the document Window Handle
E, 2832, 13, 2012/11/13, 09:12:16.327, 7596306510918, QTAgent32.exe, IEDOM : Could not get valid window handle of Internet Explorer_server
W, 2832, 13, 2012/11/13, 09:12:16.327, 7596306512616, QTAgent32.exe, IEDOM : Unable to get the document Window Handle
E, 2832, 13, 2012/11/13, 09:12:18.340, 7596335326040, QTAgent32.exe, IEDOM : Could not get valid window handle of Internet Explorer_server
W, 2832, 13, 2012/11/13, 09:12:18.340, 7596335327625, QTAgent32.exe, IEDOM : Unable to get the document Window Handle
E, 2832, 13, 2012/11/13, 09:12:20.352, 7596364141026, QTAgent32.exe, IEDOM : Could not get valid window handle of Internet Explorer_server
W, 2832, 13, 2012/11/13, 09:12:20.352, 7596364142684, QTAgent32.exe, IEDOM : Unable to get the document Window Handle
E, 2832, 13, 2012/11/13, 09:12:22.365, 7596392953879, QTAgent32.exe, IEDOM : Could not get valid window handle of Internet Explorer_server
W, 2832, 13, 2012/11/13, 09:12:22.365, 7596392955455, QTAgent32.exe, IEDOM : Unable to get the document Window Handle
E, 2832, 13, 2012/11/13, 09:12:24.377, 7596421774431, QTAgent32.exe, IEDOM : Could not get valid window handle of Internet Explorer_server
W, 2832, 13, 2012/11/13, 09:12:24.377, 7596421776015, QTAgent32.exe, IEDOM : Unable to get the document Window Handle
E, 2832, 13, 2012/11/13, 09:12:26.390, 7596450582958, QTAgent32.exe, IEDOM : Could not get valid window handle of Internet Explorer_server
W, 2832, 13, 2012/11/13, 09:12:26.390, 7596450584523, QTAgent32.exe, IEDOM : Unable to get the document Window Handle
E, 2832, 13, 2012/11/13, 09:12:28.402, 7596479397495, QTAgent32.exe, IEDOM : Could not get valid window handle of Internet Explorer_server
W, 2832, 13, 2012/11/13, 09:12:28.402, 7596479399118, QTAgent32.exe, IEDOM : Unable to get the document Window Handle
E, 2832, 13, 2012/11/13, 09:12:30.415, 7596508210969, QTAgent32.exe, IEDOM : Could not get valid window handle of Internet Explorer_server
W, 2832, 13, 2012/11/13, 09:12:30.415, 7596508212615, QTAgent32.exe, IEDOM : Unable to get the document Window Handle
E, 2832, 13, 2012/11/13, 09:12:32.427, 7596537023907, QTAgent32.exe, IEDOM : Could not get valid window handle of Internet Explorer_server
W, 2832, 13, 2012/11/13, 09:12:32.427, 7596537025563, QTAgent32.exe, IEDOM : Unable to get the document Window Handle
E, 2832, 13, 2012/11/13, 09:12:34.440, 7596565837581, QTAgent32.exe, IEDOM : Could not get valid window handle of Internet Explorer_server
W, 2832, 13, 2012/11/13, 09:12:34.440, 7596565839197, QTAgent32.exe, IEDOM : Unable to get the document Window Handle
E, 2832, 13, 2012/11/13, 09:12:36.452, 7596594652374, QTAgent32.exe, IEDOM : Could not get valid window handle of Internet Explorer_server
W, 2832, 13, 2012/11/13, 09:12:36.452, 7596594653893, QTAgent32.exe, IEDOM : Unable to get the document Window Handle
E, 2832, 13, 2012/11/13, 09:12:38.465, 7596623464894, QTAgent32.exe, IEDOM : Could not get valid window handle of Internet Explorer_server
W, 2832, 13, 2012/11/13, 09:12:38.465, 7596623466525, QTAgent32.exe, IEDOM : Unable to get the document Window Handle
E, 2832, 13, 2012/11/13, 09:12:40.477, 7596652285865, QTAgent32.exe, IEDOM : Could not get valid window handle of Internet Explorer_server
W, 2832, 13, 2012/11/13, 09:12:40.477, 7596652287446, QTAgent32.exe, IEDOM : Unable to get the document Window Handle
E, 2832, 13, 2012/11/13, 09:12:42.490, 7596681094281, QTAgent32.exe, IEDOM : Could not get valid window handle of Internet Explorer_server
W, 2832, 13, 2012/11/13, 09:12:42.490, 7596681095966, QTAgent32.exe, IEDOM : Unable to get the document Window Handle
E, 2832, 13, 2012/11/13, 09:12:44.502, 7596709908848, QTAgent32.exe, IEDOM : Could not get valid window handle of Internet Explorer_server
W, 2832, 13, 2012/11/13, 09:12:44.502, 7596709910444, QTAgent32.exe, IEDOM : Unable to get the document Window Handle
E, 2832, 13, 2012/11/13, 09:12:46.515, 7596738722341, QTAgent32.exe, IEDOM : Could not get valid window handle of Internet Explorer_server
W, 2832, 13, 2012/11/13, 09:12:46.515, 7596738723936, QTAgent32.exe, IEDOM : Unable to get the document Window Handle
E, 2832, 13, 2012/11/13, 09:12:48.527, 7596767541353, QTAgent32.exe, IEDOM : Could not get valid window handle of Internet Explorer_server
W, 2832, 13, 2012/11/13, 09:12:48.527, 7596767542873, QTAgent32.exe, IEDOM : Unable to get the document Window Handle
E, 2832, 13, 2012/11/13, 09:12:50.540, 7596796349111, QTAgent32.exe, IEDOM : Could not get valid window handle of Internet Explorer_server
W, 2832, 13, 2012/11/13, 09:12:50.540, 7596796350854, QTAgent32.exe, IEDOM : Unable to get the document Window Handle
E, 2832, 13, 2012/11/13, 09:12:52.552, 7596825165669, QTAgent32.exe, IEDOM : Could not get valid window handle of Internet Explorer_server
W, 2832, 13, 2012/11/13, 09:12:52.552, 7596825167383, QTAgent32.exe, IEDOM : Unable to get the document Window Handle
E, 2832, 13, 2012/11/13, 09:12:54.565, 7596853976835, QTAgent32.exe, IEDOM : Could not get valid window handle of Internet Explorer_server
W, 2832, 13, 2012/11/13, 09:12:54.565, 7596853978579, QTAgent32.exe, IEDOM : Unable to get the document Window Handle
E, 2832, 13, 2012/11/13, 09:12:56.577, 7596882790691, QTAgent32.exe, IEDOM : Could not get valid window handle of Internet Explorer_server
W, 2832, 13, 2012/11/13, 09:12:56.577, 7596882792366, QTAgent32.exe, IEDOM : Unable to get the document Window Handle
E, 2832, 13, 2012/11/13, 09:12:58.590, 7596911611113, QTAgent32.exe, IEDOM : Could not get valid window handle of Internet Explorer_server
W, 2832, 13, 2012/11/13, 09:12:58.590, 7596911612588, QTAgent32.exe, IEDOM : Unable to get the document Window Handle
E, 2832, 13, 2012/11/13, 09:13:00.602, 7596940420890, QTAgent32.exe, IEDOM : Could not get valid window handle of Internet Explorer_server
W, 2832, 13, 2012/11/13, 09:13:00.602, 7596940422590, QTAgent32.exe, IEDOM : Unable to get the document Window Handle
E, 2832, 13, 2012/11/13, 09:13:02.615, 7596969233800, QTAgent32.exe, IEDOM : Could not get valid window handle of Internet Explorer_server
W, 2832, 13, 2012/11/13, 09:13:02.615, 7596969235477, QTAgent32.exe, IEDOM : Unable to get the document Window Handle
E, 2832, 13, 2012/11/13, 09:13:04.627, 7596998046280, QTAgent32.exe, IEDOM : Could not get valid window handle of Internet Explorer_server
W, 2832, 13, 2012/11/13, 09:13:04.627, 7596998047970, QTAgent32.exe, IEDOM : Unable to get the document Window Handle
E, 2832, 13, 2012/11/13, 09:13:06.640, 7597026860696, QTAgent32.exe, IEDOM : Could not get valid window handle of Internet Explorer_server
W, 2832, 13, 2012/11/13, 09:13:06.640, 7597026862423, QTAgent32.exe, IEDOM : Unable to get the document Window Handle
E, 2832, 13, 2012/11/13, 09:13:08.653, 7597055678219, QTAgent32.exe, IEDOM : Could not get valid window handle of Internet Explorer_server
W, 2832, 13, 2012/11/13, 09:13:08.653, 7597055679899, QTAgent32.exe, IEDOM : Unable to get the document Window Handle
E, 2832, 13, 2012/11/13, 09:13:10.665, 7597084488674, QTAgent32.exe, IEDOM : Could not get valid window handle of Internet Explorer_server
W, 2832, 13, 2012/11/13, 09:13:10.665, 7597084490351, QTAgent32.exe, IEDOM : Unable to get the document Window Handle
E, 2832, 13, 2012/11/13, 09:13:12.678, 7597113303360, QTAgent32.exe, IEDOM : Could not get valid window handle of Internet Explorer_server
W, 2832, 13, 2012/11/13, 09:13:12.678, 7597113305244, QTAgent32.exe, IEDOM : Unable to get the document Window Handle
E, 2832, 13, 2012/11/13, 09:13:14.690, 7597142124658, QTAgent32.exe, IEDOM : Could not get valid window handle of Internet Explorer_server
W, 2832, 13, 2012/11/13, 09:13:14.690, 7597142126342, QTAgent32.exe, IEDOM : Unable to get the document Window Handle
E, 2832, 13, 2012/11/13, 09:13:16.703, 7597170932491, QTAgent32.exe, IEDOM : Could not get valid window handle of Internet Explorer_server
W, 2832, 13, 2012/11/13, 09:13:16.703, 7597170934231, QTAgent32.exe, IEDOM : Unable to get the document Window Handle
E, 2832, 13, 2012/11/13, 09:13:18.715, 7597199744011, QTAgent32.exe, IEDOM : Could not get valid window handle of Internet Explorer_server
W, 2832, 13, 2012/11/13, 09:13:18.715, 7597199745612, QTAgent32.exe, IEDOM : Unable to get the document Window Handle
E, 2832, 13, 2012/11/13, 09:13:20.728, 7597228561583, QTAgent32.exe, IEDOM : Could not get valid window handle of Internet Explorer_server
W, 2832, 13, 2012/11/13, 09:13:20.728, 7597228563333, QTAgent32.exe, IEDOM : Unable to get the document Window Handle
E, 2832, 13, 2012/11/13, 09:13:22.740, 7597257372900, QTAgent32.exe, IEDOM : Could not get valid window handle of Internet Explorer_server
W, 2832, 13, 2012/11/13, 09:13:22.740, 7597257374707, QTAgent32.exe, IEDOM : Unable to get the document Window Handle
E, 2832, 13, 2012/11/13, 09:13:24.753, 7597286187551, QTAgent32.exe, IEDOM : Could not get valid window handle of Internet Explorer_server
W, 2832, 13, 2012/11/13, 09:13:24.753, 7597286189203, QTAgent32.exe, IEDOM : Unable to get the document Window Handle
E, 2832, 13, 2012/11/13, 09:13:26.765, 7597315001116, QTAgent32.exe, IEDOM : Could not get valid window handle of Internet Explorer_server
W, 2832, 13, 2012/11/13, 09:13:26.765, 7597315002805, QTAgent32.exe, IEDOM : Unable to get the document Window Handle
E, 2832, 13, 2012/11/13, 09:13:28.778, 7597343815059, QTAgent32.exe, IEDOM : Could not get valid window handle of Internet Explorer_server
W, 2832, 13, 2012/11/13, 09:13:28.778, 7597343816829, QTAgent32.exe, IEDOM : Unable to get the document Window Handle
E, 2832, 13, 2012/11/13, 09:13:30.790, 7597372628372, QTAgent32.exe, IEDOM : Could not get valid window handle of Internet Explorer_server
W, 2832, 13, 2012/11/13, 09:13:30.790, 7597372630035, QTAgent32.exe, IEDOM : Unable to get the document Window Handle
E, 2832, 13, 2012/11/13, 09:13:32.803, 7597401451961, QTAgent32.exe, IEDOM : Could not get valid window handle of Internet Explorer_server
W, 2832, 13, 2012/11/13, 09:13:32.803, 7597401453579, QTAgent32.exe, IEDOM : Unable to get the document Window Handle
E, 2832, 13, 2012/11/13, 09:13:34.815, 7597430263155, QTAgent32.exe, IEDOM : Could not get valid window handle of Internet Explorer_server
W, 2832, 13, 2012/11/13, 09:13:34.815, 7597430264929, QTAgent32.exe, IEDOM : Unable to get the document Window Handle
E, 2832, 13, 2012/11/13, 09:13:36.828, 7597459071523, QTAgent32.exe, IEDOM : Could not get valid window handle of Internet Explorer_server
W, 2832, 13, 2012/11/13, 09:13:36.828, 7597459073270, QTAgent32.exe, IEDOM : Unable to get the document Window Handle
E, 2832, 13, 2012/11/13, 09:13:38.840, 7597487884779, QTAgent32.exe, IEDOM : Could not get valid window handle of Internet Explorer_server
W, 2832, 13, 2012/11/13, 09:13:38.840, 7597487886436, QTAgent32.exe, IEDOM : Unable to get the document Window Handle
E, 2832, 13, 2012/11/13, 09:13:40.853, 7597516701910, QTAgent32.exe, IEDOM : Could not get valid window handle of Internet Explorer_server
W, 2832, 13, 2012/11/13, 09:13:40.853, 7597516703501, QTAgent32.exe, IEDOM : Unable to get the document Window Handle
E, 2832, 13, 2012/11/13, 09:13:42.865, 7597545512886, QTAgent32.exe, IEDOM : Could not get valid window handle of Internet Explorer_server
W, 2832, 13, 2012/11/13, 09:13:42.865, 7597545514580, QTAgent32.exe, IEDOM : Unable to get the document Window Handle
E, 2832, 13, 2012/11/13, 09:13:44.878, 7597574327227, QTAgent32.exe, IEDOM : Could not get valid window handle of Internet Explorer_server
W, 2832, 13, 2012/11/13, 09:13:44.878, 7597574328929, QTAgent32.exe, IEDOM : Unable to get the document Window Handle
E, 2832, 13, 2012/11/13, 09:13:46.890, 7597603141103, QTAgent32.exe, IEDOM : Could not get valid window handle of Internet Explorer_server
W, 2832, 13, 2012/11/13, 09:13:46.890, 7597603142746, QTAgent32.exe, IEDOM : Unable to get the document Window Handle
E, 2832, 13, 2012/11/13, 09:13:48.903, 7597631960941, QTAgent32.exe, IEDOM : Could not get valid window handle of Internet Explorer_server
W, 2832, 13, 2012/11/13, 09:13:48.903, 7597631962521, QTAgent32.exe, IEDOM : Unable to get the document Window Handle
E, 2832, 13, 2012/11/13, 09:13:50.915, 7597660767583, QTAgent32.exe, IEDOM : Could not get valid window handle of Internet Explorer_server
W, 2832, 13, 2012/11/13, 09:13:50.915, 7597660769396, QTAgent32.exe, IEDOM : Unable to get the document Window Handle
E, 2832, 13, 2012/11/13, 09:13:52.928, 7597689580844, QTAgent32.exe, IEDOM : Could not get valid window handle of Internet Explorer_server
W, 2832, 13, 2012/11/13, 09:13:52.928, 7597689582480, QTAgent32.exe, IEDOM : Unable to get the document Window Handle
E, 2832, 13, 2012/11/13, 09:13:54.940, 7597718395922, QTAgent32.exe, IEDOM : Could not get valid window handle of Internet Explorer_server
W, 2832, 13, 2012/11/13, 09:13:54.940, 7597718397678, QTAgent32.exe, IEDOM : Unable to get the document Window Handle
E, 2832, 13, 2012/11/13, 09:13:56.953, 7597747214155, QTAgent32.exe, IEDOM : Could not get valid window handle of Internet Explorer_server
W, 2832, 13, 2012/11/13, 09:13:56.953, 7597747215859, QTAgent32.exe, IEDOM : Unable to get the document Window Handle
E, 2832, 13, 2012/11/13, 09:13:58.965, 7597776022962, QTAgent32.exe, IEDOM : Could not get valid window handle of Internet Explorer_server
W, 2832, 13, 2012/11/13, 09:13:58.965, 7597776024612, QTAgent32.exe, IEDOM : Unable to get the document Window Handle
E, 2832, 13, 2012/11/13, 09:14:00.978, 7597804838159, QTAgent32.exe, IEDOM : Could not get valid window handle of Internet Explorer_server
W, 2832, 13, 2012/11/13, 09:14:00.978, 7597804839794, QTAgent32.exe, IEDOM : Unable to get the document Window Handle
E, 2832, 13, 2012/11/13, 09:14:02.990, 7597833652349, QTAgent32.exe, IEDOM : Could not get valid window handle of Internet Explorer_server
W, 2832, 13, 2012/11/13, 09:14:02.990, 7597833653985, QTAgent32.exe, IEDOM : Unable to get the document Window Handle
E, 2832, 13, 2012/11/13, 09:14:05.003, 7597862466119, QTAgent32.exe, IEDOM : Could not get valid window handle of Internet Explorer_server
W, 2832, 13, 2012/11/13, 09:14:05.003, 7597862467781, QTAgent32.exe, IEDOM : Unable to get the document Window Handle
E, 2832, 13, 2012/11/13, 09:14:07.015, 7597891287336, QTAgent32.exe, IEDOM : Could not get valid window handle of Internet Explorer_server
W, 2832, 13, 2012/11/13, 09:14:07.015, 7597891288951, QTAgent32.exe, IEDOM : Unable to get the document Window Handle
E, 2832, 13, 2012/11/13, 09:14:09.028, 7597920092918, QTAgent32.exe, IEDOM : Could not get valid window handle of Internet Explorer_server
W, 2832, 13, 2012/11/13, 09:14:09.028, 7597920094520, QTAgent32.exe, IEDOM : Unable to get the document Window Handle
E, 2832, 13, 2012/11/13, 09:14:11.041, 7597948908148, QTAgent32.exe, IEDOM : Could not get valid window handle of Internet Explorer_server
W, 2832, 13, 2012/11/13, 09:14:11.041, 7597948909843, QTAgent32.exe, IEDOM : Unable to get the document Window Handle
E, 2832, 13, 2012/11/13, 09:14:13.053, 7597977722581, QTAgent32.exe, IEDOM : Could not get valid window handle of Internet Explorer_server
W, 2832, 13, 2012/11/13, 09:14:13.053, 7597977724224, QTAgent32.exe, IEDOM : Unable to get the document Window Handle
E, 2832, 13, 2012/11/13, 09:14:15.066, 7598006537130, QTAgent32.exe, IEDOM : Could not get valid window handle of Internet Explorer_server
W, 2832, 13, 2012/11/13, 09:14:15.066, 7598006538834, QTAgent32.exe, IEDOM : Unable to get the document Window Handle
E, 2832, 13, 2012/11/13, 09:14:17.078, 7598035349167, QTAgent32.exe, IEDOM : Could not get valid window handle of Internet Explorer_server
W, 2832, 13, 2012/11/13, 09:14:17.078, 7598035350832, QTAgent32.exe, IEDOM : Unable to get the document Window Handle
E, 2832, 13, 2012/11/13, 09:14:19.091, 7598064164616, QTAgent32.exe, IEDOM : Could not get valid window handle of Internet Explorer_server
W, 2832, 13, 2012/11/13, 09:14:19.091, 7598064166374, QTAgent32.exe, IEDOM : Unable to get the document Window Handle
E, 2832, 13, 2012/11/13, 09:14:21.103, 7598092981308, QTAgent32.exe, IEDOM : Could not get valid window handle of Internet Explorer_server
W, 2832, 13, 2012/11/13, 09:14:21.103, 7598092983146, QTAgent32.exe, IEDOM : Unable to get the document Window Handle
E, 2832, 13, 2012/11/13, 09:14:23.116, 7598121797509, QTAgent32.exe, IEDOM : Could not get valid window handle of Internet Explorer_server
W, 2832, 13, 2012/11/13, 09:14:23.116, 7598121799109, QTAgent32.exe, IEDOM : Unable to get the document Window Handle
E, 2832, 13, 2012/11/13, 09:14:25.128, 7598150606419, QTAgent32.exe, IEDOM : Could not get valid window handle of Internet Explorer_server
W, 2832, 13, 2012/11/13, 09:14:25.128, 7598150608105, QTAgent32.exe, IEDOM : Unable to get the document Window Handle
E, 2832, 13, 2012/11/13, 09:14:27.141, 7598179418720, QTAgent32.exe, IEDOM : Could not get valid window handle of Internet Explorer_server
W, 2832, 13, 2012/11/13, 09:14:27.141, 7598179420359, QTAgent32.exe, IEDOM : Unable to get the document Window Handle
E, 2832, 13, 2012/11/13, 09:14:29.153, 7598208234051, QTAgent32.exe, IEDOM : Could not get valid window handle of Internet Explorer_server
W, 2832, 13, 2012/11/13, 09:14:29.153, 7598208235541, QTAgent32.exe, IEDOM : Unable to get the document Window Handle
E, 2832, 13, 2012/11/13, 09:14:31.166, 7598237046706, QTAgent32.exe, IEDOM : Could not get valid window handle of Internet Explorer_server
W, 2832, 13, 2012/11/13, 09:14:31.166, 7598237048764, QTAgent32.exe, IEDOM : Unable to get the document Window Handle
E, 2832, 13, 2012/11/13, 09:14:33.178, 7598265861393, QTAgent32.exe, IEDOM : Could not get valid window handle of Internet Explorer_server
W, 2832, 13, 2012/11/13, 09:14:33.178, 7598265863001, QTAgent32.exe, IEDOM : Unable to get the document Window Handle
E, 2832, 13, 2012/11/13, 09:14:35.191, 7598294674635, QTAgent32.exe, IEDOM : Could not get valid window handle of Internet Explorer_server
W, 2832, 13, 2012/11/13, 09:14:35.191, 7598294676315, QTAgent32.exe, IEDOM : Unable to get the document Window Handle
E, 2832, 13, 2012/11/13, 09:14:37.203, 7598323491076, QTAgent32.exe, IEDOM : Could not get valid window handle of Internet Explorer_server
W, 2832, 13, 2012/11/13, 09:14:37.203, 7598323492867, QTAgent32.exe, IEDOM : Unable to get the document Window Handle
E, 2832, 13, 2012/11/13, 09:14:39.216, 7598352303091, QTAgent32.exe, IEDOM : Could not get valid window handle of Internet Explorer_server
W, 2832, 13, 2012/11/13, 09:14:39.216, 7598352304663, QTAgent32.exe, IEDOM : Unable to get the document Window Handle
E, 2832, 13, 2012/11/13, 09:14:41.244, 7598381378297, QTAgent32.exe, IEDOM : Could not get valid window handle of Internet Explorer_server
W, 2832, 13, 2012/11/13, 09:14:41.244, 7598381380325, QTAgent32.exe, IEDOM : Unable to get the document Window Handle
W, 2832, 13, 2012/11/13, 09:14:41.649, 7598387147214, QTAgent32.exe, &lt;a class=success&gt;Playback - {95} [SUCCESS] MouseButtonClick - "[MSAA, VisibleOnly]ControlType='Edit' &amp;&amp; Name='User name'"
\0&lt;/a&gt;
W, 2832, 13, 2012/11/13, 09:14:42.133, 7598394071277, QTAgent32.exe, &lt;a class=success&gt;Playback - {96} [SUCCESS] SendKeys "Bus sys" - "[MSAA, VisibleOnly,Window]ControlType='Window' &amp;&amp; AccessibleName='User name' &amp;&amp; ClassName='Edit'"
\0&lt;/a&gt;
W, 2832, 13, 2012/11/13, 09:14:42.570, 7598400327132, QTAgent32.exe, &lt;a class=success&gt;Playback - {97} [SUCCESS] MouseButtonClick - "[MSAA, VisibleOnly]ControlType='Edit' &amp;&amp; Name='Password'"
\0&lt;/a&gt;
W, 2832, 13, 2012/11/13, 09:14:42.804, 7598403796631, QTAgent32.exe, Playback - [WARNING] Internal warning: Element that has the focus is different from the target element. Expected Element: Name = "Password", ControlTypeName = "Edit", Element In Focus: Name = "Password", ControlTypeName = "Window"&gt;. 
\0
W, 2832, 13, 2012/11/13, 09:14:43.100, 7598407915835, QTAgent32.exe, &lt;a class=success&gt;Playback - {98} [SUCCESS] SendKeys "[*]" - "[MSAA, VisibleOnly]ControlType='Edit' &amp;&amp; Name='Password'"
\0&lt;/a&gt;
W, 2832, 13, 2012/11/13, 09:14:43.631, 7598415529152, QTAgent32.exe, &lt;a class=success&gt;Playback - {99} [SUCCESS] MouseButtonClick - "[MSAA, VisibleOnly]ControlType='Button' &amp;&amp; Name='OK'"
\0&lt;/a&gt;
W, 2832, 13, 2012/11/13, 09:14:44.021, 7598421164614, QTAgent32.exe, Playback - [WARNING] Internal warning: Window Not Found: ControlType='Window' &amp;&amp; Name='insurE-com System Maintenance - Microsoft Internet Explorer provided by Insurecom' &amp;&amp; ClassName='IEFrame'
\0
E, 2832, 13, 2012/11/13, 09:14:44.021, 7598421167363, QTAgent32.exe, &lt;a class=failure&gt;Playback - {100} [FAILED] Function ElementFetcher::FindScreenElement failed to locate UI element (Searching: ;ControlType='Window' &amp;&amp; Name='insurE-com System Maintenance - Microsoft Internet Explorer provided by Insurecom' &amp;&amp; ClassName='IEFrame') (The object specified was not found.)
\0&lt;/a&gt;
E, 2832, 13, 2012/11/13, 09:14:44.114, 7598422428023, QTAgent32.exe, Playback - [IMAGE] C:\Users\peter.zenin-ad\AppData\Local\Temp\UITestLogs\LastRun\RPF347E.png
\0
W, 2832, 13, 2012/11/13, 09:14:44.114, 7598422430618, QTAgent32.exe, Playback - [WARNING] Internal warning: Couldn't find descendants that match QueryId
\0
W, 2832, 13, 2012/11/13, 09:14:47.001, 7598463911333, QTAgent32.exe, PERF WARNING: FindTopLevelWindowHelper::FindAllDescendents: took 2896 ms. Expected it to take maximum 500 ms.
W, 2832, 13, 2012/11/13, 09:14:48.779, 7598489312052, QTAgent32.exe, &lt;a class=success&gt;Playback - {101} [SUCCESS] MouseButtonClick - "[Web]ControlType='Hyperlink' &amp;&amp; TagName='A' &amp;&amp; Id='' &amp;&amp; Name='' &amp;&amp; Target='' &amp;&amp; InnerText='Renewals Maintenance' &amp;&amp; FilterCondition(AbsolutePath='/sysmaint/content/leftbar.asp', Title='', Href='https://www.insur-econnect.com/sysmaint/content/leftbar.asp#', Class='', ControlDefinition='style="COLOR: white" href="#"', TagInstance='39')"
\0&lt;/a&gt;
W, 2832, 13, 2012/11/13, 09:14:49.154, 7598494644778, QTAgent32.exe, &lt;a class=success&gt;Playback - {102} [SUCCESS] MouseButtonClick - "[Web]ControlType='Hyperlink' &amp;&amp; TagName='A' &amp;&amp; Id='' &amp;&amp; Name='' &amp;&amp; Target='content' &amp;&amp; InnerText='Create a Motor Test Renewal Invitation' &amp;&amp; FilterCondition(AbsolutePath='/sysmaint/content/AddTestRenewalNotice.asp', Title='', Href='https://www.insur-econnect.com/sysmaint/content/AddTestRenewalNotice.asp', Class='itemlink', ControlDefinition='class=itemlink href="AddTestRenewalNotic', TagInstance='1')"
\0&lt;/a&gt;
E, 2832, 13, 2012/11/13, 09:14:50.963, 7598520630176, QTAgent32.exe, Exception: System.NotSupportedException
	Message: Internal Error: This method on IEWebControlElement should not get called.
	Stack Trace:    at Microsoft.VisualStudio.TestTools.UITest.Extension.IE.BrowserOptionElementNode.InvokeProgrammaticAction(ProgrammaticActionOption programmaticActionOption)
	BaseExceptionMessage: Internal Error: This method on IEWebControlElement should not get called.

W, 2832, 13, 2012/11/13, 09:14:51.182, 7598523661098, QTAgent32.exe, &lt;a class=success&gt;Playback - {103} [SUCCESS] SetValueAsComboBox "Highway Insurance" - "[Web]ControlType='ComboBox' &amp;&amp; TagName='SELECT' &amp;&amp; Id='InsurerID' &amp;&amp; Name='InsurerID' &amp;&amp; FilterCondition(Size='0', LabeledBy='', Title='', ItemCount='54', Class='', ControlDefinition='id=InsurerID onchange=selectInsurer() na', TagInstance='1')"  &lt; SetValueAsComboBox, set by clicking on the item in the list box &gt;
\0&lt;/a&gt;
W, 2832, 13, 2012/11/13, 09:14:51.962, 7598534884099, QTAgent32.exe, &lt;a class=success&gt;Playback - {104} [SUCCESS] SetValueAsEditBox "7071000918" - "[Web]ControlType='Edit' &amp;&amp; TagName='INPUT' &amp;&amp; Id='' &amp;&amp; Name='txtPolicyNumber' &amp;&amp; LabeledBy='' &amp;&amp; Type='SINGLELINE' &amp;&amp; FilterCondition(Title='', Class='', ControlDefinition='name=txtPolicyNumber align=left size=15', TagInstance='1')"  &lt; Set via SendKeys &gt;
\0&lt;/a&gt;
W, 2832, 13, 2012/11/13, 09:14:52.477, 7598542185274, QTAgent32.exe, &lt;a class=success&gt;Playback - {105} [SUCCESS] SetValueAsEditBox "20/11/2012" - "[Web]ControlType='Edit' &amp;&amp; TagName='INPUT' &amp;&amp; Id='' &amp;&amp; Name='txtAutoLapseDate' &amp;&amp; LabeledBy='' &amp;&amp; Type='SINGLELINE' &amp;&amp; FilterCondition(Title='', Class='', ControlDefinition='name=txtAutoLapseDate maxLength=10 value', TagInstance='8')"  &lt; Set via SendKeys &gt;
\0&lt;/a&gt;
W, 2832, 13, 2012/11/13, 09:14:52.976, 7598549355740, QTAgent32.exe, &lt;a class=success&gt;Playback - {106} [SUCCESS] MouseButtonClick - "[Web]ControlType='Button' &amp;&amp; TagName='INPUT' &amp;&amp; Id='buttonCreate' &amp;&amp; Name='buttonCreate' &amp;&amp; FilterCondition(DisplayText='  Create Record  ', Type='button', Title='Click to create the new record', Class='', ControlDefinition='id=buttonCreate title="Click to create t', TagInstance='10')"
\0&lt;/a&gt;
W, 2832, 13, 2012/11/13, 09:14:53.366, 7598554921322, QTAgent32.exe, &lt;a class=success&gt;Playback - {107} [SUCCESS] MouseButtonClick - "[MSAA, VisibleOnly]ControlType='Button' &amp;&amp; Name='OK'"
\0&lt;/a&gt;
W, 2832, 13, 2012/11/13, 09:14:53.849, 7598561863364, QTAgent32.exe, &lt;a class=success&gt;Playback - {108} [SUCCESS] MouseButtonClick - "[MSAA, VisibleOnly]ControlType='Button' &amp;&amp; Name='Close'"
\0&lt;/a&gt;
W, 2832, 13, 2012/11/13, 09:14:54.224, 7598567176193, QTAgent32.exe, &lt;a class=success&gt;Playback - {109} [SUCCESS] SendKeys "^{HOME}" - "[MSAA, VisibleOnly]ControlType='Edit'"
\0&lt;/a&gt;
E, 2832, 13, 2012/11/13, 09:14:54.224, 7598567178628, QTAgent32.exe, Msaa.GetFocusedElement: could not find accessible object of foreground window
W, 2832, 13, 2012/11/13, 09:14:54.302, 7598568290185, QTAgent32.exe, &lt;a class=success&gt;Playback - {110} [SUCCESS] SendKeys "^+{END}" - "[MSAA, VisibleOnly]ControlType='Edit'"
\0&lt;/a&gt;
E, 2832, 13, 2012/11/13, 09:14:54.302, 7598568292464, QTAgent32.exe, Msaa.GetFocusedElement: could not find accessible object of foreground window
W, 2832, 13, 2012/11/13, 09:14:54.317, 7598568512136, QTAgent32.exe, &lt;a class=success&gt;Playback - {111} [SUCCESS] SendKeys "{DELETE}" - "[MSAA, VisibleOnly]ControlType='Edit'"
\0&lt;/a&gt;
W, 2832, 13, 2012/11/13, 09:14:54.676, 7598573652944, QTAgent32.exe, &lt;a class=success&gt;Playback - {112} [SUCCESS] SetValueAsEditBox "20/11/2011" - "[MSAA, VisibleOnly]ControlType='Edit'"  &lt; Set via SendKeys &gt;
\0&lt;/a&gt;
W, 2832, 13, 2012/11/13, 09:14:55.191, 7598581233278, QTAgent32.exe, &lt;a class=success&gt;Playback - {113} [SUCCESS] MouseButtonClick - "[MSAA, VisibleOnly]ControlType='Button' &amp;&amp; Name='OK'"
\0&lt;/a&gt;
W, 2832, 13, 2012/11/13, 09:14:55.737, 7598588868794, QTAgent32.exe, &lt;a class=success&gt;Playback - {114} [SUCCESS] MouseButtonClick - "[MSAA, VisibleOnly]ControlType='Client'"
\0&lt;/a&gt;
W, 2832, 13, 2012/11/13, 09:14:56.642, 7598601799579, QTAgent32.exe, &lt;a class=success&gt;Playback - {115} [SUCCESS] SetValueAsEditBox "AUTO174" - "[MSAA, VisibleOnly]ControlType='Edit'"  &lt; Set via SendKeys &gt;
\0&lt;/a&gt;
W, 2832, 13, 2012/11/13, 09:14:56.954, 7598606266221, QTAgent32.exe, &lt;a class=success&gt;Playback - {116} [SUCCESS] SetValueAsEditBox "-1001" - "[MSAA, VisibleOnly]ControlType='Edit'"  &lt; Set via SendKeys &gt;
\0&lt;/a&gt;
W, 2832, 13, 2012/11/13, 09:14:57.157, 7598609165485, QTAgent32.exe, &lt;a class=success&gt;Playback - {117} [SUCCESS] SendKeys "^{HOME}" - "[MSAA, VisibleOnly]ControlType='Edit'"
\0&lt;/a&gt;
E, 2832, 13, 2012/11/13, 09:14:57.157, 7598609168656, QTAgent32.exe, Msaa.GetFocusedElement: could not find accessible object of foreground window
W, 2832, 13, 2012/11/13, 09:14:57.235, 7598610281558, QTAgent32.exe, &lt;a class=success&gt;Playback - {118} [SUCCESS] SendKeys "^+{END}" - "[MSAA, VisibleOnly]ControlType='Edit'"
\0&lt;/a&gt;
E, 2832, 13, 2012/11/13, 09:14:57.235, 7598610284380, QTAgent32.exe, Msaa.GetFocusedElement: could not find accessible object of foreground window
W, 2832, 13, 2012/11/13, 09:14:57.250, 7598610507730, QTAgent32.exe, &lt;a class=success&gt;Playback - {119} [SUCCESS] SendKeys "{DELETE}" - "[MSAA, VisibleOnly]ControlType='Edit'"
\0&lt;/a&gt;
W, 2832, 13, 2012/11/13, 09:14:57.578, 7598615200058, QTAgent32.exe, &lt;a class=success&gt;Playback - {120} [SUCCESS] SetValueAsEditBox "20/11/2011" - "[MSAA, VisibleOnly]ControlType='Edit'"  &lt; Set via SendKeys &gt;
\0&lt;/a&gt;
W, 2832, 13, 2012/11/13, 09:14:58.202, 7598624168058, QTAgent32.exe, &lt;a class=success&gt;Playback - {121} [SUCCESS] MouseButtonClick - "[MSAA, VisibleOnly]ControlType='Button' &amp;&amp; Name='Regress'"
\0&lt;/a&gt;
W, 2832, 13, 2012/11/13, 09:15:00.651, 7598659196494, QTAgent32.exe, &lt;a class=success&gt;Playback - {122} [SUCCESS] MouseButtonClick - "[MSAA, VisibleOnly]ControlType='Button' &amp;&amp; Name='Exit'"
\0&lt;/a&gt;
W, 2832, 13, 2012/11/13, 09:15:01.135, 7598666161493, QTAgent32.exe, &lt;a class=success&gt;Playback - {123} [SUCCESS] MouseButtonClick - "[MSAA, VisibleOnly]ControlType='Button'"
\0&lt;/a&gt;
W, 2832, 13, 2012/11/13, 09:15:01.587, 7598672667973, QTAgent32.exe, &lt;a class=success&gt;Playback - {124} [SUCCESS] MouseButtonClick - "[MSAA, VisibleOnly]ControlType='Button' &amp;&amp; Name='Options'"
\0&lt;/a&gt;
W, 2832, 13, 2012/11/13, 09:15:01.728, 7598674663278, QTAgent32.exe, FindScreenElementInSinglePass : Attempting to find control in one pass of search. Failures can occur.
W, 2832, 13, 2012/11/13, 09:15:01.977, 7598678267435, QTAgent32.exe, &lt;a class=success&gt;Playback - {125} [SUCCESS] MouseButtonClick - "[MSAA]ControlType='MenuItem' &amp;&amp; Name='Links'"
\0&lt;/a&gt;
W, 2832, 13, 2012/11/13, 09:15:02.087, 7598679750795, QTAgent32.exe, FindScreenElementInSinglePass : Attempting to find control in one pass of search. Failures can occur.
W, 2832, 13, 2012/11/13, 09:15:02.258, 7598682207794, QTAgent32.exe, &lt;a class=success&gt;Playback - {126} [SUCCESS] MouseButtonClick - "[MSAA]ControlType='MenuItem' &amp;&amp; Name='3rd Party Integration'"
\0&lt;/a&gt;
W, 2832, 13, 2012/11/13, 09:15:02.367, 7598683772900, QTAgent32.exe, FindScreenElementInSinglePass : Attempting to find control in one pass of search. Failures can occur.
W, 2832, 13, 2012/11/13, 09:15:02.555, 7598686477597, QTAgent32.exe, &lt;a class=success&gt;Playback - {127} [SUCCESS] MouseButtonClick - "[MSAA]ControlType='MenuItem' &amp;&amp; Name='Renewals Loader'"
\0&lt;/a&gt;
W, 2832, 13, 2012/11/13, 09:15:03.132, 7598694716462, QTAgent32.exe, &lt;a class=success&gt;Playback - {128} [SUCCESS] MouseButtonClick - "[MSAA, VisibleOnly]ControlType='TitleBar'"
\0&lt;/a&gt;
W, 2832, 13, 2012/11/13, 09:15:03.350, 7598697839155, QTAgent32.exe, &lt;a class=success&gt;Playback - {129} [SUCCESS] SendKeys "^{HOME}" - "[MSAA, VisibleOnly]ControlType='Edit'"
\0&lt;/a&gt;
E, 2832, 13, 2012/11/13, 09:15:03.350, 7598697841996, QTAgent32.exe, Msaa.GetFocusedElement: could not find accessible object of foreground window
W, 2832, 13, 2012/11/13, 09:15:03.428, 7598698958645, QTAgent32.exe, &lt;a class=success&gt;Playback - {130} [SUCCESS] SendKeys "^+{END}" - "[MSAA, VisibleOnly]ControlType='Edit'"
\0&lt;/a&gt;
E, 2832, 13, 2012/11/13, 09:15:03.428, 7598698961542, QTAgent32.exe, Msaa.GetFocusedElement: could not find accessible object of foreground window
W, 2832, 13, 2012/11/13, 09:15:03.444, 7598699181177, QTAgent32.exe, &lt;a class=success&gt;Playback - {131} [SUCCESS] SendKeys "{DELETE}" - "[MSAA, VisibleOnly]ControlType='Edit'"
\0&lt;/a&gt;
W, 2832, 13, 2012/11/13, 09:15:03.787, 7598704099700, QTAgent32.exe, &lt;a class=success&gt;Playback - {132} [SUCCESS] SetValueAsEditBox "13/10/2012" - "[MSAA, VisibleOnly]ControlType='Edit'"  &lt; Set via SendKeys &gt;
\0&lt;/a&gt;
W, 2832, 13, 2012/11/13, 09:15:04.474, 7598713945161, QTAgent32.exe, &lt;a class=success&gt;Playback - {133} [SUCCESS] MouseButtonClick - "[MSAA, VisibleOnly]ControlType='Button' &amp;&amp; Name='Run'"
\0&lt;/a&gt;
W, 2832, 13, 2012/11/13, 09:15:05.488, 7598728456975, QTAgent32.exe, PERF WARNING: FindTopLevelWindowHelper::FindAllDescendents: took 904 ms. Expected it to take maximum 500 ms.
W, 2832, 13, 2012/11/13, 09:15:06.065, 7598736834810, QTAgent32.exe, &lt;a class=success&gt;Playback - {134} [SUCCESS] MouseButtonClick - "[MSAA, VisibleOnly]ControlType='Button' &amp;&amp; Name='Close'"
\0&lt;/a&gt;
W, 2832, 13, 2012/11/13, 09:15:06.502, 7598742963707, QTAgent32.exe, &lt;a class=success&gt;Playback - {135} [SUCCESS] MouseButtonClick - "[MSAA, VisibleOnly]ControlType='TitleBar'"
\0&lt;/a&gt;
W, 2832, 13, 2012/11/13, 09:15:06.892, 7598748576071, QTAgent32.exe, &lt;a class=success&gt;Playback - {136} [SUCCESS] MouseButtonClick - "[MSAA, VisibleOnly]ControlType='Button' &amp;&amp; Name='Close'"
\0&lt;/a&gt;
W, 2832, 13, 2012/11/13, 09:15:07.266, 7598753966181, QTAgent32.exe, &lt;a class=success&gt;Playback - {137} [SUCCESS] MouseButtonClick - "[MSAA, VisibleOnly]ControlType='Button' &amp;&amp; Name='Options'"
\0&lt;/a&gt;
W, 2832, 13, 2012/11/13, 09:15:07.375, 7598755473763, QTAgent32.exe, FindScreenElementInSinglePass : Attempting to find control in one pass of search. Failures can occur.
W, 2832, 13, 2012/11/13, 09:15:07.547, 7598757924377, QTAgent32.exe, &lt;a class=success&gt;Playback - {138} [SUCCESS] MouseButtonClick - "[MSAA]ControlType='MenuItem' &amp;&amp; Name='Links'"
\0&lt;/a&gt;
W, 2832, 13, 2012/11/13, 09:15:07.656, 7598759492890, QTAgent32.exe, FindScreenElementInSinglePass : Attempting to find control in one pass of search. Failures can occur.
W, 2832, 13, 2012/11/13, 09:15:07.828, 7598761945905, QTAgent32.exe, &lt;a class=success&gt;Playback - {139} [SUCCESS] MouseButtonClick - "[MSAA]ControlType='MenuItem' &amp;&amp; Name='3rd Party Integration'"
\0&lt;/a&gt;
W, 2832, 13, 2012/11/13, 09:15:07.937, 7598763514074, QTAgent32.exe, FindScreenElementInSinglePass : Attempting to find control in one pass of search. Failures can occur.
W, 2832, 13, 2012/11/13, 09:15:08.124, 7598766221101, QTAgent32.exe, &lt;a class=success&gt;Playback - {140} [SUCCESS] MouseButtonClick - "[MSAA]ControlType='MenuItem' &amp;&amp; Name='Renewals Module'"
\0&lt;/a&gt;
W, 2832, 13, 2012/11/13, 09:15:08.577, 7598772668639, QTAgent32.exe, &lt;a class=success&gt;Playback - {141} [SUCCESS] SetValueAsEditBox "1" - "[MSAA, VisibleOnly]ControlType='Edit'"  &lt; Set via SendKeys &gt;
\0&lt;/a&gt;
W, 2832, 13, 2012/11/13, 09:15:09.060, 7598779616885, QTAgent32.exe, &lt;a class=success&gt;Playback - {142} [SUCCESS] MouseButtonClick - "[MSAA, VisibleOnly]ControlType='Button' &amp;&amp; Name='Ok'"
\0&lt;/a&gt;
W, 2832, 13, 2012/11/13, 09:15:09.450, 7598785197741, QTAgent32.exe, Playback - [WARNING] Internal warning: Window Not Found: [VisibleOnly]ControlType='Window' &amp;&amp; Name='insur-E.tam' &amp;&amp; ClassName='#32770'
\0
E, 2832, 13, 2012/11/13, 09:15:09.450, 7598785200458, QTAgent32.exe, &lt;a class=failure&gt;Playback - {143} [FAILED] Function ElementFetcher::FindScreenElement failed to locate UI element (Searching: ;[VisibleOnly]ControlType='Window' &amp;&amp; Name='insur-E.tam' &amp;&amp; ClassName='#32770') (The object specified was not found.)
\0&lt;/a&gt;
E, 2832, 13, 2012/11/13, 09:15:09.544, 7598786542981, QTAgent32.exe, Playback - [IMAGE] C:\Users\peter.zenin-ad\AppData\Local\Temp\UITestLogs\LastRun\RPF97D3.png
\0
W, 2832, 13, 2012/11/13, 09:15:09.544, 7598786545063, QTAgent32.exe, Playback - [WARNING] Internal warning: Couldn't find descendants that match QueryId
\0
</DebugTrace>
        <ErrorInfo>
          <Message>User aborted test run.</Message>
        </ErrorInfo>
      </Output>
    </UnitTestResult>
  </Results>
</TestRun>