<?xml version="1.0" encoding="UTF-8"?>
<TestRun id="b3c59abb-f896-4525-9caa-fd8e7e0a8b2d" name="peter.zenin-ad@ICLVDEVAP01 2012-11-05 07:32:20" runUser="INSUR-E\peter.zenin-ad" xmlns="http://microsoft.com/schemas/VisualStudio/TeamTest/2010">
  <TestSettings name="Default Test Settings" id="6ff83b7b-e829-46d0-91d3-9b7e6a3ae161">
    <Execution>
      <TestTypeSpecific />
      <AgentRule name="Execution Agents">
      </AgentRule>
    </Execution>
    <Deployment runDeploymentRoot="peter.zenin-ad_ICLVDEVAP01 2012-11-05 07_32_20" />
  </TestSettings>
  <Times creation="2012-11-05T07:32:20.2012648+00:00" queuing="2012-11-05T07:32:22.1203477+00:00" start="2012-11-05T07:32:22.3075753+00:00" finish="2012-11-05T07:35:03.0424699+00:00" />
  <ResultSummary outcome="Failed">
    <Counters total="12" executed="12" error="0" failed="12" timeout="0" aborted="0" inconclusive="0" passedButRunAborted="0" notRunnable="0" notExecuted="0" disconnected="0" warning="0" passed="0" completed="0" inProgress="0" pending="0" />
  </ResultSummary>
  <TestDefinitions>
    <UnitTest name="MotoTest11" storage="testproject7.dll" id="0f4d10f2-7035-3d68-762a-b62c4853fb8a">
      <Execution id="70118ab7-a5d6-444d-a913-a611654aec9a" />
      <TestMethod codeBase="C:/TestProject7/TestProject7/bin/Debug/TestProject7.dll" adapterTypeName="Microsoft.VisualStudio.TestTools.TestTypes.Unit.UnitTestAdapter, Microsoft.VisualStudio.QualityTools.Tips.UnitTest.Adapter, Version=10.0.0.0, Culture=neutral, PublicKeyToken=b03f5f7f11d50a3a" className="TestProject7.TamAutotest, TestProject7, Version=1.0.0.0, Culture=neutral, PublicKeyToken=null" name="MotoTest11" />
      <Extension>Microsoft.VisualStudio.TestTools.UITesting.CodedUITestAttribute, Microsoft.VisualStudio.QualityTools.CodedUITestFramework, Version=10.0.0.0, Culture=neutral, PublicKeyToken=b03f5f7f11d50a3a</Extension>
    </UnitTest>
    <UnitTest name="MotoTest8" storage="testproject7.dll" id="07cf762e-0596-8be3-6b38-ed80b9a02463">
      <Execution id="118de913-d998-4878-b7c5-af4567ddd123" />
      <TestMethod codeBase="C:/TestProject7/TestProject7/bin/Debug/TestProject7.dll" adapterTypeName="Microsoft.VisualStudio.TestTools.TestTypes.Unit.UnitTestAdapter, Microsoft.VisualStudio.QualityTools.Tips.UnitTest.Adapter, Version=10.0.0.0, Culture=neutral, PublicKeyToken=b03f5f7f11d50a3a" className="TestProject7.TamAutotest, TestProject7, Version=1.0.0.0, Culture=neutral, PublicKeyToken=null" name="MotoTest8" />
      <Extension>Microsoft.VisualStudio.TestTools.UITesting.CodedUITestAttribute, Microsoft.VisualStudio.QualityTools.CodedUITestFramework, Version=10.0.0.0, Culture=neutral, PublicKeyToken=b03f5f7f11d50a3a</Extension>
    </UnitTest>
    <UnitTest name="MotoTest3" storage="testproject7.dll" id="450e4b2d-ad88-da3f-6d50-5c9a0ae1aa51">
      <Execution id="48303a09-5bd0-4c00-b638-eb1af6be2c68" />
      <TestMethod codeBase="C:/TestProject7/TestProject7/bin/Debug/TestProject7.dll" adapterTypeName="Microsoft.VisualStudio.TestTools.TestTypes.Unit.UnitTestAdapter, Microsoft.VisualStudio.QualityTools.Tips.UnitTest.Adapter, Version=10.0.0.0, Culture=neutral, PublicKeyToken=b03f5f7f11d50a3a" className="TestProject7.TamAutotest, TestProject7, Version=1.0.0.0, Culture=neutral, PublicKeyToken=null" name="MotoTest3" />
      <Extension>Microsoft.VisualStudio.TestTools.UITesting.CodedUITestAttribute, Microsoft.VisualStudio.QualityTools.CodedUITestFramework, Version=10.0.0.0, Culture=neutral, PublicKeyToken=b03f5f7f11d50a3a</Extension>
    </UnitTest>
    <UnitTest name="MotoTest7" storage="testproject7.dll" id="e022376f-b2fb-4981-6140-b019eeaa6c94">
      <Execution id="19589dc5-84e8-48bc-bf7d-0db801c23df8" />
      <TestMethod codeBase="C:/TestProject7/TestProject7/bin/Debug/TestProject7.dll" adapterTypeName="Microsoft.VisualStudio.TestTools.TestTypes.Unit.UnitTestAdapter, Microsoft.VisualStudio.QualityTools.Tips.UnitTest.Adapter, Version=10.0.0.0, Culture=neutral, PublicKeyToken=b03f5f7f11d50a3a" className="TestProject7.TamAutotest, TestProject7, Version=1.0.0.0, Culture=neutral, PublicKeyToken=null" name="MotoTest7" />
      <Extension>Microsoft.VisualStudio.TestTools.UITesting.CodedUITestAttribute, Microsoft.VisualStudio.QualityTools.CodedUITestFramework, Version=10.0.0.0, Culture=neutral, PublicKeyToken=b03f5f7f11d50a3a</Extension>
    </UnitTest>
    <UnitTest name="MotoTest12" storage="testproject7.dll" id="614f56be-e9c0-f1e7-ad65-1f0b7d6a0f1c">
      <Execution id="c592394a-d7e7-41db-870a-19dd54684a20" />
      <TestMethod codeBase="C:/TestProject7/TestProject7/bin/Debug/TestProject7.dll" adapterTypeName="Microsoft.VisualStudio.TestTools.TestTypes.Unit.UnitTestAdapter, Microsoft.VisualStudio.QualityTools.Tips.UnitTest.Adapter, Version=10.0.0.0, Culture=neutral, PublicKeyToken=b03f5f7f11d50a3a" className="TestProject7.TamAutotest, TestProject7, Version=1.0.0.0, Culture=neutral, PublicKeyToken=null" name="MotoTest12" />
      <Extension>Microsoft.VisualStudio.TestTools.UITesting.CodedUITestAttribute, Microsoft.VisualStudio.QualityTools.CodedUITestFramework, Version=10.0.0.0, Culture=neutral, PublicKeyToken=b03f5f7f11d50a3a</Extension>
    </UnitTest>
    <UnitTest name="MotoTest5" storage="testproject7.dll" id="10042bab-44aa-7cea-8ac0-06cc3b3adbb3">
      <Execution id="166015f0-a480-472b-b0e4-fe9c15c82533" />
      <TestMethod codeBase="C:/TestProject7/TestProject7/bin/Debug/TestProject7.dll" adapterTypeName="Microsoft.VisualStudio.TestTools.TestTypes.Unit.UnitTestAdapter, Microsoft.VisualStudio.QualityTools.Tips.UnitTest.Adapter, Version=10.0.0.0, Culture=neutral, PublicKeyToken=b03f5f7f11d50a3a" className="TestProject7.TamAutotest, TestProject7, Version=1.0.0.0, Culture=neutral, PublicKeyToken=null" name="MotoTest5" />
      <Extension>Microsoft.VisualStudio.TestTools.UITesting.CodedUITestAttribute, Microsoft.VisualStudio.QualityTools.CodedUITestFramework, Version=10.0.0.0, Culture=neutral, PublicKeyToken=b03f5f7f11d50a3a</Extension>
    </UnitTest>
    <UnitTest name="MotoTest4" storage="testproject7.dll" id="4e743fde-a814-86c0-27fd-8728ac2cb692">
      <Execution id="51f1b1c3-26df-4f09-936d-4d32a4d5f8a5" />
      <TestMethod codeBase="C:/TestProject7/TestProject7/bin/Debug/TestProject7.dll" adapterTypeName="Microsoft.VisualStudio.TestTools.TestTypes.Unit.UnitTestAdapter, Microsoft.VisualStudio.QualityTools.Tips.UnitTest.Adapter, Version=10.0.0.0, Culture=neutral, PublicKeyToken=b03f5f7f11d50a3a" className="TestProject7.TamAutotest, TestProject7, Version=1.0.0.0, Culture=neutral, PublicKeyToken=null" name="MotoTest4" />
      <Extension>Microsoft.VisualStudio.TestTools.UITesting.CodedUITestAttribute, Microsoft.VisualStudio.QualityTools.CodedUITestFramework, Version=10.0.0.0, Culture=neutral, PublicKeyToken=b03f5f7f11d50a3a</Extension>
    </UnitTest>
    <UnitTest name="MotoTest2" storage="testproject7.dll" id="6a41f98c-60c7-3333-a5a3-d5d87b5c35c7">
      <Execution id="934f3e99-01af-4f86-a05f-42776da555e4" />
      <TestMethod codeBase="C:/TestProject7/TestProject7/bin/Debug/TestProject7.dll" adapterTypeName="Microsoft.VisualStudio.TestTools.TestTypes.Unit.UnitTestAdapter, Microsoft.VisualStudio.QualityTools.Tips.UnitTest.Adapter, Version=10.0.0.0, Culture=neutral, PublicKeyToken=b03f5f7f11d50a3a" className="TestProject7.TamAutotest, TestProject7, Version=1.0.0.0, Culture=neutral, PublicKeyToken=null" name="MotoTest2" />
      <Extension>Microsoft.VisualStudio.TestTools.UITesting.CodedUITestAttribute, Microsoft.VisualStudio.QualityTools.CodedUITestFramework, Version=10.0.0.0, Culture=neutral, PublicKeyToken=b03f5f7f11d50a3a</Extension>
    </UnitTest>
    <UnitTest name="MotoTest6" storage="testproject7.dll" id="b7f68495-37f9-58f0-5c9b-6e190b9adaa8">
      <Execution id="b49cfaa8-aa8d-4a4a-8684-c8043480c372" />
      <TestMethod codeBase="C:/TestProject7/TestProject7/bin/Debug/TestProject7.dll" adapterTypeName="Microsoft.VisualStudio.TestTools.TestTypes.Unit.UnitTestAdapter, Microsoft.VisualStudio.QualityTools.Tips.UnitTest.Adapter, Version=10.0.0.0, Culture=neutral, PublicKeyToken=b03f5f7f11d50a3a" className="TestProject7.TamAutotest, TestProject7, Version=1.0.0.0, Culture=neutral, PublicKeyToken=null" name="MotoTest6" />
      <Extension>Microsoft.VisualStudio.TestTools.UITesting.CodedUITestAttribute, Microsoft.VisualStudio.QualityTools.CodedUITestFramework, Version=10.0.0.0, Culture=neutral, PublicKeyToken=b03f5f7f11d50a3a</Extension>
    </UnitTest>
    <UnitTest name="MotoTest10" storage="testproject7.dll" id="8efed318-945d-2a9d-e29d-a71a05da5660">
      <Execution id="a48bc6e3-6041-4b37-a02e-96ba8340a17f" />
      <TestMethod codeBase="C:/TestProject7/TestProject7/bin/Debug/TestProject7.dll" adapterTypeName="Microsoft.VisualStudio.TestTools.TestTypes.Unit.UnitTestAdapter, Microsoft.VisualStudio.QualityTools.Tips.UnitTest.Adapter, Version=10.0.0.0, Culture=neutral, PublicKeyToken=b03f5f7f11d50a3a" className="TestProject7.TamAutotest, TestProject7, Version=1.0.0.0, Culture=neutral, PublicKeyToken=null" name="MotoTest10" />
      <Extension>Microsoft.VisualStudio.TestTools.UITesting.CodedUITestAttribute, Microsoft.VisualStudio.QualityTools.CodedUITestFramework, Version=10.0.0.0, Culture=neutral, PublicKeyToken=b03f5f7f11d50a3a</Extension>
    </UnitTest>
    <UnitTest name="MotoTest1" storage="testproject7.dll" id="9e6b6d54-b79f-e7d9-2609-a84c350c12a1">
      <Execution id="d38ea4ed-0411-46ed-bfaa-2a4048a3c401" />
      <TestMethod codeBase="C:/TestProject7/TestProject7/bin/Debug/TestProject7.dll" adapterTypeName="Microsoft.VisualStudio.TestTools.TestTypes.Unit.UnitTestAdapter, Microsoft.VisualStudio.QualityTools.Tips.UnitTest.Adapter, Version=10.0.0.0, Culture=neutral, PublicKeyToken=b03f5f7f11d50a3a" className="TestProject7.TamAutotest, TestProject7, Version=1.0.0.0, Culture=neutral, PublicKeyToken=null" name="MotoTest1" />
      <Extension>Microsoft.VisualStudio.TestTools.UITesting.CodedUITestAttribute, Microsoft.VisualStudio.QualityTools.CodedUITestFramework, Version=10.0.0.0, Culture=neutral, PublicKeyToken=b03f5f7f11d50a3a</Extension>
    </UnitTest>
    <UnitTest name="MotoTest9" storage="testproject7.dll" id="1820a643-3d71-abad-9636-2b810c74ae19">
      <Execution id="8b54056e-540b-439a-bad3-054297757beb" />
      <TestMethod codeBase="C:/TestProject7/TestProject7/bin/Debug/TestProject7.dll" adapterTypeName="Microsoft.VisualStudio.TestTools.TestTypes.Unit.UnitTestAdapter, Microsoft.VisualStudio.QualityTools.Tips.UnitTest.Adapter, Version=10.0.0.0, Culture=neutral, PublicKeyToken=b03f5f7f11d50a3a" className="TestProject7.TamAutotest, TestProject7, Version=1.0.0.0, Culture=neutral, PublicKeyToken=null" name="MotoTest9" />
      <Extension>Microsoft.VisualStudio.TestTools.UITesting.CodedUITestAttribute, Microsoft.VisualStudio.QualityTools.CodedUITestFramework, Version=10.0.0.0, Culture=neutral, PublicKeyToken=b03f5f7f11d50a3a</Extension>
    </UnitTest>
  </TestDefinitions>
  <TestLists>
    <TestList name="Results Not in a List" id="8c84fa94-04c1-424b-9868-57a2d4851a1d" />
    <TestList name="All Loaded Results" id="19431567-8539-422a-85d7-44ee4e166bda" />
  </TestLists>
  <TestEntries>
    <TestEntry testId="9e6b6d54-b79f-e7d9-2609-a84c350c12a1" executionId="d38ea4ed-0411-46ed-bfaa-2a4048a3c401" testListId="8c84fa94-04c1-424b-9868-57a2d4851a1d" />
    <TestEntry testId="8efed318-945d-2a9d-e29d-a71a05da5660" executionId="a48bc6e3-6041-4b37-a02e-96ba8340a17f" testListId="8c84fa94-04c1-424b-9868-57a2d4851a1d" />
    <TestEntry testId="0f4d10f2-7035-3d68-762a-b62c4853fb8a" executionId="70118ab7-a5d6-444d-a913-a611654aec9a" testListId="8c84fa94-04c1-424b-9868-57a2d4851a1d" />
    <TestEntry testId="614f56be-e9c0-f1e7-ad65-1f0b7d6a0f1c" executionId="c592394a-d7e7-41db-870a-19dd54684a20" testListId="8c84fa94-04c1-424b-9868-57a2d4851a1d" />
    <TestEntry testId="6a41f98c-60c7-3333-a5a3-d5d87b5c35c7" executionId="934f3e99-01af-4f86-a05f-42776da555e4" testListId="8c84fa94-04c1-424b-9868-57a2d4851a1d" />
    <TestEntry testId="450e4b2d-ad88-da3f-6d50-5c9a0ae1aa51" executionId="48303a09-5bd0-4c00-b638-eb1af6be2c68" testListId="8c84fa94-04c1-424b-9868-57a2d4851a1d" />
    <TestEntry testId="4e743fde-a814-86c0-27fd-8728ac2cb692" executionId="51f1b1c3-26df-4f09-936d-4d32a4d5f8a5" testListId="8c84fa94-04c1-424b-9868-57a2d4851a1d" />
    <TestEntry testId="10042bab-44aa-7cea-8ac0-06cc3b3adbb3" executionId="166015f0-a480-472b-b0e4-fe9c15c82533" testListId="8c84fa94-04c1-424b-9868-57a2d4851a1d" />
    <TestEntry testId="b7f68495-37f9-58f0-5c9b-6e190b9adaa8" executionId="b49cfaa8-aa8d-4a4a-8684-c8043480c372" testListId="8c84fa94-04c1-424b-9868-57a2d4851a1d" />
    <TestEntry testId="e022376f-b2fb-4981-6140-b019eeaa6c94" executionId="19589dc5-84e8-48bc-bf7d-0db801c23df8" testListId="8c84fa94-04c1-424b-9868-57a2d4851a1d" />
    <TestEntry testId="07cf762e-0596-8be3-6b38-ed80b9a02463" executionId="118de913-d998-4878-b7c5-af4567ddd123" testListId="8c84fa94-04c1-424b-9868-57a2d4851a1d" />
    <TestEntry testId="1820a643-3d71-abad-9636-2b810c74ae19" executionId="8b54056e-540b-439a-bad3-054297757beb" testListId="8c84fa94-04c1-424b-9868-57a2d4851a1d" />
  </TestEntries>
  <Results>
    <UnitTestResult executionId="d38ea4ed-0411-46ed-bfaa-2a4048a3c401" testId="9e6b6d54-b79f-e7d9-2609-a84c350c12a1" testName="MotoTest1" computerName="ICLVDEVAP01" duration="00:01:59.0409790" startTime="2012-11-05T07:32:22.3543822+00:00" endTime="2012-11-05T07:34:22.2424554+00:00" testType="13cdc9d9-ddb5-4fa4-a97d-d965ccfc6d4b" outcome="Failed" testListId="8c84fa94-04c1-424b-9868-57a2d4851a1d" relativeResultsDirectory="d38ea4ed-0411-46ed-bfaa-2a4048a3c401">
      <Output>
        <DebugTrace>W, 1816, 14, 2012/11/05, 07:32:25.381, 4869669522931, QTAgent32.exe, ExtensionFramework : A Technology Manager with name Web is already registered.
W, 1816, 14, 2012/11/05, 07:32:28.532, 4869714604347, QTAgent32.exe, &lt;a class=success&gt;Playback - {1} [SUCCESS] MouseButtonClick - "[MSAA, VisibleOnly]ControlType='Edit'"
\0&lt;/a&gt;
W, 1816, 14, 2012/11/05, 07:32:28.844, 4869719071239, QTAgent32.exe, &lt;a class=success&gt;Playback - {2} [SUCCESS] SendKeys "[*]" - "[MSAA, VisibleOnly]ControlType='Edit'"
\0&lt;/a&gt;
W, 1816, 14, 2012/11/05, 07:32:29.968, 4869735225257, QTAgent32.exe, &lt;a class=success&gt;Playback - {3} [SUCCESS] MouseButtonClick - "[MSAA, VisibleOnly]ControlType='Button' &amp;&amp; Name='OK'"
\0&lt;/a&gt;
W, 1816, 14, 2012/11/05, 07:32:31.575, 4869758258903, QTAgent32.exe, &lt;a class=success&gt;Playback - {4} [SUCCESS] MouseButtonClick - "[MSAA, VisibleOnly]ControlType='Button' &amp;&amp; Name='OK'"
\0&lt;/a&gt;
W, 1816, 14, 2012/11/05, 07:32:32.386, 4869769979389, QTAgent32.exe, &lt;a class=success&gt;Playback - {5} [SUCCESS] MouseButtonClick - "[MSAA, VisibleOnly]ControlType='Button' &amp;&amp; Name='Clients &amp; Files'"
\0&lt;/a&gt;
W, 1816, 14, 2012/11/05, 07:32:32.885, 4869776937058, QTAgent32.exe, &lt;a class=success&gt;Playback - {6} [SUCCESS] MouseButtonClick - "[MSAA, VisibleOnly]ControlType='Button' &amp;&amp; Name='Clients &amp; Files'"
\0&lt;/a&gt;
W, 1816, 14, 2012/11/05, 07:32:34.071, 4869794042191, QTAgent32.exe, Playback - [WARNING] Internal warning: Window Not Found: [VisibleOnly]ControlType='Window' &amp;&amp; Name='Customer: txt1 tdsfs' &amp;&amp; ClassName='ThunderRT6MDIForm'
\0
E, 1816, 14, 2012/11/05, 07:32:34.071, 4869794045121, QTAgent32.exe, &lt;a class=failure&gt;Playback - {7} [FAILED] Function ElementFetcher::FindScreenElement failed to locate UI element (Searching: ;[VisibleOnly]ControlType='Window' &amp;&amp; Name='Customer: txt1 tdsfs' &amp;&amp; ClassName='ThunderRT6MDIForm') (The object specified was not found.)
\0&lt;/a&gt;
E, 1816, 14, 2012/11/05, 07:32:34.290, 4869797170380, QTAgent32.exe, Playback - [IMAGE] C:\Users\peter.zenin-ad\AppData\Local\Temp\UITestLogs\LastRun\RPF3607.png
\0
W, 1816, 14, 2012/11/05, 07:32:34.290, 4869797172469, QTAgent32.exe, Playback - [WARNING] Internal warning: Couldn't find descendants that match QueryId
\0
W, 1816, 14, 2012/11/05, 07:32:34.290, 4869797206214, QTAgent32.exe, PERF WARNING: FindTopLevelWindowHelper::FindAllDescendents: took 1301 ms. Expected it to take maximum 500 ms.
W, 1816, 14, 2012/11/05, 07:32:52.451, 4870057146714, QTAgent32.exe, Playback - [WARNING] Internal warning: Window Not Found: [VisibleOnly]ControlType='Window' &amp;&amp; Name='Customer: txt1 tdsfs' &amp;&amp; ClassName='ThunderRT6MDIForm'
\0
E, 1816, 14, 2012/11/05, 07:32:52.451, 4870057149581, QTAgent32.exe, &lt;a class=failure&gt;Playback - {8} [FAILED] Function ElementFetcher::FindScreenElement failed to locate UI element (Searching: ;[VisibleOnly]ControlType='Window' &amp;&amp; Name='Customer: txt1 tdsfs' &amp;&amp; ClassName='ThunderRT6MDIForm') (The object specified was not found.)
\0&lt;/a&gt;
E, 1816, 14, 2012/11/05, 07:32:52.560, 4870058801862, QTAgent32.exe, Playback - [IMAGE] C:\Users\peter.zenin-ad\AppData\Local\Temp\UITestLogs\LastRun\RPF7DD1.png
\0
W, 1816, 14, 2012/11/05, 07:32:52.576, 4870058804258, QTAgent32.exe, Playback - [WARNING] Internal warning: Couldn't find descendants that match QueryId
\0
W, 1816, 14, 2012/11/05, 07:32:52.576, 4870058807151, QTAgent32.exe, PERF WARNING: FindTopLevelWindowHelper::FindAllDescendents: took 18218 ms. Expected it to take maximum 500 ms.
W, 1816, 14, 2012/11/05, 07:32:53.465, 4870071728334, QTAgent32.exe, Playback - [WARNING] Internal warning: Window with Class "ThunderRT6MDIForm" and Title "Customer: txt1 tdsfs" was not found, so similar window with Class "ThunderRT6MDIForm" and Title "Customer: autotest" was accepted
\0
W, 1816, 14, 2012/11/05, 07:32:53.465, 4870071732462, QTAgent32.exe, PERF WARNING: FindTopLevelWindowHelper::FindAllDescendents: took 902 ms. Expected it to take maximum 500 ms.
W, 1816, 14, 2012/11/05, 07:32:55.166, 4870095988157, QTAgent32.exe, Playback - [WARNING] Internal warning: Incorrect flag set for InvokeProgrammaticAction\0
W, 1816, 14, 2012/11/05, 07:32:55.493, 4870100592478, QTAgent32.exe, &lt;a class=success&gt;Playback - {9} [SUCCESS] SetValueAsComboBox "Customers" - "[MSAA, VisibleOnly]ControlType='ComboBox'"  &lt; SetValueAsComboBox, set by clicking on the item in the list box &gt;
\0&lt;/a&gt;
W, 1816, 14, 2012/11/05, 07:32:56.273, 4870111787840, QTAgent32.exe, &lt;a class=success&gt;Playback - {10} [SUCCESS] MouseButtonClick - "[MSAA, VisibleOnly]ControlType='Button' &amp;&amp; Name='Add'"
\0&lt;/a&gt;
W, 1816, 14, 2012/11/05, 07:32:56.679, 4870117550919, QTAgent32.exe, &lt;a class=success&gt;Playback - {11} [SUCCESS] SendKeys "autotest" - "[MSAA, VisibleOnly]ControlType='RadioButton' &amp;&amp; Name='Personal Lines'"
\0&lt;/a&gt;
E, 1816, 14, 2012/11/05, 07:32:56.866, 4870120440451, QTAgent32.exe, LoadLibrary() : Unable to find the resource 37382 from assembly C:\Windows\system32\en-US\ieframe.dll.mui: Error1814
E, 1816, 14, 2012/11/05, 07:32:56.866, 4870120446148, QTAgent32.exe, LoadLibrary() : Unable to find the resource 41728 from assembly C:\Windows\system32\en-US\ieframe.dll.mui: Error1814
E, 1816, 14, 2012/11/05, 07:32:56.866, 4870120448408, QTAgent32.exe, LoadLibrary() : Unable to find the resource 8131 from assembly C:\Windows\system32\en-US\ieframe.dll.mui: Error1814
E, 1816, 14, 2012/11/05, 07:32:56.882, 4870120450811, QTAgent32.exe, LoadLibrary() : Unable to find the resource 8131 from assembly C:\Windows\system32\en-US\ieframe.dll.mui: Error1814
E, 1816, 14, 2012/11/05, 07:32:56.882, 4870120454529, QTAgent32.exe, LoadLibrary() : Unable to find the resource 8131 from assembly C:\Windows\system32\en-US\ieframe.dll.mui: Error1814
E, 1816, 14, 2012/11/05, 07:32:56.897, 4870120675563, QTAgent32.exe, LoadLibrary() : Unable to find the resource 803 from assembly C:\Windows\system32\en-US\user32.dll.mui: Error1814
W, 1816, 14, 2012/11/05, 07:32:57.303, 4870126489539, QTAgent32.exe, &lt;a class=success&gt;Playback - {12} [SUCCESS] SetValueAsEditBox "autotest" - "[MSAA, VisibleOnly]ControlType='Edit'"  &lt; Set via SendKeys &gt;
\0&lt;/a&gt;
W, 1816, 14, 2012/11/05, 07:32:58.130, 4870138325153, QTAgent32.exe, &lt;a class=success&gt;Playback - {13} [SUCCESS] MouseButtonClick - "[MSAA, VisibleOnly]ControlType='Button' &amp;&amp; Name='OK'"
\0&lt;/a&gt;
W, 1816, 14, 2012/11/05, 07:32:58.785, 4870147852996, QTAgent32.exe, &lt;a class=success&gt;Playback - {14} [SUCCESS] MouseButtonClick - "[MSAA, VisibleOnly]ControlType='Button' &amp;&amp; Name='Yes'"
\0&lt;/a&gt;
W, 1816, 14, 2012/11/05, 07:32:59.019, 4870151055031, QTAgent32.exe, &lt;a class=success&gt;Playback - {15} [SUCCESS] SendKeys "^{HOME}" - "[MSAA, VisibleOnly]ControlType='Edit'"
\0&lt;/a&gt;
E, 1816, 14, 2012/11/05, 07:32:59.019, 4870151082102, QTAgent32.exe, Msaa.GetFocusedElement: could not find accessible object of foreground window
W, 1816, 14, 2012/11/05, 07:32:59.097, 4870152171796, QTAgent32.exe, &lt;a class=success&gt;Playback - {16} [SUCCESS] SendKeys "^+{END}" - "[MSAA, VisibleOnly]ControlType='Edit'"
\0&lt;/a&gt;
E, 1816, 14, 2012/11/05, 07:32:59.097, 4870152174852, QTAgent32.exe, Msaa.GetFocusedElement: could not find accessible object of foreground window
W, 1816, 14, 2012/11/05, 07:32:59.113, 4870152397442, QTAgent32.exe, &lt;a class=success&gt;Playback - {17} [SUCCESS] SendKeys "{DELETE}" - "[MSAA, VisibleOnly]ControlType='Edit'"
\0&lt;/a&gt;
W, 1816, 14, 2012/11/05, 07:32:59.222, 4870153963282, QTAgent32.exe, &lt;a class=success&gt;Playback - {18} [SUCCESS] SetValueAsEditBox "1" - "[MSAA, VisibleOnly]ControlType='Edit'"  &lt; Set via SendKeys &gt;
\0&lt;/a&gt;
W, 1816, 14, 2012/11/05, 07:32:59.456, 4870157310446, QTAgent32.exe, &lt;a class=success&gt;Playback - {19} [SUCCESS] SendKeys "^{HOME}" - "[MSAA, VisibleOnly]ControlType='Edit'"
\0&lt;/a&gt;
E, 1816, 14, 2012/11/05, 07:32:59.456, 4870157313425, QTAgent32.exe, Msaa.GetFocusedElement: could not find accessible object of foreground window
W, 1816, 14, 2012/11/05, 07:32:59.550, 4870158648445, QTAgent32.exe, &lt;a class=success&gt;Playback - {20} [SUCCESS] SendKeys "^+{END}" - "[MSAA, VisibleOnly]ControlType='Edit'"
\0&lt;/a&gt;
E, 1816, 14, 2012/11/05, 07:32:59.550, 4870158650937, QTAgent32.exe, Msaa.GetFocusedElement: could not find accessible object of foreground window
W, 1816, 14, 2012/11/05, 07:32:59.565, 4870158876468, QTAgent32.exe, &lt;a class=success&gt;Playback - {21} [SUCCESS] SendKeys "{DELETE}" - "[MSAA, VisibleOnly]ControlType='Edit'"
\0&lt;/a&gt;
W, 1816, 14, 2012/11/05, 07:32:59.643, 4870159993434, QTAgent32.exe, &lt;a class=success&gt;Playback - {22} [SUCCESS] SetValueAsEditBox "1" - "[MSAA, VisibleOnly]ControlType='Edit'"  &lt; Set via SendKeys &gt;
\0&lt;/a&gt;
W, 1816, 14, 2012/11/05, 07:33:00.158, 4870167566120, QTAgent32.exe, &lt;a class=success&gt;Playback - {23} [SUCCESS] MouseButtonClick - "[MSAA, VisibleOnly]ControlType='Button' &amp;&amp; Name='OK'"
\0&lt;/a&gt;
W, 1816, 14, 2012/11/05, 07:33:00.736, 4870175788788, QTAgent32.exe, &lt;a class=success&gt;Playback - {24} [SUCCESS] MouseButtonClick - "[MSAA, VisibleOnly]ControlType='Button'"
\0&lt;/a&gt;
W, 1816, 14, 2012/11/05, 07:33:01.313, 4870183920605, QTAgent32.exe, &lt;a class=success&gt;Playback - {25} [SUCCESS] MouseButtonClick - "[MSAA, VisibleOnly]ControlType='Button' &amp;&amp; Name='Add'"
\0&lt;/a&gt;
W, 1816, 14, 2012/11/05, 07:33:01.999, 4870193851934, QTAgent32.exe, &lt;a class=success&gt;Playback - {26} [SUCCESS] MouseButtonClick - "[MSAA, VisibleOnly]ControlType='Button' &amp;&amp; Name='OK'"
\0&lt;/a&gt;
W, 1816, 14, 2012/11/05, 07:33:04.480, 4870229233328, QTAgent32.exe, &lt;a class=success&gt;Playback - {27} [SUCCESS] MouseButtonClick - "[MSAA, VisibleOnly,Window]ControlType='Window' &amp;&amp; ClassName='ThunderRT6TextBox'"
\0&lt;/a&gt;
W, 1816, 14, 2012/11/05, 07:33:04.855, 4870234598870, QTAgent32.exe, &lt;a class=success&gt;Playback - {28} [SUCCESS] SetValueAsEditBox "MOTO" - "[MSAA, VisibleOnly]ControlType='Edit'"  &lt; Set via SendKeys &gt;
\0&lt;/a&gt;
W, 1816, 14, 2012/11/05, 07:33:05.401, 4870242432800, QTAgent32.exe, &lt;a class=success&gt;Playback - {29} [SUCCESS] MouseButtonClick - "[MSAA, VisibleOnly]ControlType='Button' &amp;&amp; Name='OK'"
\0&lt;/a&gt;
W, 1816, 14, 2012/11/05, 07:33:05.853, 4870249046569, QTAgent32.exe, &lt;a class=success&gt;Playback - {30} [SUCCESS] MouseButtonClick - "[MSAA, VisibleOnly]ControlType='Button' &amp;&amp; Name='Options'"
\0&lt;/a&gt;
W, 1816, 14, 2012/11/05, 07:33:05.962, 4870250661620, QTAgent32.exe, FindScreenElementInSinglePass : Attempting to find control in one pass of search. Failures can occur.
W, 1816, 14, 2012/11/05, 07:33:06.165, 4870253355268, QTAgent32.exe, &lt;a class=success&gt;Playback - {31} [SUCCESS] MouseButtonClick - "[MSAA]ControlType='MenuItem' &amp;&amp; Name='Links'"
\0&lt;/a&gt;
W, 1816, 14, 2012/11/05, 07:33:06.274, 4870254923887, QTAgent32.exe, FindScreenElementInSinglePass : Attempting to find control in one pass of search. Failures can occur.
W, 1816, 14, 2012/11/05, 07:33:06.462, 4870257599032, QTAgent32.exe, &lt;a class=success&gt;Playback - {32} [SUCCESS] MouseButtonClick - "[MSAA]ControlType='MenuItem' &amp;&amp; Name='3rd Party Integration'"
\0&lt;/a&gt;
W, 1816, 14, 2012/11/05, 07:33:06.571, 4870259167867, QTAgent32.exe, FindScreenElementInSinglePass : Attempting to find control in one pass of search. Failures can occur.
W, 1816, 14, 2012/11/05, 07:33:06.774, 4870262095789, QTAgent32.exe, &lt;a class=success&gt;Playback - {33} [SUCCESS] MouseButtonClick - "[MSAA]ControlType='MenuItem' &amp;&amp; Name='Quote Select List'"
\0&lt;/a&gt;
W, 1816, 14, 2012/11/05, 07:33:10.237, 4870311651907, QTAgent32.exe, PERF WARNING: FindTopLevelWindowHelper::FindAllDescendents: took 3352 ms. Expected it to take maximum 500 ms.
W, 1816, 14, 2012/11/05, 07:33:10.565, 4870316505615, QTAgent32.exe, &lt;a class=success&gt;Playback - {34} [SUCCESS] MouseButtonClick - "[MSAA, VisibleOnly]ControlType='Button' &amp;&amp; Name='Ok'"
\0&lt;/a&gt;
W, 1816, 14, 2012/11/05, 07:33:14.762, 4870376473466, QTAgent32.exe, PERF WARNING: FindTopLevelWindowHelper::FindAllDescendents: took 4023 ms. Expected it to take maximum 500 ms.
W, 1816, 14, 2012/11/05, 07:33:15.199, 4870382686205, QTAgent32.exe, &lt;a class=success&gt;Playback - {35} [SUCCESS] MouseButtonClick - "[MSAA, VisibleOnly]ControlType='Button' &amp;&amp; Name='Ok'"
\0&lt;/a&gt;
W, 1816, 14, 2012/11/05, 07:33:15.558, 4870387824975, QTAgent32.exe, &lt;a class=success&gt;Playback - {36} [SUCCESS] SetValueAsEditBox "Test" - "[MSAA, VisibleOnly]ControlType='Edit'"  &lt; Set via SendKeys &gt;
\0&lt;/a&gt;
W, 1816, 14, 2012/11/05, 07:33:15.745, 4870390501862, QTAgent32.exe, &lt;a class=success&gt;Playback - {37} [SUCCESS] SendKeys "{Tab}" - "[MSAA, VisibleOnly]ControlType='Edit'"
\0&lt;/a&gt;
W, 1816, 14, 2012/11/05, 07:33:16.104, 4870395644564, QTAgent32.exe, &lt;a class=success&gt;Playback - {38} [SUCCESS] SetValueAsEditBox "test" - "[MSAA, VisibleOnly]ControlType='Edit'"  &lt; Set via SendKeys &gt;
\0&lt;/a&gt;
W, 1816, 14, 2012/11/05, 07:33:16.509, 4870401450217, QTAgent32.exe, &lt;a class=success&gt;Playback - {39} [SUCCESS] SetValueAsEditBox "160485" - "[MSAA, VisibleOnly]ControlType='Edit'"  &lt; Set via SendKeys &gt;
\0&lt;/a&gt;
W, 1816, 14, 2012/11/05, 07:33:16.946, 4870407704052, QTAgent32.exe, &lt;a class=success&gt;Playback - {40} [SUCCESS] SetValueAsEditBox "B338TH" - "[MSAA, VisibleOnly]ControlType='Edit'"  &lt; Set via SendKeys &gt;
\0&lt;/a&gt;
W, 1816, 14, 2012/11/05, 07:33:21.440, 4870472029262, QTAgent32.exe, &lt;a class=success&gt;Playback - {41} [SUCCESS] MouseButtonClick - "[MSAA, VisibleOnly]ControlType='Button' &amp;&amp; Name='Lookup...'"
\0&lt;/a&gt;
W, 1816, 14, 2012/11/05, 07:33:24.872, 4870521213975, QTAgent32.exe, PERF WARNING: FindTopLevelWindowHelper::FindAllDescendents: took 3325 ms. Expected it to take maximum 500 ms.
W, 1816, 14, 2012/11/05, 07:33:25.200, 4870526012065, QTAgent32.exe, &lt;a class=success&gt;Playback - {42} [SUCCESS] MouseButtonClick - "[MSAA, VisibleOnly]ControlType='Button' &amp;&amp; Name='Ok'"
\0&lt;/a&gt;
W, 1816, 14, 2012/11/05, 07:33:27.540, 4870559504711, QTAgent32.exe, &lt;a class=success&gt;Playback - {43} [SUCCESS] MouseButtonClick - "[MSAA, VisibleOnly]ControlType='Button' &amp;&amp; Name='OK'"
\0&lt;/a&gt;
W, 1816, 14, 2012/11/05, 07:33:28.227, 4870569230134, QTAgent32.exe, Playback - [WARNING] Internal warning: Incorrect flag set for InvokeProgrammaticAction\0
W, 1816, 14, 2012/11/05, 07:33:28.554, 4870573898824, QTAgent32.exe, &lt;a class=success&gt;Playback - {44} [SUCCESS] SetValueAsComboBox "Account Executive" - "[MSAA, VisibleOnly]ControlType='ComboBox'"  &lt; SetValueAsComboBox, set by clicking on the item in the list box &gt;
\0&lt;/a&gt;
W, 1816, 14, 2012/11/05, 07:33:29.210, 4870583483589, QTAgent32.exe, Playback - [WARNING] Internal warning: Incorrect flag set for InvokeProgrammaticAction\0
W, 1816, 14, 2012/11/05, 07:33:29.553, 4870588192838, QTAgent32.exe, &lt;a class=success&gt;Playback - {45} [SUCCESS] SetValueAsComboBox "Acupuncture" - "[MSAA, VisibleOnly]ControlType='ComboBox'"  &lt; SetValueAsComboBox, set by clicking on the item in the list box &gt;
\0&lt;/a&gt;
W, 1816, 14, 2012/11/05, 07:33:30.052, 4870595330704, QTAgent32.exe, &lt;a class=success&gt;Playback - {46} [SUCCESS] SetValueAsEditBox "151101" - "[MSAA, VisibleOnly]ControlType='Edit'"  &lt; Set via SendKeys &gt;
\0&lt;/a&gt;
W, 1816, 14, 2012/11/05, 07:33:31.800, 4870620536615, QTAgent32.exe, &lt;a class=success&gt;Playback - {47} [SUCCESS] MouseButtonClick - "[MSAA, VisibleOnly]ControlType='Button' &amp;&amp; Name='OK'"
\0&lt;/a&gt;
W, 1816, 14, 2012/11/05, 07:33:32.330, 4870627941052, QTAgent32.exe, &lt;a class=success&gt;Playback - {48} [SUCCESS] SetValueAsEditBox "RF53OXL" - "[MSAA, VisibleOnly]ControlType='Edit'"  &lt; Set via SendKeys &gt;
\0&lt;/a&gt;
W, 1816, 14, 2012/11/05, 07:33:34.780, 4870663005242, QTAgent32.exe, &lt;a class=success&gt;Playback - {49} [SUCCESS] MouseButtonClick - "[MSAA, VisibleOnly]ControlType='Button' &amp;&amp; Name='Filter'"
\0&lt;/a&gt;
W, 1816, 14, 2012/11/05, 07:33:35.326, 4870670822778, QTAgent32.exe, &lt;a class=success&gt;Playback - {50} [SUCCESS] MouseButtonClick - "[MSAA, VisibleOnly]ControlType='Button' &amp;&amp; Name='OK'"
\0&lt;/a&gt;
E, 1816, 14, 2012/11/05, 07:33:39.663, 4870732940685, QTAgent32.exe, AL: Playback Error: Microsoft.VisualStudio.TestTools.UITest.Extension.PlaybackFailureException: Cannot perform 'SetProperty of Text with value "1000"' on the control. Additional Details: 
TechnologyName:  'MSAA'
ControlType:  'Edit'
 ---&gt; System.Runtime.InteropServices.COMException: Error HRESULT E_FAIL has been returned from a call to a COM component.
   at Microsoft.VisualStudio.TestTools.UITest.Playback.Engine.IScreenElement.SetFocus()
   at Microsoft.VisualStudio.TestTools.UITest.Playback.ScreenElement.SetValueAsEditBox(String value, Boolean isEncoded)
   at Microsoft.VisualStudio.TestTools.UITesting.WinPropertyProvider.SetEditProperty(String propertyName, Object value)
   at Microsoft.VisualStudio.TestTools.UITesting.WinPropertyProvider.SetPropertyValue(UITestControl uiControl, String propertyName, Object value)
   at Microsoft.VisualStudio.TestTools.UITesting.UITestPropertyProvider.SetPropertyValueWrapper(UITestControl uiControl, String propertyName, Object value)
   at Microsoft.VisualStudio.TestTools.UITesting.UITestControl.SetPropertyValue(String propertyName, Object propertyValue)
   --- End of inner exception stack trace ---
   at Microsoft.VisualStudio.TestTools.UITesting.Playback.MapAndThrowComException(COMException innerException, IPlaybackContext context)
   at Microsoft.VisualStudio.TestTools.UITesting.Playback.MapAndThrowException(SystemException exception, IPlaybackContext context)
   at Microsoft.VisualStudio.TestTools.UITesting.Playback.MapAndThrowException(SystemException exception, String actionName, UITestControl uiControl)
   at Microsoft.VisualStudio.TestTools.UITesting.Playback.MapAndThrowException(SystemException exception, String actionName, Object parameterValue, UITestControl uiControl)
   at Microsoft.VisualStudio.TestTools.UITesting.UITestControl.SetPropertyValue(String propertyName, Object propertyValue)
   at Microsoft.VisualStudio.TestTools.UITesting.UITestControl.SetProperty(String propertyName, Object value)
W, 1816, 14, 2012/11/05, 07:33:41.395, 4870757715138, QTAgent32.exe, Playback - [WARNING] Internal warning: Element "[MSAA, VisibleOnly]ControlType='Window' &amp;&amp; ControlId='32770'" was not found, so all intermediate elements were ignored. To improve performance replace this element Id with another Id or exclude it from QueryId. If this element is the target element, replace or remove intermediate elements
\0
W, 1816, 14, 2012/11/05, 07:33:41.926, 4870765464878, QTAgent32.exe, PERF WARNING: FindAllDescendents: took 2080 ms. Expected it to take maximum 500 ms.
W, 1816, 14, 2012/11/05, 07:33:42.877, 4870779054512, QTAgent32.exe, &lt;a class=success&gt;Playback - {51} [SUCCESS] MouseButtonClick - "[MSAA, VisibleOnly]ControlType='Button' &amp;&amp; Name='Cancel'"
\0&lt;/a&gt;
W, 1816, 14, 2012/11/05, 07:33:44.547, 4870802853690, QTAgent32.exe, Playback - [WARNING] Internal warning: Element "[MSAA, VisibleOnly]ControlType='Window' &amp;&amp; ControlId='32769'" was not found, so all intermediate elements were ignored. To improve performance replace this element Id with another Id or exclude it from QueryId. If this element is the target element, replace or remove intermediate elements
\0
W, 1816, 14, 2012/11/05, 07:33:45.077, 4870810519418, QTAgent32.exe, PERF WARNING: FindAllDescendents: took 2080 ms. Expected it to take maximum 500 ms.
W, 1816, 14, 2012/11/05, 07:33:45.436, 4870815567966, QTAgent32.exe, &lt;a class=success&gt;Playback - {52} [SUCCESS] MouseButtonClick - "[MSAA, VisibleOnly]ControlType='Button' &amp;&amp; Name='Cancel'"
\0&lt;/a&gt;
W, 1816, 14, 2012/11/05, 07:33:54.454, 4870944671952, QTAgent32.exe, Playback - [WARNING] Internal warning: Window Not Found: [VisibleOnly]ControlType='Window' &amp;&amp; Name='Customer: txt1 tdsfs' &amp;&amp; ClassName='ThunderRT6MDIForm'
\0
E, 1816, 14, 2012/11/05, 07:33:54.454, 4870944674901, QTAgent32.exe, &lt;a class=failure&gt;Playback - {53} [FAILED] Function ElementFetcher::FindScreenElement failed to locate UI element (Searching: ;[VisibleOnly]ControlType='Window' &amp;&amp; Name='Customer: txt1 tdsfs' &amp;&amp; ClassName='ThunderRT6MDIForm') (The object specified was not found.)
\0&lt;/a&gt;
E, 1816, 14, 2012/11/05, 07:33:54.563, 4870946297719, QTAgent32.exe, Playback - [IMAGE] C:\Users\peter.zenin-ad\AppData\Local\Temp\UITestLogs\LastRun\RPF6FFD.png
\0
W, 1816, 14, 2012/11/05, 07:33:54.563, 4870946301693, QTAgent32.exe, Playback - [WARNING] Internal warning: Couldn't find descendants that match QueryId
\0
W, 1816, 14, 2012/11/05, 07:33:54.563, 4870946307310, QTAgent32.exe, PERF WARNING: FindTopLevelWindowHelper::FindAllDescendents: took 9017 ms. Expected it to take maximum 500 ms.
W, 1816, 14, 2012/11/05, 07:33:56.685, 4870976613064, QTAgent32.exe, Playback - [WARNING] Internal warning: Window Not Found: [VisibleOnly]ControlType='Window' &amp;&amp; Name='Customer: txt1 tdsfs' &amp;&amp; ClassName='ThunderRT6MDIForm'
\0
E, 1816, 14, 2012/11/05, 07:33:56.685, 4870976615967, QTAgent32.exe, &lt;a class=failure&gt;Playback - {54} [FAILED] Function ElementFetcher::FindScreenElement failed to locate UI element (Searching: ;[VisibleOnly]ControlType='Window' &amp;&amp; Name='Customer: txt1 tdsfs' &amp;&amp; ClassName='ThunderRT6MDIForm') (The object specified was not found.)
\0&lt;/a&gt;
E, 1816, 14, 2012/11/05, 07:33:56.795, 4870978266944, QTAgent32.exe, Playback - [IMAGE] C:\Users\peter.zenin-ad\AppData\Local\Temp\UITestLogs\LastRun\RPF78B5.png
\0
W, 1816, 14, 2012/11/05, 07:33:56.795, 4870978269269, QTAgent32.exe, Playback - [WARNING] Internal warning: Couldn't find descendants that match QueryId
\0
W, 1816, 14, 2012/11/05, 07:33:56.795, 4870978272268, QTAgent32.exe, PERF WARNING: FindTopLevelWindowHelper::FindAllDescendents: took 2232 ms. Expected it to take maximum 500 ms.
W, 1816, 14, 2012/11/05, 07:34:01.210, 4871041389965, QTAgent32.exe, Playback - [WARNING] Internal warning: Window Not Found: [VisibleOnly]ControlType='Window' &amp;&amp; Name='Customer: txt1 tdsfs' &amp;&amp; ClassName='ThunderRT6MDIForm'
\0
E, 1816, 14, 2012/11/05, 07:34:01.210, 4871041392862, QTAgent32.exe, &lt;a class=failure&gt;Playback - {55} [FAILED] Function ElementFetcher::FindScreenElement failed to locate UI element (Searching: ;[VisibleOnly]ControlType='Window' &amp;&amp; Name='Customer: txt1 tdsfs' &amp;&amp; ClassName='ThunderRT6MDIForm') (The object specified was not found.)
\0&lt;/a&gt;
E, 1816, 14, 2012/11/05, 07:34:01.319, 4871043060579, QTAgent32.exe, Playback - [IMAGE] C:\Users\peter.zenin-ad\AppData\Local\Temp\UITestLogs\LastRun\RPF8A62.png
\0
W, 1816, 14, 2012/11/05, 07:34:01.319, 4871043062931, QTAgent32.exe, Playback - [WARNING] Internal warning: Couldn't find descendants that match QueryId
\0
W, 1816, 14, 2012/11/05, 07:34:01.319, 4871043065971, QTAgent32.exe, PERF WARNING: FindTopLevelWindowHelper::FindAllDescendents: took 4525 ms. Expected it to take maximum 500 ms.
E, 1816, 14, 2012/11/05, 07:34:01.319, 4871043080523, QTAgent32.exe, Exception: System.Runtime.InteropServices.COMException
	Message: Error HRESULT E_FAIL has been returned from a call to a COM component.
	Stack Trace:    at Microsoft.VisualStudio.TestTools.UITest.Playback.Engine.IRPFPlayback.FindAllScreenElements(IScreenElement pScreenElementStart, String bstrQueryId, Object&amp; pvarResKeys, Int32 cResKeys, Int32 nMaxDepth, Object[]&amp; foundDescendants)
   at Microsoft.VisualStudio.TestTools.UITest.Playback.ScreenElement.FindTopLevelWindowHelper(String queryId)
	BaseExceptionMessage: Error HRESULT E_FAIL has been returned from a call to a COM component.

E, 1816, 14, 2012/11/05, 07:34:01.319, 4871043088355, QTAgent32.exe, Window 11862776 not responding. Last Win32 error 0
E, 1816, 14, 2012/11/05, 07:34:01.319, 4871043091132, QTAgent32.exe, GetClassName for handle 11862776 failed
E, 1816, 14, 2012/11/05, 07:34:01.319, 4871043115697, QTAgent32.exe, Window 11862776 not responding. Last Win32 error 1400
E, 1816, 14, 2012/11/05, 07:34:01.319, 4871043125906, QTAgent32.exe, Window 11862776 not responding. Last Win32 error 1400
E, 1816, 14, 2012/11/05, 07:34:01.319, 4871043127085, QTAgent32.exe, GetClassName for handle 11862776 failed
E, 1816, 14, 2012/11/05, 07:34:01.319, 4871043127931, QTAgent32.exe, GetClassName for handle 11862776 failed
W, 1816, 14, 2012/11/05, 07:34:10.275, 4871171163349, QTAgent32.exe, Playback - [WARNING] Internal warning: Window Not Found: [VisibleOnly]ControlType='Window' &amp;&amp; Name='Customer: autotest autotest' &amp;&amp; ClassName='ThunderRT6MDIForm'
\0
E, 1816, 14, 2012/11/05, 07:34:10.275, 4871171166380, QTAgent32.exe, &lt;a class=failure&gt;Playback - {56} [FAILED] Function ElementFetcher::FindScreenElement failed to locate UI element (Searching: ;[VisibleOnly]ControlType='Window' &amp;&amp; Name='Customer: autotest autotest' &amp;&amp; ClassName='ThunderRT6MDIForm') (The object specified was not found.)
\0&lt;/a&gt;
E, 1816, 14, 2012/11/05, 07:34:10.384, 4871172879446, QTAgent32.exe, Playback - [IMAGE] C:\Users\peter.zenin-ad\AppData\Local\Temp\UITestLogs\LastRun\RPFADCA.png
\0
W, 1816, 14, 2012/11/05, 07:34:10.384, 4871172881644, QTAgent32.exe, Playback - [WARNING] Internal warning: Couldn't find descendants that match QueryId
\0
W, 1816, 14, 2012/11/05, 07:34:10.384, 4871172885118, QTAgent32.exe, PERF WARNING: FindTopLevelWindowHelper::FindAllDescendents: took 9061 ms. Expected it to take maximum 500 ms.
W, 1816, 14, 2012/11/05, 07:34:12.506, 4871203104564, QTAgent32.exe, Playback - [WARNING] Internal warning: Window Not Found: [VisibleOnly]ControlType='Window' &amp;&amp; Name='Customer: autotest autotest' &amp;&amp; ClassName='ThunderRT6MDIForm'
\0
E, 1816, 14, 2012/11/05, 07:34:12.506, 4871203107510, QTAgent32.exe, &lt;a class=failure&gt;Playback - {57} [FAILED] Function ElementFetcher::FindScreenElement failed to locate UI element (Searching: ;[VisibleOnly]ControlType='Window' &amp;&amp; Name='Customer: autotest autotest' &amp;&amp; ClassName='ThunderRT6MDIForm') (The object specified was not found.)
\0&lt;/a&gt;
E, 1816, 14, 2012/11/05, 07:34:12.615, 4871204855781, QTAgent32.exe, Playback - [IMAGE] C:\Users\peter.zenin-ad\AppData\Local\Temp\UITestLogs\LastRun\RPFB682.png
\0
W, 1816, 14, 2012/11/05, 07:34:12.615, 4871204857974, QTAgent32.exe, Playback - [WARNING] Internal warning: Couldn't find descendants that match QueryId
\0
W, 1816, 14, 2012/11/05, 07:34:12.615, 4871204860955, QTAgent32.exe, PERF WARNING: FindTopLevelWindowHelper::FindAllDescendents: took 2233 ms. Expected it to take maximum 500 ms.
W, 1816, 14, 2012/11/05, 07:34:17.093, 4871268773336, QTAgent32.exe, Playback - [WARNING] Internal warning: Window Not Found: [VisibleOnly]ControlType='Window' &amp;&amp; Name='Customer: autotest autotest' &amp;&amp; ClassName='ThunderRT6MDIForm'
\0
E, 1816, 14, 2012/11/05, 07:34:17.093, 4871268776514, QTAgent32.exe, &lt;a class=failure&gt;Playback - {58} [FAILED] Function ElementFetcher::FindScreenElement failed to locate UI element (Searching: ;[VisibleOnly]ControlType='Window' &amp;&amp; Name='Customer: autotest autotest' &amp;&amp; ClassName='ThunderRT6MDIForm') (The object specified was not found.)
\0&lt;/a&gt;
E, 1816, 14, 2012/11/05, 07:34:17.202, 4871270472590, QTAgent32.exe, Playback - [IMAGE] C:\Users\peter.zenin-ad\AppData\Local\Temp\UITestLogs\LastRun\RPFC86E.png
\0
W, 1816, 14, 2012/11/05, 07:34:17.202, 4871270474840, QTAgent32.exe, Playback - [WARNING] Internal warning: Couldn't find descendants that match QueryId
\0
W, 1816, 14, 2012/11/05, 07:34:17.202, 4871270477879, QTAgent32.exe, PERF WARNING: FindTopLevelWindowHelper::FindAllDescendents: took 4582 ms. Expected it to take maximum 500 ms.
E, 1816, 14, 2012/11/05, 07:34:17.202, 4871270479666, QTAgent32.exe, Exception: System.Runtime.InteropServices.COMException
	Message: Error HRESULT E_FAIL has been returned from a call to a COM component.
	Stack Trace:    at Microsoft.VisualStudio.TestTools.UITest.Playback.Engine.IRPFPlayback.FindAllScreenElements(IScreenElement pScreenElementStart, String bstrQueryId, Object&amp; pvarResKeys, Int32 cResKeys, Int32 nMaxDepth, Object[]&amp; foundDescendants)
   at Microsoft.VisualStudio.TestTools.UITest.Playback.ScreenElement.FindTopLevelWindowHelper(String queryId)
	BaseExceptionMessage: Error HRESULT E_FAIL has been returned from a call to a COM component.

E, 1816, 14, 2012/11/05, 07:34:17.202, 4871270484523, QTAgent32.exe, Window 11862776 not responding. Last Win32 error 0
E, 1816, 14, 2012/11/05, 07:34:17.202, 4871270488478, QTAgent32.exe, Window 11862776 not responding. Last Win32 error 1400
E, 1816, 14, 2012/11/05, 07:34:17.202, 4871270493311, QTAgent32.exe, Window 11862776 not responding. Last Win32 error 1400
E, 1816, 14, 2012/11/05, 07:34:17.202, 4871270494616, QTAgent32.exe, GetClassName for handle 11862776 failed
E, 1816, 14, 2012/11/05, 07:34:17.202, 4871270495440, QTAgent32.exe, GetClassName for handle 11862776 failed
E, 1816, 14, 2012/11/05, 07:34:17.312, 4871271905552, QTAgent32.exe, AL: Playback Error: Microsoft.VisualStudio.TestTools.UITest.Extension.UITestControlNotFoundException: Unable to find the top level element of the control ---&gt; Microsoft.VisualStudio.TestTools.UITest.Extension.UITestControlNotFoundException: The playback failed to find the control with the given search properties. Additional Details: 
TechnologyName:  'MSAA'
ControlType:  'Window'
 ---&gt; System.Runtime.InteropServices.COMException: Error HRESULT E_FAIL has been returned from a call to a COM component.
   at Microsoft.VisualStudio.TestTools.UITest.Playback.Engine.IRPFPlayback.FindAllScreenElements(IScreenElement pScreenElementStart, String bstrQueryId, Object&amp; pvarResKeys, Int32 cResKeys, Int32 nMaxDepth, Object[]&amp; foundDescendants)
   at Microsoft.VisualStudio.TestTools.UITest.Playback.ScreenElement.FindTopLevelWindowHelper(String queryId)
   at Microsoft.VisualStudio.TestTools.UITest.Playback.ScreenElement.FindFromPartialQueryId(String queryId)
   at Microsoft.VisualStudio.TestTools.UITesting.UITestControl..ctor(String queryId)
   --- End of inner exception stack trace ---
   at Microsoft.VisualStudio.TestTools.UITesting.Playback.MapControlNotFoundException(COMException ex, IPlaybackContext context)
   at Microsoft.VisualStudio.TestTools.UITesting.Playback.MapAndThrowComException(COMException innerException, IPlaybackContext context)
   at Microsoft.VisualStudio.TestTools.UITesting.Playback.MapAndThrowException(SystemException exception, IPlaybackContext context)
   at Microsoft.VisualStudio.TestTools.UITesting.Playback.MapAndThrowException(SystemException exception, String queryId)
   at Microsoft.VisualStudio.TestTools.UITesting.UITestControl..ctor(String queryId)
   at Microsoft.VisualStudio.TestTools.UITesting.SearchHelper.SearchTopLevelWindow(ISearchArgument topLevelSearchArg, String topLevelElementQueryId)
   at Microsoft.VisualStudio.TestTools.UITesting.SearchHelper.SearchUsingMultipleTitles(ISearchArgument topLevelSearchArg, QueryId topLevelQueryId, IList`1 windowTitles)
   --- End of inner exception stack trace ---
   at Microsoft.VisualStudio.TestTools.UITesting.SearchHelper.SearchUsingMultipleTitles(ISearchArgument topLevelSearchArg, QueryId topLevelQueryId, IList`1 windowTitles)
   at Microsoft.VisualStudio.TestTools.UITesting.SearchHelper.GetTitleUpdatedTopLevelWindow(ISearchArgument topLevelSearchArg, String queryId, IList`1 windowTitles)
   at Microsoft.VisualStudio.TestTools.UITesting.SearchHelper.GetTopLevelElement(Boolean useCache, Boolean useCacheOnly, ISearchArgument searchArg, IList`1 windowTitles, Int32&amp; timeLeft)
   at Microsoft.VisualStudio.TestTools.UITesting.SearchHelper.GetElement(Boolean useCache, ISearchArgument searchArg)
   at Microsoft.VisualStudio.TestTools.UITesting.SearchHelper.Search(ISearchArgument searchArg)
   at Microsoft.VisualStudio.TestTools.UITesting.UITestControl.FindInternal()
   at Microsoft.VisualStudio.TestTools.UITesting.UITestControl.FindControlIfNecessary()
   at Microsoft.VisualStudio.TestTools.UITesting.UITestControl.Click(MouseButtons button, ModifierKeys modifierKeys, Point relativeCoordinates)
   at Microsoft.VisualStudio.TestTools.UITesting.Mouse.ClickImplementation(UITestControl control, MouseButtons button, ModifierKeys modifierKeys, Point relativeCoordinate)
   at Microsoft.VisualStudio.TestTools.UITesting.Mouse.ClickImplementationWrapper(UITestControl control, MouseButtons button, ModifierKeys modifierKeys, Point relativeCoordinate)
W, 1816, 14, 2012/11/05, 07:34:17.312, 4871271908854, QTAgent32.exe, PlaybackErrorHandler: Ignoring exception as ContinueOnError is set.
W, 1816, 14, 2012/11/05, 07:34:17.655, 4871276866688, QTAgent32.exe, &lt;a class=success&gt;Playback - {59} [SUCCESS] MouseButtonClick - "[MSAA, VisibleOnly]ControlType='Button' &amp;&amp; Name='Close'"
\0&lt;/a&gt;
W, 1816, 14, 2012/11/05, 07:34:22.226, 4871342254940, QTAgent32.exe, IEDOM : StopSession of the plugin called before StartSession
W, 1816, 14, 2012/11/05, 07:34:22.226, 4871342256201, QTAgent32.exe, UIA : StopSession of the plugin called before StartSession
W, 1816, 14, 2012/11/05, 07:34:22.226, 4871342261925, QTAgent32.exe, SLPlugin : StopSession of the plugin called before StartSession
</DebugTrace>
        <ErrorInfo>
          <Message>Test method TestProject7.TamAutotest.MotoTest1 threw exception: 
Microsoft.VisualStudio.TestTools.UITest.Extension.PlaybackFailureException: Cannot perform 'SetProperty of Text with value "1000"' on the control. Additional Details: 
TechnologyName:  'MSAA'
ControlType:  'Edit'
 ---&gt; System.Runtime.InteropServices.COMException: Error HRESULT E_FAIL has been returned from a call to a COM component.</Message>
          <StackTrace>    at Microsoft.VisualStudio.TestTools.UITest.Playback.Engine.IScreenElement.SetFocus()
   at Microsoft.VisualStudio.TestTools.UITest.Playback.ScreenElement.SetValueAsEditBox(String value, Boolean isEncoded)
   at Microsoft.VisualStudio.TestTools.UITesting.WinPropertyProvider.SetEditProperty(String propertyName, Object value)
   at Microsoft.VisualStudio.TestTools.UITesting.WinPropertyProvider.SetPropertyValue(UITestControl uiControl, String propertyName, Object value)
   at Microsoft.VisualStudio.TestTools.UITesting.UITestPropertyProvider.SetPropertyValueWrapper(UITestControl uiControl, String propertyName, Object value)
   at Microsoft.VisualStudio.TestTools.UITesting.UITestControl.SetPropertyValue(String propertyName, Object propertyValue)
 --- End of inner exception stack trace ---
    at Microsoft.VisualStudio.TestTools.UITesting.Playback.MapAndThrowComException(COMException innerException, IPlaybackContext context)
   at Microsoft.VisualStudio.TestTools.UITesting.Playback.MapAndThrowException(SystemException exception, IPlaybackContext context)
   at Microsoft.VisualStudio.TestTools.UITesting.Playback.MapAndThrowException(SystemException exception, String actionName, UITestControl uiControl)
   at Microsoft.VisualStudio.TestTools.UITesting.Playback.MapAndThrowException(SystemException exception, String actionName, Object parameterValue, UITestControl uiControl)
   at Microsoft.VisualStudio.TestTools.UITesting.UITestControl.SetPropertyValue(String propertyName, Object propertyValue)
   at Microsoft.VisualStudio.TestTools.UITesting.UITestControl.SetProperty(String propertyName, Object value)
   at Microsoft.VisualStudio.TestTools.UITesting.WinControls.WinEdit.set_Text(String value)
   at TestProject7.UIMap.QuoteResults() in C:\TestProject7\TestProject7\UIMap.Designer.cs:line 2993
   at TestProject7.TamAutotest.MotoTest1() in C:\TestProject7\TestProject7\CodedUITest1.cs:line 59
</StackTrace>
        </ErrorInfo>
      </Output>
      <ResultFiles>
        <ResultFile path="ICLVDEVAP01\MotoTest1.png" />
      </ResultFiles>
      <ExtensionResult>Exception has been thrown by the target of an invocation.</ExtensionResult>
    </UnitTestResult>
    <UnitTestResult executionId="a48bc6e3-6041-4b37-a02e-96ba8340a17f" testId="8efed318-945d-2a9d-e29d-a71a05da5660" testName="MotoTest10" computerName="ICLVDEVAP01" duration="00:00:35.3527444" startTime="2012-11-05T07:34:22.2736600+00:00" endTime="2012-11-05T07:34:57.6284718+00:00" testType="13cdc9d9-ddb5-4fa4-a97d-d965ccfc6d4b" outcome="Failed" testListId="8c84fa94-04c1-424b-9868-57a2d4851a1d" relativeResultsDirectory="a48bc6e3-6041-4b37-a02e-96ba8340a17f">
      <Output>
        <DebugTrace>W, 1816, 23, 2012/11/05, 07:34:22.273, 4871343074856, QTAgent32.exe, ExtensionFramework : A Technology Manager with name Web is already registered.
W, 1816, 23, 2012/11/05, 07:34:32.071, 4871483201067, QTAgent32.exe, Playback - [WARNING] Internal warning: Window Not Found: [VisibleOnly]ControlType='Window' &amp;&amp; Name='The Agency Manager Signon' &amp;&amp; ClassName='ThunderRT6FormDC'
\0
E, 1816, 23, 2012/11/05, 07:34:32.071, 4871483204158, QTAgent32.exe, &lt;a class=failure&gt;Playback - {1} [FAILED] Function ElementFetcher::FindScreenElement failed to locate UI element (Searching: ;[VisibleOnly]ControlType='Window' &amp;&amp; Name='The Agency Manager Signon' &amp;&amp; ClassName='ThunderRT6FormDC') (The object specified was not found.)
\0&lt;/a&gt;
E, 1816, 23, 2012/11/05, 07:34:32.181, 4871484895648, QTAgent32.exe, Playback - [IMAGE] C:\Users\peter.zenin-ad\AppData\Local\Temp\UITestLogs\LastRun\RPF2EF.png
\0
W, 1816, 23, 2012/11/05, 07:34:32.181, 4871484897824, QTAgent32.exe, Playback - [WARNING] Internal warning: Couldn't find descendants that match QueryId
\0
W, 1816, 23, 2012/11/05, 07:34:32.181, 4871484900752, QTAgent32.exe, PERF WARNING: FindTopLevelWindowHelper::FindAllDescendents: took 9349 ms. Expected it to take maximum 500 ms.
W, 1816, 23, 2012/11/05, 07:34:50.373, 4871745207561, QTAgent32.exe, Playback - [WARNING] Internal warning: Window Not Found: [VisibleOnly]ControlType='Window' &amp;&amp; Name='The Agency Manager Signon' &amp;&amp; ClassName='ThunderRT6FormDC'
\0
E, 1816, 23, 2012/11/05, 07:34:50.373, 4871745210858, QTAgent32.exe, &lt;a class=failure&gt;Playback - {2} [FAILED] Function ElementFetcher::FindScreenElement failed to locate UI element (Searching: ;[VisibleOnly]ControlType='Window' &amp;&amp; Name='The Agency Manager Signon' &amp;&amp; ClassName='ThunderRT6FormDC') (The object specified was not found.)
\0&lt;/a&gt;
E, 1816, 23, 2012/11/05, 07:34:50.482, 4871746853898, QTAgent32.exe, Playback - [IMAGE] C:\Users\peter.zenin-ad\AppData\Local\Temp\UITestLogs\LastRun\RPF4A6B.png
\0
W, 1816, 23, 2012/11/05, 07:34:50.482, 4871746856152, QTAgent32.exe, Playback - [WARNING] Internal warning: Couldn't find descendants that match QueryId
\0
W, 1816, 23, 2012/11/05, 07:34:50.482, 4871746859232, QTAgent32.exe, PERF WARNING: FindTopLevelWindowHelper::FindAllDescendents: took 18295 ms. Expected it to take maximum 500 ms.
W, 1816, 23, 2012/11/05, 07:34:54.976, 4871811099315, QTAgent32.exe, Playback - [WARNING] Internal warning: Window with Class "ThunderRT6FormDC" and Title "The Agency Manager Signon" was not found, so similar window with Class "ThunderRT6FormDC" and Title "The Agency Manager" was accepted
\0
W, 1816, 23, 2012/11/05, 07:34:54.976, 4871811103909, QTAgent32.exe, PERF WARNING: FindTopLevelWindowHelper::FindAllDescendents: took 4486 ms. Expected it to take maximum 500 ms.
W, 1816, 23, 2012/11/05, 07:34:56.520, 4871833210139, QTAgent32.exe, Playback - [WARNING] Internal warning: Element "[MSAA, VisibleOnly]ControlType='Window' &amp;&amp; ControlId='7'" was not found, so all intermediate elements were ignored. To improve performance replace this element Id with another Id or exclude it from QueryId. If this element is the target element, replace or remove intermediate elements
\0
W, 1816, 23, 2012/11/05, 07:34:57.035, 4871840701220, QTAgent32.exe, PERF WARNING: FindAllDescendents: took 2065 ms. Expected it to take maximum 500 ms.
W, 1816, 23, 2012/11/05, 07:34:57.363, 4871845274107, QTAgent32.exe, &lt;a class=success&gt;Playback - {3} [SUCCESS] MouseButtonClick - "[MSAA, VisibleOnly]ControlType='Edit'"
\0&lt;/a&gt;
W, 1816, 23, 2012/11/05, 07:34:57.628, 4871849108985, QTAgent32.exe, IEDOM : StopSession of the plugin called before StartSession
W, 1816, 23, 2012/11/05, 07:34:57.628, 4871849110263, QTAgent32.exe, UIA : StopSession of the plugin called before StartSession
W, 1816, 23, 2012/11/05, 07:34:57.628, 4871849111000, QTAgent32.exe, SLPlugin : StopSession of the plugin called before StartSession
</DebugTrace>
        <ErrorInfo>
          <Message>Initialization method TestProject7.TamAutotest.StartTest threw exception. System.ArgumentException: System.ArgumentException: The encoded string can only be used for a password..</Message>
          <StackTrace>    at Microsoft.VisualStudio.TestTools.UITest.Playback.ScreenElement.SendKeys(String keys, ModifierKeys modifierKeys, Boolean isEncoded, Boolean isUnicode)
   at Microsoft.VisualStudio.TestTools.UITesting.UITestControl.SendKeys(String text, ModifierKeys modifierKeys, Boolean isEncoded, Boolean isUnicode)
   at Microsoft.VisualStudio.TestTools.UITesting.Keyboard.SendKeysImplementation(UITestControl control, String text, ModifierKeys modifierKeys, Boolean isEncoded, Boolean isUnicode)
   at Microsoft.VisualStudio.TestTools.UITesting.Keyboard.SendKeysImplementationWrapper(UITestControl control, String text, ModifierKeys modifierKeys, Boolean isEncoded, Boolean isUnicode)
   at Microsoft.VisualStudio.TestTools.UITesting.Keyboard.SendKeys(UITestControl control, String text, Boolean isEncoded)
   at TestProject7.UIMap.Login_new() in C:\TestProject7\TestProject7\UIMap.Designer.cs:line 1968
   at TestProject7.TamAutotest.StartTest() in C:\TestProject7\TestProject7\CodedUITest1.cs:line 30
</StackTrace>
        </ErrorInfo>
      </Output>
    </UnitTestResult>
    <UnitTestResult executionId="70118ab7-a5d6-444d-a913-a611654aec9a" testId="0f4d10f2-7035-3d68-762a-b62c4853fb8a" testName="MotoTest11" computerName="ICLVDEVAP01" duration="00:00:00.5390743" startTime="2012-11-05T07:34:57.6440741+00:00" endTime="2012-11-05T07:34:58.1745523+00:00" testType="13cdc9d9-ddb5-4fa4-a97d-d965ccfc6d4b" outcome="Failed" testListId="8c84fa94-04c1-424b-9868-57a2d4851a1d" relativeResultsDirectory="70118ab7-a5d6-444d-a913-a611654aec9a">
      <Output>
        <DebugTrace>W, 1816, 29, 2012/11/05, 07:34:57.644, 4871849385924, QTAgent32.exe, ExtensionFramework : A Technology Manager with name Web is already registered.
W, 1816, 29, 2012/11/05, 07:34:57.644, 4871849478699, QTAgent32.exe, SLPlugin: Port 4503 already in use
W, 1816, 29, 2012/11/05, 07:34:57.644, 4871849482346, QTAgent32.exe, SLPlugin: Port 943 already in use
W, 1816, 29, 2012/11/05, 07:34:58.174, 4871857056386, QTAgent32.exe, IEDOM : StopSession of the plugin called before StartSession
W, 1816, 29, 2012/11/05, 07:34:58.174, 4871857057571, QTAgent32.exe, UIA : StopSession of the plugin called before StartSession
W, 1816, 29, 2012/11/05, 07:34:58.174, 4871857058358, QTAgent32.exe, SLPlugin : StopSession of the plugin called before StartSession
</DebugTrace>
        <ErrorInfo>
          <Message>Initialization method TestProject7.TamAutotest.StartTest threw exception. Microsoft.VisualStudio.TestTools.UITest.Extension.FailedToLaunchApplicationException: Microsoft.VisualStudio.TestTools.UITest.Extension.FailedToLaunchApplicationException: "The application cannot be started. This could be due to one of the following reasons:
1) Another instance of the application is already running and only one instance can be running at a time.
2) The application started another process and has now stopped. You may need to launch the process directly.
3) You do not have sufficient privileges for this application." File: C:\APPLIED\WINTAM\HOMEBASE.EXE..</Message>
          <StackTrace>    at Microsoft.VisualStudio.TestTools.UITesting.ApplicationUnderTest.ThrowIfProcessNotValid(Process process)
   at Microsoft.VisualStudio.TestTools.UITesting.ApplicationUnderTest.Start(ProcessStartInfo startInfo)
   at Microsoft.VisualStudio.TestTools.UITesting.ApplicationUnderTest..ctor(String fileName, String alternateFileName, String arguments)
   at Microsoft.VisualStudio.TestTools.UITesting.ApplicationUnderTest.Launch(String fileName, String alternateFileName)
   at TestProject7.UIMap.Login_new() in C:\TestProject7\TestProject7\UIMap.Designer.cs:line 1962
   at TestProject7.TamAutotest.StartTest() in C:\TestProject7\TestProject7\CodedUITest1.cs:line 30
</StackTrace>
        </ErrorInfo>
      </Output>
    </UnitTestResult>
    <UnitTestResult executionId="c592394a-d7e7-41db-870a-19dd54684a20" testId="614f56be-e9c0-f1e7-ad65-1f0b7d6a0f1c" testName="MotoTest12" computerName="ICLVDEVAP01" duration="00:00:00.5138865" startTime="2012-11-05T07:34:58.1901546+00:00" endTime="2012-11-05T07:34:58.7050305+00:00" testType="13cdc9d9-ddb5-4fa4-a97d-d965ccfc6d4b" outcome="Failed" testListId="8c84fa94-04c1-424b-9868-57a2d4851a1d" relativeResultsDirectory="c592394a-d7e7-41db-870a-19dd54684a20">
      <Output>
        <DebugTrace>W, 1816, 35, 2012/11/05, 07:34:58.190, 4871857198838, QTAgent32.exe, ExtensionFramework : A Technology Manager with name Web is already registered.
W, 1816, 35, 2012/11/05, 07:34:58.190, 4871857279660, QTAgent32.exe, SLPlugin: Port 4503 already in use
W, 1816, 35, 2012/11/05, 07:34:58.190, 4871857283123, QTAgent32.exe, SLPlugin: Port 943 already in use
W, 1816, 35, 2012/11/05, 07:34:58.705, 4871864512924, QTAgent32.exe, IEDOM : StopSession of the plugin called before StartSession
W, 1816, 35, 2012/11/05, 07:34:58.705, 4871864514261, QTAgent32.exe, UIA : StopSession of the plugin called before StartSession
W, 1816, 35, 2012/11/05, 07:34:58.705, 4871864514951, QTAgent32.exe, SLPlugin : StopSession of the plugin called before StartSession
</DebugTrace>
        <ErrorInfo>
          <Message>Initialization method TestProject7.TamAutotest.StartTest threw exception. Microsoft.VisualStudio.TestTools.UITest.Extension.FailedToLaunchApplicationException: Microsoft.VisualStudio.TestTools.UITest.Extension.FailedToLaunchApplicationException: "The application cannot be started. This could be due to one of the following reasons:
1) Another instance of the application is already running and only one instance can be running at a time.
2) The application started another process and has now stopped. You may need to launch the process directly.
3) You do not have sufficient privileges for this application." File: C:\APPLIED\WINTAM\HOMEBASE.EXE..</Message>
          <StackTrace>    at Microsoft.VisualStudio.TestTools.UITesting.ApplicationUnderTest.ThrowIfProcessNotValid(Process process)
   at Microsoft.VisualStudio.TestTools.UITesting.ApplicationUnderTest.Start(ProcessStartInfo startInfo)
   at Microsoft.VisualStudio.TestTools.UITesting.ApplicationUnderTest..ctor(String fileName, String alternateFileName, String arguments)
   at Microsoft.VisualStudio.TestTools.UITesting.ApplicationUnderTest.Launch(String fileName, String alternateFileName)
   at TestProject7.UIMap.Login_new() in C:\TestProject7\TestProject7\UIMap.Designer.cs:line 1962
   at TestProject7.TamAutotest.StartTest() in C:\TestProject7\TestProject7\CodedUITest1.cs:line 30
</StackTrace>
        </ErrorInfo>
      </Output>
    </UnitTestResult>
    <UnitTestResult executionId="934f3e99-01af-4f86-a05f-42776da555e4" testId="6a41f98c-60c7-3333-a5a3-d5d87b5c35c7" testName="MotoTest2" computerName="ICLVDEVAP01" duration="00:00:00.5130189" startTime="2012-11-05T07:34:58.7050305+00:00" endTime="2012-11-05T07:34:59.2355087+00:00" testType="13cdc9d9-ddb5-4fa4-a97d-d965ccfc6d4b" outcome="Failed" testListId="8c84fa94-04c1-424b-9868-57a2d4851a1d" relativeResultsDirectory="934f3e99-01af-4f86-a05f-42776da555e4">
      <Output>
        <DebugTrace>W, 1816, 41, 2012/11/05, 07:34:58.720, 4871864810796, QTAgent32.exe, ExtensionFramework : A Technology Manager with name Web is already registered.
W, 1816, 41, 2012/11/05, 07:34:58.720, 4871864889933, QTAgent32.exe, SLPlugin: Port 4503 already in use
W, 1816, 41, 2012/11/05, 07:34:58.720, 4871864893193, QTAgent32.exe, SLPlugin: Port 943 already in use
W, 1816, 41, 2012/11/05, 07:34:59.235, 4871872107904, QTAgent32.exe, IEDOM : StopSession of the plugin called before StartSession
W, 1816, 41, 2012/11/05, 07:34:59.235, 4871872109170, QTAgent32.exe, UIA : StopSession of the plugin called before StartSession
W, 1816, 41, 2012/11/05, 07:34:59.235, 4871872109880, QTAgent32.exe, SLPlugin : StopSession of the plugin called before StartSession
</DebugTrace>
        <ErrorInfo>
          <Message>Initialization method TestProject7.TamAutotest.StartTest threw exception. Microsoft.VisualStudio.TestTools.UITest.Extension.FailedToLaunchApplicationException: Microsoft.VisualStudio.TestTools.UITest.Extension.FailedToLaunchApplicationException: "The application cannot be started. This could be due to one of the following reasons:
1) Another instance of the application is already running and only one instance can be running at a time.
2) The application started another process and has now stopped. You may need to launch the process directly.
3) You do not have sufficient privileges for this application." File: C:\APPLIED\WINTAM\HOMEBASE.EXE..</Message>
          <StackTrace>    at Microsoft.VisualStudio.TestTools.UITesting.ApplicationUnderTest.ThrowIfProcessNotValid(Process process)
   at Microsoft.VisualStudio.TestTools.UITesting.ApplicationUnderTest.Start(ProcessStartInfo startInfo)
   at Microsoft.VisualStudio.TestTools.UITesting.ApplicationUnderTest..ctor(String fileName, String alternateFileName, String arguments)
   at Microsoft.VisualStudio.TestTools.UITesting.ApplicationUnderTest.Launch(String fileName, String alternateFileName)
   at TestProject7.UIMap.Login_new() in C:\TestProject7\TestProject7\UIMap.Designer.cs:line 1962
   at TestProject7.TamAutotest.StartTest() in C:\TestProject7\TestProject7\CodedUITest1.cs:line 30
</StackTrace>
        </ErrorInfo>
      </Output>
    </UnitTestResult>
    <UnitTestResult executionId="48303a09-5bd0-4c00-b638-eb1af6be2c68" testId="450e4b2d-ad88-da3f-6d50-5c9a0ae1aa51" testName="MotoTest3" computerName="ICLVDEVAP01" duration="00:00:00.5229341" startTime="2012-11-05T07:34:59.2355087+00:00" endTime="2012-11-05T07:34:59.7659869+00:00" testType="13cdc9d9-ddb5-4fa4-a97d-d965ccfc6d4b" outcome="Failed" testListId="8c84fa94-04c1-424b-9868-57a2d4851a1d" relativeResultsDirectory="48303a09-5bd0-4c00-b638-eb1af6be2c68">
      <Output>
        <DebugTrace>W, 1816, 33, 2012/11/05, 07:34:59.235, 4871872261091, QTAgent32.exe, ExtensionFramework : A Technology Manager with name Web is already registered.
W, 1816, 33, 2012/11/05, 07:34:59.251, 4871872349448, QTAgent32.exe, SLPlugin: Port 4503 already in use
W, 1816, 33, 2012/11/05, 07:34:59.251, 4871872352787, QTAgent32.exe, SLPlugin: Port 943 already in use
W, 1816, 33, 2012/11/05, 07:34:59.765, 4871879703781, QTAgent32.exe, IEDOM : StopSession of the plugin called before StartSession
W, 1816, 33, 2012/11/05, 07:34:59.765, 4871879705073, QTAgent32.exe, UIA : StopSession of the plugin called before StartSession
W, 1816, 33, 2012/11/05, 07:34:59.765, 4871879705786, QTAgent32.exe, SLPlugin : StopSession of the plugin called before StartSession
</DebugTrace>
        <ErrorInfo>
          <Message>Initialization method TestProject7.TamAutotest.StartTest threw exception. Microsoft.VisualStudio.TestTools.UITest.Extension.FailedToLaunchApplicationException: Microsoft.VisualStudio.TestTools.UITest.Extension.FailedToLaunchApplicationException: "The application cannot be started. This could be due to one of the following reasons:
1) Another instance of the application is already running and only one instance can be running at a time.
2) The application started another process and has now stopped. You may need to launch the process directly.
3) You do not have sufficient privileges for this application." File: C:\APPLIED\WINTAM\HOMEBASE.EXE..</Message>
          <StackTrace>    at Microsoft.VisualStudio.TestTools.UITesting.ApplicationUnderTest.ThrowIfProcessNotValid(Process process)
   at Microsoft.VisualStudio.TestTools.UITesting.ApplicationUnderTest.Start(ProcessStartInfo startInfo)
   at Microsoft.VisualStudio.TestTools.UITesting.ApplicationUnderTest..ctor(String fileName, String alternateFileName, String arguments)
   at Microsoft.VisualStudio.TestTools.UITesting.ApplicationUnderTest.Launch(String fileName, String alternateFileName)
   at TestProject7.UIMap.Login_new() in C:\TestProject7\TestProject7\UIMap.Designer.cs:line 1962
   at TestProject7.TamAutotest.StartTest() in C:\TestProject7\TestProject7\CodedUITest1.cs:line 30
</StackTrace>
        </ErrorInfo>
      </Output>
    </UnitTestResult>
    <UnitTestResult executionId="51f1b1c3-26df-4f09-936d-4d32a4d5f8a5" testId="4e743fde-a814-86c0-27fd-8728ac2cb692" testName="MotoTest4" computerName="ICLVDEVAP01" duration="00:00:00.5232681" startTime="2012-11-05T07:34:59.7659869+00:00" endTime="2012-11-05T07:35:00.2964651+00:00" testType="13cdc9d9-ddb5-4fa4-a97d-d965ccfc6d4b" outcome="Failed" testListId="8c84fa94-04c1-424b-9868-57a2d4851a1d" relativeResultsDirectory="51f1b1c3-26df-4f09-936d-4d32a4d5f8a5">
      <Output>
        <DebugTrace>W, 1816, 27, 2012/11/05, 07:34:59.765, 4871879849346, QTAgent32.exe, ExtensionFramework : A Technology Manager with name Web is already registered.
W, 1816, 27, 2012/11/05, 07:34:59.781, 4871879933660, QTAgent32.exe, SLPlugin: Port 4503 already in use
W, 1816, 27, 2012/11/05, 07:34:59.781, 4871879937034, QTAgent32.exe, SLPlugin: Port 943 already in use
W, 1816, 27, 2012/11/05, 07:35:00.296, 4871887297412, QTAgent32.exe, IEDOM : StopSession of the plugin called before StartSession
W, 1816, 27, 2012/11/05, 07:35:00.296, 4871887298735, QTAgent32.exe, UIA : StopSession of the plugin called before StartSession
W, 1816, 27, 2012/11/05, 07:35:00.296, 4871887299469, QTAgent32.exe, SLPlugin : StopSession of the plugin called before StartSession
</DebugTrace>
        <ErrorInfo>
          <Message>Initialization method TestProject7.TamAutotest.StartTest threw exception. Microsoft.VisualStudio.TestTools.UITest.Extension.FailedToLaunchApplicationException: Microsoft.VisualStudio.TestTools.UITest.Extension.FailedToLaunchApplicationException: "The application cannot be started. This could be due to one of the following reasons:
1) Another instance of the application is already running and only one instance can be running at a time.
2) The application started another process and has now stopped. You may need to launch the process directly.
3) You do not have sufficient privileges for this application." File: C:\APPLIED\WINTAM\HOMEBASE.EXE..</Message>
          <StackTrace>    at Microsoft.VisualStudio.TestTools.UITesting.ApplicationUnderTest.ThrowIfProcessNotValid(Process process)
   at Microsoft.VisualStudio.TestTools.UITesting.ApplicationUnderTest.Start(ProcessStartInfo startInfo)
   at Microsoft.VisualStudio.TestTools.UITesting.ApplicationUnderTest..ctor(String fileName, String alternateFileName, String arguments)
   at Microsoft.VisualStudio.TestTools.UITesting.ApplicationUnderTest.Launch(String fileName, String alternateFileName)
   at TestProject7.UIMap.Login_new() in C:\TestProject7\TestProject7\UIMap.Designer.cs:line 1962
   at TestProject7.TamAutotest.StartTest() in C:\TestProject7\TestProject7\CodedUITest1.cs:line 30
</StackTrace>
        </ErrorInfo>
      </Output>
    </UnitTestResult>
    <UnitTestResult executionId="166015f0-a480-472b-b0e4-fe9c15c82533" testId="10042bab-44aa-7cea-8ac0-06cc3b3adbb3" testName="MotoTest5" computerName="ICLVDEVAP01" duration="00:00:00.5229210" startTime="2012-11-05T07:35:00.2964651+00:00" endTime="2012-11-05T07:35:00.8269433+00:00" testType="13cdc9d9-ddb5-4fa4-a97d-d965ccfc6d4b" outcome="Failed" testListId="8c84fa94-04c1-424b-9868-57a2d4851a1d" relativeResultsDirectory="166015f0-a480-472b-b0e4-fe9c15c82533">
      <Output>
        <DebugTrace>W, 1816, 42, 2012/11/05, 07:35:00.296, 4871887449275, QTAgent32.exe, ExtensionFramework : A Technology Manager with name Web is already registered.
W, 1816, 42, 2012/11/05, 07:35:00.312, 4871887534115, QTAgent32.exe, SLPlugin: Port 4503 already in use
W, 1816, 42, 2012/11/05, 07:35:00.312, 4871887537513, QTAgent32.exe, SLPlugin: Port 943 already in use
W, 1816, 42, 2012/11/05, 07:35:00.826, 4871894891305, QTAgent32.exe, IEDOM : StopSession of the plugin called before StartSession
W, 1816, 42, 2012/11/05, 07:35:00.826, 4871894892605, QTAgent32.exe, UIA : StopSession of the plugin called before StartSession
W, 1816, 42, 2012/11/05, 07:35:00.826, 4871894893340, QTAgent32.exe, SLPlugin : StopSession of the plugin called before StartSession
</DebugTrace>
        <ErrorInfo>
          <Message>Initialization method TestProject7.TamAutotest.StartTest threw exception. Microsoft.VisualStudio.TestTools.UITest.Extension.FailedToLaunchApplicationException: Microsoft.VisualStudio.TestTools.UITest.Extension.FailedToLaunchApplicationException: "The application cannot be started. This could be due to one of the following reasons:
1) Another instance of the application is already running and only one instance can be running at a time.
2) The application started another process and has now stopped. You may need to launch the process directly.
3) You do not have sufficient privileges for this application." File: C:\APPLIED\WINTAM\HOMEBASE.EXE..</Message>
          <StackTrace>    at Microsoft.VisualStudio.TestTools.UITesting.ApplicationUnderTest.ThrowIfProcessNotValid(Process process)
   at Microsoft.VisualStudio.TestTools.UITesting.ApplicationUnderTest.Start(ProcessStartInfo startInfo)
   at Microsoft.VisualStudio.TestTools.UITesting.ApplicationUnderTest..ctor(String fileName, String alternateFileName, String arguments)
   at Microsoft.VisualStudio.TestTools.UITesting.ApplicationUnderTest.Launch(String fileName, String alternateFileName)
   at TestProject7.UIMap.Login_new() in C:\TestProject7\TestProject7\UIMap.Designer.cs:line 1962
   at TestProject7.TamAutotest.StartTest() in C:\TestProject7\TestProject7\CodedUITest1.cs:line 30
</StackTrace>
        </ErrorInfo>
      </Output>
    </UnitTestResult>
    <UnitTestResult executionId="b49cfaa8-aa8d-4a4a-8684-c8043480c372" testId="b7f68495-37f9-58f0-5c9b-6e190b9adaa8" testName="MotoTest6" computerName="ICLVDEVAP01" duration="00:00:00.5231355" startTime="2012-11-05T07:35:00.8269433+00:00" endTime="2012-11-05T07:35:01.3574215+00:00" testType="13cdc9d9-ddb5-4fa4-a97d-d965ccfc6d4b" outcome="Failed" testListId="8c84fa94-04c1-424b-9868-57a2d4851a1d" relativeResultsDirectory="b49cfaa8-aa8d-4a4a-8684-c8043480c372">
      <Output>
        <DebugTrace>W, 1816, 48, 2012/11/05, 07:35:00.826, 4871895039075, QTAgent32.exe, ExtensionFramework : A Technology Manager with name Web is already registered.
W, 1816, 48, 2012/11/05, 07:35:00.842, 4871895123957, QTAgent32.exe, SLPlugin: Port 4503 already in use
W, 1816, 48, 2012/11/05, 07:35:00.842, 4871895127344, QTAgent32.exe, SLPlugin: Port 943 already in use
W, 1816, 48, 2012/11/05, 07:35:01.357, 4871902485803, QTAgent32.exe, IEDOM : StopSession of the plugin called before StartSession
W, 1816, 48, 2012/11/05, 07:35:01.357, 4871902487069, QTAgent32.exe, UIA : StopSession of the plugin called before StartSession
W, 1816, 48, 2012/11/05, 07:35:01.357, 4871902487763, QTAgent32.exe, SLPlugin : StopSession of the plugin called before StartSession
</DebugTrace>
        <ErrorInfo>
          <Message>Initialization method TestProject7.TamAutotest.StartTest threw exception. Microsoft.VisualStudio.TestTools.UITest.Extension.FailedToLaunchApplicationException: Microsoft.VisualStudio.TestTools.UITest.Extension.FailedToLaunchApplicationException: "The application cannot be started. This could be due to one of the following reasons:
1) Another instance of the application is already running and only one instance can be running at a time.
2) The application started another process and has now stopped. You may need to launch the process directly.
3) You do not have sufficient privileges for this application." File: C:\APPLIED\WINTAM\HOMEBASE.EXE..</Message>
          <StackTrace>    at Microsoft.VisualStudio.TestTools.UITesting.ApplicationUnderTest.ThrowIfProcessNotValid(Process process)
   at Microsoft.VisualStudio.TestTools.UITesting.ApplicationUnderTest.Start(ProcessStartInfo startInfo)
   at Microsoft.VisualStudio.TestTools.UITesting.ApplicationUnderTest..ctor(String fileName, String alternateFileName, String arguments)
   at Microsoft.VisualStudio.TestTools.UITesting.ApplicationUnderTest.Launch(String fileName, String alternateFileName)
   at TestProject7.UIMap.Login_new() in C:\TestProject7\TestProject7\UIMap.Designer.cs:line 1962
   at TestProject7.TamAutotest.StartTest() in C:\TestProject7\TestProject7\CodedUITest1.cs:line 30
</StackTrace>
        </ErrorInfo>
      </Output>
    </UnitTestResult>
    <UnitTestResult executionId="19589dc5-84e8-48bc-bf7d-0db801c23df8" testId="e022376f-b2fb-4981-6140-b019eeaa6c94" testName="MotoTest7" computerName="ICLVDEVAP01" duration="00:00:00.5236916" startTime="2012-11-05T07:35:01.3574215+00:00" endTime="2012-11-05T07:35:01.8878997+00:00" testType="13cdc9d9-ddb5-4fa4-a97d-d965ccfc6d4b" outcome="Failed" testListId="8c84fa94-04c1-424b-9868-57a2d4851a1d" relativeResultsDirectory="19589dc5-84e8-48bc-bf7d-0db801c23df8">
      <Output>
        <DebugTrace>W, 1816, 54, 2012/11/05, 07:35:01.357, 4871902625907, QTAgent32.exe, ExtensionFramework : A Technology Manager with name Web is already registered.
W, 1816, 54, 2012/11/05, 07:35:01.373, 4871902706688, QTAgent32.exe, SLPlugin: Port 4503 already in use
W, 1816, 54, 2012/11/05, 07:35:01.373, 4871902710173, QTAgent32.exe, SLPlugin: Port 943 already in use
W, 1816, 54, 2012/11/05, 07:35:01.887, 4871910080830, QTAgent32.exe, IEDOM : StopSession of the plugin called before StartSession
W, 1816, 54, 2012/11/05, 07:35:01.887, 4871910082097, QTAgent32.exe, UIA : StopSession of the plugin called before StartSession
W, 1816, 54, 2012/11/05, 07:35:01.887, 4871910082839, QTAgent32.exe, SLPlugin : StopSession of the plugin called before StartSession
</DebugTrace>
        <ErrorInfo>
          <Message>Initialization method TestProject7.TamAutotest.StartTest threw exception. Microsoft.VisualStudio.TestTools.UITest.Extension.FailedToLaunchApplicationException: Microsoft.VisualStudio.TestTools.UITest.Extension.FailedToLaunchApplicationException: "The application cannot be started. This could be due to one of the following reasons:
1) Another instance of the application is already running and only one instance can be running at a time.
2) The application started another process and has now stopped. You may need to launch the process directly.
3) You do not have sufficient privileges for this application." File: C:\APPLIED\WINTAM\HOMEBASE.EXE..</Message>
          <StackTrace>    at Microsoft.VisualStudio.TestTools.UITesting.ApplicationUnderTest.ThrowIfProcessNotValid(Process process)
   at Microsoft.VisualStudio.TestTools.UITesting.ApplicationUnderTest.Start(ProcessStartInfo startInfo)
   at Microsoft.VisualStudio.TestTools.UITesting.ApplicationUnderTest..ctor(String fileName, String alternateFileName, String arguments)
   at Microsoft.VisualStudio.TestTools.UITesting.ApplicationUnderTest.Launch(String fileName, String alternateFileName)
   at TestProject7.UIMap.Login_new() in C:\TestProject7\TestProject7\UIMap.Designer.cs:line 1962
   at TestProject7.TamAutotest.StartTest() in C:\TestProject7\TestProject7\CodedUITest1.cs:line 30
</StackTrace>
        </ErrorInfo>
      </Output>
    </UnitTestResult>
    <UnitTestResult executionId="118de913-d998-4878-b7c5-af4567ddd123" testId="07cf762e-0596-8be3-6b38-ed80b9a02463" testName="MotoTest8" computerName="ICLVDEVAP01" duration="00:00:00.5235858" startTime="2012-11-05T07:35:01.8878997+00:00" endTime="2012-11-05T07:35:02.4183779+00:00" testType="13cdc9d9-ddb5-4fa4-a97d-d965ccfc6d4b" outcome="Failed" testListId="8c84fa94-04c1-424b-9868-57a2d4851a1d" relativeResultsDirectory="118de913-d998-4878-b7c5-af4567ddd123">
      <Output>
        <DebugTrace>W, 1816, 60, 2012/11/05, 07:35:01.887, 4871910223680, QTAgent32.exe, ExtensionFramework : A Technology Manager with name Web is already registered.
W, 1816, 60, 2012/11/05, 07:35:01.903, 4871910308243, QTAgent32.exe, SLPlugin: Port 4503 already in use
W, 1816, 60, 2012/11/05, 07:35:01.903, 4871910311644, QTAgent32.exe, SLPlugin: Port 943 already in use
W, 1816, 60, 2012/11/05, 07:35:02.418, 4871917674280, QTAgent32.exe, IEDOM : StopSession of the plugin called before StartSession
W, 1816, 60, 2012/11/05, 07:35:02.418, 4871917675525, QTAgent32.exe, UIA : StopSession of the plugin called before StartSession
W, 1816, 60, 2012/11/05, 07:35:02.418, 4871917676256, QTAgent32.exe, SLPlugin : StopSession of the plugin called before StartSession
</DebugTrace>
        <ErrorInfo>
          <Message>Initialization method TestProject7.TamAutotest.StartTest threw exception. Microsoft.VisualStudio.TestTools.UITest.Extension.FailedToLaunchApplicationException: Microsoft.VisualStudio.TestTools.UITest.Extension.FailedToLaunchApplicationException: "The application cannot be started. This could be due to one of the following reasons:
1) Another instance of the application is already running and only one instance can be running at a time.
2) The application started another process and has now stopped. You may need to launch the process directly.
3) You do not have sufficient privileges for this application." File: C:\APPLIED\WINTAM\HOMEBASE.EXE..</Message>
          <StackTrace>    at Microsoft.VisualStudio.TestTools.UITesting.ApplicationUnderTest.ThrowIfProcessNotValid(Process process)
   at Microsoft.VisualStudio.TestTools.UITesting.ApplicationUnderTest.Start(ProcessStartInfo startInfo)
   at Microsoft.VisualStudio.TestTools.UITesting.ApplicationUnderTest..ctor(String fileName, String alternateFileName, String arguments)
   at Microsoft.VisualStudio.TestTools.UITesting.ApplicationUnderTest.Launch(String fileName, String alternateFileName)
   at TestProject7.UIMap.Login_new() in C:\TestProject7\TestProject7\UIMap.Designer.cs:line 1962
   at TestProject7.TamAutotest.StartTest() in C:\TestProject7\TestProject7\CodedUITest1.cs:line 30
</StackTrace>
        </ErrorInfo>
      </Output>
    </UnitTestResult>
    <UnitTestResult executionId="8b54056e-540b-439a-bad3-054297757beb" testId="1820a643-3d71-abad-9636-2b810c74ae19" testName="MotoTest9" computerName="ICLVDEVAP01" duration="00:00:00.5235562" startTime="2012-11-05T07:35:02.4183779+00:00" endTime="2012-11-05T07:35:02.9488561+00:00" testType="13cdc9d9-ddb5-4fa4-a97d-d965ccfc6d4b" outcome="Failed" testListId="8c84fa94-04c1-424b-9868-57a2d4851a1d" relativeResultsDirectory="8b54056e-540b-439a-bad3-054297757beb">
      <Output>
        <DebugTrace>W, 1816, 66, 2012/11/05, 07:35:02.418, 4871917820319, QTAgent32.exe, ExtensionFramework : A Technology Manager with name Web is already registered.
W, 1816, 66, 2012/11/05, 07:35:02.433, 4871917903141, QTAgent32.exe, SLPlugin: Port 4503 already in use
W, 1816, 66, 2012/11/05, 07:35:02.433, 4871917906524, QTAgent32.exe, SLPlugin: Port 943 already in use
W, 1816, 66, 2012/11/05, 07:35:02.948, 4871925270633, QTAgent32.exe, IEDOM : StopSession of the plugin called before StartSession
W, 1816, 66, 2012/11/05, 07:35:02.948, 4871925271903, QTAgent32.exe, UIA : StopSession of the plugin called before StartSession
W, 1816, 66, 2012/11/05, 07:35:02.948, 4871925272644, QTAgent32.exe, SLPlugin : StopSession of the plugin called before StartSession
</DebugTrace>
        <ErrorInfo>
          <Message>Initialization method TestProject7.TamAutotest.StartTest threw exception. Microsoft.VisualStudio.TestTools.UITest.Extension.FailedToLaunchApplicationException: Microsoft.VisualStudio.TestTools.UITest.Extension.FailedToLaunchApplicationException: "The application cannot be started. This could be due to one of the following reasons:
1) Another instance of the application is already running and only one instance can be running at a time.
2) The application started another process and has now stopped. You may need to launch the process directly.
3) You do not have sufficient privileges for this application." File: C:\APPLIED\WINTAM\HOMEBASE.EXE..</Message>
          <StackTrace>    at Microsoft.VisualStudio.TestTools.UITesting.ApplicationUnderTest.ThrowIfProcessNotValid(Process process)
   at Microsoft.VisualStudio.TestTools.UITesting.ApplicationUnderTest.Start(ProcessStartInfo startInfo)
   at Microsoft.VisualStudio.TestTools.UITesting.ApplicationUnderTest..ctor(String fileName, String alternateFileName, String arguments)
   at Microsoft.VisualStudio.TestTools.UITesting.ApplicationUnderTest.Launch(String fileName, String alternateFileName)
   at TestProject7.UIMap.Login_new() in C:\TestProject7\TestProject7\UIMap.Designer.cs:line 1962
   at TestProject7.TamAutotest.StartTest() in C:\TestProject7\TestProject7\CodedUITest1.cs:line 30
</StackTrace>
        </ErrorInfo>
      </Output>
    </UnitTestResult>
  </Results>
</TestRun>