<?xml version="1.0" encoding="UTF-8"?>
<TestRun id="2583deea-35b8-453b-b2d4-8cd22b6e2b35" name="peter.zenin-ad@ICLVDEVAP01 2012-11-01 16:15:50" runUser="INSUR-E\peter.zenin-ad" xmlns="http://microsoft.com/schemas/VisualStudio/TeamTest/2010">
  <TestSettings name="Default Test Settings" id="6d5f8039-01e6-4ab3-b69d-1995eba8904c">
    <Execution>
      <TestTypeSpecific />
      <AgentRule name="Execution Agents">
      </AgentRule>
    </Execution>
    <Deployment runDeploymentRoot="peter.zenin-ad_ICLVDEVAP01 2012-11-01 16_15_50" />
  </TestSettings>
  <Times creation="2012-11-01T16:15:50.5925137+00:00" queuing="2012-11-01T16:15:50.8815426+00:00" start="2012-11-01T16:15:50.9445489+00:00" finish="2012-11-01T16:33:12.4580942+00:00" />
  <ResultSummary outcome="Failed">
    <Counters total="12" executed="12" passed="4" error="0" failed="8" timeout="0" aborted="0" inconclusive="0" passedButRunAborted="0" notRunnable="0" notExecuted="0" disconnected="0" warning="0" completed="0" inProgress="0" pending="0" />
  </ResultSummary>
  <TestDefinitions>
    <UnitTest name="MotoTest11" storage="testproject7.dll" id="0f4d10f2-7035-3d68-762a-b62c4853fb8a">
      <Execution id="6f5624eb-1d89-4ccf-b815-85371f11ecba" />
      <TestMethod codeBase="C:/Users/peter.zenin-ad/Desktop/TestProject7/TestProject7/bin/Debug/TestProject7.dll" adapterTypeName="Microsoft.VisualStudio.TestTools.TestTypes.Unit.UnitTestAdapter, Microsoft.VisualStudio.QualityTools.Tips.UnitTest.Adapter, Version=10.0.0.0, Culture=neutral, PublicKeyToken=b03f5f7f11d50a3a" className="TestProject7.TamAutotest, TestProject7, Version=1.0.0.0, Culture=neutral, PublicKeyToken=null" name="MotoTest11" />
      <Extension>Microsoft.VisualStudio.TestTools.UITesting.CodedUITestAttribute, Microsoft.VisualStudio.QualityTools.CodedUITestFramework, Version=10.0.0.0, Culture=neutral, PublicKeyToken=b03f5f7f11d50a3a</Extension>
    </UnitTest>
    <UnitTest name="MotoTest8" storage="testproject7.dll" id="07cf762e-0596-8be3-6b38-ed80b9a02463">
      <Execution id="34a0de96-efdc-481e-af50-1b6c7aad06d9" />
      <TestMethod codeBase="C:/Users/peter.zenin-ad/Desktop/TestProject7/TestProject7/bin/Debug/TestProject7.dll" adapterTypeName="Microsoft.VisualStudio.TestTools.TestTypes.Unit.UnitTestAdapter, Microsoft.VisualStudio.QualityTools.Tips.UnitTest.Adapter, Version=10.0.0.0, Culture=neutral, PublicKeyToken=b03f5f7f11d50a3a" className="TestProject7.TamAutotest, TestProject7, Version=1.0.0.0, Culture=neutral, PublicKeyToken=null" name="MotoTest8" />
      <Extension>Microsoft.VisualStudio.TestTools.UITesting.CodedUITestAttribute, Microsoft.VisualStudio.QualityTools.CodedUITestFramework, Version=10.0.0.0, Culture=neutral, PublicKeyToken=b03f5f7f11d50a3a</Extension>
    </UnitTest>
    <UnitTest name="MotoTest3" storage="testproject7.dll" id="450e4b2d-ad88-da3f-6d50-5c9a0ae1aa51">
      <Execution id="c97b904a-6915-4e46-87aa-3079879e6f72" />
      <TestMethod codeBase="C:/Users/peter.zenin-ad/Desktop/TestProject7/TestProject7/bin/Debug/TestProject7.dll" adapterTypeName="Microsoft.VisualStudio.TestTools.TestTypes.Unit.UnitTestAdapter, Microsoft.VisualStudio.QualityTools.Tips.UnitTest.Adapter, Version=10.0.0.0, Culture=neutral, PublicKeyToken=b03f5f7f11d50a3a" className="TestProject7.TamAutotest, TestProject7, Version=1.0.0.0, Culture=neutral, PublicKeyToken=null" name="MotoTest3" />
      <Extension>Microsoft.VisualStudio.TestTools.UITesting.CodedUITestAttribute, Microsoft.VisualStudio.QualityTools.CodedUITestFramework, Version=10.0.0.0, Culture=neutral, PublicKeyToken=b03f5f7f11d50a3a</Extension>
    </UnitTest>
    <UnitTest name="MotoTest7" storage="testproject7.dll" id="e022376f-b2fb-4981-6140-b019eeaa6c94">
      <Execution id="6458e561-f061-4652-a1a7-9d1b4b3c9016" />
      <TestMethod codeBase="C:/Users/peter.zenin-ad/Desktop/TestProject7/TestProject7/bin/Debug/TestProject7.dll" adapterTypeName="Microsoft.VisualStudio.TestTools.TestTypes.Unit.UnitTestAdapter, Microsoft.VisualStudio.QualityTools.Tips.UnitTest.Adapter, Version=10.0.0.0, Culture=neutral, PublicKeyToken=b03f5f7f11d50a3a" className="TestProject7.TamAutotest, TestProject7, Version=1.0.0.0, Culture=neutral, PublicKeyToken=null" name="MotoTest7" />
      <Extension>Microsoft.VisualStudio.TestTools.UITesting.CodedUITestAttribute, Microsoft.VisualStudio.QualityTools.CodedUITestFramework, Version=10.0.0.0, Culture=neutral, PublicKeyToken=b03f5f7f11d50a3a</Extension>
    </UnitTest>
    <UnitTest name="MotoTest12" storage="testproject7.dll" id="614f56be-e9c0-f1e7-ad65-1f0b7d6a0f1c">
      <Execution id="16b1066c-a4b9-4a0c-8b18-5be953821032" />
      <TestMethod codeBase="C:/Users/peter.zenin-ad/Desktop/TestProject7/TestProject7/bin/Debug/TestProject7.dll" adapterTypeName="Microsoft.VisualStudio.TestTools.TestTypes.Unit.UnitTestAdapter, Microsoft.VisualStudio.QualityTools.Tips.UnitTest.Adapter, Version=10.0.0.0, Culture=neutral, PublicKeyToken=b03f5f7f11d50a3a" className="TestProject7.TamAutotest, TestProject7, Version=1.0.0.0, Culture=neutral, PublicKeyToken=null" name="MotoTest12" />
      <Extension>Microsoft.VisualStudio.TestTools.UITesting.CodedUITestAttribute, Microsoft.VisualStudio.QualityTools.CodedUITestFramework, Version=10.0.0.0, Culture=neutral, PublicKeyToken=b03f5f7f11d50a3a</Extension>
    </UnitTest>
    <UnitTest name="MotoTest5" storage="testproject7.dll" id="10042bab-44aa-7cea-8ac0-06cc3b3adbb3">
      <Execution id="ccd7d0bf-1f8b-40cc-a5b5-75f6831db0b4" />
      <TestMethod codeBase="C:/Users/peter.zenin-ad/Desktop/TestProject7/TestProject7/bin/Debug/TestProject7.dll" adapterTypeName="Microsoft.VisualStudio.TestTools.TestTypes.Unit.UnitTestAdapter, Microsoft.VisualStudio.QualityTools.Tips.UnitTest.Adapter, Version=10.0.0.0, Culture=neutral, PublicKeyToken=b03f5f7f11d50a3a" className="TestProject7.TamAutotest, TestProject7, Version=1.0.0.0, Culture=neutral, PublicKeyToken=null" name="MotoTest5" />
      <Extension>Microsoft.VisualStudio.TestTools.UITesting.CodedUITestAttribute, Microsoft.VisualStudio.QualityTools.CodedUITestFramework, Version=10.0.0.0, Culture=neutral, PublicKeyToken=b03f5f7f11d50a3a</Extension>
    </UnitTest>
    <UnitTest name="MotoTest4" storage="testproject7.dll" id="4e743fde-a814-86c0-27fd-8728ac2cb692">
      <Execution id="616a77ef-99a6-4bad-9202-d95ac9d810b8" />
      <TestMethod codeBase="C:/Users/peter.zenin-ad/Desktop/TestProject7/TestProject7/bin/Debug/TestProject7.dll" adapterTypeName="Microsoft.VisualStudio.TestTools.TestTypes.Unit.UnitTestAdapter, Microsoft.VisualStudio.QualityTools.Tips.UnitTest.Adapter, Version=10.0.0.0, Culture=neutral, PublicKeyToken=b03f5f7f11d50a3a" className="TestProject7.TamAutotest, TestProject7, Version=1.0.0.0, Culture=neutral, PublicKeyToken=null" name="MotoTest4" />
      <Extension>Microsoft.VisualStudio.TestTools.UITesting.CodedUITestAttribute, Microsoft.VisualStudio.QualityTools.CodedUITestFramework, Version=10.0.0.0, Culture=neutral, PublicKeyToken=b03f5f7f11d50a3a</Extension>
    </UnitTest>
    <UnitTest name="MotoTest2" storage="testproject7.dll" id="6a41f98c-60c7-3333-a5a3-d5d87b5c35c7">
      <Execution id="13f74336-d9af-4b49-a9a0-a79816f81e58" />
      <TestMethod codeBase="C:/Users/peter.zenin-ad/Desktop/TestProject7/TestProject7/bin/Debug/TestProject7.dll" adapterTypeName="Microsoft.VisualStudio.TestTools.TestTypes.Unit.UnitTestAdapter, Microsoft.VisualStudio.QualityTools.Tips.UnitTest.Adapter, Version=10.0.0.0, Culture=neutral, PublicKeyToken=b03f5f7f11d50a3a" className="TestProject7.TamAutotest, TestProject7, Version=1.0.0.0, Culture=neutral, PublicKeyToken=null" name="MotoTest2" />
      <Extension>Microsoft.VisualStudio.TestTools.UITesting.CodedUITestAttribute, Microsoft.VisualStudio.QualityTools.CodedUITestFramework, Version=10.0.0.0, Culture=neutral, PublicKeyToken=b03f5f7f11d50a3a</Extension>
    </UnitTest>
    <UnitTest name="MotoTest6" storage="testproject7.dll" id="b7f68495-37f9-58f0-5c9b-6e190b9adaa8">
      <Execution id="fa9d1f79-48d4-481f-839c-fde5e4b90443" />
      <TestMethod codeBase="C:/Users/peter.zenin-ad/Desktop/TestProject7/TestProject7/bin/Debug/TestProject7.dll" adapterTypeName="Microsoft.VisualStudio.TestTools.TestTypes.Unit.UnitTestAdapter, Microsoft.VisualStudio.QualityTools.Tips.UnitTest.Adapter, Version=10.0.0.0, Culture=neutral, PublicKeyToken=b03f5f7f11d50a3a" className="TestProject7.TamAutotest, TestProject7, Version=1.0.0.0, Culture=neutral, PublicKeyToken=null" name="MotoTest6" />
      <Extension>Microsoft.VisualStudio.TestTools.UITesting.CodedUITestAttribute, Microsoft.VisualStudio.QualityTools.CodedUITestFramework, Version=10.0.0.0, Culture=neutral, PublicKeyToken=b03f5f7f11d50a3a</Extension>
    </UnitTest>
    <UnitTest name="MotoTest10" storage="testproject7.dll" id="8efed318-945d-2a9d-e29d-a71a05da5660">
      <Execution id="35fd9efd-175b-4ae8-8f8a-5bc8f2786107" />
      <TestMethod codeBase="C:/Users/peter.zenin-ad/Desktop/TestProject7/TestProject7/bin/Debug/TestProject7.dll" adapterTypeName="Microsoft.VisualStudio.TestTools.TestTypes.Unit.UnitTestAdapter, Microsoft.VisualStudio.QualityTools.Tips.UnitTest.Adapter, Version=10.0.0.0, Culture=neutral, PublicKeyToken=b03f5f7f11d50a3a" className="TestProject7.TamAutotest, TestProject7, Version=1.0.0.0, Culture=neutral, PublicKeyToken=null" name="MotoTest10" />
      <Extension>Microsoft.VisualStudio.TestTools.UITesting.CodedUITestAttribute, Microsoft.VisualStudio.QualityTools.CodedUITestFramework, Version=10.0.0.0, Culture=neutral, PublicKeyToken=b03f5f7f11d50a3a</Extension>
    </UnitTest>
    <UnitTest name="MotoTest1" storage="testproject7.dll" id="9e6b6d54-b79f-e7d9-2609-a84c350c12a1">
      <Execution id="9deab28b-d4f4-4aa1-b0dc-11561ee9c46d" />
      <TestMethod codeBase="C:/Users/peter.zenin-ad/Desktop/TestProject7/TestProject7/bin/Debug/TestProject7.dll" adapterTypeName="Microsoft.VisualStudio.TestTools.TestTypes.Unit.UnitTestAdapter, Microsoft.VisualStudio.QualityTools.Tips.UnitTest.Adapter, Version=10.0.0.0, Culture=neutral, PublicKeyToken=b03f5f7f11d50a3a" className="TestProject7.TamAutotest, TestProject7, Version=1.0.0.0, Culture=neutral, PublicKeyToken=null" name="MotoTest1" />
      <Extension>Microsoft.VisualStudio.TestTools.UITesting.CodedUITestAttribute, Microsoft.VisualStudio.QualityTools.CodedUITestFramework, Version=10.0.0.0, Culture=neutral, PublicKeyToken=b03f5f7f11d50a3a</Extension>
    </UnitTest>
    <UnitTest name="MotoTest9" storage="testproject7.dll" id="1820a643-3d71-abad-9636-2b810c74ae19">
      <Execution id="98364624-97b6-48bf-8f42-ddcd5162b86f" />
      <TestMethod codeBase="C:/Users/peter.zenin-ad/Desktop/TestProject7/TestProject7/bin/Debug/TestProject7.dll" adapterTypeName="Microsoft.VisualStudio.TestTools.TestTypes.Unit.UnitTestAdapter, Microsoft.VisualStudio.QualityTools.Tips.UnitTest.Adapter, Version=10.0.0.0, Culture=neutral, PublicKeyToken=b03f5f7f11d50a3a" className="TestProject7.TamAutotest, TestProject7, Version=1.0.0.0, Culture=neutral, PublicKeyToken=null" name="MotoTest9" />
      <Extension>Microsoft.VisualStudio.TestTools.UITesting.CodedUITestAttribute, Microsoft.VisualStudio.QualityTools.CodedUITestFramework, Version=10.0.0.0, Culture=neutral, PublicKeyToken=b03f5f7f11d50a3a</Extension>
    </UnitTest>
  </TestDefinitions>
  <TestLists>
    <TestList name="Results Not in a List" id="8c84fa94-04c1-424b-9868-57a2d4851a1d" />
    <TestList name="All Loaded Results" id="19431567-8539-422a-85d7-44ee4e166bda" />
  </TestLists>
  <TestEntries>
    <TestEntry testId="9e6b6d54-b79f-e7d9-2609-a84c350c12a1" executionId="9deab28b-d4f4-4aa1-b0dc-11561ee9c46d" testListId="8c84fa94-04c1-424b-9868-57a2d4851a1d" />
    <TestEntry testId="8efed318-945d-2a9d-e29d-a71a05da5660" executionId="35fd9efd-175b-4ae8-8f8a-5bc8f2786107" testListId="8c84fa94-04c1-424b-9868-57a2d4851a1d" />
    <TestEntry testId="0f4d10f2-7035-3d68-762a-b62c4853fb8a" executionId="6f5624eb-1d89-4ccf-b815-85371f11ecba" testListId="8c84fa94-04c1-424b-9868-57a2d4851a1d" />
    <TestEntry testId="614f56be-e9c0-f1e7-ad65-1f0b7d6a0f1c" executionId="16b1066c-a4b9-4a0c-8b18-5be953821032" testListId="8c84fa94-04c1-424b-9868-57a2d4851a1d" />
    <TestEntry testId="6a41f98c-60c7-3333-a5a3-d5d87b5c35c7" executionId="13f74336-d9af-4b49-a9a0-a79816f81e58" testListId="8c84fa94-04c1-424b-9868-57a2d4851a1d" />
    <TestEntry testId="450e4b2d-ad88-da3f-6d50-5c9a0ae1aa51" executionId="c97b904a-6915-4e46-87aa-3079879e6f72" testListId="8c84fa94-04c1-424b-9868-57a2d4851a1d" />
    <TestEntry testId="4e743fde-a814-86c0-27fd-8728ac2cb692" executionId="616a77ef-99a6-4bad-9202-d95ac9d810b8" testListId="8c84fa94-04c1-424b-9868-57a2d4851a1d" />
    <TestEntry testId="10042bab-44aa-7cea-8ac0-06cc3b3adbb3" executionId="ccd7d0bf-1f8b-40cc-a5b5-75f6831db0b4" testListId="8c84fa94-04c1-424b-9868-57a2d4851a1d" />
    <TestEntry testId="b7f68495-37f9-58f0-5c9b-6e190b9adaa8" executionId="fa9d1f79-48d4-481f-839c-fde5e4b90443" testListId="8c84fa94-04c1-424b-9868-57a2d4851a1d" />
    <TestEntry testId="e022376f-b2fb-4981-6140-b019eeaa6c94" executionId="6458e561-f061-4652-a1a7-9d1b4b3c9016" testListId="8c84fa94-04c1-424b-9868-57a2d4851a1d" />
    <TestEntry testId="07cf762e-0596-8be3-6b38-ed80b9a02463" executionId="34a0de96-efdc-481e-af50-1b6c7aad06d9" testListId="8c84fa94-04c1-424b-9868-57a2d4851a1d" />
    <TestEntry testId="1820a643-3d71-abad-9636-2b810c74ae19" executionId="98364624-97b6-48bf-8f42-ddcd5162b86f" testListId="8c84fa94-04c1-424b-9868-57a2d4851a1d" />
  </TestEntries>
  <Results>
    <UnitTestResult executionId="9deab28b-d4f4-4aa1-b0dc-11561ee9c46d" testId="9e6b6d54-b79f-e7d9-2609-a84c350c12a1" testName="MotoTest1" computerName="ICLVDEVAP01" duration="00:02:47.2757972" startTime="2012-11-01T16:15:50.9445489+00:00" endTime="2012-11-01T16:18:38.6018141+00:00" testType="13cdc9d9-ddb5-4fa4-a97d-d965ccfc6d4b" outcome="Passed" testListId="8c84fa94-04c1-424b-9868-57a2d4851a1d" relativeResultsDirectory="9deab28b-d4f4-4aa1-b0dc-11561ee9c46d">
      <Output>
        <DebugTrace>W, 2740, 13, 2012/11/01, 16:15:51.568, 352891359559, QTAgent32.exe, ExtensionFramework : A Technology Manager with name Web is already registered.
W, 2740, 13, 2012/11/01, 16:15:52.490, 352904556706, QTAgent32.exe, &lt;a class=success&gt;Playback - {1} [SUCCESS] MouseButtonClick - "[MSAA, VisibleOnly]ControlType='Edit'"
\0&lt;/a&gt;
W, 2740, 13, 2012/11/01, 16:15:52.698, 352907534039, QTAgent32.exe, &lt;a class=success&gt;Playback - {2} [SUCCESS] SendKeys "[*]" - "[MSAA, VisibleOnly]ControlType='Edit'"
\0&lt;/a&gt;
W, 2740, 13, 2012/11/01, 16:15:53.400, 352917587028, QTAgent32.exe, &lt;a class=success&gt;Playback - {3} [SUCCESS] MouseButtonClick - "[MSAA, VisibleOnly]ControlType='Button' &amp;&amp; Name='OK'"
\0&lt;/a&gt;
W, 2740, 13, 2012/11/01, 16:15:53.938, 352925293428, QTAgent32.exe, &lt;a class=success&gt;Playback - {4} [SUCCESS] MouseButtonClick - "[MSAA, VisibleOnly]ControlType='Button' &amp;&amp; Name='OK'"
\0&lt;/a&gt;
W, 2740, 13, 2012/11/01, 16:15:54.206, 352929134925, QTAgent32.exe, &lt;a class=success&gt;Playback - {5} [SUCCESS] MouseButtonClick - "[MSAA, VisibleOnly]ControlType='Button' &amp;&amp; Name='Clients &amp; Files'"
\0&lt;/a&gt;
W, 2740, 13, 2012/11/01, 16:15:54.532, 352933799811, QTAgent32.exe, &lt;a class=success&gt;Playback - {6} [SUCCESS] MouseButtonClick - "[MSAA, VisibleOnly]ControlType='Button' &amp;&amp; Name='Clients &amp; Files'"
\0&lt;/a&gt;
W, 2740, 13, 2012/11/01, 16:15:55.107, 352942031279, QTAgent32.exe, Playback - [WARNING] Internal warning: Window Not Found: [VisibleOnly]ControlType='Window' &amp;&amp; Name='Customer: txt1 tdsfs' &amp;&amp; ClassName='ThunderRT6MDIForm'
\0
E, 2740, 13, 2012/11/01, 16:15:55.107, 352942034287, QTAgent32.exe, &lt;a class=failure&gt;Playback - {7} [FAILED] Function ElementFetcher::FindScreenElement failed to locate UI element (Searching: ;[VisibleOnly]ControlType='Window' &amp;&amp; Name='Customer: txt1 tdsfs' &amp;&amp; ClassName='ThunderRT6MDIForm') (The object specified was not found.)
\0&lt;/a&gt;
E, 2740, 13, 2012/11/01, 16:15:55.219, 352943641170, QTAgent32.exe, Playback - [IMAGE] C:\Users\peter.zenin-ad\AppData\Local\Temp\UITestLogs\LastRun\RPF1F3A.png
\0
W, 2740, 13, 2012/11/01, 16:15:55.220, 352943643411, QTAgent32.exe, Playback - [WARNING] Internal warning: Couldn't find descendants that match QueryId
\0
W, 2740, 13, 2012/11/01, 16:15:55.220, 352943646797, QTAgent32.exe, PERF WARNING: FindTopLevelWindowHelper::FindAllDescendents: took 586 ms. Expected it to take maximum 500 ms.
W, 2740, 13, 2012/11/01, 16:16:13.241, 353201668552, QTAgent32.exe, Playback - [WARNING] Internal warning: Window Not Found: [VisibleOnly]ControlType='Window' &amp;&amp; Name='Customer: txt1 tdsfs' &amp;&amp; ClassName='ThunderRT6MDIForm'
\0
E, 2740, 13, 2012/11/01, 16:16:13.242, 353201671715, QTAgent32.exe, &lt;a class=failure&gt;Playback - {8} [FAILED] Function ElementFetcher::FindScreenElement failed to locate UI element (Searching: ;[VisibleOnly]ControlType='Window' &amp;&amp; Name='Customer: txt1 tdsfs' &amp;&amp; ClassName='ThunderRT6MDIForm') (The object specified was not found.)
\0&lt;/a&gt;
E, 2740, 13, 2012/11/01, 16:16:13.351, 353203234674, QTAgent32.exe, Playback - [IMAGE] C:\Users\peter.zenin-ad\AppData\Local\Temp\UITestLogs\LastRun\RPF660B.png
\0
W, 2740, 13, 2012/11/01, 16:16:13.351, 353203236769, QTAgent32.exe, Playback - [WARNING] Internal warning: Couldn't find descendants that match QueryId
\0
W, 2740, 13, 2012/11/01, 16:16:13.351, 353203239671, QTAgent32.exe, PERF WARNING: FindTopLevelWindowHelper::FindAllDescendents: took 18128 ms. Expected it to take maximum 500 ms.
W, 2740, 13, 2012/11/01, 16:16:14.053, 353213289636, QTAgent32.exe, Playback - [WARNING] Internal warning: Window with Class "ThunderRT6MDIForm" and Title "Customer: txt1 tdsfs" was not found, so similar window with Class "ThunderRT6MDIForm" and Title "Customer: autotest" was accepted
\0
W, 2740, 13, 2012/11/01, 16:16:14.053, 353213293242, QTAgent32.exe, PERF WARNING: FindTopLevelWindowHelper::FindAllDescendents: took 701 ms. Expected it to take maximum 500 ms.
W, 2740, 13, 2012/11/01, 16:16:15.380, 353232288779, QTAgent32.exe, Playback - [WARNING] Internal warning: Incorrect flag set for InvokeProgrammaticAction\0
W, 2740, 13, 2012/11/01, 16:16:15.499, 353233981122, QTAgent32.exe, &lt;a class=success&gt;Playback - {9} [SUCCESS] SetValueAsComboBox "Customers" - "[MSAA, VisibleOnly]ControlType='ComboBox'"  &lt; SetValueAsComboBox, set by clicking on the item in the list box &gt;
\0&lt;/a&gt;
W, 2740, 13, 2012/11/01, 16:16:15.947, 353240395821, QTAgent32.exe, &lt;a class=success&gt;Playback - {10} [SUCCESS] MouseButtonClick - "[MSAA, VisibleOnly]ControlType='Button' &amp;&amp; Name='Add'"
\0&lt;/a&gt;
W, 2740, 13, 2012/11/01, 16:16:16.256, 353244815954, QTAgent32.exe, &lt;a class=success&gt;Playback - {11} [SUCCESS] SendKeys "autotest" - "[MSAA, VisibleOnly]ControlType='RadioButton' &amp;&amp; Name='Personal Lines'"
\0&lt;/a&gt;
E, 2740, 13, 2012/11/01, 16:16:16.395, 353246806450, QTAgent32.exe, LoadLibrary() : Unable to find the resource 37382 from assembly C:\Windows\system32\en-US\ieframe.dll.mui: Error1814
E, 2740, 13, 2012/11/01, 16:16:16.395, 353246812090, QTAgent32.exe, LoadLibrary() : Unable to find the resource 41728 from assembly C:\Windows\system32\en-US\ieframe.dll.mui: Error1814
E, 2740, 13, 2012/11/01, 16:16:16.395, 353246814651, QTAgent32.exe, LoadLibrary() : Unable to find the resource 8131 from assembly C:\Windows\system32\en-US\ieframe.dll.mui: Error1814
E, 2740, 13, 2012/11/01, 16:16:16.395, 353246816886, QTAgent32.exe, LoadLibrary() : Unable to find the resource 8131 from assembly C:\Windows\system32\en-US\ieframe.dll.mui: Error1814
E, 2740, 13, 2012/11/01, 16:16:16.396, 353246821202, QTAgent32.exe, LoadLibrary() : Unable to find the resource 8131 from assembly C:\Windows\system32\en-US\ieframe.dll.mui: Error1814
E, 2740, 13, 2012/11/01, 16:16:16.396, 353246826162, QTAgent32.exe, LoadLibrary() : Unable to find the resource 803 from assembly C:\Windows\system32\en-US\user32.dll.mui: Error1814
W, 2740, 13, 2012/11/01, 16:16:16.655, 353250532748, QTAgent32.exe, &lt;a class=success&gt;Playback - {12} [SUCCESS] SetValueAsEditBox "autotest" - "[MSAA, VisibleOnly]ControlType='Edit'"  &lt; Set via SendKeys &gt;
\0&lt;/a&gt;
W, 2740, 13, 2012/11/01, 16:16:16.936, 353254554281, QTAgent32.exe, &lt;a class=success&gt;Playback - {13} [SUCCESS] MouseButtonClick - "[MSAA, VisibleOnly]ControlType='Button' &amp;&amp; Name='OK'"
\0&lt;/a&gt;
W, 2740, 13, 2012/11/01, 16:16:17.309, 353259901140, QTAgent32.exe, &lt;a class=success&gt;Playback - {14} [SUCCESS] MouseButtonClick - "[MSAA, VisibleOnly]ControlType='Button' &amp;&amp; Name='Yes'"
\0&lt;/a&gt;
W, 2740, 13, 2012/11/01, 16:16:17.499, 353262614015, QTAgent32.exe, &lt;a class=success&gt;Playback - {15} [SUCCESS] SendKeys "^{HOME}" - "[MSAA, VisibleOnly]ControlType='Edit'"
\0&lt;/a&gt;
E, 2740, 13, 2012/11/01, 16:16:17.501, 353262642217, QTAgent32.exe, Msaa.GetFocusedElement: could not find accessible object of foreground window
W, 2740, 13, 2012/11/01, 16:16:17.564, 353263544490, QTAgent32.exe, &lt;a class=success&gt;Playback - {16} [SUCCESS] SendKeys "^+{END}" - "[MSAA, VisibleOnly]ControlType='Edit'"
\0&lt;/a&gt;
E, 2740, 13, 2012/11/01, 16:16:17.564, 353263546889, QTAgent32.exe, Msaa.GetFocusedElement: could not find accessible object of foreground window
W, 2740, 13, 2012/11/01, 16:16:17.578, 353263745019, QTAgent32.exe, &lt;a class=success&gt;Playback - {17} [SUCCESS] SendKeys "{DELETE}" - "[MSAA, VisibleOnly]ControlType='Edit'"
\0&lt;/a&gt;
W, 2740, 13, 2012/11/01, 16:16:17.713, 353265676866, QTAgent32.exe, &lt;a class=success&gt;Playback - {18} [SUCCESS] SetValueAsEditBox "1" - "[MSAA, VisibleOnly]ControlType='Edit'"  &lt; Set via SendKeys &gt;
\0&lt;/a&gt;
W, 2740, 13, 2012/11/01, 16:16:17.917, 353268599127, QTAgent32.exe, &lt;a class=success&gt;Playback - {19} [SUCCESS] SendKeys "^{HOME}" - "[MSAA, VisibleOnly]ControlType='Edit'"
\0&lt;/a&gt;
E, 2740, 13, 2012/11/01, 16:16:17.917, 353268601678, QTAgent32.exe, Msaa.GetFocusedElement: could not find accessible object of foreground window
W, 2740, 13, 2012/11/01, 16:16:17.970, 353269357998, QTAgent32.exe, &lt;a class=success&gt;Playback - {20} [SUCCESS] SendKeys "^+{END}" - "[MSAA, VisibleOnly]ControlType='Edit'"
\0&lt;/a&gt;
E, 2740, 13, 2012/11/01, 16:16:17.970, 353269360067, QTAgent32.exe, Msaa.GetFocusedElement: could not find accessible object of foreground window
W, 2740, 13, 2012/11/01, 16:16:17.983, 353269544728, QTAgent32.exe, &lt;a class=success&gt;Playback - {21} [SUCCESS] SendKeys "{DELETE}" - "[MSAA, VisibleOnly]ControlType='Edit'"
\0&lt;/a&gt;
W, 2740, 13, 2012/11/01, 16:16:18.046, 353270450230, QTAgent32.exe, &lt;a class=success&gt;Playback - {22} [SUCCESS] SetValueAsEditBox "1" - "[MSAA, VisibleOnly]ControlType='Edit'"  &lt; Set via SendKeys &gt;
\0&lt;/a&gt;
W, 2740, 13, 2012/11/01, 16:16:18.358, 353274921237, QTAgent32.exe, &lt;a class=success&gt;Playback - {23} [SUCCESS] MouseButtonClick - "[MSAA, VisibleOnly]ControlType='Button' &amp;&amp; Name='OK'"
\0&lt;/a&gt;
W, 2740, 13, 2012/11/01, 16:16:18.691, 353279692575, QTAgent32.exe, &lt;a class=success&gt;Playback - {24} [SUCCESS] MouseButtonClick - "[MSAA, VisibleOnly]ControlType='Button'"
\0&lt;/a&gt;
W, 2740, 13, 2012/11/01, 16:16:18.995, 353284041300, QTAgent32.exe, &lt;a class=success&gt;Playback - {25} [SUCCESS] MouseButtonClick - "[MSAA, VisibleOnly]ControlType='Button' &amp;&amp; Name='Add'"
\0&lt;/a&gt;
W, 2740, 13, 2012/11/01, 16:16:19.308, 353288520085, QTAgent32.exe, &lt;a class=success&gt;Playback - {26} [SUCCESS] MouseButtonClick - "[MSAA, VisibleOnly]ControlType='Button' &amp;&amp; Name='OK'"
\0&lt;/a&gt;
W, 2740, 13, 2012/11/01, 16:16:21.548, 353320591389, QTAgent32.exe, &lt;a class=success&gt;Playback - {27} [SUCCESS] MouseButtonClick - "[MSAA, VisibleOnly,Window]ControlType='Window' &amp;&amp; ClassName='ThunderRT6TextBox'"
\0&lt;/a&gt;
W, 2740, 13, 2012/11/01, 16:16:21.827, 353324590661, QTAgent32.exe, &lt;a class=success&gt;Playback - {28} [SUCCESS] SetValueAsEditBox "MOTO" - "[MSAA, VisibleOnly]ControlType='Edit'"  &lt; Set via SendKeys &gt;
\0&lt;/a&gt;
W, 2740, 13, 2012/11/01, 16:16:22.140, 353329066871, QTAgent32.exe, &lt;a class=success&gt;Playback - {29} [SUCCESS] MouseButtonClick - "[MSAA, VisibleOnly]ControlType='Button' &amp;&amp; Name='OK'"
\0&lt;/a&gt;
W, 2740, 13, 2012/11/01, 16:16:22.373, 353332414025, QTAgent32.exe, &lt;a class=success&gt;Playback - {30} [SUCCESS] MouseButtonClick - "[MSAA, VisibleOnly]ControlType='Button' &amp;&amp; Name='Options'"
\0&lt;/a&gt;
W, 2740, 13, 2012/11/01, 16:16:22.477, 353333905333, QTAgent32.exe, FindScreenElementInSinglePass : Attempting to find control in one pass of search. Failures can occur.
W, 2740, 13, 2012/11/01, 16:16:22.654, 353336428701, QTAgent32.exe, &lt;a class=success&gt;Playback - {31} [SUCCESS] MouseButtonClick - "[MSAA]ControlType='MenuItem' &amp;&amp; Name='Links'"
\0&lt;/a&gt;
W, 2740, 13, 2012/11/01, 16:16:22.754, 353337865017, QTAgent32.exe, FindScreenElementInSinglePass : Attempting to find control in one pass of search. Failures can occur.
W, 2740, 13, 2012/11/01, 16:16:22.932, 353340409861, QTAgent32.exe, &lt;a class=success&gt;Playback - {32} [SUCCESS] MouseButtonClick - "[MSAA]ControlType='MenuItem' &amp;&amp; Name='3rd Party Integration'"
\0&lt;/a&gt;
W, 2740, 13, 2012/11/01, 16:16:23.032, 353341847540, QTAgent32.exe, FindScreenElementInSinglePass : Attempting to find control in one pass of search. Failures can occur.
W, 2740, 13, 2012/11/01, 16:16:23.206, 353344340219, QTAgent32.exe, &lt;a class=success&gt;Playback - {33} [SUCCESS] MouseButtonClick - "[MSAA]ControlType='MenuItem' &amp;&amp; Name='Quote Select List'"
\0&lt;/a&gt;
W, 2740, 13, 2012/11/01, 16:16:25.045, 353370667107, QTAgent32.exe, PERF WARNING: FindTopLevelWindowHelper::FindAllDescendents: took 1734 ms. Expected it to take maximum 500 ms.
W, 2740, 13, 2012/11/01, 16:16:26.620, 353393212432, QTAgent32.exe, &lt;a class=success&gt;Playback - {34} [SUCCESS] MouseButtonClick - "[MSAA, VisibleOnly]ControlType='Button' &amp;&amp; Name='Ok'"
\0&lt;/a&gt;
W, 2740, 13, 2012/11/01, 16:16:28.221, 353416138041, QTAgent32.exe, PERF WARNING: FindTopLevelWindowHelper::FindAllDescendents: took 1494 ms. Expected it to take maximum 500 ms.
W, 2740, 13, 2012/11/01, 16:16:28.445, 353419340896, QTAgent32.exe, &lt;a class=success&gt;Playback - {35} [SUCCESS] MouseButtonClick - "[MSAA, VisibleOnly]ControlType='Button' &amp;&amp; Name='Ok'"
\0&lt;/a&gt;
W, 2740, 13, 2012/11/01, 16:16:28.743, 353423606667, QTAgent32.exe, &lt;a class=success&gt;Playback - {36} [SUCCESS] SetValueAsEditBox "Test" - "[MSAA, VisibleOnly]ControlType='Edit'"  &lt; Set via SendKeys &gt;
\0&lt;/a&gt;
W, 2740, 13, 2012/11/01, 16:16:28.908, 353425966943, QTAgent32.exe, &lt;a class=success&gt;Playback - {37} [SUCCESS] SendKeys "{Tab}" - "[MSAA, VisibleOnly]ControlType='Edit'"
\0&lt;/a&gt;
W, 2740, 13, 2012/11/01, 16:16:29.206, 353430236230, QTAgent32.exe, &lt;a class=success&gt;Playback - {38} [SUCCESS] SetValueAsEditBox "test" - "[MSAA, VisibleOnly]ControlType='Edit'"  &lt; Set via SendKeys &gt;
\0&lt;/a&gt;
W, 2740, 13, 2012/11/01, 16:16:29.534, 353434933812, QTAgent32.exe, &lt;a class=success&gt;Playback - {39} [SUCCESS] SetValueAsEditBox "160485" - "[MSAA, VisibleOnly]ControlType='Edit'"  &lt; Set via SendKeys &gt;
\0&lt;/a&gt;
W, 2740, 13, 2012/11/01, 16:16:29.878, 353439858407, QTAgent32.exe, &lt;a class=success&gt;Playback - {40} [SUCCESS] SetValueAsEditBox "B338TH" - "[MSAA, VisibleOnly]ControlType='Edit'"  &lt; Set via SendKeys &gt;
\0&lt;/a&gt;
W, 2740, 13, 2012/11/01, 16:16:32.100, 353471671241, QTAgent32.exe, &lt;a class=success&gt;Playback - {41} [SUCCESS] MouseButtonClick - "[MSAA, VisibleOnly]ControlType='Button' &amp;&amp; Name='Lookup...'"
\0&lt;/a&gt;
W, 2740, 13, 2012/11/01, 16:16:32.333, 353475015058, QTAgent32.exe, &lt;a class=success&gt;Playback - {42} [SUCCESS] MouseButtonClick - "[MSAA, VisibleOnly]ControlType='Button' &amp;&amp; Name='Ok'"
\0&lt;/a&gt;
W, 2740, 13, 2012/11/01, 16:16:34.381, 353504336492, QTAgent32.exe, &lt;a class=success&gt;Playback - {43} [SUCCESS] MouseButtonClick - "[MSAA, VisibleOnly]ControlType='Button' &amp;&amp; Name='OK'"
\0&lt;/a&gt;
W, 2740, 13, 2012/11/01, 16:16:34.819, 353510608757, QTAgent32.exe, Playback - [WARNING] Internal warning: Incorrect flag set for InvokeProgrammaticAction\0
W, 2740, 13, 2012/11/01, 16:16:34.938, 353512307743, QTAgent32.exe, &lt;a class=success&gt;Playback - {44} [SUCCESS] SetValueAsComboBox "Account Executive" - "[MSAA, VisibleOnly]ControlType='ComboBox'"  &lt; SetValueAsComboBox, set by clicking on the item in the list box &gt;
\0&lt;/a&gt;
W, 2740, 13, 2012/11/01, 16:16:35.355, 353518286894, QTAgent32.exe, Playback - [WARNING] Internal warning: Incorrect flag set for InvokeProgrammaticAction\0
W, 2740, 13, 2012/11/01, 16:16:35.475, 353519983663, QTAgent32.exe, &lt;a class=success&gt;Playback - {45} [SUCCESS] SetValueAsComboBox "Acupuncture" - "[MSAA, VisibleOnly]ControlType='ComboBox'"  &lt; SetValueAsComboBox, set by clicking on the item in the list box &gt;
\0&lt;/a&gt;
W, 2740, 13, 2012/11/01, 16:16:35.891, 353525944908, QTAgent32.exe, &lt;a class=success&gt;Playback - {46} [SUCCESS] SetValueAsEditBox "151101" - "[MSAA, VisibleOnly]ControlType='Edit'"  &lt; Set via SendKeys &gt;
\0&lt;/a&gt;
W, 2740, 13, 2012/11/01, 16:16:37.495, 353548910186, QTAgent32.exe, &lt;a class=success&gt;Playback - {47} [SUCCESS] MouseButtonClick - "[MSAA, VisibleOnly]ControlType='Button' &amp;&amp; Name='OK'"
\0&lt;/a&gt;
W, 2740, 13, 2012/11/01, 16:16:37.916, 353554940981, QTAgent32.exe, &lt;a class=success&gt;Playback - {48} [SUCCESS] SetValueAsEditBox "RF53OXL" - "[MSAA, VisibleOnly]ControlType='Edit'"  &lt; Set via SendKeys &gt;
\0&lt;/a&gt;
W, 2740, 13, 2012/11/01, 16:16:38.931, 353569481635, QTAgent32.exe, &lt;a class=success&gt;Playback - {49} [SUCCESS] MouseButtonClick - "[MSAA, VisibleOnly]ControlType='Button' &amp;&amp; Name='Filter'"
\0&lt;/a&gt;
W, 2740, 13, 2012/11/01, 16:16:39.211, 353573478467, QTAgent32.exe, &lt;a class=success&gt;Playback - {50} [SUCCESS] MouseButtonClick - "[MSAA, VisibleOnly]ControlType='Button' &amp;&amp; Name='OK'"
\0&lt;/a&gt;
W, 2740, 13, 2012/11/01, 16:16:39.731, 353580924314, QTAgent32.exe, &lt;a class=success&gt;Playback - {51} [SUCCESS] SendKeys "^{HOME}" - "[MSAA, VisibleOnly]ControlType='Edit'"
\0&lt;/a&gt;
E, 2740, 13, 2012/11/01, 16:16:39.755, 353581267169, QTAgent32.exe, Msaa.GetFocusedElement: could not find accessible object of foreground window
W, 2740, 13, 2012/11/01, 16:16:39.813, 353582099773, QTAgent32.exe, &lt;a class=success&gt;Playback - {52} [SUCCESS] SendKeys "^+{END}" - "[MSAA, VisibleOnly]ControlType='Edit'"
\0&lt;/a&gt;
E, 2740, 13, 2012/11/01, 16:16:39.813, 353582102647, QTAgent32.exe, Msaa.GetFocusedElement: could not find accessible object of foreground window
W, 2740, 13, 2012/11/01, 16:16:39.826, 353582285954, QTAgent32.exe, &lt;a class=success&gt;Playback - {53} [SUCCESS] SendKeys "{DELETE}" - "[MSAA, VisibleOnly]ControlType='Edit'"
\0&lt;/a&gt;
W, 2740, 13, 2012/11/01, 16:16:40.004, 353584838832, QTAgent32.exe, &lt;a class=success&gt;Playback - {54} [SUCCESS] SetValueAsEditBox "1000" - "[MSAA, VisibleOnly]ControlType='Edit'"  &lt; Set via SendKeys &gt;
\0&lt;/a&gt;
W, 2740, 13, 2012/11/01, 16:16:40.332, 353589531406, QTAgent32.exe, &lt;a class=success&gt;Playback - {55} [SUCCESS] MouseButtonClick - "[MSAA, VisibleOnly]ControlType='Button' &amp;&amp; Name='Calculate Quote'"
\0&lt;/a&gt;
W, 2740, 13, 2012/11/01, 16:16:40.575, 353593015753, QTAgent32.exe, &lt;a class=success&gt;Playback - {56} [SUCCESS] MouseButtonClick - "[MSAA, VisibleOnly]ControlType='Button' &amp;&amp; Name='Cancel'"
\0&lt;/a&gt;
W, 2740, 13, 2012/11/01, 16:16:40.849, 353596932217, QTAgent32.exe, &lt;a class=success&gt;Playback - {57} [SUCCESS] MouseButtonClick - "[MSAA, VisibleOnly]ControlType='Button' &amp;&amp; Name='No'"
\0&lt;/a&gt;
W, 2740, 13, 2012/11/01, 16:16:52.197, 353759420485, QTAgent32.exe, PERF WARNING: FindTopLevelWindowHelper::FindAllDescendents: took 11247 ms. Expected it to take maximum 500 ms.
W, 2740, 13, 2012/11/01, 16:16:52.330, 353761317928, QTAgent32.exe, &lt;a class=success&gt;Playback - {58} [SUCCESS] MouseButtonClick - "[MSAA, VisibleOnly]ControlType='Client'"
\0&lt;/a&gt;
W, 2740, 13, 2012/11/01, 16:16:53.945, 353784440977, QTAgent32.exe, &lt;a class=success&gt;Playback - {59} [SUCCESS] SendKeys "{Home}" - "[MSAA, VisibleOnly]ControlType='Client'"
\0&lt;/a&gt;
W, 2740, 13, 2012/11/01, 16:16:57.245, 353831687549, QTAgent32.exe, &lt;a class=success&gt;Playback - {60} [SUCCESS] MouseButtonClick - "[MSAA, VisibleOnly]ControlType='Button' &amp;&amp; Name='Accept'"
\0&lt;/a&gt;
W, 2740, 13, 2012/11/01, 16:16:57.686, 353837994171, QTAgent32.exe, &lt;a class=success&gt;Playback - {61} [SUCCESS] MouseButtonClick - "[MSAA, VisibleOnly]ControlType='Button' &amp;&amp; Name='Yes'"
\0&lt;/a&gt;
W, 2740, 13, 2012/11/01, 16:16:57.983, 353842250188, QTAgent32.exe, &lt;a class=success&gt;Playback - {62} [SUCCESS] MouseButtonClick - "[MSAA, VisibleOnly]ControlType='Button' &amp;&amp; Name='Ok'"
\0&lt;/a&gt;
W, 2740, 13, 2012/11/01, 16:16:58.252, 353846101389, QTAgent32.exe, &lt;a class=success&gt;Playback - {63} [SUCCESS] MouseButtonClick - "[MSAA, VisibleOnly]ControlType='Button' &amp;&amp; Name='Ok'"
\0&lt;/a&gt;
W, 2740, 13, 2012/11/01, 16:16:58.677, 353852191706, QTAgent32.exe, &lt;a class=success&gt;Playback - {64} [SUCCESS] MouseButtonClick - "[MSAA, VisibleOnly]ControlType='Button' &amp;&amp; Name='Confirm'"
\0&lt;/a&gt;
W, 2740, 13, 2012/11/01, 16:17:30.233, 354304001469, QTAgent32.exe, Playback - [WARNING] Internal warning: Window Not Found: [VisibleOnly]ControlType='Window' &amp;&amp; Name='Save the file as' &amp;&amp; ClassName='#32770'
\0
E, 2740, 13, 2012/11/01, 16:17:30.234, 354304005516, QTAgent32.exe, &lt;a class=failure&gt;Playback - {65} [FAILED] Function ElementFetcher::FindScreenElement failed to locate UI element (Searching: ;[VisibleOnly]ControlType='Window' &amp;&amp; Name='Save the file as' &amp;&amp; ClassName='#32770') (The object specified was not found.)
\0&lt;/a&gt;
E, 2740, 13, 2012/11/01, 16:17:30.321, 354305261025, QTAgent32.exe, Playback - [IMAGE] C:\Users\peter.zenin-ad\AppData\Local\Temp\UITestLogs\LastRun\RPF92C6.png
\0
W, 2740, 13, 2012/11/01, 16:17:30.321, 354305263095, QTAgent32.exe, Playback - [WARNING] Internal warning: Couldn't find descendants that match QueryId
\0
W, 2740, 13, 2012/11/01, 16:17:30.322, 354305266329, QTAgent32.exe, PERF WARNING: FindTopLevelWindowHelper::FindAllDescendents: took 31542 ms. Expected it to take maximum 500 ms.
W, 2740, 13, 2012/11/01, 16:17:48.562, 354566422907, QTAgent32.exe, Playback - [WARNING] Internal warning: Window Not Found: [VisibleOnly]ControlType='Window' &amp;&amp; Name='Save the file as' &amp;&amp; ClassName='#32770'
\0
E, 2740, 13, 2012/11/01, 16:17:48.562, 354566425718, QTAgent32.exe, &lt;a class=failure&gt;Playback - {66} [FAILED] Function ElementFetcher::FindScreenElement failed to locate UI element (Searching: ;[VisibleOnly]ControlType='Window' &amp;&amp; Name='Save the file as' &amp;&amp; ClassName='#32770') (The object specified was not found.)
\0&lt;/a&gt;
E, 2740, 13, 2012/11/01, 16:17:48.652, 354567703667, QTAgent32.exe, Playback - [IMAGE] C:\Users\peter.zenin-ad\AppData\Local\Temp\UITestLogs\LastRun\RPFDA61.png
\0
W, 2740, 13, 2012/11/01, 16:17:48.652, 354567705758, QTAgent32.exe, Playback - [WARNING] Internal warning: Couldn't find descendants that match QueryId
\0
W, 2740, 13, 2012/11/01, 16:17:48.652, 354567708687, QTAgent32.exe, PERF WARNING: FindTopLevelWindowHelper::FindAllDescendents: took 18329 ms. Expected it to take maximum 500 ms.
W, 2740, 13, 2012/11/01, 16:17:51.807, 354612889514, QTAgent32.exe, Playback - [WARNING] Internal warning: Smart Match failed
\0
W, 2740, 13, 2012/11/01, 16:17:53.254, 354633608332, QTAgent32.exe, Playback - [WARNING] Internal warning: Window Not Found: [VisibleOnly]ControlType='Window' &amp;&amp; Name='Save the file as' &amp;&amp; ClassName='#32770'
\0
E, 2740, 13, 2012/11/01, 16:17:53.254, 354633611389, QTAgent32.exe, &lt;a class=failure&gt;Playback - {67} [FAILED] Function ElementFetcher::FindScreenElement failed to locate UI element (Searching: ;[VisibleOnly]ControlType='Window' &amp;&amp; Name='Save the file as' &amp;&amp; ClassName='#32770') (The object specified was not found.)
\0&lt;/a&gt;
E, 2740, 13, 2012/11/01, 16:17:53.355, 354635054656, QTAgent32.exe, Playback - [IMAGE] C:\Users\peter.zenin-ad\AppData\Local\Temp\UITestLogs\LastRun\RPFECBA.png
\0
W, 2740, 13, 2012/11/01, 16:17:53.355, 354635056776, QTAgent32.exe, Playback - [WARNING] Internal warning: Couldn't find descendants that match QueryId
\0
W, 2740, 13, 2012/11/01, 16:17:53.356, 354635059922, QTAgent32.exe, PERF WARNING: FindTopLevelWindowHelper::FindAllDescendents: took 4703 ms. Expected it to take maximum 500 ms.
E, 2740, 13, 2012/11/01, 16:17:53.357, 354635073592, QTAgent32.exe, Exception: System.Runtime.InteropServices.COMException
	Message: Error HRESULT E_FAIL has been returned from a call to a COM component.
	Stack Trace:    at Microsoft.VisualStudio.TestTools.UITest.Playback.Engine.IRPFPlayback.FindAllScreenElements(IScreenElement pScreenElementStart, String bstrQueryId, Object&amp; pvarResKeys, Int32 cResKeys, Int32 nMaxDepth, Object[]&amp; foundDescendants)
   at Microsoft.VisualStudio.TestTools.UITest.Playback.ScreenElement.FindTopLevelWindowHelper(String queryId)
	BaseExceptionMessage: Error HRESULT E_FAIL has been returned from a call to a COM component.

E, 2740, 13, 2012/11/01, 16:17:53.497, 354637080876, QTAgent32.exe, AL: Playback Error: Microsoft.VisualStudio.TestTools.UITest.Extension.UITestControlNotFoundException: The playback failed to find the control with the given search properties. Additional Details: 
TechnologyName:  'MSAA'
ControlType:  'Window'
Name:  'Save the file as'
ClassName:  '#32770'
 ---&gt; System.Runtime.InteropServices.COMException: Error HRESULT E_FAIL has been returned from a call to a COM component.
   at Microsoft.VisualStudio.TestTools.UITest.Playback.Engine.IRPFPlayback.FindAllScreenElements(IScreenElement pScreenElementStart, String bstrQueryId, Object&amp; pvarResKeys, Int32 cResKeys, Int32 nMaxDepth, Object[]&amp; foundDescendants)
   at Microsoft.VisualStudio.TestTools.UITest.Playback.ScreenElement.FindTopLevelWindowHelper(String queryId)
   at Microsoft.VisualStudio.TestTools.UITest.Playback.ScreenElement.FindFromPartialQueryId(String queryId)
   at Microsoft.VisualStudio.TestTools.UITesting.UITestControl..ctor(String queryId)
   --- End of inner exception stack trace ---
   at Microsoft.VisualStudio.TestTools.UITesting.Playback.MapControlNotFoundException(COMException ex, IPlaybackContext context)
   at Microsoft.VisualStudio.TestTools.UITesting.Playback.MapAndThrowComException(COMException innerException, IPlaybackContext context)
   at Microsoft.VisualStudio.TestTools.UITesting.Playback.MapAndThrowException(SystemException exception, IPlaybackContext context)
   at Microsoft.VisualStudio.TestTools.UITesting.Playback.MapAndThrowException(SystemException exception, String queryId)
   at Microsoft.VisualStudio.TestTools.UITesting.UITestControl..ctor(String queryId)
   at Microsoft.VisualStudio.TestTools.UITesting.SearchHelper.SearchTopLevelWindow(ISearchArgument topLevelSearchArg, String topLevelElementQueryId)
   at Microsoft.VisualStudio.TestTools.UITesting.SearchHelper.GetTitleUpdatedTopLevelWindow(ISearchArgument topLevelSearchArg, String queryId, IList`1 windowTitles)
   at Microsoft.VisualStudio.TestTools.UITesting.SearchHelper.GetTopLevelElement(Boolean useCache, Boolean useCacheOnly, ISearchArgument searchArg, IList`1 windowTitles, Int32&amp; timeLeft)
   at Microsoft.VisualStudio.TestTools.UITesting.SearchHelper.GetElement(Boolean useCache, ISearchArgument searchArg)
   at Microsoft.VisualStudio.TestTools.UITesting.SearchHelper.Search(ISearchArgument searchArg)
   at Microsoft.VisualStudio.TestTools.UITesting.UITestControl.FindInternal()
   at Microsoft.VisualStudio.TestTools.UITesting.UITestControl.FindControlIfNecessary()
   at Microsoft.VisualStudio.TestTools.UITesting.UITestControl.Click(MouseButtons button, ModifierKeys modifierKeys, Point relativeCoordinates)
   at Microsoft.VisualStudio.TestTools.UITesting.Mouse.ClickImplementation(UITestControl control, MouseButtons button, ModifierKeys modifierKeys, Point relativeCoordinate)
   at Microsoft.VisualStudio.TestTools.UITesting.Mouse.ClickImplementationWrapper(UITestControl control, MouseButtons button, ModifierKeys modifierKeys, Point relativeCoordinate)
W, 2740, 13, 2012/11/01, 16:17:53.497, 354637082682, QTAgent32.exe, PlaybackErrorHandler: Ignoring exception as ContinueOnError is set.
W, 2740, 13, 2012/11/01, 16:17:53.631, 354639004766, QTAgent32.exe, &lt;a class=success&gt;Playback - {68} [SUCCESS] Check - "[MSAA, VisibleOnly]ControlType='CheckBox' &amp;&amp; Name='Defer Printing?'"
\0&lt;/a&gt;
W, 2740, 13, 2012/11/01, 16:17:54.121, 354646016335, QTAgent32.exe, &lt;a class=success&gt;Playback - {69} [SUCCESS] MouseButtonClick - "[MSAA, VisibleOnly]ControlType='Button' &amp;&amp; Name='Ok'"
\0&lt;/a&gt;
W, 2740, 13, 2012/11/01, 16:17:55.972, 354672507611, QTAgent32.exe, PERF WARNING: FindTopLevelWindowHelper::FindAllDescendents: took 1750 ms. Expected it to take maximum 500 ms.
W, 2740, 13, 2012/11/01, 16:17:56.110, 354674487741, QTAgent32.exe, &lt;a class=success&gt;Playback - {70} [SUCCESS] Uncheck - "[MSAA, VisibleOnly]ControlType='CheckBox' &amp;&amp; Name='Add Activity'"
\0&lt;/a&gt;
W, 2740, 13, 2012/11/01, 16:17:58.782, 354712748262, QTAgent32.exe, &lt;a class=success&gt;Playback - {71} [SUCCESS] MouseButtonClick - "[MSAA, VisibleOnly]ControlType='Button' &amp;&amp; Name='Ok'"
\0&lt;/a&gt;
W, 2740, 13, 2012/11/01, 16:17:59.022, 354716177364, QTAgent32.exe, &lt;a class=success&gt;Playback - {72} [SUCCESS] MouseButtonClick - "[MSAA, VisibleOnly]ControlType='Button' &amp;&amp; Name='Ok'"
\0&lt;/a&gt;
W, 2740, 13, 2012/11/01, 16:18:09.414, 354864965277, QTAgent32.exe, PERF WARNING: FindTopLevelWindowHelper::FindAllDescendents: took 10195 ms. Expected it to take maximum 500 ms.
W, 2740, 13, 2012/11/01, 16:18:11.557, 354895652750, QTAgent32.exe, &lt;a class=success&gt;Playback - {73} [SUCCESS] MouseButtonClick - "[MSAA, VisibleOnly]ControlType='Button' &amp;&amp; Name='OK'"
\0&lt;/a&gt;
W, 2740, 13, 2012/11/01, 16:18:11.801, 354899149834, QTAgent32.exe, &lt;a class=success&gt;Playback - {74} [SUCCESS] MouseButtonClick - "[MSAA, VisibleOnly]ControlType='Button' &amp;&amp; Name='Cancel'"
\0&lt;/a&gt;
W, 2740, 13, 2012/11/01, 16:18:12.116, 354903661633, QTAgent32.exe, &lt;a class=success&gt;Playback - {75} [SUCCESS] MouseButtonClick - "[MSAA, VisibleOnly]ControlType='Button'"
\0&lt;/a&gt;
W, 2740, 13, 2012/11/01, 16:18:12.485, 354908945322, QTAgent32.exe, &lt;a class=success&gt;Playback - {76} [SUCCESS] MouseButtonClick - "[MSAA, VisibleOnly]ControlType='Button' &amp;&amp; Name='Detail'"
\0&lt;/a&gt;
W, 2740, 13, 2012/11/01, 16:18:12.883, 354914643685, QTAgent32.exe, Playback - [WARNING] Internal warning: Window Not Found: [VisibleOnly]ControlType='Window' &amp;&amp; Name='Policy: rty ert' &amp;&amp; ClassName='ThunderRT6MDIForm'
\0
E, 2740, 13, 2012/11/01, 16:18:12.883, 354914646568, QTAgent32.exe, &lt;a class=failure&gt;Playback - {77} [FAILED] Function ElementFetcher::FindScreenElement failed to locate UI element (Searching: ;[VisibleOnly]ControlType='Window' &amp;&amp; Name='Policy: rty ert' &amp;&amp; ClassName='ThunderRT6MDIForm') (The object specified was not found.)
\0&lt;/a&gt;
E, 2740, 13, 2012/11/01, 16:18:12.968, 354915856475, QTAgent32.exe, Playback - [IMAGE] C:\Users\peter.zenin-ad\AppData\Local\Temp\UITestLogs\LastRun\RPF3964.png
\0
W, 2740, 13, 2012/11/01, 16:18:12.968, 354915858620, QTAgent32.exe, Playback - [WARNING] Internal warning: Couldn't find descendants that match QueryId
\0
W, 2740, 13, 2012/11/01, 16:18:31.082, 355174839464, QTAgent32.exe, Playback - [WARNING] Internal warning: Window Not Found: [VisibleOnly]ControlType='Window' &amp;&amp; Name='Policy: rty ert' &amp;&amp; ClassName='ThunderRT6MDIForm'
\0
E, 2740, 13, 2012/11/01, 16:18:31.082, 355174842351, QTAgent32.exe, &lt;a class=failure&gt;Playback - {78} [FAILED] Function ElementFetcher::FindScreenElement failed to locate UI element (Searching: ;[VisibleOnly]ControlType='Window' &amp;&amp; Name='Policy: rty ert' &amp;&amp; ClassName='ThunderRT6MDIForm') (The object specified was not found.)
\0&lt;/a&gt;
E, 2740, 13, 2012/11/01, 16:18:31.175, 355176186860, QTAgent32.exe, Playback - [IMAGE] C:\Users\peter.zenin-ad\AppData\Local\Temp\UITestLogs\LastRun\RPF8063.png
\0
W, 2740, 13, 2012/11/01, 16:18:31.175, 355176188898, QTAgent32.exe, Playback - [WARNING] Internal warning: Couldn't find descendants that match QueryId
\0
W, 2740, 13, 2012/11/01, 16:18:31.175, 355176191698, QTAgent32.exe, PERF WARNING: FindTopLevelWindowHelper::FindAllDescendents: took 18181 ms. Expected it to take maximum 500 ms.
W, 2740, 13, 2012/11/01, 16:18:31.940, 355187261669, QTAgent32.exe, Playback - [WARNING] Internal warning: Window with Class "ThunderRT6MDIForm" and Title "Policy: rty ert" was not found, so similar window with Class "ThunderRT6MDIForm" and Title "Policy: autotest" was accepted
\0
W, 2740, 13, 2012/11/01, 16:18:31.940, 355187265416, QTAgent32.exe, PERF WARNING: FindTopLevelWindowHelper::FindAllDescendents: took 773 ms. Expected it to take maximum 500 ms.
W, 2740, 13, 2012/11/01, 16:18:32.283, 355191984342, QTAgent32.exe, &lt;a class=success&gt;Playback - {79} [SUCCESS] MouseButtonClick - "[MSAA, VisibleOnly]ControlType='Edit'"
\0&lt;/a&gt;
W, 2740, 13, 2012/11/01, 16:18:32.798, 355199430612, QTAgent32.exe, &lt;a class=success&gt;Playback - {80} [SUCCESS] MouseButtonClick - "[MSAA, VisibleOnly]ControlType='Button' &amp;&amp; Name='Cancel'"
\0&lt;/a&gt;
W, 2740, 13, 2012/11/01, 16:18:33.250, 355205869894, QTAgent32.exe, &lt;a class=success&gt;Playback - {81} [SUCCESS] MouseButtonClick - "[MSAA, VisibleOnly]ControlType='Button' &amp;&amp; Name='Cancel'"
\0&lt;/a&gt;
W, 2740, 13, 2012/11/01, 16:18:33.687, 355212086579, QTAgent32.exe, &lt;a class=success&gt;Playback - {82} [SUCCESS] MouseButtonClick - "[MSAA, VisibleOnly]ControlType='Button' &amp;&amp; Name='Cancel'"
\0&lt;/a&gt;
W, 2740, 13, 2012/11/01, 16:18:34.061, 355217539727, QTAgent32.exe, &lt;a class=success&gt;Playback - {83} [SUCCESS] MouseButtonClick - "[MSAA, VisibleOnly]ControlType='Button' &amp;&amp; Name='Close'"
\0&lt;/a&gt;
W, 2740, 13, 2012/11/01, 16:18:38.570, 355282148114, QTAgent32.exe, IEDOM : StopSession of the plugin called before StartSession
W, 2740, 13, 2012/11/01, 16:18:38.570, 355282149622, QTAgent32.exe, UIA : StopSession of the plugin called before StartSession
W, 2740, 13, 2012/11/01, 16:18:38.570, 355282155718, QTAgent32.exe, SLPlugin : StopSession of the plugin called before StartSession
</DebugTrace>
      </Output>
    </UnitTestResult>
    <UnitTestResult executionId="35fd9efd-175b-4ae8-8f8a-5bc8f2786107" testId="8efed318-945d-2a9d-e29d-a71a05da5660" testName="MotoTest10" computerName="ICLVDEVAP01" duration="00:03:54.9170131" startTime="2012-11-01T16:18:38.6174149+00:00" endTime="2012-11-01T16:22:33.5329801+00:00" testType="13cdc9d9-ddb5-4fa4-a97d-d965ccfc6d4b" outcome="Passed" testListId="8c84fa94-04c1-424b-9868-57a2d4851a1d" relativeResultsDirectory="35fd9efd-175b-4ae8-8f8a-5bc8f2786107">
      <Output>
        <DebugTrace>W, 2740, 22, 2012/11/01, 16:18:38.633, 355282944145, QTAgent32.exe, ExtensionFramework : A Technology Manager with name Web is already registered.
W, 2740, 22, 2012/11/01, 16:18:39.475, 355294955379, QTAgent32.exe, &lt;a class=success&gt;Playback - {1} [SUCCESS] MouseButtonClick - "[MSAA, VisibleOnly]ControlType='Edit'"
\0&lt;/a&gt;
W, 2740, 22, 2012/11/01, 16:18:39.740, 355298746988, QTAgent32.exe, &lt;a class=success&gt;Playback - {2} [SUCCESS] SendKeys "[*]" - "[MSAA, VisibleOnly]ControlType='Edit'"
\0&lt;/a&gt;
W, 2740, 22, 2012/11/01, 16:18:40.661, 355312088742, QTAgent32.exe, &lt;a class=success&gt;Playback - {3} [SUCCESS] MouseButtonClick - "[MSAA, VisibleOnly]ControlType='Button' &amp;&amp; Name='OK'"
\0&lt;/a&gt;
W, 2740, 22, 2012/11/01, 16:18:41.331, 355321680609, QTAgent32.exe, &lt;a class=success&gt;Playback - {4} [SUCCESS] MouseButtonClick - "[MSAA, VisibleOnly]ControlType='Button' &amp;&amp; Name='OK'"
\0&lt;/a&gt;
W, 2740, 22, 2012/11/01, 16:18:41.737, 355327338339, QTAgent32.exe, &lt;a class=success&gt;Playback - {5} [SUCCESS] MouseButtonClick - "[MSAA, VisibleOnly]ControlType='Button' &amp;&amp; Name='Clients &amp; Files'"
\0&lt;/a&gt;
W, 2740, 22, 2012/11/01, 16:18:42.096, 355332484522, QTAgent32.exe, &lt;a class=success&gt;Playback - {6} [SUCCESS] MouseButtonClick - "[MSAA, VisibleOnly]ControlType='Button' &amp;&amp; Name='Clients &amp; Files'"
\0&lt;/a&gt;
W, 2740, 22, 2012/11/01, 16:18:42.642, 355340477057, QTAgent32.exe, Playback - [WARNING] Internal warning: Window Not Found: [VisibleOnly]ControlType='Window' &amp;&amp; Name='Customer: txt1 tdsfs' &amp;&amp; ClassName='ThunderRT6MDIForm'
\0
E, 2740, 22, 2012/11/01, 16:18:42.642, 355340479892, QTAgent32.exe, &lt;a class=failure&gt;Playback - {7} [FAILED] Function ElementFetcher::FindScreenElement failed to locate UI element (Searching: ;[VisibleOnly]ControlType='Window' &amp;&amp; Name='Customer: txt1 tdsfs' &amp;&amp; ClassName='ThunderRT6MDIForm') (The object specified was not found.)
\0&lt;/a&gt;
E, 2740, 22, 2012/11/01, 16:18:42.736, 355341829705, QTAgent32.exe, Playback - [IMAGE] C:\Users\peter.zenin-ad\AppData\Local\Temp\UITestLogs\LastRun\RPFAD8C.png
\0
W, 2740, 22, 2012/11/01, 16:18:42.736, 355341831846, QTAgent32.exe, Playback - [WARNING] Internal warning: Couldn't find descendants that match QueryId
\0
W, 2740, 22, 2012/11/01, 16:18:42.736, 355341834770, QTAgent32.exe, PERF WARNING: FindTopLevelWindowHelper::FindAllDescendents: took 516 ms. Expected it to take maximum 500 ms.
W, 2740, 22, 2012/11/01, 16:19:00.770, 355600048794, QTAgent32.exe, Playback - [WARNING] Internal warning: Window Not Found: [VisibleOnly]ControlType='Window' &amp;&amp; Name='Customer: txt1 tdsfs' &amp;&amp; ClassName='ThunderRT6MDIForm'
\0
E, 2740, 22, 2012/11/01, 16:19:00.770, 355600051505, QTAgent32.exe, &lt;a class=failure&gt;Playback - {8} [FAILED] Function ElementFetcher::FindScreenElement failed to locate UI element (Searching: ;[VisibleOnly]ControlType='Window' &amp;&amp; Name='Customer: txt1 tdsfs' &amp;&amp; ClassName='ThunderRT6MDIForm') (The object specified was not found.)
\0&lt;/a&gt;
E, 2740, 22, 2012/11/01, 16:19:00.879, 355601587145, QTAgent32.exe, Playback - [IMAGE] C:\Users\peter.zenin-ad\AppData\Local\Temp\UITestLogs\LastRun\RPFF45C.png
\0
W, 2740, 22, 2012/11/01, 16:19:00.879, 355601589502, QTAgent32.exe, Playback - [WARNING] Internal warning: Couldn't find descendants that match QueryId
\0
W, 2740, 22, 2012/11/01, 16:19:00.879, 355601592451, QTAgent32.exe, PERF WARNING: FindTopLevelWindowHelper::FindAllDescendents: took 18141 ms. Expected it to take maximum 500 ms.
W, 2740, 22, 2012/11/01, 16:19:01.612, 355611937437, QTAgent32.exe, Playback - [WARNING] Internal warning: Window with Class "ThunderRT6MDIForm" and Title "Customer: txt1 tdsfs" was not found, so similar window with Class "ThunderRT6MDIForm" and Title "Customer: autotest" was accepted
\0
W, 2740, 22, 2012/11/01, 16:19:01.612, 355611941108, QTAgent32.exe, PERF WARNING: FindTopLevelWindowHelper::FindAllDescendents: took 722 ms. Expected it to take maximum 500 ms.
W, 2740, 22, 2012/11/01, 16:19:03.188, 355634674653, QTAgent32.exe, Playback - [WARNING] Internal warning: Incorrect flag set for InvokeProgrammaticAction\0
W, 2740, 22, 2012/11/01, 16:19:03.531, 355639396787, QTAgent32.exe, &lt;a class=success&gt;Playback - {9} [SUCCESS] SetValueAsComboBox "Customers" - "[MSAA, VisibleOnly]ControlType='ComboBox'"  &lt; SetValueAsComboBox, set by clicking on the item in the list box &gt;
\0&lt;/a&gt;
W, 2740, 22, 2012/11/01, 16:19:04.187, 355648852702, QTAgent32.exe, &lt;a class=success&gt;Playback - {10} [SUCCESS] MouseButtonClick - "[MSAA, VisibleOnly]ControlType='Button' &amp;&amp; Name='Add'"
\0&lt;/a&gt;
W, 2740, 22, 2012/11/01, 16:19:04.592, 355654566805, QTAgent32.exe, &lt;a class=success&gt;Playback - {11} [SUCCESS] SendKeys "autotest" - "[MSAA, VisibleOnly]ControlType='RadioButton' &amp;&amp; Name='Personal Lines'"
\0&lt;/a&gt;
W, 2740, 22, 2012/11/01, 16:19:05.091, 355661716139, QTAgent32.exe, &lt;a class=success&gt;Playback - {12} [SUCCESS] SetValueAsEditBox "autotest" - "[MSAA, VisibleOnly]ControlType='Edit'"  &lt; Set via SendKeys &gt;
\0&lt;/a&gt;
W, 2740, 22, 2012/11/01, 16:19:05.591, 355668950252, QTAgent32.exe, &lt;a class=success&gt;Playback - {13} [SUCCESS] MouseButtonClick - "[MSAA, VisibleOnly]ControlType='Button' &amp;&amp; Name='OK'"
\0&lt;/a&gt;
W, 2740, 22, 2012/11/01, 16:19:06.168, 355677283721, QTAgent32.exe, &lt;a class=success&gt;Playback - {14} [SUCCESS] MouseButtonClick - "[MSAA, VisibleOnly]ControlType='Button' &amp;&amp; Name='Yes'"
\0&lt;/a&gt;
W, 2740, 22, 2012/11/01, 16:19:06.386, 355680252946, QTAgent32.exe, &lt;a class=success&gt;Playback - {15} [SUCCESS] SendKeys "^{HOME}" - "[MSAA, VisibleOnly]ControlType='Edit'"
\0&lt;/a&gt;
E, 2740, 22, 2012/11/01, 16:19:06.386, 355680255588, QTAgent32.exe, Msaa.GetFocusedElement: could not find accessible object of foreground window
W, 2740, 22, 2012/11/01, 16:19:06.480, 355681591674, QTAgent32.exe, &lt;a class=success&gt;Playback - {16} [SUCCESS] SendKeys "^+{END}" - "[MSAA, VisibleOnly]ControlType='Edit'"
\0&lt;/a&gt;
E, 2740, 22, 2012/11/01, 16:19:06.480, 355681594230, QTAgent32.exe, Msaa.GetFocusedElement: could not find accessible object of foreground window
W, 2740, 22, 2012/11/01, 16:19:06.496, 355681816790, QTAgent32.exe, &lt;a class=success&gt;Playback - {17} [SUCCESS] SendKeys "{DELETE}" - "[MSAA, VisibleOnly]ControlType='Edit'"
\0&lt;/a&gt;
W, 2740, 22, 2012/11/01, 16:19:06.574, 355682935721, QTAgent32.exe, &lt;a class=success&gt;Playback - {18} [SUCCESS] SetValueAsEditBox "1" - "[MSAA, VisibleOnly]ControlType='Edit'"  &lt; Set via SendKeys &gt;
\0&lt;/a&gt;
W, 2740, 22, 2012/11/01, 16:19:06.808, 355686282397, QTAgent32.exe, &lt;a class=success&gt;Playback - {19} [SUCCESS] SendKeys "^{HOME}" - "[MSAA, VisibleOnly]ControlType='Edit'"
\0&lt;/a&gt;
E, 2740, 22, 2012/11/01, 16:19:06.808, 355686285121, QTAgent32.exe, Msaa.GetFocusedElement: could not find accessible object of foreground window
W, 2740, 22, 2012/11/01, 16:19:06.886, 355687398920, QTAgent32.exe, &lt;a class=success&gt;Playback - {20} [SUCCESS] SendKeys "^+{END}" - "[MSAA, VisibleOnly]ControlType='Edit'"
\0&lt;/a&gt;
E, 2740, 22, 2012/11/01, 16:19:06.886, 355687401232, QTAgent32.exe, Msaa.GetFocusedElement: could not find accessible object of foreground window
W, 2740, 22, 2012/11/01, 16:19:06.901, 355687622913, QTAgent32.exe, &lt;a class=success&gt;Playback - {21} [SUCCESS] SendKeys "{DELETE}" - "[MSAA, VisibleOnly]ControlType='Edit'"
\0&lt;/a&gt;
W, 2740, 22, 2012/11/01, 16:19:06.995, 355688966419, QTAgent32.exe, &lt;a class=success&gt;Playback - {22} [SUCCESS] SetValueAsEditBox "1" - "[MSAA, VisibleOnly]ControlType='Edit'"  &lt; Set via SendKeys &gt;
\0&lt;/a&gt;
W, 2740, 22, 2012/11/01, 16:19:07.525, 355696647489, QTAgent32.exe, &lt;a class=success&gt;Playback - {23} [SUCCESS] MouseButtonClick - "[MSAA, VisibleOnly]ControlType='Button' &amp;&amp; Name='OK'"
\0&lt;/a&gt;
W, 2740, 22, 2012/11/01, 16:19:08.024, 355703867150, QTAgent32.exe, &lt;a class=success&gt;Playback - {24} [SUCCESS] MouseButtonClick - "[MSAA, VisibleOnly]ControlType='Button'"
\0&lt;/a&gt;
W, 2740, 22, 2012/11/01, 16:19:08.539, 355711162009, QTAgent32.exe, &lt;a class=success&gt;Playback - {25} [SUCCESS] MouseButtonClick - "[MSAA, VisibleOnly]ControlType='Button' &amp;&amp; Name='Add'"
\0&lt;/a&gt;
W, 2740, 22, 2012/11/01, 16:19:09.054, 355718610376, QTAgent32.exe, &lt;a class=success&gt;Playback - {26} [SUCCESS] MouseButtonClick - "[MSAA, VisibleOnly]ControlType='Button' &amp;&amp; Name='OK'"
\0&lt;/a&gt;
W, 2740, 22, 2012/11/01, 16:19:11.519, 355753738924, QTAgent32.exe, &lt;a class=success&gt;Playback - {27} [SUCCESS] MouseButtonClick - "[MSAA, VisibleOnly,Window]ControlType='Window' &amp;&amp; ClassName='ThunderRT6TextBox'"
\0&lt;/a&gt;
W, 2740, 22, 2012/11/01, 16:19:11.940, 355759774837, QTAgent32.exe, &lt;a class=success&gt;Playback - {28} [SUCCESS] SetValueAsEditBox "MOTO" - "[MSAA, VisibleOnly]ControlType='Edit'"  &lt; Set via SendKeys &gt;
\0&lt;/a&gt;
W, 2740, 22, 2012/11/01, 16:19:12.471, 355767442696, QTAgent32.exe, &lt;a class=success&gt;Playback - {29} [SUCCESS] MouseButtonClick - "[MSAA, VisibleOnly]ControlType='Button' &amp;&amp; Name='OK'"
\0&lt;/a&gt;
W, 2740, 22, 2012/11/01, 16:19:12.907, 355773685574, QTAgent32.exe, &lt;a class=success&gt;Playback - {30} [SUCCESS] MouseButtonClick - "[MSAA, VisibleOnly]ControlType='Button' &amp;&amp; Name='Options'"
\0&lt;/a&gt;
W, 2740, 22, 2012/11/01, 16:19:13.017, 355775185619, QTAgent32.exe, FindScreenElementInSinglePass : Attempting to find control in one pass of search. Failures can occur.
W, 2740, 22, 2012/11/01, 16:19:13.204, 355777862216, QTAgent32.exe, &lt;a class=success&gt;Playback - {31} [SUCCESS] MouseButtonClick - "[MSAA]ControlType='MenuItem' &amp;&amp; Name='Links'"
\0&lt;/a&gt;
W, 2740, 22, 2012/11/01, 16:19:13.313, 355779430947, QTAgent32.exe, FindScreenElementInSinglePass : Attempting to find control in one pass of search. Failures can occur.
W, 2740, 22, 2012/11/01, 16:19:13.532, 355782553632, QTAgent32.exe, &lt;a class=success&gt;Playback - {32} [SUCCESS] MouseButtonClick - "[MSAA]ControlType='MenuItem' &amp;&amp; Name='3rd Party Integration'"
\0&lt;/a&gt;
W, 2740, 22, 2012/11/01, 16:19:13.641, 355784122928, QTAgent32.exe, FindScreenElementInSinglePass : Attempting to find control in one pass of search. Failures can occur.
W, 2740, 22, 2012/11/01, 16:19:13.844, 355787051712, QTAgent32.exe, &lt;a class=success&gt;Playback - {33} [SUCCESS] MouseButtonClick - "[MSAA]ControlType='MenuItem' &amp;&amp; Name='Quote Select List'"
\0&lt;/a&gt;
W, 2740, 22, 2012/11/01, 16:19:15.497, 355810750542, QTAgent32.exe, PERF WARNING: FindTopLevelWindowHelper::FindAllDescendents: took 1536 ms. Expected it to take maximum 500 ms.
W, 2740, 22, 2012/11/01, 16:19:17.463, 355839053221, QTAgent32.exe, &lt;a class=success&gt;Playback - {34} [SUCCESS] MouseButtonClick - "[MSAA, VisibleOnly]ControlType='Button' &amp;&amp; Name='Ok'"
\0&lt;/a&gt;
W, 2740, 22, 2012/11/01, 16:19:18.883, 355859214030, QTAgent32.exe, PERF WARNING: FindTopLevelWindowHelper::FindAllDescendents: took 1312 ms. Expected it to take maximum 500 ms.
W, 2740, 22, 2012/11/01, 16:19:19.288, 355865113372, QTAgent32.exe, &lt;a class=success&gt;Playback - {35} [SUCCESS] MouseButtonClick - "[MSAA, VisibleOnly]ControlType='Button' &amp;&amp; Name='Ok'"
\0&lt;/a&gt;
W, 2740, 22, 2012/11/01, 16:19:19.663, 355870339333, QTAgent32.exe, &lt;a class=success&gt;Playback - {36} [SUCCESS] SetValueAsEditBox "Test" - "[MSAA, VisibleOnly]ControlType='Edit'"  &lt; Set via SendKeys &gt;
\0&lt;/a&gt;
W, 2740, 22, 2012/11/01, 16:19:19.865, 355873239949, QTAgent32.exe, &lt;a class=success&gt;Playback - {37} [SUCCESS] SendKeys "{Tab}" - "[MSAA, VisibleOnly]ControlType='Edit'"
\0&lt;/a&gt;
W, 2740, 22, 2012/11/01, 16:19:20.240, 355878605013, QTAgent32.exe, &lt;a class=success&gt;Playback - {38} [SUCCESS] SetValueAsEditBox "test" - "[MSAA, VisibleOnly]ControlType='Edit'"  &lt; Set via SendKeys &gt;
\0&lt;/a&gt;
W, 2740, 22, 2012/11/01, 16:19:20.677, 355884860795, QTAgent32.exe, &lt;a class=success&gt;Playback - {39} [SUCCESS] SetValueAsEditBox "160485" - "[MSAA, VisibleOnly]ControlType='Edit'"  &lt; Set via SendKeys &gt;
\0&lt;/a&gt;
W, 2740, 22, 2012/11/01, 16:19:21.129, 355891337200, QTAgent32.exe, &lt;a class=success&gt;Playback - {40} [SUCCESS] SetValueAsEditBox "B338TH" - "[MSAA, VisibleOnly]ControlType='Edit'"  &lt; Set via SendKeys &gt;
\0&lt;/a&gt;
W, 2740, 22, 2012/11/01, 16:19:23.594, 355926622564, QTAgent32.exe, &lt;a class=success&gt;Playback - {41} [SUCCESS] MouseButtonClick - "[MSAA, VisibleOnly]ControlType='Button' &amp;&amp; Name='Lookup...'"
\0&lt;/a&gt;
W, 2740, 22, 2012/11/01, 16:19:24.031, 355933028889, QTAgent32.exe, &lt;a class=success&gt;Playback - {42} [SUCCESS] MouseButtonClick - "[MSAA, VisibleOnly]ControlType='Button' &amp;&amp; Name='Ok'"
\0&lt;/a&gt;
W, 2740, 22, 2012/11/01, 16:19:26.137, 355963242353, QTAgent32.exe, &lt;a class=success&gt;Playback - {43} [SUCCESS] MouseButtonClick - "[MSAA, VisibleOnly]ControlType='Button' &amp;&amp; Name='OK'"
\0&lt;/a&gt;
W, 2740, 22, 2012/11/01, 16:19:26.808, 355972667855, QTAgent32.exe, Playback - [WARNING] Internal warning: Incorrect flag set for InvokeProgrammaticAction\0
W, 2740, 22, 2012/11/01, 16:19:27.135, 355977340868, QTAgent32.exe, &lt;a class=success&gt;Playback - {44} [SUCCESS] SetValueAsComboBox "Account Executive" - "[MSAA, VisibleOnly]ControlType='ComboBox'"  &lt; SetValueAsComboBox, set by clicking on the item in the list box &gt;
\0&lt;/a&gt;
W, 2740, 22, 2012/11/01, 16:19:27.822, 355987189394, QTAgent32.exe, Playback - [WARNING] Internal warning: Incorrect flag set for InvokeProgrammaticAction\0
W, 2740, 22, 2012/11/01, 16:19:28.149, 355991862477, QTAgent32.exe, &lt;a class=success&gt;Playback - {45} [SUCCESS] SetValueAsComboBox "Acupuncture" - "[MSAA, VisibleOnly]ControlType='ComboBox'"  &lt; SetValueAsComboBox, set by clicking on the item in the list box &gt;
\0&lt;/a&gt;
W, 2740, 22, 2012/11/01, 16:19:28.664, 355999219844, QTAgent32.exe, &lt;a class=success&gt;Playback - {46} [SUCCESS] SetValueAsEditBox "151101" - "[MSAA, VisibleOnly]ControlType='Edit'"  &lt; Set via SendKeys &gt;
\0&lt;/a&gt;
W, 2740, 22, 2012/11/01, 16:19:30.380, 356024003787, QTAgent32.exe, &lt;a class=success&gt;Playback - {47} [SUCCESS] MouseButtonClick - "[MSAA, VisibleOnly]ControlType='Button' &amp;&amp; Name='OK'"
\0&lt;/a&gt;
W, 2740, 22, 2012/11/01, 16:19:30.942, 356031833533, QTAgent32.exe, &lt;a class=success&gt;Playback - {48} [SUCCESS] SetValueAsEditBox "RF53OXL" - "[MSAA, VisibleOnly]ControlType='Edit'"  &lt; Set via SendKeys &gt;
\0&lt;/a&gt;
W, 2740, 22, 2012/11/01, 16:19:32.174, 356049654433, QTAgent32.exe, &lt;a class=success&gt;Playback - {49} [SUCCESS] MouseButtonClick - "[MSAA, VisibleOnly]ControlType='Button' &amp;&amp; Name='Filter'"
\0&lt;/a&gt;
W, 2740, 22, 2012/11/01, 16:19:32.658, 356056522104, QTAgent32.exe, &lt;a class=success&gt;Playback - {50} [SUCCESS] MouseButtonClick - "[MSAA, VisibleOnly]ControlType='Button' &amp;&amp; Name='OK'"
\0&lt;/a&gt;
W, 2740, 22, 2012/11/01, 16:19:33.157, 356063545398, QTAgent32.exe, &lt;a class=success&gt;Playback - {51} [SUCCESS] SendKeys "^{HOME}" - "[MSAA, VisibleOnly]ControlType='Edit'"
\0&lt;/a&gt;
E, 2740, 22, 2012/11/01, 16:19:33.157, 356063548131, QTAgent32.exe, Msaa.GetFocusedElement: could not find accessible object of foreground window
W, 2740, 22, 2012/11/01, 16:19:33.235, 356064661643, QTAgent32.exe, &lt;a class=success&gt;Playback - {52} [SUCCESS] SendKeys "^+{END}" - "[MSAA, VisibleOnly]ControlType='Edit'"
\0&lt;/a&gt;
E, 2740, 22, 2012/11/01, 16:19:33.235, 356064664517, QTAgent32.exe, Msaa.GetFocusedElement: could not find accessible object of foreground window
W, 2740, 22, 2012/11/01, 16:19:33.251, 356064884751, QTAgent32.exe, &lt;a class=success&gt;Playback - {53} [SUCCESS] SendKeys "{DELETE}" - "[MSAA, VisibleOnly]ControlType='Edit'"
\0&lt;/a&gt;
W, 2740, 22, 2012/11/01, 16:19:33.469, 356068016065, QTAgent32.exe, &lt;a class=success&gt;Playback - {54} [SUCCESS] SetValueAsEditBox "1000" - "[MSAA, VisibleOnly]ControlType='Edit'"  &lt; Set via SendKeys &gt;
\0&lt;/a&gt;
W, 2740, 22, 2012/11/01, 16:19:33.953, 356074969862, QTAgent32.exe, &lt;a class=success&gt;Playback - {55} [SUCCESS] MouseButtonClick - "[MSAA, VisibleOnly]ControlType='Button' &amp;&amp; Name='Calculate Quote'"
\0&lt;/a&gt;
W, 2740, 22, 2012/11/01, 16:19:34.405, 356081477547, QTAgent32.exe, &lt;a class=success&gt;Playback - {56} [SUCCESS] MouseButtonClick - "[MSAA, VisibleOnly]ControlType='Button' &amp;&amp; Name='Cancel'"
\0&lt;/a&gt;
W, 2740, 22, 2012/11/01, 16:19:34.873, 356088312238, QTAgent32.exe, &lt;a class=success&gt;Playback - {57} [SUCCESS] MouseButtonClick - "[MSAA, VisibleOnly]ControlType='Button' &amp;&amp; Name='No'"
\0&lt;/a&gt;
W, 2740, 22, 2012/11/01, 16:19:42.627, 356199152646, QTAgent32.exe, PERF WARNING: FindTopLevelWindowHelper::FindAllDescendents: took 7645 ms. Expected it to take maximum 500 ms.
W, 2740, 22, 2012/11/01, 16:19:42.955, 356203820199, QTAgent32.exe, &lt;a class=success&gt;Playback - {58} [SUCCESS] MouseButtonClick - "[MSAA, VisibleOnly]ControlType='Client'"
\0&lt;/a&gt;
W, 2740, 22, 2012/11/01, 16:19:44.577, 356227060002, QTAgent32.exe, &lt;a class=success&gt;Playback - {59} [SUCCESS] SendKeys "{Home}" - "[MSAA, VisibleOnly]ControlType='Client'"
\0&lt;/a&gt;
W, 2740, 22, 2012/11/01, 16:19:48.321, 356280846634, QTAgent32.exe, &lt;a class=success&gt;Playback - {60} [SUCCESS] MouseButtonClick - "[MSAA, VisibleOnly]ControlType='Button' &amp;&amp; Name='Accept'"
\0&lt;/a&gt;
W, 2740, 22, 2012/11/01, 16:19:48.883, 356288859437, QTAgent32.exe, &lt;a class=success&gt;Playback - {61} [SUCCESS] MouseButtonClick - "[MSAA, VisibleOnly]ControlType='Button' &amp;&amp; Name='Yes'"
\0&lt;/a&gt;
W, 2740, 22, 2012/11/01, 16:19:49.382, 356295897208, QTAgent32.exe, &lt;a class=success&gt;Playback - {62} [SUCCESS] MouseButtonClick - "[MSAA, VisibleOnly]ControlType='Button' &amp;&amp; Name='Ok'"
\0&lt;/a&gt;
W, 2740, 22, 2012/11/01, 16:19:49.819, 356302305710, QTAgent32.exe, &lt;a class=success&gt;Playback - {63} [SUCCESS] MouseButtonClick - "[MSAA, VisibleOnly]ControlType='Button' &amp;&amp; Name='Ok'"
\0&lt;/a&gt;
W, 2740, 22, 2012/11/01, 16:19:50.427, 356310944199, QTAgent32.exe, &lt;a class=success&gt;Playback - {64} [SUCCESS] MouseButtonClick - "[MSAA, VisibleOnly]ControlType='Button' &amp;&amp; Name='Confirm'"
\0&lt;/a&gt;
W, 2740, 22, 2012/11/01, 16:20:18.805, 356717116253, QTAgent32.exe, Playback - [WARNING] Internal warning: Window Not Found: [VisibleOnly]ControlType='Window' &amp;&amp; Name='Save the file as' &amp;&amp; ClassName='#32770'
\0
E, 2740, 22, 2012/11/01, 16:20:18.805, 356717119325, QTAgent32.exe, &lt;a class=failure&gt;Playback - {65} [FAILED] Function ElementFetcher::FindScreenElement failed to locate UI element (Searching: ;[VisibleOnly]ControlType='Window' &amp;&amp; Name='Save the file as' &amp;&amp; ClassName='#32770') (The object specified was not found.)
\0&lt;/a&gt;
E, 2740, 22, 2012/11/01, 16:20:18.899, 356718652524, QTAgent32.exe, Playback - [IMAGE] C:\Users\peter.zenin-ad\AppData\Local\Temp\UITestLogs\LastRun\RPF252D.png
\0
W, 2740, 22, 2012/11/01, 16:20:18.899, 356718654658, QTAgent32.exe, Playback - [WARNING] Internal warning: Couldn't find descendants that match QueryId
\0
W, 2740, 22, 2012/11/01, 16:20:18.899, 356718657664, QTAgent32.exe, PERF WARNING: FindTopLevelWindowHelper::FindAllDescendents: took 28375 ms. Expected it to take maximum 500 ms.
W, 2740, 22, 2012/11/01, 16:20:37.105, 356979119913, QTAgent32.exe, Playback - [WARNING] Internal warning: Window Not Found: [VisibleOnly]ControlType='Window' &amp;&amp; Name='Save the file as' &amp;&amp; ClassName='#32770'
\0
E, 2740, 22, 2012/11/01, 16:20:37.105, 356979122679, QTAgent32.exe, &lt;a class=failure&gt;Playback - {66} [FAILED] Function ElementFetcher::FindScreenElement failed to locate UI element (Searching: ;[VisibleOnly]ControlType='Window' &amp;&amp; Name='Save the file as' &amp;&amp; ClassName='#32770') (The object specified was not found.)
\0&lt;/a&gt;
E, 2740, 22, 2012/11/01, 16:20:37.183, 356980355913, QTAgent32.exe, Playback - [IMAGE] C:\Users\peter.zenin-ad\AppData\Local\Temp\UITestLogs\LastRun\RPF6CA8.png
\0
W, 2740, 22, 2012/11/01, 16:20:37.183, 356980358082, QTAgent32.exe, Playback - [WARNING] Internal warning: Couldn't find descendants that match QueryId
\0
W, 2740, 22, 2012/11/01, 16:20:37.183, 356980361095, QTAgent32.exe, PERF WARNING: FindTopLevelWindowHelper::FindAllDescendents: took 18277 ms. Expected it to take maximum 500 ms.
W, 2740, 22, 2012/11/01, 16:20:40.319, 357025133628, QTAgent32.exe, Playback - [WARNING] Internal warning: Smart Match failed
\0
W, 2740, 22, 2012/11/01, 16:20:41.863, 357047248577, QTAgent32.exe, Playback - [WARNING] Internal warning: Window Not Found: [VisibleOnly]ControlType='Window' &amp;&amp; Name='Save the file as' &amp;&amp; ClassName='#32770'
\0
E, 2740, 22, 2012/11/01, 16:20:41.863, 357047251390, QTAgent32.exe, &lt;a class=failure&gt;Playback - {67} [FAILED] Function ElementFetcher::FindScreenElement failed to locate UI element (Searching: ;[VisibleOnly]ControlType='Window' &amp;&amp; Name='Save the file as' &amp;&amp; ClassName='#32770') (The object specified was not found.)
\0&lt;/a&gt;
E, 2740, 22, 2012/11/01, 16:20:41.941, 357048450483, QTAgent32.exe, Playback - [IMAGE] C:\Users\peter.zenin-ad\AppData\Local\Temp\UITestLogs\LastRun\RPF7F40.png
\0
W, 2740, 22, 2012/11/01, 16:20:41.941, 357048452665, QTAgent32.exe, Playback - [WARNING] Internal warning: Couldn't find descendants that match QueryId
\0
W, 2740, 22, 2012/11/01, 16:20:41.941, 357048455650, QTAgent32.exe, PERF WARNING: FindTopLevelWindowHelper::FindAllDescendents: took 4755 ms. Expected it to take maximum 500 ms.
E, 2740, 22, 2012/11/01, 16:20:41.941, 357048457488, QTAgent32.exe, Exception: System.Runtime.InteropServices.COMException
	Message: Error HRESULT E_FAIL has been returned from a call to a COM component.
	Stack Trace:    at Microsoft.VisualStudio.TestTools.UITest.Playback.Engine.IRPFPlayback.FindAllScreenElements(IScreenElement pScreenElementStart, String bstrQueryId, Object&amp; pvarResKeys, Int32 cResKeys, Int32 nMaxDepth, Object[]&amp; foundDescendants)
   at Microsoft.VisualStudio.TestTools.UITest.Playback.ScreenElement.FindTopLevelWindowHelper(String queryId)
	BaseExceptionMessage: Error HRESULT E_FAIL has been returned from a call to a COM component.

E, 2740, 22, 2012/11/01, 16:20:42.066, 357050146465, QTAgent32.exe, AL: Playback Error: Microsoft.VisualStudio.TestTools.UITest.Extension.UITestControlNotFoundException: The playback failed to find the control with the given search properties. Additional Details: 
TechnologyName:  'MSAA'
ControlType:  'Window'
Name:  'Save the file as'
ClassName:  '#32770'
 ---&gt; System.Runtime.InteropServices.COMException: Error HRESULT E_FAIL has been returned from a call to a COM component.
   at Microsoft.VisualStudio.TestTools.UITest.Playback.Engine.IRPFPlayback.FindAllScreenElements(IScreenElement pScreenElementStart, String bstrQueryId, Object&amp; pvarResKeys, Int32 cResKeys, Int32 nMaxDepth, Object[]&amp; foundDescendants)
   at Microsoft.VisualStudio.TestTools.UITest.Playback.ScreenElement.FindTopLevelWindowHelper(String queryId)
   at Microsoft.VisualStudio.TestTools.UITest.Playback.ScreenElement.FindFromPartialQueryId(String queryId)
   at Microsoft.VisualStudio.TestTools.UITesting.UITestControl..ctor(String queryId)
   --- End of inner exception stack trace ---
   at Microsoft.VisualStudio.TestTools.UITesting.Playback.MapControlNotFoundException(COMException ex, IPlaybackContext context)
   at Microsoft.VisualStudio.TestTools.UITesting.Playback.MapAndThrowComException(COMException innerException, IPlaybackContext context)
   at Microsoft.VisualStudio.TestTools.UITesting.Playback.MapAndThrowException(SystemException exception, IPlaybackContext context)
   at Microsoft.VisualStudio.TestTools.UITesting.Playback.MapAndThrowException(SystemException exception, String queryId)
   at Microsoft.VisualStudio.TestTools.UITesting.UITestControl..ctor(String queryId)
   at Microsoft.VisualStudio.TestTools.UITesting.SearchHelper.SearchTopLevelWindow(ISearchArgument topLevelSearchArg, String topLevelElementQueryId)
   at Microsoft.VisualStudio.TestTools.UITesting.SearchHelper.GetTitleUpdatedTopLevelWindow(ISearchArgument topLevelSearchArg, String queryId, IList`1 windowTitles)
   at Microsoft.VisualStudio.TestTools.UITesting.SearchHelper.GetTopLevelElement(Boolean useCache, Boolean useCacheOnly, ISearchArgument searchArg, IList`1 windowTitles, Int32&amp; timeLeft)
   at Microsoft.VisualStudio.TestTools.UITesting.SearchHelper.GetElement(Boolean useCache, ISearchArgument searchArg)
   at Microsoft.VisualStudio.TestTools.UITesting.SearchHelper.Search(ISearchArgument searchArg)
   at Microsoft.VisualStudio.TestTools.UITesting.UITestControl.FindInternal()
   at Microsoft.VisualStudio.TestTools.UITesting.UITestControl.FindControlIfNecessary()
   at Microsoft.VisualStudio.TestTools.UITesting.UITestControl.Click(MouseButtons button, ModifierKeys modifierKeys, Point relativeCoordinates)
   at Microsoft.VisualStudio.TestTools.UITesting.Mouse.ClickImplementation(UITestControl control, MouseButtons button, ModifierKeys modifierKeys, Point relativeCoordinate)
   at Microsoft.VisualStudio.TestTools.UITesting.Mouse.ClickImplementationWrapper(UITestControl control, MouseButtons button, ModifierKeys modifierKeys, Point relativeCoordinate)
W, 2740, 22, 2012/11/01, 16:20:42.066, 357050148463, QTAgent32.exe, PlaybackErrorHandler: Ignoring exception as ContinueOnError is set.
W, 2740, 22, 2012/11/01, 16:20:42.394, 357054839523, QTAgent32.exe, &lt;a class=success&gt;Playback - {68} [SUCCESS] Check - "[MSAA, VisibleOnly]ControlType='CheckBox' &amp;&amp; Name='Defer Printing?'"
\0&lt;/a&gt;
W, 2740, 22, 2012/11/01, 16:20:43.064, 357064549781, QTAgent32.exe, &lt;a class=success&gt;Playback - {69} [SUCCESS] MouseButtonClick - "[MSAA, VisibleOnly]ControlType='Button' &amp;&amp; Name='Ok'"
\0&lt;/a&gt;
W, 2740, 22, 2012/11/01, 16:20:44.812, 357089560167, QTAgent32.exe, PERF WARNING: FindTopLevelWindowHelper::FindAllDescendents: took 1645 ms. Expected it to take maximum 500 ms.
W, 2740, 22, 2012/11/01, 16:20:45.155, 357094375454, QTAgent32.exe, &lt;a class=success&gt;Playback - {70} [SUCCESS] Uncheck - "[MSAA, VisibleOnly]ControlType='CheckBox' &amp;&amp; Name='Add Activity'"
\0&lt;/a&gt;
W, 2740, 22, 2012/11/01, 16:20:48.244, 357138662591, QTAgent32.exe, &lt;a class=success&gt;Playback - {71} [SUCCESS] MouseButtonClick - "[MSAA, VisibleOnly]ControlType='Button' &amp;&amp; Name='Ok'"
\0&lt;/a&gt;
W, 2740, 22, 2012/11/01, 16:20:48.681, 357144985954, QTAgent32.exe, &lt;a class=success&gt;Playback - {72} [SUCCESS] MouseButtonClick - "[MSAA, VisibleOnly]ControlType='Button' &amp;&amp; Name='Ok'"
\0&lt;/a&gt;
W, 2740, 22, 2012/11/01, 16:20:58.806, 357289810888, QTAgent32.exe, PERF WARNING: FindTopLevelWindowHelper::FindAllDescendents: took 9874 ms. Expected it to take maximum 500 ms.
W, 2740, 22, 2012/11/01, 16:21:01.099, 357322647061, QTAgent32.exe, &lt;a class=success&gt;Playback - {73} [SUCCESS] MouseButtonClick - "[MSAA, VisibleOnly]ControlType='Button' &amp;&amp; Name='OK'"
\0&lt;/a&gt;
W, 2740, 22, 2012/11/01, 16:21:01.536, 357328966254, QTAgent32.exe, &lt;a class=success&gt;Playback - {74} [SUCCESS] MouseButtonClick - "[MSAA, VisibleOnly]ControlType='Button' &amp;&amp; Name='Options'"
\0&lt;/a&gt;
W, 2740, 22, 2012/11/01, 16:21:01.645, 357330472611, QTAgent32.exe, FindScreenElementInSinglePass : Attempting to find control in one pass of search. Failures can occur.
W, 2740, 22, 2012/11/01, 16:21:01.645, 357330587981, QTAgent32.exe, Playback - [WARNING] Internal failure: Method GetBoundingRectangle failed (HRESULT = 0x1, "Incorrect function.") for Name = "Quote Select List" ," ControlType = "MenuItem"
\0
W, 2740, 22, 2012/11/01, 16:21:01.645, 357330589238, QTAgent32.exe, Playback - [WARNING] Internal failure: Couldn't get clickable point for ScreenUIElement - GetClickablePoint failed
\0
W, 2740, 22, 2012/11/01, 16:21:01.645, 357330594062, QTAgent32.exe, FindScreenElementInSinglePass : Attempting to find control in one pass of search. Failures can occur.
W, 2740, 22, 2012/11/01, 16:21:01.645, 357330624833, QTAgent32.exe, FindScreenElementInSinglePass : Attempting to find control in one pass of search. Failures can occur.
W, 2740, 22, 2012/11/01, 16:21:01.988, 357335394984, QTAgent32.exe, &lt;a class=success&gt;Playback - {75} [SUCCESS] LeftButtonClick - "[MSAA, VisibleOnly]ControlType='MenuBar' &amp;&amp; Name='Application'"  &lt; Mouse cursor location (960, 31) &gt;
\0&lt;/a&gt;
W, 2740, 22, 2012/11/01, 16:21:02.097, 357336944361, QTAgent32.exe, &lt;a class=success&gt;Playback - {76} [SUCCESS] LeftButtonClick - "[MSAA]ControlType='MenuItem' &amp;&amp; Name='Options'"  &lt; Mouse cursor location (94, 31) &gt;
\0&lt;/a&gt;
W, 2740, 22, 2012/11/01, 16:21:02.269, 357339400481, QTAgent32.exe, &lt;a class=success&gt;Playback - {77} [SUCCESS] LeftButtonClick - "[MSAA]ControlType='MenuItem' &amp;&amp; Name='Links'"  &lt; Mouse cursor location (174, 319) &gt;
\0&lt;/a&gt;
W, 2740, 22, 2012/11/01, 16:21:02.456, 357342080464, QTAgent32.exe, &lt;a class=success&gt;Playback - {78} [SUCCESS] LeftButtonClick - "[MSAA]ControlType='MenuItem' &amp;&amp; Name='3rd Party Integration'"  &lt; Mouse cursor location (375, 319) &gt;
\0&lt;/a&gt;
W, 2740, 22, 2012/11/01, 16:21:02.644, 357344788559, QTAgent32.exe, &lt;a class=success&gt;Playback - {79} [SUCCESS] MouseButtonClick - "[MSAA]ControlType='MenuItem' &amp;&amp; Name='Quote Select List'"
\0&lt;/a&gt;
W, 2740, 22, 2012/11/01, 16:21:04.609, 357372903203, QTAgent32.exe, PERF WARNING: FindTopLevelWindowHelper::FindAllDescendents: took 1854 ms. Expected it to take maximum 500 ms.
W, 2740, 22, 2012/11/01, 16:21:06.325, 357397518896, QTAgent32.exe, &lt;a class=success&gt;Playback - {80} [SUCCESS] MouseButtonClick - "[MSAA, VisibleOnly]ControlType='Button' &amp;&amp; Name='Ok'"
\0&lt;/a&gt;
W, 2740, 22, 2012/11/01, 16:21:07.807, 357418752825, QTAgent32.exe, PERF WARNING: FindTopLevelWindowHelper::FindAllDescendents: took 1376 ms. Expected it to take maximum 500 ms.
W, 2740, 22, 2012/11/01, 16:21:08.260, 357425335930, QTAgent32.exe, &lt;a class=success&gt;Playback - {81} [SUCCESS] MouseButtonClick - "[MSAA, VisibleOnly]ControlType='Button' &amp;&amp; Name='MTA...'"
\0&lt;/a&gt;
W, 2740, 22, 2012/11/01, 16:21:08.915, 357434662071, QTAgent32.exe, Playback - [WARNING] Internal warning: Incorrect flag set for InvokeProgrammaticAction\0
W, 2740, 22, 2012/11/01, 16:21:09.243, 357439256924, QTAgent32.exe, &lt;a class=success&gt;Playback - {82} [SUCCESS] SetValueAsComboBox "Change of Vehicle" - "[MSAA, VisibleOnly]ControlType='ComboBox'"  &lt; SetValueAsComboBox, set by clicking on the item in the list box &gt;
\0&lt;/a&gt;
W, 2740, 22, 2012/11/01, 16:21:09.664, 357445459395, QTAgent32.exe, &lt;a class=success&gt;Playback - {83} [SUCCESS] MouseButtonClick - "[MSAA, VisibleOnly]ControlType='Button' &amp;&amp; Name='OK'"
\0&lt;/a&gt;
W, 2740, 22, 2012/11/01, 16:21:09.773, 357446837992, QTAgent32.exe, Playback - [WARNING] Internal warning: Thread state based WFR - Requested element has invalid HWND
\0
W, 2740, 22, 2012/11/01, 16:21:09.773, 357446839950, QTAgent32.exe, Playback - [WARNING] Internal warning: process performance counters based WFR - Requested element has invalid HWND
\0
E, 2740, 22, 2012/11/01, 16:21:09.773, 357446858195, QTAgent32.exe, EnsureValid called via EnsureValid call for same element
E, 2740, 22, 2012/11/01, 16:21:09.773, 357446864308, QTAgent32.exe, GetClassName for handle 984902 failed
E, 2740, 22, 2012/11/01, 16:21:09.773, 357446866764, QTAgent32.exe, EnsureValid called via EnsureValid call for same element
E, 2740, 22, 2012/11/01, 16:21:09.773, 357446868360, QTAgent32.exe, EnsureValid called via EnsureValid call for same element
E, 2740, 22, 2012/11/01, 16:21:09.773, 357446874321, QTAgent32.exe, GetClassName for handle 984902 failed
E, 2740, 22, 2012/11/01, 16:21:09.773, 357446911280, QTAgent32.exe, Exception: System.Runtime.InteropServices.COMException
	Message: Error HRESULT E_FAIL has been returned from a call to a COM component.
	Stack Trace:    at Accessibility.IAccessible.get_accState(Object varChild)
   at Microsoft.VisualStudio.TestTools.UITest.Extension.Msaa.AccWrapper.get_State()
	BaseExceptionMessage: Error HRESULT E_FAIL has been returned from a call to a COM component.

E, 2740, 22, 2012/11/01, 16:21:09.773, 357446915696, QTAgent32.exe, Exception: System.Runtime.InteropServices.COMException
	Message: Error HRESULT E_FAIL has been returned from a call to a COM component.
	Stack Trace:    at Accessibility.IAccessible.get_accState(Object varChild)
   at Microsoft.VisualStudio.TestTools.UITest.Extension.Msaa.AccWrapper.get_State()
	BaseExceptionMessage: Error HRESULT E_FAIL has been returned from a call to a COM component.

E, 2740, 22, 2012/11/01, 16:21:09.773, 357446919896, QTAgent32.exe, Exception: System.Runtime.InteropServices.COMException
	Message: Error HRESULT E_FAIL has been returned from a call to a COM component.
	Stack Trace:    at Accessibility.IAccessible.get_accState(Object varChild)
   at Microsoft.VisualStudio.TestTools.UITest.Extension.Msaa.AccWrapper.get_State()
	BaseExceptionMessage: Error HRESULT E_FAIL has been returned from a call to a COM component.

E, 2740, 22, 2012/11/01, 16:21:09.773, 357446924072, QTAgent32.exe, Exception: System.Runtime.InteropServices.COMException
	Message: Error HRESULT E_FAIL has been returned from a call to a COM component.
	Stack Trace:    at Accessibility.IAccessible.get_accState(Object varChild)
   at Microsoft.VisualStudio.TestTools.UITest.Extension.Msaa.AccWrapper.get_State()
	BaseExceptionMessage: Error HRESULT E_FAIL has been returned from a call to a COM component.

E, 2740, 22, 2012/11/01, 16:21:09.773, 357446928295, QTAgent32.exe, Exception: System.Runtime.InteropServices.COMException
	Message: Error HRESULT E_FAIL has been returned from a call to a COM component.
	Stack Trace:    at Accessibility.IAccessible.get_accState(Object varChild)
   at Microsoft.VisualStudio.TestTools.UITest.Extension.Msaa.AccWrapper.get_State()
	BaseExceptionMessage: Error HRESULT E_FAIL has been returned from a call to a COM component.

E, 2740, 22, 2012/11/01, 16:21:09.773, 357446932572, QTAgent32.exe, Exception: System.Runtime.InteropServices.COMException
	Message: Error HRESULT E_FAIL has been returned from a call to a COM component.
	Stack Trace:    at Accessibility.IAccessible.get_accState(Object varChild)
   at Microsoft.VisualStudio.TestTools.UITest.Extension.Msaa.AccWrapper.get_State()
	BaseExceptionMessage: Error HRESULT E_FAIL has been returned from a call to a COM component.

E, 2740, 22, 2012/11/01, 16:21:09.773, 357446936822, QTAgent32.exe, Exception: System.Runtime.InteropServices.COMException
	Message: Error HRESULT E_FAIL has been returned from a call to a COM component.
	Stack Trace:    at Accessibility.IAccessible.get_accState(Object varChild)
   at Microsoft.VisualStudio.TestTools.UITest.Extension.Msaa.AccWrapper.get_State()
	BaseExceptionMessage: Error HRESULT E_FAIL has been returned from a call to a COM component.

W, 2740, 22, 2012/11/01, 16:21:09.976, 357449770283, QTAgent32.exe, PERF WARNING: MSAA.UpdateQueryIDForNamelessControls: took 201 ms. Expected it to take maximum 200 ms.
W, 2740, 22, 2012/11/01, 16:21:09.976, 357449780034, QTAgent32.exe, Msaa.Navigate: Exception [Error HRESULT E_FAIL has been returned from a call to a COM component.] while calling accNavigate.
E, 2740, 22, 2012/11/01, 16:21:09.976, 357449781115, QTAgent32.exe, GetClassName for handle 1247138 failed
E, 2740, 22, 2012/11/01, 16:21:09.976, 357449781982, QTAgent32.exe, Window 1247138 not responding. Last Win32 error 1400
E, 2740, 22, 2012/11/01, 16:21:09.976, 357449784521, QTAgent32.exe, GetClassName for handle 984902 failed
W, 2740, 22, 2012/11/01, 16:21:10.163, 357452424156, QTAgent32.exe, &lt;a class=success&gt;Playback - {84} [SUCCESS] SendKeys "^{HOME}" - "[MSAA, VisibleOnly]ControlType='Edit'"
\0&lt;/a&gt;
E, 2740, 22, 2012/11/01, 16:21:10.163, 357452427048, QTAgent32.exe, Msaa.GetFocusedElement: could not find accessible object of foreground window
W, 2740, 22, 2012/11/01, 16:21:10.257, 357453763193, QTAgent32.exe, &lt;a class=success&gt;Playback - {85} [SUCCESS] SendKeys "^+{END}" - "[MSAA, VisibleOnly]ControlType='Edit'"
\0&lt;/a&gt;
E, 2740, 22, 2012/11/01, 16:21:10.257, 357453766202, QTAgent32.exe, Msaa.GetFocusedElement: could not find accessible object of foreground window
W, 2740, 22, 2012/11/01, 16:21:10.272, 357453987953, QTAgent32.exe, &lt;a class=success&gt;Playback - {86} [SUCCESS] SendKeys "{DELETE}" - "[MSAA, VisibleOnly]ControlType='Edit'"
\0&lt;/a&gt;
W, 2740, 22, 2012/11/01, 16:21:10.491, 357457120679, QTAgent32.exe, &lt;a class=success&gt;Playback - {87} [SUCCESS] SetValueAsEditBox "2500" - "[MSAA, VisibleOnly]ControlType='Edit'"  &lt; Set via SendKeys &gt;
\0&lt;/a&gt;
W, 2740, 22, 2012/11/01, 16:21:11.052, 357465338481, QTAgent32.exe, &lt;a class=success&gt;Playback - {88} [SUCCESS] MouseButtonClick - "[MSAA, VisibleOnly]ControlType='Button' &amp;&amp; Name='Calculate Quote'"
\0&lt;/a&gt;
W, 2740, 22, 2012/11/01, 16:21:11.318, 357468951909, QTAgent32.exe, &lt;a class=success&gt;Playback - {89} [SUCCESS] SendKeys "^{HOME}" - "[MSAA, VisibleOnly]ControlType='Edit'"
\0&lt;/a&gt;
E, 2740, 22, 2012/11/01, 16:21:11.318, 357468954655, QTAgent32.exe, Msaa.GetFocusedElement: could not find accessible object of foreground window
W, 2740, 22, 2012/11/01, 16:21:11.411, 357470291821, QTAgent32.exe, &lt;a class=success&gt;Playback - {90} [SUCCESS] SendKeys "^+{END}" - "[MSAA, VisibleOnly]ControlType='Edit'"
\0&lt;/a&gt;
E, 2740, 22, 2012/11/01, 16:21:11.411, 357470294598, QTAgent32.exe, Msaa.GetFocusedElement: could not find accessible object of foreground window
W, 2740, 22, 2012/11/01, 16:21:11.427, 357470514061, QTAgent32.exe, &lt;a class=success&gt;Playback - {91} [SUCCESS] SendKeys "{DELETE}" - "[MSAA, VisibleOnly]ControlType='Edit'"
\0&lt;/a&gt;
W, 2740, 22, 2012/11/01, 16:21:11.801, 357475879577, QTAgent32.exe, &lt;a class=success&gt;Playback - {92} [SUCCESS] SetValueAsEditBox "13/10/12" - "[MSAA, VisibleOnly]ControlType='Edit'"  &lt; Set via SendKeys &gt;
\0&lt;/a&gt;
W, 2740, 22, 2012/11/01, 16:21:12.254, 357482448719, QTAgent32.exe, &lt;a class=success&gt;Playback - {93} [SUCCESS] MouseButtonClick - "[MSAA, VisibleOnly]ControlType='Button' &amp;&amp; Name='OK'"
\0&lt;/a&gt;
W, 2740, 22, 2012/11/01, 16:21:12.706, 357488902047, QTAgent32.exe, &lt;a class=success&gt;Playback - {94} [SUCCESS] MouseButtonClick - "[MSAA, VisibleOnly]ControlType='Button' &amp;&amp; Name='OK'"
\0&lt;/a&gt;
W, 2740, 22, 2012/11/01, 16:21:12.971, 357492627438, QTAgent32.exe, &lt;a class=success&gt;Playback - {95} [SUCCESS] SendKeys "^{HOME}" - "[MSAA, VisibleOnly]ControlType='Edit'"
\0&lt;/a&gt;
E, 2740, 22, 2012/11/01, 16:21:12.971, 357492630006, QTAgent32.exe, Msaa.GetFocusedElement: could not find accessible object of foreground window
W, 2740, 22, 2012/11/01, 16:21:13.065, 357493966862, QTAgent32.exe, &lt;a class=success&gt;Playback - {96} [SUCCESS] SendKeys "^+{END}" - "[MSAA, VisibleOnly]ControlType='Edit'"
\0&lt;/a&gt;
E, 2740, 22, 2012/11/01, 16:21:13.065, 357493969327, QTAgent32.exe, Msaa.GetFocusedElement: could not find accessible object of foreground window
W, 2740, 22, 2012/11/01, 16:21:13.080, 357494191122, QTAgent32.exe, &lt;a class=success&gt;Playback - {97} [SUCCESS] SendKeys "{DELETE}" - "[MSAA, VisibleOnly]ControlType='Edit'"
\0&lt;/a&gt;
W, 2740, 22, 2012/11/01, 16:21:13.322, 357498077814, QTAgent32.exe, &lt;a class=success&gt;Playback - {98} [SUCCESS] SetValueAsEditBox "02/11/12" - "[MSAA, VisibleOnly]ControlType='Edit'"  &lt; Set via SendKeys &gt;
\0&lt;/a&gt;
W, 2740, 22, 2012/11/01, 16:21:13.747, 357504144064, QTAgent32.exe, &lt;a class=success&gt;Playback - {99} [SUCCESS] MouseButtonClick - "[MSAA, VisibleOnly]ControlType='Button' &amp;&amp; Name='OK'"
\0&lt;/a&gt;
W, 2740, 22, 2012/11/01, 16:21:20.056, 357594481409, QTAgent32.exe, PERF WARNING: FindTopLevelWindowHelper::FindAllDescendents: took 6207 ms. Expected it to take maximum 500 ms.
W, 2740, 22, 2012/11/01, 16:21:20.166, 357596059709, QTAgent32.exe, &lt;a class=success&gt;Playback - {100} [SUCCESS] MouseButtonClick - "[MSAA, VisibleOnly]ControlType='Client'"
\0&lt;/a&gt;
W, 2740, 22, 2012/11/01, 16:21:20.429, 357599833520, QTAgent32.exe, &lt;a class=success&gt;Playback - {101} [SUCCESS] SendKeys "{Home}" - "[MSAA, VisibleOnly]ControlType='Client'"
\0&lt;/a&gt;
W, 2740, 22, 2012/11/01, 16:21:20.685, 357603491686, QTAgent32.exe, &lt;a class=success&gt;Playback - {102} [SUCCESS] MouseButtonClick - "[MSAA, VisibleOnly]ControlType='Button' &amp;&amp; Name='Accept'"
\0&lt;/a&gt;
W, 2740, 22, 2012/11/01, 16:21:20.968, 357607552461, QTAgent32.exe, &lt;a class=success&gt;Playback - {103} [SUCCESS] MouseButtonClick - "[MSAA, VisibleOnly]ControlType='Button' &amp;&amp; Name='Yes'"
\0&lt;/a&gt;
W, 2740, 22, 2012/11/01, 16:21:21.224, 357611218333, QTAgent32.exe, &lt;a class=success&gt;Playback - {104} [SUCCESS] MouseButtonClick - "[MSAA, VisibleOnly]ControlType='Button' &amp;&amp; Name='Ok'"
\0&lt;/a&gt;
W, 2740, 22, 2012/11/01, 16:21:39.789, 357877012289, QTAgent32.exe, PERF WARNING: FindTopLevelWindowHelper::FindAllDescendents: took 18463 ms. Expected it to take maximum 500 ms.
W, 2740, 22, 2012/11/01, 16:21:41.278, 357898332139, QTAgent32.exe, &lt;a class=success&gt;Playback - {105} [SUCCESS] MouseButtonClick - "[MSAA, VisibleOnly]ControlType='Button' &amp;&amp; Name='OK'"
\0&lt;/a&gt;
W, 2740, 22, 2012/11/01, 16:21:41.378, 357899765456, QTAgent32.exe, Playback - [WARNING] Internal warning: Thread state based WFR - Requested element has invalid HWND
\0
W, 2740, 22, 2012/11/01, 16:21:41.378, 357899767633, QTAgent32.exe, Playback - [WARNING] Internal warning: process performance counters based WFR - Requested element has invalid HWND
\0
E, 2740, 22, 2012/11/01, 16:21:41.378, 357899771442, QTAgent32.exe, EnsureValid called via EnsureValid call for same element
E, 2740, 22, 2012/11/01, 16:21:41.378, 357899775718, QTAgent32.exe, GetClassName for handle 2099108 failed
E, 2740, 22, 2012/11/01, 16:21:41.379, 357899778636, QTAgent32.exe, EnsureValid called via EnsureValid call for same element
E, 2740, 22, 2012/11/01, 16:21:41.379, 357899780508, QTAgent32.exe, EnsureValid called via EnsureValid call for same element
E, 2740, 22, 2012/11/01, 16:21:41.380, 357899799799, QTAgent32.exe, Window 2099108 not responding. Last Win32 error 0
E, 2740, 22, 2012/11/01, 16:21:41.380, 357899801995, QTAgent32.exe, GetClassName for handle 2099108 failed
E, 2740, 22, 2012/11/01, 16:21:41.380, 357899802812, QTAgent32.exe, GetClassName for handle 2099108 failed
W, 2740, 22, 2012/11/01, 16:21:41.508, 357901632194, QTAgent32.exe, &lt;a class=success&gt;Playback - {106} [SUCCESS] Check - "[MSAA, VisibleOnly]ControlType='CheckBox' &amp;&amp; Name='Defer Printing?'"
\0&lt;/a&gt;
W, 2740, 22, 2012/11/01, 16:21:42.032, 357909141189, QTAgent32.exe, &lt;a class=success&gt;Playback - {107} [SUCCESS] MouseButtonClick - "[MSAA, VisibleOnly]ControlType='Button' &amp;&amp; Name='Ok'"
\0&lt;/a&gt;
W, 2740, 22, 2012/11/01, 16:21:42.133, 357910576194, QTAgent32.exe, Playback - [WARNING] Internal warning: Thread state based WFR - Requested element has invalid HWND
\0
W, 2740, 22, 2012/11/01, 16:21:42.133, 357910578180, QTAgent32.exe, Playback - [WARNING] Internal warning: process performance counters based WFR - Requested element has invalid HWND
\0
E, 2740, 22, 2012/11/01, 16:21:42.133, 357910581569, QTAgent32.exe, EnsureValid called via EnsureValid call for same element
E, 2740, 22, 2012/11/01, 16:21:42.133, 357910585407, QTAgent32.exe, GetClassName for handle 1312564 failed
E, 2740, 22, 2012/11/01, 16:21:42.147, 357910774832, QTAgent32.exe, EnsureValid called via EnsureValid call for same element
E, 2740, 22, 2012/11/01, 16:21:42.147, 357910776724, QTAgent32.exe, EnsureValid called via EnsureValid call for same element
E, 2740, 22, 2012/11/01, 16:21:42.148, 357910796040, QTAgent32.exe, Window 1312564 not responding. Last Win32 error 0
E, 2740, 22, 2012/11/01, 16:21:42.148, 357910798316, QTAgent32.exe, GetClassName for handle 1312564 failed
E, 2740, 22, 2012/11/01, 16:21:42.148, 357910799211, QTAgent32.exe, GetClassName for handle 1312564 failed
W, 2740, 22, 2012/11/01, 16:21:43.895, 357935790796, QTAgent32.exe, PERF WARNING: FindTopLevelWindowHelper::FindAllDescendents: took 1745 ms. Expected it to take maximum 500 ms.
W, 2740, 22, 2012/11/01, 16:21:44.032, 357937760128, QTAgent32.exe, &lt;a class=success&gt;Playback - {108} [SUCCESS] Uncheck - "[MSAA, VisibleOnly]ControlType='CheckBox' &amp;&amp; Name='Add Activity'"
\0&lt;/a&gt;
W, 2740, 22, 2012/11/01, 16:21:44.380, 357942745691, QTAgent32.exe, &lt;a class=success&gt;Playback - {109} [SUCCESS] MouseButtonClick - "[MSAA, VisibleOnly]ControlType='Button' &amp;&amp; Name='Ok'"
\0&lt;/a&gt;
W, 2740, 22, 2012/11/01, 16:21:50.044, 358023842373, QTAgent32.exe, PERF WARNING: FindTopLevelWindowHelper::FindAllDescendents: took 5466 ms. Expected it to take maximum 500 ms.
W, 2740, 22, 2012/11/01, 16:21:50.572, 358031408863, QTAgent32.exe, &lt;a class=success&gt;Playback - {110} [SUCCESS] MouseButtonClick - "[MSAA, VisibleOnly]ControlType='Button' &amp;&amp; Name='OK'"
\0&lt;/a&gt;
E, 2740, 22, 2012/11/01, 16:21:50.767, 358034194517, QTAgent32.exe, GetClassName for handle 3736576 failed
W, 2740, 22, 2012/11/01, 16:21:54.512, 358087803897, QTAgent32.exe, PERF WARNING: FindTopLevelWindowHelper::FindAllDescendents: took 3743 ms. Expected it to take maximum 500 ms.
W, 2740, 22, 2012/11/01, 16:21:56.645, 358118343692, QTAgent32.exe, &lt;a class=success&gt;Playback - {111} [SUCCESS] MouseButtonClick - "[MSAA, VisibleOnly]ControlType='Button' &amp;&amp; Name='OK'"
\0&lt;/a&gt;
W, 2740, 22, 2012/11/01, 16:21:56.866, 358121516766, QTAgent32.exe, &lt;a class=success&gt;Playback - {112} [SUCCESS] MouseButtonClick - "[MSAA, VisibleOnly]ControlType='Button' &amp;&amp; Name='Options'"
\0&lt;/a&gt;
W, 2740, 22, 2012/11/01, 16:21:56.966, 358122949123, QTAgent32.exe, FindScreenElementInSinglePass : Attempting to find control in one pass of search. Failures can occur.
W, 2740, 22, 2012/11/01, 16:21:56.977, 358123101368, QTAgent32.exe, Playback - [WARNING] Internal failure: Method GetBoundingRectangle failed (HRESULT = 0x1, "Incorrect function.") for Name = "Quote Select List" ," ControlType = "MenuItem"
\0
W, 2740, 22, 2012/11/01, 16:21:56.977, 358123103563, QTAgent32.exe, Playback - [WARNING] Internal failure: Couldn't get clickable point for ScreenUIElement - GetClickablePoint failed
\0
W, 2740, 22, 2012/11/01, 16:21:56.977, 358123107299, QTAgent32.exe, FindScreenElementInSinglePass : Attempting to find control in one pass of search. Failures can occur.
W, 2740, 22, 2012/11/01, 16:21:56.999, 358123411714, QTAgent32.exe, FindScreenElementInSinglePass : Attempting to find control in one pass of search. Failures can occur.
W, 2740, 22, 2012/11/01, 16:21:57.118, 358125119736, QTAgent32.exe, &lt;a class=success&gt;Playback - {113} [SUCCESS] LeftButtonClick - "[MSAA, VisibleOnly]ControlType='MenuBar' &amp;&amp; Name='Application'"  &lt; Mouse cursor location (960, 31) &gt;
\0&lt;/a&gt;
W, 2740, 22, 2012/11/01, 16:21:57.227, 358126679748, QTAgent32.exe, &lt;a class=success&gt;Playback - {114} [SUCCESS] LeftButtonClick - "[MSAA]ControlType='MenuItem' &amp;&amp; Name='Options'"  &lt; Mouse cursor location (94, 31) &gt;
\0&lt;/a&gt;
W, 2740, 22, 2012/11/01, 16:21:57.370, 358128726392, QTAgent32.exe, &lt;a class=success&gt;Playback - {115} [SUCCESS] LeftButtonClick - "[MSAA]ControlType='MenuItem' &amp;&amp; Name='Links'"  &lt; Mouse cursor location (174, 319) &gt;
\0&lt;/a&gt;
W, 2740, 22, 2012/11/01, 16:21:57.527, 358130979914, QTAgent32.exe, &lt;a class=success&gt;Playback - {116} [SUCCESS] LeftButtonClick - "[MSAA]ControlType='MenuItem' &amp;&amp; Name='3rd Party Integration'"  &lt; Mouse cursor location (375, 319) &gt;
\0&lt;/a&gt;
W, 2740, 22, 2012/11/01, 16:21:57.689, 358133300750, QTAgent32.exe, &lt;a class=success&gt;Playback - {117} [SUCCESS] MouseButtonClick - "[MSAA]ControlType='MenuItem' &amp;&amp; Name='Quote Select List'"
\0&lt;/a&gt;
E, 2740, 22, 2012/11/01, 16:21:57.797, 358134837749, QTAgent32.exe, GetClassName for handle 2623448 failed
W, 2740, 22, 2012/11/01, 16:21:59.271, 358155947916, QTAgent32.exe, PERF WARNING: FindTopLevelWindowHelper::FindAllDescendents: took 1471 ms. Expected it to take maximum 500 ms.
W, 2740, 22, 2012/11/01, 16:22:01.092, 358182031458, QTAgent32.exe, &lt;a class=success&gt;Playback - {118} [SUCCESS] MouseButtonClick - "[MSAA, VisibleOnly]ControlType='Button' &amp;&amp; Name='Ok'"
\0&lt;/a&gt;
W, 2740, 22, 2012/11/01, 16:22:01.195, 358183499300, QTAgent32.exe, Playback - [WARNING] Internal warning: Thread state based WFR - Requested element has invalid HWND
\0
W, 2740, 22, 2012/11/01, 16:22:01.195, 358183500999, QTAgent32.exe, Playback - [WARNING] Internal warning: process performance counters based WFR - Requested element has invalid HWND
\0
E, 2740, 22, 2012/11/01, 16:22:01.195, 358183504026, QTAgent32.exe, EnsureValid called via EnsureValid call for same element
E, 2740, 22, 2012/11/01, 16:22:01.195, 358183506014, QTAgent32.exe, EnsureValid called via EnsureValid call for same element
E, 2740, 22, 2012/11/01, 16:22:01.196, 358183507551, QTAgent32.exe, EnsureValid called via EnsureValid call for same element
E, 2740, 22, 2012/11/01, 16:22:01.196, 358183510669, QTAgent32.exe, GetClassName for handle 3146286 failed
E, 2740, 22, 2012/11/01, 16:22:01.196, 358183515351, QTAgent32.exe, GetClassName for handle 3146286 failed
E, 2740, 22, 2012/11/01, 16:22:01.197, 358183522625, QTAgent32.exe, Exception: System.Runtime.InteropServices.COMException
	Message: Error HRESULT E_FAIL has been returned from a call to a COM component.
	Stack Trace:    at Accessibility.IAccessible.get_accState(Object varChild)
   at Microsoft.VisualStudio.TestTools.UITest.Extension.Msaa.AccWrapper.get_State()
	BaseExceptionMessage: Error HRESULT E_FAIL has been returned from a call to a COM component.

E, 2740, 22, 2012/11/01, 16:22:01.197, 358183526983, QTAgent32.exe, Exception: System.Runtime.InteropServices.COMException
	Message: Error HRESULT E_FAIL has been returned from a call to a COM component.
	Stack Trace:    at Accessibility.IAccessible.get_accState(Object varChild)
   at Microsoft.VisualStudio.TestTools.UITest.Extension.Msaa.AccWrapper.get_State()
	BaseExceptionMessage: Error HRESULT E_FAIL has been returned from a call to a COM component.

E, 2740, 22, 2012/11/01, 16:22:01.197, 358183531222, QTAgent32.exe, Exception: System.Runtime.InteropServices.COMException
	Message: Error HRESULT E_FAIL has been returned from a call to a COM component.
	Stack Trace:    at Accessibility.IAccessible.get_accState(Object varChild)
   at Microsoft.VisualStudio.TestTools.UITest.Extension.Msaa.AccWrapper.get_State()
	BaseExceptionMessage: Error HRESULT E_FAIL has been returned from a call to a COM component.

E, 2740, 22, 2012/11/01, 16:22:01.197, 358183535400, QTAgent32.exe, Exception: System.Runtime.InteropServices.COMException
	Message: Error HRESULT E_FAIL has been returned from a call to a COM component.
	Stack Trace:    at Accessibility.IAccessible.get_accState(Object varChild)
   at Microsoft.VisualStudio.TestTools.UITest.Extension.Msaa.AccWrapper.get_State()
	BaseExceptionMessage: Error HRESULT E_FAIL has been returned from a call to a COM component.

E, 2740, 22, 2012/11/01, 16:22:01.198, 358183539817, QTAgent32.exe, Exception: System.Runtime.InteropServices.COMException
	Message: Error HRESULT E_FAIL has been returned from a call to a COM component.
	Stack Trace:    at Accessibility.IAccessible.get_accState(Object varChild)
   at Microsoft.VisualStudio.TestTools.UITest.Extension.Msaa.AccWrapper.get_State()
	BaseExceptionMessage: Error HRESULT E_FAIL has been returned from a call to a COM component.

E, 2740, 22, 2012/11/01, 16:22:01.198, 358183544025, QTAgent32.exe, Exception: System.Runtime.InteropServices.COMException
	Message: Error HRESULT E_FAIL has been returned from a call to a COM component.
	Stack Trace:    at Accessibility.IAccessible.get_accState(Object varChild)
   at Microsoft.VisualStudio.TestTools.UITest.Extension.Msaa.AccWrapper.get_State()
	BaseExceptionMessage: Error HRESULT E_FAIL has been returned from a call to a COM component.

E, 2740, 22, 2012/11/01, 16:22:01.198, 358183548272, QTAgent32.exe, Exception: System.Runtime.InteropServices.COMException
	Message: Error HRESULT E_FAIL has been returned from a call to a COM component.
	Stack Trace:    at Accessibility.IAccessible.get_accState(Object varChild)
   at Microsoft.VisualStudio.TestTools.UITest.Extension.Msaa.AccWrapper.get_State()
	BaseExceptionMessage: Error HRESULT E_FAIL has been returned from a call to a COM component.

W, 2740, 22, 2012/11/01, 16:22:01.397, 358186397117, QTAgent32.exe, PERF WARNING: MSAA.UpdateQueryIDForNamelessControls: took 201 ms. Expected it to take maximum 200 ms.
W, 2740, 22, 2012/11/01, 16:22:01.398, 358186402078, QTAgent32.exe, Msaa.Navigate: Exception [Error HRESULT E_FAIL has been returned from a call to a COM component.] while calling accNavigate.
E, 2740, 22, 2012/11/01, 16:22:01.398, 358186403122, QTAgent32.exe, GetClassName for handle 1706028 failed
E, 2740, 22, 2012/11/01, 16:22:01.398, 358186403960, QTAgent32.exe, Window 1706028 not responding. Last Win32 error 1400
E, 2740, 22, 2012/11/01, 16:22:01.398, 358186406366, QTAgent32.exe, GetClassName for handle 3146286 failed
W, 2740, 22, 2012/11/01, 16:22:02.611, 358203769563, QTAgent32.exe, PERF WARNING: FindTopLevelWindowHelper::FindAllDescendents: took 1212 ms. Expected it to take maximum 500 ms.
W, 2740, 22, 2012/11/01, 16:22:02.923, 358208240967, QTAgent32.exe, &lt;a class=success&gt;Playback - {119} [SUCCESS] MouseButtonClick - "[MSAA, VisibleOnly]ControlType='Button' &amp;&amp; Name='Exit'"
\0&lt;/a&gt;
E, 2740, 22, 2012/11/01, 16:22:03.023, 358209671763, QTAgent32.exe, GetClassName for handle 3540074 failed
W, 2740, 22, 2012/11/01, 16:22:03.232, 358212662813, QTAgent32.exe, &lt;a class=success&gt;Playback - {120} [SUCCESS] MouseButtonClick - "[MSAA, VisibleOnly]ControlType='Button' &amp;&amp; Name='Yes'"
\0&lt;/a&gt;
E, 2740, 22, 2012/11/01, 16:22:03.470, 358216071787, QTAgent32.exe, GetClassName for handle 3802112 failed
W, 2740, 22, 2012/11/01, 16:22:04.124, 358225420297, QTAgent32.exe, PERF WARNING: FindTopLevelWindowHelper::FindAllDescendents: took 652 ms. Expected it to take maximum 500 ms.
W, 2740, 22, 2012/11/01, 16:22:06.263, 358256049698, QTAgent32.exe, &lt;a class=success&gt;Playback - {121} [SUCCESS] MouseButtonClick - "[MSAA, VisibleOnly]ControlType='Button' &amp;&amp; Name='OK'"
\0&lt;/a&gt;
W, 2740, 22, 2012/11/01, 16:22:07.865, 358278989435, QTAgent32.exe, Playback - [WARNING] Internal warning: Element "[MSAA, VisibleOnly]ControlType='Window' &amp;&amp; ControlId='32770'" was not found, so all intermediate elements were ignored. To improve performance replace this element Id with another Id or exclude it from QueryId. If this element is the target element, replace or remove intermediate elements
\0
W, 2740, 22, 2012/11/01, 16:22:08.392, 358286540654, QTAgent32.exe, PERF WARNING: FindAllDescendents: took 2028 ms. Expected it to take maximum 500 ms.
W, 2740, 22, 2012/11/01, 16:22:08.530, 358288520084, QTAgent32.exe, &lt;a class=success&gt;Playback - {122} [SUCCESS] MouseButtonClick - "[MSAA, VisibleOnly]ControlType='Button' &amp;&amp; Name='Cancel'"
\0&lt;/a&gt;
W, 2740, 22, 2012/11/01, 16:22:10.132, 358311450738, QTAgent32.exe, Playback - [WARNING] Internal warning: Element "[MSAA, VisibleOnly]ControlType='Window' &amp;&amp; ControlId='32769'" was not found, so all intermediate elements were ignored. To improve performance replace this element Id with another Id or exclude it from QueryId. If this element is the target element, replace or remove intermediate elements
\0
W, 2740, 22, 2012/11/01, 16:22:10.661, 358319029251, QTAgent32.exe, PERF WARNING: FindAllDescendents: took 2030 ms. Expected it to take maximum 500 ms.
W, 2740, 22, 2012/11/01, 16:22:10.786, 358320821609, QTAgent32.exe, &lt;a class=success&gt;Playback - {123} [SUCCESS] MouseButtonClick - "[MSAA, VisibleOnly]ControlType='Button' &amp;&amp; Name='Cancel'"
\0&lt;/a&gt;
W, 2740, 22, 2012/11/01, 16:22:11.129, 358325736705, QTAgent32.exe, Playback - [WARNING] Internal warning: Window Not Found: [VisibleOnly]ControlType='Window' &amp;&amp; Name='Customer: txt1 tdsfs' &amp;&amp; ClassName='ThunderRT6MDIForm'
\0
E, 2740, 22, 2012/11/01, 16:22:11.130, 358325739977, QTAgent32.exe, &lt;a class=failure&gt;Playback - {124} [FAILED] Function ElementFetcher::FindScreenElement failed to locate UI element (Searching: ;[VisibleOnly]ControlType='Window' &amp;&amp; Name='Customer: txt1 tdsfs' &amp;&amp; ClassName='ThunderRT6MDIForm') (The object specified was not found.)
\0&lt;/a&gt;
E, 2740, 22, 2012/11/01, 16:22:11.217, 358326985763, QTAgent32.exe, Playback - [IMAGE] C:\Users\peter.zenin-ad\AppData\Local\Temp\UITestLogs\LastRun\RPFDC00.png
\0
W, 2740, 22, 2012/11/01, 16:22:11.217, 358326988201, QTAgent32.exe, Playback - [WARNING] Internal warning: Couldn't find descendants that match QueryId
\0
W, 2740, 22, 2012/11/01, 16:22:11.236, 358327267517, QTAgent32.exe, Playback - [WARNING] Internal warning: Window Not Found: [VisibleOnly]ControlType='Window' &amp;&amp; Name='Customer: txt1 tdsfs' &amp;&amp; ClassName='ThunderRT6MDIForm'
\0
E, 2740, 22, 2012/11/01, 16:22:11.236, 358327269694, QTAgent32.exe, &lt;a class=failure&gt;Playback - {125} [FAILED] Function ElementFetcher::FindScreenElement failed to locate UI element (Searching: ;[VisibleOnly]ControlType='Window' &amp;&amp; Name='Customer: txt1 tdsfs' &amp;&amp; ClassName='ThunderRT6MDIForm') (The object specified was not found.)
\0&lt;/a&gt;
E, 2740, 22, 2012/11/01, 16:22:11.343, 358328792572, QTAgent32.exe, Playback - [IMAGE] C:\Users\peter.zenin-ad\AppData\Local\Temp\UITestLogs\LastRun\RPFDC6E.png
\0
W, 2740, 22, 2012/11/01, 16:22:11.343, 358328795194, QTAgent32.exe, Playback - [WARNING] Internal warning: Couldn't find descendants that match QueryId
\0
W, 2740, 22, 2012/11/01, 16:22:11.618, 358332731202, QTAgent32.exe, Playback - [WARNING] Internal warning: Window Not Found: [VisibleOnly]ControlType='Window' &amp;&amp; Name='Customer: txt1 tdsfs' &amp;&amp; ClassName='ThunderRT6MDIForm'
\0
E, 2740, 22, 2012/11/01, 16:22:11.618, 358332733832, QTAgent32.exe, &lt;a class=failure&gt;Playback - {126} [FAILED] Function ElementFetcher::FindScreenElement failed to locate UI element (Searching: ;[VisibleOnly]ControlType='Window' &amp;&amp; Name='Customer: txt1 tdsfs' &amp;&amp; ClassName='ThunderRT6MDIForm') (The object specified was not found.)
\0&lt;/a&gt;
E, 2740, 22, 2012/11/01, 16:22:11.727, 358334294484, QTAgent32.exe, Playback - [IMAGE] C:\Users\peter.zenin-ad\AppData\Local\Temp\UITestLogs\LastRun\RPFDDF5.png
\0
W, 2740, 22, 2012/11/01, 16:22:11.727, 358334296681, QTAgent32.exe, Playback - [WARNING] Internal warning: Couldn't find descendants that match QueryId
\0
E, 2740, 22, 2012/11/01, 16:22:11.728, 358334300743, QTAgent32.exe, Exception: System.Runtime.InteropServices.COMException
	Message: Error HRESULT E_FAIL has been returned from a call to a COM component.
	Stack Trace:    at Microsoft.VisualStudio.TestTools.UITest.Playback.Engine.IRPFPlayback.FindAllScreenElements(IScreenElement pScreenElementStart, String bstrQueryId, Object&amp; pvarResKeys, Int32 cResKeys, Int32 nMaxDepth, Object[]&amp; foundDescendants)
   at Microsoft.VisualStudio.TestTools.UITest.Playback.ScreenElement.FindTopLevelWindowHelper(String queryId)
	BaseExceptionMessage: Error HRESULT E_FAIL has been returned from a call to a COM component.

E, 2740, 22, 2012/11/01, 16:22:11.728, 358334305575, QTAgent32.exe, Window 4457216 not responding. Last Win32 error 0
E, 2740, 22, 2012/11/01, 16:22:11.728, 358334308160, QTAgent32.exe, GetClassName for handle 4457216 failed
E, 2740, 22, 2012/11/01, 16:22:11.729, 358334316919, QTAgent32.exe, Window 4457216 not responding. Last Win32 error 1400
E, 2740, 22, 2012/11/01, 16:22:11.729, 358334326854, QTAgent32.exe, Window 4457216 not responding. Last Win32 error 1400
E, 2740, 22, 2012/11/01, 16:22:11.729, 358334327984, QTAgent32.exe, GetClassName for handle 4457216 failed
E, 2740, 22, 2012/11/01, 16:22:11.729, 358334328847, QTAgent32.exe, GetClassName for handle 4457216 failed
W, 2740, 22, 2012/11/01, 16:22:11.981, 358337929661, QTAgent32.exe, Playback - [WARNING] Internal warning: Window Not Found: [VisibleOnly]ControlType='Window' &amp;&amp; Name='Customer: autotest autotest' &amp;&amp; ClassName='ThunderRT6MDIForm'
\0
E, 2740, 22, 2012/11/01, 16:22:11.981, 358337932835, QTAgent32.exe, &lt;a class=failure&gt;Playback - {127} [FAILED] Function ElementFetcher::FindScreenElement failed to locate UI element (Searching: ;[VisibleOnly]ControlType='Window' &amp;&amp; Name='Customer: autotest autotest' &amp;&amp; ClassName='ThunderRT6MDIForm') (The object specified was not found.)
\0&lt;/a&gt;
E, 2740, 22, 2012/11/01, 16:22:12.095, 358339556684, QTAgent32.exe, Playback - [IMAGE] C:\Users\peter.zenin-ad\AppData\Local\Temp\UITestLogs\LastRun\RPFDF5D.png
\0
W, 2740, 22, 2012/11/01, 16:22:12.095, 358339559156, QTAgent32.exe, Playback - [WARNING] Internal warning: Couldn't find descendants that match QueryId
\0
W, 2740, 22, 2012/11/01, 16:22:12.115, 358339843153, QTAgent32.exe, Playback - [WARNING] Internal warning: Window Not Found: [VisibleOnly]ControlType='Window' &amp;&amp; Name='Customer: autotest autotest' &amp;&amp; ClassName='ThunderRT6MDIForm'
\0
E, 2740, 22, 2012/11/01, 16:22:12.115, 358339845396, QTAgent32.exe, &lt;a class=failure&gt;Playback - {128} [FAILED] Function ElementFetcher::FindScreenElement failed to locate UI element (Searching: ;[VisibleOnly]ControlType='Window' &amp;&amp; Name='Customer: autotest autotest' &amp;&amp; ClassName='ThunderRT6MDIForm') (The object specified was not found.)
\0&lt;/a&gt;
E, 2740, 22, 2012/11/01, 16:22:12.225, 358341424923, QTAgent32.exe, Playback - [IMAGE] C:\Users\peter.zenin-ad\AppData\Local\Temp\UITestLogs\LastRun\RPFDFDB.png
\0
W, 2740, 22, 2012/11/01, 16:22:12.225, 358341427385, QTAgent32.exe, Playback - [WARNING] Internal warning: Couldn't find descendants that match QueryId
\0
W, 2740, 22, 2012/11/01, 16:22:12.486, 358345155006, QTAgent32.exe, Playback - [WARNING] Internal warning: Window Not Found: [VisibleOnly]ControlType='Window' &amp;&amp; Name='Customer: autotest autotest' &amp;&amp; ClassName='ThunderRT6MDIForm'
\0
E, 2740, 22, 2012/11/01, 16:22:12.486, 358345157906, QTAgent32.exe, &lt;a class=failure&gt;Playback - {129} [FAILED] Function ElementFetcher::FindScreenElement failed to locate UI element (Searching: ;[VisibleOnly]ControlType='Window' &amp;&amp; Name='Customer: autotest autotest' &amp;&amp; ClassName='ThunderRT6MDIForm') (The object specified was not found.)
\0&lt;/a&gt;
E, 2740, 22, 2012/11/01, 16:22:12.584, 358346569423, QTAgent32.exe, Playback - [IMAGE] C:\Users\peter.zenin-ad\AppData\Local\Temp\UITestLogs\LastRun\RPFE152.png
\0
W, 2740, 22, 2012/11/01, 16:22:12.584, 358346571568, QTAgent32.exe, Playback - [WARNING] Internal warning: Couldn't find descendants that match QueryId
\0
E, 2740, 22, 2012/11/01, 16:22:12.585, 358346576498, QTAgent32.exe, Exception: System.Runtime.InteropServices.COMException
	Message: Error HRESULT E_FAIL has been returned from a call to a COM component.
	Stack Trace:    at Microsoft.VisualStudio.TestTools.UITest.Playback.Engine.IRPFPlayback.FindAllScreenElements(IScreenElement pScreenElementStart, String bstrQueryId, Object&amp; pvarResKeys, Int32 cResKeys, Int32 nMaxDepth, Object[]&amp; foundDescendants)
   at Microsoft.VisualStudio.TestTools.UITest.Playback.ScreenElement.FindTopLevelWindowHelper(String queryId)
	BaseExceptionMessage: Error HRESULT E_FAIL has been returned from a call to a COM component.

E, 2740, 22, 2012/11/01, 16:22:12.585, 358346581008, QTAgent32.exe, Window 4457216 not responding. Last Win32 error 0
E, 2740, 22, 2012/11/01, 16:22:12.585, 358346584882, QTAgent32.exe, Window 4457216 not responding. Last Win32 error 1400
E, 2740, 22, 2012/11/01, 16:22:12.586, 358346589796, QTAgent32.exe, Window 4457216 not responding. Last Win32 error 1400
E, 2740, 22, 2012/11/01, 16:22:12.586, 358346591025, QTAgent32.exe, GetClassName for handle 4457216 failed
E, 2740, 22, 2012/11/01, 16:22:12.586, 358346591836, QTAgent32.exe, GetClassName for handle 4457216 failed
W, 2740, 22, 2012/11/01, 16:22:12.833, 358350129936, QTAgent32.exe, Playback - [WARNING] Internal warning: Window Not Found: [VisibleOnly]ControlType='Window' &amp;&amp; Name='Customer: txt1 tdsfs' &amp;&amp; ClassName='ThunderRT6MDIForm'
\0
E, 2740, 22, 2012/11/01, 16:22:12.833, 358350132817, QTAgent32.exe, &lt;a class=failure&gt;Playback - {130} [FAILED] Function ElementFetcher::FindScreenElement failed to locate UI element (Searching: ;[VisibleOnly]ControlType='Window' &amp;&amp; Name='Customer: txt1 tdsfs' &amp;&amp; ClassName='ThunderRT6MDIForm') (The object specified was not found.)
\0&lt;/a&gt;
E, 2740, 22, 2012/11/01, 16:22:12.920, 358351376799, QTAgent32.exe, Playback - [IMAGE] C:\Users\peter.zenin-ad\AppData\Local\Temp\UITestLogs\LastRun\RPFE2BA.png
\0
W, 2740, 22, 2012/11/01, 16:22:12.920, 358351379282, QTAgent32.exe, Playback - [WARNING] Internal warning: Couldn't find descendants that match QueryId
\0
W, 2740, 22, 2012/11/01, 16:22:13.397, 358358202071, QTAgent32.exe, Playback - [WARNING] Internal warning: Window Not Found: [VisibleOnly]ControlType='Window' &amp;&amp; Name='Customer: txt1 tdsfs' &amp;&amp; ClassName='ThunderRT6MDIForm'
\0
E, 2740, 22, 2012/11/01, 16:22:13.397, 358358204757, QTAgent32.exe, &lt;a class=failure&gt;Playback - {131} [FAILED] Function ElementFetcher::FindScreenElement failed to locate UI element (Searching: ;[VisibleOnly]ControlType='Window' &amp;&amp; Name='Customer: txt1 tdsfs' &amp;&amp; ClassName='ThunderRT6MDIForm') (The object specified was not found.)
\0&lt;/a&gt;
E, 2740, 22, 2012/11/01, 16:22:13.480, 358359394471, QTAgent32.exe, Playback - [IMAGE] C:\Users\peter.zenin-ad\AppData\Local\Temp\UITestLogs\LastRun\RPFE4ED.png
\0
W, 2740, 22, 2012/11/01, 16:22:13.480, 358359396699, QTAgent32.exe, Playback - [WARNING] Internal warning: Couldn't find descendants that match QueryId
\0
W, 2740, 22, 2012/11/01, 16:22:13.480, 358359399576, QTAgent32.exe, PERF WARNING: FindTopLevelWindowHelper::FindAllDescendents: took 559 ms. Expected it to take maximum 500 ms.
W, 2740, 22, 2012/11/01, 16:22:13.950, 358366115217, QTAgent32.exe, Playback - [WARNING] Internal warning: Smart Match failed
\0
W, 2740, 22, 2012/11/01, 16:22:14.283, 358370878958, QTAgent32.exe, Playback - [WARNING] Internal warning: Smart Match failed
\0
W, 2740, 22, 2012/11/01, 16:22:14.628, 358375823604, QTAgent32.exe, Playback - [WARNING] Internal warning: Smart Match failed
\0
W, 2740, 22, 2012/11/01, 16:22:15.004, 358381205008, QTAgent32.exe, Playback - [WARNING] Internal warning: Smart Match failed
\0
W, 2740, 22, 2012/11/01, 16:22:15.329, 358385857271, QTAgent32.exe, Playback - [WARNING] Internal warning: Smart Match failed
\0
W, 2740, 22, 2012/11/01, 16:22:15.647, 358390416337, QTAgent32.exe, Playback - [WARNING] Internal warning: Smart Match failed
\0
W, 2740, 22, 2012/11/01, 16:22:15.992, 358395349983, QTAgent32.exe, Playback - [WARNING] Internal warning: Smart Match failed
\0
W, 2740, 22, 2012/11/01, 16:22:16.319, 358400035910, QTAgent32.exe, Playback - [WARNING] Internal warning: Smart Match failed
\0
W, 2740, 22, 2012/11/01, 16:22:16.535, 358403122433, QTAgent32.exe, Playback - [WARNING] Internal warning: Window Not Found: [VisibleOnly]ControlType='Window' &amp;&amp; Name='Customer: txt1 tdsfs' &amp;&amp; ClassName='ThunderRT6MDIForm'
\0
E, 2740, 22, 2012/11/01, 16:22:16.535, 358403124867, QTAgent32.exe, &lt;a class=failure&gt;Playback - {132} [FAILED] Function ElementFetcher::FindScreenElement failed to locate UI element (Searching: ;[VisibleOnly]ControlType='Window' &amp;&amp; Name='Customer: txt1 tdsfs' &amp;&amp; ClassName='ThunderRT6MDIForm') (The object specified was not found.)
\0&lt;/a&gt;
E, 2740, 22, 2012/11/01, 16:22:16.618, 358404317797, QTAgent32.exe, Playback - [IMAGE] C:\Users\peter.zenin-ad\AppData\Local\Temp\UITestLogs\LastRun\RPFF12D.png
\0
W, 2740, 22, 2012/11/01, 16:22:16.618, 358404319944, QTAgent32.exe, Playback - [WARNING] Internal warning: Couldn't find descendants that match QueryId
\0
W, 2740, 22, 2012/11/01, 16:22:16.619, 358404323071, QTAgent32.exe, PERF WARNING: FindTopLevelWindowHelper::FindAllDescendents: took 3137 ms. Expected it to take maximum 500 ms.
E, 2740, 22, 2012/11/01, 16:22:16.619, 358404324852, QTAgent32.exe, Exception: System.Runtime.InteropServices.COMException
	Message: Error HRESULT E_FAIL has been returned from a call to a COM component.
	Stack Trace:    at Microsoft.VisualStudio.TestTools.UITest.Playback.Engine.IRPFPlayback.FindAllScreenElements(IScreenElement pScreenElementStart, String bstrQueryId, Object&amp; pvarResKeys, Int32 cResKeys, Int32 nMaxDepth, Object[]&amp; foundDescendants)
   at Microsoft.VisualStudio.TestTools.UITest.Playback.ScreenElement.FindTopLevelWindowHelper(String queryId)
	BaseExceptionMessage: Error HRESULT E_FAIL has been returned from a call to a COM component.

E, 2740, 22, 2012/11/01, 16:22:16.619, 358404329339, QTAgent32.exe, Window 4457216 not responding. Last Win32 error 0
E, 2740, 22, 2012/11/01, 16:22:16.619, 358404333214, QTAgent32.exe, Window 4457216 not responding. Last Win32 error 1400
E, 2740, 22, 2012/11/01, 16:22:16.620, 358404338087, QTAgent32.exe, Window 4457216 not responding. Last Win32 error 1400
E, 2740, 22, 2012/11/01, 16:22:16.620, 358404339316, QTAgent32.exe, GetClassName for handle 4457216 failed
E, 2740, 22, 2012/11/01, 16:22:16.620, 358404340140, QTAgent32.exe, GetClassName for handle 4457216 failed
W, 2740, 22, 2012/11/01, 16:22:16.867, 358407875891, QTAgent32.exe, Playback - [WARNING] Internal warning: Window Not Found: [VisibleOnly]ControlType='Window' &amp;&amp; Name='Customer: autotest autotest' &amp;&amp; ClassName='ThunderRT6MDIForm'
\0
E, 2740, 22, 2012/11/01, 16:22:16.867, 358407878772, QTAgent32.exe, &lt;a class=failure&gt;Playback - {133} [FAILED] Function ElementFetcher::FindScreenElement failed to locate UI element (Searching: ;[VisibleOnly]ControlType='Window' &amp;&amp; Name='Customer: autotest autotest' &amp;&amp; ClassName='ThunderRT6MDIForm') (The object specified was not found.)
\0&lt;/a&gt;
E, 2740, 22, 2012/11/01, 16:22:16.950, 358409071370, QTAgent32.exe, Playback - [IMAGE] C:\Users\peter.zenin-ad\AppData\Local\Temp\UITestLogs\LastRun\RPFF276.png
\0
W, 2740, 22, 2012/11/01, 16:22:16.950, 358409073565, QTAgent32.exe, Playback - [WARNING] Internal warning: Couldn't find descendants that match QueryId
\0
W, 2740, 22, 2012/11/01, 16:22:17.423, 358415836446, QTAgent32.exe, Playback - [WARNING] Internal warning: Window Not Found: [VisibleOnly]ControlType='Window' &amp;&amp; Name='Customer: autotest autotest' &amp;&amp; ClassName='ThunderRT6MDIForm'
\0
E, 2740, 22, 2012/11/01, 16:22:17.423, 358415839165, QTAgent32.exe, &lt;a class=failure&gt;Playback - {134} [FAILED] Function ElementFetcher::FindScreenElement failed to locate UI element (Searching: ;[VisibleOnly]ControlType='Window' &amp;&amp; Name='Customer: autotest autotest' &amp;&amp; ClassName='ThunderRT6MDIForm') (The object specified was not found.)
\0&lt;/a&gt;
E, 2740, 22, 2012/11/01, 16:22:17.509, 358417077915, QTAgent32.exe, Playback - [IMAGE] C:\Users\peter.zenin-ad\AppData\Local\Temp\UITestLogs\LastRun\RPFF4A8.png
\0
W, 2740, 22, 2012/11/01, 16:22:17.510, 358417080257, QTAgent32.exe, Playback - [WARNING] Internal warning: Couldn't find descendants that match QueryId
\0
W, 2740, 22, 2012/11/01, 16:22:17.510, 358417083157, QTAgent32.exe, PERF WARNING: FindTopLevelWindowHelper::FindAllDescendents: took 559 ms. Expected it to take maximum 500 ms.
W, 2740, 22, 2012/11/01, 16:22:17.984, 358423875409, QTAgent32.exe, Playback - [WARNING] Internal warning: Smart Match failed
\0
W, 2740, 22, 2012/11/01, 16:22:18.306, 358428487940, QTAgent32.exe, Playback - [WARNING] Internal warning: Smart Match failed
\0
W, 2740, 22, 2012/11/01, 16:22:18.640, 358433270184, QTAgent32.exe, Playback - [WARNING] Internal warning: Smart Match failed
\0
W, 2740, 22, 2012/11/01, 16:22:18.962, 358437881077, QTAgent32.exe, Playback - [WARNING] Internal warning: Smart Match failed
\0
W, 2740, 22, 2012/11/01, 16:22:19.289, 358442564765, QTAgent32.exe, Playback - [WARNING] Internal warning: Smart Match failed
\0
W, 2740, 22, 2012/11/01, 16:22:19.623, 358447338106, QTAgent32.exe, Playback - [WARNING] Internal warning: Smart Match failed
\0
W, 2740, 22, 2012/11/01, 16:22:19.948, 358451999976, QTAgent32.exe, Playback - [WARNING] Internal warning: Smart Match failed
\0
W, 2740, 22, 2012/11/01, 16:22:20.274, 358456667504, QTAgent32.exe, Playback - [WARNING] Internal warning: Smart Match failed
\0
W, 2740, 22, 2012/11/01, 16:22:20.614, 358461525835, QTAgent32.exe, Playback - [WARNING] Internal warning: Smart Match failed
\0
W, 2740, 22, 2012/11/01, 16:22:20.834, 358464679392, QTAgent32.exe, Playback - [WARNING] Internal warning: Window Not Found: [VisibleOnly]ControlType='Window' &amp;&amp; Name='Customer: autotest autotest' &amp;&amp; ClassName='ThunderRT6MDIForm'
\0
E, 2740, 22, 2012/11/01, 16:22:20.834, 358464681896, QTAgent32.exe, &lt;a class=failure&gt;Playback - {135} [FAILED] Function ElementFetcher::FindScreenElement failed to locate UI element (Searching: ;[VisibleOnly]ControlType='Window' &amp;&amp; Name='Customer: autotest autotest' &amp;&amp; ClassName='ThunderRT6MDIForm') (The object specified was not found.)
\0&lt;/a&gt;
E, 2740, 22, 2012/11/01, 16:22:20.934, 358466114410, QTAgent32.exe, Playback - [IMAGE] C:\Users\peter.zenin-ad\AppData\Local\Temp\UITestLogs\LastRun\RPF1F2.png
\0
W, 2740, 22, 2012/11/01, 16:22:20.934, 358466116555, QTAgent32.exe, Playback - [WARNING] Internal warning: Couldn't find descendants that match QueryId
\0
W, 2740, 22, 2012/11/01, 16:22:20.934, 358466119774, QTAgent32.exe, PERF WARNING: FindTopLevelWindowHelper::FindAllDescendents: took 3424 ms. Expected it to take maximum 500 ms.
E, 2740, 22, 2012/11/01, 16:22:20.935, 358466121864, QTAgent32.exe, Exception: System.Runtime.InteropServices.COMException
	Message: Error HRESULT E_FAIL has been returned from a call to a COM component.
	Stack Trace:    at Microsoft.VisualStudio.TestTools.UITest.Playback.Engine.IRPFPlayback.FindAllScreenElements(IScreenElement pScreenElementStart, String bstrQueryId, Object&amp; pvarResKeys, Int32 cResKeys, Int32 nMaxDepth, Object[]&amp; foundDescendants)
   at Microsoft.VisualStudio.TestTools.UITest.Playback.ScreenElement.FindTopLevelWindowHelper(String queryId)
	BaseExceptionMessage: Error HRESULT E_FAIL has been returned from a call to a COM component.

E, 2740, 22, 2012/11/01, 16:22:20.935, 358466126452, QTAgent32.exe, Window 4457216 not responding. Last Win32 error 0
E, 2740, 22, 2012/11/01, 16:22:20.935, 358466130396, QTAgent32.exe, Window 4457216 not responding. Last Win32 error 1400
E, 2740, 22, 2012/11/01, 16:22:20.935, 358466135108, QTAgent32.exe, Window 4457216 not responding. Last Win32 error 1400
E, 2740, 22, 2012/11/01, 16:22:20.936, 358466136565, QTAgent32.exe, GetClassName for handle 4457216 failed
E, 2740, 22, 2012/11/01, 16:22:20.936, 358466137426, QTAgent32.exe, GetClassName for handle 4457216 failed
W, 2740, 22, 2012/11/01, 16:22:21.179, 358469627721, QTAgent32.exe, Playback - [WARNING] Internal warning: Window Not Found: [VisibleOnly]ControlType='Window' &amp;&amp; Name='Customer: txt1 tdsfs' &amp;&amp; ClassName='ThunderRT6MDIForm'
\0
E, 2740, 22, 2012/11/01, 16:22:21.180, 358469631228, QTAgent32.exe, &lt;a class=failure&gt;Playback - {136} [FAILED] Function ElementFetcher::FindScreenElement failed to locate UI element (Searching: ;[VisibleOnly]ControlType='Window' &amp;&amp; Name='Customer: txt1 tdsfs' &amp;&amp; ClassName='ThunderRT6MDIForm') (The object specified was not found.)
\0&lt;/a&gt;
E, 2740, 22, 2012/11/01, 16:22:21.273, 358470967405, QTAgent32.exe, Playback - [IMAGE] C:\Users\peter.zenin-ad\AppData\Local\Temp\UITestLogs\LastRun\RPF35A.png
\0
W, 2740, 22, 2012/11/01, 16:22:21.273, 358470969529, QTAgent32.exe, Playback - [WARNING] Internal warning: Couldn't find descendants that match QueryId
\0
W, 2740, 22, 2012/11/01, 16:22:21.759, 358477932454, QTAgent32.exe, Playback - [WARNING] Internal warning: Window Not Found: [VisibleOnly]ControlType='Window' &amp;&amp; Name='Customer: txt1 tdsfs' &amp;&amp; ClassName='ThunderRT6MDIForm'
\0
E, 2740, 22, 2012/11/01, 16:22:21.760, 358477935240, QTAgent32.exe, &lt;a class=failure&gt;Playback - {137} [FAILED] Function ElementFetcher::FindScreenElement failed to locate UI element (Searching: ;[VisibleOnly]ControlType='Window' &amp;&amp; Name='Customer: txt1 tdsfs' &amp;&amp; ClassName='ThunderRT6MDIForm') (The object specified was not found.)
\0&lt;/a&gt;
E, 2740, 22, 2012/11/01, 16:22:21.843, 358479129020, QTAgent32.exe, Playback - [IMAGE] C:\Users\peter.zenin-ad\AppData\Local\Temp\UITestLogs\LastRun\RPF59C.png
\0
W, 2740, 22, 2012/11/01, 16:22:21.843, 358479131239, QTAgent32.exe, Playback - [WARNING] Internal warning: Couldn't find descendants that match QueryId
\0
W, 2740, 22, 2012/11/01, 16:22:21.843, 358479134188, QTAgent32.exe, PERF WARNING: FindTopLevelWindowHelper::FindAllDescendents: took 569 ms. Expected it to take maximum 500 ms.
W, 2740, 22, 2012/11/01, 16:22:22.307, 358485775199, QTAgent32.exe, Playback - [WARNING] Internal warning: Smart Match failed
\0
W, 2740, 22, 2012/11/01, 16:22:22.633, 358490442664, QTAgent32.exe, Playback - [WARNING] Internal warning: Smart Match failed
\0
W, 2740, 22, 2012/11/01, 16:22:22.950, 358494980293, QTAgent32.exe, Playback - [WARNING] Internal warning: Smart Match failed
\0
W, 2740, 22, 2012/11/01, 16:22:23.267, 358499518917, QTAgent32.exe, Playback - [WARNING] Internal warning: Smart Match failed
\0
W, 2740, 22, 2012/11/01, 16:22:23.587, 358504099929, QTAgent32.exe, Playback - [WARNING] Internal warning: Smart Match failed
\0
W, 2740, 22, 2012/11/01, 16:22:23.905, 358508640817, QTAgent32.exe, Playback - [WARNING] Internal warning: Smart Match failed
\0
W, 2740, 22, 2012/11/01, 16:22:24.226, 358513242724, QTAgent32.exe, Playback - [WARNING] Internal warning: Smart Match failed
\0
W, 2740, 22, 2012/11/01, 16:22:24.558, 358517998178, QTAgent32.exe, Playback - [WARNING] Internal warning: Smart Match failed
\0
W, 2740, 22, 2012/11/01, 16:22:24.882, 358522632448, QTAgent32.exe, Playback - [WARNING] Internal warning: Smart Match failed
\0
W, 2740, 22, 2012/11/01, 16:22:25.095, 358525679854, QTAgent32.exe, Playback - [WARNING] Internal warning: Window Not Found: [VisibleOnly]ControlType='Window' &amp;&amp; Name='Customer: txt1 tdsfs' &amp;&amp; ClassName='ThunderRT6MDIForm'
\0
E, 2740, 22, 2012/11/01, 16:22:25.095, 358525682467, QTAgent32.exe, &lt;a class=failure&gt;Playback - {138} [FAILED] Function ElementFetcher::FindScreenElement failed to locate UI element (Searching: ;[VisibleOnly]ControlType='Window' &amp;&amp; Name='Customer: txt1 tdsfs' &amp;&amp; ClassName='ThunderRT6MDIForm') (The object specified was not found.)
\0&lt;/a&gt;
E, 2740, 22, 2012/11/01, 16:22:25.180, 358526892112, QTAgent32.exe, Playback - [IMAGE] C:\Users\peter.zenin-ad\AppData\Local\Temp\UITestLogs\LastRun\RPF1298.png
\0
W, 2740, 22, 2012/11/01, 16:22:25.180, 358526894365, QTAgent32.exe, Playback - [WARNING] Internal warning: Couldn't find descendants that match QueryId
\0
W, 2740, 22, 2012/11/01, 16:22:25.180, 358526897250, QTAgent32.exe, PERF WARNING: FindTopLevelWindowHelper::FindAllDescendents: took 3335 ms. Expected it to take maximum 500 ms.
E, 2740, 22, 2012/11/01, 16:22:25.180, 358526899729, QTAgent32.exe, Exception: System.Runtime.InteropServices.COMException
	Message: Error HRESULT E_FAIL has been returned from a call to a COM component.
	Stack Trace:    at Microsoft.VisualStudio.TestTools.UITest.Playback.Engine.IRPFPlayback.FindAllScreenElements(IScreenElement pScreenElementStart, String bstrQueryId, Object&amp; pvarResKeys, Int32 cResKeys, Int32 nMaxDepth, Object[]&amp; foundDescendants)
   at Microsoft.VisualStudio.TestTools.UITest.Playback.ScreenElement.FindTopLevelWindowHelper(String queryId)
	BaseExceptionMessage: Error HRESULT E_FAIL has been returned from a call to a COM component.

E, 2740, 22, 2012/11/01, 16:22:25.180, 358526904794, QTAgent32.exe, Window 4457216 not responding. Last Win32 error 0
E, 2740, 22, 2012/11/01, 16:22:25.181, 358526909041, QTAgent32.exe, Window 4457216 not responding. Last Win32 error 1400
E, 2740, 22, 2012/11/01, 16:22:25.181, 358526913830, QTAgent32.exe, Window 4457216 not responding. Last Win32 error 1400
E, 2740, 22, 2012/11/01, 16:22:25.181, 358526915131, QTAgent32.exe, GetClassName for handle 4457216 failed
E, 2740, 22, 2012/11/01, 16:22:25.181, 358526916020, QTAgent32.exe, GetClassName for handle 4457216 failed
W, 2740, 22, 2012/11/01, 16:22:25.428, 358530448548, QTAgent32.exe, Playback - [WARNING] Internal warning: Window Not Found: [VisibleOnly]ControlType='Window' &amp;&amp; Name='Customer: autotest autotest' &amp;&amp; ClassName='ThunderRT6MDIForm'
\0
E, 2740, 22, 2012/11/01, 16:22:25.428, 358530451335, QTAgent32.exe, &lt;a class=failure&gt;Playback - {139} [FAILED] Function ElementFetcher::FindScreenElement failed to locate UI element (Searching: ;[VisibleOnly]ControlType='Window' &amp;&amp; Name='Customer: autotest autotest' &amp;&amp; ClassName='ThunderRT6MDIForm') (The object specified was not found.)
\0&lt;/a&gt;
E, 2740, 22, 2012/11/01, 16:22:25.514, 358531674095, QTAgent32.exe, Playback - [IMAGE] C:\Users\peter.zenin-ad\AppData\Local\Temp\UITestLogs\LastRun\RPF13F0.png
\0
W, 2740, 22, 2012/11/01, 16:22:25.514, 358531676195, QTAgent32.exe, Playback - [WARNING] Internal warning: Couldn't find descendants that match QueryId
\0
W, 2740, 22, 2012/11/01, 16:22:26.008, 358538761675, QTAgent32.exe, Playback - [WARNING] Internal warning: Window Not Found: [VisibleOnly]ControlType='Window' &amp;&amp; Name='Customer: autotest autotest' &amp;&amp; ClassName='ThunderRT6MDIForm'
\0
E, 2740, 22, 2012/11/01, 16:22:26.009, 358538764626, QTAgent32.exe, &lt;a class=failure&gt;Playback - {140} [FAILED] Function ElementFetcher::FindScreenElement failed to locate UI element (Searching: ;[VisibleOnly]ControlType='Window' &amp;&amp; Name='Customer: autotest autotest' &amp;&amp; ClassName='ThunderRT6MDIForm') (The object specified was not found.)
\0&lt;/a&gt;
E, 2740, 22, 2012/11/01, 16:22:26.095, 358540002790, QTAgent32.exe, Playback - [IMAGE] C:\Users\peter.zenin-ad\AppData\Local\Temp\UITestLogs\LastRun\RPF1632.png
\0
W, 2740, 22, 2012/11/01, 16:22:26.095, 358540004998, QTAgent32.exe, Playback - [WARNING] Internal warning: Couldn't find descendants that match QueryId
\0
W, 2740, 22, 2012/11/01, 16:22:26.096, 358540008105, QTAgent32.exe, PERF WARNING: FindTopLevelWindowHelper::FindAllDescendents: took 581 ms. Expected it to take maximum 500 ms.
W, 2740, 22, 2012/11/01, 16:22:26.559, 358546647578, QTAgent32.exe, Playback - [WARNING] Internal warning: Smart Match failed
\0
W, 2740, 22, 2012/11/01, 16:22:26.882, 358551268433, QTAgent32.exe, Playback - [WARNING] Internal warning: Smart Match failed
\0
W, 2740, 22, 2012/11/01, 16:22:27.215, 358556030434, QTAgent32.exe, Playback - [WARNING] Internal warning: Smart Match failed
\0
W, 2740, 22, 2012/11/01, 16:22:27.549, 358560815534, QTAgent32.exe, Playback - [WARNING] Internal warning: Smart Match failed
\0
W, 2740, 22, 2012/11/01, 16:22:27.883, 358565599546, QTAgent32.exe, Playback - [WARNING] Internal warning: Smart Match failed
\0
W, 2740, 22, 2012/11/01, 16:22:28.223, 358570469590, QTAgent32.exe, Playback - [WARNING] Internal warning: Smart Match failed
\0
W, 2740, 22, 2012/11/01, 16:22:28.569, 358575421500, QTAgent32.exe, Playback - [WARNING] Internal warning: Smart Match failed
\0
W, 2740, 22, 2012/11/01, 16:22:28.890, 358580027391, QTAgent32.exe, Playback - [WARNING] Internal warning: Smart Match failed
\0
W, 2740, 22, 2012/11/01, 16:22:29.107, 358583124888, QTAgent32.exe, Playback - [WARNING] Internal warning: Window Not Found: [VisibleOnly]ControlType='Window' &amp;&amp; Name='Customer: autotest autotest' &amp;&amp; ClassName='ThunderRT6MDIForm'
\0
E, 2740, 22, 2012/11/01, 16:22:29.107, 358583127644, QTAgent32.exe, &lt;a class=failure&gt;Playback - {141} [FAILED] Function ElementFetcher::FindScreenElement failed to locate UI element (Searching: ;[VisibleOnly]ControlType='Window' &amp;&amp; Name='Customer: autotest autotest' &amp;&amp; ClassName='ThunderRT6MDIForm') (The object specified was not found.)
\0&lt;/a&gt;
E, 2740, 22, 2012/11/01, 16:22:29.190, 358584316183, QTAgent32.exe, Playback - [IMAGE] C:\Users\peter.zenin-ad\AppData\Local\Temp\UITestLogs\LastRun\RPF2254.png
\0
W, 2740, 22, 2012/11/01, 16:22:29.190, 358584318534, QTAgent32.exe, Playback - [WARNING] Internal warning: Couldn't find descendants that match QueryId
\0
W, 2740, 22, 2012/11/01, 16:22:29.190, 358584321420, QTAgent32.exe, PERF WARNING: FindTopLevelWindowHelper::FindAllDescendents: took 3094 ms. Expected it to take maximum 500 ms.
E, 2740, 22, 2012/11/01, 16:22:29.190, 358584323234, QTAgent32.exe, Exception: System.Runtime.InteropServices.COMException
	Message: Error HRESULT E_FAIL has been returned from a call to a COM component.
	Stack Trace:    at Microsoft.VisualStudio.TestTools.UITest.Playback.Engine.IRPFPlayback.FindAllScreenElements(IScreenElement pScreenElementStart, String bstrQueryId, Object&amp; pvarResKeys, Int32 cResKeys, Int32 nMaxDepth, Object[]&amp; foundDescendants)
   at Microsoft.VisualStudio.TestTools.UITest.Playback.ScreenElement.FindTopLevelWindowHelper(String queryId)
	BaseExceptionMessage: Error HRESULT E_FAIL has been returned from a call to a COM component.

E, 2740, 22, 2012/11/01, 16:22:29.191, 358584327991, QTAgent32.exe, Window 4457216 not responding. Last Win32 error 0
E, 2740, 22, 2012/11/01, 16:22:29.191, 358584331866, QTAgent32.exe, Window 4457216 not responding. Last Win32 error 1400
E, 2740, 22, 2012/11/01, 16:22:29.191, 358584336465, QTAgent32.exe, Window 4457216 not responding. Last Win32 error 1400
E, 2740, 22, 2012/11/01, 16:22:29.191, 358584337708, QTAgent32.exe, GetClassName for handle 4457216 failed
E, 2740, 22, 2012/11/01, 16:22:29.191, 358584338544, QTAgent32.exe, GetClassName for handle 4457216 failed
E, 2740, 22, 2012/11/01, 16:22:29.292, 358585780958, QTAgent32.exe, AL: Playback Error: Microsoft.VisualStudio.TestTools.UITest.Extension.UITestControlNotFoundException: Unable to find the top level element of the control ---&gt; Microsoft.VisualStudio.TestTools.UITest.Extension.UITestControlNotFoundException: The playback failed to find the control with the given search properties. Additional Details: 
TechnologyName:  'MSAA'
ControlType:  'Window'
 ---&gt; System.Runtime.InteropServices.COMException: Error HRESULT E_FAIL has been returned from a call to a COM component.
   at Microsoft.VisualStudio.TestTools.UITest.Playback.Engine.IRPFPlayback.FindAllScreenElements(IScreenElement pScreenElementStart, String bstrQueryId, Object&amp; pvarResKeys, Int32 cResKeys, Int32 nMaxDepth, Object[]&amp; foundDescendants)
   at Microsoft.VisualStudio.TestTools.UITest.Playback.ScreenElement.FindTopLevelWindowHelper(String queryId)
   at Microsoft.VisualStudio.TestTools.UITest.Playback.ScreenElement.FindFromPartialQueryId(String queryId)
   at Microsoft.VisualStudio.TestTools.UITesting.UITestControl..ctor(String queryId)
   --- End of inner exception stack trace ---
   at Microsoft.VisualStudio.TestTools.UITesting.Playback.MapControlNotFoundException(COMException ex, IPlaybackContext context)
   at Microsoft.VisualStudio.TestTools.UITesting.Playback.MapAndThrowComException(COMException innerException, IPlaybackContext context)
   at Microsoft.VisualStudio.TestTools.UITesting.Playback.MapAndThrowException(SystemException exception, IPlaybackContext context)
   at Microsoft.VisualStudio.TestTools.UITesting.Playback.MapAndThrowException(SystemException exception, String queryId)
   at Microsoft.VisualStudio.TestTools.UITesting.UITestControl..ctor(String queryId)
   at Microsoft.VisualStudio.TestTools.UITesting.SearchHelper.SearchTopLevelWindow(ISearchArgument topLevelSearchArg, String topLevelElementQueryId)
   at Microsoft.VisualStudio.TestTools.UITesting.SearchHelper.SearchUsingMultipleTitles(ISearchArgument topLevelSearchArg, QueryId topLevelQueryId, IList`1 windowTitles)
   --- End of inner exception stack trace ---
   at Microsoft.VisualStudio.TestTools.UITesting.SearchHelper.SearchUsingMultipleTitles(ISearchArgument topLevelSearchArg, QueryId topLevelQueryId, IList`1 windowTitles)
   at Microsoft.VisualStudio.TestTools.UITesting.SearchHelper.GetTitleUpdatedTopLevelWindow(ISearchArgument topLevelSearchArg, String queryId, IList`1 windowTitles)
   at Microsoft.VisualStudio.TestTools.UITesting.SearchHelper.GetTopLevelElement(Boolean useCache, Boolean useCacheOnly, ISearchArgument searchArg, IList`1 windowTitles, Int32&amp; timeLeft)
   at Microsoft.VisualStudio.TestTools.UITesting.SearchHelper.GetElement(Boolean useCache, ISearchArgument searchArg)
   at Microsoft.VisualStudio.TestTools.UITesting.SearchHelper.Search(ISearchArgument searchArg)
   at Microsoft.VisualStudio.TestTools.UITesting.UITestControl.FindInternal()
   at Microsoft.VisualStudio.TestTools.UITesting.UITestControl.FindControlIfNecessary()
   at Microsoft.VisualStudio.TestTools.UITesting.UITestControl.Click(MouseButtons button, ModifierKeys modifierKeys, Point relativeCoordinates)
   at Microsoft.VisualStudio.TestTools.UITesting.Mouse.ClickImplementation(UITestControl control, MouseButtons button, ModifierKeys modifierKeys, Point relativeCoordinate)
   at Microsoft.VisualStudio.TestTools.UITesting.Mouse.ClickImplementationWrapper(UITestControl control, MouseButtons button, ModifierKeys modifierKeys, Point relativeCoordinate)
W, 2740, 22, 2012/11/01, 16:22:29.292, 358585783645, QTAgent32.exe, PlaybackErrorHandler: Ignoring exception as ContinueOnError is set.
W, 2740, 22, 2012/11/01, 16:22:29.425, 358587678033, QTAgent32.exe, &lt;a class=success&gt;Playback - {142} [SUCCESS] MouseButtonClick - "[MSAA, VisibleOnly]ControlType='Button' &amp;&amp; Name='Close'"
\0&lt;/a&gt;
W, 2740, 22, 2012/11/01, 16:22:33.527, 358646414841, QTAgent32.exe, IEDOM : StopSession of the plugin called before StartSession
W, 2740, 22, 2012/11/01, 16:22:33.527, 358646416111, QTAgent32.exe, UIA : StopSession of the plugin called before StartSession
W, 2740, 22, 2012/11/01, 16:22:33.527, 358646416818, QTAgent32.exe, SLPlugin : StopSession of the plugin called before StartSession
</DebugTrace>
      </Output>
    </UnitTestResult>
    <UnitTestResult executionId="6f5624eb-1d89-4ccf-b815-85371f11ecba" testId="0f4d10f2-7035-3d68-762a-b62c4853fb8a" testName="MotoTest11" computerName="ICLVDEVAP01" duration="00:02:45.2268115" startTime="2012-11-01T16:22:33.5399808+00:00" endTime="2012-11-01T16:25:18.7845036+00:00" testType="13cdc9d9-ddb5-4fa4-a97d-d965ccfc6d4b" outcome="Passed" testListId="8c84fa94-04c1-424b-9868-57a2d4851a1d" relativeResultsDirectory="6f5624eb-1d89-4ccf-b815-85371f11ecba">
      <Output>
        <DebugTrace>W, 2740, 24, 2012/11/01, 16:22:33.552, 358646778666, QTAgent32.exe, ExtensionFramework : A Technology Manager with name Web is already registered.
W, 2740, 24, 2012/11/01, 16:22:34.198, 358656010627, QTAgent32.exe, &lt;a class=success&gt;Playback - {1} [SUCCESS] MouseButtonClick - "[MSAA, VisibleOnly]ControlType='Edit'"
\0&lt;/a&gt;
W, 2740, 24, 2012/11/01, 16:22:34.390, 358658757838, QTAgent32.exe, &lt;a class=success&gt;Playback - {2} [SUCCESS] SendKeys "[*]" - "[MSAA, VisibleOnly]ControlType='Edit'"
\0&lt;/a&gt;
W, 2740, 24, 2012/11/01, 16:22:35.068, 358668463879, QTAgent32.exe, &lt;a class=success&gt;Playback - {3} [SUCCESS] MouseButtonClick - "[MSAA, VisibleOnly]ControlType='Button' &amp;&amp; Name='OK'"
\0&lt;/a&gt;
W, 2740, 24, 2012/11/01, 16:22:35.635, 358676595419, QTAgent32.exe, &lt;a class=success&gt;Playback - {4} [SUCCESS] MouseButtonClick - "[MSAA, VisibleOnly]ControlType='Button' &amp;&amp; Name='OK'"
\0&lt;/a&gt;
W, 2740, 24, 2012/11/01, 16:22:35.897, 358680335697, QTAgent32.exe, &lt;a class=success&gt;Playback - {5} [SUCCESS] MouseButtonClick - "[MSAA, VisibleOnly]ControlType='Button' &amp;&amp; Name='Clients &amp; Files'"
\0&lt;/a&gt;
W, 2740, 24, 2012/11/01, 16:22:36.184, 358684451648, QTAgent32.exe, &lt;a class=success&gt;Playback - {6} [SUCCESS] MouseButtonClick - "[MSAA, VisibleOnly]ControlType='Button' &amp;&amp; Name='Clients &amp; Files'"
\0&lt;/a&gt;
W, 2740, 24, 2012/11/01, 16:22:36.752, 358692580671, QTAgent32.exe, Playback - [WARNING] Internal warning: Window Not Found: [VisibleOnly]ControlType='Window' &amp;&amp; Name='Customer: txt1 tdsfs' &amp;&amp; ClassName='ThunderRT6MDIForm'
\0
E, 2740, 24, 2012/11/01, 16:22:36.752, 358692583386, QTAgent32.exe, &lt;a class=failure&gt;Playback - {7} [FAILED] Function ElementFetcher::FindScreenElement failed to locate UI element (Searching: ;[VisibleOnly]ControlType='Window' &amp;&amp; Name='Customer: txt1 tdsfs' &amp;&amp; ClassName='ThunderRT6MDIForm') (The object specified was not found.)
\0&lt;/a&gt;
E, 2740, 24, 2012/11/01, 16:22:36.836, 358693781462, QTAgent32.exe, Playback - [IMAGE] C:\Users\peter.zenin-ad\AppData\Local\Temp\UITestLogs\LastRun\RPF4031.png
\0
W, 2740, 24, 2012/11/01, 16:22:36.836, 358693783622, QTAgent32.exe, Playback - [WARNING] Internal warning: Couldn't find descendants that match QueryId
\0
W, 2740, 24, 2012/11/01, 16:22:36.836, 358693786459, QTAgent32.exe, PERF WARNING: FindTopLevelWindowHelper::FindAllDescendents: took 544 ms. Expected it to take maximum 500 ms.
W, 2740, 24, 2012/11/01, 16:22:54.848, 358951664443, QTAgent32.exe, Playback - [WARNING] Internal warning: Window Not Found: [VisibleOnly]ControlType='Window' &amp;&amp; Name='Customer: txt1 tdsfs' &amp;&amp; ClassName='ThunderRT6MDIForm'
\0
E, 2740, 24, 2012/11/01, 16:22:54.848, 358951667239, QTAgent32.exe, &lt;a class=failure&gt;Playback - {8} [FAILED] Function ElementFetcher::FindScreenElement failed to locate UI element (Searching: ;[VisibleOnly]ControlType='Window' &amp;&amp; Name='Customer: txt1 tdsfs' &amp;&amp; ClassName='ThunderRT6MDIForm') (The object specified was not found.)
\0&lt;/a&gt;
E, 2740, 24, 2012/11/01, 16:22:54.938, 358952958295, QTAgent32.exe, Playback - [IMAGE] C:\Users\peter.zenin-ad\AppData\Local\Temp\UITestLogs\LastRun\RPF86E2.png
\0
W, 2740, 24, 2012/11/01, 16:22:54.938, 358952961162, QTAgent32.exe, Playback - [WARNING] Internal warning: Couldn't find descendants that match QueryId
\0
W, 2740, 24, 2012/11/01, 16:22:54.938, 358952964168, QTAgent32.exe, PERF WARNING: FindTopLevelWindowHelper::FindAllDescendents: took 18101 ms. Expected it to take maximum 500 ms.
W, 2740, 24, 2012/11/01, 16:22:55.641, 358963028707, QTAgent32.exe, Playback - [WARNING] Internal warning: Window with Class "ThunderRT6MDIForm" and Title "Customer: txt1 tdsfs" was not found, so similar window with Class "ThunderRT6MDIForm" and Title "Customer: autotest" was accepted
\0
W, 2740, 24, 2012/11/01, 16:22:55.641, 358963032381, QTAgent32.exe, PERF WARNING: FindTopLevelWindowHelper::FindAllDescendents: took 702 ms. Expected it to take maximum 500 ms.
W, 2740, 24, 2012/11/01, 16:22:56.940, 358981626096, QTAgent32.exe, Playback - [WARNING] Internal warning: Incorrect flag set for InvokeProgrammaticAction\0
W, 2740, 24, 2012/11/01, 16:22:57.058, 358983317123, QTAgent32.exe, &lt;a class=success&gt;Playback - {9} [SUCCESS] SetValueAsComboBox "Customers" - "[MSAA, VisibleOnly]ControlType='ComboBox'"  &lt; SetValueAsComboBox, set by clicking on the item in the list box &gt;
\0&lt;/a&gt;
W, 2740, 24, 2012/11/01, 16:22:57.510, 358989792261, QTAgent32.exe, &lt;a class=success&gt;Playback - {10} [SUCCESS] MouseButtonClick - "[MSAA, VisibleOnly]ControlType='Button' &amp;&amp; Name='Add'"
\0&lt;/a&gt;
W, 2740, 24, 2012/11/01, 16:22:57.814, 358994137663, QTAgent32.exe, &lt;a class=success&gt;Playback - {11} [SUCCESS] SendKeys "autotest" - "[MSAA, VisibleOnly]ControlType='RadioButton' &amp;&amp; Name='Personal Lines'"
\0&lt;/a&gt;
W, 2740, 24, 2012/11/01, 16:22:58.187, 358999482215, QTAgent32.exe, &lt;a class=success&gt;Playback - {12} [SUCCESS] SetValueAsEditBox "autotest" - "[MSAA, VisibleOnly]ControlType='Edit'"  &lt; Set via SendKeys &gt;
\0&lt;/a&gt;
W, 2740, 24, 2012/11/01, 16:22:58.467, 359003497249, QTAgent32.exe, &lt;a class=success&gt;Playback - {13} [SUCCESS] MouseButtonClick - "[MSAA, VisibleOnly]ControlType='Button' &amp;&amp; Name='OK'"
\0&lt;/a&gt;
W, 2740, 24, 2012/11/01, 16:22:58.835, 359008768709, QTAgent32.exe, &lt;a class=success&gt;Playback - {14} [SUCCESS] MouseButtonClick - "[MSAA, VisibleOnly]ControlType='Button' &amp;&amp; Name='Yes'"
\0&lt;/a&gt;
W, 2740, 24, 2012/11/01, 16:22:59.025, 359011477591, QTAgent32.exe, &lt;a class=success&gt;Playback - {15} [SUCCESS] SendKeys "^{HOME}" - "[MSAA, VisibleOnly]ControlType='Edit'"
\0&lt;/a&gt;
E, 2740, 24, 2012/11/01, 16:22:59.025, 359011480460, QTAgent32.exe, Msaa.GetFocusedElement: could not find accessible object of foreground window
W, 2740, 24, 2012/11/01, 16:22:59.080, 359012265745, QTAgent32.exe, &lt;a class=success&gt;Playback - {16} [SUCCESS] SendKeys "^+{END}" - "[MSAA, VisibleOnly]ControlType='Edit'"
\0&lt;/a&gt;
E, 2740, 24, 2012/11/01, 16:22:59.080, 359012268858, QTAgent32.exe, Msaa.GetFocusedElement: could not find accessible object of foreground window
W, 2740, 24, 2012/11/01, 16:22:59.094, 359012466844, QTAgent32.exe, &lt;a class=success&gt;Playback - {17} [SUCCESS] SendKeys "{DELETE}" - "[MSAA, VisibleOnly]ControlType='Edit'"
\0&lt;/a&gt;
W, 2740, 24, 2012/11/01, 16:22:59.156, 359013357086, QTAgent32.exe, &lt;a class=success&gt;Playback - {18} [SUCCESS] SetValueAsEditBox "1" - "[MSAA, VisibleOnly]ControlType='Edit'"  &lt; Set via SendKeys &gt;
\0&lt;/a&gt;
W, 2740, 24, 2012/11/01, 16:22:59.360, 359016273988, QTAgent32.exe, &lt;a class=success&gt;Playback - {19} [SUCCESS] SendKeys "^{HOME}" - "[MSAA, VisibleOnly]ControlType='Edit'"
\0&lt;/a&gt;
E, 2740, 24, 2012/11/01, 16:22:59.360, 359016276597, QTAgent32.exe, Msaa.GetFocusedElement: could not find accessible object of foreground window
W, 2740, 24, 2012/11/01, 16:22:59.413, 359017033424, QTAgent32.exe, &lt;a class=success&gt;Playback - {20} [SUCCESS] SendKeys "^+{END}" - "[MSAA, VisibleOnly]ControlType='Edit'"
\0&lt;/a&gt;
E, 2740, 24, 2012/11/01, 16:22:59.413, 359017036276, QTAgent32.exe, Msaa.GetFocusedElement: could not find accessible object of foreground window
W, 2740, 24, 2012/11/01, 16:22:59.426, 359017219733, QTAgent32.exe, &lt;a class=success&gt;Playback - {21} [SUCCESS] SendKeys "{DELETE}" - "[MSAA, VisibleOnly]ControlType='Edit'"
\0&lt;/a&gt;
W, 2740, 24, 2012/11/01, 16:22:59.491, 359018156736, QTAgent32.exe, &lt;a class=success&gt;Playback - {22} [SUCCESS] SetValueAsEditBox "1" - "[MSAA, VisibleOnly]ControlType='Edit'"  &lt; Set via SendKeys &gt;
\0&lt;/a&gt;
W, 2740, 24, 2012/11/01, 16:22:59.829, 359022995657, QTAgent32.exe, &lt;a class=success&gt;Playback - {23} [SUCCESS] MouseButtonClick - "[MSAA, VisibleOnly]ControlType='Button' &amp;&amp; Name='OK'"
\0&lt;/a&gt;
W, 2740, 24, 2012/11/01, 16:23:00.140, 359027453362, QTAgent32.exe, &lt;a class=success&gt;Playback - {24} [SUCCESS] MouseButtonClick - "[MSAA, VisibleOnly]ControlType='Button'"
\0&lt;/a&gt;
W, 2740, 24, 2012/11/01, 16:23:00.447, 359031840359, QTAgent32.exe, &lt;a class=success&gt;Playback - {25} [SUCCESS] MouseButtonClick - "[MSAA, VisibleOnly]ControlType='Button' &amp;&amp; Name='Add'"
\0&lt;/a&gt;
W, 2740, 24, 2012/11/01, 16:23:00.759, 359036309345, QTAgent32.exe, &lt;a class=success&gt;Playback - {26} [SUCCESS] MouseButtonClick - "[MSAA, VisibleOnly]ControlType='Button' &amp;&amp; Name='OK'"
\0&lt;/a&gt;
W, 2740, 24, 2012/11/01, 16:23:02.988, 359068223652, QTAgent32.exe, &lt;a class=success&gt;Playback - {27} [SUCCESS] MouseButtonClick - "[MSAA, VisibleOnly,Window]ControlType='Window' &amp;&amp; ClassName='ThunderRT6TextBox'"
\0&lt;/a&gt;
W, 2740, 24, 2012/11/01, 16:23:03.296, 359072639087, QTAgent32.exe, &lt;a class=success&gt;Playback - {28} [SUCCESS] SetValueAsEditBox "MOTO" - "[MSAA, VisibleOnly]ControlType='Edit'"  &lt; Set via SendKeys &gt;
\0&lt;/a&gt;
W, 2740, 24, 2012/11/01, 16:23:03.622, 359077312823, QTAgent32.exe, &lt;a class=success&gt;Playback - {29} [SUCCESS] MouseButtonClick - "[MSAA, VisibleOnly]ControlType='Button' &amp;&amp; Name='OK'"
\0&lt;/a&gt;
W, 2740, 24, 2012/11/01, 16:23:03.855, 359080622848, QTAgent32.exe, &lt;a class=success&gt;Playback - {30} [SUCCESS] MouseButtonClick - "[MSAA, VisibleOnly]ControlType='Button' &amp;&amp; Name='Options'"
\0&lt;/a&gt;
W, 2740, 24, 2012/11/01, 16:23:03.955, 359082060448, QTAgent32.exe, FindScreenElementInSinglePass : Attempting to find control in one pass of search. Failures can occur.
W, 2740, 24, 2012/11/01, 16:23:04.118, 359084390534, QTAgent32.exe, &lt;a class=success&gt;Playback - {31} [SUCCESS] MouseButtonClick - "[MSAA]ControlType='MenuItem' &amp;&amp; Name='Links'"
\0&lt;/a&gt;
W, 2740, 24, 2012/11/01, 16:23:04.218, 359085828427, QTAgent32.exe, FindScreenElementInSinglePass : Attempting to find control in one pass of search. Failures can occur.
W, 2740, 24, 2012/11/01, 16:23:04.387, 359088242244, QTAgent32.exe, &lt;a class=success&gt;Playback - {32} [SUCCESS] MouseButtonClick - "[MSAA]ControlType='MenuItem' &amp;&amp; Name='3rd Party Integration'"
\0&lt;/a&gt;
W, 2740, 24, 2012/11/01, 16:23:04.487, 359089680650, QTAgent32.exe, FindScreenElementInSinglePass : Attempting to find control in one pass of search. Failures can occur.
W, 2740, 24, 2012/11/01, 16:23:04.658, 359092124998, QTAgent32.exe, &lt;a class=success&gt;Playback - {33} [SUCCESS] MouseButtonClick - "[MSAA]ControlType='MenuItem' &amp;&amp; Name='Quote Select List'"
\0&lt;/a&gt;
W, 2740, 24, 2012/11/01, 16:23:06.423, 359117398492, QTAgent32.exe, PERF WARNING: FindTopLevelWindowHelper::FindAllDescendents: took 1663 ms. Expected it to take maximum 500 ms.
W, 2740, 24, 2012/11/01, 16:23:07.930, 359138974551, QTAgent32.exe, &lt;a class=success&gt;Playback - {34} [SUCCESS] MouseButtonClick - "[MSAA, VisibleOnly]ControlType='Button' &amp;&amp; Name='Ok'"
\0&lt;/a&gt;
W, 2740, 24, 2012/11/01, 16:23:09.530, 359161895083, QTAgent32.exe, PERF WARNING: FindTopLevelWindowHelper::FindAllDescendents: took 1499 ms. Expected it to take maximum 500 ms.
W, 2740, 24, 2012/11/01, 16:23:09.737, 359164848753, QTAgent32.exe, &lt;a class=success&gt;Playback - {35} [SUCCESS] MouseButtonClick - "[MSAA, VisibleOnly]ControlType='Button' &amp;&amp; Name='Ok'"
\0&lt;/a&gt;
W, 2740, 24, 2012/11/01, 16:23:10.028, 359169019224, QTAgent32.exe, &lt;a class=success&gt;Playback - {36} [SUCCESS] SetValueAsEditBox "Test" - "[MSAA, VisibleOnly]ControlType='Edit'"  &lt; Set via SendKeys &gt;
\0&lt;/a&gt;
W, 2740, 24, 2012/11/01, 16:23:10.189, 359171321671, QTAgent32.exe, &lt;a class=success&gt;Playback - {37} [SUCCESS] SendKeys "{Tab}" - "[MSAA, VisibleOnly]ControlType='Edit'"
\0&lt;/a&gt;
W, 2740, 24, 2012/11/01, 16:23:10.475, 359175419514, QTAgent32.exe, &lt;a class=success&gt;Playback - {38} [SUCCESS] SetValueAsEditBox "test" - "[MSAA, VisibleOnly]ControlType='Edit'"  &lt; Set via SendKeys &gt;
\0&lt;/a&gt;
W, 2740, 24, 2012/11/01, 16:23:10.811, 359180231130, QTAgent32.exe, &lt;a class=success&gt;Playback - {39} [SUCCESS] SetValueAsEditBox "160485" - "[MSAA, VisibleOnly]ControlType='Edit'"  &lt; Set via SendKeys &gt;
\0&lt;/a&gt;
W, 2740, 24, 2012/11/01, 16:23:11.140, 359184942170, QTAgent32.exe, &lt;a class=success&gt;Playback - {40} [SUCCESS] SetValueAsEditBox "B338TH" - "[MSAA, VisibleOnly]ControlType='Edit'"  &lt; Set via SendKeys &gt;
\0&lt;/a&gt;
W, 2740, 24, 2012/11/01, 16:23:13.362, 359216754480, QTAgent32.exe, &lt;a class=success&gt;Playback - {41} [SUCCESS] MouseButtonClick - "[MSAA, VisibleOnly]ControlType='Button' &amp;&amp; Name='Lookup...'"
\0&lt;/a&gt;
W, 2740, 24, 2012/11/01, 16:23:13.595, 359220094079, QTAgent32.exe, &lt;a class=success&gt;Playback - {42} [SUCCESS] MouseButtonClick - "[MSAA, VisibleOnly]ControlType='Button' &amp;&amp; Name='Ok'"
\0&lt;/a&gt;
W, 2740, 24, 2012/11/01, 16:23:15.660, 359249652411, QTAgent32.exe, &lt;a class=success&gt;Playback - {43} [SUCCESS] MouseButtonClick - "[MSAA, VisibleOnly]ControlType='Button' &amp;&amp; Name='OK'"
\0&lt;/a&gt;
W, 2740, 24, 2012/11/01, 16:23:16.078, 359255630535, QTAgent32.exe, Playback - [WARNING] Internal warning: Incorrect flag set for InvokeProgrammaticAction\0
W, 2740, 24, 2012/11/01, 16:23:16.198, 359257351839, QTAgent32.exe, &lt;a class=success&gt;Playback - {44} [SUCCESS] SetValueAsComboBox "Account Executive" - "[MSAA, VisibleOnly]ControlType='ComboBox'"  &lt; SetValueAsComboBox, set by clicking on the item in the list box &gt;
\0&lt;/a&gt;
W, 2740, 24, 2012/11/01, 16:23:16.611, 359263271931, QTAgent32.exe, Playback - [WARNING] Internal warning: Incorrect flag set for InvokeProgrammaticAction\0
W, 2740, 24, 2012/11/01, 16:23:16.731, 359264981400, QTAgent32.exe, &lt;a class=success&gt;Playback - {45} [SUCCESS] SetValueAsComboBox "Acupuncture" - "[MSAA, VisibleOnly]ControlType='ComboBox'"  &lt; SetValueAsComboBox, set by clicking on the item in the list box &gt;
\0&lt;/a&gt;
W, 2740, 24, 2012/11/01, 16:23:17.134, 359270756295, QTAgent32.exe, &lt;a class=success&gt;Playback - {46} [SUCCESS] SetValueAsEditBox "151101" - "[MSAA, VisibleOnly]ControlType='Edit'"  &lt; Set via SendKeys &gt;
\0&lt;/a&gt;
W, 2740, 24, 2012/11/01, 16:23:18.667, 359292700200, QTAgent32.exe, &lt;a class=success&gt;Playback - {47} [SUCCESS] MouseButtonClick - "[MSAA, VisibleOnly]ControlType='Button' &amp;&amp; Name='OK'"
\0&lt;/a&gt;
W, 2740, 24, 2012/11/01, 16:23:19.101, 359298922012, QTAgent32.exe, &lt;a class=success&gt;Playback - {48} [SUCCESS] SetValueAsEditBox "RF53OXL" - "[MSAA, VisibleOnly]ControlType='Edit'"  &lt; Set via SendKeys &gt;
\0&lt;/a&gt;
W, 2740, 24, 2012/11/01, 16:23:19.994, 359311712582, QTAgent32.exe, &lt;a class=success&gt;Playback - {49} [SUCCESS] MouseButtonClick - "[MSAA, VisibleOnly]ControlType='Button' &amp;&amp; Name='Filter'"
\0&lt;/a&gt;
W, 2740, 24, 2012/11/01, 16:23:20.268, 359315633481, QTAgent32.exe, &lt;a class=success&gt;Playback - {50} [SUCCESS] MouseButtonClick - "[MSAA, VisibleOnly]ControlType='Button' &amp;&amp; Name='OK'"
\0&lt;/a&gt;
W, 2740, 24, 2012/11/01, 16:23:20.699, 359321799117, QTAgent32.exe, &lt;a class=success&gt;Playback - {51} [SUCCESS] SendKeys "^{HOME}" - "[MSAA, VisibleOnly]ControlType='Edit'"
\0&lt;/a&gt;
E, 2740, 24, 2012/11/01, 16:23:20.699, 359321802164, QTAgent32.exe, Msaa.GetFocusedElement: could not find accessible object of foreground window
W, 2740, 24, 2012/11/01, 16:23:20.766, 359322758204, QTAgent32.exe, &lt;a class=success&gt;Playback - {52} [SUCCESS] SendKeys "^+{END}" - "[MSAA, VisibleOnly]ControlType='Edit'"
\0&lt;/a&gt;
E, 2740, 24, 2012/11/01, 16:23:20.766, 359322761080, QTAgent32.exe, Msaa.GetFocusedElement: could not find accessible object of foreground window
W, 2740, 24, 2012/11/01, 16:23:20.779, 359322944647, QTAgent32.exe, &lt;a class=success&gt;Playback - {53} [SUCCESS] SendKeys "{DELETE}" - "[MSAA, VisibleOnly]ControlType='Edit'"
\0&lt;/a&gt;
W, 2740, 24, 2012/11/01, 16:23:20.951, 359325412516, QTAgent32.exe, &lt;a class=success&gt;Playback - {54} [SUCCESS] SetValueAsEditBox "1000" - "[MSAA, VisibleOnly]ControlType='Edit'"  &lt; Set via SendKeys &gt;
\0&lt;/a&gt;
W, 2740, 24, 2012/11/01, 16:23:21.289, 359330249171, QTAgent32.exe, &lt;a class=success&gt;Playback - {55} [SUCCESS] MouseButtonClick - "[MSAA, VisibleOnly]ControlType='Button' &amp;&amp; Name='Calculate Quote'"
\0&lt;/a&gt;
W, 2740, 24, 2012/11/01, 16:23:21.545, 359333913292, QTAgent32.exe, &lt;a class=success&gt;Playback - {56} [SUCCESS] MouseButtonClick - "[MSAA, VisibleOnly]ControlType='Button' &amp;&amp; Name='Cancel'"
\0&lt;/a&gt;
W, 2740, 24, 2012/11/01, 16:23:21.823, 359337901489, QTAgent32.exe, &lt;a class=success&gt;Playback - {57} [SUCCESS] MouseButtonClick - "[MSAA, VisibleOnly]ControlType='Button' &amp;&amp; Name='No'"
\0&lt;/a&gt;
W, 2740, 24, 2012/11/01, 16:23:35.333, 359531316286, QTAgent32.exe, PERF WARNING: FindTopLevelWindowHelper::FindAllDescendents: took 13408 ms. Expected it to take maximum 500 ms.
W, 2740, 24, 2012/11/01, 16:23:35.466, 359533221509, QTAgent32.exe, &lt;a class=success&gt;Playback - {58} [SUCCESS] MouseButtonClick - "[MSAA, VisibleOnly]ControlType='Client'"
\0&lt;/a&gt;
W, 2740, 24, 2012/11/01, 16:23:37.044, 359555813499, QTAgent32.exe, &lt;a class=success&gt;Playback - {59} [SUCCESS] SendKeys "{Home}" - "[MSAA, VisibleOnly]ControlType='Client'"
\0&lt;/a&gt;
W, 2740, 24, 2012/11/01, 16:23:40.289, 359602285815, QTAgent32.exe, &lt;a class=success&gt;Playback - {60} [SUCCESS] MouseButtonClick - "[MSAA, VisibleOnly]ControlType='Button' &amp;&amp; Name='Accept'"
\0&lt;/a&gt;
W, 2740, 24, 2012/11/01, 16:23:40.594, 359606657083, QTAgent32.exe, &lt;a class=success&gt;Playback - {61} [SUCCESS] MouseButtonClick - "[MSAA, VisibleOnly]ControlType='Button' &amp;&amp; Name='Yes'"
\0&lt;/a&gt;
W, 2740, 24, 2012/11/01, 16:23:40.888, 359610860536, QTAgent32.exe, &lt;a class=success&gt;Playback - {62} [SUCCESS] MouseButtonClick - "[MSAA, VisibleOnly]ControlType='Button' &amp;&amp; Name='Ok'"
\0&lt;/a&gt;
W, 2740, 24, 2012/11/01, 16:23:41.143, 359614506953, QTAgent32.exe, &lt;a class=success&gt;Playback - {63} [SUCCESS] MouseButtonClick - "[MSAA, VisibleOnly]ControlType='Button' &amp;&amp; Name='Ok'"
\0&lt;/a&gt;
W, 2740, 24, 2012/11/01, 16:23:41.721, 359622790821, QTAgent32.exe, &lt;a class=success&gt;Playback - {64} [SUCCESS] MouseButtonClick - "[MSAA, VisibleOnly]ControlType='Button' &amp;&amp; Name='Confirm'"
\0&lt;/a&gt;
W, 2740, 24, 2012/11/01, 16:24:12.836, 360068284669, QTAgent32.exe, Playback - [WARNING] Internal warning: Window Not Found: [VisibleOnly]ControlType='Window' &amp;&amp; Name='Save the file as' &amp;&amp; ClassName='#32770'
\0
E, 2740, 24, 2012/11/01, 16:24:12.836, 360068287511, QTAgent32.exe, &lt;a class=failure&gt;Playback - {65} [FAILED] Function ElementFetcher::FindScreenElement failed to locate UI element (Searching: ;[VisibleOnly]ControlType='Window' &amp;&amp; Name='Save the file as' &amp;&amp; ClassName='#32770') (The object specified was not found.)
\0&lt;/a&gt;
E, 2740, 24, 2012/11/01, 16:24:12.921, 360069500761, QTAgent32.exe, Playback - [IMAGE] C:\Users\peter.zenin-ad\AppData\Local\Temp\UITestLogs\LastRun\RPFB784.png
\0
W, 2740, 24, 2012/11/01, 16:24:12.921, 360069502957, QTAgent32.exe, Playback - [WARNING] Internal warning: Couldn't find descendants that match QueryId
\0
W, 2740, 24, 2012/11/01, 16:24:12.922, 360069506139, QTAgent32.exe, PERF WARNING: FindTopLevelWindowHelper::FindAllDescendents: took 31099 ms. Expected it to take maximum 500 ms.
W, 2740, 24, 2012/11/01, 16:24:33.738, 360367551909, QTAgent32.exe, Playback - [WARNING] Internal warning: Window Not Found: [VisibleOnly]ControlType='Window' &amp;&amp; Name='Save the file as' &amp;&amp; ClassName='#32770'
\0
E, 2740, 24, 2012/11/01, 16:24:33.738, 360367554754, QTAgent32.exe, &lt;a class=failure&gt;Playback - {66} [FAILED] Function ElementFetcher::FindScreenElement failed to locate UI element (Searching: ;[VisibleOnly]ControlType='Window' &amp;&amp; Name='Save the file as' &amp;&amp; ClassName='#32770') (The object specified was not found.)
\0&lt;/a&gt;
E, 2740, 24, 2012/11/01, 16:24:33.825, 360368779663, QTAgent32.exe, Playback - [IMAGE] C:\Users\peter.zenin-ad\AppData\Local\Temp\UITestLogs\LastRun\RPF92D.png
\0
W, 2740, 24, 2012/11/01, 16:24:33.825, 360368781801, QTAgent32.exe, Playback - [WARNING] Internal warning: Couldn't find descendants that match QueryId
\0
W, 2740, 24, 2012/11/01, 16:24:33.825, 360368784726, QTAgent32.exe, PERF WARNING: FindTopLevelWindowHelper::FindAllDescendents: took 20901 ms. Expected it to take maximum 500 ms.
W, 2740, 24, 2012/11/01, 16:24:37.139, 360416235916, QTAgent32.exe, Playback - [WARNING] Internal warning: Window Not Found: [VisibleOnly]ControlType='Window' &amp;&amp; Name='Save the file as' &amp;&amp; ClassName='#32770'
\0
E, 2740, 24, 2012/11/01, 16:24:37.139, 360416238647, QTAgent32.exe, &lt;a class=failure&gt;Playback - {67} [FAILED] Function ElementFetcher::FindScreenElement failed to locate UI element (Searching: ;[VisibleOnly]ControlType='Window' &amp;&amp; Name='Save the file as' &amp;&amp; ClassName='#32770') (The object specified was not found.)
\0&lt;/a&gt;
E, 2740, 24, 2012/11/01, 16:24:37.226, 360417476005, QTAgent32.exe, Playback - [IMAGE] C:\Users\peter.zenin-ad\AppData\Local\Temp\UITestLogs\LastRun\RPF1667.png
\0
W, 2740, 24, 2012/11/01, 16:24:37.226, 360417478160, QTAgent32.exe, Playback - [WARNING] Internal warning: Couldn't find descendants that match QueryId
\0
W, 2740, 24, 2012/11/01, 16:24:37.226, 360417481056, QTAgent32.exe, PERF WARNING: FindTopLevelWindowHelper::FindAllDescendents: took 3400 ms. Expected it to take maximum 500 ms.
E, 2740, 24, 2012/11/01, 16:24:37.226, 360417482787, QTAgent32.exe, Exception: System.Runtime.InteropServices.COMException
	Message: Error HRESULT E_FAIL has been returned from a call to a COM component.
	Stack Trace:    at Microsoft.VisualStudio.TestTools.UITest.Playback.Engine.IRPFPlayback.FindAllScreenElements(IScreenElement pScreenElementStart, String bstrQueryId, Object&amp; pvarResKeys, Int32 cResKeys, Int32 nMaxDepth, Object[]&amp; foundDescendants)
   at Microsoft.VisualStudio.TestTools.UITest.Playback.ScreenElement.FindTopLevelWindowHelper(String queryId)
	BaseExceptionMessage: Error HRESULT E_FAIL has been returned from a call to a COM component.

E, 2740, 24, 2012/11/01, 16:24:37.348, 360419224774, QTAgent32.exe, AL: Playback Error: Microsoft.VisualStudio.TestTools.UITest.Extension.UITestControlNotFoundException: The playback failed to find the control with the given search properties. Additional Details: 
TechnologyName:  'MSAA'
ControlType:  'Window'
Name:  'Save the file as'
ClassName:  '#32770'
 ---&gt; System.Runtime.InteropServices.COMException: Error HRESULT E_FAIL has been returned from a call to a COM component.
   at Microsoft.VisualStudio.TestTools.UITest.Playback.Engine.IRPFPlayback.FindAllScreenElements(IScreenElement pScreenElementStart, String bstrQueryId, Object&amp; pvarResKeys, Int32 cResKeys, Int32 nMaxDepth, Object[]&amp; foundDescendants)
   at Microsoft.VisualStudio.TestTools.UITest.Playback.ScreenElement.FindTopLevelWindowHelper(String queryId)
   at Microsoft.VisualStudio.TestTools.UITest.Playback.ScreenElement.FindFromPartialQueryId(String queryId)
   at Microsoft.VisualStudio.TestTools.UITesting.UITestControl..ctor(String queryId)
   --- End of inner exception stack trace ---
   at Microsoft.VisualStudio.TestTools.UITesting.Playback.MapControlNotFoundException(COMException ex, IPlaybackContext context)
   at Microsoft.VisualStudio.TestTools.UITesting.Playback.MapAndThrowComException(COMException innerException, IPlaybackContext context)
   at Microsoft.VisualStudio.TestTools.UITesting.Playback.MapAndThrowException(SystemException exception, IPlaybackContext context)
   at Microsoft.VisualStudio.TestTools.UITesting.Playback.MapAndThrowException(SystemException exception, String queryId)
   at Microsoft.VisualStudio.TestTools.UITesting.UITestControl..ctor(String queryId)
   at Microsoft.VisualStudio.TestTools.UITesting.SearchHelper.SearchTopLevelWindow(ISearchArgument topLevelSearchArg, String topLevelElementQueryId)
   at Microsoft.VisualStudio.TestTools.UITesting.SearchHelper.GetTitleUpdatedTopLevelWindow(ISearchArgument topLevelSearchArg, String queryId, IList`1 windowTitles)
   at Microsoft.VisualStudio.TestTools.UITesting.SearchHelper.GetTopLevelElement(Boolean useCache, Boolean useCacheOnly, ISearchArgument searchArg, IList`1 windowTitles, Int32&amp; timeLeft)
   at Microsoft.VisualStudio.TestTools.UITesting.SearchHelper.GetElement(Boolean useCache, ISearchArgument searchArg)
   at Microsoft.VisualStudio.TestTools.UITesting.SearchHelper.Search(ISearchArgument searchArg)
   at Microsoft.VisualStudio.TestTools.UITesting.UITestControl.FindInternal()
   at Microsoft.VisualStudio.TestTools.UITesting.UITestControl.FindControlIfNecessary()
   at Microsoft.VisualStudio.TestTools.UITesting.UITestControl.Click(MouseButtons button, ModifierKeys modifierKeys, Point relativeCoordinates)
   at Microsoft.VisualStudio.TestTools.UITesting.Mouse.ClickImplementation(UITestControl control, MouseButtons button, ModifierKeys modifierKeys, Point relativeCoordinate)
   at Microsoft.VisualStudio.TestTools.UITesting.Mouse.ClickImplementationWrapper(UITestControl control, MouseButtons button, ModifierKeys modifierKeys, Point relativeCoordinate)
W, 2740, 24, 2012/11/01, 16:24:37.348, 360419227152, QTAgent32.exe, PlaybackErrorHandler: Ignoring exception as ContinueOnError is set.
W, 2740, 24, 2012/11/01, 16:24:37.476, 360421059476, QTAgent32.exe, &lt;a class=success&gt;Playback - {68} [SUCCESS] Check - "[MSAA, VisibleOnly]ControlType='CheckBox' &amp;&amp; Name='Defer Printing?'"
\0&lt;/a&gt;
W, 2740, 24, 2012/11/01, 16:24:38.007, 360428662212, QTAgent32.exe, &lt;a class=success&gt;Playback - {69} [SUCCESS] MouseButtonClick - "[MSAA, VisibleOnly]ControlType='Button' &amp;&amp; Name='Ok'"
\0&lt;/a&gt;
W, 2740, 24, 2012/11/01, 16:24:39.884, 360455541020, QTAgent32.exe, PERF WARNING: FindTopLevelWindowHelper::FindAllDescendents: took 1777 ms. Expected it to take maximum 500 ms.
W, 2740, 24, 2012/11/01, 16:24:40.021, 360457502822, QTAgent32.exe, &lt;a class=success&gt;Playback - {70} [SUCCESS] Uncheck - "[MSAA, VisibleOnly]ControlType='CheckBox' &amp;&amp; Name='Add Activity'"
\0&lt;/a&gt;
W, 2740, 24, 2012/11/01, 16:24:42.691, 360495735452, QTAgent32.exe, &lt;a class=success&gt;Playback - {71} [SUCCESS] MouseButtonClick - "[MSAA, VisibleOnly]ControlType='Button' &amp;&amp; Name='Ok'"
\0&lt;/a&gt;
W, 2740, 24, 2012/11/01, 16:24:42.930, 360499155045, QTAgent32.exe, &lt;a class=success&gt;Playback - {72} [SUCCESS] MouseButtonClick - "[MSAA, VisibleOnly]ControlType='Button' &amp;&amp; Name='Ok'"
\0&lt;/a&gt;
W, 2740, 24, 2012/11/01, 16:24:52.835, 360640963095, QTAgent32.exe, PERF WARNING: FindTopLevelWindowHelper::FindAllDescendents: took 9708 ms. Expected it to take maximum 500 ms.
W, 2740, 24, 2012/11/01, 16:24:54.979, 360671650716, QTAgent32.exe, &lt;a class=success&gt;Playback - {73} [SUCCESS] MouseButtonClick - "[MSAA, VisibleOnly]ControlType='Button' &amp;&amp; Name='OK'"
\0&lt;/a&gt;
W, 2740, 24, 2012/11/01, 16:24:55.220, 360675100172, QTAgent32.exe, &lt;a class=success&gt;Playback - {74} [SUCCESS] MouseButtonClick - "[MSAA, VisibleOnly]ControlType='Button' &amp;&amp; Name='Cancel'"
\0&lt;/a&gt;
W, 2740, 24, 2012/11/01, 16:24:55.537, 360679645318, QTAgent32.exe, &lt;a class=success&gt;Playback - {75} [SUCCESS] MouseButtonClick - "[MSAA, VisibleOnly]ControlType='Button'"
\0&lt;/a&gt;
W, 2740, 24, 2012/11/01, 16:24:55.906, 360684931964, QTAgent32.exe, &lt;a class=success&gt;Playback - {76} [SUCCESS] MouseButtonClick - "[MSAA, VisibleOnly]ControlType='Button' &amp;&amp; Name='Detail'"
\0&lt;/a&gt;
W, 2740, 24, 2012/11/01, 16:24:56.191, 360689008729, QTAgent32.exe, &lt;a class=success&gt;Playback - {77} [SUCCESS] MouseButtonClick - "[MSAA, VisibleOnly]ControlType='Button' &amp;&amp; Name='Cancel'"
\0&lt;/a&gt;
W, 2740, 24, 2012/11/01, 16:24:56.415, 360692216543, QTAgent32.exe, &lt;a class=success&gt;Playback - {78} [SUCCESS] MouseButtonClick - "[MSAA, VisibleOnly]ControlType='Button' &amp;&amp; Name='Options'"
\0&lt;/a&gt;
W, 2740, 24, 2012/11/01, 16:24:56.515, 360693650687, QTAgent32.exe, FindScreenElementInSinglePass : Attempting to find control in one pass of search. Failures can occur.
W, 2740, 24, 2012/11/01, 16:24:56.533, 360693902965, QTAgent32.exe, Playback - [WARNING] Internal failure: Method GetBoundingRectangle failed (HRESULT = 0x1, "Incorrect function.") for Name = "Quote Select List" ," ControlType = "MenuItem"
\0
W, 2740, 24, 2012/11/01, 16:24:56.533, 360693904675, QTAgent32.exe, Playback - [WARNING] Internal failure: Couldn't get clickable point for ScreenUIElement - GetClickablePoint failed
\0
W, 2740, 24, 2012/11/01, 16:24:56.533, 360693907610, QTAgent32.exe, FindScreenElementInSinglePass : Attempting to find control in one pass of search. Failures can occur.
W, 2740, 24, 2012/11/01, 16:24:56.535, 360693937814, QTAgent32.exe, FindScreenElementInSinglePass : Attempting to find control in one pass of search. Failures can occur.
W, 2740, 24, 2012/11/01, 16:24:56.654, 360695635934, QTAgent32.exe, &lt;a class=success&gt;Playback - {79} [SUCCESS] LeftButtonClick - "[MSAA, VisibleOnly]ControlType='MenuBar' &amp;&amp; Name='Application'"  &lt; Mouse cursor location (960, 31) &gt;
\0&lt;/a&gt;
W, 2740, 24, 2012/11/01, 16:24:56.761, 360697169025, QTAgent32.exe, &lt;a class=success&gt;Playback - {80} [SUCCESS] LeftButtonClick - "[MSAA]ControlType='MenuItem' &amp;&amp; Name='Options'"  &lt; Mouse cursor location (94, 31) &gt;
\0&lt;/a&gt;
W, 2740, 24, 2012/11/01, 16:24:56.901, 360699173478, QTAgent32.exe, &lt;a class=success&gt;Playback - {81} [SUCCESS] LeftButtonClick - "[MSAA]ControlType='MenuItem' &amp;&amp; Name='Links'"  &lt; Mouse cursor location (174, 319) &gt;
\0&lt;/a&gt;
W, 2740, 24, 2012/11/01, 16:24:57.057, 360701406643, QTAgent32.exe, &lt;a class=success&gt;Playback - {82} [SUCCESS] LeftButtonClick - "[MSAA]ControlType='MenuItem' &amp;&amp; Name='3rd Party Integration'"  &lt; Mouse cursor location (375, 319) &gt;
\0&lt;/a&gt;
W, 2740, 24, 2012/11/01, 16:24:57.219, 360703726896, QTAgent32.exe, &lt;a class=success&gt;Playback - {83} [SUCCESS] MouseButtonClick - "[MSAA]ControlType='MenuItem' &amp;&amp; Name='Quote Select List'"
\0&lt;/a&gt;
W, 2740, 24, 2012/11/01, 16:24:58.998, 360729204853, QTAgent32.exe, PERF WARNING: FindTopLevelWindowHelper::FindAllDescendents: took 1679 ms. Expected it to take maximum 500 ms.
W, 2740, 24, 2012/11/01, 16:25:00.699, 360753554094, QTAgent32.exe, &lt;a class=success&gt;Playback - {84} [SUCCESS] MouseButtonClick - "[MSAA, VisibleOnly]ControlType='Button' &amp;&amp; Name='Ok'"
\0&lt;/a&gt;
W, 2740, 24, 2012/11/01, 16:25:02.259, 360775895164, QTAgent32.exe, PERF WARNING: FindTopLevelWindowHelper::FindAllDescendents: took 1457 ms. Expected it to take maximum 500 ms.
W, 2740, 24, 2012/11/01, 16:25:02.530, 360779777460, QTAgent32.exe, &lt;a class=success&gt;Playback - {85} [SUCCESS] MouseButtonClick - "[MSAA, VisibleOnly]ControlType='Button' &amp;&amp; Name='MTA...'"
\0&lt;/a&gt;
W, 2740, 24, 2012/11/01, 16:25:02.935, 360785583943, QTAgent32.exe, Playback - [WARNING] Internal warning: Incorrect flag set for InvokeProgrammaticAction\0
W, 2740, 24, 2012/11/01, 16:25:03.059, 360787346537, QTAgent32.exe, &lt;a class=success&gt;Playback - {86} [SUCCESS] SetValueAsComboBox "Cancel Cover" - "[MSAA, VisibleOnly]ControlType='ComboBox'"  &lt; SetValueAsComboBox, set by clicking on the item in the list box &gt;
\0&lt;/a&gt;
W, 2740, 24, 2012/11/01, 16:25:03.300, 360790798719, QTAgent32.exe, &lt;a class=success&gt;Playback - {87} [SUCCESS] MouseButtonClick - "[MSAA, VisibleOnly]ControlType='Button' &amp;&amp; Name='OK'"
\0&lt;/a&gt;
W, 2740, 24, 2012/11/01, 16:25:03.669, 360796082268, QTAgent32.exe, &lt;a class=success&gt;Playback - {88} [SUCCESS] MouseButtonClick - "[MSAA, VisibleOnly]ControlType='Button' &amp;&amp; Name='Calculate Quote'"
\0&lt;/a&gt;
W, 2740, 24, 2012/11/01, 16:25:03.899, 360799361959, QTAgent32.exe, &lt;a class=success&gt;Playback - {89} [SUCCESS] SendKeys "^{HOME}" - "[MSAA, VisibleOnly]ControlType='Edit'"
\0&lt;/a&gt;
E, 2740, 24, 2012/11/01, 16:25:03.899, 360799364809, QTAgent32.exe, Msaa.GetFocusedElement: could not find accessible object of foreground window
W, 2740, 24, 2012/11/01, 16:25:03.964, 360800294660, QTAgent32.exe, &lt;a class=success&gt;Playback - {90} [SUCCESS] SendKeys "^+{END}" - "[MSAA, VisibleOnly]ControlType='Edit'"
\0&lt;/a&gt;
E, 2740, 24, 2012/11/01, 16:25:03.964, 360800298044, QTAgent32.exe, Msaa.GetFocusedElement: could not find accessible object of foreground window
W, 2740, 24, 2012/11/01, 16:25:03.978, 360800497179, QTAgent32.exe, &lt;a class=success&gt;Playback - {91} [SUCCESS] SendKeys "{DELETE}" - "[MSAA, VisibleOnly]ControlType='Edit'"
\0&lt;/a&gt;
W, 2740, 24, 2012/11/01, 16:25:04.222, 360803992084, QTAgent32.exe, &lt;a class=success&gt;Playback - {92} [SUCCESS] SetValueAsEditBox "02/11/12" - "[MSAA, VisibleOnly]ControlType='Edit'"  &lt; Set via SendKeys &gt;
\0&lt;/a&gt;
W, 2740, 24, 2012/11/01, 16:25:04.490, 360807827177, QTAgent32.exe, &lt;a class=success&gt;Playback - {93} [SUCCESS] MouseButtonClick - "[MSAA, VisibleOnly]ControlType='Button' &amp;&amp; Name='OK'"
\0&lt;/a&gt;
W, 2740, 24, 2012/11/01, 16:25:04.869, 360813252110, QTAgent32.exe, &lt;a class=success&gt;Playback - {94} [SUCCESS] MouseButtonClick - "[MSAA, VisibleOnly]ControlType='Button' &amp;&amp; Name='No'"
\0&lt;/a&gt;
W, 2740, 24, 2012/11/01, 16:25:08.951, 360871700974, QTAgent32.exe, PERF WARNING: FindTopLevelWindowHelper::FindAllDescendents: took 3981 ms. Expected it to take maximum 500 ms.
W, 2740, 24, 2012/11/01, 16:25:09.359, 360877551519, QTAgent32.exe, &lt;a class=success&gt;Playback - {95} [SUCCESS] MouseButtonClick - "[MSAA, VisibleOnly]ControlType='Button' &amp;&amp; Name='Exit'"
\0&lt;/a&gt;
W, 2740, 24, 2012/11/01, 16:25:09.728, 360882834830, QTAgent32.exe, &lt;a class=success&gt;Playback - {96} [SUCCESS] MouseButtonClick - "[MSAA, VisibleOnly]ControlType='Button' &amp;&amp; Name='Yes'"
\0&lt;/a&gt;
W, 2740, 24, 2012/11/01, 16:25:10.576, 360894972477, QTAgent32.exe, PERF WARNING: FindTopLevelWindowHelper::FindAllDescendents: took 608 ms. Expected it to take maximum 500 ms.
W, 2740, 24, 2012/11/01, 16:25:12.712, 360925554619, QTAgent32.exe, &lt;a class=success&gt;Playback - {97} [SUCCESS] MouseButtonClick - "[MSAA, VisibleOnly]ControlType='Button' &amp;&amp; Name='OK'"
\0&lt;/a&gt;
W, 2740, 24, 2012/11/01, 16:25:12.970, 360929252789, QTAgent32.exe, &lt;a class=success&gt;Playback - {98} [SUCCESS] MouseButtonClick - "[MSAA, VisibleOnly]ControlType='Button' &amp;&amp; Name='Cancel'"
\0&lt;/a&gt;
W, 2740, 24, 2012/11/01, 16:25:13.284, 360933755212, QTAgent32.exe, &lt;a class=success&gt;Playback - {99} [SUCCESS] MouseButtonClick - "[MSAA, VisibleOnly]ControlType='Button'"
\0&lt;/a&gt;
W, 2740, 24, 2012/11/01, 16:25:13.690, 360939569157, QTAgent32.exe, &lt;a class=success&gt;Playback - {100} [SUCCESS] MouseButtonClick - "[MSAA, VisibleOnly]ControlType='Button' &amp;&amp; Name='Detail'"
\0&lt;/a&gt;
W, 2740, 24, 2012/11/01, 16:25:13.977, 360943662931, QTAgent32.exe, &lt;a class=success&gt;Playback - {101} [SUCCESS] MouseButtonClick - "[MSAA, VisibleOnly]ControlType='Button' &amp;&amp; Name='Cancel'"
\0&lt;/a&gt;
E, 2740, 24, 2012/11/01, 16:25:14.077, 360945087374, QTAgent32.exe, GetClassName for handle 3408430 failed
W, 2740, 24, 2012/11/01, 16:25:14.217, 360947096784, QTAgent32.exe, &lt;a class=success&gt;Playback - {102} [SUCCESS] MouseButtonClick - "[MSAA, VisibleOnly]ControlType='Button' &amp;&amp; Name='Cancel'"
\0&lt;/a&gt;
W, 2740, 24, 2012/11/01, 16:25:14.450, 360950431978, QTAgent32.exe, &lt;a class=success&gt;Playback - {103} [SUCCESS] MouseButtonClick - "[MSAA, VisibleOnly]ControlType='Button' &amp;&amp; Name='Cancel'"
\0&lt;/a&gt;
W, 2740, 24, 2012/11/01, 16:25:14.680, 360953721274, QTAgent32.exe, &lt;a class=success&gt;Playback - {104} [SUCCESS] MouseButtonClick - "[MSAA, VisibleOnly]ControlType='Button' &amp;&amp; Name='Close'"
\0&lt;/a&gt;
W, 2740, 24, 2012/11/01, 16:25:18.783, 361012473740, QTAgent32.exe, IEDOM : StopSession of the plugin called before StartSession
W, 2740, 24, 2012/11/01, 16:25:18.783, 361012475083, QTAgent32.exe, UIA : StopSession of the plugin called before StartSession
W, 2740, 24, 2012/11/01, 16:25:18.783, 361012475842, QTAgent32.exe, SLPlugin : StopSession of the plugin called before StartSession
</DebugTrace>
      </Output>
    </UnitTestResult>
    <UnitTestResult executionId="16b1066c-a4b9-4a0c-8b18-5be953821032" testId="614f56be-e9c0-f1e7-ad65-1f0b7d6a0f1c" testName="MotoTest12" computerName="ICLVDEVAP01" duration="00:03:12.9183720" startTime="2012-11-01T16:25:18.7905042+00:00" endTime="2012-11-01T16:28:31.7545159+00:00" testType="13cdc9d9-ddb5-4fa4-a97d-d965ccfc6d4b" outcome="Passed" testListId="8c84fa94-04c1-424b-9868-57a2d4851a1d" relativeResultsDirectory="16b1066c-a4b9-4a0c-8b18-5be953821032">
      <Output>
        <DebugTrace>W, 2740, 6, 2012/11/01, 16:25:18.803, 361012758769, QTAgent32.exe, ExtensionFramework : A Technology Manager with name Web is already registered.
W, 2740, 6, 2012/11/01, 16:25:19.435, 361021810249, QTAgent32.exe, &lt;a class=success&gt;Playback - {1} [SUCCESS] MouseButtonClick - "[MSAA, VisibleOnly]ControlType='Edit'"
\0&lt;/a&gt;
W, 2740, 6, 2012/11/01, 16:25:19.631, 361024616680, QTAgent32.exe, &lt;a class=success&gt;Playback - {2} [SUCCESS] SendKeys "[*]" - "[MSAA, VisibleOnly]ControlType='Edit'"
\0&lt;/a&gt;
W, 2740, 6, 2012/11/01, 16:25:20.327, 361034590380, QTAgent32.exe, &lt;a class=success&gt;Playback - {3} [SUCCESS] MouseButtonClick - "[MSAA, VisibleOnly]ControlType='Button' &amp;&amp; Name='OK'"
\0&lt;/a&gt;
W, 2740, 6, 2012/11/01, 16:25:20.866, 361042300180, QTAgent32.exe, &lt;a class=success&gt;Playback - {4} [SUCCESS] MouseButtonClick - "[MSAA, VisibleOnly]ControlType='Button' &amp;&amp; Name='OK'"
\0&lt;/a&gt;
W, 2740, 6, 2012/11/01, 16:25:21.118, 361045917108, QTAgent32.exe, &lt;a class=success&gt;Playback - {5} [SUCCESS] MouseButtonClick - "[MSAA, VisibleOnly]ControlType='Button' &amp;&amp; Name='Clients &amp; Files'"
\0&lt;/a&gt;
W, 2740, 6, 2012/11/01, 16:25:21.416, 361050181344, QTAgent32.exe, &lt;a class=success&gt;Playback - {6} [SUCCESS] MouseButtonClick - "[MSAA, VisibleOnly]ControlType='Button' &amp;&amp; Name='Clients &amp; Files'"
\0&lt;/a&gt;
W, 2740, 6, 2012/11/01, 16:25:21.989, 361058388422, QTAgent32.exe, Playback - [WARNING] Internal warning: Window Not Found: [VisibleOnly]ControlType='Window' &amp;&amp; Name='Customer: txt1 tdsfs' &amp;&amp; ClassName='ThunderRT6MDIForm'
\0
E, 2740, 6, 2012/11/01, 16:25:21.990, 361058391283, QTAgent32.exe, &lt;a class=failure&gt;Playback - {7} [FAILED] Function ElementFetcher::FindScreenElement failed to locate UI element (Searching: ;[VisibleOnly]ControlType='Window' &amp;&amp; Name='Customer: txt1 tdsfs' &amp;&amp; ClassName='ThunderRT6MDIForm') (The object specified was not found.)
\0&lt;/a&gt;
E, 2740, 6, 2012/11/01, 16:25:22.089, 361059809105, QTAgent32.exe, Playback - [IMAGE] C:\Users\peter.zenin-ad\AppData\Local\Temp\UITestLogs\LastRun\RPFC59B.png
\0
W, 2740, 6, 2012/11/01, 16:25:22.089, 361059811218, QTAgent32.exe, Playback - [WARNING] Internal warning: Couldn't find descendants that match QueryId
\0
W, 2740, 6, 2012/11/01, 16:25:22.089, 361059814124, QTAgent32.exe, PERF WARNING: FindTopLevelWindowHelper::FindAllDescendents: took 570 ms. Expected it to take maximum 500 ms.
W, 2740, 6, 2012/11/01, 16:25:40.122, 361318007548, QTAgent32.exe, Playback - [WARNING] Internal warning: Window Not Found: [VisibleOnly]ControlType='Window' &amp;&amp; Name='Customer: txt1 tdsfs' &amp;&amp; ClassName='ThunderRT6MDIForm'
\0
E, 2740, 6, 2012/11/01, 16:25:40.123, 361318010432, QTAgent32.exe, &lt;a class=failure&gt;Playback - {8} [FAILED] Function ElementFetcher::FindScreenElement failed to locate UI element (Searching: ;[VisibleOnly]ControlType='Window' &amp;&amp; Name='Customer: txt1 tdsfs' &amp;&amp; ClassName='ThunderRT6MDIForm') (The object specified was not found.)
\0&lt;/a&gt;
E, 2740, 6, 2012/11/01, 16:25:40.228, 361319519917, QTAgent32.exe, Playback - [IMAGE] C:\Users\peter.zenin-ad\AppData\Local\Temp\UITestLogs\LastRun\RPFC7A.png
\0
W, 2740, 6, 2012/11/01, 16:25:40.228, 361319522070, QTAgent32.exe, Playback - [WARNING] Internal warning: Couldn't find descendants that match QueryId
\0
W, 2740, 6, 2012/11/01, 16:25:40.228, 361319525072, QTAgent32.exe, PERF WARNING: FindTopLevelWindowHelper::FindAllDescendents: took 18138 ms. Expected it to take maximum 500 ms.
W, 2740, 6, 2012/11/01, 16:25:40.931, 361329585900, QTAgent32.exe, Playback - [WARNING] Internal warning: Window with Class "ThunderRT6MDIForm" and Title "Customer: txt1 tdsfs" was not found, so similar window with Class "ThunderRT6MDIForm" and Title "Customer: autotest" was accepted
\0
W, 2740, 6, 2012/11/01, 16:25:40.931, 361329589621, QTAgent32.exe, PERF WARNING: FindTopLevelWindowHelper::FindAllDescendents: took 702 ms. Expected it to take maximum 500 ms.
W, 2740, 6, 2012/11/01, 16:25:42.231, 361348204432, QTAgent32.exe, Playback - [WARNING] Internal warning: Incorrect flag set for InvokeProgrammaticAction\0
W, 2740, 6, 2012/11/01, 16:25:42.350, 361349904291, QTAgent32.exe, &lt;a class=success&gt;Playback - {9} [SUCCESS] SetValueAsComboBox "Customers" - "[MSAA, VisibleOnly]ControlType='ComboBox'"  &lt; SetValueAsComboBox, set by clicking on the item in the list box &gt;
\0&lt;/a&gt;
W, 2740, 6, 2012/11/01, 16:25:42.796, 361356284641, QTAgent32.exe, &lt;a class=success&gt;Playback - {10} [SUCCESS] MouseButtonClick - "[MSAA, VisibleOnly]ControlType='Button' &amp;&amp; Name='Add'"
\0&lt;/a&gt;
W, 2740, 6, 2012/11/01, 16:25:43.105, 361360710681, QTAgent32.exe, &lt;a class=success&gt;Playback - {11} [SUCCESS] SendKeys "autotest" - "[MSAA, VisibleOnly]ControlType='RadioButton' &amp;&amp; Name='Personal Lines'"
\0&lt;/a&gt;
W, 2740, 6, 2012/11/01, 16:25:43.463, 361365840461, QTAgent32.exe, &lt;a class=success&gt;Playback - {12} [SUCCESS] SetValueAsEditBox "autotest" - "[MSAA, VisibleOnly]ControlType='Edit'"  &lt; Set via SendKeys &gt;
\0&lt;/a&gt;
W, 2740, 6, 2012/11/01, 16:25:43.741, 361369823737, QTAgent32.exe, &lt;a class=success&gt;Playback - {13} [SUCCESS] MouseButtonClick - "[MSAA, VisibleOnly]ControlType='Button' &amp;&amp; Name='OK'"
\0&lt;/a&gt;
W, 2740, 6, 2012/11/01, 16:25:44.119, 361375225802, QTAgent32.exe, &lt;a class=success&gt;Playback - {14} [SUCCESS] MouseButtonClick - "[MSAA, VisibleOnly]ControlType='Button' &amp;&amp; Name='Yes'"
\0&lt;/a&gt;
W, 2740, 6, 2012/11/01, 16:25:44.322, 361378121426, QTAgent32.exe, &lt;a class=success&gt;Playback - {15} [SUCCESS] SendKeys "^{HOME}" - "[MSAA, VisibleOnly]ControlType='Edit'"
\0&lt;/a&gt;
E, 2740, 6, 2012/11/01, 16:25:44.322, 361378124033, QTAgent32.exe, Msaa.GetFocusedElement: could not find accessible object of foreground window
W, 2740, 6, 2012/11/01, 16:25:44.375, 361378880659, QTAgent32.exe, &lt;a class=success&gt;Playback - {16} [SUCCESS] SendKeys "^+{END}" - "[MSAA, VisibleOnly]ControlType='Edit'"
\0&lt;/a&gt;
E, 2740, 6, 2012/11/01, 16:25:44.375, 361378883559, QTAgent32.exe, Msaa.GetFocusedElement: could not find accessible object of foreground window
W, 2740, 6, 2012/11/01, 16:25:44.388, 361379066933, QTAgent32.exe, &lt;a class=success&gt;Playback - {17} [SUCCESS] SendKeys "{DELETE}" - "[MSAA, VisibleOnly]ControlType='Edit'"
\0&lt;/a&gt;
W, 2740, 6, 2012/11/01, 16:25:44.454, 361380018307, QTAgent32.exe, &lt;a class=success&gt;Playback - {18} [SUCCESS] SetValueAsEditBox "1" - "[MSAA, VisibleOnly]ControlType='Edit'"  &lt; Set via SendKeys &gt;
\0&lt;/a&gt;
W, 2740, 6, 2012/11/01, 16:25:44.660, 361382961734, QTAgent32.exe, &lt;a class=success&gt;Playback - {19} [SUCCESS] SendKeys "^{HOME}" - "[MSAA, VisibleOnly]ControlType='Edit'"
\0&lt;/a&gt;
E, 2740, 6, 2012/11/01, 16:25:44.660, 361382964354, QTAgent32.exe, Msaa.GetFocusedElement: could not find accessible object of foreground window
W, 2740, 6, 2012/11/01, 16:25:44.713, 361383720557, QTAgent32.exe, &lt;a class=success&gt;Playback - {20} [SUCCESS] SendKeys "^+{END}" - "[MSAA, VisibleOnly]ControlType='Edit'"
\0&lt;/a&gt;
E, 2740, 6, 2012/11/01, 16:25:44.713, 361383722451, QTAgent32.exe, Msaa.GetFocusedElement: could not find accessible object of foreground window
W, 2740, 6, 2012/11/01, 16:25:44.726, 361383907873, QTAgent32.exe, &lt;a class=success&gt;Playback - {21} [SUCCESS] SendKeys "{DELETE}" - "[MSAA, VisibleOnly]ControlType='Edit'"
\0&lt;/a&gt;
W, 2740, 6, 2012/11/01, 16:25:44.787, 361384784115, QTAgent32.exe, &lt;a class=success&gt;Playback - {22} [SUCCESS] SetValueAsEditBox "1" - "[MSAA, VisibleOnly]ControlType='Edit'"  &lt; Set via SendKeys &gt;
\0&lt;/a&gt;
W, 2740, 6, 2012/11/01, 16:25:45.096, 361389206966, QTAgent32.exe, &lt;a class=success&gt;Playback - {23} [SUCCESS] MouseButtonClick - "[MSAA, VisibleOnly]ControlType='Button' &amp;&amp; Name='OK'"
\0&lt;/a&gt;
W, 2740, 6, 2012/11/01, 16:25:45.416, 361393786305, QTAgent32.exe, &lt;a class=success&gt;Playback - {24} [SUCCESS] MouseButtonClick - "[MSAA, VisibleOnly]ControlType='Button'"
\0&lt;/a&gt;
W, 2740, 6, 2012/11/01, 16:25:45.739, 361398416583, QTAgent32.exe, &lt;a class=success&gt;Playback - {25} [SUCCESS] MouseButtonClick - "[MSAA, VisibleOnly]ControlType='Button' &amp;&amp; Name='Add'"
\0&lt;/a&gt;
W, 2740, 6, 2012/11/01, 16:25:46.052, 361402892085, QTAgent32.exe, &lt;a class=success&gt;Playback - {26} [SUCCESS] MouseButtonClick - "[MSAA, VisibleOnly]ControlType='Button' &amp;&amp; Name='OK'"
\0&lt;/a&gt;
W, 2740, 6, 2012/11/01, 16:25:48.282, 361434825150, QTAgent32.exe, &lt;a class=success&gt;Playback - {27} [SUCCESS] MouseButtonClick - "[MSAA, VisibleOnly,Window]ControlType='Window' &amp;&amp; ClassName='ThunderRT6TextBox'"
\0&lt;/a&gt;
W, 2740, 6, 2012/11/01, 16:25:48.563, 361438853225, QTAgent32.exe, &lt;a class=success&gt;Playback - {28} [SUCCESS] SetValueAsEditBox "MOTO" - "[MSAA, VisibleOnly]ControlType='Edit'"  &lt; Set via SendKeys &gt;
\0&lt;/a&gt;
W, 2740, 6, 2012/11/01, 16:25:48.865, 361443181740, QTAgent32.exe, &lt;a class=success&gt;Playback - {29} [SUCCESS] MouseButtonClick - "[MSAA, VisibleOnly]ControlType='Button' &amp;&amp; Name='OK'"
\0&lt;/a&gt;
W, 2740, 6, 2012/11/01, 16:25:49.099, 361446533786, QTAgent32.exe, &lt;a class=success&gt;Playback - {30} [SUCCESS] MouseButtonClick - "[MSAA, VisibleOnly]ControlType='Button' &amp;&amp; Name='Options'"
\0&lt;/a&gt;
W, 2740, 6, 2012/11/01, 16:25:49.200, 361447974742, QTAgent32.exe, FindScreenElementInSinglePass : Attempting to find control in one pass of search. Failures can occur.
W, 2740, 6, 2012/11/01, 16:25:49.359, 361450246267, QTAgent32.exe, &lt;a class=success&gt;Playback - {31} [SUCCESS] MouseButtonClick - "[MSAA]ControlType='MenuItem' &amp;&amp; Name='Links'"
\0&lt;/a&gt;
W, 2740, 6, 2012/11/01, 16:25:49.459, 361451682917, QTAgent32.exe, FindScreenElementInSinglePass : Attempting to find control in one pass of search. Failures can occur.
W, 2740, 6, 2012/11/01, 16:25:49.629, 361454113328, QTAgent32.exe, &lt;a class=success&gt;Playback - {32} [SUCCESS] MouseButtonClick - "[MSAA]ControlType='MenuItem' &amp;&amp; Name='3rd Party Integration'"
\0&lt;/a&gt;
W, 2740, 6, 2012/11/01, 16:25:49.729, 361455549856, QTAgent32.exe, FindScreenElementInSinglePass : Attempting to find control in one pass of search. Failures can occur.
W, 2740, 6, 2012/11/01, 16:25:49.897, 361457950019, QTAgent32.exe, &lt;a class=success&gt;Playback - {33} [SUCCESS] MouseButtonClick - "[MSAA]ControlType='MenuItem' &amp;&amp; Name='Quote Select List'"
\0&lt;/a&gt;
W, 2740, 6, 2012/11/01, 16:25:51.641, 361482924016, QTAgent32.exe, PERF WARNING: FindTopLevelWindowHelper::FindAllDescendents: took 1643 ms. Expected it to take maximum 500 ms.
W, 2740, 6, 2012/11/01, 16:25:53.164, 361504732747, QTAgent32.exe, &lt;a class=success&gt;Playback - {34} [SUCCESS] MouseButtonClick - "[MSAA, VisibleOnly]ControlType='Button' &amp;&amp; Name='Ok'"
\0&lt;/a&gt;
W, 2740, 6, 2012/11/01, 16:25:54.506, 361523932455, QTAgent32.exe, PERF WARNING: FindTopLevelWindowHelper::FindAllDescendents: took 1238 ms. Expected it to take maximum 500 ms.
W, 2740, 6, 2012/11/01, 16:25:54.717, 361526951574, QTAgent32.exe, &lt;a class=success&gt;Playback - {35} [SUCCESS] MouseButtonClick - "[MSAA, VisibleOnly]ControlType='Button' &amp;&amp; Name='Ok'"
\0&lt;/a&gt;
W, 2740, 6, 2012/11/01, 16:25:55.007, 361531109850, QTAgent32.exe, &lt;a class=success&gt;Playback - {36} [SUCCESS] SetValueAsEditBox "Test" - "[MSAA, VisibleOnly]ControlType='Edit'"  &lt; Set via SendKeys &gt;
\0&lt;/a&gt;
W, 2740, 6, 2012/11/01, 16:25:55.175, 361533513053, QTAgent32.exe, &lt;a class=success&gt;Playback - {37} [SUCCESS] SendKeys "{Tab}" - "[MSAA, VisibleOnly]ControlType='Edit'"
\0&lt;/a&gt;
W, 2740, 6, 2012/11/01, 16:25:55.475, 361537810678, QTAgent32.exe, &lt;a class=success&gt;Playback - {38} [SUCCESS] SetValueAsEditBox "test" - "[MSAA, VisibleOnly]ControlType='Edit'"  &lt; Set via SendKeys &gt;
\0&lt;/a&gt;
W, 2740, 6, 2012/11/01, 16:25:55.810, 361542607994, QTAgent32.exe, &lt;a class=success&gt;Playback - {39} [SUCCESS] SetValueAsEditBox "160485" - "[MSAA, VisibleOnly]ControlType='Edit'"  &lt; Set via SendKeys &gt;
\0&lt;/a&gt;
W, 2740, 6, 2012/11/01, 16:25:56.143, 361547376548, QTAgent32.exe, &lt;a class=success&gt;Playback - {40} [SUCCESS] SetValueAsEditBox "B338TH" - "[MSAA, VisibleOnly]ControlType='Edit'"  &lt; Set via SendKeys &gt;
\0&lt;/a&gt;
W, 2740, 6, 2012/11/01, 16:25:58.366, 361579203649, QTAgent32.exe, &lt;a class=success&gt;Playback - {41} [SUCCESS] MouseButtonClick - "[MSAA, VisibleOnly]ControlType='Button' &amp;&amp; Name='Lookup...'"
\0&lt;/a&gt;
W, 2740, 6, 2012/11/01, 16:25:58.599, 361582547229, QTAgent32.exe, &lt;a class=success&gt;Playback - {42} [SUCCESS] MouseButtonClick - "[MSAA, VisibleOnly]ControlType='Button' &amp;&amp; Name='Ok'"
\0&lt;/a&gt;
W, 2740, 6, 2012/11/01, 16:26:00.534, 361610245572, QTAgent32.exe, &lt;a class=success&gt;Playback - {43} [SUCCESS] MouseButtonClick - "[MSAA, VisibleOnly]ControlType='Button' &amp;&amp; Name='OK'"
\0&lt;/a&gt;
W, 2740, 6, 2012/11/01, 16:26:00.950, 361616202271, QTAgent32.exe, Playback - [WARNING] Internal warning: Incorrect flag set for InvokeProgrammaticAction\0
W, 2740, 6, 2012/11/01, 16:26:01.068, 361617891153, QTAgent32.exe, &lt;a class=success&gt;Playback - {44} [SUCCESS] SetValueAsComboBox "Account Executive" - "[MSAA, VisibleOnly]ControlType='ComboBox'"  &lt; SetValueAsComboBox, set by clicking on the item in the list box &gt;
\0&lt;/a&gt;
W, 2740, 6, 2012/11/01, 16:26:01.479, 361623782176, QTAgent32.exe, Playback - [WARNING] Internal warning: Incorrect flag set for InvokeProgrammaticAction\0
W, 2740, 6, 2012/11/01, 16:26:01.598, 361625481228, QTAgent32.exe, &lt;a class=success&gt;Playback - {45} [SUCCESS] SetValueAsComboBox "Acupuncture" - "[MSAA, VisibleOnly]ControlType='ComboBox'"  &lt; SetValueAsComboBox, set by clicking on the item in the list box &gt;
\0&lt;/a&gt;
W, 2740, 6, 2012/11/01, 16:26:02.004, 361631300415, QTAgent32.exe, &lt;a class=success&gt;Playback - {46} [SUCCESS] SetValueAsEditBox "151101" - "[MSAA, VisibleOnly]ControlType='Edit'"  &lt; Set via SendKeys &gt;
\0&lt;/a&gt;
W, 2740, 6, 2012/11/01, 16:26:03.538, 361653260685, QTAgent32.exe, &lt;a class=success&gt;Playback - {47} [SUCCESS] MouseButtonClick - "[MSAA, VisibleOnly]ControlType='Button' &amp;&amp; Name='OK'"
\0&lt;/a&gt;
W, 2740, 6, 2012/11/01, 16:26:03.976, 361659522534, QTAgent32.exe, &lt;a class=success&gt;Playback - {48} [SUCCESS] SetValueAsEditBox "RF53OXL" - "[MSAA, VisibleOnly]ControlType='Edit'"  &lt; Set via SendKeys &gt;
\0&lt;/a&gt;
W, 2740, 6, 2012/11/01, 16:26:04.814, 361671517598, QTAgent32.exe, &lt;a class=success&gt;Playback - {49} [SUCCESS] MouseButtonClick - "[MSAA, VisibleOnly]ControlType='Button' &amp;&amp; Name='Filter'"
\0&lt;/a&gt;
W, 2740, 6, 2012/11/01, 16:26:05.101, 361675636032, QTAgent32.exe, &lt;a class=success&gt;Playback - {50} [SUCCESS] MouseButtonClick - "[MSAA, VisibleOnly]ControlType='Button' &amp;&amp; Name='OK'"
\0&lt;/a&gt;
W, 2740, 6, 2012/11/01, 16:26:05.500, 361681341193, QTAgent32.exe, &lt;a class=success&gt;Playback - {51} [SUCCESS] SendKeys "^{HOME}" - "[MSAA, VisibleOnly]ControlType='Edit'"
\0&lt;/a&gt;
E, 2740, 6, 2012/11/01, 16:26:05.500, 361681343783, QTAgent32.exe, Msaa.GetFocusedElement: could not find accessible object of foreground window
W, 2740, 6, 2012/11/01, 16:26:05.556, 361682142869, QTAgent32.exe, &lt;a class=success&gt;Playback - {52} [SUCCESS] SendKeys "^+{END}" - "[MSAA, VisibleOnly]ControlType='Edit'"
\0&lt;/a&gt;
E, 2740, 6, 2012/11/01, 16:26:05.556, 361682145033, QTAgent32.exe, Msaa.GetFocusedElement: could not find accessible object of foreground window
W, 2740, 6, 2012/11/01, 16:26:05.569, 361682329527, QTAgent32.exe, &lt;a class=success&gt;Playback - {53} [SUCCESS] SendKeys "{DELETE}" - "[MSAA, VisibleOnly]ControlType='Edit'"
\0&lt;/a&gt;
W, 2740, 6, 2012/11/01, 16:26:05.738, 361684753485, QTAgent32.exe, &lt;a class=success&gt;Playback - {54} [SUCCESS] SetValueAsEditBox "1000" - "[MSAA, VisibleOnly]ControlType='Edit'"  &lt; Set via SendKeys &gt;
\0&lt;/a&gt;
W, 2740, 6, 2012/11/01, 16:26:06.059, 361689346112, QTAgent32.exe, &lt;a class=success&gt;Playback - {55} [SUCCESS] MouseButtonClick - "[MSAA, VisibleOnly]ControlType='Button' &amp;&amp; Name='Calculate Quote'"
\0&lt;/a&gt;
W, 2740, 6, 2012/11/01, 16:26:06.305, 361692873494, QTAgent32.exe, &lt;a class=success&gt;Playback - {56} [SUCCESS] MouseButtonClick - "[MSAA, VisibleOnly]ControlType='Button' &amp;&amp; Name='Cancel'"
\0&lt;/a&gt;
W, 2740, 6, 2012/11/01, 16:26:06.579, 361696800398, QTAgent32.exe, &lt;a class=success&gt;Playback - {57} [SUCCESS] MouseButtonClick - "[MSAA, VisibleOnly]ControlType='Button' &amp;&amp; Name='No'"
\0&lt;/a&gt;
W, 2740, 6, 2012/11/01, 16:26:20.411, 361894470838, QTAgent32.exe, PERF WARNING: FindTopLevelWindowHelper::FindAllDescendents: took 13706 ms. Expected it to take maximum 500 ms.
W, 2740, 6, 2012/11/01, 16:26:20.738, 361899108575, QTAgent32.exe, &lt;a class=success&gt;Playback - {58} [SUCCESS] MouseButtonClick - "[MSAA, VisibleOnly]ControlType='Client'"
\0&lt;/a&gt;
W, 2740, 6, 2012/11/01, 16:26:22.345, 361922207253, QTAgent32.exe, &lt;a class=success&gt;Playback - {59} [SUCCESS] SendKeys "{Home}" - "[MSAA, VisibleOnly]ControlType='Client'"
\0&lt;/a&gt;
W, 2740, 6, 2012/11/01, 16:26:26.105, 361975950914, QTAgent32.exe, &lt;a class=success&gt;Playback - {60} [SUCCESS] MouseButtonClick - "[MSAA, VisibleOnly]ControlType='Button' &amp;&amp; Name='Accept'"
\0&lt;/a&gt;
W, 2740, 6, 2012/11/01, 16:26:26.651, 361983767965, QTAgent32.exe, &lt;a class=success&gt;Playback - {61} [SUCCESS] MouseButtonClick - "[MSAA, VisibleOnly]ControlType='Button' &amp;&amp; Name='Yes'"
\0&lt;/a&gt;
W, 2740, 6, 2012/11/01, 16:26:27.166, 361991207458, QTAgent32.exe, &lt;a class=success&gt;Playback - {62} [SUCCESS] MouseButtonClick - "[MSAA, VisibleOnly]ControlType='Button' &amp;&amp; Name='Ok'"
\0&lt;/a&gt;
W, 2740, 6, 2012/11/01, 16:26:27.572, 361996938871, QTAgent32.exe, &lt;a class=success&gt;Playback - {63} [SUCCESS] MouseButtonClick - "[MSAA, VisibleOnly]ControlType='Button' &amp;&amp; Name='Ok'"
\0&lt;/a&gt;
W, 2740, 6, 2012/11/01, 16:26:28.164, 362005644083, QTAgent32.exe, &lt;a class=success&gt;Playback - {64} [SUCCESS] MouseButtonClick - "[MSAA, VisibleOnly]ControlType='Button' &amp;&amp; Name='Confirm'"
\0&lt;/a&gt;
W, 2740, 6, 2012/11/01, 16:26:56.964, 362417763546, QTAgent32.exe, Playback - [WARNING] Internal warning: Window Not Found: [VisibleOnly]ControlType='Window' &amp;&amp; Name='Save the file as' &amp;&amp; ClassName='#32770'
\0
E, 2740, 6, 2012/11/01, 16:26:56.964, 362417766422, QTAgent32.exe, &lt;a class=failure&gt;Playback - {65} [FAILED] Function ElementFetcher::FindScreenElement failed to locate UI element (Searching: ;[VisibleOnly]ControlType='Window' &amp;&amp; Name='Save the file as' &amp;&amp; ClassName='#32770') (The object specified was not found.)
\0&lt;/a&gt;
E, 2740, 6, 2012/11/01, 16:26:57.057, 362419275267, QTAgent32.exe, Playback - [IMAGE] C:\Users\peter.zenin-ad\AppData\Local\Temp\UITestLogs\LastRun\RPF387B.png
\0
W, 2740, 6, 2012/11/01, 16:26:57.057, 362419277491, QTAgent32.exe, Playback - [WARNING] Internal warning: Couldn't find descendants that match QueryId
\0
W, 2740, 6, 2012/11/01, 16:26:57.057, 362419280491, QTAgent32.exe, PERF WARNING: FindTopLevelWindowHelper::FindAllDescendents: took 28794 ms. Expected it to take maximum 500 ms.
W, 2740, 6, 2012/11/01, 16:27:15.294, 362680217248, QTAgent32.exe, Playback - [WARNING] Internal warning: Window Not Found: [VisibleOnly]ControlType='Window' &amp;&amp; Name='Save the file as' &amp;&amp; ClassName='#32770'
\0
E, 2740, 6, 2012/11/01, 16:27:15.294, 362680220150, QTAgent32.exe, &lt;a class=failure&gt;Playback - {66} [FAILED] Function ElementFetcher::FindScreenElement failed to locate UI element (Searching: ;[VisibleOnly]ControlType='Window' &amp;&amp; Name='Save the file as' &amp;&amp; ClassName='#32770') (The object specified was not found.)
\0&lt;/a&gt;
E, 2740, 6, 2012/11/01, 16:27:15.404, 362681864519, QTAgent32.exe, Playback - [IMAGE] C:\Users\peter.zenin-ad\AppData\Local\Temp\UITestLogs\LastRun\RPF8016.png
\0
W, 2740, 6, 2012/11/01, 16:27:15.404, 362681866685, QTAgent32.exe, Playback - [WARNING] Internal warning: Couldn't find descendants that match QueryId
\0
W, 2740, 6, 2012/11/01, 16:27:15.404, 362681869580, QTAgent32.exe, PERF WARNING: FindTopLevelWindowHelper::FindAllDescendents: took 18339 ms. Expected it to take maximum 500 ms.
W, 2740, 6, 2012/11/01, 16:27:18.508, 362726230581, QTAgent32.exe, Playback - [WARNING] Internal warning: Smart Match failed
\0
W, 2740, 6, 2012/11/01, 16:27:20.037, 362748119704, QTAgent32.exe, Playback - [WARNING] Internal warning: Window Not Found: [VisibleOnly]ControlType='Window' &amp;&amp; Name='Save the file as' &amp;&amp; ClassName='#32770'
\0
E, 2740, 6, 2012/11/01, 16:27:20.037, 362748122572, QTAgent32.exe, &lt;a class=failure&gt;Playback - {67} [FAILED] Function ElementFetcher::FindScreenElement failed to locate UI element (Searching: ;[VisibleOnly]ControlType='Window' &amp;&amp; Name='Save the file as' &amp;&amp; ClassName='#32770') (The object specified was not found.)
\0&lt;/a&gt;
E, 2740, 6, 2012/11/01, 16:27:20.115, 362749318208, QTAgent32.exe, Playback - [IMAGE] C:\Users\peter.zenin-ad\AppData\Local\Temp\UITestLogs\LastRun\RPF929D.png
\0
W, 2740, 6, 2012/11/01, 16:27:20.115, 362749320280, QTAgent32.exe, Playback - [WARNING] Internal warning: Couldn't find descendants that match QueryId
\0
W, 2740, 6, 2012/11/01, 16:27:20.115, 362749323185, QTAgent32.exe, PERF WARNING: FindTopLevelWindowHelper::FindAllDescendents: took 4710 ms. Expected it to take maximum 500 ms.
E, 2740, 6, 2012/11/01, 16:27:20.115, 362749324923, QTAgent32.exe, Exception: System.Runtime.InteropServices.COMException
	Message: Error HRESULT E_FAIL has been returned from a call to a COM component.
	Stack Trace:    at Microsoft.VisualStudio.TestTools.UITest.Playback.Engine.IRPFPlayback.FindAllScreenElements(IScreenElement pScreenElementStart, String bstrQueryId, Object&amp; pvarResKeys, Int32 cResKeys, Int32 nMaxDepth, Object[]&amp; foundDescendants)
   at Microsoft.VisualStudio.TestTools.UITest.Playback.ScreenElement.FindTopLevelWindowHelper(String queryId)
	BaseExceptionMessage: Error HRESULT E_FAIL has been returned from a call to a COM component.

E, 2740, 6, 2012/11/01, 16:27:20.240, 362751019566, QTAgent32.exe, AL: Playback Error: Microsoft.VisualStudio.TestTools.UITest.Extension.UITestControlNotFoundException: The playback failed to find the control with the given search properties. Additional Details: 
TechnologyName:  'MSAA'
ControlType:  'Window'
Name:  'Save the file as'
ClassName:  '#32770'
 ---&gt; System.Runtime.InteropServices.COMException: Error HRESULT E_FAIL has been returned from a call to a COM component.
   at Microsoft.VisualStudio.TestTools.UITest.Playback.Engine.IRPFPlayback.FindAllScreenElements(IScreenElement pScreenElementStart, String bstrQueryId, Object&amp; pvarResKeys, Int32 cResKeys, Int32 nMaxDepth, Object[]&amp; foundDescendants)
   at Microsoft.VisualStudio.TestTools.UITest.Playback.ScreenElement.FindTopLevelWindowHelper(String queryId)
   at Microsoft.VisualStudio.TestTools.UITest.Playback.ScreenElement.FindFromPartialQueryId(String queryId)
   at Microsoft.VisualStudio.TestTools.UITesting.UITestControl..ctor(String queryId)
   --- End of inner exception stack trace ---
   at Microsoft.VisualStudio.TestTools.UITesting.Playback.MapControlNotFoundException(COMException ex, IPlaybackContext context)
   at Microsoft.VisualStudio.TestTools.UITesting.Playback.MapAndThrowComException(COMException innerException, IPlaybackContext context)
   at Microsoft.VisualStudio.TestTools.UITesting.Playback.MapAndThrowException(SystemException exception, IPlaybackContext context)
   at Microsoft.VisualStudio.TestTools.UITesting.Playback.MapAndThrowException(SystemException exception, String queryId)
   at Microsoft.VisualStudio.TestTools.UITesting.UITestControl..ctor(String queryId)
   at Microsoft.VisualStudio.TestTools.UITesting.SearchHelper.SearchTopLevelWindow(ISearchArgument topLevelSearchArg, String topLevelElementQueryId)
   at Microsoft.VisualStudio.TestTools.UITesting.SearchHelper.GetTitleUpdatedTopLevelWindow(ISearchArgument topLevelSearchArg, String queryId, IList`1 windowTitles)
   at Microsoft.VisualStudio.TestTools.UITesting.SearchHelper.GetTopLevelElement(Boolean useCache, Boolean useCacheOnly, ISearchArgument searchArg, IList`1 windowTitles, Int32&amp; timeLeft)
   at Microsoft.VisualStudio.TestTools.UITesting.SearchHelper.GetElement(Boolean useCache, ISearchArgument searchArg)
   at Microsoft.VisualStudio.TestTools.UITesting.SearchHelper.Search(ISearchArgument searchArg)
   at Microsoft.VisualStudio.TestTools.UITesting.UITestControl.FindInternal()
   at Microsoft.VisualStudio.TestTools.UITesting.UITestControl.FindControlIfNecessary()
   at Microsoft.VisualStudio.TestTools.UITesting.UITestControl.Click(MouseButtons button, ModifierKeys modifierKeys, Point relativeCoordinates)
   at Microsoft.VisualStudio.TestTools.UITesting.Mouse.ClickImplementation(UITestControl control, MouseButtons button, ModifierKeys modifierKeys, Point relativeCoordinate)
   at Microsoft.VisualStudio.TestTools.UITesting.Mouse.ClickImplementationWrapper(UITestControl control, MouseButtons button, ModifierKeys modifierKeys, Point relativeCoordinate)
W, 2740, 6, 2012/11/01, 16:27:20.240, 362751021730, QTAgent32.exe, PlaybackErrorHandler: Ignoring exception as ContinueOnError is set.
W, 2740, 6, 2012/11/01, 16:27:20.568, 362755713674, QTAgent32.exe, &lt;a class=success&gt;Playback - {68} [SUCCESS] Check - "[MSAA, VisibleOnly]ControlType='CheckBox' &amp;&amp; Name='Defer Printing?'"
\0&lt;/a&gt;
W, 2740, 6, 2012/11/01, 16:27:21.238, 362765324282, QTAgent32.exe, &lt;a class=success&gt;Playback - {69} [SUCCESS] MouseButtonClick - "[MSAA, VisibleOnly]ControlType='Button' &amp;&amp; Name='Ok'"
\0&lt;/a&gt;
W, 2740, 6, 2012/11/01, 16:27:23.438, 362796910192, QTAgent32.exe, PERF WARNING: FindTopLevelWindowHelper::FindAllDescendents: took 2097 ms. Expected it to take maximum 500 ms.
W, 2740, 6, 2012/11/01, 16:27:23.781, 362801725773, QTAgent32.exe, &lt;a class=success&gt;Playback - {70} [SUCCESS] Uncheck - "[MSAA, VisibleOnly]ControlType='CheckBox' &amp;&amp; Name='Add Activity'"
\0&lt;/a&gt;
W, 2740, 6, 2012/11/01, 16:27:26.870, 362846027023, QTAgent32.exe, &lt;a class=success&gt;Playback - {71} [SUCCESS] MouseButtonClick - "[MSAA, VisibleOnly]ControlType='Button' &amp;&amp; Name='Ok'"
\0&lt;/a&gt;
W, 2740, 6, 2012/11/01, 16:27:27.307, 362852360439, QTAgent32.exe, &lt;a class=success&gt;Playback - {72} [SUCCESS] MouseButtonClick - "[MSAA, VisibleOnly]ControlType='Button' &amp;&amp; Name='Ok'"
\0&lt;/a&gt;
W, 2740, 6, 2012/11/01, 16:27:36.917, 362989805674, QTAgent32.exe, PERF WARNING: FindTopLevelWindowHelper::FindAllDescendents: took 9379 ms. Expected it to take maximum 500 ms.
W, 2740, 6, 2012/11/01, 16:27:39.211, 363022626363, QTAgent32.exe, &lt;a class=success&gt;Playback - {73} [SUCCESS] MouseButtonClick - "[MSAA, VisibleOnly]ControlType='Button' &amp;&amp; Name='OK'"
\0&lt;/a&gt;
W, 2740, 6, 2012/11/01, 16:27:39.663, 363029159323, QTAgent32.exe, &lt;a class=success&gt;Playback - {74} [SUCCESS] MouseButtonClick - "[MSAA, VisibleOnly]ControlType='Button' &amp;&amp; Name='Cancel'"
\0&lt;/a&gt;
W, 2740, 6, 2012/11/01, 16:27:40.178, 363036683282, QTAgent32.exe, &lt;a class=success&gt;Playback - {75} [SUCCESS] MouseButtonClick - "[MSAA, VisibleOnly]ControlType='Button'"
\0&lt;/a&gt;
W, 2740, 6, 2012/11/01, 16:27:40.739, 363044663549, QTAgent32.exe, &lt;a class=success&gt;Playback - {76} [SUCCESS] MouseButtonClick - "[MSAA, VisibleOnly]ControlType='Button' &amp;&amp; Name='Detail'"
\0&lt;/a&gt;
W, 2740, 6, 2012/11/01, 16:27:41.239, 363051752631, QTAgent32.exe, &lt;a class=success&gt;Playback - {77} [SUCCESS] MouseButtonClick - "[MSAA, VisibleOnly]ControlType='Button' &amp;&amp; Name='Cancel'"
\0&lt;/a&gt;
W, 2740, 6, 2012/11/01, 16:27:41.675, 363058019227, QTAgent32.exe, &lt;a class=success&gt;Playback - {78} [SUCCESS] MouseButtonClick - "[MSAA, VisibleOnly]ControlType='Button' &amp;&amp; Name='Options'"
\0&lt;/a&gt;
W, 2740, 6, 2012/11/01, 16:27:41.785, 363059487291, QTAgent32.exe, FindScreenElementInSinglePass : Attempting to find control in one pass of search. Failures can occur.
W, 2740, 6, 2012/11/01, 16:27:41.785, 363059590863, QTAgent32.exe, Playback - [WARNING] Internal failure: Method GetBoundingRectangle failed (HRESULT = 0x1, "Incorrect function.") for Name = "Quote Select List" ," ControlType = "MenuItem"
\0
W, 2740, 6, 2012/11/01, 16:27:41.785, 363059592166, QTAgent32.exe, Playback - [WARNING] Internal failure: Couldn't get clickable point for ScreenUIElement - GetClickablePoint failed
\0
W, 2740, 6, 2012/11/01, 16:27:41.785, 363059594818, QTAgent32.exe, FindScreenElementInSinglePass : Attempting to find control in one pass of search. Failures can occur.
W, 2740, 6, 2012/11/01, 16:27:41.785, 363059623185, QTAgent32.exe, FindScreenElementInSinglePass : Attempting to find control in one pass of search. Failures can occur.
W, 2740, 6, 2012/11/01, 16:27:42.112, 363064173929, QTAgent32.exe, &lt;a class=success&gt;Playback - {79} [SUCCESS] LeftButtonClick - "[MSAA, VisibleOnly]ControlType='MenuBar' &amp;&amp; Name='Application'"  &lt; Mouse cursor location (960, 31) &gt;
\0&lt;/a&gt;
W, 2740, 6, 2012/11/01, 16:27:42.221, 363065737938, QTAgent32.exe, &lt;a class=success&gt;Playback - {80} [SUCCESS] LeftButtonClick - "[MSAA]ControlType='MenuItem' &amp;&amp; Name='Options'"  &lt; Mouse cursor location (94, 31) &gt;
\0&lt;/a&gt;
W, 2740, 6, 2012/11/01, 16:27:42.393, 363068193125, QTAgent32.exe, &lt;a class=success&gt;Playback - {81} [SUCCESS] LeftButtonClick - "[MSAA]ControlType='MenuItem' &amp;&amp; Name='Links'"  &lt; Mouse cursor location (174, 319) &gt;
\0&lt;/a&gt;
W, 2740, 6, 2012/11/01, 16:27:42.580, 363070875167, QTAgent32.exe, &lt;a class=success&gt;Playback - {82} [SUCCESS] LeftButtonClick - "[MSAA]ControlType='MenuItem' &amp;&amp; Name='3rd Party Integration'"  &lt; Mouse cursor location (375, 319) &gt;
\0&lt;/a&gt;
W, 2740, 6, 2012/11/01, 16:27:42.768, 363073582183, QTAgent32.exe, &lt;a class=success&gt;Playback - {83} [SUCCESS] MouseButtonClick - "[MSAA]ControlType='MenuItem' &amp;&amp; Name='Quote Select List'"
\0&lt;/a&gt;
W, 2740, 6, 2012/11/01, 16:27:44.562, 363099238636, QTAgent32.exe, PERF WARNING: FindTopLevelWindowHelper::FindAllDescendents: took 1680 ms. Expected it to take maximum 500 ms.
W, 2740, 6, 2012/11/01, 16:27:46.293, 363124090783, QTAgent32.exe, &lt;a class=success&gt;Playback - {84} [SUCCESS] MouseButtonClick - "[MSAA, VisibleOnly]ControlType='Button' &amp;&amp; Name='Ok'"
\0&lt;/a&gt;
W, 2740, 6, 2012/11/01, 16:27:47.885, 363146867043, QTAgent32.exe, PERF WARNING: FindTopLevelWindowHelper::FindAllDescendents: took 1484 ms. Expected it to take maximum 500 ms.
W, 2740, 6, 2012/11/01, 16:27:48.353, 363153517845, QTAgent32.exe, &lt;a class=success&gt;Playback - {85} [SUCCESS] MouseButtonClick - "[MSAA, VisibleOnly]ControlType='Button' &amp;&amp; Name='MTA...'"
\0&lt;/a&gt;
W, 2740, 6, 2012/11/01, 16:27:49.008, 363162989379, QTAgent32.exe, Playback - [WARNING] Internal warning: Incorrect flag set for InvokeProgrammaticAction\0
W, 2740, 6, 2012/11/01, 16:27:49.335, 363167602464, QTAgent32.exe, &lt;a class=success&gt;Playback - {86} [SUCCESS] SetValueAsComboBox "Cancel Cover" - "[MSAA, VisibleOnly]ControlType='ComboBox'"  &lt; SetValueAsComboBox, set by clicking on the item in the list box &gt;
\0&lt;/a&gt;
W, 2740, 6, 2012/11/01, 16:27:49.803, 363174402619, QTAgent32.exe, &lt;a class=success&gt;Playback - {87} [SUCCESS] MouseButtonClick - "[MSAA, VisibleOnly]ControlType='Button' &amp;&amp; Name='OK'"
\0&lt;/a&gt;
W, 2740, 6, 2012/11/01, 16:27:50.334, 363182102867, QTAgent32.exe, &lt;a class=success&gt;Playback - {88} [SUCCESS] MouseButtonClick - "[MSAA, VisibleOnly]ControlType='Button' &amp;&amp; Name='Calculate Quote'"
\0&lt;/a&gt;
W, 2740, 6, 2012/11/01, 16:27:50.599, 363185683240, QTAgent32.exe, &lt;a class=success&gt;Playback - {89} [SUCCESS] SendKeys "^{HOME}" - "[MSAA, VisibleOnly]ControlType='Edit'"
\0&lt;/a&gt;
E, 2740, 6, 2012/11/01, 16:27:50.599, 363185686094, QTAgent32.exe, Msaa.GetFocusedElement: could not find accessible object of foreground window
W, 2740, 6, 2012/11/01, 16:27:50.693, 363187022841, QTAgent32.exe, &lt;a class=success&gt;Playback - {90} [SUCCESS] SendKeys "^+{END}" - "[MSAA, VisibleOnly]ControlType='Edit'"
\0&lt;/a&gt;
E, 2740, 6, 2012/11/01, 16:27:50.693, 363187025545, QTAgent32.exe, Msaa.GetFocusedElement: could not find accessible object of foreground window
W, 2740, 6, 2012/11/01, 16:27:50.708, 363187247587, QTAgent32.exe, &lt;a class=success&gt;Playback - {91} [SUCCESS] SendKeys "{DELETE}" - "[MSAA, VisibleOnly]ControlType='Edit'"
\0&lt;/a&gt;
W, 2740, 6, 2012/11/01, 16:27:51.067, 363192387799, QTAgent32.exe, &lt;a class=success&gt;Playback - {92} [SUCCESS] SetValueAsEditBox "02/11/12" - "[MSAA, VisibleOnly]ControlType='Edit'"  &lt; Set via SendKeys &gt;
\0&lt;/a&gt;
W, 2740, 6, 2012/11/01, 16:27:51.535, 363199249433, QTAgent32.exe, &lt;a class=success&gt;Playback - {93} [SUCCESS] MouseButtonClick - "[MSAA, VisibleOnly]ControlType='Button' &amp;&amp; Name='OK'"
\0&lt;/a&gt;
W, 2740, 6, 2012/11/01, 16:27:52.112, 363207522370, QTAgent32.exe, &lt;a class=success&gt;Playback - {94} [SUCCESS] MouseButtonClick - "[MSAA, VisibleOnly]ControlType='Button' &amp;&amp; Name='No'"
\0&lt;/a&gt;
W, 2740, 6, 2012/11/01, 16:27:56.231, 363266337137, QTAgent32.exe, PERF WARNING: FindTopLevelWindowHelper::FindAllDescendents: took 4004 ms. Expected it to take maximum 500 ms.
W, 2740, 6, 2012/11/01, 16:27:56.559, 363271010028, QTAgent32.exe, &lt;a class=success&gt;Playback - {95} [SUCCESS] MouseButtonClick - "[MSAA, VisibleOnly]ControlType='Client'"
\0&lt;/a&gt;
W, 2740, 6, 2012/11/01, 16:27:56.855, 363275331876, QTAgent32.exe, &lt;a class=success&gt;Playback - {96} [SUCCESS] SendKeys "{Home}" - "[MSAA, VisibleOnly]ControlType='Client'"
\0&lt;/a&gt;
W, 2740, 6, 2012/11/01, 16:27:57.323, 363281977861, QTAgent32.exe, &lt;a class=success&gt;Playback - {97} [SUCCESS] MouseButtonClick - "[MSAA, VisibleOnly]ControlType='Button' &amp;&amp; Name='Accept'"
\0&lt;/a&gt;
W, 2740, 6, 2012/11/01, 16:27:58.119, 363293516389, QTAgent32.exe, &lt;a class=success&gt;Playback - {98} [SUCCESS] MouseButtonClick - "[MSAA, VisibleOnly]ControlType='Button' &amp;&amp; Name='Yes'"
\0&lt;/a&gt;
W, 2740, 6, 2012/11/01, 16:27:58.571, 363299992111, QTAgent32.exe, &lt;a class=success&gt;Playback - {99} [SUCCESS] MouseButtonClick - "[MSAA, VisibleOnly]ControlType='Button' &amp;&amp; Name='Ok'"
\0&lt;/a&gt;
W, 2740, 6, 2012/11/01, 16:28:08.041, 363435424186, QTAgent32.exe, PERF WARNING: FindTopLevelWindowHelper::FindAllDescendents: took 9361 ms. Expected it to take maximum 500 ms.
W, 2740, 6, 2012/11/01, 16:28:09.710, 363459394018, QTAgent32.exe, &lt;a class=success&gt;Playback - {100} [SUCCESS] MouseButtonClick - "[MSAA, VisibleOnly]ControlType='Button' &amp;&amp; Name='OK'"
\0&lt;/a&gt;
W, 2740, 6, 2012/11/01, 16:28:09.819, 363460866285, QTAgent32.exe, Playback - [WARNING] Internal warning: Thread state based WFR - Requested element has invalid HWND
\0
W, 2740, 6, 2012/11/01, 16:28:09.819, 363460868230, QTAgent32.exe, Playback - [WARNING] Internal warning: process performance counters based WFR - Requested element has invalid HWND
\0
E, 2740, 6, 2012/11/01, 16:28:09.819, 363460871353, QTAgent32.exe, EnsureValid called via EnsureValid call for same element
E, 2740, 6, 2012/11/01, 16:28:09.819, 363460874921, QTAgent32.exe, GetClassName for handle 5244166 failed
E, 2740, 6, 2012/11/01, 16:28:09.819, 363460877344, QTAgent32.exe, EnsureValid called via EnsureValid call for same element
E, 2740, 6, 2012/11/01, 16:28:09.819, 363460878875, QTAgent32.exe, EnsureValid called via EnsureValid call for same element
E, 2740, 6, 2012/11/01, 16:28:09.819, 363460896361, QTAgent32.exe, Window 5244166 not responding. Last Win32 error 0
E, 2740, 6, 2012/11/01, 16:28:09.819, 363460898607, QTAgent32.exe, GetClassName for handle 5244166 failed
E, 2740, 6, 2012/11/01, 16:28:09.819, 363460899411, QTAgent32.exe, GetClassName for handle 5244166 failed
W, 2740, 6, 2012/11/01, 16:28:10.147, 363465563063, QTAgent32.exe, &lt;a class=success&gt;Playback - {101} [SUCCESS] Check - "[MSAA, VisibleOnly]ControlType='CheckBox' &amp;&amp; Name='Defer Printing?'"
\0&lt;/a&gt;
W, 2740, 6, 2012/11/01, 16:28:10.849, 363475704240, QTAgent32.exe, &lt;a class=success&gt;Playback - {102} [SUCCESS] MouseButtonClick - "[MSAA, VisibleOnly]ControlType='Button' &amp;&amp; Name='Ok'"
\0&lt;/a&gt;
W, 2740, 6, 2012/11/01, 16:28:10.958, 363477177670, QTAgent32.exe, Playback - [WARNING] Internal warning: Thread state based WFR - Requested element has invalid HWND
\0
W, 2740, 6, 2012/11/01, 16:28:10.958, 363477179413, QTAgent32.exe, Playback - [WARNING] Internal warning: process performance counters based WFR - Requested element has invalid HWND
\0
E, 2740, 6, 2012/11/01, 16:28:10.958, 363477182680, QTAgent32.exe, EnsureValid called via EnsureValid call for same element
E, 2740, 6, 2012/11/01, 16:28:10.958, 363477186314, QTAgent32.exe, GetClassName for handle 6685288 failed
E, 2740, 6, 2012/11/01, 16:28:10.958, 363477188865, QTAgent32.exe, EnsureValid called via EnsureValid call for same element
E, 2740, 6, 2012/11/01, 16:28:10.958, 363477190410, QTAgent32.exe, EnsureValid called via EnsureValid call for same element
E, 2740, 6, 2012/11/01, 16:28:10.958, 363477208219, QTAgent32.exe, Window 6685288 not responding. Last Win32 error 0
E, 2740, 6, 2012/11/01, 16:28:10.958, 363477210496, QTAgent32.exe, GetClassName for handle 6685288 failed
E, 2740, 6, 2012/11/01, 16:28:10.958, 363477211320, QTAgent32.exe, GetClassName for handle 6685288 failed
W, 2740, 6, 2012/11/01, 16:28:12.206, 363495168376, QTAgent32.exe, PERF WARNING: FindTopLevelWindowHelper::FindAllDescendents: took 1253 ms. Expected it to take maximum 500 ms.
W, 2740, 6, 2012/11/01, 16:28:12.440, 363498398106, QTAgent32.exe, &lt;a class=success&gt;Playback - {103} [SUCCESS] Uncheck - "[MSAA, VisibleOnly]ControlType='CheckBox' &amp;&amp; Name='Add Activity'"
\0&lt;/a&gt;
W, 2740, 6, 2012/11/01, 16:28:13.017, 363506729682, QTAgent32.exe, &lt;a class=success&gt;Playback - {104} [SUCCESS] MouseButtonClick - "[MSAA, VisibleOnly]ControlType='Button' &amp;&amp; Name='Ok'"
\0&lt;/a&gt;
W, 2740, 6, 2012/11/01, 16:28:21.520, 363628405615, QTAgent32.exe, PERF WARNING: FindTopLevelWindowHelper::FindAllDescendents: took 8284 ms. Expected it to take maximum 500 ms.
W, 2740, 6, 2012/11/01, 16:28:23.907, 363662563670, QTAgent32.exe, &lt;a class=success&gt;Playback - {105} [SUCCESS] MouseButtonClick - "[MSAA, VisibleOnly]ControlType='Button' &amp;&amp; Name='OK'"
\0&lt;/a&gt;
W, 2740, 6, 2012/11/01, 16:28:24.359, 363669086816, QTAgent32.exe, &lt;a class=success&gt;Playback - {106} [SUCCESS] MouseButtonClick - "[MSAA, VisibleOnly]ControlType='Button' &amp;&amp; Name='Cancel'"
\0&lt;/a&gt;
W, 2740, 6, 2012/11/01, 16:28:24.890, 363676637393, QTAgent32.exe, &lt;a class=success&gt;Playback - {107} [SUCCESS] MouseButtonClick - "[MSAA, VisibleOnly]ControlType='Button'"
\0&lt;/a&gt;
W, 2740, 6, 2012/11/01, 16:28:25.451, 363684758919, QTAgent32.exe, &lt;a class=success&gt;Playback - {108} [SUCCESS] MouseButtonClick - "[MSAA, VisibleOnly]ControlType='Button' &amp;&amp; Name='Detail'"
\0&lt;/a&gt;
W, 2740, 6, 2012/11/01, 16:28:25.951, 363691918664, QTAgent32.exe, &lt;a class=success&gt;Playback - {109} [SUCCESS] MouseButtonClick - "[MSAA, VisibleOnly]ControlType='Button' &amp;&amp; Name='Cancel'"
\0&lt;/a&gt;
E, 2740, 6, 2012/11/01, 16:28:26.060, 363693403898, QTAgent32.exe, GetClassName for handle 1640250 failed
W, 2740, 6, 2012/11/01, 16:28:26.403, 363698342578, QTAgent32.exe, &lt;a class=success&gt;Playback - {110} [SUCCESS] MouseButtonClick - "[MSAA, VisibleOnly]ControlType='Button' &amp;&amp; Name='Cancel'"
\0&lt;/a&gt;
W, 2740, 6, 2012/11/01, 16:28:26.840, 363704563561, QTAgent32.exe, &lt;a class=success&gt;Playback - {111} [SUCCESS] MouseButtonClick - "[MSAA, VisibleOnly]ControlType='Button' &amp;&amp; Name='Cancel'"
\0&lt;/a&gt;
W, 2740, 6, 2012/11/01, 16:28:27.277, 363710910098, QTAgent32.exe, &lt;a class=success&gt;Playback - {112} [SUCCESS] MouseButtonClick - "[MSAA, VisibleOnly]ControlType='Button' &amp;&amp; Name='Close'"
\0&lt;/a&gt;
W, 2740, 6, 2012/11/01, 16:28:31.754, 363774947420, QTAgent32.exe, IEDOM : StopSession of the plugin called before StartSession
W, 2740, 6, 2012/11/01, 16:28:31.754, 363774948742, QTAgent32.exe, UIA : StopSession of the plugin called before StartSession
W, 2740, 6, 2012/11/01, 16:28:31.754, 363774949477, QTAgent32.exe, SLPlugin : StopSession of the plugin called before StartSession
</DebugTrace>
      </Output>
    </UnitTestResult>
    <UnitTestResult executionId="13f74336-d9af-4b49-a9a0-a79816f81e58" testId="6a41f98c-60c7-3333-a5a3-d5d87b5c35c7" testName="MotoTest2" computerName="ICLVDEVAP01" duration="00:04:02.5505447" startTime="2012-11-01T16:28:31.7545159+00:00" endTime="2012-11-01T16:32:34.3072795+00:00" testType="13cdc9d9-ddb5-4fa4-a97d-d965ccfc6d4b" outcome="Failed" testListId="8c84fa94-04c1-424b-9868-57a2d4851a1d" relativeResultsDirectory="13f74336-d9af-4b49-a9a0-a79816f81e58">
      <Output>
        <DebugTrace>W, 2740, 19, 2012/11/01, 16:28:31.770, 363775212395, QTAgent32.exe, ExtensionFramework : A Technology Manager with name Web is already registered.
W, 2740, 19, 2012/11/01, 16:28:32.612, 363787204969, QTAgent32.exe, &lt;a class=success&gt;Playback - {1} [SUCCESS] MouseButtonClick - "[MSAA, VisibleOnly]ControlType='Edit'"
\0&lt;/a&gt;
W, 2740, 19, 2012/11/01, 16:28:32.877, 363791000625, QTAgent32.exe, &lt;a class=success&gt;Playback - {2} [SUCCESS] SendKeys "[*]" - "[MSAA, VisibleOnly]ControlType='Edit'"
\0&lt;/a&gt;
W, 2740, 19, 2012/11/01, 16:28:33.813, 363804438503, QTAgent32.exe, &lt;a class=success&gt;Playback - {3} [SUCCESS] MouseButtonClick - "[MSAA, VisibleOnly]ControlType='Button' &amp;&amp; Name='OK'"
\0&lt;/a&gt;
W, 2740, 19, 2012/11/01, 16:28:34.484, 363814061241, QTAgent32.exe, &lt;a class=success&gt;Playback - {4} [SUCCESS] MouseButtonClick - "[MSAA, VisibleOnly]ControlType='Button' &amp;&amp; Name='OK'"
\0&lt;/a&gt;
W, 2740, 19, 2012/11/01, 16:28:34.812, 363818829234, QTAgent32.exe, &lt;a class=success&gt;Playback - {5} [SUCCESS] MouseButtonClick - "[MSAA, VisibleOnly]ControlType='Button' &amp;&amp; Name='Clients &amp; Files'"
\0&lt;/a&gt;
W, 2740, 19, 2012/11/01, 16:28:35.249, 363825033488, QTAgent32.exe, &lt;a class=success&gt;Playback - {6} [SUCCESS] MouseButtonClick - "[MSAA, VisibleOnly]ControlType='Button' &amp;&amp; Name='Clients &amp; Files'"
\0&lt;/a&gt;
W, 2740, 19, 2012/11/01, 16:28:35.639, 363830712756, QTAgent32.exe, Playback - [WARNING] Internal warning: Window Not Found: [VisibleOnly]ControlType='Window' &amp;&amp; Name='Customer: txt1 tdsfs' &amp;&amp; ClassName='ThunderRT6MDIForm'
\0
E, 2740, 19, 2012/11/01, 16:28:35.639, 363830715582, QTAgent32.exe, &lt;a class=failure&gt;Playback - {7} [FAILED] Function ElementFetcher::FindScreenElement failed to locate UI element (Searching: ;[VisibleOnly]ControlType='Window' &amp;&amp; Name='Customer: txt1 tdsfs' &amp;&amp; ClassName='ThunderRT6MDIForm') (The object specified was not found.)
\0&lt;/a&gt;
E, 2740, 19, 2012/11/01, 16:28:35.748, 363832112278, QTAgent32.exe, Playback - [IMAGE] C:\Users\peter.zenin-ad\AppData\Local\Temp\UITestLogs\LastRun\RPFB9EC.png
\0
W, 2740, 19, 2012/11/01, 16:28:35.748, 363832114647, QTAgent32.exe, Playback - [WARNING] Internal warning: Couldn't find descendants that match QueryId
\0
W, 2740, 19, 2012/11/01, 16:28:53.814, 364090751164, QTAgent32.exe, Playback - [WARNING] Internal warning: Window Not Found: [VisibleOnly]ControlType='Window' &amp;&amp; Name='Customer: txt1 tdsfs' &amp;&amp; ClassName='ThunderRT6MDIForm'
\0
E, 2740, 19, 2012/11/01, 16:28:53.814, 364090754075, QTAgent32.exe, &lt;a class=failure&gt;Playback - {8} [FAILED] Function ElementFetcher::FindScreenElement failed to locate UI element (Searching: ;[VisibleOnly]ControlType='Window' &amp;&amp; Name='Customer: txt1 tdsfs' &amp;&amp; ClassName='ThunderRT6MDIForm') (The object specified was not found.)
\0&lt;/a&gt;
E, 2740, 19, 2012/11/01, 16:28:53.892, 364091966305, QTAgent32.exe, Playback - [IMAGE] C:\Users\peter.zenin-ad\AppData\Local\Temp\UITestLogs\LastRun\RPFEB.png
\0
W, 2740, 19, 2012/11/01, 16:28:53.892, 364091968504, QTAgent32.exe, Playback - [WARNING] Internal warning: Couldn't find descendants that match QueryId
\0
W, 2740, 19, 2012/11/01, 16:28:53.892, 364091971449, QTAgent32.exe, PERF WARNING: FindTopLevelWindowHelper::FindAllDescendents: took 18148 ms. Expected it to take maximum 500 ms.
W, 2740, 19, 2012/11/01, 16:28:54.625, 364102457345, QTAgent32.exe, Playback - [WARNING] Internal warning: Window with Class "ThunderRT6MDIForm" and Title "Customer: txt1 tdsfs" was not found, so similar window with Class "ThunderRT6MDIForm" and Title "Customer: autotest" was accepted
\0
W, 2740, 19, 2012/11/01, 16:28:54.625, 364102461253, QTAgent32.exe, PERF WARNING: FindTopLevelWindowHelper::FindAllDescendents: took 732 ms. Expected it to take maximum 500 ms.
W, 2740, 19, 2012/11/01, 16:28:56.200, 364125103406, QTAgent32.exe, Playback - [WARNING] Internal warning: Incorrect flag set for InvokeProgrammaticAction\0
W, 2740, 19, 2012/11/01, 16:28:56.528, 364129639598, QTAgent32.exe, &lt;a class=success&gt;Playback - {9} [SUCCESS] SetValueAsComboBox "Customers" - "[MSAA, VisibleOnly]ControlType='ComboBox'"  &lt; SetValueAsComboBox, set by clicking on the item in the list box &gt;
\0&lt;/a&gt;
W, 2740, 19, 2012/11/01, 16:28:57.183, 364139148347, QTAgent32.exe, &lt;a class=success&gt;Playback - {10} [SUCCESS] MouseButtonClick - "[MSAA, VisibleOnly]ControlType='Button' &amp;&amp; Name='Add'"
\0&lt;/a&gt;
W, 2740, 19, 2012/11/01, 16:28:57.589, 364144807538, QTAgent32.exe, &lt;a class=success&gt;Playback - {11} [SUCCESS] SendKeys "autotest" - "[MSAA, VisibleOnly]ControlType='RadioButton' &amp;&amp; Name='Personal Lines'"
\0&lt;/a&gt;
W, 2740, 19, 2012/11/01, 16:28:58.073, 364151735290, QTAgent32.exe, &lt;a class=success&gt;Playback - {12} [SUCCESS] SetValueAsEditBox "autotest" - "[MSAA, VisibleOnly]ControlType='Edit'"  &lt; Set via SendKeys &gt;
\0&lt;/a&gt;
W, 2740, 19, 2012/11/01, 16:28:58.572, 364158992595, QTAgent32.exe, &lt;a class=success&gt;Playback - {13} [SUCCESS] MouseButtonClick - "[MSAA, VisibleOnly]ControlType='Button' &amp;&amp; Name='OK'"
\0&lt;/a&gt;
W, 2740, 19, 2012/11/01, 16:28:59.149, 364167300520, QTAgent32.exe, &lt;a class=success&gt;Playback - {14} [SUCCESS] MouseButtonClick - "[MSAA, VisibleOnly]ControlType='Button' &amp;&amp; Name='Yes'"
\0&lt;/a&gt;
W, 2740, 19, 2012/11/01, 16:28:59.367, 364170270679, QTAgent32.exe, &lt;a class=success&gt;Playback - {15} [SUCCESS] SendKeys "^{HOME}" - "[MSAA, VisibleOnly]ControlType='Edit'"
\0&lt;/a&gt;
E, 2740, 19, 2012/11/01, 16:28:59.367, 364170273231, QTAgent32.exe, Msaa.GetFocusedElement: could not find accessible object of foreground window
W, 2740, 19, 2012/11/01, 16:28:59.461, 364171611143, QTAgent32.exe, &lt;a class=success&gt;Playback - {16} [SUCCESS] SendKeys "^+{END}" - "[MSAA, VisibleOnly]ControlType='Edit'"
\0&lt;/a&gt;
E, 2740, 19, 2012/11/01, 16:28:59.461, 364171613113, QTAgent32.exe, Msaa.GetFocusedElement: could not find accessible object of foreground window
W, 2740, 19, 2012/11/01, 16:28:59.477, 364171834467, QTAgent32.exe, &lt;a class=success&gt;Playback - {17} [SUCCESS] SendKeys "{DELETE}" - "[MSAA, VisibleOnly]ControlType='Edit'"
\0&lt;/a&gt;
W, 2740, 19, 2012/11/01, 16:28:59.555, 364172954511, QTAgent32.exe, &lt;a class=success&gt;Playback - {18} [SUCCESS] SetValueAsEditBox "1" - "[MSAA, VisibleOnly]ControlType='Edit'"  &lt; Set via SendKeys &gt;
\0&lt;/a&gt;
W, 2740, 19, 2012/11/01, 16:28:59.804, 364176526064, QTAgent32.exe, &lt;a class=success&gt;Playback - {19} [SUCCESS] SendKeys "^{HOME}" - "[MSAA, VisibleOnly]ControlType='Edit'"
\0&lt;/a&gt;
E, 2740, 19, 2012/11/01, 16:28:59.804, 364176528565, QTAgent32.exe, Msaa.GetFocusedElement: could not find accessible object of foreground window
W, 2740, 19, 2012/11/01, 16:28:59.882, 364177641865, QTAgent32.exe, &lt;a class=success&gt;Playback - {20} [SUCCESS] SendKeys "^+{END}" - "[MSAA, VisibleOnly]ControlType='Edit'"
\0&lt;/a&gt;
E, 2740, 19, 2012/11/01, 16:28:59.882, 364177644128, QTAgent32.exe, Msaa.GetFocusedElement: could not find accessible object of foreground window
W, 2740, 19, 2012/11/01, 16:28:59.898, 364177865239, QTAgent32.exe, &lt;a class=success&gt;Playback - {21} [SUCCESS] SendKeys "{DELETE}" - "[MSAA, VisibleOnly]ControlType='Edit'"
\0&lt;/a&gt;
W, 2740, 19, 2012/11/01, 16:28:59.976, 364178985539, QTAgent32.exe, &lt;a class=success&gt;Playback - {22} [SUCCESS] SetValueAsEditBox "1" - "[MSAA, VisibleOnly]ControlType='Edit'"  &lt; Set via SendKeys &gt;
\0&lt;/a&gt;
W, 2740, 19, 2012/11/01, 16:29:00.475, 364186180490, QTAgent32.exe, &lt;a class=success&gt;Playback - {23} [SUCCESS] MouseButtonClick - "[MSAA, VisibleOnly]ControlType='Button' &amp;&amp; Name='OK'"
\0&lt;/a&gt;
W, 2740, 19, 2012/11/01, 16:29:00.990, 364193685545, QTAgent32.exe, &lt;a class=success&gt;Playback - {24} [SUCCESS] MouseButtonClick - "[MSAA, VisibleOnly]ControlType='Button'"
\0&lt;/a&gt;
W, 2740, 19, 2012/11/01, 16:29:01.505, 364200904149, QTAgent32.exe, &lt;a class=success&gt;Playback - {25} [SUCCESS] MouseButtonClick - "[MSAA, VisibleOnly]ControlType='Button' &amp;&amp; Name='Add'"
\0&lt;/a&gt;
W, 2740, 19, 2012/11/01, 16:29:02.020, 364208366723, QTAgent32.exe, &lt;a class=success&gt;Playback - {26} [SUCCESS] MouseButtonClick - "[MSAA, VisibleOnly]ControlType='Button' &amp;&amp; Name='OK'"
\0&lt;/a&gt;
W, 2740, 19, 2012/11/01, 16:29:04.484, 364243534558, QTAgent32.exe, &lt;a class=success&gt;Playback - {27} [SUCCESS] MouseButtonClick - "[MSAA, VisibleOnly,Window]ControlType='Window' &amp;&amp; ClassName='ThunderRT6TextBox'"
\0&lt;/a&gt;
W, 2740, 19, 2012/11/01, 16:29:04.843, 364248679288, QTAgent32.exe, &lt;a class=success&gt;Playback - {28} [SUCCESS] SetValueAsEditBox "MOTO" - "[MSAA, VisibleOnly]ControlType='Edit'"  &lt; Set via SendKeys &gt;
\0&lt;/a&gt;
W, 2740, 19, 2012/11/01, 16:29:05.358, 364256223472, QTAgent32.exe, &lt;a class=success&gt;Playback - {29} [SUCCESS] MouseButtonClick - "[MSAA, VisibleOnly]ControlType='Button' &amp;&amp; Name='OK'"
\0&lt;/a&gt;
W, 2740, 19, 2012/11/01, 16:29:05.795, 364262362939, QTAgent32.exe, &lt;a class=success&gt;Playback - {30} [SUCCESS] MouseButtonClick - "[MSAA, VisibleOnly]ControlType='Button' &amp;&amp; Name='Options'"
\0&lt;/a&gt;
W, 2740, 19, 2012/11/01, 16:29:05.904, 364263865437, QTAgent32.exe, FindScreenElementInSinglePass : Attempting to find control in one pass of search. Failures can occur.
W, 2740, 19, 2012/11/01, 16:29:06.091, 364266540529, QTAgent32.exe, &lt;a class=success&gt;Playback - {31} [SUCCESS] MouseButtonClick - "[MSAA]ControlType='MenuItem' &amp;&amp; Name='Links'"
\0&lt;/a&gt;
W, 2740, 19, 2012/11/01, 16:29:06.201, 364268109151, QTAgent32.exe, FindScreenElementInSinglePass : Attempting to find control in one pass of search. Failures can occur.
W, 2740, 19, 2012/11/01, 16:29:06.403, 364271009002, QTAgent32.exe, &lt;a class=success&gt;Playback - {32} [SUCCESS] MouseButtonClick - "[MSAA]ControlType='MenuItem' &amp;&amp; Name='3rd Party Integration'"
\0&lt;/a&gt;
W, 2740, 19, 2012/11/01, 16:29:06.513, 364272576519, QTAgent32.exe, FindScreenElementInSinglePass : Attempting to find control in one pass of search. Failures can occur.
W, 2740, 19, 2012/11/01, 16:29:06.700, 364275281318, QTAgent32.exe, &lt;a class=success&gt;Playback - {33} [SUCCESS] MouseButtonClick - "[MSAA]ControlType='MenuItem' &amp;&amp; Name='Quote Select List'"
\0&lt;/a&gt;
W, 2740, 19, 2012/11/01, 16:29:08.588, 364302295778, QTAgent32.exe, PERF WARNING: FindTopLevelWindowHelper::FindAllDescendents: took 1757 ms. Expected it to take maximum 500 ms.
W, 2740, 19, 2012/11/01, 16:29:10.335, 364327374918, QTAgent32.exe, &lt;a class=success&gt;Playback - {34} [SUCCESS] MouseButtonClick - "[MSAA, VisibleOnly]ControlType='Button' &amp;&amp; Name='Ok'"
\0&lt;/a&gt;
W, 2740, 19, 2012/11/01, 16:29:11.754, 364347659933, QTAgent32.exe, PERF WARNING: FindTopLevelWindowHelper::FindAllDescendents: took 1307 ms. Expected it to take maximum 500 ms.
W, 2740, 19, 2012/11/01, 16:29:12.160, 364353568222, QTAgent32.exe, &lt;a class=success&gt;Playback - {35} [SUCCESS] MouseButtonClick - "[MSAA, VisibleOnly]ControlType='Button' &amp;&amp; Name='Ok'"
\0&lt;/a&gt;
W, 2740, 19, 2012/11/01, 16:29:12.535, 364358793514, QTAgent32.exe, &lt;a class=success&gt;Playback - {36} [SUCCESS] SetValueAsEditBox "Test" - "[MSAA, VisibleOnly]ControlType='Edit'"  &lt; Set via SendKeys &gt;
\0&lt;/a&gt;
W, 2740, 19, 2012/11/01, 16:29:12.737, 364361694554, QTAgent32.exe, &lt;a class=success&gt;Playback - {37} [SUCCESS] SendKeys "{Tab}" - "[MSAA, VisibleOnly]ControlType='Edit'"
\0&lt;/a&gt;
W, 2740, 19, 2012/11/01, 16:29:13.112, 364367059730, QTAgent32.exe, &lt;a class=success&gt;Playback - {38} [SUCCESS] SetValueAsEditBox "test" - "[MSAA, VisibleOnly]ControlType='Edit'"  &lt; Set via SendKeys &gt;
\0&lt;/a&gt;
W, 2740, 19, 2012/11/01, 16:29:13.549, 364373314613, QTAgent32.exe, &lt;a class=success&gt;Playback - {39} [SUCCESS] SetValueAsEditBox "160485" - "[MSAA, VisibleOnly]ControlType='Edit'"  &lt; Set via SendKeys &gt;
\0&lt;/a&gt;
W, 2740, 19, 2012/11/01, 16:29:14.001, 364379790382, QTAgent32.exe, &lt;a class=success&gt;Playback - {40} [SUCCESS] SetValueAsEditBox "B338TH" - "[MSAA, VisibleOnly]ControlType='Edit'"  &lt; Set via SendKeys &gt;
\0&lt;/a&gt;
W, 2740, 19, 2012/11/01, 16:29:16.466, 364415076988, QTAgent32.exe, &lt;a class=success&gt;Playback - {41} [SUCCESS] MouseButtonClick - "[MSAA, VisibleOnly]ControlType='Button' &amp;&amp; Name='Lookup...'"
\0&lt;/a&gt;
W, 2740, 19, 2012/11/01, 16:29:16.903, 364421476804, QTAgent32.exe, &lt;a class=success&gt;Playback - {42} [SUCCESS] MouseButtonClick - "[MSAA, VisibleOnly]ControlType='Button' &amp;&amp; Name='Ok'"
\0&lt;/a&gt;
W, 2740, 19, 2012/11/01, 16:29:18.556, 364445031513, QTAgent32.exe, &lt;a class=success&gt;Playback - {43} [SUCCESS] MouseButtonClick - "[MSAA, VisibleOnly]ControlType='Button' &amp;&amp; Name='OK'"
\0&lt;/a&gt;
W, 2740, 19, 2012/11/01, 16:29:19.617, 364460373868, QTAgent32.exe, Playback - [WARNING] Internal warning: Incorrect flag set for InvokeProgrammaticAction\0
W, 2740, 19, 2012/11/01, 16:29:19.945, 364464903711, QTAgent32.exe, &lt;a class=success&gt;Playback - {44} [SUCCESS] SetValueAsComboBox "Account Executive" - "[MSAA, VisibleOnly]ControlType='ComboBox'"  &lt; SetValueAsComboBox, set by clicking on the item in the list box &gt;
\0&lt;/a&gt;
W, 2740, 19, 2012/11/01, 16:29:20.600, 364474374670, QTAgent32.exe, Playback - [WARNING] Internal warning: Incorrect flag set for InvokeProgrammaticAction\0
W, 2740, 19, 2012/11/01, 16:29:20.928, 364478976132, QTAgent32.exe, &lt;a class=success&gt;Playback - {45} [SUCCESS] SetValueAsComboBox "Acupuncture" - "[MSAA, VisibleOnly]ControlType='ComboBox'"  &lt; SetValueAsComboBox, set by clicking on the item in the list box &gt;
\0&lt;/a&gt;
W, 2740, 19, 2012/11/01, 16:29:21.427, 364486112761, QTAgent32.exe, &lt;a class=success&gt;Playback - {46} [SUCCESS] SetValueAsEditBox "151101" - "[MSAA, VisibleOnly]ControlType='Edit'"  &lt; Set via SendKeys &gt;
\0&lt;/a&gt;
W, 2740, 19, 2012/11/01, 16:29:23.081, 364509955120, QTAgent32.exe, &lt;a class=success&gt;Playback - {47} [SUCCESS] MouseButtonClick - "[MSAA, VisibleOnly]ControlType='Button' &amp;&amp; Name='OK'"
\0&lt;/a&gt;
W, 2740, 19, 2012/11/01, 16:29:23.611, 364517382616, QTAgent32.exe, &lt;a class=success&gt;Playback - {48} [SUCCESS] SetValueAsEditBox "RF53OXL" - "[MSAA, VisibleOnly]ControlType='Edit'"  &lt; Set via SendKeys &gt;
\0&lt;/a&gt;
W, 2740, 19, 2012/11/01, 16:29:24.844, 364535097133, QTAgent32.exe, &lt;a class=success&gt;Playback - {49} [SUCCESS] MouseButtonClick - "[MSAA, VisibleOnly]ControlType='Button' &amp;&amp; Name='Filter'"
\0&lt;/a&gt;
W, 2740, 19, 2012/11/01, 16:29:25.327, 364542015326, QTAgent32.exe, &lt;a class=success&gt;Playback - {50} [SUCCESS] MouseButtonClick - "[MSAA, VisibleOnly]ControlType='Button' &amp;&amp; Name='OK'"
\0&lt;/a&gt;
W, 2740, 19, 2012/11/01, 16:29:25.826, 364549095808, QTAgent32.exe, &lt;a class=success&gt;Playback - {51} [SUCCESS] SendKeys "^{HOME}" - "[MSAA, VisibleOnly]ControlType='Edit'"
\0&lt;/a&gt;
E, 2740, 19, 2012/11/01, 16:29:25.826, 364549098454, QTAgent32.exe, Msaa.GetFocusedElement: could not find accessible object of foreground window
W, 2740, 19, 2012/11/01, 16:29:25.904, 364550212673, QTAgent32.exe, &lt;a class=success&gt;Playback - {52} [SUCCESS] SendKeys "^+{END}" - "[MSAA, VisibleOnly]ControlType='Edit'"
\0&lt;/a&gt;
E, 2740, 19, 2012/11/01, 16:29:25.904, 364550214919, QTAgent32.exe, Msaa.GetFocusedElement: could not find accessible object of foreground window
W, 2740, 19, 2012/11/01, 16:29:25.920, 364550438358, QTAgent32.exe, &lt;a class=success&gt;Playback - {53} [SUCCESS] SendKeys "{DELETE}" - "[MSAA, VisibleOnly]ControlType='Edit'"
\0&lt;/a&gt;
W, 2740, 19, 2012/11/01, 16:29:26.123, 364553345482, QTAgent32.exe, &lt;a class=success&gt;Playback - {54} [SUCCESS] SetValueAsEditBox "1000" - "[MSAA, VisibleOnly]ControlType='Edit'"  &lt; Set via SendKeys &gt;
\0&lt;/a&gt;
W, 2740, 19, 2012/11/01, 16:29:26.591, 364560185713, QTAgent32.exe, &lt;a class=success&gt;Playback - {55} [SUCCESS] MouseButtonClick - "[MSAA, VisibleOnly]ControlType='Button' &amp;&amp; Name='Calculate Quote'"
\0&lt;/a&gt;
W, 2740, 19, 2012/11/01, 16:29:27.043, 364566544449, QTAgent32.exe, &lt;a class=success&gt;Playback - {56} [SUCCESS] MouseButtonClick - "[MSAA, VisibleOnly]ControlType='Button' &amp;&amp; Name='Cancel'"
\0&lt;/a&gt;
W, 2740, 19, 2012/11/01, 16:29:27.527, 364573527338, QTAgent32.exe, &lt;a class=success&gt;Playback - {57} [SUCCESS] MouseButtonClick - "[MSAA, VisibleOnly]ControlType='Button' &amp;&amp; Name='No'"
\0&lt;/a&gt;
W, 2740, 19, 2012/11/01, 16:29:39.134, 364739643665, QTAgent32.exe, PERF WARNING: FindTopLevelWindowHelper::FindAllDescendents: took 11496 ms. Expected it to take maximum 500 ms.
W, 2740, 19, 2012/11/01, 16:29:39.461, 364744400877, QTAgent32.exe, &lt;a class=success&gt;Playback - {58} [SUCCESS] MouseButtonClick - "[MSAA, VisibleOnly]ControlType='Button' &amp;&amp; Name='Exit'"
\0&lt;/a&gt;
W, 2740, 19, 2012/11/01, 16:29:40.023, 364752457407, QTAgent32.exe, &lt;a class=success&gt;Playback - {59} [SUCCESS] MouseButtonClick - "[MSAA, VisibleOnly]ControlType='Button' &amp;&amp; Name='Yes'"
\0&lt;/a&gt;
W, 2740, 19, 2012/11/01, 16:29:41.256, 364770046575, QTAgent32.exe, PERF WARNING: FindTopLevelWindowHelper::FindAllDescendents: took 954 ms. Expected it to take maximum 500 ms.
W, 2740, 19, 2012/11/01, 16:29:41.599, 364774924180, QTAgent32.exe, &lt;a class=success&gt;Playback - {60} [SUCCESS] Uncheck - "[MSAA, VisibleOnly]ControlType='CheckBox' &amp;&amp; Name='Add Activity'"
\0&lt;/a&gt;
W, 2740, 19, 2012/11/01, 16:29:42.160, 364783027348, QTAgent32.exe, &lt;a class=success&gt;Playback - {61} [SUCCESS] MouseButtonClick - "[MSAA, VisibleOnly]ControlType='Button' &amp;&amp; Name='Ok'"
\0&lt;/a&gt;
W, 2740, 19, 2012/11/01, 16:29:45.967, 364837480180, QTAgent32.exe, PERF WARNING: FindTopLevelWindowHelper::FindAllDescendents: took 3589 ms. Expected it to take maximum 500 ms.
W, 2740, 19, 2012/11/01, 16:29:46.466, 364844608578, QTAgent32.exe, &lt;a class=success&gt;Playback - {62} [SUCCESS] DoSelect - "[MSAA, VisibleOnly]ControlType='List'"
\0&lt;/a&gt;
W, 2740, 19, 2012/11/01, 16:29:48.760, 364877479252, QTAgent32.exe, &lt;a class=success&gt;Playback - {63} [SUCCESS] MouseButtonClick - "[MSAA, VisibleOnly]ControlType='Button' &amp;&amp; Name='Ok'"
\0&lt;/a&gt;
W, 2740, 19, 2012/11/01, 16:29:51.178, 364912062309, QTAgent32.exe, &lt;a class=success&gt;Playback - {64} [SUCCESS] MouseButtonClick - "[MSAA, VisibleOnly]ControlType='Button' &amp;&amp; Name='OK'"
\0&lt;/a&gt;
W, 2740, 19, 2012/11/01, 16:29:51.630, 364918582433, QTAgent32.exe, &lt;a class=success&gt;Playback - {65} [SUCCESS] MouseButtonClick - "[MSAA, VisibleOnly]ControlType='Button' &amp;&amp; Name='Cancel'"
\0&lt;/a&gt;
W, 2740, 19, 2012/11/01, 16:29:52.161, 364926146707, QTAgent32.exe, &lt;a class=success&gt;Playback - {66} [SUCCESS] MouseButtonClick - "[MSAA, VisibleOnly]ControlType='Button'"
\0&lt;/a&gt;
W, 2740, 19, 2012/11/01, 16:29:52.707, 364934088231, QTAgent32.exe, &lt;a class=success&gt;Playback - {67} [SUCCESS] MouseButtonClick - "[MSAA, VisibleOnly]ControlType='Button' &amp;&amp; Name='Detail'"
\0&lt;/a&gt;
W, 2740, 19, 2012/11/01, 16:29:53.065, 364939299761, QTAgent32.exe, Playback - [WARNING] Internal warning: Window Not Found: [VisibleOnly]ControlType='Window' &amp;&amp; Name='Policy: rty ert' &amp;&amp; ClassName='ThunderRT6MDIForm'
\0
E, 2740, 19, 2012/11/01, 16:29:53.065, 364939302530, QTAgent32.exe, &lt;a class=failure&gt;Playback - {68} [FAILED] Function ElementFetcher::FindScreenElement failed to locate UI element (Searching: ;[VisibleOnly]ControlType='Window' &amp;&amp; Name='Policy: rty ert' &amp;&amp; ClassName='ThunderRT6MDIForm') (The object specified was not found.)
\0&lt;/a&gt;
E, 2740, 19, 2012/11/01, 16:29:53.159, 364940521805, QTAgent32.exe, Playback - [IMAGE] C:\Users\peter.zenin-ad\AppData\Local\Temp\UITestLogs\LastRun\RPFE85E.png
\0
W, 2740, 19, 2012/11/01, 16:29:53.159, 364940523766, QTAgent32.exe, Playback - [WARNING] Internal warning: Couldn't find descendants that match QueryId
\0
W, 2740, 19, 2012/11/01, 16:30:11.240, 365199341973, QTAgent32.exe, Playback - [WARNING] Internal warning: Window Not Found: [VisibleOnly]ControlType='Window' &amp;&amp; Name='Policy: rty ert' &amp;&amp; ClassName='ThunderRT6MDIForm'
\0
E, 2740, 19, 2012/11/01, 16:30:11.240, 365199344636, QTAgent32.exe, &lt;a class=failure&gt;Playback - {69} [FAILED] Function ElementFetcher::FindScreenElement failed to locate UI element (Searching: ;[VisibleOnly]ControlType='Window' &amp;&amp; Name='Policy: rty ert' &amp;&amp; ClassName='ThunderRT6MDIForm') (The object specified was not found.)
\0&lt;/a&gt;
E, 2740, 19, 2012/11/01, 16:30:11.318, 365200567566, QTAgent32.exe, Playback - [IMAGE] C:\Users\peter.zenin-ad\AppData\Local\Temp\UITestLogs\LastRun\RPF2F5D.png
\0
W, 2740, 19, 2012/11/01, 16:30:11.318, 365200569753, QTAgent32.exe, Playback - [WARNING] Internal warning: Couldn't find descendants that match QueryId
\0
W, 2740, 19, 2012/11/01, 16:30:11.318, 365200572713, QTAgent32.exe, PERF WARNING: FindTopLevelWindowHelper::FindAllDescendents: took 18161 ms. Expected it to take maximum 500 ms.
W, 2740, 19, 2012/11/01, 16:30:12.083, 365211589722, QTAgent32.exe, Playback - [WARNING] Internal warning: Window with Class "ThunderRT6MDIForm" and Title "Policy: rty ert" was not found, so similar window with Class "ThunderRT6MDIForm" and Title "Policy: autotest" was accepted
\0
W, 2740, 19, 2012/11/01, 16:30:12.098, 365211593758, QTAgent32.exe, PERF WARNING: FindTopLevelWindowHelper::FindAllDescendents: took 769 ms. Expected it to take maximum 500 ms.
W, 2740, 19, 2012/11/01, 16:30:12.426, 365216289396, QTAgent32.exe, &lt;a class=success&gt;Playback - {70} [SUCCESS] MouseButtonClick - "[MSAA, VisibleOnly]ControlType='Edit'"
\0&lt;/a&gt;
W, 2740, 19, 2012/11/01, 16:30:12.910, 365223291381, QTAgent32.exe, &lt;a class=success&gt;Playback - {71} [SUCCESS] MouseButtonClick - "[MSAA, VisibleOnly]ControlType='Button' &amp;&amp; Name='Cancel'"
\0&lt;/a&gt;
W, 2740, 19, 2012/11/01, 16:30:13.362, 365229718478, QTAgent32.exe, &lt;a class=success&gt;Playback - {72} [SUCCESS] MouseButtonClick - "[MSAA, VisibleOnly]ControlType='Button' &amp;&amp; Name='Options'"
\0&lt;/a&gt;
W, 2740, 19, 2012/11/01, 16:30:13.471, 365231255027, QTAgent32.exe, FindScreenElementInSinglePass : Attempting to find control in one pass of search. Failures can occur.
W, 2740, 19, 2012/11/01, 16:30:13.471, 365231359989, QTAgent32.exe, Playback - [WARNING] Internal failure: Method GetBoundingRectangle failed (HRESULT = 0x1, "Incorrect function.") for Name = "Quote Select List" ," ControlType = "MenuItem"
\0
W, 2740, 19, 2012/11/01, 16:30:13.471, 365231361230, QTAgent32.exe, Playback - [WARNING] Internal failure: Couldn't get clickable point for ScreenUIElement - GetClickablePoint failed
\0
W, 2740, 19, 2012/11/01, 16:30:13.471, 365231363860, QTAgent32.exe, FindScreenElementInSinglePass : Attempting to find control in one pass of search. Failures can occur.
W, 2740, 19, 2012/11/01, 16:30:13.471, 365231392484, QTAgent32.exe, FindScreenElementInSinglePass : Attempting to find control in one pass of search. Failures can occur.
W, 2740, 19, 2012/11/01, 16:30:13.814, 365236164704, QTAgent32.exe, &lt;a class=success&gt;Playback - {73} [SUCCESS] LeftButtonClick - "[MSAA, VisibleOnly]ControlType='MenuBar' &amp;&amp; Name='Application'"  &lt; Mouse cursor location (960, 31) &gt;
\0&lt;/a&gt;
W, 2740, 19, 2012/11/01, 16:30:13.924, 365237727549, QTAgent32.exe, &lt;a class=success&gt;Playback - {74} [SUCCESS] LeftButtonClick - "[MSAA]ControlType='MenuItem' &amp;&amp; Name='Options'"  &lt; Mouse cursor location (94, 31) &gt;
\0&lt;/a&gt;
W, 2740, 19, 2012/11/01, 16:30:14.080, 365239961368, QTAgent32.exe, &lt;a class=success&gt;Playback - {75} [SUCCESS] LeftButtonClick - "[MSAA]ControlType='MenuItem' &amp;&amp; Name='Links'"  &lt; Mouse cursor location (174, 319) &gt;
\0&lt;/a&gt;
W, 2740, 19, 2012/11/01, 16:30:14.267, 365242642439, QTAgent32.exe, &lt;a class=success&gt;Playback - {76} [SUCCESS] LeftButtonClick - "[MSAA]ControlType='MenuItem' &amp;&amp; Name='3rd Party Integration'"  &lt; Mouse cursor location (375, 319) &gt;
\0&lt;/a&gt;
W, 2740, 19, 2012/11/01, 16:30:14.454, 365245350921, QTAgent32.exe, &lt;a class=success&gt;Playback - {77} [SUCCESS] MouseButtonClick - "[MSAA]ControlType='MenuItem' &amp;&amp; Name='Quote Select List'"
\0&lt;/a&gt;
W, 2740, 19, 2012/11/01, 16:30:16.264, 365271230358, QTAgent32.exe, PERF WARNING: FindTopLevelWindowHelper::FindAllDescendents: took 1675 ms. Expected it to take maximum 500 ms.
W, 2740, 19, 2012/11/01, 16:30:17.933, 365295272219, QTAgent32.exe, &lt;a class=success&gt;Playback - {78} [SUCCESS] MouseButtonClick - "[MSAA, VisibleOnly]ControlType='Button' &amp;&amp; Name='Ok'"
\0&lt;/a&gt;
W, 2740, 19, 2012/11/01, 16:30:19.665, 365319969454, QTAgent32.exe, PERF WARNING: FindTopLevelWindowHelper::FindAllDescendents: took 1619 ms. Expected it to take maximum 500 ms.
W, 2740, 19, 2012/11/01, 16:30:19.665, 365320057601, QTAgent32.exe, Playback - [WARNING] Internal warning: Thread state based WFR - Requested element has invalid HWND
\0
W, 2740, 19, 2012/11/01, 16:30:19.665, 365320059444, QTAgent32.exe, Playback - [WARNING] Internal warning: process performance counters based WFR - Requested element has invalid HWND
\0
E, 2740, 19, 2012/11/01, 16:30:19.665, 365320061869, QTAgent32.exe, EnsureValid called via EnsureValid call for same element
E, 2740, 19, 2012/11/01, 16:30:19.696, 365320534700, QTAgent32.exe, EnsureValid called via EnsureValid call for same element
E, 2740, 19, 2012/11/01, 16:30:19.696, 365320538670, QTAgent32.exe, EnsureValid called via EnsureValid call for same element
E, 2740, 19, 2012/11/01, 16:30:19.696, 365320540011, QTAgent32.exe, EnsureValid called via EnsureValid call for same element
E, 2740, 19, 2012/11/01, 16:30:19.696, 365320543685, QTAgent32.exe, GetClassName for handle 2557590 failed
E, 2740, 19, 2012/11/01, 16:30:19.696, 365320548580, QTAgent32.exe, GetClassName for handle 2557590 failed
E, 2740, 19, 2012/11/01, 16:30:19.696, 365320555626, QTAgent32.exe, Exception: System.Runtime.InteropServices.COMException
	Message: Error HRESULT E_FAIL has been returned from a call to a COM component.
	Stack Trace:    at Accessibility.IAccessible.get_accState(Object varChild)
   at Microsoft.VisualStudio.TestTools.UITest.Extension.Msaa.AccWrapper.get_State()
	BaseExceptionMessage: Error HRESULT E_FAIL has been returned from a call to a COM component.

E, 2740, 19, 2012/11/01, 16:30:19.696, 365320559904, QTAgent32.exe, Exception: System.Runtime.InteropServices.COMException
	Message: Error HRESULT E_FAIL has been returned from a call to a COM component.
	Stack Trace:    at Accessibility.IAccessible.get_accState(Object varChild)
   at Microsoft.VisualStudio.TestTools.UITest.Extension.Msaa.AccWrapper.get_State()
	BaseExceptionMessage: Error HRESULT E_FAIL has been returned from a call to a COM component.

E, 2740, 19, 2012/11/01, 16:30:19.696, 365320564122, QTAgent32.exe, Exception: System.Runtime.InteropServices.COMException
	Message: Error HRESULT E_FAIL has been returned from a call to a COM component.
	Stack Trace:    at Accessibility.IAccessible.get_accState(Object varChild)
   at Microsoft.VisualStudio.TestTools.UITest.Extension.Msaa.AccWrapper.get_State()
	BaseExceptionMessage: Error HRESULT E_FAIL has been returned from a call to a COM component.

E, 2740, 19, 2012/11/01, 16:30:19.696, 365320568329, QTAgent32.exe, Exception: System.Runtime.InteropServices.COMException
	Message: Error HRESULT E_FAIL has been returned from a call to a COM component.
	Stack Trace:    at Accessibility.IAccessible.get_accState(Object varChild)
   at Microsoft.VisualStudio.TestTools.UITest.Extension.Msaa.AccWrapper.get_State()
	BaseExceptionMessage: Error HRESULT E_FAIL has been returned from a call to a COM component.

E, 2740, 19, 2012/11/01, 16:30:19.696, 365320572592, QTAgent32.exe, Exception: System.Runtime.InteropServices.COMException
	Message: Error HRESULT E_FAIL has been returned from a call to a COM component.
	Stack Trace:    at Accessibility.IAccessible.get_accState(Object varChild)
   at Microsoft.VisualStudio.TestTools.UITest.Extension.Msaa.AccWrapper.get_State()
	BaseExceptionMessage: Error HRESULT E_FAIL has been returned from a call to a COM component.

E, 2740, 19, 2012/11/01, 16:30:19.696, 365320576864, QTAgent32.exe, Exception: System.Runtime.InteropServices.COMException
	Message: Error HRESULT E_FAIL has been returned from a call to a COM component.
	Stack Trace:    at Accessibility.IAccessible.get_accState(Object varChild)
   at Microsoft.VisualStudio.TestTools.UITest.Extension.Msaa.AccWrapper.get_State()
	BaseExceptionMessage: Error HRESULT E_FAIL has been returned from a call to a COM component.

E, 2740, 19, 2012/11/01, 16:30:19.696, 365320581735, QTAgent32.exe, Exception: System.Runtime.InteropServices.COMException
	Message: Error HRESULT E_FAIL has been returned from a call to a COM component.
	Stack Trace:    at Accessibility.IAccessible.get_accState(Object varChild)
   at Microsoft.VisualStudio.TestTools.UITest.Extension.Msaa.AccWrapper.get_State()
	BaseExceptionMessage: Error HRESULT E_FAIL has been returned from a call to a COM component.

W, 2740, 19, 2012/11/01, 16:30:19.899, 365323430243, QTAgent32.exe, PERF WARNING: MSAA.UpdateQueryIDForNamelessControls: took 201 ms. Expected it to take maximum 200 ms.
W, 2740, 19, 2012/11/01, 16:30:19.899, 365323434027, QTAgent32.exe, Msaa.Navigate: Exception [Error HRESULT E_FAIL has been returned from a call to a COM component.] while calling accNavigate.
E, 2740, 19, 2012/11/01, 16:30:19.899, 365323435029, QTAgent32.exe, GetClassName for handle 1902414 failed
E, 2740, 19, 2012/11/01, 16:30:19.899, 365323435872, QTAgent32.exe, Window 1902414 not responding. Last Win32 error 1400
E, 2740, 19, 2012/11/01, 16:30:19.899, 365323438265, QTAgent32.exe, GetClassName for handle 2557590 failed
W, 2740, 19, 2012/11/01, 16:30:20.336, 365329641870, QTAgent32.exe, &lt;a class=success&gt;Playback - {79} [SUCCESS] MouseButtonClick - "[MSAA, VisibleOnly]ControlType='Button' &amp;&amp; Name='Calculate Quote'"
\0&lt;/a&gt;
W, 2740, 19, 2012/11/01, 16:30:20.788, 365336097468, QTAgent32.exe, &lt;a class=success&gt;Playback - {80} [SUCCESS] MouseButtonClick - "[MSAA, VisibleOnly]ControlType='Button' &amp;&amp; Name='Cancel'"
\0&lt;/a&gt;
W, 2740, 19, 2012/11/01, 16:30:21.381, 365344534934, QTAgent32.exe, &lt;a class=success&gt;Playback - {81} [SUCCESS] MouseButtonClick - "[MSAA, VisibleOnly]ControlType='Button' &amp;&amp; Name='No'"
\0&lt;/a&gt;
W, 2740, 19, 2012/11/01, 16:30:33.986, 365524994941, QTAgent32.exe, PERF WARNING: FindTopLevelWindowHelper::FindAllDescendents: took 12496 ms. Expected it to take maximum 500 ms.
W, 2740, 19, 2012/11/01, 16:30:34.314, 365529664701, QTAgent32.exe, &lt;a class=success&gt;Playback - {82} [SUCCESS] MouseButtonClick - "[MSAA, VisibleOnly]ControlType='Client'"
\0&lt;/a&gt;
W, 2740, 19, 2012/11/01, 16:30:35.921, 365552679655, QTAgent32.exe, &lt;a class=success&gt;Playback - {83} [SUCCESS] SendKeys "{Home}" - "[MSAA, VisibleOnly]ControlType='Client'"
\0&lt;/a&gt;
W, 2740, 19, 2012/11/01, 16:30:36.046, 365554473017, QTAgent32.exe, Playback - [WARNING] Internal warning: Thread state based WFR - Requested element has invalid HWND
\0
W, 2740, 19, 2012/11/01, 16:30:36.046, 365554491745, QTAgent32.exe, Playback - [WARNING] Internal warning: process performance counters based WFR - Requested element has invalid HWND
\0
E, 2740, 19, 2012/11/01, 16:30:36.046, 365554494965, QTAgent32.exe, EnsureValid called via EnsureValid call for same element
E, 2740, 19, 2012/11/01, 16:30:36.046, 365554554682, QTAgent32.exe, EnsureValid called via EnsureValid call for same element
E, 2740, 19, 2012/11/01, 16:30:36.046, 365554573142, QTAgent32.exe, EnsureValid called via EnsureValid call for same element
E, 2740, 19, 2012/11/01, 16:30:36.061, 365554697062, QTAgent32.exe, GetClassName for handle 4850090 failed
E, 2740, 19, 2012/11/01, 16:30:36.061, 365554704467, QTAgent32.exe, Exception: System.Runtime.InteropServices.COMException
	Message: Error HRESULT E_FAIL has been returned from a call to a COM component.
	Stack Trace:    at Accessibility.IAccessible.get_accState(Object varChild)
   at Microsoft.VisualStudio.TestTools.UITest.Extension.Msaa.AccWrapper.get_State()
	BaseExceptionMessage: Error HRESULT E_FAIL has been returned from a call to a COM component.

E, 2740, 19, 2012/11/01, 16:30:36.061, 365554708859, QTAgent32.exe, Exception: System.Runtime.InteropServices.COMException
	Message: Error HRESULT E_FAIL has been returned from a call to a COM component.
	Stack Trace:    at Accessibility.IAccessible.get_accState(Object varChild)
   at Microsoft.VisualStudio.TestTools.UITest.Extension.Msaa.AccWrapper.get_State()
	BaseExceptionMessage: Error HRESULT E_FAIL has been returned from a call to a COM component.

E, 2740, 19, 2012/11/01, 16:30:36.061, 365554713488, QTAgent32.exe, Exception: System.Runtime.InteropServices.COMException
	Message: Error HRESULT E_FAIL has been returned from a call to a COM component.
	Stack Trace:    at Accessibility.IAccessible.get_accState(Object varChild)
   at Microsoft.VisualStudio.TestTools.UITest.Extension.Msaa.AccWrapper.get_State()
	BaseExceptionMessage: Error HRESULT E_FAIL has been returned from a call to a COM component.

E, 2740, 19, 2012/11/01, 16:30:36.061, 365554717839, QTAgent32.exe, Exception: System.Runtime.InteropServices.COMException
	Message: Error HRESULT E_FAIL has been returned from a call to a COM component.
	Stack Trace:    at Accessibility.IAccessible.get_accState(Object varChild)
   at Microsoft.VisualStudio.TestTools.UITest.Extension.Msaa.AccWrapper.get_State()
	BaseExceptionMessage: Error HRESULT E_FAIL has been returned from a call to a COM component.

E, 2740, 19, 2012/11/01, 16:30:36.061, 365554722149, QTAgent32.exe, Exception: System.Runtime.InteropServices.COMException
	Message: Error HRESULT E_FAIL has been returned from a call to a COM component.
	Stack Trace:    at Accessibility.IAccessible.get_accState(Object varChild)
   at Microsoft.VisualStudio.TestTools.UITest.Extension.Msaa.AccWrapper.get_State()
	BaseExceptionMessage: Error HRESULT E_FAIL has been returned from a call to a COM component.

E, 2740, 19, 2012/11/01, 16:30:36.061, 365554726468, QTAgent32.exe, Exception: System.Runtime.InteropServices.COMException
	Message: Error HRESULT E_FAIL has been returned from a call to a COM component.
	Stack Trace:    at Accessibility.IAccessible.get_accState(Object varChild)
   at Microsoft.VisualStudio.TestTools.UITest.Extension.Msaa.AccWrapper.get_State()
	BaseExceptionMessage: Error HRESULT E_FAIL has been returned from a call to a COM component.

E, 2740, 19, 2012/11/01, 16:30:36.061, 365554730776, QTAgent32.exe, Exception: System.Runtime.InteropServices.COMException
	Message: Error HRESULT E_FAIL has been returned from a call to a COM component.
	Stack Trace:    at Accessibility.IAccessible.get_accState(Object varChild)
   at Microsoft.VisualStudio.TestTools.UITest.Extension.Msaa.AccWrapper.get_State()
	BaseExceptionMessage: Error HRESULT E_FAIL has been returned from a call to a COM component.

W, 2740, 19, 2012/11/01, 16:30:36.248, 365557579011, QTAgent32.exe, PERF WARNING: MSAA.UpdateQueryIDForNamelessControls: took 201 ms. Expected it to take maximum 200 ms.
W, 2740, 19, 2012/11/01, 16:30:36.264, 365557584114, QTAgent32.exe, Msaa.Navigate: Exception [Error HRESULT E_FAIL has been returned from a call to a COM component.] while calling accNavigate.
E, 2740, 19, 2012/11/01, 16:30:36.264, 365557585554, QTAgent32.exe, GetClassName for handle 4850090 failed
E, 2740, 19, 2012/11/01, 16:30:36.264, 365557594509, QTAgent32.exe, GetClassName for handle 4850090 failed
E, 2740, 19, 2012/11/01, 16:30:36.264, 365557596717, QTAgent32.exe, Window 4850090 not responding. Last Win32 error 1400
E, 2740, 19, 2012/11/01, 16:30:36.264, 365557597751, QTAgent32.exe, GetClassName for handle 6817288 failed
E, 2740, 19, 2012/11/01, 16:30:36.264, 365557598579, QTAgent32.exe, GetClassName for handle 4850090 failed
E, 2740, 19, 2012/11/01, 16:30:36.264, 365557599328, QTAgent32.exe, GetClassName for handle 4850090 failed
W, 2740, 19, 2012/11/01, 16:30:42.114, 365641440297, QTAgent32.exe, &lt;a class=success&gt;Playback - {84} [SUCCESS] MouseButtonClick - "[MSAA, VisibleOnly]ControlType='Button' &amp;&amp; Name='Exit'"
\0&lt;/a&gt;
W, 2740, 19, 2012/11/01, 16:30:42.676, 365649493482, QTAgent32.exe, &lt;a class=success&gt;Playback - {85} [SUCCESS] MouseButtonClick - "[MSAA, VisibleOnly]ControlType='Button' &amp;&amp; Name='Yes'"
\0&lt;/a&gt;
W, 2740, 19, 2012/11/01, 16:30:42.957, 365653410600, QTAgent32.exe, Playback - [WARNING] Internal warning: Thread state based WFR - Requested element has invalid HWND
\0
W, 2740, 19, 2012/11/01, 16:30:42.957, 365653412596, QTAgent32.exe, Playback - [WARNING] Internal warning: process performance counters based WFR - Requested element has invalid HWND
\0
E, 2740, 19, 2012/11/01, 16:30:42.957, 365653415686, QTAgent32.exe, EnsureValid called via EnsureValid call for same element
E, 2740, 19, 2012/11/01, 16:30:42.957, 365653419282, QTAgent32.exe, GetClassName for handle 6358316 failed
E, 2740, 19, 2012/11/01, 16:30:42.957, 365653421709, QTAgent32.exe, EnsureValid called via EnsureValid call for same element
E, 2740, 19, 2012/11/01, 16:30:42.957, 365653423277, QTAgent32.exe, EnsureValid called via EnsureValid call for same element
E, 2740, 19, 2012/11/01, 16:30:42.957, 365653440660, QTAgent32.exe, Window 6358316 not responding. Last Win32 error 0
E, 2740, 19, 2012/11/01, 16:30:42.957, 365653442886, QTAgent32.exe, GetClassName for handle 6358316 failed
E, 2740, 19, 2012/11/01, 16:30:42.957, 365653443733, QTAgent32.exe, GetClassName for handle 6358316 failed
W, 2740, 19, 2012/11/01, 16:30:43.924, 365667299930, QTAgent32.exe, PERF WARNING: FindTopLevelWindowHelper::FindAllDescendents: took 967 ms. Expected it to take maximum 500 ms.
W, 2740, 19, 2012/11/01, 16:30:44.267, 365672176172, QTAgent32.exe, &lt;a class=success&gt;Playback - {86} [SUCCESS] Uncheck - "[MSAA, VisibleOnly]ControlType='CheckBox' &amp;&amp; Name='Add Activity'"
\0&lt;/a&gt;
W, 2740, 19, 2012/11/01, 16:30:44.829, 365680285787, QTAgent32.exe, &lt;a class=success&gt;Playback - {87} [SUCCESS] MouseButtonClick - "[MSAA, VisibleOnly]ControlType='Button' &amp;&amp; Name='Ok'"
\0&lt;/a&gt;
W, 2740, 19, 2012/11/01, 16:30:52.723, 365793251973, QTAgent32.exe, PERF WARNING: FindTopLevelWindowHelper::FindAllDescendents: took 7660 ms. Expected it to take maximum 500 ms.
W, 2740, 19, 2012/11/01, 16:30:55.079, 365826961004, QTAgent32.exe, &lt;a class=success&gt;Playback - {88} [SUCCESS] MouseButtonClick - "[MSAA, VisibleOnly]ControlType='Button' &amp;&amp; Name='OK'"
\0&lt;/a&gt;
W, 2740, 19, 2012/11/01, 16:30:55.531, 365833493519, QTAgent32.exe, &lt;a class=success&gt;Playback - {89} [SUCCESS] MouseButtonClick - "[MSAA, VisibleOnly]ControlType='Button' &amp;&amp; Name='Cancel'"
\0&lt;/a&gt;
W, 2740, 19, 2012/11/01, 16:30:56.077, 365841299242, QTAgent32.exe, &lt;a class=success&gt;Playback - {90} [SUCCESS] MouseButtonClick - "[MSAA, VisibleOnly]ControlType='Button'"
\0&lt;/a&gt;
W, 2740, 19, 2012/11/01, 16:30:56.654, 365849645368, QTAgent32.exe, &lt;a class=success&gt;Playback - {91} [SUCCESS] MouseButtonClick - "[MSAA, VisibleOnly]ControlType='Button' &amp;&amp; Name='Detail'"
\0&lt;/a&gt;
W, 2740, 19, 2012/11/01, 16:30:57.091, 365855779194, QTAgent32.exe, &lt;a class=success&gt;Playback - {92} [SUCCESS] MouseButtonClick - "[MSAA, VisibleOnly]ControlType='Edit'"
\0&lt;/a&gt;
W, 2740, 19, 2012/11/01, 16:30:57.200, 365857339052, QTAgent32.exe, Playback - [WARNING] Internal warning: Thread state based WFR - Requested element has invalid HWND
\0
W, 2740, 19, 2012/11/01, 16:30:57.200, 365857340822, QTAgent32.exe, Playback - [WARNING] Internal warning: process performance counters based WFR - Requested element has invalid HWND
\0
E, 2740, 19, 2012/11/01, 16:30:57.200, 365857343983, QTAgent32.exe, EnsureValid called via EnsureValid call for same element
E, 2740, 19, 2012/11/01, 16:30:57.200, 365857345970, QTAgent32.exe, EnsureValid called via EnsureValid call for same element
E, 2740, 19, 2012/11/01, 16:30:57.200, 365857347276, QTAgent32.exe, EnsureValid called via EnsureValid call for same element
E, 2740, 19, 2012/11/01, 16:30:57.200, 365857351393, QTAgent32.exe, GetClassName for handle 3213052 failed
E, 2740, 19, 2012/11/01, 16:30:57.200, 365857365118, QTAgent32.exe, Window 3213052 not responding. Last Win32 error 1400
E, 2740, 19, 2012/11/01, 16:30:57.200, 365857368417, QTAgent32.exe, GetClassName for handle 3213052 failed
E, 2740, 19, 2012/11/01, 16:30:57.200, 365857369303, QTAgent32.exe, GetClassName for handle 3213052 failed
W, 2740, 19, 2012/11/01, 16:30:57.590, 365863028791, QTAgent32.exe, &lt;a class=success&gt;Playback - {93} [SUCCESS] MouseButtonClick - "[MSAA, VisibleOnly]ControlType='Button' &amp;&amp; Name='Cancel'"
\0&lt;/a&gt;
E, 2740, 19, 2012/11/01, 16:30:57.699, 365864500892, QTAgent32.exe, GetClassName for handle 6291872 failed
W, 2740, 19, 2012/11/01, 16:30:58.027, 365869246557, QTAgent32.exe, &lt;a class=success&gt;Playback - {94} [SUCCESS] MouseButtonClick - "[MSAA, VisibleOnly]ControlType='Button' &amp;&amp; Name='Options'"
\0&lt;/a&gt;
W, 2740, 19, 2012/11/01, 16:30:58.136, 365870748103, QTAgent32.exe, FindScreenElementInSinglePass : Attempting to find control in one pass of search. Failures can occur.
W, 2740, 19, 2012/11/01, 16:30:58.152, 365870964283, QTAgent32.exe, Playback - [WARNING] Internal failure: Method GetBoundingRectangle failed (HRESULT = 0x1, "Incorrect function.") for Name = "Quote Select List" ," ControlType = "MenuItem"
\0
W, 2740, 19, 2012/11/01, 16:30:58.152, 365870965805, QTAgent32.exe, Playback - [WARNING] Internal failure: Couldn't get clickable point for ScreenUIElement - GetClickablePoint failed
\0
W, 2740, 19, 2012/11/01, 16:30:58.152, 365870968516, QTAgent32.exe, FindScreenElementInSinglePass : Attempting to find control in one pass of search. Failures can occur.
W, 2740, 19, 2012/11/01, 16:30:58.152, 365870998164, QTAgent32.exe, FindScreenElementInSinglePass : Attempting to find control in one pass of search. Failures can occur.
W, 2740, 19, 2012/11/01, 16:30:58.480, 365875655014, QTAgent32.exe, &lt;a class=success&gt;Playback - {95} [SUCCESS] LeftButtonClick - "[MSAA, VisibleOnly]ControlType='MenuBar' &amp;&amp; Name='Application'"  &lt; Mouse cursor location (960, 31) &gt;
\0&lt;/a&gt;
W, 2740, 19, 2012/11/01, 16:30:58.589, 365877219199, QTAgent32.exe, &lt;a class=success&gt;Playback - {96} [SUCCESS] LeftButtonClick - "[MSAA]ControlType='MenuItem' &amp;&amp; Name='Options'"  &lt; Mouse cursor location (94, 31) &gt;
\0&lt;/a&gt;
W, 2740, 19, 2012/11/01, 16:30:58.745, 365879452336, QTAgent32.exe, &lt;a class=success&gt;Playback - {97} [SUCCESS] LeftButtonClick - "[MSAA]ControlType='MenuItem' &amp;&amp; Name='Links'"  &lt; Mouse cursor location (174, 319) &gt;
\0&lt;/a&gt;
W, 2740, 19, 2012/11/01, 16:30:58.916, 365881909568, QTAgent32.exe, &lt;a class=success&gt;Playback - {98} [SUCCESS] LeftButtonClick - "[MSAA]ControlType='MenuItem' &amp;&amp; Name='3rd Party Integration'"  &lt; Mouse cursor location (375, 319) &gt;
\0&lt;/a&gt;
W, 2740, 19, 2012/11/01, 16:30:59.119, 365884842670, QTAgent32.exe, &lt;a class=success&gt;Playback - {99} [SUCCESS] MouseButtonClick - "[MSAA]ControlType='MenuItem' &amp;&amp; Name='Quote Select List'"
\0&lt;/a&gt;
E, 2740, 19, 2012/11/01, 16:30:59.260, 365886856614, QTAgent32.exe, GetClassName for handle 2819742 failed
W, 2740, 19, 2012/11/01, 16:31:00.960, 365911188638, QTAgent32.exe, PERF WARNING: FindTopLevelWindowHelper::FindAllDescendents: took 1699 ms. Expected it to take maximum 500 ms.
W, 2740, 19, 2012/11/01, 16:31:02.614, 365935061992, QTAgent32.exe, &lt;a class=success&gt;Playback - {100} [SUCCESS] MouseButtonClick - "[MSAA, VisibleOnly]ControlType='Button' &amp;&amp; Name='Ok'"
\0&lt;/a&gt;
W, 2740, 19, 2012/11/01, 16:31:02.723, 365936545792, QTAgent32.exe, Playback - [WARNING] Internal warning: Thread state based WFR - Requested element has invalid HWND
\0
W, 2740, 19, 2012/11/01, 16:31:02.723, 365936547542, QTAgent32.exe, Playback - [WARNING] Internal warning: process performance counters based WFR - Requested element has invalid HWND
\0
E, 2740, 19, 2012/11/01, 16:31:02.723, 365936550775, QTAgent32.exe, EnsureValid called via EnsureValid call for same element
E, 2740, 19, 2012/11/01, 16:31:02.723, 365936552833, QTAgent32.exe, EnsureValid called via EnsureValid call for same element
E, 2740, 19, 2012/11/01, 16:31:02.723, 365936554619, QTAgent32.exe, EnsureValid called via EnsureValid call for same element
E, 2740, 19, 2012/11/01, 16:31:02.723, 365936558981, QTAgent32.exe, GetClassName for handle 2361030 failed
E, 2740, 19, 2012/11/01, 16:31:02.723, 365936573003, QTAgent32.exe, Window 2361030 not responding. Last Win32 error 1400
E, 2740, 19, 2012/11/01, 16:31:02.723, 365936576308, QTAgent32.exe, GetClassName for handle 2361030 failed
E, 2740, 19, 2012/11/01, 16:31:02.723, 365936577137, QTAgent32.exe, GetClassName for handle 2361030 failed
W, 2740, 19, 2012/11/01, 16:31:04.143, 365956778799, QTAgent32.exe, PERF WARNING: FindTopLevelWindowHelper::FindAllDescendents: took 1410 ms. Expected it to take maximum 500 ms.
W, 2740, 19, 2012/11/01, 16:31:04.143, 365956866952, QTAgent32.exe, Playback - [WARNING] Internal warning: Thread state based WFR - Requested element has invalid HWND
\0
W, 2740, 19, 2012/11/01, 16:31:04.143, 365956868090, QTAgent32.exe, Playback - [WARNING] Internal warning: process performance counters based WFR - Requested element has invalid HWND
\0
E, 2740, 19, 2012/11/01, 16:31:04.143, 365956870440, QTAgent32.exe, EnsureValid called via EnsureValid call for same element
E, 2740, 19, 2012/11/01, 16:31:04.143, 365956872387, QTAgent32.exe, EnsureValid called via EnsureValid call for same element
E, 2740, 19, 2012/11/01, 16:31:04.143, 365956873667, QTAgent32.exe, EnsureValid called via EnsureValid call for same element
E, 2740, 19, 2012/11/01, 16:31:04.143, 365956877415, QTAgent32.exe, GetClassName for handle 2230072 failed
E, 2740, 19, 2012/11/01, 16:31:04.143, 365956890465, QTAgent32.exe, Window 2230072 not responding. Last Win32 error 1400
E, 2740, 19, 2012/11/01, 16:31:04.143, 365956893812, QTAgent32.exe, GetClassName for handle 2230072 failed
E, 2740, 19, 2012/11/01, 16:31:04.143, 365956894600, QTAgent32.exe, GetClassName for handle 2230072 failed
E, 2740, 19, 2012/11/01, 16:31:04.174, 365957212440, QTAgent32.exe, GetClassName for handle 2885544 failed
W, 2740, 19, 2012/11/01, 16:31:04.595, 365963279736, QTAgent32.exe, &lt;a class=success&gt;Playback - {101} [SUCCESS] MouseButtonClick - "[MSAA, VisibleOnly]ControlType='Button' &amp;&amp; Name='Calculate Quote'"
\0&lt;/a&gt;
E, 2740, 19, 2012/11/01, 16:31:04.704, 365964777860, QTAgent32.exe, GetClassName for handle 5047296 failed
W, 2740, 19, 2012/11/01, 16:31:05.047, 365969804964, QTAgent32.exe, &lt;a class=success&gt;Playback - {102} [SUCCESS] MouseButtonClick - "[MSAA, VisibleOnly]ControlType='Button' &amp;&amp; Name='Cancel'"
\0&lt;/a&gt;
E, 2740, 19, 2012/11/01, 16:31:05.157, 365971256306, QTAgent32.exe, GetClassName for handle 7930896 failed
W, 2740, 19, 2012/11/01, 16:31:05.640, 365978225438, QTAgent32.exe, &lt;a class=success&gt;Playback - {103} [SUCCESS] MouseButtonClick - "[MSAA, VisibleOnly]ControlType='Button' &amp;&amp; Name='No'"
\0&lt;/a&gt;
W, 2740, 19, 2012/11/01, 16:31:16.264, 366130317577, QTAgent32.exe, PERF WARNING: FindTopLevelWindowHelper::FindAllDescendents: took 10516 ms. Expected it to take maximum 500 ms.
W, 2740, 19, 2012/11/01, 16:31:16.592, 366134984157, QTAgent32.exe, &lt;a class=success&gt;Playback - {104} [SUCCESS] MouseButtonClick - "[MSAA, VisibleOnly]ControlType='Client'"
\0&lt;/a&gt;
W, 2740, 19, 2012/11/01, 16:31:18.183, 366157865502, QTAgent32.exe, &lt;a class=success&gt;Playback - {105} [SUCCESS] SendKeys "{Home}" - "[MSAA, VisibleOnly]ControlType='Client'"
\0&lt;/a&gt;
W, 2740, 19, 2012/11/01, 16:31:21.288, 366202312360, QTAgent32.exe, &lt;a class=success&gt;Playback - {106} [SUCCESS] MouseButtonClick - "[MSAA, VisibleOnly]ControlType='Button' &amp;&amp; Name='Print Quote...'"
\0&lt;/a&gt;
W, 2740, 19, 2012/11/01, 16:31:30.433, 366333579474, QTAgent32.exe, Playback - [WARNING] Internal warning: Window Not Found: [VisibleOnly]ControlType='Window' &amp;&amp; Name='View Quote Details' &amp;&amp; ClassName='ThunderRT6FormDC'
\0
E, 2740, 19, 2012/11/01, 16:31:30.433, 366333582844, QTAgent32.exe, &lt;a class=failure&gt;Playback - {107} [FAILED] Function ElementFetcher::FindScreenElement failed to locate UI element (Searching: ;[VisibleOnly]ControlType='Window' &amp;&amp; Name='View Quote Details' &amp;&amp; ClassName='ThunderRT6FormDC') (The object specified was not found.)
\0&lt;/a&gt;
E, 2740, 19, 2012/11/01, 16:31:30.548, 366335218245, QTAgent32.exe, Playback - [IMAGE] C:\Users\peter.zenin-ad\AppData\Local\Temp\UITestLogs\LastRun\RPF64CF.png
\0
W, 2740, 19, 2012/11/01, 16:31:30.548, 366335220366, QTAgent32.exe, Playback - [WARNING] Internal warning: Couldn't find descendants that match QueryId
\0
W, 2740, 19, 2012/11/01, 16:31:30.548, 366335223377, QTAgent32.exe, PERF WARNING: FindTopLevelWindowHelper::FindAllDescendents: took 9174 ms. Expected it to take maximum 500 ms.
W, 2740, 19, 2012/11/01, 16:31:48.784, 366596318910, QTAgent32.exe, Playback - [WARNING] Internal warning: Window Not Found: [VisibleOnly]ControlType='Window' &amp;&amp; Name='View Quote Details' &amp;&amp; ClassName='ThunderRT6FormDC'
\0
E, 2740, 19, 2012/11/01, 16:31:48.784, 366596321995, QTAgent32.exe, &lt;a class=failure&gt;Playback - {108} [FAILED] Function ElementFetcher::FindScreenElement failed to locate UI element (Searching: ;[VisibleOnly]ControlType='Window' &amp;&amp; Name='View Quote Details' &amp;&amp; ClassName='ThunderRT6FormDC') (The object specified was not found.)
\0&lt;/a&gt;
E, 2740, 19, 2012/11/01, 16:31:48.897, 366597936580, QTAgent32.exe, Playback - [IMAGE] C:\Users\peter.zenin-ad\AppData\Local\Temp\UITestLogs\LastRun\RPFAC89.png
\0
W, 2740, 19, 2012/11/01, 16:31:48.897, 366597938746, QTAgent32.exe, Playback - [WARNING] Internal warning: Couldn't find descendants that match QueryId
\0
W, 2740, 19, 2012/11/01, 16:31:48.898, 366597941863, QTAgent32.exe, PERF WARNING: FindTopLevelWindowHelper::FindAllDescendents: took 18348 ms. Expected it to take maximum 500 ms.
W, 2740, 19, 2012/11/01, 16:31:51.938, 366641466431, QTAgent32.exe, Playback - [WARNING] Internal warning: Smart Match failed
\0
W, 2740, 19, 2012/11/01, 16:31:53.356, 366661770209, QTAgent32.exe, Playback - [WARNING] Internal warning: Window Not Found: [VisibleOnly]ControlType='Window' &amp;&amp; Name='View Quote Details' &amp;&amp; ClassName='ThunderRT6FormDC'
\0
E, 2740, 19, 2012/11/01, 16:31:53.356, 366661773028, QTAgent32.exe, &lt;a class=failure&gt;Playback - {109} [FAILED] Function ElementFetcher::FindScreenElement failed to locate UI element (Searching: ;[VisibleOnly]ControlType='Window' &amp;&amp; Name='View Quote Details' &amp;&amp; ClassName='ThunderRT6FormDC') (The object specified was not found.)
\0&lt;/a&gt;
E, 2740, 19, 2012/11/01, 16:31:53.470, 366663401374, QTAgent32.exe, Playback - [IMAGE] C:\Users\peter.zenin-ad\AppData\Local\Temp\UITestLogs\LastRun\RPFBE65.png
\0
W, 2740, 19, 2012/11/01, 16:31:53.470, 366663403443, QTAgent32.exe, Playback - [WARNING] Internal warning: Couldn't find descendants that match QueryId
\0
W, 2740, 19, 2012/11/01, 16:31:53.470, 366663406238, QTAgent32.exe, PERF WARNING: FindTopLevelWindowHelper::FindAllDescendents: took 4571 ms. Expected it to take maximum 500 ms.
E, 2740, 19, 2012/11/01, 16:31:53.471, 366663408300, QTAgent32.exe, Exception: System.Runtime.InteropServices.COMException
	Message: Error HRESULT E_FAIL has been returned from a call to a COM component.
	Stack Trace:    at Microsoft.VisualStudio.TestTools.UITest.Playback.Engine.IRPFPlayback.FindAllScreenElements(IScreenElement pScreenElementStart, String bstrQueryId, Object&amp; pvarResKeys, Int32 cResKeys, Int32 nMaxDepth, Object[]&amp; foundDescendants)
   at Microsoft.VisualStudio.TestTools.UITest.Playback.ScreenElement.FindTopLevelWindowHelper(String queryId)
	BaseExceptionMessage: Error HRESULT E_FAIL has been returned from a call to a COM component.

W, 2740, 19, 2012/11/01, 16:31:55.148, 366687423371, QTAgent32.exe, Playback - [WARNING] Internal warning: Element "[MSAA, VisibleOnly]ControlType='Window' &amp;&amp; ControlId='32770'" was not found, so all intermediate elements were ignored. To improve performance replace this element Id with another Id or exclude it from QueryId. If this element is the target element, replace or remove intermediate elements
\0
W, 2740, 19, 2012/11/01, 16:31:55.677, 366694997023, QTAgent32.exe, PERF WARNING: FindAllDescendents: took 2030 ms. Expected it to take maximum 500 ms.
W, 2740, 19, 2012/11/01, 16:31:55.838, 366697310262, QTAgent32.exe, &lt;a class=success&gt;Playback - {110} [SUCCESS] MouseButtonClick - "[MSAA, VisibleOnly]ControlType='Button' &amp;&amp; Name='Cancel'"
\0&lt;/a&gt;
W, 2740, 19, 2012/11/01, 16:31:57.440, 366720242316, QTAgent32.exe, Playback - [WARNING] Internal warning: Element "[MSAA, VisibleOnly]ControlType='Window' &amp;&amp; ControlId='32769'" was not found, so all intermediate elements were ignored. To improve performance replace this element Id with another Id or exclude it from QueryId. If this element is the target element, replace or remove intermediate elements
\0
W, 2740, 19, 2012/11/01, 16:31:57.974, 366727886472, QTAgent32.exe, PERF WARNING: FindAllDescendents: took 2035 ms. Expected it to take maximum 500 ms.
W, 2740, 19, 2012/11/01, 16:31:58.098, 366729669926, QTAgent32.exe, &lt;a class=success&gt;Playback - {111} [SUCCESS] MouseButtonClick - "[MSAA, VisibleOnly]ControlType='Button' &amp;&amp; Name='Cancel'"
\0&lt;/a&gt;
W, 2740, 19, 2012/11/01, 16:32:07.178, 366859673298, QTAgent32.exe, Playback - [WARNING] Internal warning: Window Not Found: [VisibleOnly]ControlType='Window' &amp;&amp; Name='Customer: txt1 tdsfs' &amp;&amp; ClassName='ThunderRT6MDIForm'
\0
E, 2740, 19, 2012/11/01, 16:32:07.178, 366859676140, QTAgent32.exe, &lt;a class=failure&gt;Playback - {112} [FAILED] Function ElementFetcher::FindScreenElement failed to locate UI element (Searching: ;[VisibleOnly]ControlType='Window' &amp;&amp; Name='Customer: txt1 tdsfs' &amp;&amp; ClassName='ThunderRT6MDIForm') (The object specified was not found.)
\0&lt;/a&gt;
E, 2740, 19, 2012/11/01, 16:32:07.284, 366861189316, QTAgent32.exe, Playback - [IMAGE] C:\Users\peter.zenin-ad\AppData\Local\Temp\UITestLogs\LastRun\RPFF464.png
\0
W, 2740, 19, 2012/11/01, 16:32:07.284, 366861191417, QTAgent32.exe, Playback - [WARNING] Internal warning: Couldn't find descendants that match QueryId
\0
W, 2740, 19, 2012/11/01, 16:32:07.284, 366861194329, QTAgent32.exe, PERF WARNING: FindTopLevelWindowHelper::FindAllDescendents: took 9086 ms. Expected it to take maximum 500 ms.
W, 2740, 19, 2012/11/01, 16:32:09.412, 366891661019, QTAgent32.exe, Playback - [WARNING] Internal warning: Window Not Found: [VisibleOnly]ControlType='Window' &amp;&amp; Name='Customer: txt1 tdsfs' &amp;&amp; ClassName='ThunderRT6MDIForm'
\0
E, 2740, 19, 2012/11/01, 16:32:09.412, 366891663961, QTAgent32.exe, &lt;a class=failure&gt;Playback - {113} [FAILED] Function ElementFetcher::FindScreenElement failed to locate UI element (Searching: ;[VisibleOnly]ControlType='Window' &amp;&amp; Name='Customer: txt1 tdsfs' &amp;&amp; ClassName='ThunderRT6MDIForm') (The object specified was not found.)
\0&lt;/a&gt;
E, 2740, 19, 2012/11/01, 16:32:09.510, 366893056017, QTAgent32.exe, Playback - [IMAGE] C:\Users\peter.zenin-ad\AppData\Local\Temp\UITestLogs\LastRun\RPFFD1C.png
\0
W, 2740, 19, 2012/11/01, 16:32:09.510, 366893058217, QTAgent32.exe, Playback - [WARNING] Internal warning: Couldn't find descendants that match QueryId
\0
W, 2740, 19, 2012/11/01, 16:32:09.510, 366893061229, QTAgent32.exe, PERF WARNING: FindTopLevelWindowHelper::FindAllDescendents: took 2225 ms. Expected it to take maximum 500 ms.
W, 2740, 19, 2012/11/01, 16:32:13.948, 366956598474, QTAgent32.exe, Playback - [WARNING] Internal warning: Window Not Found: [VisibleOnly]ControlType='Window' &amp;&amp; Name='Customer: txt1 tdsfs' &amp;&amp; ClassName='ThunderRT6MDIForm'
\0
E, 2740, 19, 2012/11/01, 16:32:13.948, 366956601369, QTAgent32.exe, &lt;a class=failure&gt;Playback - {114} [FAILED] Function ElementFetcher::FindScreenElement failed to locate UI element (Searching: ;[VisibleOnly]ControlType='Window' &amp;&amp; Name='Customer: txt1 tdsfs' &amp;&amp; ClassName='ThunderRT6MDIForm') (The object specified was not found.)
\0&lt;/a&gt;
E, 2740, 19, 2012/11/01, 16:32:14.046, 366957998419, QTAgent32.exe, Playback - [IMAGE] C:\Users\peter.zenin-ad\AppData\Local\Temp\UITestLogs\LastRun\RPFED8.png
\0
W, 2740, 19, 2012/11/01, 16:32:14.046, 366958000564, QTAgent32.exe, Playback - [WARNING] Internal warning: Couldn't find descendants that match QueryId
\0
W, 2740, 19, 2012/11/01, 16:32:14.046, 366958003517, QTAgent32.exe, PERF WARNING: FindTopLevelWindowHelper::FindAllDescendents: took 4535 ms. Expected it to take maximum 500 ms.
E, 2740, 19, 2012/11/01, 16:32:14.046, 366958005276, QTAgent32.exe, Exception: System.Runtime.InteropServices.COMException
	Message: Error HRESULT E_FAIL has been returned from a call to a COM component.
	Stack Trace:    at Microsoft.VisualStudio.TestTools.UITest.Playback.Engine.IRPFPlayback.FindAllScreenElements(IScreenElement pScreenElementStart, String bstrQueryId, Object&amp; pvarResKeys, Int32 cResKeys, Int32 nMaxDepth, Object[]&amp; foundDescendants)
   at Microsoft.VisualStudio.TestTools.UITest.Playback.ScreenElement.FindTopLevelWindowHelper(String queryId)
	BaseExceptionMessage: Error HRESULT E_FAIL has been returned from a call to a COM component.

E, 2740, 19, 2012/11/01, 16:32:14.047, 366958010209, QTAgent32.exe, Window 2621988 not responding. Last Win32 error 0
E, 2740, 19, 2012/11/01, 16:32:14.047, 366958012767, QTAgent32.exe, GetClassName for handle 2621988 failed
E, 2740, 19, 2012/11/01, 16:32:14.047, 366958016761, QTAgent32.exe, Window 2621988 not responding. Last Win32 error 1400
E, 2740, 19, 2012/11/01, 16:32:14.048, 366958027006, QTAgent32.exe, Window 2621988 not responding. Last Win32 error 1400
E, 2740, 19, 2012/11/01, 16:32:14.048, 366958028166, QTAgent32.exe, GetClassName for handle 2621988 failed
E, 2740, 19, 2012/11/01, 16:32:14.048, 366958028960, QTAgent32.exe, GetClassName for handle 2621988 failed
W, 2740, 19, 2012/11/01, 16:32:22.988, 367086028510, QTAgent32.exe, Playback - [WARNING] Internal warning: Window Not Found: [VisibleOnly]ControlType='Window' &amp;&amp; Name='Customer: autotest autotest' &amp;&amp; ClassName='ThunderRT6MDIForm'
\0
E, 2740, 19, 2012/11/01, 16:32:22.988, 367086031440, QTAgent32.exe, &lt;a class=failure&gt;Playback - {115} [FAILED] Function ElementFetcher::FindScreenElement failed to locate UI element (Searching: ;[VisibleOnly]ControlType='Window' &amp;&amp; Name='Customer: autotest autotest' &amp;&amp; ClassName='ThunderRT6MDIForm') (The object specified was not found.)
\0&lt;/a&gt;
E, 2740, 19, 2012/11/01, 16:32:23.093, 367087534312, QTAgent32.exe, Playback - [IMAGE] C:\Users\peter.zenin-ad\AppData\Local\Temp\UITestLogs\LastRun\RPF3222.png
\0
W, 2740, 19, 2012/11/01, 16:32:23.094, 367087536712, QTAgent32.exe, Playback - [WARNING] Internal warning: Couldn't find descendants that match QueryId
\0
W, 2740, 19, 2012/11/01, 16:32:23.094, 367087539705, QTAgent32.exe, PERF WARNING: FindTopLevelWindowHelper::FindAllDescendents: took 9045 ms. Expected it to take maximum 500 ms.
W, 2740, 19, 2012/11/01, 16:32:25.296, 367119075706, QTAgent32.exe, Playback - [WARNING] Internal warning: Window Not Found: [VisibleOnly]ControlType='Window' &amp;&amp; Name='Customer: autotest autotest' &amp;&amp; ClassName='ThunderRT6MDIForm'
\0
E, 2740, 19, 2012/11/01, 16:32:25.296, 367119078547, QTAgent32.exe, &lt;a class=failure&gt;Playback - {116} [FAILED] Function ElementFetcher::FindScreenElement failed to locate UI element (Searching: ;[VisibleOnly]ControlType='Window' &amp;&amp; Name='Customer: autotest autotest' &amp;&amp; ClassName='ThunderRT6MDIForm') (The object specified was not found.)
\0&lt;/a&gt;
E, 2740, 19, 2012/11/01, 16:32:25.411, 367120720645, QTAgent32.exe, Playback - [IMAGE] C:\Users\peter.zenin-ad\AppData\Local\Temp\UITestLogs\LastRun\RPF3B28.png
\0
W, 2740, 19, 2012/11/01, 16:32:25.411, 367120722761, QTAgent32.exe, Playback - [WARNING] Internal warning: Couldn't find descendants that match QueryId
\0
W, 2740, 19, 2012/11/01, 16:32:25.411, 367120725774, QTAgent32.exe, PERF WARNING: FindTopLevelWindowHelper::FindAllDescendents: took 2317 ms. Expected it to take maximum 500 ms.
W, 2740, 19, 2012/11/01, 16:32:29.834, 367184056869, QTAgent32.exe, Playback - [WARNING] Internal warning: Window Not Found: [VisibleOnly]ControlType='Window' &amp;&amp; Name='Customer: autotest autotest' &amp;&amp; ClassName='ThunderRT6MDIForm'
\0
E, 2740, 19, 2012/11/01, 16:32:29.834, 367184059794, QTAgent32.exe, &lt;a class=failure&gt;Playback - {117} [FAILED] Function ElementFetcher::FindScreenElement failed to locate UI element (Searching: ;[VisibleOnly]ControlType='Window' &amp;&amp; Name='Customer: autotest autotest' &amp;&amp; ClassName='ThunderRT6MDIForm') (The object specified was not found.)
\0&lt;/a&gt;
E, 2740, 19, 2012/11/01, 16:32:29.949, 367185696497, QTAgent32.exe, Playback - [IMAGE] C:\Users\peter.zenin-ad\AppData\Local\Temp\UITestLogs\LastRun\RPF4CE4.png
\0
W, 2740, 19, 2012/11/01, 16:32:29.949, 367185698674, QTAgent32.exe, Playback - [WARNING] Internal warning: Couldn't find descendants that match QueryId
\0
W, 2740, 19, 2012/11/01, 16:32:29.949, 367185701677, QTAgent32.exe, PERF WARNING: FindTopLevelWindowHelper::FindAllDescendents: took 4537 ms. Expected it to take maximum 500 ms.
E, 2740, 19, 2012/11/01, 16:32:29.949, 367185703452, QTAgent32.exe, Exception: System.Runtime.InteropServices.COMException
	Message: Error HRESULT E_FAIL has been returned from a call to a COM component.
	Stack Trace:    at Microsoft.VisualStudio.TestTools.UITest.Playback.Engine.IRPFPlayback.FindAllScreenElements(IScreenElement pScreenElementStart, String bstrQueryId, Object&amp; pvarResKeys, Int32 cResKeys, Int32 nMaxDepth, Object[]&amp; foundDescendants)
   at Microsoft.VisualStudio.TestTools.UITest.Playback.ScreenElement.FindTopLevelWindowHelper(String queryId)
	BaseExceptionMessage: Error HRESULT E_FAIL has been returned from a call to a COM component.

E, 2740, 19, 2012/11/01, 16:32:29.950, 367185708296, QTAgent32.exe, Window 2621988 not responding. Last Win32 error 0
E, 2740, 19, 2012/11/01, 16:32:29.950, 367185712249, QTAgent32.exe, Window 2621988 not responding. Last Win32 error 1400
E, 2740, 19, 2012/11/01, 16:32:29.950, 367185716995, QTAgent32.exe, Window 2621988 not responding. Last Win32 error 1400
E, 2740, 19, 2012/11/01, 16:32:29.950, 367185718249, QTAgent32.exe, GetClassName for handle 2621988 failed
E, 2740, 19, 2012/11/01, 16:32:29.950, 367185719091, QTAgent32.exe, GetClassName for handle 2621988 failed
E, 2740, 19, 2012/11/01, 16:32:30.051, 367187160385, QTAgent32.exe, AL: Playback Error: Microsoft.VisualStudio.TestTools.UITest.Extension.UITestControlNotFoundException: Unable to find the top level element of the control ---&gt; Microsoft.VisualStudio.TestTools.UITest.Extension.UITestControlNotFoundException: The playback failed to find the control with the given search properties. Additional Details: 
TechnologyName:  'MSAA'
ControlType:  'Window'
 ---&gt; System.Runtime.InteropServices.COMException: Error HRESULT E_FAIL has been returned from a call to a COM component.
   at Microsoft.VisualStudio.TestTools.UITest.Playback.Engine.IRPFPlayback.FindAllScreenElements(IScreenElement pScreenElementStart, String bstrQueryId, Object&amp; pvarResKeys, Int32 cResKeys, Int32 nMaxDepth, Object[]&amp; foundDescendants)
   at Microsoft.VisualStudio.TestTools.UITest.Playback.ScreenElement.FindTopLevelWindowHelper(String queryId)
   at Microsoft.VisualStudio.TestTools.UITest.Playback.ScreenElement.FindFromPartialQueryId(String queryId)
   at Microsoft.VisualStudio.TestTools.UITesting.UITestControl..ctor(String queryId)
   --- End of inner exception stack trace ---
   at Microsoft.VisualStudio.TestTools.UITesting.Playback.MapControlNotFoundException(COMException ex, IPlaybackContext context)
   at Microsoft.VisualStudio.TestTools.UITesting.Playback.MapAndThrowComException(COMException innerException, IPlaybackContext context)
   at Microsoft.VisualStudio.TestTools.UITesting.Playback.MapAndThrowException(SystemException exception, IPlaybackContext context)
   at Microsoft.VisualStudio.TestTools.UITesting.Playback.MapAndThrowException(SystemException exception, String queryId)
   at Microsoft.VisualStudio.TestTools.UITesting.UITestControl..ctor(String queryId)
   at Microsoft.VisualStudio.TestTools.UITesting.SearchHelper.SearchTopLevelWindow(ISearchArgument topLevelSearchArg, String topLevelElementQueryId)
   at Microsoft.VisualStudio.TestTools.UITesting.SearchHelper.SearchUsingMultipleTitles(ISearchArgument topLevelSearchArg, QueryId topLevelQueryId, IList`1 windowTitles)
   --- End of inner exception stack trace ---
   at Microsoft.VisualStudio.TestTools.UITesting.SearchHelper.SearchUsingMultipleTitles(ISearchArgument topLevelSearchArg, QueryId topLevelQueryId, IList`1 windowTitles)
   at Microsoft.VisualStudio.TestTools.UITesting.SearchHelper.GetTitleUpdatedTopLevelWindow(ISearchArgument topLevelSearchArg, String queryId, IList`1 windowTitles)
   at Microsoft.VisualStudio.TestTools.UITesting.SearchHelper.GetTopLevelElement(Boolean useCache, Boolean useCacheOnly, ISearchArgument searchArg, IList`1 windowTitles, Int32&amp; timeLeft)
   at Microsoft.VisualStudio.TestTools.UITesting.SearchHelper.GetElement(Boolean useCache, ISearchArgument searchArg)
   at Microsoft.VisualStudio.TestTools.UITesting.SearchHelper.Search(ISearchArgument searchArg)
   at Microsoft.VisualStudio.TestTools.UITesting.UITestControl.FindInternal()
   at Microsoft.VisualStudio.TestTools.UITesting.UITestControl.FindControlIfNecessary()
   at Microsoft.VisualStudio.TestTools.UITesting.UITestControl.Click(MouseButtons button, ModifierKeys modifierKeys, Point relativeCoordinates)
   at Microsoft.VisualStudio.TestTools.UITesting.Mouse.ClickImplementation(UITestControl control, MouseButtons button, ModifierKeys modifierKeys, Point relativeCoordinate)
   at Microsoft.VisualStudio.TestTools.UITesting.Mouse.ClickImplementationWrapper(UITestControl control, MouseButtons button, ModifierKeys modifierKeys, Point relativeCoordinate)
W, 2740, 19, 2012/11/01, 16:32:30.051, 367187162226, QTAgent32.exe, PlaybackErrorHandler: Ignoring exception as ContinueOnError is set.
W, 2740, 19, 2012/11/01, 16:32:30.196, 367189237508, QTAgent32.exe, &lt;a class=success&gt;Playback - {118} [SUCCESS] MouseButtonClick - "[MSAA, VisibleOnly]ControlType='Button' &amp;&amp; Name='Close'"
\0&lt;/a&gt;
W, 2740, 19, 2012/11/01, 16:32:34.299, 367247971181, QTAgent32.exe, IEDOM : StopSession of the plugin called before StartSession
W, 2740, 19, 2012/11/01, 16:32:34.299, 367247972360, QTAgent32.exe, UIA : StopSession of the plugin called before StartSession
W, 2740, 19, 2012/11/01, 16:32:34.299, 367247973034, QTAgent32.exe, SLPlugin : StopSession of the plugin called before StartSession
</DebugTrace>
        <ErrorInfo>
          <Message>Test method TestProject7.TamAutotest.MotoTest2 threw exception: 
Microsoft.VisualStudio.TestTools.UITest.Extension.UITestControlNotFoundException: The playback failed to find the control with the given search properties. Additional Details: 
TechnologyName:  'MSAA'
ControlType:  'Window'
Name:  'View Quote Details'
ClassName:  'ThunderRT6FormDC'
 ---&gt; System.Runtime.InteropServices.COMException: Error HRESULT E_FAIL has been returned from a call to a COM component.</Message>
          <StackTrace>    at Microsoft.VisualStudio.TestTools.UITest.Playback.Engine.IRPFPlayback.FindAllScreenElements(IScreenElement pScreenElementStart, String bstrQueryId, Object&amp; pvarResKeys, Int32 cResKeys, Int32 nMaxDepth, Object[]&amp; foundDescendants)
   at Microsoft.VisualStudio.TestTools.UITest.Playback.ScreenElement.FindTopLevelWindowHelper(String queryId)
   at Microsoft.VisualStudio.TestTools.UITest.Playback.ScreenElement.FindFromPartialQueryId(String queryId)
   at Microsoft.VisualStudio.TestTools.UITesting.UITestControl..ctor(String queryId)
 --- End of inner exception stack trace ---
    at Microsoft.VisualStudio.TestTools.UITesting.Playback.MapControlNotFoundException(COMException ex, IPlaybackContext context)
   at Microsoft.VisualStudio.TestTools.UITesting.Playback.MapAndThrowComException(COMException innerException, IPlaybackContext context)
   at Microsoft.VisualStudio.TestTools.UITesting.Playback.MapAndThrowException(SystemException exception, IPlaybackContext context)
   at Microsoft.VisualStudio.TestTools.UITesting.Playback.MapAndThrowException(SystemException exception, String queryId)
   at Microsoft.VisualStudio.TestTools.UITesting.UITestControl..ctor(String queryId)
   at Microsoft.VisualStudio.TestTools.UITesting.SearchHelper.SearchTopLevelWindow(ISearchArgument topLevelSearchArg, String topLevelElementQueryId)
   at Microsoft.VisualStudio.TestTools.UITesting.SearchHelper.GetTitleUpdatedTopLevelWindow(ISearchArgument topLevelSearchArg, String queryId, IList`1 windowTitles)
   at Microsoft.VisualStudio.TestTools.UITesting.SearchHelper.GetTopLevelElement(Boolean useCache, Boolean useCacheOnly, ISearchArgument searchArg, IList`1 windowTitles, Int32&amp; timeLeft)
   at Microsoft.VisualStudio.TestTools.UITesting.SearchHelper.GetUITestControlRecursive(Boolean useCache, Boolean alwaysSearch, ISearchArgument searchArg, IList`1 windowTitles, Int32&amp; timeLeft)
   at Microsoft.VisualStudio.TestTools.UITesting.SearchHelper.GetUITestControlRecursive(Boolean useCache, Boolean alwaysSearch, ISearchArgument searchArg, IList`1 windowTitles, Int32&amp; timeLeft)
   at Microsoft.VisualStudio.TestTools.UITesting.SearchHelper.GetUITestControlRecursive(Boolean useCache, Boolean alwaysSearch, ISearchArgument searchArg, IList`1 windowTitles, Int32&amp; timeLeft)
   at Microsoft.VisualStudio.TestTools.UITesting.SearchHelper.GetUITestControlRecursive(Boolean useCache, Boolean alwaysSearch, ISearchArgument searchArg, IList`1 windowTitles, Int32&amp; timeLeft)
   at Microsoft.VisualStudio.TestTools.UITesting.SearchHelper.GetUITestControlRecursive(Boolean useCache, Boolean alwaysSearch, ISearchArgument searchArg, IList`1 windowTitles, Int32&amp; timeLeft)
   at Microsoft.VisualStudio.TestTools.UITesting.SearchHelper.GetElement(Boolean useCache, ISearchArgument searchArg)
   at Microsoft.VisualStudio.TestTools.UITesting.SearchHelper.Search(ISearchArgument searchArg)
   at Microsoft.VisualStudio.TestTools.UITesting.UITestControl.FindInternal()
   at Microsoft.VisualStudio.TestTools.UITesting.UITestControl.Find()
   at Microsoft.VisualStudio.TestTools.UITesting.UITestControl.GetProperty(String propertyName)
   at Microsoft.VisualStudio.TestTools.UITesting.HtmlControls.HtmlControl.get_InnerText()
   at TestProject7.UIMap.CheckAutoPrint() in C:\Users\peter.zenin-ad\Desktop\TestProject7\TestProject7\UIMap.Designer.cs:line 294
   at TestProject7.TamAutotest.MotoTest2() in C:\Users\peter.zenin-ad\Desktop\TestProject7\TestProject7\CodedUITest1.cs:line 125
</StackTrace>
        </ErrorInfo>
      </Output>
      <ResultFiles>
        <ResultFile path="ICLVDEVAP01\MotoTest2.png" />
      </ResultFiles>
      <ExtensionResult>Exception has been thrown by the target of an invocation.</ExtensionResult>
    </UnitTestResult>
    <UnitTestResult executionId="c97b904a-6915-4e46-87aa-3079879e6f72" testId="450e4b2d-ad88-da3f-6d50-5c9a0ae1aa51" testName="MotoTest3" computerName="ICLVDEVAP01" duration="00:00:34.8460475" startTime="2012-11-01T16:32:34.3152803+00:00" endTime="2012-11-01T16:33:09.1647649+00:00" testType="13cdc9d9-ddb5-4fa4-a97d-d965ccfc6d4b" outcome="Failed" testListId="8c84fa94-04c1-424b-9868-57a2d4851a1d" relativeResultsDirectory="c97b904a-6915-4e46-87aa-3079879e6f72">
      <Output>
        <DebugTrace>W, 2740, 12, 2012/11/01, 16:32:34.319, 367248257110, QTAgent32.exe, ExtensionFramework : A Technology Manager with name Web is already registered.
W, 2740, 12, 2012/11/01, 16:32:43.813, 367384185641, QTAgent32.exe, Playback - [WARNING] Internal warning: Window Not Found: [VisibleOnly]ControlType='Window' &amp;&amp; Name='The Agency Manager Signon' &amp;&amp; ClassName='ThunderRT6FormDC'
\0
E, 2740, 12, 2012/11/01, 16:32:43.813, 367384188325, QTAgent32.exe, &lt;a class=failure&gt;Playback - {1} [FAILED] Function ElementFetcher::FindScreenElement failed to locate UI element (Searching: ;[VisibleOnly]ControlType='Window' &amp;&amp; Name='The Agency Manager Signon' &amp;&amp; ClassName='ThunderRT6FormDC') (The object specified was not found.)
\0&lt;/a&gt;
E, 2740, 12, 2012/11/01, 16:32:43.924, 367385775877, QTAgent32.exe, Playback - [IMAGE] C:\Users\peter.zenin-ad\AppData\Local\Temp\UITestLogs\LastRun\RPF837F.png
\0
W, 2740, 12, 2012/11/01, 16:32:43.924, 367385777995, QTAgent32.exe, Playback - [WARNING] Internal warning: Couldn't find descendants that match QueryId
\0
W, 2740, 12, 2012/11/01, 16:32:43.924, 367385780957, QTAgent32.exe, PERF WARNING: FindTopLevelWindowHelper::FindAllDescendents: took 9081 ms. Expected it to take maximum 500 ms.
W, 2740, 12, 2012/11/01, 16:33:02.147, 367646687409, QTAgent32.exe, Playback - [WARNING] Internal warning: Window Not Found: [VisibleOnly]ControlType='Window' &amp;&amp; Name='The Agency Manager Signon' &amp;&amp; ClassName='ThunderRT6FormDC'
\0
E, 2740, 12, 2012/11/01, 16:33:02.147, 367646690295, QTAgent32.exe, &lt;a class=failure&gt;Playback - {2} [FAILED] Function ElementFetcher::FindScreenElement failed to locate UI element (Searching: ;[VisibleOnly]ControlType='Window' &amp;&amp; Name='The Agency Manager Signon' &amp;&amp; ClassName='ThunderRT6FormDC') (The object specified was not found.)
\0&lt;/a&gt;
E, 2740, 12, 2012/11/01, 16:33:02.256, 367648246433, QTAgent32.exe, Playback - [IMAGE] C:\Users\peter.zenin-ad\AppData\Local\Temp\UITestLogs\LastRun\RPFCB1A.png
\0
W, 2740, 12, 2012/11/01, 16:33:02.256, 367648248628, QTAgent32.exe, Playback - [WARNING] Internal warning: Couldn't find descendants that match QueryId
\0
W, 2740, 12, 2012/11/01, 16:33:02.256, 367648252305, QTAgent32.exe, PERF WARNING: FindTopLevelWindowHelper::FindAllDescendents: took 18331 ms. Expected it to take maximum 500 ms.
W, 2740, 12, 2012/11/01, 16:33:06.780, 367713026808, QTAgent32.exe, Playback - [WARNING] Internal warning: Window with Class "ThunderRT6FormDC" and Title "The Agency Manager Signon" was not found, so similar window with Class "ThunderRT6FormDC" and Title "The Agency Manager" was accepted
\0
W, 2740, 12, 2012/11/01, 16:33:06.781, 367713033428, QTAgent32.exe, PERF WARNING: FindTopLevelWindowHelper::FindAllDescendents: took 4524 ms. Expected it to take maximum 500 ms.
W, 2740, 12, 2012/11/01, 16:33:08.283, 367734543240, QTAgent32.exe, Playback - [WARNING] Internal warning: Element "[MSAA, VisibleOnly]ControlType='Window' &amp;&amp; ControlId='7'" was not found, so all intermediate elements were ignored. To improve performance replace this element Id with another Id or exclude it from QueryId. If this element is the target element, replace or remove intermediate elements
\0
W, 2740, 12, 2012/11/01, 16:33:08.791, 367741825827, QTAgent32.exe, PERF WARNING: FindAllDescendents: took 2009 ms. Expected it to take maximum 500 ms.
W, 2740, 12, 2012/11/01, 16:33:08.911, 367743536376, QTAgent32.exe, &lt;a class=success&gt;Playback - {3} [SUCCESS] MouseButtonClick - "[MSAA, VisibleOnly]ControlType='Edit'"
\0&lt;/a&gt;
W, 2740, 12, 2012/11/01, 16:33:09.156, 367747040662, QTAgent32.exe, IEDOM : StopSession of the plugin called before StartSession
W, 2740, 12, 2012/11/01, 16:33:09.156, 367747041960, QTAgent32.exe, UIA : StopSession of the plugin called before StartSession
W, 2740, 12, 2012/11/01, 16:33:09.156, 367747042670, QTAgent32.exe, SLPlugin : StopSession of the plugin called before StartSession
</DebugTrace>
        <ErrorInfo>
          <Message>Initialization method TestProject7.TamAutotest.StartTest threw exception. System.ArgumentException: System.ArgumentException: The encoded string can only be used for a password..</Message>
          <StackTrace>    at Microsoft.VisualStudio.TestTools.UITest.Playback.ScreenElement.SendKeys(String keys, ModifierKeys modifierKeys, Boolean isEncoded, Boolean isUnicode)
   at Microsoft.VisualStudio.TestTools.UITesting.UITestControl.SendKeys(String text, ModifierKeys modifierKeys, Boolean isEncoded, Boolean isUnicode)
   at Microsoft.VisualStudio.TestTools.UITesting.Keyboard.SendKeysImplementation(UITestControl control, String text, ModifierKeys modifierKeys, Boolean isEncoded, Boolean isUnicode)
   at Microsoft.VisualStudio.TestTools.UITesting.Keyboard.SendKeysImplementationWrapper(UITestControl control, String text, ModifierKeys modifierKeys, Boolean isEncoded, Boolean isUnicode)
   at Microsoft.VisualStudio.TestTools.UITesting.Keyboard.SendKeys(UITestControl control, String text, Boolean isEncoded)
   at TestProject7.UIMap.Login_new() in C:\Users\peter.zenin-ad\Desktop\TestProject7\TestProject7\UIMap.Designer.cs:line 1967
   at TestProject7.TamAutotest.StartTest() in C:\Users\peter.zenin-ad\Desktop\TestProject7\TestProject7\CodedUITest1.cs:line 30
</StackTrace>
        </ErrorInfo>
      </Output>
    </UnitTestResult>
    <UnitTestResult executionId="616a77ef-99a6-4bad-9202-d95ac9d810b8" testId="4e743fde-a814-86c0-27fd-8728ac2cb692" testName="MotoTest4" computerName="ICLVDEVAP01" duration="00:00:00.5498966" startTime="2012-11-01T16:33:09.1697654+00:00" endTime="2012-11-01T16:33:09.7228207+00:00" testType="13cdc9d9-ddb5-4fa4-a97d-d965ccfc6d4b" outcome="Failed" testListId="8c84fa94-04c1-424b-9868-57a2d4851a1d" relativeResultsDirectory="616a77ef-99a6-4bad-9202-d95ac9d810b8">
      <Output>
        <DebugTrace>W, 2740, 28, 2012/11/01, 16:33:09.174, 367747306653, QTAgent32.exe, ExtensionFramework : A Technology Manager with name Web is already registered.
W, 2740, 28, 2012/11/01, 16:33:09.198, 367747650953, QTAgent32.exe, SLPlugin: Port 4503 already in use
W, 2740, 28, 2012/11/01, 16:33:09.198, 367747654749, QTAgent32.exe, SLPlugin: Port 943 already in use
W, 2740, 28, 2012/11/01, 16:33:09.721, 367755130808, QTAgent32.exe, IEDOM : StopSession of the plugin called before StartSession
W, 2740, 28, 2012/11/01, 16:33:09.721, 367755131972, QTAgent32.exe, UIA : StopSession of the plugin called before StartSession
W, 2740, 28, 2012/11/01, 16:33:09.721, 367755132673, QTAgent32.exe, SLPlugin : StopSession of the plugin called before StartSession
</DebugTrace>
        <ErrorInfo>
          <Message>Initialization method TestProject7.TamAutotest.StartTest threw exception. Microsoft.VisualStudio.TestTools.UITest.Extension.FailedToLaunchApplicationException: Microsoft.VisualStudio.TestTools.UITest.Extension.FailedToLaunchApplicationException: "The application cannot be started. This could be due to one of the following reasons:
1) Another instance of the application is already running and only one instance can be running at a time.
2) The application started another process and has now stopped. You may need to launch the process directly.
3) You do not have sufficient privileges for this application." File: C:\APPLIED\WINTAM\HOMEBASE.EXE..</Message>
          <StackTrace>    at Microsoft.VisualStudio.TestTools.UITesting.ApplicationUnderTest.ThrowIfProcessNotValid(Process process)
   at Microsoft.VisualStudio.TestTools.UITesting.ApplicationUnderTest.Start(ProcessStartInfo startInfo)
   at Microsoft.VisualStudio.TestTools.UITesting.ApplicationUnderTest..ctor(String fileName, String alternateFileName, String arguments)
   at Microsoft.VisualStudio.TestTools.UITesting.ApplicationUnderTest.Launch(String fileName, String alternateFileName)
   at TestProject7.UIMap.Login_new() in C:\Users\peter.zenin-ad\Desktop\TestProject7\TestProject7\UIMap.Designer.cs:line 1961
   at TestProject7.TamAutotest.StartTest() in C:\Users\peter.zenin-ad\Desktop\TestProject7\TestProject7\CodedUITest1.cs:line 30
</StackTrace>
        </ErrorInfo>
      </Output>
    </UnitTestResult>
    <UnitTestResult executionId="ccd7d0bf-1f8b-40cc-a5b5-75f6831db0b4" testId="10042bab-44aa-7cea-8ac0-06cc3b3adbb3" testName="MotoTest5" computerName="ICLVDEVAP01" duration="00:00:00.5115350" startTime="2012-11-01T16:33:09.7278212+00:00" endTime="2012-11-01T16:33:10.2428727+00:00" testType="13cdc9d9-ddb5-4fa4-a97d-d965ccfc6d4b" outcome="Failed" testListId="8c84fa94-04c1-424b-9868-57a2d4851a1d" relativeResultsDirectory="ccd7d0bf-1f8b-40cc-a5b5-75f6831db0b4">
      <Output>
        <DebugTrace>W, 2740, 34, 2012/11/01, 16:33:09.732, 367755291558, QTAgent32.exe, ExtensionFramework : A Technology Manager with name Web is already registered.
W, 2740, 34, 2012/11/01, 16:33:09.737, 367755361257, QTAgent32.exe, SLPlugin: Port 4503 already in use
W, 2740, 34, 2012/11/01, 16:33:09.737, 367755364572, QTAgent32.exe, SLPlugin: Port 943 already in use
W, 2740, 34, 2012/11/01, 16:33:10.240, 367762570929, QTAgent32.exe, IEDOM : StopSession of the plugin called before StartSession
W, 2740, 34, 2012/11/01, 16:33:10.240, 367762572263, QTAgent32.exe, UIA : StopSession of the plugin called before StartSession
W, 2740, 34, 2012/11/01, 16:33:10.240, 367762573001, QTAgent32.exe, SLPlugin : StopSession of the plugin called before StartSession
</DebugTrace>
        <ErrorInfo>
          <Message>Initialization method TestProject7.TamAutotest.StartTest threw exception. Microsoft.VisualStudio.TestTools.UITest.Extension.FailedToLaunchApplicationException: Microsoft.VisualStudio.TestTools.UITest.Extension.FailedToLaunchApplicationException: "The application cannot be started. This could be due to one of the following reasons:
1) Another instance of the application is already running and only one instance can be running at a time.
2) The application started another process and has now stopped. You may need to launch the process directly.
3) You do not have sufficient privileges for this application." File: C:\APPLIED\WINTAM\HOMEBASE.EXE..</Message>
          <StackTrace>    at Microsoft.VisualStudio.TestTools.UITesting.ApplicationUnderTest.ThrowIfProcessNotValid(Process process)
   at Microsoft.VisualStudio.TestTools.UITesting.ApplicationUnderTest.Start(ProcessStartInfo startInfo)
   at Microsoft.VisualStudio.TestTools.UITesting.ApplicationUnderTest..ctor(String fileName, String alternateFileName, String arguments)
   at Microsoft.VisualStudio.TestTools.UITesting.ApplicationUnderTest.Launch(String fileName, String alternateFileName)
   at TestProject7.UIMap.Login_new() in C:\Users\peter.zenin-ad\Desktop\TestProject7\TestProject7\UIMap.Designer.cs:line 1961
   at TestProject7.TamAutotest.StartTest() in C:\Users\peter.zenin-ad\Desktop\TestProject7\TestProject7\CodedUITest1.cs:line 30
</StackTrace>
        </ErrorInfo>
      </Output>
    </UnitTestResult>
    <UnitTestResult executionId="fa9d1f79-48d4-481f-839c-fde5e4b90443" testId="b7f68495-37f9-58f0-5c9b-6e190b9adaa8" testName="MotoTest6" computerName="ICLVDEVAP01" duration="00:00:00.5120747" startTime="2012-11-01T16:33:10.2538738+00:00" endTime="2012-11-01T16:33:10.7689253+00:00" testType="13cdc9d9-ddb5-4fa4-a97d-d965ccfc6d4b" outcome="Failed" testListId="8c84fa94-04c1-424b-9868-57a2d4851a1d" relativeResultsDirectory="fa9d1f79-48d4-481f-839c-fde5e4b90443">
      <Output>
        <DebugTrace>W, 2740, 40, 2012/11/01, 16:33:10.257, 367762814400, QTAgent32.exe, ExtensionFramework : A Technology Manager with name Web is already registered.
W, 2740, 40, 2012/11/01, 16:33:10.262, 367762884343, QTAgent32.exe, SLPlugin: Port 4503 already in use
W, 2740, 40, 2012/11/01, 16:33:10.262, 367762887675, QTAgent32.exe, SLPlugin: Port 943 already in use
W, 2740, 40, 2012/11/01, 16:33:10.766, 367770102428, QTAgent32.exe, IEDOM : StopSession of the plugin called before StartSession
W, 2740, 40, 2012/11/01, 16:33:10.766, 367770103656, QTAgent32.exe, UIA : StopSession of the plugin called before StartSession
W, 2740, 40, 2012/11/01, 16:33:10.766, 367770104368, QTAgent32.exe, SLPlugin : StopSession of the plugin called before StartSession
</DebugTrace>
        <ErrorInfo>
          <Message>Initialization method TestProject7.TamAutotest.StartTest threw exception. Microsoft.VisualStudio.TestTools.UITest.Extension.FailedToLaunchApplicationException: Microsoft.VisualStudio.TestTools.UITest.Extension.FailedToLaunchApplicationException: "The application cannot be started. This could be due to one of the following reasons:
1) Another instance of the application is already running and only one instance can be running at a time.
2) The application started another process and has now stopped. You may need to launch the process directly.
3) You do not have sufficient privileges for this application." File: C:\APPLIED\WINTAM\HOMEBASE.EXE..</Message>
          <StackTrace>    at Microsoft.VisualStudio.TestTools.UITesting.ApplicationUnderTest.ThrowIfProcessNotValid(Process process)
   at Microsoft.VisualStudio.TestTools.UITesting.ApplicationUnderTest.Start(ProcessStartInfo startInfo)
   at Microsoft.VisualStudio.TestTools.UITesting.ApplicationUnderTest..ctor(String fileName, String alternateFileName, String arguments)
   at Microsoft.VisualStudio.TestTools.UITesting.ApplicationUnderTest.Launch(String fileName, String alternateFileName)
   at TestProject7.UIMap.Login_new() in C:\Users\peter.zenin-ad\Desktop\TestProject7\TestProject7\UIMap.Designer.cs:line 1961
   at TestProject7.TamAutotest.StartTest() in C:\Users\peter.zenin-ad\Desktop\TestProject7\TestProject7\CodedUITest1.cs:line 30
</StackTrace>
        </ErrorInfo>
      </Output>
    </UnitTestResult>
    <UnitTestResult executionId="6458e561-f061-4652-a1a7-9d1b4b3c9016" testId="e022376f-b2fb-4981-6140-b019eeaa6c94" testName="MotoTest7" computerName="ICLVDEVAP01" duration="00:00:00.5110396" startTime="2012-11-01T16:33:10.7739258+00:00" endTime="2012-11-01T16:33:11.2879772+00:00" testType="13cdc9d9-ddb5-4fa4-a97d-d965ccfc6d4b" outcome="Failed" testListId="8c84fa94-04c1-424b-9868-57a2d4851a1d" relativeResultsDirectory="6458e561-f061-4652-a1a7-9d1b4b3c9016">
      <Output>
        <DebugTrace>W, 2740, 46, 2012/11/01, 16:33:10.777, 367770259696, QTAgent32.exe, ExtensionFramework : A Technology Manager with name Web is already registered.
W, 2740, 46, 2012/11/01, 16:33:10.782, 367770327199, QTAgent32.exe, SLPlugin: Port 4503 already in use
W, 2740, 46, 2012/11/01, 16:33:10.782, 367770330440, QTAgent32.exe, SLPlugin: Port 943 already in use
W, 2740, 46, 2012/11/01, 16:33:11.285, 367777533473, QTAgent32.exe, IEDOM : StopSession of the plugin called before StartSession
W, 2740, 46, 2012/11/01, 16:33:11.285, 367777534602, QTAgent32.exe, UIA : StopSession of the plugin called before StartSession
W, 2740, 46, 2012/11/01, 16:33:11.285, 367777535309, QTAgent32.exe, SLPlugin : StopSession of the plugin called before StartSession
</DebugTrace>
        <ErrorInfo>
          <Message>Initialization method TestProject7.TamAutotest.StartTest threw exception. Microsoft.VisualStudio.TestTools.UITest.Extension.FailedToLaunchApplicationException: Microsoft.VisualStudio.TestTools.UITest.Extension.FailedToLaunchApplicationException: "The application cannot be started. This could be due to one of the following reasons:
1) Another instance of the application is already running and only one instance can be running at a time.
2) The application started another process and has now stopped. You may need to launch the process directly.
3) You do not have sufficient privileges for this application." File: C:\APPLIED\WINTAM\HOMEBASE.EXE..</Message>
          <StackTrace>    at Microsoft.VisualStudio.TestTools.UITesting.ApplicationUnderTest.ThrowIfProcessNotValid(Process process)
   at Microsoft.VisualStudio.TestTools.UITesting.ApplicationUnderTest.Start(ProcessStartInfo startInfo)
   at Microsoft.VisualStudio.TestTools.UITesting.ApplicationUnderTest..ctor(String fileName, String alternateFileName, String arguments)
   at Microsoft.VisualStudio.TestTools.UITesting.ApplicationUnderTest.Launch(String fileName, String alternateFileName)
   at TestProject7.UIMap.Login_new() in C:\Users\peter.zenin-ad\Desktop\TestProject7\TestProject7\UIMap.Designer.cs:line 1961
   at TestProject7.TamAutotest.StartTest() in C:\Users\peter.zenin-ad\Desktop\TestProject7\TestProject7\CodedUITest1.cs:line 30
</StackTrace>
        </ErrorInfo>
      </Output>
    </UnitTestResult>
    <UnitTestResult executionId="34a0de96-efdc-481e-af50-1b6c7aad06d9" testId="07cf762e-0596-8be3-6b38-ed80b9a02463" testName="MotoTest8" computerName="ICLVDEVAP01" duration="00:00:00.5119355" startTime="2012-11-01T16:33:11.2929777+00:00" endTime="2012-11-01T16:33:11.8330317+00:00" testType="13cdc9d9-ddb5-4fa4-a97d-d965ccfc6d4b" outcome="Failed" testListId="8c84fa94-04c1-424b-9868-57a2d4851a1d" relativeResultsDirectory="34a0de96-efdc-481e-af50-1b6c7aad06d9">
      <Output>
        <DebugTrace>W, 2740, 52, 2012/11/01, 16:33:11.322, 367778056653, QTAgent32.exe, ExtensionFramework : A Technology Manager with name Web is already registered.
W, 2740, 52, 2012/11/01, 16:33:11.326, 367778126459, QTAgent32.exe, SLPlugin: Port 4503 already in use
W, 2740, 52, 2012/11/01, 16:33:11.327, 367778129881, QTAgent32.exe, SLPlugin: Port 943 already in use
W, 2740, 52, 2012/11/01, 16:33:11.831, 367785337831, QTAgent32.exe, IEDOM : StopSession of the plugin called before StartSession
W, 2740, 52, 2012/11/01, 16:33:11.831, 367785339087, QTAgent32.exe, UIA : StopSession of the plugin called before StartSession
W, 2740, 52, 2012/11/01, 16:33:11.831, 367785339791, QTAgent32.exe, SLPlugin : StopSession of the plugin called before StartSession
</DebugTrace>
        <ErrorInfo>
          <Message>Initialization method TestProject7.TamAutotest.StartTest threw exception. Microsoft.VisualStudio.TestTools.UITest.Extension.FailedToLaunchApplicationException: Microsoft.VisualStudio.TestTools.UITest.Extension.FailedToLaunchApplicationException: "The application cannot be started. This could be due to one of the following reasons:
1) Another instance of the application is already running and only one instance can be running at a time.
2) The application started another process and has now stopped. You may need to launch the process directly.
3) You do not have sufficient privileges for this application." File: C:\APPLIED\WINTAM\HOMEBASE.EXE..</Message>
          <StackTrace>    at Microsoft.VisualStudio.TestTools.UITesting.ApplicationUnderTest.ThrowIfProcessNotValid(Process process)
   at Microsoft.VisualStudio.TestTools.UITesting.ApplicationUnderTest.Start(ProcessStartInfo startInfo)
   at Microsoft.VisualStudio.TestTools.UITesting.ApplicationUnderTest..ctor(String fileName, String alternateFileName, String arguments)
   at Microsoft.VisualStudio.TestTools.UITesting.ApplicationUnderTest.Launch(String fileName, String alternateFileName)
   at TestProject7.UIMap.Login_new() in C:\Users\peter.zenin-ad\Desktop\TestProject7\TestProject7\UIMap.Designer.cs:line 1961
   at TestProject7.TamAutotest.StartTest() in C:\Users\peter.zenin-ad\Desktop\TestProject7\TestProject7\CodedUITest1.cs:line 30
</StackTrace>
        </ErrorInfo>
      </Output>
    </UnitTestResult>
    <UnitTestResult executionId="98364624-97b6-48bf-8f42-ddcd5162b86f" testId="1820a643-3d71-abad-9636-2b810c74ae19" testName="MotoTest9" computerName="ICLVDEVAP01" duration="00:00:00.5118420" startTime="2012-11-01T16:33:11.8380322+00:00" endTime="2012-11-01T16:33:12.3530837+00:00" testType="13cdc9d9-ddb5-4fa4-a97d-d965ccfc6d4b" outcome="Failed" testListId="8c84fa94-04c1-424b-9868-57a2d4851a1d" relativeResultsDirectory="98364624-97b6-48bf-8f42-ddcd5162b86f">
      <Output>
        <DebugTrace>W, 2740, 44, 2012/11/01, 16:33:11.842, 367785500493, QTAgent32.exe, ExtensionFramework : A Technology Manager with name Web is already registered.
W, 2740, 44, 2012/11/01, 16:33:11.847, 367785568393, QTAgent32.exe, SLPlugin: Port 4503 already in use
W, 2740, 44, 2012/11/01, 16:33:11.847, 367785571626, QTAgent32.exe, SLPlugin: Port 943 already in use
W, 2740, 44, 2012/11/01, 16:33:12.351, 367792784911, QTAgent32.exe, IEDOM : StopSession of the plugin called before StartSession
W, 2740, 44, 2012/11/01, 16:33:12.351, 367792786172, QTAgent32.exe, UIA : StopSession of the plugin called before StartSession
W, 2740, 44, 2012/11/01, 16:33:12.351, 367792786910, QTAgent32.exe, SLPlugin : StopSession of the plugin called before StartSession
</DebugTrace>
        <ErrorInfo>
          <Message>Initialization method TestProject7.TamAutotest.StartTest threw exception. Microsoft.VisualStudio.TestTools.UITest.Extension.FailedToLaunchApplicationException: Microsoft.VisualStudio.TestTools.UITest.Extension.FailedToLaunchApplicationException: "The application cannot be started. This could be due to one of the following reasons:
1) Another instance of the application is already running and only one instance can be running at a time.
2) The application started another process and has now stopped. You may need to launch the process directly.
3) You do not have sufficient privileges for this application." File: C:\APPLIED\WINTAM\HOMEBASE.EXE..</Message>
          <StackTrace>    at Microsoft.VisualStudio.TestTools.UITesting.ApplicationUnderTest.ThrowIfProcessNotValid(Process process)
   at Microsoft.VisualStudio.TestTools.UITesting.ApplicationUnderTest.Start(ProcessStartInfo startInfo)
   at Microsoft.VisualStudio.TestTools.UITesting.ApplicationUnderTest..ctor(String fileName, String alternateFileName, String arguments)
   at Microsoft.VisualStudio.TestTools.UITesting.ApplicationUnderTest.Launch(String fileName, String alternateFileName)
   at TestProject7.UIMap.Login_new() in C:\Users\peter.zenin-ad\Desktop\TestProject7\TestProject7\UIMap.Designer.cs:line 1961
   at TestProject7.TamAutotest.StartTest() in C:\Users\peter.zenin-ad\Desktop\TestProject7\TestProject7\CodedUITest1.cs:line 30
</StackTrace>
        </ErrorInfo>
      </Output>
    </UnitTestResult>
  </Results>
</TestRun>