<?xml version="1.0" encoding="UTF-8"?>
<TestRun id="1e3778f0-c3d2-41e1-8505-48e80c000f81" name="peter.zenin-ad@ICLVDEVAP01 2012-11-02 15:51:57" runUser="INSUR-E\peter.zenin-ad" xmlns="http://microsoft.com/schemas/VisualStudio/TeamTest/2010">
  <TestSettings name="Default Test Settings" id="7cf7ae79-b288-4609-868a-ccb03d2ef2be">
    <Execution>
      <TestTypeSpecific />
      <AgentRule name="Execution Agents">
      </AgentRule>
    </Execution>
    <Deployment runDeploymentRoot="peter.zenin-ad_ICLVDEVAP01 2012-11-02 15_51_57" />
  </TestSettings>
  <Times creation="2012-11-02T15:51:57.7585348+00:00" queuing="2012-11-02T15:51:58.1485523+00:00" start="2012-11-02T15:51:58.2109551+00:00" finish="2012-11-02T15:53:09.8649702+00:00" />
  <ResultSummary outcome="Aborted">
    <Counters total="23" executed="1" error="0" failed="0" timeout="0" aborted="1" inconclusive="0" passedButRunAborted="0" notRunnable="0" notExecuted="22" disconnected="0" warning="0" passed="0" completed="0" inProgress="0" pending="0" />
  </ResultSummary>
  <TestDefinitions>
    <UnitTest name="HouseTest4" storage="testproject7.dll" id="ff0c96a1-2fee-7235-6d80-2186de4b80b7">
      <Execution id="7a9f2d81-1ae6-4a85-945c-ca7ca0c0357a" />
      <TestMethod codeBase="C:/TestProject7/TestProject7/bin/Debug/TestProject7.dll" adapterTypeName="Microsoft.VisualStudio.TestTools.TestTypes.Unit.UnitTestAdapter, Microsoft.VisualStudio.QualityTools.Tips.UnitTest.Adapter, Version=10.0.0.0, Culture=neutral, PublicKeyToken=b03f5f7f11d50a3a" className="TestProject7.TamAutotest, TestProject7, Version=1.0.0.0, Culture=neutral, PublicKeyToken=null" name="HouseTest4" />
      <Extension>Microsoft.VisualStudio.TestTools.UITesting.CodedUITestAttribute, Microsoft.VisualStudio.QualityTools.CodedUITestFramework, Version=10.0.0.0, Culture=neutral, PublicKeyToken=b03f5f7f11d50a3a</Extension>
    </UnitTest>
    <UnitTest name="MotoTest2" storage="testproject7.dll" id="6a41f98c-60c7-3333-a5a3-d5d87b5c35c7">
      <Execution id="82ad6f29-3972-4a6b-aec1-067d00da8d5d" />
      <TestMethod codeBase="C:/TestProject7/TestProject7/bin/Debug/TestProject7.dll" adapterTypeName="Microsoft.VisualStudio.TestTools.TestTypes.Unit.UnitTestAdapter, Microsoft.VisualStudio.QualityTools.Tips.UnitTest.Adapter, Version=10.0.0.0, Culture=neutral, PublicKeyToken=b03f5f7f11d50a3a" className="TestProject7.TamAutotest, TestProject7, Version=1.0.0.0, Culture=neutral, PublicKeyToken=null" name="MotoTest2" />
      <Extension>Microsoft.VisualStudio.TestTools.UITesting.CodedUITestAttribute, Microsoft.VisualStudio.QualityTools.CodedUITestFramework, Version=10.0.0.0, Culture=neutral, PublicKeyToken=b03f5f7f11d50a3a</Extension>
    </UnitTest>
    <UnitTest name="HouseTest3" storage="testproject7.dll" id="aa9bc056-c0ff-30da-3884-b0617a17e15e">
      <Execution id="af7f489d-fc50-4742-a0b7-ac4956a0bc99" />
      <TestMethod codeBase="C:/TestProject7/TestProject7/bin/Debug/TestProject7.dll" adapterTypeName="Microsoft.VisualStudio.TestTools.TestTypes.Unit.UnitTestAdapter, Microsoft.VisualStudio.QualityTools.Tips.UnitTest.Adapter, Version=10.0.0.0, Culture=neutral, PublicKeyToken=b03f5f7f11d50a3a" className="TestProject7.TamAutotest, TestProject7, Version=1.0.0.0, Culture=neutral, PublicKeyToken=null" name="HouseTest3" />
      <Extension>Microsoft.VisualStudio.TestTools.UITesting.CodedUITestAttribute, Microsoft.VisualStudio.QualityTools.CodedUITestFramework, Version=10.0.0.0, Culture=neutral, PublicKeyToken=b03f5f7f11d50a3a</Extension>
    </UnitTest>
    <UnitTest name="MotoTest4" storage="testproject7.dll" id="4e743fde-a814-86c0-27fd-8728ac2cb692">
      <Execution id="dcbf0e5e-87d9-4ee1-b0e4-c3d5cd55b5d2" />
      <TestMethod codeBase="C:/TestProject7/TestProject7/bin/Debug/TestProject7.dll" adapterTypeName="Microsoft.VisualStudio.TestTools.TestTypes.Unit.UnitTestAdapter, Microsoft.VisualStudio.QualityTools.Tips.UnitTest.Adapter, Version=10.0.0.0, Culture=neutral, PublicKeyToken=b03f5f7f11d50a3a" className="TestProject7.TamAutotest, TestProject7, Version=1.0.0.0, Culture=neutral, PublicKeyToken=null" name="MotoTest4" />
      <Extension>Microsoft.VisualStudio.TestTools.UITesting.CodedUITestAttribute, Microsoft.VisualStudio.QualityTools.CodedUITestFramework, Version=10.0.0.0, Culture=neutral, PublicKeyToken=b03f5f7f11d50a3a</Extension>
    </UnitTest>
    <UnitTest name="MotoTest7" storage="testproject7.dll" id="e022376f-b2fb-4981-6140-b019eeaa6c94">
      <Execution id="58e4ceb8-cf23-4bdb-97f2-e6783a2935d6" />
      <TestMethod codeBase="C:/TestProject7/TestProject7/bin/Debug/TestProject7.dll" adapterTypeName="Microsoft.VisualStudio.TestTools.TestTypes.Unit.UnitTestAdapter, Microsoft.VisualStudio.QualityTools.Tips.UnitTest.Adapter, Version=10.0.0.0, Culture=neutral, PublicKeyToken=b03f5f7f11d50a3a" className="TestProject7.TamAutotest, TestProject7, Version=1.0.0.0, Culture=neutral, PublicKeyToken=null" name="MotoTest7" />
      <Extension>Microsoft.VisualStudio.TestTools.UITesting.CodedUITestAttribute, Microsoft.VisualStudio.QualityTools.CodedUITestFramework, Version=10.0.0.0, Culture=neutral, PublicKeyToken=b03f5f7f11d50a3a</Extension>
    </UnitTest>
    <UnitTest name="MotoTest6" storage="testproject7.dll" id="b7f68495-37f9-58f0-5c9b-6e190b9adaa8">
      <Execution id="e3c65bda-42f4-4af9-b4a7-8b6988e4e76a" />
      <TestMethod codeBase="C:/TestProject7/TestProject7/bin/Debug/TestProject7.dll" adapterTypeName="Microsoft.VisualStudio.TestTools.TestTypes.Unit.UnitTestAdapter, Microsoft.VisualStudio.QualityTools.Tips.UnitTest.Adapter, Version=10.0.0.0, Culture=neutral, PublicKeyToken=b03f5f7f11d50a3a" className="TestProject7.TamAutotest, TestProject7, Version=1.0.0.0, Culture=neutral, PublicKeyToken=null" name="MotoTest6" />
      <Extension>Microsoft.VisualStudio.TestTools.UITesting.CodedUITestAttribute, Microsoft.VisualStudio.QualityTools.CodedUITestFramework, Version=10.0.0.0, Culture=neutral, PublicKeyToken=b03f5f7f11d50a3a</Extension>
    </UnitTest>
    <UnitTest name="MotoTest5" storage="testproject7.dll" id="10042bab-44aa-7cea-8ac0-06cc3b3adbb3">
      <Execution id="19980107-8f54-4f85-bd0b-8289b0154219" />
      <TestMethod codeBase="C:/TestProject7/TestProject7/bin/Debug/TestProject7.dll" adapterTypeName="Microsoft.VisualStudio.TestTools.TestTypes.Unit.UnitTestAdapter, Microsoft.VisualStudio.QualityTools.Tips.UnitTest.Adapter, Version=10.0.0.0, Culture=neutral, PublicKeyToken=b03f5f7f11d50a3a" className="TestProject7.TamAutotest, TestProject7, Version=1.0.0.0, Culture=neutral, PublicKeyToken=null" name="MotoTest5" />
      <Extension>Microsoft.VisualStudio.TestTools.UITesting.CodedUITestAttribute, Microsoft.VisualStudio.QualityTools.CodedUITestFramework, Version=10.0.0.0, Culture=neutral, PublicKeyToken=b03f5f7f11d50a3a</Extension>
    </UnitTest>
    <UnitTest name="HouseTest5" storage="testproject7.dll" id="99f569ef-86f3-fa96-82c3-e9993245d049">
      <Execution id="122592c6-074a-481b-bdd9-83a83510497f" />
      <TestMethod codeBase="C:/TestProject7/TestProject7/bin/Debug/TestProject7.dll" adapterTypeName="Microsoft.VisualStudio.TestTools.TestTypes.Unit.UnitTestAdapter, Microsoft.VisualStudio.QualityTools.Tips.UnitTest.Adapter, Version=10.0.0.0, Culture=neutral, PublicKeyToken=b03f5f7f11d50a3a" className="TestProject7.TamAutotest, TestProject7, Version=1.0.0.0, Culture=neutral, PublicKeyToken=null" name="HouseTest5" />
      <Extension>Microsoft.VisualStudio.TestTools.UITesting.CodedUITestAttribute, Microsoft.VisualStudio.QualityTools.CodedUITestFramework, Version=10.0.0.0, Culture=neutral, PublicKeyToken=b03f5f7f11d50a3a</Extension>
    </UnitTest>
    <UnitTest name="HouseTest2" storage="testproject7.dll" id="8f5b1340-58a6-e129-3b7d-c88835b7065d">
      <Execution id="c2eaaca8-bba4-4f2f-a6b0-83e2dbe281dd" />
      <TestMethod codeBase="C:/TestProject7/TestProject7/bin/Debug/TestProject7.dll" adapterTypeName="Microsoft.VisualStudio.TestTools.TestTypes.Unit.UnitTestAdapter, Microsoft.VisualStudio.QualityTools.Tips.UnitTest.Adapter, Version=10.0.0.0, Culture=neutral, PublicKeyToken=b03f5f7f11d50a3a" className="TestProject7.TamAutotest, TestProject7, Version=1.0.0.0, Culture=neutral, PublicKeyToken=null" name="HouseTest2" />
      <Extension>Microsoft.VisualStudio.TestTools.UITesting.CodedUITestAttribute, Microsoft.VisualStudio.QualityTools.CodedUITestFramework, Version=10.0.0.0, Culture=neutral, PublicKeyToken=b03f5f7f11d50a3a</Extension>
    </UnitTest>
    <UnitTest name="MotoTest1" storage="testproject7.dll" id="9e6b6d54-b79f-e7d9-2609-a84c350c12a1">
      <Execution id="d5c596ee-e18a-4b4e-88b3-da35105c5a40" />
      <TestMethod codeBase="C:/TestProject7/TestProject7/bin/Debug/TestProject7.dll" adapterTypeName="Microsoft.VisualStudio.TestTools.TestTypes.Unit.UnitTestAdapter, Microsoft.VisualStudio.QualityTools.Tips.UnitTest.Adapter, Version=10.0.0.0, Culture=neutral, PublicKeyToken=b03f5f7f11d50a3a" className="TestProject7.TamAutotest, TestProject7, Version=1.0.0.0, Culture=neutral, PublicKeyToken=null" name="MotoTest1" />
      <Extension>Microsoft.VisualStudio.TestTools.UITesting.CodedUITestAttribute, Microsoft.VisualStudio.QualityTools.CodedUITestFramework, Version=10.0.0.0, Culture=neutral, PublicKeyToken=b03f5f7f11d50a3a</Extension>
    </UnitTest>
    <UnitTest name="HouseTest1" storage="testproject7.dll" id="64ea79e0-cb1d-9a10-db69-a15b7769e7d8">
      <Execution id="b5d99260-0939-47cc-8393-db227ddd82f1" />
      <TestMethod codeBase="C:/TestProject7/TestProject7/bin/Debug/TestProject7.dll" adapterTypeName="Microsoft.VisualStudio.TestTools.TestTypes.Unit.UnitTestAdapter, Microsoft.VisualStudio.QualityTools.Tips.UnitTest.Adapter, Version=10.0.0.0, Culture=neutral, PublicKeyToken=b03f5f7f11d50a3a" className="TestProject7.TamAutotest, TestProject7, Version=1.0.0.0, Culture=neutral, PublicKeyToken=null" name="HouseTest1" />
      <Extension>Microsoft.VisualStudio.TestTools.UITesting.CodedUITestAttribute, Microsoft.VisualStudio.QualityTools.CodedUITestFramework, Version=10.0.0.0, Culture=neutral, PublicKeyToken=b03f5f7f11d50a3a</Extension>
    </UnitTest>
    <UnitTest name="HouseTest7" storage="testproject7.dll" id="cad41ea6-4986-f170-1def-22ab50e0fb0a">
      <Execution id="13cd1912-b9e2-4835-909b-0bc6ab8ebdf6" />
      <TestMethod codeBase="C:/TestProject7/TestProject7/bin/Debug/TestProject7.dll" adapterTypeName="Microsoft.VisualStudio.TestTools.TestTypes.Unit.UnitTestAdapter, Microsoft.VisualStudio.QualityTools.Tips.UnitTest.Adapter, Version=10.0.0.0, Culture=neutral, PublicKeyToken=b03f5f7f11d50a3a" className="TestProject7.TamAutotest, TestProject7, Version=1.0.0.0, Culture=neutral, PublicKeyToken=null" name="HouseTest7" />
      <Extension>Microsoft.VisualStudio.TestTools.UITesting.CodedUITestAttribute, Microsoft.VisualStudio.QualityTools.CodedUITestFramework, Version=10.0.0.0, Culture=neutral, PublicKeyToken=b03f5f7f11d50a3a</Extension>
    </UnitTest>
    <UnitTest name="MotoTest3" storage="testproject7.dll" id="450e4b2d-ad88-da3f-6d50-5c9a0ae1aa51">
      <Execution id="f57ac28e-57fe-43d6-be45-3134d49b1956" />
      <TestMethod codeBase="C:/TestProject7/TestProject7/bin/Debug/TestProject7.dll" adapterTypeName="Microsoft.VisualStudio.TestTools.TestTypes.Unit.UnitTestAdapter, Microsoft.VisualStudio.QualityTools.Tips.UnitTest.Adapter, Version=10.0.0.0, Culture=neutral, PublicKeyToken=b03f5f7f11d50a3a" className="TestProject7.TamAutotest, TestProject7, Version=1.0.0.0, Culture=neutral, PublicKeyToken=null" name="MotoTest3" />
      <Extension>Microsoft.VisualStudio.TestTools.UITesting.CodedUITestAttribute, Microsoft.VisualStudio.QualityTools.CodedUITestFramework, Version=10.0.0.0, Culture=neutral, PublicKeyToken=b03f5f7f11d50a3a</Extension>
    </UnitTest>
    <UnitTest name="MotoTest12" storage="testproject7.dll" id="614f56be-e9c0-f1e7-ad65-1f0b7d6a0f1c">
      <Execution id="2b0e014a-68da-4ea1-abee-62bf97e647c2" />
      <TestMethod codeBase="C:/TestProject7/TestProject7/bin/Debug/TestProject7.dll" adapterTypeName="Microsoft.VisualStudio.TestTools.TestTypes.Unit.UnitTestAdapter, Microsoft.VisualStudio.QualityTools.Tips.UnitTest.Adapter, Version=10.0.0.0, Culture=neutral, PublicKeyToken=b03f5f7f11d50a3a" className="TestProject7.TamAutotest, TestProject7, Version=1.0.0.0, Culture=neutral, PublicKeyToken=null" name="MotoTest12" />
      <Extension>Microsoft.VisualStudio.TestTools.UITesting.CodedUITestAttribute, Microsoft.VisualStudio.QualityTools.CodedUITestFramework, Version=10.0.0.0, Culture=neutral, PublicKeyToken=b03f5f7f11d50a3a</Extension>
    </UnitTest>
    <UnitTest name="HouseTest6" storage="testproject7.dll" id="aa8325da-50fe-092e-bd85-bbb5f1ac650a">
      <Execution id="82988776-f8f7-482b-9df1-24520b3a33b0" />
      <TestMethod codeBase="C:/TestProject7/TestProject7/bin/Debug/TestProject7.dll" adapterTypeName="Microsoft.VisualStudio.TestTools.TestTypes.Unit.UnitTestAdapter, Microsoft.VisualStudio.QualityTools.Tips.UnitTest.Adapter, Version=10.0.0.0, Culture=neutral, PublicKeyToken=b03f5f7f11d50a3a" className="TestProject7.TamAutotest, TestProject7, Version=1.0.0.0, Culture=neutral, PublicKeyToken=null" name="HouseTest6" />
      <Extension>Microsoft.VisualStudio.TestTools.UITesting.CodedUITestAttribute, Microsoft.VisualStudio.QualityTools.CodedUITestFramework, Version=10.0.0.0, Culture=neutral, PublicKeyToken=b03f5f7f11d50a3a</Extension>
    </UnitTest>
    <UnitTest name="MotoTest11" storage="testproject7.dll" id="0f4d10f2-7035-3d68-762a-b62c4853fb8a">
      <Execution id="e47ef901-0ce8-4746-9b5c-df098e45d109" />
      <TestMethod codeBase="C:/TestProject7/TestProject7/bin/Debug/TestProject7.dll" adapterTypeName="Microsoft.VisualStudio.TestTools.TestTypes.Unit.UnitTestAdapter, Microsoft.VisualStudio.QualityTools.Tips.UnitTest.Adapter, Version=10.0.0.0, Culture=neutral, PublicKeyToken=b03f5f7f11d50a3a" className="TestProject7.TamAutotest, TestProject7, Version=1.0.0.0, Culture=neutral, PublicKeyToken=null" name="MotoTest11" />
      <Extension>Microsoft.VisualStudio.TestTools.UITesting.CodedUITestAttribute, Microsoft.VisualStudio.QualityTools.CodedUITestFramework, Version=10.0.0.0, Culture=neutral, PublicKeyToken=b03f5f7f11d50a3a</Extension>
    </UnitTest>
    <UnitTest name="MotoTest8" storage="testproject7.dll" id="07cf762e-0596-8be3-6b38-ed80b9a02463">
      <Execution id="21c111a8-3064-4369-ad74-1df27870333c" />
      <TestMethod codeBase="C:/TestProject7/TestProject7/bin/Debug/TestProject7.dll" adapterTypeName="Microsoft.VisualStudio.TestTools.TestTypes.Unit.UnitTestAdapter, Microsoft.VisualStudio.QualityTools.Tips.UnitTest.Adapter, Version=10.0.0.0, Culture=neutral, PublicKeyToken=b03f5f7f11d50a3a" className="TestProject7.TamAutotest, TestProject7, Version=1.0.0.0, Culture=neutral, PublicKeyToken=null" name="MotoTest8" />
      <Extension>Microsoft.VisualStudio.TestTools.UITesting.CodedUITestAttribute, Microsoft.VisualStudio.QualityTools.CodedUITestFramework, Version=10.0.0.0, Culture=neutral, PublicKeyToken=b03f5f7f11d50a3a</Extension>
    </UnitTest>
    <UnitTest name="HouseTest10" storage="testproject7.dll" id="98368514-c48e-be24-398b-d9342dd6b274">
      <Execution id="9e888400-60f2-45fa-918e-8fad3e2d421b" />
      <TestMethod codeBase="C:/TestProject7/TestProject7/bin/Debug/TestProject7.dll" adapterTypeName="Microsoft.VisualStudio.TestTools.TestTypes.Unit.UnitTestAdapter, Microsoft.VisualStudio.QualityTools.Tips.UnitTest.Adapter, Version=10.0.0.0, Culture=neutral, PublicKeyToken=b03f5f7f11d50a3a" className="TestProject7.TamAutotest, TestProject7, Version=1.0.0.0, Culture=neutral, PublicKeyToken=null" name="HouseTest10" />
      <Extension>Microsoft.VisualStudio.TestTools.UITesting.CodedUITestAttribute, Microsoft.VisualStudio.QualityTools.CodedUITestFramework, Version=10.0.0.0, Culture=neutral, PublicKeyToken=b03f5f7f11d50a3a</Extension>
    </UnitTest>
    <UnitTest name="MotoTest10" storage="testproject7.dll" id="8efed318-945d-2a9d-e29d-a71a05da5660">
      <Execution id="1feea71f-aa6a-4285-bcd1-6a8598e078ff" />
      <TestMethod codeBase="C:/TestProject7/TestProject7/bin/Debug/TestProject7.dll" adapterTypeName="Microsoft.VisualStudio.TestTools.TestTypes.Unit.UnitTestAdapter, Microsoft.VisualStudio.QualityTools.Tips.UnitTest.Adapter, Version=10.0.0.0, Culture=neutral, PublicKeyToken=b03f5f7f11d50a3a" className="TestProject7.TamAutotest, TestProject7, Version=1.0.0.0, Culture=neutral, PublicKeyToken=null" name="MotoTest10" />
      <Extension>Microsoft.VisualStudio.TestTools.UITesting.CodedUITestAttribute, Microsoft.VisualStudio.QualityTools.CodedUITestFramework, Version=10.0.0.0, Culture=neutral, PublicKeyToken=b03f5f7f11d50a3a</Extension>
    </UnitTest>
    <UnitTest name="MotoTest9" storage="testproject7.dll" id="1820a643-3d71-abad-9636-2b810c74ae19">
      <Execution id="9e3ff824-8ffa-4e7d-ba0f-9003e18877cf" />
      <TestMethod codeBase="C:/TestProject7/TestProject7/bin/Debug/TestProject7.dll" adapterTypeName="Microsoft.VisualStudio.TestTools.TestTypes.Unit.UnitTestAdapter, Microsoft.VisualStudio.QualityTools.Tips.UnitTest.Adapter, Version=10.0.0.0, Culture=neutral, PublicKeyToken=b03f5f7f11d50a3a" className="TestProject7.TamAutotest, TestProject7, Version=1.0.0.0, Culture=neutral, PublicKeyToken=null" name="MotoTest9" />
      <Extension>Microsoft.VisualStudio.TestTools.UITesting.CodedUITestAttribute, Microsoft.VisualStudio.QualityTools.CodedUITestFramework, Version=10.0.0.0, Culture=neutral, PublicKeyToken=b03f5f7f11d50a3a</Extension>
    </UnitTest>
    <UnitTest name="HouseTest11" storage="testproject7.dll" id="1f5cea9c-51f4-0379-9851-579f986f33b2">
      <Execution id="3b7b613d-1a64-4651-b66a-05ceff875dd6" />
      <TestMethod codeBase="C:/TestProject7/TestProject7/bin/Debug/TestProject7.dll" adapterTypeName="Microsoft.VisualStudio.TestTools.TestTypes.Unit.UnitTestAdapter, Microsoft.VisualStudio.QualityTools.Tips.UnitTest.Adapter, Version=10.0.0.0, Culture=neutral, PublicKeyToken=b03f5f7f11d50a3a" className="TestProject7.TamAutotest, TestProject7, Version=1.0.0.0, Culture=neutral, PublicKeyToken=null" name="HouseTest11" />
      <Extension>Microsoft.VisualStudio.TestTools.UITesting.CodedUITestAttribute, Microsoft.VisualStudio.QualityTools.CodedUITestFramework, Version=10.0.0.0, Culture=neutral, PublicKeyToken=b03f5f7f11d50a3a</Extension>
    </UnitTest>
    <UnitTest name="HouseTest9" storage="testproject7.dll" id="b4c07ca4-d489-a213-d4df-1c267d591a59">
      <Execution id="2400d0d8-4cd4-4046-899c-1aee13200d73" />
      <TestMethod codeBase="C:/TestProject7/TestProject7/bin/Debug/TestProject7.dll" adapterTypeName="Microsoft.VisualStudio.TestTools.TestTypes.Unit.UnitTestAdapter, Microsoft.VisualStudio.QualityTools.Tips.UnitTest.Adapter, Version=10.0.0.0, Culture=neutral, PublicKeyToken=b03f5f7f11d50a3a" className="TestProject7.TamAutotest, TestProject7, Version=1.0.0.0, Culture=neutral, PublicKeyToken=null" name="HouseTest9" />
      <Extension>Microsoft.VisualStudio.TestTools.UITesting.CodedUITestAttribute, Microsoft.VisualStudio.QualityTools.CodedUITestFramework, Version=10.0.0.0, Culture=neutral, PublicKeyToken=b03f5f7f11d50a3a</Extension>
    </UnitTest>
    <UnitTest name="HouseTest8" storage="testproject7.dll" id="f90b30ce-fb72-514e-f606-6c0b8cb3f354">
      <Execution id="f0770a81-cf7a-4639-8803-812ae8772b98" />
      <TestMethod codeBase="C:/TestProject7/TestProject7/bin/Debug/TestProject7.dll" adapterTypeName="Microsoft.VisualStudio.TestTools.TestTypes.Unit.UnitTestAdapter, Microsoft.VisualStudio.QualityTools.Tips.UnitTest.Adapter, Version=10.0.0.0, Culture=neutral, PublicKeyToken=b03f5f7f11d50a3a" className="TestProject7.TamAutotest, TestProject7, Version=1.0.0.0, Culture=neutral, PublicKeyToken=null" name="HouseTest8" />
      <Extension>Microsoft.VisualStudio.TestTools.UITesting.CodedUITestAttribute, Microsoft.VisualStudio.QualityTools.CodedUITestFramework, Version=10.0.0.0, Culture=neutral, PublicKeyToken=b03f5f7f11d50a3a</Extension>
    </UnitTest>
  </TestDefinitions>
  <TestLists>
    <TestList name="Results Not in a List" id="8c84fa94-04c1-424b-9868-57a2d4851a1d" />
    <TestList name="All Loaded Results" id="19431567-8539-422a-85d7-44ee4e166bda" />
  </TestLists>
  <TestEntries>
    <TestEntry testId="64ea79e0-cb1d-9a10-db69-a15b7769e7d8" executionId="b5d99260-0939-47cc-8393-db227ddd82f1" testListId="8c84fa94-04c1-424b-9868-57a2d4851a1d" />
    <TestEntry testId="98368514-c48e-be24-398b-d9342dd6b274" executionId="9e888400-60f2-45fa-918e-8fad3e2d421b" testListId="8c84fa94-04c1-424b-9868-57a2d4851a1d" />
    <TestEntry testId="1f5cea9c-51f4-0379-9851-579f986f33b2" executionId="3b7b613d-1a64-4651-b66a-05ceff875dd6" testListId="8c84fa94-04c1-424b-9868-57a2d4851a1d" />
    <TestEntry testId="8f5b1340-58a6-e129-3b7d-c88835b7065d" executionId="c2eaaca8-bba4-4f2f-a6b0-83e2dbe281dd" testListId="8c84fa94-04c1-424b-9868-57a2d4851a1d" />
    <TestEntry testId="aa9bc056-c0ff-30da-3884-b0617a17e15e" executionId="af7f489d-fc50-4742-a0b7-ac4956a0bc99" testListId="8c84fa94-04c1-424b-9868-57a2d4851a1d" />
    <TestEntry testId="ff0c96a1-2fee-7235-6d80-2186de4b80b7" executionId="7a9f2d81-1ae6-4a85-945c-ca7ca0c0357a" testListId="8c84fa94-04c1-424b-9868-57a2d4851a1d" />
    <TestEntry testId="99f569ef-86f3-fa96-82c3-e9993245d049" executionId="122592c6-074a-481b-bdd9-83a83510497f" testListId="8c84fa94-04c1-424b-9868-57a2d4851a1d" />
    <TestEntry testId="aa8325da-50fe-092e-bd85-bbb5f1ac650a" executionId="82988776-f8f7-482b-9df1-24520b3a33b0" testListId="8c84fa94-04c1-424b-9868-57a2d4851a1d" />
    <TestEntry testId="cad41ea6-4986-f170-1def-22ab50e0fb0a" executionId="13cd1912-b9e2-4835-909b-0bc6ab8ebdf6" testListId="8c84fa94-04c1-424b-9868-57a2d4851a1d" />
    <TestEntry testId="f90b30ce-fb72-514e-f606-6c0b8cb3f354" executionId="f0770a81-cf7a-4639-8803-812ae8772b98" testListId="8c84fa94-04c1-424b-9868-57a2d4851a1d" />
    <TestEntry testId="b4c07ca4-d489-a213-d4df-1c267d591a59" executionId="2400d0d8-4cd4-4046-899c-1aee13200d73" testListId="8c84fa94-04c1-424b-9868-57a2d4851a1d" />
    <TestEntry testId="9e6b6d54-b79f-e7d9-2609-a84c350c12a1" executionId="d5c596ee-e18a-4b4e-88b3-da35105c5a40" testListId="8c84fa94-04c1-424b-9868-57a2d4851a1d" />
    <TestEntry testId="8efed318-945d-2a9d-e29d-a71a05da5660" executionId="1feea71f-aa6a-4285-bcd1-6a8598e078ff" testListId="8c84fa94-04c1-424b-9868-57a2d4851a1d" />
    <TestEntry testId="0f4d10f2-7035-3d68-762a-b62c4853fb8a" executionId="e47ef901-0ce8-4746-9b5c-df098e45d109" testListId="8c84fa94-04c1-424b-9868-57a2d4851a1d" />
    <TestEntry testId="614f56be-e9c0-f1e7-ad65-1f0b7d6a0f1c" executionId="2b0e014a-68da-4ea1-abee-62bf97e647c2" testListId="8c84fa94-04c1-424b-9868-57a2d4851a1d" />
    <TestEntry testId="6a41f98c-60c7-3333-a5a3-d5d87b5c35c7" executionId="82ad6f29-3972-4a6b-aec1-067d00da8d5d" testListId="8c84fa94-04c1-424b-9868-57a2d4851a1d" />
    <TestEntry testId="450e4b2d-ad88-da3f-6d50-5c9a0ae1aa51" executionId="f57ac28e-57fe-43d6-be45-3134d49b1956" testListId="8c84fa94-04c1-424b-9868-57a2d4851a1d" />
    <TestEntry testId="4e743fde-a814-86c0-27fd-8728ac2cb692" executionId="dcbf0e5e-87d9-4ee1-b0e4-c3d5cd55b5d2" testListId="8c84fa94-04c1-424b-9868-57a2d4851a1d" />
    <TestEntry testId="10042bab-44aa-7cea-8ac0-06cc3b3adbb3" executionId="19980107-8f54-4f85-bd0b-8289b0154219" testListId="8c84fa94-04c1-424b-9868-57a2d4851a1d" />
    <TestEntry testId="b7f68495-37f9-58f0-5c9b-6e190b9adaa8" executionId="e3c65bda-42f4-4af9-b4a7-8b6988e4e76a" testListId="8c84fa94-04c1-424b-9868-57a2d4851a1d" />
    <TestEntry testId="e022376f-b2fb-4981-6140-b019eeaa6c94" executionId="58e4ceb8-cf23-4bdb-97f2-e6783a2935d6" testListId="8c84fa94-04c1-424b-9868-57a2d4851a1d" />
    <TestEntry testId="07cf762e-0596-8be3-6b38-ed80b9a02463" executionId="21c111a8-3064-4369-ad74-1df27870333c" testListId="8c84fa94-04c1-424b-9868-57a2d4851a1d" />
    <TestEntry testId="1820a643-3d71-abad-9636-2b810c74ae19" executionId="9e3ff824-8ffa-4e7d-ba0f-9003e18877cf" testListId="8c84fa94-04c1-424b-9868-57a2d4851a1d" />
  </TestEntries>
  <Results>
    <UnitTestResult executionId="b5d99260-0939-47cc-8393-db227ddd82f1" testId="64ea79e0-cb1d-9a10-db69-a15b7769e7d8" testName="HouseTest1" computerName="ICLVDEVAP01" duration="00:00:48.5805798" startTime="2012-11-02T15:51:58.2109551+00:00" endTime="2012-11-02T15:52:46.7915349+00:00" testType="13cdc9d9-ddb5-4fa4-a97d-d965ccfc6d4b" outcome="Aborted" testListId="8c84fa94-04c1-424b-9868-57a2d4851a1d" relativeResultsDirectory="b5d99260-0939-47cc-8393-db227ddd82f1">
      <Output>
        <DebugTrace>W, 3796, 13, 2012/11/02, 15:51:58.803, 1573830066776, QTAgent32.exe, ExtensionFramework : A Technology Manager with name Web is already registered.
W, 3796, 13, 2012/11/02, 15:51:59.942, 1573846222268, QTAgent32.exe, &lt;a class=success&gt;Playback - {1} [SUCCESS] MouseButtonClick - "[MSAA, VisibleOnly]ControlType='Edit'"
\0&lt;/a&gt;
W, 3796, 13, 2012/11/02, 15:52:00.207, 1573850017709, QTAgent32.exe, &lt;a class=success&gt;Playback - {2} [SUCCESS] SendKeys "[*]" - "[MSAA, VisibleOnly]ControlType='Edit'"
\0&lt;/a&gt;
W, 3796, 13, 2012/11/02, 15:52:01.097, 1573862923528, QTAgent32.exe, &lt;a class=success&gt;Playback - {3} [SUCCESS] MouseButtonClick - "[MSAA, VisibleOnly]ControlType='Button' &amp;&amp; Name='OK'"
\0&lt;/a&gt;
W, 3796, 13, 2012/11/02, 15:52:01.783, 1573872709571, QTAgent32.exe, &lt;a class=success&gt;Playback - {4} [SUCCESS] MouseButtonClick - "[MSAA, VisibleOnly]ControlType='Button' &amp;&amp; Name='OK'"
\0&lt;/a&gt;
W, 3796, 13, 2012/11/02, 15:52:02.251, 1573879374075, QTAgent32.exe, &lt;a class=success&gt;Playback - {5} [SUCCESS] MouseButtonClick - "[MSAA, VisibleOnly]ControlType='Button' &amp;&amp; Name='Clients &amp; Files'"
\0&lt;/a&gt;
W, 3796, 13, 2012/11/02, 15:52:02.703, 1573885762038, QTAgent32.exe, &lt;a class=success&gt;Playback - {6} [SUCCESS] MouseButtonClick - "[MSAA, VisibleOnly]ControlType='Button' &amp;&amp; Name='Clients &amp; Files'"
\0&lt;/a&gt;
W, 3796, 13, 2012/11/02, 15:52:03.125, 1573891953846, QTAgent32.exe, Playback - [WARNING] Internal warning: Window Not Found: [VisibleOnly]ControlType='Window' &amp;&amp; Name='Customer: txt1 tdsfs' &amp;&amp; ClassName='ThunderRT6MDIForm'
\0
E, 3796, 13, 2012/11/02, 15:52:03.125, 1573891956837, QTAgent32.exe, &lt;a class=failure&gt;Playback - {7} [FAILED] Function ElementFetcher::FindScreenElement failed to locate UI element (Searching: ;[VisibleOnly]ControlType='Window' &amp;&amp; Name='Customer: txt1 tdsfs' &amp;&amp; ClassName='ThunderRT6MDIForm') (The object specified was not found.)
\0&lt;/a&gt;
E, 3796, 13, 2012/11/02, 15:52:03.281, 1573894195680, QTAgent32.exe, Playback - [IMAGE] C:\Users\peter.zenin-ad\AppData\Local\Temp\UITestLogs\LastRun\RPF951F.png
\0
W, 3796, 13, 2012/11/02, 15:52:03.281, 1573894197760, QTAgent32.exe, Playback - [WARNING] Internal warning: Couldn't find descendants that match QueryId
\0
W, 3796, 13, 2012/11/02, 15:52:21.299, 1574152189093, QTAgent32.exe, Playback - [WARNING] Internal warning: Window Not Found: [VisibleOnly]ControlType='Window' &amp;&amp; Name='Customer: txt1 tdsfs' &amp;&amp; ClassName='ThunderRT6MDIForm'
\0
E, 3796, 13, 2012/11/02, 15:52:21.299, 1574152191946, QTAgent32.exe, &lt;a class=failure&gt;Playback - {8} [FAILED] Function ElementFetcher::FindScreenElement failed to locate UI element (Searching: ;[VisibleOnly]ControlType='Window' &amp;&amp; Name='Customer: txt1 tdsfs' &amp;&amp; ClassName='ThunderRT6MDIForm') (The object specified was not found.)
\0&lt;/a&gt;
E, 3796, 13, 2012/11/02, 15:52:21.440, 1574154150677, QTAgent32.exe, Playback - [IMAGE] C:\Users\peter.zenin-ad\AppData\Local\Temp\UITestLogs\LastRun\RPFDC1E.png
\0
W, 3796, 13, 2012/11/02, 15:52:21.440, 1574154152625, QTAgent32.exe, Playback - [WARNING] Internal warning: Couldn't find descendants that match QueryId
\0
W, 3796, 13, 2012/11/02, 15:52:21.440, 1574154155569, QTAgent32.exe, PERF WARNING: FindTopLevelWindowHelper::FindAllDescendents: took 18154 ms. Expected it to take maximum 500 ms.
W, 3796, 13, 2012/11/02, 15:52:22.220, 1574165274158, QTAgent32.exe, Playback - [WARNING] Internal warning: Window with Class "ThunderRT6MDIForm" and Title "Customer: txt1 tdsfs" was not found, so similar window with Class "ThunderRT6MDIForm" and Title "Customer: autotest" was accepted
\0
W, 3796, 13, 2012/11/02, 15:52:22.220, 1574165278006, QTAgent32.exe, PERF WARNING: FindTopLevelWindowHelper::FindAllDescendents: took 776 ms. Expected it to take maximum 500 ms.
W, 3796, 13, 2012/11/02, 15:52:23.827, 1574188291968, QTAgent32.exe, Playback - [WARNING] Internal warning: Incorrect flag set for InvokeProgrammaticAction\0
W, 3796, 13, 2012/11/02, 15:52:24.154, 1574192903681, QTAgent32.exe, &lt;a class=success&gt;Playback - {9} [SUCCESS] SetValueAsComboBox "Customers" - "[MSAA, VisibleOnly]ControlType='ComboBox'"  &lt; SetValueAsComboBox, set by clicking on the item in the list box &gt;
\0&lt;/a&gt;
W, 3796, 13, 2012/11/02, 15:52:24.810, 1574202436233, QTAgent32.exe, &lt;a class=success&gt;Playback - {10} [SUCCESS] MouseButtonClick - "[MSAA, VisibleOnly]ControlType='Button' &amp;&amp; Name='Add'"
\0&lt;/a&gt;
W, 3796, 13, 2012/11/02, 15:52:25.215, 1574208070335, QTAgent32.exe, &lt;a class=success&gt;Playback - {11} [SUCCESS] SendKeys "autotest" - "[MSAA, VisibleOnly]ControlType='RadioButton' &amp;&amp; Name='Personal Lines'"
\0&lt;/a&gt;
E, 3796, 13, 2012/11/02, 15:52:25.356, 1574210164170, QTAgent32.exe, LoadLibrary() : Unable to find the resource 37382 from assembly C:\Windows\system32\en-US\ieframe.dll.mui: Error1814
E, 3796, 13, 2012/11/02, 15:52:25.356, 1574210169769, QTAgent32.exe, LoadLibrary() : Unable to find the resource 41728 from assembly C:\Windows\system32\en-US\ieframe.dll.mui: Error1814
E, 3796, 13, 2012/11/02, 15:52:25.356, 1574210172005, QTAgent32.exe, LoadLibrary() : Unable to find the resource 8131 from assembly C:\Windows\system32\en-US\ieframe.dll.mui: Error1814
E, 3796, 13, 2012/11/02, 15:52:25.356, 1574210174353, QTAgent32.exe, LoadLibrary() : Unable to find the resource 8131 from assembly C:\Windows\system32\en-US\ieframe.dll.mui: Error1814
E, 3796, 13, 2012/11/02, 15:52:25.356, 1574210178058, QTAgent32.exe, LoadLibrary() : Unable to find the resource 8131 from assembly C:\Windows\system32\en-US\ieframe.dll.mui: Error1814
E, 3796, 13, 2012/11/02, 15:52:25.356, 1574210182840, QTAgent32.exe, LoadLibrary() : Unable to find the resource 803 from assembly C:\Windows\system32\en-US\user32.dll.mui: Error1814
W, 3796, 13, 2012/11/02, 15:52:25.730, 1574215444232, QTAgent32.exe, &lt;a class=success&gt;Playback - {12} [SUCCESS] SetValueAsEditBox "autotest" - "[MSAA, VisibleOnly]ControlType='Edit'"  &lt; Set via SendKeys &gt;
\0&lt;/a&gt;
W, 3796, 13, 2012/11/02, 15:52:26.245, 1574222925950, QTAgent32.exe, &lt;a class=success&gt;Playback - {13} [SUCCESS] MouseButtonClick - "[MSAA, VisibleOnly]ControlType='Button' &amp;&amp; Name='OK'"
\0&lt;/a&gt;
W, 3796, 13, 2012/11/02, 15:52:26.822, 1574231121433, QTAgent32.exe, &lt;a class=success&gt;Playback - {14} [SUCCESS] MouseButtonClick - "[MSAA, VisibleOnly]ControlType='Button' &amp;&amp; Name='Yes'"
\0&lt;/a&gt;
W, 3796, 13, 2012/11/02, 15:52:27.041, 1574234204357, QTAgent32.exe, &lt;a class=success&gt;Playback - {15} [SUCCESS] SendKeys "^{HOME}" - "[MSAA, VisibleOnly]ControlType='Edit'"
\0&lt;/a&gt;
E, 3796, 13, 2012/11/02, 15:52:27.041, 1574234240762, QTAgent32.exe, Msaa.GetFocusedElement: could not find accessible object of foreground window
W, 3796, 13, 2012/11/02, 15:52:27.134, 1574235542996, QTAgent32.exe, &lt;a class=success&gt;Playback - {16} [SUCCESS] SendKeys "^+{END}" - "[MSAA, VisibleOnly]ControlType='Edit'"
\0&lt;/a&gt;
E, 3796, 13, 2012/11/02, 15:52:27.134, 1574235545810, QTAgent32.exe, Msaa.GetFocusedElement: could not find accessible object of foreground window
W, 3796, 13, 2012/11/02, 15:52:27.165, 1574235993551, QTAgent32.exe, &lt;a class=success&gt;Playback - {17} [SUCCESS] SendKeys "{DELETE}" - "[MSAA, VisibleOnly]ControlType='Edit'"
\0&lt;/a&gt;
W, 3796, 13, 2012/11/02, 15:52:27.243, 1574237111362, QTAgent32.exe, &lt;a class=success&gt;Playback - {18} [SUCCESS] SetValueAsEditBox "1" - "[MSAA, VisibleOnly]ControlType='Edit'"  &lt; Set via SendKeys &gt;
\0&lt;/a&gt;
W, 3796, 13, 2012/11/02, 15:52:27.462, 1574240234892, QTAgent32.exe, &lt;a class=success&gt;Playback - {19} [SUCCESS] SendKeys "^{HOME}" - "[MSAA, VisibleOnly]ControlType='Edit'"
\0&lt;/a&gt;
E, 3796, 13, 2012/11/02, 15:52:27.462, 1574240237454, QTAgent32.exe, Msaa.GetFocusedElement: could not find accessible object of foreground window
W, 3796, 13, 2012/11/02, 15:52:27.555, 1574241574066, QTAgent32.exe, &lt;a class=success&gt;Playback - {20} [SUCCESS] SendKeys "^+{END}" - "[MSAA, VisibleOnly]ControlType='Edit'"
\0&lt;/a&gt;
E, 3796, 13, 2012/11/02, 15:52:27.555, 1574241576136, QTAgent32.exe, Msaa.GetFocusedElement: could not find accessible object of foreground window
W, 3796, 13, 2012/11/02, 15:52:27.571, 1574241798535, QTAgent32.exe, &lt;a class=success&gt;Playback - {21} [SUCCESS] SendKeys "{DELETE}" - "[MSAA, VisibleOnly]ControlType='Edit'"
\0&lt;/a&gt;
W, 3796, 13, 2012/11/02, 15:52:27.649, 1574242919254, QTAgent32.exe, &lt;a class=success&gt;Playback - {22} [SUCCESS] SetValueAsEditBox "1" - "[MSAA, VisibleOnly]ControlType='Edit'"  &lt; Set via SendKeys &gt;
\0&lt;/a&gt;
W, 3796, 13, 2012/11/02, 15:52:28.304, 1574252379912, QTAgent32.exe, &lt;a class=success&gt;Playback - {23} [SUCCESS] MouseButtonClick - "[MSAA, VisibleOnly]ControlType='Button' &amp;&amp; Name='OK'"
\0&lt;/a&gt;
W, 3796, 13, 2012/11/02, 15:52:28.850, 1574260122109, QTAgent32.exe, &lt;a class=success&gt;Playback - {24} [SUCCESS] MouseButtonClick - "[MSAA, VisibleOnly]ControlType='Button'"
\0&lt;/a&gt;
W, 3796, 13, 2012/11/02, 15:52:29.365, 1574267488060, QTAgent32.exe, &lt;a class=success&gt;Playback - {25} [SUCCESS] MouseButtonClick - "[MSAA, VisibleOnly]ControlType='Button' &amp;&amp; Name='Add'"
\0&lt;/a&gt;
W, 3796, 13, 2012/11/02, 15:52:29.880, 1574274998232, QTAgent32.exe, &lt;a class=success&gt;Playback - {26} [SUCCESS] MouseButtonClick - "[MSAA, VisibleOnly]ControlType='Button' &amp;&amp; Name='OK'"
\0&lt;/a&gt;
W, 3796, 13, 2012/11/02, 15:52:32.360, 1574310372695, QTAgent32.exe, &lt;a class=success&gt;Playback - {27} [SUCCESS] MouseButtonClick - "[MSAA, VisibleOnly,Window]ControlType='Window' &amp;&amp; ClassName='ThunderRT6TextBox'"
\0&lt;/a&gt;
W, 3796, 13, 2012/11/02, 15:52:32.704, 1574315289970, QTAgent32.exe, &lt;a class=success&gt;Playback - {28} [SUCCESS] SetValueAsEditBox "HOME" - "[MSAA, VisibleOnly]ControlType='Edit'"  &lt; Set via SendKeys &gt;
\0&lt;/a&gt;
W, 3796, 13, 2012/11/02, 15:52:33.218, 1574322692597, QTAgent32.exe, &lt;a class=success&gt;Playback - {29} [SUCCESS] MouseButtonClick - "[MSAA, VisibleOnly]ControlType='Button' &amp;&amp; Name='OK'"
\0&lt;/a&gt;
W, 3796, 13, 2012/11/02, 15:52:33.764, 1574330598768, QTAgent32.exe, &lt;a class=success&gt;Playback - {30} [SUCCESS] MouseButtonClick - "[MSAA, VisibleOnly]ControlType='Button' &amp;&amp; Name='Options'"
\0&lt;/a&gt;
W, 3796, 13, 2012/11/02, 15:52:33.874, 1574332106250, QTAgent32.exe, FindScreenElementInSinglePass : Attempting to find control in one pass of search. Failures can occur.
W, 3796, 13, 2012/11/02, 15:52:34.186, 1574336507535, QTAgent32.exe, &lt;a class=success&gt;Playback - {31} [SUCCESS] MouseButtonClick - "[MSAA]ControlType='MenuItem' &amp;&amp; Name='Links'"
\0&lt;/a&gt;
W, 3796, 13, 2012/11/02, 15:52:34.295, 1574338073681, QTAgent32.exe, FindScreenElementInSinglePass : Attempting to find control in one pass of search. Failures can occur.
W, 3796, 13, 2012/11/02, 15:52:34.498, 1574340971457, QTAgent32.exe, &lt;a class=success&gt;Playback - {32} [SUCCESS] MouseButtonClick - "[MSAA]ControlType='MenuItem' &amp;&amp; Name='3rd Party Integration'"
\0&lt;/a&gt;
W, 3796, 13, 2012/11/02, 15:52:34.607, 1574342540112, QTAgent32.exe, FindScreenElementInSinglePass : Attempting to find control in one pass of search. Failures can occur.
W, 3796, 13, 2012/11/02, 15:52:34.794, 1574345242648, QTAgent32.exe, &lt;a class=success&gt;Playback - {33} [SUCCESS] MouseButtonClick - "[MSAA]ControlType='MenuItem' &amp;&amp; Name='Quote Select List'"
\0&lt;/a&gt;
W, 3796, 13, 2012/11/02, 15:52:36.495, 1574369620717, QTAgent32.exe, PERF WARNING: FindTopLevelWindowHelper::FindAllDescendents: took 1594 ms. Expected it to take maximum 500 ms.
W, 3796, 13, 2012/11/02, 15:52:37.290, 1574381118336, QTAgent32.exe, &lt;a class=success&gt;Playback - {34} [SUCCESS] MouseButtonClick - "[MSAA, VisibleOnly]ControlType='Button' &amp;&amp; Name='Ok'"
\0&lt;/a&gt;
W, 3796, 13, 2012/11/02, 15:52:41.502, 1574441279417, QTAgent32.exe, PERF WARNING: FindTopLevelWindowHelper::FindAllDescendents: took 4083 ms. Expected it to take maximum 500 ms.
W, 3796, 13, 2012/11/02, 15:52:41.783, 1574445286532, QTAgent32.exe, &lt;a class=success&gt;Playback - {35} [SUCCESS] SetValueAsEditBox "test1" - "[MSAA, VisibleOnly]ControlType='Edit'"  &lt; Set via SendKeys &gt;
\0&lt;/a&gt;
W, 3796, 13, 2012/11/02, 15:52:42.142, 1574450424112, QTAgent32.exe, &lt;a class=success&gt;Playback - {36} [SUCCESS] SetValueAsEditBox "test" - "[MSAA, VisibleOnly]ControlType='Edit'"  &lt; Set via SendKeys &gt;
\0&lt;/a&gt;
W, 3796, 13, 2012/11/02, 15:52:42.360, 1574453546460, QTAgent32.exe, &lt;a class=success&gt;Playback - {37} [SUCCESS] SendKeys "^{HOME}" - "[MSAA, VisibleOnly]ControlType='Edit'"
\0&lt;/a&gt;
E, 3796, 13, 2012/11/02, 15:52:42.360, 1574453549286, QTAgent32.exe, Msaa.GetFocusedElement: could not find accessible object of foreground window
W, 3796, 13, 2012/11/02, 15:52:42.438, 1574454665314, QTAgent32.exe, &lt;a class=success&gt;Playback - {38} [SUCCESS] SendKeys "^+{END}" - "[MSAA, VisibleOnly]ControlType='Edit'"
\0&lt;/a&gt;
E, 3796, 13, 2012/11/02, 15:52:42.438, 1574454667897, QTAgent32.exe, Msaa.GetFocusedElement: could not find accessible object of foreground window
E, 3796, 13, 2012/11/02, 15:52:42.438, 1574454668692, QTAgent32.exe, GetFocusedElementUsingThread returned null
E, 3796, 13, 2012/11/02, 15:52:42.438, 1574454702437, QTAgent32.exe, IsFocussedElement Failed: The control for this action was not recorded.
W, 3796, 13, 2012/11/02, 15:52:43.296, 1574466948820, QTAgent32.exe, &lt;a class=success&gt;Playback - {39} [SUCCESS] SendKeys "{HOME}" - "[MSAA, VisibleOnly]ControlType='Edit'"
\0&lt;/a&gt;
W, 3796, 13, 2012/11/02, 15:52:43.343, 1574467618584, QTAgent32.exe, &lt;a class=success&gt;Playback - {40} [SUCCESS] SendKeys "+{END}" - "[MSAA, VisibleOnly]ControlType='Edit'"
\0&lt;/a&gt;
W, 3796, 13, 2012/11/02, 15:52:43.359, 1574467842881, QTAgent32.exe, &lt;a class=success&gt;Playback - {41} [SUCCESS] SendKeys "{DELETE}" - "[MSAA, VisibleOnly]ControlType='Edit'"
\0&lt;/a&gt;
W, 3796, 13, 2012/11/02, 15:52:43.546, 1574470537730, QTAgent32.exe, &lt;a class=success&gt;Playback - {42} [SUCCESS] SetValueAsEditBox "test" - "[MSAA, VisibleOnly]ControlType='Edit'"  &lt; Set via SendKeys &gt;
\0&lt;/a&gt;
W, 3796, 13, 2012/11/02, 15:52:44.123, 1574478966658, QTAgent32.exe, Playback - [WARNING] Internal warning: Incorrect flag set for InvokeProgrammaticAction\0
W, 3796, 13, 2012/11/02, 15:52:44.451, 1574483490026, QTAgent32.exe, &lt;a class=success&gt;Playback - {43} [SUCCESS] SetValueAsComboBox "Account Director" - "[MSAA, VisibleOnly]ControlType='ComboBox'"  &lt; SetValueAsComboBox, set by clicking on the item in the list box &gt;
\0&lt;/a&gt;
W, 3796, 13, 2012/11/02, 15:52:45.028, 1574491941821, QTAgent32.exe, Playback - [WARNING] Internal warning: Incorrect flag set for InvokeProgrammaticAction\0
</DebugTrace>
        <ErrorInfo>
          <Message>User aborted test run.</Message>
        </ErrorInfo>
      </Output>
      <ResultFiles>
        <ResultFile path="ICLVDEVAP01\HouseTest1.png" />
      </ResultFiles>
    </UnitTestResult>
    <UnitTestResult executionId="9e888400-60f2-45fa-918e-8fad3e2d421b" testId="98368514-c48e-be24-398b-d9342dd6b274" testName="HouseTest10" computerName="ICLVDEVAP01" testType="13cdc9d9-ddb5-4fa4-a97d-d965ccfc6d4b" outcome="NotExecuted" testListId="8c84fa94-04c1-424b-9868-57a2d4851a1d" relativeResultsDirectory="9e888400-60f2-45fa-918e-8fad3e2d421b">
    </UnitTestResult>
    <UnitTestResult executionId="3b7b613d-1a64-4651-b66a-05ceff875dd6" testId="1f5cea9c-51f4-0379-9851-579f986f33b2" testName="HouseTest11" computerName="ICLVDEVAP01" testType="13cdc9d9-ddb5-4fa4-a97d-d965ccfc6d4b" outcome="NotExecuted" testListId="8c84fa94-04c1-424b-9868-57a2d4851a1d" relativeResultsDirectory="3b7b613d-1a64-4651-b66a-05ceff875dd6">
    </UnitTestResult>
    <UnitTestResult executionId="c2eaaca8-bba4-4f2f-a6b0-83e2dbe281dd" testId="8f5b1340-58a6-e129-3b7d-c88835b7065d" testName="HouseTest2" computerName="ICLVDEVAP01" testType="13cdc9d9-ddb5-4fa4-a97d-d965ccfc6d4b" outcome="NotExecuted" testListId="8c84fa94-04c1-424b-9868-57a2d4851a1d" relativeResultsDirectory="c2eaaca8-bba4-4f2f-a6b0-83e2dbe281dd">
    </UnitTestResult>
    <UnitTestResult executionId="af7f489d-fc50-4742-a0b7-ac4956a0bc99" testId="aa9bc056-c0ff-30da-3884-b0617a17e15e" testName="HouseTest3" computerName="ICLVDEVAP01" testType="13cdc9d9-ddb5-4fa4-a97d-d965ccfc6d4b" outcome="NotExecuted" testListId="8c84fa94-04c1-424b-9868-57a2d4851a1d" relativeResultsDirectory="af7f489d-fc50-4742-a0b7-ac4956a0bc99">
    </UnitTestResult>
    <UnitTestResult executionId="7a9f2d81-1ae6-4a85-945c-ca7ca0c0357a" testId="ff0c96a1-2fee-7235-6d80-2186de4b80b7" testName="HouseTest4" computerName="ICLVDEVAP01" testType="13cdc9d9-ddb5-4fa4-a97d-d965ccfc6d4b" outcome="NotExecuted" testListId="8c84fa94-04c1-424b-9868-57a2d4851a1d" relativeResultsDirectory="7a9f2d81-1ae6-4a85-945c-ca7ca0c0357a">
    </UnitTestResult>
    <UnitTestResult executionId="122592c6-074a-481b-bdd9-83a83510497f" testId="99f569ef-86f3-fa96-82c3-e9993245d049" testName="HouseTest5" computerName="ICLVDEVAP01" testType="13cdc9d9-ddb5-4fa4-a97d-d965ccfc6d4b" outcome="NotExecuted" testListId="8c84fa94-04c1-424b-9868-57a2d4851a1d" relativeResultsDirectory="122592c6-074a-481b-bdd9-83a83510497f">
    </UnitTestResult>
    <UnitTestResult executionId="82988776-f8f7-482b-9df1-24520b3a33b0" testId="aa8325da-50fe-092e-bd85-bbb5f1ac650a" testName="HouseTest6" computerName="ICLVDEVAP01" testType="13cdc9d9-ddb5-4fa4-a97d-d965ccfc6d4b" outcome="NotExecuted" testListId="8c84fa94-04c1-424b-9868-57a2d4851a1d" relativeResultsDirectory="82988776-f8f7-482b-9df1-24520b3a33b0">
    </UnitTestResult>
    <UnitTestResult executionId="13cd1912-b9e2-4835-909b-0bc6ab8ebdf6" testId="cad41ea6-4986-f170-1def-22ab50e0fb0a" testName="HouseTest7" computerName="ICLVDEVAP01" testType="13cdc9d9-ddb5-4fa4-a97d-d965ccfc6d4b" outcome="NotExecuted" testListId="8c84fa94-04c1-424b-9868-57a2d4851a1d" relativeResultsDirectory="13cd1912-b9e2-4835-909b-0bc6ab8ebdf6">
    </UnitTestResult>
    <UnitTestResult executionId="f0770a81-cf7a-4639-8803-812ae8772b98" testId="f90b30ce-fb72-514e-f606-6c0b8cb3f354" testName="HouseTest8" computerName="ICLVDEVAP01" testType="13cdc9d9-ddb5-4fa4-a97d-d965ccfc6d4b" outcome="NotExecuted" testListId="8c84fa94-04c1-424b-9868-57a2d4851a1d" relativeResultsDirectory="f0770a81-cf7a-4639-8803-812ae8772b98">
    </UnitTestResult>
    <UnitTestResult executionId="2400d0d8-4cd4-4046-899c-1aee13200d73" testId="b4c07ca4-d489-a213-d4df-1c267d591a59" testName="HouseTest9" computerName="ICLVDEVAP01" testType="13cdc9d9-ddb5-4fa4-a97d-d965ccfc6d4b" outcome="NotExecuted" testListId="8c84fa94-04c1-424b-9868-57a2d4851a1d" relativeResultsDirectory="2400d0d8-4cd4-4046-899c-1aee13200d73">
    </UnitTestResult>
    <UnitTestResult executionId="d5c596ee-e18a-4b4e-88b3-da35105c5a40" testId="9e6b6d54-b79f-e7d9-2609-a84c350c12a1" testName="MotoTest1" computerName="ICLVDEVAP01" testType="13cdc9d9-ddb5-4fa4-a97d-d965ccfc6d4b" outcome="NotExecuted" testListId="8c84fa94-04c1-424b-9868-57a2d4851a1d" relativeResultsDirectory="d5c596ee-e18a-4b4e-88b3-da35105c5a40">
    </UnitTestResult>
    <UnitTestResult executionId="1feea71f-aa6a-4285-bcd1-6a8598e078ff" testId="8efed318-945d-2a9d-e29d-a71a05da5660" testName="MotoTest10" computerName="ICLVDEVAP01" testType="13cdc9d9-ddb5-4fa4-a97d-d965ccfc6d4b" outcome="NotExecuted" testListId="8c84fa94-04c1-424b-9868-57a2d4851a1d" relativeResultsDirectory="1feea71f-aa6a-4285-bcd1-6a8598e078ff">
    </UnitTestResult>
    <UnitTestResult executionId="e47ef901-0ce8-4746-9b5c-df098e45d109" testId="0f4d10f2-7035-3d68-762a-b62c4853fb8a" testName="MotoTest11" computerName="ICLVDEVAP01" testType="13cdc9d9-ddb5-4fa4-a97d-d965ccfc6d4b" outcome="NotExecuted" testListId="8c84fa94-04c1-424b-9868-57a2d4851a1d" relativeResultsDirectory="e47ef901-0ce8-4746-9b5c-df098e45d109">
    </UnitTestResult>
    <UnitTestResult executionId="2b0e014a-68da-4ea1-abee-62bf97e647c2" testId="614f56be-e9c0-f1e7-ad65-1f0b7d6a0f1c" testName="MotoTest12" computerName="ICLVDEVAP01" testType="13cdc9d9-ddb5-4fa4-a97d-d965ccfc6d4b" outcome="NotExecuted" testListId="8c84fa94-04c1-424b-9868-57a2d4851a1d" relativeResultsDirectory="2b0e014a-68da-4ea1-abee-62bf97e647c2">
    </UnitTestResult>
    <UnitTestResult executionId="82ad6f29-3972-4a6b-aec1-067d00da8d5d" testId="6a41f98c-60c7-3333-a5a3-d5d87b5c35c7" testName="MotoTest2" computerName="ICLVDEVAP01" testType="13cdc9d9-ddb5-4fa4-a97d-d965ccfc6d4b" outcome="NotExecuted" testListId="8c84fa94-04c1-424b-9868-57a2d4851a1d" relativeResultsDirectory="82ad6f29-3972-4a6b-aec1-067d00da8d5d">
    </UnitTestResult>
    <UnitTestResult executionId="f57ac28e-57fe-43d6-be45-3134d49b1956" testId="450e4b2d-ad88-da3f-6d50-5c9a0ae1aa51" testName="MotoTest3" computerName="ICLVDEVAP01" testType="13cdc9d9-ddb5-4fa4-a97d-d965ccfc6d4b" outcome="NotExecuted" testListId="8c84fa94-04c1-424b-9868-57a2d4851a1d" relativeResultsDirectory="f57ac28e-57fe-43d6-be45-3134d49b1956">
    </UnitTestResult>
    <UnitTestResult executionId="dcbf0e5e-87d9-4ee1-b0e4-c3d5cd55b5d2" testId="4e743fde-a814-86c0-27fd-8728ac2cb692" testName="MotoTest4" computerName="ICLVDEVAP01" testType="13cdc9d9-ddb5-4fa4-a97d-d965ccfc6d4b" outcome="NotExecuted" testListId="8c84fa94-04c1-424b-9868-57a2d4851a1d" relativeResultsDirectory="dcbf0e5e-87d9-4ee1-b0e4-c3d5cd55b5d2">
    </UnitTestResult>
    <UnitTestResult executionId="19980107-8f54-4f85-bd0b-8289b0154219" testId="10042bab-44aa-7cea-8ac0-06cc3b3adbb3" testName="MotoTest5" computerName="ICLVDEVAP01" testType="13cdc9d9-ddb5-4fa4-a97d-d965ccfc6d4b" outcome="NotExecuted" testListId="8c84fa94-04c1-424b-9868-57a2d4851a1d" relativeResultsDirectory="19980107-8f54-4f85-bd0b-8289b0154219">
    </UnitTestResult>
    <UnitTestResult executionId="e3c65bda-42f4-4af9-b4a7-8b6988e4e76a" testId="b7f68495-37f9-58f0-5c9b-6e190b9adaa8" testName="MotoTest6" computerName="ICLVDEVAP01" testType="13cdc9d9-ddb5-4fa4-a97d-d965ccfc6d4b" outcome="NotExecuted" testListId="8c84fa94-04c1-424b-9868-57a2d4851a1d" relativeResultsDirectory="e3c65bda-42f4-4af9-b4a7-8b6988e4e76a">
    </UnitTestResult>
    <UnitTestResult executionId="58e4ceb8-cf23-4bdb-97f2-e6783a2935d6" testId="e022376f-b2fb-4981-6140-b019eeaa6c94" testName="MotoTest7" computerName="ICLVDEVAP01" testType="13cdc9d9-ddb5-4fa4-a97d-d965ccfc6d4b" outcome="NotExecuted" testListId="8c84fa94-04c1-424b-9868-57a2d4851a1d" relativeResultsDirectory="58e4ceb8-cf23-4bdb-97f2-e6783a2935d6">
    </UnitTestResult>
    <UnitTestResult executionId="21c111a8-3064-4369-ad74-1df27870333c" testId="07cf762e-0596-8be3-6b38-ed80b9a02463" testName="MotoTest8" computerName="ICLVDEVAP01" testType="13cdc9d9-ddb5-4fa4-a97d-d965ccfc6d4b" outcome="NotExecuted" testListId="8c84fa94-04c1-424b-9868-57a2d4851a1d" relativeResultsDirectory="21c111a8-3064-4369-ad74-1df27870333c">
    </UnitTestResult>
    <UnitTestResult executionId="9e3ff824-8ffa-4e7d-ba0f-9003e18877cf" testId="1820a643-3d71-abad-9636-2b810c74ae19" testName="MotoTest9" computerName="ICLVDEVAP01" testType="13cdc9d9-ddb5-4fa4-a97d-d965ccfc6d4b" outcome="NotExecuted" testListId="8c84fa94-04c1-424b-9868-57a2d4851a1d" relativeResultsDirectory="9e3ff824-8ffa-4e7d-ba0f-9003e18877cf">
    </UnitTestResult>
  </Results>
</TestRun>