<?xml version="1.0" encoding="UTF-8"?>
<TestRun id="96985910-0632-4c13-89e8-4eabeb7b97ee" name="peter.zenin-ad@ICLVDEVAP01 2012-11-02 15:53:41" runUser="INSUR-E\peter.zenin-ad" xmlns="http://microsoft.com/schemas/VisualStudio/TeamTest/2010">
  <TestSettings name="Default Test Settings" id="b6eea091-3b50-475b-8335-eaf1d24af1b7">
    <Execution>
      <TestTypeSpecific />
      <AgentRule name="Execution Agents">
      </AgentRule>
    </Execution>
    <Deployment runDeploymentRoot="peter.zenin-ad_ICLVDEVAP01 2012-11-02 15_53_41" />
  </TestSettings>
  <Times creation="2012-11-02T15:53:41.6011928+00:00" queuing="2012-11-02T15:53:41.8562183+00:00" start="2012-11-02T15:53:41.9162243+00:00" finish="2012-11-02T16:40:55.9271002+00:00" />
  <ResultSummary outcome="Failed">
    <Counters total="23" executed="23" passed="11" error="0" failed="12" timeout="0" aborted="0" inconclusive="0" passedButRunAborted="0" notRunnable="0" notExecuted="0" disconnected="0" warning="0" completed="0" inProgress="0" pending="0" />
  </ResultSummary>
  <TestDefinitions>
    <UnitTest name="HouseTest4" storage="testproject7.dll" id="ff0c96a1-2fee-7235-6d80-2186de4b80b7">
      <Execution id="def9ee9a-8283-4ef9-b4eb-26ea6175652f" />
      <TestMethod codeBase="C:/TestProject7/TestProject7/bin/Debug/TestProject7.dll" adapterTypeName="Microsoft.VisualStudio.TestTools.TestTypes.Unit.UnitTestAdapter, Microsoft.VisualStudio.QualityTools.Tips.UnitTest.Adapter, Version=10.0.0.0, Culture=neutral, PublicKeyToken=b03f5f7f11d50a3a" className="TestProject7.TamAutotest, TestProject7, Version=1.0.0.0, Culture=neutral, PublicKeyToken=null" name="HouseTest4" />
      <Extension>Microsoft.VisualStudio.TestTools.UITesting.CodedUITestAttribute, Microsoft.VisualStudio.QualityTools.CodedUITestFramework, Version=10.0.0.0, Culture=neutral, PublicKeyToken=b03f5f7f11d50a3a</Extension>
    </UnitTest>
    <UnitTest name="MotoTest2" storage="testproject7.dll" id="6a41f98c-60c7-3333-a5a3-d5d87b5c35c7">
      <Execution id="e0bf3876-e69f-4e5b-8872-4f21ed7c0e7e" />
      <TestMethod codeBase="C:/TestProject7/TestProject7/bin/Debug/TestProject7.dll" adapterTypeName="Microsoft.VisualStudio.TestTools.TestTypes.Unit.UnitTestAdapter, Microsoft.VisualStudio.QualityTools.Tips.UnitTest.Adapter, Version=10.0.0.0, Culture=neutral, PublicKeyToken=b03f5f7f11d50a3a" className="TestProject7.TamAutotest, TestProject7, Version=1.0.0.0, Culture=neutral, PublicKeyToken=null" name="MotoTest2" />
      <Extension>Microsoft.VisualStudio.TestTools.UITesting.CodedUITestAttribute, Microsoft.VisualStudio.QualityTools.CodedUITestFramework, Version=10.0.0.0, Culture=neutral, PublicKeyToken=b03f5f7f11d50a3a</Extension>
    </UnitTest>
    <UnitTest name="HouseTest3" storage="testproject7.dll" id="aa9bc056-c0ff-30da-3884-b0617a17e15e">
      <Execution id="078907f1-c0a8-4abb-876c-5f1f576cefaa" />
      <TestMethod codeBase="C:/TestProject7/TestProject7/bin/Debug/TestProject7.dll" adapterTypeName="Microsoft.VisualStudio.TestTools.TestTypes.Unit.UnitTestAdapter, Microsoft.VisualStudio.QualityTools.Tips.UnitTest.Adapter, Version=10.0.0.0, Culture=neutral, PublicKeyToken=b03f5f7f11d50a3a" className="TestProject7.TamAutotest, TestProject7, Version=1.0.0.0, Culture=neutral, PublicKeyToken=null" name="HouseTest3" />
      <Extension>Microsoft.VisualStudio.TestTools.UITesting.CodedUITestAttribute, Microsoft.VisualStudio.QualityTools.CodedUITestFramework, Version=10.0.0.0, Culture=neutral, PublicKeyToken=b03f5f7f11d50a3a</Extension>
    </UnitTest>
    <UnitTest name="MotoTest4" storage="testproject7.dll" id="4e743fde-a814-86c0-27fd-8728ac2cb692">
      <Execution id="e5a1de0d-4df1-4392-9deb-9431f81c0b51" />
      <TestMethod codeBase="C:/TestProject7/TestProject7/bin/Debug/TestProject7.dll" adapterTypeName="Microsoft.VisualStudio.TestTools.TestTypes.Unit.UnitTestAdapter, Microsoft.VisualStudio.QualityTools.Tips.UnitTest.Adapter, Version=10.0.0.0, Culture=neutral, PublicKeyToken=b03f5f7f11d50a3a" className="TestProject7.TamAutotest, TestProject7, Version=1.0.0.0, Culture=neutral, PublicKeyToken=null" name="MotoTest4" />
      <Extension>Microsoft.VisualStudio.TestTools.UITesting.CodedUITestAttribute, Microsoft.VisualStudio.QualityTools.CodedUITestFramework, Version=10.0.0.0, Culture=neutral, PublicKeyToken=b03f5f7f11d50a3a</Extension>
    </UnitTest>
    <UnitTest name="MotoTest7" storage="testproject7.dll" id="e022376f-b2fb-4981-6140-b019eeaa6c94">
      <Execution id="3e3fecbb-cf65-48b6-b30a-fddd1f2dc2cb" />
      <TestMethod codeBase="C:/TestProject7/TestProject7/bin/Debug/TestProject7.dll" adapterTypeName="Microsoft.VisualStudio.TestTools.TestTypes.Unit.UnitTestAdapter, Microsoft.VisualStudio.QualityTools.Tips.UnitTest.Adapter, Version=10.0.0.0, Culture=neutral, PublicKeyToken=b03f5f7f11d50a3a" className="TestProject7.TamAutotest, TestProject7, Version=1.0.0.0, Culture=neutral, PublicKeyToken=null" name="MotoTest7" />
      <Extension>Microsoft.VisualStudio.TestTools.UITesting.CodedUITestAttribute, Microsoft.VisualStudio.QualityTools.CodedUITestFramework, Version=10.0.0.0, Culture=neutral, PublicKeyToken=b03f5f7f11d50a3a</Extension>
    </UnitTest>
    <UnitTest name="MotoTest6" storage="testproject7.dll" id="b7f68495-37f9-58f0-5c9b-6e190b9adaa8">
      <Execution id="eaaa2d0a-f4d0-4fc3-b5ad-71aba890ed64" />
      <TestMethod codeBase="C:/TestProject7/TestProject7/bin/Debug/TestProject7.dll" adapterTypeName="Microsoft.VisualStudio.TestTools.TestTypes.Unit.UnitTestAdapter, Microsoft.VisualStudio.QualityTools.Tips.UnitTest.Adapter, Version=10.0.0.0, Culture=neutral, PublicKeyToken=b03f5f7f11d50a3a" className="TestProject7.TamAutotest, TestProject7, Version=1.0.0.0, Culture=neutral, PublicKeyToken=null" name="MotoTest6" />
      <Extension>Microsoft.VisualStudio.TestTools.UITesting.CodedUITestAttribute, Microsoft.VisualStudio.QualityTools.CodedUITestFramework, Version=10.0.0.0, Culture=neutral, PublicKeyToken=b03f5f7f11d50a3a</Extension>
    </UnitTest>
    <UnitTest name="MotoTest5" storage="testproject7.dll" id="10042bab-44aa-7cea-8ac0-06cc3b3adbb3">
      <Execution id="2833d7f6-56e3-429d-a7f9-134d2e288ab7" />
      <TestMethod codeBase="C:/TestProject7/TestProject7/bin/Debug/TestProject7.dll" adapterTypeName="Microsoft.VisualStudio.TestTools.TestTypes.Unit.UnitTestAdapter, Microsoft.VisualStudio.QualityTools.Tips.UnitTest.Adapter, Version=10.0.0.0, Culture=neutral, PublicKeyToken=b03f5f7f11d50a3a" className="TestProject7.TamAutotest, TestProject7, Version=1.0.0.0, Culture=neutral, PublicKeyToken=null" name="MotoTest5" />
      <Extension>Microsoft.VisualStudio.TestTools.UITesting.CodedUITestAttribute, Microsoft.VisualStudio.QualityTools.CodedUITestFramework, Version=10.0.0.0, Culture=neutral, PublicKeyToken=b03f5f7f11d50a3a</Extension>
    </UnitTest>
    <UnitTest name="HouseTest5" storage="testproject7.dll" id="99f569ef-86f3-fa96-82c3-e9993245d049">
      <Execution id="ad8d2533-a14a-4802-a3ff-b731d0aa7e19" />
      <TestMethod codeBase="C:/TestProject7/TestProject7/bin/Debug/TestProject7.dll" adapterTypeName="Microsoft.VisualStudio.TestTools.TestTypes.Unit.UnitTestAdapter, Microsoft.VisualStudio.QualityTools.Tips.UnitTest.Adapter, Version=10.0.0.0, Culture=neutral, PublicKeyToken=b03f5f7f11d50a3a" className="TestProject7.TamAutotest, TestProject7, Version=1.0.0.0, Culture=neutral, PublicKeyToken=null" name="HouseTest5" />
      <Extension>Microsoft.VisualStudio.TestTools.UITesting.CodedUITestAttribute, Microsoft.VisualStudio.QualityTools.CodedUITestFramework, Version=10.0.0.0, Culture=neutral, PublicKeyToken=b03f5f7f11d50a3a</Extension>
    </UnitTest>
    <UnitTest name="HouseTest2" storage="testproject7.dll" id="8f5b1340-58a6-e129-3b7d-c88835b7065d">
      <Execution id="5c736d98-68ae-4cb6-b05d-cb05b1e949e6" />
      <TestMethod codeBase="C:/TestProject7/TestProject7/bin/Debug/TestProject7.dll" adapterTypeName="Microsoft.VisualStudio.TestTools.TestTypes.Unit.UnitTestAdapter, Microsoft.VisualStudio.QualityTools.Tips.UnitTest.Adapter, Version=10.0.0.0, Culture=neutral, PublicKeyToken=b03f5f7f11d50a3a" className="TestProject7.TamAutotest, TestProject7, Version=1.0.0.0, Culture=neutral, PublicKeyToken=null" name="HouseTest2" />
      <Extension>Microsoft.VisualStudio.TestTools.UITesting.CodedUITestAttribute, Microsoft.VisualStudio.QualityTools.CodedUITestFramework, Version=10.0.0.0, Culture=neutral, PublicKeyToken=b03f5f7f11d50a3a</Extension>
    </UnitTest>
    <UnitTest name="MotoTest1" storage="testproject7.dll" id="9e6b6d54-b79f-e7d9-2609-a84c350c12a1">
      <Execution id="d316b21a-ac63-4e28-9177-789eb04e86bc" />
      <TestMethod codeBase="C:/TestProject7/TestProject7/bin/Debug/TestProject7.dll" adapterTypeName="Microsoft.VisualStudio.TestTools.TestTypes.Unit.UnitTestAdapter, Microsoft.VisualStudio.QualityTools.Tips.UnitTest.Adapter, Version=10.0.0.0, Culture=neutral, PublicKeyToken=b03f5f7f11d50a3a" className="TestProject7.TamAutotest, TestProject7, Version=1.0.0.0, Culture=neutral, PublicKeyToken=null" name="MotoTest1" />
      <Extension>Microsoft.VisualStudio.TestTools.UITesting.CodedUITestAttribute, Microsoft.VisualStudio.QualityTools.CodedUITestFramework, Version=10.0.0.0, Culture=neutral, PublicKeyToken=b03f5f7f11d50a3a</Extension>
    </UnitTest>
    <UnitTest name="HouseTest1" storage="testproject7.dll" id="64ea79e0-cb1d-9a10-db69-a15b7769e7d8">
      <Execution id="030063e6-18bc-48df-b9ee-92be3eee762f" />
      <TestMethod codeBase="C:/TestProject7/TestProject7/bin/Debug/TestProject7.dll" adapterTypeName="Microsoft.VisualStudio.TestTools.TestTypes.Unit.UnitTestAdapter, Microsoft.VisualStudio.QualityTools.Tips.UnitTest.Adapter, Version=10.0.0.0, Culture=neutral, PublicKeyToken=b03f5f7f11d50a3a" className="TestProject7.TamAutotest, TestProject7, Version=1.0.0.0, Culture=neutral, PublicKeyToken=null" name="HouseTest1" />
      <Extension>Microsoft.VisualStudio.TestTools.UITesting.CodedUITestAttribute, Microsoft.VisualStudio.QualityTools.CodedUITestFramework, Version=10.0.0.0, Culture=neutral, PublicKeyToken=b03f5f7f11d50a3a</Extension>
    </UnitTest>
    <UnitTest name="HouseTest7" storage="testproject7.dll" id="cad41ea6-4986-f170-1def-22ab50e0fb0a">
      <Execution id="12b75778-3888-4893-b968-888670392fe6" />
      <TestMethod codeBase="C:/TestProject7/TestProject7/bin/Debug/TestProject7.dll" adapterTypeName="Microsoft.VisualStudio.TestTools.TestTypes.Unit.UnitTestAdapter, Microsoft.VisualStudio.QualityTools.Tips.UnitTest.Adapter, Version=10.0.0.0, Culture=neutral, PublicKeyToken=b03f5f7f11d50a3a" className="TestProject7.TamAutotest, TestProject7, Version=1.0.0.0, Culture=neutral, PublicKeyToken=null" name="HouseTest7" />
      <Extension>Microsoft.VisualStudio.TestTools.UITesting.CodedUITestAttribute, Microsoft.VisualStudio.QualityTools.CodedUITestFramework, Version=10.0.0.0, Culture=neutral, PublicKeyToken=b03f5f7f11d50a3a</Extension>
    </UnitTest>
    <UnitTest name="MotoTest3" storage="testproject7.dll" id="450e4b2d-ad88-da3f-6d50-5c9a0ae1aa51">
      <Execution id="28732c9c-d2c7-473c-8c3a-507f3dc5bd34" />
      <TestMethod codeBase="C:/TestProject7/TestProject7/bin/Debug/TestProject7.dll" adapterTypeName="Microsoft.VisualStudio.TestTools.TestTypes.Unit.UnitTestAdapter, Microsoft.VisualStudio.QualityTools.Tips.UnitTest.Adapter, Version=10.0.0.0, Culture=neutral, PublicKeyToken=b03f5f7f11d50a3a" className="TestProject7.TamAutotest, TestProject7, Version=1.0.0.0, Culture=neutral, PublicKeyToken=null" name="MotoTest3" />
      <Extension>Microsoft.VisualStudio.TestTools.UITesting.CodedUITestAttribute, Microsoft.VisualStudio.QualityTools.CodedUITestFramework, Version=10.0.0.0, Culture=neutral, PublicKeyToken=b03f5f7f11d50a3a</Extension>
    </UnitTest>
    <UnitTest name="MotoTest12" storage="testproject7.dll" id="614f56be-e9c0-f1e7-ad65-1f0b7d6a0f1c">
      <Execution id="68d6c4cf-59c6-4285-a408-9a59b3e1b122" />
      <TestMethod codeBase="C:/TestProject7/TestProject7/bin/Debug/TestProject7.dll" adapterTypeName="Microsoft.VisualStudio.TestTools.TestTypes.Unit.UnitTestAdapter, Microsoft.VisualStudio.QualityTools.Tips.UnitTest.Adapter, Version=10.0.0.0, Culture=neutral, PublicKeyToken=b03f5f7f11d50a3a" className="TestProject7.TamAutotest, TestProject7, Version=1.0.0.0, Culture=neutral, PublicKeyToken=null" name="MotoTest12" />
      <Extension>Microsoft.VisualStudio.TestTools.UITesting.CodedUITestAttribute, Microsoft.VisualStudio.QualityTools.CodedUITestFramework, Version=10.0.0.0, Culture=neutral, PublicKeyToken=b03f5f7f11d50a3a</Extension>
    </UnitTest>
    <UnitTest name="HouseTest6" storage="testproject7.dll" id="aa8325da-50fe-092e-bd85-bbb5f1ac650a">
      <Execution id="4c6d4a2b-72f6-4e9a-82af-e667ab4390a0" />
      <TestMethod codeBase="C:/TestProject7/TestProject7/bin/Debug/TestProject7.dll" adapterTypeName="Microsoft.VisualStudio.TestTools.TestTypes.Unit.UnitTestAdapter, Microsoft.VisualStudio.QualityTools.Tips.UnitTest.Adapter, Version=10.0.0.0, Culture=neutral, PublicKeyToken=b03f5f7f11d50a3a" className="TestProject7.TamAutotest, TestProject7, Version=1.0.0.0, Culture=neutral, PublicKeyToken=null" name="HouseTest6" />
      <Extension>Microsoft.VisualStudio.TestTools.UITesting.CodedUITestAttribute, Microsoft.VisualStudio.QualityTools.CodedUITestFramework, Version=10.0.0.0, Culture=neutral, PublicKeyToken=b03f5f7f11d50a3a</Extension>
    </UnitTest>
    <UnitTest name="MotoTest11" storage="testproject7.dll" id="0f4d10f2-7035-3d68-762a-b62c4853fb8a">
      <Execution id="c62f8d71-8a3d-46fa-b67c-8b2998a4424b" />
      <TestMethod codeBase="C:/TestProject7/TestProject7/bin/Debug/TestProject7.dll" adapterTypeName="Microsoft.VisualStudio.TestTools.TestTypes.Unit.UnitTestAdapter, Microsoft.VisualStudio.QualityTools.Tips.UnitTest.Adapter, Version=10.0.0.0, Culture=neutral, PublicKeyToken=b03f5f7f11d50a3a" className="TestProject7.TamAutotest, TestProject7, Version=1.0.0.0, Culture=neutral, PublicKeyToken=null" name="MotoTest11" />
      <Extension>Microsoft.VisualStudio.TestTools.UITesting.CodedUITestAttribute, Microsoft.VisualStudio.QualityTools.CodedUITestFramework, Version=10.0.0.0, Culture=neutral, PublicKeyToken=b03f5f7f11d50a3a</Extension>
    </UnitTest>
    <UnitTest name="MotoTest8" storage="testproject7.dll" id="07cf762e-0596-8be3-6b38-ed80b9a02463">
      <Execution id="681d10c1-91d9-4f59-84bc-1067abaae2a7" />
      <TestMethod codeBase="C:/TestProject7/TestProject7/bin/Debug/TestProject7.dll" adapterTypeName="Microsoft.VisualStudio.TestTools.TestTypes.Unit.UnitTestAdapter, Microsoft.VisualStudio.QualityTools.Tips.UnitTest.Adapter, Version=10.0.0.0, Culture=neutral, PublicKeyToken=b03f5f7f11d50a3a" className="TestProject7.TamAutotest, TestProject7, Version=1.0.0.0, Culture=neutral, PublicKeyToken=null" name="MotoTest8" />
      <Extension>Microsoft.VisualStudio.TestTools.UITesting.CodedUITestAttribute, Microsoft.VisualStudio.QualityTools.CodedUITestFramework, Version=10.0.0.0, Culture=neutral, PublicKeyToken=b03f5f7f11d50a3a</Extension>
    </UnitTest>
    <UnitTest name="HouseTest10" storage="testproject7.dll" id="98368514-c48e-be24-398b-d9342dd6b274">
      <Execution id="2dd7737f-b26f-4dd5-abb1-7e2f9da5b27f" />
      <TestMethod codeBase="C:/TestProject7/TestProject7/bin/Debug/TestProject7.dll" adapterTypeName="Microsoft.VisualStudio.TestTools.TestTypes.Unit.UnitTestAdapter, Microsoft.VisualStudio.QualityTools.Tips.UnitTest.Adapter, Version=10.0.0.0, Culture=neutral, PublicKeyToken=b03f5f7f11d50a3a" className="TestProject7.TamAutotest, TestProject7, Version=1.0.0.0, Culture=neutral, PublicKeyToken=null" name="HouseTest10" />
      <Extension>Microsoft.VisualStudio.TestTools.UITesting.CodedUITestAttribute, Microsoft.VisualStudio.QualityTools.CodedUITestFramework, Version=10.0.0.0, Culture=neutral, PublicKeyToken=b03f5f7f11d50a3a</Extension>
    </UnitTest>
    <UnitTest name="MotoTest10" storage="testproject7.dll" id="8efed318-945d-2a9d-e29d-a71a05da5660">
      <Execution id="4c709c99-a757-4f3b-af7f-6c1c0879309b" />
      <TestMethod codeBase="C:/TestProject7/TestProject7/bin/Debug/TestProject7.dll" adapterTypeName="Microsoft.VisualStudio.TestTools.TestTypes.Unit.UnitTestAdapter, Microsoft.VisualStudio.QualityTools.Tips.UnitTest.Adapter, Version=10.0.0.0, Culture=neutral, PublicKeyToken=b03f5f7f11d50a3a" className="TestProject7.TamAutotest, TestProject7, Version=1.0.0.0, Culture=neutral, PublicKeyToken=null" name="MotoTest10" />
      <Extension>Microsoft.VisualStudio.TestTools.UITesting.CodedUITestAttribute, Microsoft.VisualStudio.QualityTools.CodedUITestFramework, Version=10.0.0.0, Culture=neutral, PublicKeyToken=b03f5f7f11d50a3a</Extension>
    </UnitTest>
    <UnitTest name="MotoTest9" storage="testproject7.dll" id="1820a643-3d71-abad-9636-2b810c74ae19">
      <Execution id="b1d3003b-d8bf-4cc3-8f94-ffcf66a3e3d1" />
      <TestMethod codeBase="C:/TestProject7/TestProject7/bin/Debug/TestProject7.dll" adapterTypeName="Microsoft.VisualStudio.TestTools.TestTypes.Unit.UnitTestAdapter, Microsoft.VisualStudio.QualityTools.Tips.UnitTest.Adapter, Version=10.0.0.0, Culture=neutral, PublicKeyToken=b03f5f7f11d50a3a" className="TestProject7.TamAutotest, TestProject7, Version=1.0.0.0, Culture=neutral, PublicKeyToken=null" name="MotoTest9" />
      <Extension>Microsoft.VisualStudio.TestTools.UITesting.CodedUITestAttribute, Microsoft.VisualStudio.QualityTools.CodedUITestFramework, Version=10.0.0.0, Culture=neutral, PublicKeyToken=b03f5f7f11d50a3a</Extension>
    </UnitTest>
    <UnitTest name="HouseTest11" storage="testproject7.dll" id="1f5cea9c-51f4-0379-9851-579f986f33b2">
      <Execution id="0312ab9c-222e-4778-9232-350ff7b9e9ba" />
      <TestMethod codeBase="C:/TestProject7/TestProject7/bin/Debug/TestProject7.dll" adapterTypeName="Microsoft.VisualStudio.TestTools.TestTypes.Unit.UnitTestAdapter, Microsoft.VisualStudio.QualityTools.Tips.UnitTest.Adapter, Version=10.0.0.0, Culture=neutral, PublicKeyToken=b03f5f7f11d50a3a" className="TestProject7.TamAutotest, TestProject7, Version=1.0.0.0, Culture=neutral, PublicKeyToken=null" name="HouseTest11" />
      <Extension>Microsoft.VisualStudio.TestTools.UITesting.CodedUITestAttribute, Microsoft.VisualStudio.QualityTools.CodedUITestFramework, Version=10.0.0.0, Culture=neutral, PublicKeyToken=b03f5f7f11d50a3a</Extension>
    </UnitTest>
    <UnitTest name="HouseTest9" storage="testproject7.dll" id="b4c07ca4-d489-a213-d4df-1c267d591a59">
      <Execution id="0c3c9765-7a8f-45d3-9755-88ccd8896453" />
      <TestMethod codeBase="C:/TestProject7/TestProject7/bin/Debug/TestProject7.dll" adapterTypeName="Microsoft.VisualStudio.TestTools.TestTypes.Unit.UnitTestAdapter, Microsoft.VisualStudio.QualityTools.Tips.UnitTest.Adapter, Version=10.0.0.0, Culture=neutral, PublicKeyToken=b03f5f7f11d50a3a" className="TestProject7.TamAutotest, TestProject7, Version=1.0.0.0, Culture=neutral, PublicKeyToken=null" name="HouseTest9" />
      <Extension>Microsoft.VisualStudio.TestTools.UITesting.CodedUITestAttribute, Microsoft.VisualStudio.QualityTools.CodedUITestFramework, Version=10.0.0.0, Culture=neutral, PublicKeyToken=b03f5f7f11d50a3a</Extension>
    </UnitTest>
    <UnitTest name="HouseTest8" storage="testproject7.dll" id="f90b30ce-fb72-514e-f606-6c0b8cb3f354">
      <Execution id="18f47307-e48e-4059-b6ef-6f4b338540a7" />
      <TestMethod codeBase="C:/TestProject7/TestProject7/bin/Debug/TestProject7.dll" adapterTypeName="Microsoft.VisualStudio.TestTools.TestTypes.Unit.UnitTestAdapter, Microsoft.VisualStudio.QualityTools.Tips.UnitTest.Adapter, Version=10.0.0.0, Culture=neutral, PublicKeyToken=b03f5f7f11d50a3a" className="TestProject7.TamAutotest, TestProject7, Version=1.0.0.0, Culture=neutral, PublicKeyToken=null" name="HouseTest8" />
      <Extension>Microsoft.VisualStudio.TestTools.UITesting.CodedUITestAttribute, Microsoft.VisualStudio.QualityTools.CodedUITestFramework, Version=10.0.0.0, Culture=neutral, PublicKeyToken=b03f5f7f11d50a3a</Extension>
    </UnitTest>
  </TestDefinitions>
  <TestLists>
    <TestList name="Results Not in a List" id="8c84fa94-04c1-424b-9868-57a2d4851a1d" />
    <TestList name="All Loaded Results" id="19431567-8539-422a-85d7-44ee4e166bda" />
  </TestLists>
  <TestEntries>
    <TestEntry testId="64ea79e0-cb1d-9a10-db69-a15b7769e7d8" executionId="030063e6-18bc-48df-b9ee-92be3eee762f" testListId="8c84fa94-04c1-424b-9868-57a2d4851a1d" />
    <TestEntry testId="98368514-c48e-be24-398b-d9342dd6b274" executionId="2dd7737f-b26f-4dd5-abb1-7e2f9da5b27f" testListId="8c84fa94-04c1-424b-9868-57a2d4851a1d" />
    <TestEntry testId="1f5cea9c-51f4-0379-9851-579f986f33b2" executionId="0312ab9c-222e-4778-9232-350ff7b9e9ba" testListId="8c84fa94-04c1-424b-9868-57a2d4851a1d" />
    <TestEntry testId="8f5b1340-58a6-e129-3b7d-c88835b7065d" executionId="5c736d98-68ae-4cb6-b05d-cb05b1e949e6" testListId="8c84fa94-04c1-424b-9868-57a2d4851a1d" />
    <TestEntry testId="aa9bc056-c0ff-30da-3884-b0617a17e15e" executionId="078907f1-c0a8-4abb-876c-5f1f576cefaa" testListId="8c84fa94-04c1-424b-9868-57a2d4851a1d" />
    <TestEntry testId="ff0c96a1-2fee-7235-6d80-2186de4b80b7" executionId="def9ee9a-8283-4ef9-b4eb-26ea6175652f" testListId="8c84fa94-04c1-424b-9868-57a2d4851a1d" />
    <TestEntry testId="99f569ef-86f3-fa96-82c3-e9993245d049" executionId="ad8d2533-a14a-4802-a3ff-b731d0aa7e19" testListId="8c84fa94-04c1-424b-9868-57a2d4851a1d" />
    <TestEntry testId="aa8325da-50fe-092e-bd85-bbb5f1ac650a" executionId="4c6d4a2b-72f6-4e9a-82af-e667ab4390a0" testListId="8c84fa94-04c1-424b-9868-57a2d4851a1d" />
    <TestEntry testId="cad41ea6-4986-f170-1def-22ab50e0fb0a" executionId="12b75778-3888-4893-b968-888670392fe6" testListId="8c84fa94-04c1-424b-9868-57a2d4851a1d" />
    <TestEntry testId="f90b30ce-fb72-514e-f606-6c0b8cb3f354" executionId="18f47307-e48e-4059-b6ef-6f4b338540a7" testListId="8c84fa94-04c1-424b-9868-57a2d4851a1d" />
    <TestEntry testId="b4c07ca4-d489-a213-d4df-1c267d591a59" executionId="0c3c9765-7a8f-45d3-9755-88ccd8896453" testListId="8c84fa94-04c1-424b-9868-57a2d4851a1d" />
    <TestEntry testId="9e6b6d54-b79f-e7d9-2609-a84c350c12a1" executionId="d316b21a-ac63-4e28-9177-789eb04e86bc" testListId="8c84fa94-04c1-424b-9868-57a2d4851a1d" />
    <TestEntry testId="8efed318-945d-2a9d-e29d-a71a05da5660" executionId="4c709c99-a757-4f3b-af7f-6c1c0879309b" testListId="8c84fa94-04c1-424b-9868-57a2d4851a1d" />
    <TestEntry testId="0f4d10f2-7035-3d68-762a-b62c4853fb8a" executionId="c62f8d71-8a3d-46fa-b67c-8b2998a4424b" testListId="8c84fa94-04c1-424b-9868-57a2d4851a1d" />
    <TestEntry testId="614f56be-e9c0-f1e7-ad65-1f0b7d6a0f1c" executionId="68d6c4cf-59c6-4285-a408-9a59b3e1b122" testListId="8c84fa94-04c1-424b-9868-57a2d4851a1d" />
    <TestEntry testId="6a41f98c-60c7-3333-a5a3-d5d87b5c35c7" executionId="e0bf3876-e69f-4e5b-8872-4f21ed7c0e7e" testListId="8c84fa94-04c1-424b-9868-57a2d4851a1d" />
    <TestEntry testId="450e4b2d-ad88-da3f-6d50-5c9a0ae1aa51" executionId="28732c9c-d2c7-473c-8c3a-507f3dc5bd34" testListId="8c84fa94-04c1-424b-9868-57a2d4851a1d" />
    <TestEntry testId="4e743fde-a814-86c0-27fd-8728ac2cb692" executionId="e5a1de0d-4df1-4392-9deb-9431f81c0b51" testListId="8c84fa94-04c1-424b-9868-57a2d4851a1d" />
    <TestEntry testId="10042bab-44aa-7cea-8ac0-06cc3b3adbb3" executionId="2833d7f6-56e3-429d-a7f9-134d2e288ab7" testListId="8c84fa94-04c1-424b-9868-57a2d4851a1d" />
    <TestEntry testId="b7f68495-37f9-58f0-5c9b-6e190b9adaa8" executionId="eaaa2d0a-f4d0-4fc3-b5ad-71aba890ed64" testListId="8c84fa94-04c1-424b-9868-57a2d4851a1d" />
    <TestEntry testId="e022376f-b2fb-4981-6140-b019eeaa6c94" executionId="3e3fecbb-cf65-48b6-b30a-fddd1f2dc2cb" testListId="8c84fa94-04c1-424b-9868-57a2d4851a1d" />
    <TestEntry testId="07cf762e-0596-8be3-6b38-ed80b9a02463" executionId="681d10c1-91d9-4f59-84bc-1067abaae2a7" testListId="8c84fa94-04c1-424b-9868-57a2d4851a1d" />
    <TestEntry testId="1820a643-3d71-abad-9636-2b810c74ae19" executionId="b1d3003b-d8bf-4cc3-8f94-ffcf66a3e3d1" testListId="8c84fa94-04c1-424b-9868-57a2d4851a1d" />
  </TestEntries>
  <Results>
    <UnitTestResult executionId="030063e6-18bc-48df-b9ee-92be3eee762f" testId="64ea79e0-cb1d-9a10-db69-a15b7769e7d8" testName="HouseTest1" computerName="ICLVDEVAP01" duration="00:03:07.7084017" startTime="2012-11-02T15:53:41.9162243+00:00" endTime="2012-11-02T15:56:50.1320440+00:00" testType="13cdc9d9-ddb5-4fa4-a97d-d965ccfc6d4b" outcome="Passed" testListId="8c84fa94-04c1-424b-9868-57a2d4851a1d" relativeResultsDirectory="030063e6-18bc-48df-b9ee-92be3eee762f">
      <Output>
        <DebugTrace>W, 3608, 13, 2012/11/02, 15:53:42.682, 1575317628633, QTAgent32.exe, ExtensionFramework : A Technology Manager with name Web is already registered.
W, 3608, 13, 2012/11/02, 15:53:43.560, 1575330193246, QTAgent32.exe, &lt;a class=success&gt;Playback - {1} [SUCCESS] MouseButtonClick - "[MSAA, VisibleOnly]ControlType='Edit'"
\0&lt;/a&gt;
W, 3608, 13, 2012/11/02, 15:53:43.766, 1575333141867, QTAgent32.exe, &lt;a class=success&gt;Playback - {2} [SUCCESS] SendKeys "[*]" - "[MSAA, VisibleOnly]ControlType='Edit'"
\0&lt;/a&gt;
W, 3608, 13, 2012/11/02, 15:53:44.447, 1575342904302, QTAgent32.exe, &lt;a class=success&gt;Playback - {3} [SUCCESS] MouseButtonClick - "[MSAA, VisibleOnly]ControlType='Button' &amp;&amp; Name='OK'"
\0&lt;/a&gt;
W, 3608, 13, 2012/11/02, 15:53:44.970, 1575350390764, QTAgent32.exe, &lt;a class=success&gt;Playback - {4} [SUCCESS] MouseButtonClick - "[MSAA, VisibleOnly]ControlType='Button' &amp;&amp; Name='OK'"
\0&lt;/a&gt;
W, 3608, 13, 2012/11/02, 15:53:45.226, 1575354048404, QTAgent32.exe, &lt;a class=success&gt;Playback - {5} [SUCCESS] MouseButtonClick - "[MSAA, VisibleOnly]ControlType='Button' &amp;&amp; Name='Clients &amp; Files'"
\0&lt;/a&gt;
W, 3608, 13, 2012/11/02, 15:53:45.538, 1575358519873, QTAgent32.exe, &lt;a class=success&gt;Playback - {6} [SUCCESS] MouseButtonClick - "[MSAA, VisibleOnly]ControlType='Button' &amp;&amp; Name='Clients &amp; Files'"
\0&lt;/a&gt;
W, 3608, 13, 2012/11/02, 15:53:46.116, 1575366799003, QTAgent32.exe, Playback - [WARNING] Internal warning: Window Not Found: [VisibleOnly]ControlType='Window' &amp;&amp; Name='Customer: txt1 tdsfs' &amp;&amp; ClassName='ThunderRT6MDIForm'
\0
E, 3608, 13, 2012/11/02, 15:53:46.116, 1575366801939, QTAgent32.exe, &lt;a class=failure&gt;Playback - {7} [FAILED] Function ElementFetcher::FindScreenElement failed to locate UI element (Searching: ;[VisibleOnly]ControlType='Window' &amp;&amp; Name='Customer: txt1 tdsfs' &amp;&amp; ClassName='ThunderRT6MDIForm') (The object specified was not found.)
\0&lt;/a&gt;
E, 3608, 13, 2012/11/02, 15:53:46.203, 1575368045661, QTAgent32.exe, Playback - [IMAGE] C:\Users\peter.zenin-ad\AppData\Local\Temp\UITestLogs\LastRun\RPF277F.png
\0
W, 3608, 13, 2012/11/02, 15:53:46.203, 1575368047621, QTAgent32.exe, Playback - [WARNING] Internal warning: Couldn't find descendants that match QueryId
\0
W, 3608, 13, 2012/11/02, 15:53:46.204, 1575368051071, QTAgent32.exe, PERF WARNING: FindTopLevelWindowHelper::FindAllDescendents: took 564 ms. Expected it to take maximum 500 ms.
W, 3608, 13, 2012/11/02, 15:54:04.249, 1575626419050, QTAgent32.exe, Playback - [WARNING] Internal warning: Window Not Found: [VisibleOnly]ControlType='Window' &amp;&amp; Name='Customer: txt1 tdsfs' &amp;&amp; ClassName='ThunderRT6MDIForm'
\0
E, 3608, 13, 2012/11/02, 15:54:04.250, 1575626422275, QTAgent32.exe, &lt;a class=failure&gt;Playback - {8} [FAILED] Function ElementFetcher::FindScreenElement failed to locate UI element (Searching: ;[VisibleOnly]ControlType='Window' &amp;&amp; Name='Customer: txt1 tdsfs' &amp;&amp; ClassName='ThunderRT6MDIForm') (The object specified was not found.)
\0&lt;/a&gt;
E, 3608, 13, 2012/11/02, 15:54:04.337, 1575627666827, QTAgent32.exe, Playback - [IMAGE] C:\Users\peter.zenin-ad\AppData\Local\Temp\UITestLogs\LastRun\RPF6E5F.png
\0
W, 3608, 13, 2012/11/02, 15:54:04.337, 1575627668901, QTAgent32.exe, Playback - [WARNING] Internal warning: Couldn't find descendants that match QueryId
\0
W, 3608, 13, 2012/11/02, 15:54:04.337, 1575627671779, QTAgent32.exe, PERF WARNING: FindTopLevelWindowHelper::FindAllDescendents: took 18130 ms. Expected it to take maximum 500 ms.
W, 3608, 13, 2012/11/02, 15:54:04.833, 1575634778463, QTAgent32.exe, Playback - [WARNING] Internal warning: Window with Class "ThunderRT6MDIForm" and Title "Customer: txt1 tdsfs" was not found, so similar window with Class "ThunderRT6MDIForm" and Title "Customer: autotest" was accepted
\0
W, 3608, 13, 2012/11/02, 15:54:06.125, 1575653272958, QTAgent32.exe, Playback - [WARNING] Internal warning: Incorrect flag set for InvokeProgrammaticAction\0
W, 3608, 13, 2012/11/02, 15:54:06.243, 1575654965677, QTAgent32.exe, &lt;a class=success&gt;Playback - {9} [SUCCESS] SetValueAsComboBox "Customers" - "[MSAA, VisibleOnly]ControlType='ComboBox'"  &lt; SetValueAsComboBox, set by clicking on the item in the list box &gt;
\0&lt;/a&gt;
W, 3608, 13, 2012/11/02, 15:54:06.686, 1575661311091, QTAgent32.exe, &lt;a class=success&gt;Playback - {10} [SUCCESS] MouseButtonClick - "[MSAA, VisibleOnly]ControlType='Button' &amp;&amp; Name='Add'"
\0&lt;/a&gt;
W, 3608, 13, 2012/11/02, 15:54:06.988, 1575665628904, QTAgent32.exe, &lt;a class=success&gt;Playback - {11} [SUCCESS] SendKeys "autotest" - "[MSAA, VisibleOnly]ControlType='RadioButton' &amp;&amp; Name='Personal Lines'"
\0&lt;/a&gt;
E, 3608, 13, 2012/11/02, 15:54:07.110, 1575667383562, QTAgent32.exe, LoadLibrary() : Unable to find the resource 37382 from assembly C:\Windows\system32\en-US\ieframe.dll.mui: Error1814
E, 3608, 13, 2012/11/02, 15:54:07.111, 1575667389593, QTAgent32.exe, LoadLibrary() : Unable to find the resource 41728 from assembly C:\Windows\system32\en-US\ieframe.dll.mui: Error1814
E, 3608, 13, 2012/11/02, 15:54:07.111, 1575667391756, QTAgent32.exe, LoadLibrary() : Unable to find the resource 8131 from assembly C:\Windows\system32\en-US\ieframe.dll.mui: Error1814
E, 3608, 13, 2012/11/02, 15:54:07.111, 1575667394072, QTAgent32.exe, LoadLibrary() : Unable to find the resource 8131 from assembly C:\Windows\system32\en-US\ieframe.dll.mui: Error1814
E, 3608, 13, 2012/11/02, 15:54:07.111, 1575667397655, QTAgent32.exe, LoadLibrary() : Unable to find the resource 8131 from assembly C:\Windows\system32\en-US\ieframe.dll.mui: Error1814
E, 3608, 13, 2012/11/02, 15:54:07.112, 1575667402448, QTAgent32.exe, LoadLibrary() : Unable to find the resource 803 from assembly C:\Windows\system32\en-US\user32.dll.mui: Error1814
W, 3608, 13, 2012/11/02, 15:54:07.358, 1575670930187, QTAgent32.exe, &lt;a class=success&gt;Playback - {12} [SUCCESS] SetValueAsEditBox "autotest" - "[MSAA, VisibleOnly]ControlType='Edit'"  &lt; Set via SendKeys &gt;
\0&lt;/a&gt;
W, 3608, 13, 2012/11/02, 15:54:07.652, 1575675135981, QTAgent32.exe, &lt;a class=success&gt;Playback - {13} [SUCCESS] MouseButtonClick - "[MSAA, VisibleOnly]ControlType='Button' &amp;&amp; Name='OK'"
\0&lt;/a&gt;
W, 3608, 13, 2012/11/02, 15:54:08.021, 1575680426425, QTAgent32.exe, &lt;a class=success&gt;Playback - {14} [SUCCESS] MouseButtonClick - "[MSAA, VisibleOnly]ControlType='Button' &amp;&amp; Name='Yes'"
\0&lt;/a&gt;
W, 3608, 13, 2012/11/02, 15:54:08.209, 1575683111883, QTAgent32.exe, &lt;a class=success&gt;Playback - {15} [SUCCESS] SendKeys "^{HOME}" - "[MSAA, VisibleOnly]ControlType='Edit'"
\0&lt;/a&gt;
E, 3608, 13, 2012/11/02, 15:54:08.211, 1575683139471, QTAgent32.exe, Msaa.GetFocusedElement: could not find accessible object of foreground window
W, 3608, 13, 2012/11/02, 15:54:08.270, 1575683985130, QTAgent32.exe, &lt;a class=success&gt;Playback - {16} [SUCCESS] SendKeys "^+{END}" - "[MSAA, VisibleOnly]ControlType='Edit'"
\0&lt;/a&gt;
E, 3608, 13, 2012/11/02, 15:54:08.270, 1575683987359, QTAgent32.exe, Msaa.GetFocusedElement: could not find accessible object of foreground window
W, 3608, 13, 2012/11/02, 15:54:08.283, 1575684172119, QTAgent32.exe, &lt;a class=success&gt;Playback - {17} [SUCCESS] SendKeys "{DELETE}" - "[MSAA, VisibleOnly]ControlType='Edit'"
\0&lt;/a&gt;
W, 3608, 13, 2012/11/02, 15:54:08.340, 1575684992335, QTAgent32.exe, &lt;a class=success&gt;Playback - {18} [SUCCESS] SetValueAsEditBox "1" - "[MSAA, VisibleOnly]ControlType='Edit'"  &lt; Set via SendKeys &gt;
\0&lt;/a&gt;
W, 3608, 13, 2012/11/02, 15:54:08.528, 1575687679708, QTAgent32.exe, &lt;a class=success&gt;Playback - {19} [SUCCESS] SendKeys "^{HOME}" - "[MSAA, VisibleOnly]ControlType='Edit'"
\0&lt;/a&gt;
E, 3608, 13, 2012/11/02, 15:54:08.528, 1575687682279, QTAgent32.exe, Msaa.GetFocusedElement: could not find accessible object of foreground window
W, 3608, 13, 2012/11/02, 15:54:08.591, 1575688581350, QTAgent32.exe, &lt;a class=success&gt;Playback - {20} [SUCCESS] SendKeys "^+{END}" - "[MSAA, VisibleOnly]ControlType='Edit'"
\0&lt;/a&gt;
E, 3608, 13, 2012/11/02, 15:54:08.591, 1575688583655, QTAgent32.exe, Msaa.GetFocusedElement: could not find accessible object of foreground window
W, 3608, 13, 2012/11/02, 15:54:08.604, 1575688769281, QTAgent32.exe, &lt;a class=success&gt;Playback - {21} [SUCCESS] SendKeys "{DELETE}" - "[MSAA, VisibleOnly]ControlType='Edit'"
\0&lt;/a&gt;
W, 3608, 13, 2012/11/02, 15:54:08.658, 1575689545082, QTAgent32.exe, &lt;a class=success&gt;Playback - {22} [SUCCESS] SetValueAsEditBox "1" - "[MSAA, VisibleOnly]ControlType='Edit'"  &lt; Set via SendKeys &gt;
\0&lt;/a&gt;
W, 3608, 13, 2012/11/02, 15:54:08.965, 1575693942009, QTAgent32.exe, &lt;a class=success&gt;Playback - {23} [SUCCESS] MouseButtonClick - "[MSAA, VisibleOnly]ControlType='Button' &amp;&amp; Name='OK'"
\0&lt;/a&gt;
W, 3608, 13, 2012/11/02, 15:54:09.289, 1575698574950, QTAgent32.exe, &lt;a class=success&gt;Playback - {24} [SUCCESS] MouseButtonClick - "[MSAA, VisibleOnly]ControlType='Button'"
\0&lt;/a&gt;
W, 3608, 13, 2012/11/02, 15:54:09.598, 1575703000002, QTAgent32.exe, &lt;a class=success&gt;Playback - {25} [SUCCESS] MouseButtonClick - "[MSAA, VisibleOnly]ControlType='Button' &amp;&amp; Name='Add'"
\0&lt;/a&gt;
W, 3608, 13, 2012/11/02, 15:54:09.896, 1575707261617, QTAgent32.exe, &lt;a class=success&gt;Playback - {26} [SUCCESS] MouseButtonClick - "[MSAA, VisibleOnly]ControlType='Button' &amp;&amp; Name='OK'"
\0&lt;/a&gt;
W, 3608, 13, 2012/11/02, 15:54:12.125, 1575739170721, QTAgent32.exe, &lt;a class=success&gt;Playback - {27} [SUCCESS] MouseButtonClick - "[MSAA, VisibleOnly,Window]ControlType='Window' &amp;&amp; ClassName='ThunderRT6TextBox'"
\0&lt;/a&gt;
W, 3608, 13, 2012/11/02, 15:54:12.394, 1575743026377, QTAgent32.exe, &lt;a class=success&gt;Playback - {28} [SUCCESS] SetValueAsEditBox "HOME" - "[MSAA, VisibleOnly]ControlType='Edit'"  &lt; Set via SendKeys &gt;
\0&lt;/a&gt;
W, 3608, 13, 2012/11/02, 15:54:12.694, 1575747321254, QTAgent32.exe, &lt;a class=success&gt;Playback - {29} [SUCCESS] MouseButtonClick - "[MSAA, VisibleOnly]ControlType='Button' &amp;&amp; Name='OK'"
\0&lt;/a&gt;
W, 3608, 13, 2012/11/02, 15:54:12.929, 1575750692689, QTAgent32.exe, &lt;a class=success&gt;Playback - {30} [SUCCESS] MouseButtonClick - "[MSAA, VisibleOnly]ControlType='Button' &amp;&amp; Name='Options'"
\0&lt;/a&gt;
W, 3608, 13, 2012/11/02, 15:54:13.033, 1575752183601, QTAgent32.exe, FindScreenElementInSinglePass : Attempting to find control in one pass of search. Failures can occur.
W, 3608, 13, 2012/11/02, 15:54:13.215, 1575754778946, QTAgent32.exe, &lt;a class=success&gt;Playback - {31} [SUCCESS] MouseButtonClick - "[MSAA]ControlType='MenuItem' &amp;&amp; Name='Links'"
\0&lt;/a&gt;
W, 3608, 13, 2012/11/02, 15:54:13.315, 1575756215397, QTAgent32.exe, FindScreenElementInSinglePass : Attempting to find control in one pass of search. Failures can occur.
W, 3608, 13, 2012/11/02, 15:54:13.478, 1575758544445, QTAgent32.exe, &lt;a class=success&gt;Playback - {32} [SUCCESS] MouseButtonClick - "[MSAA]ControlType='MenuItem' &amp;&amp; Name='3rd Party Integration'"
\0&lt;/a&gt;
W, 3608, 13, 2012/11/02, 15:54:13.578, 1575759981764, QTAgent32.exe, FindScreenElementInSinglePass : Attempting to find control in one pass of search. Failures can occur.
W, 3608, 13, 2012/11/02, 15:54:13.743, 1575762349638, QTAgent32.exe, &lt;a class=success&gt;Playback - {33} [SUCCESS] MouseButtonClick - "[MSAA]ControlType='MenuItem' &amp;&amp; Name='Quote Select List'"
\0&lt;/a&gt;
W, 3608, 13, 2012/11/02, 15:54:15.525, 1575787853353, QTAgent32.exe, PERF WARNING: FindTopLevelWindowHelper::FindAllDescendents: took 1675 ms. Expected it to take maximum 500 ms.
W, 3608, 13, 2012/11/02, 15:54:16.044, 1575795285730, QTAgent32.exe, &lt;a class=success&gt;Playback - {34} [SUCCESS] MouseButtonClick - "[MSAA, VisibleOnly]ControlType='Button' &amp;&amp; Name='Ok'"
\0&lt;/a&gt;
W, 3608, 13, 2012/11/02, 15:54:19.930, 1575850914689, QTAgent32.exe, PERF WARNING: FindTopLevelWindowHelper::FindAllDescendents: took 3764 ms. Expected it to take maximum 500 ms.
W, 3608, 13, 2012/11/02, 15:54:20.136, 1575853870535, QTAgent32.exe, &lt;a class=success&gt;Playback - {35} [SUCCESS] SetValueAsEditBox "test1" - "[MSAA, VisibleOnly]ControlType='Edit'"  &lt; Set via SendKeys &gt;
\0&lt;/a&gt;
W, 3608, 13, 2012/11/02, 15:54:20.426, 1575858022434, QTAgent32.exe, &lt;a class=success&gt;Playback - {36} [SUCCESS] SetValueAsEditBox "test" - "[MSAA, VisibleOnly]ControlType='Edit'"  &lt; Set via SendKeys &gt;
\0&lt;/a&gt;
W, 3608, 13, 2012/11/02, 15:54:20.613, 1575860695799, QTAgent32.exe, &lt;a class=success&gt;Playback - {37} [SUCCESS] SendKeys "^{HOME}" - "[MSAA, VisibleOnly]ControlType='Edit'"
\0&lt;/a&gt;
E, 3608, 13, 2012/11/02, 15:54:20.613, 1575860698275, QTAgent32.exe, Msaa.GetFocusedElement: could not find accessible object of foreground window
W, 3608, 13, 2012/11/02, 15:54:20.666, 1575861454859, QTAgent32.exe, &lt;a class=success&gt;Playback - {38} [SUCCESS] SendKeys "^+{END}" - "[MSAA, VisibleOnly]ControlType='Edit'"
\0&lt;/a&gt;
E, 3608, 13, 2012/11/02, 15:54:20.666, 1575861457030, QTAgent32.exe, Msaa.GetFocusedElement: could not find accessible object of foreground window
W, 3608, 13, 2012/11/02, 15:54:20.679, 1575861642280, QTAgent32.exe, &lt;a class=success&gt;Playback - {39} [SUCCESS] SendKeys "{DELETE}" - "[MSAA, VisibleOnly]ControlType='Edit'"
\0&lt;/a&gt;
W, 3608, 13, 2012/11/02, 15:54:20.806, 1575863463581, QTAgent32.exe, &lt;a class=success&gt;Playback - {40} [SUCCESS] SetValueAsEditBox "test" - "[MSAA, VisibleOnly]ControlType='Edit'"  &lt; Set via SendKeys &gt;
\0&lt;/a&gt;
W, 3608, 13, 2012/11/02, 15:54:21.144, 1575868301637, QTAgent32.exe, Playback - [WARNING] Internal warning: Incorrect flag set for InvokeProgrammaticAction\0
W, 3608, 13, 2012/11/02, 15:54:21.262, 1575869988626, QTAgent32.exe, &lt;a class=success&gt;Playback - {41} [SUCCESS] SetValueAsComboBox "Account Director" - "[MSAA, VisibleOnly]ControlType='ComboBox'"  &lt; SetValueAsComboBox, set by clicking on the item in the list box &gt;
\0&lt;/a&gt;
W, 3608, 13, 2012/11/02, 15:54:21.600, 1575874835481, QTAgent32.exe, Playback - [WARNING] Internal warning: Incorrect flag set for InvokeProgrammaticAction\0
W, 3608, 13, 2012/11/02, 15:54:21.719, 1575876532089, QTAgent32.exe, &lt;a class=success&gt;Playback - {42} [SUCCESS] SetValueAsComboBox "Advertising" - "[MSAA, VisibleOnly]ControlType='ComboBox'"  &lt; SetValueAsComboBox, set by clicking on the item in the list box &gt;
\0&lt;/a&gt;
W, 3608, 13, 2012/11/02, 15:54:22.046, 1575881220227, QTAgent32.exe, &lt;a class=success&gt;Playback - {43} [SUCCESS] SetValueAsEditBox "160589" - "[MSAA, VisibleOnly]ControlType='Edit'"  &lt; Set via SendKeys &gt;
\0&lt;/a&gt;
W, 3608, 13, 2012/11/02, 15:54:22.288, 1575884682992, QTAgent32.exe, &lt;a class=success&gt;Playback - {44} [SUCCESS] MouseButtonClick - "[MSAA, VisibleOnly]ControlType='Edit'"
\0&lt;/a&gt;
W, 3608, 13, 2012/11/02, 15:54:22.607, 1575889252172, QTAgent32.exe, &lt;a class=success&gt;Playback - {45} [SUCCESS] SetValueAsEditBox "B338TH" - "[MSAA, VisibleOnly]ControlType='Edit'"  &lt; Set via SendKeys &gt;
\0&lt;/a&gt;
W, 3608, 13, 2012/11/02, 15:54:24.830, 1575921079542, QTAgent32.exe, &lt;a class=success&gt;Playback - {46} [SUCCESS] MouseButtonClick - "[MSAA, VisibleOnly]ControlType='Button' &amp;&amp; Name='Lookup...'"
\0&lt;/a&gt;
W, 3608, 13, 2012/11/02, 15:54:25.080, 1575924667564, QTAgent32.exe, &lt;a class=success&gt;Playback - {47} [SUCCESS] MouseButtonClick - "[MSAA, VisibleOnly]ControlType='Button' &amp;&amp; Name='Ok'"
\0&lt;/a&gt;
W, 3608, 13, 2012/11/02, 15:54:25.382, 1575928983374, QTAgent32.exe, &lt;a class=success&gt;Playback - {48} [SUCCESS] MouseButtonClick - "[MSAA, VisibleOnly]ControlType='Button' &amp;&amp; Name='Next &gt;'"
\0&lt;/a&gt;
W, 3608, 13, 2012/11/02, 15:54:25.745, 1575934185478, QTAgent32.exe, &lt;a class=success&gt;Playback - {49} [SUCCESS] SetValueAsEditBox "1989" - "[MSAA, VisibleOnly]ControlType='Edit'"  &lt; Set via SendKeys &gt;
\0&lt;/a&gt;
W, 3608, 13, 2012/11/02, 15:54:26.010, 1575937977196, QTAgent32.exe, &lt;a class=success&gt;Playback - {50} [SUCCESS] MouseButtonClick - "[MSAA, VisibleOnly]ControlType='Button' &amp;&amp; Name='Next &gt;'"
\0&lt;/a&gt;
W, 3608, 13, 2012/11/02, 15:54:26.229, 1575941118896, QTAgent32.exe, &lt;a class=success&gt;Playback - {51} [SUCCESS] MouseButtonClick - "[MSAA, VisibleOnly]ControlType='Button' &amp;&amp; Name='Next &gt;'"
\0&lt;/a&gt;
W, 3608, 13, 2012/11/02, 15:54:26.460, 1575944426804, QTAgent32.exe, &lt;a class=success&gt;Playback - {52} [SUCCESS] MouseButtonClick - "[MSAA, VisibleOnly]ControlType='Button' &amp;&amp; Name='Next &gt;'"
\0&lt;/a&gt;
W, 3608, 13, 2012/11/02, 15:54:26.805, 1575949363255, QTAgent32.exe, &lt;a class=success&gt;Playback - {53} [SUCCESS] SetValueAsEditBox "2345" - "[MSAA, VisibleOnly]ControlType='Edit'"  &lt; Set via SendKeys &gt;
\0&lt;/a&gt;
W, 3608, 13, 2012/11/02, 15:54:27.143, 1575954202848, QTAgent32.exe, &lt;a class=success&gt;Playback - {54} [SUCCESS] SetValueAsEditBox "2000" - "[MSAA, VisibleOnly]ControlType='Edit'"  &lt; Set via SendKeys &gt;
\0&lt;/a&gt;
W, 3608, 13, 2012/11/02, 15:54:27.477, 1575958985267, QTAgent32.exe, &lt;a class=success&gt;Playback - {55} [SUCCESS] SetValueAsEditBox "2000" - "[MSAA, VisibleOnly]ControlType='Edit'"  &lt; Set via SendKeys &gt;
\0&lt;/a&gt;
W, 3608, 13, 2012/11/02, 15:54:27.707, 1575962285596, QTAgent32.exe, &lt;a class=success&gt;Playback - {56} [SUCCESS] MouseButtonClick - "[MSAA, VisibleOnly]ControlType='Button' &amp;&amp; Name='Next &gt;'"
\0&lt;/a&gt;
W, 3608, 13, 2012/11/02, 15:54:28.044, 1575967104088, QTAgent32.exe, &lt;a class=success&gt;Playback - {57} [SUCCESS] SetValueAsEditBox "2345" - "[MSAA, VisibleOnly]ControlType='Edit'"  &lt; Set via SendKeys &gt;
\0&lt;/a&gt;
W, 3608, 13, 2012/11/02, 15:54:28.279, 1575970475927, QTAgent32.exe, &lt;a class=success&gt;Playback - {58} [SUCCESS] MouseButtonClick - "[MSAA, VisibleOnly]ControlType='Button' &amp;&amp; Name='Next &gt;'"
\0&lt;/a&gt;
W, 3608, 13, 2012/11/02, 15:54:28.516, 1575973859265, QTAgent32.exe, &lt;a class=success&gt;Playback - {59} [SUCCESS] MouseButtonClick - "[MSAA, VisibleOnly]ControlType='Button' &amp;&amp; Name='Next &gt;'"
\0&lt;/a&gt;
W, 3608, 13, 2012/11/02, 15:54:28.819, 1575978196676, QTAgent32.exe, &lt;a class=success&gt;Playback - {60} [SUCCESS] MouseButtonClick - "[MSAA, VisibleOnly]ControlType='Button' &amp;&amp; Name='Quote'"
\0&lt;/a&gt;
W, 3608, 13, 2012/11/02, 15:54:29.234, 1575984138648, QTAgent32.exe, &lt;a class=success&gt;Playback - {61} [SUCCESS] MouseButtonClick - "[MSAA, VisibleOnly]ControlType='Button' &amp;&amp; Name='No'"
\0&lt;/a&gt;
W, 3608, 13, 2012/11/02, 15:54:36.048, 1576081695772, QTAgent32.exe, PERF WARNING: FindTopLevelWindowHelper::FindAllDescendents: took 6710 ms. Expected it to take maximum 500 ms.
W, 3608, 13, 2012/11/02, 15:54:36.176, 1576083530174, QTAgent32.exe, &lt;a class=success&gt;Playback - {62} [SUCCESS] MouseButtonClick - "[MSAA, VisibleOnly]ControlType='Client'"
\0&lt;/a&gt;
W, 3608, 13, 2012/11/02, 15:54:37.714, 1576105559608, QTAgent32.exe, &lt;a class=success&gt;Playback - {63} [SUCCESS] SendKeys "{End}" - "[MSAA, VisibleOnly]ControlType='Client'"
\0&lt;/a&gt;
W, 3608, 13, 2012/11/02, 15:54:39.379, 1576129390424, QTAgent32.exe, &lt;a class=success&gt;Playback - {64} [SUCCESS] MouseButtonClick - "[MSAA, VisibleOnly]ControlType='Button' &amp;&amp; Name='Accept'"
\0&lt;/a&gt;
W, 3608, 13, 2012/11/02, 15:54:39.644, 1576133192461, QTAgent32.exe, &lt;a class=success&gt;Playback - {65} [SUCCESS] MouseButtonClick - "[MSAA, VisibleOnly]ControlType='Button' &amp;&amp; Name='Yes'"
\0&lt;/a&gt;
W, 3608, 13, 2012/11/02, 15:54:41.904, 1576165532275, QTAgent32.exe, &lt;a class=success&gt;Playback - {66} [SUCCESS] MouseButtonClick - "[MSAA, VisibleOnly]ControlType='Button' &amp;&amp; Name='Ok'"
\0&lt;/a&gt;
W, 3608, 13, 2012/11/02, 15:54:54.680, 1576348463315, QTAgent32.exe, Playback - [WARNING] Internal warning: Window Not Found: [VisibleOnly]ControlType='Window' &amp;&amp; Name='Save the file as' &amp;&amp; ClassName='#32770'
\0
E, 3608, 13, 2012/11/02, 15:54:54.680, 1576348466274, QTAgent32.exe, &lt;a class=failure&gt;Playback - {67} [FAILED] Function ElementFetcher::FindScreenElement failed to locate UI element (Searching: ;[VisibleOnly]ControlType='Window' &amp;&amp; Name='Save the file as' &amp;&amp; ClassName='#32770') (The object specified was not found.)
\0&lt;/a&gt;
E, 3608, 13, 2012/11/02, 15:54:54.789, 1576350018816, QTAgent32.exe, Playback - [IMAGE] C:\Users\peter.zenin-ad\AppData\Local\Temp\UITestLogs\LastRun\RPF3353.png
\0
W, 3608, 13, 2012/11/02, 15:54:54.789, 1576350020859, QTAgent32.exe, Playback - [WARNING] Internal warning: Couldn't find descendants that match QueryId
\0
W, 3608, 13, 2012/11/02, 15:54:54.789, 1576350023763, QTAgent32.exe, PERF WARNING: FindTopLevelWindowHelper::FindAllDescendents: took 12784 ms. Expected it to take maximum 500 ms.
W, 3608, 13, 2012/11/02, 15:55:13.847, 1576622886856, QTAgent32.exe, Playback - [WARNING] Internal warning: Window Not Found: [VisibleOnly]ControlType='Window' &amp;&amp; Name='Save the file as' &amp;&amp; ClassName='#32770'
\0
E, 3608, 13, 2012/11/02, 15:55:13.847, 1576622889727, QTAgent32.exe, &lt;a class=failure&gt;Playback - {68} [FAILED] Function ElementFetcher::FindScreenElement failed to locate UI element (Searching: ;[VisibleOnly]ControlType='Window' &amp;&amp; Name='Save the file as' &amp;&amp; ClassName='#32770') (The object specified was not found.)
\0&lt;/a&gt;
E, 3608, 13, 2012/11/02, 15:55:13.951, 1576624369616, QTAgent32.exe, Playback - [IMAGE] C:\Users\peter.zenin-ad\AppData\Local\Temp\UITestLogs\LastRun\RPF7E39.png
\0
W, 3608, 13, 2012/11/02, 15:55:13.951, 1576624371727, QTAgent32.exe, Playback - [WARNING] Internal warning: Couldn't find descendants that match QueryId
\0
W, 3608, 13, 2012/11/02, 15:55:13.951, 1576624374958, QTAgent32.exe, PERF WARNING: FindTopLevelWindowHelper::FindAllDescendents: took 19160 ms. Expected it to take maximum 500 ms.
W, 3608, 13, 2012/11/02, 15:55:17.182, 1576670641546, QTAgent32.exe, Playback - [WARNING] Internal warning: Smart Match failed
\0
W, 3608, 13, 2012/11/02, 15:55:18.600, 1576690945493, QTAgent32.exe, Playback - [WARNING] Internal warning: Window Not Found: [VisibleOnly]ControlType='Window' &amp;&amp; Name='Save the file as' &amp;&amp; ClassName='#32770'
\0
E, 3608, 13, 2012/11/02, 15:55:18.600, 1576690948472, QTAgent32.exe, &lt;a class=failure&gt;Playback - {69} [FAILED] Function ElementFetcher::FindScreenElement failed to locate UI element (Searching: ;[VisibleOnly]ControlType='Window' &amp;&amp; Name='Save the file as' &amp;&amp; ClassName='#32770') (The object specified was not found.)
\0&lt;/a&gt;
E, 3608, 13, 2012/11/02, 15:55:18.711, 1576692536199, QTAgent32.exe, Playback - [IMAGE] C:\Users\peter.zenin-ad\AppData\Local\Temp\UITestLogs\LastRun\RPF90C0.png
\0
W, 3608, 13, 2012/11/02, 15:55:18.711, 1576692538313, QTAgent32.exe, Playback - [WARNING] Internal warning: Couldn't find descendants that match QueryId
\0
W, 3608, 13, 2012/11/02, 15:55:18.712, 1576692541413, QTAgent32.exe, PERF WARNING: FindTopLevelWindowHelper::FindAllDescendents: took 4760 ms. Expected it to take maximum 500 ms.
E, 3608, 13, 2012/11/02, 15:55:18.712, 1576692555391, QTAgent32.exe, Exception: System.Runtime.InteropServices.COMException
	Message: Error HRESULT E_FAIL has been returned from a call to a COM component.
	Stack Trace:    at Microsoft.VisualStudio.TestTools.UITest.Playback.Engine.IRPFPlayback.FindAllScreenElements(IScreenElement pScreenElementStart, String bstrQueryId, Object&amp; pvarResKeys, Int32 cResKeys, Int32 nMaxDepth, Object[]&amp; foundDescendants)
   at Microsoft.VisualStudio.TestTools.UITest.Playback.ScreenElement.FindTopLevelWindowHelper(String queryId)
	BaseExceptionMessage: Error HRESULT E_FAIL has been returned from a call to a COM component.

E, 3608, 13, 2012/11/02, 15:55:18.882, 1576694976799, QTAgent32.exe, AL: Playback Error: Microsoft.VisualStudio.TestTools.UITest.Extension.UITestControlNotFoundException: The playback failed to find the control with the given search properties. Additional Details: 
TechnologyName:  'MSAA'
ControlType:  'Window'
Name:  'Save the file as'
ClassName:  '#32770'
 ---&gt; System.Runtime.InteropServices.COMException: Error HRESULT E_FAIL has been returned from a call to a COM component.
   at Microsoft.VisualStudio.TestTools.UITest.Playback.Engine.IRPFPlayback.FindAllScreenElements(IScreenElement pScreenElementStart, String bstrQueryId, Object&amp; pvarResKeys, Int32 cResKeys, Int32 nMaxDepth, Object[]&amp; foundDescendants)
   at Microsoft.VisualStudio.TestTools.UITest.Playback.ScreenElement.FindTopLevelWindowHelper(String queryId)
   at Microsoft.VisualStudio.TestTools.UITest.Playback.ScreenElement.FindFromPartialQueryId(String queryId)
   at Microsoft.VisualStudio.TestTools.UITesting.UITestControl..ctor(String queryId)
   --- End of inner exception stack trace ---
   at Microsoft.VisualStudio.TestTools.UITesting.Playback.MapControlNotFoundException(COMException ex, IPlaybackContext context)
   at Microsoft.VisualStudio.TestTools.UITesting.Playback.MapAndThrowComException(COMException innerException, IPlaybackContext context)
   at Microsoft.VisualStudio.TestTools.UITesting.Playback.MapAndThrowException(SystemException exception, IPlaybackContext context)
   at Microsoft.VisualStudio.TestTools.UITesting.Playback.MapAndThrowException(SystemException exception, String queryId)
   at Microsoft.VisualStudio.TestTools.UITesting.UITestControl..ctor(String queryId)
   at Microsoft.VisualStudio.TestTools.UITesting.SearchHelper.SearchTopLevelWindow(ISearchArgument topLevelSearchArg, String topLevelElementQueryId)
   at Microsoft.VisualStudio.TestTools.UITesting.SearchHelper.GetTitleUpdatedTopLevelWindow(ISearchArgument topLevelSearchArg, String queryId, IList`1 windowTitles)
   at Microsoft.VisualStudio.TestTools.UITesting.SearchHelper.GetTopLevelElement(Boolean useCache, Boolean useCacheOnly, ISearchArgument searchArg, IList`1 windowTitles, Int32&amp; timeLeft)
   at Microsoft.VisualStudio.TestTools.UITesting.SearchHelper.GetElement(Boolean useCache, ISearchArgument searchArg)
   at Microsoft.VisualStudio.TestTools.UITesting.SearchHelper.Search(ISearchArgument searchArg)
   at Microsoft.VisualStudio.TestTools.UITesting.UITestControl.FindInternal()
   at Microsoft.VisualStudio.TestTools.UITesting.UITestControl.FindControlIfNecessary()
   at Microsoft.VisualStudio.TestTools.UITesting.UITestControl.Click(MouseButtons button, ModifierKeys modifierKeys, Point relativeCoordinates)
   at Microsoft.VisualStudio.TestTools.UITesting.Mouse.ClickImplementation(UITestControl control, MouseButtons button, ModifierKeys modifierKeys, Point relativeCoordinate)
   at Microsoft.VisualStudio.TestTools.UITesting.Mouse.ClickImplementationWrapper(UITestControl control, MouseButtons button, ModifierKeys modifierKeys, Point relativeCoordinate)
W, 3608, 13, 2012/11/02, 15:55:18.882, 1576694978515, QTAgent32.exe, PlaybackErrorHandler: Ignoring exception as ContinueOnError is set.
W, 3608, 13, 2012/11/02, 15:55:19.100, 1576698105271, QTAgent32.exe, &lt;a class=success&gt;Playback - {70} [SUCCESS] MouseButtonClick - "[MSAA, VisibleOnly]ControlType='Button' &amp;&amp; Name='Ok'"
\0&lt;/a&gt;
W, 3608, 13, 2012/11/02, 15:55:19.366, 1576701912067, QTAgent32.exe, &lt;a class=success&gt;Playback - {71} [SUCCESS] MouseButtonClick - "[MSAA, VisibleOnly]ControlType='Button' &amp;&amp; Name='Ok'"
\0&lt;/a&gt;
W, 3608, 13, 2012/11/02, 15:55:19.817, 1576708356380, QTAgent32.exe, &lt;a class=success&gt;Playback - {72} [SUCCESS] SetValueAsEditBox "B338TH" - "[MSAA, VisibleOnly]ControlType='Edit'"  &lt; Set via SendKeys &gt;
\0&lt;/a&gt;
W, 3608, 13, 2012/11/02, 15:55:22.046, 1576740269134, QTAgent32.exe, &lt;a class=success&gt;Playback - {73} [SUCCESS] MouseButtonClick - "[MSAA, VisibleOnly]ControlType='Button' &amp;&amp; Name='Lookup...'"
\0&lt;/a&gt;
W, 3608, 13, 2012/11/02, 15:55:22.287, 1576743725998, QTAgent32.exe, &lt;a class=success&gt;Playback - {74} [SUCCESS] MouseButtonClick - "[MSAA, VisibleOnly]ControlType='Button' &amp;&amp; Name='Ok'"
\0&lt;/a&gt;
W, 3608, 13, 2012/11/02, 15:55:22.573, 1576747818919, QTAgent32.exe, &lt;a class=success&gt;Playback - {75} [SUCCESS] MouseButtonClick - "[MSAA, VisibleOnly]ControlType='Button' &amp;&amp; Name='Confirm'"
\0&lt;/a&gt;
W, 3608, 13, 2012/11/02, 15:55:42.295, 1577030190827, QTAgent32.exe, Playback - [WARNING] Internal warning: Window Not Found: [VisibleOnly]ControlType='Window' &amp;&amp; Name='insur-E.tam' &amp;&amp; ClassName='#32770'
\0
E, 3608, 13, 2012/11/02, 15:55:42.295, 1577030193659, QTAgent32.exe, &lt;a class=failure&gt;Playback - {76} [FAILED] Function ElementFetcher::FindScreenElement failed to locate UI element (Searching: ;[VisibleOnly]ControlType='Window' &amp;&amp; Name='insur-E.tam' &amp;&amp; ClassName='#32770') (The object specified was not found.)
\0&lt;/a&gt;
E, 3608, 13, 2012/11/02, 15:55:42.392, 1577031573539, QTAgent32.exe, Playback - [IMAGE] C:\Users\peter.zenin-ad\AppData\Local\Temp\UITestLogs\LastRun\RPFED52.png
\0
W, 3608, 13, 2012/11/02, 15:55:42.392, 1577031575745, QTAgent32.exe, Playback - [WARNING] Internal warning: Couldn't find descendants that match QueryId
\0
W, 3608, 13, 2012/11/02, 15:55:42.392, 1577031578617, QTAgent32.exe, PERF WARNING: FindTopLevelWindowHelper::FindAllDescendents: took 19718 ms. Expected it to take maximum 500 ms.
W, 3608, 13, 2012/11/02, 15:56:01.341, 1577302884116, QTAgent32.exe, Playback - [WARNING] Internal warning: Window Not Found: [VisibleOnly]ControlType='Window' &amp;&amp; Name='insur-E.tam' &amp;&amp; ClassName='#32770'
\0
E, 3608, 13, 2012/11/02, 15:56:01.341, 1577302886950, QTAgent32.exe, &lt;a class=failure&gt;Playback - {77} [FAILED] Function ElementFetcher::FindScreenElement failed to locate UI element (Searching: ;[VisibleOnly]ControlType='Window' &amp;&amp; Name='insur-E.tam' &amp;&amp; ClassName='#32770') (The object specified was not found.)
\0&lt;/a&gt;
E, 3608, 13, 2012/11/02, 15:56:01.443, 1577304346502, QTAgent32.exe, Playback - [IMAGE] C:\Users\peter.zenin-ad\AppData\Local\Temp\UITestLogs\LastRun\RPF37BA.png
\0
W, 3608, 13, 2012/11/02, 15:56:01.443, 1577304348791, QTAgent32.exe, Playback - [WARNING] Internal warning: Couldn't find descendants that match QueryId
\0
W, 3608, 13, 2012/11/02, 15:56:01.444, 1577304351948, QTAgent32.exe, PERF WARNING: FindTopLevelWindowHelper::FindAllDescendents: took 19050 ms. Expected it to take maximum 500 ms.
W, 3608, 13, 2012/11/02, 15:56:04.676, 1577350636657, QTAgent32.exe, Playback - [WARNING] Internal warning: Smart Match failed
\0
W, 3608, 13, 2012/11/02, 15:56:06.095, 1577370956880, QTAgent32.exe, Playback - [WARNING] Internal warning: Window Not Found: [VisibleOnly]ControlType='Window' &amp;&amp; Name='insur-E.tam' &amp;&amp; ClassName='#32770'
\0
E, 3608, 13, 2012/11/02, 15:56:06.095, 1577370959881, QTAgent32.exe, &lt;a class=failure&gt;Playback - {78} [FAILED] Function ElementFetcher::FindScreenElement failed to locate UI element (Searching: ;[VisibleOnly]ControlType='Window' &amp;&amp; Name='insur-E.tam' &amp;&amp; ClassName='#32770') (The object specified was not found.)
\0&lt;/a&gt;
E, 3608, 13, 2012/11/02, 15:56:06.209, 1577372586703, QTAgent32.exe, Playback - [IMAGE] C:\Users\peter.zenin-ad\AppData\Local\Temp\UITestLogs\LastRun\RPF4A51.png
\0
W, 3608, 13, 2012/11/02, 15:56:06.209, 1577372588935, QTAgent32.exe, Playback - [WARNING] Internal warning: Couldn't find descendants that match QueryId
\0
W, 3608, 13, 2012/11/02, 15:56:06.209, 1577372591892, QTAgent32.exe, PERF WARNING: FindTopLevelWindowHelper::FindAllDescendents: took 4765 ms. Expected it to take maximum 500 ms.
E, 3608, 13, 2012/11/02, 15:56:06.210, 1577372594047, QTAgent32.exe, Exception: System.Runtime.InteropServices.COMException
	Message: Error HRESULT E_FAIL has been returned from a call to a COM component.
	Stack Trace:    at Microsoft.VisualStudio.TestTools.UITest.Playback.Engine.IRPFPlayback.FindAllScreenElements(IScreenElement pScreenElementStart, String bstrQueryId, Object&amp; pvarResKeys, Int32 cResKeys, Int32 nMaxDepth, Object[]&amp; foundDescendants)
   at Microsoft.VisualStudio.TestTools.UITest.Playback.ScreenElement.FindTopLevelWindowHelper(String queryId)
	BaseExceptionMessage: Error HRESULT E_FAIL has been returned from a call to a COM component.

E, 3608, 13, 2012/11/02, 15:56:06.210, 1577372599339, QTAgent32.exe, Window 12648910 not responding. Last Win32 error 0
E, 3608, 13, 2012/11/02, 15:56:06.210, 1577372605299, QTAgent32.exe, GetClassName for handle 12648910 failed
E, 3608, 13, 2012/11/02, 15:56:06.211, 1577372613719, QTAgent32.exe, Window 12648910 not responding. Last Win32 error 1400
E, 3608, 13, 2012/11/02, 15:56:06.212, 1577372636205, QTAgent32.exe, Window 12648910 not responding. Last Win32 error 1400
E, 3608, 13, 2012/11/02, 15:56:06.213, 1577372637730, QTAgent32.exe, GetClassName for handle 12648910 failed
E, 3608, 13, 2012/11/02, 15:56:06.213, 1577372638578, QTAgent32.exe, GetClassName for handle 12648910 failed
E, 3608, 13, 2012/11/02, 15:56:06.313, 1577374074928, QTAgent32.exe, AL: Playback Error: Microsoft.VisualStudio.TestTools.UITest.Extension.UITestControlNotFoundException: The playback failed to find the control with the given search properties. Additional Details: 
TechnologyName:  'MSAA'
ControlType:  'Window'
 ---&gt; System.Runtime.InteropServices.COMException: Error HRESULT E_FAIL has been returned from a call to a COM component.
   at Microsoft.VisualStudio.TestTools.UITest.Playback.Engine.IRPFPlayback.FindAllScreenElements(IScreenElement pScreenElementStart, String bstrQueryId, Object&amp; pvarResKeys, Int32 cResKeys, Int32 nMaxDepth, Object[]&amp; foundDescendants)
   at Microsoft.VisualStudio.TestTools.UITest.Playback.ScreenElement.FindTopLevelWindowHelper(String queryId)
   at Microsoft.VisualStudio.TestTools.UITest.Playback.ScreenElement.FindFromPartialQueryId(String queryId)
   at Microsoft.VisualStudio.TestTools.UITesting.UITestControl..ctor(String queryId)
   --- End of inner exception stack trace ---
   at Microsoft.VisualStudio.TestTools.UITesting.Playback.MapControlNotFoundException(COMException ex, IPlaybackContext context)
   at Microsoft.VisualStudio.TestTools.UITesting.Playback.MapAndThrowComException(COMException innerException, IPlaybackContext context)
   at Microsoft.VisualStudio.TestTools.UITesting.Playback.MapAndThrowException(SystemException exception, IPlaybackContext context)
   at Microsoft.VisualStudio.TestTools.UITesting.Playback.MapAndThrowException(SystemException exception, String queryId)
   at Microsoft.VisualStudio.TestTools.UITesting.UITestControl..ctor(String queryId)
   at Microsoft.VisualStudio.TestTools.UITesting.SearchHelper.SearchTopLevelWindow(ISearchArgument topLevelSearchArg, String topLevelElementQueryId)
   at Microsoft.VisualStudio.TestTools.UITesting.SearchHelper.GetTitleUpdatedTopLevelWindow(ISearchArgument topLevelSearchArg, String queryId, IList`1 windowTitles)
   at Microsoft.VisualStudio.TestTools.UITesting.SearchHelper.GetTopLevelElement(Boolean useCache, Boolean useCacheOnly, ISearchArgument searchArg, IList`1 windowTitles, Int32&amp; timeLeft)
   at Microsoft.VisualStudio.TestTools.UITesting.SearchHelper.GetElement(Boolean useCache, ISearchArgument searchArg)
   at Microsoft.VisualStudio.TestTools.UITesting.SearchHelper.Search(ISearchArgument searchArg)
   at Microsoft.VisualStudio.TestTools.UITesting.UITestControl.FindInternal()
   at Microsoft.VisualStudio.TestTools.UITesting.UITestControl.FindControlIfNecessary()
   at Microsoft.VisualStudio.TestTools.UITesting.UITestControl.Click(MouseButtons button, ModifierKeys modifierKeys, Point relativeCoordinates)
   at Microsoft.VisualStudio.TestTools.UITesting.Mouse.ClickImplementation(UITestControl control, MouseButtons button, ModifierKeys modifierKeys, Point relativeCoordinate)
   at Microsoft.VisualStudio.TestTools.UITesting.Mouse.ClickImplementationWrapper(UITestControl control, MouseButtons button, ModifierKeys modifierKeys, Point relativeCoordinate)
W, 3608, 13, 2012/11/02, 15:56:06.313, 1577374077361, QTAgent32.exe, PlaybackErrorHandler: Ignoring exception as ContinueOnError is set.
W, 3608, 13, 2012/11/02, 15:56:06.442, 1577375924123, QTAgent32.exe, &lt;a class=success&gt;Playback - {79} [SUCCESS] Check - "[MSAA, VisibleOnly]ControlType='CheckBox' &amp;&amp; Name='Defer Printing?'"
\0&lt;/a&gt;
W, 3608, 13, 2012/11/02, 15:56:07.656, 1577393310394, QTAgent32.exe, &lt;a class=success&gt;Playback - {80} [SUCCESS] MouseButtonClick - "[MSAA, VisibleOnly]ControlType='Button' &amp;&amp; Name='Ok'"
\0&lt;/a&gt;
W, 3608, 13, 2012/11/02, 15:56:08.807, 1577409788719, QTAgent32.exe, PERF WARNING: FindTopLevelWindowHelper::FindAllDescendents: took 1051 ms. Expected it to take maximum 500 ms.
W, 3608, 13, 2012/11/02, 15:56:08.939, 1577411679552, QTAgent32.exe, &lt;a class=success&gt;Playback - {81} [SUCCESS] Uncheck - "[MSAA, VisibleOnly]ControlType='CheckBox' &amp;&amp; Name='Add Activity'"
\0&lt;/a&gt;
W, 3608, 13, 2012/11/02, 15:56:09.631, 1577421585808, QTAgent32.exe, &lt;a class=success&gt;Playback - {82} [SUCCESS] MouseButtonClick - "[MSAA, VisibleOnly]ControlType='Button' &amp;&amp; Name='Ok'"
\0&lt;/a&gt;
W, 3608, 13, 2012/11/02, 15:56:09.870, 1577424989011, QTAgent32.exe, &lt;a class=success&gt;Playback - {83} [SUCCESS] MouseButtonClick - "[MSAA, VisibleOnly]ControlType='Button' &amp;&amp; Name='Ok'"
\0&lt;/a&gt;
W, 3608, 13, 2012/11/02, 15:56:18.521, 1577548865733, QTAgent32.exe, PERF WARNING: FindTopLevelWindowHelper::FindAllDescendents: took 8453 ms. Expected it to take maximum 500 ms.
W, 3608, 13, 2012/11/02, 15:56:20.681, 1577579777397, QTAgent32.exe, &lt;a class=success&gt;Playback - {84} [SUCCESS] MouseButtonClick - "[MSAA, VisibleOnly]ControlType='Button' &amp;&amp; Name='OK'"
\0&lt;/a&gt;
W, 3608, 13, 2012/11/02, 15:56:21.991, 1577598542859, QTAgent32.exe, Playback - [WARNING] Internal warning: Window Not Found: [VisibleOnly]ControlType='Window' &amp;&amp; Name='Tamxml7' &amp;&amp; ClassName='TMessageForm'
\0
E, 3608, 13, 2012/11/02, 15:56:21.991, 1577598545796, QTAgent32.exe, &lt;a class=failure&gt;Playback - {85} [FAILED] Function ElementFetcher::FindScreenElement failed to locate UI element (Searching: ;[VisibleOnly]ControlType='Window' &amp;&amp; Name='Tamxml7' &amp;&amp; ClassName='TMessageForm') (The object specified was not found.)
\0&lt;/a&gt;
E, 3608, 13, 2012/11/02, 15:56:22.101, 1577600114190, QTAgent32.exe, Playback - [IMAGE] C:\Users\peter.zenin-ad\AppData\Local\Temp\UITestLogs\LastRun\RPF886B.png
\0
W, 3608, 13, 2012/11/02, 15:56:22.101, 1577600116103, QTAgent32.exe, Playback - [WARNING] Internal warning: Couldn't find descendants that match QueryId
\0
W, 3608, 13, 2012/11/02, 15:56:22.101, 1577600118772, QTAgent32.exe, PERF WARNING: FindTopLevelWindowHelper::FindAllDescendents: took 1320 ms. Expected it to take maximum 500 ms.
W, 3608, 13, 2012/11/02, 15:56:40.162, 1577858698457, QTAgent32.exe, Playback - [WARNING] Internal warning: Window Not Found: [VisibleOnly]ControlType='Window' &amp;&amp; Name='Tamxml7' &amp;&amp; ClassName='TMessageForm'
\0
E, 3608, 13, 2012/11/02, 15:56:40.162, 1577858701261, QTAgent32.exe, &lt;a class=failure&gt;Playback - {86} [FAILED] Function ElementFetcher::FindScreenElement failed to locate UI element (Searching: ;[VisibleOnly]ControlType='Window' &amp;&amp; Name='Tamxml7' &amp;&amp; ClassName='TMessageForm') (The object specified was not found.)
\0&lt;/a&gt;
E, 3608, 13, 2012/11/02, 15:56:40.265, 1577860179278, QTAgent32.exe, Playback - [IMAGE] C:\Users\peter.zenin-ad\AppData\Local\Temp\UITestLogs\LastRun\RPFCF5A.png
\0
W, 3608, 13, 2012/11/02, 15:56:40.265, 1577860181432, QTAgent32.exe, Playback - [WARNING] Internal warning: Couldn't find descendants that match QueryId
\0
W, 3608, 13, 2012/11/02, 15:56:40.266, 1577860184612, QTAgent32.exe, PERF WARNING: FindTopLevelWindowHelper::FindAllDescendents: took 18163 ms. Expected it to take maximum 500 ms.
W, 3608, 13, 2012/11/02, 15:56:40.708, 1577866525125, QTAgent32.exe, Playback - [WARNING] Internal warning: Smart Match failed
\0
W, 3608, 13, 2012/11/02, 15:56:40.875, 1577868908691, QTAgent32.exe, Playback - [WARNING] Internal warning: Smart Match failed
\0
W, 3608, 13, 2012/11/02, 15:56:41.040, 1577871271098, QTAgent32.exe, Playback - [WARNING] Internal warning: Smart Match failed
\0
W, 3608, 13, 2012/11/02, 15:56:41.205, 1577873630478, QTAgent32.exe, Playback - [WARNING] Internal warning: Smart Match failed
\0
W, 3608, 13, 2012/11/02, 15:56:41.370, 1577875996067, QTAgent32.exe, Playback - [WARNING] Internal warning: Smart Match failed
\0
W, 3608, 13, 2012/11/02, 15:56:41.534, 1577878352228, QTAgent32.exe, Playback - [WARNING] Internal warning: Smart Match failed
\0
W, 3608, 13, 2012/11/02, 15:56:41.698, 1577880690863, QTAgent32.exe, Playback - [WARNING] Internal warning: Smart Match failed
\0
W, 3608, 13, 2012/11/02, 15:56:41.872, 1577883181463, QTAgent32.exe, Playback - [WARNING] Internal warning: Smart Match failed
\0
W, 3608, 13, 2012/11/02, 15:56:42.034, 1577885504774, QTAgent32.exe, Playback - [WARNING] Internal warning: Smart Match failed
\0
W, 3608, 13, 2012/11/02, 15:56:42.200, 1577887879120, QTAgent32.exe, Playback - [WARNING] Internal warning: Smart Match failed
\0
W, 3608, 13, 2012/11/02, 15:56:42.365, 1577890245923, QTAgent32.exe, Playback - [WARNING] Internal warning: Smart Match failed
\0
W, 3608, 13, 2012/11/02, 15:56:42.531, 1577892619257, QTAgent32.exe, Playback - [WARNING] Internal warning: Smart Match failed
\0
W, 3608, 13, 2012/11/02, 15:56:42.696, 1577894982709, QTAgent32.exe, Playback - [WARNING] Internal warning: Smart Match failed
\0
W, 3608, 13, 2012/11/02, 15:56:42.861, 1577897344759, QTAgent32.exe, Playback - [WARNING] Internal warning: Smart Match failed
\0
W, 3608, 13, 2012/11/02, 15:56:43.024, 1577899689063, QTAgent32.exe, Playback - [WARNING] Internal warning: Smart Match failed
\0
W, 3608, 13, 2012/11/02, 15:56:43.188, 1577902038356, QTAgent32.exe, Playback - [WARNING] Internal warning: Smart Match failed
\0
W, 3608, 13, 2012/11/02, 15:56:43.351, 1577904363154, QTAgent32.exe, Playback - [WARNING] Internal warning: Smart Match failed
\0
W, 3608, 13, 2012/11/02, 15:56:43.410, 1577905216805, QTAgent32.exe, Playback - [WARNING] Internal warning: Window Not Found: [VisibleOnly]ControlType='Window' &amp;&amp; Name='Tamxml7' &amp;&amp; ClassName='TMessageForm'
\0
E, 3608, 13, 2012/11/02, 15:56:43.411, 1577905219521, QTAgent32.exe, &lt;a class=failure&gt;Playback - {87} [FAILED] Function ElementFetcher::FindScreenElement failed to locate UI element (Searching: ;[VisibleOnly]ControlType='Window' &amp;&amp; Name='Tamxml7' &amp;&amp; ClassName='TMessageForm') (The object specified was not found.)
\0&lt;/a&gt;
E, 3608, 13, 2012/11/02, 15:56:43.502, 1577906528323, QTAgent32.exe, Playback - [IMAGE] C:\Users\peter.zenin-ad\AppData\Local\Temp\UITestLogs\LastRun\RPFDC18.png
\0
W, 3608, 13, 2012/11/02, 15:56:43.502, 1577906530330, QTAgent32.exe, Playback - [WARNING] Internal warning: Couldn't find descendants that match QueryId
\0
W, 3608, 13, 2012/11/02, 15:56:43.502, 1577906533262, QTAgent32.exe, PERF WARNING: FindTopLevelWindowHelper::FindAllDescendents: took 3236 ms. Expected it to take maximum 500 ms.
E, 3608, 13, 2012/11/02, 15:56:43.503, 1577906535244, QTAgent32.exe, Exception: System.Runtime.InteropServices.COMException
	Message: Error HRESULT E_FAIL has been returned from a call to a COM component.
	Stack Trace:    at Microsoft.VisualStudio.TestTools.UITest.Playback.Engine.IRPFPlayback.FindAllScreenElements(IScreenElement pScreenElementStart, String bstrQueryId, Object&amp; pvarResKeys, Int32 cResKeys, Int32 nMaxDepth, Object[]&amp; foundDescendants)
   at Microsoft.VisualStudio.TestTools.UITest.Playback.ScreenElement.FindTopLevelWindowHelper(String queryId)
	BaseExceptionMessage: Error HRESULT E_FAIL has been returned from a call to a COM component.

E, 3608, 13, 2012/11/02, 15:56:43.503, 1577906539126, QTAgent32.exe, GetClassName for handle 8520722 failed
E, 3608, 13, 2012/11/02, 15:56:43.503, 1577906548317, QTAgent32.exe, Window 8520722 not responding. Last Win32 error 1400
E, 3608, 13, 2012/11/02, 15:56:43.504, 1577906549704, QTAgent32.exe, GetClassName for handle 8520722 failed
E, 3608, 13, 2012/11/02, 15:56:43.504, 1577906550535, QTAgent32.exe, GetClassName for handle 8520722 failed
E, 3608, 13, 2012/11/02, 15:56:43.504, 1577906559551, QTAgent32.exe, GetClassName for handle 10945234 failed
E, 3608, 13, 2012/11/02, 15:56:43.506, 1577906586278, QTAgent32.exe, Exception: System.Runtime.InteropServices.COMException
	Message: Error HRESULT E_FAIL has been returned from a call to a COM component.
	Stack Trace:    at Accessibility.IAccessible.get_accState(Object varChild)
   at Microsoft.VisualStudio.TestTools.UITest.Extension.Msaa.AccWrapper.get_State()
	BaseExceptionMessage: Error HRESULT E_FAIL has been returned from a call to a COM component.

E, 3608, 13, 2012/11/02, 15:56:43.506, 1577906590660, QTAgent32.exe, Exception: System.Runtime.InteropServices.COMException
	Message: Error HRESULT E_FAIL has been returned from a call to a COM component.
	Stack Trace:    at Accessibility.IAccessible.get_accState(Object varChild)
   at Microsoft.VisualStudio.TestTools.UITest.Extension.Msaa.AccWrapper.get_State()
	BaseExceptionMessage: Error HRESULT E_FAIL has been returned from a call to a COM component.

E, 3608, 13, 2012/11/02, 15:56:43.507, 1577906595139, QTAgent32.exe, Exception: System.Runtime.InteropServices.COMException
	Message: Error HRESULT E_FAIL has been returned from a call to a COM component.
	Stack Trace:    at Accessibility.IAccessible.get_accState(Object varChild)
   at Microsoft.VisualStudio.TestTools.UITest.Extension.Msaa.AccWrapper.get_State()
	BaseExceptionMessage: Error HRESULT E_FAIL has been returned from a call to a COM component.

E, 3608, 13, 2012/11/02, 15:56:43.507, 1577906599354, QTAgent32.exe, Exception: System.Runtime.InteropServices.COMException
	Message: Error HRESULT E_FAIL has been returned from a call to a COM component.
	Stack Trace:    at Accessibility.IAccessible.get_accState(Object varChild)
   at Microsoft.VisualStudio.TestTools.UITest.Extension.Msaa.AccWrapper.get_State()
	BaseExceptionMessage: Error HRESULT E_FAIL has been returned from a call to a COM component.

E, 3608, 13, 2012/11/02, 15:56:43.507, 1577906603634, QTAgent32.exe, Exception: System.Runtime.InteropServices.COMException
	Message: Error HRESULT E_FAIL has been returned from a call to a COM component.
	Stack Trace:    at Accessibility.IAccessible.get_accState(Object varChild)
   at Microsoft.VisualStudio.TestTools.UITest.Extension.Msaa.AccWrapper.get_State()
	BaseExceptionMessage: Error HRESULT E_FAIL has been returned from a call to a COM component.

E, 3608, 13, 2012/11/02, 15:56:43.508, 1577906608307, QTAgent32.exe, Exception: System.Runtime.InteropServices.COMException
	Message: Error HRESULT E_FAIL has been returned from a call to a COM component.
	Stack Trace:    at Accessibility.IAccessible.get_accState(Object varChild)
   at Microsoft.VisualStudio.TestTools.UITest.Extension.Msaa.AccWrapper.get_State()
	BaseExceptionMessage: Error HRESULT E_FAIL has been returned from a call to a COM component.

E, 3608, 13, 2012/11/02, 15:56:43.508, 1577906612498, QTAgent32.exe, Exception: System.Runtime.InteropServices.COMException
	Message: Error HRESULT E_FAIL has been returned from a call to a COM component.
	Stack Trace:    at Accessibility.IAccessible.get_accState(Object varChild)
   at Microsoft.VisualStudio.TestTools.UITest.Extension.Msaa.AccWrapper.get_State()
	BaseExceptionMessage: Error HRESULT E_FAIL has been returned from a call to a COM component.

W, 3608, 13, 2012/11/02, 15:56:43.706, 1577909445513, QTAgent32.exe, PERF WARNING: MSAA.UpdateQueryIDForNamelessControls: took 201 ms. Expected it to take maximum 200 ms.
W, 3608, 13, 2012/11/02, 15:56:43.706, 1577909455299, QTAgent32.exe, Msaa.Navigate: Exception [Error HRESULT E_FAIL has been returned from a call to a COM component.] while calling accNavigate.
E, 3608, 13, 2012/11/02, 15:56:43.707, 1577909457022, QTAgent32.exe, GetClassName for handle 10945234 failed
E, 3608, 13, 2012/11/02, 15:56:43.708, 1577909472431, QTAgent32.exe, GetClassName for handle 10945234 failed
E, 3608, 13, 2012/11/02, 15:56:43.708, 1577909474607, QTAgent32.exe, Window 10945234 not responding. Last Win32 error 1400
E, 3608, 13, 2012/11/02, 15:56:43.708, 1577909475597, QTAgent32.exe, GetClassName for handle 8520722 failed
E, 3608, 13, 2012/11/02, 15:56:43.708, 1577909476411, QTAgent32.exe, GetClassName for handle 10945234 failed
E, 3608, 13, 2012/11/02, 15:56:43.708, 1577909477150, QTAgent32.exe, GetClassName for handle 10945234 failed
E, 3608, 13, 2012/11/02, 15:56:43.808, 1577910912601, QTAgent32.exe, AL: Playback Error: Microsoft.VisualStudio.TestTools.UITest.Extension.UITestControlNotAvailableException: The control is not available or not valid. Additional Details: 
TechnologyName:  'MSAA'
ControlType:  'Button'
 ---&gt; Microsoft.VisualStudio.TestTools.UITest.Extension.UITestControlNotAvailableException: The control is not available or not valid. Additional Details: 
TechnologyName:  'MSAA'
ControlType:  'Window'
 ---&gt; System.Runtime.InteropServices.COMException: Error HRESULT E_FAIL has been returned from a call to a COM component.
   at Microsoft.VisualStudio.TestTools.UITest.Playback.Engine.IRPFPlayback.FindAllScreenElements(IScreenElement pScreenElementStart, String bstrQueryId, Object&amp; pvarResKeys, Int32 cResKeys, Int32 nMaxDepth, Object[]&amp; foundDescendants)
   at Microsoft.VisualStudio.TestTools.UITest.Playback.ScreenElement.FindTopLevelWindowHelper(String queryId)
   at Microsoft.VisualStudio.TestTools.UITest.Playback.ScreenElement.FindFromPartialQueryId(String queryId)
   at Microsoft.VisualStudio.TestTools.UITesting.UITestControl.EnsureValid(Boolean waitForReady, Boolean refetch)
   --- End of inner exception stack trace ---
   at Microsoft.VisualStudio.TestTools.UITesting.UITestControl.EnsureValid(Boolean waitForReady, Boolean refetch)
   at Microsoft.VisualStudio.TestTools.UITesting.UITestControl.FindFirstDescendant(String queryId, Int32 maxDepth, Int32&amp; timeLeft)
   at Microsoft.VisualStudio.TestTools.UITesting.UITestControl.FindFirstDescendant(String queryId)
   at Microsoft.VisualStudio.TestTools.UITesting.UITestControl.EnsureValid(Boolean waitForReady, Boolean refetch)
   --- End of inner exception stack trace ---
   at Microsoft.VisualStudio.TestTools.UITesting.UITestControl.EnsureValid(Boolean waitForReady, Boolean refetch)
   at Microsoft.VisualStudio.TestTools.UITesting.UITestControl.Click(MouseButtons button, ModifierKeys modifierKeys, Point relativeCoordinates)
   at Microsoft.VisualStudio.TestTools.UITesting.Mouse.ClickImplementation(UITestControl control, MouseButtons button, ModifierKeys modifierKeys, Point relativeCoordinate)
   at Microsoft.VisualStudio.TestTools.UITesting.Mouse.ClickImplementationWrapper(UITestControl control, MouseButtons button, ModifierKeys modifierKeys, Point relativeCoordinate)
W, 3608, 13, 2012/11/02, 15:56:43.808, 1577910914482, QTAgent32.exe, PlaybackErrorHandler: Ignoring exception as ContinueOnError is set.
W, 3608, 13, 2012/11/02, 15:56:43.952, 1577912973751, QTAgent32.exe, &lt;a class=success&gt;Playback - {88} [SUCCESS] MouseButtonClick - "[MSAA, VisibleOnly]ControlType='Button' &amp;&amp; Name='Cancel'"
\0&lt;/a&gt;
W, 3608, 13, 2012/11/02, 15:56:44.268, 1577917491264, QTAgent32.exe, &lt;a class=success&gt;Playback - {89} [SUCCESS] MouseButtonClick - "[MSAA, VisibleOnly]ControlType='Button'"
\0&lt;/a&gt;
W, 3608, 13, 2012/11/02, 15:56:44.704, 1577923738241, QTAgent32.exe, &lt;a class=success&gt;Playback - {90} [SUCCESS] MouseButtonClick - "[MSAA, VisibleOnly]ControlType='Button' &amp;&amp; Name='Detail'"
\0&lt;/a&gt;
W, 3608, 13, 2012/11/02, 15:56:44.933, 1577927018409, QTAgent32.exe, &lt;a class=success&gt;Playback - {91} [SUCCESS] MouseButtonClick - "[MSAA, VisibleOnly]ControlType='Edit'"
\0&lt;/a&gt;
W, 3608, 13, 2012/11/02, 15:56:45.202, 1577930868234, QTAgent32.exe, &lt;a class=success&gt;Playback - {92} [SUCCESS] MouseButtonClick - "[MSAA, VisibleOnly]ControlType='Button' &amp;&amp; Name='Cancel'"
\0&lt;/a&gt;
W, 3608, 13, 2012/11/02, 15:56:45.463, 1577934602446, QTAgent32.exe, &lt;a class=success&gt;Playback - {93} [SUCCESS] MouseButtonClick - "[MSAA, VisibleOnly]ControlType='Button' &amp;&amp; Name='Cancel'"
\0&lt;/a&gt;
W, 3608, 13, 2012/11/02, 15:56:45.691, 1577937873132, QTAgent32.exe, &lt;a class=success&gt;Playback - {94} [SUCCESS] MouseButtonClick - "[MSAA, VisibleOnly]ControlType='Button' &amp;&amp; Name='Cancel'"
\0&lt;/a&gt;
W, 3608, 13, 2012/11/02, 15:56:45.921, 1577941159826, QTAgent32.exe, &lt;a class=success&gt;Playback - {95} [SUCCESS] MouseButtonClick - "[MSAA, VisibleOnly]ControlType='Button' &amp;&amp; Name='Close'"
\0&lt;/a&gt;
W, 3608, 13, 2012/11/02, 15:56:50.116, 1578001215245, QTAgent32.exe, IEDOM : StopSession of the plugin called before StartSession
W, 3608, 13, 2012/11/02, 15:56:50.116, 1578001216373, QTAgent32.exe, UIA : StopSession of the plugin called before StartSession
W, 3608, 13, 2012/11/02, 15:56:50.116, 1578001222055, QTAgent32.exe, SLPlugin : StopSession of the plugin called before StartSession
</DebugTrace>
      </Output>
    </UnitTestResult>
    <UnitTestResult executionId="2dd7737f-b26f-4dd5-abb1-7e2f9da5b27f" testId="98368514-c48e-be24-398b-d9342dd6b274" testName="HouseTest10" computerName="ICLVDEVAP01" duration="00:03:24.0536104" startTime="2012-11-02T15:56:50.1430451+00:00" endTime="2012-11-02T16:00:14.2548182+00:00" testType="13cdc9d9-ddb5-4fa4-a97d-d965ccfc6d4b" outcome="Passed" testListId="8c84fa94-04c1-424b-9868-57a2d4851a1d" relativeResultsDirectory="2dd7737f-b26f-4dd5-abb1-7e2f9da5b27f">
      <Output>
        <DebugTrace>W, 3608, 22, 2012/11/02, 15:56:50.148, 1578001677319, QTAgent32.exe, ExtensionFramework : A Technology Manager with name Web is already registered.
W, 3608, 22, 2012/11/02, 15:56:50.780, 1578010725209, QTAgent32.exe, &lt;a class=success&gt;Playback - {1} [SUCCESS] MouseButtonClick - "[MSAA, VisibleOnly]ControlType='Edit'"
\0&lt;/a&gt;
W, 3608, 22, 2012/11/02, 15:56:50.969, 1578013429404, QTAgent32.exe, &lt;a class=success&gt;Playback - {2} [SUCCESS] SendKeys "[*]" - "[MSAA, VisibleOnly]ControlType='Edit'"
\0&lt;/a&gt;
W, 3608, 22, 2012/11/02, 15:56:51.655, 1578023256513, QTAgent32.exe, &lt;a class=success&gt;Playback - {3} [SUCCESS] MouseButtonClick - "[MSAA, VisibleOnly]ControlType='Button' &amp;&amp; Name='OK'"
\0&lt;/a&gt;
W, 3608, 22, 2012/11/02, 15:56:52.200, 1578031064625, QTAgent32.exe, &lt;a class=success&gt;Playback - {4} [SUCCESS] MouseButtonClick - "[MSAA, VisibleOnly]ControlType='Button' &amp;&amp; Name='OK'"
\0&lt;/a&gt;
W, 3608, 22, 2012/11/02, 15:56:52.457, 1578034737681, QTAgent32.exe, &lt;a class=success&gt;Playback - {5} [SUCCESS] MouseButtonClick - "[MSAA, VisibleOnly]ControlType='Button' &amp;&amp; Name='Clients &amp; Files'"
\0&lt;/a&gt;
W, 3608, 22, 2012/11/02, 15:56:52.747, 1578038893700, QTAgent32.exe, &lt;a class=success&gt;Playback - {6} [SUCCESS] MouseButtonClick - "[MSAA, VisibleOnly]ControlType='Button' &amp;&amp; Name='Clients &amp; Files'"
\0&lt;/a&gt;
W, 3608, 22, 2012/11/02, 15:56:53.309, 1578046943210, QTAgent32.exe, Playback - [WARNING] Internal warning: Window Not Found: [VisibleOnly]ControlType='Window' &amp;&amp; Name='Customer: txt1 tdsfs' &amp;&amp; ClassName='ThunderRT6MDIForm'
\0
E, 3608, 22, 2012/11/02, 15:56:53.309, 1578046946024, QTAgent32.exe, &lt;a class=failure&gt;Playback - {7} [FAILED] Function ElementFetcher::FindScreenElement failed to locate UI element (Searching: ;[VisibleOnly]ControlType='Window' &amp;&amp; Name='Customer: txt1 tdsfs' &amp;&amp; ClassName='ThunderRT6MDIForm') (The object specified was not found.)
\0&lt;/a&gt;
E, 3608, 22, 2012/11/02, 15:56:53.397, 1578048200293, QTAgent32.exe, Playback - [IMAGE] C:\Users\peter.zenin-ad\AppData\Local\Temp\UITestLogs\LastRun\RPF2BB.png
\0
W, 3608, 22, 2012/11/02, 15:56:53.397, 1578048202471, QTAgent32.exe, Playback - [WARNING] Internal warning: Couldn't find descendants that match QueryId
\0
W, 3608, 22, 2012/11/02, 15:56:53.397, 1578048205433, QTAgent32.exe, PERF WARNING: FindTopLevelWindowHelper::FindAllDescendents: took 550 ms. Expected it to take maximum 500 ms.
W, 3608, 22, 2012/11/02, 15:57:11.426, 1578306331470, QTAgent32.exe, Playback - [WARNING] Internal warning: Window Not Found: [VisibleOnly]ControlType='Window' &amp;&amp; Name='Customer: txt1 tdsfs' &amp;&amp; ClassName='ThunderRT6MDIForm'
\0
E, 3608, 22, 2012/11/02, 15:57:11.426, 1578306334291, QTAgent32.exe, &lt;a class=failure&gt;Playback - {8} [FAILED] Function ElementFetcher::FindScreenElement failed to locate UI element (Searching: ;[VisibleOnly]ControlType='Window' &amp;&amp; Name='Customer: txt1 tdsfs' &amp;&amp; ClassName='ThunderRT6MDIForm') (The object specified was not found.)
\0&lt;/a&gt;
E, 3608, 22, 2012/11/02, 15:57:11.514, 1578307592588, QTAgent32.exe, Playback - [IMAGE] C:\Users\peter.zenin-ad\AppData\Local\Temp\UITestLogs\LastRun\RPF497C.png
\0
W, 3608, 22, 2012/11/02, 15:57:11.515, 1578307597175, QTAgent32.exe, Playback - [WARNING] Internal warning: Couldn't find descendants that match QueryId
\0
W, 3608, 22, 2012/11/02, 15:57:11.515, 1578307600051, QTAgent32.exe, PERF WARNING: FindTopLevelWindowHelper::FindAllDescendents: took 18116 ms. Expected it to take maximum 500 ms.
W, 3608, 22, 2012/11/02, 15:57:12.020, 1578314839356, QTAgent32.exe, Playback - [WARNING] Internal warning: Window with Class "ThunderRT6MDIForm" and Title "Customer: txt1 tdsfs" was not found, so similar window with Class "ThunderRT6MDIForm" and Title "Customer: autotest" was accepted
\0
W, 3608, 22, 2012/11/02, 15:57:12.021, 1578314843673, QTAgent32.exe, PERF WARNING: FindTopLevelWindowHelper::FindAllDescendents: took 505 ms. Expected it to take maximum 500 ms.
W, 3608, 22, 2012/11/02, 15:57:13.283, 1578332921446, QTAgent32.exe, Playback - [WARNING] Internal warning: Incorrect flag set for InvokeProgrammaticAction\0
W, 3608, 22, 2012/11/02, 15:57:13.403, 1578334622398, QTAgent32.exe, &lt;a class=success&gt;Playback - {9} [SUCCESS] SetValueAsComboBox "Customers" - "[MSAA, VisibleOnly]ControlType='ComboBox'"  &lt; SetValueAsComboBox, set by clicking on the item in the list box &gt;
\0&lt;/a&gt;
W, 3608, 22, 2012/11/02, 15:57:13.859, 1578341145496, QTAgent32.exe, &lt;a class=success&gt;Playback - {10} [SUCCESS] MouseButtonClick - "[MSAA, VisibleOnly]ControlType='Button' &amp;&amp; Name='Add'"
\0&lt;/a&gt;
W, 3608, 22, 2012/11/02, 15:57:14.154, 1578345372711, QTAgent32.exe, &lt;a class=success&gt;Playback - {11} [SUCCESS] SendKeys "autotest" - "[MSAA, VisibleOnly]ControlType='RadioButton' &amp;&amp; Name='Personal Lines'"
\0&lt;/a&gt;
W, 3608, 22, 2012/11/02, 15:57:14.499, 1578350316634, QTAgent32.exe, &lt;a class=success&gt;Playback - {12} [SUCCESS] SetValueAsEditBox "autotest" - "[MSAA, VisibleOnly]ControlType='Edit'"  &lt; Set via SendKeys &gt;
\0&lt;/a&gt;
W, 3608, 22, 2012/11/02, 15:57:14.791, 1578354503095, QTAgent32.exe, &lt;a class=success&gt;Playback - {13} [SUCCESS] MouseButtonClick - "[MSAA, VisibleOnly]ControlType='Button' &amp;&amp; Name='OK'"
\0&lt;/a&gt;
W, 3608, 22, 2012/11/02, 15:57:15.167, 1578359880738, QTAgent32.exe, &lt;a class=success&gt;Playback - {14} [SUCCESS] MouseButtonClick - "[MSAA, VisibleOnly]ControlType='Button' &amp;&amp; Name='Yes'"
\0&lt;/a&gt;
W, 3608, 22, 2012/11/02, 15:57:15.394, 1578363127372, QTAgent32.exe, &lt;a class=success&gt;Playback - {15} [SUCCESS] SendKeys "^{HOME}" - "[MSAA, VisibleOnly]ControlType='Edit'"
\0&lt;/a&gt;
E, 3608, 22, 2012/11/02, 15:57:15.394, 1578363130084, QTAgent32.exe, Msaa.GetFocusedElement: could not find accessible object of foreground window
W, 3608, 22, 2012/11/02, 15:57:15.451, 1578363943379, QTAgent32.exe, &lt;a class=success&gt;Playback - {16} [SUCCESS] SendKeys "^+{END}" - "[MSAA, VisibleOnly]ControlType='Edit'"
\0&lt;/a&gt;
E, 3608, 22, 2012/11/02, 15:57:15.451, 1578363945973, QTAgent32.exe, Msaa.GetFocusedElement: could not find accessible object of foreground window
W, 3608, 22, 2012/11/02, 15:57:15.465, 1578364144086, QTAgent32.exe, &lt;a class=success&gt;Playback - {17} [SUCCESS] SendKeys "{DELETE}" - "[MSAA, VisibleOnly]ControlType='Edit'"
\0&lt;/a&gt;
W, 3608, 22, 2012/11/02, 15:57:15.516, 1578364878523, QTAgent32.exe, &lt;a class=success&gt;Playback - {18} [SUCCESS] SetValueAsEditBox "1" - "[MSAA, VisibleOnly]ControlType='Edit'"  &lt; Set via SendKeys &gt;
\0&lt;/a&gt;
W, 3608, 22, 2012/11/02, 15:57:15.699, 1578367494836, QTAgent32.exe, &lt;a class=success&gt;Playback - {19} [SUCCESS] SendKeys "^{HOME}" - "[MSAA, VisibleOnly]ControlType='Edit'"
\0&lt;/a&gt;
E, 3608, 22, 2012/11/02, 15:57:15.699, 1578367497510, QTAgent32.exe, Msaa.GetFocusedElement: could not find accessible object of foreground window
W, 3608, 22, 2012/11/02, 15:57:15.766, 1578368453197, QTAgent32.exe, &lt;a class=success&gt;Playback - {20} [SUCCESS] SendKeys "^+{END}" - "[MSAA, VisibleOnly]ControlType='Edit'"
\0&lt;/a&gt;
E, 3608, 22, 2012/11/02, 15:57:15.770, 1578368509343, QTAgent32.exe, Msaa.GetFocusedElement: could not find accessible object of foreground window
W, 3608, 22, 2012/11/02, 15:57:15.799, 1578368926721, QTAgent32.exe, &lt;a class=success&gt;Playback - {21} [SUCCESS] SendKeys "{DELETE}" - "[MSAA, VisibleOnly]ControlType='Edit'"
\0&lt;/a&gt;
W, 3608, 22, 2012/11/02, 15:57:15.854, 1578369718479, QTAgent32.exe, &lt;a class=success&gt;Playback - {22} [SUCCESS] SetValueAsEditBox "1" - "[MSAA, VisibleOnly]ControlType='Edit'"  &lt; Set via SendKeys &gt;
\0&lt;/a&gt;
W, 3608, 22, 2012/11/02, 15:57:16.175, 1578374312751, QTAgent32.exe, &lt;a class=success&gt;Playback - {23} [SUCCESS] MouseButtonClick - "[MSAA, VisibleOnly]ControlType='Button' &amp;&amp; Name='OK'"
\0&lt;/a&gt;
W, 3608, 22, 2012/11/02, 15:57:16.491, 1578378836507, QTAgent32.exe, &lt;a class=success&gt;Playback - {24} [SUCCESS] MouseButtonClick - "[MSAA, VisibleOnly]ControlType='Button'"
\0&lt;/a&gt;
W, 3608, 22, 2012/11/02, 15:57:16.788, 1578383091133, QTAgent32.exe, &lt;a class=success&gt;Playback - {25} [SUCCESS] MouseButtonClick - "[MSAA, VisibleOnly]ControlType='Button' &amp;&amp; Name='Add'"
\0&lt;/a&gt;
W, 3608, 22, 2012/11/02, 15:57:17.087, 1578387370708, QTAgent32.exe, &lt;a class=success&gt;Playback - {26} [SUCCESS] MouseButtonClick - "[MSAA, VisibleOnly]ControlType='Button' &amp;&amp; Name='OK'"
\0&lt;/a&gt;
W, 3608, 22, 2012/11/02, 15:57:19.317, 1578419286100, QTAgent32.exe, &lt;a class=success&gt;Playback - {27} [SUCCESS] MouseButtonClick - "[MSAA, VisibleOnly,Window]ControlType='Window' &amp;&amp; ClassName='ThunderRT6TextBox'"
\0&lt;/a&gt;
W, 3608, 22, 2012/11/02, 15:57:19.595, 1578423271620, QTAgent32.exe, &lt;a class=success&gt;Playback - {28} [SUCCESS] SetValueAsEditBox "HOME" - "[MSAA, VisibleOnly]ControlType='Edit'"  &lt; Set via SendKeys &gt;
\0&lt;/a&gt;
W, 3608, 22, 2012/11/02, 15:57:19.895, 1578427564502, QTAgent32.exe, &lt;a class=success&gt;Playback - {29} [SUCCESS] MouseButtonClick - "[MSAA, VisibleOnly]ControlType='Button' &amp;&amp; Name='OK'"
\0&lt;/a&gt;
W, 3608, 22, 2012/11/02, 15:57:20.122, 1578430823618, QTAgent32.exe, &lt;a class=success&gt;Playback - {30} [SUCCESS] MouseButtonClick - "[MSAA, VisibleOnly]ControlType='Button' &amp;&amp; Name='Options'"
\0&lt;/a&gt;
W, 3608, 22, 2012/11/02, 15:57:20.223, 1578432263867, QTAgent32.exe, FindScreenElementInSinglePass : Attempting to find control in one pass of search. Failures can occur.
W, 3608, 22, 2012/11/02, 15:57:20.372, 1578434393116, QTAgent32.exe, &lt;a class=success&gt;Playback - {31} [SUCCESS] MouseButtonClick - "[MSAA]ControlType='MenuItem' &amp;&amp; Name='Links'"
\0&lt;/a&gt;
W, 3608, 22, 2012/11/02, 15:57:20.472, 1578435829707, QTAgent32.exe, FindScreenElementInSinglePass : Attempting to find control in one pass of search. Failures can occur.
W, 3608, 22, 2012/11/02, 15:57:20.640, 1578438230754, QTAgent32.exe, &lt;a class=success&gt;Playback - {32} [SUCCESS] MouseButtonClick - "[MSAA]ControlType='MenuItem' &amp;&amp; Name='3rd Party Integration'"
\0&lt;/a&gt;
W, 3608, 22, 2012/11/02, 15:57:20.740, 1578439667318, QTAgent32.exe, FindScreenElementInSinglePass : Attempting to find control in one pass of search. Failures can occur.
W, 3608, 22, 2012/11/02, 15:57:20.902, 1578441981206, QTAgent32.exe, &lt;a class=success&gt;Playback - {33} [SUCCESS] MouseButtonClick - "[MSAA]ControlType='MenuItem' &amp;&amp; Name='Quote Select List'"
\0&lt;/a&gt;
W, 3608, 22, 2012/11/02, 15:57:22.739, 1578468285008, QTAgent32.exe, PERF WARNING: FindTopLevelWindowHelper::FindAllDescendents: took 1735 ms. Expected it to take maximum 500 ms.
W, 3608, 22, 2012/11/02, 15:57:23.222, 1578475202374, QTAgent32.exe, &lt;a class=success&gt;Playback - {34} [SUCCESS] MouseButtonClick - "[MSAA, VisibleOnly]ControlType='Button' &amp;&amp; Name='Ok'"
\0&lt;/a&gt;
W, 3608, 22, 2012/11/02, 15:57:26.689, 1578524832307, QTAgent32.exe, PERF WARNING: FindTopLevelWindowHelper::FindAllDescendents: took 3351 ms. Expected it to take maximum 500 ms.
W, 3608, 22, 2012/11/02, 15:57:26.881, 1578527586631, QTAgent32.exe, &lt;a class=success&gt;Playback - {35} [SUCCESS] SetValueAsEditBox "test1" - "[MSAA, VisibleOnly]ControlType='Edit'"  &lt; Set via SendKeys &gt;
\0&lt;/a&gt;
W, 3608, 22, 2012/11/02, 15:57:27.157, 1578531537375, QTAgent32.exe, &lt;a class=success&gt;Playback - {36} [SUCCESS] SetValueAsEditBox "test" - "[MSAA, VisibleOnly]ControlType='Edit'"  &lt; Set via SendKeys &gt;
\0&lt;/a&gt;
W, 3608, 22, 2012/11/02, 15:57:27.335, 1578534081965, QTAgent32.exe, &lt;a class=success&gt;Playback - {37} [SUCCESS] SendKeys "^{HOME}" - "[MSAA, VisibleOnly]ControlType='Edit'"
\0&lt;/a&gt;
E, 3608, 22, 2012/11/02, 15:57:27.335, 1578534084703, QTAgent32.exe, Msaa.GetFocusedElement: could not find accessible object of foreground window
W, 3608, 22, 2012/11/02, 15:57:27.388, 1578534841471, QTAgent32.exe, &lt;a class=success&gt;Playback - {38} [SUCCESS] SendKeys "^+{END}" - "[MSAA, VisibleOnly]ControlType='Edit'"
\0&lt;/a&gt;
E, 3608, 22, 2012/11/02, 15:57:27.388, 1578534843849, QTAgent32.exe, Msaa.GetFocusedElement: could not find accessible object of foreground window
W, 3608, 22, 2012/11/02, 15:57:27.401, 1578535027723, QTAgent32.exe, &lt;a class=success&gt;Playback - {39} [SUCCESS] SendKeys "{DELETE}" - "[MSAA, VisibleOnly]ControlType='Edit'"
\0&lt;/a&gt;
W, 3608, 22, 2012/11/02, 15:57:27.521, 1578536750789, QTAgent32.exe, &lt;a class=success&gt;Playback - {40} [SUCCESS] SetValueAsEditBox "test" - "[MSAA, VisibleOnly]ControlType='Edit'"  &lt; Set via SendKeys &gt;
\0&lt;/a&gt;
W, 3608, 22, 2012/11/02, 15:57:27.839, 1578541307247, QTAgent32.exe, Playback - [WARNING] Internal warning: Incorrect flag set for InvokeProgrammaticAction\0
W, 3608, 22, 2012/11/02, 15:57:27.958, 1578543001806, QTAgent32.exe, &lt;a class=success&gt;Playback - {41} [SUCCESS] SetValueAsComboBox "Account Director" - "[MSAA, VisibleOnly]ControlType='ComboBox'"  &lt; SetValueAsComboBox, set by clicking on the item in the list box &gt;
\0&lt;/a&gt;
W, 3608, 22, 2012/11/02, 15:57:28.289, 1578547747143, QTAgent32.exe, Playback - [WARNING] Internal warning: Incorrect flag set for InvokeProgrammaticAction\0
W, 3608, 22, 2012/11/02, 15:57:28.409, 1578549445148, QTAgent32.exe, &lt;a class=success&gt;Playback - {42} [SUCCESS] SetValueAsComboBox "Advertising" - "[MSAA, VisibleOnly]ControlType='ComboBox'"  &lt; SetValueAsComboBox, set by clicking on the item in the list box &gt;
\0&lt;/a&gt;
W, 3608, 22, 2012/11/02, 15:57:28.727, 1578554003778, QTAgent32.exe, &lt;a class=success&gt;Playback - {43} [SUCCESS] SetValueAsEditBox "160589" - "[MSAA, VisibleOnly]ControlType='Edit'"  &lt; Set via SendKeys &gt;
\0&lt;/a&gt;
W, 3608, 22, 2012/11/02, 15:57:28.956, 1578557282333, QTAgent32.exe, &lt;a class=success&gt;Playback - {44} [SUCCESS] MouseButtonClick - "[MSAA, VisibleOnly]ControlType='Edit'"
\0&lt;/a&gt;
W, 3608, 22, 2012/11/02, 15:57:29.265, 1578561707395, QTAgent32.exe, &lt;a class=success&gt;Playback - {45} [SUCCESS] SetValueAsEditBox "B338TH" - "[MSAA, VisibleOnly]ControlType='Edit'"  &lt; Set via SendKeys &gt;
\0&lt;/a&gt;
W, 3608, 22, 2012/11/02, 15:57:31.484, 1578593477146, QTAgent32.exe, &lt;a class=success&gt;Playback - {46} [SUCCESS] MouseButtonClick - "[MSAA, VisibleOnly]ControlType='Button' &amp;&amp; Name='Lookup...'"
\0&lt;/a&gt;
W, 3608, 22, 2012/11/02, 15:57:31.732, 1578597027220, QTAgent32.exe, &lt;a class=success&gt;Playback - {47} [SUCCESS] MouseButtonClick - "[MSAA, VisibleOnly]ControlType='Button' &amp;&amp; Name='Ok'"
\0&lt;/a&gt;
W, 3608, 22, 2012/11/02, 15:57:32.025, 1578601225734, QTAgent32.exe, &lt;a class=success&gt;Playback - {48} [SUCCESS] MouseButtonClick - "[MSAA, VisibleOnly]ControlType='Button' &amp;&amp; Name='Next &gt;'"
\0&lt;/a&gt;
W, 3608, 22, 2012/11/02, 15:57:32.378, 1578606285051, QTAgent32.exe, &lt;a class=success&gt;Playback - {49} [SUCCESS] SetValueAsEditBox "1989" - "[MSAA, VisibleOnly]ControlType='Edit'"  &lt; Set via SendKeys &gt;
\0&lt;/a&gt;
W, 3608, 22, 2012/11/02, 15:57:32.650, 1578610171606, QTAgent32.exe, &lt;a class=success&gt;Playback - {50} [SUCCESS] MouseButtonClick - "[MSAA, VisibleOnly]ControlType='Button' &amp;&amp; Name='Next &gt;'"
\0&lt;/a&gt;
W, 3608, 22, 2012/11/02, 15:57:32.870, 1578613331462, QTAgent32.exe, &lt;a class=success&gt;Playback - {51} [SUCCESS] MouseButtonClick - "[MSAA, VisibleOnly]ControlType='Button' &amp;&amp; Name='Next &gt;'"
\0&lt;/a&gt;
W, 3608, 22, 2012/11/02, 15:57:33.098, 1578616589169, QTAgent32.exe, &lt;a class=success&gt;Playback - {52} [SUCCESS] MouseButtonClick - "[MSAA, VisibleOnly]ControlType='Button' &amp;&amp; Name='Next &gt;'"
\0&lt;/a&gt;
W, 3608, 22, 2012/11/02, 15:57:33.428, 1578621303487, QTAgent32.exe, &lt;a class=success&gt;Playback - {53} [SUCCESS] SetValueAsEditBox "2345" - "[MSAA, VisibleOnly]ControlType='Edit'"  &lt; Set via SendKeys &gt;
\0&lt;/a&gt;
W, 3608, 22, 2012/11/02, 15:57:33.772, 1578626228834, QTAgent32.exe, &lt;a class=success&gt;Playback - {54} [SUCCESS] SetValueAsEditBox "2000" - "[MSAA, VisibleOnly]ControlType='Edit'"  &lt; Set via SendKeys &gt;
\0&lt;/a&gt;
W, 3608, 22, 2012/11/02, 15:57:34.107, 1578631026976, QTAgent32.exe, &lt;a class=success&gt;Playback - {55} [SUCCESS] SetValueAsEditBox "2000" - "[MSAA, VisibleOnly]ControlType='Edit'"  &lt; Set via SendKeys &gt;
\0&lt;/a&gt;
W, 3608, 22, 2012/11/02, 15:57:34.332, 1578634243554, QTAgent32.exe, &lt;a class=success&gt;Playback - {56} [SUCCESS] MouseButtonClick - "[MSAA, VisibleOnly]ControlType='Button' &amp;&amp; Name='Next &gt;'"
\0&lt;/a&gt;
W, 3608, 22, 2012/11/02, 15:57:34.666, 1578639030180, QTAgent32.exe, &lt;a class=success&gt;Playback - {57} [SUCCESS] SetValueAsEditBox "2345" - "[MSAA, VisibleOnly]ControlType='Edit'"  &lt; Set via SendKeys &gt;
\0&lt;/a&gt;
W, 3608, 22, 2012/11/02, 15:57:34.902, 1578642415159, QTAgent32.exe, &lt;a class=success&gt;Playback - {58} [SUCCESS] MouseButtonClick - "[MSAA, VisibleOnly]ControlType='Button' &amp;&amp; Name='Next &gt;'"
\0&lt;/a&gt;
W, 3608, 22, 2012/11/02, 15:57:35.139, 1578645798522, QTAgent32.exe, &lt;a class=success&gt;Playback - {59} [SUCCESS] MouseButtonClick - "[MSAA, VisibleOnly]ControlType='Button' &amp;&amp; Name='Next &gt;'"
\0&lt;/a&gt;
W, 3608, 22, 2012/11/02, 15:57:35.439, 1578650105244, QTAgent32.exe, &lt;a class=success&gt;Playback - {60} [SUCCESS] MouseButtonClick - "[MSAA, VisibleOnly]ControlType='Button' &amp;&amp; Name='Quote'"
\0&lt;/a&gt;
W, 3608, 22, 2012/11/02, 15:57:35.822, 1578655582483, QTAgent32.exe, &lt;a class=success&gt;Playback - {61} [SUCCESS] MouseButtonClick - "[MSAA, VisibleOnly]ControlType='Button' &amp;&amp; Name='No'"
\0&lt;/a&gt;
W, 3608, 22, 2012/11/02, 15:57:42.195, 1578746817350, QTAgent32.exe, PERF WARNING: FindTopLevelWindowHelper::FindAllDescendents: took 6272 ms. Expected it to take maximum 500 ms.
W, 3608, 22, 2012/11/02, 15:57:42.323, 1578748653181, QTAgent32.exe, &lt;a class=success&gt;Playback - {62} [SUCCESS] MouseButtonClick - "[MSAA, VisibleOnly]ControlType='Client'"
\0&lt;/a&gt;
W, 3608, 22, 2012/11/02, 15:57:43.886, 1578771024887, QTAgent32.exe, &lt;a class=success&gt;Playback - {63} [SUCCESS] SendKeys "{End}" - "[MSAA, VisibleOnly]ControlType='Client'"
\0&lt;/a&gt;
W, 3608, 22, 2012/11/02, 15:57:45.256, 1578790636861, QTAgent32.exe, &lt;a class=success&gt;Playback - {64} [SUCCESS] MouseButtonClick - "[MSAA, VisibleOnly]ControlType='Button' &amp;&amp; Name='Accept'"
\0&lt;/a&gt;
W, 3608, 22, 2012/11/02, 15:57:45.504, 1578794195011, QTAgent32.exe, &lt;a class=success&gt;Playback - {65} [SUCCESS] MouseButtonClick - "[MSAA, VisibleOnly]ControlType='Button' &amp;&amp; Name='Yes'"
\0&lt;/a&gt;
W, 3608, 22, 2012/11/02, 15:57:47.469, 1578822330473, QTAgent32.exe, &lt;a class=success&gt;Playback - {66} [SUCCESS] MouseButtonClick - "[MSAA, VisibleOnly]ControlType='Button' &amp;&amp; Name='Ok'"
\0&lt;/a&gt;
W, 3608, 22, 2012/11/02, 15:57:58.710, 1578983246277, QTAgent32.exe, Playback - [WARNING] Internal warning: Window Not Found: [VisibleOnly]ControlType='Window' &amp;&amp; Name='Save the file as' &amp;&amp; ClassName='#32770'
\0
E, 3608, 22, 2012/11/02, 15:57:58.710, 1578983249295, QTAgent32.exe, &lt;a class=failure&gt;Playback - {67} [FAILED] Function ElementFetcher::FindScreenElement failed to locate UI element (Searching: ;[VisibleOnly]ControlType='Window' &amp;&amp; Name='Save the file as' &amp;&amp; ClassName='#32770') (The object specified was not found.)
\0&lt;/a&gt;
E, 3608, 22, 2012/11/02, 15:57:58.800, 1578984528065, QTAgent32.exe, Playback - [IMAGE] C:\Users\peter.zenin-ad\AppData\Local\Temp\UITestLogs\LastRun\RPF231.png
\0
W, 3608, 22, 2012/11/02, 15:57:58.800, 1578984530233, QTAgent32.exe, Playback - [WARNING] Internal warning: Couldn't find descendants that match QueryId
\0
W, 3608, 22, 2012/11/02, 15:57:58.800, 1578984533066, QTAgent32.exe, PERF WARNING: FindTopLevelWindowHelper::FindAllDescendents: took 11228 ms. Expected it to take maximum 500 ms.
W, 3608, 22, 2012/11/02, 15:58:17.862, 1579257440244, QTAgent32.exe, Playback - [WARNING] Internal warning: Window Not Found: [VisibleOnly]ControlType='Window' &amp;&amp; Name='Save the file as' &amp;&amp; ClassName='#32770'
\0
E, 3608, 22, 2012/11/02, 15:58:17.862, 1579257443250, QTAgent32.exe, &lt;a class=failure&gt;Playback - {68} [FAILED] Function ElementFetcher::FindScreenElement failed to locate UI element (Searching: ;[VisibleOnly]ControlType='Window' &amp;&amp; Name='Save the file as' &amp;&amp; ClassName='#32770') (The object specified was not found.)
\0&lt;/a&gt;
E, 3608, 22, 2012/11/02, 15:58:17.950, 1579258706008, QTAgent32.exe, Playback - [IMAGE] C:\Users\peter.zenin-ad\AppData\Local\Temp\UITestLogs\LastRun\RPF4D07.png
\0
W, 3608, 22, 2012/11/02, 15:58:17.951, 1579258708610, QTAgent32.exe, Playback - [WARNING] Internal warning: Couldn't find descendants that match QueryId
\0
W, 3608, 22, 2012/11/02, 15:58:17.951, 1579258711620, QTAgent32.exe, PERF WARNING: FindTopLevelWindowHelper::FindAllDescendents: took 19148 ms. Expected it to take maximum 500 ms.
W, 3608, 22, 2012/11/02, 15:58:21.198, 1579305194364, QTAgent32.exe, Playback - [WARNING] Internal warning: Smart Match failed
\0
W, 3608, 22, 2012/11/02, 15:58:22.616, 1579325499347, QTAgent32.exe, Playback - [WARNING] Internal warning: Window Not Found: [VisibleOnly]ControlType='Window' &amp;&amp; Name='Save the file as' &amp;&amp; ClassName='#32770'
\0
E, 3608, 22, 2012/11/02, 15:58:22.616, 1579325502575, QTAgent32.exe, &lt;a class=failure&gt;Playback - {69} [FAILED] Function ElementFetcher::FindScreenElement failed to locate UI element (Searching: ;[VisibleOnly]ControlType='Window' &amp;&amp; Name='Save the file as' &amp;&amp; ClassName='#32770') (The object specified was not found.)
\0&lt;/a&gt;
E, 3608, 22, 2012/11/02, 15:58:22.705, 1579326774811, QTAgent32.exe, Playback - [IMAGE] C:\Users\peter.zenin-ad\AppData\Local\Temp\UITestLogs\LastRun\RPF5F8E.png
\0
W, 3608, 22, 2012/11/02, 15:58:22.705, 1579326777065, QTAgent32.exe, Playback - [WARNING] Internal warning: Couldn't find descendants that match QueryId
\0
W, 3608, 22, 2012/11/02, 15:58:22.706, 1579326780599, QTAgent32.exe, PERF WARNING: FindTopLevelWindowHelper::FindAllDescendents: took 4753 ms. Expected it to take maximum 500 ms.
E, 3608, 22, 2012/11/02, 15:58:22.706, 1579326782548, QTAgent32.exe, Exception: System.Runtime.InteropServices.COMException
	Message: Error HRESULT E_FAIL has been returned from a call to a COM component.
	Stack Trace:    at Microsoft.VisualStudio.TestTools.UITest.Playback.Engine.IRPFPlayback.FindAllScreenElements(IScreenElement pScreenElementStart, String bstrQueryId, Object&amp; pvarResKeys, Int32 cResKeys, Int32 nMaxDepth, Object[]&amp; foundDescendants)
   at Microsoft.VisualStudio.TestTools.UITest.Playback.ScreenElement.FindTopLevelWindowHelper(String queryId)
	BaseExceptionMessage: Error HRESULT E_FAIL has been returned from a call to a COM component.

E, 3608, 22, 2012/11/02, 15:58:22.829, 1579328547483, QTAgent32.exe, AL: Playback Error: Microsoft.VisualStudio.TestTools.UITest.Extension.UITestControlNotFoundException: The playback failed to find the control with the given search properties. Additional Details: 
TechnologyName:  'MSAA'
ControlType:  'Window'
Name:  'Save the file as'
ClassName:  '#32770'
 ---&gt; System.Runtime.InteropServices.COMException: Error HRESULT E_FAIL has been returned from a call to a COM component.
   at Microsoft.VisualStudio.TestTools.UITest.Playback.Engine.IRPFPlayback.FindAllScreenElements(IScreenElement pScreenElementStart, String bstrQueryId, Object&amp; pvarResKeys, Int32 cResKeys, Int32 nMaxDepth, Object[]&amp; foundDescendants)
   at Microsoft.VisualStudio.TestTools.UITest.Playback.ScreenElement.FindTopLevelWindowHelper(String queryId)
   at Microsoft.VisualStudio.TestTools.UITest.Playback.ScreenElement.FindFromPartialQueryId(String queryId)
   at Microsoft.VisualStudio.TestTools.UITesting.UITestControl..ctor(String queryId)
   --- End of inner exception stack trace ---
   at Microsoft.VisualStudio.TestTools.UITesting.Playback.MapControlNotFoundException(COMException ex, IPlaybackContext context)
   at Microsoft.VisualStudio.TestTools.UITesting.Playback.MapAndThrowComException(COMException innerException, IPlaybackContext context)
   at Microsoft.VisualStudio.TestTools.UITesting.Playback.MapAndThrowException(SystemException exception, IPlaybackContext context)
   at Microsoft.VisualStudio.TestTools.UITesting.Playback.MapAndThrowException(SystemException exception, String queryId)
   at Microsoft.VisualStudio.TestTools.UITesting.UITestControl..ctor(String queryId)
   at Microsoft.VisualStudio.TestTools.UITesting.SearchHelper.SearchTopLevelWindow(ISearchArgument topLevelSearchArg, String topLevelElementQueryId)
   at Microsoft.VisualStudio.TestTools.UITesting.SearchHelper.GetTitleUpdatedTopLevelWindow(ISearchArgument topLevelSearchArg, String queryId, IList`1 windowTitles)
   at Microsoft.VisualStudio.TestTools.UITesting.SearchHelper.GetTopLevelElement(Boolean useCache, Boolean useCacheOnly, ISearchArgument searchArg, IList`1 windowTitles, Int32&amp; timeLeft)
   at Microsoft.VisualStudio.TestTools.UITesting.SearchHelper.GetElement(Boolean useCache, ISearchArgument searchArg)
   at Microsoft.VisualStudio.TestTools.UITesting.SearchHelper.Search(ISearchArgument searchArg)
   at Microsoft.VisualStudio.TestTools.UITesting.UITestControl.FindInternal()
   at Microsoft.VisualStudio.TestTools.UITesting.UITestControl.FindControlIfNecessary()
   at Microsoft.VisualStudio.TestTools.UITesting.UITestControl.Click(MouseButtons button, ModifierKeys modifierKeys, Point relativeCoordinates)
   at Microsoft.VisualStudio.TestTools.UITesting.Mouse.ClickImplementation(UITestControl control, MouseButtons button, ModifierKeys modifierKeys, Point relativeCoordinate)
   at Microsoft.VisualStudio.TestTools.UITesting.Mouse.ClickImplementationWrapper(UITestControl control, MouseButtons button, ModifierKeys modifierKeys, Point relativeCoordinate)
W, 3608, 22, 2012/11/02, 15:58:22.829, 1579328549684, QTAgent32.exe, PlaybackErrorHandler: Ignoring exception as ContinueOnError is set.
W, 3608, 22, 2012/11/02, 15:58:23.029, 1579331410122, QTAgent32.exe, &lt;a class=success&gt;Playback - {70} [SUCCESS] MouseButtonClick - "[MSAA, VisibleOnly]ControlType='Button' &amp;&amp; Name='Ok'"
\0&lt;/a&gt;
W, 3608, 22, 2012/11/02, 15:58:23.316, 1579335523625, QTAgent32.exe, &lt;a class=success&gt;Playback - {71} [SUCCESS] MouseButtonClick - "[MSAA, VisibleOnly]ControlType='Button' &amp;&amp; Name='Ok'"
\0&lt;/a&gt;
W, 3608, 22, 2012/11/02, 15:58:23.731, 1579341448750, QTAgent32.exe, &lt;a class=success&gt;Playback - {72} [SUCCESS] SetValueAsEditBox "B338TH" - "[MSAA, VisibleOnly]ControlType='Edit'"  &lt; Set via SendKeys &gt;
\0&lt;/a&gt;
W, 3608, 22, 2012/11/02, 15:58:25.974, 1579373562526, QTAgent32.exe, &lt;a class=success&gt;Playback - {73} [SUCCESS] MouseButtonClick - "[MSAA, VisibleOnly]ControlType='Button' &amp;&amp; Name='Lookup...'"
\0&lt;/a&gt;
W, 3608, 22, 2012/11/02, 15:58:26.214, 1579377001925, QTAgent32.exe, &lt;a class=success&gt;Playback - {74} [SUCCESS] MouseButtonClick - "[MSAA, VisibleOnly]ControlType='Button' &amp;&amp; Name='Ok'"
\0&lt;/a&gt;
W, 3608, 22, 2012/11/02, 15:58:26.522, 1579381409600, QTAgent32.exe, &lt;a class=success&gt;Playback - {75} [SUCCESS] MouseButtonClick - "[MSAA, VisibleOnly]ControlType='Button' &amp;&amp; Name='Confirm'"
\0&lt;/a&gt;
W, 3608, 22, 2012/11/02, 15:58:45.804, 1579657042423, QTAgent32.exe, Playback - [WARNING] Internal warning: Window Not Found: [VisibleOnly]ControlType='Window' &amp;&amp; Name='insur-E.tam' &amp;&amp; ClassName='#32770'
\0
E, 3608, 22, 2012/11/02, 15:58:45.804, 1579657045652, QTAgent32.exe, &lt;a class=failure&gt;Playback - {76} [FAILED] Function ElementFetcher::FindScreenElement failed to locate UI element (Searching: ;[VisibleOnly]ControlType='Window' &amp;&amp; Name='insur-E.tam' &amp;&amp; ClassName='#32770') (The object specified was not found.)
\0&lt;/a&gt;
E, 3608, 22, 2012/11/02, 15:58:45.882, 1579658295987, QTAgent32.exe, Playback - [IMAGE] C:\Users\peter.zenin-ad\AppData\Local\Temp\UITestLogs\LastRun\RPFBA0D.png
\0
W, 3608, 22, 2012/11/02, 15:58:45.882, 1579658298203, QTAgent32.exe, Playback - [WARNING] Internal warning: Couldn't find descendants that match QueryId
\0
W, 3608, 22, 2012/11/02, 15:58:45.882, 1579658301160, QTAgent32.exe, PERF WARNING: FindTopLevelWindowHelper::FindAllDescendents: took 19238 ms. Expected it to take maximum 500 ms.
W, 3608, 22, 2012/11/02, 15:59:04.122, 1579919270137, QTAgent32.exe, Playback - [WARNING] Internal warning: Window Not Found: [VisibleOnly]ControlType='Window' &amp;&amp; Name='insur-E.tam' &amp;&amp; ClassName='#32770'
\0
E, 3608, 22, 2012/11/02, 15:59:04.122, 1579919272989, QTAgent32.exe, &lt;a class=failure&gt;Playback - {77} [FAILED] Function ElementFetcher::FindScreenElement failed to locate UI element (Searching: ;[VisibleOnly]ControlType='Window' &amp;&amp; Name='insur-E.tam' &amp;&amp; ClassName='#32770') (The object specified was not found.)
\0&lt;/a&gt;
E, 3608, 22, 2012/11/02, 15:59:04.200, 1579920519473, QTAgent32.exe, Playback - [IMAGE] C:\Users\peter.zenin-ad\AppData\Local\Temp\UITestLogs\LastRun\RPF199.png
\0
W, 3608, 22, 2012/11/02, 15:59:04.200, 1579920521674, QTAgent32.exe, Playback - [WARNING] Internal warning: Couldn't find descendants that match QueryId
\0
W, 3608, 22, 2012/11/02, 15:59:04.200, 1579920524605, QTAgent32.exe, PERF WARNING: FindTopLevelWindowHelper::FindAllDescendents: took 18313 ms. Expected it to take maximum 500 ms.
W, 3608, 22, 2012/11/02, 15:59:07.336, 1579965283748, QTAgent32.exe, Playback - [WARNING] Internal warning: Smart Match failed
\0
W, 3608, 22, 2012/11/02, 15:59:08.865, 1579987173219, QTAgent32.exe, Playback - [WARNING] Internal warning: Window Not Found: [VisibleOnly]ControlType='Window' &amp;&amp; Name='insur-E.tam' &amp;&amp; ClassName='#32770'
\0
E, 3608, 22, 2012/11/02, 15:59:08.865, 1579987176177, QTAgent32.exe, &lt;a class=failure&gt;Playback - {78} [FAILED] Function ElementFetcher::FindScreenElement failed to locate UI element (Searching: ;[VisibleOnly]ControlType='Window' &amp;&amp; Name='insur-E.tam' &amp;&amp; ClassName='#32770') (The object specified was not found.)
\0&lt;/a&gt;
E, 3608, 22, 2012/11/02, 15:59:08.943, 1579988409306, QTAgent32.exe, Playback - [IMAGE] C:\Users\peter.zenin-ad\AppData\Local\Temp\UITestLogs\LastRun\RPF1420.png
\0
W, 3608, 22, 2012/11/02, 15:59:08.943, 1579988411579, QTAgent32.exe, Playback - [WARNING] Internal warning: Couldn't find descendants that match QueryId
\0
W, 3608, 22, 2012/11/02, 15:59:08.943, 1579988414567, QTAgent32.exe, PERF WARNING: FindTopLevelWindowHelper::FindAllDescendents: took 4741 ms. Expected it to take maximum 500 ms.
E, 3608, 22, 2012/11/02, 15:59:08.943, 1579988416368, QTAgent32.exe, Exception: System.Runtime.InteropServices.COMException
	Message: Error HRESULT E_FAIL has been returned from a call to a COM component.
	Stack Trace:    at Microsoft.VisualStudio.TestTools.UITest.Playback.Engine.IRPFPlayback.FindAllScreenElements(IScreenElement pScreenElementStart, String bstrQueryId, Object&amp; pvarResKeys, Int32 cResKeys, Int32 nMaxDepth, Object[]&amp; foundDescendants)
   at Microsoft.VisualStudio.TestTools.UITest.Playback.ScreenElement.FindTopLevelWindowHelper(String queryId)
	BaseExceptionMessage: Error HRESULT E_FAIL has been returned from a call to a COM component.

E, 3608, 22, 2012/11/02, 15:59:08.943, 1579988421421, QTAgent32.exe, Window 10552004 not responding. Last Win32 error 0
E, 3608, 22, 2012/11/02, 15:59:08.943, 1579988424004, QTAgent32.exe, GetClassName for handle 10552004 failed
E, 3608, 22, 2012/11/02, 15:59:08.943, 1579988427963, QTAgent32.exe, Window 10552004 not responding. Last Win32 error 1400
E, 3608, 22, 2012/11/02, 15:59:08.943, 1579988438726, QTAgent32.exe, Window 10552004 not responding. Last Win32 error 1400
E, 3608, 22, 2012/11/02, 15:59:08.943, 1579988439935, QTAgent32.exe, GetClassName for handle 10552004 failed
E, 3608, 22, 2012/11/02, 15:59:08.943, 1579988440766, QTAgent32.exe, GetClassName for handle 10552004 failed
E, 3608, 22, 2012/11/02, 15:59:09.052, 1579989853600, QTAgent32.exe, AL: Playback Error: Microsoft.VisualStudio.TestTools.UITest.Extension.UITestControlNotFoundException: The playback failed to find the control with the given search properties. Additional Details: 
TechnologyName:  'MSAA'
ControlType:  'Window'
 ---&gt; System.Runtime.InteropServices.COMException: Error HRESULT E_FAIL has been returned from a call to a COM component.
   at Microsoft.VisualStudio.TestTools.UITest.Playback.Engine.IRPFPlayback.FindAllScreenElements(IScreenElement pScreenElementStart, String bstrQueryId, Object&amp; pvarResKeys, Int32 cResKeys, Int32 nMaxDepth, Object[]&amp; foundDescendants)
   at Microsoft.VisualStudio.TestTools.UITest.Playback.ScreenElement.FindTopLevelWindowHelper(String queryId)
   at Microsoft.VisualStudio.TestTools.UITest.Playback.ScreenElement.FindFromPartialQueryId(String queryId)
   at Microsoft.VisualStudio.TestTools.UITesting.UITestControl..ctor(String queryId)
   --- End of inner exception stack trace ---
   at Microsoft.VisualStudio.TestTools.UITesting.Playback.MapControlNotFoundException(COMException ex, IPlaybackContext context)
   at Microsoft.VisualStudio.TestTools.UITesting.Playback.MapAndThrowComException(COMException innerException, IPlaybackContext context)
   at Microsoft.VisualStudio.TestTools.UITesting.Playback.MapAndThrowException(SystemException exception, IPlaybackContext context)
   at Microsoft.VisualStudio.TestTools.UITesting.Playback.MapAndThrowException(SystemException exception, String queryId)
   at Microsoft.VisualStudio.TestTools.UITesting.UITestControl..ctor(String queryId)
   at Microsoft.VisualStudio.TestTools.UITesting.SearchHelper.SearchTopLevelWindow(ISearchArgument topLevelSearchArg, String topLevelElementQueryId)
   at Microsoft.VisualStudio.TestTools.UITesting.SearchHelper.GetTitleUpdatedTopLevelWindow(ISearchArgument topLevelSearchArg, String queryId, IList`1 windowTitles)
   at Microsoft.VisualStudio.TestTools.UITesting.SearchHelper.GetTopLevelElement(Boolean useCache, Boolean useCacheOnly, ISearchArgument searchArg, IList`1 windowTitles, Int32&amp; timeLeft)
   at Microsoft.VisualStudio.TestTools.UITesting.SearchHelper.GetElement(Boolean useCache, ISearchArgument searchArg)
   at Microsoft.VisualStudio.TestTools.UITesting.SearchHelper.Search(ISearchArgument searchArg)
   at Microsoft.VisualStudio.TestTools.UITesting.UITestControl.FindInternal()
   at Microsoft.VisualStudio.TestTools.UITesting.UITestControl.FindControlIfNecessary()
   at Microsoft.VisualStudio.TestTools.UITesting.UITestControl.Click(MouseButtons button, ModifierKeys modifierKeys, Point relativeCoordinates)
   at Microsoft.VisualStudio.TestTools.UITesting.Mouse.ClickImplementation(UITestControl control, MouseButtons button, ModifierKeys modifierKeys, Point relativeCoordinate)
   at Microsoft.VisualStudio.TestTools.UITesting.Mouse.ClickImplementationWrapper(UITestControl control, MouseButtons button, ModifierKeys modifierKeys, Point relativeCoordinate)
W, 3608, 22, 2012/11/02, 15:59:09.052, 1579989855650, QTAgent32.exe, PlaybackErrorHandler: Ignoring exception as ContinueOnError is set.
W, 3608, 22, 2012/11/02, 15:59:09.380, 1579994543010, QTAgent32.exe, &lt;a class=success&gt;Playback - {79} [SUCCESS] Check - "[MSAA, VisibleOnly]ControlType='CheckBox' &amp;&amp; Name='Defer Printing?'"
\0&lt;/a&gt;
W, 3608, 22, 2012/11/02, 15:59:10.191, 1580006279072, QTAgent32.exe, &lt;a class=success&gt;Playback - {80} [SUCCESS] MouseButtonClick - "[MSAA, VisibleOnly]ControlType='Button' &amp;&amp; Name='Ok'"
\0&lt;/a&gt;
W, 3608, 22, 2012/11/02, 15:59:11.377, 1580023164464, QTAgent32.exe, PERF WARNING: FindTopLevelWindowHelper::FindAllDescendents: took 1078 ms. Expected it to take maximum 500 ms.
W, 3608, 22, 2012/11/02, 15:59:11.720, 1580028048227, QTAgent32.exe, &lt;a class=success&gt;Playback - {81} [SUCCESS] Uncheck - "[MSAA, VisibleOnly]ControlType='CheckBox' &amp;&amp; Name='Add Activity'"
\0&lt;/a&gt;
W, 3608, 22, 2012/11/02, 15:59:12.718, 1580042422515, QTAgent32.exe, &lt;a class=success&gt;Playback - {82} [SUCCESS] MouseButtonClick - "[MSAA, VisibleOnly]ControlType='Button' &amp;&amp; Name='Ok'"
\0&lt;/a&gt;
W, 3608, 22, 2012/11/02, 15:59:13.265, 1580050215995, QTAgent32.exe, &lt;a class=success&gt;Playback - {83} [SUCCESS] MouseButtonClick - "[MSAA, VisibleOnly]ControlType='Button' &amp;&amp; Name='Ok'"
\0&lt;/a&gt;
W, 3608, 22, 2012/11/02, 15:59:21.253, 1580164533303, QTAgent32.exe, PERF WARNING: FindTopLevelWindowHelper::FindAllDescendents: took 7769 ms. Expected it to take maximum 500 ms.
W, 3608, 22, 2012/11/02, 15:59:23.547, 1580197353078, QTAgent32.exe, &lt;a class=success&gt;Playback - {84} [SUCCESS] MouseButtonClick - "[MSAA, VisibleOnly]ControlType='Button' &amp;&amp; Name='OK'"
\0&lt;/a&gt;
W, 3608, 22, 2012/11/02, 15:59:24.873, 1580216466843, QTAgent32.exe, Playback - [WARNING] Internal warning: Window Not Found: [VisibleOnly]ControlType='Window' &amp;&amp; Name='Tamxml7' &amp;&amp; ClassName='TMessageForm'
\0
E, 3608, 22, 2012/11/02, 15:59:24.873, 1580216469641, QTAgent32.exe, &lt;a class=failure&gt;Playback - {85} [FAILED] Function ElementFetcher::FindScreenElement failed to locate UI element (Searching: ;[VisibleOnly]ControlType='Window' &amp;&amp; Name='Tamxml7' &amp;&amp; ClassName='TMessageForm') (The object specified was not found.)
\0&lt;/a&gt;
E, 3608, 22, 2012/11/02, 15:59:24.966, 1580217694251, QTAgent32.exe, Playback - [IMAGE] C:\Users\peter.zenin-ad\AppData\Local\Temp\UITestLogs\LastRun\RPF52A7.png
\0
W, 3608, 22, 2012/11/02, 15:59:24.966, 1580217696467, QTAgent32.exe, Playback - [WARNING] Internal warning: Couldn't find descendants that match QueryId
\0
W, 3608, 22, 2012/11/02, 15:59:24.966, 1580217699446, QTAgent32.exe, PERF WARNING: FindTopLevelWindowHelper::FindAllDescendents: took 1311 ms. Expected it to take maximum 500 ms.
W, 3608, 22, 2012/11/02, 15:59:43.003, 1580476023618, QTAgent32.exe, Playback - [WARNING] Internal warning: Window Not Found: [VisibleOnly]ControlType='Window' &amp;&amp; Name='Tamxml7' &amp;&amp; ClassName='TMessageForm'
\0
E, 3608, 22, 2012/11/02, 15:59:43.003, 1580476026497, QTAgent32.exe, &lt;a class=failure&gt;Playback - {86} [FAILED] Function ElementFetcher::FindScreenElement failed to locate UI element (Searching: ;[VisibleOnly]ControlType='Window' &amp;&amp; Name='Tamxml7' &amp;&amp; ClassName='TMessageForm') (The object specified was not found.)
\0&lt;/a&gt;
E, 3608, 22, 2012/11/02, 15:59:43.096, 1580477265145, QTAgent32.exe, Playback - [IMAGE] C:\Users\peter.zenin-ad\AppData\Local\Temp\UITestLogs\LastRun\RPF9977.png
\0
W, 3608, 22, 2012/11/02, 15:59:43.096, 1580477267317, QTAgent32.exe, Playback - [WARNING] Internal warning: Couldn't find descendants that match QueryId
\0
W, 3608, 22, 2012/11/02, 15:59:43.096, 1580477270323, QTAgent32.exe, PERF WARNING: FindTopLevelWindowHelper::FindAllDescendents: took 18128 ms. Expected it to take maximum 500 ms.
W, 3608, 22, 2012/11/02, 15:59:43.549, 1580483776210, QTAgent32.exe, Playback - [WARNING] Internal warning: Smart Match failed
\0
W, 3608, 22, 2012/11/02, 15:59:43.720, 1580486232722, QTAgent32.exe, Playback - [WARNING] Internal warning: Smart Match failed
\0
W, 3608, 22, 2012/11/02, 15:59:43.892, 1580488684895, QTAgent32.exe, Playback - [WARNING] Internal warning: Smart Match failed
\0
W, 3608, 22, 2012/11/02, 15:59:44.048, 1580490921700, QTAgent32.exe, Playback - [WARNING] Internal warning: Smart Match failed
\0
W, 3608, 22, 2012/11/02, 15:59:44.204, 1580493160981, QTAgent32.exe, Playback - [WARNING] Internal warning: Smart Match failed
\0
W, 3608, 22, 2012/11/02, 15:59:44.360, 1580495388040, QTAgent32.exe, Playback - [WARNING] Internal warning: Smart Match failed
\0
W, 3608, 22, 2012/11/02, 15:59:44.516, 1580497619404, QTAgent32.exe, Playback - [WARNING] Internal warning: Smart Match failed
\0
W, 3608, 22, 2012/11/02, 15:59:44.672, 1580499854595, QTAgent32.exe, Playback - [WARNING] Internal warning: Smart Match failed
\0
W, 3608, 22, 2012/11/02, 15:59:44.828, 1580502085864, QTAgent32.exe, Playback - [WARNING] Internal warning: Smart Match failed
\0
W, 3608, 22, 2012/11/02, 15:59:44.984, 1580504327293, QTAgent32.exe, Playback - [WARNING] Internal warning: Smart Match failed
\0
W, 3608, 22, 2012/11/02, 15:59:45.156, 1580506783755, QTAgent32.exe, Playback - [WARNING] Internal warning: Smart Match failed
\0
W, 3608, 22, 2012/11/02, 15:59:45.312, 1580509012849, QTAgent32.exe, Playback - [WARNING] Internal warning: Smart Match failed
\0
W, 3608, 22, 2012/11/02, 15:59:45.468, 1580511247642, QTAgent32.exe, Playback - [WARNING] Internal warning: Smart Match failed
\0
W, 3608, 22, 2012/11/02, 15:59:45.624, 1580513479003, QTAgent32.exe, Playback - [WARNING] Internal warning: Smart Match failed
\0
W, 3608, 22, 2012/11/02, 15:59:45.780, 1580515713016, QTAgent32.exe, Playback - [WARNING] Internal warning: Smart Match failed
\0
W, 3608, 22, 2012/11/02, 15:59:45.952, 1580518168171, QTAgent32.exe, Playback - [WARNING] Internal warning: Smart Match failed
\0
W, 3608, 22, 2012/11/02, 15:59:46.108, 1580520405099, QTAgent32.exe, Playback - [WARNING] Internal warning: Smart Match failed
\0
W, 3608, 22, 2012/11/02, 15:59:46.154, 1580521210671, QTAgent32.exe, Playback - [WARNING] Internal warning: Window Not Found: [VisibleOnly]ControlType='Window' &amp;&amp; Name='Tamxml7' &amp;&amp; ClassName='TMessageForm'
\0
E, 3608, 22, 2012/11/02, 15:59:46.154, 1580521213283, QTAgent32.exe, &lt;a class=failure&gt;Playback - {87} [FAILED] Function ElementFetcher::FindScreenElement failed to locate UI element (Searching: ;[VisibleOnly]ControlType='Window' &amp;&amp; Name='Tamxml7' &amp;&amp; ClassName='TMessageForm') (The object specified was not found.)
\0&lt;/a&gt;
E, 3608, 22, 2012/11/02, 15:59:46.248, 1580522468245, QTAgent32.exe, Playback - [IMAGE] C:\Users\peter.zenin-ad\AppData\Local\Temp\UITestLogs\LastRun\RPFA5C8.png
\0
W, 3608, 22, 2012/11/02, 15:59:46.248, 1580522470440, QTAgent32.exe, Playback - [WARNING] Internal warning: Couldn't find descendants that match QueryId
\0
W, 3608, 22, 2012/11/02, 15:59:46.248, 1580522473348, QTAgent32.exe, PERF WARNING: FindTopLevelWindowHelper::FindAllDescendents: took 3156 ms. Expected it to take maximum 500 ms.
E, 3608, 22, 2012/11/02, 15:59:46.248, 1580522475104, QTAgent32.exe, Exception: System.Runtime.InteropServices.COMException
	Message: Error HRESULT E_FAIL has been returned from a call to a COM component.
	Stack Trace:    at Microsoft.VisualStudio.TestTools.UITest.Playback.Engine.IRPFPlayback.FindAllScreenElements(IScreenElement pScreenElementStart, String bstrQueryId, Object&amp; pvarResKeys, Int32 cResKeys, Int32 nMaxDepth, Object[]&amp; foundDescendants)
   at Microsoft.VisualStudio.TestTools.UITest.Playback.ScreenElement.FindTopLevelWindowHelper(String queryId)
	BaseExceptionMessage: Error HRESULT E_FAIL has been returned from a call to a COM component.

E, 3608, 22, 2012/11/02, 15:59:46.248, 1580522478886, QTAgent32.exe, GetClassName for handle 5768682 failed
E, 3608, 22, 2012/11/02, 15:59:46.248, 1580522488433, QTAgent32.exe, Window 5768682 not responding. Last Win32 error 1400
E, 3608, 22, 2012/11/02, 15:59:46.248, 1580522489616, QTAgent32.exe, GetClassName for handle 5768682 failed
E, 3608, 22, 2012/11/02, 15:59:46.248, 1580522490408, QTAgent32.exe, GetClassName for handle 5768682 failed
E, 3608, 22, 2012/11/02, 15:59:46.248, 1580522495511, QTAgent32.exe, GetClassName for handle 8783364 failed
E, 3608, 22, 2012/11/02, 15:59:46.248, 1580522502345, QTAgent32.exe, Exception: System.Runtime.InteropServices.COMException
	Message: Error HRESULT E_FAIL has been returned from a call to a COM component.
	Stack Trace:    at Accessibility.IAccessible.get_accState(Object varChild)
   at Microsoft.VisualStudio.TestTools.UITest.Extension.Msaa.AccWrapper.get_State()
	BaseExceptionMessage: Error HRESULT E_FAIL has been returned from a call to a COM component.

E, 3608, 22, 2012/11/02, 15:59:46.248, 1580522506635, QTAgent32.exe, Exception: System.Runtime.InteropServices.COMException
	Message: Error HRESULT E_FAIL has been returned from a call to a COM component.
	Stack Trace:    at Accessibility.IAccessible.get_accState(Object varChild)
   at Microsoft.VisualStudio.TestTools.UITest.Extension.Msaa.AccWrapper.get_State()
	BaseExceptionMessage: Error HRESULT E_FAIL has been returned from a call to a COM component.

E, 3608, 22, 2012/11/02, 15:59:46.248, 1580522510815, QTAgent32.exe, Exception: System.Runtime.InteropServices.COMException
	Message: Error HRESULT E_FAIL has been returned from a call to a COM component.
	Stack Trace:    at Accessibility.IAccessible.get_accState(Object varChild)
   at Microsoft.VisualStudio.TestTools.UITest.Extension.Msaa.AccWrapper.get_State()
	BaseExceptionMessage: Error HRESULT E_FAIL has been returned from a call to a COM component.

E, 3608, 22, 2012/11/02, 15:59:46.248, 1580522514998, QTAgent32.exe, Exception: System.Runtime.InteropServices.COMException
	Message: Error HRESULT E_FAIL has been returned from a call to a COM component.
	Stack Trace:    at Accessibility.IAccessible.get_accState(Object varChild)
   at Microsoft.VisualStudio.TestTools.UITest.Extension.Msaa.AccWrapper.get_State()
	BaseExceptionMessage: Error HRESULT E_FAIL has been returned from a call to a COM component.

E, 3608, 22, 2012/11/02, 15:59:46.248, 1580522519239, QTAgent32.exe, Exception: System.Runtime.InteropServices.COMException
	Message: Error HRESULT E_FAIL has been returned from a call to a COM component.
	Stack Trace:    at Accessibility.IAccessible.get_accState(Object varChild)
   at Microsoft.VisualStudio.TestTools.UITest.Extension.Msaa.AccWrapper.get_State()
	BaseExceptionMessage: Error HRESULT E_FAIL has been returned from a call to a COM component.

E, 3608, 22, 2012/11/02, 15:59:46.248, 1580522523493, QTAgent32.exe, Exception: System.Runtime.InteropServices.COMException
	Message: Error HRESULT E_FAIL has been returned from a call to a COM component.
	Stack Trace:    at Accessibility.IAccessible.get_accState(Object varChild)
   at Microsoft.VisualStudio.TestTools.UITest.Extension.Msaa.AccWrapper.get_State()
	BaseExceptionMessage: Error HRESULT E_FAIL has been returned from a call to a COM component.

E, 3608, 22, 2012/11/02, 15:59:46.248, 1580522527699, QTAgent32.exe, Exception: System.Runtime.InteropServices.COMException
	Message: Error HRESULT E_FAIL has been returned from a call to a COM component.
	Stack Trace:    at Accessibility.IAccessible.get_accState(Object varChild)
   at Microsoft.VisualStudio.TestTools.UITest.Extension.Msaa.AccWrapper.get_State()
	BaseExceptionMessage: Error HRESULT E_FAIL has been returned from a call to a COM component.

W, 3608, 22, 2012/11/02, 15:59:46.451, 1580525377222, QTAgent32.exe, PERF WARNING: MSAA.UpdateQueryIDForNamelessControls: took 201 ms. Expected it to take maximum 200 ms.
W, 3608, 22, 2012/11/02, 15:59:46.451, 1580525381398, QTAgent32.exe, Msaa.Navigate: Exception [Error HRESULT E_FAIL has been returned from a call to a COM component.] while calling accNavigate.
E, 3608, 22, 2012/11/02, 15:59:46.451, 1580525382751, QTAgent32.exe, GetClassName for handle 8783364 failed
E, 3608, 22, 2012/11/02, 15:59:46.451, 1580525390964, QTAgent32.exe, GetClassName for handle 8783364 failed
E, 3608, 22, 2012/11/02, 15:59:46.451, 1580525393064, QTAgent32.exe, Window 8783364 not responding. Last Win32 error 1400
E, 3608, 22, 2012/11/02, 15:59:46.451, 1580525394043, QTAgent32.exe, GetClassName for handle 5768682 failed
E, 3608, 22, 2012/11/02, 15:59:46.451, 1580525394829, QTAgent32.exe, GetClassName for handle 8783364 failed
E, 3608, 22, 2012/11/02, 15:59:46.451, 1580525395512, QTAgent32.exe, GetClassName for handle 8783364 failed
E, 3608, 22, 2012/11/02, 15:59:46.560, 1580526816940, QTAgent32.exe, AL: Playback Error: Microsoft.VisualStudio.TestTools.UITest.Extension.UITestControlNotAvailableException: The control is not available or not valid. Additional Details: 
TechnologyName:  'MSAA'
ControlType:  'Button'
 ---&gt; Microsoft.VisualStudio.TestTools.UITest.Extension.UITestControlNotAvailableException: The control is not available or not valid. Additional Details: 
TechnologyName:  'MSAA'
ControlType:  'Window'
 ---&gt; System.Runtime.InteropServices.COMException: Error HRESULT E_FAIL has been returned from a call to a COM component.
   at Microsoft.VisualStudio.TestTools.UITest.Playback.Engine.IRPFPlayback.FindAllScreenElements(IScreenElement pScreenElementStart, String bstrQueryId, Object&amp; pvarResKeys, Int32 cResKeys, Int32 nMaxDepth, Object[]&amp; foundDescendants)
   at Microsoft.VisualStudio.TestTools.UITest.Playback.ScreenElement.FindTopLevelWindowHelper(String queryId)
   at Microsoft.VisualStudio.TestTools.UITest.Playback.ScreenElement.FindFromPartialQueryId(String queryId)
   at Microsoft.VisualStudio.TestTools.UITesting.UITestControl.EnsureValid(Boolean waitForReady, Boolean refetch)
   --- End of inner exception stack trace ---
   at Microsoft.VisualStudio.TestTools.UITesting.UITestControl.EnsureValid(Boolean waitForReady, Boolean refetch)
   at Microsoft.VisualStudio.TestTools.UITesting.UITestControl.FindFirstDescendant(String queryId, Int32 maxDepth, Int32&amp; timeLeft)
   at Microsoft.VisualStudio.TestTools.UITesting.UITestControl.FindFirstDescendant(String queryId)
   at Microsoft.VisualStudio.TestTools.UITesting.UITestControl.EnsureValid(Boolean waitForReady, Boolean refetch)
   --- End of inner exception stack trace ---
   at Microsoft.VisualStudio.TestTools.UITesting.UITestControl.EnsureValid(Boolean waitForReady, Boolean refetch)
   at Microsoft.VisualStudio.TestTools.UITesting.UITestControl.Click(MouseButtons button, ModifierKeys modifierKeys, Point relativeCoordinates)
   at Microsoft.VisualStudio.TestTools.UITesting.Mouse.ClickImplementation(UITestControl control, MouseButtons button, ModifierKeys modifierKeys, Point relativeCoordinate)
   at Microsoft.VisualStudio.TestTools.UITesting.Mouse.ClickImplementationWrapper(UITestControl control, MouseButtons button, ModifierKeys modifierKeys, Point relativeCoordinate)
W, 3608, 22, 2012/11/02, 15:59:46.560, 1580526818529, QTAgent32.exe, PlaybackErrorHandler: Ignoring exception as ContinueOnError is set.
W, 3608, 22, 2012/11/02, 15:59:46.903, 1580531795770, QTAgent32.exe, &lt;a class=success&gt;Playback - {88} [SUCCESS] MouseButtonClick - "[MSAA, VisibleOnly]ControlType='Button' &amp;&amp; Name='Cancel'"
\0&lt;/a&gt;
W, 3608, 22, 2012/11/02, 15:59:47.434, 1580539322930, QTAgent32.exe, &lt;a class=success&gt;Playback - {89} [SUCCESS] MouseButtonClick - "[MSAA, VisibleOnly]ControlType='Button'"
\0&lt;/a&gt;
W, 3608, 22, 2012/11/02, 15:59:47.871, 1580545650208, QTAgent32.exe, &lt;a class=success&gt;Playback - {90} [SUCCESS] MouseButtonClick - "[MSAA, VisibleOnly]ControlType='Button' &amp;&amp; Name='Options'"
\0&lt;/a&gt;
W, 3608, 22, 2012/11/02, 15:59:47.980, 1580547145444, QTAgent32.exe, FindScreenElementInSinglePass : Attempting to find control in one pass of search. Failures can occur.
W, 3608, 22, 2012/11/02, 15:59:47.995, 1580547364184, QTAgent32.exe, Playback - [WARNING] Internal failure: Method GetBoundingRectangle failed (HRESULT = 0x1, "Incorrect function.") for Name = "Quote Select List" ," ControlType = "MenuItem"
\0
W, 3608, 22, 2012/11/02, 15:59:47.995, 1580547365821, QTAgent32.exe, Playback - [WARNING] Internal failure: Couldn't get clickable point for ScreenUIElement - GetClickablePoint failed
\0
W, 3608, 22, 2012/11/02, 15:59:47.995, 1580547371187, QTAgent32.exe, FindScreenElementInSinglePass : Attempting to find control in one pass of search. Failures can occur.
W, 3608, 22, 2012/11/02, 15:59:47.995, 1580547400485, QTAgent32.exe, FindScreenElementInSinglePass : Attempting to find control in one pass of search. Failures can occur.
W, 3608, 22, 2012/11/02, 15:59:48.323, 1580552056403, QTAgent32.exe, &lt;a class=success&gt;Playback - {91} [SUCCESS] LeftButtonClick - "[MSAA, VisibleOnly]ControlType='MenuBar' &amp;&amp; Name='Application'"  &lt; Mouse cursor location (960, 31) &gt;
\0&lt;/a&gt;
W, 3608, 22, 2012/11/02, 15:59:48.432, 1580553620106, QTAgent32.exe, &lt;a class=success&gt;Playback - {92} [SUCCESS] LeftButtonClick - "[MSAA]ControlType='MenuItem' &amp;&amp; Name='Options'"  &lt; Mouse cursor location (94, 31) &gt;
\0&lt;/a&gt;
W, 3608, 22, 2012/11/02, 15:59:48.588, 1580555853317, QTAgent32.exe, &lt;a class=success&gt;Playback - {93} [SUCCESS] LeftButtonClick - "[MSAA]ControlType='MenuItem' &amp;&amp; Name='Links'"  &lt; Mouse cursor location (174, 319) &gt;
\0&lt;/a&gt;
W, 3608, 22, 2012/11/02, 15:59:48.760, 1580558309778, QTAgent32.exe, &lt;a class=success&gt;Playback - {94} [SUCCESS] LeftButtonClick - "[MSAA]ControlType='MenuItem' &amp;&amp; Name='3rd Party Integration'"  &lt; Mouse cursor location (375, 319) &gt;
\0&lt;/a&gt;
W, 3608, 22, 2012/11/02, 15:59:48.947, 1580561018160, QTAgent32.exe, &lt;a class=success&gt;Playback - {95} [SUCCESS] MouseButtonClick - "[MSAA]ControlType='MenuItem' &amp;&amp; Name='Quote Select List'"
\0&lt;/a&gt;
W, 3608, 22, 2012/11/02, 15:59:50.726, 1580586466408, QTAgent32.exe, PERF WARNING: FindTopLevelWindowHelper::FindAllDescendents: took 1670 ms. Expected it to take maximum 500 ms.
W, 3608, 22, 2012/11/02, 15:59:51.334, 1580595310852, QTAgent32.exe, &lt;a class=success&gt;Playback - {96} [SUCCESS] MouseButtonClick - "[MSAA, VisibleOnly]ControlType='Button' &amp;&amp; Name='Ok'"
\0&lt;/a&gt;
W, 3608, 22, 2012/11/02, 15:59:55.875, 1580660177645, QTAgent32.exe, PERF WARNING: FindTopLevelWindowHelper::FindAllDescendents: took 4415 ms. Expected it to take maximum 500 ms.
W, 3608, 22, 2012/11/02, 15:59:56.343, 1580667050113, QTAgent32.exe, &lt;a class=success&gt;Playback - {97} [SUCCESS] MouseButtonClick - "[MSAA, VisibleOnly]ControlType='Button' &amp;&amp; Name='MTA'"
\0&lt;/a&gt;
W, 3608, 22, 2012/11/02, 15:59:56.982, 1580676129556, QTAgent32.exe, Playback - [WARNING] Internal warning: Incorrect flag set for InvokeProgrammaticAction\0
W, 3608, 22, 2012/11/02, 15:59:57.310, 1580680726124, QTAgent32.exe, &lt;a class=success&gt;Playback - {98} [SUCCESS] SetValueAsComboBox "Cancel Cover" - "[MSAA, VisibleOnly]ControlType='ComboBox'"  &lt; SetValueAsComboBox, set by clicking on the item in the list box &gt;
\0&lt;/a&gt;
W, 3608, 22, 2012/11/02, 15:59:57.841, 1580688440841, QTAgent32.exe, &lt;a class=success&gt;Playback - {99} [SUCCESS] MouseButtonClick - "[MSAA, VisibleOnly]ControlType='Button' &amp;&amp; Name='OK'"
\0&lt;/a&gt;
W, 3608, 22, 2012/11/02, 15:59:58.402, 1580696465379, QTAgent32.exe, &lt;a class=success&gt;Playback - {100} [SUCCESS] MouseButtonClick - "[MSAA, VisibleOnly]ControlType='Button' &amp;&amp; Name='Quote'"
\0&lt;/a&gt;
W, 3608, 22, 2012/11/02, 15:59:58.668, 1580700145419, QTAgent32.exe, &lt;a class=success&gt;Playback - {101} [SUCCESS] SendKeys "^{HOME}" - "[MSAA, VisibleOnly]ControlType='Edit'"
\0&lt;/a&gt;
E, 3608, 22, 2012/11/02, 15:59:58.668, 1580700148162, QTAgent32.exe, Msaa.GetFocusedElement: could not find accessible object of foreground window
W, 3608, 22, 2012/11/02, 15:59:58.761, 1580701484728, QTAgent32.exe, &lt;a class=success&gt;Playback - {102} [SUCCESS] SendKeys "^+{END}" - "[MSAA, VisibleOnly]ControlType='Edit'"
\0&lt;/a&gt;
E, 3608, 22, 2012/11/02, 15:59:58.761, 1580701487185, QTAgent32.exe, Msaa.GetFocusedElement: could not find accessible object of foreground window
W, 3608, 22, 2012/11/02, 15:59:58.777, 1580701710725, QTAgent32.exe, &lt;a class=success&gt;Playback - {103} [SUCCESS] SendKeys "{DELETE}" - "[MSAA, VisibleOnly]ControlType='Edit'"
\0&lt;/a&gt;
W, 3608, 22, 2012/11/02, 15:59:59.120, 1580706626515, QTAgent32.exe, &lt;a class=success&gt;Playback - {104} [SUCCESS] SetValueAsEditBox "04/11/12" - "[MSAA, VisibleOnly]ControlType='Edit'"  &lt; Set via SendKeys &gt;
\0&lt;/a&gt;
W, 3608, 22, 2012/11/02, 15:59:59.588, 1580713464214, QTAgent32.exe, &lt;a class=success&gt;Playback - {105} [SUCCESS] MouseButtonClick - "[MSAA, VisibleOnly]ControlType='Button' &amp;&amp; Name='OK'"
\0&lt;/a&gt;
W, 3608, 22, 2012/11/02, 16:00:00.181, 1580721974885, QTAgent32.exe, &lt;a class=success&gt;Playback - {106} [SUCCESS] MouseButtonClick - "[MSAA, VisibleOnly]ControlType='Button' &amp;&amp; Name='No'"
\0&lt;/a&gt;
W, 3608, 22, 2012/11/02, 16:00:03.785, 1580773440312, QTAgent32.exe, PERF WARNING: FindTopLevelWindowHelper::FindAllDescendents: took 3494 ms. Expected it to take maximum 500 ms.
W, 3608, 22, 2012/11/02, 16:00:04.113, 1580778210287, QTAgent32.exe, &lt;a class=success&gt;Playback - {107} [SUCCESS] MouseButtonClick - "[MSAA, VisibleOnly]ControlType='Button' &amp;&amp; Name='Exit'"
\0&lt;/a&gt;
W, 3608, 22, 2012/11/02, 16:00:04.706, 1580786767985, QTAgent32.exe, &lt;a class=success&gt;Playback - {108} [SUCCESS] MouseButtonClick - "[MSAA, VisibleOnly]ControlType='Button' &amp;&amp; Name='OK'"
\0&lt;/a&gt;
W, 3608, 22, 2012/11/02, 16:00:05.673, 1580800471025, QTAgent32.exe, PERF WARNING: FindTopLevelWindowHelper::FindAllDescendents: took 860 ms. Expected it to take maximum 500 ms.
W, 3608, 22, 2012/11/02, 16:00:05.969, 1580804746854, QTAgent32.exe, &lt;a class=success&gt;Playback - {109} [SUCCESS] MouseButtonClick - "[MSAA, VisibleOnly]ControlType='Button' &amp;&amp; Name='Cancel'"
\0&lt;/a&gt;
W, 3608, 22, 2012/11/02, 16:00:06.438, 1580811435099, QTAgent32.exe, &lt;a class=success&gt;Playback - {110} [SUCCESS] MouseButtonClick - "[MSAA, VisibleOnly]ControlType='Button' &amp;&amp; Name='Cancel'"
\0&lt;/a&gt;
W, 3608, 22, 2012/11/02, 16:00:06.952, 1580818950042, QTAgent32.exe, &lt;a class=success&gt;Playback - {111} [SUCCESS] MouseButtonClick - "[MSAA, VisibleOnly]ControlType='Button'"
\0&lt;/a&gt;
W, 3608, 22, 2012/11/02, 16:00:07.514, 1580826964556, QTAgent32.exe, &lt;a class=success&gt;Playback - {112} [SUCCESS] MouseButtonClick - "[MSAA, VisibleOnly]ControlType='Button' &amp;&amp; Name='Detail'"
\0&lt;/a&gt;
W, 3608, 22, 2012/11/02, 16:00:07.951, 1580833051854, QTAgent32.exe, &lt;a class=success&gt;Playback - {113} [SUCCESS] MouseButtonClick - "[MSAA, VisibleOnly]ControlType='Edit'"
\0&lt;/a&gt;
W, 3608, 22, 2012/11/02, 16:00:08.419, 1580839889074, QTAgent32.exe, &lt;a class=success&gt;Playback - {114} [SUCCESS] MouseButtonClick - "[MSAA, VisibleOnly]ControlType='Button' &amp;&amp; Name='Cancel'"
\0&lt;/a&gt;
W, 3608, 22, 2012/11/02, 16:00:08.871, 1580846281197, QTAgent32.exe, &lt;a class=success&gt;Playback - {115} [SUCCESS] MouseButtonClick - "[MSAA, VisibleOnly]ControlType='Button' &amp;&amp; Name='Cancel'"
\0&lt;/a&gt;
W, 3608, 22, 2012/11/02, 16:00:09.324, 1580852709311, QTAgent32.exe, &lt;a class=success&gt;Playback - {116} [SUCCESS] MouseButtonClick - "[MSAA, VisibleOnly]ControlType='Button' &amp;&amp; Name='Cancel'"
\0&lt;/a&gt;
W, 3608, 22, 2012/11/02, 16:00:09.761, 1580859053688, QTAgent32.exe, &lt;a class=success&gt;Playback - {117} [SUCCESS] MouseButtonClick - "[MSAA, VisibleOnly]ControlType='Button' &amp;&amp; Name='Close'"
\0&lt;/a&gt;
W, 3608, 22, 2012/11/02, 16:00:14.254, 1580923316043, QTAgent32.exe, IEDOM : StopSession of the plugin called before StartSession
W, 3608, 22, 2012/11/02, 16:00:14.254, 1580923317285, QTAgent32.exe, UIA : StopSession of the plugin called before StartSession
W, 3608, 22, 2012/11/02, 16:00:14.254, 1580923317958, QTAgent32.exe, SLPlugin : StopSession of the plugin called before StartSession
</DebugTrace>
      </Output>
    </UnitTestResult>
    <UnitTestResult executionId="0312ab9c-222e-4778-9232-350ff7b9e9ba" testId="1f5cea9c-51f4-0379-9851-579f986f33b2" testName="HouseTest11" computerName="ICLVDEVAP01" duration="00:03:58.0020161" startTime="2012-11-02T16:00:14.2548182+00:00" endTime="2012-11-02T16:04:12.2926160+00:00" testType="13cdc9d9-ddb5-4fa4-a97d-d965ccfc6d4b" outcome="Passed" testListId="8c84fa94-04c1-424b-9868-57a2d4851a1d" relativeResultsDirectory="0312ab9c-222e-4778-9232-350ff7b9e9ba">
      <Output>
        <DebugTrace>W, 3608, 19, 2012/11/02, 16:00:14.254, 1580923463024, QTAgent32.exe, ExtensionFramework : A Technology Manager with name Web is already registered.
W, 3608, 19, 2012/11/02, 16:00:15.159, 1580936243956, QTAgent32.exe, &lt;a class=success&gt;Playback - {1} [SUCCESS] MouseButtonClick - "[MSAA, VisibleOnly]ControlType='Edit'"
\0&lt;/a&gt;
W, 3608, 19, 2012/11/02, 16:00:15.424, 1580940038518, QTAgent32.exe, &lt;a class=success&gt;Playback - {2} [SUCCESS] SendKeys "[*]" - "[MSAA, VisibleOnly]ControlType='Edit'"
\0&lt;/a&gt;
W, 3608, 19, 2012/11/02, 16:00:16.501, 1580955514366, QTAgent32.exe, &lt;a class=success&gt;Playback - {3} [SUCCESS] MouseButtonClick - "[MSAA, VisibleOnly]ControlType='Button' &amp;&amp; Name='OK'"
\0&lt;/a&gt;
W, 3608, 19, 2012/11/02, 16:00:17.172, 1580965144042, QTAgent32.exe, &lt;a class=success&gt;Playback - {4} [SUCCESS] MouseButtonClick - "[MSAA, VisibleOnly]ControlType='Button' &amp;&amp; Name='OK'"
\0&lt;/a&gt;
W, 3608, 19, 2012/11/02, 16:00:17.640, 1580971888432, QTAgent32.exe, &lt;a class=success&gt;Playback - {5} [SUCCESS] MouseButtonClick - "[MSAA, VisibleOnly]ControlType='Button' &amp;&amp; Name='Clients &amp; Files'"
\0&lt;/a&gt;
W, 3608, 19, 2012/11/02, 16:00:18.124, 1580978850385, QTAgent32.exe, &lt;a class=success&gt;Playback - {6} [SUCCESS] MouseButtonClick - "[MSAA, VisibleOnly]ControlType='Button' &amp;&amp; Name='Clients &amp; Files'"
\0&lt;/a&gt;
W, 3608, 19, 2012/11/02, 16:00:18.514, 1580984383244, QTAgent32.exe, Playback - [WARNING] Internal warning: Window Not Found: [VisibleOnly]ControlType='Window' &amp;&amp; Name='Customer: txt1 tdsfs' &amp;&amp; ClassName='ThunderRT6MDIForm'
\0
E, 3608, 19, 2012/11/02, 16:00:18.514, 1580984386005, QTAgent32.exe, &lt;a class=failure&gt;Playback - {7} [FAILED] Function ElementFetcher::FindScreenElement failed to locate UI element (Searching: ;[VisibleOnly]ControlType='Window' &amp;&amp; Name='Customer: txt1 tdsfs' &amp;&amp; ClassName='ThunderRT6MDIForm') (The object specified was not found.)
\0&lt;/a&gt;
E, 3608, 19, 2012/11/02, 16:00:18.654, 1580986281892, QTAgent32.exe, Playback - [IMAGE] C:\Users\peter.zenin-ad\AppData\Local\Temp\UITestLogs\LastRun\RPF242B.png
\0
W, 3608, 19, 2012/11/02, 16:00:18.654, 1580986284216, QTAgent32.exe, Playback - [WARNING] Internal warning: Couldn't find descendants that match QueryId
\0
W, 3608, 19, 2012/11/02, 16:00:36.753, 1581245495337, QTAgent32.exe, Playback - [WARNING] Internal warning: Window Not Found: [VisibleOnly]ControlType='Window' &amp;&amp; Name='Customer: txt1 tdsfs' &amp;&amp; ClassName='ThunderRT6MDIForm'
\0
E, 3608, 19, 2012/11/02, 16:00:36.753, 1581245498210, QTAgent32.exe, &lt;a class=failure&gt;Playback - {8} [FAILED] Function ElementFetcher::FindScreenElement failed to locate UI element (Searching: ;[VisibleOnly]ControlType='Window' &amp;&amp; Name='Customer: txt1 tdsfs' &amp;&amp; ClassName='ThunderRT6MDIForm') (The object specified was not found.)
\0&lt;/a&gt;
E, 3608, 19, 2012/11/02, 16:00:36.847, 1581246744996, QTAgent32.exe, Playback - [IMAGE] C:\Users\peter.zenin-ad\AppData\Local\Temp\UITestLogs\LastRun\RPF6B69.png
\0
W, 3608, 19, 2012/11/02, 16:00:36.847, 1581246747208, QTAgent32.exe, Playback - [WARNING] Internal warning: Couldn't find descendants that match QueryId
\0
W, 3608, 19, 2012/11/02, 16:00:36.847, 1581246750142, QTAgent32.exe, PERF WARNING: FindTopLevelWindowHelper::FindAllDescendents: took 18190 ms. Expected it to take maximum 500 ms.
W, 3608, 19, 2012/11/02, 16:00:37.330, 1581253746440, QTAgent32.exe, Playback - [WARNING] Internal warning: Window with Class "ThunderRT6MDIForm" and Title "Customer: txt1 tdsfs" was not found, so similar window with Class "ThunderRT6MDIForm" and Title "Customer: autotest" was accepted
\0
W, 3608, 19, 2012/11/02, 16:00:38.891, 1581276064791, QTAgent32.exe, Playback - [WARNING] Internal warning: Incorrect flag set for InvokeProgrammaticAction\0
W, 3608, 19, 2012/11/02, 16:00:39.218, 1581280688665, QTAgent32.exe, &lt;a class=success&gt;Playback - {9} [SUCCESS] SetValueAsComboBox "Customers" - "[MSAA, VisibleOnly]ControlType='ComboBox'"  &lt; SetValueAsComboBox, set by clicking on the item in the list box &gt;
\0&lt;/a&gt;
W, 3608, 19, 2012/11/02, 16:00:39.873, 1581290263851, QTAgent32.exe, &lt;a class=success&gt;Playback - {10} [SUCCESS] MouseButtonClick - "[MSAA, VisibleOnly]ControlType='Button' &amp;&amp; Name='Add'"
\0&lt;/a&gt;
W, 3608, 19, 2012/11/02, 16:00:40.295, 1581296080448, QTAgent32.exe, &lt;a class=success&gt;Playback - {11} [SUCCESS] SendKeys "autotest" - "[MSAA, VisibleOnly]ControlType='RadioButton' &amp;&amp; Name='Personal Lines'"
\0&lt;/a&gt;
W, 3608, 19, 2012/11/02, 16:00:40.763, 1581302785473, QTAgent32.exe, &lt;a class=success&gt;Playback - {12} [SUCCESS] SetValueAsEditBox "autotest" - "[MSAA, VisibleOnly]ControlType='Edit'"  &lt; Set via SendKeys &gt;
\0&lt;/a&gt;
W, 3608, 19, 2012/11/02, 16:00:41.278, 1581310235759, QTAgent32.exe, &lt;a class=success&gt;Playback - {13} [SUCCESS] MouseButtonClick - "[MSAA, VisibleOnly]ControlType='Button' &amp;&amp; Name='OK'"
\0&lt;/a&gt;
W, 3608, 19, 2012/11/02, 16:00:41.871, 1581318738335, QTAgent32.exe, &lt;a class=success&gt;Playback - {14} [SUCCESS] MouseButtonClick - "[MSAA, VisibleOnly]ControlType='Button' &amp;&amp; Name='Yes'"
\0&lt;/a&gt;
W, 3608, 19, 2012/11/02, 16:00:42.089, 1581321766380, QTAgent32.exe, &lt;a class=success&gt;Playback - {15} [SUCCESS] SendKeys "^{HOME}" - "[MSAA, VisibleOnly]ControlType='Edit'"
\0&lt;/a&gt;
E, 3608, 19, 2012/11/02, 16:00:42.089, 1581321768975, QTAgent32.exe, Msaa.GetFocusedElement: could not find accessible object of foreground window
W, 3608, 19, 2012/11/02, 16:00:42.167, 1581322883739, QTAgent32.exe, &lt;a class=success&gt;Playback - {16} [SUCCESS] SendKeys "^+{END}" - "[MSAA, VisibleOnly]ControlType='Edit'"
\0&lt;/a&gt;
E, 3608, 19, 2012/11/02, 16:00:42.167, 1581322886710, QTAgent32.exe, Msaa.GetFocusedElement: could not find accessible object of foreground window
W, 3608, 19, 2012/11/02, 16:00:42.183, 1581323107472, QTAgent32.exe, &lt;a class=success&gt;Playback - {17} [SUCCESS] SendKeys "{DELETE}" - "[MSAA, VisibleOnly]ControlType='Edit'"
\0&lt;/a&gt;
W, 3608, 19, 2012/11/02, 16:00:42.261, 1581324228201, QTAgent32.exe, &lt;a class=success&gt;Playback - {18} [SUCCESS] SetValueAsEditBox "1" - "[MSAA, VisibleOnly]ControlType='Edit'"  &lt; Set via SendKeys &gt;
\0&lt;/a&gt;
W, 3608, 19, 2012/11/02, 16:00:42.479, 1581327353404, QTAgent32.exe, &lt;a class=success&gt;Playback - {19} [SUCCESS] SendKeys "^{HOME}" - "[MSAA, VisibleOnly]ControlType='Edit'"
\0&lt;/a&gt;
E, 3608, 19, 2012/11/02, 16:00:42.479, 1581327356538, QTAgent32.exe, Msaa.GetFocusedElement: could not find accessible object of foreground window
W, 3608, 19, 2012/11/02, 16:00:42.573, 1581328691571, QTAgent32.exe, &lt;a class=success&gt;Playback - {20} [SUCCESS] SendKeys "^+{END}" - "[MSAA, VisibleOnly]ControlType='Edit'"
\0&lt;/a&gt;
E, 3608, 19, 2012/11/02, 16:00:42.573, 1581328694446, QTAgent32.exe, Msaa.GetFocusedElement: could not find accessible object of foreground window
W, 3608, 19, 2012/11/02, 16:00:42.588, 1581328915849, QTAgent32.exe, &lt;a class=success&gt;Playback - {21} [SUCCESS] SendKeys "{DELETE}" - "[MSAA, VisibleOnly]ControlType='Edit'"
\0&lt;/a&gt;
W, 3608, 19, 2012/11/02, 16:00:42.666, 1581330035429, QTAgent32.exe, &lt;a class=success&gt;Playback - {22} [SUCCESS] SetValueAsEditBox "1" - "[MSAA, VisibleOnly]ControlType='Edit'"  &lt; Set via SendKeys &gt;
\0&lt;/a&gt;
W, 3608, 19, 2012/11/02, 16:00:43.197, 1581337670055, QTAgent32.exe, &lt;a class=success&gt;Playback - {23} [SUCCESS] MouseButtonClick - "[MSAA, VisibleOnly]ControlType='Button' &amp;&amp; Name='OK'"
\0&lt;/a&gt;
W, 3608, 19, 2012/11/02, 16:00:43.712, 1581345122200, QTAgent32.exe, &lt;a class=success&gt;Playback - {24} [SUCCESS] MouseButtonClick - "[MSAA, VisibleOnly]ControlType='Button'"
\0&lt;/a&gt;
W, 3608, 19, 2012/11/02, 16:00:44.227, 1581352389391, QTAgent32.exe, &lt;a class=success&gt;Playback - {25} [SUCCESS] MouseButtonClick - "[MSAA, VisibleOnly]ControlType='Button' &amp;&amp; Name='Add'"
\0&lt;/a&gt;
W, 3608, 19, 2012/11/02, 16:00:44.726, 1581359695669, QTAgent32.exe, &lt;a class=success&gt;Playback - {26} [SUCCESS] MouseButtonClick - "[MSAA, VisibleOnly]ControlType='Button' &amp;&amp; Name='OK'"
\0&lt;/a&gt;
W, 3608, 19, 2012/11/02, 16:00:47.191, 1581394807379, QTAgent32.exe, &lt;a class=success&gt;Playback - {27} [SUCCESS] MouseButtonClick - "[MSAA, VisibleOnly,Window]ControlType='Window' &amp;&amp; ClassName='ThunderRT6TextBox'"
\0&lt;/a&gt;
W, 3608, 19, 2012/11/02, 16:00:47.534, 1581399726473, QTAgent32.exe, &lt;a class=success&gt;Playback - {28} [SUCCESS] SetValueAsEditBox "HOME" - "[MSAA, VisibleOnly]ControlType='Edit'"  &lt; Set via SendKeys &gt;
\0&lt;/a&gt;
W, 3608, 19, 2012/11/02, 16:00:48.065, 1581407511228, QTAgent32.exe, &lt;a class=success&gt;Playback - {29} [SUCCESS] MouseButtonClick - "[MSAA, VisibleOnly]ControlType='Button' &amp;&amp; Name='OK'"
\0&lt;/a&gt;
W, 3608, 19, 2012/11/02, 16:00:48.502, 1581413635399, QTAgent32.exe, &lt;a class=success&gt;Playback - {30} [SUCCESS] MouseButtonClick - "[MSAA, VisibleOnly]ControlType='Button' &amp;&amp; Name='Options'"
\0&lt;/a&gt;
W, 3608, 19, 2012/11/02, 16:00:48.611, 1581415137659, QTAgent32.exe, FindScreenElementInSinglePass : Attempting to find control in one pass of search. Failures can occur.
W, 3608, 19, 2012/11/02, 16:00:48.782, 1581417590608, QTAgent32.exe, &lt;a class=success&gt;Playback - {31} [SUCCESS] MouseButtonClick - "[MSAA]ControlType='MenuItem' &amp;&amp; Name='Links'"
\0&lt;/a&gt;
W, 3608, 19, 2012/11/02, 16:00:48.892, 1581419159133, QTAgent32.exe, FindScreenElementInSinglePass : Attempting to find control in one pass of search. Failures can occur.
W, 3608, 19, 2012/11/02, 16:00:49.079, 1581421835229, QTAgent32.exe, &lt;a class=success&gt;Playback - {32} [SUCCESS] MouseButtonClick - "[MSAA]ControlType='MenuItem' &amp;&amp; Name='3rd Party Integration'"
\0&lt;/a&gt;
W, 3608, 19, 2012/11/02, 16:00:49.188, 1581423402767, QTAgent32.exe, FindScreenElementInSinglePass : Attempting to find control in one pass of search. Failures can occur.
W, 3608, 19, 2012/11/02, 16:00:49.375, 1581426106382, QTAgent32.exe, &lt;a class=success&gt;Playback - {33} [SUCCESS] MouseButtonClick - "[MSAA]ControlType='MenuItem' &amp;&amp; Name='Quote Select List'"
\0&lt;/a&gt;
W, 3608, 19, 2012/11/02, 16:00:51.185, 1581451988158, QTAgent32.exe, PERF WARNING: FindTopLevelWindowHelper::FindAllDescendents: took 1700 ms. Expected it to take maximum 500 ms.
W, 3608, 19, 2012/11/02, 16:00:51.872, 1581461857425, QTAgent32.exe, &lt;a class=success&gt;Playback - {34} [SUCCESS] MouseButtonClick - "[MSAA, VisibleOnly]ControlType='Button' &amp;&amp; Name='Ok'"
\0&lt;/a&gt;
W, 3608, 19, 2012/11/02, 16:00:55.866, 1581519012003, QTAgent32.exe, PERF WARNING: FindTopLevelWindowHelper::FindAllDescendents: took 3877 ms. Expected it to take maximum 500 ms.
W, 3608, 19, 2012/11/02, 16:00:56.147, 1581523022028, QTAgent32.exe, &lt;a class=success&gt;Playback - {35} [SUCCESS] SetValueAsEditBox "test1" - "[MSAA, VisibleOnly]ControlType='Edit'"  &lt; Set via SendKeys &gt;
\0&lt;/a&gt;
W, 3608, 19, 2012/11/02, 16:00:56.506, 1581528159519, QTAgent32.exe, &lt;a class=success&gt;Playback - {36} [SUCCESS] SetValueAsEditBox "test" - "[MSAA, VisibleOnly]ControlType='Edit'"  &lt; Set via SendKeys &gt;
\0&lt;/a&gt;
W, 3608, 19, 2012/11/02, 16:00:56.724, 1581531282231, QTAgent32.exe, &lt;a class=success&gt;Playback - {37} [SUCCESS] SendKeys "^{HOME}" - "[MSAA, VisibleOnly]ControlType='Edit'"
\0&lt;/a&gt;
E, 3608, 19, 2012/11/02, 16:00:56.724, 1581531284870, QTAgent32.exe, Msaa.GetFocusedElement: could not find accessible object of foreground window
W, 3608, 19, 2012/11/02, 16:00:56.802, 1581532401616, QTAgent32.exe, &lt;a class=success&gt;Playback - {38} [SUCCESS] SendKeys "^+{END}" - "[MSAA, VisibleOnly]ControlType='Edit'"
\0&lt;/a&gt;
E, 3608, 19, 2012/11/02, 16:00:56.802, 1581532404028, QTAgent32.exe, Msaa.GetFocusedElement: could not find accessible object of foreground window
W, 3608, 19, 2012/11/02, 16:00:56.818, 1581532622351, QTAgent32.exe, &lt;a class=success&gt;Playback - {39} [SUCCESS] SendKeys "{DELETE}" - "[MSAA, VisibleOnly]ControlType='Edit'"
\0&lt;/a&gt;
W, 3608, 19, 2012/11/02, 16:00:56.989, 1581535083734, QTAgent32.exe, &lt;a class=success&gt;Playback - {40} [SUCCESS] SetValueAsEditBox "test" - "[MSAA, VisibleOnly]ControlType='Edit'"  &lt; Set via SendKeys &gt;
\0&lt;/a&gt;
W, 3608, 19, 2012/11/02, 16:00:57.551, 1581543291447, QTAgent32.exe, Playback - [WARNING] Internal warning: Incorrect flag set for InvokeProgrammaticAction\0
W, 3608, 19, 2012/11/02, 16:00:57.879, 1581547824313, QTAgent32.exe, &lt;a class=success&gt;Playback - {41} [SUCCESS] SetValueAsComboBox "Account Director" - "[MSAA, VisibleOnly]ControlType='ComboBox'"  &lt; SetValueAsComboBox, set by clicking on the item in the list box &gt;
\0&lt;/a&gt;
W, 3608, 19, 2012/11/02, 16:00:58.487, 1581556538272, QTAgent32.exe, Playback - [WARNING] Internal warning: Incorrect flag set for InvokeProgrammaticAction\0
W, 3608, 19, 2012/11/02, 16:00:58.815, 1581561250948, QTAgent32.exe, &lt;a class=success&gt;Playback - {42} [SUCCESS] SetValueAsComboBox "Advertising" - "[MSAA, VisibleOnly]ControlType='ComboBox'"  &lt; SetValueAsComboBox, set by clicking on the item in the list box &gt;
\0&lt;/a&gt;
W, 3608, 19, 2012/11/02, 16:00:59.252, 1581567476142, QTAgent32.exe, &lt;a class=success&gt;Playback - {43} [SUCCESS] SetValueAsEditBox "160589" - "[MSAA, VisibleOnly]ControlType='Edit'"  &lt; Set via SendKeys &gt;
\0&lt;/a&gt;
W, 3608, 19, 2012/11/02, 16:00:59.689, 1581573726712, QTAgent32.exe, &lt;a class=success&gt;Playback - {44} [SUCCESS] MouseButtonClick - "[MSAA, VisibleOnly]ControlType='Edit'"
\0&lt;/a&gt;
W, 3608, 19, 2012/11/02, 16:01:00.094, 1581579533120, QTAgent32.exe, &lt;a class=success&gt;Playback - {45} [SUCCESS] SetValueAsEditBox "B338TH" - "[MSAA, VisibleOnly]ControlType='Edit'"  &lt; Set via SendKeys &gt;
\0&lt;/a&gt;
W, 3608, 19, 2012/11/02, 16:01:02.497, 1581613927787, QTAgent32.exe, &lt;a class=success&gt;Playback - {46} [SUCCESS] MouseButtonClick - "[MSAA, VisibleOnly]ControlType='Button' &amp;&amp; Name='Lookup...'"
\0&lt;/a&gt;
W, 3608, 19, 2012/11/02, 16:01:02.949, 1581620540992, QTAgent32.exe, &lt;a class=success&gt;Playback - {47} [SUCCESS] MouseButtonClick - "[MSAA, VisibleOnly]ControlType='Button' &amp;&amp; Name='Ok'"
\0&lt;/a&gt;
W, 3608, 19, 2012/11/02, 16:01:03.449, 1581627639921, QTAgent32.exe, &lt;a class=success&gt;Playback - {48} [SUCCESS] MouseButtonClick - "[MSAA, VisibleOnly]ControlType='Button' &amp;&amp; Name='Next &gt;'"
\0&lt;/a&gt;
W, 3608, 19, 2012/11/02, 16:01:03.870, 1581633588739, QTAgent32.exe, &lt;a class=success&gt;Playback - {49} [SUCCESS] SetValueAsEditBox "1989" - "[MSAA, VisibleOnly]ControlType='Edit'"  &lt; Set via SendKeys &gt;
\0&lt;/a&gt;
W, 3608, 19, 2012/11/02, 16:01:04.354, 1581640600705, QTAgent32.exe, &lt;a class=success&gt;Playback - {50} [SUCCESS] MouseButtonClick - "[MSAA, VisibleOnly]ControlType='Button' &amp;&amp; Name='Next &gt;'"
\0&lt;/a&gt;
W, 3608, 19, 2012/11/02, 16:01:04.572, 1581643797110, QTAgent32.exe, &lt;a class=success&gt;Playback - {51} [SUCCESS] MouseButtonClick - "[MSAA, VisibleOnly]ControlType='Button' &amp;&amp; Name='Next &gt;'"
\0&lt;/a&gt;
W, 3608, 19, 2012/11/02, 16:01:04.806, 1581647025659, QTAgent32.exe, &lt;a class=success&gt;Playback - {52} [SUCCESS] MouseButtonClick - "[MSAA, VisibleOnly]ControlType='Button' &amp;&amp; Name='Next &gt;'"
\0&lt;/a&gt;
W, 3608, 19, 2012/11/02, 16:01:05.212, 1581652798532, QTAgent32.exe, &lt;a class=success&gt;Playback - {53} [SUCCESS] SetValueAsEditBox "2345" - "[MSAA, VisibleOnly]ControlType='Edit'"  &lt; Set via SendKeys &gt;
\0&lt;/a&gt;
W, 3608, 19, 2012/11/02, 16:01:05.633, 1581658828205, QTAgent32.exe, &lt;a class=success&gt;Playback - {54} [SUCCESS] SetValueAsEditBox "2000" - "[MSAA, VisibleOnly]ControlType='Edit'"  &lt; Set via SendKeys &gt;
\0&lt;/a&gt;
W, 3608, 19, 2012/11/02, 16:01:06.070, 1581665083118, QTAgent32.exe, &lt;a class=success&gt;Playback - {55} [SUCCESS] SetValueAsEditBox "2000" - "[MSAA, VisibleOnly]ControlType='Edit'"  &lt; Set via SendKeys &gt;
\0&lt;/a&gt;
W, 3608, 19, 2012/11/02, 16:01:06.288, 1581668397434, QTAgent32.exe, &lt;a class=success&gt;Playback - {56} [SUCCESS] MouseButtonClick - "[MSAA, VisibleOnly]ControlType='Button' &amp;&amp; Name='Next &gt;'"
\0&lt;/a&gt;
W, 3608, 19, 2012/11/02, 16:01:06.694, 1581674017829, QTAgent32.exe, &lt;a class=success&gt;Playback - {57} [SUCCESS] SetValueAsEditBox "2345" - "[MSAA, VisibleOnly]ControlType='Edit'"  &lt; Set via SendKeys &gt;
\0&lt;/a&gt;
W, 3608, 19, 2012/11/02, 16:01:07.068, 1581679573571, QTAgent32.exe, &lt;a class=success&gt;Playback - {58} [SUCCESS] MouseButtonClick - "[MSAA, VisibleOnly]ControlType='Button' &amp;&amp; Name='Next &gt;'"
\0&lt;/a&gt;
W, 3608, 19, 2012/11/02, 16:01:07.459, 1581685036981, QTAgent32.exe, &lt;a class=success&gt;Playback - {59} [SUCCESS] MouseButtonClick - "[MSAA, VisibleOnly]ControlType='Button' &amp;&amp; Name='Next &gt;'"
\0&lt;/a&gt;
W, 3608, 19, 2012/11/02, 16:01:07.755, 1581689339035, QTAgent32.exe, &lt;a class=success&gt;Playback - {60} [SUCCESS] MouseButtonClick - "[MSAA, VisibleOnly]ControlType='Button' &amp;&amp; Name='Quote'"
\0&lt;/a&gt;
W, 3608, 19, 2012/11/02, 16:01:08.332, 1581697534049, QTAgent32.exe, &lt;a class=success&gt;Playback - {61} [SUCCESS] MouseButtonClick - "[MSAA, VisibleOnly]ControlType='Button' &amp;&amp; Name='No'"
\0&lt;/a&gt;
W, 3608, 19, 2012/11/02, 16:01:14.105, 1581780107788, QTAgent32.exe, PERF WARNING: FindTopLevelWindowHelper::FindAllDescendents: took 5662 ms. Expected it to take maximum 500 ms.
W, 3608, 19, 2012/11/02, 16:01:14.433, 1581784803889, QTAgent32.exe, &lt;a class=success&gt;Playback - {62} [SUCCESS] MouseButtonClick - "[MSAA, VisibleOnly]ControlType='Client'"
\0&lt;/a&gt;
W, 3608, 19, 2012/11/02, 16:01:16.133, 1581809164990, QTAgent32.exe, &lt;a class=success&gt;Playback - {63} [SUCCESS] SendKeys "{End}" - "[MSAA, VisibleOnly]ControlType='Client'"
\0&lt;/a&gt;
W, 3608, 19, 2012/11/02, 16:01:16.648, 1581816705766, QTAgent32.exe, &lt;a class=success&gt;Playback - {64} [SUCCESS] MouseButtonClick - "[MSAA, VisibleOnly]ControlType='Button' &amp;&amp; Name='Accept'"
\0&lt;/a&gt;
W, 3608, 19, 2012/11/02, 16:01:17.101, 1581823150323, QTAgent32.exe, &lt;a class=success&gt;Playback - {65} [SUCCESS] MouseButtonClick - "[MSAA, VisibleOnly]ControlType='Button' &amp;&amp; Name='Yes'"
\0&lt;/a&gt;
W, 3608, 19, 2012/11/02, 16:01:19.301, 1581854682843, QTAgent32.exe, &lt;a class=success&gt;Playback - {66} [SUCCESS] MouseButtonClick - "[MSAA, VisibleOnly]ControlType='Button' &amp;&amp; Name='Ok'"
\0&lt;/a&gt;
W, 3608, 19, 2012/11/02, 16:01:30.644, 1582016882445, QTAgent32.exe, Playback - [WARNING] Internal warning: Window Not Found: [VisibleOnly]ControlType='Window' &amp;&amp; Name='Save the file as' &amp;&amp; ClassName='#32770'
\0
E, 3608, 19, 2012/11/02, 16:01:30.644, 1582016885312, QTAgent32.exe, &lt;a class=failure&gt;Playback - {67} [FAILED] Function ElementFetcher::FindScreenElement failed to locate UI element (Searching: ;[VisibleOnly]ControlType='Window' &amp;&amp; Name='Save the file as' &amp;&amp; ClassName='#32770') (The object specified was not found.)
\0&lt;/a&gt;
E, 3608, 19, 2012/11/02, 16:01:30.753, 1582018439922, QTAgent32.exe, Playback - [IMAGE] C:\Users\peter.zenin-ad\AppData\Local\Temp\UITestLogs\LastRun\RPF3DD5.png
\0
W, 3608, 19, 2012/11/02, 16:01:30.753, 1582018442190, QTAgent32.exe, Playback - [WARNING] Internal warning: Couldn't find descendants that match QueryId
\0
W, 3608, 19, 2012/11/02, 16:01:30.753, 1582018445241, QTAgent32.exe, PERF WARNING: FindTopLevelWindowHelper::FindAllDescendents: took 11341 ms. Expected it to take maximum 500 ms.
W, 3608, 19, 2012/11/02, 16:01:48.945, 1582278889460, QTAgent32.exe, Playback - [WARNING] Internal warning: Window Not Found: [VisibleOnly]ControlType='Window' &amp;&amp; Name='Save the file as' &amp;&amp; ClassName='#32770'
\0
E, 3608, 19, 2012/11/02, 16:01:48.945, 1582278892550, QTAgent32.exe, &lt;a class=failure&gt;Playback - {68} [FAILED] Function ElementFetcher::FindScreenElement failed to locate UI element (Searching: ;[VisibleOnly]ControlType='Window' &amp;&amp; Name='Save the file as' &amp;&amp; ClassName='#32770') (The object specified was not found.)
\0&lt;/a&gt;
E, 3608, 19, 2012/11/02, 16:01:49.039, 1582280411178, QTAgent32.exe, Playback - [IMAGE] C:\Users\peter.zenin-ad\AppData\Local\Temp\UITestLogs\LastRun\RPF8551.png
\0
W, 3608, 19, 2012/11/02, 16:01:49.039, 1582280413374, QTAgent32.exe, Playback - [WARNING] Internal warning: Couldn't find descendants that match QueryId
\0
W, 3608, 19, 2012/11/02, 16:01:49.039, 1582280416303, QTAgent32.exe, PERF WARNING: FindTopLevelWindowHelper::FindAllDescendents: took 18296 ms. Expected it to take maximum 500 ms.
W, 3608, 19, 2012/11/02, 16:01:52.159, 1582324900823, QTAgent32.exe, Playback - [WARNING] Internal warning: Smart Match failed
\0
W, 3608, 19, 2012/11/02, 16:01:53.595, 1582345449170, QTAgent32.exe, Playback - [WARNING] Internal warning: Window Not Found: [VisibleOnly]ControlType='Window' &amp;&amp; Name='Save the file as' &amp;&amp; ClassName='#32770'
\0
E, 3608, 19, 2012/11/02, 16:01:53.595, 1582345452069, QTAgent32.exe, &lt;a class=failure&gt;Playback - {69} [FAILED] Function ElementFetcher::FindScreenElement failed to locate UI element (Searching: ;[VisibleOnly]ControlType='Window' &amp;&amp; Name='Save the file as' &amp;&amp; ClassName='#32770') (The object specified was not found.)
\0&lt;/a&gt;
E, 3608, 19, 2012/11/02, 16:01:53.688, 1582346908696, QTAgent32.exe, Playback - [IMAGE] C:\Users\peter.zenin-ad\AppData\Local\Temp\UITestLogs\LastRun\RPF977B.png
\0
W, 3608, 19, 2012/11/02, 16:01:53.688, 1582346910856, QTAgent32.exe, Playback - [WARNING] Internal warning: Couldn't find descendants that match QueryId
\0
W, 3608, 19, 2012/11/02, 16:01:53.688, 1582346913812, QTAgent32.exe, PERF WARNING: FindTopLevelWindowHelper::FindAllDescendents: took 4644 ms. Expected it to take maximum 500 ms.
E, 3608, 19, 2012/11/02, 16:01:53.688, 1582346915624, QTAgent32.exe, Exception: System.Runtime.InteropServices.COMException
	Message: Error HRESULT E_FAIL has been returned from a call to a COM component.
	Stack Trace:    at Microsoft.VisualStudio.TestTools.UITest.Playback.Engine.IRPFPlayback.FindAllScreenElements(IScreenElement pScreenElementStart, String bstrQueryId, Object&amp; pvarResKeys, Int32 cResKeys, Int32 nMaxDepth, Object[]&amp; foundDescendants)
   at Microsoft.VisualStudio.TestTools.UITest.Playback.ScreenElement.FindTopLevelWindowHelper(String queryId)
	BaseExceptionMessage: Error HRESULT E_FAIL has been returned from a call to a COM component.

E, 3608, 19, 2012/11/02, 16:01:53.844, 1582349179085, QTAgent32.exe, AL: Playback Error: Microsoft.VisualStudio.TestTools.UITest.Extension.UITestControlNotFoundException: The playback failed to find the control with the given search properties. Additional Details: 
TechnologyName:  'MSAA'
ControlType:  'Window'
Name:  'Save the file as'
ClassName:  '#32770'
 ---&gt; System.Runtime.InteropServices.COMException: Error HRESULT E_FAIL has been returned from a call to a COM component.
   at Microsoft.VisualStudio.TestTools.UITest.Playback.Engine.IRPFPlayback.FindAllScreenElements(IScreenElement pScreenElementStart, String bstrQueryId, Object&amp; pvarResKeys, Int32 cResKeys, Int32 nMaxDepth, Object[]&amp; foundDescendants)
   at Microsoft.VisualStudio.TestTools.UITest.Playback.ScreenElement.FindTopLevelWindowHelper(String queryId)
   at Microsoft.VisualStudio.TestTools.UITest.Playback.ScreenElement.FindFromPartialQueryId(String queryId)
   at Microsoft.VisualStudio.TestTools.UITesting.UITestControl..ctor(String queryId)
   --- End of inner exception stack trace ---
   at Microsoft.VisualStudio.TestTools.UITesting.Playback.MapControlNotFoundException(COMException ex, IPlaybackContext context)
   at Microsoft.VisualStudio.TestTools.UITesting.Playback.MapAndThrowComException(COMException innerException, IPlaybackContext context)
   at Microsoft.VisualStudio.TestTools.UITesting.Playback.MapAndThrowException(SystemException exception, IPlaybackContext context)
   at Microsoft.VisualStudio.TestTools.UITesting.Playback.MapAndThrowException(SystemException exception, String queryId)
   at Microsoft.VisualStudio.TestTools.UITesting.UITestControl..ctor(String queryId)
   at Microsoft.VisualStudio.TestTools.UITesting.SearchHelper.SearchTopLevelWindow(ISearchArgument topLevelSearchArg, String topLevelElementQueryId)
   at Microsoft.VisualStudio.TestTools.UITesting.SearchHelper.GetTitleUpdatedTopLevelWindow(ISearchArgument topLevelSearchArg, String queryId, IList`1 windowTitles)
   at Microsoft.VisualStudio.TestTools.UITesting.SearchHelper.GetTopLevelElement(Boolean useCache, Boolean useCacheOnly, ISearchArgument searchArg, IList`1 windowTitles, Int32&amp; timeLeft)
   at Microsoft.VisualStudio.TestTools.UITesting.SearchHelper.GetElement(Boolean useCache, ISearchArgument searchArg)
   at Microsoft.VisualStudio.TestTools.UITesting.SearchHelper.Search(ISearchArgument searchArg)
   at Microsoft.VisualStudio.TestTools.UITesting.UITestControl.FindInternal()
   at Microsoft.VisualStudio.TestTools.UITesting.UITestControl.FindControlIfNecessary()
   at Microsoft.VisualStudio.TestTools.UITesting.UITestControl.Click(MouseButtons button, ModifierKeys modifierKeys, Point relativeCoordinates)
   at Microsoft.VisualStudio.TestTools.UITesting.Mouse.ClickImplementation(UITestControl control, MouseButtons button, ModifierKeys modifierKeys, Point relativeCoordinate)
   at Microsoft.VisualStudio.TestTools.UITesting.Mouse.ClickImplementationWrapper(UITestControl control, MouseButtons button, ModifierKeys modifierKeys, Point relativeCoordinate)
W, 3608, 19, 2012/11/02, 16:01:53.844, 1582349206065, QTAgent32.exe, PlaybackErrorHandler: Ignoring exception as ContinueOnError is set.
W, 3608, 19, 2012/11/02, 16:01:54.266, 1582355121434, QTAgent32.exe, &lt;a class=success&gt;Playback - {70} [SUCCESS] MouseButtonClick - "[MSAA, VisibleOnly]ControlType='Button' &amp;&amp; Name='Ok'"
\0&lt;/a&gt;
W, 3608, 19, 2012/11/02, 16:01:54.734, 1582361752933, QTAgent32.exe, &lt;a class=success&gt;Playback - {71} [SUCCESS] MouseButtonClick - "[MSAA, VisibleOnly]ControlType='Button' &amp;&amp; Name='Ok'"
\0&lt;/a&gt;
W, 3608, 19, 2012/11/02, 16:01:55.264, 1582369349868, QTAgent32.exe, &lt;a class=success&gt;Playback - {72} [SUCCESS] SetValueAsEditBox "B338TH" - "[MSAA, VisibleOnly]ControlType='Edit'"  &lt; Set via SendKeys &gt;
\0&lt;/a&gt;
W, 3608, 19, 2012/11/02, 16:01:57.729, 1582404637439, QTAgent32.exe, &lt;a class=success&gt;Playback - {73} [SUCCESS] MouseButtonClick - "[MSAA, VisibleOnly]ControlType='Button' &amp;&amp; Name='Lookup...'"
\0&lt;/a&gt;
W, 3608, 19, 2012/11/02, 16:01:58.119, 1582410309777, QTAgent32.exe, &lt;a class=success&gt;Playback - {74} [SUCCESS] MouseButtonClick - "[MSAA, VisibleOnly]ControlType='Button' &amp;&amp; Name='Ok'"
\0&lt;/a&gt;
W, 3608, 19, 2012/11/02, 16:01:58.603, 1582417302377, QTAgent32.exe, &lt;a class=success&gt;Playback - {75} [SUCCESS] MouseButtonClick - "[MSAA, VisibleOnly]ControlType='Button' &amp;&amp; Name='Confirm'"
\0&lt;/a&gt;
W, 3608, 19, 2012/11/02, 16:02:19.447, 1582715564689, QTAgent32.exe, Playback - [WARNING] Internal warning: Window Not Found: [VisibleOnly]ControlType='Window' &amp;&amp; Name='insur-E.tam' &amp;&amp; ClassName='#32770'
\0
E, 3608, 19, 2012/11/02, 16:02:19.447, 1582715567602, QTAgent32.exe, &lt;a class=failure&gt;Playback - {76} [FAILED] Function ElementFetcher::FindScreenElement failed to locate UI element (Searching: ;[VisibleOnly]ControlType='Window' &amp;&amp; Name='insur-E.tam' &amp;&amp; ClassName='#32770') (The object specified was not found.)
\0&lt;/a&gt;
E, 3608, 19, 2012/11/02, 16:02:19.541, 1582717012486, QTAgent32.exe, Playback - [IMAGE] C:\Users\peter.zenin-ad\AppData\Local\Temp\UITestLogs\LastRun\RPFFC75.png
\0
W, 3608, 19, 2012/11/02, 16:02:19.541, 1582717014722, QTAgent32.exe, Playback - [WARNING] Internal warning: Couldn't find descendants that match QueryId
\0
W, 3608, 19, 2012/11/02, 16:02:19.541, 1582717017661, QTAgent32.exe, PERF WARNING: FindTopLevelWindowHelper::FindAllDescendents: took 20834 ms. Expected it to take maximum 500 ms.
W, 3608, 19, 2012/11/02, 16:02:38.294, 1582985387616, QTAgent32.exe, Playback - [WARNING] Internal warning: Window Not Found: [VisibleOnly]ControlType='Window' &amp;&amp; Name='insur-E.tam' &amp;&amp; ClassName='#32770'
\0
E, 3608, 19, 2012/11/02, 16:02:38.294, 1582985390576, QTAgent32.exe, &lt;a class=failure&gt;Playback - {77} [FAILED] Function ElementFetcher::FindScreenElement failed to locate UI element (Searching: ;[VisibleOnly]ControlType='Window' &amp;&amp; Name='insur-E.tam' &amp;&amp; ClassName='#32770') (The object specified was not found.)
\0&lt;/a&gt;
E, 3608, 19, 2012/11/02, 16:02:38.387, 1582986809794, QTAgent32.exe, Playback - [IMAGE] C:\Users\peter.zenin-ad\AppData\Local\Temp\UITestLogs\LastRun\RPF4613.png
\0
W, 3608, 19, 2012/11/02, 16:02:38.387, 1582986811952, QTAgent32.exe, Playback - [WARNING] Internal warning: Couldn't find descendants that match QueryId
\0
W, 3608, 19, 2012/11/02, 16:02:38.387, 1582986814947, QTAgent32.exe, PERF WARNING: FindTopLevelWindowHelper::FindAllDescendents: took 18842 ms. Expected it to take maximum 500 ms.
W, 3608, 19, 2012/11/02, 16:02:41.617, 1583032963362, QTAgent32.exe, Playback - [WARNING] Internal warning: Smart Match failed
\0
W, 3608, 19, 2012/11/02, 16:02:43.052, 1583053513168, QTAgent32.exe, Playback - [WARNING] Internal warning: Window Not Found: [VisibleOnly]ControlType='Window' &amp;&amp; Name='insur-E.tam' &amp;&amp; ClassName='#32770'
\0
E, 3608, 19, 2012/11/02, 16:02:43.052, 1583053516104, QTAgent32.exe, &lt;a class=failure&gt;Playback - {78} [FAILED] Function ElementFetcher::FindScreenElement failed to locate UI element (Searching: ;[VisibleOnly]ControlType='Window' &amp;&amp; Name='insur-E.tam' &amp;&amp; ClassName='#32770') (The object specified was not found.)
\0&lt;/a&gt;
E, 3608, 19, 2012/11/02, 16:02:43.146, 1583055062660, QTAgent32.exe, Playback - [IMAGE] C:\Users\peter.zenin-ad\AppData\Local\Temp\UITestLogs\LastRun\RPF58AA.png
\0
W, 3608, 19, 2012/11/02, 16:02:43.146, 1583055064893, QTAgent32.exe, Playback - [WARNING] Internal warning: Couldn't find descendants that match QueryId
\0
W, 3608, 19, 2012/11/02, 16:02:43.146, 1583055067826, QTAgent32.exe, PERF WARNING: FindTopLevelWindowHelper::FindAllDescendents: took 4766 ms. Expected it to take maximum 500 ms.
E, 3608, 19, 2012/11/02, 16:02:43.161, 1583055069829, QTAgent32.exe, Exception: System.Runtime.InteropServices.COMException
	Message: Error HRESULT E_FAIL has been returned from a call to a COM component.
	Stack Trace:    at Microsoft.VisualStudio.TestTools.UITest.Playback.Engine.IRPFPlayback.FindAllScreenElements(IScreenElement pScreenElementStart, String bstrQueryId, Object&amp; pvarResKeys, Int32 cResKeys, Int32 nMaxDepth, Object[]&amp; foundDescendants)
   at Microsoft.VisualStudio.TestTools.UITest.Playback.ScreenElement.FindTopLevelWindowHelper(String queryId)
	BaseExceptionMessage: Error HRESULT E_FAIL has been returned from a call to a COM component.

E, 3608, 19, 2012/11/02, 16:02:43.161, 1583055075199, QTAgent32.exe, Window 7275388 not responding. Last Win32 error 0
E, 3608, 19, 2012/11/02, 16:02:43.161, 1583055077965, QTAgent32.exe, GetClassName for handle 7275388 failed
E, 3608, 19, 2012/11/02, 16:02:43.161, 1583055081898, QTAgent32.exe, Window 7275388 not responding. Last Win32 error 1400
E, 3608, 19, 2012/11/02, 16:02:43.161, 1583055091934, QTAgent32.exe, Window 7275388 not responding. Last Win32 error 1400
E, 3608, 19, 2012/11/02, 16:02:43.161, 1583055093105, QTAgent32.exe, GetClassName for handle 7275388 failed
E, 3608, 19, 2012/11/02, 16:02:43.161, 1583055093934, QTAgent32.exe, GetClassName for handle 7275388 failed
E, 3608, 19, 2012/11/02, 16:02:43.271, 1583056639191, QTAgent32.exe, AL: Playback Error: Microsoft.VisualStudio.TestTools.UITest.Extension.UITestControlNotFoundException: The playback failed to find the control with the given search properties. Additional Details: 
TechnologyName:  'MSAA'
ControlType:  'Window'
 ---&gt; System.Runtime.InteropServices.COMException: Error HRESULT E_FAIL has been returned from a call to a COM component.
   at Microsoft.VisualStudio.TestTools.UITest.Playback.Engine.IRPFPlayback.FindAllScreenElements(IScreenElement pScreenElementStart, String bstrQueryId, Object&amp; pvarResKeys, Int32 cResKeys, Int32 nMaxDepth, Object[]&amp; foundDescendants)
   at Microsoft.VisualStudio.TestTools.UITest.Playback.ScreenElement.FindTopLevelWindowHelper(String queryId)
   at Microsoft.VisualStudio.TestTools.UITest.Playback.ScreenElement.FindFromPartialQueryId(String queryId)
   at Microsoft.VisualStudio.TestTools.UITesting.UITestControl..ctor(String queryId)
   --- End of inner exception stack trace ---
   at Microsoft.VisualStudio.TestTools.UITesting.Playback.MapControlNotFoundException(COMException ex, IPlaybackContext context)
   at Microsoft.VisualStudio.TestTools.UITesting.Playback.MapAndThrowComException(COMException innerException, IPlaybackContext context)
   at Microsoft.VisualStudio.TestTools.UITesting.Playback.MapAndThrowException(SystemException exception, IPlaybackContext context)
   at Microsoft.VisualStudio.TestTools.UITesting.Playback.MapAndThrowException(SystemException exception, String queryId)
   at Microsoft.VisualStudio.TestTools.UITesting.UITestControl..ctor(String queryId)
   at Microsoft.VisualStudio.TestTools.UITesting.SearchHelper.SearchTopLevelWindow(ISearchArgument topLevelSearchArg, String topLevelElementQueryId)
   at Microsoft.VisualStudio.TestTools.UITesting.SearchHelper.GetTitleUpdatedTopLevelWindow(ISearchArgument topLevelSearchArg, String queryId, IList`1 windowTitles)
   at Microsoft.VisualStudio.TestTools.UITesting.SearchHelper.GetTopLevelElement(Boolean useCache, Boolean useCacheOnly, ISearchArgument searchArg, IList`1 windowTitles, Int32&amp; timeLeft)
   at Microsoft.VisualStudio.TestTools.UITesting.SearchHelper.GetElement(Boolean useCache, ISearchArgument searchArg)
   at Microsoft.VisualStudio.TestTools.UITesting.SearchHelper.Search(ISearchArgument searchArg)
   at Microsoft.VisualStudio.TestTools.UITesting.UITestControl.FindInternal()
   at Microsoft.VisualStudio.TestTools.UITesting.UITestControl.FindControlIfNecessary()
   at Microsoft.VisualStudio.TestTools.UITesting.UITestControl.Click(MouseButtons button, ModifierKeys modifierKeys, Point relativeCoordinates)
   at Microsoft.VisualStudio.TestTools.UITesting.Mouse.ClickImplementation(UITestControl control, MouseButtons button, ModifierKeys modifierKeys, Point relativeCoordinate)
   at Microsoft.VisualStudio.TestTools.UITesting.Mouse.ClickImplementationWrapper(UITestControl control, MouseButtons button, ModifierKeys modifierKeys, Point relativeCoordinate)
W, 3608, 19, 2012/11/02, 16:02:43.271, 1583056641022, QTAgent32.exe, PlaybackErrorHandler: Ignoring exception as ContinueOnError is set.
W, 3608, 19, 2012/11/02, 16:02:43.598, 1583061330935, QTAgent32.exe, &lt;a class=success&gt;Playback - {79} [SUCCESS] Check - "[MSAA, VisibleOnly]ControlType='CheckBox' &amp;&amp; Name='Defer Printing?'"
\0&lt;/a&gt;
W, 3608, 19, 2012/11/02, 16:02:44.955, 1583080866510, QTAgent32.exe, &lt;a class=success&gt;Playback - {80} [SUCCESS] MouseButtonClick - "[MSAA, VisibleOnly]ControlType='Button' &amp;&amp; Name='Ok'"
\0&lt;/a&gt;
W, 3608, 19, 2012/11/02, 16:02:46.001, 1583095786002, QTAgent32.exe, PERF WARNING: FindTopLevelWindowHelper::FindAllDescendents: took 940 ms. Expected it to take maximum 500 ms.
W, 3608, 19, 2012/11/02, 16:02:46.984, 1583109804444, QTAgent32.exe, &lt;a class=success&gt;Playback - {81} [SUCCESS] Uncheck - "[MSAA, VisibleOnly]ControlType='CheckBox' &amp;&amp; Name='Add Activity'"
\0&lt;/a&gt;
W, 3608, 19, 2012/11/02, 16:02:47.857, 1583122447384, QTAgent32.exe, &lt;a class=success&gt;Playback - {82} [SUCCESS] MouseButtonClick - "[MSAA, VisibleOnly]ControlType='Button' &amp;&amp; Name='Ok'"
\0&lt;/a&gt;
W, 3608, 19, 2012/11/02, 16:02:48.294, 1583128685188, QTAgent32.exe, &lt;a class=success&gt;Playback - {83} [SUCCESS] MouseButtonClick - "[MSAA, VisibleOnly]ControlType='Button' &amp;&amp; Name='Ok'"
\0&lt;/a&gt;
W, 3608, 19, 2012/11/02, 16:02:56.142, 1583240930789, QTAgent32.exe, PERF WARNING: FindTopLevelWindowHelper::FindAllDescendents: took 7614 ms. Expected it to take maximum 500 ms.
W, 3608, 19, 2012/11/02, 16:02:58.435, 1583273745208, QTAgent32.exe, &lt;a class=success&gt;Playback - {84} [SUCCESS] MouseButtonClick - "[MSAA, VisibleOnly]ControlType='Button' &amp;&amp; Name='OK'"
\0&lt;/a&gt;
W, 3608, 19, 2012/11/02, 16:02:59.761, 1583292856347, QTAgent32.exe, Playback - [WARNING] Internal warning: Window Not Found: [VisibleOnly]ControlType='Window' &amp;&amp; Name='Tamxml7' &amp;&amp; ClassName='TMessageForm'
\0
E, 3608, 19, 2012/11/02, 16:02:59.761, 1583292859148, QTAgent32.exe, &lt;a class=failure&gt;Playback - {85} [FAILED] Function ElementFetcher::FindScreenElement failed to locate UI element (Searching: ;[VisibleOnly]ControlType='Window' &amp;&amp; Name='Tamxml7' &amp;&amp; ClassName='TMessageForm') (The object specified was not found.)
\0&lt;/a&gt;
E, 3608, 19, 2012/11/02, 16:02:59.870, 1583294438509, QTAgent32.exe, Playback - [IMAGE] C:\Users\peter.zenin-ad\AppData\Local\Temp\UITestLogs\LastRun\RPF99EF.png
\0
W, 3608, 19, 2012/11/02, 16:02:59.870, 1583294440716, QTAgent32.exe, Playback - [WARNING] Internal warning: Couldn't find descendants that match QueryId
\0
W, 3608, 19, 2012/11/02, 16:02:59.870, 1583294443632, QTAgent32.exe, PERF WARNING: FindTopLevelWindowHelper::FindAllDescendents: took 1336 ms. Expected it to take maximum 500 ms.
W, 3608, 19, 2012/11/02, 16:03:17.874, 1583552185343, QTAgent32.exe, Playback - [WARNING] Internal warning: Window Not Found: [VisibleOnly]ControlType='Window' &amp;&amp; Name='Tamxml7' &amp;&amp; ClassName='TMessageForm'
\0
E, 3608, 19, 2012/11/02, 16:03:17.874, 1583552188165, QTAgent32.exe, &lt;a class=failure&gt;Playback - {86} [FAILED] Function ElementFetcher::FindScreenElement failed to locate UI element (Searching: ;[VisibleOnly]ControlType='Window' &amp;&amp; Name='Tamxml7' &amp;&amp; ClassName='TMessageForm') (The object specified was not found.)
\0&lt;/a&gt;
E, 3608, 19, 2012/11/02, 16:03:17.968, 1583553513447, QTAgent32.exe, Playback - [IMAGE] C:\Users\peter.zenin-ad\AppData\Local\Temp\UITestLogs\LastRun\RPFE0AF.png
\0
W, 3608, 19, 2012/11/02, 16:03:17.968, 1583553515585, QTAgent32.exe, Playback - [WARNING] Internal warning: Couldn't find descendants that match QueryId
\0
W, 3608, 19, 2012/11/02, 16:03:17.968, 1583553518467, QTAgent32.exe, PERF WARNING: FindTopLevelWindowHelper::FindAllDescendents: took 18093 ms. Expected it to take maximum 500 ms.
W, 3608, 19, 2012/11/02, 16:03:18.420, 1583559941511, QTAgent32.exe, Playback - [WARNING] Internal warning: Smart Match failed
\0
W, 3608, 19, 2012/11/02, 16:03:18.576, 1583562174669, QTAgent32.exe, Playback - [WARNING] Internal warning: Smart Match failed
\0
W, 3608, 19, 2012/11/02, 16:03:18.733, 1583564409716, QTAgent32.exe, Playback - [WARNING] Internal warning: Smart Match failed
\0
W, 3608, 19, 2012/11/02, 16:03:18.889, 1583566643183, QTAgent32.exe, Playback - [WARNING] Internal warning: Smart Match failed
\0
W, 3608, 19, 2012/11/02, 16:03:19.045, 1583568884440, QTAgent32.exe, Playback - [WARNING] Internal warning: Smart Match failed
\0
W, 3608, 19, 2012/11/02, 16:03:19.216, 1583571334116, QTAgent32.exe, Playback - [WARNING] Internal warning: Smart Match failed
\0
W, 3608, 19, 2012/11/02, 16:03:19.372, 1583573571084, QTAgent32.exe, Playback - [WARNING] Internal warning: Smart Match failed
\0
W, 3608, 19, 2012/11/02, 16:03:19.544, 1583576026405, QTAgent32.exe, Playback - [WARNING] Internal warning: Smart Match failed
\0
W, 3608, 19, 2012/11/02, 16:03:19.700, 1583578257585, QTAgent32.exe, Playback - [WARNING] Internal warning: Smart Match failed
\0
W, 3608, 19, 2012/11/02, 16:03:19.856, 1583580490556, QTAgent32.exe, Playback - [WARNING] Internal warning: Smart Match failed
\0
W, 3608, 19, 2012/11/02, 16:03:20.012, 1583582724351, QTAgent32.exe, Playback - [WARNING] Internal warning: Smart Match failed
\0
W, 3608, 19, 2012/11/02, 16:03:20.168, 1583584957415, QTAgent32.exe, Playback - [WARNING] Internal warning: Smart Match failed
\0
W, 3608, 19, 2012/11/02, 16:03:20.324, 1583587191801, QTAgent32.exe, Playback - [WARNING] Internal warning: Smart Match failed
\0
W, 3608, 19, 2012/11/02, 16:03:20.480, 1583589425684, QTAgent32.exe, Playback - [WARNING] Internal warning: Smart Match failed
\0
W, 3608, 19, 2012/11/02, 16:03:20.636, 1583591656962, QTAgent32.exe, Playback - [WARNING] Internal warning: Smart Match failed
\0
W, 3608, 19, 2012/11/02, 16:03:20.792, 1583593893358, QTAgent32.exe, Playback - [WARNING] Internal warning: Smart Match failed
\0
W, 3608, 19, 2012/11/02, 16:03:20.948, 1583596128065, QTAgent32.exe, Playback - [WARNING] Internal warning: Smart Match failed
\0
W, 3608, 19, 2012/11/02, 16:03:20.995, 1583596924503, QTAgent32.exe, Playback - [WARNING] Internal warning: Window Not Found: [VisibleOnly]ControlType='Window' &amp;&amp; Name='Tamxml7' &amp;&amp; ClassName='TMessageForm'
\0
E, 3608, 19, 2012/11/02, 16:03:20.995, 1583596926734, QTAgent32.exe, &lt;a class=failure&gt;Playback - {87} [FAILED] Function ElementFetcher::FindScreenElement failed to locate UI element (Searching: ;[VisibleOnly]ControlType='Window' &amp;&amp; Name='Tamxml7' &amp;&amp; ClassName='TMessageForm') (The object specified was not found.)
\0&lt;/a&gt;
E, 3608, 19, 2012/11/02, 16:03:21.104, 1583598367387, QTAgent32.exe, Playback - [IMAGE] C:\Users\peter.zenin-ad\AppData\Local\Temp\UITestLogs\LastRun\RPFECE0.png
\0
W, 3608, 19, 2012/11/02, 16:03:21.104, 1583598369504, QTAgent32.exe, Playback - [WARNING] Internal warning: Couldn't find descendants that match QueryId
\0
W, 3608, 19, 2012/11/02, 16:03:21.104, 1583598372412, QTAgent32.exe, PERF WARNING: FindTopLevelWindowHelper::FindAllDescendents: took 3132 ms. Expected it to take maximum 500 ms.
E, 3608, 19, 2012/11/02, 16:03:21.104, 1583598374170, QTAgent32.exe, Exception: System.Runtime.InteropServices.COMException
	Message: Error HRESULT E_FAIL has been returned from a call to a COM component.
	Stack Trace:    at Microsoft.VisualStudio.TestTools.UITest.Playback.Engine.IRPFPlayback.FindAllScreenElements(IScreenElement pScreenElementStart, String bstrQueryId, Object&amp; pvarResKeys, Int32 cResKeys, Int32 nMaxDepth, Object[]&amp; foundDescendants)
   at Microsoft.VisualStudio.TestTools.UITest.Playback.ScreenElement.FindTopLevelWindowHelper(String queryId)
	BaseExceptionMessage: Error HRESULT E_FAIL has been returned from a call to a COM component.

E, 3608, 19, 2012/11/02, 16:03:21.104, 1583598377950, QTAgent32.exe, GetClassName for handle 13894212 failed
E, 3608, 19, 2012/11/02, 16:03:21.104, 1583598387176, QTAgent32.exe, Window 13894212 not responding. Last Win32 error 1400
E, 3608, 19, 2012/11/02, 16:03:21.104, 1583598388356, QTAgent32.exe, GetClassName for handle 13894212 failed
E, 3608, 19, 2012/11/02, 16:03:21.104, 1583598389168, QTAgent32.exe, GetClassName for handle 13894212 failed
E, 3608, 19, 2012/11/02, 16:03:21.104, 1583598394766, QTAgent32.exe, GetClassName for handle 5112766 failed
E, 3608, 19, 2012/11/02, 16:03:21.104, 1583598401619, QTAgent32.exe, Exception: System.Runtime.InteropServices.COMException
	Message: Error HRESULT E_FAIL has been returned from a call to a COM component.
	Stack Trace:    at Accessibility.IAccessible.get_accState(Object varChild)
   at Microsoft.VisualStudio.TestTools.UITest.Extension.Msaa.AccWrapper.get_State()
	BaseExceptionMessage: Error HRESULT E_FAIL has been returned from a call to a COM component.

E, 3608, 19, 2012/11/02, 16:03:21.104, 1583598405890, QTAgent32.exe, Exception: System.Runtime.InteropServices.COMException
	Message: Error HRESULT E_FAIL has been returned from a call to a COM component.
	Stack Trace:    at Accessibility.IAccessible.get_accState(Object varChild)
   at Microsoft.VisualStudio.TestTools.UITest.Extension.Msaa.AccWrapper.get_State()
	BaseExceptionMessage: Error HRESULT E_FAIL has been returned from a call to a COM component.

E, 3608, 19, 2012/11/02, 16:03:21.104, 1583598410096, QTAgent32.exe, Exception: System.Runtime.InteropServices.COMException
	Message: Error HRESULT E_FAIL has been returned from a call to a COM component.
	Stack Trace:    at Accessibility.IAccessible.get_accState(Object varChild)
   at Microsoft.VisualStudio.TestTools.UITest.Extension.Msaa.AccWrapper.get_State()
	BaseExceptionMessage: Error HRESULT E_FAIL has been returned from a call to a COM component.

E, 3608, 19, 2012/11/02, 16:03:21.104, 1583598414272, QTAgent32.exe, Exception: System.Runtime.InteropServices.COMException
	Message: Error HRESULT E_FAIL has been returned from a call to a COM component.
	Stack Trace:    at Accessibility.IAccessible.get_accState(Object varChild)
   at Microsoft.VisualStudio.TestTools.UITest.Extension.Msaa.AccWrapper.get_State()
	BaseExceptionMessage: Error HRESULT E_FAIL has been returned from a call to a COM component.

E, 3608, 19, 2012/11/02, 16:03:21.104, 1583598418570, QTAgent32.exe, Exception: System.Runtime.InteropServices.COMException
	Message: Error HRESULT E_FAIL has been returned from a call to a COM component.
	Stack Trace:    at Accessibility.IAccessible.get_accState(Object varChild)
   at Microsoft.VisualStudio.TestTools.UITest.Extension.Msaa.AccWrapper.get_State()
	BaseExceptionMessage: Error HRESULT E_FAIL has been returned from a call to a COM component.

E, 3608, 19, 2012/11/02, 16:03:21.104, 1583598422820, QTAgent32.exe, Exception: System.Runtime.InteropServices.COMException
	Message: Error HRESULT E_FAIL has been returned from a call to a COM component.
	Stack Trace:    at Accessibility.IAccessible.get_accState(Object varChild)
   at Microsoft.VisualStudio.TestTools.UITest.Extension.Msaa.AccWrapper.get_State()
	BaseExceptionMessage: Error HRESULT E_FAIL has been returned from a call to a COM component.

E, 3608, 19, 2012/11/02, 16:03:21.104, 1583598427009, QTAgent32.exe, Exception: System.Runtime.InteropServices.COMException
	Message: Error HRESULT E_FAIL has been returned from a call to a COM component.
	Stack Trace:    at Accessibility.IAccessible.get_accState(Object varChild)
   at Microsoft.VisualStudio.TestTools.UITest.Extension.Msaa.AccWrapper.get_State()
	BaseExceptionMessage: Error HRESULT E_FAIL has been returned from a call to a COM component.

W, 3608, 19, 2012/11/02, 16:03:21.307, 1583601276515, QTAgent32.exe, PERF WARNING: MSAA.UpdateQueryIDForNamelessControls: took 201 ms. Expected it to take maximum 200 ms.
W, 3608, 19, 2012/11/02, 16:03:21.307, 1583601280634, QTAgent32.exe, Msaa.Navigate: Exception [Error HRESULT E_FAIL has been returned from a call to a COM component.] while calling accNavigate.
E, 3608, 19, 2012/11/02, 16:03:21.307, 1583601282006, QTAgent32.exe, GetClassName for handle 5112766 failed
E, 3608, 19, 2012/11/02, 16:03:21.307, 1583601291890, QTAgent32.exe, GetClassName for handle 5112766 failed
E, 3608, 19, 2012/11/02, 16:03:21.307, 1583601294561, QTAgent32.exe, Window 5112766 not responding. Last Win32 error 1400
E, 3608, 19, 2012/11/02, 16:03:21.307, 1583601295594, QTAgent32.exe, GetClassName for handle 13894212 failed
E, 3608, 19, 2012/11/02, 16:03:21.307, 1583601296431, QTAgent32.exe, GetClassName for handle 5112766 failed
E, 3608, 19, 2012/11/02, 16:03:21.307, 1583601297162, QTAgent32.exe, GetClassName for handle 5112766 failed
E, 3608, 19, 2012/11/02, 16:03:21.416, 1583602764009, QTAgent32.exe, AL: Playback Error: Microsoft.VisualStudio.TestTools.UITest.Extension.UITestControlNotAvailableException: The control is not available or not valid. Additional Details: 
TechnologyName:  'MSAA'
ControlType:  'Button'
 ---&gt; Microsoft.VisualStudio.TestTools.UITest.Extension.UITestControlNotAvailableException: The control is not available or not valid. Additional Details: 
TechnologyName:  'MSAA'
ControlType:  'Window'
 ---&gt; System.Runtime.InteropServices.COMException: Error HRESULT E_FAIL has been returned from a call to a COM component.
   at Microsoft.VisualStudio.TestTools.UITest.Playback.Engine.IRPFPlayback.FindAllScreenElements(IScreenElement pScreenElementStart, String bstrQueryId, Object&amp; pvarResKeys, Int32 cResKeys, Int32 nMaxDepth, Object[]&amp; foundDescendants)
   at Microsoft.VisualStudio.TestTools.UITest.Playback.ScreenElement.FindTopLevelWindowHelper(String queryId)
   at Microsoft.VisualStudio.TestTools.UITest.Playback.ScreenElement.FindFromPartialQueryId(String queryId)
   at Microsoft.VisualStudio.TestTools.UITesting.UITestControl.EnsureValid(Boolean waitForReady, Boolean refetch)
   --- End of inner exception stack trace ---
   at Microsoft.VisualStudio.TestTools.UITesting.UITestControl.EnsureValid(Boolean waitForReady, Boolean refetch)
   at Microsoft.VisualStudio.TestTools.UITesting.UITestControl.FindFirstDescendant(String queryId, Int32 maxDepth, Int32&amp; timeLeft)
   at Microsoft.VisualStudio.TestTools.UITesting.UITestControl.FindFirstDescendant(String queryId)
   at Microsoft.VisualStudio.TestTools.UITesting.UITestControl.EnsureValid(Boolean waitForReady, Boolean refetch)
   --- End of inner exception stack trace ---
   at Microsoft.VisualStudio.TestTools.UITesting.UITestControl.EnsureValid(Boolean waitForReady, Boolean refetch)
   at Microsoft.VisualStudio.TestTools.UITesting.UITestControl.Click(MouseButtons button, ModifierKeys modifierKeys, Point relativeCoordinates)
   at Microsoft.VisualStudio.TestTools.UITesting.Mouse.ClickImplementation(UITestControl control, MouseButtons button, ModifierKeys modifierKeys, Point relativeCoordinate)
   at Microsoft.VisualStudio.TestTools.UITesting.Mouse.ClickImplementationWrapper(UITestControl control, MouseButtons button, ModifierKeys modifierKeys, Point relativeCoordinate)
W, 3608, 19, 2012/11/02, 16:03:21.416, 1583602765826, QTAgent32.exe, PlaybackErrorHandler: Ignoring exception as ContinueOnError is set.
W, 3608, 19, 2012/11/02, 16:03:21.759, 1583607737618, QTAgent32.exe, &lt;a class=success&gt;Playback - {88} [SUCCESS] MouseButtonClick - "[MSAA, VisibleOnly]ControlType='Button' &amp;&amp; Name='Cancel'"
\0&lt;/a&gt;
W, 3608, 19, 2012/11/02, 16:03:22.305, 1583615535709, QTAgent32.exe, &lt;a class=success&gt;Playback - {89} [SUCCESS] MouseButtonClick - "[MSAA, VisibleOnly]ControlType='Button'"
\0&lt;/a&gt;
W, 3608, 19, 2012/11/02, 16:03:22.742, 1583621811330, QTAgent32.exe, &lt;a class=success&gt;Playback - {90} [SUCCESS] MouseButtonClick - "[MSAA, VisibleOnly]ControlType='Button' &amp;&amp; Name='Options'"
\0&lt;/a&gt;
W, 3608, 19, 2012/11/02, 16:03:22.851, 1583623314528, QTAgent32.exe, FindScreenElementInSinglePass : Attempting to find control in one pass of search. Failures can occur.
W, 3608, 19, 2012/11/02, 16:03:22.851, 1583623420067, QTAgent32.exe, Playback - [WARNING] Internal failure: Method GetBoundingRectangle failed (HRESULT = 0x1, "Incorrect function.") for Name = "Quote Select List" ," ControlType = "MenuItem"
\0
W, 3608, 19, 2012/11/02, 16:03:22.851, 1583623421293, QTAgent32.exe, Playback - [WARNING] Internal failure: Couldn't get clickable point for ScreenUIElement - GetClickablePoint failed
\0
W, 3608, 19, 2012/11/02, 16:03:22.851, 1583623424106, QTAgent32.exe, FindScreenElementInSinglePass : Attempting to find control in one pass of search. Failures can occur.
W, 3608, 19, 2012/11/02, 16:03:22.851, 1583623452702, QTAgent32.exe, FindScreenElementInSinglePass : Attempting to find control in one pass of search. Failures can occur.
W, 3608, 19, 2012/11/02, 16:03:23.179, 1583628002255, QTAgent32.exe, &lt;a class=success&gt;Playback - {91} [SUCCESS] LeftButtonClick - "[MSAA, VisibleOnly]ControlType='MenuBar' &amp;&amp; Name='Application'"  &lt; Mouse cursor location (960, 31) &gt;
\0&lt;/a&gt;
W, 3608, 19, 2012/11/02, 16:03:23.288, 1583629564975, QTAgent32.exe, &lt;a class=success&gt;Playback - {92} [SUCCESS] LeftButtonClick - "[MSAA]ControlType='MenuItem' &amp;&amp; Name='Options'"  &lt; Mouse cursor location (94, 31) &gt;
\0&lt;/a&gt;
W, 3608, 19, 2012/11/02, 16:03:23.460, 1583632021204, QTAgent32.exe, &lt;a class=success&gt;Playback - {93} [SUCCESS] LeftButtonClick - "[MSAA]ControlType='MenuItem' &amp;&amp; Name='Links'"  &lt; Mouse cursor location (174, 319) &gt;
\0&lt;/a&gt;
W, 3608, 19, 2012/11/02, 16:03:23.647, 1583634701569, QTAgent32.exe, &lt;a class=success&gt;Playback - {94} [SUCCESS] LeftButtonClick - "[MSAA]ControlType='MenuItem' &amp;&amp; Name='3rd Party Integration'"  &lt; Mouse cursor location (375, 319) &gt;
\0&lt;/a&gt;
W, 3608, 19, 2012/11/02, 16:03:23.834, 1583637416840, QTAgent32.exe, &lt;a class=success&gt;Playback - {95} [SUCCESS] MouseButtonClick - "[MSAA]ControlType='MenuItem' &amp;&amp; Name='Quote Select List'"
\0&lt;/a&gt;
W, 3608, 19, 2012/11/02, 16:03:25.660, 1583663513462, QTAgent32.exe, PERF WARNING: FindTopLevelWindowHelper::FindAllDescendents: took 1715 ms. Expected it to take maximum 500 ms.
W, 3608, 19, 2012/11/02, 16:03:26.268, 1583672436490, QTAgent32.exe, &lt;a class=success&gt;Playback - {96} [SUCCESS] MouseButtonClick - "[MSAA, VisibleOnly]ControlType='Button' &amp;&amp; Name='Ok'"
\0&lt;/a&gt;
W, 3608, 19, 2012/11/02, 16:03:30.434, 1583731902591, QTAgent32.exe, PERF WARNING: FindTopLevelWindowHelper::FindAllDescendents: took 4038 ms. Expected it to take maximum 500 ms.
W, 3608, 19, 2012/11/02, 16:03:30.902, 1583738684513, QTAgent32.exe, &lt;a class=success&gt;Playback - {97} [SUCCESS] MouseButtonClick - "[MSAA, VisibleOnly]ControlType='Button' &amp;&amp; Name='MTA'"
\0&lt;/a&gt;
W, 3608, 19, 2012/11/02, 16:03:31.526, 1583747704523, QTAgent32.exe, Playback - [WARNING] Internal warning: Incorrect flag set for InvokeProgrammaticAction\0
W, 3608, 19, 2012/11/02, 16:03:31.869, 1583752428289, QTAgent32.exe, &lt;a class=success&gt;Playback - {98} [SUCCESS] SetValueAsComboBox "Cancel Cover" - "[MSAA, VisibleOnly]ControlType='ComboBox'"  &lt; SetValueAsComboBox, set by clicking on the item in the list box &gt;
\0&lt;/a&gt;
W, 3608, 19, 2012/11/02, 16:03:32.384, 1583759867001, QTAgent32.exe, &lt;a class=success&gt;Playback - {99} [SUCCESS] MouseButtonClick - "[MSAA, VisibleOnly]ControlType='Button' &amp;&amp; Name='OK'"
\0&lt;/a&gt;
W, 3608, 19, 2012/11/02, 16:03:32.945, 1583768022104, QTAgent32.exe, &lt;a class=success&gt;Playback - {100} [SUCCESS] MouseButtonClick - "[MSAA, VisibleOnly]ControlType='Button' &amp;&amp; Name='Quote'"
\0&lt;/a&gt;
W, 3608, 19, 2012/11/02, 16:03:33.195, 1583771399938, QTAgent32.exe, &lt;a class=success&gt;Playback - {101} [SUCCESS] SendKeys "^{HOME}" - "[MSAA, VisibleOnly]ControlType='Edit'"
\0&lt;/a&gt;
E, 3608, 19, 2012/11/02, 16:03:33.195, 1583771402622, QTAgent32.exe, Msaa.GetFocusedElement: could not find accessible object of foreground window
W, 3608, 19, 2012/11/02, 16:03:33.289, 1583772741034, QTAgent32.exe, &lt;a class=success&gt;Playback - {102} [SUCCESS] SendKeys "^+{END}" - "[MSAA, VisibleOnly]ControlType='Edit'"
\0&lt;/a&gt;
E, 3608, 19, 2012/11/02, 16:03:33.289, 1583772743960, QTAgent32.exe, Msaa.GetFocusedElement: could not find accessible object of foreground window
W, 3608, 19, 2012/11/02, 16:03:33.304, 1583772963901, QTAgent32.exe, &lt;a class=success&gt;Playback - {103} [SUCCESS] SendKeys "{DELETE}" - "[MSAA, VisibleOnly]ControlType='Edit'"
\0&lt;/a&gt;
W, 3608, 19, 2012/11/02, 16:03:33.647, 1583777882427, QTAgent32.exe, &lt;a class=success&gt;Playback - {104} [SUCCESS] SetValueAsEditBox "04/11/12" - "[MSAA, VisibleOnly]ControlType='Edit'"  &lt; Set via SendKeys &gt;
\0&lt;/a&gt;
W, 3608, 19, 2012/11/02, 16:03:34.115, 1583784755762, QTAgent32.exe, &lt;a class=success&gt;Playback - {105} [SUCCESS] MouseButtonClick - "[MSAA, VisibleOnly]ControlType='Button' &amp;&amp; Name='OK'"
\0&lt;/a&gt;
W, 3608, 19, 2012/11/02, 16:03:34.693, 1583793036722, QTAgent32.exe, &lt;a class=success&gt;Playback - {106} [SUCCESS] MouseButtonClick - "[MSAA, VisibleOnly]ControlType='Button' &amp;&amp; Name='No'"
\0&lt;/a&gt;
W, 3608, 19, 2012/11/02, 16:03:38.141, 1583842204600, QTAgent32.exe, PERF WARNING: FindTopLevelWindowHelper::FindAllDescendents: took 3336 ms. Expected it to take maximum 500 ms.
W, 3608, 19, 2012/11/02, 16:03:38.468, 1583846903082, QTAgent32.exe, &lt;a class=success&gt;Playback - {107} [SUCCESS] MouseButtonClick - "[MSAA, VisibleOnly]ControlType='Client'"
\0&lt;/a&gt;
W, 3608, 19, 2012/11/02, 16:03:38.812, 1583851811366, QTAgent32.exe, &lt;a class=success&gt;Playback - {108} [SUCCESS] SendKeys "{Home}" - "[MSAA, VisibleOnly]ControlType='Client'"
\0&lt;/a&gt;
W, 3608, 19, 2012/11/02, 16:03:39.264, 1583858488514, QTAgent32.exe, &lt;a class=success&gt;Playback - {109} [SUCCESS] MouseButtonClick - "[MSAA, VisibleOnly]ControlType='Button' &amp;&amp; Name='Accept'"
\0&lt;/a&gt;
W, 3608, 19, 2012/11/02, 16:03:39.763, 1583865441398, QTAgent32.exe, &lt;a class=success&gt;Playback - {110} [SUCCESS] MouseButtonClick - "[MSAA, VisibleOnly]ControlType='Button' &amp;&amp; Name='OK'"
\0&lt;/a&gt;
W, 3608, 19, 2012/11/02, 16:03:40.356, 1583873983438, QTAgent32.exe, &lt;a class=success&gt;Playback - {111} [SUCCESS] MouseButtonClick - "[MSAA, VisibleOnly]ControlType='Button' &amp;&amp; Name='Ok'"
\0&lt;/a&gt;
W, 3608, 19, 2012/11/02, 16:03:51.199, 1584029175799, QTAgent32.exe, PERF WARNING: FindTopLevelWindowHelper::FindAllDescendents: took 10733 ms. Expected it to take maximum 500 ms.
W, 3608, 19, 2012/11/02, 16:03:51.620, 1584035297929, QTAgent32.exe, &lt;a class=success&gt;Playback - {112} [SUCCESS] MouseButtonClick - "[MSAA, VisibleOnly]ControlType='Button' &amp;&amp; Name='OK'"
\0&lt;/a&gt;
W, 3608, 19, 2012/11/02, 16:03:51.729, 1584036757563, QTAgent32.exe, Playback - [WARNING] Internal warning: Thread state based WFR - Requested element has invalid HWND
\0
W, 3608, 19, 2012/11/02, 16:03:51.729, 1584036759336, QTAgent32.exe, Playback - [WARNING] Internal warning: process performance counters based WFR - Requested element has invalid HWND
\0
E, 3608, 19, 2012/11/02, 16:03:51.729, 1584036777552, QTAgent32.exe, EnsureValid called via EnsureValid call for same element
E, 3608, 19, 2012/11/02, 16:03:51.729, 1584036782312, QTAgent32.exe, GetClassName for handle 9635828 failed
E, 3608, 19, 2012/11/02, 16:03:51.729, 1584036784660, QTAgent32.exe, EnsureValid called via EnsureValid call for same element
E, 3608, 19, 2012/11/02, 16:03:51.729, 1584036786270, QTAgent32.exe, EnsureValid called via EnsureValid call for same element
E, 3608, 19, 2012/11/02, 16:03:51.729, 1584036804307, QTAgent32.exe, Window 9635828 not responding. Last Win32 error 0
E, 3608, 19, 2012/11/02, 16:03:51.729, 1584036806535, QTAgent32.exe, GetClassName for handle 9635828 failed
E, 3608, 19, 2012/11/02, 16:03:51.729, 1584036807385, QTAgent32.exe, GetClassName for handle 9635828 failed
W, 3608, 19, 2012/11/02, 16:03:52.088, 1584041899511, QTAgent32.exe, &lt;a class=success&gt;Playback - {113} [SUCCESS] Check - "[MSAA, VisibleOnly]ControlType='CheckBox' &amp;&amp; Name='Defer Printing?'"
\0&lt;/a&gt;
W, 3608, 19, 2012/11/02, 16:03:52.728, 1584051077510, QTAgent32.exe, &lt;a class=success&gt;Playback - {114} [SUCCESS] MouseButtonClick - "[MSAA, VisibleOnly]ControlType='Button' &amp;&amp; Name='Ok'"
\0&lt;/a&gt;
W, 3608, 19, 2012/11/02, 16:03:52.837, 1584052620844, QTAgent32.exe, Playback - [WARNING] Internal warning: Thread state based WFR - Requested element has invalid HWND
\0
W, 3608, 19, 2012/11/02, 16:03:52.837, 1584052622702, QTAgent32.exe, Playback - [WARNING] Internal warning: process performance counters based WFR - Requested element has invalid HWND
\0
E, 3608, 19, 2012/11/02, 16:03:52.837, 1584052626041, QTAgent32.exe, EnsureValid called via EnsureValid call for same element
E, 3608, 19, 2012/11/02, 16:03:52.837, 1584052630970, QTAgent32.exe, GetClassName for handle 9242116 failed
E, 3608, 19, 2012/11/02, 16:03:52.837, 1584052633337, QTAgent32.exe, EnsureValid called via EnsureValid call for same element
E, 3608, 19, 2012/11/02, 16:03:52.837, 1584052634876, QTAgent32.exe, EnsureValid called via EnsureValid call for same element
E, 3608, 19, 2012/11/02, 16:03:52.837, 1584052652224, QTAgent32.exe, Window 9242116 not responding. Last Win32 error 0
E, 3608, 19, 2012/11/02, 16:03:52.837, 1584052654445, QTAgent32.exe, GetClassName for handle 9242116 failed
E, 3608, 19, 2012/11/02, 16:03:52.837, 1584052655274, QTAgent32.exe, GetClassName for handle 9242116 failed
W, 3608, 19, 2012/11/02, 16:03:53.539, 1584062732143, QTAgent32.exe, PERF WARNING: FindTopLevelWindowHelper::FindAllDescendents: took 703 ms. Expected it to take maximum 500 ms.
W, 3608, 19, 2012/11/02, 16:03:54.553, 1584077194643, QTAgent32.exe, &lt;a class=success&gt;Playback - {115} [SUCCESS] Uncheck - "[MSAA, VisibleOnly]ControlType='CheckBox' &amp;&amp; Name='Add Activity'"
\0&lt;/a&gt;
W, 3608, 19, 2012/11/02, 16:03:55.115, 1584085329384, QTAgent32.exe, &lt;a class=success&gt;Playback - {116} [SUCCESS] MouseButtonClick - "[MSAA, VisibleOnly]ControlType='Button' &amp;&amp; Name='Ok'"
\0&lt;/a&gt;
W, 3608, 19, 2012/11/02, 16:04:01.714, 1584179721812, QTAgent32.exe, PERF WARNING: FindTopLevelWindowHelper::FindAllDescendents: took 6381 ms. Expected it to take maximum 500 ms.
W, 3608, 19, 2012/11/02, 16:04:04.008, 1584212543417, QTAgent32.exe, &lt;a class=success&gt;Playback - {117} [SUCCESS] MouseButtonClick - "[MSAA, VisibleOnly]ControlType='Button' &amp;&amp; Name='OK'"
\0&lt;/a&gt;
W, 3608, 19, 2012/11/02, 16:04:04.460, 1584219086591, QTAgent32.exe, &lt;a class=success&gt;Playback - {118} [SUCCESS] MouseButtonClick - "[MSAA, VisibleOnly]ControlType='Button' &amp;&amp; Name='Cancel'"
\0&lt;/a&gt;
W, 3608, 19, 2012/11/02, 16:04:04.991, 1584226639433, QTAgent32.exe, &lt;a class=success&gt;Playback - {119} [SUCCESS] MouseButtonClick - "[MSAA, VisibleOnly]ControlType='Button'"
\0&lt;/a&gt;
W, 3608, 19, 2012/11/02, 16:04:05.552, 1584234826630, QTAgent32.exe, &lt;a class=success&gt;Playback - {120} [SUCCESS] MouseButtonClick - "[MSAA, VisibleOnly]ControlType='Button' &amp;&amp; Name='Detail'"
\0&lt;/a&gt;
W, 3608, 19, 2012/11/02, 16:04:06.005, 1584241137527, QTAgent32.exe, &lt;a class=success&gt;Playback - {121} [SUCCESS] MouseButtonClick - "[MSAA, VisibleOnly]ControlType='Edit'"
\0&lt;/a&gt;
W, 3608, 19, 2012/11/02, 16:04:06.473, 1584247985848, QTAgent32.exe, &lt;a class=success&gt;Playback - {122} [SUCCESS] MouseButtonClick - "[MSAA, VisibleOnly]ControlType='Button' &amp;&amp; Name='Cancel'"
\0&lt;/a&gt;
W, 3608, 19, 2012/11/02, 16:04:06.941, 1584254585256, QTAgent32.exe, &lt;a class=success&gt;Playback - {123} [SUCCESS] MouseButtonClick - "[MSAA, VisibleOnly]ControlType='Button' &amp;&amp; Name='Cancel'"
\0&lt;/a&gt;
W, 3608, 19, 2012/11/02, 16:04:07.378, 1584260796265, QTAgent32.exe, &lt;a class=success&gt;Playback - {124} [SUCCESS] MouseButtonClick - "[MSAA, VisibleOnly]ControlType='Button' &amp;&amp; Name='Cancel'"
\0&lt;/a&gt;
W, 3608, 19, 2012/11/02, 16:04:07.815, 1584267142603, QTAgent32.exe, &lt;a class=success&gt;Playback - {125} [SUCCESS] MouseButtonClick - "[MSAA, VisibleOnly]ControlType='Button' &amp;&amp; Name='Close'"
\0&lt;/a&gt;
W, 3608, 19, 2012/11/02, 16:04:12.292, 1584331180301, QTAgent32.exe, IEDOM : StopSession of the plugin called before StartSession
W, 3608, 19, 2012/11/02, 16:04:12.292, 1584331181584, QTAgent32.exe, UIA : StopSession of the plugin called before StartSession
W, 3608, 19, 2012/11/02, 16:04:12.292, 1584331182310, QTAgent32.exe, SLPlugin : StopSession of the plugin called before StartSession
</DebugTrace>
      </Output>
    </UnitTestResult>
    <UnitTestResult executionId="5c736d98-68ae-4cb6-b05d-cb05b1e949e6" testId="8f5b1340-58a6-e129-3b7d-c88835b7065d" testName="HouseTest2" computerName="ICLVDEVAP01" duration="00:05:59.9092959" startTime="2012-11-02T16:04:12.2926160+00:00" endTime="2012-11-02T16:10:12.2032674+00:00" testType="13cdc9d9-ddb5-4fa4-a97d-d965ccfc6d4b" outcome="Passed" testListId="8c84fa94-04c1-424b-9868-57a2d4851a1d" relativeResultsDirectory="5c736d98-68ae-4cb6-b05d-cb05b1e949e6">
      <Output>
        <DebugTrace>W, 3608, 22, 2012/11/02, 16:04:12.292, 1584331334476, QTAgent32.exe, ExtensionFramework : A Technology Manager with name Web is already registered.
W, 3608, 22, 2012/11/02, 16:04:13.150, 1584343438262, QTAgent32.exe, &lt;a class=success&gt;Playback - {1} [SUCCESS] MouseButtonClick - "[MSAA, VisibleOnly]ControlType='Edit'"
\0&lt;/a&gt;
W, 3608, 22, 2012/11/02, 16:04:13.400, 1584347011612, QTAgent32.exe, &lt;a class=success&gt;Playback - {2} [SUCCESS] SendKeys "[*]" - "[MSAA, VisibleOnly]ControlType='Edit'"
\0&lt;/a&gt;
W, 3608, 22, 2012/11/02, 16:04:14.305, 1584359962773, QTAgent32.exe, &lt;a class=success&gt;Playback - {3} [SUCCESS] MouseButtonClick - "[MSAA, VisibleOnly]ControlType='Button' &amp;&amp; Name='OK'"
\0&lt;/a&gt;
W, 3608, 22, 2012/11/02, 16:04:14.976, 1584369757645, QTAgent32.exe, &lt;a class=success&gt;Playback - {4} [SUCCESS] MouseButtonClick - "[MSAA, VisibleOnly]ControlType='Button' &amp;&amp; Name='OK'"
\0&lt;/a&gt;
W, 3608, 22, 2012/11/02, 16:04:15.444, 1584376284243, QTAgent32.exe, &lt;a class=success&gt;Playback - {5} [SUCCESS] MouseButtonClick - "[MSAA, VisibleOnly]ControlType='Button' &amp;&amp; Name='Clients &amp; Files'"
\0&lt;/a&gt;
W, 3608, 22, 2012/11/02, 16:04:15.880, 1584382531554, QTAgent32.exe, &lt;a class=success&gt;Playback - {6} [SUCCESS] MouseButtonClick - "[MSAA, VisibleOnly]ControlType='Button' &amp;&amp; Name='Clients &amp; Files'"
\0&lt;/a&gt;
W, 3608, 22, 2012/11/02, 16:04:16.302, 1584388685906, QTAgent32.exe, Playback - [WARNING] Internal warning: Window Not Found: [VisibleOnly]ControlType='Window' &amp;&amp; Name='Customer: txt1 tdsfs' &amp;&amp; ClassName='ThunderRT6MDIForm'
\0
E, 3608, 22, 2012/11/02, 16:04:16.302, 1584388688791, QTAgent32.exe, &lt;a class=failure&gt;Playback - {7} [FAILED] Function ElementFetcher::FindScreenElement failed to locate UI element (Searching: ;[VisibleOnly]ControlType='Window' &amp;&amp; Name='Customer: txt1 tdsfs' &amp;&amp; ClassName='ThunderRT6MDIForm') (The object specified was not found.)
\0&lt;/a&gt;
E, 3608, 22, 2012/11/02, 16:04:16.411, 1584390224347, QTAgent32.exe, Playback - [IMAGE] C:\Users\peter.zenin-ad\AppData\Local\Temp\UITestLogs\LastRun\RPFC4E8.png
\0
W, 3608, 22, 2012/11/02, 16:04:16.411, 1584390226492, QTAgent32.exe, Playback - [WARNING] Internal warning: Couldn't find descendants that match QueryId
\0
W, 3608, 22, 2012/11/02, 16:04:34.477, 1584648902986, QTAgent32.exe, Playback - [WARNING] Internal warning: Window Not Found: [VisibleOnly]ControlType='Window' &amp;&amp; Name='Customer: txt1 tdsfs' &amp;&amp; ClassName='ThunderRT6MDIForm'
\0
E, 3608, 22, 2012/11/02, 16:04:34.477, 1584648905869, QTAgent32.exe, &lt;a class=failure&gt;Playback - {8} [FAILED] Function ElementFetcher::FindScreenElement failed to locate UI element (Searching: ;[VisibleOnly]ControlType='Window' &amp;&amp; Name='Customer: txt1 tdsfs' &amp;&amp; ClassName='ThunderRT6MDIForm') (The object specified was not found.)
\0&lt;/a&gt;
E, 3608, 22, 2012/11/02, 16:04:34.571, 1584650315784, QTAgent32.exe, Playback - [IMAGE] C:\Users\peter.zenin-ad\AppData\Local\Temp\UITestLogs\LastRun\RPFBE7.png
\0
W, 3608, 22, 2012/11/02, 16:04:34.571, 1584650317970, QTAgent32.exe, Playback - [WARNING] Internal warning: Couldn't find descendants that match QueryId
\0
W, 3608, 22, 2012/11/02, 16:04:34.571, 1584650320921, QTAgent32.exe, PERF WARNING: FindTopLevelWindowHelper::FindAllDescendents: took 18164 ms. Expected it to take maximum 500 ms.
W, 3608, 22, 2012/11/02, 16:04:35.070, 1584657378624, QTAgent32.exe, Playback - [WARNING] Internal warning: Window with Class "ThunderRT6MDIForm" and Title "Customer: txt1 tdsfs" was not found, so similar window with Class "ThunderRT6MDIForm" and Title "Customer: autotest" was accepted
\0
W, 3608, 22, 2012/11/02, 16:04:36.630, 1584679726971, QTAgent32.exe, Playback - [WARNING] Internal warning: Incorrect flag set for InvokeProgrammaticAction\0
W, 3608, 22, 2012/11/02, 16:04:36.958, 1584684308494, QTAgent32.exe, &lt;a class=success&gt;Playback - {9} [SUCCESS] SetValueAsComboBox "Customers" - "[MSAA, VisibleOnly]ControlType='ComboBox'"  &lt; SetValueAsComboBox, set by clicking on the item in the list box &gt;
\0&lt;/a&gt;
W, 3608, 22, 2012/11/02, 16:04:37.613, 1584693669220, QTAgent32.exe, &lt;a class=success&gt;Playback - {10} [SUCCESS] MouseButtonClick - "[MSAA, VisibleOnly]ControlType='Button' &amp;&amp; Name='Add'"
\0&lt;/a&gt;
W, 3608, 22, 2012/11/02, 16:04:38.019, 1584699478153, QTAgent32.exe, &lt;a class=success&gt;Playback - {11} [SUCCESS] SendKeys "autotest" - "[MSAA, VisibleOnly]ControlType='RadioButton' &amp;&amp; Name='Personal Lines'"
\0&lt;/a&gt;
W, 3608, 22, 2012/11/02, 16:04:38.487, 1584706182984, QTAgent32.exe, &lt;a class=success&gt;Playback - {12} [SUCCESS] SetValueAsEditBox "autotest" - "[MSAA, VisibleOnly]ControlType='Edit'"  &lt; Set via SendKeys &gt;
\0&lt;/a&gt;
W, 3608, 22, 2012/11/02, 16:04:38.986, 1584713416736, QTAgent32.exe, &lt;a class=success&gt;Playback - {13} [SUCCESS] MouseButtonClick - "[MSAA, VisibleOnly]ControlType='Button' &amp;&amp; Name='OK'"
\0&lt;/a&gt;
W, 3608, 22, 2012/11/02, 16:04:39.563, 1584721745788, QTAgent32.exe, &lt;a class=success&gt;Playback - {14} [SUCCESS] MouseButtonClick - "[MSAA, VisibleOnly]ControlType='Button' &amp;&amp; Name='Yes'"
\0&lt;/a&gt;
W, 3608, 22, 2012/11/02, 16:04:39.782, 1584724717807, QTAgent32.exe, &lt;a class=success&gt;Playback - {15} [SUCCESS] SendKeys "^{HOME}" - "[MSAA, VisibleOnly]ControlType='Edit'"
\0&lt;/a&gt;
E, 3608, 22, 2012/11/02, 16:04:39.782, 1584724720431, QTAgent32.exe, Msaa.GetFocusedElement: could not find accessible object of foreground window
W, 3608, 22, 2012/11/02, 16:04:39.891, 1584726280809, QTAgent32.exe, &lt;a class=success&gt;Playback - {16} [SUCCESS] SendKeys "^+{END}" - "[MSAA, VisibleOnly]ControlType='Edit'"
\0&lt;/a&gt;
E, 3608, 22, 2012/11/02, 16:04:39.891, 1584726283546, QTAgent32.exe, Msaa.GetFocusedElement: could not find accessible object of foreground window
W, 3608, 22, 2012/11/02, 16:04:39.907, 1584726505115, QTAgent32.exe, &lt;a class=success&gt;Playback - {17} [SUCCESS] SendKeys "{DELETE}" - "[MSAA, VisibleOnly]ControlType='Edit'"
\0&lt;/a&gt;
W, 3608, 22, 2012/11/02, 16:04:39.985, 1584727625962, QTAgent32.exe, &lt;a class=success&gt;Playback - {18} [SUCCESS] SetValueAsEditBox "1" - "[MSAA, VisibleOnly]ControlType='Edit'"  &lt; Set via SendKeys &gt;
\0&lt;/a&gt;
W, 3608, 22, 2012/11/02, 16:04:40.203, 1584730749294, QTAgent32.exe, &lt;a class=success&gt;Playback - {19} [SUCCESS] SendKeys "^{HOME}" - "[MSAA, VisibleOnly]ControlType='Edit'"
\0&lt;/a&gt;
E, 3608, 22, 2012/11/02, 16:04:40.203, 1584730751952, QTAgent32.exe, Msaa.GetFocusedElement: could not find accessible object of foreground window
W, 3608, 22, 2012/11/02, 16:04:40.281, 1584731865378, QTAgent32.exe, &lt;a class=success&gt;Playback - {20} [SUCCESS] SendKeys "^+{END}" - "[MSAA, VisibleOnly]ControlType='Edit'"
\0&lt;/a&gt;
E, 3608, 22, 2012/11/02, 16:04:40.281, 1584731868166, QTAgent32.exe, Msaa.GetFocusedElement: could not find accessible object of foreground window
W, 3608, 22, 2012/11/02, 16:04:40.297, 1584732089678, QTAgent32.exe, &lt;a class=success&gt;Playback - {21} [SUCCESS] SendKeys "{DELETE}" - "[MSAA, VisibleOnly]ControlType='Edit'"
\0&lt;/a&gt;
W, 3608, 22, 2012/11/02, 16:04:40.375, 1584733208928, QTAgent32.exe, &lt;a class=success&gt;Playback - {22} [SUCCESS] SetValueAsEditBox "1" - "[MSAA, VisibleOnly]ControlType='Edit'"  &lt; Set via SendKeys &gt;
\0&lt;/a&gt;
W, 3608, 22, 2012/11/02, 16:04:40.905, 1584740876490, QTAgent32.exe, &lt;a class=success&gt;Playback - {23} [SUCCESS] MouseButtonClick - "[MSAA, VisibleOnly]ControlType='Button' &amp;&amp; Name='OK'"
\0&lt;/a&gt;
W, 3608, 22, 2012/11/02, 16:04:41.420, 1584748294161, QTAgent32.exe, &lt;a class=success&gt;Playback - {24} [SUCCESS] MouseButtonClick - "[MSAA, VisibleOnly]ControlType='Button'"
\0&lt;/a&gt;
W, 3608, 22, 2012/11/02, 16:04:41.935, 1584755557818, QTAgent32.exe, &lt;a class=success&gt;Playback - {25} [SUCCESS] MouseButtonClick - "[MSAA, VisibleOnly]ControlType='Button' &amp;&amp; Name='Add'"
\0&lt;/a&gt;
W, 3608, 22, 2012/11/02, 16:04:42.434, 1584762834385, QTAgent32.exe, &lt;a class=success&gt;Playback - {26} [SUCCESS] MouseButtonClick - "[MSAA, VisibleOnly]ControlType='Button' &amp;&amp; Name='OK'"
\0&lt;/a&gt;
W, 3608, 22, 2012/11/02, 16:04:44.899, 1584797980529, QTAgent32.exe, &lt;a class=success&gt;Playback - {27} [SUCCESS] MouseButtonClick - "[MSAA, VisibleOnly,Window]ControlType='Window' &amp;&amp; ClassName='ThunderRT6TextBox'"
\0&lt;/a&gt;
W, 3608, 22, 2012/11/02, 16:04:45.242, 1584802900577, QTAgent32.exe, &lt;a class=success&gt;Playback - {28} [SUCCESS] SetValueAsEditBox "HOME" - "[MSAA, VisibleOnly]ControlType='Edit'"  &lt; Set via SendKeys &gt;
\0&lt;/a&gt;
W, 3608, 22, 2012/11/02, 16:04:45.804, 1584811139214, QTAgent32.exe, &lt;a class=success&gt;Playback - {29} [SUCCESS] MouseButtonClick - "[MSAA, VisibleOnly]ControlType='Button' &amp;&amp; Name='OK'"
\0&lt;/a&gt;
W, 3608, 22, 2012/11/02, 16:04:46.241, 1584817255500, QTAgent32.exe, &lt;a class=success&gt;Playback - {30} [SUCCESS] MouseButtonClick - "[MSAA, VisibleOnly]ControlType='Button' &amp;&amp; Name='Options'"
\0&lt;/a&gt;
W, 3608, 22, 2012/11/02, 16:04:46.350, 1584818758946, QTAgent32.exe, FindScreenElementInSinglePass : Attempting to find control in one pass of search. Failures can occur.
W, 3608, 22, 2012/11/02, 16:04:46.537, 1584821433737, QTAgent32.exe, &lt;a class=success&gt;Playback - {31} [SUCCESS] MouseButtonClick - "[MSAA]ControlType='MenuItem' &amp;&amp; Name='Links'"
\0&lt;/a&gt;
W, 3608, 22, 2012/11/02, 16:04:46.646, 1584823002942, QTAgent32.exe, FindScreenElementInSinglePass : Attempting to find control in one pass of search. Failures can occur.
W, 3608, 22, 2012/11/02, 16:04:46.834, 1584825681044, QTAgent32.exe, &lt;a class=success&gt;Playback - {32} [SUCCESS] MouseButtonClick - "[MSAA]ControlType='MenuItem' &amp;&amp; Name='3rd Party Integration'"
\0&lt;/a&gt;
W, 3608, 22, 2012/11/02, 16:04:46.943, 1584827246800, QTAgent32.exe, FindScreenElementInSinglePass : Attempting to find control in one pass of search. Failures can occur.
W, 3608, 22, 2012/11/02, 16:04:47.130, 1584829944265, QTAgent32.exe, &lt;a class=success&gt;Playback - {33} [SUCCESS] MouseButtonClick - "[MSAA]ControlType='MenuItem' &amp;&amp; Name='Quote Select List'"
\0&lt;/a&gt;
W, 3608, 22, 2012/11/02, 16:04:48.846, 1584854516384, QTAgent32.exe, PERF WARNING: FindTopLevelWindowHelper::FindAllDescendents: took 1606 ms. Expected it to take maximum 500 ms.
W, 3608, 22, 2012/11/02, 16:04:49.517, 1584864203968, QTAgent32.exe, &lt;a class=success&gt;Playback - {34} [SUCCESS] MouseButtonClick - "[MSAA, VisibleOnly]ControlType='Button' &amp;&amp; Name='Ok'"
\0&lt;/a&gt;
W, 3608, 22, 2012/11/02, 16:04:53.667, 1584923525690, QTAgent32.exe, PERF WARNING: FindTopLevelWindowHelper::FindAllDescendents: took 4029 ms. Expected it to take maximum 500 ms.
W, 3608, 22, 2012/11/02, 16:04:53.932, 1584927312629, QTAgent32.exe, &lt;a class=success&gt;Playback - {35} [SUCCESS] SetValueAsEditBox "test1" - "[MSAA, VisibleOnly]ControlType='Edit'"  &lt; Set via SendKeys &gt;
\0&lt;/a&gt;
W, 3608, 22, 2012/11/02, 16:04:54.291, 1584932451067, QTAgent32.exe, &lt;a class=success&gt;Playback - {36} [SUCCESS] SetValueAsEditBox "test" - "[MSAA, VisibleOnly]ControlType='Edit'"  &lt; Set via SendKeys &gt;
\0&lt;/a&gt;
W, 3608, 22, 2012/11/02, 16:04:54.541, 1584936020718, QTAgent32.exe, &lt;a class=success&gt;Playback - {37} [SUCCESS] SendKeys "^{HOME}" - "[MSAA, VisibleOnly]ControlType='Edit'"
\0&lt;/a&gt;
E, 3608, 22, 2012/11/02, 16:04:54.541, 1584936023285, QTAgent32.exe, Msaa.GetFocusedElement: could not find accessible object of foreground window
W, 3608, 22, 2012/11/02, 16:04:54.619, 1584937136445, QTAgent32.exe, &lt;a class=success&gt;Playback - {38} [SUCCESS] SendKeys "^+{END}" - "[MSAA, VisibleOnly]ControlType='Edit'"
\0&lt;/a&gt;
E, 3608, 22, 2012/11/02, 16:04:54.619, 1584937138822, QTAgent32.exe, Msaa.GetFocusedElement: could not find accessible object of foreground window
W, 3608, 22, 2012/11/02, 16:04:54.634, 1584937361567, QTAgent32.exe, &lt;a class=success&gt;Playback - {39} [SUCCESS] SendKeys "{DELETE}" - "[MSAA, VisibleOnly]ControlType='Edit'"
\0&lt;/a&gt;
W, 3608, 22, 2012/11/02, 16:04:54.806, 1584939821318, QTAgent32.exe, &lt;a class=success&gt;Playback - {40} [SUCCESS] SetValueAsEditBox "test" - "[MSAA, VisibleOnly]ControlType='Edit'"  &lt; Set via SendKeys &gt;
\0&lt;/a&gt;
W, 3608, 22, 2012/11/02, 16:04:55.383, 1584948093807, QTAgent32.exe, Playback - [WARNING] Internal warning: Incorrect flag set for InvokeProgrammaticAction\0
W, 3608, 22, 2012/11/02, 16:04:55.711, 1584952852072, QTAgent32.exe, &lt;a class=success&gt;Playback - {41} [SUCCESS] SetValueAsComboBox "Account Director" - "[MSAA, VisibleOnly]ControlType='ComboBox'"  &lt; SetValueAsComboBox, set by clicking on the item in the list box &gt;
\0&lt;/a&gt;
W, 3608, 22, 2012/11/02, 16:04:56.272, 1584960992656, QTAgent32.exe, Playback - [WARNING] Internal warning: Incorrect flag set for InvokeProgrammaticAction\0
W, 3608, 22, 2012/11/02, 16:04:56.600, 1584965517023, QTAgent32.exe, &lt;a class=success&gt;Playback - {42} [SUCCESS] SetValueAsComboBox "Advertising" - "[MSAA, VisibleOnly]ControlType='ComboBox'"  &lt; SetValueAsComboBox, set by clicking on the item in the list box &gt;
\0&lt;/a&gt;
W, 3608, 22, 2012/11/02, 16:04:57.021, 1584971539802, QTAgent32.exe, &lt;a class=success&gt;Playback - {43} [SUCCESS] SetValueAsEditBox "160589" - "[MSAA, VisibleOnly]ControlType='Edit'"  &lt; Set via SendKeys &gt;
\0&lt;/a&gt;
W, 3608, 22, 2012/11/02, 16:04:57.474, 1584978017936, QTAgent32.exe, &lt;a class=success&gt;Playback - {44} [SUCCESS] MouseButtonClick - "[MSAA, VisibleOnly]ControlType='Edit'"
\0&lt;/a&gt;
W, 3608, 22, 2012/11/02, 16:04:57.879, 1584983824296, QTAgent32.exe, &lt;a class=success&gt;Playback - {45} [SUCCESS] SetValueAsEditBox "B338TH" - "[MSAA, VisibleOnly]ControlType='Edit'"  &lt; Set via SendKeys &gt;
\0&lt;/a&gt;
W, 3608, 22, 2012/11/02, 16:05:00.298, 1585018440789, QTAgent32.exe, &lt;a class=success&gt;Playback - {46} [SUCCESS] MouseButtonClick - "[MSAA, VisibleOnly]ControlType='Button' &amp;&amp; Name='Lookup...'"
\0&lt;/a&gt;
W, 3608, 22, 2012/11/02, 16:05:00.750, 1585025089832, QTAgent32.exe, &lt;a class=success&gt;Playback - {47} [SUCCESS] MouseButtonClick - "[MSAA, VisibleOnly]ControlType='Button' &amp;&amp; Name='Ok'"
\0&lt;/a&gt;
W, 3608, 22, 2012/11/02, 16:05:01.265, 1585032422099, QTAgent32.exe, &lt;a class=success&gt;Playback - {48} [SUCCESS] MouseButtonClick - "[MSAA, VisibleOnly]ControlType='Button' &amp;&amp; Name='Next &gt;'"
\0&lt;/a&gt;
W, 3608, 22, 2012/11/02, 16:05:01.671, 1585038101335, QTAgent32.exe, &lt;a class=success&gt;Playback - {49} [SUCCESS] SetValueAsEditBox "1989" - "[MSAA, VisibleOnly]ControlType='Edit'"  &lt; Set via SendKeys &gt;
\0&lt;/a&gt;
W, 3608, 22, 2012/11/02, 16:05:02.139, 1585044911765, QTAgent32.exe, &lt;a class=success&gt;Playback - {50} [SUCCESS] MouseButtonClick - "[MSAA, VisibleOnly]ControlType='Button' &amp;&amp; Name='Next &gt;'"
\0&lt;/a&gt;
W, 3608, 22, 2012/11/02, 16:05:02.357, 1585048115896, QTAgent32.exe, &lt;a class=success&gt;Playback - {51} [SUCCESS] MouseButtonClick - "[MSAA, VisibleOnly]ControlType='Button' &amp;&amp; Name='Next &gt;'"
\0&lt;/a&gt;
W, 3608, 22, 2012/11/02, 16:05:02.591, 1585051324789, QTAgent32.exe, &lt;a class=success&gt;Playback - {52} [SUCCESS] MouseButtonClick - "[MSAA, VisibleOnly]ControlType='Button' &amp;&amp; Name='Next &gt;'"
\0&lt;/a&gt;
W, 3608, 22, 2012/11/02, 16:05:02.997, 1585057087980, QTAgent32.exe, &lt;a class=success&gt;Playback - {53} [SUCCESS] SetValueAsEditBox "2345" - "[MSAA, VisibleOnly]ControlType='Edit'"  &lt; Set via SendKeys &gt;
\0&lt;/a&gt;
W, 3608, 22, 2012/11/02, 16:05:03.418, 1585063121223, QTAgent32.exe, &lt;a class=success&gt;Playback - {54} [SUCCESS] SetValueAsEditBox "2000" - "[MSAA, VisibleOnly]ControlType='Edit'"  &lt; Set via SendKeys &gt;
\0&lt;/a&gt;
W, 3608, 22, 2012/11/02, 16:05:03.839, 1585069156421, QTAgent32.exe, &lt;a class=success&gt;Playback - {55} [SUCCESS] SetValueAsEditBox "2000" - "[MSAA, VisibleOnly]ControlType='Edit'"  &lt; Set via SendKeys &gt;
\0&lt;/a&gt;
W, 3608, 22, 2012/11/02, 16:05:04.058, 1585072458548, QTAgent32.exe, &lt;a class=success&gt;Playback - {56} [SUCCESS] MouseButtonClick - "[MSAA, VisibleOnly]ControlType='Button' &amp;&amp; Name='Next &gt;'"
\0&lt;/a&gt;
W, 3608, 22, 2012/11/02, 16:05:04.463, 1585078086655, QTAgent32.exe, &lt;a class=success&gt;Playback - {57} [SUCCESS] SetValueAsEditBox "2345" - "[MSAA, VisibleOnly]ControlType='Edit'"  &lt; Set via SendKeys &gt;
\0&lt;/a&gt;
W, 3608, 22, 2012/11/02, 16:05:04.838, 1585083640584, QTAgent32.exe, &lt;a class=success&gt;Playback - {58} [SUCCESS] MouseButtonClick - "[MSAA, VisibleOnly]ControlType='Button' &amp;&amp; Name='Next &gt;'"
\0&lt;/a&gt;
W, 3608, 22, 2012/11/02, 16:05:05.228, 1585089109610, QTAgent32.exe, &lt;a class=success&gt;Playback - {59} [SUCCESS] MouseButtonClick - "[MSAA, VisibleOnly]ControlType='Button' &amp;&amp; Name='Next &gt;'"
\0&lt;/a&gt;
W, 3608, 22, 2012/11/02, 16:05:05.555, 1585093715028, QTAgent32.exe, &lt;a class=success&gt;Playback - {60} [SUCCESS] MouseButtonClick - "[MSAA, VisibleOnly]ControlType='Button' &amp;&amp; Name='Quote'"
\0&lt;/a&gt;
W, 3608, 22, 2012/11/02, 16:05:06.179, 1585102746704, QTAgent32.exe, &lt;a class=success&gt;Playback - {61} [SUCCESS] MouseButtonClick - "[MSAA, VisibleOnly]ControlType='Button' &amp;&amp; Name='No'"
\0&lt;/a&gt;
W, 3608, 22, 2012/11/02, 16:05:12.654, 1585195361132, QTAgent32.exe, PERF WARNING: FindTopLevelWindowHelper::FindAllDescendents: took 6364 ms. Expected it to take maximum 500 ms.
W, 3608, 22, 2012/11/02, 16:05:12.982, 1585200128964, QTAgent32.exe, &lt;a class=success&gt;Playback - {62} [SUCCESS] MouseButtonClick - "[MSAA, VisibleOnly]ControlType='Button' &amp;&amp; Name='Exit'"
\0&lt;/a&gt;
W, 3608, 22, 2012/11/02, 16:05:13.543, 1585208221408, QTAgent32.exe, &lt;a class=success&gt;Playback - {63} [SUCCESS] MouseButtonClick - "[MSAA, VisibleOnly]ControlType='Button' &amp;&amp; Name='Yes'"
\0&lt;/a&gt;
W, 3608, 22, 2012/11/02, 16:05:14.417, 1585220618947, QTAgent32.exe, PERF WARNING: FindTopLevelWindowHelper::FindAllDescendents: took 716 ms. Expected it to take maximum 500 ms.
W, 3608, 22, 2012/11/02, 16:05:14.760, 1585225508118, QTAgent32.exe, &lt;a class=success&gt;Playback - {64} [SUCCESS] Uncheck - "[MSAA, VisibleOnly]ControlType='CheckBox' &amp;&amp; Name='Add Activity'"
\0&lt;/a&gt;
W, 3608, 22, 2012/11/02, 16:05:15.322, 1585233631450, QTAgent32.exe, &lt;a class=success&gt;Playback - {65} [SUCCESS] MouseButtonClick - "[MSAA, VisibleOnly]ControlType='Button' &amp;&amp; Name='Ok'"
\0&lt;/a&gt;
W, 3608, 22, 2012/11/02, 16:05:18.286, 1585275996350, QTAgent32.exe, PERF WARNING: FindTopLevelWindowHelper::FindAllDescendents: took 2746 ms. Expected it to take maximum 500 ms.
W, 3608, 22, 2012/11/02, 16:05:20.470, 1585307387760, QTAgent32.exe, &lt;a class=success&gt;Playback - {66} [SUCCESS] MouseButtonClick - "[MSAA, VisibleOnly]ControlType='Button' &amp;&amp; Name='Ok'"
\0&lt;/a&gt;
W, 3608, 22, 2012/11/02, 16:05:22.951, 1585342765069, QTAgent32.exe, &lt;a class=success&gt;Playback - {67} [SUCCESS] MouseButtonClick - "[MSAA, VisibleOnly]ControlType='Button' &amp;&amp; Name='OK'"
\0&lt;/a&gt;
W, 3608, 22, 2012/11/02, 16:05:23.403, 1585349295598, QTAgent32.exe, &lt;a class=success&gt;Playback - {68} [SUCCESS] MouseButtonClick - "[MSAA, VisibleOnly]ControlType='Button' &amp;&amp; Name='Cancel'"
\0&lt;/a&gt;
W, 3608, 22, 2012/11/02, 16:05:23.949, 1585357202370, QTAgent32.exe, &lt;a class=success&gt;Playback - {69} [SUCCESS] MouseButtonClick - "[MSAA, VisibleOnly]ControlType='Button'"
\0&lt;/a&gt;
W, 3608, 22, 2012/11/02, 16:05:24.495, 1585364969125, QTAgent32.exe, &lt;a class=success&gt;Playback - {70} [SUCCESS] MouseButtonClick - "[MSAA, VisibleOnly]ControlType='Button' &amp;&amp; Name='Detail'"
\0&lt;/a&gt;
W, 3608, 22, 2012/11/02, 16:05:24.932, 1585371137254, QTAgent32.exe, &lt;a class=success&gt;Playback - {71} [SUCCESS] MouseButtonClick - "[MSAA, VisibleOnly]ControlType='Edit'"
\0&lt;/a&gt;
W, 3608, 22, 2012/11/02, 16:05:25.400, 1585377959320, QTAgent32.exe, &lt;a class=success&gt;Playback - {72} [SUCCESS] MouseButtonClick - "[MSAA, VisibleOnly]ControlType='Button' &amp;&amp; Name='Cancel'"
\0&lt;/a&gt;
W, 3608, 22, 2012/11/02, 16:05:25.868, 1585384625655, QTAgent32.exe, &lt;a class=success&gt;Playback - {73} [SUCCESS] MouseButtonClick - "[MSAA, VisibleOnly]ControlType='Button' &amp;&amp; Name='Options'"
\0&lt;/a&gt;
W, 3608, 22, 2012/11/02, 16:05:25.978, 1585386103827, QTAgent32.exe, FindScreenElementInSinglePass : Attempting to find control in one pass of search. Failures can occur.
W, 3608, 22, 2012/11/02, 16:05:25.978, 1585386207786, QTAgent32.exe, Playback - [WARNING] Internal failure: Method GetBoundingRectangle failed (HRESULT = 0x1, "Incorrect function.") for Name = "Quote Select List" ," ControlType = "MenuItem"
\0
W, 3608, 22, 2012/11/02, 16:05:25.978, 1585386209066, QTAgent32.exe, Playback - [WARNING] Internal failure: Couldn't get clickable point for ScreenUIElement - GetClickablePoint failed
\0
W, 3608, 22, 2012/11/02, 16:05:25.978, 1585386211642, QTAgent32.exe, FindScreenElementInSinglePass : Attempting to find control in one pass of search. Failures can occur.
W, 3608, 22, 2012/11/02, 16:05:25.978, 1585386239846, QTAgent32.exe, FindScreenElementInSinglePass : Attempting to find control in one pass of search. Failures can occur.
W, 3608, 22, 2012/11/02, 16:05:26.305, 1585390790962, QTAgent32.exe, &lt;a class=success&gt;Playback - {74} [SUCCESS] LeftButtonClick - "[MSAA, VisibleOnly]ControlType='MenuBar' &amp;&amp; Name='Application'"  &lt; Mouse cursor location (960, 31) &gt;
\0&lt;/a&gt;
W, 3608, 22, 2012/11/02, 16:05:26.414, 1585392354126, QTAgent32.exe, &lt;a class=success&gt;Playback - {75} [SUCCESS] LeftButtonClick - "[MSAA]ControlType='MenuItem' &amp;&amp; Name='Options'"  &lt; Mouse cursor location (94, 31) &gt;
\0&lt;/a&gt;
W, 3608, 22, 2012/11/02, 16:05:26.586, 1585394809874, QTAgent32.exe, &lt;a class=success&gt;Playback - {76} [SUCCESS] LeftButtonClick - "[MSAA]ControlType='MenuItem' &amp;&amp; Name='Links'"  &lt; Mouse cursor location (174, 319) &gt;
\0&lt;/a&gt;
W, 3608, 22, 2012/11/02, 16:05:26.773, 1585397492108, QTAgent32.exe, &lt;a class=success&gt;Playback - {77} [SUCCESS] LeftButtonClick - "[MSAA]ControlType='MenuItem' &amp;&amp; Name='3rd Party Integration'"  &lt; Mouse cursor location (375, 319) &gt;
\0&lt;/a&gt;
W, 3608, 22, 2012/11/02, 16:05:26.960, 1585400199200, QTAgent32.exe, &lt;a class=success&gt;Playback - {78} [SUCCESS] MouseButtonClick - "[MSAA]ControlType='MenuItem' &amp;&amp; Name='Quote Select List'"
\0&lt;/a&gt;
W, 3608, 22, 2012/11/02, 16:05:28.973, 1585428982495, QTAgent32.exe, PERF WARNING: FindTopLevelWindowHelper::FindAllDescendents: took 1903 ms. Expected it to take maximum 500 ms.
W, 3608, 22, 2012/11/02, 16:05:29.581, 1585437878971, QTAgent32.exe, &lt;a class=success&gt;Playback - {79} [SUCCESS] MouseButtonClick - "[MSAA, VisibleOnly]ControlType='Button' &amp;&amp; Name='Ok'"
\0&lt;/a&gt;
W, 3608, 22, 2012/11/02, 16:05:33.731, 1585497126129, QTAgent32.exe, PERF WARNING: FindTopLevelWindowHelper::FindAllDescendents: took 4023 ms. Expected it to take maximum 500 ms.
W, 3608, 22, 2012/11/02, 16:05:34.106, 1585502652937, QTAgent32.exe, &lt;a class=success&gt;Playback - {80} [SUCCESS] MouseButtonClick - "[MSAA, VisibleOnly]ControlType='Button' &amp;&amp; Name='Next &gt;'"
\0&lt;/a&gt;
W, 3608, 22, 2012/11/02, 16:05:34.355, 1585506198022, QTAgent32.exe, &lt;a class=success&gt;Playback - {81} [SUCCESS] MouseButtonClick - "[MSAA, VisibleOnly]ControlType='Button' &amp;&amp; Name='Next &gt;'"
\0&lt;/a&gt;
W, 3608, 22, 2012/11/02, 16:05:34.574, 1585509367438, QTAgent32.exe, &lt;a class=success&gt;Playback - {82} [SUCCESS] MouseButtonClick - "[MSAA, VisibleOnly]ControlType='Button' &amp;&amp; Name='Next &gt;'"
\0&lt;/a&gt;
W, 3608, 22, 2012/11/02, 16:05:34.808, 1585512569509, QTAgent32.exe, &lt;a class=success&gt;Playback - {83} [SUCCESS] MouseButtonClick - "[MSAA, VisibleOnly]ControlType='Button' &amp;&amp; Name='Next &gt;'"
\0&lt;/a&gt;
W, 3608, 22, 2012/11/02, 16:05:35.042, 1585516063368, QTAgent32.exe, &lt;a class=success&gt;Playback - {84} [SUCCESS] MouseButtonClick - "[MSAA, VisibleOnly]ControlType='Button' &amp;&amp; Name='Next &gt;'"
\0&lt;/a&gt;
W, 3608, 22, 2012/11/02, 16:05:35.260, 1585519197784, QTAgent32.exe, &lt;a class=success&gt;Playback - {85} [SUCCESS] MouseButtonClick - "[MSAA, VisibleOnly]ControlType='Button' &amp;&amp; Name='Next &gt;'"
\0&lt;/a&gt;
W, 3608, 22, 2012/11/02, 16:05:35.494, 1585522431628, QTAgent32.exe, &lt;a class=success&gt;Playback - {86} [SUCCESS] MouseButtonClick - "[MSAA, VisibleOnly]ControlType='Button' &amp;&amp; Name='Next &gt;'"
\0&lt;/a&gt;
W, 3608, 22, 2012/11/02, 16:05:35.791, 1585526690230, QTAgent32.exe, &lt;a class=success&gt;Playback - {87} [SUCCESS] MouseButtonClick - "[MSAA, VisibleOnly]ControlType='Button' &amp;&amp; Name='Quote'"
\0&lt;/a&gt;
W, 3608, 22, 2012/11/02, 16:05:36.399, 1585535409165, QTAgent32.exe, &lt;a class=success&gt;Playback - {88} [SUCCESS] MouseButtonClick - "[MSAA, VisibleOnly]ControlType='Button' &amp;&amp; Name='No'"
\0&lt;/a&gt;
W, 3608, 22, 2012/11/02, 16:05:39.972, 1585586488325, QTAgent32.exe, PERF WARNING: FindTopLevelWindowHelper::FindAllDescendents: took 3465 ms. Expected it to take maximum 500 ms.
W, 3608, 22, 2012/11/02, 16:05:40.300, 1585591148806, QTAgent32.exe, &lt;a class=success&gt;Playback - {89} [SUCCESS] MouseButtonClick - "[MSAA, VisibleOnly]ControlType='Client'"
\0&lt;/a&gt;
W, 3608, 22, 2012/11/02, 16:05:41.907, 1585614167313, QTAgent32.exe, &lt;a class=success&gt;Playback - {90} [SUCCESS] SendKeys "{Home}" - "[MSAA, VisibleOnly]ControlType='Client'"
\0&lt;/a&gt;
W, 3608, 22, 2012/11/02, 16:05:42.967, 1585629343985, QTAgent32.exe, &lt;a class=success&gt;Playback - {91} [SUCCESS] DoubleClick - "[MSAA, VisibleOnly]ControlType='Button' &amp;&amp; Name='Exit'"  &lt; Mouse cursor location (1291, 814) &gt;
\0&lt;/a&gt;
W, 3608, 22, 2012/11/02, 16:05:43.545, 1585637746339, QTAgent32.exe, &lt;a class=success&gt;Playback - {92} [SUCCESS] MouseButtonClick - "[MSAA, VisibleOnly]ControlType='Button' &amp;&amp; Name='Yes'"
\0&lt;/a&gt;
W, 3608, 22, 2012/11/02, 16:05:43.769, 1585641243528, QTAgent32.exe, Playback - [WARNING] Internal warning: Thread state based WFR - Requested element has invalid HWND
\0
W, 3608, 22, 2012/11/02, 16:05:43.769, 1585641245215, QTAgent32.exe, Playback - [WARNING] Internal warning: process performance counters based WFR - Requested element has invalid HWND
\0
E, 3608, 22, 2012/11/02, 16:05:43.770, 1585641248695, QTAgent32.exe, EnsureValid called via EnsureValid call for same element
E, 3608, 22, 2012/11/02, 16:05:43.857, 1585642497893, QTAgent32.exe, EnsureValid called via EnsureValid call for same element
E, 3608, 22, 2012/11/02, 16:05:43.857, 1585642503865, QTAgent32.exe, GetClassName for handle 11403908 failed
E, 3608, 22, 2012/11/02, 16:05:43.858, 1585642506929, QTAgent32.exe, EnsureValid called via EnsureValid call for same element
E, 3608, 22, 2012/11/02, 16:05:43.858, 1585642508723, QTAgent32.exe, EnsureValid called via EnsureValid call for same element
E, 3608, 22, 2012/11/02, 16:05:43.859, 1585642526265, QTAgent32.exe, Window 11403908 not responding. Last Win32 error 0
E, 3608, 22, 2012/11/02, 16:05:43.859, 1585642528503, QTAgent32.exe, GetClassName for handle 11403908 failed
E, 3608, 22, 2012/11/02, 16:05:43.859, 1585642529364, QTAgent32.exe, GetClassName for handle 11403908 failed
W, 3608, 22, 2012/11/02, 16:05:44.413, 1585650459754, QTAgent32.exe, PERF WARNING: FindTopLevelWindowHelper::FindAllDescendents: took 553 ms. Expected it to take maximum 500 ms.
W, 3608, 22, 2012/11/02, 16:05:45.139, 1585660858170, QTAgent32.exe, &lt;a class=success&gt;Playback - {93} [SUCCESS] Uncheck - "[MSAA, VisibleOnly]ControlType='CheckBox' &amp;&amp; Name='Add Activity'"
\0&lt;/a&gt;
W, 3608, 22, 2012/11/02, 16:05:45.494, 1585665940501, QTAgent32.exe, &lt;a class=success&gt;Playback - {94} [SUCCESS] MouseButtonClick - "[MSAA, VisibleOnly]ControlType='Button' &amp;&amp; Name='Ok'"
\0&lt;/a&gt;
W, 3608, 22, 2012/11/02, 16:05:53.689, 1585783262622, QTAgent32.exe, PERF WARNING: FindTopLevelWindowHelper::FindAllDescendents: took 7996 ms. Expected it to take maximum 500 ms.
W, 3608, 22, 2012/11/02, 16:05:55.857, 1585814307206, QTAgent32.exe, &lt;a class=success&gt;Playback - {95} [SUCCESS] MouseButtonClick - "[MSAA, VisibleOnly]ControlType='Button' &amp;&amp; Name='OK'"
\0&lt;/a&gt;
W, 3608, 22, 2012/11/02, 16:05:56.100, 1585817785910, QTAgent32.exe, &lt;a class=success&gt;Playback - {96} [SUCCESS] MouseButtonClick - "[MSAA, VisibleOnly]ControlType='Button' &amp;&amp; Name='Cancel'"
\0&lt;/a&gt;
W, 3608, 22, 2012/11/02, 16:05:56.419, 1585822359215, QTAgent32.exe, &lt;a class=success&gt;Playback - {97} [SUCCESS] MouseButtonClick - "[MSAA, VisibleOnly]ControlType='Button'"
\0&lt;/a&gt;
W, 3608, 22, 2012/11/02, 16:05:56.793, 1585827712013, QTAgent32.exe, &lt;a class=success&gt;Playback - {98} [SUCCESS] MouseButtonClick - "[MSAA, VisibleOnly]ControlType='Button' &amp;&amp; Name='Detail'"
\0&lt;/a&gt;
W, 3608, 22, 2012/11/02, 16:05:57.020, 1585830966024, QTAgent32.exe, &lt;a class=success&gt;Playback - {99} [SUCCESS] MouseButtonClick - "[MSAA, VisibleOnly]ControlType='Edit'"
\0&lt;/a&gt;
W, 3608, 22, 2012/11/02, 16:05:57.120, 1585832398231, QTAgent32.exe, Playback - [WARNING] Internal warning: Thread state based WFR - Requested element has invalid HWND
\0
W, 3608, 22, 2012/11/02, 16:05:57.120, 1585832399935, QTAgent32.exe, Playback - [WARNING] Internal warning: process performance counters based WFR - Requested element has invalid HWND
\0
E, 3608, 22, 2012/11/02, 16:05:57.120, 1585832402896, QTAgent32.exe, EnsureValid called via EnsureValid call for same element
E, 3608, 22, 2012/11/02, 16:05:57.121, 1585832407039, QTAgent32.exe, EnsureValid called via EnsureValid call for same element
E, 3608, 22, 2012/11/02, 16:05:57.121, 1585832408331, QTAgent32.exe, EnsureValid called via EnsureValid call for same element
E, 3608, 22, 2012/11/02, 16:05:57.121, 1585832413498, QTAgent32.exe, GetClassName for handle 9701248 failed
E, 3608, 22, 2012/11/02, 16:05:57.122, 1585832420766, QTAgent32.exe, Exception: System.Runtime.InteropServices.COMException
	Message: Error HRESULT E_FAIL has been returned from a call to a COM component.
	Stack Trace:    at Accessibility.IAccessible.get_accState(Object varChild)
   at Microsoft.VisualStudio.TestTools.UITest.Extension.Msaa.AccWrapper.get_State()
	BaseExceptionMessage: Error HRESULT E_FAIL has been returned from a call to a COM component.

E, 3608, 22, 2012/11/02, 16:05:57.122, 1585832424979, QTAgent32.exe, Exception: System.Runtime.InteropServices.COMException
	Message: Error HRESULT E_FAIL has been returned from a call to a COM component.
	Stack Trace:    at Accessibility.IAccessible.get_accState(Object varChild)
   at Microsoft.VisualStudio.TestTools.UITest.Extension.Msaa.AccWrapper.get_State()
	BaseExceptionMessage: Error HRESULT E_FAIL has been returned from a call to a COM component.

E, 3608, 22, 2012/11/02, 16:05:57.122, 1585832429101, QTAgent32.exe, Exception: System.Runtime.InteropServices.COMException
	Message: Error HRESULT E_FAIL has been returned from a call to a COM component.
	Stack Trace:    at Accessibility.IAccessible.get_accState(Object varChild)
   at Microsoft.VisualStudio.TestTools.UITest.Extension.Msaa.AccWrapper.get_State()
	BaseExceptionMessage: Error HRESULT E_FAIL has been returned from a call to a COM component.

E, 3608, 22, 2012/11/02, 16:05:57.123, 1585832433432, QTAgent32.exe, Exception: System.Runtime.InteropServices.COMException
	Message: Error HRESULT E_FAIL has been returned from a call to a COM component.
	Stack Trace:    at Accessibility.IAccessible.get_accState(Object varChild)
   at Microsoft.VisualStudio.TestTools.UITest.Extension.Msaa.AccWrapper.get_State()
	BaseExceptionMessage: Error HRESULT E_FAIL has been returned from a call to a COM component.

E, 3608, 22, 2012/11/02, 16:05:57.123, 1585832437581, QTAgent32.exe, Exception: System.Runtime.InteropServices.COMException
	Message: Error HRESULT E_FAIL has been returned from a call to a COM component.
	Stack Trace:    at Accessibility.IAccessible.get_accState(Object varChild)
   at Microsoft.VisualStudio.TestTools.UITest.Extension.Msaa.AccWrapper.get_State()
	BaseExceptionMessage: Error HRESULT E_FAIL has been returned from a call to a COM component.

E, 3608, 22, 2012/11/02, 16:05:57.123, 1585832441698, QTAgent32.exe, Exception: System.Runtime.InteropServices.COMException
	Message: Error HRESULT E_FAIL has been returned from a call to a COM component.
	Stack Trace:    at Accessibility.IAccessible.get_accState(Object varChild)
   at Microsoft.VisualStudio.TestTools.UITest.Extension.Msaa.AccWrapper.get_State()
	BaseExceptionMessage: Error HRESULT E_FAIL has been returned from a call to a COM component.

E, 3608, 22, 2012/11/02, 16:05:57.123, 1585832445883, QTAgent32.exe, Exception: System.Runtime.InteropServices.COMException
	Message: Error HRESULT E_FAIL has been returned from a call to a COM component.
	Stack Trace:    at Accessibility.IAccessible.get_accState(Object varChild)
   at Microsoft.VisualStudio.TestTools.UITest.Extension.Msaa.AccWrapper.get_State()
	BaseExceptionMessage: Error HRESULT E_FAIL has been returned from a call to a COM component.

W, 3608, 22, 2012/11/02, 16:05:57.322, 1585835295196, QTAgent32.exe, PERF WARNING: MSAA.UpdateQueryIDForNamelessControls: took 201 ms. Expected it to take maximum 200 ms.
W, 3608, 22, 2012/11/02, 16:05:57.323, 1585835299568, QTAgent32.exe, Msaa.Navigate: Exception [Error HRESULT E_FAIL has been returned from a call to a COM component.] while calling accNavigate.
E, 3608, 22, 2012/11/02, 16:05:57.323, 1585835300992, QTAgent32.exe, GetClassName for handle 9701248 failed
E, 3608, 22, 2012/11/02, 16:05:57.323, 1585835309555, QTAgent32.exe, Window 9701248 not responding. Last Win32 error 1400
E, 3608, 22, 2012/11/02, 16:05:57.324, 1585835312105, QTAgent32.exe, GetClassName for handle 9701248 failed
E, 3608, 22, 2012/11/02, 16:05:57.324, 1585835312948, QTAgent32.exe, GetClassName for handle 9701248 failed
W, 3608, 22, 2012/11/02, 16:05:57.514, 1585838044732, QTAgent32.exe, &lt;a class=success&gt;Playback - {100} [SUCCESS] MouseButtonClick - "[MSAA, VisibleOnly]ControlType='Button' &amp;&amp; Name='Cancel'"
\0&lt;/a&gt;
E, 3608, 22, 2012/11/02, 16:05:57.615, 1585839481986, QTAgent32.exe, GetClassName for handle 16253540 failed
W, 3608, 22, 2012/11/02, 16:05:57.741, 1585841292823, QTAgent32.exe, &lt;a class=success&gt;Playback - {101} [SUCCESS] MouseButtonClick - "[MSAA, VisibleOnly]ControlType='Button' &amp;&amp; Name='Options'"
\0&lt;/a&gt;
W, 3608, 22, 2012/11/02, 16:05:57.841, 1585842721504, QTAgent32.exe, FindScreenElementInSinglePass : Attempting to find control in one pass of search. Failures can occur.
W, 3608, 22, 2012/11/02, 16:05:57.987, 1585844807196, QTAgent32.exe, &lt;a class=success&gt;Playback - {102} [SUCCESS] MouseButtonClick - "[MSAA]ControlType='MenuItem' &amp;&amp; Name='Links'"
\0&lt;/a&gt;
W, 3608, 22, 2012/11/02, 16:05:58.087, 1585846244367, QTAgent32.exe, FindScreenElementInSinglePass : Attempting to find control in one pass of search. Failures can occur.
W, 3608, 22, 2012/11/02, 16:05:58.245, 1585848502571, QTAgent32.exe, &lt;a class=success&gt;Playback - {103} [SUCCESS] MouseButtonClick - "[MSAA]ControlType='MenuItem' &amp;&amp; Name='3rd Party Integration'"
\0&lt;/a&gt;
W, 3608, 22, 2012/11/02, 16:05:58.345, 1585849938880, QTAgent32.exe, FindScreenElementInSinglePass : Attempting to find control in one pass of search. Failures can occur.
W, 3608, 22, 2012/11/02, 16:05:58.499, 1585852138126, QTAgent32.exe, &lt;a class=success&gt;Playback - {104} [SUCCESS] MouseButtonClick - "[MSAA]ControlType='MenuItem' &amp;&amp; Name='Quote Select List'"
\0&lt;/a&gt;
E, 3608, 22, 2012/11/02, 16:05:58.616, 1585853822681, QTAgent32.exe, GetClassName for handle 7144764 failed
W, 3608, 22, 2012/11/02, 16:06:00.301, 1585877925970, QTAgent32.exe, PERF WARNING: FindTopLevelWindowHelper::FindAllDescendents: took 1683 ms. Expected it to take maximum 500 ms.
W, 3608, 22, 2012/11/02, 16:06:00.799, 1585885062714, QTAgent32.exe, &lt;a class=success&gt;Playback - {105} [SUCCESS] MouseButtonClick - "[MSAA, VisibleOnly]ControlType='Button' &amp;&amp; Name='Ok'"
\0&lt;/a&gt;
E, 3608, 22, 2012/11/02, 16:06:00.915, 1585886728465, QTAgent32.exe, GetClassName for handle 8259174 failed
W, 3608, 22, 2012/11/02, 16:06:04.775, 1585941988526, QTAgent32.exe, PERF WARNING: FindTopLevelWindowHelper::FindAllDescendents: took 3859 ms. Expected it to take maximum 500 ms.
W, 3608, 22, 2012/11/02, 16:06:04.950, 1585944507254, QTAgent32.exe, &lt;a class=success&gt;Playback - {106} [SUCCESS] MouseButtonClick - "[MSAA, VisibleOnly]ControlType='Button' &amp;&amp; Name='Next &gt;'"
\0&lt;/a&gt;
E, 3608, 22, 2012/11/02, 16:06:05.051, 1585945943296, QTAgent32.exe, GetClassName for handle 6097054 failed
W, 3608, 22, 2012/11/02, 16:06:05.202, 1585948109368, QTAgent32.exe, &lt;a class=success&gt;Playback - {107} [SUCCESS] MouseButtonClick - "[MSAA, VisibleOnly]ControlType='Button' &amp;&amp; Name='Next &gt;'"
\0&lt;/a&gt;
E, 3608, 22, 2012/11/02, 16:06:05.302, 1585949537619, QTAgent32.exe, GetClassName for handle 5505982 failed
W, 3608, 22, 2012/11/02, 16:06:05.425, 1585951300412, QTAgent32.exe, &lt;a class=success&gt;Playback - {108} [SUCCESS] MouseButtonClick - "[MSAA, VisibleOnly]ControlType='Button' &amp;&amp; Name='Next &gt;'"
\0&lt;/a&gt;
E, 3608, 22, 2012/11/02, 16:06:05.525, 1585952730249, QTAgent32.exe, GetClassName for handle 4457360 failed
W, 3608, 22, 2012/11/02, 16:06:05.653, 1585954568121, QTAgent32.exe, &lt;a class=success&gt;Playback - {109} [SUCCESS] MouseButtonClick - "[MSAA, VisibleOnly]ControlType='Button' &amp;&amp; Name='Next &gt;'"
\0&lt;/a&gt;
E, 3608, 22, 2012/11/02, 16:06:05.753, 1585955995752, QTAgent32.exe, GetClassName for handle 14156292 failed
W, 3608, 22, 2012/11/02, 16:06:05.878, 1585957795105, QTAgent32.exe, &lt;a class=success&gt;Playback - {110} [SUCCESS] MouseButtonClick - "[MSAA, VisibleOnly]ControlType='Button' &amp;&amp; Name='Next &gt;'"
\0&lt;/a&gt;
E, 3608, 22, 2012/11/02, 16:06:05.979, 1585959232271, QTAgent32.exe, GetClassName for handle 10814472 failed
W, 3608, 22, 2012/11/02, 16:06:06.116, 1585961203435, QTAgent32.exe, &lt;a class=success&gt;Playback - {111} [SUCCESS] MouseButtonClick - "[MSAA, VisibleOnly]ControlType='Button' &amp;&amp; Name='Next &gt;'"
\0&lt;/a&gt;
E, 3608, 22, 2012/11/02, 16:06:06.217, 1585962639104, QTAgent32.exe, GetClassName for handle 12191014 failed
W, 3608, 22, 2012/11/02, 16:06:06.344, 1585964457201, QTAgent32.exe, &lt;a class=success&gt;Playback - {112} [SUCCESS] MouseButtonClick - "[MSAA, VisibleOnly]ControlType='Button' &amp;&amp; Name='Next &gt;'"
\0&lt;/a&gt;
E, 3608, 22, 2012/11/02, 16:06:06.444, 1585965889864, QTAgent32.exe, GetClassName for handle 9044710 failed
W, 3608, 22, 2012/11/02, 16:06:06.711, 1585969717195, QTAgent32.exe, &lt;a class=success&gt;Playback - {113} [SUCCESS] MouseButtonClick - "[MSAA, VisibleOnly]ControlType='Button' &amp;&amp; Name='Quote'"
\0&lt;/a&gt;
E, 3608, 22, 2012/11/02, 16:06:06.811, 1585971144805, QTAgent32.exe, GetClassName for handle 12518886 failed
W, 3608, 22, 2012/11/02, 16:06:07.100, 1585975279717, QTAgent32.exe, &lt;a class=success&gt;Playback - {114} [SUCCESS] MouseButtonClick - "[MSAA, VisibleOnly]ControlType='Button' &amp;&amp; Name='No'"
\0&lt;/a&gt;
W, 3608, 22, 2012/11/02, 16:06:10.704, 1586026876216, QTAgent32.exe, PERF WARNING: FindTopLevelWindowHelper::FindAllDescendents: took 3503 ms. Expected it to take maximum 500 ms.
W, 3608, 22, 2012/11/02, 16:06:10.832, 1586028708912, QTAgent32.exe, &lt;a class=success&gt;Playback - {115} [SUCCESS] MouseButtonClick - "[MSAA, VisibleOnly]ControlType='Client'"
\0&lt;/a&gt;
W, 3608, 22, 2012/11/02, 16:06:12.380, 1586050882884, QTAgent32.exe, &lt;a class=success&gt;Playback - {116} [SUCCESS] SendKeys "{End}" - "[MSAA, VisibleOnly]ControlType='Client'"
\0&lt;/a&gt;
W, 3608, 22, 2012/11/02, 16:06:14.485, 1586081011356, QTAgent32.exe, PERF WARNING: FindTopLevelWindowHelper::FindAllDescendents: took 2003 ms. Expected it to take maximum 500 ms.
W, 3608, 22, 2012/11/02, 16:06:14.925, 1586087315450, QTAgent32.exe, &lt;a class=success&gt;Playback - {117} [SUCCESS] MouseButtonClick - "[MSAA, VisibleOnly]ControlType='Button' &amp;&amp; Name='Print Quote..'"
\0&lt;/a&gt;
W, 3608, 22, 2012/11/02, 16:06:16.173, 1586105182677, QTAgent32.exe, PERF WARNING: FindTopLevelWindowHelper::FindAllDescendents: took 1132 ms. Expected it to take maximum 500 ms.
W, 3608, 22, 2012/11/02, 16:06:18.848, 1586143491610, QTAgent32.exe, PERF WARNING: FindAllDescendents: took 1219 ms. Expected it to take maximum 500 ms.
W, 3608, 22, 2012/11/02, 16:06:19.572, 1586153847183, QTAgent32.exe, PERF WARNING: FindAllDescendents: took 713 ms. Expected it to take maximum 500 ms.
W, 3608, 22, 2012/11/02, 16:06:19.755, 1586156458907, QTAgent32.exe, &lt;a class=success&gt;Playback - {118} [SUCCESS] MouseButtonClick - "[MSAA, VisibleOnly]ControlType='Button' &amp;&amp; Name='Ok'"
\0&lt;/a&gt;
W, 3608, 22, 2012/11/02, 16:06:22.097, 1586189998764, QTAgent32.exe, &lt;a class=success&gt;Playback - {119} [SUCCESS] MouseButtonClick - "[MSAA, VisibleOnly]ControlType='Button' &amp;&amp; Name='Demands &amp; Needs'"
\0&lt;/a&gt;
W, 3608, 22, 2012/11/02, 16:06:24.474, 1586224034724, QTAgent32.exe, PERF WARNING: FindTopLevelWindowHelper::FindAllDescendents: took 2271 ms. Expected it to take maximum 500 ms.
W, 3608, 22, 2012/11/02, 16:06:24.824, 1586229045302, QTAgent32.exe, &lt;a class=success&gt;Playback - {120} [SUCCESS] MouseButtonClick - "[MSAA, VisibleOnly]ControlType='Button' &amp;&amp; Name='Close'"
\0&lt;/a&gt;
W, 3608, 22, 2012/11/02, 16:06:25.404, 1586237350176, QTAgent32.exe, &lt;a class=success&gt;Playback - {121} [SUCCESS] MouseButtonClick - "[MSAA, VisibleOnly]ControlType='Button' &amp;&amp; Name='Accept'"
\0&lt;/a&gt;
E, 3608, 22, 2012/11/02, 16:06:25.509, 1586238850716, QTAgent32.exe, GetClassName for handle 11732344 failed
W, 3608, 22, 2012/11/02, 16:06:25.784, 1586242794663, QTAgent32.exe, &lt;a class=success&gt;Playback - {122} [SUCCESS] MouseButtonClick - "[MSAA, VisibleOnly]ControlType='Button' &amp;&amp; Name='Yes'"
\0&lt;/a&gt;
W, 3608, 22, 2012/11/02, 16:06:26.173, 1586248360983, QTAgent32.exe, &lt;a class=success&gt;Playback - {123} [SUCCESS] MouseButtonClick - "[MSAA, VisibleOnly]ControlType='Button' &amp;&amp; Name='Ok'"
\0&lt;/a&gt;
W, 3608, 22, 2012/11/02, 16:06:37.624, 1586412321469, QTAgent32.exe, Playback - [WARNING] Internal warning: Window Not Found: [VisibleOnly]ControlType='Window' &amp;&amp; Name='Save the file as' &amp;&amp; ClassName='#32770'
\0
E, 3608, 22, 2012/11/02, 16:06:37.625, 1586412324576, QTAgent32.exe, &lt;a class=failure&gt;Playback - {124} [FAILED] Function ElementFetcher::FindScreenElement failed to locate UI element (Searching: ;[VisibleOnly]ControlType='Window' &amp;&amp; Name='Save the file as' &amp;&amp; ClassName='#32770') (The object specified was not found.)
\0&lt;/a&gt;
E, 3608, 22, 2012/11/02, 16:06:37.715, 1586413622216, QTAgent32.exe, Playback - [IMAGE] C:\Users\peter.zenin-ad\AppData\Local\Temp\UITestLogs\LastRun\RPFED12.png
\0
W, 3608, 22, 2012/11/02, 16:06:37.715, 1586413624461, QTAgent32.exe, Playback - [WARNING] Internal warning: Couldn't find descendants that match QueryId
\0
W, 3608, 22, 2012/11/02, 16:06:37.716, 1586413627629, QTAgent32.exe, PERF WARNING: FindTopLevelWindowHelper::FindAllDescendents: took 11441 ms. Expected it to take maximum 500 ms.
W, 3608, 22, 2012/11/02, 16:06:56.711, 1586685596831, QTAgent32.exe, Playback - [WARNING] Internal warning: Window Not Found: [VisibleOnly]ControlType='Window' &amp;&amp; Name='Save the file as' &amp;&amp; ClassName='#32770'
\0
E, 3608, 22, 2012/11/02, 16:06:56.711, 1586685599812, QTAgent32.exe, &lt;a class=failure&gt;Playback - {125} [FAILED] Function ElementFetcher::FindScreenElement failed to locate UI element (Searching: ;[VisibleOnly]ControlType='Window' &amp;&amp; Name='Save the file as' &amp;&amp; ClassName='#32770') (The object specified was not found.)
\0&lt;/a&gt;
E, 3608, 22, 2012/11/02, 16:06:56.804, 1586686921746, QTAgent32.exe, Playback - [IMAGE] C:\Users\peter.zenin-ad\AppData\Local\Temp\UITestLogs\LastRun\RPF379A.png
\0
W, 3608, 22, 2012/11/02, 16:06:56.804, 1586686924012, QTAgent32.exe, Playback - [WARNING] Internal warning: Couldn't find descendants that match QueryId
\0
W, 3608, 22, 2012/11/02, 16:06:56.804, 1586686927099, QTAgent32.exe, PERF WARNING: FindTopLevelWindowHelper::FindAllDescendents: took 19087 ms. Expected it to take maximum 500 ms.
W, 3608, 22, 2012/11/02, 16:06:59.989, 1586732519469, QTAgent32.exe, Playback - [WARNING] Internal warning: Smart Match failed
\0
W, 3608, 22, 2012/11/02, 16:07:01.407, 1586752823782, QTAgent32.exe, Playback - [WARNING] Internal warning: Window Not Found: [VisibleOnly]ControlType='Window' &amp;&amp; Name='Save the file as' &amp;&amp; ClassName='#32770'
\0
E, 3608, 22, 2012/11/02, 16:07:01.407, 1586752826805, QTAgent32.exe, &lt;a class=failure&gt;Playback - {126} [FAILED] Function ElementFetcher::FindScreenElement failed to locate UI element (Searching: ;[VisibleOnly]ControlType='Window' &amp;&amp; Name='Save the file as' &amp;&amp; ClassName='#32770') (The object specified was not found.)
\0&lt;/a&gt;
E, 3608, 22, 2012/11/02, 16:07:01.497, 1586754113135, QTAgent32.exe, Playback - [IMAGE] C:\Users\peter.zenin-ad\AppData\Local\Temp\UITestLogs\LastRun\RPF49F3.png
\0
W, 3608, 22, 2012/11/02, 16:07:01.497, 1586754115398, QTAgent32.exe, Playback - [WARNING] Internal warning: Couldn't find descendants that match QueryId
\0
W, 3608, 22, 2012/11/02, 16:07:01.498, 1586754118531, QTAgent32.exe, PERF WARNING: FindTopLevelWindowHelper::FindAllDescendents: took 4692 ms. Expected it to take maximum 500 ms.
E, 3608, 22, 2012/11/02, 16:07:01.498, 1586754120342, QTAgent32.exe, Exception: System.Runtime.InteropServices.COMException
	Message: Error HRESULT E_FAIL has been returned from a call to a COM component.
	Stack Trace:    at Microsoft.VisualStudio.TestTools.UITest.Playback.Engine.IRPFPlayback.FindAllScreenElements(IScreenElement pScreenElementStart, String bstrQueryId, Object&amp; pvarResKeys, Int32 cResKeys, Int32 nMaxDepth, Object[]&amp; foundDescendants)
   at Microsoft.VisualStudio.TestTools.UITest.Playback.ScreenElement.FindTopLevelWindowHelper(String queryId)
	BaseExceptionMessage: Error HRESULT E_FAIL has been returned from a call to a COM component.

E, 3608, 22, 2012/11/02, 16:07:01.498, 1586754128943, QTAgent32.exe, AL: Playback Error: Microsoft.VisualStudio.TestTools.UITest.Extension.UITestControlNotFoundException: The playback failed to find the control with the given search properties. Additional Details: 
TechnologyName:  'MSAA'
ControlType:  'Window'
Name:  'Save the file as'
ClassName:  '#32770'
 ---&gt; System.Runtime.InteropServices.COMException: Error HRESULT E_FAIL has been returned from a call to a COM component.
   at Microsoft.VisualStudio.TestTools.UITest.Playback.Engine.IRPFPlayback.FindAllScreenElements(IScreenElement pScreenElementStart, String bstrQueryId, Object&amp; pvarResKeys, Int32 cResKeys, Int32 nMaxDepth, Object[]&amp; foundDescendants)
   at Microsoft.VisualStudio.TestTools.UITest.Playback.ScreenElement.FindTopLevelWindowHelper(String queryId)
   at Microsoft.VisualStudio.TestTools.UITest.Playback.ScreenElement.FindFromPartialQueryId(String queryId)
   at Microsoft.VisualStudio.TestTools.UITesting.UITestControl..ctor(String queryId)
   --- End of inner exception stack trace ---
   at Microsoft.VisualStudio.TestTools.UITesting.Playback.MapControlNotFoundException(COMException ex, IPlaybackContext context)
   at Microsoft.VisualStudio.TestTools.UITesting.Playback.MapAndThrowComException(COMException innerException, IPlaybackContext context)
   at Microsoft.VisualStudio.TestTools.UITesting.Playback.MapAndThrowException(SystemException exception, IPlaybackContext context)
   at Microsoft.VisualStudio.TestTools.UITesting.Playback.MapAndThrowException(SystemException exception, String queryId)
   at Microsoft.VisualStudio.TestTools.UITesting.UITestControl..ctor(String queryId)
   at Microsoft.VisualStudio.TestTools.UITesting.SearchHelper.SearchTopLevelWindow(ISearchArgument topLevelSearchArg, String topLevelElementQueryId)
   at Microsoft.VisualStudio.TestTools.UITesting.SearchHelper.GetTitleUpdatedTopLevelWindow(ISearchArgument topLevelSearchArg, String queryId, IList`1 windowTitles)
   at Microsoft.VisualStudio.TestTools.UITesting.SearchHelper.GetTopLevelElement(Boolean useCache, Boolean useCacheOnly, ISearchArgument searchArg, IList`1 windowTitles, Int32&amp; timeLeft)
   at Microsoft.VisualStudio.TestTools.UITesting.SearchHelper.GetElement(Boolean useCache, ISearchArgument searchArg)
   at Microsoft.VisualStudio.TestTools.UITesting.SearchHelper.Search(ISearchArgument searchArg)
   at Microsoft.VisualStudio.TestTools.UITesting.UITestControl.FindInternal()
   at Microsoft.VisualStudio.TestTools.UITesting.UITestControl.FindControlIfNecessary()
   at Microsoft.VisualStudio.TestTools.UITesting.UITestControl.SetProperty(String propertyName, Object value)
W, 3608, 22, 2012/11/02, 16:07:01.498, 1586754130529, QTAgent32.exe, PlaybackErrorHandler: Ignoring exception as ContinueOnError is set.
W, 3608, 22, 2012/11/02, 16:07:10.864, 1586888223724, QTAgent32.exe, Playback - [WARNING] Internal warning: Window Not Found: [VisibleOnly]ControlType='Window' &amp;&amp; Name='Save the file as' &amp;&amp; ClassName='#32770'
\0
E, 3608, 22, 2012/11/02, 16:07:10.864, 1586888226545, QTAgent32.exe, &lt;a class=failure&gt;Playback - {127} [FAILED] Function ElementFetcher::FindScreenElement failed to locate UI element (Searching: ;[VisibleOnly]ControlType='Window' &amp;&amp; Name='Save the file as' &amp;&amp; ClassName='#32770') (The object specified was not found.)
\0&lt;/a&gt;
E, 3608, 22, 2012/11/02, 16:07:10.957, 1586889557374, QTAgent32.exe, Playback - [IMAGE] C:\Users\peter.zenin-ad\AppData\Local\Temp\UITestLogs\LastRun\RPF6EE1.png
\0
W, 3608, 22, 2012/11/02, 16:07:10.957, 1586889560239, QTAgent32.exe, Playback - [WARNING] Internal warning: Couldn't find descendants that match QueryId
\0
W, 3608, 22, 2012/11/02, 16:07:10.958, 1586889564757, QTAgent32.exe, PERF WARNING: FindTopLevelWindowHelper::FindAllDescendents: took 9458 ms. Expected it to take maximum 500 ms.
W, 3608, 22, 2012/11/02, 16:07:30.019, 1587162475737, QTAgent32.exe, Playback - [WARNING] Internal warning: Window Not Found: [VisibleOnly]ControlType='Window' &amp;&amp; Name='Save the file as' &amp;&amp; ClassName='#32770'
\0
E, 3608, 22, 2012/11/02, 16:07:30.019, 1587162478663, QTAgent32.exe, &lt;a class=failure&gt;Playback - {128} [FAILED] Function ElementFetcher::FindScreenElement failed to locate UI element (Searching: ;[VisibleOnly]ControlType='Window' &amp;&amp; Name='Save the file as' &amp;&amp; ClassName='#32770') (The object specified was not found.)
\0&lt;/a&gt;
E, 3608, 22, 2012/11/02, 16:07:30.110, 1587163780934, QTAgent32.exe, Playback - [IMAGE] C:\Users\peter.zenin-ad\AppData\Local\Temp\UITestLogs\LastRun\RPFB9B7.png
\0
W, 3608, 22, 2012/11/02, 16:07:30.110, 1587163783202, QTAgent32.exe, Playback - [WARNING] Internal warning: Couldn't find descendants that match QueryId
\0
W, 3608, 22, 2012/11/02, 16:07:30.111, 1587163786609, QTAgent32.exe, PERF WARNING: FindTopLevelWindowHelper::FindAllDescendents: took 19151 ms. Expected it to take maximum 500 ms.
W, 3608, 22, 2012/11/02, 16:07:33.354, 1587210233747, QTAgent32.exe, Playback - [WARNING] Internal warning: Smart Match failed
\0
W, 3608, 22, 2012/11/02, 16:07:34.774, 1587230562060, QTAgent32.exe, Playback - [WARNING] Internal warning: Window Not Found: [VisibleOnly]ControlType='Window' &amp;&amp; Name='Save the file as' &amp;&amp; ClassName='#32770'
\0
E, 3608, 22, 2012/11/02, 16:07:34.774, 1587230564889, QTAgent32.exe, &lt;a class=failure&gt;Playback - {129} [FAILED] Function ElementFetcher::FindScreenElement failed to locate UI element (Searching: ;[VisibleOnly]ControlType='Window' &amp;&amp; Name='Save the file as' &amp;&amp; ClassName='#32770') (The object specified was not found.)
\0&lt;/a&gt;
E, 3608, 22, 2012/11/02, 16:07:34.865, 1587231860276, QTAgent32.exe, Playback - [IMAGE] C:\Users\peter.zenin-ad\AppData\Local\Temp\UITestLogs\LastRun\RPFCC4E.png
\0
W, 3608, 22, 2012/11/02, 16:07:34.865, 1587231862474, QTAgent32.exe, Playback - [WARNING] Internal warning: Couldn't find descendants that match QueryId
\0
W, 3608, 22, 2012/11/02, 16:07:34.865, 1587231865484, QTAgent32.exe, PERF WARNING: FindTopLevelWindowHelper::FindAllDescendents: took 4754 ms. Expected it to take maximum 500 ms.
E, 3608, 22, 2012/11/02, 16:07:34.865, 1587231867317, QTAgent32.exe, Exception: System.Runtime.InteropServices.COMException
	Message: Error HRESULT E_FAIL has been returned from a call to a COM component.
	Stack Trace:    at Microsoft.VisualStudio.TestTools.UITest.Playback.Engine.IRPFPlayback.FindAllScreenElements(IScreenElement pScreenElementStart, String bstrQueryId, Object&amp; pvarResKeys, Int32 cResKeys, Int32 nMaxDepth, Object[]&amp; foundDescendants)
   at Microsoft.VisualStudio.TestTools.UITest.Playback.ScreenElement.FindTopLevelWindowHelper(String queryId)
	BaseExceptionMessage: Error HRESULT E_FAIL has been returned from a call to a COM component.

E, 3608, 22, 2012/11/02, 16:07:34.966, 1587233310253, QTAgent32.exe, AL: Playback Error: Microsoft.VisualStudio.TestTools.UITest.Extension.UITestControlNotFoundException: The playback failed to find the control with the given search properties. Additional Details: 
TechnologyName:  'MSAA'
ControlType:  'Window'
Name:  'Save the file as'
ClassName:  '#32770'
 ---&gt; System.Runtime.InteropServices.COMException: Error HRESULT E_FAIL has been returned from a call to a COM component.
   at Microsoft.VisualStudio.TestTools.UITest.Playback.Engine.IRPFPlayback.FindAllScreenElements(IScreenElement pScreenElementStart, String bstrQueryId, Object&amp; pvarResKeys, Int32 cResKeys, Int32 nMaxDepth, Object[]&amp; foundDescendants)
   at Microsoft.VisualStudio.TestTools.UITest.Playback.ScreenElement.FindTopLevelWindowHelper(String queryId)
   at Microsoft.VisualStudio.TestTools.UITest.Playback.ScreenElement.FindFromPartialQueryId(String queryId)
   at Microsoft.VisualStudio.TestTools.UITesting.UITestControl..ctor(String queryId)
   --- End of inner exception stack trace ---
   at Microsoft.VisualStudio.TestTools.UITesting.Playback.MapControlNotFoundException(COMException ex, IPlaybackContext context)
   at Microsoft.VisualStudio.TestTools.UITesting.Playback.MapAndThrowComException(COMException innerException, IPlaybackContext context)
   at Microsoft.VisualStudio.TestTools.UITesting.Playback.MapAndThrowException(SystemException exception, IPlaybackContext context)
   at Microsoft.VisualStudio.TestTools.UITesting.Playback.MapAndThrowException(SystemException exception, String queryId)
   at Microsoft.VisualStudio.TestTools.UITesting.UITestControl..ctor(String queryId)
   at Microsoft.VisualStudio.TestTools.UITesting.SearchHelper.SearchTopLevelWindow(ISearchArgument topLevelSearchArg, String topLevelElementQueryId)
   at Microsoft.VisualStudio.TestTools.UITesting.SearchHelper.GetTitleUpdatedTopLevelWindow(ISearchArgument topLevelSearchArg, String queryId, IList`1 windowTitles)
   at Microsoft.VisualStudio.TestTools.UITesting.SearchHelper.GetTopLevelElement(Boolean useCache, Boolean useCacheOnly, ISearchArgument searchArg, IList`1 windowTitles, Int32&amp; timeLeft)
   at Microsoft.VisualStudio.TestTools.UITesting.SearchHelper.GetElement(Boolean useCache, ISearchArgument searchArg)
   at Microsoft.VisualStudio.TestTools.UITesting.SearchHelper.Search(ISearchArgument searchArg)
   at Microsoft.VisualStudio.TestTools.UITesting.UITestControl.FindInternal()
   at Microsoft.VisualStudio.TestTools.UITesting.UITestControl.FindControlIfNecessary()
   at Microsoft.VisualStudio.TestTools.UITesting.UITestControl.SendKeys(String text, ModifierKeys modifierKeys, Boolean isEncoded, Boolean isUnicode)
   at Microsoft.VisualStudio.TestTools.UITesting.Keyboard.SendKeysImplementation(UITestControl control, String text, ModifierKeys modifierKeys, Boolean isEncoded, Boolean isUnicode)
   at Microsoft.VisualStudio.TestTools.UITesting.Keyboard.SendKeysImplementationWrapper(UITestControl control, String text, ModifierKeys modifierKeys, Boolean isEncoded, Boolean isUnicode)
W, 3608, 22, 2012/11/02, 16:07:34.966, 1587233312320, QTAgent32.exe, PlaybackErrorHandler: Ignoring exception as ContinueOnError is set.
W, 3608, 22, 2012/11/02, 16:07:44.320, 1587367237973, QTAgent32.exe, Playback - [WARNING] Internal warning: Window Not Found: [VisibleOnly]ControlType='Window' &amp;&amp; Name='Confirm Save As' &amp;&amp; ClassName='#32770'
\0
E, 3608, 22, 2012/11/02, 16:07:44.320, 1587367241004, QTAgent32.exe, &lt;a class=failure&gt;Playback - {130} [FAILED] Function ElementFetcher::FindScreenElement failed to locate UI element (Searching: ;[VisibleOnly]ControlType='Window' &amp;&amp; Name='Confirm Save As' &amp;&amp; ClassName='#32770') (The object specified was not found.)
\0&lt;/a&gt;
E, 3608, 22, 2012/11/02, 16:07:44.411, 1587368536187, QTAgent32.exe, Playback - [IMAGE] C:\Users\peter.zenin-ad\AppData\Local\Temp\UITestLogs\LastRun\RPFF19B.png
\0
W, 3608, 22, 2012/11/02, 16:07:44.411, 1587368538471, QTAgent32.exe, Playback - [WARNING] Internal warning: Couldn't find descendants that match QueryId
\0
W, 3608, 22, 2012/11/02, 16:07:44.411, 1587368541551, QTAgent32.exe, PERF WARNING: FindTopLevelWindowHelper::FindAllDescendents: took 9444 ms. Expected it to take maximum 500 ms.
W, 3608, 22, 2012/11/02, 16:08:03.516, 1587642076813, QTAgent32.exe, Playback - [WARNING] Internal warning: Window Not Found: [VisibleOnly]ControlType='Window' &amp;&amp; Name='Confirm Save As' &amp;&amp; ClassName='#32770'
\0
E, 3608, 22, 2012/11/02, 16:08:03.516, 1587642079801, QTAgent32.exe, &lt;a class=failure&gt;Playback - {131} [FAILED] Function ElementFetcher::FindScreenElement failed to locate UI element (Searching: ;[VisibleOnly]ControlType='Window' &amp;&amp; Name='Confirm Save As' &amp;&amp; ClassName='#32770') (The object specified was not found.)
\0&lt;/a&gt;
E, 3608, 22, 2012/11/02, 16:08:03.607, 1587643381053, QTAgent32.exe, Playback - [IMAGE] C:\Users\peter.zenin-ad\AppData\Local\Temp\UITestLogs\LastRun\RPF3C90.png
\0
W, 3608, 22, 2012/11/02, 16:08:03.607, 1587643383242, QTAgent32.exe, Playback - [WARNING] Internal warning: Couldn't find descendants that match QueryId
\0
W, 3608, 22, 2012/11/02, 16:08:03.608, 1587643387019, QTAgent32.exe, PERF WARNING: FindTopLevelWindowHelper::FindAllDescendents: took 19195 ms. Expected it to take maximum 500 ms.
W, 3608, 22, 2012/11/02, 16:08:06.933, 1587691005197, QTAgent32.exe, Playback - [WARNING] Internal warning: Smart Match failed
\0
W, 3608, 22, 2012/11/02, 16:08:08.352, 1587711323139, QTAgent32.exe, Playback - [WARNING] Internal warning: Window Not Found: [VisibleOnly]ControlType='Window' &amp;&amp; Name='Confirm Save As' &amp;&amp; ClassName='#32770'
\0
E, 3608, 22, 2012/11/02, 16:08:08.352, 1587711326082, QTAgent32.exe, &lt;a class=failure&gt;Playback - {132} [FAILED] Function ElementFetcher::FindScreenElement failed to locate UI element (Searching: ;[VisibleOnly]ControlType='Window' &amp;&amp; Name='Confirm Save As' &amp;&amp; ClassName='#32770') (The object specified was not found.)
\0&lt;/a&gt;
E, 3608, 22, 2012/11/02, 16:08:08.443, 1587712618936, QTAgent32.exe, Playback - [IMAGE] C:\Users\peter.zenin-ad\AppData\Local\Temp\UITestLogs\LastRun\RPF4F75.png
\0
W, 3608, 22, 2012/11/02, 16:08:08.443, 1587712621376, QTAgent32.exe, Playback - [WARNING] Internal warning: Couldn't find descendants that match QueryId
\0
W, 3608, 22, 2012/11/02, 16:08:08.443, 1587712624675, QTAgent32.exe, PERF WARNING: FindTopLevelWindowHelper::FindAllDescendents: took 4835 ms. Expected it to take maximum 500 ms.
E, 3608, 22, 2012/11/02, 16:08:08.443, 1587712626594, QTAgent32.exe, Exception: System.Runtime.InteropServices.COMException
	Message: Error HRESULT E_FAIL has been returned from a call to a COM component.
	Stack Trace:    at Microsoft.VisualStudio.TestTools.UITest.Playback.Engine.IRPFPlayback.FindAllScreenElements(IScreenElement pScreenElementStart, String bstrQueryId, Object&amp; pvarResKeys, Int32 cResKeys, Int32 nMaxDepth, Object[]&amp; foundDescendants)
   at Microsoft.VisualStudio.TestTools.UITest.Playback.ScreenElement.FindTopLevelWindowHelper(String queryId)
	BaseExceptionMessage: Error HRESULT E_FAIL has been returned from a call to a COM component.

E, 3608, 22, 2012/11/02, 16:08:08.543, 1587714056002, QTAgent32.exe, AL: Playback Error: Microsoft.VisualStudio.TestTools.UITest.Extension.UITestControlNotFoundException: The playback failed to find the control with the given search properties. Additional Details: 
TechnologyName:  'MSAA'
ControlType:  'Window'
Name:  'Confirm Save As'
ClassName:  '#32770'
 ---&gt; System.Runtime.InteropServices.COMException: Error HRESULT E_FAIL has been returned from a call to a COM component.
   at Microsoft.VisualStudio.TestTools.UITest.Playback.Engine.IRPFPlayback.FindAllScreenElements(IScreenElement pScreenElementStart, String bstrQueryId, Object&amp; pvarResKeys, Int32 cResKeys, Int32 nMaxDepth, Object[]&amp; foundDescendants)
   at Microsoft.VisualStudio.TestTools.UITest.Playback.ScreenElement.FindTopLevelWindowHelper(String queryId)
   at Microsoft.VisualStudio.TestTools.UITest.Playback.ScreenElement.FindFromPartialQueryId(String queryId)
   at Microsoft.VisualStudio.TestTools.UITesting.UITestControl..ctor(String queryId)
   --- End of inner exception stack trace ---
   at Microsoft.VisualStudio.TestTools.UITesting.Playback.MapControlNotFoundException(COMException ex, IPlaybackContext context)
   at Microsoft.VisualStudio.TestTools.UITesting.Playback.MapAndThrowComException(COMException innerException, IPlaybackContext context)
   at Microsoft.VisualStudio.TestTools.UITesting.Playback.MapAndThrowException(SystemException exception, IPlaybackContext context)
   at Microsoft.VisualStudio.TestTools.UITesting.Playback.MapAndThrowException(SystemException exception, String queryId)
   at Microsoft.VisualStudio.TestTools.UITesting.UITestControl..ctor(String queryId)
   at Microsoft.VisualStudio.TestTools.UITesting.SearchHelper.SearchTopLevelWindow(ISearchArgument topLevelSearchArg, String topLevelElementQueryId)
   at Microsoft.VisualStudio.TestTools.UITesting.SearchHelper.GetTitleUpdatedTopLevelWindow(ISearchArgument topLevelSearchArg, String queryId, IList`1 windowTitles)
   at Microsoft.VisualStudio.TestTools.UITesting.SearchHelper.GetTopLevelElement(Boolean useCache, Boolean useCacheOnly, ISearchArgument searchArg, IList`1 windowTitles, Int32&amp; timeLeft)
   at Microsoft.VisualStudio.TestTools.UITesting.SearchHelper.GetElement(Boolean useCache, ISearchArgument searchArg)
   at Microsoft.VisualStudio.TestTools.UITesting.SearchHelper.Search(ISearchArgument searchArg)
   at Microsoft.VisualStudio.TestTools.UITesting.UITestControl.FindInternal()
   at Microsoft.VisualStudio.TestTools.UITesting.UITestControl.FindControlIfNecessary()
   at Microsoft.VisualStudio.TestTools.UITesting.UITestControl.Click(MouseButtons button, ModifierKeys modifierKeys, Point relativeCoordinates)
   at Microsoft.VisualStudio.TestTools.UITesting.Mouse.ClickImplementation(UITestControl control, MouseButtons button, ModifierKeys modifierKeys, Point relativeCoordinate)
   at Microsoft.VisualStudio.TestTools.UITesting.Mouse.ClickImplementationWrapper(UITestControl control, MouseButtons button, ModifierKeys modifierKeys, Point relativeCoordinate)
W, 3608, 22, 2012/11/02, 16:08:08.543, 1587714058413, QTAgent32.exe, PlaybackErrorHandler: Ignoring exception as ContinueOnError is set.
W, 3608, 22, 2012/11/02, 16:08:17.893, 1587847926961, QTAgent32.exe, Playback - [WARNING] Internal warning: Window Not Found: [VisibleOnly]ControlType='Window' &amp;&amp; Name='Confirm Save As' &amp;&amp; ClassName='#32770'
\0
E, 3608, 22, 2012/11/02, 16:08:17.893, 1587847930301, QTAgent32.exe, &lt;a class=failure&gt;Playback - {133} [FAILED] Function ElementFetcher::FindScreenElement failed to locate UI element (Searching: ;[VisibleOnly]ControlType='Window' &amp;&amp; Name='Confirm Save As' &amp;&amp; ClassName='#32770') (The object specified was not found.)
\0&lt;/a&gt;
E, 3608, 22, 2012/11/02, 16:08:17.985, 1587849240011, QTAgent32.exe, Playback - [IMAGE] C:\Users\peter.zenin-ad\AppData\Local\Temp\UITestLogs\LastRun\RPF74C1.png
\0
W, 3608, 22, 2012/11/02, 16:08:17.985, 1587849242198, QTAgent32.exe, Playback - [WARNING] Internal warning: Couldn't find descendants that match QueryId
\0
W, 3608, 22, 2012/11/02, 16:08:17.985, 1587849245885, QTAgent32.exe, PERF WARNING: FindTopLevelWindowHelper::FindAllDescendents: took 9441 ms. Expected it to take maximum 500 ms.
W, 3608, 22, 2012/11/02, 16:08:37.041, 1588122077811, QTAgent32.exe, Playback - [WARNING] Internal warning: Window Not Found: [VisibleOnly]ControlType='Window' &amp;&amp; Name='Confirm Save As' &amp;&amp; ClassName='#32770'
\0
E, 3608, 22, 2012/11/02, 16:08:37.041, 1588122080748, QTAgent32.exe, &lt;a class=failure&gt;Playback - {134} [FAILED] Function ElementFetcher::FindScreenElement failed to locate UI element (Searching: ;[VisibleOnly]ControlType='Window' &amp;&amp; Name='Confirm Save As' &amp;&amp; ClassName='#32770') (The object specified was not found.)
\0&lt;/a&gt;
E, 3608, 22, 2012/11/02, 16:08:37.131, 1588123371018, QTAgent32.exe, Playback - [IMAGE] C:\Users\peter.zenin-ad\AppData\Local\Temp\UITestLogs\LastRun\RPFBF87.png
\0
W, 3608, 22, 2012/11/02, 16:08:37.132, 1588123373431, QTAgent32.exe, Playback - [WARNING] Internal warning: Couldn't find descendants that match QueryId
\0
W, 3608, 22, 2012/11/02, 16:08:37.132, 1588123376890, QTAgent32.exe, PERF WARNING: FindTopLevelWindowHelper::FindAllDescendents: took 19145 ms. Expected it to take maximum 500 ms.
W, 3608, 22, 2012/11/02, 16:08:40.377, 1588169832002, QTAgent32.exe, Playback - [WARNING] Internal warning: Smart Match failed
\0
W, 3608, 22, 2012/11/02, 16:08:41.796, 1588190151086, QTAgent32.exe, Playback - [WARNING] Internal warning: Window Not Found: [VisibleOnly]ControlType='Window' &amp;&amp; Name='Confirm Save As' &amp;&amp; ClassName='#32770'
\0
E, 3608, 22, 2012/11/02, 16:08:41.796, 1588190154211, QTAgent32.exe, &lt;a class=failure&gt;Playback - {135} [FAILED] Function ElementFetcher::FindScreenElement failed to locate UI element (Searching: ;[VisibleOnly]ControlType='Window' &amp;&amp; Name='Confirm Save As' &amp;&amp; ClassName='#32770') (The object specified was not found.)
\0&lt;/a&gt;
E, 3608, 22, 2012/11/02, 16:08:41.890, 1588191496072, QTAgent32.exe, Playback - [IMAGE] C:\Users\peter.zenin-ad\AppData\Local\Temp\UITestLogs\LastRun\RPFD21E.png
\0
W, 3608, 22, 2012/11/02, 16:08:41.890, 1588191498386, QTAgent32.exe, Playback - [WARNING] Internal warning: Couldn't find descendants that match QueryId
\0
W, 3608, 22, 2012/11/02, 16:08:41.890, 1588191501293, QTAgent32.exe, PERF WARNING: FindTopLevelWindowHelper::FindAllDescendents: took 4757 ms. Expected it to take maximum 500 ms.
E, 3608, 22, 2012/11/02, 16:08:41.893, 1588191533352, QTAgent32.exe, Exception: System.Runtime.InteropServices.COMException
	Message: Error HRESULT E_FAIL has been returned from a call to a COM component.
	Stack Trace:    at Microsoft.VisualStudio.TestTools.UITest.Playback.Engine.IRPFPlayback.FindAllScreenElements(IScreenElement pScreenElementStart, String bstrQueryId, Object&amp; pvarResKeys, Int32 cResKeys, Int32 nMaxDepth, Object[]&amp; foundDescendants)
   at Microsoft.VisualStudio.TestTools.UITest.Playback.ScreenElement.FindTopLevelWindowHelper(String queryId)
	BaseExceptionMessage: Error HRESULT E_FAIL has been returned from a call to a COM component.

E, 3608, 22, 2012/11/02, 16:08:41.997, 1588193026938, QTAgent32.exe, AL: Playback Error: Microsoft.VisualStudio.TestTools.UITest.Extension.UITestControlNotFoundException: The playback failed to find the control with the given search properties. Additional Details: 
TechnologyName:  'MSAA'
ControlType:  'Window'
Name:  'Confirm Save As'
ClassName:  '#32770'
 ---&gt; System.Runtime.InteropServices.COMException: Error HRESULT E_FAIL has been returned from a call to a COM component.
   at Microsoft.VisualStudio.TestTools.UITest.Playback.Engine.IRPFPlayback.FindAllScreenElements(IScreenElement pScreenElementStart, String bstrQueryId, Object&amp; pvarResKeys, Int32 cResKeys, Int32 nMaxDepth, Object[]&amp; foundDescendants)
   at Microsoft.VisualStudio.TestTools.UITest.Playback.ScreenElement.FindTopLevelWindowHelper(String queryId)
   at Microsoft.VisualStudio.TestTools.UITest.Playback.ScreenElement.FindFromPartialQueryId(String queryId)
   at Microsoft.VisualStudio.TestTools.UITesting.UITestControl..ctor(String queryId)
   --- End of inner exception stack trace ---
   at Microsoft.VisualStudio.TestTools.UITesting.Playback.MapControlNotFoundException(COMException ex, IPlaybackContext context)
   at Microsoft.VisualStudio.TestTools.UITesting.Playback.MapAndThrowComException(COMException innerException, IPlaybackContext context)
   at Microsoft.VisualStudio.TestTools.UITesting.Playback.MapAndThrowException(SystemException exception, IPlaybackContext context)
   at Microsoft.VisualStudio.TestTools.UITesting.Playback.MapAndThrowException(SystemException exception, String queryId)
   at Microsoft.VisualStudio.TestTools.UITesting.UITestControl..ctor(String queryId)
   at Microsoft.VisualStudio.TestTools.UITesting.SearchHelper.SearchTopLevelWindow(ISearchArgument topLevelSearchArg, String topLevelElementQueryId)
   at Microsoft.VisualStudio.TestTools.UITesting.SearchHelper.GetTitleUpdatedTopLevelWindow(ISearchArgument topLevelSearchArg, String queryId, IList`1 windowTitles)
   at Microsoft.VisualStudio.TestTools.UITesting.SearchHelper.GetTopLevelElement(Boolean useCache, Boolean useCacheOnly, ISearchArgument searchArg, IList`1 windowTitles, Int32&amp; timeLeft)
   at Microsoft.VisualStudio.TestTools.UITesting.SearchHelper.GetElement(Boolean useCache, ISearchArgument searchArg)
   at Microsoft.VisualStudio.TestTools.UITesting.SearchHelper.Search(ISearchArgument searchArg)
   at Microsoft.VisualStudio.TestTools.UITesting.UITestControl.FindInternal()
   at Microsoft.VisualStudio.TestTools.UITesting.UITestControl.FindControlIfNecessary()
   at Microsoft.VisualStudio.TestTools.UITesting.UITestControl.Click(MouseButtons button, ModifierKeys modifierKeys, Point relativeCoordinates)
   at Microsoft.VisualStudio.TestTools.UITesting.Mouse.ClickImplementation(UITestControl control, MouseButtons button, ModifierKeys modifierKeys, Point relativeCoordinate)
   at Microsoft.VisualStudio.TestTools.UITesting.Mouse.ClickImplementationWrapper(UITestControl control, MouseButtons button, ModifierKeys modifierKeys, Point relativeCoordinate)
W, 3608, 22, 2012/11/02, 16:08:41.997, 1588193029106, QTAgent32.exe, PlaybackErrorHandler: Ignoring exception as ContinueOnError is set.
W, 3608, 22, 2012/11/02, 16:08:42.207, 1588196040433, QTAgent32.exe, &lt;a class=success&gt;Playback - {136} [SUCCESS] MouseButtonClick - "[MSAA, VisibleOnly]ControlType='Button' &amp;&amp; Name='Ok'"
\0&lt;/a&gt;
W, 3608, 22, 2012/11/02, 16:08:42.480, 1588199950138, QTAgent32.exe, &lt;a class=success&gt;Playback - {137} [SUCCESS] MouseButtonClick - "[MSAA, VisibleOnly]ControlType='Button' &amp;&amp; Name='Ok'"
\0&lt;/a&gt;
W, 3608, 22, 2012/11/02, 16:08:43.023, 1588207719743, QTAgent32.exe, &lt;a class=success&gt;Playback - {138} [SUCCESS] SetValueAsEditBox "B338TH" - "[MSAA, VisibleOnly]ControlType='Edit'"  &lt; Set via SendKeys &gt;
\0&lt;/a&gt;
W, 3608, 22, 2012/11/02, 16:08:45.248, 1588239574369, QTAgent32.exe, &lt;a class=success&gt;Playback - {139} [SUCCESS] MouseButtonClick - "[MSAA, VisibleOnly]ControlType='Button' &amp;&amp; Name='Lookup...'"
\0&lt;/a&gt;
W, 3608, 22, 2012/11/02, 16:08:45.490, 1588243044964, QTAgent32.exe, &lt;a class=success&gt;Playback - {140} [SUCCESS] MouseButtonClick - "[MSAA, VisibleOnly]ControlType='Button' &amp;&amp; Name='Ok'"
\0&lt;/a&gt;
W, 3608, 22, 2012/11/02, 16:08:45.775, 1588247129590, QTAgent32.exe, &lt;a class=success&gt;Playback - {141} [SUCCESS] MouseButtonClick - "[MSAA, VisibleOnly]ControlType='Button' &amp;&amp; Name='Confirm'"
\0&lt;/a&gt;
W, 3608, 22, 2012/11/02, 16:09:05.063, 1588523282221, QTAgent32.exe, Playback - [WARNING] Internal warning: Window Not Found: [VisibleOnly]ControlType='Window' &amp;&amp; Name='insur-E.tam' &amp;&amp; ClassName='#32770'
\0
E, 3608, 22, 2012/11/02, 16:09:05.063, 1588523285158, QTAgent32.exe, &lt;a class=failure&gt;Playback - {142} [FAILED] Function ElementFetcher::FindScreenElement failed to locate UI element (Searching: ;[VisibleOnly]ControlType='Window' &amp;&amp; Name='insur-E.tam' &amp;&amp; ClassName='#32770') (The object specified was not found.)
\0&lt;/a&gt;
E, 3608, 22, 2012/11/02, 16:09:05.152, 1588524558340, QTAgent32.exe, Playback - [IMAGE] C:\Users\peter.zenin-ad\AppData\Local\Temp\UITestLogs\LastRun\RPF2CFB.png
\0
W, 3608, 22, 2012/11/02, 16:09:05.152, 1588524560528, QTAgent32.exe, Playback - [WARNING] Internal warning: Couldn't find descendants that match QueryId
\0
W, 3608, 22, 2012/11/02, 16:09:05.153, 1588524563658, QTAgent32.exe, PERF WARNING: FindTopLevelWindowHelper::FindAllDescendents: took 19276 ms. Expected it to take maximum 500 ms.
W, 3608, 22, 2012/11/02, 16:09:24.325, 1588799066076, QTAgent32.exe, Playback - [WARNING] Internal warning: Window Not Found: [VisibleOnly]ControlType='Window' &amp;&amp; Name='insur-E.tam' &amp;&amp; ClassName='#32770'
\0
E, 3608, 22, 2012/11/02, 16:09:24.325, 1588799069095, QTAgent32.exe, &lt;a class=failure&gt;Playback - {143} [FAILED] Function ElementFetcher::FindScreenElement failed to locate UI element (Searching: ;[VisibleOnly]ControlType='Window' &amp;&amp; Name='insur-E.tam' &amp;&amp; ClassName='#32770') (The object specified was not found.)
\0&lt;/a&gt;
E, 3608, 22, 2012/11/02, 16:09:24.415, 1588800359074, QTAgent32.exe, Playback - [IMAGE] C:\Users\peter.zenin-ad\AppData\Local\Temp\UITestLogs\LastRun\RPF783E.png
\0
W, 3608, 22, 2012/11/02, 16:09:24.416, 1588800361513, QTAgent32.exe, Playback - [WARNING] Internal warning: Couldn't find descendants that match QueryId
\0
W, 3608, 22, 2012/11/02, 16:09:24.416, 1588800364497, QTAgent32.exe, PERF WARNING: FindTopLevelWindowHelper::FindAllDescendents: took 19262 ms. Expected it to take maximum 500 ms.
W, 3608, 22, 2012/11/02, 16:09:27.658, 1588846791878, QTAgent32.exe, Playback - [WARNING] Internal warning: Smart Match failed
\0
W, 3608, 22, 2012/11/02, 16:09:29.059, 1588866852113, QTAgent32.exe, Playback - [WARNING] Internal warning: Window Not Found: [VisibleOnly]ControlType='Window' &amp;&amp; Name='insur-E.tam' &amp;&amp; ClassName='#32770'
\0
E, 3608, 22, 2012/11/02, 16:09:29.059, 1588866854981, QTAgent32.exe, &lt;a class=failure&gt;Playback - {144} [FAILED] Function ElementFetcher::FindScreenElement failed to locate UI element (Searching: ;[VisibleOnly]ControlType='Window' &amp;&amp; Name='insur-E.tam' &amp;&amp; ClassName='#32770') (The object specified was not found.)
\0&lt;/a&gt;
E, 3608, 22, 2012/11/02, 16:09:29.149, 1588868138047, QTAgent32.exe, Playback - [IMAGE] C:\Users\peter.zenin-ad\AppData\Local\Temp\UITestLogs\LastRun\RPF8AC6.png
\0
W, 3608, 22, 2012/11/02, 16:09:29.149, 1588868140191, QTAgent32.exe, Playback - [WARNING] Internal warning: Couldn't find descendants that match QueryId
\0
W, 3608, 22, 2012/11/02, 16:09:29.149, 1588868143166, QTAgent32.exe, PERF WARNING: FindTopLevelWindowHelper::FindAllDescendents: took 4733 ms. Expected it to take maximum 500 ms.
E, 3608, 22, 2012/11/02, 16:09:29.149, 1588868144948, QTAgent32.exe, Exception: System.Runtime.InteropServices.COMException
	Message: Error HRESULT E_FAIL has been returned from a call to a COM component.
	Stack Trace:    at Microsoft.VisualStudio.TestTools.UITest.Playback.Engine.IRPFPlayback.FindAllScreenElements(IScreenElement pScreenElementStart, String bstrQueryId, Object&amp; pvarResKeys, Int32 cResKeys, Int32 nMaxDepth, Object[]&amp; foundDescendants)
   at Microsoft.VisualStudio.TestTools.UITest.Playback.ScreenElement.FindTopLevelWindowHelper(String queryId)
	BaseExceptionMessage: Error HRESULT E_FAIL has been returned from a call to a COM component.

E, 3608, 22, 2012/11/02, 16:09:29.150, 1588868149948, QTAgent32.exe, Window 13500924 not responding. Last Win32 error 0
E, 3608, 22, 2012/11/02, 16:09:29.150, 1588868153645, QTAgent32.exe, Window 13500924 not responding. Last Win32 error 1400
E, 3608, 22, 2012/11/02, 16:09:29.150, 1588868156968, QTAgent32.exe, GetClassName for handle 13500924 failed
E, 3608, 22, 2012/11/02, 16:09:29.151, 1588868166417, QTAgent32.exe, Window 13500924 not responding. Last Win32 error 1400
E, 3608, 22, 2012/11/02, 16:09:29.151, 1588868167543, QTAgent32.exe, GetClassName for handle 13500924 failed
E, 3608, 22, 2012/11/02, 16:09:29.151, 1588868168364, QTAgent32.exe, GetClassName for handle 13500924 failed
E, 3608, 22, 2012/11/02, 16:09:29.251, 1588869599565, QTAgent32.exe, AL: Playback Error: Microsoft.VisualStudio.TestTools.UITest.Extension.UITestControlNotFoundException: The playback failed to find the control with the given search properties. Additional Details: 
TechnologyName:  'MSAA'
ControlType:  'Window'
 ---&gt; System.Runtime.InteropServices.COMException: Error HRESULT E_FAIL has been returned from a call to a COM component.
   at Microsoft.VisualStudio.TestTools.UITest.Playback.Engine.IRPFPlayback.FindAllScreenElements(IScreenElement pScreenElementStart, String bstrQueryId, Object&amp; pvarResKeys, Int32 cResKeys, Int32 nMaxDepth, Object[]&amp; foundDescendants)
   at Microsoft.VisualStudio.TestTools.UITest.Playback.ScreenElement.FindTopLevelWindowHelper(String queryId)
   at Microsoft.VisualStudio.TestTools.UITest.Playback.ScreenElement.FindFromPartialQueryId(String queryId)
   at Microsoft.VisualStudio.TestTools.UITesting.UITestControl..ctor(String queryId)
   --- End of inner exception stack trace ---
   at Microsoft.VisualStudio.TestTools.UITesting.Playback.MapControlNotFoundException(COMException ex, IPlaybackContext context)
   at Microsoft.VisualStudio.TestTools.UITesting.Playback.MapAndThrowComException(COMException innerException, IPlaybackContext context)
   at Microsoft.VisualStudio.TestTools.UITesting.Playback.MapAndThrowException(SystemException exception, IPlaybackContext context)
   at Microsoft.VisualStudio.TestTools.UITesting.Playback.MapAndThrowException(SystemException exception, String queryId)
   at Microsoft.VisualStudio.TestTools.UITesting.UITestControl..ctor(String queryId)
   at Microsoft.VisualStudio.TestTools.UITesting.SearchHelper.SearchTopLevelWindow(ISearchArgument topLevelSearchArg, String topLevelElementQueryId)
   at Microsoft.VisualStudio.TestTools.UITesting.SearchHelper.GetTitleUpdatedTopLevelWindow(ISearchArgument topLevelSearchArg, String queryId, IList`1 windowTitles)
   at Microsoft.VisualStudio.TestTools.UITesting.SearchHelper.GetTopLevelElement(Boolean useCache, Boolean useCacheOnly, ISearchArgument searchArg, IList`1 windowTitles, Int32&amp; timeLeft)
   at Microsoft.VisualStudio.TestTools.UITesting.SearchHelper.GetElement(Boolean useCache, ISearchArgument searchArg)
   at Microsoft.VisualStudio.TestTools.UITesting.SearchHelper.Search(ISearchArgument searchArg)
   at Microsoft.VisualStudio.TestTools.UITesting.UITestControl.FindInternal()
   at Microsoft.VisualStudio.TestTools.UITesting.UITestControl.FindControlIfNecessary()
   at Microsoft.VisualStudio.TestTools.UITesting.UITestControl.Click(MouseButtons button, ModifierKeys modifierKeys, Point relativeCoordinates)
   at Microsoft.VisualStudio.TestTools.UITesting.Mouse.ClickImplementation(UITestControl control, MouseButtons button, ModifierKeys modifierKeys, Point relativeCoordinate)
   at Microsoft.VisualStudio.TestTools.UITesting.Mouse.ClickImplementationWrapper(UITestControl control, MouseButtons button, ModifierKeys modifierKeys, Point relativeCoordinate)
W, 3608, 22, 2012/11/02, 16:09:29.251, 1588869601877, QTAgent32.exe, PlaybackErrorHandler: Ignoring exception as ContinueOnError is set.
W, 3608, 22, 2012/11/02, 16:09:29.378, 1588871420455, QTAgent32.exe, &lt;a class=success&gt;Playback - {145} [SUCCESS] Check - "[MSAA, VisibleOnly]ControlType='CheckBox' &amp;&amp; Name='Defer Printing?'"
\0&lt;/a&gt;
W, 3608, 22, 2012/11/02, 16:09:29.917, 1588879116987, QTAgent32.exe, &lt;a class=success&gt;Playback - {146} [SUCCESS] MouseButtonClick - "[MSAA, VisibleOnly]ControlType='Button' &amp;&amp; Name='Ok'"
\0&lt;/a&gt;
W, 3608, 22, 2012/11/02, 16:09:30.017, 1588880550059, QTAgent32.exe, Playback - [WARNING] Internal warning: Thread state based WFR - Requested element has invalid HWND
\0
W, 3608, 22, 2012/11/02, 16:09:30.017, 1588880551912, QTAgent32.exe, Playback - [WARNING] Internal warning: process performance counters based WFR - Requested element has invalid HWND
\0
E, 3608, 22, 2012/11/02, 16:09:30.017, 1588880555486, QTAgent32.exe, EnsureValid called via EnsureValid call for same element
E, 3608, 22, 2012/11/02, 16:09:30.017, 1588880557476, QTAgent32.exe, EnsureValid called via EnsureValid call for same element
E, 3608, 22, 2012/11/02, 16:09:30.017, 1588880558787, QTAgent32.exe, EnsureValid called via EnsureValid call for same element
E, 3608, 22, 2012/11/02, 16:09:30.025, 1588880664621, QTAgent32.exe, GetClassName for handle 13435462 failed
E, 3608, 22, 2012/11/02, 16:09:30.026, 1588880683550, QTAgent32.exe, Window 13435462 not responding. Last Win32 error 1400
E, 3608, 22, 2012/11/02, 16:09:30.026, 1588880685743, QTAgent32.exe, GetClassName for handle 13435462 failed
E, 3608, 22, 2012/11/02, 16:09:30.026, 1588880686558, QTAgent32.exe, GetClassName for handle 13435462 failed
W, 3608, 22, 2012/11/02, 16:09:30.958, 1588894030756, QTAgent32.exe, PERF WARNING: FindTopLevelWindowHelper::FindAllDescendents: took 931 ms. Expected it to take maximum 500 ms.
W, 3608, 22, 2012/11/02, 16:09:31.090, 1588895921430, QTAgent32.exe, &lt;a class=success&gt;Playback - {147} [SUCCESS] Uncheck - "[MSAA, VisibleOnly]ControlType='CheckBox' &amp;&amp; Name='Add Activity'"
\0&lt;/a&gt;
W, 3608, 22, 2012/11/02, 16:09:31.755, 1588905436940, QTAgent32.exe, &lt;a class=success&gt;Playback - {148} [SUCCESS] MouseButtonClick - "[MSAA, VisibleOnly]ControlType='Button' &amp;&amp; Name='Ok'"
\0&lt;/a&gt;
W, 3608, 22, 2012/11/02, 16:09:31.988, 1588908773524, QTAgent32.exe, &lt;a class=success&gt;Playback - {149} [SUCCESS] MouseButtonClick - "[MSAA, VisibleOnly]ControlType='Button' &amp;&amp; Name='Ok'"
\0&lt;/a&gt;
W, 3608, 22, 2012/11/02, 16:09:41.056, 1589038604123, QTAgent32.exe, PERF WARNING: FindTopLevelWindowHelper::FindAllDescendents: took 8869 ms. Expected it to take maximum 500 ms.
W, 3608, 22, 2012/11/02, 16:09:43.209, 1589069430219, QTAgent32.exe, &lt;a class=success&gt;Playback - {150} [SUCCESS] MouseButtonClick - "[MSAA, VisibleOnly]ControlType='Button' &amp;&amp; Name='OK'"
\0&lt;/a&gt;
W, 3608, 22, 2012/11/02, 16:09:44.499, 1589087903498, QTAgent32.exe, Playback - [WARNING] Internal warning: Window Not Found: [VisibleOnly]ControlType='Window' &amp;&amp; Name='Tamxml7' &amp;&amp; ClassName='TMessageForm'
\0
E, 3608, 22, 2012/11/02, 16:09:44.499, 1589087906275, QTAgent32.exe, &lt;a class=failure&gt;Playback - {151} [FAILED] Function ElementFetcher::FindScreenElement failed to locate UI element (Searching: ;[VisibleOnly]ControlType='Window' &amp;&amp; Name='Tamxml7' &amp;&amp; ClassName='TMessageForm') (The object specified was not found.)
\0&lt;/a&gt;
E, 3608, 22, 2012/11/02, 16:09:44.588, 1589089185490, QTAgent32.exe, Playback - [IMAGE] C:\Users\peter.zenin-ad\AppData\Local\Temp\UITestLogs\LastRun\RPFC70B.png
\0
W, 3608, 22, 2012/11/02, 16:09:44.588, 1589089187644, QTAgent32.exe, Playback - [WARNING] Internal warning: Couldn't find descendants that match QueryId
\0
W, 3608, 22, 2012/11/02, 16:09:44.589, 1589089190804, QTAgent32.exe, PERF WARNING: FindTopLevelWindowHelper::FindAllDescendents: took 1277 ms. Expected it to take maximum 500 ms.
W, 3608, 22, 2012/11/02, 16:10:02.640, 1589347641809, QTAgent32.exe, Playback - [WARNING] Internal warning: Window Not Found: [VisibleOnly]ControlType='Window' &amp;&amp; Name='Tamxml7' &amp;&amp; ClassName='TMessageForm'
\0
E, 3608, 22, 2012/11/02, 16:10:02.640, 1589347644649, QTAgent32.exe, &lt;a class=failure&gt;Playback - {152} [FAILED] Function ElementFetcher::FindScreenElement failed to locate UI element (Searching: ;[VisibleOnly]ControlType='Window' &amp;&amp; Name='Tamxml7' &amp;&amp; ClassName='TMessageForm') (The object specified was not found.)
\0&lt;/a&gt;
E, 3608, 22, 2012/11/02, 16:10:02.730, 1589348928735, QTAgent32.exe, Playback - [IMAGE] C:\Users\peter.zenin-ad\AppData\Local\Temp\UITestLogs\LastRun\RPFDEB.png
\0
W, 3608, 22, 2012/11/02, 16:10:02.730, 1589348930919, QTAgent32.exe, Playback - [WARNING] Internal warning: Couldn't find descendants that match QueryId
\0
W, 3608, 22, 2012/11/02, 16:10:02.730, 1589348933908, QTAgent32.exe, PERF WARNING: FindTopLevelWindowHelper::FindAllDescendents: took 18140 ms. Expected it to take maximum 500 ms.
W, 3608, 22, 2012/11/02, 16:10:03.173, 1589355277776, QTAgent32.exe, Playback - [WARNING] Internal warning: Smart Match failed
\0
W, 3608, 22, 2012/11/02, 16:10:03.335, 1589357588698, QTAgent32.exe, Playback - [WARNING] Internal warning: Smart Match failed
\0
W, 3608, 22, 2012/11/02, 16:10:03.500, 1589359949232, QTAgent32.exe, Playback - [WARNING] Internal warning: Smart Match failed
\0
W, 3608, 22, 2012/11/02, 16:10:03.664, 1589362301356, QTAgent32.exe, Playback - [WARNING] Internal warning: Smart Match failed
\0
W, 3608, 22, 2012/11/02, 16:10:03.836, 1589364773144, QTAgent32.exe, Playback - [WARNING] Internal warning: Smart Match failed
\0
W, 3608, 22, 2012/11/02, 16:10:04.007, 1589367211697, QTAgent32.exe, Playback - [WARNING] Internal warning: Smart Match failed
\0
W, 3608, 22, 2012/11/02, 16:10:04.172, 1589369574343, QTAgent32.exe, Playback - [WARNING] Internal warning: Smart Match failed
\0
W, 3608, 22, 2012/11/02, 16:10:04.337, 1589371935997, QTAgent32.exe, Playback - [WARNING] Internal warning: Smart Match failed
\0
W, 3608, 22, 2012/11/02, 16:10:04.501, 1589374283857, QTAgent32.exe, Playback - [WARNING] Internal warning: Smart Match failed
\0
W, 3608, 22, 2012/11/02, 16:10:04.666, 1589376644501, QTAgent32.exe, Playback - [WARNING] Internal warning: Smart Match failed
\0
W, 3608, 22, 2012/11/02, 16:10:04.830, 1589378993894, QTAgent32.exe, Playback - [WARNING] Internal warning: Smart Match failed
\0
W, 3608, 22, 2012/11/02, 16:10:04.994, 1589381351966, QTAgent32.exe, Playback - [WARNING] Internal warning: Smart Match failed
\0
W, 3608, 22, 2012/11/02, 16:10:05.156, 1589383669885, QTAgent32.exe, Playback - [WARNING] Internal warning: Smart Match failed
\0
W, 3608, 22, 2012/11/02, 16:10:05.319, 1589385996373, QTAgent32.exe, Playback - [WARNING] Internal warning: Smart Match failed
\0
W, 3608, 22, 2012/11/02, 16:10:05.481, 1589388317198, QTAgent32.exe, Playback - [WARNING] Internal warning: Smart Match failed
\0
W, 3608, 22, 2012/11/02, 16:10:05.645, 1589390663236, QTAgent32.exe, Playback - [WARNING] Internal warning: Smart Match failed
\0
W, 3608, 22, 2012/11/02, 16:10:05.810, 1589393025764, QTAgent32.exe, Playback - [WARNING] Internal warning: Smart Match failed
\0
W, 3608, 22, 2012/11/02, 16:10:05.875, 1589393967475, QTAgent32.exe, Playback - [WARNING] Internal warning: Window Not Found: [VisibleOnly]ControlType='Window' &amp;&amp; Name='Tamxml7' &amp;&amp; ClassName='TMessageForm'
\0
E, 3608, 22, 2012/11/02, 16:10:05.876, 1589393970200, QTAgent32.exe, &lt;a class=failure&gt;Playback - {153} [FAILED] Function ElementFetcher::FindScreenElement failed to locate UI element (Searching: ;[VisibleOnly]ControlType='Window' &amp;&amp; Name='Tamxml7' &amp;&amp; ClassName='TMessageForm') (The object specified was not found.)
\0&lt;/a&gt;
E, 3608, 22, 2012/11/02, 16:10:05.970, 1589395321035, QTAgent32.exe, Playback - [IMAGE] C:\Users\peter.zenin-ad\AppData\Local\Temp\UITestLogs\LastRun\RPF1A99.png
\0
W, 3608, 22, 2012/11/02, 16:10:05.970, 1589395323175, QTAgent32.exe, Playback - [WARNING] Internal warning: Couldn't find descendants that match QueryId
\0
W, 3608, 22, 2012/11/02, 16:10:05.970, 1589395326205, QTAgent32.exe, PERF WARNING: FindTopLevelWindowHelper::FindAllDescendents: took 3239 ms. Expected it to take maximum 500 ms.
E, 3608, 22, 2012/11/02, 16:10:05.970, 1589395328015, QTAgent32.exe, Exception: System.Runtime.InteropServices.COMException
	Message: Error HRESULT E_FAIL has been returned from a call to a COM component.
	Stack Trace:    at Microsoft.VisualStudio.TestTools.UITest.Playback.Engine.IRPFPlayback.FindAllScreenElements(IScreenElement pScreenElementStart, String bstrQueryId, Object&amp; pvarResKeys, Int32 cResKeys, Int32 nMaxDepth, Object[]&amp; foundDescendants)
   at Microsoft.VisualStudio.TestTools.UITest.Playback.ScreenElement.FindTopLevelWindowHelper(String queryId)
	BaseExceptionMessage: Error HRESULT E_FAIL has been returned from a call to a COM component.

E, 3608, 22, 2012/11/02, 16:10:05.971, 1589395332154, QTAgent32.exe, GetClassName for handle 11534840 failed
E, 3608, 22, 2012/11/02, 16:10:05.971, 1589395341589, QTAgent32.exe, Window 11534840 not responding. Last Win32 error 1400
E, 3608, 22, 2012/11/02, 16:10:05.971, 1589395342867, QTAgent32.exe, GetClassName for handle 11534840 failed
E, 3608, 22, 2012/11/02, 16:10:05.971, 1589395344235, QTAgent32.exe, GetClassName for handle 11534840 failed
E, 3608, 22, 2012/11/02, 16:10:05.972, 1589395348395, QTAgent32.exe, GetClassName for handle 3082356 failed
E, 3608, 22, 2012/11/02, 16:10:05.973, 1589395365275, QTAgent32.exe, Window 3082356 not responding. Last Win32 error 1400
E, 3608, 22, 2012/11/02, 16:10:05.973, 1589395367466, QTAgent32.exe, GetClassName for handle 3082356 failed
E, 3608, 22, 2012/11/02, 16:10:05.973, 1589395368286, QTAgent32.exe, GetClassName for handle 3082356 failed
E, 3608, 22, 2012/11/02, 16:10:06.073, 1589396795886, QTAgent32.exe, AL: Playback Error: Microsoft.VisualStudio.TestTools.UITest.Extension.UITestControlNotAvailableException: The control is not available or not valid. Additional Details: 
TechnologyName:  'MSAA'
ControlType:  'Button'
 ---&gt; Microsoft.VisualStudio.TestTools.UITest.Extension.UITestControlNotAvailableException: The control is not available or not valid. Additional Details: 
TechnologyName:  'MSAA'
ControlType:  'Window'
 ---&gt; System.Runtime.InteropServices.COMException: Error HRESULT E_FAIL has been returned from a call to a COM component.
   at Microsoft.VisualStudio.TestTools.UITest.Playback.Engine.IRPFPlayback.FindAllScreenElements(IScreenElement pScreenElementStart, String bstrQueryId, Object&amp; pvarResKeys, Int32 cResKeys, Int32 nMaxDepth, Object[]&amp; foundDescendants)
   at Microsoft.VisualStudio.TestTools.UITest.Playback.ScreenElement.FindTopLevelWindowHelper(String queryId)
   at Microsoft.VisualStudio.TestTools.UITest.Playback.ScreenElement.FindFromPartialQueryId(String queryId)
   at Microsoft.VisualStudio.TestTools.UITesting.UITestControl.EnsureValid(Boolean waitForReady, Boolean refetch)
   --- End of inner exception stack trace ---
   at Microsoft.VisualStudio.TestTools.UITesting.UITestControl.EnsureValid(Boolean waitForReady, Boolean refetch)
   at Microsoft.VisualStudio.TestTools.UITesting.UITestControl.FindFirstDescendant(String queryId, Int32 maxDepth, Int32&amp; timeLeft)
   at Microsoft.VisualStudio.TestTools.UITesting.UITestControl.FindFirstDescendant(String queryId)
   at Microsoft.VisualStudio.TestTools.UITesting.UITestControl.EnsureValid(Boolean waitForReady, Boolean refetch)
   --- End of inner exception stack trace ---
   at Microsoft.VisualStudio.TestTools.UITesting.UITestControl.EnsureValid(Boolean waitForReady, Boolean refetch)
   at Microsoft.VisualStudio.TestTools.UITesting.UITestControl.Click(MouseButtons button, ModifierKeys modifierKeys, Point relativeCoordinates)
   at Microsoft.VisualStudio.TestTools.UITesting.Mouse.ClickImplementation(UITestControl control, MouseButtons button, ModifierKeys modifierKeys, Point relativeCoordinate)
   at Microsoft.VisualStudio.TestTools.UITesting.Mouse.ClickImplementationWrapper(UITestControl control, MouseButtons button, ModifierKeys modifierKeys, Point relativeCoordinate)
W, 3608, 22, 2012/11/02, 16:10:06.073, 1589396797584, QTAgent32.exe, PlaybackErrorHandler: Ignoring exception as ContinueOnError is set.
W, 3608, 22, 2012/11/02, 16:10:06.215, 1589398828342, QTAgent32.exe, &lt;a class=success&gt;Playback - {154} [SUCCESS] MouseButtonClick - "[MSAA, VisibleOnly]ControlType='Button' &amp;&amp; Name='Cancel'"
\0&lt;/a&gt;
W, 3608, 22, 2012/11/02, 16:10:06.527, 1589403297919, QTAgent32.exe, &lt;a class=success&gt;Playback - {155} [SUCCESS] MouseButtonClick - "[MSAA, VisibleOnly]ControlType='Button'"
\0&lt;/a&gt;
W, 3608, 22, 2012/11/02, 16:10:06.898, 1589408616034, QTAgent32.exe, &lt;a class=success&gt;Playback - {156} [SUCCESS] MouseButtonClick - "[MSAA, VisibleOnly]ControlType='Button' &amp;&amp; Name='Detail'"
\0&lt;/a&gt;
W, 3608, 22, 2012/11/02, 16:10:07.124, 1589411845611, QTAgent32.exe, &lt;a class=success&gt;Playback - {157} [SUCCESS] MouseButtonClick - "[MSAA, VisibleOnly]ControlType='Edit'"
\0&lt;/a&gt;
W, 3608, 22, 2012/11/02, 16:10:07.391, 1589415667808, QTAgent32.exe, &lt;a class=success&gt;Playback - {158} [SUCCESS] MouseButtonClick - "[MSAA, VisibleOnly]ControlType='Button' &amp;&amp; Name='Cancel'"
\0&lt;/a&gt;
W, 3608, 22, 2012/11/02, 16:10:07.632, 1589419124667, QTAgent32.exe, &lt;a class=success&gt;Playback - {159} [SUCCESS] MouseButtonClick - "[MSAA, VisibleOnly]ControlType='Button' &amp;&amp; Name='Cancel'"
\0&lt;/a&gt;
W, 3608, 22, 2012/11/02, 16:10:07.860, 1589422386544, QTAgent32.exe, &lt;a class=success&gt;Playback - {160} [SUCCESS] MouseButtonClick - "[MSAA, VisibleOnly]ControlType='Button' &amp;&amp; Name='Cancel'"
\0&lt;/a&gt;
W, 3608, 22, 2012/11/02, 16:10:08.090, 1589425685307, QTAgent32.exe, &lt;a class=success&gt;Playback - {161} [SUCCESS] MouseButtonClick - "[MSAA, VisibleOnly]ControlType='Button' &amp;&amp; Name='Close'"
\0&lt;/a&gt;
W, 3608, 22, 2012/11/02, 16:10:12.197, 1589484465672, QTAgent32.exe, IEDOM : StopSession of the plugin called before StartSession
W, 3608, 22, 2012/11/02, 16:10:12.197, 1589484466951, QTAgent32.exe, UIA : StopSession of the plugin called before StartSession
W, 3608, 22, 2012/11/02, 16:10:12.197, 1589484467660, QTAgent32.exe, SLPlugin : StopSession of the plugin called before StartSession
</DebugTrace>
      </Output>
    </UnitTestResult>
    <UnitTestResult executionId="078907f1-c0a8-4abb-876c-5f1f576cefaa" testId="aa9bc056-c0ff-30da-3884-b0617a17e15e" testName="HouseTest3" computerName="ICLVDEVAP01" duration="00:03:31.4281853" startTime="2012-11-02T16:10:12.2082679+00:00" endTime="2012-11-02T16:13:43.6915225+00:00" testType="13cdc9d9-ddb5-4fa4-a97d-d965ccfc6d4b" outcome="Passed" testListId="8c84fa94-04c1-424b-9868-57a2d4851a1d" relativeResultsDirectory="078907f1-c0a8-4abb-876c-5f1f576cefaa">
      <Output>
        <DebugTrace>W, 3608, 18, 2012/11/02, 16:10:12.225, 1589484880053, QTAgent32.exe, ExtensionFramework : A Technology Manager with name Web is already registered.
W, 3608, 18, 2012/11/02, 16:10:12.857, 1589493920750, QTAgent32.exe, &lt;a class=success&gt;Playback - {1} [SUCCESS] MouseButtonClick - "[MSAA, VisibleOnly]ControlType='Edit'"
\0&lt;/a&gt;
W, 3608, 18, 2012/11/02, 16:10:13.045, 1589496611378, QTAgent32.exe, &lt;a class=success&gt;Playback - {2} [SUCCESS] SendKeys "[*]" - "[MSAA, VisibleOnly]ControlType='Edit'"
\0&lt;/a&gt;
W, 3608, 18, 2012/11/02, 16:10:13.731, 1589506436399, QTAgent32.exe, &lt;a class=success&gt;Playback - {3} [SUCCESS] MouseButtonClick - "[MSAA, VisibleOnly]ControlType='Button' &amp;&amp; Name='OK'"
\0&lt;/a&gt;
W, 3608, 18, 2012/11/02, 16:10:14.423, 1589516349864, QTAgent32.exe, &lt;a class=success&gt;Playback - {4} [SUCCESS] MouseButtonClick - "[MSAA, VisibleOnly]ControlType='Button' &amp;&amp; Name='OK'"
\0&lt;/a&gt;
W, 3608, 18, 2012/11/02, 16:10:14.677, 1589519981037, QTAgent32.exe, &lt;a class=success&gt;Playback - {5} [SUCCESS] MouseButtonClick - "[MSAA, VisibleOnly]ControlType='Button' &amp;&amp; Name='Clients &amp; Files'"
\0&lt;/a&gt;
W, 3608, 18, 2012/11/02, 16:10:14.972, 1589524208588, QTAgent32.exe, &lt;a class=success&gt;Playback - {6} [SUCCESS] MouseButtonClick - "[MSAA, VisibleOnly]ControlType='Button' &amp;&amp; Name='Clients &amp; Files'"
\0&lt;/a&gt;
W, 3608, 18, 2012/11/02, 16:10:15.682, 1589534367487, QTAgent32.exe, Playback - [WARNING] Internal warning: Window Not Found: [VisibleOnly]ControlType='Window' &amp;&amp; Name='Customer: txt1 tdsfs' &amp;&amp; ClassName='ThunderRT6MDIForm'
\0
E, 3608, 18, 2012/11/02, 16:10:15.682, 1589534370274, QTAgent32.exe, &lt;a class=failure&gt;Playback - {7} [FAILED] Function ElementFetcher::FindScreenElement failed to locate UI element (Searching: ;[VisibleOnly]ControlType='Window' &amp;&amp; Name='Customer: txt1 tdsfs' &amp;&amp; ClassName='ThunderRT6MDIForm') (The object specified was not found.)
\0&lt;/a&gt;
E, 3608, 18, 2012/11/02, 16:10:15.770, 1589535630145, QTAgent32.exe, Playback - [IMAGE] C:\Users\peter.zenin-ad\AppData\Local\Temp\UITestLogs\LastRun\RPF40DF.png
\0
W, 3608, 18, 2012/11/02, 16:10:15.770, 1589535632361, QTAgent32.exe, Playback - [WARNING] Internal warning: Couldn't find descendants that match QueryId
\0
W, 3608, 18, 2012/11/02, 16:10:15.770, 1589535635310, QTAgent32.exe, PERF WARNING: FindTopLevelWindowHelper::FindAllDescendents: took 696 ms. Expected it to take maximum 500 ms.
W, 3608, 18, 2012/11/02, 16:10:33.860, 1589794634575, QTAgent32.exe, Playback - [WARNING] Internal warning: Window Not Found: [VisibleOnly]ControlType='Window' &amp;&amp; Name='Customer: txt1 tdsfs' &amp;&amp; ClassName='ThunderRT6MDIForm'
\0
E, 3608, 18, 2012/11/02, 16:10:33.860, 1589794637486, QTAgent32.exe, &lt;a class=failure&gt;Playback - {8} [FAILED] Function ElementFetcher::FindScreenElement failed to locate UI element (Searching: ;[VisibleOnly]ControlType='Window' &amp;&amp; Name='Customer: txt1 tdsfs' &amp;&amp; ClassName='ThunderRT6MDIForm') (The object specified was not found.)
\0&lt;/a&gt;
E, 3608, 18, 2012/11/02, 16:10:33.950, 1589795926505, QTAgent32.exe, Playback - [IMAGE] C:\Users\peter.zenin-ad\AppData\Local\Temp\UITestLogs\LastRun\RPF87DE.png
\0
W, 3608, 18, 2012/11/02, 16:10:33.950, 1589795928682, QTAgent32.exe, Playback - [WARNING] Internal warning: Couldn't find descendants that match QueryId
\0
W, 3608, 18, 2012/11/02, 16:10:33.950, 1589795931591, QTAgent32.exe, PERF WARNING: FindTopLevelWindowHelper::FindAllDescendents: took 18179 ms. Expected it to take maximum 500 ms.
W, 3608, 18, 2012/11/02, 16:10:34.445, 1589803012216, QTAgent32.exe, Playback - [WARNING] Internal warning: Window with Class "ThunderRT6MDIForm" and Title "Customer: txt1 tdsfs" was not found, so similar window with Class "ThunderRT6MDIForm" and Title "Customer: autotest" was accepted
\0
W, 3608, 18, 2012/11/02, 16:10:35.723, 1589821317971, QTAgent32.exe, Playback - [WARNING] Internal warning: Incorrect flag set for InvokeProgrammaticAction\0
W, 3608, 18, 2012/11/02, 16:10:35.842, 1589823017883, QTAgent32.exe, &lt;a class=success&gt;Playback - {9} [SUCCESS] SetValueAsComboBox "Customers" - "[MSAA, VisibleOnly]ControlType='ComboBox'"  &lt; SetValueAsComboBox, set by clicking on the item in the list box &gt;
\0&lt;/a&gt;
W, 3608, 18, 2012/11/02, 16:10:36.186, 1589827938157, QTAgent32.exe, &lt;a class=success&gt;Playback - {10} [SUCCESS] MouseButtonClick - "[MSAA, VisibleOnly]ControlType='Button' &amp;&amp; Name='Add'"
\0&lt;/a&gt;
W, 3608, 18, 2012/11/02, 16:10:36.482, 1589832177604, QTAgent32.exe, &lt;a class=success&gt;Playback - {11} [SUCCESS] SendKeys "autotest" - "[MSAA, VisibleOnly]ControlType='RadioButton' &amp;&amp; Name='Personal Lines'"
\0&lt;/a&gt;
W, 3608, 18, 2012/11/02, 16:10:36.827, 1589837120827, QTAgent32.exe, &lt;a class=success&gt;Playback - {12} [SUCCESS] SetValueAsEditBox "autotest" - "[MSAA, VisibleOnly]ControlType='Edit'"  &lt; Set via SendKeys &gt;
\0&lt;/a&gt;
W, 3608, 18, 2012/11/02, 16:10:37.120, 1589841315837, QTAgent32.exe, &lt;a class=success&gt;Playback - {13} [SUCCESS] MouseButtonClick - "[MSAA, VisibleOnly]ControlType='Button' &amp;&amp; Name='OK'"
\0&lt;/a&gt;
W, 3608, 18, 2012/11/02, 16:10:37.492, 1589846642157, QTAgent32.exe, &lt;a class=success&gt;Playback - {14} [SUCCESS] MouseButtonClick - "[MSAA, VisibleOnly]ControlType='Button' &amp;&amp; Name='Yes'"
\0&lt;/a&gt;
W, 3608, 18, 2012/11/02, 16:10:37.675, 1589849260621, QTAgent32.exe, &lt;a class=success&gt;Playback - {15} [SUCCESS] SendKeys "^{HOME}" - "[MSAA, VisibleOnly]ControlType='Edit'"
\0&lt;/a&gt;
E, 3608, 18, 2012/11/02, 16:10:37.675, 1589849263439, QTAgent32.exe, Msaa.GetFocusedElement: could not find accessible object of foreground window
W, 3608, 18, 2012/11/02, 16:10:37.737, 1589850147395, QTAgent32.exe, &lt;a class=success&gt;Playback - {16} [SUCCESS] SendKeys "^+{END}" - "[MSAA, VisibleOnly]ControlType='Edit'"
\0&lt;/a&gt;
E, 3608, 18, 2012/11/02, 16:10:37.737, 1589850150285, QTAgent32.exe, Msaa.GetFocusedElement: could not find accessible object of foreground window
W, 3608, 18, 2012/11/02, 16:10:37.751, 1589850348247, QTAgent32.exe, &lt;a class=success&gt;Playback - {17} [SUCCESS] SendKeys "{DELETE}" - "[MSAA, VisibleOnly]ControlType='Edit'"
\0&lt;/a&gt;
W, 3608, 18, 2012/11/02, 16:10:37.804, 1589851109953, QTAgent32.exe, &lt;a class=success&gt;Playback - {18} [SUCCESS] SetValueAsEditBox "1" - "[MSAA, VisibleOnly]ControlType='Edit'"  &lt; Set via SendKeys &gt;
\0&lt;/a&gt;
W, 3608, 18, 2012/11/02, 16:10:37.989, 1589853755351, QTAgent32.exe, &lt;a class=success&gt;Playback - {19} [SUCCESS] SendKeys "^{HOME}" - "[MSAA, VisibleOnly]ControlType='Edit'"
\0&lt;/a&gt;
E, 3608, 18, 2012/11/02, 16:10:37.989, 1589853758167, QTAgent32.exe, Msaa.GetFocusedElement: could not find accessible object of foreground window
W, 3608, 18, 2012/11/02, 16:10:38.042, 1589854514161, QTAgent32.exe, &lt;a class=success&gt;Playback - {20} [SUCCESS] SendKeys "^+{END}" - "[MSAA, VisibleOnly]ControlType='Edit'"
\0&lt;/a&gt;
E, 3608, 18, 2012/11/02, 16:10:38.042, 1589854516643, QTAgent32.exe, Msaa.GetFocusedElement: could not find accessible object of foreground window
W, 3608, 18, 2012/11/02, 16:10:38.055, 1589854700816, QTAgent32.exe, &lt;a class=success&gt;Playback - {21} [SUCCESS] SendKeys "{DELETE}" - "[MSAA, VisibleOnly]ControlType='Edit'"
\0&lt;/a&gt;
W, 3608, 18, 2012/11/02, 16:10:38.113, 1589855534566, QTAgent32.exe, &lt;a class=success&gt;Playback - {22} [SUCCESS] SetValueAsEditBox "1" - "[MSAA, VisibleOnly]ControlType='Edit'"  &lt; Set via SendKeys &gt;
\0&lt;/a&gt;
W, 3608, 18, 2012/11/02, 16:10:38.420, 1589859935675, QTAgent32.exe, &lt;a class=success&gt;Playback - {23} [SUCCESS] MouseButtonClick - "[MSAA, VisibleOnly]ControlType='Button' &amp;&amp; Name='OK'"
\0&lt;/a&gt;
W, 3608, 18, 2012/11/02, 16:10:38.735, 1589864437268, QTAgent32.exe, &lt;a class=success&gt;Playback - {24} [SUCCESS] MouseButtonClick - "[MSAA, VisibleOnly]ControlType='Button'"
\0&lt;/a&gt;
W, 3608, 18, 2012/11/02, 16:10:39.032, 1589868691217, QTAgent32.exe, &lt;a class=success&gt;Playback - {25} [SUCCESS] MouseButtonClick - "[MSAA, VisibleOnly]ControlType='Button' &amp;&amp; Name='Add'"
\0&lt;/a&gt;
W, 3608, 18, 2012/11/02, 16:10:39.328, 1589872939378, QTAgent32.exe, &lt;a class=success&gt;Playback - {26} [SUCCESS] MouseButtonClick - "[MSAA, VisibleOnly]ControlType='Button' &amp;&amp; Name='OK'"
\0&lt;/a&gt;
W, 3608, 18, 2012/11/02, 16:10:41.557, 1589904831627, QTAgent32.exe, &lt;a class=success&gt;Playback - {27} [SUCCESS] MouseButtonClick - "[MSAA, VisibleOnly,Window]ControlType='Window' &amp;&amp; ClassName='ThunderRT6TextBox'"
\0&lt;/a&gt;
W, 3608, 18, 2012/11/02, 16:10:41.848, 1589909002277, QTAgent32.exe, &lt;a class=success&gt;Playback - {28} [SUCCESS] SetValueAsEditBox "HOME" - "[MSAA, VisibleOnly]ControlType='Edit'"  &lt; Set via SendKeys &gt;
\0&lt;/a&gt;
W, 3608, 18, 2012/11/02, 16:10:42.149, 1589913317550, QTAgent32.exe, &lt;a class=success&gt;Playback - {29} [SUCCESS] MouseButtonClick - "[MSAA, VisibleOnly]ControlType='Button' &amp;&amp; Name='OK'"
\0&lt;/a&gt;
W, 3608, 18, 2012/11/02, 16:10:42.379, 1589916611262, QTAgent32.exe, &lt;a class=success&gt;Playback - {30} [SUCCESS] MouseButtonClick - "[MSAA, VisibleOnly]ControlType='Button' &amp;&amp; Name='Options'"
\0&lt;/a&gt;
W, 3608, 18, 2012/11/02, 16:10:42.480, 1589918052026, QTAgent32.exe, FindScreenElementInSinglePass : Attempting to find control in one pass of search. Failures can occur.
W, 3608, 18, 2012/11/02, 16:10:42.635, 1589920266669, QTAgent32.exe, &lt;a class=success&gt;Playback - {31} [SUCCESS] MouseButtonClick - "[MSAA]ControlType='MenuItem' &amp;&amp; Name='Links'"
\0&lt;/a&gt;
W, 3608, 18, 2012/11/02, 16:10:42.735, 1589921703399, QTAgent32.exe, FindScreenElementInSinglePass : Attempting to find control in one pass of search. Failures can occur.
W, 3608, 18, 2012/11/02, 16:10:42.895, 1589923990195, QTAgent32.exe, &lt;a class=success&gt;Playback - {32} [SUCCESS] MouseButtonClick - "[MSAA]ControlType='MenuItem' &amp;&amp; Name='3rd Party Integration'"
\0&lt;/a&gt;
W, 3608, 18, 2012/11/02, 16:10:42.995, 1589925427181, QTAgent32.exe, FindScreenElementInSinglePass : Attempting to find control in one pass of search. Failures can occur.
W, 3608, 18, 2012/11/02, 16:10:43.155, 1589927712139, QTAgent32.exe, &lt;a class=success&gt;Playback - {33} [SUCCESS] MouseButtonClick - "[MSAA]ControlType='MenuItem' &amp;&amp; Name='Quote Select List'"
\0&lt;/a&gt;
W, 3608, 18, 2012/11/02, 16:10:45.090, 1589955002588, QTAgent32.exe, PERF WARNING: FindTopLevelWindowHelper::FindAllDescendents: took 1751 ms. Expected it to take maximum 500 ms.
W, 3608, 18, 2012/11/02, 16:10:45.777, 1589964874103, QTAgent32.exe, &lt;a class=success&gt;Playback - {34} [SUCCESS] MouseButtonClick - "[MSAA, VisibleOnly]ControlType='Button' &amp;&amp; Name='Ok'"
\0&lt;/a&gt;
W, 3608, 18, 2012/11/02, 16:10:49.739, 1590021582619, QTAgent32.exe, PERF WARNING: FindTopLevelWindowHelper::FindAllDescendents: took 3831 ms. Expected it to take maximum 500 ms.
W, 3608, 18, 2012/11/02, 16:10:50.036, 1590025815140, QTAgent32.exe, &lt;a class=success&gt;Playback - {35} [SUCCESS] SetValueAsEditBox "test1" - "[MSAA, VisibleOnly]ControlType='Edit'"  &lt; Set via SendKeys &gt;
\0&lt;/a&gt;
W, 3608, 18, 2012/11/02, 16:10:50.379, 1590030728736, QTAgent32.exe, &lt;a class=success&gt;Playback - {36} [SUCCESS] SetValueAsEditBox "test" - "[MSAA, VisibleOnly]ControlType='Edit'"  &lt; Set via SendKeys &gt;
\0&lt;/a&gt;
W, 3608, 18, 2012/11/02, 16:10:50.597, 1590033852205, QTAgent32.exe, &lt;a class=success&gt;Playback - {37} [SUCCESS] SendKeys "^{HOME}" - "[MSAA, VisibleOnly]ControlType='Edit'"
\0&lt;/a&gt;
E, 3608, 18, 2012/11/02, 16:10:50.597, 1590033854984, QTAgent32.exe, Msaa.GetFocusedElement: could not find accessible object of foreground window
W, 3608, 18, 2012/11/02, 16:10:50.675, 1590034971155, QTAgent32.exe, &lt;a class=success&gt;Playback - {38} [SUCCESS] SendKeys "^+{END}" - "[MSAA, VisibleOnly]ControlType='Edit'"
\0&lt;/a&gt;
E, 3608, 18, 2012/11/02, 16:10:50.675, 1590034974074, QTAgent32.exe, Msaa.GetFocusedElement: could not find accessible object of foreground window
W, 3608, 18, 2012/11/02, 16:10:50.691, 1590035193789, QTAgent32.exe, &lt;a class=success&gt;Playback - {39} [SUCCESS] SendKeys "{DELETE}" - "[MSAA, VisibleOnly]ControlType='Edit'"
\0&lt;/a&gt;
W, 3608, 18, 2012/11/02, 16:10:50.863, 1590037653596, QTAgent32.exe, &lt;a class=success&gt;Playback - {40} [SUCCESS] SetValueAsEditBox "test" - "[MSAA, VisibleOnly]ControlType='Edit'"  &lt; Set via SendKeys &gt;
\0&lt;/a&gt;
W, 3608, 18, 2012/11/02, 16:10:51.424, 1590045863571, QTAgent32.exe, Playback - [WARNING] Internal warning: Incorrect flag set for InvokeProgrammaticAction\0
W, 3608, 18, 2012/11/02, 16:10:51.752, 1590050395687, QTAgent32.exe, &lt;a class=success&gt;Playback - {41} [SUCCESS] SetValueAsComboBox "Account Director" - "[MSAA, VisibleOnly]ControlType='ComboBox'"  &lt; SetValueAsComboBox, set by clicking on the item in the list box &gt;
\0&lt;/a&gt;
W, 3608, 18, 2012/11/02, 16:10:52.345, 1590058904145, QTAgent32.exe, Playback - [WARNING] Internal warning: Incorrect flag set for InvokeProgrammaticAction\0
W, 3608, 18, 2012/11/02, 16:10:52.672, 1590063573412, QTAgent32.exe, &lt;a class=success&gt;Playback - {42} [SUCCESS] SetValueAsComboBox "Advertising" - "[MSAA, VisibleOnly]ControlType='ComboBox'"  &lt; SetValueAsComboBox, set by clicking on the item in the list box &gt;
\0&lt;/a&gt;
W, 3608, 18, 2012/11/02, 16:10:53.109, 1590069819991, QTAgent32.exe, &lt;a class=success&gt;Playback - {43} [SUCCESS] SetValueAsEditBox "160589" - "[MSAA, VisibleOnly]ControlType='Edit'"  &lt; Set via SendKeys &gt;
\0&lt;/a&gt;
W, 3608, 18, 2012/11/02, 16:10:53.546, 1590076072375, QTAgent32.exe, &lt;a class=success&gt;Playback - {44} [SUCCESS] MouseButtonClick - "[MSAA, VisibleOnly]ControlType='Edit'"
\0&lt;/a&gt;
W, 3608, 18, 2012/11/02, 16:10:53.952, 1590081881526, QTAgent32.exe, &lt;a class=success&gt;Playback - {45} [SUCCESS] SetValueAsEditBox "B338TH" - "[MSAA, VisibleOnly]ControlType='Edit'"  &lt; Set via SendKeys &gt;
\0&lt;/a&gt;
W, 3608, 18, 2012/11/02, 16:10:56.354, 1590116274283, QTAgent32.exe, &lt;a class=success&gt;Playback - {46} [SUCCESS] MouseButtonClick - "[MSAA, VisibleOnly]ControlType='Button' &amp;&amp; Name='Lookup...'"
\0&lt;/a&gt;
W, 3608, 18, 2012/11/02, 16:10:56.807, 1590122886041, QTAgent32.exe, &lt;a class=success&gt;Playback - {47} [SUCCESS] MouseButtonClick - "[MSAA, VisibleOnly]ControlType='Button' &amp;&amp; Name='Ok'"
\0&lt;/a&gt;
W, 3608, 18, 2012/11/02, 16:10:57.306, 1590130043019, QTAgent32.exe, &lt;a class=success&gt;Playback - {48} [SUCCESS] MouseButtonClick - "[MSAA, VisibleOnly]ControlType='Button' &amp;&amp; Name='Next &gt;'"
\0&lt;/a&gt;
W, 3608, 18, 2012/11/02, 16:10:57.727, 1590135938674, QTAgent32.exe, &lt;a class=success&gt;Playback - {49} [SUCCESS] SetValueAsEditBox "1989" - "[MSAA, VisibleOnly]ControlType='Edit'"  &lt; Set via SendKeys &gt;
\0&lt;/a&gt;
W, 3608, 18, 2012/11/02, 16:10:58.211, 1590142988099, QTAgent32.exe, &lt;a class=success&gt;Playback - {50} [SUCCESS] MouseButtonClick - "[MSAA, VisibleOnly]ControlType='Button' &amp;&amp; Name='Next &gt;'"
\0&lt;/a&gt;
W, 3608, 18, 2012/11/02, 16:10:58.429, 1590146151984, QTAgent32.exe, &lt;a class=success&gt;Playback - {51} [SUCCESS] MouseButtonClick - "[MSAA, VisibleOnly]ControlType='Button' &amp;&amp; Name='Next &gt;'"
\0&lt;/a&gt;
W, 3608, 18, 2012/11/02, 16:10:58.694, 1590149869460, QTAgent32.exe, &lt;a class=success&gt;Playback - {52} [SUCCESS] MouseButtonClick - "[MSAA, VisibleOnly]ControlType='Button' &amp;&amp; Name='Next &gt;'"
\0&lt;/a&gt;
W, 3608, 18, 2012/11/02, 16:10:59.100, 1590155593376, QTAgent32.exe, &lt;a class=success&gt;Playback - {53} [SUCCESS] SetValueAsEditBox "2345" - "[MSAA, VisibleOnly]ControlType='Edit'"  &lt; Set via SendKeys &gt;
\0&lt;/a&gt;
W, 3608, 18, 2012/11/02, 16:10:59.521, 1590161621044, QTAgent32.exe, &lt;a class=success&gt;Playback - {54} [SUCCESS] SetValueAsEditBox "2000" - "[MSAA, VisibleOnly]ControlType='Edit'"  &lt; Set via SendKeys &gt;
\0&lt;/a&gt;
W, 3608, 18, 2012/11/02, 16:10:59.942, 1590167654027, QTAgent32.exe, &lt;a class=success&gt;Playback - {55} [SUCCESS] SetValueAsEditBox "2000" - "[MSAA, VisibleOnly]ControlType='Edit'"  &lt; Set via SendKeys &gt;
\0&lt;/a&gt;
W, 3608, 18, 2012/11/02, 16:11:00.161, 1590170958149, QTAgent32.exe, &lt;a class=success&gt;Playback - {56} [SUCCESS] MouseButtonClick - "[MSAA, VisibleOnly]ControlType='Button' &amp;&amp; Name='Next &gt;'"
\0&lt;/a&gt;
W, 3608, 18, 2012/11/02, 16:11:00.567, 1590176586111, QTAgent32.exe, &lt;a class=success&gt;Playback - {57} [SUCCESS] SetValueAsEditBox "2345" - "[MSAA, VisibleOnly]ControlType='Edit'"  &lt; Set via SendKeys &gt;
\0&lt;/a&gt;
W, 3608, 18, 2012/11/02, 16:11:00.941, 1590182137475, QTAgent32.exe, &lt;a class=success&gt;Playback - {58} [SUCCESS] MouseButtonClick - "[MSAA, VisibleOnly]ControlType='Button' &amp;&amp; Name='Next &gt;'"
\0&lt;/a&gt;
W, 3608, 18, 2012/11/02, 16:11:01.331, 1590187605707, QTAgent32.exe, &lt;a class=success&gt;Playback - {59} [SUCCESS] MouseButtonClick - "[MSAA, VisibleOnly]ControlType='Button' &amp;&amp; Name='Next &gt;'"
\0&lt;/a&gt;
W, 3608, 18, 2012/11/02, 16:11:01.627, 1590191927015, QTAgent32.exe, &lt;a class=success&gt;Playback - {60} [SUCCESS] MouseButtonClick - "[MSAA, VisibleOnly]ControlType='Button' &amp;&amp; Name='Quote'"
\0&lt;/a&gt;
W, 3608, 18, 2012/11/02, 16:11:02.236, 1590200557949, QTAgent32.exe, &lt;a class=success&gt;Playback - {61} [SUCCESS] MouseButtonClick - "[MSAA, VisibleOnly]ControlType='Button' &amp;&amp; Name='No'"
\0&lt;/a&gt;
W, 3608, 18, 2012/11/02, 16:11:09.350, 1590302334230, QTAgent32.exe, PERF WARNING: FindTopLevelWindowHelper::FindAllDescendents: took 7004 ms. Expected it to take maximum 500 ms.
W, 3608, 18, 2012/11/02, 16:11:09.678, 1590307030062, QTAgent32.exe, &lt;a class=success&gt;Playback - {62} [SUCCESS] MouseButtonClick - "[MSAA, VisibleOnly]ControlType='Client'"
\0&lt;/a&gt;
W, 3608, 18, 2012/11/02, 16:11:12.189, 1590343084125, QTAgent32.exe, &lt;a class=success&gt;Playback - {63} [SUCCESS] SendKeys "{End}" - "[MSAA, VisibleOnly]ControlType='Client'"
\0&lt;/a&gt;
W, 3608, 18, 2012/11/02, 16:11:12.689, 1590350140423, QTAgent32.exe, &lt;a class=success&gt;Playback - {64} [SUCCESS] MouseButtonClick - "[MSAA, VisibleOnly]ControlType='Button' &amp;&amp; Name='Premium...'"
\0&lt;/a&gt;
W, 3608, 18, 2012/11/02, 16:11:12.954, 1590353934734, QTAgent32.exe, &lt;a class=success&gt;Playback - {65} [SUCCESS] SendKeys "^{HOME}" - "[MSAA, VisibleOnly]ControlType='Edit'"
\0&lt;/a&gt;
E, 3608, 18, 2012/11/02, 16:11:12.954, 1590353937719, QTAgent32.exe, Msaa.GetFocusedElement: could not find accessible object of foreground window
W, 3608, 18, 2012/11/02, 16:11:13.047, 1590355274232, QTAgent32.exe, &lt;a class=success&gt;Playback - {66} [SUCCESS] SendKeys "^+{END}" - "[MSAA, VisibleOnly]ControlType='Edit'"
\0&lt;/a&gt;
E, 3608, 18, 2012/11/02, 16:11:13.047, 1590355276893, QTAgent32.exe, Msaa.GetFocusedElement: could not find accessible object of foreground window
W, 3608, 18, 2012/11/02, 16:11:13.063, 1590355496810, QTAgent32.exe, &lt;a class=success&gt;Playback - {67} [SUCCESS] SendKeys "{DELETE}" - "[MSAA, VisibleOnly]ControlType='Edit'"
\0&lt;/a&gt;
W, 3608, 18, 2012/11/02, 16:11:13.313, 1590359076788, QTAgent32.exe, &lt;a class=success&gt;Playback - {68} [SUCCESS] SetValueAsEditBox "10000" - "[MSAA, VisibleOnly]ControlType='Edit'"  &lt; Set via SendKeys &gt;
\0&lt;/a&gt;
W, 3608, 18, 2012/11/02, 16:11:13.859, 1590366980898, QTAgent32.exe, &lt;a class=success&gt;Playback - {69} [SUCCESS] SetValueAsEditBox "6515616" - "[MSAA, VisibleOnly]ControlType='Edit'"  &lt; Set via SendKeys &gt;
\0&lt;/a&gt;
W, 3608, 18, 2012/11/02, 16:11:14.311, 1590373371662, QTAgent32.exe, &lt;a class=success&gt;Playback - {70} [SUCCESS] MouseButtonClick - "[MSAA, VisibleOnly]ControlType='Button' &amp;&amp; Name='OK'"
\0&lt;/a&gt;
W, 3608, 18, 2012/11/02, 16:11:14.748, 1590379792905, QTAgent32.exe, &lt;a class=success&gt;Playback - {71} [SUCCESS] MouseButtonClick - "[MSAA, VisibleOnly]ControlType='Button' &amp;&amp; Name='Accept'"
\0&lt;/a&gt;
W, 3608, 18, 2012/11/02, 16:11:15.216, 1590386334513, QTAgent32.exe, &lt;a class=success&gt;Playback - {72} [SUCCESS] MouseButtonClick - "[MSAA, VisibleOnly]ControlType='Button' &amp;&amp; Name='Yes'"
\0&lt;/a&gt;
W, 3608, 18, 2012/11/02, 16:11:17.431, 1590418116722, QTAgent32.exe, &lt;a class=success&gt;Playback - {73} [SUCCESS] MouseButtonClick - "[MSAA, VisibleOnly]ControlType='Button' &amp;&amp; Name='Ok'"
\0&lt;/a&gt;
W, 3608, 18, 2012/11/02, 16:11:28.898, 1590582216992, QTAgent32.exe, Playback - [WARNING] Internal warning: Window Not Found: [VisibleOnly]ControlType='Window' &amp;&amp; Name='Save the file as' &amp;&amp; ClassName='#32770'
\0
E, 3608, 18, 2012/11/02, 16:11:28.898, 1590582219930, QTAgent32.exe, &lt;a class=failure&gt;Playback - {74} [FAILED] Function ElementFetcher::FindScreenElement failed to locate UI element (Searching: ;[VisibleOnly]ControlType='Window' &amp;&amp; Name='Save the file as' &amp;&amp; ClassName='#32770') (The object specified was not found.)
\0&lt;/a&gt;
E, 3608, 18, 2012/11/02, 16:11:29.007, 1590583783482, QTAgent32.exe, Playback - [IMAGE] C:\Users\peter.zenin-ad\AppData\Local\Temp\UITestLogs\LastRun\RPF5EBD.png
\0
W, 3608, 18, 2012/11/02, 16:11:29.007, 1590583785713, QTAgent32.exe, Playback - [WARNING] Internal warning: Couldn't find descendants that match QueryId
\0
W, 3608, 18, 2012/11/02, 16:11:29.007, 1590583788613, QTAgent32.exe, PERF WARNING: FindTopLevelWindowHelper::FindAllDescendents: took 11466 ms. Expected it to take maximum 500 ms.
W, 3608, 18, 2012/11/02, 16:11:47.198, 1590844223305, QTAgent32.exe, Playback - [WARNING] Internal warning: Window Not Found: [VisibleOnly]ControlType='Window' &amp;&amp; Name='Save the file as' &amp;&amp; ClassName='#32770'
\0
E, 3608, 18, 2012/11/02, 16:11:47.198, 1590844226400, QTAgent32.exe, &lt;a class=failure&gt;Playback - {75} [FAILED] Function ElementFetcher::FindScreenElement failed to locate UI element (Searching: ;[VisibleOnly]ControlType='Window' &amp;&amp; Name='Save the file as' &amp;&amp; ClassName='#32770') (The object specified was not found.)
\0&lt;/a&gt;
E, 3608, 18, 2012/11/02, 16:11:47.292, 1590845747367, QTAgent32.exe, Playback - [IMAGE] C:\Users\peter.zenin-ad\AppData\Local\Temp\UITestLogs\LastRun\RPFA639.png
\0
W, 3608, 18, 2012/11/02, 16:11:47.292, 1590845749594, QTAgent32.exe, Playback - [WARNING] Internal warning: Couldn't find descendants that match QueryId
\0
W, 3608, 18, 2012/11/02, 16:11:47.292, 1590845752502, QTAgent32.exe, PERF WARNING: FindTopLevelWindowHelper::FindAllDescendents: took 18295 ms. Expected it to take maximum 500 ms.
W, 3608, 18, 2012/11/02, 16:11:50.412, 1590890236436, QTAgent32.exe, Playback - [WARNING] Internal warning: Smart Match failed
\0
W, 3608, 18, 2012/11/02, 16:11:51.847, 1590910784986, QTAgent32.exe, Playback - [WARNING] Internal warning: Window Not Found: [VisibleOnly]ControlType='Window' &amp;&amp; Name='Save the file as' &amp;&amp; ClassName='#32770'
\0
E, 3608, 18, 2012/11/02, 16:11:51.847, 1590910788065, QTAgent32.exe, &lt;a class=failure&gt;Playback - {76} [FAILED] Function ElementFetcher::FindScreenElement failed to locate UI element (Searching: ;[VisibleOnly]ControlType='Window' &amp;&amp; Name='Save the file as' &amp;&amp; ClassName='#32770') (The object specified was not found.)
\0&lt;/a&gt;
E, 3608, 18, 2012/11/02, 16:11:51.941, 1590912311041, QTAgent32.exe, Playback - [IMAGE] C:\Users\peter.zenin-ad\AppData\Local\Temp\UITestLogs\LastRun\RPFB863.png
\0
W, 3608, 18, 2012/11/02, 16:11:51.941, 1590912313353, QTAgent32.exe, Playback - [WARNING] Internal warning: Couldn't find descendants that match QueryId
\0
W, 3608, 18, 2012/11/02, 16:11:51.941, 1590912316383, QTAgent32.exe, PERF WARNING: FindTopLevelWindowHelper::FindAllDescendents: took 4648 ms. Expected it to take maximum 500 ms.
E, 3608, 18, 2012/11/02, 16:11:51.941, 1590912318181, QTAgent32.exe, Exception: System.Runtime.InteropServices.COMException
	Message: Error HRESULT E_FAIL has been returned from a call to a COM component.
	Stack Trace:    at Microsoft.VisualStudio.TestTools.UITest.Playback.Engine.IRPFPlayback.FindAllScreenElements(IScreenElement pScreenElementStart, String bstrQueryId, Object&amp; pvarResKeys, Int32 cResKeys, Int32 nMaxDepth, Object[]&amp; foundDescendants)
   at Microsoft.VisualStudio.TestTools.UITest.Playback.ScreenElement.FindTopLevelWindowHelper(String queryId)
	BaseExceptionMessage: Error HRESULT E_FAIL has been returned from a call to a COM component.

E, 3608, 18, 2012/11/02, 16:11:52.097, 1590914357215, QTAgent32.exe, AL: Playback Error: Microsoft.VisualStudio.TestTools.UITest.Extension.UITestControlNotFoundException: The playback failed to find the control with the given search properties. Additional Details: 
TechnologyName:  'MSAA'
ControlType:  'Window'
Name:  'Save the file as'
ClassName:  '#32770'
 ---&gt; System.Runtime.InteropServices.COMException: Error HRESULT E_FAIL has been returned from a call to a COM component.
   at Microsoft.VisualStudio.TestTools.UITest.Playback.Engine.IRPFPlayback.FindAllScreenElements(IScreenElement pScreenElementStart, String bstrQueryId, Object&amp; pvarResKeys, Int32 cResKeys, Int32 nMaxDepth, Object[]&amp; foundDescendants)
   at Microsoft.VisualStudio.TestTools.UITest.Playback.ScreenElement.FindTopLevelWindowHelper(String queryId)
   at Microsoft.VisualStudio.TestTools.UITest.Playback.ScreenElement.FindFromPartialQueryId(String queryId)
   at Microsoft.VisualStudio.TestTools.UITesting.UITestControl..ctor(String queryId)
   --- End of inner exception stack trace ---
   at Microsoft.VisualStudio.TestTools.UITesting.Playback.MapControlNotFoundException(COMException ex, IPlaybackContext context)
   at Microsoft.VisualStudio.TestTools.UITesting.Playback.MapAndThrowComException(COMException innerException, IPlaybackContext context)
   at Microsoft.VisualStudio.TestTools.UITesting.Playback.MapAndThrowException(SystemException exception, IPlaybackContext context)
   at Microsoft.VisualStudio.TestTools.UITesting.Playback.MapAndThrowException(SystemException exception, String queryId)
   at Microsoft.VisualStudio.TestTools.UITesting.UITestControl..ctor(String queryId)
   at Microsoft.VisualStudio.TestTools.UITesting.SearchHelper.SearchTopLevelWindow(ISearchArgument topLevelSearchArg, String topLevelElementQueryId)
   at Microsoft.VisualStudio.TestTools.UITesting.SearchHelper.GetTitleUpdatedTopLevelWindow(ISearchArgument topLevelSearchArg, String queryId, IList`1 windowTitles)
   at Microsoft.VisualStudio.TestTools.UITesting.SearchHelper.GetTopLevelElement(Boolean useCache, Boolean useCacheOnly, ISearchArgument searchArg, IList`1 windowTitles, Int32&amp; timeLeft)
   at Microsoft.VisualStudio.TestTools.UITesting.SearchHelper.GetElement(Boolean useCache, ISearchArgument searchArg)
   at Microsoft.VisualStudio.TestTools.UITesting.SearchHelper.Search(ISearchArgument searchArg)
   at Microsoft.VisualStudio.TestTools.UITesting.UITestControl.FindInternal()
   at Microsoft.VisualStudio.TestTools.UITesting.UITestControl.FindControlIfNecessary()
   at Microsoft.VisualStudio.TestTools.UITesting.UITestControl.Click(MouseButtons button, ModifierKeys modifierKeys, Point relativeCoordinates)
   at Microsoft.VisualStudio.TestTools.UITesting.Mouse.ClickImplementation(UITestControl control, MouseButtons button, ModifierKeys modifierKeys, Point relativeCoordinate)
   at Microsoft.VisualStudio.TestTools.UITesting.Mouse.ClickImplementationWrapper(UITestControl control, MouseButtons button, ModifierKeys modifierKeys, Point relativeCoordinate)
W, 3608, 18, 2012/11/02, 16:11:52.097, 1590914359910, QTAgent32.exe, PlaybackErrorHandler: Ignoring exception as ContinueOnError is set.
W, 3608, 18, 2012/11/02, 16:11:52.487, 1590920150547, QTAgent32.exe, &lt;a class=success&gt;Playback - {77} [SUCCESS] MouseButtonClick - "[MSAA, VisibleOnly]ControlType='Button' &amp;&amp; Name='Ok'"
\0&lt;/a&gt;
W, 3608, 18, 2012/11/02, 16:11:52.955, 1590926650987, QTAgent32.exe, &lt;a class=success&gt;Playback - {78} [SUCCESS] MouseButtonClick - "[MSAA, VisibleOnly]ControlType='Button' &amp;&amp; Name='Ok'"
\0&lt;/a&gt;
W, 3608, 18, 2012/11/02, 16:11:53.501, 1590934460742, QTAgent32.exe, &lt;a class=success&gt;Playback - {79} [SUCCESS] SetValueAsEditBox "B338TH" - "[MSAA, VisibleOnly]ControlType='Edit'"  &lt; Set via SendKeys &gt;
\0&lt;/a&gt;
W, 3608, 18, 2012/11/02, 16:11:55.982, 1590969971217, QTAgent32.exe, &lt;a class=success&gt;Playback - {80} [SUCCESS] MouseButtonClick - "[MSAA, VisibleOnly]ControlType='Button' &amp;&amp; Name='Lookup...'"
\0&lt;/a&gt;
W, 3608, 18, 2012/11/02, 16:11:56.387, 1590975873318, QTAgent32.exe, &lt;a class=success&gt;Playback - {81} [SUCCESS] MouseButtonClick - "[MSAA, VisibleOnly]ControlType='Button' &amp;&amp; Name='Ok'"
\0&lt;/a&gt;
W, 3608, 18, 2012/11/02, 16:11:56.871, 1590982842098, QTAgent32.exe, &lt;a class=success&gt;Playback - {82} [SUCCESS] MouseButtonClick - "[MSAA, VisibleOnly]ControlType='Button' &amp;&amp; Name='Confirm'"
\0&lt;/a&gt;
W, 3608, 18, 2012/11/02, 16:12:16.169, 1591259008982, QTAgent32.exe, Playback - [WARNING] Internal warning: Window Not Found: [VisibleOnly]ControlType='Window' &amp;&amp; Name='insur-E.tam' &amp;&amp; ClassName='#32770'
\0
E, 3608, 18, 2012/11/02, 16:12:16.169, 1591259011822, QTAgent32.exe, &lt;a class=failure&gt;Playback - {83} [FAILED] Function ElementFetcher::FindScreenElement failed to locate UI element (Searching: ;[VisibleOnly]ControlType='Window' &amp;&amp; Name='insur-E.tam' &amp;&amp; ClassName='#32770') (The object specified was not found.)
\0&lt;/a&gt;
E, 3608, 18, 2012/11/02, 16:12:16.263, 1591260463023, QTAgent32.exe, Playback - [IMAGE] C:\Users\peter.zenin-ad\AppData\Local\Temp\UITestLogs\LastRun\RPF1764.png
\0
W, 3608, 18, 2012/11/02, 16:12:16.263, 1591260465199, QTAgent32.exe, Playback - [WARNING] Internal warning: Couldn't find descendants that match QueryId
\0
W, 3608, 18, 2012/11/02, 16:12:16.263, 1591260468217, QTAgent32.exe, PERF WARNING: FindTopLevelWindowHelper::FindAllDescendents: took 19290 ms. Expected it to take maximum 500 ms.
W, 3608, 18, 2012/11/02, 16:12:34.844, 1591526376143, QTAgent32.exe, Playback - [WARNING] Internal warning: Window Not Found: [VisibleOnly]ControlType='Window' &amp;&amp; Name='insur-E.tam' &amp;&amp; ClassName='#32770'
\0
E, 3608, 18, 2012/11/02, 16:12:34.844, 1591526379455, QTAgent32.exe, &lt;a class=failure&gt;Playback - {84} [FAILED] Function ElementFetcher::FindScreenElement failed to locate UI element (Searching: ;[VisibleOnly]ControlType='Window' &amp;&amp; Name='insur-E.tam' &amp;&amp; ClassName='#32770') (The object specified was not found.)
\0&lt;/a&gt;
E, 3608, 18, 2012/11/02, 16:12:34.937, 1591527872302, QTAgent32.exe, Playback - [IMAGE] C:\Users\peter.zenin-ad\AppData\Local\Temp\UITestLogs\LastRun\RPF6057.png
\0
W, 3608, 18, 2012/11/02, 16:12:34.937, 1591527874489, QTAgent32.exe, Playback - [WARNING] Internal warning: Couldn't find descendants that match QueryId
\0
W, 3608, 18, 2012/11/02, 16:12:34.937, 1591527877485, QTAgent32.exe, PERF WARNING: FindTopLevelWindowHelper::FindAllDescendents: took 18675 ms. Expected it to take maximum 500 ms.
W, 3608, 18, 2012/11/02, 16:12:38.058, 1591572390654, QTAgent32.exe, Playback - [WARNING] Internal warning: Smart Match failed
\0
W, 3608, 18, 2012/11/02, 16:12:39.493, 1591592939958, QTAgent32.exe, Playback - [WARNING] Internal warning: Window Not Found: [VisibleOnly]ControlType='Window' &amp;&amp; Name='insur-E.tam' &amp;&amp; ClassName='#32770'
\0
E, 3608, 18, 2012/11/02, 16:12:39.493, 1591592943016, QTAgent32.exe, &lt;a class=failure&gt;Playback - {85} [FAILED] Function ElementFetcher::FindScreenElement failed to locate UI element (Searching: ;[VisibleOnly]ControlType='Window' &amp;&amp; Name='insur-E.tam' &amp;&amp; ClassName='#32770') (The object specified was not found.)
\0&lt;/a&gt;
E, 3608, 18, 2012/11/02, 16:12:39.587, 1591594431430, QTAgent32.exe, Playback - [IMAGE] C:\Users\peter.zenin-ad\AppData\Local\Temp\UITestLogs\LastRun\RPF7280.png
\0
W, 3608, 18, 2012/11/02, 16:12:39.587, 1591594433690, QTAgent32.exe, Playback - [WARNING] Internal warning: Couldn't find descendants that match QueryId
\0
W, 3608, 18, 2012/11/02, 16:12:39.587, 1591594436638, QTAgent32.exe, PERF WARNING: FindTopLevelWindowHelper::FindAllDescendents: took 4648 ms. Expected it to take maximum 500 ms.
E, 3608, 18, 2012/11/02, 16:12:39.587, 1591594438450, QTAgent32.exe, Exception: System.Runtime.InteropServices.COMException
	Message: Error HRESULT E_FAIL has been returned from a call to a COM component.
	Stack Trace:    at Microsoft.VisualStudio.TestTools.UITest.Playback.Engine.IRPFPlayback.FindAllScreenElements(IScreenElement pScreenElementStart, String bstrQueryId, Object&amp; pvarResKeys, Int32 cResKeys, Int32 nMaxDepth, Object[]&amp; foundDescendants)
   at Microsoft.VisualStudio.TestTools.UITest.Playback.ScreenElement.FindTopLevelWindowHelper(String queryId)
	BaseExceptionMessage: Error HRESULT E_FAIL has been returned from a call to a COM component.

E, 3608, 18, 2012/11/02, 16:12:39.587, 1591594443740, QTAgent32.exe, Window 15729892 not responding. Last Win32 error 0
E, 3608, 18, 2012/11/02, 16:12:39.587, 1591594447533, QTAgent32.exe, Window 15729892 not responding. Last Win32 error 1400
E, 3608, 18, 2012/11/02, 16:12:39.587, 1591594450888, QTAgent32.exe, GetClassName for handle 15729892 failed
E, 3608, 18, 2012/11/02, 16:12:39.587, 1591594460189, QTAgent32.exe, Window 15729892 not responding. Last Win32 error 1400
E, 3608, 18, 2012/11/02, 16:12:39.587, 1591594461362, QTAgent32.exe, GetClassName for handle 15729892 failed
E, 3608, 18, 2012/11/02, 16:12:39.587, 1591594462160, QTAgent32.exe, GetClassName for handle 15729892 failed
E, 3608, 18, 2012/11/02, 16:12:39.696, 1591595840075, QTAgent32.exe, AL: Playback Error: Microsoft.VisualStudio.TestTools.UITest.Extension.UITestControlNotFoundException: The playback failed to find the control with the given search properties. Additional Details: 
TechnologyName:  'MSAA'
ControlType:  'Window'
 ---&gt; System.Runtime.InteropServices.COMException: Error HRESULT E_FAIL has been returned from a call to a COM component.
   at Microsoft.VisualStudio.TestTools.UITest.Playback.Engine.IRPFPlayback.FindAllScreenElements(IScreenElement pScreenElementStart, String bstrQueryId, Object&amp; pvarResKeys, Int32 cResKeys, Int32 nMaxDepth, Object[]&amp; foundDescendants)
   at Microsoft.VisualStudio.TestTools.UITest.Playback.ScreenElement.FindTopLevelWindowHelper(String queryId)
   at Microsoft.VisualStudio.TestTools.UITest.Playback.ScreenElement.FindFromPartialQueryId(String queryId)
   at Microsoft.VisualStudio.TestTools.UITesting.UITestControl..ctor(String queryId)
   --- End of inner exception stack trace ---
   at Microsoft.VisualStudio.TestTools.UITesting.Playback.MapControlNotFoundException(COMException ex, IPlaybackContext context)
   at Microsoft.VisualStudio.TestTools.UITesting.Playback.MapAndThrowComException(COMException innerException, IPlaybackContext context)
   at Microsoft.VisualStudio.TestTools.UITesting.Playback.MapAndThrowException(SystemException exception, IPlaybackContext context)
   at Microsoft.VisualStudio.TestTools.UITesting.Playback.MapAndThrowException(SystemException exception, String queryId)
   at Microsoft.VisualStudio.TestTools.UITesting.UITestControl..ctor(String queryId)
   at Microsoft.VisualStudio.TestTools.UITesting.SearchHelper.SearchTopLevelWindow(ISearchArgument topLevelSearchArg, String topLevelElementQueryId)
   at Microsoft.VisualStudio.TestTools.UITesting.SearchHelper.GetTitleUpdatedTopLevelWindow(ISearchArgument topLevelSearchArg, String queryId, IList`1 windowTitles)
   at Microsoft.VisualStudio.TestTools.UITesting.SearchHelper.GetTopLevelElement(Boolean useCache, Boolean useCacheOnly, ISearchArgument searchArg, IList`1 windowTitles, Int32&amp; timeLeft)
   at Microsoft.VisualStudio.TestTools.UITesting.SearchHelper.GetElement(Boolean useCache, ISearchArgument searchArg)
   at Microsoft.VisualStudio.TestTools.UITesting.SearchHelper.Search(ISearchArgument searchArg)
   at Microsoft.VisualStudio.TestTools.UITesting.UITestControl.FindInternal()
   at Microsoft.VisualStudio.TestTools.UITesting.UITestControl.FindControlIfNecessary()
   at Microsoft.VisualStudio.TestTools.UITesting.UITestControl.Click(MouseButtons button, ModifierKeys modifierKeys, Point relativeCoordinates)
   at Microsoft.VisualStudio.TestTools.UITesting.Mouse.ClickImplementation(UITestControl control, MouseButtons button, ModifierKeys modifierKeys, Point relativeCoordinate)
   at Microsoft.VisualStudio.TestTools.UITesting.Mouse.ClickImplementationWrapper(UITestControl control, MouseButtons button, ModifierKeys modifierKeys, Point relativeCoordinate)
W, 3608, 18, 2012/11/02, 16:12:39.696, 1591595841911, QTAgent32.exe, PlaybackErrorHandler: Ignoring exception as ContinueOnError is set.
W, 3608, 18, 2012/11/02, 16:12:40.039, 1591600757670, QTAgent32.exe, &lt;a class=success&gt;Playback - {86} [SUCCESS] Check - "[MSAA, VisibleOnly]ControlType='CheckBox' &amp;&amp; Name='Defer Printing?'"
\0&lt;/a&gt;
W, 3608, 18, 2012/11/02, 16:12:40.741, 1591610999015, QTAgent32.exe, &lt;a class=success&gt;Playback - {87} [SUCCESS] MouseButtonClick - "[MSAA, VisibleOnly]ControlType='Button' &amp;&amp; Name='Ok'"
\0&lt;/a&gt;
W, 3608, 18, 2012/11/02, 16:12:41.771, 1591625634300, QTAgent32.exe, PERF WARNING: FindTopLevelWindowHelper::FindAllDescendents: took 926 ms. Expected it to take maximum 500 ms.
W, 3608, 18, 2012/11/02, 16:12:42.114, 1591630464388, QTAgent32.exe, &lt;a class=success&gt;Playback - {88} [SUCCESS] Uncheck - "[MSAA, VisibleOnly]ControlType='CheckBox' &amp;&amp; Name='Add Activity'"
\0&lt;/a&gt;
W, 3608, 18, 2012/11/02, 16:12:42.988, 1591643057437, QTAgent32.exe, &lt;a class=success&gt;Playback - {89} [SUCCESS] MouseButtonClick - "[MSAA, VisibleOnly]ControlType='Button' &amp;&amp; Name='Ok'"
\0&lt;/a&gt;
W, 3608, 18, 2012/11/02, 16:12:43.424, 1591649349124, QTAgent32.exe, &lt;a class=success&gt;Playback - {90} [SUCCESS] MouseButtonClick - "[MSAA, VisibleOnly]ControlType='Button' &amp;&amp; Name='Ok'"
\0&lt;/a&gt;
W, 3608, 18, 2012/11/02, 16:12:51.256, 1591761363861, QTAgent32.exe, PERF WARNING: FindTopLevelWindowHelper::FindAllDescendents: took 7598 ms. Expected it to take maximum 500 ms.
W, 3608, 18, 2012/11/02, 16:12:53.549, 1591794183390, QTAgent32.exe, &lt;a class=success&gt;Playback - {91} [SUCCESS] MouseButtonClick - "[MSAA, VisibleOnly]ControlType='Button' &amp;&amp; Name='OK'"
\0&lt;/a&gt;
W, 3608, 18, 2012/11/02, 16:12:54.875, 1591813303395, QTAgent32.exe, Playback - [WARNING] Internal warning: Window Not Found: [VisibleOnly]ControlType='Window' &amp;&amp; Name='Tamxml7' &amp;&amp; ClassName='TMessageForm'
\0
E, 3608, 18, 2012/11/02, 16:12:54.875, 1591813306213, QTAgent32.exe, &lt;a class=failure&gt;Playback - {92} [FAILED] Function ElementFetcher::FindScreenElement failed to locate UI element (Searching: ;[VisibleOnly]ControlType='Window' &amp;&amp; Name='Tamxml7' &amp;&amp; ClassName='TMessageForm') (The object specified was not found.)
\0&lt;/a&gt;
E, 3608, 18, 2012/11/02, 16:12:54.985, 1591814874907, QTAgent32.exe, Playback - [IMAGE] C:\Users\peter.zenin-ad\AppData\Local\Temp\UITestLogs\LastRun\RPFAE97.png
\0
W, 3608, 18, 2012/11/02, 16:12:54.985, 1591814877034, QTAgent32.exe, Playback - [WARNING] Internal warning: Couldn't find descendants that match QueryId
\0
W, 3608, 18, 2012/11/02, 16:12:54.985, 1591814879990, QTAgent32.exe, PERF WARNING: FindTopLevelWindowHelper::FindAllDescendents: took 1336 ms. Expected it to take maximum 500 ms.
W, 3608, 18, 2012/11/02, 16:13:12.988, 1592072620486, QTAgent32.exe, Playback - [WARNING] Internal warning: Window Not Found: [VisibleOnly]ControlType='Window' &amp;&amp; Name='Tamxml7' &amp;&amp; ClassName='TMessageForm'
\0
E, 3608, 18, 2012/11/02, 16:13:12.988, 1592072624077, QTAgent32.exe, &lt;a class=failure&gt;Playback - {93} [FAILED] Function ElementFetcher::FindScreenElement failed to locate UI element (Searching: ;[VisibleOnly]ControlType='Window' &amp;&amp; Name='Tamxml7' &amp;&amp; ClassName='TMessageForm') (The object specified was not found.)
\0&lt;/a&gt;
E, 3608, 18, 2012/11/02, 16:13:13.097, 1592074260474, QTAgent32.exe, Playback - [IMAGE] C:\Users\peter.zenin-ad\AppData\Local\Temp\UITestLogs\LastRun\RPFF558.png
\0
W, 3608, 18, 2012/11/02, 16:13:13.097, 1592074262629, QTAgent32.exe, Playback - [WARNING] Internal warning: Couldn't find descendants that match QueryId
\0
W, 3608, 18, 2012/11/02, 16:13:13.097, 1592074265578, QTAgent32.exe, PERF WARNING: FindTopLevelWindowHelper::FindAllDescendents: took 18115 ms. Expected it to take maximum 500 ms.
W, 3608, 18, 2012/11/02, 16:13:13.550, 1592080604644, QTAgent32.exe, Playback - [WARNING] Internal warning: Smart Match failed
\0
W, 3608, 18, 2012/11/02, 16:13:13.706, 1592082838530, QTAgent32.exe, Playback - [WARNING] Internal warning: Smart Match failed
\0
W, 3608, 18, 2012/11/02, 16:13:13.878, 1592085297878, QTAgent32.exe, Playback - [WARNING] Internal warning: Smart Match failed
\0
W, 3608, 18, 2012/11/02, 16:13:14.034, 1592087530816, QTAgent32.exe, Playback - [WARNING] Internal warning: Smart Match failed
\0
W, 3608, 18, 2012/11/02, 16:13:14.190, 1592089770863, QTAgent32.exe, Playback - [WARNING] Internal warning: Smart Match failed
\0
W, 3608, 18, 2012/11/02, 16:13:14.361, 1592092227558, QTAgent32.exe, Playback - [WARNING] Internal warning: Smart Match failed
\0
W, 3608, 18, 2012/11/02, 16:13:14.533, 1592094675995, QTAgent32.exe, Playback - [WARNING] Internal warning: Smart Match failed
\0
W, 3608, 18, 2012/11/02, 16:13:14.689, 1592096911330, QTAgent32.exe, Playback - [WARNING] Internal warning: Smart Match failed
\0
W, 3608, 18, 2012/11/02, 16:13:14.860, 1592099374615, QTAgent32.exe, Playback - [WARNING] Internal warning: Smart Match failed
\0
W, 3608, 18, 2012/11/02, 16:13:15.032, 1592101825352, QTAgent32.exe, Playback - [WARNING] Internal warning: Smart Match failed
\0
W, 3608, 18, 2012/11/02, 16:13:15.188, 1592104057998, QTAgent32.exe, Playback - [WARNING] Internal warning: Smart Match failed
\0
W, 3608, 18, 2012/11/02, 16:13:15.344, 1592106291420, QTAgent32.exe, Playback - [WARNING] Internal warning: Smart Match failed
\0
W, 3608, 18, 2012/11/02, 16:13:15.578, 1592109642079, QTAgent32.exe, Playback - [WARNING] Internal warning: Smart Match failed
\0
W, 3608, 18, 2012/11/02, 16:13:15.750, 1592112106219, QTAgent32.exe, Playback - [WARNING] Internal warning: Smart Match failed
\0
W, 3608, 18, 2012/11/02, 16:13:15.921, 1592114559769, QTAgent32.exe, Playback - [WARNING] Internal warning: Smart Match failed
\0
W, 3608, 18, 2012/11/02, 16:13:16.093, 1592117024180, QTAgent32.exe, Playback - [WARNING] Internal warning: Smart Match failed
\0
W, 3608, 18, 2012/11/02, 16:13:16.155, 1592117885852, QTAgent32.exe, Playback - [WARNING] Internal warning: Window Not Found: [VisibleOnly]ControlType='Window' &amp;&amp; Name='Tamxml7' &amp;&amp; ClassName='TMessageForm'
\0
E, 3608, 18, 2012/11/02, 16:13:16.155, 1592117888636, QTAgent32.exe, &lt;a class=failure&gt;Playback - {94} [FAILED] Function ElementFetcher::FindScreenElement failed to locate UI element (Searching: ;[VisibleOnly]ControlType='Window' &amp;&amp; Name='Tamxml7' &amp;&amp; ClassName='TMessageForm') (The object specified was not found.)
\0&lt;/a&gt;
E, 3608, 18, 2012/11/02, 16:13:16.264, 1592119499844, QTAgent32.exe, Playback - [IMAGE] C:\Users\peter.zenin-ad\AppData\Local\Temp\UITestLogs\LastRun\RPF1B8.png
\0
W, 3608, 18, 2012/11/02, 16:13:16.264, 1592119502050, QTAgent32.exe, Playback - [WARNING] Internal warning: Couldn't find descendants that match QueryId
\0
W, 3608, 18, 2012/11/02, 16:13:16.264, 1592119504975, QTAgent32.exe, PERF WARNING: FindTopLevelWindowHelper::FindAllDescendents: took 3159 ms. Expected it to take maximum 500 ms.
E, 3608, 18, 2012/11/02, 16:13:16.264, 1592119507187, QTAgent32.exe, Exception: System.Runtime.InteropServices.COMException
	Message: Error HRESULT E_FAIL has been returned from a call to a COM component.
	Stack Trace:    at Microsoft.VisualStudio.TestTools.UITest.Playback.Engine.IRPFPlayback.FindAllScreenElements(IScreenElement pScreenElementStart, String bstrQueryId, Object&amp; pvarResKeys, Int32 cResKeys, Int32 nMaxDepth, Object[]&amp; foundDescendants)
   at Microsoft.VisualStudio.TestTools.UITest.Playback.ScreenElement.FindTopLevelWindowHelper(String queryId)
	BaseExceptionMessage: Error HRESULT E_FAIL has been returned from a call to a COM component.

E, 3608, 18, 2012/11/02, 16:13:16.264, 1592119511115, QTAgent32.exe, GetClassName for handle 15991866 failed
E, 3608, 18, 2012/11/02, 16:13:16.264, 1592119520995, QTAgent32.exe, Window 15991866 not responding. Last Win32 error 1400
E, 3608, 18, 2012/11/02, 16:13:16.264, 1592119522180, QTAgent32.exe, GetClassName for handle 15991866 failed
E, 3608, 18, 2012/11/02, 16:13:16.264, 1592119522954, QTAgent32.exe, GetClassName for handle 15991866 failed
E, 3608, 18, 2012/11/02, 16:13:16.264, 1592119526884, QTAgent32.exe, GetClassName for handle 5900320 failed
E, 3608, 18, 2012/11/02, 16:13:16.264, 1592119542958, QTAgent32.exe, Window 5900320 not responding. Last Win32 error 1400
E, 3608, 18, 2012/11/02, 16:13:16.264, 1592119545090, QTAgent32.exe, GetClassName for handle 5900320 failed
E, 3608, 18, 2012/11/02, 16:13:16.264, 1592119545907, QTAgent32.exe, GetClassName for handle 5900320 failed
E, 3608, 18, 2012/11/02, 16:13:16.374, 1592120968488, QTAgent32.exe, AL: Playback Error: Microsoft.VisualStudio.TestTools.UITest.Extension.UITestControlNotAvailableException: The control is not available or not valid. Additional Details: 
TechnologyName:  'MSAA'
ControlType:  'Button'
 ---&gt; Microsoft.VisualStudio.TestTools.UITest.Extension.UITestControlNotAvailableException: The control is not available or not valid. Additional Details: 
TechnologyName:  'MSAA'
ControlType:  'Window'
 ---&gt; System.Runtime.InteropServices.COMException: Error HRESULT E_FAIL has been returned from a call to a COM component.
   at Microsoft.VisualStudio.TestTools.UITest.Playback.Engine.IRPFPlayback.FindAllScreenElements(IScreenElement pScreenElementStart, String bstrQueryId, Object&amp; pvarResKeys, Int32 cResKeys, Int32 nMaxDepth, Object[]&amp; foundDescendants)
   at Microsoft.VisualStudio.TestTools.UITest.Playback.ScreenElement.FindTopLevelWindowHelper(String queryId)
   at Microsoft.VisualStudio.TestTools.UITest.Playback.ScreenElement.FindFromPartialQueryId(String queryId)
   at Microsoft.VisualStudio.TestTools.UITesting.UITestControl.EnsureValid(Boolean waitForReady, Boolean refetch)
   --- End of inner exception stack trace ---
   at Microsoft.VisualStudio.TestTools.UITesting.UITestControl.EnsureValid(Boolean waitForReady, Boolean refetch)
   at Microsoft.VisualStudio.TestTools.UITesting.UITestControl.FindFirstDescendant(String queryId, Int32 maxDepth, Int32&amp; timeLeft)
   at Microsoft.VisualStudio.TestTools.UITesting.UITestControl.FindFirstDescendant(String queryId)
   at Microsoft.VisualStudio.TestTools.UITesting.UITestControl.EnsureValid(Boolean waitForReady, Boolean refetch)
   --- End of inner exception stack trace ---
   at Microsoft.VisualStudio.TestTools.UITesting.UITestControl.EnsureValid(Boolean waitForReady, Boolean refetch)
   at Microsoft.VisualStudio.TestTools.UITesting.UITestControl.Click(MouseButtons button, ModifierKeys modifierKeys, Point relativeCoordinates)
   at Microsoft.VisualStudio.TestTools.UITesting.Mouse.ClickImplementation(UITestControl control, MouseButtons button, ModifierKeys modifierKeys, Point relativeCoordinate)
   at Microsoft.VisualStudio.TestTools.UITesting.Mouse.ClickImplementationWrapper(UITestControl control, MouseButtons button, ModifierKeys modifierKeys, Point relativeCoordinate)
W, 3608, 18, 2012/11/02, 16:13:16.374, 1592120970632, QTAgent32.exe, PlaybackErrorHandler: Ignoring exception as ContinueOnError is set.
W, 3608, 18, 2012/11/02, 16:13:16.717, 1592125957789, QTAgent32.exe, &lt;a class=success&gt;Playback - {95} [SUCCESS] MouseButtonClick - "[MSAA, VisibleOnly]ControlType='Button' &amp;&amp; Name='Cancel'"
\0&lt;/a&gt;
W, 3608, 18, 2012/11/02, 16:13:17.263, 1592133737995, QTAgent32.exe, &lt;a class=success&gt;Playback - {96} [SUCCESS] MouseButtonClick - "[MSAA, VisibleOnly]ControlType='Button'"
\0&lt;/a&gt;
W, 3608, 18, 2012/11/02, 16:13:17.825, 1592141917306, QTAgent32.exe, &lt;a class=success&gt;Playback - {97} [SUCCESS] MouseButtonClick - "[MSAA, VisibleOnly]ControlType='Button' &amp;&amp; Name='Detail'"
\0&lt;/a&gt;
W, 3608, 18, 2012/11/02, 16:13:18.261, 1592147998480, QTAgent32.exe, &lt;a class=success&gt;Playback - {98} [SUCCESS] MouseButtonClick - "[MSAA, VisibleOnly]ControlType='Edit'"
\0&lt;/a&gt;
W, 3608, 18, 2012/11/02, 16:13:18.683, 1592154214178, QTAgent32.exe, Playback - [WARNING] Internal warning: Window Not Found: [VisibleOnly]ControlType='Window' &amp;&amp; Name='Policy: gdfhdf dfghgdf' &amp;&amp; ClassName='ThunderRT6MDIForm'
\0
E, 3608, 18, 2012/11/02, 16:13:18.683, 1592154217276, QTAgent32.exe, &lt;a class=failure&gt;Playback - {99} [FAILED] Function ElementFetcher::FindScreenElement failed to locate UI element (Searching: ;[VisibleOnly]ControlType='Window' &amp;&amp; Name='Policy: gdfhdf dfghgdf' &amp;&amp; ClassName='ThunderRT6MDIForm') (The object specified was not found.)
\0&lt;/a&gt;
E, 3608, 18, 2012/11/02, 16:13:18.807, 1592155898285, QTAgent32.exe, Playback - [IMAGE] C:\Users\peter.zenin-ad\AppData\Local\Temp\UITestLogs\LastRun\RPFB98.png
\0
W, 3608, 18, 2012/11/02, 16:13:18.807, 1592155900476, QTAgent32.exe, Playback - [WARNING] Internal warning: Couldn't find descendants that match QueryId
\0
W, 3608, 18, 2012/11/02, 16:13:36.811, 1592413754101, QTAgent32.exe, Playback - [WARNING] Internal warning: Window Not Found: [VisibleOnly]ControlType='Window' &amp;&amp; Name='Policy: gdfhdf dfghgdf' &amp;&amp; ClassName='ThunderRT6MDIForm'
\0
E, 3608, 18, 2012/11/02, 16:13:36.811, 1592413757127, QTAgent32.exe, &lt;a class=failure&gt;Playback - {100} [FAILED] Function ElementFetcher::FindScreenElement failed to locate UI element (Searching: ;[VisibleOnly]ControlType='Window' &amp;&amp; Name='Policy: gdfhdf dfghgdf' &amp;&amp; ClassName='ThunderRT6MDIForm') (The object specified was not found.)
\0&lt;/a&gt;
E, 3608, 18, 2012/11/02, 16:13:36.920, 1592415153869, QTAgent32.exe, Playback - [IMAGE] C:\Users\peter.zenin-ad\AppData\Local\Temp\UITestLogs\LastRun\RPF5268.png
\0
W, 3608, 18, 2012/11/02, 16:13:36.920, 1592415156042, QTAgent32.exe, Playback - [WARNING] Internal warning: Couldn't find descendants that match QueryId
\0
W, 3608, 18, 2012/11/02, 16:13:36.920, 1592415159012, QTAgent32.exe, PERF WARNING: FindTopLevelWindowHelper::FindAllDescendents: took 18106 ms. Expected it to take maximum 500 ms.
W, 3608, 18, 2012/11/02, 16:13:37.451, 1592422846831, QTAgent32.exe, Playback - [WARNING] Internal warning: Window with Class "ThunderRT6MDIForm" and Title "Policy: gdfhdf dfghgdf" was not found, so similar window with Class "ThunderRT6MDIForm" and Title "Policy: autotest" was accepted
\0
W, 3608, 18, 2012/11/02, 16:13:37.451, 1592422850999, QTAgent32.exe, PERF WARNING: FindTopLevelWindowHelper::FindAllDescendents: took 537 ms. Expected it to take maximum 500 ms.
W, 3608, 18, 2012/11/02, 16:13:37.825, 1592428249645, QTAgent32.exe, &lt;a class=success&gt;Playback - {101} [SUCCESS] MouseButtonClick - "[MSAA, VisibleOnly]ControlType='Button' &amp;&amp; Name='Cancel'"
\0&lt;/a&gt;
W, 3608, 18, 2012/11/02, 16:13:38.277, 1592434614207, QTAgent32.exe, &lt;a class=success&gt;Playback - {102} [SUCCESS] MouseButtonClick - "[MSAA, VisibleOnly]ControlType='Button' &amp;&amp; Name='Cancel'"
\0&lt;/a&gt;
W, 3608, 18, 2012/11/02, 16:13:38.730, 1592441055561, QTAgent32.exe, &lt;a class=success&gt;Playback - {103} [SUCCESS] MouseButtonClick - "[MSAA, VisibleOnly]ControlType='Button' &amp;&amp; Name='Cancel'"
\0&lt;/a&gt;
W, 3608, 18, 2012/11/02, 16:13:39.214, 1592448063570, QTAgent32.exe, &lt;a class=success&gt;Playback - {104} [SUCCESS] MouseButtonClick - "[MSAA, VisibleOnly]ControlType='Button' &amp;&amp; Name='Close'"
\0&lt;/a&gt;
W, 3608, 18, 2012/11/02, 16:13:43.691, 1592512110084, QTAgent32.exe, IEDOM : StopSession of the plugin called before StartSession
W, 3608, 18, 2012/11/02, 16:13:43.691, 1592512111451, QTAgent32.exe, UIA : StopSession of the plugin called before StartSession
W, 3608, 18, 2012/11/02, 16:13:43.691, 1592512112202, QTAgent32.exe, SLPlugin : StopSession of the plugin called before StartSession
</DebugTrace>
      </Output>
    </UnitTestResult>
    <UnitTestResult executionId="def9ee9a-8283-4ef9-b4eb-26ea6175652f" testId="ff0c96a1-2fee-7235-6d80-2186de4b80b7" testName="HouseTest4" computerName="ICLVDEVAP01" duration="00:03:56.8625570" startTime="2012-11-02T16:13:43.6915225+00:00" endTime="2012-11-02T16:17:40.5556865+00:00" testType="13cdc9d9-ddb5-4fa4-a97d-d965ccfc6d4b" outcome="Passed" testListId="8c84fa94-04c1-424b-9868-57a2d4851a1d" relativeResultsDirectory="def9ee9a-8283-4ef9-b4eb-26ea6175652f">
      <Output>
        <DebugTrace>W, 3608, 22, 2012/11/02, 16:13:43.691, 1592512265863, QTAgent32.exe, ExtensionFramework : A Technology Manager with name Web is already registered.
W, 3608, 22, 2012/11/02, 16:13:44.549, 1592524364575, QTAgent32.exe, &lt;a class=success&gt;Playback - {1} [SUCCESS] MouseButtonClick - "[MSAA, VisibleOnly]ControlType='Edit'"
\0&lt;/a&gt;
W, 3608, 22, 2012/11/02, 16:13:44.814, 1592528160880, QTAgent32.exe, &lt;a class=success&gt;Playback - {2} [SUCCESS] SendKeys "[*]" - "[MSAA, VisibleOnly]ControlType='Edit'"
\0&lt;/a&gt;
W, 3608, 22, 2012/11/02, 16:13:45.704, 1592541002658, QTAgent32.exe, &lt;a class=success&gt;Playback - {3} [SUCCESS] MouseButtonClick - "[MSAA, VisibleOnly]ControlType='Button' &amp;&amp; Name='OK'"
\0&lt;/a&gt;
W, 3608, 22, 2012/11/02, 16:13:46.374, 1592550499552, QTAgent32.exe, &lt;a class=success&gt;Playback - {4} [SUCCESS] MouseButtonClick - "[MSAA, VisibleOnly]ControlType='Button' &amp;&amp; Name='OK'"
\0&lt;/a&gt;
W, 3608, 22, 2012/11/02, 16:13:46.842, 1592557209617, QTAgent32.exe, &lt;a class=success&gt;Playback - {5} [SUCCESS] MouseButtonClick - "[MSAA, VisibleOnly]ControlType='Button' &amp;&amp; Name='Clients &amp; Files'"
\0&lt;/a&gt;
W, 3608, 22, 2012/11/02, 16:13:47.295, 1592563718546, QTAgent32.exe, &lt;a class=success&gt;Playback - {6} [SUCCESS] MouseButtonClick - "[MSAA, VisibleOnly]ControlType='Button' &amp;&amp; Name='Clients &amp; Files'"
\0&lt;/a&gt;
W, 3608, 22, 2012/11/02, 16:13:47.669, 1592569168258, QTAgent32.exe, Playback - [WARNING] Internal warning: Window Not Found: [VisibleOnly]ControlType='Window' &amp;&amp; Name='Customer: txt1 tdsfs' &amp;&amp; ClassName='ThunderRT6MDIForm'
\0
E, 3608, 22, 2012/11/02, 16:13:47.669, 1592569171255, QTAgent32.exe, &lt;a class=failure&gt;Playback - {7} [FAILED] Function ElementFetcher::FindScreenElement failed to locate UI element (Searching: ;[VisibleOnly]ControlType='Window' &amp;&amp; Name='Customer: txt1 tdsfs' &amp;&amp; ClassName='ThunderRT6MDIForm') (The object specified was not found.)
\0&lt;/a&gt;
E, 3608, 22, 2012/11/02, 16:13:47.763, 1592570469610, QTAgent32.exe, Playback - [IMAGE] C:\Users\peter.zenin-ad\AppData\Local\Temp\UITestLogs\LastRun\RPF7CD3.png
\0
W, 3608, 22, 2012/11/02, 16:13:47.763, 1592570471977, QTAgent32.exe, Playback - [WARNING] Internal warning: Couldn't find descendants that match QueryId
\0
W, 3608, 22, 2012/11/02, 16:14:05.812, 1592828931906, QTAgent32.exe, Playback - [WARNING] Internal warning: Window Not Found: [VisibleOnly]ControlType='Window' &amp;&amp; Name='Customer: txt1 tdsfs' &amp;&amp; ClassName='ThunderRT6MDIForm'
\0
E, 3608, 22, 2012/11/02, 16:14:05.812, 1592828934677, QTAgent32.exe, &lt;a class=failure&gt;Playback - {8} [FAILED] Function ElementFetcher::FindScreenElement failed to locate UI element (Searching: ;[VisibleOnly]ControlType='Window' &amp;&amp; Name='Customer: txt1 tdsfs' &amp;&amp; ClassName='ThunderRT6MDIForm') (The object specified was not found.)
\0&lt;/a&gt;
E, 3608, 22, 2012/11/02, 16:14:05.906, 1592830198072, QTAgent32.exe, Playback - [IMAGE] C:\Users\peter.zenin-ad\AppData\Local\Temp\UITestLogs\LastRun\RPFC3B3.png
\0
W, 3608, 22, 2012/11/02, 16:14:05.906, 1592830200272, QTAgent32.exe, Playback - [WARNING] Internal warning: Couldn't find descendants that match QueryId
\0
W, 3608, 22, 2012/11/02, 16:14:05.906, 1592830203279, QTAgent32.exe, PERF WARNING: FindTopLevelWindowHelper::FindAllDescendents: took 18139 ms. Expected it to take maximum 500 ms.
W, 3608, 22, 2012/11/02, 16:14:06.421, 1592837629934, QTAgent32.exe, Playback - [WARNING] Internal warning: Window with Class "ThunderRT6MDIForm" and Title "Customer: txt1 tdsfs" was not found, so similar window with Class "ThunderRT6MDIForm" and Title "Customer: autotest" was accepted
\0
W, 3608, 22, 2012/11/02, 16:14:06.421, 1592837633809, QTAgent32.exe, PERF WARNING: FindTopLevelWindowHelper::FindAllDescendents: took 518 ms. Expected it to take maximum 500 ms.
W, 3608, 22, 2012/11/02, 16:14:07.981, 1592859939612, QTAgent32.exe, Playback - [WARNING] Internal warning: Incorrect flag set for InvokeProgrammaticAction\0
W, 3608, 22, 2012/11/02, 16:14:08.308, 1592864567243, QTAgent32.exe, &lt;a class=success&gt;Playback - {9} [SUCCESS] SetValueAsComboBox "Customers" - "[MSAA, VisibleOnly]ControlType='ComboBox'"  &lt; SetValueAsComboBox, set by clicking on the item in the list box &gt;
\0&lt;/a&gt;
W, 3608, 22, 2012/11/02, 16:14:08.964, 1592874088637, QTAgent32.exe, &lt;a class=success&gt;Playback - {10} [SUCCESS] MouseButtonClick - "[MSAA, VisibleOnly]ControlType='Button' &amp;&amp; Name='Add'"
\0&lt;/a&gt;
W, 3608, 22, 2012/11/02, 16:14:09.385, 1592879957936, QTAgent32.exe, &lt;a class=success&gt;Playback - {11} [SUCCESS] SendKeys "autotest" - "[MSAA, VisibleOnly]ControlType='RadioButton' &amp;&amp; Name='Personal Lines'"
\0&lt;/a&gt;
W, 3608, 22, 2012/11/02, 16:14:09.853, 1592886663087, QTAgent32.exe, &lt;a class=success&gt;Playback - {12} [SUCCESS] SetValueAsEditBox "autotest" - "[MSAA, VisibleOnly]ControlType='Edit'"  &lt; Set via SendKeys &gt;
\0&lt;/a&gt;
W, 3608, 22, 2012/11/02, 16:14:10.352, 1592893934208, QTAgent32.exe, &lt;a class=success&gt;Playback - {13} [SUCCESS] MouseButtonClick - "[MSAA, VisibleOnly]ControlType='Button' &amp;&amp; Name='OK'"
\0&lt;/a&gt;
W, 3608, 22, 2012/11/02, 16:14:10.960, 1592902528533, QTAgent32.exe, &lt;a class=success&gt;Playback - {14} [SUCCESS] MouseButtonClick - "[MSAA, VisibleOnly]ControlType='Button' &amp;&amp; Name='Yes'"
\0&lt;/a&gt;
W, 3608, 22, 2012/11/02, 16:14:11.179, 1592905643914, QTAgent32.exe, &lt;a class=success&gt;Playback - {15} [SUCCESS] SendKeys "^{HOME}" - "[MSAA, VisibleOnly]ControlType='Edit'"
\0&lt;/a&gt;
E, 3608, 22, 2012/11/02, 16:14:11.179, 1592905646552, QTAgent32.exe, Msaa.GetFocusedElement: could not find accessible object of foreground window
W, 3608, 22, 2012/11/02, 16:14:11.257, 1592906759827, QTAgent32.exe, &lt;a class=success&gt;Playback - {16} [SUCCESS] SendKeys "^+{END}" - "[MSAA, VisibleOnly]ControlType='Edit'"
\0&lt;/a&gt;
E, 3608, 22, 2012/11/02, 16:14:11.257, 1592906762109, QTAgent32.exe, Msaa.GetFocusedElement: could not find accessible object of foreground window
W, 3608, 22, 2012/11/02, 16:14:11.272, 1592906984514, QTAgent32.exe, &lt;a class=success&gt;Playback - {17} [SUCCESS] SendKeys "{DELETE}" - "[MSAA, VisibleOnly]ControlType='Edit'"
\0&lt;/a&gt;
W, 3608, 22, 2012/11/02, 16:14:11.350, 1592908105027, QTAgent32.exe, &lt;a class=success&gt;Playback - {18} [SUCCESS] SetValueAsEditBox "1" - "[MSAA, VisibleOnly]ControlType='Edit'"  &lt; Set via SendKeys &gt;
\0&lt;/a&gt;
W, 3608, 22, 2012/11/02, 16:14:11.569, 1592911227853, QTAgent32.exe, &lt;a class=success&gt;Playback - {19} [SUCCESS] SendKeys "^{HOME}" - "[MSAA, VisibleOnly]ControlType='Edit'"
\0&lt;/a&gt;
E, 3608, 22, 2012/11/02, 16:14:11.569, 1592911230418, QTAgent32.exe, Msaa.GetFocusedElement: could not find accessible object of foreground window
W, 3608, 22, 2012/11/02, 16:14:11.662, 1592912567378, QTAgent32.exe, &lt;a class=success&gt;Playback - {20} [SUCCESS] SendKeys "^+{END}" - "[MSAA, VisibleOnly]ControlType='Edit'"
\0&lt;/a&gt;
E, 3608, 22, 2012/11/02, 16:14:11.662, 1592912570009, QTAgent32.exe, Msaa.GetFocusedElement: could not find accessible object of foreground window
W, 3608, 22, 2012/11/02, 16:14:11.678, 1592912791966, QTAgent32.exe, &lt;a class=success&gt;Playback - {21} [SUCCESS] SendKeys "{DELETE}" - "[MSAA, VisibleOnly]ControlType='Edit'"
\0&lt;/a&gt;
W, 3608, 22, 2012/11/02, 16:14:11.756, 1592913911542, QTAgent32.exe, &lt;a class=success&gt;Playback - {22} [SUCCESS] SetValueAsEditBox "1" - "[MSAA, VisibleOnly]ControlType='Edit'"  &lt; Set via SendKeys &gt;
\0&lt;/a&gt;
W, 3608, 22, 2012/11/02, 16:14:12.317, 1592922028191, QTAgent32.exe, &lt;a class=success&gt;Playback - {23} [SUCCESS] MouseButtonClick - "[MSAA, VisibleOnly]ControlType='Button' &amp;&amp; Name='OK'"
\0&lt;/a&gt;
W, 3608, 22, 2012/11/02, 16:14:12.832, 1592929489480, QTAgent32.exe, &lt;a class=success&gt;Playback - {24} [SUCCESS] MouseButtonClick - "[MSAA, VisibleOnly]ControlType='Button'"
\0&lt;/a&gt;
W, 3608, 22, 2012/11/02, 16:14:13.347, 1592936720332, QTAgent32.exe, &lt;a class=success&gt;Playback - {25} [SUCCESS] MouseButtonClick - "[MSAA, VisibleOnly]ControlType='Button' &amp;&amp; Name='Add'"
\0&lt;/a&gt;
W, 3608, 22, 2012/11/02, 16:14:13.846, 1592943990509, QTAgent32.exe, &lt;a class=success&gt;Playback - {26} [SUCCESS] MouseButtonClick - "[MSAA, VisibleOnly]ControlType='Button' &amp;&amp; Name='OK'"
\0&lt;/a&gt;
W, 3608, 22, 2012/11/02, 16:14:16.311, 1592979130200, QTAgent32.exe, &lt;a class=success&gt;Playback - {27} [SUCCESS] MouseButtonClick - "[MSAA, VisibleOnly,Window]ControlType='Window' &amp;&amp; ClassName='ThunderRT6TextBox'"
\0&lt;/a&gt;
W, 3608, 22, 2012/11/02, 16:14:16.654, 1592984049522, QTAgent32.exe, &lt;a class=success&gt;Playback - {28} [SUCCESS] SetValueAsEditBox "HOME" - "[MSAA, VisibleOnly]ControlType='Edit'"  &lt; Set via SendKeys &gt;
\0&lt;/a&gt;
W, 3608, 22, 2012/11/02, 16:14:17.169, 1592991604766, QTAgent32.exe, &lt;a class=success&gt;Playback - {29} [SUCCESS] MouseButtonClick - "[MSAA, VisibleOnly]ControlType='Button' &amp;&amp; Name='OK'"
\0&lt;/a&gt;
W, 3608, 22, 2012/11/02, 16:14:17.606, 1592997736281, QTAgent32.exe, &lt;a class=success&gt;Playback - {30} [SUCCESS] MouseButtonClick - "[MSAA, VisibleOnly]ControlType='Button' &amp;&amp; Name='Options'"
\0&lt;/a&gt;
W, 3608, 22, 2012/11/02, 16:14:17.715, 1592999237360, QTAgent32.exe, FindScreenElementInSinglePass : Attempting to find control in one pass of search. Failures can occur.
W, 3608, 22, 2012/11/02, 16:14:17.886, 1593001690106, QTAgent32.exe, &lt;a class=success&gt;Playback - {31} [SUCCESS] MouseButtonClick - "[MSAA]ControlType='MenuItem' &amp;&amp; Name='Links'"
\0&lt;/a&gt;
W, 3608, 22, 2012/11/02, 16:14:17.996, 1593003258491, QTAgent32.exe, FindScreenElementInSinglePass : Attempting to find control in one pass of search. Failures can occur.
W, 3608, 22, 2012/11/02, 16:14:18.183, 1593005934578, QTAgent32.exe, &lt;a class=success&gt;Playback - {32} [SUCCESS] MouseButtonClick - "[MSAA]ControlType='MenuItem' &amp;&amp; Name='3rd Party Integration'"
\0&lt;/a&gt;
W, 3608, 22, 2012/11/02, 16:14:18.292, 1593007502601, QTAgent32.exe, FindScreenElementInSinglePass : Attempting to find control in one pass of search. Failures can occur.
W, 3608, 22, 2012/11/02, 16:14:18.479, 1593010207082, QTAgent32.exe, &lt;a class=success&gt;Playback - {33} [SUCCESS] MouseButtonClick - "[MSAA]ControlType='MenuItem' &amp;&amp; Name='Quote Select List'"
\0&lt;/a&gt;
W, 3608, 22, 2012/11/02, 16:14:20.273, 1593035862951, QTAgent32.exe, PERF WARNING: FindTopLevelWindowHelper::FindAllDescendents: took 1657 ms. Expected it to take maximum 500 ms.
W, 3608, 22, 2012/11/02, 16:14:20.944, 1593045606218, QTAgent32.exe, &lt;a class=success&gt;Playback - {34} [SUCCESS] MouseButtonClick - "[MSAA, VisibleOnly]ControlType='Button' &amp;&amp; Name='Ok'"
\0&lt;/a&gt;
W, 3608, 22, 2012/11/02, 16:14:24.984, 1593103335728, QTAgent32.exe, PERF WARNING: FindTopLevelWindowHelper::FindAllDescendents: took 3918 ms. Expected it to take maximum 500 ms.
W, 3608, 22, 2012/11/02, 16:14:25.249, 1593107122560, QTAgent32.exe, &lt;a class=success&gt;Playback - {35} [SUCCESS] SetValueAsEditBox "test1" - "[MSAA, VisibleOnly]ControlType='Edit'"  &lt; Set via SendKeys &gt;
\0&lt;/a&gt;
W, 3608, 22, 2012/11/02, 16:14:25.593, 1593112039048, QTAgent32.exe, &lt;a class=success&gt;Playback - {36} [SUCCESS] SetValueAsEditBox "test" - "[MSAA, VisibleOnly]ControlType='Edit'"  &lt; Set via SendKeys &gt;
\0&lt;/a&gt;
W, 3608, 22, 2012/11/02, 16:14:25.811, 1593115158573, QTAgent32.exe, &lt;a class=success&gt;Playback - {37} [SUCCESS] SendKeys "^{HOME}" - "[MSAA, VisibleOnly]ControlType='Edit'"
\0&lt;/a&gt;
E, 3608, 22, 2012/11/02, 16:14:25.811, 1593115161074, QTAgent32.exe, Msaa.GetFocusedElement: could not find accessible object of foreground window
W, 3608, 22, 2012/11/02, 16:14:25.889, 1593116275307, QTAgent32.exe, &lt;a class=success&gt;Playback - {38} [SUCCESS] SendKeys "^+{END}" - "[MSAA, VisibleOnly]ControlType='Edit'"
\0&lt;/a&gt;
E, 3608, 22, 2012/11/02, 16:14:25.889, 1593116277565, QTAgent32.exe, Msaa.GetFocusedElement: could not find accessible object of foreground window
W, 3608, 22, 2012/11/02, 16:14:25.905, 1593116499535, QTAgent32.exe, &lt;a class=success&gt;Playback - {39} [SUCCESS] SendKeys "{DELETE}" - "[MSAA, VisibleOnly]ControlType='Edit'"
\0&lt;/a&gt;
W, 3608, 22, 2012/11/02, 16:14:26.076, 1593118961692, QTAgent32.exe, &lt;a class=success&gt;Playback - {40} [SUCCESS] SetValueAsEditBox "test" - "[MSAA, VisibleOnly]ControlType='Edit'"  &lt; Set via SendKeys &gt;
\0&lt;/a&gt;
W, 3608, 22, 2012/11/02, 16:14:26.638, 1593127158647, QTAgent32.exe, Playback - [WARNING] Internal warning: Incorrect flag set for InvokeProgrammaticAction\0
W, 3608, 22, 2012/11/02, 16:14:26.965, 1593131702256, QTAgent32.exe, &lt;a class=success&gt;Playback - {41} [SUCCESS] SetValueAsComboBox "Account Director" - "[MSAA, VisibleOnly]ControlType='ComboBox'"  &lt; SetValueAsComboBox, set by clicking on the item in the list box &gt;
\0&lt;/a&gt;
W, 3608, 22, 2012/11/02, 16:14:27.558, 1593140188823, QTAgent32.exe, Playback - [WARNING] Internal warning: Incorrect flag set for InvokeProgrammaticAction\0
W, 3608, 22, 2012/11/02, 16:14:27.886, 1593144879789, QTAgent32.exe, &lt;a class=success&gt;Playback - {42} [SUCCESS] SetValueAsComboBox "Advertising" - "[MSAA, VisibleOnly]ControlType='ComboBox'"  &lt; SetValueAsComboBox, set by clicking on the item in the list box &gt;
\0&lt;/a&gt;
W, 3608, 22, 2012/11/02, 16:14:28.307, 1593150901673, QTAgent32.exe, &lt;a class=success&gt;Playback - {43} [SUCCESS] SetValueAsEditBox "160589" - "[MSAA, VisibleOnly]ControlType='Edit'"  &lt; Set via SendKeys &gt;
\0&lt;/a&gt;
W, 3608, 22, 2012/11/02, 16:14:28.744, 1593157156129, QTAgent32.exe, &lt;a class=success&gt;Playback - {44} [SUCCESS] MouseButtonClick - "[MSAA, VisibleOnly]ControlType='Edit'"
\0&lt;/a&gt;
W, 3608, 22, 2012/11/02, 16:14:29.165, 1593163187101, QTAgent32.exe, &lt;a class=success&gt;Playback - {45} [SUCCESS] SetValueAsEditBox "B338TH" - "[MSAA, VisibleOnly]ControlType='Edit'"  &lt; Set via SendKeys &gt;
\0&lt;/a&gt;
W, 3608, 22, 2012/11/02, 16:14:31.567, 1593197581107, QTAgent32.exe, &lt;a class=success&gt;Playback - {46} [SUCCESS] MouseButtonClick - "[MSAA, VisibleOnly]ControlType='Button' &amp;&amp; Name='Lookup...'"
\0&lt;/a&gt;
W, 3608, 22, 2012/11/02, 16:14:32.020, 1593204186721, QTAgent32.exe, &lt;a class=success&gt;Playback - {47} [SUCCESS] MouseButtonClick - "[MSAA, VisibleOnly]ControlType='Button' &amp;&amp; Name='Ok'"
\0&lt;/a&gt;
W, 3608, 22, 2012/11/02, 16:14:32.519, 1593211291830, QTAgent32.exe, &lt;a class=success&gt;Playback - {48} [SUCCESS] MouseButtonClick - "[MSAA, VisibleOnly]ControlType='Button' &amp;&amp; Name='Next &gt;'"
\0&lt;/a&gt;
W, 3608, 22, 2012/11/02, 16:14:32.940, 1593217241748, QTAgent32.exe, &lt;a class=success&gt;Playback - {49} [SUCCESS] SetValueAsEditBox "1989" - "[MSAA, VisibleOnly]ControlType='Edit'"  &lt; Set via SendKeys &gt;
\0&lt;/a&gt;
W, 3608, 22, 2012/11/02, 16:14:33.424, 1593224253956, QTAgent32.exe, &lt;a class=success&gt;Playback - {50} [SUCCESS] MouseButtonClick - "[MSAA, VisibleOnly]ControlType='Button' &amp;&amp; Name='Next &gt;'"
\0&lt;/a&gt;
W, 3608, 22, 2012/11/02, 16:14:33.642, 1593227451448, QTAgent32.exe, &lt;a class=success&gt;Playback - {51} [SUCCESS] MouseButtonClick - "[MSAA, VisibleOnly]ControlType='Button' &amp;&amp; Name='Next &gt;'"
\0&lt;/a&gt;
W, 3608, 22, 2012/11/02, 16:14:33.876, 1593230726688, QTAgent32.exe, &lt;a class=success&gt;Playback - {52} [SUCCESS] MouseButtonClick - "[MSAA, VisibleOnly]ControlType='Button' &amp;&amp; Name='Next &gt;'"
\0&lt;/a&gt;
W, 3608, 22, 2012/11/02, 16:14:34.282, 1593236450965, QTAgent32.exe, &lt;a class=success&gt;Playback - {53} [SUCCESS] SetValueAsEditBox "2345" - "[MSAA, VisibleOnly]ControlType='Edit'"  &lt; Set via SendKeys &gt;
\0&lt;/a&gt;
W, 3608, 22, 2012/11/02, 16:14:34.703, 1593242480893, QTAgent32.exe, &lt;a class=success&gt;Playback - {54} [SUCCESS] SetValueAsEditBox "2000" - "[MSAA, VisibleOnly]ControlType='Edit'"  &lt; Set via SendKeys &gt;
\0&lt;/a&gt;
W, 3608, 22, 2012/11/02, 16:14:35.124, 1593248512084, QTAgent32.exe, &lt;a class=success&gt;Playback - {55} [SUCCESS] SetValueAsEditBox "2000" - "[MSAA, VisibleOnly]ControlType='Edit'"  &lt; Set via SendKeys &gt;
\0&lt;/a&gt;
W, 3608, 22, 2012/11/02, 16:14:35.342, 1593251821008, QTAgent32.exe, &lt;a class=success&gt;Playback - {56} [SUCCESS] MouseButtonClick - "[MSAA, VisibleOnly]ControlType='Button' &amp;&amp; Name='Next &gt;'"
\0&lt;/a&gt;
W, 3608, 22, 2012/11/02, 16:14:35.748, 1593257446651, QTAgent32.exe, &lt;a class=success&gt;Playback - {57} [SUCCESS] SetValueAsEditBox "2345" - "[MSAA, VisibleOnly]ControlType='Edit'"  &lt; Set via SendKeys &gt;
\0&lt;/a&gt;
W, 3608, 22, 2012/11/02, 16:14:36.122, 1593263010613, QTAgent32.exe, &lt;a class=success&gt;Playback - {58} [SUCCESS] MouseButtonClick - "[MSAA, VisibleOnly]ControlType='Button' &amp;&amp; Name='Next &gt;'"
\0&lt;/a&gt;
W, 3608, 22, 2012/11/02, 16:14:36.512, 1593268464916, QTAgent32.exe, &lt;a class=success&gt;Playback - {59} [SUCCESS] MouseButtonClick - "[MSAA, VisibleOnly]ControlType='Button' &amp;&amp; Name='Next &gt;'"
\0&lt;/a&gt;
W, 3608, 22, 2012/11/02, 16:14:36.809, 1593272757688, QTAgent32.exe, &lt;a class=success&gt;Playback - {60} [SUCCESS] MouseButtonClick - "[MSAA, VisibleOnly]ControlType='Button' &amp;&amp; Name='Quote'"
\0&lt;/a&gt;
W, 3608, 22, 2012/11/02, 16:14:37.386, 1593280969005, QTAgent32.exe, &lt;a class=success&gt;Playback - {61} [SUCCESS] MouseButtonClick - "[MSAA, VisibleOnly]ControlType='Button' &amp;&amp; Name='No'"
\0&lt;/a&gt;
W, 3608, 22, 2012/11/02, 16:14:41.301, 1593336958833, QTAgent32.exe, PERF WARNING: FindTopLevelWindowHelper::FindAllDescendents: took 3806 ms. Expected it to take maximum 500 ms.
W, 3608, 22, 2012/11/02, 16:14:41.629, 1593341652245, QTAgent32.exe, &lt;a class=success&gt;Playback - {62} [SUCCESS] MouseButtonClick - "[MSAA, VisibleOnly]ControlType='Client'"
\0&lt;/a&gt;
W, 3608, 22, 2012/11/02, 16:14:43.298, 1593365564009, QTAgent32.exe, &lt;a class=success&gt;Playback - {63} [SUCCESS] SendKeys "{End}" - "[MSAA, VisibleOnly]ControlType='Client'"
\0&lt;/a&gt;
W, 3608, 22, 2012/11/02, 16:14:44.920, 1593388986060, QTAgent32.exe, &lt;a class=success&gt;Playback - {64} [SUCCESS] MouseButtonClick - "[MSAA, VisibleOnly]ControlType='Button' &amp;&amp; Name='Accept'"
\0&lt;/a&gt;
W, 3608, 22, 2012/11/02, 16:14:45.451, 1593396521539, QTAgent32.exe, &lt;a class=success&gt;Playback - {65} [SUCCESS] MouseButtonClick - "[MSAA, VisibleOnly]ControlType='Button' &amp;&amp; Name='Yes'"
\0&lt;/a&gt;
W, 3608, 22, 2012/11/02, 16:14:47.619, 1593427485375, QTAgent32.exe, &lt;a class=success&gt;Playback - {66} [SUCCESS] MouseButtonClick - "[MSAA, VisibleOnly]ControlType='Button' &amp;&amp; Name='Ok'"
\0&lt;/a&gt;
W, 3608, 22, 2012/11/02, 16:14:58.617, 1593584899035, QTAgent32.exe, Playback - [WARNING] Internal warning: Window Not Found: [VisibleOnly]ControlType='Window' &amp;&amp; Name='Save the file as' &amp;&amp; ClassName='#32770'
\0
E, 3608, 22, 2012/11/02, 16:14:58.617, 1593584901920, QTAgent32.exe, &lt;a class=failure&gt;Playback - {67} [FAILED] Function ElementFetcher::FindScreenElement failed to locate UI element (Searching: ;[VisibleOnly]ControlType='Window' &amp;&amp; Name='Save the file as' &amp;&amp; ClassName='#32770') (The object specified was not found.)
\0&lt;/a&gt;
E, 3608, 22, 2012/11/02, 16:14:58.695, 1593586177284, QTAgent32.exe, Playback - [IMAGE] C:\Users\peter.zenin-ad\AppData\Local\Temp\UITestLogs\LastRun\RPF91FA.png
\0
W, 3608, 22, 2012/11/02, 16:14:58.695, 1593586179647, QTAgent32.exe, Playback - [WARNING] Internal warning: Couldn't find descendants that match QueryId
\0
W, 3608, 22, 2012/11/02, 16:14:58.695, 1593586182646, QTAgent32.exe, PERF WARNING: FindTopLevelWindowHelper::FindAllDescendents: took 10978 ms. Expected it to take maximum 500 ms.
W, 3608, 22, 2012/11/02, 16:15:16.931, 1593847128120, QTAgent32.exe, Playback - [WARNING] Internal warning: Window Not Found: [VisibleOnly]ControlType='Window' &amp;&amp; Name='Save the file as' &amp;&amp; ClassName='#32770'
\0
E, 3608, 22, 2012/11/02, 16:15:16.931, 1593847131026, QTAgent32.exe, &lt;a class=failure&gt;Playback - {68} [FAILED] Function ElementFetcher::FindScreenElement failed to locate UI element (Searching: ;[VisibleOnly]ControlType='Window' &amp;&amp; Name='Save the file as' &amp;&amp; ClassName='#32770') (The object specified was not found.)
\0&lt;/a&gt;
E, 3608, 22, 2012/11/02, 16:15:17.009, 1593848411513, QTAgent32.exe, Playback - [IMAGE] C:\Users\peter.zenin-ad\AppData\Local\Temp\UITestLogs\LastRun\RPFD986.png
\0
W, 3608, 22, 2012/11/02, 16:15:17.009, 1593848413709, QTAgent32.exe, Playback - [WARNING] Internal warning: Couldn't find descendants that match QueryId
\0
W, 3608, 22, 2012/11/02, 16:15:17.009, 1593848416695, QTAgent32.exe, PERF WARNING: FindTopLevelWindowHelper::FindAllDescendents: took 18314 ms. Expected it to take maximum 500 ms.
W, 3608, 22, 2012/11/02, 16:15:20.144, 1593893142683, QTAgent32.exe, Playback - [WARNING] Internal warning: Smart Match failed
\0
W, 3608, 22, 2012/11/02, 16:15:21.579, 1593913690614, QTAgent32.exe, Playback - [WARNING] Internal warning: Window Not Found: [VisibleOnly]ControlType='Window' &amp;&amp; Name='Save the file as' &amp;&amp; ClassName='#32770'
\0
E, 3608, 22, 2012/11/02, 16:15:21.579, 1593913693269, QTAgent32.exe, &lt;a class=failure&gt;Playback - {69} [FAILED] Function ElementFetcher::FindScreenElement failed to locate UI element (Searching: ;[VisibleOnly]ControlType='Window' &amp;&amp; Name='Save the file as' &amp;&amp; ClassName='#32770') (The object specified was not found.)
\0&lt;/a&gt;
E, 3608, 22, 2012/11/02, 16:15:21.657, 1593914978831, QTAgent32.exe, Playback - [IMAGE] C:\Users\peter.zenin-ad\AppData\Local\Temp\UITestLogs\LastRun\RPFEBAF.png
\0
W, 3608, 22, 2012/11/02, 16:15:21.657, 1593914980965, QTAgent32.exe, Playback - [WARNING] Internal warning: Couldn't find descendants that match QueryId
\0
W, 3608, 22, 2012/11/02, 16:15:21.657, 1593914983974, QTAgent32.exe, PERF WARNING: FindTopLevelWindowHelper::FindAllDescendents: took 4648 ms. Expected it to take maximum 500 ms.
E, 3608, 22, 2012/11/02, 16:15:21.657, 1593914985773, QTAgent32.exe, Exception: System.Runtime.InteropServices.COMException
	Message: Error HRESULT E_FAIL has been returned from a call to a COM component.
	Stack Trace:    at Microsoft.VisualStudio.TestTools.UITest.Playback.Engine.IRPFPlayback.FindAllScreenElements(IScreenElement pScreenElementStart, String bstrQueryId, Object&amp; pvarResKeys, Int32 cResKeys, Int32 nMaxDepth, Object[]&amp; foundDescendants)
   at Microsoft.VisualStudio.TestTools.UITest.Playback.ScreenElement.FindTopLevelWindowHelper(String queryId)
	BaseExceptionMessage: Error HRESULT E_FAIL has been returned from a call to a COM component.

E, 3608, 22, 2012/11/02, 16:15:21.798, 1593916816806, QTAgent32.exe, AL: Playback Error: Microsoft.VisualStudio.TestTools.UITest.Extension.UITestControlNotFoundException: The playback failed to find the control with the given search properties. Additional Details: 
TechnologyName:  'MSAA'
ControlType:  'Window'
Name:  'Save the file as'
ClassName:  '#32770'
 ---&gt; System.Runtime.InteropServices.COMException: Error HRESULT E_FAIL has been returned from a call to a COM component.
   at Microsoft.VisualStudio.TestTools.UITest.Playback.Engine.IRPFPlayback.FindAllScreenElements(IScreenElement pScreenElementStart, String bstrQueryId, Object&amp; pvarResKeys, Int32 cResKeys, Int32 nMaxDepth, Object[]&amp; foundDescendants)
   at Microsoft.VisualStudio.TestTools.UITest.Playback.ScreenElement.FindTopLevelWindowHelper(String queryId)
   at Microsoft.VisualStudio.TestTools.UITest.Playback.ScreenElement.FindFromPartialQueryId(String queryId)
   at Microsoft.VisualStudio.TestTools.UITesting.UITestControl..ctor(String queryId)
   --- End of inner exception stack trace ---
   at Microsoft.VisualStudio.TestTools.UITesting.Playback.MapControlNotFoundException(COMException ex, IPlaybackContext context)
   at Microsoft.VisualStudio.TestTools.UITesting.Playback.MapAndThrowComException(COMException innerException, IPlaybackContext context)
   at Microsoft.VisualStudio.TestTools.UITesting.Playback.MapAndThrowException(SystemException exception, IPlaybackContext context)
   at Microsoft.VisualStudio.TestTools.UITesting.Playback.MapAndThrowException(SystemException exception, String queryId)
   at Microsoft.VisualStudio.TestTools.UITesting.UITestControl..ctor(String queryId)
   at Microsoft.VisualStudio.TestTools.UITesting.SearchHelper.SearchTopLevelWindow(ISearchArgument topLevelSearchArg, String topLevelElementQueryId)
   at Microsoft.VisualStudio.TestTools.UITesting.SearchHelper.GetTitleUpdatedTopLevelWindow(ISearchArgument topLevelSearchArg, String queryId, IList`1 windowTitles)
   at Microsoft.VisualStudio.TestTools.UITesting.SearchHelper.GetTopLevelElement(Boolean useCache, Boolean useCacheOnly, ISearchArgument searchArg, IList`1 windowTitles, Int32&amp; timeLeft)
   at Microsoft.VisualStudio.TestTools.UITesting.SearchHelper.GetElement(Boolean useCache, ISearchArgument searchArg)
   at Microsoft.VisualStudio.TestTools.UITesting.SearchHelper.Search(ISearchArgument searchArg)
   at Microsoft.VisualStudio.TestTools.UITesting.UITestControl.FindInternal()
   at Microsoft.VisualStudio.TestTools.UITesting.UITestControl.FindControlIfNecessary()
   at Microsoft.VisualStudio.TestTools.UITesting.UITestControl.Click(MouseButtons button, ModifierKeys modifierKeys, Point relativeCoordinates)
   at Microsoft.VisualStudio.TestTools.UITesting.Mouse.ClickImplementation(UITestControl control, MouseButtons button, ModifierKeys modifierKeys, Point relativeCoordinate)
   at Microsoft.VisualStudio.TestTools.UITesting.Mouse.ClickImplementationWrapper(UITestControl control, MouseButtons button, ModifierKeys modifierKeys, Point relativeCoordinate)
W, 3608, 22, 2012/11/02, 16:15:21.798, 1593916818782, QTAgent32.exe, PlaybackErrorHandler: Ignoring exception as ContinueOnError is set.
W, 3608, 22, 2012/11/02, 16:15:22.188, 1593922516883, QTAgent32.exe, &lt;a class=success&gt;Playback - {70} [SUCCESS] MouseButtonClick - "[MSAA, VisibleOnly]ControlType='Button' &amp;&amp; Name='Ok'"
\0&lt;/a&gt;
W, 3608, 22, 2012/11/02, 16:15:22.656, 1593929108445, QTAgent32.exe, &lt;a class=success&gt;Playback - {71} [SUCCESS] MouseButtonClick - "[MSAA, VisibleOnly]ControlType='Button' &amp;&amp; Name='Ok'"
\0&lt;/a&gt;
W, 3608, 22, 2012/11/02, 16:15:23.186, 1593936695671, QTAgent32.exe, &lt;a class=success&gt;Playback - {72} [SUCCESS] SetValueAsEditBox "B338TH" - "[MSAA, VisibleOnly]ControlType='Edit'"  &lt; Set via SendKeys &gt;
\0&lt;/a&gt;
W, 3608, 22, 2012/11/02, 16:15:25.651, 1593971983501, QTAgent32.exe, &lt;a class=success&gt;Playback - {73} [SUCCESS] MouseButtonClick - "[MSAA, VisibleOnly]ControlType='Button' &amp;&amp; Name='Lookup...'"
\0&lt;/a&gt;
W, 3608, 22, 2012/11/02, 16:15:26.041, 1593977636811, QTAgent32.exe, &lt;a class=success&gt;Playback - {74} [SUCCESS] MouseButtonClick - "[MSAA, VisibleOnly]ControlType='Button' &amp;&amp; Name='Ok'"
\0&lt;/a&gt;
W, 3608, 22, 2012/11/02, 16:15:26.524, 1593984541457, QTAgent32.exe, &lt;a class=success&gt;Playback - {75} [SUCCESS] MouseButtonClick - "[MSAA, VisibleOnly]ControlType='Button' &amp;&amp; Name='Confirm'"
\0&lt;/a&gt;
W, 3608, 22, 2012/11/02, 16:15:48.941, 1594305470566, QTAgent32.exe, Playback - [WARNING] Internal warning: Window Not Found: [VisibleOnly]ControlType='Window' &amp;&amp; Name='insur-E.tam' &amp;&amp; ClassName='#32770'
\0
E, 3608, 22, 2012/11/02, 16:15:48.941, 1594305473407, QTAgent32.exe, &lt;a class=failure&gt;Playback - {76} [FAILED] Function ElementFetcher::FindScreenElement failed to locate UI element (Searching: ;[VisibleOnly]ControlType='Window' &amp;&amp; Name='insur-E.tam' &amp;&amp; ClassName='#32770') (The object specified was not found.)
\0&lt;/a&gt;
E, 3608, 22, 2012/11/02, 16:15:49.019, 1594306748869, QTAgent32.exe, Playback - [IMAGE] C:\Users\peter.zenin-ad\AppData\Local\Temp\UITestLogs\LastRun\RPF5693.png
\0
W, 3608, 22, 2012/11/02, 16:15:49.019, 1594306751017, QTAgent32.exe, Playback - [WARNING] Internal warning: Couldn't find descendants that match QueryId
\0
W, 3608, 22, 2012/11/02, 16:15:49.019, 1594306754042, QTAgent32.exe, PERF WARNING: FindTopLevelWindowHelper::FindAllDescendents: took 22397 ms. Expected it to take maximum 500 ms.
W, 3608, 22, 2012/11/02, 16:16:07.411, 1594569933971, QTAgent32.exe, Playback - [WARNING] Internal warning: Window Not Found: [VisibleOnly]ControlType='Window' &amp;&amp; Name='insur-E.tam' &amp;&amp; ClassName='#32770'
\0
E, 3608, 22, 2012/11/02, 16:16:07.411, 1594569936808, QTAgent32.exe, &lt;a class=failure&gt;Playback - {77} [FAILED] Function ElementFetcher::FindScreenElement failed to locate UI element (Searching: ;[VisibleOnly]ControlType='Window' &amp;&amp; Name='insur-E.tam' &amp;&amp; ClassName='#32770') (The object specified was not found.)
\0&lt;/a&gt;
E, 3608, 22, 2012/11/02, 16:16:07.504, 1594571269646, QTAgent32.exe, Playback - [IMAGE] C:\Users\peter.zenin-ad\AppData\Local\Temp\UITestLogs\LastRun\RPF9EBA.png
\0
W, 3608, 22, 2012/11/02, 16:16:07.504, 1594571271782, QTAgent32.exe, Playback - [WARNING] Internal warning: Couldn't find descendants that match QueryId
\0
W, 3608, 22, 2012/11/02, 16:16:07.504, 1594571274716, QTAgent32.exe, PERF WARNING: FindTopLevelWindowHelper::FindAllDescendents: took 18474 ms. Expected it to take maximum 500 ms.
W, 3608, 22, 2012/11/02, 16:16:10.624, 1594615946210, QTAgent32.exe, Playback - [WARNING] Internal warning: Smart Match failed
\0
W, 3608, 22, 2012/11/02, 16:16:12.059, 1594636497779, QTAgent32.exe, Playback - [WARNING] Internal warning: Window Not Found: [VisibleOnly]ControlType='Window' &amp;&amp; Name='insur-E.tam' &amp;&amp; ClassName='#32770'
\0
E, 3608, 22, 2012/11/02, 16:16:12.059, 1594636500639, QTAgent32.exe, &lt;a class=failure&gt;Playback - {78} [FAILED] Function ElementFetcher::FindScreenElement failed to locate UI element (Searching: ;[VisibleOnly]ControlType='Window' &amp;&amp; Name='insur-E.tam' &amp;&amp; ClassName='#32770') (The object specified was not found.)
\0&lt;/a&gt;
E, 3608, 22, 2012/11/02, 16:16:12.137, 1594637793484, QTAgent32.exe, Playback - [IMAGE] C:\Users\peter.zenin-ad\AppData\Local\Temp\UITestLogs\LastRun\RPFB0E4.png
\0
W, 3608, 22, 2012/11/02, 16:16:12.137, 1594637795712, QTAgent32.exe, Playback - [WARNING] Internal warning: Couldn't find descendants that match QueryId
\0
W, 3608, 22, 2012/11/02, 16:16:12.137, 1594637798613, QTAgent32.exe, PERF WARNING: FindTopLevelWindowHelper::FindAllDescendents: took 4645 ms. Expected it to take maximum 500 ms.
E, 3608, 22, 2012/11/02, 16:16:12.137, 1594637800386, QTAgent32.exe, Exception: System.Runtime.InteropServices.COMException
	Message: Error HRESULT E_FAIL has been returned from a call to a COM component.
	Stack Trace:    at Microsoft.VisualStudio.TestTools.UITest.Playback.Engine.IRPFPlayback.FindAllScreenElements(IScreenElement pScreenElementStart, String bstrQueryId, Object&amp; pvarResKeys, Int32 cResKeys, Int32 nMaxDepth, Object[]&amp; foundDescendants)
   at Microsoft.VisualStudio.TestTools.UITest.Playback.ScreenElement.FindTopLevelWindowHelper(String queryId)
	BaseExceptionMessage: Error HRESULT E_FAIL has been returned from a call to a COM component.

E, 3608, 22, 2012/11/02, 16:16:12.137, 1594637805130, QTAgent32.exe, Window 15336398 not responding. Last Win32 error 0
E, 3608, 22, 2012/11/02, 16:16:12.137, 1594637808815, QTAgent32.exe, Window 15336398 not responding. Last Win32 error 1400
E, 3608, 22, 2012/11/02, 16:16:12.137, 1594637812137, QTAgent32.exe, GetClassName for handle 15336398 failed
E, 3608, 22, 2012/11/02, 16:16:12.137, 1594637821289, QTAgent32.exe, Window 15336398 not responding. Last Win32 error 1400
E, 3608, 22, 2012/11/02, 16:16:12.137, 1594637822439, QTAgent32.exe, GetClassName for handle 15336398 failed
E, 3608, 22, 2012/11/02, 16:16:12.137, 1594637823221, QTAgent32.exe, GetClassName for handle 15336398 failed
E, 3608, 22, 2012/11/02, 16:16:12.246, 1594639175264, QTAgent32.exe, AL: Playback Error: Microsoft.VisualStudio.TestTools.UITest.Extension.UITestControlNotFoundException: The playback failed to find the control with the given search properties. Additional Details: 
TechnologyName:  'MSAA'
ControlType:  'Window'
 ---&gt; System.Runtime.InteropServices.COMException: Error HRESULT E_FAIL has been returned from a call to a COM component.
   at Microsoft.VisualStudio.TestTools.UITest.Playback.Engine.IRPFPlayback.FindAllScreenElements(IScreenElement pScreenElementStart, String bstrQueryId, Object&amp; pvarResKeys, Int32 cResKeys, Int32 nMaxDepth, Object[]&amp; foundDescendants)
   at Microsoft.VisualStudio.TestTools.UITest.Playback.ScreenElement.FindTopLevelWindowHelper(String queryId)
   at Microsoft.VisualStudio.TestTools.UITest.Playback.ScreenElement.FindFromPartialQueryId(String queryId)
   at Microsoft.VisualStudio.TestTools.UITesting.UITestControl..ctor(String queryId)
   --- End of inner exception stack trace ---
   at Microsoft.VisualStudio.TestTools.UITesting.Playback.MapControlNotFoundException(COMException ex, IPlaybackContext context)
   at Microsoft.VisualStudio.TestTools.UITesting.Playback.MapAndThrowComException(COMException innerException, IPlaybackContext context)
   at Microsoft.VisualStudio.TestTools.UITesting.Playback.MapAndThrowException(SystemException exception, IPlaybackContext context)
   at Microsoft.VisualStudio.TestTools.UITesting.Playback.MapAndThrowException(SystemException exception, String queryId)
   at Microsoft.VisualStudio.TestTools.UITesting.UITestControl..ctor(String queryId)
   at Microsoft.VisualStudio.TestTools.UITesting.SearchHelper.SearchTopLevelWindow(ISearchArgument topLevelSearchArg, String topLevelElementQueryId)
   at Microsoft.VisualStudio.TestTools.UITesting.SearchHelper.GetTitleUpdatedTopLevelWindow(ISearchArgument topLevelSearchArg, String queryId, IList`1 windowTitles)
   at Microsoft.VisualStudio.TestTools.UITesting.SearchHelper.GetTopLevelElement(Boolean useCache, Boolean useCacheOnly, ISearchArgument searchArg, IList`1 windowTitles, Int32&amp; timeLeft)
   at Microsoft.VisualStudio.TestTools.UITesting.SearchHelper.GetElement(Boolean useCache, ISearchArgument searchArg)
   at Microsoft.VisualStudio.TestTools.UITesting.SearchHelper.Search(ISearchArgument searchArg)
   at Microsoft.VisualStudio.TestTools.UITesting.UITestControl.FindInternal()
   at Microsoft.VisualStudio.TestTools.UITesting.UITestControl.FindControlIfNecessary()
   at Microsoft.VisualStudio.TestTools.UITesting.UITestControl.Click(MouseButtons button, ModifierKeys modifierKeys, Point relativeCoordinates)
   at Microsoft.VisualStudio.TestTools.UITesting.Mouse.ClickImplementation(UITestControl control, MouseButtons button, ModifierKeys modifierKeys, Point relativeCoordinate)
   at Microsoft.VisualStudio.TestTools.UITesting.Mouse.ClickImplementationWrapper(UITestControl control, MouseButtons button, ModifierKeys modifierKeys, Point relativeCoordinate)
W, 3608, 22, 2012/11/02, 16:16:12.246, 1594639177318, QTAgent32.exe, PlaybackErrorHandler: Ignoring exception as ContinueOnError is set.
W, 3608, 22, 2012/11/02, 16:16:12.574, 1594643868676, QTAgent32.exe, &lt;a class=success&gt;Playback - {79} [SUCCESS] Check - "[MSAA, VisibleOnly]ControlType='CheckBox' &amp;&amp; Name='Defer Printing?'"
\0&lt;/a&gt;
W, 3608, 22, 2012/11/02, 16:16:13.806, 1594661572239, QTAgent32.exe, &lt;a class=success&gt;Playback - {80} [SUCCESS] MouseButtonClick - "[MSAA, VisibleOnly]ControlType='Button' &amp;&amp; Name='Ok'"
\0&lt;/a&gt;
W, 3608, 22, 2012/11/02, 16:16:14.774, 1594675443509, QTAgent32.exe, PERF WARNING: FindTopLevelWindowHelper::FindAllDescendents: took 863 ms. Expected it to take maximum 500 ms.
W, 3608, 22, 2012/11/02, 16:16:15.117, 1594680277031, QTAgent32.exe, &lt;a class=success&gt;Playback - {81} [SUCCESS] Uncheck - "[MSAA, VisibleOnly]ControlType='CheckBox' &amp;&amp; Name='Add Activity'"
\0&lt;/a&gt;
W, 3608, 22, 2012/11/02, 16:16:16.021, 1594693389783, QTAgent32.exe, &lt;a class=success&gt;Playback - {82} [SUCCESS] MouseButtonClick - "[MSAA, VisibleOnly]ControlType='Button' &amp;&amp; Name='Ok'"
\0&lt;/a&gt;
W, 3608, 22, 2012/11/02, 16:16:16.458, 1594699604094, QTAgent32.exe, &lt;a class=success&gt;Playback - {83} [SUCCESS] MouseButtonClick - "[MSAA, VisibleOnly]ControlType='Button' &amp;&amp; Name='Ok'"
\0&lt;/a&gt;
W, 3608, 22, 2012/11/02, 16:16:24.180, 1594810060858, QTAgent32.exe, PERF WARNING: FindTopLevelWindowHelper::FindAllDescendents: took 7489 ms. Expected it to take maximum 500 ms.
W, 3608, 22, 2012/11/02, 16:16:26.473, 1594842879197, QTAgent32.exe, &lt;a class=success&gt;Playback - {84} [SUCCESS] MouseButtonClick - "[MSAA, VisibleOnly]ControlType='Button' &amp;&amp; Name='OK'"
\0&lt;/a&gt;
W, 3608, 22, 2012/11/02, 16:16:27.799, 1594861988566, QTAgent32.exe, Playback - [WARNING] Internal warning: Window Not Found: [VisibleOnly]ControlType='Window' &amp;&amp; Name='Tamxml7' &amp;&amp; ClassName='TMessageForm'
\0
E, 3608, 22, 2012/11/02, 16:16:27.799, 1594861991381, QTAgent32.exe, &lt;a class=failure&gt;Playback - {85} [FAILED] Function ElementFetcher::FindScreenElement failed to locate UI element (Searching: ;[VisibleOnly]ControlType='Window' &amp;&amp; Name='Tamxml7' &amp;&amp; ClassName='TMessageForm') (The object specified was not found.)
\0&lt;/a&gt;
E, 3608, 22, 2012/11/02, 16:16:27.924, 1594863676829, QTAgent32.exe, Playback - [IMAGE] C:\Users\peter.zenin-ad\AppData\Local\Temp\UITestLogs\LastRun\RPFEE62.png
\0
W, 3608, 22, 2012/11/02, 16:16:27.924, 1594863679000, QTAgent32.exe, Playback - [WARNING] Internal warning: Couldn't find descendants that match QueryId
\0
W, 3608, 22, 2012/11/02, 16:16:27.924, 1594863681921, QTAgent32.exe, PERF WARNING: FindTopLevelWindowHelper::FindAllDescendents: took 1343 ms. Expected it to take maximum 500 ms.
W, 3608, 22, 2012/11/02, 16:16:46.004, 1595122665865, QTAgent32.exe, Playback - [WARNING] Internal warning: Window Not Found: [VisibleOnly]ControlType='Window' &amp;&amp; Name='Tamxml7' &amp;&amp; ClassName='TMessageForm'
\0
E, 3608, 22, 2012/11/02, 16:16:46.004, 1595122668689, QTAgent32.exe, &lt;a class=failure&gt;Playback - {86} [FAILED] Function ElementFetcher::FindScreenElement failed to locate UI element (Searching: ;[VisibleOnly]ControlType='Window' &amp;&amp; Name='Tamxml7' &amp;&amp; ClassName='TMessageForm') (The object specified was not found.)
\0&lt;/a&gt;
E, 3608, 22, 2012/11/02, 16:16:46.097, 1595123912775, QTAgent32.exe, Playback - [IMAGE] C:\Users\peter.zenin-ad\AppData\Local\Temp\UITestLogs\LastRun\RPF3580.png
\0
W, 3608, 22, 2012/11/02, 16:16:46.097, 1595123914930, QTAgent32.exe, Playback - [WARNING] Internal warning: Couldn't find descendants that match QueryId
\0
W, 3608, 22, 2012/11/02, 16:16:46.097, 1595123917918, QTAgent32.exe, PERF WARNING: FindTopLevelWindowHelper::FindAllDescendents: took 18174 ms. Expected it to take maximum 500 ms.
W, 3608, 22, 2012/11/02, 16:16:46.550, 1595130415666, QTAgent32.exe, Playback - [WARNING] Internal warning: Smart Match failed
\0
W, 3608, 22, 2012/11/02, 16:16:46.737, 1595133086208, QTAgent32.exe, Playback - [WARNING] Internal warning: Smart Match failed
\0
W, 3608, 22, 2012/11/02, 16:16:46.893, 1595135333217, QTAgent32.exe, Playback - [WARNING] Internal warning: Smart Match failed
\0
W, 3608, 22, 2012/11/02, 16:16:47.065, 1595137787772, QTAgent32.exe, Playback - [WARNING] Internal warning: Smart Match failed
\0
W, 3608, 22, 2012/11/02, 16:16:47.236, 1595140248759, QTAgent32.exe, Playback - [WARNING] Internal warning: Smart Match failed
\0
W, 3608, 22, 2012/11/02, 16:16:47.408, 1595142704946, QTAgent32.exe, Playback - [WARNING] Internal warning: Smart Match failed
\0
W, 3608, 22, 2012/11/02, 16:16:47.579, 1595145160660, QTAgent32.exe, Playback - [WARNING] Internal warning: Smart Match failed
\0
W, 3608, 22, 2012/11/02, 16:16:47.751, 1595147617103, QTAgent32.exe, Playback - [WARNING] Internal warning: Smart Match failed
\0
W, 3608, 22, 2012/11/02, 16:16:47.922, 1595150074425, QTAgent32.exe, Playback - [WARNING] Internal warning: Smart Match failed
\0
W, 3608, 22, 2012/11/02, 16:16:48.094, 1595152532373, QTAgent32.exe, Playback - [WARNING] Internal warning: Smart Match failed
\0
W, 3608, 22, 2012/11/02, 16:16:48.266, 1595154993562, QTAgent32.exe, Playback - [WARNING] Internal warning: Smart Match failed
\0
W, 3608, 22, 2012/11/02, 16:16:48.437, 1595157447764, QTAgent32.exe, Playback - [WARNING] Internal warning: Smart Match failed
\0
W, 3608, 22, 2012/11/02, 16:16:48.609, 1595159905576, QTAgent32.exe, Playback - [WARNING] Internal warning: Smart Match failed
\0
W, 3608, 22, 2012/11/02, 16:16:48.780, 1595162361781, QTAgent32.exe, Playback - [WARNING] Internal warning: Smart Match failed
\0
W, 3608, 22, 2012/11/02, 16:16:48.952, 1595164814139, QTAgent32.exe, Playback - [WARNING] Internal warning: Smart Match failed
\0
W, 3608, 22, 2012/11/02, 16:16:49.108, 1595167051786, QTAgent32.exe, Playback - [WARNING] Internal warning: Smart Match failed
\0
W, 3608, 22, 2012/11/02, 16:16:49.170, 1595167890015, QTAgent32.exe, Playback - [WARNING] Internal warning: Window Not Found: [VisibleOnly]ControlType='Window' &amp;&amp; Name='Tamxml7' &amp;&amp; ClassName='TMessageForm'
\0
E, 3608, 22, 2012/11/02, 16:16:49.170, 1595167892220, QTAgent32.exe, &lt;a class=failure&gt;Playback - {87} [FAILED] Function ElementFetcher::FindScreenElement failed to locate UI element (Searching: ;[VisibleOnly]ControlType='Window' &amp;&amp; Name='Tamxml7' &amp;&amp; ClassName='TMessageForm') (The object specified was not found.)
\0&lt;/a&gt;
E, 3608, 22, 2012/11/02, 16:16:49.248, 1595169203582, QTAgent32.exe, Playback - [IMAGE] C:\Users\peter.zenin-ad\AppData\Local\Temp\UITestLogs\LastRun\RPF41E0.png
\0
W, 3608, 22, 2012/11/02, 16:16:49.248, 1595169205839, QTAgent32.exe, Playback - [WARNING] Internal warning: Couldn't find descendants that match QueryId
\0
W, 3608, 22, 2012/11/02, 16:16:49.248, 1595169208850, QTAgent32.exe, PERF WARNING: FindTopLevelWindowHelper::FindAllDescendents: took 3162 ms. Expected it to take maximum 500 ms.
E, 3608, 22, 2012/11/02, 16:16:49.248, 1595169210664, QTAgent32.exe, Exception: System.Runtime.InteropServices.COMException
	Message: Error HRESULT E_FAIL has been returned from a call to a COM component.
	Stack Trace:    at Microsoft.VisualStudio.TestTools.UITest.Playback.Engine.IRPFPlayback.FindAllScreenElements(IScreenElement pScreenElementStart, String bstrQueryId, Object&amp; pvarResKeys, Int32 cResKeys, Int32 nMaxDepth, Object[]&amp; foundDescendants)
   at Microsoft.VisualStudio.TestTools.UITest.Playback.ScreenElement.FindTopLevelWindowHelper(String queryId)
	BaseExceptionMessage: Error HRESULT E_FAIL has been returned from a call to a COM component.

E, 3608, 22, 2012/11/02, 16:16:49.264, 1595169215505, QTAgent32.exe, GetClassName for handle 7603090 failed
E, 3608, 22, 2012/11/02, 16:16:49.264, 1595169225231, QTAgent32.exe, Window 7603090 not responding. Last Win32 error 1400
E, 3608, 22, 2012/11/02, 16:16:49.264, 1595169226460, QTAgent32.exe, GetClassName for handle 7603090 failed
E, 3608, 22, 2012/11/02, 16:16:49.264, 1595169227293, QTAgent32.exe, GetClassName for handle 7603090 failed
E, 3608, 22, 2012/11/02, 16:16:49.264, 1595169231315, QTAgent32.exe, GetClassName for handle 7735090 failed
E, 3608, 22, 2012/11/02, 16:16:49.264, 1595169247845, QTAgent32.exe, Window 7735090 not responding. Last Win32 error 1400
E, 3608, 22, 2012/11/02, 16:16:49.264, 1595169250000, QTAgent32.exe, GetClassName for handle 7735090 failed
E, 3608, 22, 2012/11/02, 16:16:49.264, 1595169250849, QTAgent32.exe, GetClassName for handle 7735090 failed
E, 3608, 22, 2012/11/02, 16:16:49.373, 1595170780742, QTAgent32.exe, AL: Playback Error: Microsoft.VisualStudio.TestTools.UITest.Extension.UITestControlNotAvailableException: The control is not available or not valid. Additional Details: 
TechnologyName:  'MSAA'
ControlType:  'Button'
 ---&gt; Microsoft.VisualStudio.TestTools.UITest.Extension.UITestControlNotAvailableException: The control is not available or not valid. Additional Details: 
TechnologyName:  'MSAA'
ControlType:  'Window'
 ---&gt; System.Runtime.InteropServices.COMException: Error HRESULT E_FAIL has been returned from a call to a COM component.
   at Microsoft.VisualStudio.TestTools.UITest.Playback.Engine.IRPFPlayback.FindAllScreenElements(IScreenElement pScreenElementStart, String bstrQueryId, Object&amp; pvarResKeys, Int32 cResKeys, Int32 nMaxDepth, Object[]&amp; foundDescendants)
   at Microsoft.VisualStudio.TestTools.UITest.Playback.ScreenElement.FindTopLevelWindowHelper(String queryId)
   at Microsoft.VisualStudio.TestTools.UITest.Playback.ScreenElement.FindFromPartialQueryId(String queryId)
   at Microsoft.VisualStudio.TestTools.UITesting.UITestControl.EnsureValid(Boolean waitForReady, Boolean refetch)
   --- End of inner exception stack trace ---
   at Microsoft.VisualStudio.TestTools.UITesting.UITestControl.EnsureValid(Boolean waitForReady, Boolean refetch)
   at Microsoft.VisualStudio.TestTools.UITesting.UITestControl.FindFirstDescendant(String queryId, Int32 maxDepth, Int32&amp; timeLeft)
   at Microsoft.VisualStudio.TestTools.UITesting.UITestControl.FindFirstDescendant(String queryId)
   at Microsoft.VisualStudio.TestTools.UITesting.UITestControl.EnsureValid(Boolean waitForReady, Boolean refetch)
   --- End of inner exception stack trace ---
   at Microsoft.VisualStudio.TestTools.UITesting.UITestControl.EnsureValid(Boolean waitForReady, Boolean refetch)
   at Microsoft.VisualStudio.TestTools.UITesting.UITestControl.Click(MouseButtons button, ModifierKeys modifierKeys, Point relativeCoordinates)
   at Microsoft.VisualStudio.TestTools.UITesting.Mouse.ClickImplementation(UITestControl control, MouseButtons button, ModifierKeys modifierKeys, Point relativeCoordinate)
   at Microsoft.VisualStudio.TestTools.UITesting.Mouse.ClickImplementationWrapper(UITestControl control, MouseButtons button, ModifierKeys modifierKeys, Point relativeCoordinate)
W, 3608, 22, 2012/11/02, 16:16:49.373, 1595170782709, QTAgent32.exe, PlaybackErrorHandler: Ignoring exception as ContinueOnError is set.
W, 3608, 22, 2012/11/02, 16:16:49.716, 1595175756545, QTAgent32.exe, &lt;a class=success&gt;Playback - {88} [SUCCESS] MouseButtonClick - "[MSAA, VisibleOnly]ControlType='Button' &amp;&amp; Name='Cancel'"
\0&lt;/a&gt;
W, 3608, 22, 2012/11/02, 16:16:50.278, 1595183764886, QTAgent32.exe, &lt;a class=success&gt;Playback - {89} [SUCCESS] MouseButtonClick - "[MSAA, VisibleOnly]ControlType='Button'"
\0&lt;/a&gt;
W, 3608, 22, 2012/11/02, 16:16:50.715, 1595190054188, QTAgent32.exe, &lt;a class=success&gt;Playback - {90} [SUCCESS] MouseButtonClick - "[MSAA, VisibleOnly]ControlType='Button' &amp;&amp; Name='Options'"
\0&lt;/a&gt;
W, 3608, 22, 2012/11/02, 16:16:50.824, 1595191556236, QTAgent32.exe, FindScreenElementInSinglePass : Attempting to find control in one pass of search. Failures can occur.
W, 3608, 22, 2012/11/02, 16:16:50.840, 1595191773332, QTAgent32.exe, Playback - [WARNING] Internal failure: Method GetBoundingRectangle failed (HRESULT = 0x1, "Incorrect function.") for Name = "Copy Risk" ," ControlType = "MenuItem"
\0
W, 3608, 22, 2012/11/02, 16:16:50.840, 1595191774936, QTAgent32.exe, Playback - [WARNING] Internal failure: Couldn't get clickable point for ScreenUIElement - GetClickablePoint failed
\0
W, 3608, 22, 2012/11/02, 16:16:50.840, 1595191777801, QTAgent32.exe, FindScreenElementInSinglePass : Attempting to find control in one pass of search. Failures can occur.
W, 3608, 22, 2012/11/02, 16:16:50.840, 1595191807036, QTAgent32.exe, FindScreenElementInSinglePass : Attempting to find control in one pass of search. Failures can occur.
W, 3608, 22, 2012/11/02, 16:16:51.167, 1595196465379, QTAgent32.exe, &lt;a class=success&gt;Playback - {91} [SUCCESS] LeftButtonClick - "[MSAA, VisibleOnly]ControlType='MenuBar' &amp;&amp; Name='Application'"  &lt; Mouse cursor location (960, 31) &gt;
\0&lt;/a&gt;
W, 3608, 22, 2012/11/02, 16:16:51.276, 1595198029513, QTAgent32.exe, &lt;a class=success&gt;Playback - {92} [SUCCESS] LeftButtonClick - "[MSAA]ControlType='MenuItem' &amp;&amp; Name='Options'"  &lt; Mouse cursor location (94, 31) &gt;
\0&lt;/a&gt;
W, 3608, 22, 2012/11/02, 16:16:51.432, 1595200262125, QTAgent32.exe, &lt;a class=success&gt;Playback - {93} [SUCCESS] LeftButtonClick - "[MSAA]ControlType='MenuItem' &amp;&amp; Name='Links'"  &lt; Mouse cursor location (174, 319) &gt;
\0&lt;/a&gt;
W, 3608, 22, 2012/11/02, 16:16:51.604, 1595202718749, QTAgent32.exe, &lt;a class=success&gt;Playback - {94} [SUCCESS] LeftButtonClick - "[MSAA]ControlType='MenuItem' &amp;&amp; Name='3rd Party Integration'"  &lt; Mouse cursor location (375, 319) &gt;
\0&lt;/a&gt;
W, 3608, 22, 2012/11/02, 16:16:51.776, 1595205203430, QTAgent32.exe, &lt;a class=success&gt;Playback - {95} [SUCCESS] MouseButtonClick - "[MSAA]ControlType='MenuItem' &amp;&amp; Name='Copy Risk'"
\0&lt;/a&gt;
W, 3608, 22, 2012/11/02, 16:16:54.505, 1595244332227, QTAgent32.exe, Playback - [WARNING] Internal warning: Window Not Found: [VisibleOnly]ControlType='Window' &amp;&amp; Name='Which policy would you like to take the risk details from?' &amp;&amp; ClassName='TfSelectItem'
\0
E, 3608, 22, 2012/11/02, 16:16:54.505, 1595244335055, QTAgent32.exe, &lt;a class=failure&gt;Playback - {96} [FAILED] Function ElementFetcher::FindScreenElement failed to locate UI element (Searching: ;[VisibleOnly]ControlType='Window' &amp;&amp; Name='Which policy would you like to take the risk details from?' &amp;&amp; ClassName='TfSelectItem') (The object specified was not found.)
\0&lt;/a&gt;
E, 3608, 22, 2012/11/02, 16:16:54.599, 1595245604440, QTAgent32.exe, Playback - [IMAGE] C:\Users\peter.zenin-ad\AppData\Local\Temp\UITestLogs\LastRun\RPF56B8.png
\0
W, 3608, 22, 2012/11/02, 16:16:54.599, 1595245606559, QTAgent32.exe, Playback - [WARNING] Internal warning: Couldn't find descendants that match QueryId
\0
W, 3608, 22, 2012/11/02, 16:16:54.599, 1595245609578, QTAgent32.exe, PERF WARNING: FindTopLevelWindowHelper::FindAllDescendents: took 2713 ms. Expected it to take maximum 500 ms.
W, 3608, 22, 2012/11/02, 16:16:54.927, 1595250454077, QTAgent32.exe, &lt;a class=success&gt;Playback - {97} [SUCCESS] MouseButtonClick - "[MSAA, VisibleOnly]ControlType='Button' &amp;&amp; Name='Ok'"
\0&lt;/a&gt;
W, 3608, 22, 2012/11/02, 16:16:57.625, 1595288950307, QTAgent32.exe, PERF WARNING: FindTopLevelWindowHelper::FindAllDescendents: took 2418 ms. Expected it to take maximum 500 ms.
W, 3608, 22, 2012/11/02, 16:16:57.953, 1595293635255, QTAgent32.exe, &lt;a class=success&gt;Playback - {98} [SUCCESS] Check - "[MSAA, VisibleOnly]ControlType='RadioButton' &amp;&amp; Name='Household'"
\0&lt;/a&gt;
W, 3608, 22, 2012/11/02, 16:16:58.842, 1595306408112, QTAgent32.exe, &lt;a class=success&gt;Playback - {99} [SUCCESS] MouseButtonClick - "[MSAA, VisibleOnly]ControlType='Button' &amp;&amp; Name='OK'"
\0&lt;/a&gt;
W, 3608, 22, 2012/11/02, 16:16:58.951, 1595307935703, QTAgent32.exe, Playback - [WARNING] Internal warning: Thread state based WFR - Requested element has invalid HWND
\0
W, 3608, 22, 2012/11/02, 16:16:58.951, 1595307937401, QTAgent32.exe, Playback - [WARNING] Internal warning: process performance counters based WFR - Requested element has invalid HWND
\0
E, 3608, 22, 2012/11/02, 16:16:58.951, 1595307940391, QTAgent32.exe, EnsureValid called via EnsureValid call for same element
E, 3608, 22, 2012/11/02, 16:16:58.951, 1595307942373, QTAgent32.exe, EnsureValid called via EnsureValid call for same element
E, 3608, 22, 2012/11/02, 16:16:58.951, 1595307943640, QTAgent32.exe, EnsureValid called via EnsureValid call for same element
E, 3608, 22, 2012/11/02, 16:16:58.951, 1595307946673, QTAgent32.exe, GetClassName for handle 9111502 failed
E, 3608, 22, 2012/11/02, 16:16:58.951, 1595307951339, QTAgent32.exe, GetClassName for handle 9111502 failed
E, 3608, 22, 2012/11/02, 16:16:58.951, 1595308011919, QTAgent32.exe, Exception: System.Runtime.InteropServices.COMException
	Message: Error HRESULT E_FAIL has been returned from a call to a COM component.
	Stack Trace:    at Accessibility.IAccessible.get_accState(Object varChild)
   at Microsoft.VisualStudio.TestTools.UITest.Extension.Msaa.AccWrapper.get_State()
	BaseExceptionMessage: Error HRESULT E_FAIL has been returned from a call to a COM component.

E, 3608, 22, 2012/11/02, 16:16:58.951, 1595308016477, QTAgent32.exe, Exception: System.Runtime.InteropServices.COMException
	Message: Error HRESULT E_FAIL has been returned from a call to a COM component.
	Stack Trace:    at Accessibility.IAccessible.get_accState(Object varChild)
   at Microsoft.VisualStudio.TestTools.UITest.Extension.Msaa.AccWrapper.get_State()
	BaseExceptionMessage: Error HRESULT E_FAIL has been returned from a call to a COM component.

E, 3608, 22, 2012/11/02, 16:16:58.951, 1595308020726, QTAgent32.exe, Exception: System.Runtime.InteropServices.COMException
	Message: Error HRESULT E_FAIL has been returned from a call to a COM component.
	Stack Trace:    at Accessibility.IAccessible.get_accState(Object varChild)
   at Microsoft.VisualStudio.TestTools.UITest.Extension.Msaa.AccWrapper.get_State()
	BaseExceptionMessage: Error HRESULT E_FAIL has been returned from a call to a COM component.

E, 3608, 22, 2012/11/02, 16:16:58.951, 1595308024920, QTAgent32.exe, Exception: System.Runtime.InteropServices.COMException
	Message: Error HRESULT E_FAIL has been returned from a call to a COM component.
	Stack Trace:    at Accessibility.IAccessible.get_accState(Object varChild)
   at Microsoft.VisualStudio.TestTools.UITest.Extension.Msaa.AccWrapper.get_State()
	BaseExceptionMessage: Error HRESULT E_FAIL has been returned from a call to a COM component.

E, 3608, 22, 2012/11/02, 16:16:58.951, 1595308029122, QTAgent32.exe, Exception: System.Runtime.InteropServices.COMException
	Message: Error HRESULT E_FAIL has been returned from a call to a COM component.
	Stack Trace:    at Accessibility.IAccessible.get_accState(Object varChild)
   at Microsoft.VisualStudio.TestTools.UITest.Extension.Msaa.AccWrapper.get_State()
	BaseExceptionMessage: Error HRESULT E_FAIL has been returned from a call to a COM component.

E, 3608, 22, 2012/11/02, 16:16:58.951, 1595308034148, QTAgent32.exe, Exception: System.Runtime.InteropServices.COMException
	Message: Error HRESULT E_FAIL has been returned from a call to a COM component.
	Stack Trace:    at Accessibility.IAccessible.get_accState(Object varChild)
   at Microsoft.VisualStudio.TestTools.UITest.Extension.Msaa.AccWrapper.get_State()
	BaseExceptionMessage: Error HRESULT E_FAIL has been returned from a call to a COM component.

E, 3608, 22, 2012/11/02, 16:16:58.951, 1595308038379, QTAgent32.exe, Exception: System.Runtime.InteropServices.COMException
	Message: Error HRESULT E_FAIL has been returned from a call to a COM component.
	Stack Trace:    at Accessibility.IAccessible.get_accState(Object varChild)
   at Microsoft.VisualStudio.TestTools.UITest.Extension.Msaa.AccWrapper.get_State()
	BaseExceptionMessage: Error HRESULT E_FAIL has been returned from a call to a COM component.

W, 3608, 22, 2012/11/02, 16:16:59.154, 1595310886514, QTAgent32.exe, PERF WARNING: MSAA.UpdateQueryIDForNamelessControls: took 201 ms. Expected it to take maximum 200 ms.
W, 3608, 22, 2012/11/02, 16:16:59.154, 1595310890600, QTAgent32.exe, Msaa.Navigate: Exception [Error HRESULT E_FAIL has been returned from a call to a COM component.] while calling accNavigate.
E, 3608, 22, 2012/11/02, 16:16:59.154, 1595310891635, QTAgent32.exe, GetClassName for handle 8192680 failed
E, 3608, 22, 2012/11/02, 16:16:59.154, 1595310892443, QTAgent32.exe, Window 8192680 not responding. Last Win32 error 1400
E, 3608, 22, 2012/11/02, 16:16:59.154, 1595310894871, QTAgent32.exe, GetClassName for handle 9111502 failed
W, 3608, 22, 2012/11/02, 16:17:01.010, 1595337442754, QTAgent32.exe, PERF WARNING: FindTopLevelWindowHelper::FindAllDescendents: took 1853 ms. Expected it to take maximum 500 ms.
W, 3608, 22, 2012/11/02, 16:17:01.010, 1595337539067, QTAgent32.exe, Playback - [WARNING] Internal warning: Thread state based WFR - Requested element has invalid HWND
\0
W, 3608, 22, 2012/11/02, 16:17:01.010, 1595337540246, QTAgent32.exe, Playback - [WARNING] Internal warning: process performance counters based WFR - Requested element has invalid HWND
\0
E, 3608, 22, 2012/11/02, 16:17:01.010, 1595337542720, QTAgent32.exe, EnsureValid called via EnsureValid call for same element
E, 3608, 22, 2012/11/02, 16:17:01.010, 1595337544755, QTAgent32.exe, EnsureValid called via EnsureValid call for same element
E, 3608, 22, 2012/11/02, 16:17:01.010, 1595337546031, QTAgent32.exe, EnsureValid called via EnsureValid call for same element
E, 3608, 22, 2012/11/02, 16:17:01.010, 1595337549831, QTAgent32.exe, GetClassName for handle 6948056 failed
E, 3608, 22, 2012/11/02, 16:17:01.010, 1595337565986, QTAgent32.exe, Window 6948056 not responding. Last Win32 error 1400
E, 3608, 22, 2012/11/02, 16:17:01.010, 1595337568148, QTAgent32.exe, GetClassName for handle 6948056 failed
E, 3608, 22, 2012/11/02, 16:17:01.010, 1595337568955, QTAgent32.exe, GetClassName for handle 6948056 failed
W, 3608, 22, 2012/11/02, 16:17:01.026, 1595337702198, QTAgent32.exe, Playback - [WARNING] Internal warning: Thread state based WFR - Requested element has invalid HWND
\0
W, 3608, 22, 2012/11/02, 16:17:01.026, 1595337703526, QTAgent32.exe, Playback - [WARNING] Internal warning: process performance counters based WFR - Requested element has invalid HWND
\0
E, 3608, 22, 2012/11/02, 16:17:01.026, 1595337705884, QTAgent32.exe, EnsureValid called via EnsureValid call for same element
E, 3608, 22, 2012/11/02, 16:17:01.026, 1595337707844, QTAgent32.exe, EnsureValid called via EnsureValid call for same element
E, 3608, 22, 2012/11/02, 16:17:01.026, 1595337709106, QTAgent32.exe, EnsureValid called via EnsureValid call for same element
E, 3608, 22, 2012/11/02, 16:17:01.026, 1595337711937, QTAgent32.exe, GetClassName for handle 10355904 failed
E, 3608, 22, 2012/11/02, 16:17:01.026, 1595337716303, QTAgent32.exe, GetClassName for handle 10355904 failed
E, 3608, 22, 2012/11/02, 16:17:01.026, 1595337722722, QTAgent32.exe, Exception: System.Runtime.InteropServices.COMException
	Message: Error HRESULT E_FAIL has been returned from a call to a COM component.
	Stack Trace:    at Accessibility.IAccessible.get_accState(Object varChild)
   at Microsoft.VisualStudio.TestTools.UITest.Extension.Msaa.AccWrapper.get_State()
	BaseExceptionMessage: Error HRESULT E_FAIL has been returned from a call to a COM component.

E, 3608, 22, 2012/11/02, 16:17:01.026, 1595337726950, QTAgent32.exe, Exception: System.Runtime.InteropServices.COMException
	Message: Error HRESULT E_FAIL has been returned from a call to a COM component.
	Stack Trace:    at Accessibility.IAccessible.get_accState(Object varChild)
   at Microsoft.VisualStudio.TestTools.UITest.Extension.Msaa.AccWrapper.get_State()
	BaseExceptionMessage: Error HRESULT E_FAIL has been returned from a call to a COM component.

E, 3608, 22, 2012/11/02, 16:17:01.026, 1595337731155, QTAgent32.exe, Exception: System.Runtime.InteropServices.COMException
	Message: Error HRESULT E_FAIL has been returned from a call to a COM component.
	Stack Trace:    at Accessibility.IAccessible.get_accState(Object varChild)
   at Microsoft.VisualStudio.TestTools.UITest.Extension.Msaa.AccWrapper.get_State()
	BaseExceptionMessage: Error HRESULT E_FAIL has been returned from a call to a COM component.

E, 3608, 22, 2012/11/02, 16:17:01.026, 1595337735336, QTAgent32.exe, Exception: System.Runtime.InteropServices.COMException
	Message: Error HRESULT E_FAIL has been returned from a call to a COM component.
	Stack Trace:    at Accessibility.IAccessible.get_accState(Object varChild)
   at Microsoft.VisualStudio.TestTools.UITest.Extension.Msaa.AccWrapper.get_State()
	BaseExceptionMessage: Error HRESULT E_FAIL has been returned from a call to a COM component.

E, 3608, 22, 2012/11/02, 16:17:01.026, 1595337739549, QTAgent32.exe, Exception: System.Runtime.InteropServices.COMException
	Message: Error HRESULT E_FAIL has been returned from a call to a COM component.
	Stack Trace:    at Accessibility.IAccessible.get_accState(Object varChild)
   at Microsoft.VisualStudio.TestTools.UITest.Extension.Msaa.AccWrapper.get_State()
	BaseExceptionMessage: Error HRESULT E_FAIL has been returned from a call to a COM component.

E, 3608, 22, 2012/11/02, 16:17:01.026, 1595337743997, QTAgent32.exe, Exception: System.Runtime.InteropServices.COMException
	Message: Error HRESULT E_FAIL has been returned from a call to a COM component.
	Stack Trace:    at Accessibility.IAccessible.get_accState(Object varChild)
   at Microsoft.VisualStudio.TestTools.UITest.Extension.Msaa.AccWrapper.get_State()
	BaseExceptionMessage: Error HRESULT E_FAIL has been returned from a call to a COM component.

E, 3608, 22, 2012/11/02, 16:17:01.026, 1595337748287, QTAgent32.exe, Exception: System.Runtime.InteropServices.COMException
	Message: Error HRESULT E_FAIL has been returned from a call to a COM component.
	Stack Trace:    at Accessibility.IAccessible.get_accState(Object varChild)
   at Microsoft.VisualStudio.TestTools.UITest.Extension.Msaa.AccWrapper.get_State()
	BaseExceptionMessage: Error HRESULT E_FAIL has been returned from a call to a COM component.

W, 3608, 22, 2012/11/02, 16:17:01.229, 1595340597978, QTAgent32.exe, PERF WARNING: MSAA.UpdateQueryIDForNamelessControls: took 201 ms. Expected it to take maximum 200 ms.
W, 3608, 22, 2012/11/02, 16:17:01.229, 1595340602013, QTAgent32.exe, Msaa.Navigate: Exception [Error HRESULT E_FAIL has been returned from a call to a COM component.] while calling accNavigate.
E, 3608, 22, 2012/11/02, 16:17:01.229, 1595340603034, QTAgent32.exe, GetClassName for handle 8390120 failed
E, 3608, 22, 2012/11/02, 16:17:01.229, 1595340603850, QTAgent32.exe, Window 8390120 not responding. Last Win32 error 1400
E, 3608, 22, 2012/11/02, 16:17:01.229, 1595340606240, QTAgent32.exe, GetClassName for handle 10355904 failed
W, 3608, 22, 2012/11/02, 16:17:01.229, 1595340707458, QTAgent32.exe, Playback - [WARNING] Internal warning: Thread state based WFR - Requested element has invalid HWND
\0
W, 3608, 22, 2012/11/02, 16:17:01.229, 1595340708596, QTAgent32.exe, Playback - [WARNING] Internal warning: process performance counters based WFR - Requested element has invalid HWND
\0
E, 3608, 22, 2012/11/02, 16:17:01.229, 1595340710988, QTAgent32.exe, EnsureValid called via EnsureValid call for same element
E, 3608, 22, 2012/11/02, 16:17:01.229, 1595340712933, QTAgent32.exe, EnsureValid called via EnsureValid call for same element
E, 3608, 22, 2012/11/02, 16:17:01.229, 1595340714193, QTAgent32.exe, EnsureValid called via EnsureValid call for same element
E, 3608, 22, 2012/11/02, 16:17:01.229, 1595340717969, QTAgent32.exe, GetClassName for handle 14680640 failed
E, 3608, 22, 2012/11/02, 16:17:01.229, 1595340731261, QTAgent32.exe, Window 14680640 not responding. Last Win32 error 1400
E, 3608, 22, 2012/11/02, 16:17:01.229, 1595340734462, QTAgent32.exe, GetClassName for handle 14680640 failed
E, 3608, 22, 2012/11/02, 16:17:01.229, 1595340735296, QTAgent32.exe, GetClassName for handle 14680640 failed
W, 3608, 22, 2012/11/02, 16:17:01.588, 1595345785995, QTAgent32.exe, &lt;a class=success&gt;Playback - {100} [SUCCESS] MouseButtonClick - "[MSAA, VisibleOnly]ControlType='Button' &amp;&amp; Name='Cancel'"
\0&lt;/a&gt;
W, 3608, 22, 2012/11/02, 16:17:02.071, 1595352660651, QTAgent32.exe, &lt;a class=success&gt;Playback - {101} [SUCCESS] MouseButtonClick - "[MSAA, VisibleOnly]ControlType='Button' &amp;&amp; Name='Yes'"
\0&lt;/a&gt;
W, 3608, 22, 2012/11/02, 16:17:02.508, 1595358983065, QTAgent32.exe, &lt;a class=success&gt;Playback - {102} [SUCCESS] MouseButtonClick - "[MSAA, VisibleOnly]ControlType='Button' &amp;&amp; Name='Yes'"
\0&lt;/a&gt;
W, 3608, 22, 2012/11/02, 16:17:04.973, 1595394142170, QTAgent32.exe, &lt;a class=success&gt;Playback - {103} [SUCCESS] MouseButtonClick - "[MSAA, VisibleOnly]ControlType='Button' &amp;&amp; Name='OK'"
\0&lt;/a&gt;
W, 3608, 22, 2012/11/02, 16:17:06.626, 1595417819774, QTAgent32.exe, Playback - [WARNING] Internal warning: Element "[MSAA, VisibleOnly]ControlType='Window' &amp;&amp; ControlId='32770'" was not found, so all intermediate elements were ignored. To improve performance replace this element Id with another Id or exclude it from QueryId. If this element is the target element, replace or remove intermediate elements
\0
W, 3608, 22, 2012/11/02, 16:17:07.157, 1595425614708, QTAgent32.exe, PERF WARNING: FindAllDescendents: took 2087 ms. Expected it to take maximum 500 ms.
W, 3608, 22, 2012/11/02, 16:17:07.515, 1595430612374, QTAgent32.exe, &lt;a class=success&gt;Playback - {104} [SUCCESS] MouseButtonClick - "[MSAA, VisibleOnly]ControlType='Button' &amp;&amp; Name='Cancel'"
\0&lt;/a&gt;
W, 3608, 22, 2012/11/02, 16:17:09.169, 1595454228398, QTAgent32.exe, Playback - [WARNING] Internal warning: Element "[MSAA, VisibleOnly]ControlType='Window' &amp;&amp; ControlId='32769'" was not found, so all intermediate elements were ignored. To improve performance replace this element Id with another Id or exclude it from QueryId. If this element is the target element, replace or remove intermediate elements
\0
W, 3608, 22, 2012/11/02, 16:17:09.699, 1595461913792, QTAgent32.exe, PERF WARNING: FindAllDescendents: took 2079 ms. Expected it to take maximum 500 ms.
W, 3608, 22, 2012/11/02, 16:17:10.027, 1595466519383, QTAgent32.exe, &lt;a class=success&gt;Playback - {105} [SUCCESS] MouseButtonClick - "[MSAA, VisibleOnly]ControlType='Button' &amp;&amp; Name='Cancel'"
\0&lt;/a&gt;
W, 3608, 22, 2012/11/02, 16:17:10.355, 1595471300797, QTAgent32.exe, Playback - [WARNING] Internal warning: Window Not Found: [VisibleOnly]ControlType='Window' &amp;&amp; Name='Customer: txt1 tdsfs' &amp;&amp; ClassName='ThunderRT6MDIForm'
\0
E, 3608, 22, 2012/11/02, 16:17:10.355, 1595471303672, QTAgent32.exe, &lt;a class=failure&gt;Playback - {106} [FAILED] Function ElementFetcher::FindScreenElement failed to locate UI element (Searching: ;[VisibleOnly]ControlType='Window' &amp;&amp; Name='Customer: txt1 tdsfs' &amp;&amp; ClassName='ThunderRT6MDIForm') (The object specified was not found.)
\0&lt;/a&gt;
E, 3608, 22, 2012/11/02, 16:17:10.448, 1595472546324, QTAgent32.exe, Playback - [IMAGE] C:\Users\peter.zenin-ad\AppData\Local\Temp\UITestLogs\LastRun\RPF94A3.png
\0
W, 3608, 22, 2012/11/02, 16:17:10.448, 1595472548556, QTAgent32.exe, Playback - [WARNING] Internal warning: Couldn't find descendants that match QueryId
\0
W, 3608, 22, 2012/11/02, 16:17:10.448, 1595472707482, QTAgent32.exe, Playback - [WARNING] Internal warning: Window Not Found: [VisibleOnly]ControlType='Window' &amp;&amp; Name='Customer: txt1 tdsfs' &amp;&amp; ClassName='ThunderRT6MDIForm'
\0
E, 3608, 22, 2012/11/02, 16:17:10.448, 1595472709461, QTAgent32.exe, &lt;a class=failure&gt;Playback - {107} [FAILED] Function ElementFetcher::FindScreenElement failed to locate UI element (Searching: ;[VisibleOnly]ControlType='Window' &amp;&amp; Name='Customer: txt1 tdsfs' &amp;&amp; ClassName='ThunderRT6MDIForm') (The object specified was not found.)
\0&lt;/a&gt;
E, 3608, 22, 2012/11/02, 16:17:10.542, 1595473941585, QTAgent32.exe, Playback - [IMAGE] C:\Users\peter.zenin-ad\AppData\Local\Temp\UITestLogs\LastRun\RPF9501.png
\0
W, 3608, 22, 2012/11/02, 16:17:10.542, 1595473943718, QTAgent32.exe, Playback - [WARNING] Internal warning: Couldn't find descendants that match QueryId
\0
W, 3608, 22, 2012/11/02, 16:17:10.760, 1595477107730, QTAgent32.exe, Playback - [WARNING] Internal warning: Window Not Found: [VisibleOnly]ControlType='Window' &amp;&amp; Name='Customer: txt1 tdsfs' &amp;&amp; ClassName='ThunderRT6MDIForm'
\0
E, 3608, 22, 2012/11/02, 16:17:10.760, 1595477110511, QTAgent32.exe, &lt;a class=failure&gt;Playback - {108} [FAILED] Function ElementFetcher::FindScreenElement failed to locate UI element (Searching: ;[VisibleOnly]ControlType='Window' &amp;&amp; Name='Customer: txt1 tdsfs' &amp;&amp; ClassName='ThunderRT6MDIForm') (The object specified was not found.)
\0&lt;/a&gt;
E, 3608, 22, 2012/11/02, 16:17:10.838, 1595478339871, QTAgent32.exe, Playback - [IMAGE] C:\Users\peter.zenin-ad\AppData\Local\Temp\UITestLogs\LastRun\RPF963A.png
\0
W, 3608, 22, 2012/11/02, 16:17:10.838, 1595478342051, QTAgent32.exe, Playback - [WARNING] Internal warning: Couldn't find descendants that match QueryId
\0
E, 3608, 22, 2012/11/02, 16:17:10.838, 1595478345990, QTAgent32.exe, Exception: System.Runtime.InteropServices.COMException
	Message: Error HRESULT E_FAIL has been returned from a call to a COM component.
	Stack Trace:    at Microsoft.VisualStudio.TestTools.UITest.Playback.Engine.IRPFPlayback.FindAllScreenElements(IScreenElement pScreenElementStart, String bstrQueryId, Object&amp; pvarResKeys, Int32 cResKeys, Int32 nMaxDepth, Object[]&amp; foundDescendants)
   at Microsoft.VisualStudio.TestTools.UITest.Playback.ScreenElement.FindTopLevelWindowHelper(String queryId)
	BaseExceptionMessage: Error HRESULT E_FAIL has been returned from a call to a COM component.

E, 3608, 22, 2012/11/02, 16:17:10.854, 1595478355277, QTAgent32.exe, Window 6750832 not responding. Last Win32 error 0
E, 3608, 22, 2012/11/02, 16:17:10.854, 1595478359049, QTAgent32.exe, Window 6750832 not responding. Last Win32 error 1400
E, 3608, 22, 2012/11/02, 16:17:10.854, 1595478362347, QTAgent32.exe, GetClassName for handle 6750832 failed
E, 3608, 22, 2012/11/02, 16:17:10.854, 1595478372838, QTAgent32.exe, Window 6750832 not responding. Last Win32 error 1400
E, 3608, 22, 2012/11/02, 16:17:10.854, 1595478373984, QTAgent32.exe, GetClassName for handle 6750832 failed
E, 3608, 22, 2012/11/02, 16:17:10.854, 1595478374763, QTAgent32.exe, GetClassName for handle 6750832 failed
W, 3608, 22, 2012/11/02, 16:17:11.072, 1595481575108, QTAgent32.exe, Playback - [WARNING] Internal warning: Window Not Found: [VisibleOnly]ControlType='Window' &amp;&amp; Name='Customer: autotest autotest' &amp;&amp; ClassName='ThunderRT6MDIForm'
\0
E, 3608, 22, 2012/11/02, 16:17:11.072, 1595481577960, QTAgent32.exe, &lt;a class=failure&gt;Playback - {109} [FAILED] Function ElementFetcher::FindScreenElement failed to locate UI element (Searching: ;[VisibleOnly]ControlType='Window' &amp;&amp; Name='Customer: autotest autotest' &amp;&amp; ClassName='ThunderRT6MDIForm') (The object specified was not found.)
\0&lt;/a&gt;
E, 3608, 22, 2012/11/02, 16:17:11.150, 1595482807739, QTAgent32.exe, Playback - [IMAGE] C:\Users\peter.zenin-ad\AppData\Local\Temp\UITestLogs\LastRun\RPF9773.png
\0
W, 3608, 22, 2012/11/02, 16:17:11.150, 1595482809912, QTAgent32.exe, Playback - [WARNING] Internal warning: Couldn't find descendants that match QueryId
\0
W, 3608, 22, 2012/11/02, 16:17:11.166, 1595482965475, QTAgent32.exe, Playback - [WARNING] Internal warning: Window Not Found: [VisibleOnly]ControlType='Window' &amp;&amp; Name='Customer: autotest autotest' &amp;&amp; ClassName='ThunderRT6MDIForm'
\0
E, 3608, 22, 2012/11/02, 16:17:11.166, 1595482967381, QTAgent32.exe, &lt;a class=failure&gt;Playback - {110} [FAILED] Function ElementFetcher::FindScreenElement failed to locate UI element (Searching: ;[VisibleOnly]ControlType='Window' &amp;&amp; Name='Customer: autotest autotest' &amp;&amp; ClassName='ThunderRT6MDIForm') (The object specified was not found.)
\0&lt;/a&gt;
E, 3608, 22, 2012/11/02, 16:17:11.259, 1595484190602, QTAgent32.exe, Playback - [IMAGE] C:\Users\peter.zenin-ad\AppData\Local\Temp\UITestLogs\LastRun\RPF97D2.png
\0
W, 3608, 22, 2012/11/02, 16:17:11.259, 1595484192730, QTAgent32.exe, Playback - [WARNING] Internal warning: Couldn't find descendants that match QueryId
\0
W, 3608, 22, 2012/11/02, 16:17:11.478, 1595487387061, QTAgent32.exe, Playback - [WARNING] Internal warning: Window Not Found: [VisibleOnly]ControlType='Window' &amp;&amp; Name='Customer: autotest autotest' &amp;&amp; ClassName='ThunderRT6MDIForm'
\0
E, 3608, 22, 2012/11/02, 16:17:11.478, 1595487390027, QTAgent32.exe, &lt;a class=failure&gt;Playback - {111} [FAILED] Function ElementFetcher::FindScreenElement failed to locate UI element (Searching: ;[VisibleOnly]ControlType='Window' &amp;&amp; Name='Customer: autotest autotest' &amp;&amp; ClassName='ThunderRT6MDIForm') (The object specified was not found.)
\0&lt;/a&gt;
E, 3608, 22, 2012/11/02, 16:17:11.556, 1595488615066, QTAgent32.exe, Playback - [IMAGE] C:\Users\peter.zenin-ad\AppData\Local\Temp\UITestLogs\LastRun\RPF990B.png
\0
W, 3608, 22, 2012/11/02, 16:17:11.556, 1595488617294, QTAgent32.exe, Playback - [WARNING] Internal warning: Couldn't find descendants that match QueryId
\0
E, 3608, 22, 2012/11/02, 16:17:11.556, 1595488621166, QTAgent32.exe, Exception: System.Runtime.InteropServices.COMException
	Message: Error HRESULT E_FAIL has been returned from a call to a COM component.
	Stack Trace:    at Microsoft.VisualStudio.TestTools.UITest.Playback.Engine.IRPFPlayback.FindAllScreenElements(IScreenElement pScreenElementStart, String bstrQueryId, Object&amp; pvarResKeys, Int32 cResKeys, Int32 nMaxDepth, Object[]&amp; foundDescendants)
   at Microsoft.VisualStudio.TestTools.UITest.Playback.ScreenElement.FindTopLevelWindowHelper(String queryId)
	BaseExceptionMessage: Error HRESULT E_FAIL has been returned from a call to a COM component.

E, 3608, 22, 2012/11/02, 16:17:11.571, 1595488628236, QTAgent32.exe, Window 6750832 not responding. Last Win32 error 0
E, 3608, 22, 2012/11/02, 16:17:11.571, 1595488632019, QTAgent32.exe, Window 6750832 not responding. Last Win32 error 1400
E, 3608, 22, 2012/11/02, 16:17:11.571, 1595488636672, QTAgent32.exe, Window 6750832 not responding. Last Win32 error 1400
E, 3608, 22, 2012/11/02, 16:17:11.571, 1595488637915, QTAgent32.exe, GetClassName for handle 6750832 failed
E, 3608, 22, 2012/11/02, 16:17:11.571, 1595488638734, QTAgent32.exe, GetClassName for handle 6750832 failed
W, 3608, 22, 2012/11/02, 16:17:11.790, 1595491851933, QTAgent32.exe, Playback - [WARNING] Internal warning: Window Not Found: [VisibleOnly]ControlType='Window' &amp;&amp; Name='Customer: txt1 tdsfs' &amp;&amp; ClassName='ThunderRT6MDIForm'
\0
E, 3608, 22, 2012/11/02, 16:17:11.790, 1595491854693, QTAgent32.exe, &lt;a class=failure&gt;Playback - {112} [FAILED] Function ElementFetcher::FindScreenElement failed to locate UI element (Searching: ;[VisibleOnly]ControlType='Window' &amp;&amp; Name='Customer: txt1 tdsfs' &amp;&amp; ClassName='ThunderRT6MDIForm') (The object specified was not found.)
\0&lt;/a&gt;
E, 3608, 22, 2012/11/02, 16:17:11.883, 1595493191814, QTAgent32.exe, Playback - [IMAGE] C:\Users\peter.zenin-ad\AppData\Local\Temp\UITestLogs\LastRun\RPF9A44.png
\0
W, 3608, 22, 2012/11/02, 16:17:11.883, 1595493194057, QTAgent32.exe, Playback - [WARNING] Internal warning: Couldn't find descendants that match QueryId
\0
W, 3608, 22, 2012/11/02, 16:17:12.336, 1595499662969, QTAgent32.exe, Playback - [WARNING] Internal warning: Window Not Found: [VisibleOnly]ControlType='Window' &amp;&amp; Name='Customer: txt1 tdsfs' &amp;&amp; ClassName='ThunderRT6MDIForm'
\0
E, 3608, 22, 2012/11/02, 16:17:12.336, 1595499665856, QTAgent32.exe, &lt;a class=failure&gt;Playback - {113} [FAILED] Function ElementFetcher::FindScreenElement failed to locate UI element (Searching: ;[VisibleOnly]ControlType='Window' &amp;&amp; Name='Customer: txt1 tdsfs' &amp;&amp; ClassName='ThunderRT6MDIForm') (The object specified was not found.)
\0&lt;/a&gt;
E, 3608, 22, 2012/11/02, 16:17:12.414, 1595500882435, QTAgent32.exe, Playback - [IMAGE] C:\Users\peter.zenin-ad\AppData\Local\Temp\UITestLogs\LastRun\RPF9C67.png
\0
W, 3608, 22, 2012/11/02, 16:17:12.414, 1595500884615, QTAgent32.exe, Playback - [WARNING] Internal warning: Couldn't find descendants that match QueryId
\0
W, 3608, 22, 2012/11/02, 16:17:12.414, 1595500887614, QTAgent32.exe, PERF WARNING: FindTopLevelWindowHelper::FindAllDescendents: took 537 ms. Expected it to take maximum 500 ms.
W, 3608, 22, 2012/11/02, 16:17:12.866, 1595507219902, QTAgent32.exe, Playback - [WARNING] Internal warning: Smart Match failed
\0
W, 3608, 22, 2012/11/02, 16:17:13.006, 1595509230544, QTAgent32.exe, Playback - [WARNING] Internal warning: Smart Match failed
\0
W, 3608, 22, 2012/11/02, 16:17:13.178, 1595511743355, QTAgent32.exe, Playback - [WARNING] Internal warning: Smart Match failed
\0
W, 3608, 22, 2012/11/02, 16:17:13.334, 1595513921676, QTAgent32.exe, Playback - [WARNING] Internal warning: Smart Match failed
\0
W, 3608, 22, 2012/11/02, 16:17:13.474, 1595515928650, QTAgent32.exe, Playback - [WARNING] Internal warning: Smart Match failed
\0
W, 3608, 22, 2012/11/02, 16:17:13.615, 1595517941592, QTAgent32.exe, Playback - [WARNING] Internal warning: Smart Match failed
\0
W, 3608, 22, 2012/11/02, 16:17:13.755, 1595519951430, QTAgent32.exe, Playback - [WARNING] Internal warning: Smart Match failed
\0
W, 3608, 22, 2012/11/02, 16:17:13.896, 1595521959315, QTAgent32.exe, Playback - [WARNING] Internal warning: Smart Match failed
\0
W, 3608, 22, 2012/11/02, 16:17:14.036, 1595523976029, QTAgent32.exe, Playback - [WARNING] Internal warning: Smart Match failed
\0
W, 3608, 22, 2012/11/02, 16:17:14.176, 1595525983121, QTAgent32.exe, Playback - [WARNING] Internal warning: Smart Match failed
\0
W, 3608, 22, 2012/11/02, 16:17:14.317, 1595527993644, QTAgent32.exe, Playback - [WARNING] Internal warning: Smart Match failed
\0
W, 3608, 22, 2012/11/02, 16:17:14.457, 1595530002563, QTAgent32.exe, Playback - [WARNING] Internal warning: Smart Match failed
\0
W, 3608, 22, 2012/11/02, 16:17:14.598, 1595532012659, QTAgent32.exe, Playback - [WARNING] Internal warning: Smart Match failed
\0
W, 3608, 22, 2012/11/02, 16:17:14.738, 1595534025497, QTAgent32.exe, Playback - [WARNING] Internal warning: Smart Match failed
\0
W, 3608, 22, 2012/11/02, 16:17:14.878, 1595536033232, QTAgent32.exe, Playback - [WARNING] Internal warning: Smart Match failed
\0
W, 3608, 22, 2012/11/02, 16:17:15.019, 1595538043996, QTAgent32.exe, Playback - [WARNING] Internal warning: Smart Match failed
\0
W, 3608, 22, 2012/11/02, 16:17:15.159, 1595540052231, QTAgent32.exe, Playback - [WARNING] Internal warning: Smart Match failed
\0
W, 3608, 22, 2012/11/02, 16:17:15.300, 1595542065597, QTAgent32.exe, Playback - [WARNING] Internal warning: Smart Match failed
\0
W, 3608, 22, 2012/11/02, 16:17:15.440, 1595544075753, QTAgent32.exe, Playback - [WARNING] Internal warning: Smart Match failed
\0
W, 3608, 22, 2012/11/02, 16:17:15.471, 1595544592195, QTAgent32.exe, Playback - [WARNING] Internal warning: Window Not Found: [VisibleOnly]ControlType='Window' &amp;&amp; Name='Customer: txt1 tdsfs' &amp;&amp; ClassName='ThunderRT6MDIForm'
\0
E, 3608, 22, 2012/11/02, 16:17:15.471, 1595544594250, QTAgent32.exe, &lt;a class=failure&gt;Playback - {114} [FAILED] Function ElementFetcher::FindScreenElement failed to locate UI element (Searching: ;[VisibleOnly]ControlType='Window' &amp;&amp; Name='Customer: txt1 tdsfs' &amp;&amp; ClassName='ThunderRT6MDIForm') (The object specified was not found.)
\0&lt;/a&gt;
E, 3608, 22, 2012/11/02, 16:17:15.565, 1595545808413, QTAgent32.exe, Playback - [IMAGE] C:\Users\peter.zenin-ad\AppData\Local\Temp\UITestLogs\LastRun\RPFA8A8.png
\0
W, 3608, 22, 2012/11/02, 16:17:15.565, 1595545810531, QTAgent32.exe, Playback - [WARNING] Internal warning: Couldn't find descendants that match QueryId
\0
W, 3608, 22, 2012/11/02, 16:17:15.565, 1595545813498, QTAgent32.exe, PERF WARNING: FindTopLevelWindowHelper::FindAllDescendents: took 3137 ms. Expected it to take maximum 500 ms.
E, 3608, 22, 2012/11/02, 16:17:15.565, 1595545815252, QTAgent32.exe, Exception: System.Runtime.InteropServices.COMException
	Message: Error HRESULT E_FAIL has been returned from a call to a COM component.
	Stack Trace:    at Microsoft.VisualStudio.TestTools.UITest.Playback.Engine.IRPFPlayback.FindAllScreenElements(IScreenElement pScreenElementStart, String bstrQueryId, Object&amp; pvarResKeys, Int32 cResKeys, Int32 nMaxDepth, Object[]&amp; foundDescendants)
   at Microsoft.VisualStudio.TestTools.UITest.Playback.ScreenElement.FindTopLevelWindowHelper(String queryId)
	BaseExceptionMessage: Error HRESULT E_FAIL has been returned from a call to a COM component.

E, 3608, 22, 2012/11/02, 16:17:15.565, 1595545819804, QTAgent32.exe, Window 6750832 not responding. Last Win32 error 0
E, 3608, 22, 2012/11/02, 16:17:15.565, 1595545823559, QTAgent32.exe, Window 6750832 not responding. Last Win32 error 1400
E, 3608, 22, 2012/11/02, 16:17:15.565, 1595545828158, QTAgent32.exe, Window 6750832 not responding. Last Win32 error 1400
E, 3608, 22, 2012/11/02, 16:17:15.565, 1595545829363, QTAgent32.exe, GetClassName for handle 6750832 failed
E, 3608, 22, 2012/11/02, 16:17:15.565, 1595545830177, QTAgent32.exe, GetClassName for handle 6750832 failed
W, 3608, 22, 2012/11/02, 16:17:15.783, 1595549034635, QTAgent32.exe, Playback - [WARNING] Internal warning: Window Not Found: [VisibleOnly]ControlType='Window' &amp;&amp; Name='Customer: autotest autotest' &amp;&amp; ClassName='ThunderRT6MDIForm'
\0
E, 3608, 22, 2012/11/02, 16:17:15.783, 1595549037553, QTAgent32.exe, &lt;a class=failure&gt;Playback - {115} [FAILED] Function ElementFetcher::FindScreenElement failed to locate UI element (Searching: ;[VisibleOnly]ControlType='Window' &amp;&amp; Name='Customer: autotest autotest' &amp;&amp; ClassName='ThunderRT6MDIForm') (The object specified was not found.)
\0&lt;/a&gt;
E, 3608, 22, 2012/11/02, 16:17:15.877, 1595550273177, QTAgent32.exe, Playback - [IMAGE] C:\Users\peter.zenin-ad\AppData\Local\Temp\UITestLogs\LastRun\RPFA9E1.png
\0
W, 3608, 22, 2012/11/02, 16:17:15.877, 1595550275356, QTAgent32.exe, Playback - [WARNING] Internal warning: Couldn't find descendants that match QueryId
\0
W, 3608, 22, 2012/11/02, 16:17:16.423, 1595558182237, QTAgent32.exe, Playback - [WARNING] Internal warning: Window Not Found: [VisibleOnly]ControlType='Window' &amp;&amp; Name='Customer: autotest autotest' &amp;&amp; ClassName='ThunderRT6MDIForm'
\0
E, 3608, 22, 2012/11/02, 16:17:16.423, 1595558185070, QTAgent32.exe, &lt;a class=failure&gt;Playback - {116} [FAILED] Function ElementFetcher::FindScreenElement failed to locate UI element (Searching: ;[VisibleOnly]ControlType='Window' &amp;&amp; Name='Customer: autotest autotest' &amp;&amp; ClassName='ThunderRT6MDIForm') (The object specified was not found.)
\0&lt;/a&gt;
E, 3608, 22, 2012/11/02, 16:17:16.501, 1595559392905, QTAgent32.exe, Playback - [IMAGE] C:\Users\peter.zenin-ad\AppData\Local\Temp\UITestLogs\LastRun\RPFAC61.png
\0
W, 3608, 22, 2012/11/02, 16:17:16.501, 1595559395122, QTAgent32.exe, Playback - [WARNING] Internal warning: Couldn't find descendants that match QueryId
\0
W, 3608, 22, 2012/11/02, 16:17:16.501, 1595559398041, QTAgent32.exe, PERF WARNING: FindTopLevelWindowHelper::FindAllDescendents: took 636 ms. Expected it to take maximum 500 ms.
W, 3608, 22, 2012/11/02, 16:17:16.953, 1595565739722, QTAgent32.exe, Playback - [WARNING] Internal warning: Smart Match failed
\0
W, 3608, 22, 2012/11/02, 16:17:17.094, 1595567749745, QTAgent32.exe, Playback - [WARNING] Internal warning: Smart Match failed
\0
W, 3608, 22, 2012/11/02, 16:17:17.234, 1595569761808, QTAgent32.exe, Playback - [WARNING] Internal warning: Smart Match failed
\0
W, 3608, 22, 2012/11/02, 16:17:17.374, 1595571771839, QTAgent32.exe, Playback - [WARNING] Internal warning: Smart Match failed
\0
W, 3608, 22, 2012/11/02, 16:17:17.515, 1595573781469, QTAgent32.exe, Playback - [WARNING] Internal warning: Smart Match failed
\0
W, 3608, 22, 2012/11/02, 16:17:17.655, 1595575793712, QTAgent32.exe, Playback - [WARNING] Internal warning: Smart Match failed
\0
W, 3608, 22, 2012/11/02, 16:17:17.796, 1595577802146, QTAgent32.exe, Playback - [WARNING] Internal warning: Smart Match failed
\0
W, 3608, 22, 2012/11/02, 16:17:17.936, 1595579809778, QTAgent32.exe, Playback - [WARNING] Internal warning: Smart Match failed
\0
W, 3608, 22, 2012/11/02, 16:17:18.076, 1595581820843, QTAgent32.exe, Playback - [WARNING] Internal warning: Smart Match failed
\0
W, 3608, 22, 2012/11/02, 16:17:18.217, 1595583830079, QTAgent32.exe, Playback - [WARNING] Internal warning: Smart Match failed
\0
W, 3608, 22, 2012/11/02, 16:17:18.357, 1595585841888, QTAgent32.exe, Playback - [WARNING] Internal warning: Smart Match failed
\0
W, 3608, 22, 2012/11/02, 16:17:18.497, 1595587850345, QTAgent32.exe, Playback - [WARNING] Internal warning: Smart Match failed
\0
W, 3608, 22, 2012/11/02, 16:17:18.638, 1595589864552, QTAgent32.exe, Playback - [WARNING] Internal warning: Smart Match failed
\0
W, 3608, 22, 2012/11/02, 16:17:18.778, 1595591875609, QTAgent32.exe, Playback - [WARNING] Internal warning: Smart Match failed
\0
W, 3608, 22, 2012/11/02, 16:17:18.919, 1595593883499, QTAgent32.exe, Playback - [WARNING] Internal warning: Smart Match failed
\0
W, 3608, 22, 2012/11/02, 16:17:19.059, 1595595894521, QTAgent32.exe, Playback - [WARNING] Internal warning: Smart Match failed
\0
W, 3608, 22, 2012/11/02, 16:17:19.199, 1595597907728, QTAgent32.exe, Playback - [WARNING] Internal warning: Smart Match failed
\0
W, 3608, 22, 2012/11/02, 16:17:19.340, 1595599913220, QTAgent32.exe, Playback - [WARNING] Internal warning: Smart Match failed
\0
W, 3608, 22, 2012/11/02, 16:17:19.480, 1595601925336, QTAgent32.exe, Playback - [WARNING] Internal warning: Smart Match failed
\0
W, 3608, 22, 2012/11/02, 16:17:19.511, 1595602431418, QTAgent32.exe, Playback - [WARNING] Internal warning: Window Not Found: [VisibleOnly]ControlType='Window' &amp;&amp; Name='Customer: autotest autotest' &amp;&amp; ClassName='ThunderRT6MDIForm'
\0
E, 3608, 22, 2012/11/02, 16:17:19.511, 1595602433567, QTAgent32.exe, &lt;a class=failure&gt;Playback - {117} [FAILED] Function ElementFetcher::FindScreenElement failed to locate UI element (Searching: ;[VisibleOnly]ControlType='Window' &amp;&amp; Name='Customer: autotest autotest' &amp;&amp; ClassName='ThunderRT6MDIForm') (The object specified was not found.)
\0&lt;/a&gt;
E, 3608, 22, 2012/11/02, 16:17:19.605, 1595603661291, QTAgent32.exe, Playback - [IMAGE] C:\Users\peter.zenin-ad\AppData\Local\Temp\UITestLogs\LastRun\RPFB873.png
\0
W, 3608, 22, 2012/11/02, 16:17:19.605, 1595603664677, QTAgent32.exe, Playback - [WARNING] Internal warning: Couldn't find descendants that match QueryId
\0
W, 3608, 22, 2012/11/02, 16:17:19.605, 1595603672952, QTAgent32.exe, PERF WARNING: FindTopLevelWindowHelper::FindAllDescendents: took 3091 ms. Expected it to take maximum 500 ms.
E, 3608, 22, 2012/11/02, 16:17:19.605, 1595603674829, QTAgent32.exe, Exception: System.Runtime.InteropServices.COMException
	Message: Error HRESULT E_FAIL has been returned from a call to a COM component.
	Stack Trace:    at Microsoft.VisualStudio.TestTools.UITest.Playback.Engine.IRPFPlayback.FindAllScreenElements(IScreenElement pScreenElementStart, String bstrQueryId, Object&amp; pvarResKeys, Int32 cResKeys, Int32 nMaxDepth, Object[]&amp; foundDescendants)
   at Microsoft.VisualStudio.TestTools.UITest.Playback.ScreenElement.FindTopLevelWindowHelper(String queryId)
	BaseExceptionMessage: Error HRESULT E_FAIL has been returned from a call to a COM component.

E, 3608, 22, 2012/11/02, 16:17:19.605, 1595603680723, QTAgent32.exe, Window 6750832 not responding. Last Win32 error 0
E, 3608, 22, 2012/11/02, 16:17:19.605, 1595603685581, QTAgent32.exe, Window 6750832 not responding. Last Win32 error 1400
E, 3608, 22, 2012/11/02, 16:17:19.605, 1595603691471, QTAgent32.exe, Window 6750832 not responding. Last Win32 error 1400
E, 3608, 22, 2012/11/02, 16:17:19.605, 1595603693355, QTAgent32.exe, GetClassName for handle 6750832 failed
E, 3608, 22, 2012/11/02, 16:17:19.605, 1595603694168, QTAgent32.exe, GetClassName for handle 6750832 failed
W, 3608, 22, 2012/11/02, 16:17:19.823, 1595606885681, QTAgent32.exe, Playback - [WARNING] Internal warning: Window Not Found: [VisibleOnly]ControlType='Window' &amp;&amp; Name='Customer: txt1 tdsfs' &amp;&amp; ClassName='ThunderRT6MDIForm'
\0
E, 3608, 22, 2012/11/02, 16:17:19.823, 1595606888532, QTAgent32.exe, &lt;a class=failure&gt;Playback - {118} [FAILED] Function ElementFetcher::FindScreenElement failed to locate UI element (Searching: ;[VisibleOnly]ControlType='Window' &amp;&amp; Name='Customer: txt1 tdsfs' &amp;&amp; ClassName='ThunderRT6MDIForm') (The object specified was not found.)
\0&lt;/a&gt;
E, 3608, 22, 2012/11/02, 16:17:19.901, 1595608120899, QTAgent32.exe, Playback - [IMAGE] C:\Users\peter.zenin-ad\AppData\Local\Temp\UITestLogs\LastRun\RPFB9AC.png
\0
W, 3608, 22, 2012/11/02, 16:17:19.917, 1595608123311, QTAgent32.exe, Playback - [WARNING] Internal warning: Couldn't find descendants that match QueryId
\0
W, 3608, 22, 2012/11/02, 16:17:20.463, 1595616043388, QTAgent32.exe, Playback - [WARNING] Internal warning: Window Not Found: [VisibleOnly]ControlType='Window' &amp;&amp; Name='Customer: txt1 tdsfs' &amp;&amp; ClassName='ThunderRT6MDIForm'
\0
E, 3608, 22, 2012/11/02, 16:17:20.463, 1595616046257, QTAgent32.exe, &lt;a class=failure&gt;Playback - {119} [FAILED] Function ElementFetcher::FindScreenElement failed to locate UI element (Searching: ;[VisibleOnly]ControlType='Window' &amp;&amp; Name='Customer: txt1 tdsfs' &amp;&amp; ClassName='ThunderRT6MDIForm') (The object specified was not found.)
\0&lt;/a&gt;
E, 3608, 22, 2012/11/02, 16:17:20.541, 1595617260164, QTAgent32.exe, Playback - [IMAGE] C:\Users\peter.zenin-ad\AppData\Local\Temp\UITestLogs\LastRun\RPFBC2D.png
\0
W, 3608, 22, 2012/11/02, 16:17:20.541, 1595617262352, QTAgent32.exe, Playback - [WARNING] Internal warning: Couldn't find descendants that match QueryId
\0
W, 3608, 22, 2012/11/02, 16:17:20.541, 1595617265346, QTAgent32.exe, PERF WARNING: FindTopLevelWindowHelper::FindAllDescendents: took 638 ms. Expected it to take maximum 500 ms.
W, 3608, 22, 2012/11/02, 16:17:20.993, 1595623594757, QTAgent32.exe, Playback - [WARNING] Internal warning: Smart Match failed
\0
W, 3608, 22, 2012/11/02, 16:17:21.134, 1595625609681, QTAgent32.exe, Playback - [WARNING] Internal warning: Smart Match failed
\0
W, 3608, 22, 2012/11/02, 16:17:21.274, 1595627612605, QTAgent32.exe, Playback - [WARNING] Internal warning: Smart Match failed
\0
W, 3608, 22, 2012/11/02, 16:17:21.415, 1595629622785, QTAgent32.exe, Playback - [WARNING] Internal warning: Smart Match failed
\0
W, 3608, 22, 2012/11/02, 16:17:21.555, 1595631639056, QTAgent32.exe, Playback - [WARNING] Internal warning: Smart Match failed
\0
W, 3608, 22, 2012/11/02, 16:17:21.695, 1595633641992, QTAgent32.exe, Playback - [WARNING] Internal warning: Smart Match failed
\0
W, 3608, 22, 2012/11/02, 16:17:21.836, 1595635652754, QTAgent32.exe, Playback - [WARNING] Internal warning: Smart Match failed
\0
W, 3608, 22, 2012/11/02, 16:17:21.976, 1595637660426, QTAgent32.exe, Playback - [WARNING] Internal warning: Smart Match failed
\0
W, 3608, 22, 2012/11/02, 16:17:22.117, 1595639670897, QTAgent32.exe, Playback - [WARNING] Internal warning: Smart Match failed
\0
W, 3608, 22, 2012/11/02, 16:17:22.257, 1595641686746, QTAgent32.exe, Playback - [WARNING] Internal warning: Smart Match failed
\0
W, 3608, 22, 2012/11/02, 16:17:22.397, 1595643694279, QTAgent32.exe, Playback - [WARNING] Internal warning: Smart Match failed
\0
W, 3608, 22, 2012/11/02, 16:17:22.538, 1595645702501, QTAgent32.exe, Playback - [WARNING] Internal warning: Smart Match failed
\0
W, 3608, 22, 2012/11/02, 16:17:22.678, 1595647713107, QTAgent32.exe, Playback - [WARNING] Internal warning: Smart Match failed
\0
W, 3608, 22, 2012/11/02, 16:17:22.819, 1595649723518, QTAgent32.exe, Playback - [WARNING] Internal warning: Smart Match failed
\0
W, 3608, 22, 2012/11/02, 16:17:22.959, 1595651735960, QTAgent32.exe, Playback - [WARNING] Internal warning: Smart Match failed
\0
W, 3608, 22, 2012/11/02, 16:17:23.099, 1595653748368, QTAgent32.exe, Playback - [WARNING] Internal warning: Smart Match failed
\0
W, 3608, 22, 2012/11/02, 16:17:23.240, 1595655752699, QTAgent32.exe, Playback - [WARNING] Internal warning: Smart Match failed
\0
W, 3608, 22, 2012/11/02, 16:17:23.380, 1595657766606, QTAgent32.exe, Playback - [WARNING] Internal warning: Smart Match failed
\0
W, 3608, 22, 2012/11/02, 16:17:23.521, 1595659776349, QTAgent32.exe, Playback - [WARNING] Internal warning: Smart Match failed
\0
W, 3608, 22, 2012/11/02, 16:17:23.552, 1595660290161, QTAgent32.exe, Playback - [WARNING] Internal warning: Window Not Found: [VisibleOnly]ControlType='Window' &amp;&amp; Name='Customer: txt1 tdsfs' &amp;&amp; ClassName='ThunderRT6MDIForm'
\0
E, 3608, 22, 2012/11/02, 16:17:23.552, 1595660292183, QTAgent32.exe, &lt;a class=failure&gt;Playback - {120} [FAILED] Function ElementFetcher::FindScreenElement failed to locate UI element (Searching: ;[VisibleOnly]ControlType='Window' &amp;&amp; Name='Customer: txt1 tdsfs' &amp;&amp; ClassName='ThunderRT6MDIForm') (The object specified was not found.)
\0&lt;/a&gt;
E, 3608, 22, 2012/11/02, 16:17:23.645, 1595661514740, QTAgent32.exe, Playback - [IMAGE] C:\Users\peter.zenin-ad\AppData\Local\Temp\UITestLogs\LastRun\RPFC83F.png
\0
W, 3608, 22, 2012/11/02, 16:17:23.645, 1595661516816, QTAgent32.exe, Playback - [WARNING] Internal warning: Couldn't find descendants that match QueryId
\0
W, 3608, 22, 2012/11/02, 16:17:23.645, 1595661519768, QTAgent32.exe, PERF WARNING: FindTopLevelWindowHelper::FindAllDescendents: took 3090 ms. Expected it to take maximum 500 ms.
E, 3608, 22, 2012/11/02, 16:17:23.645, 1595661521561, QTAgent32.exe, Exception: System.Runtime.InteropServices.COMException
	Message: Error HRESULT E_FAIL has been returned from a call to a COM component.
	Stack Trace:    at Microsoft.VisualStudio.TestTools.UITest.Playback.Engine.IRPFPlayback.FindAllScreenElements(IScreenElement pScreenElementStart, String bstrQueryId, Object&amp; pvarResKeys, Int32 cResKeys, Int32 nMaxDepth, Object[]&amp; foundDescendants)
   at Microsoft.VisualStudio.TestTools.UITest.Playback.ScreenElement.FindTopLevelWindowHelper(String queryId)
	BaseExceptionMessage: Error HRESULT E_FAIL has been returned from a call to a COM component.

E, 3608, 22, 2012/11/02, 16:17:23.645, 1595661526134, QTAgent32.exe, Window 6750832 not responding. Last Win32 error 0
E, 3608, 22, 2012/11/02, 16:17:23.645, 1595661529923, QTAgent32.exe, Window 6750832 not responding. Last Win32 error 1400
E, 3608, 22, 2012/11/02, 16:17:23.645, 1595661534770, QTAgent32.exe, Window 6750832 not responding. Last Win32 error 1400
E, 3608, 22, 2012/11/02, 16:17:23.645, 1595661536016, QTAgent32.exe, GetClassName for handle 6750832 failed
E, 3608, 22, 2012/11/02, 16:17:23.645, 1595661536839, QTAgent32.exe, GetClassName for handle 6750832 failed
W, 3608, 22, 2012/11/02, 16:17:23.879, 1595665017199, QTAgent32.exe, Playback - [WARNING] Internal warning: Window Not Found: [VisibleOnly]ControlType='Window' &amp;&amp; Name='Customer: autotest autotest' &amp;&amp; ClassName='ThunderRT6MDIForm'
\0
E, 3608, 22, 2012/11/02, 16:17:23.879, 1595665021003, QTAgent32.exe, &lt;a class=failure&gt;Playback - {121} [FAILED] Function ElementFetcher::FindScreenElement failed to locate UI element (Searching: ;[VisibleOnly]ControlType='Window' &amp;&amp; Name='Customer: autotest autotest' &amp;&amp; ClassName='ThunderRT6MDIForm') (The object specified was not found.)
\0&lt;/a&gt;
E, 3608, 22, 2012/11/02, 16:17:23.973, 1595666257987, QTAgent32.exe, Playback - [IMAGE] C:\Users\peter.zenin-ad\AppData\Local\Temp\UITestLogs\LastRun\RPFC987.png
\0
W, 3608, 22, 2012/11/02, 16:17:23.973, 1595666260156, QTAgent32.exe, Playback - [WARNING] Internal warning: Couldn't find descendants that match QueryId
\0
W, 3608, 22, 2012/11/02, 16:17:24.519, 1595674114291, QTAgent32.exe, Playback - [WARNING] Internal warning: Window Not Found: [VisibleOnly]ControlType='Window' &amp;&amp; Name='Customer: autotest autotest' &amp;&amp; ClassName='ThunderRT6MDIForm'
\0
E, 3608, 22, 2012/11/02, 16:17:24.519, 1595674116964, QTAgent32.exe, &lt;a class=failure&gt;Playback - {122} [FAILED] Function ElementFetcher::FindScreenElement failed to locate UI element (Searching: ;[VisibleOnly]ControlType='Window' &amp;&amp; Name='Customer: autotest autotest' &amp;&amp; ClassName='ThunderRT6MDIForm') (The object specified was not found.)
\0&lt;/a&gt;
E, 3608, 22, 2012/11/02, 16:17:24.597, 1595675331079, QTAgent32.exe, Playback - [IMAGE] C:\Users\peter.zenin-ad\AppData\Local\Temp\UITestLogs\LastRun\RPFCC08.png
\0
W, 3608, 22, 2012/11/02, 16:17:24.597, 1595675333359, QTAgent32.exe, Playback - [WARNING] Internal warning: Couldn't find descendants that match QueryId
\0
W, 3608, 22, 2012/11/02, 16:17:24.597, 1595675336326, QTAgent32.exe, PERF WARNING: FindTopLevelWindowHelper::FindAllDescendents: took 633 ms. Expected it to take maximum 500 ms.
W, 3608, 22, 2012/11/02, 16:17:25.049, 1595681667327, QTAgent32.exe, Playback - [WARNING] Internal warning: Smart Match failed
\0
W, 3608, 22, 2012/11/02, 16:17:25.190, 1595683674627, QTAgent32.exe, Playback - [WARNING] Internal warning: Smart Match failed
\0
W, 3608, 22, 2012/11/02, 16:17:25.330, 1595685690944, QTAgent32.exe, Playback - [WARNING] Internal warning: Smart Match failed
\0
W, 3608, 22, 2012/11/02, 16:17:25.470, 1595687702268, QTAgent32.exe, Playback - [WARNING] Internal warning: Smart Match failed
\0
W, 3608, 22, 2012/11/02, 16:17:25.611, 1595689707937, QTAgent32.exe, Playback - [WARNING] Internal warning: Smart Match failed
\0
W, 3608, 22, 2012/11/02, 16:17:25.751, 1595691718106, QTAgent32.exe, Playback - [WARNING] Internal warning: Smart Match failed
\0
W, 3608, 22, 2012/11/02, 16:17:25.892, 1595693727652, QTAgent32.exe, Playback - [WARNING] Internal warning: Smart Match failed
\0
W, 3608, 22, 2012/11/02, 16:17:26.032, 1595695740801, QTAgent32.exe, Playback - [WARNING] Internal warning: Smart Match failed
\0
W, 3608, 22, 2012/11/02, 16:17:26.172, 1595697748701, QTAgent32.exe, Playback - [WARNING] Internal warning: Smart Match failed
\0
W, 3608, 22, 2012/11/02, 16:17:26.313, 1595699758902, QTAgent32.exe, Playback - [WARNING] Internal warning: Smart Match failed
\0
W, 3608, 22, 2012/11/02, 16:17:26.453, 1595701765539, QTAgent32.exe, Playback - [WARNING] Internal warning: Smart Match failed
\0
W, 3608, 22, 2012/11/02, 16:17:26.594, 1595703775661, QTAgent32.exe, Playback - [WARNING] Internal warning: Smart Match failed
\0
W, 3608, 22, 2012/11/02, 16:17:26.734, 1595705787048, QTAgent32.exe, Playback - [WARNING] Internal warning: Smart Match failed
\0
W, 3608, 22, 2012/11/02, 16:17:26.874, 1595707797777, QTAgent32.exe, Playback - [WARNING] Internal warning: Smart Match failed
\0
W, 3608, 22, 2012/11/02, 16:17:27.015, 1595709805634, QTAgent32.exe, Playback - [WARNING] Internal warning: Smart Match failed
\0
W, 3608, 22, 2012/11/02, 16:17:27.155, 1595711818344, QTAgent32.exe, Playback - [WARNING] Internal warning: Smart Match failed
\0
W, 3608, 22, 2012/11/02, 16:17:27.296, 1595713827963, QTAgent32.exe, Playback - [WARNING] Internal warning: Smart Match failed
\0
W, 3608, 22, 2012/11/02, 16:17:27.436, 1595715842708, QTAgent32.exe, Playback - [WARNING] Internal warning: Smart Match failed
\0
W, 3608, 22, 2012/11/02, 16:17:27.576, 1595717851518, QTAgent32.exe, Playback - [WARNING] Internal warning: Smart Match failed
\0
W, 3608, 22, 2012/11/02, 16:17:27.608, 1595718357804, QTAgent32.exe, Playback - [WARNING] Internal warning: Window Not Found: [VisibleOnly]ControlType='Window' &amp;&amp; Name='Customer: autotest autotest' &amp;&amp; ClassName='ThunderRT6MDIForm'
\0
E, 3608, 22, 2012/11/02, 16:17:27.608, 1595718359914, QTAgent32.exe, &lt;a class=failure&gt;Playback - {123} [FAILED] Function ElementFetcher::FindScreenElement failed to locate UI element (Searching: ;[VisibleOnly]ControlType='Window' &amp;&amp; Name='Customer: autotest autotest' &amp;&amp; ClassName='ThunderRT6MDIForm') (The object specified was not found.)
\0&lt;/a&gt;
E, 3608, 22, 2012/11/02, 16:17:27.701, 1595719601708, QTAgent32.exe, Playback - [IMAGE] C:\Users\peter.zenin-ad\AppData\Local\Temp\UITestLogs\LastRun\RPFD81A.png
\0
W, 3608, 22, 2012/11/02, 16:17:27.701, 1595719603843, QTAgent32.exe, Playback - [WARNING] Internal warning: Couldn't find descendants that match QueryId
\0
W, 3608, 22, 2012/11/02, 16:17:27.701, 1595719606824, QTAgent32.exe, PERF WARNING: FindTopLevelWindowHelper::FindAllDescendents: took 3091 ms. Expected it to take maximum 500 ms.
E, 3608, 22, 2012/11/02, 16:17:27.701, 1595719609687, QTAgent32.exe, Exception: System.Runtime.InteropServices.COMException
	Message: Error HRESULT E_FAIL has been returned from a call to a COM component.
	Stack Trace:    at Microsoft.VisualStudio.TestTools.UITest.Playback.Engine.IRPFPlayback.FindAllScreenElements(IScreenElement pScreenElementStart, String bstrQueryId, Object&amp; pvarResKeys, Int32 cResKeys, Int32 nMaxDepth, Object[]&amp; foundDescendants)
   at Microsoft.VisualStudio.TestTools.UITest.Playback.ScreenElement.FindTopLevelWindowHelper(String queryId)
	BaseExceptionMessage: Error HRESULT E_FAIL has been returned from a call to a COM component.

E, 3608, 22, 2012/11/02, 16:17:27.717, 1595719807080, QTAgent32.exe, Window 6750832 not responding. Last Win32 error 0
E, 3608, 22, 2012/11/02, 16:17:27.717, 1595719810810, QTAgent32.exe, Window 6750832 not responding. Last Win32 error 1400
E, 3608, 22, 2012/11/02, 16:17:27.717, 1595719815355, QTAgent32.exe, Window 6750832 not responding. Last Win32 error 1400
E, 3608, 22, 2012/11/02, 16:17:27.717, 1595719816558, QTAgent32.exe, GetClassName for handle 6750832 failed
E, 3608, 22, 2012/11/02, 16:17:27.717, 1595719817333, QTAgent32.exe, GetClassName for handle 6750832 failed
W, 3608, 22, 2012/11/02, 16:17:27.935, 1595723029483, QTAgent32.exe, Playback - [WARNING] Internal warning: Window Not Found: [VisibleOnly]ControlType='Window' &amp;&amp; Name='Customer: txt1 tdsfs' &amp;&amp; ClassName='ThunderRT6MDIForm'
\0
E, 3608, 22, 2012/11/02, 16:17:27.935, 1595723032240, QTAgent32.exe, &lt;a class=failure&gt;Playback - {124} [FAILED] Function ElementFetcher::FindScreenElement failed to locate UI element (Searching: ;[VisibleOnly]ControlType='Window' &amp;&amp; Name='Customer: txt1 tdsfs' &amp;&amp; ClassName='ThunderRT6MDIForm') (The object specified was not found.)
\0&lt;/a&gt;
E, 3608, 22, 2012/11/02, 16:17:28.013, 1595724242724, QTAgent32.exe, Playback - [IMAGE] C:\Users\peter.zenin-ad\AppData\Local\Temp\UITestLogs\LastRun\RPFD962.png
\0
W, 3608, 22, 2012/11/02, 16:17:28.013, 1595724244926, QTAgent32.exe, Playback - [WARNING] Internal warning: Couldn't find descendants that match QueryId
\0
W, 3608, 22, 2012/11/02, 16:17:28.466, 1595730621152, QTAgent32.exe, Playback - [WARNING] Internal warning: Window Not Found: [VisibleOnly]ControlType='Window' &amp;&amp; Name='Customer: txt1 tdsfs' &amp;&amp; ClassName='ThunderRT6MDIForm'
\0
E, 3608, 22, 2012/11/02, 16:17:28.466, 1595730623959, QTAgent32.exe, &lt;a class=failure&gt;Playback - {125} [FAILED] Function ElementFetcher::FindScreenElement failed to locate UI element (Searching: ;[VisibleOnly]ControlType='Window' &amp;&amp; Name='Customer: txt1 tdsfs' &amp;&amp; ClassName='ThunderRT6MDIForm') (The object specified was not found.)
\0&lt;/a&gt;
E, 3608, 22, 2012/11/02, 16:17:28.544, 1595731838354, QTAgent32.exe, Playback - [IMAGE] C:\Users\peter.zenin-ad\AppData\Local\Temp\UITestLogs\LastRun\RPFDB76.png
\0
W, 3608, 22, 2012/11/02, 16:17:28.544, 1595731840619, QTAgent32.exe, Playback - [WARNING] Internal warning: Couldn't find descendants that match QueryId
\0
W, 3608, 22, 2012/11/02, 16:17:28.544, 1595731843619, QTAgent32.exe, PERF WARNING: FindTopLevelWindowHelper::FindAllDescendents: took 530 ms. Expected it to take maximum 500 ms.
W, 3608, 22, 2012/11/02, 16:17:28.996, 1595738175591, QTAgent32.exe, Playback - [WARNING] Internal warning: Smart Match failed
\0
W, 3608, 22, 2012/11/02, 16:17:29.136, 1595740184594, QTAgent32.exe, Playback - [WARNING] Internal warning: Smart Match failed
\0
W, 3608, 22, 2012/11/02, 16:17:29.277, 1595742198788, QTAgent32.exe, Playback - [WARNING] Internal warning: Smart Match failed
\0
W, 3608, 22, 2012/11/02, 16:17:29.417, 1595744206196, QTAgent32.exe, Playback - [WARNING] Internal warning: Smart Match failed
\0
W, 3608, 22, 2012/11/02, 16:17:29.558, 1595746217861, QTAgent32.exe, Playback - [WARNING] Internal warning: Smart Match failed
\0
W, 3608, 22, 2012/11/02, 16:17:29.698, 1595748228368, QTAgent32.exe, Playback - [WARNING] Internal warning: Smart Match failed
\0
W, 3608, 22, 2012/11/02, 16:17:29.838, 1595750242736, QTAgent32.exe, Playback - [WARNING] Internal warning: Smart Match failed
\0
W, 3608, 22, 2012/11/02, 16:17:29.994, 1595752470008, QTAgent32.exe, Playback - [WARNING] Internal warning: Smart Match failed
\0
W, 3608, 22, 2012/11/02, 16:17:30.135, 1595754479635, QTAgent32.exe, Playback - [WARNING] Internal warning: Smart Match failed
\0
W, 3608, 22, 2012/11/02, 16:17:30.275, 1595756491252, QTAgent32.exe, Playback - [WARNING] Internal warning: Smart Match failed
\0
W, 3608, 22, 2012/11/02, 16:17:30.416, 1595758501149, QTAgent32.exe, Playback - [WARNING] Internal warning: Smart Match failed
\0
W, 3608, 22, 2012/11/02, 16:17:30.556, 1595760517948, QTAgent32.exe, Playback - [WARNING] Internal warning: Smart Match failed
\0
W, 3608, 22, 2012/11/02, 16:17:30.696, 1595762527198, QTAgent32.exe, Playback - [WARNING] Internal warning: Smart Match failed
\0
W, 3608, 22, 2012/11/02, 16:17:30.837, 1595764532971, QTAgent32.exe, Playback - [WARNING] Internal warning: Smart Match failed
\0
W, 3608, 22, 2012/11/02, 16:17:30.977, 1595766542331, QTAgent32.exe, Playback - [WARNING] Internal warning: Smart Match failed
\0
W, 3608, 22, 2012/11/02, 16:17:31.117, 1595768552868, QTAgent32.exe, Playback - [WARNING] Internal warning: Smart Match failed
\0
W, 3608, 22, 2012/11/02, 16:17:31.258, 1595770562012, QTAgent32.exe, Playback - [WARNING] Internal warning: Smart Match failed
\0
W, 3608, 22, 2012/11/02, 16:17:31.398, 1595772579575, QTAgent32.exe, Playback - [WARNING] Internal warning: Smart Match failed
\0
W, 3608, 22, 2012/11/02, 16:17:31.539, 1595774582037, QTAgent32.exe, Playback - [WARNING] Internal warning: Smart Match failed
\0
W, 3608, 22, 2012/11/02, 16:17:31.570, 1595775088493, QTAgent32.exe, Playback - [WARNING] Internal warning: Window Not Found: [VisibleOnly]ControlType='Window' &amp;&amp; Name='Customer: txt1 tdsfs' &amp;&amp; ClassName='ThunderRT6MDIForm'
\0
E, 3608, 22, 2012/11/02, 16:17:31.570, 1595775090845, QTAgent32.exe, &lt;a class=failure&gt;Playback - {126} [FAILED] Function ElementFetcher::FindScreenElement failed to locate UI element (Searching: ;[VisibleOnly]ControlType='Window' &amp;&amp; Name='Customer: txt1 tdsfs' &amp;&amp; ClassName='ThunderRT6MDIForm') (The object specified was not found.)
\0&lt;/a&gt;
E, 3608, 22, 2012/11/02, 16:17:31.648, 1595776286095, QTAgent32.exe, Playback - [IMAGE] C:\Users\peter.zenin-ad\AppData\Local\Temp\UITestLogs\LastRun\RPFE797.png
\0
W, 3608, 22, 2012/11/02, 16:17:31.648, 1595776288231, QTAgent32.exe, Playback - [WARNING] Internal warning: Couldn't find descendants that match QueryId
\0
W, 3608, 22, 2012/11/02, 16:17:31.648, 1595776291155, QTAgent32.exe, PERF WARNING: FindTopLevelWindowHelper::FindAllDescendents: took 3104 ms. Expected it to take maximum 500 ms.
E, 3608, 22, 2012/11/02, 16:17:31.648, 1595776292900, QTAgent32.exe, Exception: System.Runtime.InteropServices.COMException
	Message: Error HRESULT E_FAIL has been returned from a call to a COM component.
	Stack Trace:    at Microsoft.VisualStudio.TestTools.UITest.Playback.Engine.IRPFPlayback.FindAllScreenElements(IScreenElement pScreenElementStart, String bstrQueryId, Object&amp; pvarResKeys, Int32 cResKeys, Int32 nMaxDepth, Object[]&amp; foundDescendants)
   at Microsoft.VisualStudio.TestTools.UITest.Playback.ScreenElement.FindTopLevelWindowHelper(String queryId)
	BaseExceptionMessage: Error HRESULT E_FAIL has been returned from a call to a COM component.

E, 3608, 22, 2012/11/02, 16:17:31.648, 1595776297415, QTAgent32.exe, Window 6750832 not responding. Last Win32 error 0
E, 3608, 22, 2012/11/02, 16:17:31.648, 1595776301151, QTAgent32.exe, Window 6750832 not responding. Last Win32 error 1400
E, 3608, 22, 2012/11/02, 16:17:31.648, 1595776305759, QTAgent32.exe, Window 6750832 not responding. Last Win32 error 1400
E, 3608, 22, 2012/11/02, 16:17:31.648, 1595776306992, QTAgent32.exe, GetClassName for handle 6750832 failed
E, 3608, 22, 2012/11/02, 16:17:31.648, 1595776307770, QTAgent32.exe, GetClassName for handle 6750832 failed
W, 3608, 22, 2012/11/02, 16:17:31.882, 1595779536310, QTAgent32.exe, Playback - [WARNING] Internal warning: Window Not Found: [VisibleOnly]ControlType='Window' &amp;&amp; Name='Customer: autotest autotest' &amp;&amp; ClassName='ThunderRT6MDIForm'
\0
E, 3608, 22, 2012/11/02, 16:17:31.882, 1595779539056, QTAgent32.exe, &lt;a class=failure&gt;Playback - {127} [FAILED] Function ElementFetcher::FindScreenElement failed to locate UI element (Searching: ;[VisibleOnly]ControlType='Window' &amp;&amp; Name='Customer: autotest autotest' &amp;&amp; ClassName='ThunderRT6MDIForm') (The object specified was not found.)
\0&lt;/a&gt;
E, 3608, 22, 2012/11/02, 16:17:31.960, 1595780732669, QTAgent32.exe, Playback - [IMAGE] C:\Users\peter.zenin-ad\AppData\Local\Temp\UITestLogs\LastRun\RPFE8D0.png
\0
W, 3608, 22, 2012/11/02, 16:17:31.960, 1595780734852, QTAgent32.exe, Playback - [WARNING] Internal warning: Couldn't find descendants that match QueryId
\0
W, 3608, 22, 2012/11/02, 16:17:32.412, 1595787129580, QTAgent32.exe, Playback - [WARNING] Internal warning: Window Not Found: [VisibleOnly]ControlType='Window' &amp;&amp; Name='Customer: autotest autotest' &amp;&amp; ClassName='ThunderRT6MDIForm'
\0
E, 3608, 22, 2012/11/02, 16:17:32.412, 1595787132446, QTAgent32.exe, &lt;a class=failure&gt;Playback - {128} [FAILED] Function ElementFetcher::FindScreenElement failed to locate UI element (Searching: ;[VisibleOnly]ControlType='Window' &amp;&amp; Name='Customer: autotest autotest' &amp;&amp; ClassName='ThunderRT6MDIForm') (The object specified was not found.)
\0&lt;/a&gt;
E, 3608, 22, 2012/11/02, 16:17:32.490, 1595788330254, QTAgent32.exe, Playback - [IMAGE] C:\Users\peter.zenin-ad\AppData\Local\Temp\UITestLogs\LastRun\RPFEAE3.png
\0
W, 3608, 22, 2012/11/02, 16:17:32.490, 1595788332404, QTAgent32.exe, Playback - [WARNING] Internal warning: Couldn't find descendants that match QueryId
\0
W, 3608, 22, 2012/11/02, 16:17:32.490, 1595788335528, QTAgent32.exe, PERF WARNING: FindTopLevelWindowHelper::FindAllDescendents: took 530 ms. Expected it to take maximum 500 ms.
W, 3608, 22, 2012/11/02, 16:17:32.943, 1595794688146, QTAgent32.exe, Playback - [WARNING] Internal warning: Smart Match failed
\0
W, 3608, 22, 2012/11/02, 16:17:33.083, 1595796699621, QTAgent32.exe, Playback - [WARNING] Internal warning: Smart Match failed
\0
W, 3608, 22, 2012/11/02, 16:17:33.223, 1595798710111, QTAgent32.exe, Playback - [WARNING] Internal warning: Smart Match failed
\0
W, 3608, 22, 2012/11/02, 16:17:33.364, 1595800723976, QTAgent32.exe, Playback - [WARNING] Internal warning: Smart Match failed
\0
W, 3608, 22, 2012/11/02, 16:17:33.520, 1595803100884, QTAgent32.exe, Playback - [WARNING] Internal warning: Smart Match failed
\0
W, 3608, 22, 2012/11/02, 16:17:33.676, 1595805184995, QTAgent32.exe, Playback - [WARNING] Internal warning: Smart Match failed
\0
W, 3608, 22, 2012/11/02, 16:17:33.816, 1595807204259, QTAgent32.exe, Playback - [WARNING] Internal warning: Smart Match failed
\0
W, 3608, 22, 2012/11/02, 16:17:33.957, 1595809204647, QTAgent32.exe, Playback - [WARNING] Internal warning: Smart Match failed
\0
W, 3608, 22, 2012/11/02, 16:17:34.097, 1595811214377, QTAgent32.exe, Playback - [WARNING] Internal warning: Smart Match failed
\0
W, 3608, 22, 2012/11/02, 16:17:34.237, 1595813224850, QTAgent32.exe, Playback - [WARNING] Internal warning: Smart Match failed
\0
W, 3608, 22, 2012/11/02, 16:17:34.378, 1595815258109, QTAgent32.exe, Playback - [WARNING] Internal warning: Smart Match failed
\0
W, 3608, 22, 2012/11/02, 16:17:34.518, 1595817249181, QTAgent32.exe, Playback - [WARNING] Internal warning: Smart Match failed
\0
W, 3608, 22, 2012/11/02, 16:17:34.659, 1595819258807, QTAgent32.exe, Playback - [WARNING] Internal warning: Smart Match failed
\0
W, 3608, 22, 2012/11/02, 16:17:34.799, 1595821270986, QTAgent32.exe, Playback - [WARNING] Internal warning: Smart Match failed
\0
W, 3608, 22, 2012/11/02, 16:17:34.939, 1595823278727, QTAgent32.exe, Playback - [WARNING] Internal warning: Smart Match failed
\0
W, 3608, 22, 2012/11/02, 16:17:35.080, 1595825291886, QTAgent32.exe, Playback - [WARNING] Internal warning: Smart Match failed
\0
W, 3608, 22, 2012/11/02, 16:17:35.220, 1595827299228, QTAgent32.exe, Playback - [WARNING] Internal warning: Smart Match failed
\0
W, 3608, 22, 2012/11/02, 16:17:35.361, 1595829310240, QTAgent32.exe, Playback - [WARNING] Internal warning: Smart Match failed
\0
W, 3608, 22, 2012/11/02, 16:17:35.501, 1595831325268, QTAgent32.exe, Playback - [WARNING] Internal warning: Smart Match failed
\0
W, 3608, 22, 2012/11/02, 16:17:35.532, 1595831844244, QTAgent32.exe, Playback - [WARNING] Internal warning: Window Not Found: [VisibleOnly]ControlType='Window' &amp;&amp; Name='Customer: autotest autotest' &amp;&amp; ClassName='ThunderRT6MDIForm'
\0
E, 3608, 22, 2012/11/02, 16:17:35.532, 1595831846551, QTAgent32.exe, &lt;a class=failure&gt;Playback - {129} [FAILED] Function ElementFetcher::FindScreenElement failed to locate UI element (Searching: ;[VisibleOnly]ControlType='Window' &amp;&amp; Name='Customer: autotest autotest' &amp;&amp; ClassName='ThunderRT6MDIForm') (The object specified was not found.)
\0&lt;/a&gt;
E, 3608, 22, 2012/11/02, 16:17:35.610, 1595833044199, QTAgent32.exe, Playback - [IMAGE] C:\Users\peter.zenin-ad\AppData\Local\Temp\UITestLogs\LastRun\RPFF714.png
\0
W, 3608, 22, 2012/11/02, 16:17:35.610, 1595833046463, QTAgent32.exe, Playback - [WARNING] Internal warning: Couldn't find descendants that match QueryId
\0
W, 3608, 22, 2012/11/02, 16:17:35.626, 1595833050309, QTAgent32.exe, PERF WARNING: FindTopLevelWindowHelper::FindAllDescendents: took 3122 ms. Expected it to take maximum 500 ms.
E, 3608, 22, 2012/11/02, 16:17:35.626, 1595833052176, QTAgent32.exe, Exception: System.Runtime.InteropServices.COMException
	Message: Error HRESULT E_FAIL has been returned from a call to a COM component.
	Stack Trace:    at Microsoft.VisualStudio.TestTools.UITest.Playback.Engine.IRPFPlayback.FindAllScreenElements(IScreenElement pScreenElementStart, String bstrQueryId, Object&amp; pvarResKeys, Int32 cResKeys, Int32 nMaxDepth, Object[]&amp; foundDescendants)
   at Microsoft.VisualStudio.TestTools.UITest.Playback.ScreenElement.FindTopLevelWindowHelper(String queryId)
	BaseExceptionMessage: Error HRESULT E_FAIL has been returned from a call to a COM component.

E, 3608, 22, 2012/11/02, 16:17:35.626, 1595833056813, QTAgent32.exe, Window 6750832 not responding. Last Win32 error 0
E, 3608, 22, 2012/11/02, 16:17:35.626, 1595833060595, QTAgent32.exe, Window 6750832 not responding. Last Win32 error 1400
E, 3608, 22, 2012/11/02, 16:17:35.626, 1595833065259, QTAgent32.exe, Window 6750832 not responding. Last Win32 error 1400
E, 3608, 22, 2012/11/02, 16:17:35.626, 1595833066535, QTAgent32.exe, GetClassName for handle 6750832 failed
E, 3608, 22, 2012/11/02, 16:17:35.626, 1595833067551, QTAgent32.exe, GetClassName for handle 6750832 failed
E, 3608, 22, 2012/11/02, 16:17:35.735, 1595834621398, QTAgent32.exe, AL: Playback Error: Microsoft.VisualStudio.TestTools.UITest.Extension.UITestControlNotFoundException: Unable to find the top level element of the control ---&gt; Microsoft.VisualStudio.TestTools.UITest.Extension.UITestControlNotFoundException: The playback failed to find the control with the given search properties. Additional Details: 
TechnologyName:  'MSAA'
ControlType:  'Window'
 ---&gt; System.Runtime.InteropServices.COMException: Error HRESULT E_FAIL has been returned from a call to a COM component.
   at Microsoft.VisualStudio.TestTools.UITest.Playback.Engine.IRPFPlayback.FindAllScreenElements(IScreenElement pScreenElementStart, String bstrQueryId, Object&amp; pvarResKeys, Int32 cResKeys, Int32 nMaxDepth, Object[]&amp; foundDescendants)
   at Microsoft.VisualStudio.TestTools.UITest.Playback.ScreenElement.FindTopLevelWindowHelper(String queryId)
   at Microsoft.VisualStudio.TestTools.UITest.Playback.ScreenElement.FindFromPartialQueryId(String queryId)
   at Microsoft.VisualStudio.TestTools.UITesting.UITestControl..ctor(String queryId)
   --- End of inner exception stack trace ---
   at Microsoft.VisualStudio.TestTools.UITesting.Playback.MapControlNotFoundException(COMException ex, IPlaybackContext context)
   at Microsoft.VisualStudio.TestTools.UITesting.Playback.MapAndThrowComException(COMException innerException, IPlaybackContext context)
   at Microsoft.VisualStudio.TestTools.UITesting.Playback.MapAndThrowException(SystemException exception, IPlaybackContext context)
   at Microsoft.VisualStudio.TestTools.UITesting.Playback.MapAndThrowException(SystemException exception, String queryId)
   at Microsoft.VisualStudio.TestTools.UITesting.UITestControl..ctor(String queryId)
   at Microsoft.VisualStudio.TestTools.UITesting.SearchHelper.SearchTopLevelWindow(ISearchArgument topLevelSearchArg, String topLevelElementQueryId)
   at Microsoft.VisualStudio.TestTools.UITesting.SearchHelper.SearchUsingMultipleTitles(ISearchArgument topLevelSearchArg, QueryId topLevelQueryId, IList`1 windowTitles)
   --- End of inner exception stack trace ---
   at Microsoft.VisualStudio.TestTools.UITesting.SearchHelper.SearchUsingMultipleTitles(ISearchArgument topLevelSearchArg, QueryId topLevelQueryId, IList`1 windowTitles)
   at Microsoft.VisualStudio.TestTools.UITesting.SearchHelper.GetTitleUpdatedTopLevelWindow(ISearchArgument topLevelSearchArg, String queryId, IList`1 windowTitles)
   at Microsoft.VisualStudio.TestTools.UITesting.SearchHelper.GetTopLevelElement(Boolean useCache, Boolean useCacheOnly, ISearchArgument searchArg, IList`1 windowTitles, Int32&amp; timeLeft)
   at Microsoft.VisualStudio.TestTools.UITesting.SearchHelper.GetElement(Boolean useCache, ISearchArgument searchArg)
   at Microsoft.VisualStudio.TestTools.UITesting.SearchHelper.Search(ISearchArgument searchArg)
   at Microsoft.VisualStudio.TestTools.UITesting.UITestControl.FindInternal()
   at Microsoft.VisualStudio.TestTools.UITesting.UITestControl.FindControlIfNecessary()
   at Microsoft.VisualStudio.TestTools.UITesting.UITestControl.Click(MouseButtons button, ModifierKeys modifierKeys, Point relativeCoordinates)
   at Microsoft.VisualStudio.TestTools.UITesting.Mouse.ClickImplementation(UITestControl control, MouseButtons button, ModifierKeys modifierKeys, Point relativeCoordinate)
   at Microsoft.VisualStudio.TestTools.UITesting.Mouse.ClickImplementationWrapper(UITestControl control, MouseButtons button, ModifierKeys modifierKeys, Point relativeCoordinate)
W, 3608, 22, 2012/11/02, 16:17:35.735, 1595834623458, QTAgent32.exe, PlaybackErrorHandler: Ignoring exception as ContinueOnError is set.
W, 3608, 22, 2012/11/02, 16:17:36.078, 1595839627526, QTAgent32.exe, &lt;a class=success&gt;Playback - {130} [SUCCESS] MouseButtonClick - "[MSAA, VisibleOnly]ControlType='Button' &amp;&amp; Name='Close'"
\0&lt;/a&gt;
W, 3608, 22, 2012/11/02, 16:17:40.555, 1595903665712, QTAgent32.exe, IEDOM : StopSession of the plugin called before StartSession
W, 3608, 22, 2012/11/02, 16:17:40.555, 1595903667058, QTAgent32.exe, UIA : StopSession of the plugin called before StartSession
W, 3608, 22, 2012/11/02, 16:17:40.555, 1595903667765, QTAgent32.exe, SLPlugin : StopSession of the plugin called before StartSession
</DebugTrace>
      </Output>
    </UnitTestResult>
    <UnitTestResult executionId="ad8d2533-a14a-4802-a3ff-b731d0aa7e19" testId="99f569ef-86f3-fa96-82c3-e9993245d049" testName="HouseTest5" computerName="ICLVDEVAP01" duration="00:02:02.3423129" startTime="2012-11-02T16:17:40.5556865+00:00" endTime="2012-11-02T16:19:42.9048786+00:00" testType="13cdc9d9-ddb5-4fa4-a97d-d965ccfc6d4b" outcome="Passed" testListId="8c84fa94-04c1-424b-9868-57a2d4851a1d" relativeResultsDirectory="ad8d2533-a14a-4802-a3ff-b731d0aa7e19">
      <Output>
        <DebugTrace>W, 3608, 23, 2012/11/02, 16:17:40.555, 1595903829672, QTAgent32.exe, ExtensionFramework : A Technology Manager with name Web is already registered.
W, 3608, 23, 2012/11/02, 16:17:41.413, 1595915922922, QTAgent32.exe, &lt;a class=success&gt;Playback - {1} [SUCCESS] MouseButtonClick - "[MSAA, VisibleOnly]ControlType='Edit'"
\0&lt;/a&gt;
W, 3608, 23, 2012/11/02, 16:17:41.678, 1595919718806, QTAgent32.exe, &lt;a class=success&gt;Playback - {2} [SUCCESS] SendKeys "[*]" - "[MSAA, VisibleOnly]ControlType='Edit'"
\0&lt;/a&gt;
W, 3608, 23, 2012/11/02, 16:17:42.583, 1595932688933, QTAgent32.exe, &lt;a class=success&gt;Playback - {3} [SUCCESS] MouseButtonClick - "[MSAA, VisibleOnly]ControlType='Button' &amp;&amp; Name='OK'"
\0&lt;/a&gt;
W, 3608, 23, 2012/11/02, 16:17:43.238, 1595942271936, QTAgent32.exe, &lt;a class=success&gt;Playback - {4} [SUCCESS] MouseButtonClick - "[MSAA, VisibleOnly]ControlType='Button' &amp;&amp; Name='OK'"
\0&lt;/a&gt;
W, 3608, 23, 2012/11/02, 16:17:43.722, 1595949095775, QTAgent32.exe, &lt;a class=success&gt;Playback - {5} [SUCCESS] MouseButtonClick - "[MSAA, VisibleOnly]ControlType='Button' &amp;&amp; Name='Clients &amp; Files'"
\0&lt;/a&gt;
W, 3608, 23, 2012/11/02, 16:17:44.174, 1595955564767, QTAgent32.exe, &lt;a class=success&gt;Playback - {6} [SUCCESS] MouseButtonClick - "[MSAA, VisibleOnly]ControlType='Button' &amp;&amp; Name='Clients &amp; Files'"
\0&lt;/a&gt;
W, 3608, 23, 2012/11/02, 16:17:44.564, 1595961164056, QTAgent32.exe, Playback - [WARNING] Internal warning: Window Not Found: [VisibleOnly]ControlType='Window' &amp;&amp; Name='Customer: txt1 tdsfs' &amp;&amp; ClassName='ThunderRT6MDIForm'
\0
E, 3608, 23, 2012/11/02, 16:17:44.564, 1595961166735, QTAgent32.exe, &lt;a class=failure&gt;Playback - {7} [FAILED] Function ElementFetcher::FindScreenElement failed to locate UI element (Searching: ;[VisibleOnly]ControlType='Window' &amp;&amp; Name='Customer: txt1 tdsfs' &amp;&amp; ClassName='ThunderRT6MDIForm') (The object specified was not found.)
\0&lt;/a&gt;
E, 3608, 23, 2012/11/02, 16:17:44.642, 1595962360548, QTAgent32.exe, Playback - [IMAGE] C:\Users\peter.zenin-ad\AppData\Local\Temp\UITestLogs\LastRun\RPF1A5E.png
\0
W, 3608, 23, 2012/11/02, 16:17:44.642, 1595962362733, QTAgent32.exe, Playback - [WARNING] Internal warning: Couldn't find descendants that match QueryId
\0
W, 3608, 23, 2012/11/02, 16:18:02.706, 1596220931199, QTAgent32.exe, Playback - [WARNING] Internal warning: Window Not Found: [VisibleOnly]ControlType='Window' &amp;&amp; Name='Customer: txt1 tdsfs' &amp;&amp; ClassName='ThunderRT6MDIForm'
\0
E, 3608, 23, 2012/11/02, 16:18:02.706, 1596220933956, QTAgent32.exe, &lt;a class=failure&gt;Playback - {8} [FAILED] Function ElementFetcher::FindScreenElement failed to locate UI element (Searching: ;[VisibleOnly]ControlType='Window' &amp;&amp; Name='Customer: txt1 tdsfs' &amp;&amp; ClassName='ThunderRT6MDIForm') (The object specified was not found.)
\0&lt;/a&gt;
E, 3608, 23, 2012/11/02, 16:18:02.784, 1596222126641, QTAgent32.exe, Playback - [IMAGE] C:\Users\peter.zenin-ad\AppData\Local\Temp\UITestLogs\LastRun\RPF613E.png
\0
W, 3608, 23, 2012/11/02, 16:18:02.784, 1596222128807, QTAgent32.exe, Playback - [WARNING] Internal warning: Couldn't find descendants that match QueryId
\0
W, 3608, 23, 2012/11/02, 16:18:02.784, 1596222131750, QTAgent32.exe, PERF WARNING: FindTopLevelWindowHelper::FindAllDescendents: took 18142 ms. Expected it to take maximum 500 ms.
W, 3608, 23, 2012/11/02, 16:18:03.284, 1596229180570, QTAgent32.exe, Playback - [WARNING] Internal warning: Window with Class "ThunderRT6MDIForm" and Title "Customer: txt1 tdsfs" was not found, so similar window with Class "ThunderRT6MDIForm" and Title "Customer: autotest" was accepted
\0
W, 3608, 23, 2012/11/02, 16:18:04.844, 1596251497678, QTAgent32.exe, Playback - [WARNING] Internal warning: Incorrect flag set for InvokeProgrammaticAction\0
W, 3608, 23, 2012/11/02, 16:18:05.171, 1596256122133, QTAgent32.exe, &lt;a class=success&gt;Playback - {9} [SUCCESS] SetValueAsComboBox "Customers" - "[MSAA, VisibleOnly]ControlType='ComboBox'"  &lt; SetValueAsComboBox, set by clicking on the item in the list box &gt;
\0&lt;/a&gt;
W, 3608, 23, 2012/11/02, 16:18:05.998, 1596268049278, QTAgent32.exe, &lt;a class=success&gt;Playback - {10} [SUCCESS] MouseButtonClick - "[MSAA, VisibleOnly]ControlType='Button' &amp;&amp; Name='Add'"
\0&lt;/a&gt;
W, 3608, 23, 2012/11/02, 16:18:06.419, 1596273974804, QTAgent32.exe, &lt;a class=success&gt;Playback - {11} [SUCCESS] SendKeys "autotest" - "[MSAA, VisibleOnly]ControlType='RadioButton' &amp;&amp; Name='Personal Lines'"
\0&lt;/a&gt;
W, 3608, 23, 2012/11/02, 16:18:06.887, 1596280679112, QTAgent32.exe, &lt;a class=success&gt;Playback - {12} [SUCCESS] SetValueAsEditBox "autotest" - "[MSAA, VisibleOnly]ControlType='Edit'"  &lt; Set via SendKeys &gt;
\0&lt;/a&gt;
W, 3608, 23, 2012/11/02, 16:18:07.386, 1596287963977, QTAgent32.exe, &lt;a class=success&gt;Playback - {13} [SUCCESS] MouseButtonClick - "[MSAA, VisibleOnly]ControlType='Button' &amp;&amp; Name='OK'"
\0&lt;/a&gt;
W, 3608, 23, 2012/11/02, 16:18:07.964, 1596296274149, QTAgent32.exe, &lt;a class=success&gt;Playback - {14} [SUCCESS] MouseButtonClick - "[MSAA, VisibleOnly]ControlType='Button' &amp;&amp; Name='Yes'"
\0&lt;/a&gt;
W, 3608, 23, 2012/11/02, 16:18:08.182, 1596299212472, QTAgent32.exe, &lt;a class=success&gt;Playback - {15} [SUCCESS] SendKeys "^{HOME}" - "[MSAA, VisibleOnly]ControlType='Edit'"
\0&lt;/a&gt;
E, 3608, 23, 2012/11/02, 16:18:08.182, 1596299214849, QTAgent32.exe, Msaa.GetFocusedElement: could not find accessible object of foreground window
W, 3608, 23, 2012/11/02, 16:18:08.260, 1596300330623, QTAgent32.exe, &lt;a class=success&gt;Playback - {16} [SUCCESS] SendKeys "^+{END}" - "[MSAA, VisibleOnly]ControlType='Edit'"
\0&lt;/a&gt;
E, 3608, 23, 2012/11/02, 16:18:08.260, 1596300332943, QTAgent32.exe, Msaa.GetFocusedElement: could not find accessible object of foreground window
W, 3608, 23, 2012/11/02, 16:18:08.275, 1596300554188, QTAgent32.exe, &lt;a class=success&gt;Playback - {17} [SUCCESS] SendKeys "{DELETE}" - "[MSAA, VisibleOnly]ControlType='Edit'"
\0&lt;/a&gt;
W, 3608, 23, 2012/11/02, 16:18:08.353, 1596301673277, QTAgent32.exe, &lt;a class=success&gt;Playback - {18} [SUCCESS] SetValueAsEditBox "1" - "[MSAA, VisibleOnly]ControlType='Edit'"  &lt; Set via SendKeys &gt;
\0&lt;/a&gt;
W, 3608, 23, 2012/11/02, 16:18:08.572, 1596304796759, QTAgent32.exe, &lt;a class=success&gt;Playback - {19} [SUCCESS] SendKeys "^{HOME}" - "[MSAA, VisibleOnly]ControlType='Edit'"
\0&lt;/a&gt;
E, 3608, 23, 2012/11/02, 16:18:08.572, 1596304799301, QTAgent32.exe, Msaa.GetFocusedElement: could not find accessible object of foreground window
W, 3608, 23, 2012/11/02, 16:18:08.665, 1596306136845, QTAgent32.exe, &lt;a class=success&gt;Playback - {20} [SUCCESS] SendKeys "^+{END}" - "[MSAA, VisibleOnly]ControlType='Edit'"
\0&lt;/a&gt;
E, 3608, 23, 2012/11/02, 16:18:08.665, 1596306139119, QTAgent32.exe, Msaa.GetFocusedElement: could not find accessible object of foreground window
W, 3608, 23, 2012/11/02, 16:18:08.681, 1596306360803, QTAgent32.exe, &lt;a class=success&gt;Playback - {21} [SUCCESS] SendKeys "{DELETE}" - "[MSAA, VisibleOnly]ControlType='Edit'"
\0&lt;/a&gt;
W, 3608, 23, 2012/11/02, 16:18:08.759, 1596307480385, QTAgent32.exe, &lt;a class=success&gt;Playback - {22} [SUCCESS] SetValueAsEditBox "1" - "[MSAA, VisibleOnly]ControlType='Edit'"  &lt; Set via SendKeys &gt;
\0&lt;/a&gt;
W, 3608, 23, 2012/11/02, 16:18:09.289, 1596315133953, QTAgent32.exe, &lt;a class=success&gt;Playback - {23} [SUCCESS] MouseButtonClick - "[MSAA, VisibleOnly]ControlType='Button' &amp;&amp; Name='OK'"
\0&lt;/a&gt;
W, 3608, 23, 2012/11/02, 16:18:09.804, 1596322553441, QTAgent32.exe, &lt;a class=success&gt;Playback - {24} [SUCCESS] MouseButtonClick - "[MSAA, VisibleOnly]ControlType='Button'"
\0&lt;/a&gt;
W, 3608, 23, 2012/11/02, 16:18:10.303, 1596329796354, QTAgent32.exe, &lt;a class=success&gt;Playback - {25} [SUCCESS] MouseButtonClick - "[MSAA, VisibleOnly]ControlType='Button' &amp;&amp; Name='Add'"
\0&lt;/a&gt;
W, 3608, 23, 2012/11/02, 16:18:10.803, 1596336896908, QTAgent32.exe, &lt;a class=success&gt;Playback - {26} [SUCCESS] MouseButtonClick - "[MSAA, VisibleOnly]ControlType='Button' &amp;&amp; Name='OK'"
\0&lt;/a&gt;
W, 3608, 23, 2012/11/02, 16:18:13.267, 1596372029024, QTAgent32.exe, &lt;a class=success&gt;Playback - {27} [SUCCESS] MouseButtonClick - "[MSAA, VisibleOnly,Window]ControlType='Window' &amp;&amp; ClassName='ThunderRT6TextBox'"
\0&lt;/a&gt;
W, 3608, 23, 2012/11/02, 16:18:13.611, 1596376948670, QTAgent32.exe, &lt;a class=success&gt;Playback - {28} [SUCCESS] SetValueAsEditBox "HOME" - "[MSAA, VisibleOnly]ControlType='Edit'"  &lt; Set via SendKeys &gt;
\0&lt;/a&gt;
W, 3608, 23, 2012/11/02, 16:18:14.141, 1596384746348, QTAgent32.exe, &lt;a class=success&gt;Playback - {29} [SUCCESS] MouseButtonClick - "[MSAA, VisibleOnly]ControlType='Button' &amp;&amp; Name='OK'"
\0&lt;/a&gt;
W, 3608, 23, 2012/11/02, 16:18:14.578, 1596390857809, QTAgent32.exe, &lt;a class=success&gt;Playback - {30} [SUCCESS] MouseButtonClick - "[MSAA, VisibleOnly]ControlType='Button' &amp;&amp; Name='Options'"
\0&lt;/a&gt;
W, 3608, 23, 2012/11/02, 16:18:14.687, 1596392359549, QTAgent32.exe, FindScreenElementInSinglePass : Attempting to find control in one pass of search. Failures can occur.
W, 3608, 23, 2012/11/02, 16:18:14.858, 1596394814105, QTAgent32.exe, &lt;a class=success&gt;Playback - {31} [SUCCESS] MouseButtonClick - "[MSAA]ControlType='MenuItem' &amp;&amp; Name='Links'"
\0&lt;/a&gt;
W, 3608, 23, 2012/11/02, 16:18:14.968, 1596396380775, QTAgent32.exe, FindScreenElementInSinglePass : Attempting to find control in one pass of search. Failures can occur.
W, 3608, 23, 2012/11/02, 16:18:15.155, 1596399056573, QTAgent32.exe, &lt;a class=success&gt;Playback - {32} [SUCCESS] MouseButtonClick - "[MSAA]ControlType='MenuItem' &amp;&amp; Name='3rd Party Integration'"
\0&lt;/a&gt;
W, 3608, 23, 2012/11/02, 16:18:15.264, 1596400624678, QTAgent32.exe, FindScreenElementInSinglePass : Attempting to find control in one pass of search. Failures can occur.
W, 3608, 23, 2012/11/02, 16:18:15.436, 1596403106719, QTAgent32.exe, &lt;a class=success&gt;Playback - {33} [SUCCESS] MouseButtonClick - "[MSAA]ControlType='MenuItem' &amp;&amp; Name='Quote Select List'"
\0&lt;/a&gt;
W, 3608, 23, 2012/11/02, 16:18:17.292, 1596429660791, QTAgent32.exe, PERF WARNING: FindTopLevelWindowHelper::FindAllDescendents: took 1715 ms. Expected it to take maximum 500 ms.
W, 3608, 23, 2012/11/02, 16:18:17.978, 1596439614413, QTAgent32.exe, &lt;a class=success&gt;Playback - {34} [SUCCESS] MouseButtonClick - "[MSAA, VisibleOnly]ControlType='Button' &amp;&amp; Name='Ok'"
\0&lt;/a&gt;
W, 3608, 23, 2012/11/02, 16:18:22.175, 1596499583419, QTAgent32.exe, PERF WARNING: FindTopLevelWindowHelper::FindAllDescendents: took 4074 ms. Expected it to take maximum 500 ms.
W, 3608, 23, 2012/11/02, 16:18:22.440, 1596503373332, QTAgent32.exe, &lt;a class=success&gt;Playback - {35} [SUCCESS] SetValueAsEditBox "test1" - "[MSAA, VisibleOnly]ControlType='Edit'"  &lt; Set via SendKeys &gt;
\0&lt;/a&gt;
W, 3608, 23, 2012/11/02, 16:18:22.783, 1596508285373, QTAgent32.exe, &lt;a class=success&gt;Playback - {36} [SUCCESS] SetValueAsEditBox "test" - "[MSAA, VisibleOnly]ControlType='Edit'"  &lt; Set via SendKeys &gt;
\0&lt;/a&gt;
W, 3608, 23, 2012/11/02, 16:18:23.001, 1596511408012, QTAgent32.exe, &lt;a class=success&gt;Playback - {37} [SUCCESS] SendKeys "^{HOME}" - "[MSAA, VisibleOnly]ControlType='Edit'"
\0&lt;/a&gt;
E, 3608, 23, 2012/11/02, 16:18:23.001, 1596511410510, QTAgent32.exe, Msaa.GetFocusedElement: could not find accessible object of foreground window
W, 3608, 23, 2012/11/02, 16:18:23.079, 1596512525558, QTAgent32.exe, &lt;a class=success&gt;Playback - {38} [SUCCESS] SendKeys "^+{END}" - "[MSAA, VisibleOnly]ControlType='Edit'"
\0&lt;/a&gt;
E, 3608, 23, 2012/11/02, 16:18:23.079, 1596512528234, QTAgent32.exe, Msaa.GetFocusedElement: could not find accessible object of foreground window
W, 3608, 23, 2012/11/02, 16:18:23.095, 1596512748890, QTAgent32.exe, &lt;a class=success&gt;Playback - {39} [SUCCESS] SendKeys "{DELETE}" - "[MSAA, VisibleOnly]ControlType='Edit'"
\0&lt;/a&gt;
W, 3608, 23, 2012/11/02, 16:18:23.267, 1596515211146, QTAgent32.exe, &lt;a class=success&gt;Playback - {40} [SUCCESS] SetValueAsEditBox "test" - "[MSAA, VisibleOnly]ControlType='Edit'"  &lt; Set via SendKeys &gt;
\0&lt;/a&gt;
W, 3608, 23, 2012/11/02, 16:18:23.828, 1596523406933, QTAgent32.exe, Playback - [WARNING] Internal warning: Incorrect flag set for InvokeProgrammaticAction\0
W, 3608, 23, 2012/11/02, 16:18:24.156, 1596527953993, QTAgent32.exe, &lt;a class=success&gt;Playback - {41} [SUCCESS] SetValueAsComboBox "Account Director" - "[MSAA, VisibleOnly]ControlType='ComboBox'"  &lt; SetValueAsComboBox, set by clicking on the item in the list box &gt;
\0&lt;/a&gt;
W, 3608, 23, 2012/11/02, 16:18:24.749, 1596536447221, QTAgent32.exe, Playback - [WARNING] Internal warning: Incorrect flag set for InvokeProgrammaticAction\0
W, 3608, 23, 2012/11/02, 16:18:25.076, 1596541130269, QTAgent32.exe, &lt;a class=success&gt;Playback - {42} [SUCCESS] SetValueAsComboBox "Advertising" - "[MSAA, VisibleOnly]ControlType='ComboBox'"  &lt; SetValueAsComboBox, set by clicking on the item in the list box &gt;
\0&lt;/a&gt;
W, 3608, 23, 2012/11/02, 16:18:25.513, 1596547375676, QTAgent32.exe, &lt;a class=success&gt;Playback - {43} [SUCCESS] SetValueAsEditBox "160589" - "[MSAA, VisibleOnly]ControlType='Edit'"  &lt; Set via SendKeys &gt;
\0&lt;/a&gt;
W, 3608, 23, 2012/11/02, 16:18:25.950, 1596553629687, QTAgent32.exe, &lt;a class=success&gt;Playback - {44} [SUCCESS] MouseButtonClick - "[MSAA, VisibleOnly]ControlType='Edit'"
\0&lt;/a&gt;
W, 3608, 23, 2012/11/02, 16:18:26.371, 1596559659224, QTAgent32.exe, &lt;a class=success&gt;Playback - {45} [SUCCESS] SetValueAsEditBox "B338TH" - "[MSAA, VisibleOnly]ControlType='Edit'"  &lt; Set via SendKeys &gt;
\0&lt;/a&gt;
W, 3608, 23, 2012/11/02, 16:18:28.773, 1596594053323, QTAgent32.exe, &lt;a class=success&gt;Playback - {46} [SUCCESS] MouseButtonClick - "[MSAA, VisibleOnly]ControlType='Button' &amp;&amp; Name='Lookup...'"
\0&lt;/a&gt;
W, 3608, 23, 2012/11/02, 16:18:29.226, 1596600658604, QTAgent32.exe, &lt;a class=success&gt;Playback - {47} [SUCCESS] MouseButtonClick - "[MSAA, VisibleOnly]ControlType='Button' &amp;&amp; Name='Ok'"
\0&lt;/a&gt;
W, 3608, 23, 2012/11/02, 16:18:29.725, 1596607867062, QTAgent32.exe, &lt;a class=success&gt;Playback - {48} [SUCCESS] MouseButtonClick - "[MSAA, VisibleOnly]ControlType='Button' &amp;&amp; Name='Next &gt;'"
\0&lt;/a&gt;
W, 3608, 23, 2012/11/02, 16:18:30.162, 1596613938593, QTAgent32.exe, &lt;a class=success&gt;Playback - {49} [SUCCESS] SetValueAsEditBox "1989" - "[MSAA, VisibleOnly]ControlType='Edit'"  &lt; Set via SendKeys &gt;
\0&lt;/a&gt;
W, 3608, 23, 2012/11/02, 16:18:30.645, 1596620967000, QTAgent32.exe, &lt;a class=success&gt;Playback - {50} [SUCCESS] MouseButtonClick - "[MSAA, VisibleOnly]ControlType='Button' &amp;&amp; Name='Next &gt;'"
\0&lt;/a&gt;
W, 3608, 23, 2012/11/02, 16:18:30.864, 1596624144373, QTAgent32.exe, &lt;a class=success&gt;Playback - {51} [SUCCESS] MouseButtonClick - "[MSAA, VisibleOnly]ControlType='Button' &amp;&amp; Name='Next &gt;'"
\0&lt;/a&gt;
W, 3608, 23, 2012/11/02, 16:18:31.098, 1596627422440, QTAgent32.exe, &lt;a class=success&gt;Playback - {52} [SUCCESS] MouseButtonClick - "[MSAA, VisibleOnly]ControlType='Button' &amp;&amp; Name='Next &gt;'"
\0&lt;/a&gt;
W, 3608, 23, 2012/11/02, 16:18:31.503, 1596633146516, QTAgent32.exe, &lt;a class=success&gt;Playback - {53} [SUCCESS] SetValueAsEditBox "2345" - "[MSAA, VisibleOnly]ControlType='Edit'"  &lt; Set via SendKeys &gt;
\0&lt;/a&gt;
W, 3608, 23, 2012/11/02, 16:18:31.940, 1596639401065, QTAgent32.exe, &lt;a class=success&gt;Playback - {54} [SUCCESS] SetValueAsEditBox "2000" - "[MSAA, VisibleOnly]ControlType='Edit'"  &lt; Set via SendKeys &gt;
\0&lt;/a&gt;
W, 3608, 23, 2012/11/02, 16:18:32.392, 1596645878183, QTAgent32.exe, &lt;a class=success&gt;Playback - {55} [SUCCESS] SetValueAsEditBox "2000" - "[MSAA, VisibleOnly]ControlType='Edit'"  &lt; Set via SendKeys &gt;
\0&lt;/a&gt;
W, 3608, 23, 2012/11/02, 16:18:32.611, 1596649186398, QTAgent32.exe, &lt;a class=success&gt;Playback - {56} [SUCCESS] MouseButtonClick - "[MSAA, VisibleOnly]ControlType='Button' &amp;&amp; Name='Next &gt;'"
\0&lt;/a&gt;
W, 3608, 23, 2012/11/02, 16:18:33.048, 1596655260889, QTAgent32.exe, &lt;a class=success&gt;Playback - {57} [SUCCESS] SetValueAsEditBox "2345" - "[MSAA, VisibleOnly]ControlType='Edit'"  &lt; Set via SendKeys &gt;
\0&lt;/a&gt;
W, 3608, 23, 2012/11/02, 16:18:33.422, 1596660815336, QTAgent32.exe, &lt;a class=success&gt;Playback - {58} [SUCCESS] MouseButtonClick - "[MSAA, VisibleOnly]ControlType='Button' &amp;&amp; Name='Next &gt;'"
\0&lt;/a&gt;
W, 3608, 23, 2012/11/02, 16:18:33.827, 1596666506488, QTAgent32.exe, &lt;a class=success&gt;Playback - {59} [SUCCESS] MouseButtonClick - "[MSAA, VisibleOnly]ControlType='Button' &amp;&amp; Name='Next &gt;'"
\0&lt;/a&gt;
W, 3608, 23, 2012/11/02, 16:18:34.124, 1596670821882, QTAgent32.exe, &lt;a class=success&gt;Playback - {60} [SUCCESS] MouseButtonClick - "[MSAA, VisibleOnly]ControlType='Button' &amp;&amp; Name='Quote'"
\0&lt;/a&gt;
W, 3608, 23, 2012/11/02, 16:18:34.717, 1596679223372, QTAgent32.exe, &lt;a class=success&gt;Playback - {61} [SUCCESS] MouseButtonClick - "[MSAA, VisibleOnly]ControlType='Button' &amp;&amp; Name='No'"
\0&lt;/a&gt;
W, 3608, 23, 2012/11/02, 16:18:43.452, 1596804252935, QTAgent32.exe, PERF WARNING: FindTopLevelWindowHelper::FindAllDescendents: took 8627 ms. Expected it to take maximum 500 ms.
W, 3608, 23, 2012/11/02, 16:18:43.780, 1596809020032, QTAgent32.exe, &lt;a class=success&gt;Playback - {62} [SUCCESS] MouseButtonClick - "[MSAA, VisibleOnly]ControlType='Button' &amp;&amp; Name='Exit'"
\0&lt;/a&gt;
W, 3608, 23, 2012/11/02, 16:18:44.342, 1596817098389, QTAgent32.exe, &lt;a class=success&gt;Playback - {63} [SUCCESS] MouseButtonClick - "[MSAA, VisibleOnly]ControlType='Button' &amp;&amp; Name='Yes'"
\0&lt;/a&gt;
W, 3608, 23, 2012/11/02, 16:18:45.215, 1596829510949, QTAgent32.exe, PERF WARNING: FindTopLevelWindowHelper::FindAllDescendents: took 644 ms. Expected it to take maximum 500 ms.
W, 3608, 23, 2012/11/02, 16:18:45.558, 1596834400495, QTAgent32.exe, &lt;a class=success&gt;Playback - {64} [SUCCESS] Uncheck - "[MSAA, VisibleOnly]ControlType='CheckBox' &amp;&amp; Name='Add Activity'"
\0&lt;/a&gt;
W, 3608, 23, 2012/11/02, 16:18:46.135, 1596842750302, QTAgent32.exe, &lt;a class=success&gt;Playback - {65} [SUCCESS] MouseButtonClick - "[MSAA, VisibleOnly]ControlType='Button' &amp;&amp; Name='Ok'"
\0&lt;/a&gt;
W, 3608, 23, 2012/11/02, 16:18:49.068, 1596884667087, QTAgent32.exe, PERF WARNING: FindTopLevelWindowHelper::FindAllDescendents: took 2715 ms. Expected it to take maximum 500 ms.
W, 3608, 23, 2012/11/02, 16:18:51.237, 1596915781603, QTAgent32.exe, &lt;a class=success&gt;Playback - {66} [SUCCESS] MouseButtonClick - "[MSAA, VisibleOnly]ControlType='Button' &amp;&amp; Name='Ok'"
\0&lt;/a&gt;
W, 3608, 23, 2012/11/02, 16:18:53.701, 1596950988559, QTAgent32.exe, &lt;a class=success&gt;Playback - {67} [SUCCESS] MouseButtonClick - "[MSAA, VisibleOnly]ControlType='Button' &amp;&amp; Name='OK'"
\0&lt;/a&gt;
W, 3608, 23, 2012/11/02, 16:18:54.169, 1596957735774, QTAgent32.exe, &lt;a class=success&gt;Playback - {68} [SUCCESS] MouseButtonClick - "[MSAA, VisibleOnly]ControlType='Button' &amp;&amp; Name='Cancel'"
\0&lt;/a&gt;
W, 3608, 23, 2012/11/02, 16:18:54.684, 1596965276086, QTAgent32.exe, &lt;a class=success&gt;Playback - {69} [SUCCESS] MouseButtonClick - "[MSAA, VisibleOnly]ControlType='Button'"
\0&lt;/a&gt;
W, 3608, 23, 2012/11/02, 16:18:55.121, 1596971386573, QTAgent32.exe, &lt;a class=success&gt;Playback - {70} [SUCCESS] MouseButtonClick - "[MSAA, VisibleOnly]ControlType='Button' &amp;&amp; Name='Options'"
\0&lt;/a&gt;
W, 3608, 23, 2012/11/02, 16:18:55.230, 1596972886612, QTAgent32.exe, FindScreenElementInSinglePass : Attempting to find control in one pass of search. Failures can occur.
W, 3608, 23, 2012/11/02, 16:18:55.246, 1596973102464, QTAgent32.exe, Playback - [WARNING] Internal failure: Method GetBoundingRectangle failed (HRESULT = 0x1, "Incorrect function.") for Name = "Copy Risk" ," ControlType = "MenuItem"
\0
W, 3608, 23, 2012/11/02, 16:18:55.246, 1596973103992, QTAgent32.exe, Playback - [WARNING] Internal failure: Couldn't get clickable point for ScreenUIElement - GetClickablePoint failed
\0
W, 3608, 23, 2012/11/02, 16:18:55.246, 1596973106746, QTAgent32.exe, FindScreenElementInSinglePass : Attempting to find control in one pass of search. Failures can occur.
W, 3608, 23, 2012/11/02, 16:18:55.246, 1596973135699, QTAgent32.exe, FindScreenElementInSinglePass : Attempting to find control in one pass of search. Failures can occur.
W, 3608, 23, 2012/11/02, 16:18:55.573, 1596977794857, QTAgent32.exe, &lt;a class=success&gt;Playback - {71} [SUCCESS] LeftButtonClick - "[MSAA, VisibleOnly]ControlType='MenuBar' &amp;&amp; Name='Application'"  &lt; Mouse cursor location (960, 31) &gt;
\0&lt;/a&gt;
W, 3608, 23, 2012/11/02, 16:18:55.682, 1596979358546, QTAgent32.exe, &lt;a class=success&gt;Playback - {72} [SUCCESS] LeftButtonClick - "[MSAA]ControlType='MenuItem' &amp;&amp; Name='Options'"  &lt; Mouse cursor location (94, 31) &gt;
\0&lt;/a&gt;
W, 3608, 23, 2012/11/02, 16:18:55.854, 1596982004812, QTAgent32.exe, &lt;a class=success&gt;Playback - {73} [SUCCESS] LeftButtonClick - "[MSAA]ControlType='MenuItem' &amp;&amp; Name='Links'"  &lt; Mouse cursor location (174, 319) &gt;
\0&lt;/a&gt;
W, 3608, 23, 2012/11/02, 16:18:56.041, 1596984494139, QTAgent32.exe, &lt;a class=success&gt;Playback - {74} [SUCCESS] LeftButtonClick - "[MSAA]ControlType='MenuItem' &amp;&amp; Name='3rd Party Integration'"  &lt; Mouse cursor location (375, 319) &gt;
\0&lt;/a&gt;
W, 3608, 23, 2012/11/02, 16:18:56.228, 1596987201985, QTAgent32.exe, &lt;a class=success&gt;Playback - {75} [SUCCESS] MouseButtonClick - "[MSAA]ControlType='MenuItem' &amp;&amp; Name='Copy Risk'"
\0&lt;/a&gt;
W, 3608, 23, 2012/11/02, 16:18:58.912, 1597025611876, QTAgent32.exe, PERF WARNING: FindTopLevelWindowHelper::FindAllDescendents: took 2574 ms. Expected it to take maximum 500 ms.
W, 3608, 23, 2012/11/02, 16:18:59.239, 1597030439342, QTAgent32.exe, &lt;a class=success&gt;Playback - {76} [SUCCESS] MouseButtonClick - "[MSAA, VisibleOnly]ControlType='Button' &amp;&amp; Name='Ok'"
\0&lt;/a&gt;
W, 3608, 23, 2012/11/02, 16:19:00.175, 1597043683141, QTAgent32.exe, PERF WARNING: FindTopLevelWindowHelper::FindAllDescendents: took 717 ms. Expected it to take maximum 500 ms.
W, 3608, 23, 2012/11/02, 16:19:00.503, 1597048381198, QTAgent32.exe, &lt;a class=success&gt;Playback - {77} [SUCCESS] Check - "[MSAA, VisibleOnly]ControlType='RadioButton' &amp;&amp; Name='Household'"
\0&lt;/a&gt;
W, 3608, 23, 2012/11/02, 16:19:01.236, 1597058936468, QTAgent32.exe, &lt;a class=success&gt;Playback - {78} [SUCCESS] MouseButtonClick - "[MSAA, VisibleOnly]ControlType='Button' &amp;&amp; Name='OK'"
\0&lt;/a&gt;
W, 3608, 23, 2012/11/02, 16:19:01.345, 1597060438310, QTAgent32.exe, Playback - [WARNING] Internal warning: Thread state based WFR - Requested element has invalid HWND
\0
W, 3608, 23, 2012/11/02, 16:19:01.345, 1597060440038, QTAgent32.exe, Playback - [WARNING] Internal warning: process performance counters based WFR - Requested element has invalid HWND
\0
E, 3608, 23, 2012/11/02, 16:19:01.345, 1597060443216, QTAgent32.exe, EnsureValid called via EnsureValid call for same element
E, 3608, 23, 2012/11/02, 16:19:01.361, 1597060835325, QTAgent32.exe, EnsureValid called via EnsureValid call for same element
E, 3608, 23, 2012/11/02, 16:19:01.361, 1597060839219, QTAgent32.exe, EnsureValid called via EnsureValid call for same element
E, 3608, 23, 2012/11/02, 16:19:01.361, 1597060840520, QTAgent32.exe, EnsureValid called via EnsureValid call for same element
E, 3608, 23, 2012/11/02, 16:19:01.361, 1597060844223, QTAgent32.exe, GetClassName for handle 11338416 failed
E, 3608, 23, 2012/11/02, 16:19:01.361, 1597060849095, QTAgent32.exe, GetClassName for handle 11338416 failed
E, 3608, 23, 2012/11/02, 16:19:01.361, 1597060856233, QTAgent32.exe, Exception: System.Runtime.InteropServices.COMException
	Message: Error HRESULT E_FAIL has been returned from a call to a COM component.
	Stack Trace:    at Accessibility.IAccessible.get_accState(Object varChild)
   at Microsoft.VisualStudio.TestTools.UITest.Extension.Msaa.AccWrapper.get_State()
	BaseExceptionMessage: Error HRESULT E_FAIL has been returned from a call to a COM component.

E, 3608, 23, 2012/11/02, 16:19:01.361, 1597060860554, QTAgent32.exe, Exception: System.Runtime.InteropServices.COMException
	Message: Error HRESULT E_FAIL has been returned from a call to a COM component.
	Stack Trace:    at Accessibility.IAccessible.get_accState(Object varChild)
   at Microsoft.VisualStudio.TestTools.UITest.Extension.Msaa.AccWrapper.get_State()
	BaseExceptionMessage: Error HRESULT E_FAIL has been returned from a call to a COM component.

E, 3608, 23, 2012/11/02, 16:19:01.361, 1597060864883, QTAgent32.exe, Exception: System.Runtime.InteropServices.COMException
	Message: Error HRESULT E_FAIL has been returned from a call to a COM component.
	Stack Trace:    at Accessibility.IAccessible.get_accState(Object varChild)
   at Microsoft.VisualStudio.TestTools.UITest.Extension.Msaa.AccWrapper.get_State()
	BaseExceptionMessage: Error HRESULT E_FAIL has been returned from a call to a COM component.

E, 3608, 23, 2012/11/02, 16:19:01.361, 1597060869179, QTAgent32.exe, Exception: System.Runtime.InteropServices.COMException
	Message: Error HRESULT E_FAIL has been returned from a call to a COM component.
	Stack Trace:    at Accessibility.IAccessible.get_accState(Object varChild)
   at Microsoft.VisualStudio.TestTools.UITest.Extension.Msaa.AccWrapper.get_State()
	BaseExceptionMessage: Error HRESULT E_FAIL has been returned from a call to a COM component.

E, 3608, 23, 2012/11/02, 16:19:01.361, 1597060873457, QTAgent32.exe, Exception: System.Runtime.InteropServices.COMException
	Message: Error HRESULT E_FAIL has been returned from a call to a COM component.
	Stack Trace:    at Accessibility.IAccessible.get_accState(Object varChild)
   at Microsoft.VisualStudio.TestTools.UITest.Extension.Msaa.AccWrapper.get_State()
	BaseExceptionMessage: Error HRESULT E_FAIL has been returned from a call to a COM component.

E, 3608, 23, 2012/11/02, 16:19:01.361, 1597060877727, QTAgent32.exe, Exception: System.Runtime.InteropServices.COMException
	Message: Error HRESULT E_FAIL has been returned from a call to a COM component.
	Stack Trace:    at Accessibility.IAccessible.get_accState(Object varChild)
   at Microsoft.VisualStudio.TestTools.UITest.Extension.Msaa.AccWrapper.get_State()
	BaseExceptionMessage: Error HRESULT E_FAIL has been returned from a call to a COM component.

E, 3608, 23, 2012/11/02, 16:19:01.376, 1597060884615, QTAgent32.exe, Exception: System.Runtime.InteropServices.COMException
	Message: Error HRESULT E_FAIL has been returned from a call to a COM component.
	Stack Trace:    at Accessibility.IAccessible.get_accState(Object varChild)
   at Microsoft.VisualStudio.TestTools.UITest.Extension.Msaa.AccWrapper.get_State()
	BaseExceptionMessage: Error HRESULT E_FAIL has been returned from a call to a COM component.

W, 3608, 23, 2012/11/02, 16:19:01.564, 1597063730778, QTAgent32.exe, PERF WARNING: MSAA.UpdateQueryIDForNamelessControls: took 201 ms. Expected it to take maximum 200 ms.
W, 3608, 23, 2012/11/02, 16:19:01.564, 1597063734466, QTAgent32.exe, Msaa.Navigate: Exception [Error HRESULT E_FAIL has been returned from a call to a COM component.] while calling accNavigate.
E, 3608, 23, 2012/11/02, 16:19:01.564, 1597063735505, QTAgent32.exe, GetClassName for handle 9307022 failed
E, 3608, 23, 2012/11/02, 16:19:01.564, 1597063736339, QTAgent32.exe, Window 9307022 not responding. Last Win32 error 1400
E, 3608, 23, 2012/11/02, 16:19:01.564, 1597063738764, QTAgent32.exe, GetClassName for handle 11338416 failed
W, 3608, 23, 2012/11/02, 16:19:03.264, 1597087937708, QTAgent32.exe, PERF WARNING: FindTopLevelWindowHelper::FindAllDescendents: took 1689 ms. Expected it to take maximum 500 ms.
W, 3608, 23, 2012/11/02, 16:19:03.264, 1597088031813, QTAgent32.exe, Playback - [WARNING] Internal warning: Thread state based WFR - Requested element has invalid HWND
\0
W, 3608, 23, 2012/11/02, 16:19:03.264, 1597088032991, QTAgent32.exe, Playback - [WARNING] Internal warning: process performance counters based WFR - Requested element has invalid HWND
\0
E, 3608, 23, 2012/11/02, 16:19:03.264, 1597088035407, QTAgent32.exe, EnsureValid called via EnsureValid call for same element
E, 3608, 23, 2012/11/02, 16:19:03.264, 1597088037383, QTAgent32.exe, EnsureValid called via EnsureValid call for same element
E, 3608, 23, 2012/11/02, 16:19:03.264, 1597088038693, QTAgent32.exe, EnsureValid called via EnsureValid call for same element
E, 3608, 23, 2012/11/02, 16:19:03.264, 1597088042555, QTAgent32.exe, GetClassName for handle 11928052 failed
E, 3608, 23, 2012/11/02, 16:19:03.264, 1597088058943, QTAgent32.exe, Window 11928052 not responding. Last Win32 error 1400
E, 3608, 23, 2012/11/02, 16:19:03.264, 1597088061108, QTAgent32.exe, GetClassName for handle 11928052 failed
E, 3608, 23, 2012/11/02, 16:19:03.264, 1597088061945, QTAgent32.exe, GetClassName for handle 11928052 failed
W, 3608, 23, 2012/11/02, 16:19:03.280, 1597088170800, QTAgent32.exe, Playback - [WARNING] Internal warning: Thread state based WFR - Requested element has invalid HWND
\0
W, 3608, 23, 2012/11/02, 16:19:03.280, 1597088171989, QTAgent32.exe, Playback - [WARNING] Internal warning: process performance counters based WFR - Requested element has invalid HWND
\0
E, 3608, 23, 2012/11/02, 16:19:03.280, 1597088174308, QTAgent32.exe, EnsureValid called via EnsureValid call for same element
E, 3608, 23, 2012/11/02, 16:19:03.280, 1597088176289, QTAgent32.exe, EnsureValid called via EnsureValid call for same element
E, 3608, 23, 2012/11/02, 16:19:03.280, 1597088177570, QTAgent32.exe, EnsureValid called via EnsureValid call for same element
E, 3608, 23, 2012/11/02, 16:19:03.280, 1597088180389, QTAgent32.exe, GetClassName for handle 14418418 failed
E, 3608, 23, 2012/11/02, 16:19:03.280, 1597088184729, QTAgent32.exe, GetClassName for handle 14418418 failed
E, 3608, 23, 2012/11/02, 16:19:03.280, 1597088191186, QTAgent32.exe, Exception: System.Runtime.InteropServices.COMException
	Message: Error HRESULT E_FAIL has been returned from a call to a COM component.
	Stack Trace:    at Accessibility.IAccessible.get_accState(Object varChild)
   at Microsoft.VisualStudio.TestTools.UITest.Extension.Msaa.AccWrapper.get_State()
	BaseExceptionMessage: Error HRESULT E_FAIL has been returned from a call to a COM component.

E, 3608, 23, 2012/11/02, 16:19:03.280, 1597088195456, QTAgent32.exe, Exception: System.Runtime.InteropServices.COMException
	Message: Error HRESULT E_FAIL has been returned from a call to a COM component.
	Stack Trace:    at Accessibility.IAccessible.get_accState(Object varChild)
   at Microsoft.VisualStudio.TestTools.UITest.Extension.Msaa.AccWrapper.get_State()
	BaseExceptionMessage: Error HRESULT E_FAIL has been returned from a call to a COM component.

E, 3608, 23, 2012/11/02, 16:19:03.280, 1597088199718, QTAgent32.exe, Exception: System.Runtime.InteropServices.COMException
	Message: Error HRESULT E_FAIL has been returned from a call to a COM component.
	Stack Trace:    at Accessibility.IAccessible.get_accState(Object varChild)
   at Microsoft.VisualStudio.TestTools.UITest.Extension.Msaa.AccWrapper.get_State()
	BaseExceptionMessage: Error HRESULT E_FAIL has been returned from a call to a COM component.

E, 3608, 23, 2012/11/02, 16:19:03.280, 1597088203960, QTAgent32.exe, Exception: System.Runtime.InteropServices.COMException
	Message: Error HRESULT E_FAIL has been returned from a call to a COM component.
	Stack Trace:    at Accessibility.IAccessible.get_accState(Object varChild)
   at Microsoft.VisualStudio.TestTools.UITest.Extension.Msaa.AccWrapper.get_State()
	BaseExceptionMessage: Error HRESULT E_FAIL has been returned from a call to a COM component.

E, 3608, 23, 2012/11/02, 16:19:03.280, 1597088208211, QTAgent32.exe, Exception: System.Runtime.InteropServices.COMException
	Message: Error HRESULT E_FAIL has been returned from a call to a COM component.
	Stack Trace:    at Accessibility.IAccessible.get_accState(Object varChild)
   at Microsoft.VisualStudio.TestTools.UITest.Extension.Msaa.AccWrapper.get_State()
	BaseExceptionMessage: Error HRESULT E_FAIL has been returned from a call to a COM component.

E, 3608, 23, 2012/11/02, 16:19:03.280, 1597088212465, QTAgent32.exe, Exception: System.Runtime.InteropServices.COMException
	Message: Error HRESULT E_FAIL has been returned from a call to a COM component.
	Stack Trace:    at Accessibility.IAccessible.get_accState(Object varChild)
   at Microsoft.VisualStudio.TestTools.UITest.Extension.Msaa.AccWrapper.get_State()
	BaseExceptionMessage: Error HRESULT E_FAIL has been returned from a call to a COM component.

E, 3608, 23, 2012/11/02, 16:19:03.280, 1597088216766, QTAgent32.exe, Exception: System.Runtime.InteropServices.COMException
	Message: Error HRESULT E_FAIL has been returned from a call to a COM component.
	Stack Trace:    at Accessibility.IAccessible.get_accState(Object varChild)
   at Microsoft.VisualStudio.TestTools.UITest.Extension.Msaa.AccWrapper.get_State()
	BaseExceptionMessage: Error HRESULT E_FAIL has been returned from a call to a COM component.

W, 3608, 23, 2012/11/02, 16:19:03.482, 1597091066394, QTAgent32.exe, PERF WARNING: MSAA.UpdateQueryIDForNamelessControls: took 201 ms. Expected it to take maximum 200 ms.
W, 3608, 23, 2012/11/02, 16:19:03.482, 1597091070116, QTAgent32.exe, Msaa.Navigate: Exception [Error HRESULT E_FAIL has been returned from a call to a COM component.] while calling accNavigate.
E, 3608, 23, 2012/11/02, 16:19:03.482, 1597091071135, QTAgent32.exe, GetClassName for handle 17105606 failed
E, 3608, 23, 2012/11/02, 16:19:03.482, 1597091071949, QTAgent32.exe, Window 17105606 not responding. Last Win32 error 1400
E, 3608, 23, 2012/11/02, 16:19:03.482, 1597091074315, QTAgent32.exe, GetClassName for handle 14418418 failed
W, 3608, 23, 2012/11/02, 16:19:03.482, 1597091174573, QTAgent32.exe, Playback - [WARNING] Internal warning: Thread state based WFR - Requested element has invalid HWND
\0
W, 3608, 23, 2012/11/02, 16:19:03.482, 1597091175746, QTAgent32.exe, Playback - [WARNING] Internal warning: process performance counters based WFR - Requested element has invalid HWND
\0
E, 3608, 23, 2012/11/02, 16:19:03.482, 1597091178133, QTAgent32.exe, EnsureValid called via EnsureValid call for same element
E, 3608, 23, 2012/11/02, 16:19:03.482, 1597091180077, QTAgent32.exe, EnsureValid called via EnsureValid call for same element
E, 3608, 23, 2012/11/02, 16:19:03.482, 1597091181368, QTAgent32.exe, EnsureValid called via EnsureValid call for same element
E, 3608, 23, 2012/11/02, 16:19:03.482, 1597091185162, QTAgent32.exe, GetClassName for handle 14354048 failed
E, 3608, 23, 2012/11/02, 16:19:03.482, 1597091198542, QTAgent32.exe, Window 14354048 not responding. Last Win32 error 1400
E, 3608, 23, 2012/11/02, 16:19:03.482, 1597091201774, QTAgent32.exe, GetClassName for handle 14354048 failed
E, 3608, 23, 2012/11/02, 16:19:03.482, 1597091202605, QTAgent32.exe, GetClassName for handle 14354048 failed
W, 3608, 23, 2012/11/02, 16:19:03.841, 1597096290500, QTAgent32.exe, &lt;a class=success&gt;Playback - {79} [SUCCESS] MouseButtonClick - "[MSAA, VisibleOnly]ControlType='Button' &amp;&amp; Name='Cancel'"
\0&lt;/a&gt;
W, 3608, 23, 2012/11/02, 16:19:04.325, 1597103143865, QTAgent32.exe, &lt;a class=success&gt;Playback - {80} [SUCCESS] MouseButtonClick - "[MSAA, VisibleOnly]ControlType='Button' &amp;&amp; Name='Yes'"
\0&lt;/a&gt;
W, 3608, 23, 2012/11/02, 16:19:04.762, 1597109471609, QTAgent32.exe, &lt;a class=success&gt;Playback - {81} [SUCCESS] MouseButtonClick - "[MSAA, VisibleOnly]ControlType='Button' &amp;&amp; Name='Yes'"
\0&lt;/a&gt;
W, 3608, 23, 2012/11/02, 16:19:07.226, 1597144646794, QTAgent32.exe, &lt;a class=success&gt;Playback - {82} [SUCCESS] MouseButtonClick - "[MSAA, VisibleOnly]ControlType='Button' &amp;&amp; Name='OK'"
\0&lt;/a&gt;
W, 3608, 23, 2012/11/02, 16:19:08.880, 1597168322811, QTAgent32.exe, Playback - [WARNING] Internal warning: Element "[MSAA, VisibleOnly]ControlType='Window' &amp;&amp; ControlId='32770'" was not found, so all intermediate elements were ignored. To improve performance replace this element Id with another Id or exclude it from QueryId. If this element is the target element, replace or remove intermediate elements
\0
W, 3608, 23, 2012/11/02, 16:19:09.411, 1597176090662, QTAgent32.exe, PERF WARNING: FindAllDescendents: took 2085 ms. Expected it to take maximum 500 ms.
W, 3608, 23, 2012/11/02, 16:19:09.925, 1597183287166, QTAgent32.exe, &lt;a class=success&gt;Playback - {83} [SUCCESS] MouseButtonClick - "[MSAA, VisibleOnly]ControlType='Button' &amp;&amp; Name='Cancel'"
\0&lt;/a&gt;
W, 3608, 23, 2012/11/02, 16:19:11.595, 1597207187338, QTAgent32.exe, Playback - [WARNING] Internal warning: Element "[MSAA, VisibleOnly]ControlType='Window' &amp;&amp; ControlId='32769'" was not found, so all intermediate elements were ignored. To improve performance replace this element Id with another Id or exclude it from QueryId. If this element is the target element, replace or remove intermediate elements
\0
W, 3608, 23, 2012/11/02, 16:19:12.172, 1597215449991, QTAgent32.exe, PERF WARNING: FindAllDescendents: took 2136 ms. Expected it to take maximum 500 ms.
W, 3608, 23, 2012/11/02, 16:19:12.577, 1597221264129, QTAgent32.exe, &lt;a class=success&gt;Playback - {84} [SUCCESS] MouseButtonClick - "[MSAA, VisibleOnly]ControlType='Button' &amp;&amp; Name='Cancel'"
\0&lt;/a&gt;
W, 3608, 23, 2012/11/02, 16:19:12.905, 1597226040187, QTAgent32.exe, Playback - [WARNING] Internal warning: Window Not Found: [VisibleOnly]ControlType='Window' &amp;&amp; Name='Customer: txt1 tdsfs' &amp;&amp; ClassName='ThunderRT6MDIForm'
\0
E, 3608, 23, 2012/11/02, 16:19:12.905, 1597226044067, QTAgent32.exe, &lt;a class=failure&gt;Playback - {85} [FAILED] Function ElementFetcher::FindScreenElement failed to locate UI element (Searching: ;[VisibleOnly]ControlType='Window' &amp;&amp; Name='Customer: txt1 tdsfs' &amp;&amp; ClassName='ThunderRT6MDIForm') (The object specified was not found.)
\0&lt;/a&gt;
E, 3608, 23, 2012/11/02, 16:19:12.983, 1597227239060, QTAgent32.exe, Playback - [IMAGE] C:\Users\peter.zenin-ad\AppData\Local\Temp\UITestLogs\LastRun\RPF7377.png
\0
W, 3608, 23, 2012/11/02, 16:19:12.983, 1597227241259, QTAgent32.exe, Playback - [WARNING] Internal warning: Couldn't find descendants that match QueryId
\0
W, 3608, 23, 2012/11/02, 16:19:12.999, 1597227395801, QTAgent32.exe, Playback - [WARNING] Internal warning: Window Not Found: [VisibleOnly]ControlType='Window' &amp;&amp; Name='Customer: txt1 tdsfs' &amp;&amp; ClassName='ThunderRT6MDIForm'
\0
E, 3608, 23, 2012/11/02, 16:19:12.999, 1597227397728, QTAgent32.exe, &lt;a class=failure&gt;Playback - {86} [FAILED] Function ElementFetcher::FindScreenElement failed to locate UI element (Searching: ;[VisibleOnly]ControlType='Window' &amp;&amp; Name='Customer: txt1 tdsfs' &amp;&amp; ClassName='ThunderRT6MDIForm') (The object specified was not found.)
\0&lt;/a&gt;
E, 3608, 23, 2012/11/02, 16:19:13.077, 1597228598150, QTAgent32.exe, Playback - [IMAGE] C:\Users\peter.zenin-ad\AppData\Local\Temp\UITestLogs\LastRun\RPF73D6.png
\0
W, 3608, 23, 2012/11/02, 16:19:13.077, 1597228600378, QTAgent32.exe, Playback - [WARNING] Internal warning: Couldn't find descendants that match QueryId
\0
W, 3608, 23, 2012/11/02, 16:19:13.311, 1597231853210, QTAgent32.exe, Playback - [WARNING] Internal warning: Window Not Found: [VisibleOnly]ControlType='Window' &amp;&amp; Name='Customer: txt1 tdsfs' &amp;&amp; ClassName='ThunderRT6MDIForm'
\0
E, 3608, 23, 2012/11/02, 16:19:13.311, 1597231856104, QTAgent32.exe, &lt;a class=failure&gt;Playback - {87} [FAILED] Function ElementFetcher::FindScreenElement failed to locate UI element (Searching: ;[VisibleOnly]ControlType='Window' &amp;&amp; Name='Customer: txt1 tdsfs' &amp;&amp; ClassName='ThunderRT6MDIForm') (The object specified was not found.)
\0&lt;/a&gt;
E, 3608, 23, 2012/11/02, 16:19:13.389, 1597233070900, QTAgent32.exe, Playback - [IMAGE] C:\Users\peter.zenin-ad\AppData\Local\Temp\UITestLogs\LastRun\RPF750F.png
\0
W, 3608, 23, 2012/11/02, 16:19:13.389, 1597233073137, QTAgent32.exe, Playback - [WARNING] Internal warning: Couldn't find descendants that match QueryId
\0
E, 3608, 23, 2012/11/02, 16:19:13.389, 1597233077036, QTAgent32.exe, Exception: System.Runtime.InteropServices.COMException
	Message: Error HRESULT E_FAIL has been returned from a call to a COM component.
	Stack Trace:    at Microsoft.VisualStudio.TestTools.UITest.Playback.Engine.IRPFPlayback.FindAllScreenElements(IScreenElement pScreenElementStart, String bstrQueryId, Object&amp; pvarResKeys, Int32 cResKeys, Int32 nMaxDepth, Object[]&amp; foundDescendants)
   at Microsoft.VisualStudio.TestTools.UITest.Playback.ScreenElement.FindTopLevelWindowHelper(String queryId)
	BaseExceptionMessage: Error HRESULT E_FAIL has been returned from a call to a COM component.

E, 3608, 23, 2012/11/02, 16:19:13.389, 1597233081867, QTAgent32.exe, Window 11077530 not responding. Last Win32 error 0
E, 3608, 23, 2012/11/02, 16:19:13.389, 1597233085698, QTAgent32.exe, Window 11077530 not responding. Last Win32 error 1400
E, 3608, 23, 2012/11/02, 16:19:13.389, 1597233089109, QTAgent32.exe, GetClassName for handle 11077530 failed
E, 3608, 23, 2012/11/02, 16:19:13.404, 1597233101037, QTAgent32.exe, Window 11077530 not responding. Last Win32 error 1400
E, 3608, 23, 2012/11/02, 16:19:13.404, 1597233102228, QTAgent32.exe, GetClassName for handle 11077530 failed
E, 3608, 23, 2012/11/02, 16:19:13.404, 1597233103034, QTAgent32.exe, GetClassName for handle 11077530 failed
W, 3608, 23, 2012/11/02, 16:19:13.654, 1597236771211, QTAgent32.exe, Playback - [WARNING] Internal warning: Window Not Found: [VisibleOnly]ControlType='Window' &amp;&amp; Name='Customer: autotest autotest' &amp;&amp; ClassName='ThunderRT6MDIForm'
\0
E, 3608, 23, 2012/11/02, 16:19:13.654, 1597236774127, QTAgent32.exe, &lt;a class=failure&gt;Playback - {88} [FAILED] Function ElementFetcher::FindScreenElement failed to locate UI element (Searching: ;[VisibleOnly]ControlType='Window' &amp;&amp; Name='Customer: autotest autotest' &amp;&amp; ClassName='ThunderRT6MDIForm') (The object specified was not found.)
\0&lt;/a&gt;
E, 3608, 23, 2012/11/02, 16:19:13.732, 1597237972826, QTAgent32.exe, Playback - [IMAGE] C:\Users\peter.zenin-ad\AppData\Local\Temp\UITestLogs\LastRun\RPF7667.png
\0
W, 3608, 23, 2012/11/02, 16:19:13.732, 1597237975038, QTAgent32.exe, Playback - [WARNING] Internal warning: Couldn't find descendants that match QueryId
\0
W, 3608, 23, 2012/11/02, 16:19:13.747, 1597238136024, QTAgent32.exe, Playback - [WARNING] Internal warning: Window Not Found: [VisibleOnly]ControlType='Window' &amp;&amp; Name='Customer: autotest autotest' &amp;&amp; ClassName='ThunderRT6MDIForm'
\0
E, 3608, 23, 2012/11/02, 16:19:13.747, 1597238138052, QTAgent32.exe, &lt;a class=failure&gt;Playback - {89} [FAILED] Function ElementFetcher::FindScreenElement failed to locate UI element (Searching: ;[VisibleOnly]ControlType='Window' &amp;&amp; Name='Customer: autotest autotest' &amp;&amp; ClassName='ThunderRT6MDIForm') (The object specified was not found.)
\0&lt;/a&gt;
E, 3608, 23, 2012/11/02, 16:19:13.825, 1597239339703, QTAgent32.exe, Playback - [IMAGE] C:\Users\peter.zenin-ad\AppData\Local\Temp\UITestLogs\LastRun\RPF76C6.png
\0
W, 3608, 23, 2012/11/02, 16:19:13.825, 1597239341967, QTAgent32.exe, Playback - [WARNING] Internal warning: Couldn't find descendants that match QueryId
\0
W, 3608, 23, 2012/11/02, 16:19:14.059, 1597242572589, QTAgent32.exe, Playback - [WARNING] Internal warning: Window Not Found: [VisibleOnly]ControlType='Window' &amp;&amp; Name='Customer: autotest autotest' &amp;&amp; ClassName='ThunderRT6MDIForm'
\0
E, 3608, 23, 2012/11/02, 16:19:14.059, 1597242575380, QTAgent32.exe, &lt;a class=failure&gt;Playback - {90} [FAILED] Function ElementFetcher::FindScreenElement failed to locate UI element (Searching: ;[VisibleOnly]ControlType='Window' &amp;&amp; Name='Customer: autotest autotest' &amp;&amp; ClassName='ThunderRT6MDIForm') (The object specified was not found.)
\0&lt;/a&gt;
E, 3608, 23, 2012/11/02, 16:19:14.137, 1597243793845, QTAgent32.exe, Playback - [IMAGE] C:\Users\peter.zenin-ad\AppData\Local\Temp\UITestLogs\LastRun\RPF77FF.png
\0
W, 3608, 23, 2012/11/02, 16:19:14.137, 1597243800189, QTAgent32.exe, Playback - [WARNING] Internal warning: Couldn't find descendants that match QueryId
\0
E, 3608, 23, 2012/11/02, 16:19:14.137, 1597243806642, QTAgent32.exe, Exception: System.Runtime.InteropServices.COMException
	Message: Error HRESULT E_FAIL has been returned from a call to a COM component.
	Stack Trace:    at Microsoft.VisualStudio.TestTools.UITest.Playback.Engine.IRPFPlayback.FindAllScreenElements(IScreenElement pScreenElementStart, String bstrQueryId, Object&amp; pvarResKeys, Int32 cResKeys, Int32 nMaxDepth, Object[]&amp; foundDescendants)
   at Microsoft.VisualStudio.TestTools.UITest.Playback.ScreenElement.FindTopLevelWindowHelper(String queryId)
	BaseExceptionMessage: Error HRESULT E_FAIL has been returned from a call to a COM component.

E, 3608, 23, 2012/11/02, 16:19:14.137, 1597243814695, QTAgent32.exe, Window 11077530 not responding. Last Win32 error 0
E, 3608, 23, 2012/11/02, 16:19:14.153, 1597243819471, QTAgent32.exe, Window 11077530 not responding. Last Win32 error 1400
E, 3608, 23, 2012/11/02, 16:19:14.153, 1597243824173, QTAgent32.exe, Window 11077530 not responding. Last Win32 error 1400
E, 3608, 23, 2012/11/02, 16:19:14.153, 1597243825420, QTAgent32.exe, GetClassName for handle 11077530 failed
E, 3608, 23, 2012/11/02, 16:19:14.153, 1597243826226, QTAgent32.exe, GetClassName for handle 11077530 failed
W, 3608, 23, 2012/11/02, 16:19:14.371, 1597247038182, QTAgent32.exe, Playback - [WARNING] Internal warning: Window Not Found: [VisibleOnly]ControlType='Window' &amp;&amp; Name='Customer: txt1 tdsfs' &amp;&amp; ClassName='ThunderRT6MDIForm'
\0
E, 3608, 23, 2012/11/02, 16:19:14.371, 1597247040997, QTAgent32.exe, &lt;a class=failure&gt;Playback - {91} [FAILED] Function ElementFetcher::FindScreenElement failed to locate UI element (Searching: ;[VisibleOnly]ControlType='Window' &amp;&amp; Name='Customer: txt1 tdsfs' &amp;&amp; ClassName='ThunderRT6MDIForm') (The object specified was not found.)
\0&lt;/a&gt;
E, 3608, 23, 2012/11/02, 16:19:14.449, 1597248240753, QTAgent32.exe, Playback - [IMAGE] C:\Users\peter.zenin-ad\AppData\Local\Temp\UITestLogs\LastRun\RPF7938.png
\0
W, 3608, 23, 2012/11/02, 16:19:14.449, 1597248242969, QTAgent32.exe, Playback - [WARNING] Internal warning: Couldn't find descendants that match QueryId
\0
W, 3608, 23, 2012/11/02, 16:19:14.902, 1597254634288, QTAgent32.exe, Playback - [WARNING] Internal warning: Window Not Found: [VisibleOnly]ControlType='Window' &amp;&amp; Name='Customer: txt1 tdsfs' &amp;&amp; ClassName='ThunderRT6MDIForm'
\0
E, 3608, 23, 2012/11/02, 16:19:14.902, 1597254637149, QTAgent32.exe, &lt;a class=failure&gt;Playback - {92} [FAILED] Function ElementFetcher::FindScreenElement failed to locate UI element (Searching: ;[VisibleOnly]ControlType='Window' &amp;&amp; Name='Customer: txt1 tdsfs' &amp;&amp; ClassName='ThunderRT6MDIForm') (The object specified was not found.)
\0&lt;/a&gt;
E, 3608, 23, 2012/11/02, 16:19:14.980, 1597255845452, QTAgent32.exe, Playback - [IMAGE] C:\Users\peter.zenin-ad\AppData\Local\Temp\UITestLogs\LastRun\RPF7B4B.png
\0
W, 3608, 23, 2012/11/02, 16:19:14.980, 1597255847640, QTAgent32.exe, Playback - [WARNING] Internal warning: Couldn't find descendants that match QueryId
\0
W, 3608, 23, 2012/11/02, 16:19:14.980, 1597255850623, QTAgent32.exe, PERF WARNING: FindTopLevelWindowHelper::FindAllDescendents: took 531 ms. Expected it to take maximum 500 ms.
W, 3608, 23, 2012/11/02, 16:19:15.432, 1597262187475, QTAgent32.exe, Playback - [WARNING] Internal warning: Smart Match failed
\0
W, 3608, 23, 2012/11/02, 16:19:15.573, 1597264205812, QTAgent32.exe, Playback - [WARNING] Internal warning: Smart Match failed
\0
W, 3608, 23, 2012/11/02, 16:19:15.713, 1597266292259, QTAgent32.exe, Playback - [WARNING] Internal warning: Smart Match failed
\0
W, 3608, 23, 2012/11/02, 16:19:15.869, 1597268447766, QTAgent32.exe, Playback - [WARNING] Internal warning: Smart Match failed
\0
W, 3608, 23, 2012/11/02, 16:19:16.009, 1597270457605, QTAgent32.exe, Playback - [WARNING] Internal warning: Smart Match failed
\0
W, 3608, 23, 2012/11/02, 16:19:16.150, 1597272467866, QTAgent32.exe, Playback - [WARNING] Internal warning: Smart Match failed
\0
W, 3608, 23, 2012/11/02, 16:19:16.290, 1597274477463, QTAgent32.exe, Playback - [WARNING] Internal warning: Smart Match failed
\0
W, 3608, 23, 2012/11/02, 16:19:16.431, 1597276529905, QTAgent32.exe, Playback - [WARNING] Internal warning: Smart Match failed
\0
W, 3608, 23, 2012/11/02, 16:19:16.571, 1597278495213, QTAgent32.exe, Playback - [WARNING] Internal warning: Smart Match failed
\0
W, 3608, 23, 2012/11/02, 16:19:16.711, 1597280507977, QTAgent32.exe, Playback - [WARNING] Internal warning: Smart Match failed
\0
W, 3608, 23, 2012/11/02, 16:19:16.852, 1597282521421, QTAgent32.exe, Playback - [WARNING] Internal warning: Smart Match failed
\0
W, 3608, 23, 2012/11/02, 16:19:16.992, 1597284538054, QTAgent32.exe, Playback - [WARNING] Internal warning: Smart Match failed
\0
W, 3608, 23, 2012/11/02, 16:19:17.133, 1597286534405, QTAgent32.exe, Playback - [WARNING] Internal warning: Smart Match failed
\0
W, 3608, 23, 2012/11/02, 16:19:17.273, 1597288547926, QTAgent32.exe, Playback - [WARNING] Internal warning: Smart Match failed
\0
W, 3608, 23, 2012/11/02, 16:19:17.413, 1597290559824, QTAgent32.exe, Playback - [WARNING] Internal warning: Smart Match failed
\0
W, 3608, 23, 2012/11/02, 16:19:17.554, 1597292565271, QTAgent32.exe, Playback - [WARNING] Internal warning: Smart Match failed
\0
W, 3608, 23, 2012/11/02, 16:19:17.694, 1597294577379, QTAgent32.exe, Playback - [WARNING] Internal warning: Smart Match failed
\0
W, 3608, 23, 2012/11/02, 16:19:17.835, 1597296613901, QTAgent32.exe, Playback - [WARNING] Internal warning: Smart Match failed
\0
W, 3608, 23, 2012/11/02, 16:19:18.006, 1597299044473, QTAgent32.exe, Playback - [WARNING] Internal warning: Smart Match failed
\0
W, 3608, 23, 2012/11/02, 16:19:18.038, 1597299572135, QTAgent32.exe, Playback - [WARNING] Internal warning: Window Not Found: [VisibleOnly]ControlType='Window' &amp;&amp; Name='Customer: txt1 tdsfs' &amp;&amp; ClassName='ThunderRT6MDIForm'
\0
E, 3608, 23, 2012/11/02, 16:19:18.038, 1597299574681, QTAgent32.exe, &lt;a class=failure&gt;Playback - {93} [FAILED] Function ElementFetcher::FindScreenElement failed to locate UI element (Searching: ;[VisibleOnly]ControlType='Window' &amp;&amp; Name='Customer: txt1 tdsfs' &amp;&amp; ClassName='ThunderRT6MDIForm') (The object specified was not found.)
\0&lt;/a&gt;
E, 3608, 23, 2012/11/02, 16:19:18.131, 1597300850154, QTAgent32.exe, Playback - [IMAGE] C:\Users\peter.zenin-ad\AppData\Local\Temp\UITestLogs\LastRun\RPF878C.png
\0
W, 3608, 23, 2012/11/02, 16:19:18.131, 1597300852249, QTAgent32.exe, Playback - [WARNING] Internal warning: Couldn't find descendants that match QueryId
\0
W, 3608, 23, 2012/11/02, 16:19:18.131, 1597300855745, QTAgent32.exe, PERF WARNING: FindTopLevelWindowHelper::FindAllDescendents: took 3143 ms. Expected it to take maximum 500 ms.
E, 3608, 23, 2012/11/02, 16:19:18.131, 1597300857542, QTAgent32.exe, Exception: System.Runtime.InteropServices.COMException
	Message: Error HRESULT E_FAIL has been returned from a call to a COM component.
	Stack Trace:    at Microsoft.VisualStudio.TestTools.UITest.Playback.Engine.IRPFPlayback.FindAllScreenElements(IScreenElement pScreenElementStart, String bstrQueryId, Object&amp; pvarResKeys, Int32 cResKeys, Int32 nMaxDepth, Object[]&amp; foundDescendants)
   at Microsoft.VisualStudio.TestTools.UITest.Playback.ScreenElement.FindTopLevelWindowHelper(String queryId)
	BaseExceptionMessage: Error HRESULT E_FAIL has been returned from a call to a COM component.

E, 3608, 23, 2012/11/02, 16:19:18.131, 1597300862069, QTAgent32.exe, Window 11077530 not responding. Last Win32 error 0
E, 3608, 23, 2012/11/02, 16:19:18.131, 1597300865786, QTAgent32.exe, Window 11077530 not responding. Last Win32 error 1400
E, 3608, 23, 2012/11/02, 16:19:18.131, 1597300870424, QTAgent32.exe, Window 11077530 not responding. Last Win32 error 1400
E, 3608, 23, 2012/11/02, 16:19:18.131, 1597300871611, QTAgent32.exe, GetClassName for handle 11077530 failed
E, 3608, 23, 2012/11/02, 16:19:18.131, 1597300872472, QTAgent32.exe, GetClassName for handle 11077530 failed
W, 3608, 23, 2012/11/02, 16:19:18.365, 1597304220751, QTAgent32.exe, Playback - [WARNING] Internal warning: Window Not Found: [VisibleOnly]ControlType='Window' &amp;&amp; Name='Customer: autotest autotest' &amp;&amp; ClassName='ThunderRT6MDIForm'
\0
E, 3608, 23, 2012/11/02, 16:19:18.365, 1597304223538, QTAgent32.exe, &lt;a class=failure&gt;Playback - {94} [FAILED] Function ElementFetcher::FindScreenElement failed to locate UI element (Searching: ;[VisibleOnly]ControlType='Window' &amp;&amp; Name='Customer: autotest autotest' &amp;&amp; ClassName='ThunderRT6MDIForm') (The object specified was not found.)
\0&lt;/a&gt;
E, 3608, 23, 2012/11/02, 16:19:18.443, 1597305429393, QTAgent32.exe, Playback - [IMAGE] C:\Users\peter.zenin-ad\AppData\Local\Temp\UITestLogs\LastRun\RPF88D4.png
\0
W, 3608, 23, 2012/11/02, 16:19:18.443, 1597305431624, QTAgent32.exe, Playback - [WARNING] Internal warning: Couldn't find descendants that match QueryId
\0
W, 3608, 23, 2012/11/02, 16:19:18.896, 1597311814744, QTAgent32.exe, Playback - [WARNING] Internal warning: Window Not Found: [VisibleOnly]ControlType='Window' &amp;&amp; Name='Customer: autotest autotest' &amp;&amp; ClassName='ThunderRT6MDIForm'
\0
E, 3608, 23, 2012/11/02, 16:19:18.896, 1597311817571, QTAgent32.exe, &lt;a class=failure&gt;Playback - {95} [FAILED] Function ElementFetcher::FindScreenElement failed to locate UI element (Searching: ;[VisibleOnly]ControlType='Window' &amp;&amp; Name='Customer: autotest autotest' &amp;&amp; ClassName='ThunderRT6MDIForm') (The object specified was not found.)
\0&lt;/a&gt;
E, 3608, 23, 2012/11/02, 16:19:18.974, 1597313032920, QTAgent32.exe, Playback - [IMAGE] C:\Users\peter.zenin-ad\AppData\Local\Temp\UITestLogs\LastRun\RPF8AE8.png
\0
W, 3608, 23, 2012/11/02, 16:19:18.974, 1597313035183, QTAgent32.exe, Playback - [WARNING] Internal warning: Couldn't find descendants that match QueryId
\0
W, 3608, 23, 2012/11/02, 16:19:18.974, 1597313038179, QTAgent32.exe, PERF WARNING: FindTopLevelWindowHelper::FindAllDescendents: took 530 ms. Expected it to take maximum 500 ms.
W, 3608, 23, 2012/11/02, 16:19:19.426, 1597319370617, QTAgent32.exe, Playback - [WARNING] Internal warning: Smart Match failed
\0
W, 3608, 23, 2012/11/02, 16:19:19.566, 1597321384196, QTAgent32.exe, Playback - [WARNING] Internal warning: Smart Match failed
\0
W, 3608, 23, 2012/11/02, 16:19:19.707, 1597323388016, QTAgent32.exe, Playback - [WARNING] Internal warning: Smart Match failed
\0
W, 3608, 23, 2012/11/02, 16:19:19.863, 1597325651979, QTAgent32.exe, Playback - [WARNING] Internal warning: Smart Match failed
\0
W, 3608, 23, 2012/11/02, 16:19:20.003, 1597327631610, QTAgent32.exe, Playback - [WARNING] Internal warning: Smart Match failed
\0
W, 3608, 23, 2012/11/02, 16:19:20.144, 1597329645355, QTAgent32.exe, Playback - [WARNING] Internal warning: Smart Match failed
\0
W, 3608, 23, 2012/11/02, 16:19:20.284, 1597331656353, QTAgent32.exe, Playback - [WARNING] Internal warning: Smart Match failed
\0
W, 3608, 23, 2012/11/02, 16:19:20.424, 1597333663894, QTAgent32.exe, Playback - [WARNING] Internal warning: Smart Match failed
\0
W, 3608, 23, 2012/11/02, 16:19:20.565, 1597335673292, QTAgent32.exe, Playback - [WARNING] Internal warning: Smart Match failed
\0
W, 3608, 23, 2012/11/02, 16:19:20.705, 1597337686217, QTAgent32.exe, Playback - [WARNING] Internal warning: Smart Match failed
\0
W, 3608, 23, 2012/11/02, 16:19:20.846, 1597339693982, QTAgent32.exe, Playback - [WARNING] Internal warning: Smart Match failed
\0
W, 3608, 23, 2012/11/02, 16:19:20.986, 1597341709625, QTAgent32.exe, Playback - [WARNING] Internal warning: Smart Match failed
\0
W, 3608, 23, 2012/11/02, 16:19:21.126, 1597343715766, QTAgent32.exe, Playback - [WARNING] Internal warning: Smart Match failed
\0
W, 3608, 23, 2012/11/02, 16:19:21.267, 1597345730865, QTAgent32.exe, Playback - [WARNING] Internal warning: Smart Match failed
\0
W, 3608, 23, 2012/11/02, 16:19:21.407, 1597347735947, QTAgent32.exe, Playback - [WARNING] Internal warning: Smart Match failed
\0
W, 3608, 23, 2012/11/02, 16:19:21.548, 1597349744913, QTAgent32.exe, Playback - [WARNING] Internal warning: Smart Match failed
\0
W, 3608, 23, 2012/11/02, 16:19:21.688, 1597351755920, QTAgent32.exe, Playback - [WARNING] Internal warning: Smart Match failed
\0
W, 3608, 23, 2012/11/02, 16:19:21.828, 1597353769064, QTAgent32.exe, Playback - [WARNING] Internal warning: Smart Match failed
\0
W, 3608, 23, 2012/11/02, 16:19:22.000, 1597356224471, QTAgent32.exe, Playback - [WARNING] Internal warning: Smart Match failed
\0
W, 3608, 23, 2012/11/02, 16:19:22.031, 1597356740012, QTAgent32.exe, Playback - [WARNING] Internal warning: Window Not Found: [VisibleOnly]ControlType='Window' &amp;&amp; Name='Customer: autotest autotest' &amp;&amp; ClassName='ThunderRT6MDIForm'
\0
E, 3608, 23, 2012/11/02, 16:19:22.031, 1597356742097, QTAgent32.exe, &lt;a class=failure&gt;Playback - {96} [FAILED] Function ElementFetcher::FindScreenElement failed to locate UI element (Searching: ;[VisibleOnly]ControlType='Window' &amp;&amp; Name='Customer: autotest autotest' &amp;&amp; ClassName='ThunderRT6MDIForm') (The object specified was not found.)
\0&lt;/a&gt;
E, 3608, 23, 2012/11/02, 16:19:22.125, 1597357960419, QTAgent32.exe, Playback - [IMAGE] C:\Users\peter.zenin-ad\AppData\Local\Temp\UITestLogs\LastRun\RPF9728.png
\0
W, 3608, 23, 2012/11/02, 16:19:22.125, 1597357962586, QTAgent32.exe, Playback - [WARNING] Internal warning: Couldn't find descendants that match QueryId
\0
W, 3608, 23, 2012/11/02, 16:19:22.125, 1597357965589, QTAgent32.exe, PERF WARNING: FindTopLevelWindowHelper::FindAllDescendents: took 3137 ms. Expected it to take maximum 500 ms.
E, 3608, 23, 2012/11/02, 16:19:22.125, 1597357967385, QTAgent32.exe, Exception: System.Runtime.InteropServices.COMException
	Message: Error HRESULT E_FAIL has been returned from a call to a COM component.
	Stack Trace:    at Microsoft.VisualStudio.TestTools.UITest.Playback.Engine.IRPFPlayback.FindAllScreenElements(IScreenElement pScreenElementStart, String bstrQueryId, Object&amp; pvarResKeys, Int32 cResKeys, Int32 nMaxDepth, Object[]&amp; foundDescendants)
   at Microsoft.VisualStudio.TestTools.UITest.Playback.ScreenElement.FindTopLevelWindowHelper(String queryId)
	BaseExceptionMessage: Error HRESULT E_FAIL has been returned from a call to a COM component.

E, 3608, 23, 2012/11/02, 16:19:22.125, 1597357971975, QTAgent32.exe, Window 11077530 not responding. Last Win32 error 0
E, 3608, 23, 2012/11/02, 16:19:22.125, 1597357975759, QTAgent32.exe, Window 11077530 not responding. Last Win32 error 1400
E, 3608, 23, 2012/11/02, 16:19:22.125, 1597357980451, QTAgent32.exe, Window 11077530 not responding. Last Win32 error 1400
E, 3608, 23, 2012/11/02, 16:19:22.125, 1597357981695, QTAgent32.exe, GetClassName for handle 11077530 failed
E, 3608, 23, 2012/11/02, 16:19:22.125, 1597357982532, QTAgent32.exe, GetClassName for handle 11077530 failed
W, 3608, 23, 2012/11/02, 16:19:22.343, 1597361178856, QTAgent32.exe, Playback - [WARNING] Internal warning: Window Not Found: [VisibleOnly]ControlType='Window' &amp;&amp; Name='Customer: txt1 tdsfs' &amp;&amp; ClassName='ThunderRT6MDIForm'
\0
E, 3608, 23, 2012/11/02, 16:19:22.343, 1597361181701, QTAgent32.exe, &lt;a class=failure&gt;Playback - {97} [FAILED] Function ElementFetcher::FindScreenElement failed to locate UI element (Searching: ;[VisibleOnly]ControlType='Window' &amp;&amp; Name='Customer: txt1 tdsfs' &amp;&amp; ClassName='ThunderRT6MDIForm') (The object specified was not found.)
\0&lt;/a&gt;
E, 3608, 23, 2012/11/02, 16:19:22.421, 1597362393538, QTAgent32.exe, Playback - [IMAGE] C:\Users\peter.zenin-ad\AppData\Local\Temp\UITestLogs\LastRun\RPF9861.png
\0
W, 3608, 23, 2012/11/02, 16:19:22.421, 1597362395741, QTAgent32.exe, Playback - [WARNING] Internal warning: Couldn't find descendants that match QueryId
\0
W, 3608, 23, 2012/11/02, 16:19:22.874, 1597368771744, QTAgent32.exe, Playback - [WARNING] Internal warning: Window Not Found: [VisibleOnly]ControlType='Window' &amp;&amp; Name='Customer: txt1 tdsfs' &amp;&amp; ClassName='ThunderRT6MDIForm'
\0
E, 3608, 23, 2012/11/02, 16:19:22.874, 1597368774672, QTAgent32.exe, &lt;a class=failure&gt;Playback - {98} [FAILED] Function ElementFetcher::FindScreenElement failed to locate UI element (Searching: ;[VisibleOnly]ControlType='Window' &amp;&amp; Name='Customer: txt1 tdsfs' &amp;&amp; ClassName='ThunderRT6MDIForm') (The object specified was not found.)
\0&lt;/a&gt;
E, 3608, 23, 2012/11/02, 16:19:22.983, 1597370338075, QTAgent32.exe, Playback - [IMAGE] C:\Users\peter.zenin-ad\AppData\Local\Temp\UITestLogs\LastRun\RPF9A75.png
\0
W, 3608, 23, 2012/11/02, 16:19:22.983, 1597370340263, QTAgent32.exe, Playback - [WARNING] Internal warning: Couldn't find descendants that match QueryId
\0
W, 3608, 23, 2012/11/02, 16:19:22.983, 1597370343286, QTAgent32.exe, PERF WARNING: FindTopLevelWindowHelper::FindAllDescendents: took 554 ms. Expected it to take maximum 500 ms.
W, 3608, 23, 2012/11/02, 16:19:23.435, 1597376775405, QTAgent32.exe, Playback - [WARNING] Internal warning: Smart Match failed
\0
W, 3608, 23, 2012/11/02, 16:19:23.576, 1597378784547, QTAgent32.exe, Playback - [WARNING] Internal warning: Smart Match failed
\0
W, 3608, 23, 2012/11/02, 16:19:23.716, 1597380799747, QTAgent32.exe, Playback - [WARNING] Internal warning: Smart Match failed
\0
W, 3608, 23, 2012/11/02, 16:19:23.856, 1597382830550, QTAgent32.exe, Playback - [WARNING] Internal warning: Smart Match failed
\0
W, 3608, 23, 2012/11/02, 16:19:23.997, 1597384816301, QTAgent32.exe, Playback - [WARNING] Internal warning: Smart Match failed
\0
W, 3608, 23, 2012/11/02, 16:19:24.137, 1597386824431, QTAgent32.exe, Playback - [WARNING] Internal warning: Smart Match failed
\0
W, 3608, 23, 2012/11/02, 16:19:24.278, 1597388834064, QTAgent32.exe, Playback - [WARNING] Internal warning: Smart Match failed
\0
W, 3608, 23, 2012/11/02, 16:19:24.418, 1597390848845, QTAgent32.exe, Playback - [WARNING] Internal warning: Smart Match failed
\0
W, 3608, 23, 2012/11/02, 16:19:24.558, 1597392855249, QTAgent32.exe, Playback - [WARNING] Internal warning: Smart Match failed
\0
W, 3608, 23, 2012/11/02, 16:19:24.699, 1597394865643, QTAgent32.exe, Playback - [WARNING] Internal warning: Smart Match failed
\0
W, 3608, 23, 2012/11/02, 16:19:24.839, 1597396877043, QTAgent32.exe, Playback - [WARNING] Internal warning: Smart Match failed
\0
W, 3608, 23, 2012/11/02, 16:19:24.980, 1597398888332, QTAgent32.exe, Playback - [WARNING] Internal warning: Smart Match failed
\0
W, 3608, 23, 2012/11/02, 16:19:25.120, 1597400897186, QTAgent32.exe, Playback - [WARNING] Internal warning: Smart Match failed
\0
W, 3608, 23, 2012/11/02, 16:19:25.260, 1597402908650, QTAgent32.exe, Playback - [WARNING] Internal warning: Smart Match failed
\0
W, 3608, 23, 2012/11/02, 16:19:25.401, 1597404919948, QTAgent32.exe, Playback - [WARNING] Internal warning: Smart Match failed
\0
W, 3608, 23, 2012/11/02, 16:19:25.541, 1597406945184, QTAgent32.exe, Playback - [WARNING] Internal warning: Smart Match failed
\0
W, 3608, 23, 2012/11/02, 16:19:25.682, 1597408940230, QTAgent32.exe, Playback - [WARNING] Internal warning: Smart Match failed
\0
W, 3608, 23, 2012/11/02, 16:19:25.822, 1597410952768, QTAgent32.exe, Playback - [WARNING] Internal warning: Smart Match failed
\0
W, 3608, 23, 2012/11/02, 16:19:25.978, 1597413187124, QTAgent32.exe, Playback - [WARNING] Internal warning: Smart Match failed
\0
W, 3608, 23, 2012/11/02, 16:19:26.009, 1597413724775, QTAgent32.exe, Playback - [WARNING] Internal warning: Window Not Found: [VisibleOnly]ControlType='Window' &amp;&amp; Name='Customer: txt1 tdsfs' &amp;&amp; ClassName='ThunderRT6MDIForm'
\0
E, 3608, 23, 2012/11/02, 16:19:26.009, 1597413727351, QTAgent32.exe, &lt;a class=failure&gt;Playback - {99} [FAILED] Function ElementFetcher::FindScreenElement failed to locate UI element (Searching: ;[VisibleOnly]ControlType='Window' &amp;&amp; Name='Customer: txt1 tdsfs' &amp;&amp; ClassName='ThunderRT6MDIForm') (The object specified was not found.)
\0&lt;/a&gt;
E, 3608, 23, 2012/11/02, 16:19:26.103, 1597414932502, QTAgent32.exe, Playback - [IMAGE] C:\Users\peter.zenin-ad\AppData\Local\Temp\UITestLogs\LastRun\RPFA6B5.png
\0
W, 3608, 23, 2012/11/02, 16:19:26.103, 1597414934722, QTAgent32.exe, Playback - [WARNING] Internal warning: Couldn't find descendants that match QueryId
\0
W, 3608, 23, 2012/11/02, 16:19:26.103, 1597414937697, QTAgent32.exe, PERF WARNING: FindTopLevelWindowHelper::FindAllDescendents: took 3114 ms. Expected it to take maximum 500 ms.
E, 3608, 23, 2012/11/02, 16:19:26.103, 1597414939519, QTAgent32.exe, Exception: System.Runtime.InteropServices.COMException
	Message: Error HRESULT E_FAIL has been returned from a call to a COM component.
	Stack Trace:    at Microsoft.VisualStudio.TestTools.UITest.Playback.Engine.IRPFPlayback.FindAllScreenElements(IScreenElement pScreenElementStart, String bstrQueryId, Object&amp; pvarResKeys, Int32 cResKeys, Int32 nMaxDepth, Object[]&amp; foundDescendants)
   at Microsoft.VisualStudio.TestTools.UITest.Playback.ScreenElement.FindTopLevelWindowHelper(String queryId)
	BaseExceptionMessage: Error HRESULT E_FAIL has been returned from a call to a COM component.

E, 3608, 23, 2012/11/02, 16:19:26.103, 1597414944145, QTAgent32.exe, Window 11077530 not responding. Last Win32 error 0
E, 3608, 23, 2012/11/02, 16:19:26.103, 1597414947960, QTAgent32.exe, Window 11077530 not responding. Last Win32 error 1400
E, 3608, 23, 2012/11/02, 16:19:26.103, 1597414952680, QTAgent32.exe, Window 11077530 not responding. Last Win32 error 1400
E, 3608, 23, 2012/11/02, 16:19:26.103, 1597414953927, QTAgent32.exe, GetClassName for handle 11077530 failed
E, 3608, 23, 2012/11/02, 16:19:26.103, 1597414954739, QTAgent32.exe, GetClassName for handle 11077530 failed
W, 3608, 23, 2012/11/02, 16:19:26.321, 1597418133529, QTAgent32.exe, Playback - [WARNING] Internal warning: Window Not Found: [VisibleOnly]ControlType='Window' &amp;&amp; Name='Customer: autotest autotest' &amp;&amp; ClassName='ThunderRT6MDIForm'
\0
E, 3608, 23, 2012/11/02, 16:19:26.321, 1597418136380, QTAgent32.exe, &lt;a class=failure&gt;Playback - {100} [FAILED] Function ElementFetcher::FindScreenElement failed to locate UI element (Searching: ;[VisibleOnly]ControlType='Window' &amp;&amp; Name='Customer: autotest autotest' &amp;&amp; ClassName='ThunderRT6MDIForm') (The object specified was not found.)
\0&lt;/a&gt;
E, 3608, 23, 2012/11/02, 16:19:26.399, 1597419347074, QTAgent32.exe, Playback - [IMAGE] C:\Users\peter.zenin-ad\AppData\Local\Temp\UITestLogs\LastRun\RPFA7EE.png
\0
W, 3608, 23, 2012/11/02, 16:19:26.399, 1597419349324, QTAgent32.exe, Playback - [WARNING] Internal warning: Couldn't find descendants that match QueryId
\0
W, 3608, 23, 2012/11/02, 16:19:26.852, 1597425739206, QTAgent32.exe, Playback - [WARNING] Internal warning: Window Not Found: [VisibleOnly]ControlType='Window' &amp;&amp; Name='Customer: autotest autotest' &amp;&amp; ClassName='ThunderRT6MDIForm'
\0
E, 3608, 23, 2012/11/02, 16:19:26.852, 1597425743319, QTAgent32.exe, &lt;a class=failure&gt;Playback - {101} [FAILED] Function ElementFetcher::FindScreenElement failed to locate UI element (Searching: ;[VisibleOnly]ControlType='Window' &amp;&amp; Name='Customer: autotest autotest' &amp;&amp; ClassName='ThunderRT6MDIForm') (The object specified was not found.)
\0&lt;/a&gt;
E, 3608, 23, 2012/11/02, 16:19:26.930, 1597426951221, QTAgent32.exe, Playback - [IMAGE] C:\Users\peter.zenin-ad\AppData\Local\Temp\UITestLogs\LastRun\RPFAA02.png
\0
W, 3608, 23, 2012/11/02, 16:19:26.930, 1597426953491, QTAgent32.exe, Playback - [WARNING] Internal warning: Couldn't find descendants that match QueryId
\0
W, 3608, 23, 2012/11/02, 16:19:26.930, 1597426956520, QTAgent32.exe, PERF WARNING: FindTopLevelWindowHelper::FindAllDescendents: took 530 ms. Expected it to take maximum 500 ms.
W, 3608, 23, 2012/11/02, 16:19:27.382, 1597433286264, QTAgent32.exe, Playback - [WARNING] Internal warning: Smart Match failed
\0
W, 3608, 23, 2012/11/02, 16:19:27.522, 1597435295340, QTAgent32.exe, Playback - [WARNING] Internal warning: Smart Match failed
\0
W, 3608, 23, 2012/11/02, 16:19:27.663, 1597437304856, QTAgent32.exe, Playback - [WARNING] Internal warning: Smart Match failed
\0
W, 3608, 23, 2012/11/02, 16:19:27.803, 1597439315189, QTAgent32.exe, Playback - [WARNING] Internal warning: Smart Match failed
\0
W, 3608, 23, 2012/11/02, 16:19:27.944, 1597441332374, QTAgent32.exe, Playback - [WARNING] Internal warning: Smart Match failed
\0
W, 3608, 23, 2012/11/02, 16:19:28.084, 1597443339092, QTAgent32.exe, Playback - [WARNING] Internal warning: Smart Match failed
\0
W, 3608, 23, 2012/11/02, 16:19:28.224, 1597445349231, QTAgent32.exe, Playback - [WARNING] Internal warning: Smart Match failed
\0
W, 3608, 23, 2012/11/02, 16:19:28.365, 1597447365623, QTAgent32.exe, Playback - [WARNING] Internal warning: Smart Match failed
\0
W, 3608, 23, 2012/11/02, 16:19:28.505, 1597449369654, QTAgent32.exe, Playback - [WARNING] Internal warning: Smart Match failed
\0
W, 3608, 23, 2012/11/02, 16:19:28.646, 1597451376750, QTAgent32.exe, Playback - [WARNING] Internal warning: Smart Match failed
\0
W, 3608, 23, 2012/11/02, 16:19:28.786, 1597453385883, QTAgent32.exe, Playback - [WARNING] Internal warning: Smart Match failed
\0
W, 3608, 23, 2012/11/02, 16:19:28.927, 1597455419258, QTAgent32.exe, Playback - [WARNING] Internal warning: Smart Match failed
\0
W, 3608, 23, 2012/11/02, 16:19:29.067, 1597457414933, QTAgent32.exe, Playback - [WARNING] Internal warning: Smart Match failed
\0
W, 3608, 23, 2012/11/02, 16:19:29.207, 1597459423297, QTAgent32.exe, Playback - [WARNING] Internal warning: Smart Match failed
\0
W, 3608, 23, 2012/11/02, 16:19:29.348, 1597461433474, QTAgent32.exe, Playback - [WARNING] Internal warning: Smart Match failed
\0
W, 3608, 23, 2012/11/02, 16:19:29.488, 1597463447013, QTAgent32.exe, Playback - [WARNING] Internal warning: Smart Match failed
\0
W, 3608, 23, 2012/11/02, 16:19:29.629, 1597465451758, QTAgent32.exe, Playback - [WARNING] Internal warning: Smart Match failed
\0
W, 3608, 23, 2012/11/02, 16:19:29.769, 1597467461264, QTAgent32.exe, Playback - [WARNING] Internal warning: Smart Match failed
\0
W, 3608, 23, 2012/11/02, 16:19:29.909, 1597469473081, QTAgent32.exe, Playback - [WARNING] Internal warning: Smart Match failed
\0
W, 3608, 23, 2012/11/02, 16:19:29.941, 1597469988660, QTAgent32.exe, Playback - [WARNING] Internal warning: Window Not Found: [VisibleOnly]ControlType='Window' &amp;&amp; Name='Customer: autotest autotest' &amp;&amp; ClassName='ThunderRT6MDIForm'
\0
E, 3608, 23, 2012/11/02, 16:19:29.941, 1597469991098, QTAgent32.exe, &lt;a class=failure&gt;Playback - {102} [FAILED] Function ElementFetcher::FindScreenElement failed to locate UI element (Searching: ;[VisibleOnly]ControlType='Window' &amp;&amp; Name='Customer: autotest autotest' &amp;&amp; ClassName='ThunderRT6MDIForm') (The object specified was not found.)
\0&lt;/a&gt;
E, 3608, 23, 2012/11/02, 16:19:30.019, 1597471199380, QTAgent32.exe, Playback - [IMAGE] C:\Users\peter.zenin-ad\AppData\Local\Temp\UITestLogs\LastRun\RPFB614.png
\0
W, 3608, 23, 2012/11/02, 16:19:30.034, 1597471201907, QTAgent32.exe, Playback - [WARNING] Internal warning: Couldn't find descendants that match QueryId
\0
W, 3608, 23, 2012/11/02, 16:19:30.034, 1597471204918, QTAgent32.exe, PERF WARNING: FindTopLevelWindowHelper::FindAllDescendents: took 3090 ms. Expected it to take maximum 500 ms.
E, 3608, 23, 2012/11/02, 16:19:30.034, 1597471206738, QTAgent32.exe, Exception: System.Runtime.InteropServices.COMException
	Message: Error HRESULT E_FAIL has been returned from a call to a COM component.
	Stack Trace:    at Microsoft.VisualStudio.TestTools.UITest.Playback.Engine.IRPFPlayback.FindAllScreenElements(IScreenElement pScreenElementStart, String bstrQueryId, Object&amp; pvarResKeys, Int32 cResKeys, Int32 nMaxDepth, Object[]&amp; foundDescendants)
   at Microsoft.VisualStudio.TestTools.UITest.Playback.ScreenElement.FindTopLevelWindowHelper(String queryId)
	BaseExceptionMessage: Error HRESULT E_FAIL has been returned from a call to a COM component.

E, 3608, 23, 2012/11/02, 16:19:30.034, 1597471212236, QTAgent32.exe, Window 11077530 not responding. Last Win32 error 0
E, 3608, 23, 2012/11/02, 16:19:30.034, 1597471216055, QTAgent32.exe, Window 11077530 not responding. Last Win32 error 1400
E, 3608, 23, 2012/11/02, 16:19:30.034, 1597471220765, QTAgent32.exe, Window 11077530 not responding. Last Win32 error 1400
E, 3608, 23, 2012/11/02, 16:19:30.034, 1597471222016, QTAgent32.exe, GetClassName for handle 11077530 failed
E, 3608, 23, 2012/11/02, 16:19:30.034, 1597471222850, QTAgent32.exe, GetClassName for handle 11077530 failed
W, 3608, 23, 2012/11/02, 16:19:30.253, 1597474421978, QTAgent32.exe, Playback - [WARNING] Internal warning: Window Not Found: [VisibleOnly]ControlType='Window' &amp;&amp; Name='Customer: txt1 tdsfs' &amp;&amp; ClassName='ThunderRT6MDIForm'
\0
E, 3608, 23, 2012/11/02, 16:19:30.253, 1597474424837, QTAgent32.exe, &lt;a class=failure&gt;Playback - {103} [FAILED] Function ElementFetcher::FindScreenElement failed to locate UI element (Searching: ;[VisibleOnly]ControlType='Window' &amp;&amp; Name='Customer: txt1 tdsfs' &amp;&amp; ClassName='ThunderRT6MDIForm') (The object specified was not found.)
\0&lt;/a&gt;
E, 3608, 23, 2012/11/02, 16:19:30.331, 1597475627720, QTAgent32.exe, Playback - [IMAGE] C:\Users\peter.zenin-ad\AppData\Local\Temp\UITestLogs\LastRun\RPFB74D.png
\0
W, 3608, 23, 2012/11/02, 16:19:30.331, 1597475629948, QTAgent32.exe, Playback - [WARNING] Internal warning: Couldn't find descendants that match QueryId
\0
W, 3608, 23, 2012/11/02, 16:19:30.783, 1597482040003, QTAgent32.exe, Playback - [WARNING] Internal warning: Window Not Found: [VisibleOnly]ControlType='Window' &amp;&amp; Name='Customer: txt1 tdsfs' &amp;&amp; ClassName='ThunderRT6MDIForm'
\0
E, 3608, 23, 2012/11/02, 16:19:30.783, 1597482042884, QTAgent32.exe, &lt;a class=failure&gt;Playback - {104} [FAILED] Function ElementFetcher::FindScreenElement failed to locate UI element (Searching: ;[VisibleOnly]ControlType='Window' &amp;&amp; Name='Customer: txt1 tdsfs' &amp;&amp; ClassName='ThunderRT6MDIForm') (The object specified was not found.)
\0&lt;/a&gt;
E, 3608, 23, 2012/11/02, 16:19:30.877, 1597483280348, QTAgent32.exe, Playback - [IMAGE] C:\Users\peter.zenin-ad\AppData\Local\Temp\UITestLogs\LastRun\RPFB960.png
\0
W, 3608, 23, 2012/11/02, 16:19:30.877, 1597483283732, QTAgent32.exe, Playback - [WARNING] Internal warning: Couldn't find descendants that match QueryId
\0
W, 3608, 23, 2012/11/02, 16:19:30.877, 1597483286785, QTAgent32.exe, PERF WARNING: FindTopLevelWindowHelper::FindAllDescendents: took 534 ms. Expected it to take maximum 500 ms.
W, 3608, 23, 2012/11/02, 16:19:31.313, 1597489593298, QTAgent32.exe, Playback - [WARNING] Internal warning: Smart Match failed
\0
W, 3608, 23, 2012/11/02, 16:19:31.454, 1597491588393, QTAgent32.exe, Playback - [WARNING] Internal warning: Smart Match failed
\0
W, 3608, 23, 2012/11/02, 16:19:31.594, 1597493592597, QTAgent32.exe, Playback - [WARNING] Internal warning: Smart Match failed
\0
W, 3608, 23, 2012/11/02, 16:19:31.735, 1597495600859, QTAgent32.exe, Playback - [WARNING] Internal warning: Smart Match failed
\0
W, 3608, 23, 2012/11/02, 16:19:31.906, 1597498203405, QTAgent32.exe, Playback - [WARNING] Internal warning: Smart Match failed
\0
W, 3608, 23, 2012/11/02, 16:19:32.062, 1597500301157, QTAgent32.exe, Playback - [WARNING] Internal warning: Smart Match failed
\0
W, 3608, 23, 2012/11/02, 16:19:32.203, 1597502304860, QTAgent32.exe, Playback - [WARNING] Internal warning: Smart Match failed
\0
W, 3608, 23, 2012/11/02, 16:19:32.343, 1597504314541, QTAgent32.exe, Playback - [WARNING] Internal warning: Smart Match failed
\0
W, 3608, 23, 2012/11/02, 16:19:32.483, 1597506325534, QTAgent32.exe, Playback - [WARNING] Internal warning: Smart Match failed
\0
W, 3608, 23, 2012/11/02, 16:19:32.624, 1597508339491, QTAgent32.exe, Playback - [WARNING] Internal warning: Smart Match failed
\0
W, 3608, 23, 2012/11/02, 16:19:32.764, 1597510347621, QTAgent32.exe, Playback - [WARNING] Internal warning: Smart Match failed
\0
W, 3608, 23, 2012/11/02, 16:19:32.905, 1597512358060, QTAgent32.exe, Playback - [WARNING] Internal warning: Smart Match failed
\0
W, 3608, 23, 2012/11/02, 16:19:33.045, 1597514365736, QTAgent32.exe, Playback - [WARNING] Internal warning: Smart Match failed
\0
W, 3608, 23, 2012/11/02, 16:19:33.185, 1597516379112, QTAgent32.exe, Playback - [WARNING] Internal warning: Smart Match failed
\0
W, 3608, 23, 2012/11/02, 16:19:33.326, 1597518386571, QTAgent32.exe, Playback - [WARNING] Internal warning: Smart Match failed
\0
W, 3608, 23, 2012/11/02, 16:19:33.466, 1597520395318, QTAgent32.exe, Playback - [WARNING] Internal warning: Smart Match failed
\0
W, 3608, 23, 2012/11/02, 16:19:33.607, 1597522407883, QTAgent32.exe, Playback - [WARNING] Internal warning: Smart Match failed
\0
W, 3608, 23, 2012/11/02, 16:19:33.747, 1597524424333, QTAgent32.exe, Playback - [WARNING] Internal warning: Smart Match failed
\0
W, 3608, 23, 2012/11/02, 16:19:33.887, 1597526429686, QTAgent32.exe, Playback - [WARNING] Internal warning: Smart Match failed
\0
W, 3608, 23, 2012/11/02, 16:19:33.919, 1597526940916, QTAgent32.exe, Playback - [WARNING] Internal warning: Window Not Found: [VisibleOnly]ControlType='Window' &amp;&amp; Name='Customer: txt1 tdsfs' &amp;&amp; ClassName='ThunderRT6MDIForm'
\0
E, 3608, 23, 2012/11/02, 16:19:33.919, 1597526943028, QTAgent32.exe, &lt;a class=failure&gt;Playback - {105} [FAILED] Function ElementFetcher::FindScreenElement failed to locate UI element (Searching: ;[VisibleOnly]ControlType='Window' &amp;&amp; Name='Customer: txt1 tdsfs' &amp;&amp; ClassName='ThunderRT6MDIForm') (The object specified was not found.)
\0&lt;/a&gt;
E, 3608, 23, 2012/11/02, 16:19:33.997, 1597528148868, QTAgent32.exe, Playback - [IMAGE] C:\Users\peter.zenin-ad\AppData\Local\Temp\UITestLogs\LastRun\RPFC5A1.png
\0
W, 3608, 23, 2012/11/02, 16:19:33.997, 1597528151014, QTAgent32.exe, Playback - [WARNING] Internal warning: Couldn't find descendants that match QueryId
\0
W, 3608, 23, 2012/11/02, 16:19:33.997, 1597528153992, QTAgent32.exe, PERF WARNING: FindTopLevelWindowHelper::FindAllDescendents: took 3133 ms. Expected it to take maximum 500 ms.
E, 3608, 23, 2012/11/02, 16:19:33.997, 1597528155792, QTAgent32.exe, Exception: System.Runtime.InteropServices.COMException
	Message: Error HRESULT E_FAIL has been returned from a call to a COM component.
	Stack Trace:    at Microsoft.VisualStudio.TestTools.UITest.Playback.Engine.IRPFPlayback.FindAllScreenElements(IScreenElement pScreenElementStart, String bstrQueryId, Object&amp; pvarResKeys, Int32 cResKeys, Int32 nMaxDepth, Object[]&amp; foundDescendants)
   at Microsoft.VisualStudio.TestTools.UITest.Playback.ScreenElement.FindTopLevelWindowHelper(String queryId)
	BaseExceptionMessage: Error HRESULT E_FAIL has been returned from a call to a COM component.

E, 3608, 23, 2012/11/02, 16:19:34.012, 1597528160641, QTAgent32.exe, Window 11077530 not responding. Last Win32 error 0
E, 3608, 23, 2012/11/02, 16:19:34.012, 1597528164443, QTAgent32.exe, Window 11077530 not responding. Last Win32 error 1400
E, 3608, 23, 2012/11/02, 16:19:34.012, 1597528169159, QTAgent32.exe, Window 11077530 not responding. Last Win32 error 1400
E, 3608, 23, 2012/11/02, 16:19:34.012, 1597528170375, QTAgent32.exe, GetClassName for handle 11077530 failed
E, 3608, 23, 2012/11/02, 16:19:34.012, 1597528171275, QTAgent32.exe, GetClassName for handle 11077530 failed
W, 3608, 23, 2012/11/02, 16:19:34.231, 1597531380659, QTAgent32.exe, Playback - [WARNING] Internal warning: Window Not Found: [VisibleOnly]ControlType='Window' &amp;&amp; Name='Customer: autotest autotest' &amp;&amp; ClassName='ThunderRT6MDIForm'
\0
E, 3608, 23, 2012/11/02, 16:19:34.231, 1597531383500, QTAgent32.exe, &lt;a class=failure&gt;Playback - {106} [FAILED] Function ElementFetcher::FindScreenElement failed to locate UI element (Searching: ;[VisibleOnly]ControlType='Window' &amp;&amp; Name='Customer: autotest autotest' &amp;&amp; ClassName='ThunderRT6MDIForm') (The object specified was not found.)
\0&lt;/a&gt;
E, 3608, 23, 2012/11/02, 16:19:34.309, 1597532591818, QTAgent32.exe, Playback - [IMAGE] C:\Users\peter.zenin-ad\AppData\Local\Temp\UITestLogs\LastRun\RPFC6DA.png
\0
W, 3608, 23, 2012/11/02, 16:19:34.309, 1597532594033, QTAgent32.exe, Playback - [WARNING] Internal warning: Couldn't find descendants that match QueryId
\0
W, 3608, 23, 2012/11/02, 16:19:34.761, 1597538972373, QTAgent32.exe, Playback - [WARNING] Internal warning: Window Not Found: [VisibleOnly]ControlType='Window' &amp;&amp; Name='Customer: autotest autotest' &amp;&amp; ClassName='ThunderRT6MDIForm'
\0
E, 3608, 23, 2012/11/02, 16:19:34.761, 1597538975089, QTAgent32.exe, &lt;a class=failure&gt;Playback - {107} [FAILED] Function ElementFetcher::FindScreenElement failed to locate UI element (Searching: ;[VisibleOnly]ControlType='Window' &amp;&amp; Name='Customer: autotest autotest' &amp;&amp; ClassName='ThunderRT6MDIForm') (The object specified was not found.)
\0&lt;/a&gt;
E, 3608, 23, 2012/11/02, 16:19:34.839, 1597540172546, QTAgent32.exe, Playback - [IMAGE] C:\Users\peter.zenin-ad\AppData\Local\Temp\UITestLogs\LastRun\RPFC8ED.png
\0
W, 3608, 23, 2012/11/02, 16:19:34.839, 1597540174879, QTAgent32.exe, Playback - [WARNING] Internal warning: Couldn't find descendants that match QueryId
\0
W, 3608, 23, 2012/11/02, 16:19:34.839, 1597540177883, QTAgent32.exe, PERF WARNING: FindTopLevelWindowHelper::FindAllDescendents: took 529 ms. Expected it to take maximum 500 ms.
W, 3608, 23, 2012/11/02, 16:19:35.307, 1597546758383, QTAgent32.exe, Playback - [WARNING] Internal warning: Smart Match failed
\0
W, 3608, 23, 2012/11/02, 16:19:35.447, 1597548768295, QTAgent32.exe, Playback - [WARNING] Internal warning: Smart Match failed
\0
W, 3608, 23, 2012/11/02, 16:19:35.588, 1597550782130, QTAgent32.exe, Playback - [WARNING] Internal warning: Smart Match failed
\0
W, 3608, 23, 2012/11/02, 16:19:35.728, 1597552788398, QTAgent32.exe, Playback - [WARNING] Internal warning: Smart Match failed
\0
W, 3608, 23, 2012/11/02, 16:19:35.869, 1597554797589, QTAgent32.exe, Playback - [WARNING] Internal warning: Smart Match failed
\0
W, 3608, 23, 2012/11/02, 16:19:36.009, 1597556812678, QTAgent32.exe, Playback - [WARNING] Internal warning: Smart Match failed
\0
W, 3608, 23, 2012/11/02, 16:19:36.149, 1597558819456, QTAgent32.exe, Playback - [WARNING] Internal warning: Smart Match failed
\0
W, 3608, 23, 2012/11/02, 16:19:36.290, 1597560830153, QTAgent32.exe, Playback - [WARNING] Internal warning: Smart Match failed
\0
W, 3608, 23, 2012/11/02, 16:19:36.430, 1597562838731, QTAgent32.exe, Playback - [WARNING] Internal warning: Smart Match failed
\0
W, 3608, 23, 2012/11/02, 16:19:36.571, 1597564851637, QTAgent32.exe, Playback - [WARNING] Internal warning: Smart Match failed
\0
W, 3608, 23, 2012/11/02, 16:19:36.711, 1597566860370, QTAgent32.exe, Playback - [WARNING] Internal warning: Smart Match failed
\0
W, 3608, 23, 2012/11/02, 16:19:36.851, 1597568871678, QTAgent32.exe, Playback - [WARNING] Internal warning: Smart Match failed
\0
W, 3608, 23, 2012/11/02, 16:19:36.992, 1597570883402, QTAgent32.exe, Playback - [WARNING] Internal warning: Smart Match failed
\0
W, 3608, 23, 2012/11/02, 16:19:37.132, 1597572891431, QTAgent32.exe, Playback - [WARNING] Internal warning: Smart Match failed
\0
W, 3608, 23, 2012/11/02, 16:19:37.273, 1597574898740, QTAgent32.exe, Playback - [WARNING] Internal warning: Smart Match failed
\0
W, 3608, 23, 2012/11/02, 16:19:37.413, 1597576909894, QTAgent32.exe, Playback - [WARNING] Internal warning: Smart Match failed
\0
W, 3608, 23, 2012/11/02, 16:19:37.553, 1597578922520, QTAgent32.exe, Playback - [WARNING] Internal warning: Smart Match failed
\0
W, 3608, 23, 2012/11/02, 16:19:37.694, 1597580936288, QTAgent32.exe, Playback - [WARNING] Internal warning: Smart Match failed
\0
W, 3608, 23, 2012/11/02, 16:19:37.834, 1597582938557, QTAgent32.exe, Playback - [WARNING] Internal warning: Smart Match failed
\0
W, 3608, 23, 2012/11/02, 16:19:37.865, 1597583455991, QTAgent32.exe, Playback - [WARNING] Internal warning: Window Not Found: [VisibleOnly]ControlType='Window' &amp;&amp; Name='Customer: autotest autotest' &amp;&amp; ClassName='ThunderRT6MDIForm'
\0
E, 3608, 23, 2012/11/02, 16:19:37.865, 1597583458345, QTAgent32.exe, &lt;a class=failure&gt;Playback - {108} [FAILED] Function ElementFetcher::FindScreenElement failed to locate UI element (Searching: ;[VisibleOnly]ControlType='Window' &amp;&amp; Name='Customer: autotest autotest' &amp;&amp; ClassName='ThunderRT6MDIForm') (The object specified was not found.)
\0&lt;/a&gt;
E, 3608, 23, 2012/11/02, 16:19:37.943, 1597584663611, QTAgent32.exe, Playback - [IMAGE] C:\Users\peter.zenin-ad\AppData\Local\Temp\UITestLogs\LastRun\RPFD50E.png
\0
W, 3608, 23, 2012/11/02, 16:19:37.943, 1597584665715, QTAgent32.exe, Playback - [WARNING] Internal warning: Couldn't find descendants that match QueryId
\0
W, 3608, 23, 2012/11/02, 16:19:37.943, 1597584668690, QTAgent32.exe, PERF WARNING: FindTopLevelWindowHelper::FindAllDescendents: took 3107 ms. Expected it to take maximum 500 ms.
E, 3608, 23, 2012/11/02, 16:19:37.959, 1597584670861, QTAgent32.exe, Exception: System.Runtime.InteropServices.COMException
	Message: Error HRESULT E_FAIL has been returned from a call to a COM component.
	Stack Trace:    at Microsoft.VisualStudio.TestTools.UITest.Playback.Engine.IRPFPlayback.FindAllScreenElements(IScreenElement pScreenElementStart, String bstrQueryId, Object&amp; pvarResKeys, Int32 cResKeys, Int32 nMaxDepth, Object[]&amp; foundDescendants)
   at Microsoft.VisualStudio.TestTools.UITest.Playback.ScreenElement.FindTopLevelWindowHelper(String queryId)
	BaseExceptionMessage: Error HRESULT E_FAIL has been returned from a call to a COM component.

E, 3608, 23, 2012/11/02, 16:19:37.959, 1597584675402, QTAgent32.exe, Window 11077530 not responding. Last Win32 error 0
E, 3608, 23, 2012/11/02, 16:19:37.959, 1597584679107, QTAgent32.exe, Window 11077530 not responding. Last Win32 error 1400
E, 3608, 23, 2012/11/02, 16:19:37.959, 1597584683718, QTAgent32.exe, Window 11077530 not responding. Last Win32 error 1400
E, 3608, 23, 2012/11/02, 16:19:37.959, 1597584684912, QTAgent32.exe, GetClassName for handle 11077530 failed
E, 3608, 23, 2012/11/02, 16:19:37.959, 1597584685729, QTAgent32.exe, GetClassName for handle 11077530 failed
E, 3608, 23, 2012/11/02, 16:19:38.068, 1597586239855, QTAgent32.exe, AL: Playback Error: Microsoft.VisualStudio.TestTools.UITest.Extension.UITestControlNotFoundException: Unable to find the top level element of the control ---&gt; Microsoft.VisualStudio.TestTools.UITest.Extension.UITestControlNotFoundException: The playback failed to find the control with the given search properties. Additional Details: 
TechnologyName:  'MSAA'
ControlType:  'Window'
 ---&gt; System.Runtime.InteropServices.COMException: Error HRESULT E_FAIL has been returned from a call to a COM component.
   at Microsoft.VisualStudio.TestTools.UITest.Playback.Engine.IRPFPlayback.FindAllScreenElements(IScreenElement pScreenElementStart, String bstrQueryId, Object&amp; pvarResKeys, Int32 cResKeys, Int32 nMaxDepth, Object[]&amp; foundDescendants)
   at Microsoft.VisualStudio.TestTools.UITest.Playback.ScreenElement.FindTopLevelWindowHelper(String queryId)
   at Microsoft.VisualStudio.TestTools.UITest.Playback.ScreenElement.FindFromPartialQueryId(String queryId)
   at Microsoft.VisualStudio.TestTools.UITesting.UITestControl..ctor(String queryId)
   --- End of inner exception stack trace ---
   at Microsoft.VisualStudio.TestTools.UITesting.Playback.MapControlNotFoundException(COMException ex, IPlaybackContext context)
   at Microsoft.VisualStudio.TestTools.UITesting.Playback.MapAndThrowComException(COMException innerException, IPlaybackContext context)
   at Microsoft.VisualStudio.TestTools.UITesting.Playback.MapAndThrowException(SystemException exception, IPlaybackContext context)
   at Microsoft.VisualStudio.TestTools.UITesting.Playback.MapAndThrowException(SystemException exception, String queryId)
   at Microsoft.VisualStudio.TestTools.UITesting.UITestControl..ctor(String queryId)
   at Microsoft.VisualStudio.TestTools.UITesting.SearchHelper.SearchTopLevelWindow(ISearchArgument topLevelSearchArg, String topLevelElementQueryId)
   at Microsoft.VisualStudio.TestTools.UITesting.SearchHelper.SearchUsingMultipleTitles(ISearchArgument topLevelSearchArg, QueryId topLevelQueryId, IList`1 windowTitles)
   --- End of inner exception stack trace ---
   at Microsoft.VisualStudio.TestTools.UITesting.SearchHelper.SearchUsingMultipleTitles(ISearchArgument topLevelSearchArg, QueryId topLevelQueryId, IList`1 windowTitles)
   at Microsoft.VisualStudio.TestTools.UITesting.SearchHelper.GetTitleUpdatedTopLevelWindow(ISearchArgument topLevelSearchArg, String queryId, IList`1 windowTitles)
   at Microsoft.VisualStudio.TestTools.UITesting.SearchHelper.GetTopLevelElement(Boolean useCache, Boolean useCacheOnly, ISearchArgument searchArg, IList`1 windowTitles, Int32&amp; timeLeft)
   at Microsoft.VisualStudio.TestTools.UITesting.SearchHelper.GetElement(Boolean useCache, ISearchArgument searchArg)
   at Microsoft.VisualStudio.TestTools.UITesting.SearchHelper.Search(ISearchArgument searchArg)
   at Microsoft.VisualStudio.TestTools.UITesting.UITestControl.FindInternal()
   at Microsoft.VisualStudio.TestTools.UITesting.UITestControl.FindControlIfNecessary()
   at Microsoft.VisualStudio.TestTools.UITesting.UITestControl.Click(MouseButtons button, ModifierKeys modifierKeys, Point relativeCoordinates)
   at Microsoft.VisualStudio.TestTools.UITesting.Mouse.ClickImplementation(UITestControl control, MouseButtons button, ModifierKeys modifierKeys, Point relativeCoordinate)
   at Microsoft.VisualStudio.TestTools.UITesting.Mouse.ClickImplementationWrapper(UITestControl control, MouseButtons button, ModifierKeys modifierKeys, Point relativeCoordinate)
W, 3608, 23, 2012/11/02, 16:19:38.068, 1597586241510, QTAgent32.exe, PlaybackErrorHandler: Ignoring exception as ContinueOnError is set.
W, 3608, 23, 2012/11/02, 16:19:38.396, 1597591028834, QTAgent32.exe, &lt;a class=success&gt;Playback - {109} [SUCCESS] MouseButtonClick - "[MSAA, VisibleOnly]ControlType='Button' &amp;&amp; Name='Close'"
\0&lt;/a&gt;
W, 3608, 23, 2012/11/02, 16:19:42.904, 1597655510148, QTAgent32.exe, IEDOM : StopSession of the plugin called before StartSession
W, 3608, 23, 2012/11/02, 16:19:42.904, 1597655511449, QTAgent32.exe, UIA : StopSession of the plugin called before StartSession
W, 3608, 23, 2012/11/02, 16:19:42.904, 1597655512184, QTAgent32.exe, SLPlugin : StopSession of the plugin called before StartSession
</DebugTrace>
      </Output>
    </UnitTestResult>
    <UnitTestResult executionId="4c6d4a2b-72f6-4e9a-82af-e667ab4390a0" testId="aa8325da-50fe-092e-bd85-bbb5f1ac650a" testName="HouseTest6" computerName="ICLVDEVAP01" duration="00:04:00.5440565" startTime="2012-11-02T16:19:42.9048786+00:00" endTime="2012-11-02T16:23:43.4615046+00:00" testType="13cdc9d9-ddb5-4fa4-a97d-d965ccfc6d4b" outcome="Passed" testListId="8c84fa94-04c1-424b-9868-57a2d4851a1d" relativeResultsDirectory="4c6d4a2b-72f6-4e9a-82af-e667ab4390a0">
      <Output>
        <DebugTrace>W, 3608, 6, 2012/11/02, 16:19:42.904, 1597655671685, QTAgent32.exe, ExtensionFramework : A Technology Manager with name Web is already registered.
W, 3608, 6, 2012/11/02, 16:19:43.762, 1597667767286, QTAgent32.exe, &lt;a class=success&gt;Playback - {1} [SUCCESS] MouseButtonClick - "[MSAA, VisibleOnly]ControlType='Edit'"
\0&lt;/a&gt;
W, 3608, 6, 2012/11/02, 16:19:44.059, 1597672009434, QTAgent32.exe, &lt;a class=success&gt;Playback - {2} [SUCCESS] SendKeys "[*]" - "[MSAA, VisibleOnly]ControlType='Edit'"
\0&lt;/a&gt;
W, 3608, 6, 2012/11/02, 16:19:44.964, 1597685000968, QTAgent32.exe, &lt;a class=success&gt;Playback - {3} [SUCCESS] MouseButtonClick - "[MSAA, VisibleOnly]ControlType='Button' &amp;&amp; Name='OK'"
\0&lt;/a&gt;
W, 3608, 6, 2012/11/02, 16:19:45.619, 1597694510968, QTAgent32.exe, &lt;a class=success&gt;Playback - {4} [SUCCESS] MouseButtonClick - "[MSAA, VisibleOnly]ControlType='Button' &amp;&amp; Name='OK'"
\0&lt;/a&gt;
W, 3608, 6, 2012/11/02, 16:19:46.102, 1597701276533, QTAgent32.exe, &lt;a class=success&gt;Playback - {5} [SUCCESS] MouseButtonClick - "[MSAA, VisibleOnly]ControlType='Button' &amp;&amp; Name='Clients &amp; Files'"
\0&lt;/a&gt;
W, 3608, 6, 2012/11/02, 16:19:46.539, 1597707604311, QTAgent32.exe, &lt;a class=success&gt;Playback - {6} [SUCCESS] MouseButtonClick - "[MSAA, VisibleOnly]ControlType='Button' &amp;&amp; Name='Clients &amp; Files'"
\0&lt;/a&gt;
W, 3608, 6, 2012/11/02, 16:19:46.929, 1597713230031, QTAgent32.exe, Playback - [WARNING] Internal warning: Window Not Found: [VisibleOnly]ControlType='Window' &amp;&amp; Name='Customer: txt1 tdsfs' &amp;&amp; ClassName='ThunderRT6MDIForm'
\0
E, 3608, 6, 2012/11/02, 16:19:46.929, 1597713232853, QTAgent32.exe, &lt;a class=failure&gt;Playback - {7} [FAILED] Function ElementFetcher::FindScreenElement failed to locate UI element (Searching: ;[VisibleOnly]ControlType='Window' &amp;&amp; Name='Customer: txt1 tdsfs' &amp;&amp; ClassName='ThunderRT6MDIForm') (The object specified was not found.)
\0&lt;/a&gt;
E, 3608, 6, 2012/11/02, 16:19:47.023, 1597714487595, QTAgent32.exe, Playback - [IMAGE] C:\Users\peter.zenin-ad\AppData\Local\Temp\UITestLogs\LastRun\RPFF877.png
\0
W, 3608, 6, 2012/11/02, 16:19:47.023, 1597714489680, QTAgent32.exe, Playback - [WARNING] Internal warning: Couldn't find descendants that match QueryId
\0
W, 3608, 6, 2012/11/02, 16:20:05.041, 1597972556247, QTAgent32.exe, Playback - [WARNING] Internal warning: Window Not Found: [VisibleOnly]ControlType='Window' &amp;&amp; Name='Customer: txt1 tdsfs' &amp;&amp; ClassName='ThunderRT6MDIForm'
\0
E, 3608, 6, 2012/11/02, 16:20:05.041, 1597972559012, QTAgent32.exe, &lt;a class=failure&gt;Playback - {8} [FAILED] Function ElementFetcher::FindScreenElement failed to locate UI element (Searching: ;[VisibleOnly]ControlType='Window' &amp;&amp; Name='Customer: txt1 tdsfs' &amp;&amp; ClassName='ThunderRT6MDIForm') (The object specified was not found.)
\0&lt;/a&gt;
E, 3608, 6, 2012/11/02, 16:20:05.135, 1597973930256, QTAgent32.exe, Playback - [IMAGE] C:\Users\peter.zenin-ad\AppData\Local\Temp\UITestLogs\LastRun\RPF3F38.png
\0
W, 3608, 6, 2012/11/02, 16:20:05.135, 1597973932422, QTAgent32.exe, Playback - [WARNING] Internal warning: Couldn't find descendants that match QueryId
\0
W, 3608, 6, 2012/11/02, 16:20:05.135, 1597973935290, QTAgent32.exe, PERF WARNING: FindTopLevelWindowHelper::FindAllDescendents: took 18119 ms. Expected it to take maximum 500 ms.
W, 3608, 6, 2012/11/02, 16:20:05.634, 1597981026782, QTAgent32.exe, Playback - [WARNING] Internal warning: Window with Class "ThunderRT6MDIForm" and Title "Customer: txt1 tdsfs" was not found, so similar window with Class "ThunderRT6MDIForm" and Title "Customer: autotest" was accepted
\0
W, 3608, 6, 2012/11/02, 16:20:07.194, 1598003362138, QTAgent32.exe, Playback - [WARNING] Internal warning: Incorrect flag set for InvokeProgrammaticAction\0
W, 3608, 6, 2012/11/02, 16:20:07.522, 1598007967683, QTAgent32.exe, &lt;a class=success&gt;Playback - {9} [SUCCESS] SetValueAsComboBox "Customers" - "[MSAA, VisibleOnly]ControlType='ComboBox'"  &lt; SetValueAsComboBox, set by clicking on the item in the list box &gt;
\0&lt;/a&gt;
W, 3608, 6, 2012/11/02, 16:20:08.177, 1598017464388, QTAgent32.exe, &lt;a class=success&gt;Playback - {10} [SUCCESS] MouseButtonClick - "[MSAA, VisibleOnly]ControlType='Button' &amp;&amp; Name='Add'"
\0&lt;/a&gt;
W, 3608, 6, 2012/11/02, 16:20:08.582, 1598023137080, QTAgent32.exe, &lt;a class=success&gt;Playback - {11} [SUCCESS] SendKeys "autotest" - "[MSAA, VisibleOnly]ControlType='RadioButton' &amp;&amp; Name='Personal Lines'"
\0&lt;/a&gt;
W, 3608, 6, 2012/11/02, 16:20:09.050, 1598029841901, QTAgent32.exe, &lt;a class=success&gt;Playback - {12} [SUCCESS] SetValueAsEditBox "autotest" - "[MSAA, VisibleOnly]ControlType='Edit'"  &lt; Set via SendKeys &gt;
\0&lt;/a&gt;
W, 3608, 6, 2012/11/02, 16:20:09.565, 1598037327816, QTAgent32.exe, &lt;a class=success&gt;Playback - {13} [SUCCESS] MouseButtonClick - "[MSAA, VisibleOnly]ControlType='Button' &amp;&amp; Name='OK'"
\0&lt;/a&gt;
W, 3608, 6, 2012/11/02, 16:20:10.143, 1598045504128, QTAgent32.exe, &lt;a class=success&gt;Playback - {14} [SUCCESS] MouseButtonClick - "[MSAA, VisibleOnly]ControlType='Button' &amp;&amp; Name='Yes'"
\0&lt;/a&gt;
W, 3608, 6, 2012/11/02, 16:20:10.361, 1598048601781, QTAgent32.exe, &lt;a class=success&gt;Playback - {15} [SUCCESS] SendKeys "^{HOME}" - "[MSAA, VisibleOnly]ControlType='Edit'"
\0&lt;/a&gt;
E, 3608, 6, 2012/11/02, 16:20:10.361, 1598048604887, QTAgent32.exe, Msaa.GetFocusedElement: could not find accessible object of foreground window
W, 3608, 6, 2012/11/02, 16:20:10.439, 1598049718324, QTAgent32.exe, &lt;a class=success&gt;Playback - {16} [SUCCESS] SendKeys "^+{END}" - "[MSAA, VisibleOnly]ControlType='Edit'"
\0&lt;/a&gt;
E, 3608, 6, 2012/11/02, 16:20:10.439, 1598049721230, QTAgent32.exe, Msaa.GetFocusedElement: could not find accessible object of foreground window
W, 3608, 6, 2012/11/02, 16:20:10.455, 1598049940138, QTAgent32.exe, &lt;a class=success&gt;Playback - {17} [SUCCESS] SendKeys "{DELETE}" - "[MSAA, VisibleOnly]ControlType='Edit'"
\0&lt;/a&gt;
W, 3608, 6, 2012/11/02, 16:20:10.533, 1598051060709, QTAgent32.exe, &lt;a class=success&gt;Playback - {18} [SUCCESS] SetValueAsEditBox "1" - "[MSAA, VisibleOnly]ControlType='Edit'"  &lt; Set via SendKeys &gt;
\0&lt;/a&gt;
W, 3608, 6, 2012/11/02, 16:20:10.751, 1598054185057, QTAgent32.exe, &lt;a class=success&gt;Playback - {19} [SUCCESS] SendKeys "^{HOME}" - "[MSAA, VisibleOnly]ControlType='Edit'"
\0&lt;/a&gt;
E, 3608, 6, 2012/11/02, 16:20:10.751, 1598054187792, QTAgent32.exe, Msaa.GetFocusedElement: could not find accessible object of foreground window
W, 3608, 6, 2012/11/02, 16:20:10.845, 1598055523232, QTAgent32.exe, &lt;a class=success&gt;Playback - {20} [SUCCESS] SendKeys "^+{END}" - "[MSAA, VisibleOnly]ControlType='Edit'"
\0&lt;/a&gt;
E, 3608, 6, 2012/11/02, 16:20:10.845, 1598055525565, QTAgent32.exe, Msaa.GetFocusedElement: could not find accessible object of foreground window
W, 3608, 6, 2012/11/02, 16:20:10.860, 1598055749213, QTAgent32.exe, &lt;a class=success&gt;Playback - {21} [SUCCESS] SendKeys "{DELETE}" - "[MSAA, VisibleOnly]ControlType='Edit'"
\0&lt;/a&gt;
W, 3608, 6, 2012/11/02, 16:20:10.938, 1598056867466, QTAgent32.exe, &lt;a class=success&gt;Playback - {22} [SUCCESS] SetValueAsEditBox "1" - "[MSAA, VisibleOnly]ControlType='Edit'"  &lt; Set via SendKeys &gt;
\0&lt;/a&gt;
W, 3608, 6, 2012/11/02, 16:20:11.484, 1598064753026, QTAgent32.exe, &lt;a class=success&gt;Playback - {23} [SUCCESS] MouseButtonClick - "[MSAA, VisibleOnly]ControlType='Button' &amp;&amp; Name='OK'"
\0&lt;/a&gt;
W, 3608, 6, 2012/11/02, 16:20:11.999, 1598072263887, QTAgent32.exe, &lt;a class=success&gt;Playback - {24} [SUCCESS] MouseButtonClick - "[MSAA, VisibleOnly]ControlType='Button'"
\0&lt;/a&gt;
W, 3608, 6, 2012/11/02, 16:20:12.514, 1598079509925, QTAgent32.exe, &lt;a class=success&gt;Playback - {25} [SUCCESS] MouseButtonClick - "[MSAA, VisibleOnly]ControlType='Button' &amp;&amp; Name='Add'"
\0&lt;/a&gt;
W, 3608, 6, 2012/11/02, 16:20:13.013, 1598086724609, QTAgent32.exe, &lt;a class=success&gt;Playback - {26} [SUCCESS] MouseButtonClick - "[MSAA, VisibleOnly]ControlType='Button' &amp;&amp; Name='OK'"
\0&lt;/a&gt;
W, 3608, 6, 2012/11/02, 16:20:15.478, 1598121862813, QTAgent32.exe, &lt;a class=success&gt;Playback - {27} [SUCCESS] MouseButtonClick - "[MSAA, VisibleOnly,Window]ControlType='Window' &amp;&amp; ClassName='ThunderRT6TextBox'"
\0&lt;/a&gt;
W, 3608, 6, 2012/11/02, 16:20:15.821, 1598126783263, QTAgent32.exe, &lt;a class=success&gt;Playback - {28} [SUCCESS] SetValueAsEditBox "HOME" - "[MSAA, VisibleOnly]ControlType='Edit'"  &lt; Set via SendKeys &gt;
\0&lt;/a&gt;
W, 3608, 6, 2012/11/02, 16:20:16.320, 1598134135089, QTAgent32.exe, &lt;a class=success&gt;Playback - {29} [SUCCESS] MouseButtonClick - "[MSAA, VisibleOnly]ControlType='Button' &amp;&amp; Name='OK'"
\0&lt;/a&gt;
W, 3608, 6, 2012/11/02, 16:20:16.882, 1598142030665, QTAgent32.exe, &lt;a class=success&gt;Playback - {30} [SUCCESS] MouseButtonClick - "[MSAA, VisibleOnly]ControlType='Button' &amp;&amp; Name='Options'"
\0&lt;/a&gt;
W, 3608, 6, 2012/11/02, 16:20:16.991, 1598143534328, QTAgent32.exe, FindScreenElementInSinglePass : Attempting to find control in one pass of search. Failures can occur.
W, 3608, 6, 2012/11/02, 16:20:17.163, 1598145986475, QTAgent32.exe, &lt;a class=success&gt;Playback - {31} [SUCCESS] MouseButtonClick - "[MSAA]ControlType='MenuItem' &amp;&amp; Name='Links'"
\0&lt;/a&gt;
W, 3608, 6, 2012/11/02, 16:20:17.272, 1598147555339, QTAgent32.exe, FindScreenElementInSinglePass : Attempting to find control in one pass of search. Failures can occur.
W, 3608, 6, 2012/11/02, 16:20:17.459, 1598150230287, QTAgent32.exe, &lt;a class=success&gt;Playback - {32} [SUCCESS] MouseButtonClick - "[MSAA]ControlType='MenuItem' &amp;&amp; Name='3rd Party Integration'"
\0&lt;/a&gt;
W, 3608, 6, 2012/11/02, 16:20:17.615, 1598152468786, QTAgent32.exe, FindScreenElementInSinglePass : Attempting to find control in one pass of search. Failures can occur.
W, 3608, 6, 2012/11/02, 16:20:17.833, 1598155618314, QTAgent32.exe, &lt;a class=success&gt;Playback - {33} [SUCCESS] MouseButtonClick - "[MSAA]ControlType='MenuItem' &amp;&amp; Name='Quote Select List'"
\0&lt;/a&gt;
W, 3608, 6, 2012/11/02, 16:20:19.737, 1598182840952, QTAgent32.exe, PERF WARNING: FindTopLevelWindowHelper::FindAllDescendents: took 1755 ms. Expected it to take maximum 500 ms.
W, 3608, 6, 2012/11/02, 16:20:20.423, 1598192831740, QTAgent32.exe, &lt;a class=success&gt;Playback - {34} [SUCCESS] MouseButtonClick - "[MSAA, VisibleOnly]ControlType='Button' &amp;&amp; Name='Ok'"
\0&lt;/a&gt;
W, 3608, 6, 2012/11/02, 16:20:24.339, 1598248748458, QTAgent32.exe, PERF WARNING: FindTopLevelWindowHelper::FindAllDescendents: took 3790 ms. Expected it to take maximum 500 ms.
W, 3608, 6, 2012/11/02, 16:20:24.620, 1598252757756, QTAgent32.exe, &lt;a class=success&gt;Playback - {35} [SUCCESS] SetValueAsEditBox "test1" - "[MSAA, VisibleOnly]ControlType='Edit'"  &lt; Set via SendKeys &gt;
\0&lt;/a&gt;
W, 3608, 6, 2012/11/02, 16:20:24.994, 1598258120993, QTAgent32.exe, &lt;a class=success&gt;Playback - {36} [SUCCESS] SetValueAsEditBox "test" - "[MSAA, VisibleOnly]ControlType='Edit'"  &lt; Set via SendKeys &gt;
\0&lt;/a&gt;
W, 3608, 6, 2012/11/02, 16:20:25.212, 1598261243881, QTAgent32.exe, &lt;a class=success&gt;Playback - {37} [SUCCESS] SendKeys "^{HOME}" - "[MSAA, VisibleOnly]ControlType='Edit'"
\0&lt;/a&gt;
E, 3608, 6, 2012/11/02, 16:20:25.212, 1598261246538, QTAgent32.exe, Msaa.GetFocusedElement: could not find accessible object of foreground window
W, 3608, 6, 2012/11/02, 16:20:25.290, 1598262358348, QTAgent32.exe, &lt;a class=success&gt;Playback - {38} [SUCCESS] SendKeys "^+{END}" - "[MSAA, VisibleOnly]ControlType='Edit'"
\0&lt;/a&gt;
E, 3608, 6, 2012/11/02, 16:20:25.290, 1598262360843, QTAgent32.exe, Msaa.GetFocusedElement: could not find accessible object of foreground window
W, 3608, 6, 2012/11/02, 16:20:25.306, 1598262582586, QTAgent32.exe, &lt;a class=success&gt;Playback - {39} [SUCCESS] SendKeys "{DELETE}" - "[MSAA, VisibleOnly]ControlType='Edit'"
\0&lt;/a&gt;
W, 3608, 6, 2012/11/02, 16:20:25.478, 1598265043174, QTAgent32.exe, &lt;a class=success&gt;Playback - {40} [SUCCESS] SetValueAsEditBox "test" - "[MSAA, VisibleOnly]ControlType='Edit'"  &lt; Set via SendKeys &gt;
\0&lt;/a&gt;
W, 3608, 6, 2012/11/02, 16:20:26.039, 1598273256720, QTAgent32.exe, Playback - [WARNING] Internal warning: Incorrect flag set for InvokeProgrammaticAction\0
W, 3608, 6, 2012/11/02, 16:20:26.367, 1598277788609, QTAgent32.exe, &lt;a class=success&gt;Playback - {41} [SUCCESS] SetValueAsComboBox "Account Director" - "[MSAA, VisibleOnly]ControlType='ComboBox'"  &lt; SetValueAsComboBox, set by clicking on the item in the list box &gt;
\0&lt;/a&gt;
W, 3608, 6, 2012/11/02, 16:20:26.944, 1598286061086, QTAgent32.exe, Playback - [WARNING] Internal warning: Incorrect flag set for InvokeProgrammaticAction\0
W, 3608, 6, 2012/11/02, 16:20:27.272, 1598290739184, QTAgent32.exe, &lt;a class=success&gt;Playback - {42} [SUCCESS] SetValueAsComboBox "Advertising" - "[MSAA, VisibleOnly]ControlType='ComboBox'"  &lt; SetValueAsComboBox, set by clicking on the item in the list box &gt;
\0&lt;/a&gt;
W, 3608, 6, 2012/11/02, 16:20:27.708, 1598296985755, QTAgent32.exe, &lt;a class=success&gt;Playback - {43} [SUCCESS] SetValueAsEditBox "160589" - "[MSAA, VisibleOnly]ControlType='Edit'"  &lt; Set via SendKeys &gt;
\0&lt;/a&gt;
W, 3608, 6, 2012/11/02, 16:20:28.145, 1598303239718, QTAgent32.exe, &lt;a class=success&gt;Playback - {44} [SUCCESS] MouseButtonClick - "[MSAA, VisibleOnly]ControlType='Edit'"
\0&lt;/a&gt;
W, 3608, 6, 2012/11/02, 16:20:28.566, 1598309269216, QTAgent32.exe, &lt;a class=success&gt;Playback - {45} [SUCCESS] SetValueAsEditBox "B338TH" - "[MSAA, VisibleOnly]ControlType='Edit'"  &lt; Set via SendKeys &gt;
\0&lt;/a&gt;
W, 3608, 6, 2012/11/02, 16:20:30.985, 1598343886713, QTAgent32.exe, &lt;a class=success&gt;Playback - {46} [SUCCESS] MouseButtonClick - "[MSAA, VisibleOnly]ControlType='Button' &amp;&amp; Name='Lookup...'"
\0&lt;/a&gt;
W, 3608, 6, 2012/11/02, 16:20:31.437, 1598350500188, QTAgent32.exe, &lt;a class=success&gt;Playback - {47} [SUCCESS] MouseButtonClick - "[MSAA, VisibleOnly]ControlType='Button' &amp;&amp; Name='Ok'"
\0&lt;/a&gt;
W, 3608, 6, 2012/11/02, 16:20:31.936, 1598357570547, QTAgent32.exe, &lt;a class=success&gt;Playback - {48} [SUCCESS] MouseButtonClick - "[MSAA, VisibleOnly]ControlType='Button' &amp;&amp; Name='Next &gt;'"
\0&lt;/a&gt;
W, 3608, 6, 2012/11/02, 16:20:32.389, 1598363994484, QTAgent32.exe, &lt;a class=success&gt;Playback - {49} [SUCCESS] SetValueAsEditBox "1989" - "[MSAA, VisibleOnly]ControlType='Edit'"  &lt; Set via SendKeys &gt;
\0&lt;/a&gt;
W, 3608, 6, 2012/11/02, 16:20:32.857, 1598370817702, QTAgent32.exe, &lt;a class=success&gt;Playback - {50} [SUCCESS] MouseButtonClick - "[MSAA, VisibleOnly]ControlType='Button' &amp;&amp; Name='Next &gt;'"
\0&lt;/a&gt;
W, 3608, 6, 2012/11/02, 16:20:33.075, 1598373981732, QTAgent32.exe, &lt;a class=success&gt;Playback - {51} [SUCCESS] MouseButtonClick - "[MSAA, VisibleOnly]ControlType='Button' &amp;&amp; Name='Next &gt;'"
\0&lt;/a&gt;
W, 3608, 6, 2012/11/02, 16:20:33.309, 1598377207708, QTAgent32.exe, &lt;a class=success&gt;Playback - {52} [SUCCESS] MouseButtonClick - "[MSAA, VisibleOnly]ControlType='Button' &amp;&amp; Name='Next &gt;'"
\0&lt;/a&gt;
W, 3608, 6, 2012/11/02, 16:20:33.746, 1598383427779, QTAgent32.exe, &lt;a class=success&gt;Playback - {53} [SUCCESS] SetValueAsEditBox "2345" - "[MSAA, VisibleOnly]ControlType='Edit'"  &lt; Set via SendKeys &gt;
\0&lt;/a&gt;
W, 3608, 6, 2012/11/02, 16:20:34.198, 1598389905074, QTAgent32.exe, &lt;a class=success&gt;Playback - {54} [SUCCESS] SetValueAsEditBox "2000" - "[MSAA, VisibleOnly]ControlType='Edit'"  &lt; Set via SendKeys &gt;
\0&lt;/a&gt;
W, 3608, 6, 2012/11/02, 16:20:34.635, 1598396159516, QTAgent32.exe, &lt;a class=success&gt;Playback - {55} [SUCCESS] SetValueAsEditBox "2000" - "[MSAA, VisibleOnly]ControlType='Edit'"  &lt; Set via SendKeys &gt;
\0&lt;/a&gt;
W, 3608, 6, 2012/11/02, 16:20:34.853, 1598399467392, QTAgent32.exe, &lt;a class=success&gt;Playback - {56} [SUCCESS] MouseButtonClick - "[MSAA, VisibleOnly]ControlType='Button' &amp;&amp; Name='Next &gt;'"
\0&lt;/a&gt;
W, 3608, 6, 2012/11/02, 16:20:35.275, 1598405316421, QTAgent32.exe, &lt;a class=success&gt;Playback - {57} [SUCCESS] SetValueAsEditBox "2345" - "[MSAA, VisibleOnly]ControlType='Edit'"  &lt; Set via SendKeys &gt;
\0&lt;/a&gt;
W, 3608, 6, 2012/11/02, 16:20:35.665, 1598411094236, QTAgent32.exe, &lt;a class=success&gt;Playback - {58} [SUCCESS] MouseButtonClick - "[MSAA, VisibleOnly]ControlType='Button' &amp;&amp; Name='Next &gt;'"
\0&lt;/a&gt;
W, 3608, 6, 2012/11/02, 16:20:36.055, 1598416557862, QTAgent32.exe, &lt;a class=success&gt;Playback - {59} [SUCCESS] MouseButtonClick - "[MSAA, VisibleOnly]ControlType='Button' &amp;&amp; Name='Next &gt;'"
\0&lt;/a&gt;
W, 3608, 6, 2012/11/02, 16:20:36.367, 1598420964285, QTAgent32.exe, &lt;a class=success&gt;Playback - {60} [SUCCESS] MouseButtonClick - "[MSAA, VisibleOnly]ControlType='Button' &amp;&amp; Name='Quote'"
\0&lt;/a&gt;
W, 3608, 6, 2012/11/02, 16:20:36.944, 1598429289731, QTAgent32.exe, &lt;a class=success&gt;Playback - {61} [SUCCESS] MouseButtonClick - "[MSAA, VisibleOnly]ControlType='Button' &amp;&amp; Name='No'"
\0&lt;/a&gt;
W, 3608, 6, 2012/11/02, 16:20:42.388, 1598507179856, QTAgent32.exe, PERF WARNING: FindTopLevelWindowHelper::FindAllDescendents: took 5335 ms. Expected it to take maximum 500 ms.
W, 3608, 6, 2012/11/02, 16:20:42.716, 1598511858915, QTAgent32.exe, &lt;a class=success&gt;Playback - {62} [SUCCESS] MouseButtonClick - "[MSAA, VisibleOnly]ControlType='Client'"
\0&lt;/a&gt;
W, 3608, 6, 2012/11/02, 16:20:44.338, 1598535278752, QTAgent32.exe, &lt;a class=success&gt;Playback - {63} [SUCCESS] SendKeys "{End}" - "[MSAA, VisibleOnly]ControlType='Client'"
\0&lt;/a&gt;
W, 3608, 6, 2012/11/02, 16:20:45.914, 1598557668089, QTAgent32.exe, &lt;a class=success&gt;Playback - {64} [SUCCESS] MouseButtonClick - "[MSAA, VisibleOnly]ControlType='Button' &amp;&amp; Name='Accept'"
\0&lt;/a&gt;
W, 3608, 6, 2012/11/02, 16:20:46.382, 1598564346479, QTAgent32.exe, &lt;a class=success&gt;Playback - {65} [SUCCESS] MouseButtonClick - "[MSAA, VisibleOnly]ControlType='Button' &amp;&amp; Name='Yes'"
\0&lt;/a&gt;
W, 3608, 6, 2012/11/02, 16:20:48.441, 1598593963728, QTAgent32.exe, &lt;a class=success&gt;Playback - {66} [SUCCESS] MouseButtonClick - "[MSAA, VisibleOnly]ControlType='Button' &amp;&amp; Name='Ok'"
\0&lt;/a&gt;
W, 3608, 6, 2012/11/02, 16:20:59.923, 1598758233960, QTAgent32.exe, Playback - [WARNING] Internal warning: Window Not Found: [VisibleOnly]ControlType='Window' &amp;&amp; Name='Save the file as' &amp;&amp; ClassName='#32770'
\0
E, 3608, 6, 2012/11/02, 16:20:59.923, 1598758236843, QTAgent32.exe, &lt;a class=failure&gt;Playback - {67} [FAILED] Function ElementFetcher::FindScreenElement failed to locate UI element (Searching: ;[VisibleOnly]ControlType='Window' &amp;&amp; Name='Save the file as' &amp;&amp; ClassName='#32770') (The object specified was not found.)
\0&lt;/a&gt;
E, 3608, 6, 2012/11/02, 16:21:00.001, 1598759517596, QTAgent32.exe, Playback - [IMAGE] C:\Users\peter.zenin-ad\AppData\Local\Temp\UITestLogs\LastRun\RPF159A.png
\0
W, 3608, 6, 2012/11/02, 16:21:00.001, 1598759519745, QTAgent32.exe, Playback - [WARNING] Internal warning: Couldn't find descendants that match QueryId
\0
W, 3608, 6, 2012/11/02, 16:21:00.001, 1598759522613, QTAgent32.exe, PERF WARNING: FindTopLevelWindowHelper::FindAllDescendents: took 11462 ms. Expected it to take maximum 500 ms.
W, 3608, 6, 2012/11/02, 16:21:18.207, 1599020015693, QTAgent32.exe, Playback - [WARNING] Internal warning: Window Not Found: [VisibleOnly]ControlType='Window' &amp;&amp; Name='Save the file as' &amp;&amp; ClassName='#32770'
\0
E, 3608, 6, 2012/11/02, 16:21:18.207, 1599020018623, QTAgent32.exe, &lt;a class=failure&gt;Playback - {68} [FAILED] Function ElementFetcher::FindScreenElement failed to locate UI element (Searching: ;[VisibleOnly]ControlType='Window' &amp;&amp; Name='Save the file as' &amp;&amp; ClassName='#32770') (The object specified was not found.)
\0&lt;/a&gt;
E, 3608, 6, 2012/11/02, 16:21:18.300, 1599021480721, QTAgent32.exe, Playback - [IMAGE] C:\Users\peter.zenin-ad\AppData\Local\Temp\UITestLogs\LastRun\RPF5D06.png
\0
W, 3608, 6, 2012/11/02, 16:21:18.300, 1599021482914, QTAgent32.exe, Playback - [WARNING] Internal warning: Couldn't find descendants that match QueryId
\0
W, 3608, 6, 2012/11/02, 16:21:18.300, 1599021485807, QTAgent32.exe, PERF WARNING: FindTopLevelWindowHelper::FindAllDescendents: took 18295 ms. Expected it to take maximum 500 ms.
W, 3608, 6, 2012/11/02, 16:21:21.436, 1599066252232, QTAgent32.exe, Playback - [WARNING] Internal warning: Smart Match failed
\0
W, 3608, 6, 2012/11/02, 16:21:22.902, 1599087248531, QTAgent32.exe, Playback - [WARNING] Internal warning: Window Not Found: [VisibleOnly]ControlType='Window' &amp;&amp; Name='Save the file as' &amp;&amp; ClassName='#32770'
\0
E, 3608, 6, 2012/11/02, 16:21:22.902, 1599087251465, QTAgent32.exe, &lt;a class=failure&gt;Playback - {69} [FAILED] Function ElementFetcher::FindScreenElement failed to locate UI element (Searching: ;[VisibleOnly]ControlType='Window' &amp;&amp; Name='Save the file as' &amp;&amp; ClassName='#32770') (The object specified was not found.)
\0&lt;/a&gt;
E, 3608, 6, 2012/11/02, 16:21:23.105, 1599090162773, QTAgent32.exe, Playback - [IMAGE] C:\Users\peter.zenin-ad\AppData\Local\Temp\UITestLogs\LastRun\RPF6F5F.png
\0
W, 3608, 6, 2012/11/02, 16:21:23.105, 1599090165014, QTAgent32.exe, Playback - [WARNING] Internal warning: Couldn't find descendants that match QueryId
\0
W, 3608, 6, 2012/11/02, 16:21:23.105, 1599090167997, QTAgent32.exe, PERF WARNING: FindTopLevelWindowHelper::FindAllDescendents: took 4796 ms. Expected it to take maximum 500 ms.
E, 3608, 6, 2012/11/02, 16:21:23.105, 1599090169809, QTAgent32.exe, Exception: System.Runtime.InteropServices.COMException
	Message: Error HRESULT E_FAIL has been returned from a call to a COM component.
	Stack Trace:    at Microsoft.VisualStudio.TestTools.UITest.Playback.Engine.IRPFPlayback.FindAllScreenElements(IScreenElement pScreenElementStart, String bstrQueryId, Object&amp; pvarResKeys, Int32 cResKeys, Int32 nMaxDepth, Object[]&amp; foundDescendants)
   at Microsoft.VisualStudio.TestTools.UITest.Playback.ScreenElement.FindTopLevelWindowHelper(String queryId)
	BaseExceptionMessage: Error HRESULT E_FAIL has been returned from a call to a COM component.

E, 3608, 6, 2012/11/02, 16:21:23.261, 1599092383258, QTAgent32.exe, AL: Playback Error: Microsoft.VisualStudio.TestTools.UITest.Extension.UITestControlNotFoundException: The playback failed to find the control with the given search properties. Additional Details: 
TechnologyName:  'MSAA'
ControlType:  'Window'
Name:  'Save the file as'
ClassName:  '#32770'
 ---&gt; System.Runtime.InteropServices.COMException: Error HRESULT E_FAIL has been returned from a call to a COM component.
   at Microsoft.VisualStudio.TestTools.UITest.Playback.Engine.IRPFPlayback.FindAllScreenElements(IScreenElement pScreenElementStart, String bstrQueryId, Object&amp; pvarResKeys, Int32 cResKeys, Int32 nMaxDepth, Object[]&amp; foundDescendants)
   at Microsoft.VisualStudio.TestTools.UITest.Playback.ScreenElement.FindTopLevelWindowHelper(String queryId)
   at Microsoft.VisualStudio.TestTools.UITest.Playback.ScreenElement.FindFromPartialQueryId(String queryId)
   at Microsoft.VisualStudio.TestTools.UITesting.UITestControl..ctor(String queryId)
   --- End of inner exception stack trace ---
   at Microsoft.VisualStudio.TestTools.UITesting.Playback.MapControlNotFoundException(COMException ex, IPlaybackContext context)
   at Microsoft.VisualStudio.TestTools.UITesting.Playback.MapAndThrowComException(COMException innerException, IPlaybackContext context)
   at Microsoft.VisualStudio.TestTools.UITesting.Playback.MapAndThrowException(SystemException exception, IPlaybackContext context)
   at Microsoft.VisualStudio.TestTools.UITesting.Playback.MapAndThrowException(SystemException exception, String queryId)
   at Microsoft.VisualStudio.TestTools.UITesting.UITestControl..ctor(String queryId)
   at Microsoft.VisualStudio.TestTools.UITesting.SearchHelper.SearchTopLevelWindow(ISearchArgument topLevelSearchArg, String topLevelElementQueryId)
   at Microsoft.VisualStudio.TestTools.UITesting.SearchHelper.GetTitleUpdatedTopLevelWindow(ISearchArgument topLevelSearchArg, String queryId, IList`1 windowTitles)
   at Microsoft.VisualStudio.TestTools.UITesting.SearchHelper.GetTopLevelElement(Boolean useCache, Boolean useCacheOnly, ISearchArgument searchArg, IList`1 windowTitles, Int32&amp; timeLeft)
   at Microsoft.VisualStudio.TestTools.UITesting.SearchHelper.GetElement(Boolean useCache, ISearchArgument searchArg)
   at Microsoft.VisualStudio.TestTools.UITesting.SearchHelper.Search(ISearchArgument searchArg)
   at Microsoft.VisualStudio.TestTools.UITesting.UITestControl.FindInternal()
   at Microsoft.VisualStudio.TestTools.UITesting.UITestControl.FindControlIfNecessary()
   at Microsoft.VisualStudio.TestTools.UITesting.UITestControl.Click(MouseButtons button, ModifierKeys modifierKeys, Point relativeCoordinates)
   at Microsoft.VisualStudio.TestTools.UITesting.Mouse.ClickImplementation(UITestControl control, MouseButtons button, ModifierKeys modifierKeys, Point relativeCoordinate)
   at Microsoft.VisualStudio.TestTools.UITesting.Mouse.ClickImplementationWrapper(UITestControl control, MouseButtons button, ModifierKeys modifierKeys, Point relativeCoordinate)
W, 3608, 6, 2012/11/02, 16:21:23.261, 1599092385722, QTAgent32.exe, PlaybackErrorHandler: Ignoring exception as ContinueOnError is set.
W, 3608, 6, 2012/11/02, 16:21:23.651, 1599098152007, QTAgent32.exe, &lt;a class=success&gt;Playback - {70} [SUCCESS] MouseButtonClick - "[MSAA, VisibleOnly]ControlType='Button' &amp;&amp; Name='Ok'"
\0&lt;/a&gt;
W, 3608, 6, 2012/11/02, 16:21:24.135, 1599104891936, QTAgent32.exe, &lt;a class=success&gt;Playback - {71} [SUCCESS] MouseButtonClick - "[MSAA, VisibleOnly]ControlType='Button' &amp;&amp; Name='Ok'"
\0&lt;/a&gt;
W, 3608, 6, 2012/11/02, 16:21:24.743, 1599113604168, QTAgent32.exe, &lt;a class=success&gt;Playback - {72} [SUCCESS] SetValueAsEditBox "B338TH" - "[MSAA, VisibleOnly]ControlType='Edit'"  &lt; Set via SendKeys &gt;
\0&lt;/a&gt;
W, 3608, 6, 2012/11/02, 16:21:27.208, 1599148892336, QTAgent32.exe, &lt;a class=success&gt;Playback - {73} [SUCCESS] MouseButtonClick - "[MSAA, VisibleOnly]ControlType='Button' &amp;&amp; Name='Lookup...'"
\0&lt;/a&gt;
W, 3608, 6, 2012/11/02, 16:21:27.598, 1599154545032, QTAgent32.exe, &lt;a class=success&gt;Playback - {74} [SUCCESS] MouseButtonClick - "[MSAA, VisibleOnly]ControlType='Button' &amp;&amp; Name='Ok'"
\0&lt;/a&gt;
W, 3608, 6, 2012/11/02, 16:21:28.082, 1599161416686, QTAgent32.exe, &lt;a class=success&gt;Playback - {75} [SUCCESS] MouseButtonClick - "[MSAA, VisibleOnly]ControlType='Button' &amp;&amp; Name='Confirm'"
\0&lt;/a&gt;
W, 3608, 6, 2012/11/02, 16:21:47.223, 1599435472648, QTAgent32.exe, Playback - [WARNING] Internal warning: Window Not Found: [VisibleOnly]ControlType='Window' &amp;&amp; Name='insur-E.tam' &amp;&amp; ClassName='#32770'
\0
E, 3608, 6, 2012/11/02, 16:21:47.223, 1599435475582, QTAgent32.exe, &lt;a class=failure&gt;Playback - {76} [FAILED] Function ElementFetcher::FindScreenElement failed to locate UI element (Searching: ;[VisibleOnly]ControlType='Window' &amp;&amp; Name='insur-E.tam' &amp;&amp; ClassName='#32770') (The object specified was not found.)
\0&lt;/a&gt;
E, 3608, 6, 2012/11/02, 16:21:47.301, 1599436729321, QTAgent32.exe, Playback - [IMAGE] C:\Users\peter.zenin-ad\AppData\Local\Temp\UITestLogs\LastRun\RPFCE60.png
\0
W, 3608, 6, 2012/11/02, 16:21:47.301, 1599436731541, QTAgent32.exe, Playback - [WARNING] Internal warning: Couldn't find descendants that match QueryId
\0
W, 3608, 6, 2012/11/02, 16:21:47.301, 1599436734498, QTAgent32.exe, PERF WARNING: FindTopLevelWindowHelper::FindAllDescendents: took 19120 ms. Expected it to take maximum 500 ms.
W, 3608, 6, 2012/11/02, 16:22:05.507, 1599697254285, QTAgent32.exe, Playback - [WARNING] Internal warning: Window Not Found: [VisibleOnly]ControlType='Window' &amp;&amp; Name='insur-E.tam' &amp;&amp; ClassName='#32770'
\0
E, 3608, 6, 2012/11/02, 16:22:05.507, 1599697257253, QTAgent32.exe, &lt;a class=failure&gt;Playback - {77} [FAILED] Function ElementFetcher::FindScreenElement failed to locate UI element (Searching: ;[VisibleOnly]ControlType='Window' &amp;&amp; Name='insur-E.tam' &amp;&amp; ClassName='#32770') (The object specified was not found.)
\0&lt;/a&gt;
E, 3608, 6, 2012/11/02, 16:22:05.600, 1599698598694, QTAgent32.exe, Playback - [IMAGE] C:\Users\peter.zenin-ad\AppData\Local\Temp\UITestLogs\LastRun\RPF15CD.png
\0
W, 3608, 6, 2012/11/02, 16:22:05.600, 1599698600887, QTAgent32.exe, Playback - [WARNING] Internal warning: Couldn't find descendants that match QueryId
\0
W, 3608, 6, 2012/11/02, 16:22:05.600, 1599698603805, QTAgent32.exe, PERF WARNING: FindTopLevelWindowHelper::FindAllDescendents: took 18289 ms. Expected it to take maximum 500 ms.
W, 3608, 6, 2012/11/02, 16:22:08.720, 1599743267913, QTAgent32.exe, Playback - [WARNING] Internal warning: Smart Match failed
\0
W, 3608, 6, 2012/11/02, 16:22:10.156, 1599763817255, QTAgent32.exe, Playback - [WARNING] Internal warning: Window Not Found: [VisibleOnly]ControlType='Window' &amp;&amp; Name='insur-E.tam' &amp;&amp; ClassName='#32770'
\0
E, 3608, 6, 2012/11/02, 16:22:10.156, 1599763820217, QTAgent32.exe, &lt;a class=failure&gt;Playback - {78} [FAILED] Function ElementFetcher::FindScreenElement failed to locate UI element (Searching: ;[VisibleOnly]ControlType='Window' &amp;&amp; Name='insur-E.tam' &amp;&amp; ClassName='#32770') (The object specified was not found.)
\0&lt;/a&gt;
E, 3608, 6, 2012/11/02, 16:22:10.249, 1599765349839, QTAgent32.exe, Playback - [IMAGE] C:\Users\peter.zenin-ad\AppData\Local\Temp\UITestLogs\LastRun\RPF27F7.png
\0
W, 3608, 6, 2012/11/02, 16:22:10.249, 1599765352036, QTAgent32.exe, Playback - [WARNING] Internal warning: Couldn't find descendants that match QueryId
\0
W, 3608, 6, 2012/11/02, 16:22:10.249, 1599765355014, QTAgent32.exe, PERF WARNING: FindTopLevelWindowHelper::FindAllDescendents: took 4661 ms. Expected it to take maximum 500 ms.
E, 3608, 6, 2012/11/02, 16:22:10.249, 1599765356829, QTAgent32.exe, Exception: System.Runtime.InteropServices.COMException
	Message: Error HRESULT E_FAIL has been returned from a call to a COM component.
	Stack Trace:    at Microsoft.VisualStudio.TestTools.UITest.Playback.Engine.IRPFPlayback.FindAllScreenElements(IScreenElement pScreenElementStart, String bstrQueryId, Object&amp; pvarResKeys, Int32 cResKeys, Int32 nMaxDepth, Object[]&amp; foundDescendants)
   at Microsoft.VisualStudio.TestTools.UITest.Playback.ScreenElement.FindTopLevelWindowHelper(String queryId)
	BaseExceptionMessage: Error HRESULT E_FAIL has been returned from a call to a COM component.

E, 3608, 6, 2012/11/02, 16:22:10.249, 1599765361651, QTAgent32.exe, Window 7407082 not responding. Last Win32 error 0
E, 3608, 6, 2012/11/02, 16:22:10.249, 1599765365478, QTAgent32.exe, Window 7407082 not responding. Last Win32 error 1400
E, 3608, 6, 2012/11/02, 16:22:10.249, 1599765368897, QTAgent32.exe, GetClassName for handle 7407082 failed
E, 3608, 6, 2012/11/02, 16:22:10.265, 1599765379101, QTAgent32.exe, Window 7407082 not responding. Last Win32 error 1400
E, 3608, 6, 2012/11/02, 16:22:10.265, 1599765380287, QTAgent32.exe, GetClassName for handle 7407082 failed
E, 3608, 6, 2012/11/02, 16:22:10.265, 1599765381088, QTAgent32.exe, GetClassName for handle 7407082 failed
E, 3608, 6, 2012/11/02, 16:22:10.374, 1599766942788, QTAgent32.exe, AL: Playback Error: Microsoft.VisualStudio.TestTools.UITest.Extension.UITestControlNotFoundException: The playback failed to find the control with the given search properties. Additional Details: 
TechnologyName:  'MSAA'
ControlType:  'Window'
 ---&gt; System.Runtime.InteropServices.COMException: Error HRESULT E_FAIL has been returned from a call to a COM component.
   at Microsoft.VisualStudio.TestTools.UITest.Playback.Engine.IRPFPlayback.FindAllScreenElements(IScreenElement pScreenElementStart, String bstrQueryId, Object&amp; pvarResKeys, Int32 cResKeys, Int32 nMaxDepth, Object[]&amp; foundDescendants)
   at Microsoft.VisualStudio.TestTools.UITest.Playback.ScreenElement.FindTopLevelWindowHelper(String queryId)
   at Microsoft.VisualStudio.TestTools.UITest.Playback.ScreenElement.FindFromPartialQueryId(String queryId)
   at Microsoft.VisualStudio.TestTools.UITesting.UITestControl..ctor(String queryId)
   --- End of inner exception stack trace ---
   at Microsoft.VisualStudio.TestTools.UITesting.Playback.MapControlNotFoundException(COMException ex, IPlaybackContext context)
   at Microsoft.VisualStudio.TestTools.UITesting.Playback.MapAndThrowComException(COMException innerException, IPlaybackContext context)
   at Microsoft.VisualStudio.TestTools.UITesting.Playback.MapAndThrowException(SystemException exception, IPlaybackContext context)
   at Microsoft.VisualStudio.TestTools.UITesting.Playback.MapAndThrowException(SystemException exception, String queryId)
   at Microsoft.VisualStudio.TestTools.UITesting.UITestControl..ctor(String queryId)
   at Microsoft.VisualStudio.TestTools.UITesting.SearchHelper.SearchTopLevelWindow(ISearchArgument topLevelSearchArg, String topLevelElementQueryId)
   at Microsoft.VisualStudio.TestTools.UITesting.SearchHelper.GetTitleUpdatedTopLevelWindow(ISearchArgument topLevelSearchArg, String queryId, IList`1 windowTitles)
   at Microsoft.VisualStudio.TestTools.UITesting.SearchHelper.GetTopLevelElement(Boolean useCache, Boolean useCacheOnly, ISearchArgument searchArg, IList`1 windowTitles, Int32&amp; timeLeft)
   at Microsoft.VisualStudio.TestTools.UITesting.SearchHelper.GetElement(Boolean useCache, ISearchArgument searchArg)
   at Microsoft.VisualStudio.TestTools.UITesting.SearchHelper.Search(ISearchArgument searchArg)
   at Microsoft.VisualStudio.TestTools.UITesting.UITestControl.FindInternal()
   at Microsoft.VisualStudio.TestTools.UITesting.UITestControl.FindControlIfNecessary()
   at Microsoft.VisualStudio.TestTools.UITesting.UITestControl.Click(MouseButtons button, ModifierKeys modifierKeys, Point relativeCoordinates)
   at Microsoft.VisualStudio.TestTools.UITesting.Mouse.ClickImplementation(UITestControl control, MouseButtons button, ModifierKeys modifierKeys, Point relativeCoordinate)
   at Microsoft.VisualStudio.TestTools.UITesting.Mouse.ClickImplementationWrapper(UITestControl control, MouseButtons button, ModifierKeys modifierKeys, Point relativeCoordinate)
W, 3608, 6, 2012/11/02, 16:22:10.374, 1599766944922, QTAgent32.exe, PlaybackErrorHandler: Ignoring exception as ContinueOnError is set.
W, 3608, 6, 2012/11/02, 16:22:10.702, 1599771635325, QTAgent32.exe, &lt;a class=success&gt;Playback - {79} [SUCCESS] Check - "[MSAA, VisibleOnly]ControlType='CheckBox' &amp;&amp; Name='Defer Printing?'"
\0&lt;/a&gt;
W, 3608, 6, 2012/11/02, 16:22:11.482, 1599782825118, QTAgent32.exe, &lt;a class=success&gt;Playback - {80} [SUCCESS] MouseButtonClick - "[MSAA, VisibleOnly]ControlType='Button' &amp;&amp; Name='Ok'"
\0&lt;/a&gt;
W, 3608, 6, 2012/11/02, 16:22:12.574, 1599798467099, QTAgent32.exe, PERF WARNING: FindTopLevelWindowHelper::FindAllDescendents: took 984 ms. Expected it to take maximum 500 ms.
W, 3608, 6, 2012/11/02, 16:22:13.541, 1599812288829, QTAgent32.exe, &lt;a class=success&gt;Playback - {81} [SUCCESS] Uncheck - "[MSAA, VisibleOnly]ControlType='CheckBox' &amp;&amp; Name='Add Activity'"
\0&lt;/a&gt;
W, 3608, 6, 2012/11/02, 16:22:14.430, 1599825120816, QTAgent32.exe, &lt;a class=success&gt;Playback - {82} [SUCCESS] MouseButtonClick - "[MSAA, VisibleOnly]ControlType='Button' &amp;&amp; Name='Ok'"
\0&lt;/a&gt;
W, 3608, 6, 2012/11/02, 16:22:14.867, 1599831393802, QTAgent32.exe, &lt;a class=success&gt;Playback - {83} [SUCCESS] MouseButtonClick - "[MSAA, VisibleOnly]ControlType='Button' &amp;&amp; Name='Ok'"
\0&lt;/a&gt;
W, 3608, 6, 2012/11/02, 16:22:22.651, 1599942741053, QTAgent32.exe, PERF WARNING: FindTopLevelWindowHelper::FindAllDescendents: took 7551 ms. Expected it to take maximum 500 ms.
W, 3608, 6, 2012/11/02, 16:22:24.945, 1599975560173, QTAgent32.exe, &lt;a class=success&gt;Playback - {84} [SUCCESS] MouseButtonClick - "[MSAA, VisibleOnly]ControlType='Button' &amp;&amp; Name='OK'"
\0&lt;/a&gt;
W, 3608, 6, 2012/11/02, 16:22:26.271, 1599994693862, QTAgent32.exe, Playback - [WARNING] Internal warning: Window Not Found: [VisibleOnly]ControlType='Window' &amp;&amp; Name='Tamxml7' &amp;&amp; ClassName='TMessageForm'
\0
E, 3608, 6, 2012/11/02, 16:22:26.271, 1599994696835, QTAgent32.exe, &lt;a class=failure&gt;Playback - {85} [FAILED] Function ElementFetcher::FindScreenElement failed to locate UI element (Searching: ;[VisibleOnly]ControlType='Window' &amp;&amp; Name='Tamxml7' &amp;&amp; ClassName='TMessageForm') (The object specified was not found.)
\0&lt;/a&gt;
E, 3608, 6, 2012/11/02, 16:22:26.364, 1599996104049, QTAgent32.exe, Playback - [IMAGE] C:\Users\peter.zenin-ad\AppData\Local\Temp\UITestLogs\LastRun\RPF66EB.png
\0
W, 3608, 6, 2012/11/02, 16:22:26.364, 1599996106263, QTAgent32.exe, Playback - [WARNING] Internal warning: Couldn't find descendants that match QueryId
\0
W, 3608, 6, 2012/11/02, 16:22:26.380, 1599996110675, QTAgent32.exe, PERF WARNING: FindTopLevelWindowHelper::FindAllDescendents: took 1326 ms. Expected it to take maximum 500 ms.
W, 3608, 6, 2012/11/02, 16:22:44.476, 1600255338951, QTAgent32.exe, Playback - [WARNING] Internal warning: Window Not Found: [VisibleOnly]ControlType='Window' &amp;&amp; Name='Tamxml7' &amp;&amp; ClassName='TMessageForm'
\0
E, 3608, 6, 2012/11/02, 16:22:44.476, 1600255341826, QTAgent32.exe, &lt;a class=failure&gt;Playback - {86} [FAILED] Function ElementFetcher::FindScreenElement failed to locate UI element (Searching: ;[VisibleOnly]ControlType='Window' &amp;&amp; Name='Tamxml7' &amp;&amp; ClassName='TMessageForm') (The object specified was not found.)
\0&lt;/a&gt;
E, 3608, 6, 2012/11/02, 16:22:44.570, 1600256580628, QTAgent32.exe, Playback - [IMAGE] C:\Users\peter.zenin-ad\AppData\Local\Temp\UITestLogs\LastRun\RPFAE09.png
\0
W, 3608, 6, 2012/11/02, 16:22:44.570, 1600256582848, QTAgent32.exe, Playback - [WARNING] Internal warning: Couldn't find descendants that match QueryId
\0
W, 3608, 6, 2012/11/02, 16:22:44.570, 1600256585744, QTAgent32.exe, PERF WARNING: FindTopLevelWindowHelper::FindAllDescendents: took 18191 ms. Expected it to take maximum 500 ms.
W, 3608, 6, 2012/11/02, 16:22:45.007, 1600262877413, QTAgent32.exe, Playback - [WARNING] Internal warning: Smart Match failed
\0
W, 3608, 6, 2012/11/02, 16:22:45.178, 1600265335147, QTAgent32.exe, Playback - [WARNING] Internal warning: Smart Match failed
\0
W, 3608, 6, 2012/11/02, 16:22:45.350, 1600267790848, QTAgent32.exe, Playback - [WARNING] Internal warning: Smart Match failed
\0
W, 3608, 6, 2012/11/02, 16:22:45.521, 1600270245564, QTAgent32.exe, Playback - [WARNING] Internal warning: Smart Match failed
\0
W, 3608, 6, 2012/11/02, 16:22:45.677, 1600272480000, QTAgent32.exe, Playback - [WARNING] Internal warning: Smart Match failed
\0
W, 3608, 6, 2012/11/02, 16:22:45.849, 1600274940287, QTAgent32.exe, Playback - [WARNING] Internal warning: Smart Match failed
\0
W, 3608, 6, 2012/11/02, 16:22:46.021, 1600277395222, QTAgent32.exe, Playback - [WARNING] Internal warning: Smart Match failed
\0
W, 3608, 6, 2012/11/02, 16:22:46.177, 1600279625489, QTAgent32.exe, Playback - [WARNING] Internal warning: Smart Match failed
\0
W, 3608, 6, 2012/11/02, 16:22:46.348, 1600282086794, QTAgent32.exe, Playback - [WARNING] Internal warning: Smart Match failed
\0
W, 3608, 6, 2012/11/02, 16:22:46.520, 1600284541030, QTAgent32.exe, Playback - [WARNING] Internal warning: Smart Match failed
\0
W, 3608, 6, 2012/11/02, 16:22:46.692, 1600286999437, QTAgent32.exe, Playback - [WARNING] Internal warning: Smart Match failed
\0
W, 3608, 6, 2012/11/02, 16:22:46.863, 1600289464157, QTAgent32.exe, Playback - [WARNING] Internal warning: Smart Match failed
\0
W, 3608, 6, 2012/11/02, 16:22:47.035, 1600291913212, QTAgent32.exe, Playback - [WARNING] Internal warning: Smart Match failed
\0
W, 3608, 6, 2012/11/02, 16:22:47.191, 1600294147334, QTAgent32.exe, Playback - [WARNING] Internal warning: Smart Match failed
\0
W, 3608, 6, 2012/11/02, 16:22:47.362, 1600296605479, QTAgent32.exe, Playback - [WARNING] Internal warning: Smart Match failed
\0
W, 3608, 6, 2012/11/02, 16:22:47.518, 1600298835017, QTAgent32.exe, Playback - [WARNING] Internal warning: Smart Match failed
\0
W, 3608, 6, 2012/11/02, 16:22:47.674, 1600301069227, QTAgent32.exe, Playback - [WARNING] Internal warning: Smart Match failed
\0
W, 3608, 6, 2012/11/02, 16:22:47.737, 1600301978455, QTAgent32.exe, Playback - [WARNING] Internal warning: Window Not Found: [VisibleOnly]ControlType='Window' &amp;&amp; Name='Tamxml7' &amp;&amp; ClassName='TMessageForm'
\0
E, 3608, 6, 2012/11/02, 16:22:47.737, 1600301980662, QTAgent32.exe, &lt;a class=failure&gt;Playback - {87} [FAILED] Function ElementFetcher::FindScreenElement failed to locate UI element (Searching: ;[VisibleOnly]ControlType='Window' &amp;&amp; Name='Tamxml7' &amp;&amp; ClassName='TMessageForm') (The object specified was not found.)
\0&lt;/a&gt;
E, 3608, 6, 2012/11/02, 16:22:47.815, 1600303204978, QTAgent32.exe, Playback - [IMAGE] C:\Users\peter.zenin-ad\AppData\Local\Temp\UITestLogs\LastRun\RPFBAC6.png
\0
W, 3608, 6, 2012/11/02, 16:22:47.815, 1600303207245, QTAgent32.exe, Playback - [WARNING] Internal warning: Couldn't find descendants that match QueryId
\0
W, 3608, 6, 2012/11/02, 16:22:47.815, 1600303210198, QTAgent32.exe, PERF WARNING: FindTopLevelWindowHelper::FindAllDescendents: took 3256 ms. Expected it to take maximum 500 ms.
E, 3608, 6, 2012/11/02, 16:22:47.815, 1600303211972, QTAgent32.exe, Exception: System.Runtime.InteropServices.COMException
	Message: Error HRESULT E_FAIL has been returned from a call to a COM component.
	Stack Trace:    at Microsoft.VisualStudio.TestTools.UITest.Playback.Engine.IRPFPlayback.FindAllScreenElements(IScreenElement pScreenElementStart, String bstrQueryId, Object&amp; pvarResKeys, Int32 cResKeys, Int32 nMaxDepth, Object[]&amp; foundDescendants)
   at Microsoft.VisualStudio.TestTools.UITest.Playback.ScreenElement.FindTopLevelWindowHelper(String queryId)
	BaseExceptionMessage: Error HRESULT E_FAIL has been returned from a call to a COM component.

E, 3608, 6, 2012/11/02, 16:22:47.815, 1600303215772, QTAgent32.exe, GetClassName for handle 9569490 failed
E, 3608, 6, 2012/11/02, 16:22:47.815, 1600303227280, QTAgent32.exe, Window 9569490 not responding. Last Win32 error 1400
E, 3608, 6, 2012/11/02, 16:22:47.815, 1600303228477, QTAgent32.exe, GetClassName for handle 9569490 failed
E, 3608, 6, 2012/11/02, 16:22:47.815, 1600303229279, QTAgent32.exe, GetClassName for handle 9569490 failed
E, 3608, 6, 2012/11/02, 16:22:47.830, 1600303234347, QTAgent32.exe, GetClassName for handle 4588404 failed
E, 3608, 6, 2012/11/02, 16:22:47.830, 1600303250534, QTAgent32.exe, Window 4588404 not responding. Last Win32 error 1400
E, 3608, 6, 2012/11/02, 16:22:47.830, 1600303252668, QTAgent32.exe, GetClassName for handle 4588404 failed
E, 3608, 6, 2012/11/02, 16:22:47.830, 1600303253472, QTAgent32.exe, GetClassName for handle 4588404 failed
E, 3608, 6, 2012/11/02, 16:22:47.940, 1600304802216, QTAgent32.exe, AL: Playback Error: Microsoft.VisualStudio.TestTools.UITest.Extension.UITestControlNotAvailableException: The control is not available or not valid. Additional Details: 
TechnologyName:  'MSAA'
ControlType:  'Button'
 ---&gt; Microsoft.VisualStudio.TestTools.UITest.Extension.UITestControlNotAvailableException: The control is not available or not valid. Additional Details: 
TechnologyName:  'MSAA'
ControlType:  'Window'
 ---&gt; System.Runtime.InteropServices.COMException: Error HRESULT E_FAIL has been returned from a call to a COM component.
   at Microsoft.VisualStudio.TestTools.UITest.Playback.Engine.IRPFPlayback.FindAllScreenElements(IScreenElement pScreenElementStart, String bstrQueryId, Object&amp; pvarResKeys, Int32 cResKeys, Int32 nMaxDepth, Object[]&amp; foundDescendants)
   at Microsoft.VisualStudio.TestTools.UITest.Playback.ScreenElement.FindTopLevelWindowHelper(String queryId)
   at Microsoft.VisualStudio.TestTools.UITest.Playback.ScreenElement.FindFromPartialQueryId(String queryId)
   at Microsoft.VisualStudio.TestTools.UITesting.UITestControl.EnsureValid(Boolean waitForReady, Boolean refetch)
   --- End of inner exception stack trace ---
   at Microsoft.VisualStudio.TestTools.UITesting.UITestControl.EnsureValid(Boolean waitForReady, Boolean refetch)
   at Microsoft.VisualStudio.TestTools.UITesting.UITestControl.FindFirstDescendant(String queryId, Int32 maxDepth, Int32&amp; timeLeft)
   at Microsoft.VisualStudio.TestTools.UITesting.UITestControl.FindFirstDescendant(String queryId)
   at Microsoft.VisualStudio.TestTools.UITesting.UITestControl.EnsureValid(Boolean waitForReady, Boolean refetch)
   --- End of inner exception stack trace ---
   at Microsoft.VisualStudio.TestTools.UITesting.UITestControl.EnsureValid(Boolean waitForReady, Boolean refetch)
   at Microsoft.VisualStudio.TestTools.UITesting.UITestControl.Click(MouseButtons button, ModifierKeys modifierKeys, Point relativeCoordinates)
   at Microsoft.VisualStudio.TestTools.UITesting.Mouse.ClickImplementation(UITestControl control, MouseButtons button, ModifierKeys modifierKeys, Point relativeCoordinate)
   at Microsoft.VisualStudio.TestTools.UITesting.Mouse.ClickImplementationWrapper(UITestControl control, MouseButtons button, ModifierKeys modifierKeys, Point relativeCoordinate)
W, 3608, 6, 2012/11/02, 16:22:47.940, 1600304804316, QTAgent32.exe, PlaybackErrorHandler: Ignoring exception as ContinueOnError is set.
W, 3608, 6, 2012/11/02, 16:22:48.283, 1600309772047, QTAgent32.exe, &lt;a class=success&gt;Playback - {88} [SUCCESS] MouseButtonClick - "[MSAA, VisibleOnly]ControlType='Button' &amp;&amp; Name='Cancel'"
\0&lt;/a&gt;
W, 3608, 6, 2012/11/02, 16:22:48.813, 1600317310849, QTAgent32.exe, &lt;a class=success&gt;Playback - {89} [SUCCESS] MouseButtonClick - "[MSAA, VisibleOnly]ControlType='Button'"
\0&lt;/a&gt;
W, 3608, 6, 2012/11/02, 16:22:49.250, 1600323629234, QTAgent32.exe, &lt;a class=success&gt;Playback - {90} [SUCCESS] MouseButtonClick - "[MSAA, VisibleOnly]ControlType='Button' &amp;&amp; Name='Options'"
\0&lt;/a&gt;
W, 3608, 6, 2012/11/02, 16:22:49.359, 1600325130492, QTAgent32.exe, FindScreenElementInSinglePass : Attempting to find control in one pass of search. Failures can occur.
W, 3608, 6, 2012/11/02, 16:22:49.375, 1600325348468, QTAgent32.exe, Playback - [WARNING] Internal failure: Method GetBoundingRectangle failed (HRESULT = 0x1, "Incorrect function.") for Name = "Quote Select List" ," ControlType = "MenuItem"
\0
W, 3608, 6, 2012/11/02, 16:22:49.375, 1600325350060, QTAgent32.exe, Playback - [WARNING] Internal failure: Couldn't get clickable point for ScreenUIElement - GetClickablePoint failed
\0
W, 3608, 6, 2012/11/02, 16:22:49.375, 1600325352848, QTAgent32.exe, FindScreenElementInSinglePass : Attempting to find control in one pass of search. Failures can occur.
W, 3608, 6, 2012/11/02, 16:22:49.375, 1600325382466, QTAgent32.exe, FindScreenElementInSinglePass : Attempting to find control in one pass of search. Failures can occur.
W, 3608, 6, 2012/11/02, 16:22:49.702, 1600330040899, QTAgent32.exe, &lt;a class=success&gt;Playback - {91} [SUCCESS] LeftButtonClick - "[MSAA, VisibleOnly]ControlType='MenuBar' &amp;&amp; Name='Application'"  &lt; Mouse cursor location (960, 31) &gt;
\0&lt;/a&gt;
W, 3608, 6, 2012/11/02, 16:22:49.812, 1600331604117, QTAgent32.exe, &lt;a class=success&gt;Playback - {92} [SUCCESS] LeftButtonClick - "[MSAA]ControlType='MenuItem' &amp;&amp; Name='Options'"  &lt; Mouse cursor location (94, 31) &gt;
\0&lt;/a&gt;
W, 3608, 6, 2012/11/02, 16:22:49.983, 1600334059958, QTAgent32.exe, &lt;a class=success&gt;Playback - {93} [SUCCESS] LeftButtonClick - "[MSAA]ControlType='MenuItem' &amp;&amp; Name='Links'"  &lt; Mouse cursor location (174, 319) &gt;
\0&lt;/a&gt;
W, 3608, 6, 2012/11/02, 16:22:50.155, 1600336517891, QTAgent32.exe, &lt;a class=success&gt;Playback - {94} [SUCCESS] LeftButtonClick - "[MSAA]ControlType='MenuItem' &amp;&amp; Name='3rd Party Integration'"  &lt; Mouse cursor location (375, 319) &gt;
\0&lt;/a&gt;
W, 3608, 6, 2012/11/02, 16:22:50.326, 1600339003789, QTAgent32.exe, &lt;a class=success&gt;Playback - {95} [SUCCESS] MouseButtonClick - "[MSAA]ControlType='MenuItem' &amp;&amp; Name='Quote Select List'"
\0&lt;/a&gt;
W, 3608, 6, 2012/11/02, 16:22:52.214, 1600366040208, QTAgent32.exe, PERF WARNING: FindTopLevelWindowHelper::FindAllDescendents: took 1743 ms. Expected it to take maximum 500 ms.
W, 3608, 6, 2012/11/02, 16:22:52.822, 1600374879330, QTAgent32.exe, &lt;a class=success&gt;Playback - {96} [SUCCESS] MouseButtonClick - "[MSAA, VisibleOnly]ControlType='Button' &amp;&amp; Name='Ok'"
\0&lt;/a&gt;
W, 3608, 6, 2012/11/02, 16:22:56.832, 1600432129550, QTAgent32.exe, PERF WARNING: FindTopLevelWindowHelper::FindAllDescendents: took 3884 ms. Expected it to take maximum 500 ms.
W, 3608, 6, 2012/11/02, 16:22:57.300, 1600438878081, QTAgent32.exe, &lt;a class=success&gt;Playback - {97} [SUCCESS] MouseButtonClick - "[MSAA, VisibleOnly]ControlType='Button' &amp;&amp; Name='MTA'"
\0&lt;/a&gt;
W, 3608, 6, 2012/11/02, 16:22:57.971, 1600448544203, QTAgent32.exe, Playback - [WARNING] Internal warning: Incorrect flag set for InvokeProgrammaticAction\0
W, 3608, 6, 2012/11/02, 16:22:58.298, 1600453127202, QTAgent32.exe, &lt;a class=success&gt;Playback - {98} [SUCCESS] SetValueAsComboBox "General Adjustment" - "[MSAA, VisibleOnly]ControlType='ComboBox'"  &lt; SetValueAsComboBox, set by clicking on the item in the list box &gt;
\0&lt;/a&gt;
W, 3608, 6, 2012/11/02, 16:22:58.735, 1600459563754, QTAgent32.exe, &lt;a class=success&gt;Playback - {99} [SUCCESS] MouseButtonClick - "[MSAA, VisibleOnly]ControlType='Button' &amp;&amp; Name='OK'"
\0&lt;/a&gt;
W, 3608, 6, 2012/11/02, 16:22:59.000, 1600463260201, QTAgent32.exe, Playback - [WARNING] Internal warning: Thread state based WFR - Requested element has invalid HWND
\0
W, 3608, 6, 2012/11/02, 16:22:59.000, 1600463262204, QTAgent32.exe, Playback - [WARNING] Internal warning: process performance counters based WFR - Requested element has invalid HWND
\0
E, 3608, 6, 2012/11/02, 16:22:59.000, 1600463265632, QTAgent32.exe, EnsureValid called via EnsureValid call for same element
E, 3608, 6, 2012/11/02, 16:22:59.000, 1600463267692, QTAgent32.exe, EnsureValid called via EnsureValid call for same element
E, 3608, 6, 2012/11/02, 16:22:59.000, 1600463269027, QTAgent32.exe, EnsureValid called via EnsureValid call for same element
E, 3608, 6, 2012/11/02, 16:22:59.000, 1600463272199, QTAgent32.exe, GetClassName for handle 7407214 failed
E, 3608, 6, 2012/11/02, 16:22:59.000, 1600463277075, QTAgent32.exe, GetClassName for handle 7407214 failed
E, 3608, 6, 2012/11/02, 16:22:59.000, 1600463284311, QTAgent32.exe, Exception: System.Runtime.InteropServices.COMException
	Message: Error HRESULT E_FAIL has been returned from a call to a COM component.
	Stack Trace:    at Accessibility.IAccessible.get_accState(Object varChild)
   at Microsoft.VisualStudio.TestTools.UITest.Extension.Msaa.AccWrapper.get_State()
	BaseExceptionMessage: Error HRESULT E_FAIL has been returned from a call to a COM component.

E, 3608, 6, 2012/11/02, 16:22:59.000, 1600463288668, QTAgent32.exe, Exception: System.Runtime.InteropServices.COMException
	Message: Error HRESULT E_FAIL has been returned from a call to a COM component.
	Stack Trace:    at Accessibility.IAccessible.get_accState(Object varChild)
   at Microsoft.VisualStudio.TestTools.UITest.Extension.Msaa.AccWrapper.get_State()
	BaseExceptionMessage: Error HRESULT E_FAIL has been returned from a call to a COM component.

E, 3608, 6, 2012/11/02, 16:22:59.000, 1600463292951, QTAgent32.exe, Exception: System.Runtime.InteropServices.COMException
	Message: Error HRESULT E_FAIL has been returned from a call to a COM component.
	Stack Trace:    at Accessibility.IAccessible.get_accState(Object varChild)
   at Microsoft.VisualStudio.TestTools.UITest.Extension.Msaa.AccWrapper.get_State()
	BaseExceptionMessage: Error HRESULT E_FAIL has been returned from a call to a COM component.

E, 3608, 6, 2012/11/02, 16:22:59.000, 1600463297258, QTAgent32.exe, Exception: System.Runtime.InteropServices.COMException
	Message: Error HRESULT E_FAIL has been returned from a call to a COM component.
	Stack Trace:    at Accessibility.IAccessible.get_accState(Object varChild)
   at Microsoft.VisualStudio.TestTools.UITest.Extension.Msaa.AccWrapper.get_State()
	BaseExceptionMessage: Error HRESULT E_FAIL has been returned from a call to a COM component.

E, 3608, 6, 2012/11/02, 16:22:59.000, 1600463301554, QTAgent32.exe, Exception: System.Runtime.InteropServices.COMException
	Message: Error HRESULT E_FAIL has been returned from a call to a COM component.
	Stack Trace:    at Accessibility.IAccessible.get_accState(Object varChild)
   at Microsoft.VisualStudio.TestTools.UITest.Extension.Msaa.AccWrapper.get_State()
	BaseExceptionMessage: Error HRESULT E_FAIL has been returned from a call to a COM component.

E, 3608, 6, 2012/11/02, 16:22:59.000, 1600463305851, QTAgent32.exe, Exception: System.Runtime.InteropServices.COMException
	Message: Error HRESULT E_FAIL has been returned from a call to a COM component.
	Stack Trace:    at Accessibility.IAccessible.get_accState(Object varChild)
   at Microsoft.VisualStudio.TestTools.UITest.Extension.Msaa.AccWrapper.get_State()
	BaseExceptionMessage: Error HRESULT E_FAIL has been returned from a call to a COM component.

E, 3608, 6, 2012/11/02, 16:22:59.000, 1600463310231, QTAgent32.exe, Exception: System.Runtime.InteropServices.COMException
	Message: Error HRESULT E_FAIL has been returned from a call to a COM component.
	Stack Trace:    at Accessibility.IAccessible.get_accState(Object varChild)
   at Microsoft.VisualStudio.TestTools.UITest.Extension.Msaa.AccWrapper.get_State()
	BaseExceptionMessage: Error HRESULT E_FAIL has been returned from a call to a COM component.

W, 3608, 6, 2012/11/02, 16:22:59.203, 1600466158868, QTAgent32.exe, PERF WARNING: MSAA.UpdateQueryIDForNamelessControls: took 201 ms. Expected it to take maximum 200 ms.
W, 3608, 6, 2012/11/02, 16:22:59.203, 1600466162706, QTAgent32.exe, Msaa.Navigate: Exception [Error HRESULT E_FAIL has been returned from a call to a COM component.] while calling accNavigate.
E, 3608, 6, 2012/11/02, 16:22:59.203, 1600466163765, QTAgent32.exe, GetClassName for handle 10748426 failed
E, 3608, 6, 2012/11/02, 16:22:59.203, 1600466164619, QTAgent32.exe, Window 10748426 not responding. Last Win32 error 1400
E, 3608, 6, 2012/11/02, 16:22:59.203, 1600466167090, QTAgent32.exe, GetClassName for handle 7407214 failed
W, 3608, 6, 2012/11/02, 16:22:59.359, 1600468301706, QTAgent32.exe, &lt;a class=success&gt;Playback - {100} [SUCCESS] SendKeys "^{HOME}" - "[MSAA, VisibleOnly]ControlType='Edit'"
\0&lt;/a&gt;
E, 3608, 6, 2012/11/02, 16:22:59.359, 1600468304328, QTAgent32.exe, Msaa.GetFocusedElement: could not find accessible object of foreground window
W, 3608, 6, 2012/11/02, 16:22:59.453, 1600469642188, QTAgent32.exe, &lt;a class=success&gt;Playback - {101} [SUCCESS] SendKeys "^+{END}" - "[MSAA, VisibleOnly]ControlType='Edit'"
\0&lt;/a&gt;
E, 3608, 6, 2012/11/02, 16:22:59.453, 1600469644925, QTAgent32.exe, Msaa.GetFocusedElement: could not find accessible object of foreground window
W, 3608, 6, 2012/11/02, 16:22:59.468, 1600469865505, QTAgent32.exe, &lt;a class=success&gt;Playback - {102} [SUCCESS] SendKeys "{DELETE}" - "[MSAA, VisibleOnly]ControlType='Edit'"
\0&lt;/a&gt;
W, 3608, 6, 2012/11/02, 16:22:59.765, 1600474115590, QTAgent32.exe, &lt;a class=success&gt;Playback - {103} [SUCCESS] SetValueAsEditBox "NewTest" - "[MSAA, VisibleOnly]ControlType='Edit'"  &lt; Set via SendKeys &gt;
\0&lt;/a&gt;
W, 3608, 6, 2012/11/02, 16:23:00.217, 1600480696376, QTAgent32.exe, &lt;a class=success&gt;Playback - {104} [SUCCESS] MouseButtonClick - "[MSAA, VisibleOnly]ControlType='Button' &amp;&amp; Name='Cancel'"
\0&lt;/a&gt;
W, 3608, 6, 2012/11/02, 16:23:00.763, 1600488544340, QTAgent32.exe, &lt;a class=success&gt;Playback - {105} [SUCCESS] MouseButtonClick - "[MSAA, VisibleOnly]ControlType='Button' &amp;&amp; Name='Yes'"
\0&lt;/a&gt;
W, 3608, 6, 2012/11/02, 16:23:03.618, 1600529279452, QTAgent32.exe, &lt;a class=success&gt;Playback - {106} [SUCCESS] MouseButtonClick - "[MSAA, VisibleOnly]ControlType='Button' &amp;&amp; Name='OK'"
\0&lt;/a&gt;
W, 3608, 6, 2012/11/02, 16:23:04.055, 1600535593031, QTAgent32.exe, &lt;a class=success&gt;Playback - {107} [SUCCESS] MouseButtonClick - "[MSAA, VisibleOnly]ControlType='Button' &amp;&amp; Name='Options'"
\0&lt;/a&gt;
W, 3608, 6, 2012/11/02, 16:23:04.164, 1600537104283, QTAgent32.exe, FindScreenElementInSinglePass : Attempting to find control in one pass of search. Failures can occur.
W, 3608, 6, 2012/11/02, 16:23:04.164, 1600537207922, QTAgent32.exe, Playback - [WARNING] Internal failure: Method GetBoundingRectangle failed (HRESULT = 0x1, "Incorrect function.") for Name = "Quote Select List" ," ControlType = "MenuItem"
\0
W, 3608, 6, 2012/11/02, 16:23:04.164, 1600537209143, QTAgent32.exe, Playback - [WARNING] Internal failure: Couldn't get clickable point for ScreenUIElement - GetClickablePoint failed
\0
W, 3608, 6, 2012/11/02, 16:23:04.164, 1600537211708, QTAgent32.exe, FindScreenElementInSinglePass : Attempting to find control in one pass of search. Failures can occur.
W, 3608, 6, 2012/11/02, 16:23:04.164, 1600537240635, QTAgent32.exe, FindScreenElementInSinglePass : Attempting to find control in one pass of search. Failures can occur.
W, 3608, 6, 2012/11/02, 16:23:04.491, 1600541792307, QTAgent32.exe, &lt;a class=success&gt;Playback - {108} [SUCCESS] LeftButtonClick - "[MSAA, VisibleOnly]ControlType='MenuBar' &amp;&amp; Name='Application'"  &lt; Mouse cursor location (960, 31) &gt;
\0&lt;/a&gt;
W, 3608, 6, 2012/11/02, 16:23:04.601, 1600543355556, QTAgent32.exe, &lt;a class=success&gt;Playback - {109} [SUCCESS] LeftButtonClick - "[MSAA]ControlType='MenuItem' &amp;&amp; Name='Options'"  &lt; Mouse cursor location (94, 31) &gt;
\0&lt;/a&gt;
W, 3608, 6, 2012/11/02, 16:23:04.772, 1600545809882, QTAgent32.exe, &lt;a class=success&gt;Playback - {110} [SUCCESS] LeftButtonClick - "[MSAA]ControlType='MenuItem' &amp;&amp; Name='Links'"  &lt; Mouse cursor location (174, 319) &gt;
\0&lt;/a&gt;
W, 3608, 6, 2012/11/02, 16:23:04.944, 1600548266281, QTAgent32.exe, &lt;a class=success&gt;Playback - {111} [SUCCESS] LeftButtonClick - "[MSAA]ControlType='MenuItem' &amp;&amp; Name='3rd Party Integration'"  &lt; Mouse cursor location (375, 319) &gt;
\0&lt;/a&gt;
W, 3608, 6, 2012/11/02, 16:23:05.115, 1600550750062, QTAgent32.exe, &lt;a class=success&gt;Playback - {112} [SUCCESS] MouseButtonClick - "[MSAA]ControlType='MenuItem' &amp;&amp; Name='Quote Select List'"
\0&lt;/a&gt;
W, 3608, 6, 2012/11/02, 16:23:06.910, 1600576423738, QTAgent32.exe, PERF WARNING: FindTopLevelWindowHelper::FindAllDescendents: took 1672 ms. Expected it to take maximum 500 ms.
W, 3608, 6, 2012/11/02, 16:23:07.534, 1600585558819, QTAgent32.exe, &lt;a class=success&gt;Playback - {113} [SUCCESS] MouseButtonClick - "[MSAA, VisibleOnly]ControlType='Button' &amp;&amp; Name='Ok'"
\0&lt;/a&gt;
W, 3608, 6, 2012/11/02, 16:23:07.658, 1600587208457, QTAgent32.exe, Playback - [WARNING] Internal warning: Thread state based WFR - Requested element has invalid HWND
\0
W, 3608, 6, 2012/11/02, 16:23:07.658, 1600587210212, QTAgent32.exe, Playback - [WARNING] Internal warning: process performance counters based WFR - Requested element has invalid HWND
\0
E, 3608, 6, 2012/11/02, 16:23:07.658, 1600587213293, QTAgent32.exe, EnsureValid called via EnsureValid call for same element
E, 3608, 6, 2012/11/02, 16:23:07.658, 1600587215328, QTAgent32.exe, EnsureValid called via EnsureValid call for same element
E, 3608, 6, 2012/11/02, 16:23:07.658, 1600587216621, QTAgent32.exe, EnsureValid called via EnsureValid call for same element
E, 3608, 6, 2012/11/02, 16:23:07.658, 1600587219765, QTAgent32.exe, GetClassName for handle 16974436 failed
E, 3608, 6, 2012/11/02, 16:23:07.658, 1600587224643, QTAgent32.exe, GetClassName for handle 16974436 failed
E, 3608, 6, 2012/11/02, 16:23:07.658, 1600587231857, QTAgent32.exe, Exception: System.Runtime.InteropServices.COMException
	Message: Error HRESULT E_FAIL has been returned from a call to a COM component.
	Stack Trace:    at Accessibility.IAccessible.get_accState(Object varChild)
   at Microsoft.VisualStudio.TestTools.UITest.Extension.Msaa.AccWrapper.get_State()
	BaseExceptionMessage: Error HRESULT E_FAIL has been returned from a call to a COM component.

E, 3608, 6, 2012/11/02, 16:23:07.658, 1600587236222, QTAgent32.exe, Exception: System.Runtime.InteropServices.COMException
	Message: Error HRESULT E_FAIL has been returned from a call to a COM component.
	Stack Trace:    at Accessibility.IAccessible.get_accState(Object varChild)
   at Microsoft.VisualStudio.TestTools.UITest.Extension.Msaa.AccWrapper.get_State()
	BaseExceptionMessage: Error HRESULT E_FAIL has been returned from a call to a COM component.

E, 3608, 6, 2012/11/02, 16:23:07.658, 1600587240506, QTAgent32.exe, Exception: System.Runtime.InteropServices.COMException
	Message: Error HRESULT E_FAIL has been returned from a call to a COM component.
	Stack Trace:    at Accessibility.IAccessible.get_accState(Object varChild)
   at Microsoft.VisualStudio.TestTools.UITest.Extension.Msaa.AccWrapper.get_State()
	BaseExceptionMessage: Error HRESULT E_FAIL has been returned from a call to a COM component.

E, 3608, 6, 2012/11/02, 16:23:07.658, 1600587244868, QTAgent32.exe, Exception: System.Runtime.InteropServices.COMException
	Message: Error HRESULT E_FAIL has been returned from a call to a COM component.
	Stack Trace:    at Accessibility.IAccessible.get_accState(Object varChild)
   at Microsoft.VisualStudio.TestTools.UITest.Extension.Msaa.AccWrapper.get_State()
	BaseExceptionMessage: Error HRESULT E_FAIL has been returned from a call to a COM component.

E, 3608, 6, 2012/11/02, 16:23:07.658, 1600587249315, QTAgent32.exe, Exception: System.Runtime.InteropServices.COMException
	Message: Error HRESULT E_FAIL has been returned from a call to a COM component.
	Stack Trace:    at Accessibility.IAccessible.get_accState(Object varChild)
   at Microsoft.VisualStudio.TestTools.UITest.Extension.Msaa.AccWrapper.get_State()
	BaseExceptionMessage: Error HRESULT E_FAIL has been returned from a call to a COM component.

E, 3608, 6, 2012/11/02, 16:23:07.658, 1600587253630, QTAgent32.exe, Exception: System.Runtime.InteropServices.COMException
	Message: Error HRESULT E_FAIL has been returned from a call to a COM component.
	Stack Trace:    at Accessibility.IAccessible.get_accState(Object varChild)
   at Microsoft.VisualStudio.TestTools.UITest.Extension.Msaa.AccWrapper.get_State()
	BaseExceptionMessage: Error HRESULT E_FAIL has been returned from a call to a COM component.

E, 3608, 6, 2012/11/02, 16:23:07.658, 1600587257928, QTAgent32.exe, Exception: System.Runtime.InteropServices.COMException
	Message: Error HRESULT E_FAIL has been returned from a call to a COM component.
	Stack Trace:    at Accessibility.IAccessible.get_accState(Object varChild)
   at Microsoft.VisualStudio.TestTools.UITest.Extension.Msaa.AccWrapper.get_State()
	BaseExceptionMessage: Error HRESULT E_FAIL has been returned from a call to a COM component.

W, 3608, 6, 2012/11/02, 16:23:07.861, 1600590106531, QTAgent32.exe, PERF WARNING: MSAA.UpdateQueryIDForNamelessControls: took 201 ms. Expected it to take maximum 200 ms.
W, 3608, 6, 2012/11/02, 16:23:07.861, 1600590111331, QTAgent32.exe, Msaa.Navigate: Exception [Error HRESULT E_FAIL has been returned from a call to a COM component.] while calling accNavigate.
E, 3608, 6, 2012/11/02, 16:23:07.861, 1600590113526, QTAgent32.exe, GetClassName for handle 11469246 failed
E, 3608, 6, 2012/11/02, 16:23:07.861, 1600590114366, QTAgent32.exe, Window 11469246 not responding. Last Win32 error 1400
E, 3608, 6, 2012/11/02, 16:23:07.861, 1600590116932, QTAgent32.exe, GetClassName for handle 16974436 failed
W, 3608, 6, 2012/11/02, 16:23:11.870, 1600647454814, QTAgent32.exe, PERF WARNING: FindTopLevelWindowHelper::FindAllDescendents: took 4003 ms. Expected it to take maximum 500 ms.
W, 3608, 6, 2012/11/02, 16:23:12.292, 1600653589374, QTAgent32.exe, &lt;a class=success&gt;Playback - {114} [SUCCESS] MouseButtonClick - "[MSAA, VisibleOnly]ControlType='Button' &amp;&amp; Name='Close'"
\0&lt;/a&gt;
W, 3608, 6, 2012/11/02, 16:23:15.178, 1600694792316, QTAgent32.exe, &lt;a class=success&gt;Playback - {115} [SUCCESS] MouseButtonClick - "[MSAA, VisibleOnly]ControlType='Button' &amp;&amp; Name='OK'"
\0&lt;/a&gt;
W, 3608, 6, 2012/11/02, 16:23:16.831, 1600718471258, QTAgent32.exe, Playback - [WARNING] Internal warning: Element "[MSAA, VisibleOnly]ControlType='Window' &amp;&amp; ControlId='32770'" was not found, so all intermediate elements were ignored. To improve performance replace this element Id with another Id or exclude it from QueryId. If this element is the target element, replace or remove intermediate elements
\0
W, 3608, 6, 2012/11/02, 16:23:17.362, 1600726221702, QTAgent32.exe, PERF WARNING: FindAllDescendents: took 2084 ms. Expected it to take maximum 500 ms.
W, 3608, 6, 2012/11/02, 16:23:17.705, 1600731034989, QTAgent32.exe, &lt;a class=success&gt;Playback - {116} [SUCCESS] MouseButtonClick - "[MSAA, VisibleOnly]ControlType='Button' &amp;&amp; Name='Cancel'"
\0&lt;/a&gt;
W, 3608, 6, 2012/11/02, 16:23:19.359, 1600754655655, QTAgent32.exe, Playback - [WARNING] Internal warning: Element "[MSAA, VisibleOnly]ControlType='Window' &amp;&amp; ControlId='32769'" was not found, so all intermediate elements were ignored. To improve performance replace this element Id with another Id or exclude it from QueryId. If this element is the target element, replace or remove intermediate elements
\0
W, 3608, 6, 2012/11/02, 16:23:19.889, 1600762338489, QTAgent32.exe, PERF WARNING: FindAllDescendents: took 2079 ms. Expected it to take maximum 500 ms.
W, 3608, 6, 2012/11/02, 16:23:20.217, 1600766944864, QTAgent32.exe, &lt;a class=success&gt;Playback - {117} [SUCCESS] MouseButtonClick - "[MSAA, VisibleOnly]ControlType='Button' &amp;&amp; Name='Cancel'"
\0&lt;/a&gt;
W, 3608, 6, 2012/11/02, 16:23:20.544, 1600771718125, QTAgent32.exe, Playback - [WARNING] Internal warning: Window Not Found: [VisibleOnly]ControlType='Window' &amp;&amp; Name='Customer: txt1 tdsfs' &amp;&amp; ClassName='ThunderRT6MDIForm'
\0
E, 3608, 6, 2012/11/02, 16:23:20.544, 1600771720941, QTAgent32.exe, &lt;a class=failure&gt;Playback - {118} [FAILED] Function ElementFetcher::FindScreenElement failed to locate UI element (Searching: ;[VisibleOnly]ControlType='Window' &amp;&amp; Name='Customer: txt1 tdsfs' &amp;&amp; ClassName='ThunderRT6MDIForm') (The object specified was not found.)
\0&lt;/a&gt;
E, 3608, 6, 2012/11/02, 16:23:20.653, 1600773258851, QTAgent32.exe, Playback - [IMAGE] C:\Users\peter.zenin-ad\AppData\Local\Temp\UITestLogs\LastRun\RPF3AEE.png
\0
W, 3608, 6, 2012/11/02, 16:23:20.653, 1600773261024, QTAgent32.exe, Playback - [WARNING] Internal warning: Couldn't find descendants that match QueryId
\0
W, 3608, 6, 2012/11/02, 16:23:20.669, 1600773423454, QTAgent32.exe, Playback - [WARNING] Internal warning: Window Not Found: [VisibleOnly]ControlType='Window' &amp;&amp; Name='Customer: txt1 tdsfs' &amp;&amp; ClassName='ThunderRT6MDIForm'
\0
E, 3608, 6, 2012/11/02, 16:23:20.669, 1600773425406, QTAgent32.exe, &lt;a class=failure&gt;Playback - {119} [FAILED] Function ElementFetcher::FindScreenElement failed to locate UI element (Searching: ;[VisibleOnly]ControlType='Window' &amp;&amp; Name='Customer: txt1 tdsfs' &amp;&amp; ClassName='ThunderRT6MDIForm') (The object specified was not found.)
\0&lt;/a&gt;
E, 3608, 6, 2012/11/02, 16:23:20.778, 1600775055797, QTAgent32.exe, Playback - [IMAGE] C:\Users\peter.zenin-ad\AppData\Local\Temp\UITestLogs\LastRun\RPF3B6C.png
\0
W, 3608, 6, 2012/11/02, 16:23:20.778, 1600775057974, QTAgent32.exe, Playback - [WARNING] Internal warning: Couldn't find descendants that match QueryId
\0
W, 3608, 6, 2012/11/02, 16:23:21.012, 1600778425412, QTAgent32.exe, Playback - [WARNING] Internal warning: Window Not Found: [VisibleOnly]ControlType='Window' &amp;&amp; Name='Customer: txt1 tdsfs' &amp;&amp; ClassName='ThunderRT6MDIForm'
\0
E, 3608, 6, 2012/11/02, 16:23:21.012, 1600778428327, QTAgent32.exe, &lt;a class=failure&gt;Playback - {120} [FAILED] Function ElementFetcher::FindScreenElement failed to locate UI element (Searching: ;[VisibleOnly]ControlType='Window' &amp;&amp; Name='Customer: txt1 tdsfs' &amp;&amp; ClassName='ThunderRT6MDIForm') (The object specified was not found.)
\0&lt;/a&gt;
E, 3608, 6, 2012/11/02, 16:23:21.121, 1600780013581, QTAgent32.exe, Playback - [IMAGE] C:\Users\peter.zenin-ad\AppData\Local\Temp\UITestLogs\LastRun\RPF3CC4.png
\0
W, 3608, 6, 2012/11/02, 16:23:21.121, 1600780015734, QTAgent32.exe, Playback - [WARNING] Internal warning: Couldn't find descendants that match QueryId
\0
E, 3608, 6, 2012/11/02, 16:23:21.121, 1600780019655, QTAgent32.exe, Exception: System.Runtime.InteropServices.COMException
	Message: Error HRESULT E_FAIL has been returned from a call to a COM component.
	Stack Trace:    at Microsoft.VisualStudio.TestTools.UITest.Playback.Engine.IRPFPlayback.FindAllScreenElements(IScreenElement pScreenElementStart, String bstrQueryId, Object&amp; pvarResKeys, Int32 cResKeys, Int32 nMaxDepth, Object[]&amp; foundDescendants)
   at Microsoft.VisualStudio.TestTools.UITest.Playback.ScreenElement.FindTopLevelWindowHelper(String queryId)
	BaseExceptionMessage: Error HRESULT E_FAIL has been returned from a call to a COM component.

E, 3608, 6, 2012/11/02, 16:23:21.121, 1600780024996, QTAgent32.exe, Window 13238666 not responding. Last Win32 error 0
E, 3608, 6, 2012/11/02, 16:23:21.121, 1600780028854, QTAgent32.exe, Window 13238666 not responding. Last Win32 error 1400
E, 3608, 6, 2012/11/02, 16:23:21.121, 1600780032220, QTAgent32.exe, GetClassName for handle 13238666 failed
E, 3608, 6, 2012/11/02, 16:23:21.121, 1600780041590, QTAgent32.exe, Window 13238666 not responding. Last Win32 error 1400
E, 3608, 6, 2012/11/02, 16:23:21.121, 1600780042768, QTAgent32.exe, GetClassName for handle 13238666 failed
E, 3608, 6, 2012/11/02, 16:23:21.121, 1600780043572, QTAgent32.exe, GetClassName for handle 13238666 failed
W, 3608, 6, 2012/11/02, 16:23:21.355, 1600783341374, QTAgent32.exe, Playback - [WARNING] Internal warning: Window Not Found: [VisibleOnly]ControlType='Window' &amp;&amp; Name='Customer: autotest autotest' &amp;&amp; ClassName='ThunderRT6MDIForm'
\0
E, 3608, 6, 2012/11/02, 16:23:21.355, 1600783344006, QTAgent32.exe, &lt;a class=failure&gt;Playback - {121} [FAILED] Function ElementFetcher::FindScreenElement failed to locate UI element (Searching: ;[VisibleOnly]ControlType='Window' &amp;&amp; Name='Customer: autotest autotest' &amp;&amp; ClassName='ThunderRT6MDIForm') (The object specified was not found.)
\0&lt;/a&gt;
E, 3608, 6, 2012/11/02, 16:23:21.449, 1600784796979, QTAgent32.exe, Playback - [IMAGE] C:\Users\peter.zenin-ad\AppData\Local\Temp\UITestLogs\LastRun\RPF3E1C.png
\0
W, 3608, 6, 2012/11/02, 16:23:21.449, 1600784799273, QTAgent32.exe, Playback - [WARNING] Internal warning: Couldn't find descendants that match QueryId
\0
W, 3608, 6, 2012/11/02, 16:23:21.465, 1600784963108, QTAgent32.exe, Playback - [WARNING] Internal warning: Window Not Found: [VisibleOnly]ControlType='Window' &amp;&amp; Name='Customer: autotest autotest' &amp;&amp; ClassName='ThunderRT6MDIForm'
\0
E, 3608, 6, 2012/11/02, 16:23:21.465, 1600784965114, QTAgent32.exe, &lt;a class=failure&gt;Playback - {122} [FAILED] Function ElementFetcher::FindScreenElement failed to locate UI element (Searching: ;[VisibleOnly]ControlType='Window' &amp;&amp; Name='Customer: autotest autotest' &amp;&amp; ClassName='ThunderRT6MDIForm') (The object specified was not found.)
\0&lt;/a&gt;
E, 3608, 6, 2012/11/02, 16:23:21.558, 1600786243114, QTAgent32.exe, Playback - [IMAGE] C:\Users\peter.zenin-ad\AppData\Local\Temp\UITestLogs\LastRun\RPF3E8B.png
\0
W, 3608, 6, 2012/11/02, 16:23:21.558, 1600786245283, QTAgent32.exe, Playback - [WARNING] Internal warning: Couldn't find descendants that match QueryId
\0
W, 3608, 6, 2012/11/02, 16:23:21.792, 1600789595928, QTAgent32.exe, Playback - [WARNING] Internal warning: Window Not Found: [VisibleOnly]ControlType='Window' &amp;&amp; Name='Customer: autotest autotest' &amp;&amp; ClassName='ThunderRT6MDIForm'
\0
E, 3608, 6, 2012/11/02, 16:23:21.792, 1600789598949, QTAgent32.exe, &lt;a class=failure&gt;Playback - {123} [FAILED] Function ElementFetcher::FindScreenElement failed to locate UI element (Searching: ;[VisibleOnly]ControlType='Window' &amp;&amp; Name='Customer: autotest autotest' &amp;&amp; ClassName='ThunderRT6MDIForm') (The object specified was not found.)
\0&lt;/a&gt;
E, 3608, 6, 2012/11/02, 16:23:21.886, 1600791014090, QTAgent32.exe, Playback - [IMAGE] C:\Users\peter.zenin-ad\AppData\Local\Temp\UITestLogs\LastRun\RPF3FD3.png
\0
W, 3608, 6, 2012/11/02, 16:23:21.886, 1600791016349, QTAgent32.exe, Playback - [WARNING] Internal warning: Couldn't find descendants that match QueryId
\0
E, 3608, 6, 2012/11/02, 16:23:21.886, 1600791020207, QTAgent32.exe, Exception: System.Runtime.InteropServices.COMException
	Message: Error HRESULT E_FAIL has been returned from a call to a COM component.
	Stack Trace:    at Microsoft.VisualStudio.TestTools.UITest.Playback.Engine.IRPFPlayback.FindAllScreenElements(IScreenElement pScreenElementStart, String bstrQueryId, Object&amp; pvarResKeys, Int32 cResKeys, Int32 nMaxDepth, Object[]&amp; foundDescendants)
   at Microsoft.VisualStudio.TestTools.UITest.Playback.ScreenElement.FindTopLevelWindowHelper(String queryId)
	BaseExceptionMessage: Error HRESULT E_FAIL has been returned from a call to a COM component.

E, 3608, 6, 2012/11/02, 16:23:21.886, 1600791024906, QTAgent32.exe, Window 13238666 not responding. Last Win32 error 0
E, 3608, 6, 2012/11/02, 16:23:21.886, 1600791031014, QTAgent32.exe, Window 13238666 not responding. Last Win32 error 1400
E, 3608, 6, 2012/11/02, 16:23:21.886, 1600791035712, QTAgent32.exe, Window 13238666 not responding. Last Win32 error 1400
E, 3608, 6, 2012/11/02, 16:23:21.886, 1600791036966, QTAgent32.exe, GetClassName for handle 13238666 failed
E, 3608, 6, 2012/11/02, 16:23:21.886, 1600791037775, QTAgent32.exe, GetClassName for handle 13238666 failed
W, 3608, 6, 2012/11/02, 16:23:22.120, 1600794288118, QTAgent32.exe, Playback - [WARNING] Internal warning: Window Not Found: [VisibleOnly]ControlType='Window' &amp;&amp; Name='Customer: txt1 tdsfs' &amp;&amp; ClassName='ThunderRT6MDIForm'
\0
E, 3608, 6, 2012/11/02, 16:23:22.120, 1600794290981, QTAgent32.exe, &lt;a class=failure&gt;Playback - {124} [FAILED] Function ElementFetcher::FindScreenElement failed to locate UI element (Searching: ;[VisibleOnly]ControlType='Window' &amp;&amp; Name='Customer: txt1 tdsfs' &amp;&amp; ClassName='ThunderRT6MDIForm') (The object specified was not found.)
\0&lt;/a&gt;
E, 3608, 6, 2012/11/02, 16:23:22.213, 1600795554243, QTAgent32.exe, Playback - [IMAGE] C:\Users\peter.zenin-ad\AppData\Local\Temp\UITestLogs\LastRun\RPF411C.png
\0
W, 3608, 6, 2012/11/02, 16:23:22.213, 1600795556471, QTAgent32.exe, Playback - [WARNING] Internal warning: Couldn't find descendants that match QueryId
\0
W, 3608, 6, 2012/11/02, 16:23:22.759, 1600803443745, QTAgent32.exe, Playback - [WARNING] Internal warning: Window Not Found: [VisibleOnly]ControlType='Window' &amp;&amp; Name='Customer: txt1 tdsfs' &amp;&amp; ClassName='ThunderRT6MDIForm'
\0
E, 3608, 6, 2012/11/02, 16:23:22.759, 1600803446645, QTAgent32.exe, &lt;a class=failure&gt;Playback - {125} [FAILED] Function ElementFetcher::FindScreenElement failed to locate UI element (Searching: ;[VisibleOnly]ControlType='Window' &amp;&amp; Name='Customer: txt1 tdsfs' &amp;&amp; ClassName='ThunderRT6MDIForm') (The object specified was not found.)
\0&lt;/a&gt;
E, 3608, 6, 2012/11/02, 16:23:22.853, 1600804699466, QTAgent32.exe, Playback - [IMAGE] C:\Users\peter.zenin-ad\AppData\Local\Temp\UITestLogs\LastRun\RPF439C.png
\0
W, 3608, 6, 2012/11/02, 16:23:22.853, 1600804702847, QTAgent32.exe, Playback - [WARNING] Internal warning: Couldn't find descendants that match QueryId
\0
W, 3608, 6, 2012/11/02, 16:23:22.853, 1600804705804, QTAgent32.exe, PERF WARNING: FindTopLevelWindowHelper::FindAllDescendents: took 638 ms. Expected it to take maximum 500 ms.
W, 3608, 6, 2012/11/02, 16:23:23.290, 1600810997790, QTAgent32.exe, Playback - [WARNING] Internal warning: Smart Match failed
\0
W, 3608, 6, 2012/11/02, 16:23:23.430, 1600813007900, QTAgent32.exe, Playback - [WARNING] Internal warning: Smart Match failed
\0
W, 3608, 6, 2012/11/02, 16:23:23.571, 1600815015125, QTAgent32.exe, Playback - [WARNING] Internal warning: Smart Match failed
\0
W, 3608, 6, 2012/11/02, 16:23:23.711, 1600817027645, QTAgent32.exe, Playback - [WARNING] Internal warning: Smart Match failed
\0
W, 3608, 6, 2012/11/02, 16:23:23.867, 1600819334018, QTAgent32.exe, Playback - [WARNING] Internal warning: Smart Match failed
\0
W, 3608, 6, 2012/11/02, 16:23:24.007, 1600821268703, QTAgent32.exe, Playback - [WARNING] Internal warning: Smart Match failed
\0
W, 3608, 6, 2012/11/02, 16:23:24.148, 1600823280783, QTAgent32.exe, Playback - [WARNING] Internal warning: Smart Match failed
\0
W, 3608, 6, 2012/11/02, 16:23:24.288, 1600825295732, QTAgent32.exe, Playback - [WARNING] Internal warning: Smart Match failed
\0
W, 3608, 6, 2012/11/02, 16:23:24.429, 1600827301597, QTAgent32.exe, Playback - [WARNING] Internal warning: Smart Match failed
\0
W, 3608, 6, 2012/11/02, 16:23:24.569, 1600829313112, QTAgent32.exe, Playback - [WARNING] Internal warning: Smart Match failed
\0
W, 3608, 6, 2012/11/02, 16:23:24.709, 1600831320526, QTAgent32.exe, Playback - [WARNING] Internal warning: Smart Match failed
\0
W, 3608, 6, 2012/11/02, 16:23:24.850, 1600833332576, QTAgent32.exe, Playback - [WARNING] Internal warning: Smart Match failed
\0
W, 3608, 6, 2012/11/02, 16:23:24.990, 1600835341450, QTAgent32.exe, Playback - [WARNING] Internal warning: Smart Match failed
\0
W, 3608, 6, 2012/11/02, 16:23:25.131, 1600837353345, QTAgent32.exe, Playback - [WARNING] Internal warning: Smart Match failed
\0
W, 3608, 6, 2012/11/02, 16:23:25.271, 1600839367440, QTAgent32.exe, Playback - [WARNING] Internal warning: Smart Match failed
\0
W, 3608, 6, 2012/11/02, 16:23:25.411, 1600841372993, QTAgent32.exe, Playback - [WARNING] Internal warning: Smart Match failed
\0
W, 3608, 6, 2012/11/02, 16:23:25.552, 1600843382309, QTAgent32.exe, Playback - [WARNING] Internal warning: Smart Match failed
\0
W, 3608, 6, 2012/11/02, 16:23:25.692, 1600845391763, QTAgent32.exe, Playback - [WARNING] Internal warning: Smart Match failed
\0
W, 3608, 6, 2012/11/02, 16:23:25.833, 1600847403201, QTAgent32.exe, Playback - [WARNING] Internal warning: Smart Match failed
\0
W, 3608, 6, 2012/11/02, 16:23:25.879, 1600848036034, QTAgent32.exe, Playback - [WARNING] Internal warning: Window Not Found: [VisibleOnly]ControlType='Window' &amp;&amp; Name='Customer: txt1 tdsfs' &amp;&amp; ClassName='ThunderRT6MDIForm'
\0
E, 3608, 6, 2012/11/02, 16:23:25.879, 1600848038621, QTAgent32.exe, &lt;a class=failure&gt;Playback - {126} [FAILED] Function ElementFetcher::FindScreenElement failed to locate UI element (Searching: ;[VisibleOnly]ControlType='Window' &amp;&amp; Name='Customer: txt1 tdsfs' &amp;&amp; ClassName='ThunderRT6MDIForm') (The object specified was not found.)
\0&lt;/a&gt;
E, 3608, 6, 2012/11/02, 16:23:25.957, 1600849292402, QTAgent32.exe, Playback - [IMAGE] C:\Users\peter.zenin-ad\AppData\Local\Temp\UITestLogs\LastRun\RPF4FCD.png
\0
W, 3608, 6, 2012/11/02, 16:23:25.957, 1600849296012, QTAgent32.exe, Playback - [WARNING] Internal warning: Couldn't find descendants that match QueryId
\0
W, 3608, 6, 2012/11/02, 16:23:25.957, 1600849298991, QTAgent32.exe, PERF WARNING: FindTopLevelWindowHelper::FindAllDescendents: took 3114 ms. Expected it to take maximum 500 ms.
E, 3608, 6, 2012/11/02, 16:23:25.957, 1600849300781, QTAgent32.exe, Exception: System.Runtime.InteropServices.COMException
	Message: Error HRESULT E_FAIL has been returned from a call to a COM component.
	Stack Trace:    at Microsoft.VisualStudio.TestTools.UITest.Playback.Engine.IRPFPlayback.FindAllScreenElements(IScreenElement pScreenElementStart, String bstrQueryId, Object&amp; pvarResKeys, Int32 cResKeys, Int32 nMaxDepth, Object[]&amp; foundDescendants)
   at Microsoft.VisualStudio.TestTools.UITest.Playback.ScreenElement.FindTopLevelWindowHelper(String queryId)
	BaseExceptionMessage: Error HRESULT E_FAIL has been returned from a call to a COM component.

E, 3608, 6, 2012/11/02, 16:23:25.957, 1600849305409, QTAgent32.exe, Window 13238666 not responding. Last Win32 error 0
E, 3608, 6, 2012/11/02, 16:23:25.957, 1600849309209, QTAgent32.exe, Window 13238666 not responding. Last Win32 error 1400
E, 3608, 6, 2012/11/02, 16:23:25.957, 1600849313891, QTAgent32.exe, Window 13238666 not responding. Last Win32 error 1400
E, 3608, 6, 2012/11/02, 16:23:25.957, 1600849315141, QTAgent32.exe, GetClassName for handle 13238666 failed
E, 3608, 6, 2012/11/02, 16:23:25.957, 1600849315980, QTAgent32.exe, GetClassName for handle 13238666 failed
W, 3608, 6, 2012/11/02, 16:23:26.191, 1600852584698, QTAgent32.exe, Playback - [WARNING] Internal warning: Window Not Found: [VisibleOnly]ControlType='Window' &amp;&amp; Name='Customer: autotest autotest' &amp;&amp; ClassName='ThunderRT6MDIForm'
\0
E, 3608, 6, 2012/11/02, 16:23:26.191, 1600852587587, QTAgent32.exe, &lt;a class=failure&gt;Playback - {127} [FAILED] Function ElementFetcher::FindScreenElement failed to locate UI element (Searching: ;[VisibleOnly]ControlType='Window' &amp;&amp; Name='Customer: autotest autotest' &amp;&amp; ClassName='ThunderRT6MDIForm') (The object specified was not found.)
\0&lt;/a&gt;
E, 3608, 6, 2012/11/02, 16:23:26.285, 1600853875470, QTAgent32.exe, Playback - [IMAGE] C:\Users\peter.zenin-ad\AppData\Local\Temp\UITestLogs\LastRun\RPF5106.png
\0
W, 3608, 6, 2012/11/02, 16:23:26.285, 1600853877795, QTAgent32.exe, Playback - [WARNING] Internal warning: Couldn't find descendants that match QueryId
\0
W, 3608, 6, 2012/11/02, 16:23:26.831, 1600861744816, QTAgent32.exe, Playback - [WARNING] Internal warning: Window Not Found: [VisibleOnly]ControlType='Window' &amp;&amp; Name='Customer: autotest autotest' &amp;&amp; ClassName='ThunderRT6MDIForm'
\0
E, 3608, 6, 2012/11/02, 16:23:26.831, 1600861747685, QTAgent32.exe, &lt;a class=failure&gt;Playback - {128} [FAILED] Function ElementFetcher::FindScreenElement failed to locate UI element (Searching: ;[VisibleOnly]ControlType='Window' &amp;&amp; Name='Customer: autotest autotest' &amp;&amp; ClassName='ThunderRT6MDIForm') (The object specified was not found.)
\0&lt;/a&gt;
E, 3608, 6, 2012/11/02, 16:23:26.925, 1600863200164, QTAgent32.exe, Playback - [IMAGE] C:\Users\peter.zenin-ad\AppData\Local\Temp\UITestLogs\LastRun\RPF5387.png
\0
W, 3608, 6, 2012/11/02, 16:23:26.925, 1600863202430, QTAgent32.exe, Playback - [WARNING] Internal warning: Couldn't find descendants that match QueryId
\0
W, 3608, 6, 2012/11/02, 16:23:26.925, 1600863205366, QTAgent32.exe, PERF WARNING: FindTopLevelWindowHelper::FindAllDescendents: took 651 ms. Expected it to take maximum 500 ms.
W, 3608, 6, 2012/11/02, 16:23:27.377, 1600869520381, QTAgent32.exe, Playback - [WARNING] Internal warning: Smart Match failed
\0
W, 3608, 6, 2012/11/02, 16:23:27.517, 1600871533509, QTAgent32.exe, Playback - [WARNING] Internal warning: Smart Match failed
\0
W, 3608, 6, 2012/11/02, 16:23:27.674, 1600873764856, QTAgent32.exe, Playback - [WARNING] Internal warning: Smart Match failed
\0
W, 3608, 6, 2012/11/02, 16:23:27.814, 1600875771898, QTAgent32.exe, Playback - [WARNING] Internal warning: Smart Match failed
\0
W, 3608, 6, 2012/11/02, 16:23:27.986, 1600878230586, QTAgent32.exe, Playback - [WARNING] Internal warning: Smart Match failed
\0
W, 3608, 6, 2012/11/02, 16:23:28.126, 1600880239713, QTAgent32.exe, Playback - [WARNING] Internal warning: Smart Match failed
\0
W, 3608, 6, 2012/11/02, 16:23:28.266, 1600882256073, QTAgent32.exe, Playback - [WARNING] Internal warning: Smart Match failed
\0
W, 3608, 6, 2012/11/02, 16:23:28.407, 1600884260140, QTAgent32.exe, Playback - [WARNING] Internal warning: Smart Match failed
\0
W, 3608, 6, 2012/11/02, 16:23:28.547, 1600886271111, QTAgent32.exe, Playback - [WARNING] Internal warning: Smart Match failed
\0
W, 3608, 6, 2012/11/02, 16:23:28.688, 1600888281179, QTAgent32.exe, Playback - [WARNING] Internal warning: Smart Match failed
\0
W, 3608, 6, 2012/11/02, 16:23:28.828, 1600890287833, QTAgent32.exe, Playback - [WARNING] Internal warning: Smart Match failed
\0
W, 3608, 6, 2012/11/02, 16:23:28.968, 1600892299445, QTAgent32.exe, Playback - [WARNING] Internal warning: Smart Match failed
\0
W, 3608, 6, 2012/11/02, 16:23:29.109, 1600894309599, QTAgent32.exe, Playback - [WARNING] Internal warning: Smart Match failed
\0
W, 3608, 6, 2012/11/02, 16:23:29.249, 1600896323277, QTAgent32.exe, Playback - [WARNING] Internal warning: Smart Match failed
\0
W, 3608, 6, 2012/11/02, 16:23:29.390, 1600898332486, QTAgent32.exe, Playback - [WARNING] Internal warning: Smart Match failed
\0
W, 3608, 6, 2012/11/02, 16:23:29.530, 1600900342760, QTAgent32.exe, Playback - [WARNING] Internal warning: Smart Match failed
\0
W, 3608, 6, 2012/11/02, 16:23:29.670, 1600902352457, QTAgent32.exe, Playback - [WARNING] Internal warning: Smart Match failed
\0
W, 3608, 6, 2012/11/02, 16:23:29.811, 1600904366201, QTAgent32.exe, Playback - [WARNING] Internal warning: Smart Match failed
\0
W, 3608, 6, 2012/11/02, 16:23:29.951, 1600906374638, QTAgent32.exe, Playback - [WARNING] Internal warning: Smart Match failed
\0
W, 3608, 6, 2012/11/02, 16:23:29.982, 1600906891165, QTAgent32.exe, Playback - [WARNING] Internal warning: Window Not Found: [VisibleOnly]ControlType='Window' &amp;&amp; Name='Customer: autotest autotest' &amp;&amp; ClassName='ThunderRT6MDIForm'
\0
E, 3608, 6, 2012/11/02, 16:23:29.982, 1600906893668, QTAgent32.exe, &lt;a class=failure&gt;Playback - {129} [FAILED] Function ElementFetcher::FindScreenElement failed to locate UI element (Searching: ;[VisibleOnly]ControlType='Window' &amp;&amp; Name='Customer: autotest autotest' &amp;&amp; ClassName='ThunderRT6MDIForm') (The object specified was not found.)
\0&lt;/a&gt;
E, 3608, 6, 2012/11/02, 16:23:30.076, 1600908269092, QTAgent32.exe, Playback - [IMAGE] C:\Users\peter.zenin-ad\AppData\Local\Temp\UITestLogs\LastRun\RPF5FD7.png
\0
W, 3608, 6, 2012/11/02, 16:23:30.076, 1600908271388, QTAgent32.exe, Playback - [WARNING] Internal warning: Couldn't find descendants that match QueryId
\0
W, 3608, 6, 2012/11/02, 16:23:30.076, 1600908274384, QTAgent32.exe, PERF WARNING: FindTopLevelWindowHelper::FindAllDescendents: took 3147 ms. Expected it to take maximum 500 ms.
E, 3608, 6, 2012/11/02, 16:23:30.076, 1600908276186, QTAgent32.exe, Exception: System.Runtime.InteropServices.COMException
	Message: Error HRESULT E_FAIL has been returned from a call to a COM component.
	Stack Trace:    at Microsoft.VisualStudio.TestTools.UITest.Playback.Engine.IRPFPlayback.FindAllScreenElements(IScreenElement pScreenElementStart, String bstrQueryId, Object&amp; pvarResKeys, Int32 cResKeys, Int32 nMaxDepth, Object[]&amp; foundDescendants)
   at Microsoft.VisualStudio.TestTools.UITest.Playback.ScreenElement.FindTopLevelWindowHelper(String queryId)
	BaseExceptionMessage: Error HRESULT E_FAIL has been returned from a call to a COM component.

E, 3608, 6, 2012/11/02, 16:23:30.076, 1600908280858, QTAgent32.exe, Window 13238666 not responding. Last Win32 error 0
E, 3608, 6, 2012/11/02, 16:23:30.076, 1600908284672, QTAgent32.exe, Window 13238666 not responding. Last Win32 error 1400
E, 3608, 6, 2012/11/02, 16:23:30.076, 1600908289379, QTAgent32.exe, Window 13238666 not responding. Last Win32 error 1400
E, 3608, 6, 2012/11/02, 16:23:30.076, 1600908290631, QTAgent32.exe, GetClassName for handle 13238666 failed
E, 3608, 6, 2012/11/02, 16:23:30.076, 1600908291436, QTAgent32.exe, GetClassName for handle 13238666 failed
W, 3608, 6, 2012/11/02, 16:23:30.310, 1600911557131, QTAgent32.exe, Playback - [WARNING] Internal warning: Window Not Found: [VisibleOnly]ControlType='Window' &amp;&amp; Name='Customer: txt1 tdsfs' &amp;&amp; ClassName='ThunderRT6MDIForm'
\0
E, 3608, 6, 2012/11/02, 16:23:30.310, 1600911560095, QTAgent32.exe, &lt;a class=failure&gt;Playback - {130} [FAILED] Function ElementFetcher::FindScreenElement failed to locate UI element (Searching: ;[VisibleOnly]ControlType='Window' &amp;&amp; Name='Customer: txt1 tdsfs' &amp;&amp; ClassName='ThunderRT6MDIForm') (The object specified was not found.)
\0&lt;/a&gt;
E, 3608, 6, 2012/11/02, 16:23:30.419, 1600913078725, QTAgent32.exe, Playback - [IMAGE] C:\Users\peter.zenin-ad\AppData\Local\Temp\UITestLogs\LastRun\RPF6120.png
\0
W, 3608, 6, 2012/11/02, 16:23:30.419, 1600913081099, QTAgent32.exe, Playback - [WARNING] Internal warning: Couldn't find descendants that match QueryId
\0
W, 3608, 6, 2012/11/02, 16:23:30.872, 1600919597160, QTAgent32.exe, Playback - [WARNING] Internal warning: Window Not Found: [VisibleOnly]ControlType='Window' &amp;&amp; Name='Customer: txt1 tdsfs' &amp;&amp; ClassName='ThunderRT6MDIForm'
\0
E, 3608, 6, 2012/11/02, 16:23:30.872, 1600919600410, QTAgent32.exe, &lt;a class=failure&gt;Playback - {131} [FAILED] Function ElementFetcher::FindScreenElement failed to locate UI element (Searching: ;[VisibleOnly]ControlType='Window' &amp;&amp; Name='Customer: txt1 tdsfs' &amp;&amp; ClassName='ThunderRT6MDIForm') (The object specified was not found.)
\0&lt;/a&gt;
E, 3608, 6, 2012/11/02, 16:23:30.981, 1600921202141, QTAgent32.exe, Playback - [IMAGE] C:\Users\peter.zenin-ad\AppData\Local\Temp\UITestLogs\LastRun\RPF6353.png
\0
W, 3608, 6, 2012/11/02, 16:23:30.981, 1600921204368, QTAgent32.exe, Playback - [WARNING] Internal warning: Couldn't find descendants that match QueryId
\0
W, 3608, 6, 2012/11/02, 16:23:30.981, 1600921207356, QTAgent32.exe, PERF WARNING: FindTopLevelWindowHelper::FindAllDescendents: took 567 ms. Expected it to take maximum 500 ms.
W, 3608, 6, 2012/11/02, 16:23:31.433, 1600927597021, QTAgent32.exe, Playback - [WARNING] Internal warning: Smart Match failed
\0
W, 3608, 6, 2012/11/02, 16:23:31.574, 1600929605914, QTAgent32.exe, Playback - [WARNING] Internal warning: Smart Match failed
\0
W, 3608, 6, 2012/11/02, 16:23:31.714, 1600931614569, QTAgent32.exe, Playback - [WARNING] Internal warning: Smart Match failed
\0
W, 3608, 6, 2012/11/02, 16:23:31.854, 1600933687467, QTAgent32.exe, Playback - [WARNING] Internal warning: Smart Match failed
\0
W, 3608, 6, 2012/11/02, 16:23:31.995, 1600935634240, QTAgent32.exe, Playback - [WARNING] Internal warning: Smart Match failed
\0
W, 3608, 6, 2012/11/02, 16:23:32.135, 1600937645436, QTAgent32.exe, Playback - [WARNING] Internal warning: Smart Match failed
\0
W, 3608, 6, 2012/11/02, 16:23:32.276, 1600939658021, QTAgent32.exe, Playback - [WARNING] Internal warning: Smart Match failed
\0
W, 3608, 6, 2012/11/02, 16:23:32.416, 1600941669134, QTAgent32.exe, Playback - [WARNING] Internal warning: Smart Match failed
\0
W, 3608, 6, 2012/11/02, 16:23:32.556, 1600943683374, QTAgent32.exe, Playback - [WARNING] Internal warning: Smart Match failed
\0
W, 3608, 6, 2012/11/02, 16:23:32.697, 1600945689398, QTAgent32.exe, Playback - [WARNING] Internal warning: Smart Match failed
\0
W, 3608, 6, 2012/11/02, 16:23:32.837, 1600947705759, QTAgent32.exe, Playback - [WARNING] Internal warning: Smart Match failed
\0
W, 3608, 6, 2012/11/02, 16:23:32.993, 1600949933716, QTAgent32.exe, Playback - [WARNING] Internal warning: Smart Match failed
\0
W, 3608, 6, 2012/11/02, 16:23:33.134, 1600951942312, QTAgent32.exe, Playback - [WARNING] Internal warning: Smart Match failed
\0
W, 3608, 6, 2012/11/02, 16:23:33.274, 1600953949684, QTAgent32.exe, Playback - [WARNING] Internal warning: Smart Match failed
\0
W, 3608, 6, 2012/11/02, 16:23:33.414, 1600955958215, QTAgent32.exe, Playback - [WARNING] Internal warning: Smart Match failed
\0
W, 3608, 6, 2012/11/02, 16:23:33.555, 1600957968874, QTAgent32.exe, Playback - [WARNING] Internal warning: Smart Match failed
\0
W, 3608, 6, 2012/11/02, 16:23:33.695, 1600959981231, QTAgent32.exe, Playback - [WARNING] Internal warning: Smart Match failed
\0
W, 3608, 6, 2012/11/02, 16:23:33.836, 1600961988845, QTAgent32.exe, Playback - [WARNING] Internal warning: Smart Match failed
\0
W, 3608, 6, 2012/11/02, 16:23:33.976, 1600963999359, QTAgent32.exe, Playback - [WARNING] Internal warning: Smart Match failed
\0
W, 3608, 6, 2012/11/02, 16:23:34.179, 1600966896281, QTAgent32.exe, Playback - [WARNING] Internal warning: Window Not Found: [VisibleOnly]ControlType='Window' &amp;&amp; Name='Customer: txt1 tdsfs' &amp;&amp; ClassName='ThunderRT6MDIForm'
\0
E, 3608, 6, 2012/11/02, 16:23:34.179, 1600966898944, QTAgent32.exe, &lt;a class=failure&gt;Playback - {132} [FAILED] Function ElementFetcher::FindScreenElement failed to locate UI element (Searching: ;[VisibleOnly]ControlType='Window' &amp;&amp; Name='Customer: txt1 tdsfs' &amp;&amp; ClassName='ThunderRT6MDIForm') (The object specified was not found.)
\0&lt;/a&gt;
E, 3608, 6, 2012/11/02, 16:23:34.335, 1600969096551, QTAgent32.exe, Playback - [IMAGE] C:\Users\peter.zenin-ad\AppData\Local\Temp\UITestLogs\LastRun\RPF703F.png
\0
W, 3608, 6, 2012/11/02, 16:23:34.335, 1600969098737, QTAgent32.exe, Playback - [WARNING] Internal warning: Couldn't find descendants that match QueryId
\0
W, 3608, 6, 2012/11/02, 16:23:34.335, 1600969101695, QTAgent32.exe, PERF WARNING: FindTopLevelWindowHelper::FindAllDescendents: took 3344 ms. Expected it to take maximum 500 ms.
E, 3608, 6, 2012/11/02, 16:23:34.335, 1600969103506, QTAgent32.exe, Exception: System.Runtime.InteropServices.COMException
	Message: Error HRESULT E_FAIL has been returned from a call to a COM component.
	Stack Trace:    at Microsoft.VisualStudio.TestTools.UITest.Playback.Engine.IRPFPlayback.FindAllScreenElements(IScreenElement pScreenElementStart, String bstrQueryId, Object&amp; pvarResKeys, Int32 cResKeys, Int32 nMaxDepth, Object[]&amp; foundDescendants)
   at Microsoft.VisualStudio.TestTools.UITest.Playback.ScreenElement.FindTopLevelWindowHelper(String queryId)
	BaseExceptionMessage: Error HRESULT E_FAIL has been returned from a call to a COM component.

E, 3608, 6, 2012/11/02, 16:23:34.335, 1600969108116, QTAgent32.exe, Window 13238666 not responding. Last Win32 error 0
E, 3608, 6, 2012/11/02, 16:23:34.335, 1600969111918, QTAgent32.exe, Window 13238666 not responding. Last Win32 error 1400
E, 3608, 6, 2012/11/02, 16:23:34.335, 1600969116620, QTAgent32.exe, Window 13238666 not responding. Last Win32 error 1400
E, 3608, 6, 2012/11/02, 16:23:34.335, 1600969117845, QTAgent32.exe, GetClassName for handle 13238666 failed
E, 3608, 6, 2012/11/02, 16:23:34.335, 1600969118665, QTAgent32.exe, GetClassName for handle 13238666 failed
W, 3608, 6, 2012/11/02, 16:23:34.600, 1600972981929, QTAgent32.exe, Playback - [WARNING] Internal warning: Window Not Found: [VisibleOnly]ControlType='Window' &amp;&amp; Name='Customer: autotest autotest' &amp;&amp; ClassName='ThunderRT6MDIForm'
\0
E, 3608, 6, 2012/11/02, 16:23:34.600, 1600972984883, QTAgent32.exe, &lt;a class=failure&gt;Playback - {133} [FAILED] Function ElementFetcher::FindScreenElement failed to locate UI element (Searching: ;[VisibleOnly]ControlType='Window' &amp;&amp; Name='Customer: autotest autotest' &amp;&amp; ClassName='ThunderRT6MDIForm') (The object specified was not found.)
\0&lt;/a&gt;
E, 3608, 6, 2012/11/02, 16:23:34.709, 1600974605817, QTAgent32.exe, Playback - [IMAGE] C:\Users\peter.zenin-ad\AppData\Local\Temp\UITestLogs\LastRun\RPF71E5.png
\0
W, 3608, 6, 2012/11/02, 16:23:34.709, 1600974608035, QTAgent32.exe, Playback - [WARNING] Internal warning: Couldn't find descendants that match QueryId
\0
W, 3608, 6, 2012/11/02, 16:23:35.162, 1600981014146, QTAgent32.exe, Playback - [WARNING] Internal warning: Window Not Found: [VisibleOnly]ControlType='Window' &amp;&amp; Name='Customer: autotest autotest' &amp;&amp; ClassName='ThunderRT6MDIForm'
\0
E, 3608, 6, 2012/11/02, 16:23:35.162, 1600981016987, QTAgent32.exe, &lt;a class=failure&gt;Playback - {134} [FAILED] Function ElementFetcher::FindScreenElement failed to locate UI element (Searching: ;[VisibleOnly]ControlType='Window' &amp;&amp; Name='Customer: autotest autotest' &amp;&amp; ClassName='ThunderRT6MDIForm') (The object specified was not found.)
\0&lt;/a&gt;
E, 3608, 6, 2012/11/02, 16:23:35.318, 1600983303693, QTAgent32.exe, Playback - [IMAGE] C:\Users\peter.zenin-ad\AppData\Local\Temp\UITestLogs\LastRun\RPF7418.png
\0
W, 3608, 6, 2012/11/02, 16:23:35.318, 1600983305911, QTAgent32.exe, Playback - [WARNING] Internal warning: Couldn't find descendants that match QueryId
\0
W, 3608, 6, 2012/11/02, 16:23:35.318, 1600983308872, QTAgent32.exe, PERF WARNING: FindTopLevelWindowHelper::FindAllDescendents: took 607 ms. Expected it to take maximum 500 ms.
W, 3608, 6, 2012/11/02, 16:23:35.770, 1600989699046, QTAgent32.exe, Playback - [WARNING] Internal warning: Smart Match failed
\0
W, 3608, 6, 2012/11/02, 16:23:35.910, 1600991702833, QTAgent32.exe, Playback - [WARNING] Internal warning: Smart Match failed
\0
W, 3608, 6, 2012/11/02, 16:23:36.051, 1600993708764, QTAgent32.exe, Playback - [WARNING] Internal warning: Smart Match failed
\0
W, 3608, 6, 2012/11/02, 16:23:36.191, 1600995718143, QTAgent32.exe, Playback - [WARNING] Internal warning: Smart Match failed
\0
W, 3608, 6, 2012/11/02, 16:23:36.332, 1600997730996, QTAgent32.exe, Playback - [WARNING] Internal warning: Smart Match failed
\0
W, 3608, 6, 2012/11/02, 16:23:36.612, 1601001746944, QTAgent32.exe, Playback - [WARNING] Internal warning: Smart Match failed
\0
W, 3608, 6, 2012/11/02, 16:23:36.753, 1601003759770, QTAgent32.exe, Playback - [WARNING] Internal warning: Smart Match failed
\0
W, 3608, 6, 2012/11/02, 16:23:36.893, 1601005770846, QTAgent32.exe, Playback - [WARNING] Internal warning: Smart Match failed
\0
W, 3608, 6, 2012/11/02, 16:23:37.034, 1601007778643, QTAgent32.exe, Playback - [WARNING] Internal warning: Smart Match failed
\0
W, 3608, 6, 2012/11/02, 16:23:37.174, 1601009787186, QTAgent32.exe, Playback - [WARNING] Internal warning: Smart Match failed
\0
W, 3608, 6, 2012/11/02, 16:23:37.314, 1601011798958, QTAgent32.exe, Playback - [WARNING] Internal warning: Smart Match failed
\0
W, 3608, 6, 2012/11/02, 16:23:37.455, 1601013809287, QTAgent32.exe, Playback - [WARNING] Internal warning: Smart Match failed
\0
W, 3608, 6, 2012/11/02, 16:23:37.595, 1601015819775, QTAgent32.exe, Playback - [WARNING] Internal warning: Smart Match failed
\0
W, 3608, 6, 2012/11/02, 16:23:37.907, 1601020286980, QTAgent32.exe, Playback - [WARNING] Internal warning: Smart Match failed
\0
W, 3608, 6, 2012/11/02, 16:23:38.048, 1601022306011, QTAgent32.exe, Playback - [WARNING] Internal warning: Smart Match failed
\0
W, 3608, 6, 2012/11/02, 16:23:38.188, 1601024310048, QTAgent32.exe, Playback - [WARNING] Internal warning: Smart Match failed
\0
W, 3608, 6, 2012/11/02, 16:23:38.329, 1601026317924, QTAgent32.exe, Playback - [WARNING] Internal warning: Smart Match failed
\0
W, 3608, 6, 2012/11/02, 16:23:38.360, 1601026834347, QTAgent32.exe, Playback - [WARNING] Internal warning: Window Not Found: [VisibleOnly]ControlType='Window' &amp;&amp; Name='Customer: autotest autotest' &amp;&amp; ClassName='ThunderRT6MDIForm'
\0
E, 3608, 6, 2012/11/02, 16:23:38.360, 1601026836571, QTAgent32.exe, &lt;a class=failure&gt;Playback - {135} [FAILED] Function ElementFetcher::FindScreenElement failed to locate UI element (Searching: ;[VisibleOnly]ControlType='Window' &amp;&amp; Name='Customer: autotest autotest' &amp;&amp; ClassName='ThunderRT6MDIForm') (The object specified was not found.)
\0&lt;/a&gt;
E, 3608, 6, 2012/11/02, 16:23:38.485, 1601028673090, QTAgent32.exe, Playback - [IMAGE] C:\Users\peter.zenin-ad\AppData\Local\Temp\UITestLogs\LastRun\RPF8097.png
\0
W, 3608, 6, 2012/11/02, 16:23:38.485, 1601028675351, QTAgent32.exe, Playback - [WARNING] Internal warning: Couldn't find descendants that match QueryId
\0
W, 3608, 6, 2012/11/02, 16:23:38.485, 1601028678275, QTAgent32.exe, PERF WARNING: FindTopLevelWindowHelper::FindAllDescendents: took 3168 ms. Expected it to take maximum 500 ms.
E, 3608, 6, 2012/11/02, 16:23:38.485, 1601028680061, QTAgent32.exe, Exception: System.Runtime.InteropServices.COMException
	Message: Error HRESULT E_FAIL has been returned from a call to a COM component.
	Stack Trace:    at Microsoft.VisualStudio.TestTools.UITest.Playback.Engine.IRPFPlayback.FindAllScreenElements(IScreenElement pScreenElementStart, String bstrQueryId, Object&amp; pvarResKeys, Int32 cResKeys, Int32 nMaxDepth, Object[]&amp; foundDescendants)
   at Microsoft.VisualStudio.TestTools.UITest.Playback.ScreenElement.FindTopLevelWindowHelper(String queryId)
	BaseExceptionMessage: Error HRESULT E_FAIL has been returned from a call to a COM component.

E, 3608, 6, 2012/11/02, 16:23:38.485, 1601028684711, QTAgent32.exe, Window 13238666 not responding. Last Win32 error 0
E, 3608, 6, 2012/11/02, 16:23:38.485, 1601028689013, QTAgent32.exe, Window 13238666 not responding. Last Win32 error 1400
E, 3608, 6, 2012/11/02, 16:23:38.485, 1601028693754, QTAgent32.exe, Window 13238666 not responding. Last Win32 error 1400
E, 3608, 6, 2012/11/02, 16:23:38.485, 1601028694999, QTAgent32.exe, GetClassName for handle 13238666 failed
E, 3608, 6, 2012/11/02, 16:23:38.485, 1601028695820, QTAgent32.exe, GetClassName for handle 13238666 failed
E, 3608, 6, 2012/11/02, 16:23:38.594, 1601030066032, QTAgent32.exe, AL: Playback Error: Microsoft.VisualStudio.TestTools.UITest.Extension.UITestControlNotFoundException: Unable to find the top level element of the control ---&gt; Microsoft.VisualStudio.TestTools.UITest.Extension.UITestControlNotFoundException: The playback failed to find the control with the given search properties. Additional Details: 
TechnologyName:  'MSAA'
ControlType:  'Window'
 ---&gt; System.Runtime.InteropServices.COMException: Error HRESULT E_FAIL has been returned from a call to a COM component.
   at Microsoft.VisualStudio.TestTools.UITest.Playback.Engine.IRPFPlayback.FindAllScreenElements(IScreenElement pScreenElementStart, String bstrQueryId, Object&amp; pvarResKeys, Int32 cResKeys, Int32 nMaxDepth, Object[]&amp; foundDescendants)
   at Microsoft.VisualStudio.TestTools.UITest.Playback.ScreenElement.FindTopLevelWindowHelper(String queryId)
   at Microsoft.VisualStudio.TestTools.UITest.Playback.ScreenElement.FindFromPartialQueryId(String queryId)
   at Microsoft.VisualStudio.TestTools.UITesting.UITestControl..ctor(String queryId)
   --- End of inner exception stack trace ---
   at Microsoft.VisualStudio.TestTools.UITesting.Playback.MapControlNotFoundException(COMException ex, IPlaybackContext context)
   at Microsoft.VisualStudio.TestTools.UITesting.Playback.MapAndThrowComException(COMException innerException, IPlaybackContext context)
   at Microsoft.VisualStudio.TestTools.UITesting.Playback.MapAndThrowException(SystemException exception, IPlaybackContext context)
   at Microsoft.VisualStudio.TestTools.UITesting.Playback.MapAndThrowException(SystemException exception, String queryId)
   at Microsoft.VisualStudio.TestTools.UITesting.UITestControl..ctor(String queryId)
   at Microsoft.VisualStudio.TestTools.UITesting.SearchHelper.SearchTopLevelWindow(ISearchArgument topLevelSearchArg, String topLevelElementQueryId)
   at Microsoft.VisualStudio.TestTools.UITesting.SearchHelper.SearchUsingMultipleTitles(ISearchArgument topLevelSearchArg, QueryId topLevelQueryId, IList`1 windowTitles)
   --- End of inner exception stack trace ---
   at Microsoft.VisualStudio.TestTools.UITesting.SearchHelper.SearchUsingMultipleTitles(ISearchArgument topLevelSearchArg, QueryId topLevelQueryId, IList`1 windowTitles)
   at Microsoft.VisualStudio.TestTools.UITesting.SearchHelper.GetTitleUpdatedTopLevelWindow(ISearchArgument topLevelSearchArg, String queryId, IList`1 windowTitles)
   at Microsoft.VisualStudio.TestTools.UITesting.SearchHelper.GetTopLevelElement(Boolean useCache, Boolean useCacheOnly, ISearchArgument searchArg, IList`1 windowTitles, Int32&amp; timeLeft)
   at Microsoft.VisualStudio.TestTools.UITesting.SearchHelper.GetElement(Boolean useCache, ISearchArgument searchArg)
   at Microsoft.VisualStudio.TestTools.UITesting.SearchHelper.Search(ISearchArgument searchArg)
   at Microsoft.VisualStudio.TestTools.UITesting.UITestControl.FindInternal()
   at Microsoft.VisualStudio.TestTools.UITesting.UITestControl.FindControlIfNecessary()
   at Microsoft.VisualStudio.TestTools.UITesting.UITestControl.Click(MouseButtons button, ModifierKeys modifierKeys, Point relativeCoordinates)
   at Microsoft.VisualStudio.TestTools.UITesting.Mouse.ClickImplementation(UITestControl control, MouseButtons button, ModifierKeys modifierKeys, Point relativeCoordinate)
   at Microsoft.VisualStudio.TestTools.UITesting.Mouse.ClickImplementationWrapper(UITestControl control, MouseButtons button, ModifierKeys modifierKeys, Point relativeCoordinate)
W, 3608, 6, 2012/11/02, 16:23:38.594, 1601030067953, QTAgent32.exe, PlaybackErrorHandler: Ignoring exception as ContinueOnError is set.
W, 3608, 6, 2012/11/02, 16:23:38.984, 1601035748046, QTAgent32.exe, &lt;a class=success&gt;Playback - {136} [SUCCESS] MouseButtonClick - "[MSAA, VisibleOnly]ControlType='Button' &amp;&amp; Name='Close'"
\0&lt;/a&gt;
W, 3608, 6, 2012/11/02, 16:23:43.461, 1601099782513, QTAgent32.exe, IEDOM : StopSession of the plugin called before StartSession
W, 3608, 6, 2012/11/02, 16:23:43.461, 1601099783746, QTAgent32.exe, UIA : StopSession of the plugin called before StartSession
W, 3608, 6, 2012/11/02, 16:23:43.461, 1601099784452, QTAgent32.exe, SLPlugin : StopSession of the plugin called before StartSession
</DebugTrace>
      </Output>
    </UnitTestResult>
    <UnitTestResult executionId="12b75778-3888-4893-b968-888670392fe6" testId="cad41ea6-4986-f170-1def-22ab50e0fb0a" testName="HouseTest7" computerName="ICLVDEVAP01" duration="00:04:40.7754239" startTime="2012-11-02T16:23:43.4615046+00:00" endTime="2012-11-02T16:28:24.2581363+00:00" testType="13cdc9d9-ddb5-4fa4-a97d-d965ccfc6d4b" outcome="Passed" testListId="8c84fa94-04c1-424b-9868-57a2d4851a1d" relativeResultsDirectory="12b75778-3888-4893-b968-888670392fe6">
      <Output>
        <DebugTrace>W, 3608, 18, 2012/11/02, 16:23:43.461, 1601099957852, QTAgent32.exe, ExtensionFramework : A Technology Manager with name Web is already registered.
W, 3608, 18, 2012/11/02, 16:23:44.319, 1601112038688, QTAgent32.exe, &lt;a class=success&gt;Playback - {1} [SUCCESS] MouseButtonClick - "[MSAA, VisibleOnly]ControlType='Edit'"
\0&lt;/a&gt;
W, 3608, 18, 2012/11/02, 16:23:44.584, 1601115836007, QTAgent32.exe, &lt;a class=success&gt;Playback - {2} [SUCCESS] SendKeys "[*]" - "[MSAA, VisibleOnly]ControlType='Edit'"
\0&lt;/a&gt;
W, 3608, 18, 2012/11/02, 16:23:45.489, 1601128874505, QTAgent32.exe, &lt;a class=success&gt;Playback - {3} [SUCCESS] MouseButtonClick - "[MSAA, VisibleOnly]ControlType='Button' &amp;&amp; Name='OK'"
\0&lt;/a&gt;
W, 3608, 18, 2012/11/02, 16:23:46.160, 1601138448277, QTAgent32.exe, &lt;a class=success&gt;Playback - {4} [SUCCESS] MouseButtonClick - "[MSAA, VisibleOnly]ControlType='Button' &amp;&amp; Name='OK'"
\0&lt;/a&gt;
W, 3608, 18, 2012/11/02, 16:23:46.628, 1601145150033, QTAgent32.exe, &lt;a class=success&gt;Playback - {5} [SUCCESS] MouseButtonClick - "[MSAA, VisibleOnly]ControlType='Button' &amp;&amp; Name='Clients &amp; Files'"
\0&lt;/a&gt;
W, 3608, 18, 2012/11/02, 16:23:47.065, 1601151549195, QTAgent32.exe, &lt;a class=success&gt;Playback - {6} [SUCCESS] MouseButtonClick - "[MSAA, VisibleOnly]ControlType='Button' &amp;&amp; Name='Clients &amp; Files'"
\0&lt;/a&gt;
W, 3608, 18, 2012/11/02, 16:23:47.455, 1601157054847, QTAgent32.exe, Playback - [WARNING] Internal warning: Window Not Found: [VisibleOnly]ControlType='Window' &amp;&amp; Name='Customer: txt1 tdsfs' &amp;&amp; ClassName='ThunderRT6MDIForm'
\0
E, 3608, 18, 2012/11/02, 16:23:47.455, 1601157057553, QTAgent32.exe, &lt;a class=failure&gt;Playback - {7} [FAILED] Function ElementFetcher::FindScreenElement failed to locate UI element (Searching: ;[VisibleOnly]ControlType='Window' &amp;&amp; Name='Customer: txt1 tdsfs' &amp;&amp; ClassName='ThunderRT6MDIForm') (The object specified was not found.)
\0&lt;/a&gt;
E, 3608, 18, 2012/11/02, 16:23:47.548, 1601158283426, QTAgent32.exe, Playback - [IMAGE] C:\Users\peter.zenin-ad\AppData\Local\Temp\UITestLogs\LastRun\RPFA41E.png
\0
W, 3608, 18, 2012/11/02, 16:23:47.548, 1601158285585, QTAgent32.exe, Playback - [WARNING] Internal warning: Couldn't find descendants that match QueryId
\0
W, 3608, 18, 2012/11/02, 16:24:05.551, 1601416153305, QTAgent32.exe, Playback - [WARNING] Internal warning: Window Not Found: [VisibleOnly]ControlType='Window' &amp;&amp; Name='Customer: txt1 tdsfs' &amp;&amp; ClassName='ThunderRT6MDIForm'
\0
E, 3608, 18, 2012/11/02, 16:24:05.551, 1601416155909, QTAgent32.exe, &lt;a class=failure&gt;Playback - {8} [FAILED] Function ElementFetcher::FindScreenElement failed to locate UI element (Searching: ;[VisibleOnly]ControlType='Window' &amp;&amp; Name='Customer: txt1 tdsfs' &amp;&amp; ClassName='ThunderRT6MDIForm') (The object specified was not found.)
\0&lt;/a&gt;
E, 3608, 18, 2012/11/02, 16:24:05.645, 1601417380591, QTAgent32.exe, Playback - [IMAGE] C:\Users\peter.zenin-ad\AppData\Local\Temp\UITestLogs\LastRun\RPFEAD0.png
\0
W, 3608, 18, 2012/11/02, 16:24:05.645, 1601417382774, QTAgent32.exe, Playback - [WARNING] Internal warning: Couldn't find descendants that match QueryId
\0
W, 3608, 18, 2012/11/02, 16:24:05.645, 1601417385705, QTAgent32.exe, PERF WARNING: FindTopLevelWindowHelper::FindAllDescendents: took 18095 ms. Expected it to take maximum 500 ms.
W, 3608, 18, 2012/11/02, 16:24:06.128, 1601424424478, QTAgent32.exe, Playback - [WARNING] Internal warning: Window with Class "ThunderRT6MDIForm" and Title "Customer: txt1 tdsfs" was not found, so similar window with Class "ThunderRT6MDIForm" and Title "Customer: autotest" was accepted
\0
W, 3608, 18, 2012/11/02, 16:24:07.689, 1601446779396, QTAgent32.exe, Playback - [WARNING] Internal warning: Incorrect flag set for InvokeProgrammaticAction\0
W, 3608, 18, 2012/11/02, 16:24:08.016, 1601451348113, QTAgent32.exe, &lt;a class=success&gt;Playback - {9} [SUCCESS] SetValueAsComboBox "Customers" - "[MSAA, VisibleOnly]ControlType='ComboBox'"  &lt; SetValueAsComboBox, set by clicking on the item in the list box &gt;
\0&lt;/a&gt;
W, 3608, 18, 2012/11/02, 16:24:08.671, 1601460829277, QTAgent32.exe, &lt;a class=success&gt;Playback - {10} [SUCCESS] MouseButtonClick - "[MSAA, VisibleOnly]ControlType='Button' &amp;&amp; Name='Add'"
\0&lt;/a&gt;
W, 3608, 18, 2012/11/02, 16:24:09.077, 1601466515949, QTAgent32.exe, &lt;a class=success&gt;Playback - {11} [SUCCESS] SendKeys "autotest" - "[MSAA, VisibleOnly]ControlType='RadioButton' &amp;&amp; Name='Personal Lines'"
\0&lt;/a&gt;
W, 3608, 18, 2012/11/02, 16:24:09.561, 1601473443797, QTAgent32.exe, &lt;a class=success&gt;Playback - {12} [SUCCESS] SetValueAsEditBox "autotest" - "[MSAA, VisibleOnly]ControlType='Edit'"  &lt; Set via SendKeys &gt;
\0&lt;/a&gt;
W, 3608, 18, 2012/11/02, 16:24:10.075, 1601480956564, QTAgent32.exe, &lt;a class=success&gt;Playback - {13} [SUCCESS] MouseButtonClick - "[MSAA, VisibleOnly]ControlType='Button' &amp;&amp; Name='OK'"
\0&lt;/a&gt;
W, 3608, 18, 2012/11/02, 16:24:10.637, 1601489062693, QTAgent32.exe, &lt;a class=success&gt;Playback - {14} [SUCCESS] MouseButtonClick - "[MSAA, VisibleOnly]ControlType='Button' &amp;&amp; Name='Yes'"
\0&lt;/a&gt;
W, 3608, 18, 2012/11/02, 16:24:10.855, 1601491981999, QTAgent32.exe, &lt;a class=success&gt;Playback - {15} [SUCCESS] SendKeys "^{HOME}" - "[MSAA, VisibleOnly]ControlType='Edit'"
\0&lt;/a&gt;
E, 3608, 18, 2012/11/02, 16:24:10.855, 1601491984850, QTAgent32.exe, Msaa.GetFocusedElement: could not find accessible object of foreground window
W, 3608, 18, 2012/11/02, 16:24:10.949, 1601493319585, QTAgent32.exe, &lt;a class=success&gt;Playback - {16} [SUCCESS] SendKeys "^+{END}" - "[MSAA, VisibleOnly]ControlType='Edit'"
\0&lt;/a&gt;
E, 3608, 18, 2012/11/02, 16:24:10.949, 1601493322199, QTAgent32.exe, Msaa.GetFocusedElement: could not find accessible object of foreground window
W, 3608, 18, 2012/11/02, 16:24:10.965, 1601493544191, QTAgent32.exe, &lt;a class=success&gt;Playback - {17} [SUCCESS] SendKeys "{DELETE}" - "[MSAA, VisibleOnly]ControlType='Edit'"
\0&lt;/a&gt;
W, 3608, 18, 2012/11/02, 16:24:11.043, 1601494663260, QTAgent32.exe, &lt;a class=success&gt;Playback - {18} [SUCCESS] SetValueAsEditBox "1" - "[MSAA, VisibleOnly]ControlType='Edit'"  &lt; Set via SendKeys &gt;
\0&lt;/a&gt;
W, 3608, 18, 2012/11/02, 16:24:11.277, 1601498011454, QTAgent32.exe, &lt;a class=success&gt;Playback - {19} [SUCCESS] SendKeys "^{HOME}" - "[MSAA, VisibleOnly]ControlType='Edit'"
\0&lt;/a&gt;
E, 3608, 18, 2012/11/02, 16:24:11.277, 1601498014301, QTAgent32.exe, Msaa.GetFocusedElement: could not find accessible object of foreground window
W, 3608, 18, 2012/11/02, 16:24:11.355, 1601499127476, QTAgent32.exe, &lt;a class=success&gt;Playback - {20} [SUCCESS] SendKeys "^+{END}" - "[MSAA, VisibleOnly]ControlType='Edit'"
\0&lt;/a&gt;
E, 3608, 18, 2012/11/02, 16:24:11.355, 1601499129881, QTAgent32.exe, Msaa.GetFocusedElement: could not find accessible object of foreground window
W, 3608, 18, 2012/11/02, 16:24:11.370, 1601499350012, QTAgent32.exe, &lt;a class=success&gt;Playback - {21} [SUCCESS] SendKeys "{DELETE}" - "[MSAA, VisibleOnly]ControlType='Edit'"
\0&lt;/a&gt;
W, 3608, 18, 2012/11/02, 16:24:11.448, 1601500470323, QTAgent32.exe, &lt;a class=success&gt;Playback - {22} [SUCCESS] SetValueAsEditBox "1" - "[MSAA, VisibleOnly]ControlType='Edit'"  &lt; Set via SendKeys &gt;
\0&lt;/a&gt;
W, 3608, 18, 2012/11/02, 16:24:11.979, 1601508106336, QTAgent32.exe, &lt;a class=success&gt;Playback - {23} [SUCCESS] MouseButtonClick - "[MSAA, VisibleOnly]ControlType='Button' &amp;&amp; Name='OK'"
\0&lt;/a&gt;
W, 3608, 18, 2012/11/02, 16:24:12.494, 1601515599623, QTAgent32.exe, &lt;a class=success&gt;Playback - {24} [SUCCESS] MouseButtonClick - "[MSAA, VisibleOnly]ControlType='Button'"
\0&lt;/a&gt;
W, 3608, 18, 2012/11/02, 16:24:13.008, 1601522879343, QTAgent32.exe, &lt;a class=success&gt;Playback - {25} [SUCCESS] MouseButtonClick - "[MSAA, VisibleOnly]ControlType='Button' &amp;&amp; Name='Add'"
\0&lt;/a&gt;
W, 3608, 18, 2012/11/02, 16:24:13.508, 1601530121203, QTAgent32.exe, &lt;a class=success&gt;Playback - {26} [SUCCESS] MouseButtonClick - "[MSAA, VisibleOnly]ControlType='Button' &amp;&amp; Name='OK'"
\0&lt;/a&gt;
W, 3608, 18, 2012/11/02, 16:24:15.988, 1601565466280, QTAgent32.exe, &lt;a class=success&gt;Playback - {27} [SUCCESS] MouseButtonClick - "[MSAA, VisibleOnly,Window]ControlType='Window' &amp;&amp; ClassName='ThunderRT6TextBox'"
\0&lt;/a&gt;
W, 3608, 18, 2012/11/02, 16:24:16.331, 1601570384930, QTAgent32.exe, &lt;a class=success&gt;Playback - {28} [SUCCESS] SetValueAsEditBox "HOME" - "[MSAA, VisibleOnly]ControlType='Edit'"  &lt; Set via SendKeys &gt;
\0&lt;/a&gt;
W, 3608, 18, 2012/11/02, 16:24:16.846, 1601577924054, QTAgent32.exe, &lt;a class=success&gt;Playback - {29} [SUCCESS] MouseButtonClick - "[MSAA, VisibleOnly]ControlType='Button' &amp;&amp; Name='OK'"
\0&lt;/a&gt;
W, 3608, 18, 2012/11/02, 16:24:17.283, 1601584069582, QTAgent32.exe, &lt;a class=success&gt;Playback - {30} [SUCCESS] MouseButtonClick - "[MSAA, VisibleOnly]ControlType='Button' &amp;&amp; Name='Options'"
\0&lt;/a&gt;
W, 3608, 18, 2012/11/02, 16:24:17.392, 1601585572717, QTAgent32.exe, FindScreenElementInSinglePass : Attempting to find control in one pass of search. Failures can occur.
W, 3608, 18, 2012/11/02, 16:24:17.579, 1601588248999, QTAgent32.exe, &lt;a class=success&gt;Playback - {31} [SUCCESS] MouseButtonClick - "[MSAA]ControlType='MenuItem' &amp;&amp; Name='Links'"
\0&lt;/a&gt;
W, 3608, 18, 2012/11/02, 16:24:17.689, 1601589819186, QTAgent32.exe, FindScreenElementInSinglePass : Attempting to find control in one pass of search. Failures can occur.
W, 3608, 18, 2012/11/02, 16:24:17.891, 1601592716446, QTAgent32.exe, &lt;a class=success&gt;Playback - {32} [SUCCESS] MouseButtonClick - "[MSAA]ControlType='MenuItem' &amp;&amp; Name='3rd Party Integration'"
\0&lt;/a&gt;
W, 3608, 18, 2012/11/02, 16:24:18.001, 1601594289808, QTAgent32.exe, FindScreenElementInSinglePass : Attempting to find control in one pass of search. Failures can occur.
W, 3608, 18, 2012/11/02, 16:24:18.188, 1601596987676, QTAgent32.exe, &lt;a class=success&gt;Playback - {33} [SUCCESS] MouseButtonClick - "[MSAA]ControlType='MenuItem' &amp;&amp; Name='Quote Select List'"
\0&lt;/a&gt;
W, 3608, 18, 2012/11/02, 16:24:19.997, 1601622886214, QTAgent32.exe, PERF WARNING: FindTopLevelWindowHelper::FindAllDescendents: took 1680 ms. Expected it to take maximum 500 ms.
W, 3608, 18, 2012/11/02, 16:24:20.668, 1601632599116, QTAgent32.exe, &lt;a class=success&gt;Playback - {34} [SUCCESS] MouseButtonClick - "[MSAA, VisibleOnly]ControlType='Button' &amp;&amp; Name='Ok'"
\0&lt;/a&gt;
W, 3608, 18, 2012/11/02, 16:24:24.506, 1601687437482, QTAgent32.exe, PERF WARNING: FindTopLevelWindowHelper::FindAllDescendents: took 3716 ms. Expected it to take maximum 500 ms.
W, 3608, 18, 2012/11/02, 16:24:24.802, 1601691670729, QTAgent32.exe, &lt;a class=success&gt;Playback - {35} [SUCCESS] SetValueAsEditBox "test1" - "[MSAA, VisibleOnly]ControlType='Edit'"  &lt; Set via SendKeys &gt;
\0&lt;/a&gt;
W, 3608, 18, 2012/11/02, 16:24:25.177, 1601697031580, QTAgent32.exe, &lt;a class=success&gt;Playback - {36} [SUCCESS] SetValueAsEditBox "test" - "[MSAA, VisibleOnly]ControlType='Edit'"  &lt; Set via SendKeys &gt;
\0&lt;/a&gt;
W, 3608, 18, 2012/11/02, 16:24:25.395, 1601700155252, QTAgent32.exe, &lt;a class=success&gt;Playback - {37} [SUCCESS] SendKeys "^{HOME}" - "[MSAA, VisibleOnly]ControlType='Edit'"
\0&lt;/a&gt;
E, 3608, 18, 2012/11/02, 16:24:25.395, 1601700158079, QTAgent32.exe, Msaa.GetFocusedElement: could not find accessible object of foreground window
W, 3608, 18, 2012/11/02, 16:24:25.473, 1601701271354, QTAgent32.exe, &lt;a class=success&gt;Playback - {38} [SUCCESS] SendKeys "^+{END}" - "[MSAA, VisibleOnly]ControlType='Edit'"
\0&lt;/a&gt;
E, 3608, 18, 2012/11/02, 16:24:25.473, 1601701273588, QTAgent32.exe, Msaa.GetFocusedElement: could not find accessible object of foreground window
W, 3608, 18, 2012/11/02, 16:24:25.489, 1601701495241, QTAgent32.exe, &lt;a class=success&gt;Playback - {39} [SUCCESS] SendKeys "{DELETE}" - "[MSAA, VisibleOnly]ControlType='Edit'"
\0&lt;/a&gt;
W, 3608, 18, 2012/11/02, 16:24:25.661, 1601703955993, QTAgent32.exe, &lt;a class=success&gt;Playback - {40} [SUCCESS] SetValueAsEditBox "test" - "[MSAA, VisibleOnly]ControlType='Edit'"  &lt; Set via SendKeys &gt;
\0&lt;/a&gt;
W, 3608, 18, 2012/11/02, 16:24:26.253, 1601712484332, QTAgent32.exe, Playback - [WARNING] Internal warning: Incorrect flag set for InvokeProgrammaticAction\0
W, 3608, 18, 2012/11/02, 16:24:26.581, 1601717145303, QTAgent32.exe, &lt;a class=success&gt;Playback - {41} [SUCCESS] SetValueAsComboBox "Account Director" - "[MSAA, VisibleOnly]ControlType='ComboBox'"  &lt; SetValueAsComboBox, set by clicking on the item in the list box &gt;
\0&lt;/a&gt;
W, 3608, 18, 2012/11/02, 16:24:27.189, 1601726053841, QTAgent32.exe, Playback - [WARNING] Internal warning: Incorrect flag set for InvokeProgrammaticAction\0
W, 3608, 18, 2012/11/02, 16:24:27.533, 1601730768101, QTAgent32.exe, &lt;a class=success&gt;Playback - {42} [SUCCESS] SetValueAsComboBox "Advertising" - "[MSAA, VisibleOnly]ControlType='ComboBox'"  &lt; SetValueAsComboBox, set by clicking on the item in the list box &gt;
\0&lt;/a&gt;
W, 3608, 18, 2012/11/02, 16:24:27.969, 1601737013949, QTAgent32.exe, &lt;a class=success&gt;Playback - {43} [SUCCESS] SetValueAsEditBox "160589" - "[MSAA, VisibleOnly]ControlType='Edit'"  &lt; Set via SendKeys &gt;
\0&lt;/a&gt;
W, 3608, 18, 2012/11/02, 16:24:28.406, 1601743268040, QTAgent32.exe, &lt;a class=success&gt;Playback - {44} [SUCCESS] MouseButtonClick - "[MSAA, VisibleOnly]ControlType='Edit'"
\0&lt;/a&gt;
W, 3608, 18, 2012/11/02, 16:24:28.827, 1601749301912, QTAgent32.exe, &lt;a class=success&gt;Playback - {45} [SUCCESS] SetValueAsEditBox "B338TH" - "[MSAA, VisibleOnly]ControlType='Edit'"  &lt; Set via SendKeys &gt;
\0&lt;/a&gt;
W, 3608, 18, 2012/11/02, 16:24:31.230, 1601783692715, QTAgent32.exe, &lt;a class=success&gt;Playback - {46} [SUCCESS] MouseButtonClick - "[MSAA, VisibleOnly]ControlType='Button' &amp;&amp; Name='Lookup...'"
\0&lt;/a&gt;
W, 3608, 18, 2012/11/02, 16:24:31.682, 1601790290328, QTAgent32.exe, &lt;a class=success&gt;Playback - {47} [SUCCESS] MouseButtonClick - "[MSAA, VisibleOnly]ControlType='Button' &amp;&amp; Name='Ok'"
\0&lt;/a&gt;
W, 3608, 18, 2012/11/02, 16:24:32.182, 1601797392780, QTAgent32.exe, &lt;a class=success&gt;Playback - {48} [SUCCESS] MouseButtonClick - "[MSAA, VisibleOnly]ControlType='Button' &amp;&amp; Name='Next &gt;'"
\0&lt;/a&gt;
W, 3608, 18, 2012/11/02, 16:24:32.603, 1601803352923, QTAgent32.exe, &lt;a class=success&gt;Playback - {49} [SUCCESS] SetValueAsEditBox "1989" - "[MSAA, VisibleOnly]ControlType='Edit'"  &lt; Set via SendKeys &gt;
\0&lt;/a&gt;
W, 3608, 18, 2012/11/02, 16:24:33.071, 1601810156430, QTAgent32.exe, &lt;a class=success&gt;Playback - {50} [SUCCESS] MouseButtonClick - "[MSAA, VisibleOnly]ControlType='Button' &amp;&amp; Name='Next &gt;'"
\0&lt;/a&gt;
W, 3608, 18, 2012/11/02, 16:24:33.289, 1601813336117, QTAgent32.exe, &lt;a class=success&gt;Playback - {51} [SUCCESS] MouseButtonClick - "[MSAA, VisibleOnly]ControlType='Button' &amp;&amp; Name='Next &gt;'"
\0&lt;/a&gt;
W, 3608, 18, 2012/11/02, 16:24:33.523, 1601816567010, QTAgent32.exe, &lt;a class=success&gt;Playback - {52} [SUCCESS] MouseButtonClick - "[MSAA, VisibleOnly]ControlType='Button' &amp;&amp; Name='Next &gt;'"
\0&lt;/a&gt;
W, 3608, 18, 2012/11/02, 16:24:33.945, 1601822562420, QTAgent32.exe, &lt;a class=success&gt;Playback - {53} [SUCCESS] SetValueAsEditBox "2345" - "[MSAA, VisibleOnly]ControlType='Edit'"  &lt; Set via SendKeys &gt;
\0&lt;/a&gt;
W, 3608, 18, 2012/11/02, 16:24:34.366, 1601828594530, QTAgent32.exe, &lt;a class=success&gt;Playback - {54} [SUCCESS] SetValueAsEditBox "2000" - "[MSAA, VisibleOnly]ControlType='Edit'"  &lt; Set via SendKeys &gt;
\0&lt;/a&gt;
W, 3608, 18, 2012/11/02, 16:24:34.787, 1601834624159, QTAgent32.exe, &lt;a class=success&gt;Playback - {55} [SUCCESS] SetValueAsEditBox "2000" - "[MSAA, VisibleOnly]ControlType='Edit'"  &lt; Set via SendKeys &gt;
\0&lt;/a&gt;
W, 3608, 18, 2012/11/02, 16:24:35.005, 1601837925918, QTAgent32.exe, &lt;a class=success&gt;Playback - {56} [SUCCESS] MouseButtonClick - "[MSAA, VisibleOnly]ControlType='Button' &amp;&amp; Name='Next &gt;'"
\0&lt;/a&gt;
W, 3608, 18, 2012/11/02, 16:24:35.427, 1601843784477, QTAgent32.exe, &lt;a class=success&gt;Playback - {57} [SUCCESS] SetValueAsEditBox "2345" - "[MSAA, VisibleOnly]ControlType='Edit'"  &lt; Set via SendKeys &gt;
\0&lt;/a&gt;
W, 3608, 18, 2012/11/02, 16:24:35.801, 1601849334642, QTAgent32.exe, &lt;a class=success&gt;Playback - {58} [SUCCESS] MouseButtonClick - "[MSAA, VisibleOnly]ControlType='Button' &amp;&amp; Name='Next &gt;'"
\0&lt;/a&gt;
W, 3608, 18, 2012/11/02, 16:24:36.207, 1601855024098, QTAgent32.exe, &lt;a class=success&gt;Playback - {59} [SUCCESS] MouseButtonClick - "[MSAA, VisibleOnly]ControlType='Button' &amp;&amp; Name='Next &gt;'"
\0&lt;/a&gt;
W, 3608, 18, 2012/11/02, 16:24:36.519, 1601859423308, QTAgent32.exe, &lt;a class=success&gt;Playback - {60} [SUCCESS] MouseButtonClick - "[MSAA, VisibleOnly]ControlType='Button' &amp;&amp; Name='Quote'"
\0&lt;/a&gt;
W, 3608, 18, 2012/11/02, 16:24:37.096, 1601867746996, QTAgent32.exe, &lt;a class=success&gt;Playback - {61} [SUCCESS] MouseButtonClick - "[MSAA, VisibleOnly]ControlType='Button' &amp;&amp; Name='No'"
\0&lt;/a&gt;
W, 3608, 18, 2012/11/02, 16:24:43.711, 1601962397400, QTAgent32.exe, PERF WARNING: FindTopLevelWindowHelper::FindAllDescendents: took 6506 ms. Expected it to take maximum 500 ms.
W, 3608, 18, 2012/11/02, 16:24:44.038, 1601967075972, QTAgent32.exe, &lt;a class=success&gt;Playback - {62} [SUCCESS] MouseButtonClick - "[MSAA, VisibleOnly]ControlType='Client'"
\0&lt;/a&gt;
W, 3608, 18, 2012/11/02, 16:24:45.629, 1601990012191, QTAgent32.exe, &lt;a class=success&gt;Playback - {63} [SUCCESS] SendKeys "{End}" - "[MSAA, VisibleOnly]ControlType='Client'"
\0&lt;/a&gt;
W, 3608, 18, 2012/11/02, 16:24:47.205, 1602012560249, QTAgent32.exe, &lt;a class=success&gt;Playback - {64} [SUCCESS] MouseButtonClick - "[MSAA, VisibleOnly]ControlType='Button' &amp;&amp; Name='Accept'"
\0&lt;/a&gt;
W, 3608, 18, 2012/11/02, 16:24:47.658, 1602019041318, QTAgent32.exe, &lt;a class=success&gt;Playback - {65} [SUCCESS] MouseButtonClick - "[MSAA, VisibleOnly]ControlType='Button' &amp;&amp; Name='Yes'"
\0&lt;/a&gt;
W, 3608, 18, 2012/11/02, 16:24:49.748, 1602049022823, QTAgent32.exe, &lt;a class=success&gt;Playback - {66} [SUCCESS] MouseButtonClick - "[MSAA, VisibleOnly]ControlType='Button' &amp;&amp; Name='Ok'"
\0&lt;/a&gt;
W, 3608, 18, 2012/11/02, 16:25:00.622, 1602204518295, QTAgent32.exe, Playback - [WARNING] Internal warning: Window Not Found: [VisibleOnly]ControlType='Window' &amp;&amp; Name='Save the file as' &amp;&amp; ClassName='#32770'
\0
E, 3608, 18, 2012/11/02, 16:25:00.622, 1602204522056, QTAgent32.exe, &lt;a class=failure&gt;Playback - {67} [FAILED] Function ElementFetcher::FindScreenElement failed to locate UI element (Searching: ;[VisibleOnly]ControlType='Window' &amp;&amp; Name='Save the file as' &amp;&amp; ClassName='#32770') (The object specified was not found.)
\0&lt;/a&gt;
E, 3608, 18, 2012/11/02, 16:25:00.700, 1602205774013, QTAgent32.exe, Playback - [IMAGE] C:\Users\peter.zenin-ad\AppData\Local\Temp\UITestLogs\LastRun\RPFC1ED.png
\0
W, 3608, 18, 2012/11/02, 16:25:00.700, 1602205776098, QTAgent32.exe, Playback - [WARNING] Internal warning: Couldn't find descendants that match QueryId
\0
W, 3608, 18, 2012/11/02, 16:25:00.700, 1602205778993, QTAgent32.exe, PERF WARNING: FindTopLevelWindowHelper::FindAllDescendents: took 10837 ms. Expected it to take maximum 500 ms.
W, 3608, 18, 2012/11/02, 16:25:18.906, 1602466298931, QTAgent32.exe, Playback - [WARNING] Internal warning: Window Not Found: [VisibleOnly]ControlType='Window' &amp;&amp; Name='Save the file as' &amp;&amp; ClassName='#32770'
\0
E, 3608, 18, 2012/11/02, 16:25:18.906, 1602466301823, QTAgent32.exe, &lt;a class=failure&gt;Playback - {68} [FAILED] Function ElementFetcher::FindScreenElement failed to locate UI element (Searching: ;[VisibleOnly]ControlType='Window' &amp;&amp; Name='Save the file as' &amp;&amp; ClassName='#32770') (The object specified was not found.)
\0&lt;/a&gt;
E, 3608, 18, 2012/11/02, 16:25:18.984, 1602467548043, QTAgent32.exe, Playback - [IMAGE] C:\Users\peter.zenin-ad\AppData\Local\Temp\UITestLogs\LastRun\RPF959.png
\0
W, 3608, 18, 2012/11/02, 16:25:18.984, 1602467550202, QTAgent32.exe, Playback - [WARNING] Internal warning: Couldn't find descendants that match QueryId
\0
W, 3608, 18, 2012/11/02, 16:25:18.984, 1602467553225, QTAgent32.exe, PERF WARNING: FindTopLevelWindowHelper::FindAllDescendents: took 18282 ms. Expected it to take maximum 500 ms.
W, 3608, 18, 2012/11/02, 16:25:22.119, 1602512312090, QTAgent32.exe, Playback - [WARNING] Internal warning: Smart Match failed
\0
W, 3608, 18, 2012/11/02, 16:25:23.555, 1602532860470, QTAgent32.exe, Playback - [WARNING] Internal warning: Window Not Found: [VisibleOnly]ControlType='Window' &amp;&amp; Name='Save the file as' &amp;&amp; ClassName='#32770'
\0
E, 3608, 18, 2012/11/02, 16:25:23.555, 1602532863506, QTAgent32.exe, &lt;a class=failure&gt;Playback - {69} [FAILED] Function ElementFetcher::FindScreenElement failed to locate UI element (Searching: ;[VisibleOnly]ControlType='Window' &amp;&amp; Name='Save the file as' &amp;&amp; ClassName='#32770') (The object specified was not found.)
\0&lt;/a&gt;
E, 3608, 18, 2012/11/02, 16:25:23.633, 1602534107003, QTAgent32.exe, Playback - [IMAGE] C:\Users\peter.zenin-ad\AppData\Local\Temp\UITestLogs\LastRun\RPF1B83.png
\0
W, 3608, 18, 2012/11/02, 16:25:23.633, 1602534109214, QTAgent32.exe, Playback - [WARNING] Internal warning: Couldn't find descendants that match QueryId
\0
W, 3608, 18, 2012/11/02, 16:25:23.633, 1602534112166, QTAgent32.exe, PERF WARNING: FindTopLevelWindowHelper::FindAllDescendents: took 4648 ms. Expected it to take maximum 500 ms.
E, 3608, 18, 2012/11/02, 16:25:23.633, 1602534113967, QTAgent32.exe, Exception: System.Runtime.InteropServices.COMException
	Message: Error HRESULT E_FAIL has been returned from a call to a COM component.
	Stack Trace:    at Microsoft.VisualStudio.TestTools.UITest.Playback.Engine.IRPFPlayback.FindAllScreenElements(IScreenElement pScreenElementStart, String bstrQueryId, Object&amp; pvarResKeys, Int32 cResKeys, Int32 nMaxDepth, Object[]&amp; foundDescendants)
   at Microsoft.VisualStudio.TestTools.UITest.Playback.ScreenElement.FindTopLevelWindowHelper(String queryId)
	BaseExceptionMessage: Error HRESULT E_FAIL has been returned from a call to a COM component.

E, 3608, 18, 2012/11/02, 16:25:23.773, 1602535986042, QTAgent32.exe, AL: Playback Error: Microsoft.VisualStudio.TestTools.UITest.Extension.UITestControlNotFoundException: The playback failed to find the control with the given search properties. Additional Details: 
TechnologyName:  'MSAA'
ControlType:  'Window'
Name:  'Save the file as'
ClassName:  '#32770'
 ---&gt; System.Runtime.InteropServices.COMException: Error HRESULT E_FAIL has been returned from a call to a COM component.
   at Microsoft.VisualStudio.TestTools.UITest.Playback.Engine.IRPFPlayback.FindAllScreenElements(IScreenElement pScreenElementStart, String bstrQueryId, Object&amp; pvarResKeys, Int32 cResKeys, Int32 nMaxDepth, Object[]&amp; foundDescendants)
   at Microsoft.VisualStudio.TestTools.UITest.Playback.ScreenElement.FindTopLevelWindowHelper(String queryId)
   at Microsoft.VisualStudio.TestTools.UITest.Playback.ScreenElement.FindFromPartialQueryId(String queryId)
   at Microsoft.VisualStudio.TestTools.UITesting.UITestControl..ctor(String queryId)
   --- End of inner exception stack trace ---
   at Microsoft.VisualStudio.TestTools.UITesting.Playback.MapControlNotFoundException(COMException ex, IPlaybackContext context)
   at Microsoft.VisualStudio.TestTools.UITesting.Playback.MapAndThrowComException(COMException innerException, IPlaybackContext context)
   at Microsoft.VisualStudio.TestTools.UITesting.Playback.MapAndThrowException(SystemException exception, IPlaybackContext context)
   at Microsoft.VisualStudio.TestTools.UITesting.Playback.MapAndThrowException(SystemException exception, String queryId)
   at Microsoft.VisualStudio.TestTools.UITesting.UITestControl..ctor(String queryId)
   at Microsoft.VisualStudio.TestTools.UITesting.SearchHelper.SearchTopLevelWindow(ISearchArgument topLevelSearchArg, String topLevelElementQueryId)
   at Microsoft.VisualStudio.TestTools.UITesting.SearchHelper.GetTitleUpdatedTopLevelWindow(ISearchArgument topLevelSearchArg, String queryId, IList`1 windowTitles)
   at Microsoft.VisualStudio.TestTools.UITesting.SearchHelper.GetTopLevelElement(Boolean useCache, Boolean useCacheOnly, ISearchArgument searchArg, IList`1 windowTitles, Int32&amp; timeLeft)
   at Microsoft.VisualStudio.TestTools.UITesting.SearchHelper.GetElement(Boolean useCache, ISearchArgument searchArg)
   at Microsoft.VisualStudio.TestTools.UITesting.SearchHelper.Search(ISearchArgument searchArg)
   at Microsoft.VisualStudio.TestTools.UITesting.UITestControl.FindInternal()
   at Microsoft.VisualStudio.TestTools.UITesting.UITestControl.FindControlIfNecessary()
   at Microsoft.VisualStudio.TestTools.UITesting.UITestControl.Click(MouseButtons button, ModifierKeys modifierKeys, Point relativeCoordinates)
   at Microsoft.VisualStudio.TestTools.UITesting.Mouse.ClickImplementation(UITestControl control, MouseButtons button, ModifierKeys modifierKeys, Point relativeCoordinate)
   at Microsoft.VisualStudio.TestTools.UITesting.Mouse.ClickImplementationWrapper(UITestControl control, MouseButtons button, ModifierKeys modifierKeys, Point relativeCoordinate)
W, 3608, 18, 2012/11/02, 16:25:23.773, 1602535988476, QTAgent32.exe, PlaybackErrorHandler: Ignoring exception as ContinueOnError is set.
W, 3608, 18, 2012/11/02, 16:25:24.163, 1602541625071, QTAgent32.exe, &lt;a class=success&gt;Playback - {70} [SUCCESS] MouseButtonClick - "[MSAA, VisibleOnly]ControlType='Button' &amp;&amp; Name='Ok'"
\0&lt;/a&gt;
W, 3608, 18, 2012/11/02, 16:25:24.647, 1602548506077, QTAgent32.exe, &lt;a class=success&gt;Playback - {71} [SUCCESS] MouseButtonClick - "[MSAA, VisibleOnly]ControlType='Button' &amp;&amp; Name='Ok'"
\0&lt;/a&gt;
W, 3608, 18, 2012/11/02, 16:25:25.162, 1602555865882, QTAgent32.exe, &lt;a class=success&gt;Playback - {72} [SUCCESS] SetValueAsEditBox "B338TH" - "[MSAA, VisibleOnly]ControlType='Edit'"  &lt; Set via SendKeys &gt;
\0&lt;/a&gt;
W, 3608, 18, 2012/11/02, 16:25:27.627, 1602591155503, QTAgent32.exe, &lt;a class=success&gt;Playback - {73} [SUCCESS] MouseButtonClick - "[MSAA, VisibleOnly]ControlType='Button' &amp;&amp; Name='Lookup...'"
\0&lt;/a&gt;
W, 3608, 18, 2012/11/02, 16:25:28.032, 1602597031833, QTAgent32.exe, &lt;a class=success&gt;Playback - {74} [SUCCESS] MouseButtonClick - "[MSAA, VisibleOnly]ControlType='Button' &amp;&amp; Name='Ok'"
\0&lt;/a&gt;
W, 3608, 18, 2012/11/02, 16:25:28.500, 1602603860135, QTAgent32.exe, &lt;a class=success&gt;Playback - {75} [SUCCESS] MouseButtonClick - "[MSAA, VisibleOnly]ControlType='Button' &amp;&amp; Name='Confirm'"
\0&lt;/a&gt;
W, 3608, 18, 2012/11/02, 16:25:56.113, 1602999020480, QTAgent32.exe, Playback - [WARNING] Internal warning: Window Not Found: [VisibleOnly]ControlType='Window' &amp;&amp; Name='insur-E.tam' &amp;&amp; ClassName='#32770'
\0
E, 3608, 18, 2012/11/02, 16:25:56.113, 1602999023344, QTAgent32.exe, &lt;a class=failure&gt;Playback - {76} [FAILED] Function ElementFetcher::FindScreenElement failed to locate UI element (Searching: ;[VisibleOnly]ControlType='Window' &amp;&amp; Name='insur-E.tam' &amp;&amp; ClassName='#32770') (The object specified was not found.)
\0&lt;/a&gt;
E, 3608, 18, 2012/11/02, 16:25:56.191, 1603000247427, QTAgent32.exe, Playback - [IMAGE] C:\Users\peter.zenin-ad\AppData\Local\Temp\UITestLogs\LastRun\RPF9AB1.png
\0
W, 3608, 18, 2012/11/02, 16:25:56.191, 1603000249599, QTAgent32.exe, Playback - [WARNING] Internal warning: Couldn't find descendants that match QueryId
\0
W, 3608, 18, 2012/11/02, 16:25:56.191, 1603000252468, QTAgent32.exe, PERF WARNING: FindTopLevelWindowHelper::FindAllDescendents: took 27588 ms. Expected it to take maximum 500 ms.
W, 3608, 18, 2012/11/02, 16:26:14.397, 1603260804371, QTAgent32.exe, Playback - [WARNING] Internal warning: Window Not Found: [VisibleOnly]ControlType='Window' &amp;&amp; Name='insur-E.tam' &amp;&amp; ClassName='#32770'
\0
E, 3608, 18, 2012/11/02, 16:26:14.397, 1603260807280, QTAgent32.exe, &lt;a class=failure&gt;Playback - {77} [FAILED] Function ElementFetcher::FindScreenElement failed to locate UI element (Searching: ;[VisibleOnly]ControlType='Window' &amp;&amp; Name='insur-E.tam' &amp;&amp; ClassName='#32770') (The object specified was not found.)
\0&lt;/a&gt;
E, 3608, 18, 2012/11/02, 16:26:14.475, 1603262034597, QTAgent32.exe, Playback - [IMAGE] C:\Users\peter.zenin-ad\AppData\Local\Temp\UITestLogs\LastRun\RPFE21E.png
\0
W, 3608, 18, 2012/11/02, 16:26:14.475, 1603262036769, QTAgent32.exe, Playback - [WARNING] Internal warning: Couldn't find descendants that match QueryId
\0
W, 3608, 18, 2012/11/02, 16:26:14.475, 1603262039676, QTAgent32.exe, PERF WARNING: FindTopLevelWindowHelper::FindAllDescendents: took 18283 ms. Expected it to take maximum 500 ms.
W, 3608, 18, 2012/11/02, 16:26:17.611, 1603306823352, QTAgent32.exe, Playback - [WARNING] Internal warning: Smart Match failed
\0
W, 3608, 18, 2012/11/02, 16:26:19.140, 1603328705573, QTAgent32.exe, Playback - [WARNING] Internal warning: Window Not Found: [VisibleOnly]ControlType='Window' &amp;&amp; Name='insur-E.tam' &amp;&amp; ClassName='#32770'
\0
E, 3608, 18, 2012/11/02, 16:26:19.140, 1603328708517, QTAgent32.exe, &lt;a class=failure&gt;Playback - {78} [FAILED] Function ElementFetcher::FindScreenElement failed to locate UI element (Searching: ;[VisibleOnly]ControlType='Window' &amp;&amp; Name='insur-E.tam' &amp;&amp; ClassName='#32770') (The object specified was not found.)
\0&lt;/a&gt;
E, 3608, 18, 2012/11/02, 16:26:19.218, 1603329957393, QTAgent32.exe, Playback - [IMAGE] C:\Users\peter.zenin-ad\AppData\Local\Temp\UITestLogs\LastRun\RPFF4A5.png
\0
W, 3608, 18, 2012/11/02, 16:26:19.218, 1603329959551, QTAgent32.exe, Playback - [WARNING] Internal warning: Couldn't find descendants that match QueryId
\0
W, 3608, 18, 2012/11/02, 16:26:19.218, 1603329962503, QTAgent32.exe, PERF WARNING: FindTopLevelWindowHelper::FindAllDescendents: took 4743 ms. Expected it to take maximum 500 ms.
E, 3608, 18, 2012/11/02, 16:26:19.218, 1603329964274, QTAgent32.exe, Exception: System.Runtime.InteropServices.COMException
	Message: Error HRESULT E_FAIL has been returned from a call to a COM component.
	Stack Trace:    at Microsoft.VisualStudio.TestTools.UITest.Playback.Engine.IRPFPlayback.FindAllScreenElements(IScreenElement pScreenElementStart, String bstrQueryId, Object&amp; pvarResKeys, Int32 cResKeys, Int32 nMaxDepth, Object[]&amp; foundDescendants)
   at Microsoft.VisualStudio.TestTools.UITest.Playback.ScreenElement.FindTopLevelWindowHelper(String queryId)
	BaseExceptionMessage: Error HRESULT E_FAIL has been returned from a call to a COM component.

E, 3608, 18, 2012/11/02, 16:26:19.218, 1603329969080, QTAgent32.exe, Window 14746010 not responding. Last Win32 error 0
E, 3608, 18, 2012/11/02, 16:26:19.218, 1603329972769, QTAgent32.exe, Window 14746010 not responding. Last Win32 error 1400
E, 3608, 18, 2012/11/02, 16:26:19.218, 1603329976073, QTAgent32.exe, GetClassName for handle 14746010 failed
E, 3608, 18, 2012/11/02, 16:26:19.218, 1603329985519, QTAgent32.exe, Window 14746010 not responding. Last Win32 error 1400
E, 3608, 18, 2012/11/02, 16:26:19.218, 1603329986648, QTAgent32.exe, GetClassName for handle 14746010 failed
E, 3608, 18, 2012/11/02, 16:26:19.218, 1603329987455, QTAgent32.exe, GetClassName for handle 14746010 failed
E, 3608, 18, 2012/11/02, 16:26:19.327, 1603331384769, QTAgent32.exe, AL: Playback Error: Microsoft.VisualStudio.TestTools.UITest.Extension.UITestControlNotFoundException: The playback failed to find the control with the given search properties. Additional Details: 
TechnologyName:  'MSAA'
ControlType:  'Window'
 ---&gt; System.Runtime.InteropServices.COMException: Error HRESULT E_FAIL has been returned from a call to a COM component.
   at Microsoft.VisualStudio.TestTools.UITest.Playback.Engine.IRPFPlayback.FindAllScreenElements(IScreenElement pScreenElementStart, String bstrQueryId, Object&amp; pvarResKeys, Int32 cResKeys, Int32 nMaxDepth, Object[]&amp; foundDescendants)
   at Microsoft.VisualStudio.TestTools.UITest.Playback.ScreenElement.FindTopLevelWindowHelper(String queryId)
   at Microsoft.VisualStudio.TestTools.UITest.Playback.ScreenElement.FindFromPartialQueryId(String queryId)
   at Microsoft.VisualStudio.TestTools.UITesting.UITestControl..ctor(String queryId)
   --- End of inner exception stack trace ---
   at Microsoft.VisualStudio.TestTools.UITesting.Playback.MapControlNotFoundException(COMException ex, IPlaybackContext context)
   at Microsoft.VisualStudio.TestTools.UITesting.Playback.MapAndThrowComException(COMException innerException, IPlaybackContext context)
   at Microsoft.VisualStudio.TestTools.UITesting.Playback.MapAndThrowException(SystemException exception, IPlaybackContext context)
   at Microsoft.VisualStudio.TestTools.UITesting.Playback.MapAndThrowException(SystemException exception, String queryId)
   at Microsoft.VisualStudio.TestTools.UITesting.UITestControl..ctor(String queryId)
   at Microsoft.VisualStudio.TestTools.UITesting.SearchHelper.SearchTopLevelWindow(ISearchArgument topLevelSearchArg, String topLevelElementQueryId)
   at Microsoft.VisualStudio.TestTools.UITesting.SearchHelper.GetTitleUpdatedTopLevelWindow(ISearchArgument topLevelSearchArg, String queryId, IList`1 windowTitles)
   at Microsoft.VisualStudio.TestTools.UITesting.SearchHelper.GetTopLevelElement(Boolean useCache, Boolean useCacheOnly, ISearchArgument searchArg, IList`1 windowTitles, Int32&amp; timeLeft)
   at Microsoft.VisualStudio.TestTools.UITesting.SearchHelper.GetElement(Boolean useCache, ISearchArgument searchArg)
   at Microsoft.VisualStudio.TestTools.UITesting.SearchHelper.Search(ISearchArgument searchArg)
   at Microsoft.VisualStudio.TestTools.UITesting.UITestControl.FindInternal()
   at Microsoft.VisualStudio.TestTools.UITesting.UITestControl.FindControlIfNecessary()
   at Microsoft.VisualStudio.TestTools.UITesting.UITestControl.Click(MouseButtons button, ModifierKeys modifierKeys, Point relativeCoordinates)
   at Microsoft.VisualStudio.TestTools.UITesting.Mouse.ClickImplementation(UITestControl control, MouseButtons button, ModifierKeys modifierKeys, Point relativeCoordinate)
   at Microsoft.VisualStudio.TestTools.UITesting.Mouse.ClickImplementationWrapper(UITestControl control, MouseButtons button, ModifierKeys modifierKeys, Point relativeCoordinate)
W, 3608, 18, 2012/11/02, 16:26:19.327, 1603331386792, QTAgent32.exe, PlaybackErrorHandler: Ignoring exception as ContinueOnError is set.
W, 3608, 18, 2012/11/02, 16:26:19.655, 1603336077871, QTAgent32.exe, &lt;a class=success&gt;Playback - {79} [SUCCESS] Check - "[MSAA, VisibleOnly]ControlType='CheckBox' &amp;&amp; Name='Defer Printing?'"
\0&lt;/a&gt;
W, 3608, 18, 2012/11/02, 16:26:21.121, 1603357155684, QTAgent32.exe, &lt;a class=success&gt;Playback - {80} [SUCCESS] MouseButtonClick - "[MSAA, VisibleOnly]ControlType='Button' &amp;&amp; Name='Ok'"
\0&lt;/a&gt;
W, 3608, 18, 2012/11/02, 16:26:22.089, 1603371003718, QTAgent32.exe, PERF WARNING: FindTopLevelWindowHelper::FindAllDescendents: took 863 ms. Expected it to take maximum 500 ms.
W, 3608, 18, 2012/11/02, 16:26:22.432, 1603375836800, QTAgent32.exe, &lt;a class=success&gt;Playback - {81} [SUCCESS] Uncheck - "[MSAA, VisibleOnly]ControlType='CheckBox' &amp;&amp; Name='Add Activity'"
\0&lt;/a&gt;
W, 3608, 18, 2012/11/02, 16:26:23.305, 1603388438447, QTAgent32.exe, &lt;a class=success&gt;Playback - {82} [SUCCESS] MouseButtonClick - "[MSAA, VisibleOnly]ControlType='Button' &amp;&amp; Name='Ok'"
\0&lt;/a&gt;
W, 3608, 18, 2012/11/02, 16:26:23.742, 1603394726859, QTAgent32.exe, &lt;a class=success&gt;Playback - {83} [SUCCESS] MouseButtonClick - "[MSAA, VisibleOnly]ControlType='Button' &amp;&amp; Name='Ok'"
\0&lt;/a&gt;
W, 3608, 18, 2012/11/02, 16:26:31.511, 1603505843222, QTAgent32.exe, PERF WARNING: FindTopLevelWindowHelper::FindAllDescendents: took 7535 ms. Expected it to take maximum 500 ms.
W, 3608, 18, 2012/11/02, 16:26:33.805, 1603538662257, QTAgent32.exe, &lt;a class=success&gt;Playback - {84} [SUCCESS] MouseButtonClick - "[MSAA, VisibleOnly]ControlType='Button' &amp;&amp; Name='OK'"
\0&lt;/a&gt;
W, 3608, 18, 2012/11/02, 16:26:35.131, 1603557777832, QTAgent32.exe, Playback - [WARNING] Internal warning: Window Not Found: [VisibleOnly]ControlType='Window' &amp;&amp; Name='Tamxml7' &amp;&amp; ClassName='TMessageForm'
\0
E, 3608, 18, 2012/11/02, 16:26:35.131, 1603557780661, QTAgent32.exe, &lt;a class=failure&gt;Playback - {85} [FAILED] Function ElementFetcher::FindScreenElement failed to locate UI element (Searching: ;[VisibleOnly]ControlType='Window' &amp;&amp; Name='Tamxml7' &amp;&amp; ClassName='TMessageForm') (The object specified was not found.)
\0&lt;/a&gt;
E, 3608, 18, 2012/11/02, 16:26:35.224, 1603559013969, QTAgent32.exe, Playback - [IMAGE] C:\Users\peter.zenin-ad\AppData\Local\Temp\UITestLogs\LastRun\RPF331C.png
\0
W, 3608, 18, 2012/11/02, 16:26:35.224, 1603559019118, QTAgent32.exe, Playback - [WARNING] Internal warning: Couldn't find descendants that match QueryId
\0
W, 3608, 18, 2012/11/02, 16:26:35.224, 1603559022084, QTAgent32.exe, PERF WARNING: FindTopLevelWindowHelper::FindAllDescendents: took 1312 ms. Expected it to take maximum 500 ms.
W, 3608, 18, 2012/11/02, 16:26:53.228, 1603816879510, QTAgent32.exe, Playback - [WARNING] Internal warning: Window Not Found: [VisibleOnly]ControlType='Window' &amp;&amp; Name='Tamxml7' &amp;&amp; ClassName='TMessageForm'
\0
E, 3608, 18, 2012/11/02, 16:26:53.228, 1603816882328, QTAgent32.exe, &lt;a class=failure&gt;Playback - {86} [FAILED] Function ElementFetcher::FindScreenElement failed to locate UI element (Searching: ;[VisibleOnly]ControlType='Window' &amp;&amp; Name='Tamxml7' &amp;&amp; ClassName='TMessageForm') (The object specified was not found.)
\0&lt;/a&gt;
E, 3608, 18, 2012/11/02, 16:26:53.321, 1603818129816, QTAgent32.exe, Playback - [IMAGE] C:\Users\peter.zenin-ad\AppData\Local\Temp\UITestLogs\LastRun\RPF79CD.png
\0
W, 3608, 18, 2012/11/02, 16:26:53.321, 1603818131939, QTAgent32.exe, Playback - [WARNING] Internal warning: Couldn't find descendants that match QueryId
\0
W, 3608, 18, 2012/11/02, 16:26:53.321, 1603818134829, QTAgent32.exe, PERF WARNING: FindTopLevelWindowHelper::FindAllDescendents: took 18096 ms. Expected it to take maximum 500 ms.
W, 3608, 18, 2012/11/02, 16:26:53.774, 1603824634769, QTAgent32.exe, Playback - [WARNING] Internal warning: Smart Match failed
\0
W, 3608, 18, 2012/11/02, 16:26:54.086, 1603829109395, QTAgent32.exe, Playback - [WARNING] Internal warning: Smart Match failed
\0
W, 3608, 18, 2012/11/02, 16:26:54.257, 1603831562722, QTAgent32.exe, Playback - [WARNING] Internal warning: Smart Match failed
\0
W, 3608, 18, 2012/11/02, 16:26:54.429, 1603834060900, QTAgent32.exe, Playback - [WARNING] Internal warning: Smart Match failed
\0
W, 3608, 18, 2012/11/02, 16:26:54.600, 1603836482674, QTAgent32.exe, Playback - [WARNING] Internal warning: Smart Match failed
\0
W, 3608, 18, 2012/11/02, 16:26:54.772, 1603838931128, QTAgent32.exe, Playback - [WARNING] Internal warning: Smart Match failed
\0
W, 3608, 18, 2012/11/02, 16:26:54.928, 1603841216706, QTAgent32.exe, Playback - [WARNING] Internal warning: Smart Match failed
\0
W, 3608, 18, 2012/11/02, 16:26:55.271, 1603846085456, QTAgent32.exe, Playback - [WARNING] Internal warning: Smart Match failed
\0
W, 3608, 18, 2012/11/02, 16:26:55.427, 1603848311971, QTAgent32.exe, Playback - [WARNING] Internal warning: Smart Match failed
\0
W, 3608, 18, 2012/11/02, 16:26:55.599, 1603850769248, QTAgent32.exe, Playback - [WARNING] Internal warning: Smart Match failed
\0
W, 3608, 18, 2012/11/02, 16:26:55.755, 1603853003119, QTAgent32.exe, Playback - [WARNING] Internal warning: Smart Match failed
\0
W, 3608, 18, 2012/11/02, 16:26:55.911, 1603855238954, QTAgent32.exe, Playback - [WARNING] Internal warning: Smart Match failed
\0
W, 3608, 18, 2012/11/02, 16:26:56.067, 1603857469029, QTAgent32.exe, Playback - [WARNING] Internal warning: Smart Match failed
\0
W, 3608, 18, 2012/11/02, 16:26:56.223, 1603859705678, QTAgent32.exe, Playback - [WARNING] Internal warning: Smart Match failed
\0
W, 3608, 18, 2012/11/02, 16:26:56.457, 1603863057277, QTAgent32.exe, Playback - [WARNING] Internal warning: Smart Match failed
\0
W, 3608, 18, 2012/11/02, 16:26:56.519, 1603863888014, QTAgent32.exe, Playback - [WARNING] Internal warning: Window Not Found: [VisibleOnly]ControlType='Window' &amp;&amp; Name='Tamxml7' &amp;&amp; ClassName='TMessageForm'
\0
E, 3608, 18, 2012/11/02, 16:26:56.519, 1603863890330, QTAgent32.exe, &lt;a class=failure&gt;Playback - {87} [FAILED] Function ElementFetcher::FindScreenElement failed to locate UI element (Searching: ;[VisibleOnly]ControlType='Window' &amp;&amp; Name='Tamxml7' &amp;&amp; ClassName='TMessageForm') (The object specified was not found.)
\0&lt;/a&gt;
E, 3608, 18, 2012/11/02, 16:26:56.597, 1603865145589, QTAgent32.exe, Playback - [IMAGE] C:\Users\peter.zenin-ad\AppData\Local\Temp\UITestLogs\LastRun\RPF86AA.png
\0
W, 3608, 18, 2012/11/02, 16:26:56.597, 1603865147655, QTAgent32.exe, Playback - [WARNING] Internal warning: Couldn't find descendants that match QueryId
\0
W, 3608, 18, 2012/11/02, 16:26:56.597, 1603865150448, QTAgent32.exe, PERF WARNING: FindTopLevelWindowHelper::FindAllDescendents: took 3283 ms. Expected it to take maximum 500 ms.
E, 3608, 18, 2012/11/02, 16:26:56.597, 1603865152161, QTAgent32.exe, Exception: System.Runtime.InteropServices.COMException
	Message: Error HRESULT E_FAIL has been returned from a call to a COM component.
	Stack Trace:    at Microsoft.VisualStudio.TestTools.UITest.Playback.Engine.IRPFPlayback.FindAllScreenElements(IScreenElement pScreenElementStart, String bstrQueryId, Object&amp; pvarResKeys, Int32 cResKeys, Int32 nMaxDepth, Object[]&amp; foundDescendants)
   at Microsoft.VisualStudio.TestTools.UITest.Playback.ScreenElement.FindTopLevelWindowHelper(String queryId)
	BaseExceptionMessage: Error HRESULT E_FAIL has been returned from a call to a COM component.

E, 3608, 18, 2012/11/02, 16:26:56.597, 1603865156001, QTAgent32.exe, GetClassName for handle 17696240 failed
E, 3608, 18, 2012/11/02, 16:26:56.597, 1603865165370, QTAgent32.exe, Window 17696240 not responding. Last Win32 error 1400
E, 3608, 18, 2012/11/02, 16:26:56.597, 1603865166582, QTAgent32.exe, GetClassName for handle 17696240 failed
E, 3608, 18, 2012/11/02, 16:26:56.597, 1603865167408, QTAgent32.exe, GetClassName for handle 17696240 failed
E, 3608, 18, 2012/11/02, 16:26:56.597, 1603865171344, QTAgent32.exe, GetClassName for handle 6292296 failed
E, 3608, 18, 2012/11/02, 16:26:56.597, 1603865188306, QTAgent32.exe, Window 6292296 not responding. Last Win32 error 1400
E, 3608, 18, 2012/11/02, 16:26:56.597, 1603865190495, QTAgent32.exe, GetClassName for handle 6292296 failed
E, 3608, 18, 2012/11/02, 16:26:56.597, 1603865191315, QTAgent32.exe, GetClassName for handle 6292296 failed
E, 3608, 18, 2012/11/02, 16:26:56.707, 1603866564112, QTAgent32.exe, AL: Playback Error: Microsoft.VisualStudio.TestTools.UITest.Extension.UITestControlNotAvailableException: The control is not available or not valid. Additional Details: 
TechnologyName:  'MSAA'
ControlType:  'Button'
 ---&gt; Microsoft.VisualStudio.TestTools.UITest.Extension.UITestControlNotAvailableException: The control is not available or not valid. Additional Details: 
TechnologyName:  'MSAA'
ControlType:  'Window'
 ---&gt; System.Runtime.InteropServices.COMException: Error HRESULT E_FAIL has been returned from a call to a COM component.
   at Microsoft.VisualStudio.TestTools.UITest.Playback.Engine.IRPFPlayback.FindAllScreenElements(IScreenElement pScreenElementStart, String bstrQueryId, Object&amp; pvarResKeys, Int32 cResKeys, Int32 nMaxDepth, Object[]&amp; foundDescendants)
   at Microsoft.VisualStudio.TestTools.UITest.Playback.ScreenElement.FindTopLevelWindowHelper(String queryId)
   at Microsoft.VisualStudio.TestTools.UITest.Playback.ScreenElement.FindFromPartialQueryId(String queryId)
   at Microsoft.VisualStudio.TestTools.UITesting.UITestControl.EnsureValid(Boolean waitForReady, Boolean refetch)
   --- End of inner exception stack trace ---
   at Microsoft.VisualStudio.TestTools.UITesting.UITestControl.EnsureValid(Boolean waitForReady, Boolean refetch)
   at Microsoft.VisualStudio.TestTools.UITesting.UITestControl.FindFirstDescendant(String queryId, Int32 maxDepth, Int32&amp; timeLeft)
   at Microsoft.VisualStudio.TestTools.UITesting.UITestControl.FindFirstDescendant(String queryId)
   at Microsoft.VisualStudio.TestTools.UITesting.UITestControl.EnsureValid(Boolean waitForReady, Boolean refetch)
   --- End of inner exception stack trace ---
   at Microsoft.VisualStudio.TestTools.UITesting.UITestControl.EnsureValid(Boolean waitForReady, Boolean refetch)
   at Microsoft.VisualStudio.TestTools.UITesting.UITestControl.Click(MouseButtons button, ModifierKeys modifierKeys, Point relativeCoordinates)
   at Microsoft.VisualStudio.TestTools.UITesting.Mouse.ClickImplementation(UITestControl control, MouseButtons button, ModifierKeys modifierKeys, Point relativeCoordinate)
   at Microsoft.VisualStudio.TestTools.UITesting.Mouse.ClickImplementationWrapper(UITestControl control, MouseButtons button, ModifierKeys modifierKeys, Point relativeCoordinate)
W, 3608, 18, 2012/11/02, 16:26:56.707, 1603866565904, QTAgent32.exe, PlaybackErrorHandler: Ignoring exception as ContinueOnError is set.
W, 3608, 18, 2012/11/02, 16:26:57.065, 1603871754648, QTAgent32.exe, &lt;a class=success&gt;Playback - {88} [SUCCESS] MouseButtonClick - "[MSAA, VisibleOnly]ControlType='Button' &amp;&amp; Name='Cancel'"
\0&lt;/a&gt;
W, 3608, 18, 2012/11/02, 16:26:57.705, 1603881066907, QTAgent32.exe, &lt;a class=success&gt;Playback - {89} [SUCCESS] MouseButtonClick - "[MSAA, VisibleOnly]ControlType='Button'"
\0&lt;/a&gt;
W, 3608, 18, 2012/11/02, 16:26:58.173, 1603887621883, QTAgent32.exe, &lt;a class=success&gt;Playback - {90} [SUCCESS] MouseButtonClick - "[MSAA, VisibleOnly]ControlType='Button' &amp;&amp; Name='Options'"
\0&lt;/a&gt;
W, 3608, 18, 2012/11/02, 16:26:58.282, 1603889132023, QTAgent32.exe, FindScreenElementInSinglePass : Attempting to find control in one pass of search. Failures can occur.
W, 3608, 18, 2012/11/02, 16:26:58.282, 1603889237970, QTAgent32.exe, Playback - [WARNING] Internal failure: Method GetBoundingRectangle failed (HRESULT = 0x1, "Incorrect function.") for Name = "Quote Select List" ," ControlType = "MenuItem"
\0
W, 3608, 18, 2012/11/02, 16:26:58.282, 1603889239193, QTAgent32.exe, Playback - [WARNING] Internal failure: Couldn't get clickable point for ScreenUIElement - GetClickablePoint failed
\0
W, 3608, 18, 2012/11/02, 16:26:58.282, 1603889241781, QTAgent32.exe, FindScreenElementInSinglePass : Attempting to find control in one pass of search. Failures can occur.
W, 3608, 18, 2012/11/02, 16:26:58.282, 1603889270865, QTAgent32.exe, FindScreenElementInSinglePass : Attempting to find control in one pass of search. Failures can occur.
W, 3608, 18, 2012/11/02, 16:26:58.610, 1603893813916, QTAgent32.exe, &lt;a class=success&gt;Playback - {91} [SUCCESS] LeftButtonClick - "[MSAA, VisibleOnly]ControlType='MenuBar' &amp;&amp; Name='Application'"  &lt; Mouse cursor location (960, 31) &gt;
\0&lt;/a&gt;
W, 3608, 18, 2012/11/02, 16:26:58.735, 1603895600177, QTAgent32.exe, &lt;a class=success&gt;Playback - {92} [SUCCESS] LeftButtonClick - "[MSAA]ControlType='MenuItem' &amp;&amp; Name='Options'"  &lt; Mouse cursor location (94, 31) &gt;
\0&lt;/a&gt;
W, 3608, 18, 2012/11/02, 16:26:58.969, 1603898949793, QTAgent32.exe, &lt;a class=success&gt;Playback - {93} [SUCCESS] LeftButtonClick - "[MSAA]ControlType='MenuItem' &amp;&amp; Name='Links'"  &lt; Mouse cursor location (174, 319) &gt;
\0&lt;/a&gt;
W, 3608, 18, 2012/11/02, 16:26:59.156, 1603901630254, QTAgent32.exe, &lt;a class=success&gt;Playback - {94} [SUCCESS] LeftButtonClick - "[MSAA]ControlType='MenuItem' &amp;&amp; Name='3rd Party Integration'"  &lt; Mouse cursor location (375, 319) &gt;
\0&lt;/a&gt;
W, 3608, 18, 2012/11/02, 16:26:59.327, 1603904117260, QTAgent32.exe, &lt;a class=success&gt;Playback - {95} [SUCCESS] MouseButtonClick - "[MSAA]ControlType='MenuItem' &amp;&amp; Name='Quote Select List'"
\0&lt;/a&gt;
W, 3608, 18, 2012/11/02, 16:27:01.153, 1603930218637, QTAgent32.exe, PERF WARNING: FindTopLevelWindowHelper::FindAllDescendents: took 1707 ms. Expected it to take maximum 500 ms.
W, 3608, 18, 2012/11/02, 16:27:01.761, 1603939079808, QTAgent32.exe, &lt;a class=success&gt;Playback - {96} [SUCCESS] MouseButtonClick - "[MSAA, VisibleOnly]ControlType='Button' &amp;&amp; Name='Ok'"
\0&lt;/a&gt;
W, 3608, 18, 2012/11/02, 16:27:05.661, 1603994786978, QTAgent32.exe, PERF WARNING: FindTopLevelWindowHelper::FindAllDescendents: took 3736 ms. Expected it to take maximum 500 ms.
W, 3608, 18, 2012/11/02, 16:27:06.114, 1604001325963, QTAgent32.exe, &lt;a class=success&gt;Playback - {97} [SUCCESS] MouseButtonClick - "[MSAA, VisibleOnly]ControlType='Button' &amp;&amp; Name='MTA'"
\0&lt;/a&gt;
W, 3608, 18, 2012/11/02, 16:27:06.738, 1604010345929, QTAgent32.exe, Playback - [WARNING] Internal warning: Incorrect flag set for InvokeProgrammaticAction\0
W, 3608, 18, 2012/11/02, 16:27:07.065, 1604014889141, QTAgent32.exe, &lt;a class=success&gt;Playback - {98} [SUCCESS] SetValueAsComboBox "General Adjustment" - "[MSAA, VisibleOnly]ControlType='ComboBox'"  &lt; SetValueAsComboBox, set by clicking on the item in the list box &gt;
\0&lt;/a&gt;
W, 3608, 18, 2012/11/02, 16:27:07.487, 1604021118544, QTAgent32.exe, &lt;a class=success&gt;Playback - {99} [SUCCESS] MouseButtonClick - "[MSAA, VisibleOnly]ControlType='Button' &amp;&amp; Name='OK'"
\0&lt;/a&gt;
W, 3608, 18, 2012/11/02, 16:27:07.627, 1604023084533, QTAgent32.exe, Playback - [WARNING] Internal warning: Thread state based WFR - Requested element has invalid HWND
\0
W, 3608, 18, 2012/11/02, 16:27:07.627, 1604023086423, QTAgent32.exe, Playback - [WARNING] Internal warning: process performance counters based WFR - Requested element has invalid HWND
\0
E, 3608, 18, 2012/11/02, 16:27:07.627, 1604023089593, QTAgent32.exe, EnsureValid called via EnsureValid call for same element
E, 3608, 18, 2012/11/02, 16:27:07.627, 1604023091605, QTAgent32.exe, EnsureValid called via EnsureValid call for same element
E, 3608, 18, 2012/11/02, 16:27:07.627, 1604023092870, QTAgent32.exe, EnsureValid called via EnsureValid call for same element
E, 3608, 18, 2012/11/02, 16:27:07.627, 1604023096055, QTAgent32.exe, GetClassName for handle 5637976 failed
E, 3608, 18, 2012/11/02, 16:27:07.627, 1604023100752, QTAgent32.exe, GetClassName for handle 5637976 failed
E, 3608, 18, 2012/11/02, 16:27:07.627, 1604023107845, QTAgent32.exe, Exception: System.Runtime.InteropServices.COMException
	Message: Error HRESULT E_FAIL has been returned from a call to a COM component.
	Stack Trace:    at Accessibility.IAccessible.get_accState(Object varChild)
   at Microsoft.VisualStudio.TestTools.UITest.Extension.Msaa.AccWrapper.get_State()
	BaseExceptionMessage: Error HRESULT E_FAIL has been returned from a call to a COM component.

E, 3608, 18, 2012/11/02, 16:27:07.627, 1604023112117, QTAgent32.exe, Exception: System.Runtime.InteropServices.COMException
	Message: Error HRESULT E_FAIL has been returned from a call to a COM component.
	Stack Trace:    at Accessibility.IAccessible.get_accState(Object varChild)
   at Microsoft.VisualStudio.TestTools.UITest.Extension.Msaa.AccWrapper.get_State()
	BaseExceptionMessage: Error HRESULT E_FAIL has been returned from a call to a COM component.

E, 3608, 18, 2012/11/02, 16:27:07.627, 1604023117102, QTAgent32.exe, Exception: System.Runtime.InteropServices.COMException
	Message: Error HRESULT E_FAIL has been returned from a call to a COM component.
	Stack Trace:    at Accessibility.IAccessible.get_accState(Object varChild)
   at Microsoft.VisualStudio.TestTools.UITest.Extension.Msaa.AccWrapper.get_State()
	BaseExceptionMessage: Error HRESULT E_FAIL has been returned from a call to a COM component.

E, 3608, 18, 2012/11/02, 16:27:07.627, 1604023121410, QTAgent32.exe, Exception: System.Runtime.InteropServices.COMException
	Message: Error HRESULT E_FAIL has been returned from a call to a COM component.
	Stack Trace:    at Accessibility.IAccessible.get_accState(Object varChild)
   at Microsoft.VisualStudio.TestTools.UITest.Extension.Msaa.AccWrapper.get_State()
	BaseExceptionMessage: Error HRESULT E_FAIL has been returned from a call to a COM component.

E, 3608, 18, 2012/11/02, 16:27:07.627, 1604023125920, QTAgent32.exe, Exception: System.Runtime.InteropServices.COMException
	Message: Error HRESULT E_FAIL has been returned from a call to a COM component.
	Stack Trace:    at Accessibility.IAccessible.get_accState(Object varChild)
   at Microsoft.VisualStudio.TestTools.UITest.Extension.Msaa.AccWrapper.get_State()
	BaseExceptionMessage: Error HRESULT E_FAIL has been returned from a call to a COM component.

E, 3608, 18, 2012/11/02, 16:27:07.627, 1604023131029, QTAgent32.exe, Exception: System.Runtime.InteropServices.COMException
	Message: Error HRESULT E_FAIL has been returned from a call to a COM component.
	Stack Trace:    at Accessibility.IAccessible.get_accState(Object varChild)
   at Microsoft.VisualStudio.TestTools.UITest.Extension.Msaa.AccWrapper.get_State()
	BaseExceptionMessage: Error HRESULT E_FAIL has been returned from a call to a COM component.

E, 3608, 18, 2012/11/02, 16:27:07.627, 1604023135274, QTAgent32.exe, Exception: System.Runtime.InteropServices.COMException
	Message: Error HRESULT E_FAIL has been returned from a call to a COM component.
	Stack Trace:    at Accessibility.IAccessible.get_accState(Object varChild)
   at Microsoft.VisualStudio.TestTools.UITest.Extension.Msaa.AccWrapper.get_State()
	BaseExceptionMessage: Error HRESULT E_FAIL has been returned from a call to a COM component.

W, 3608, 18, 2012/11/02, 16:27:07.830, 1604025982491, QTAgent32.exe, PERF WARNING: MSAA.UpdateQueryIDForNamelessControls: took 201 ms. Expected it to take maximum 200 ms.
W, 3608, 18, 2012/11/02, 16:27:07.830, 1604025986505, QTAgent32.exe, Msaa.Navigate: Exception [Error HRESULT E_FAIL has been returned from a call to a COM component.] while calling accNavigate.
E, 3608, 18, 2012/11/02, 16:27:07.830, 1604025987565, QTAgent32.exe, GetClassName for handle 9831782 failed
E, 3608, 18, 2012/11/02, 16:27:07.830, 1604025988377, QTAgent32.exe, Window 9831782 not responding. Last Win32 error 1400
E, 3608, 18, 2012/11/02, 16:27:07.830, 1604025990829, QTAgent32.exe, GetClassName for handle 5637976 failed
W, 3608, 18, 2012/11/02, 16:27:07.986, 1604028053339, QTAgent32.exe, &lt;a class=success&gt;Playback - {100} [SUCCESS] SendKeys "^{HOME}" - "[MSAA, VisibleOnly]ControlType='Edit'"
\0&lt;/a&gt;
E, 3608, 18, 2012/11/02, 16:27:07.986, 1604028056025, QTAgent32.exe, Msaa.GetFocusedElement: could not find accessible object of foreground window
W, 3608, 18, 2012/11/02, 16:27:08.079, 1604029393850, QTAgent32.exe, &lt;a class=success&gt;Playback - {101} [SUCCESS] SendKeys "^+{END}" - "[MSAA, VisibleOnly]ControlType='Edit'"
\0&lt;/a&gt;
E, 3608, 18, 2012/11/02, 16:27:08.079, 1604029396376, QTAgent32.exe, Msaa.GetFocusedElement: could not find accessible object of foreground window
W, 3608, 18, 2012/11/02, 16:27:08.095, 1604029617584, QTAgent32.exe, &lt;a class=success&gt;Playback - {102} [SUCCESS] SendKeys "{DELETE}" - "[MSAA, VisibleOnly]ControlType='Edit'"
\0&lt;/a&gt;
W, 3608, 18, 2012/11/02, 16:27:08.391, 1604033868174, QTAgent32.exe, &lt;a class=success&gt;Playback - {103} [SUCCESS] SetValueAsEditBox "NewTest" - "[MSAA, VisibleOnly]ControlType='Edit'"  &lt; Set via SendKeys &gt;
\0&lt;/a&gt;
W, 3608, 18, 2012/11/02, 16:27:08.891, 1604041134407, QTAgent32.exe, &lt;a class=success&gt;Playback - {104} [SUCCESS] MouseButtonClick - "[MSAA, VisibleOnly]ControlType='Button' &amp;&amp; Name='Next &gt;'"
\0&lt;/a&gt;
W, 3608, 18, 2012/11/02, 16:27:09.156, 1604044914204, QTAgent32.exe, &lt;a class=success&gt;Playback - {105} [SUCCESS] MouseButtonClick - "[MSAA, VisibleOnly]ControlType='Button' &amp;&amp; Name='Next &gt;'"
\0&lt;/a&gt;
W, 3608, 18, 2012/11/02, 16:27:09.374, 1604048093814, QTAgent32.exe, &lt;a class=success&gt;Playback - {106} [SUCCESS] MouseButtonClick - "[MSAA, VisibleOnly]ControlType='Button' &amp;&amp; Name='Next &gt;'"
\0&lt;/a&gt;
W, 3608, 18, 2012/11/02, 16:27:09.608, 1604051336653, QTAgent32.exe, &lt;a class=success&gt;Playback - {107} [SUCCESS] MouseButtonClick - "[MSAA, VisibleOnly]ControlType='Button' &amp;&amp; Name='Next &gt;'"
\0&lt;/a&gt;
W, 3608, 18, 2012/11/02, 16:27:09.842, 1604054652870, QTAgent32.exe, &lt;a class=success&gt;Playback - {108} [SUCCESS] MouseButtonClick - "[MSAA, VisibleOnly]ControlType='Button' &amp;&amp; Name='Next &gt;'"
\0&lt;/a&gt;
W, 3608, 18, 2012/11/02, 16:27:10.061, 1604057959656, QTAgent32.exe, &lt;a class=success&gt;Playback - {109} [SUCCESS] MouseButtonClick - "[MSAA, VisibleOnly]ControlType='Button' &amp;&amp; Name='Next &gt;'"
\0&lt;/a&gt;
W, 3608, 18, 2012/11/02, 16:27:10.295, 1604061197263, QTAgent32.exe, &lt;a class=success&gt;Playback - {110} [SUCCESS] MouseButtonClick - "[MSAA, VisibleOnly]ControlType='Button' &amp;&amp; Name='Next &gt;'"
\0&lt;/a&gt;
W, 3608, 18, 2012/11/02, 16:27:10.669, 1604066471336, QTAgent32.exe, &lt;a class=success&gt;Playback - {111} [SUCCESS] MouseButtonClick - "[MSAA, VisibleOnly]ControlType='Button' &amp;&amp; Name='Quote'"
\0&lt;/a&gt;
W, 3608, 18, 2012/11/02, 16:27:11.293, 1604075412414, QTAgent32.exe, &lt;a class=success&gt;Playback - {112} [SUCCESS] MouseButtonClick - "[MSAA, VisibleOnly]ControlType='Button' &amp;&amp; Name='OK'"
\0&lt;/a&gt;
W, 3608, 18, 2012/11/02, 16:27:14.164, 1604116537764, QTAgent32.exe, PERF WARNING: FindTopLevelWindowHelper::FindAllDescendents: took 2762 ms. Expected it to take maximum 500 ms.
W, 3608, 18, 2012/11/02, 16:27:14.273, 1604118072028, QTAgent32.exe, &lt;a class=success&gt;Playback - {113} [SUCCESS] MouseButtonClick - "[MSAA, VisibleOnly]ControlType='Client'"
\0&lt;/a&gt;
W, 3608, 18, 2012/11/02, 16:27:14.523, 1604121644729, QTAgent32.exe, &lt;a class=success&gt;Playback - {114} [SUCCESS] SendKeys "{Home}" - "[MSAA, VisibleOnly]ControlType='Client'"
\0&lt;/a&gt;
W, 3608, 18, 2012/11/02, 16:27:14.975, 1604128241747, QTAgent32.exe, &lt;a class=success&gt;Playback - {115} [SUCCESS] MouseButtonClick - "[MSAA, VisibleOnly]ControlType='Button' &amp;&amp; Name='Accept'"
\0&lt;/a&gt;
W, 3608, 18, 2012/11/02, 16:27:15.474, 1604135270098, QTAgent32.exe, &lt;a class=success&gt;Playback - {116} [SUCCESS] MouseButtonClick - "[MSAA, VisibleOnly]ControlType='Button' &amp;&amp; Name='OK'"
\0&lt;/a&gt;
W, 3608, 18, 2012/11/02, 16:27:15.958, 1604142244507, QTAgent32.exe, &lt;a class=success&gt;Playback - {117} [SUCCESS] MouseButtonClick - "[MSAA, VisibleOnly]ControlType='Button' &amp;&amp; Name='Ok'"
\0&lt;/a&gt;
W, 3608, 18, 2012/11/02, 16:27:29.671, 1604338542971, QTAgent32.exe, PERF WARNING: FindTopLevelWindowHelper::FindAllDescendents: took 13603 ms. Expected it to take maximum 500 ms.
W, 3608, 18, 2012/11/02, 16:27:30.092, 1604344611742, QTAgent32.exe, &lt;a class=success&gt;Playback - {118} [SUCCESS] MouseButtonClick - "[MSAA, VisibleOnly]ControlType='Button' &amp;&amp; Name='OK'"
\0&lt;/a&gt;
W, 3608, 18, 2012/11/02, 16:27:30.201, 1604346125079, QTAgent32.exe, Playback - [WARNING] Internal warning: Thread state based WFR - Requested element has invalid HWND
\0
W, 3608, 18, 2012/11/02, 16:27:30.201, 1604346126880, QTAgent32.exe, Playback - [WARNING] Internal warning: process performance counters based WFR - Requested element has invalid HWND
\0
E, 3608, 18, 2012/11/02, 16:27:30.201, 1604346129994, QTAgent32.exe, EnsureValid called via EnsureValid call for same element
E, 3608, 18, 2012/11/02, 16:27:30.201, 1604346132002, QTAgent32.exe, EnsureValid called via EnsureValid call for same element
E, 3608, 18, 2012/11/02, 16:27:30.201, 1604346133268, QTAgent32.exe, EnsureValid called via EnsureValid call for same element
E, 3608, 18, 2012/11/02, 16:27:30.201, 1604346137395, QTAgent32.exe, GetClassName for handle 16188464 failed
E, 3608, 18, 2012/11/02, 16:27:30.201, 1604346154280, QTAgent32.exe, Window 16188464 not responding. Last Win32 error 1400
E, 3608, 18, 2012/11/02, 16:27:30.201, 1604346156437, QTAgent32.exe, GetClassName for handle 16188464 failed
E, 3608, 18, 2012/11/02, 16:27:30.201, 1604346157276, QTAgent32.exe, GetClassName for handle 16188464 failed
W, 3608, 18, 2012/11/02, 16:27:30.544, 1604351044067, QTAgent32.exe, &lt;a class=success&gt;Playback - {119} [SUCCESS] Check - "[MSAA, VisibleOnly]ControlType='CheckBox' &amp;&amp; Name='Defer Printing?'"
\0&lt;/a&gt;
W, 3608, 18, 2012/11/02, 16:27:31.902, 1604370479371, QTAgent32.exe, &lt;a class=success&gt;Playback - {120} [SUCCESS] MouseButtonClick - "[MSAA, VisibleOnly]ControlType='Button' &amp;&amp; Name='Ok'"
\0&lt;/a&gt;
W, 3608, 18, 2012/11/02, 16:27:32.011, 1604372034358, QTAgent32.exe, Playback - [WARNING] Internal warning: Thread state based WFR - Requested element has invalid HWND
\0
W, 3608, 18, 2012/11/02, 16:27:32.011, 1604372036294, QTAgent32.exe, Playback - [WARNING] Internal warning: process performance counters based WFR - Requested element has invalid HWND
\0
E, 3608, 18, 2012/11/02, 16:27:32.011, 1604372039501, QTAgent32.exe, EnsureValid called via EnsureValid call for same element
E, 3608, 18, 2012/11/02, 16:27:32.011, 1604372041475, QTAgent32.exe, EnsureValid called via EnsureValid call for same element
E, 3608, 18, 2012/11/02, 16:27:32.011, 1604372042773, QTAgent32.exe, EnsureValid called via EnsureValid call for same element
E, 3608, 18, 2012/11/02, 16:27:32.011, 1604372046842, QTAgent32.exe, GetClassName for handle 8520466 failed
E, 3608, 18, 2012/11/02, 16:27:32.011, 1604372063868, QTAgent32.exe, Window 8520466 not responding. Last Win32 error 1400
E, 3608, 18, 2012/11/02, 16:27:32.011, 1604372066038, QTAgent32.exe, GetClassName for handle 8520466 failed
E, 3608, 18, 2012/11/02, 16:27:32.011, 1604372066847, QTAgent32.exe, GetClassName for handle 8520466 failed
W, 3608, 18, 2012/11/02, 16:27:32.853, 1604384157538, QTAgent32.exe, PERF WARNING: FindTopLevelWindowHelper::FindAllDescendents: took 844 ms. Expected it to take maximum 500 ms.
W, 3608, 18, 2012/11/02, 16:27:33.836, 1604398175532, QTAgent32.exe, &lt;a class=success&gt;Playback - {121} [SUCCESS] Uncheck - "[MSAA, VisibleOnly]ControlType='CheckBox' &amp;&amp; Name='Add Activity'"
\0&lt;/a&gt;
W, 3608, 18, 2012/11/02, 16:27:34.413, 1604406528180, QTAgent32.exe, &lt;a class=success&gt;Playback - {122} [SUCCESS] MouseButtonClick - "[MSAA, VisibleOnly]ControlType='Button' &amp;&amp; Name='Ok'"
\0&lt;/a&gt;
W, 3608, 18, 2012/11/02, 16:27:38.470, 1604464515156, QTAgent32.exe, PERF WARNING: FindTopLevelWindowHelper::FindAllDescendents: took 3838 ms. Expected it to take maximum 500 ms.
W, 3608, 18, 2012/11/02, 16:27:39.156, 1604474481985, QTAgent32.exe, &lt;a class=success&gt;Playback - {123} [SUCCESS] MouseButtonClick - "[MSAA, VisibleOnly]ControlType='Button' &amp;&amp; Name='OK'"
\0&lt;/a&gt;
W, 3608, 18, 2012/11/02, 16:27:41.855, 1604512985696, QTAgent32.exe, PERF WARNING: FindTopLevelWindowHelper::FindAllDescendents: took 2481 ms. Expected it to take maximum 500 ms.
W, 3608, 18, 2012/11/02, 16:27:44.148, 1604545811293, QTAgent32.exe, &lt;a class=success&gt;Playback - {124} [SUCCESS] MouseButtonClick - "[MSAA, VisibleOnly]ControlType='Button' &amp;&amp; Name='OK'"
\0&lt;/a&gt;
W, 3608, 18, 2012/11/02, 16:27:44.585, 1604552123219, QTAgent32.exe, &lt;a class=success&gt;Playback - {125} [SUCCESS] MouseButtonClick - "[MSAA, VisibleOnly]ControlType='Button' &amp;&amp; Name='Options'"
\0&lt;/a&gt;
W, 3608, 18, 2012/11/02, 16:27:44.694, 1604553637240, QTAgent32.exe, FindScreenElementInSinglePass : Attempting to find control in one pass of search. Failures can occur.
W, 3608, 18, 2012/11/02, 16:27:44.694, 1604553743081, QTAgent32.exe, Playback - [WARNING] Internal failure: Method GetBoundingRectangle failed (HRESULT = 0x1, "Incorrect function.") for Name = "Quote Select List" ," ControlType = "MenuItem"
\0
W, 3608, 18, 2012/11/02, 16:27:44.694, 1604553744363, QTAgent32.exe, Playback - [WARNING] Internal failure: Couldn't get clickable point for ScreenUIElement - GetClickablePoint failed
\0
W, 3608, 18, 2012/11/02, 16:27:44.694, 1604553746983, QTAgent32.exe, FindScreenElementInSinglePass : Attempting to find control in one pass of search. Failures can occur.
W, 3608, 18, 2012/11/02, 16:27:44.694, 1604553775451, QTAgent32.exe, FindScreenElementInSinglePass : Attempting to find control in one pass of search. Failures can occur.
W, 3608, 18, 2012/11/02, 16:27:45.022, 1604558322031, QTAgent32.exe, &lt;a class=success&gt;Playback - {126} [SUCCESS] LeftButtonClick - "[MSAA, VisibleOnly]ControlType='MenuBar' &amp;&amp; Name='Application'"  &lt; Mouse cursor location (960, 31) &gt;
\0&lt;/a&gt;
W, 3608, 18, 2012/11/02, 16:27:45.131, 1604559886566, QTAgent32.exe, &lt;a class=success&gt;Playback - {127} [SUCCESS] LeftButtonClick - "[MSAA]ControlType='MenuItem' &amp;&amp; Name='Options'"  &lt; Mouse cursor location (94, 31) &gt;
\0&lt;/a&gt;
W, 3608, 18, 2012/11/02, 16:27:45.287, 1604562117300, QTAgent32.exe, &lt;a class=success&gt;Playback - {128} [SUCCESS] LeftButtonClick - "[MSAA]ControlType='MenuItem' &amp;&amp; Name='Links'"  &lt; Mouse cursor location (174, 319) &gt;
\0&lt;/a&gt;
W, 3608, 18, 2012/11/02, 16:27:45.459, 1604564575755, QTAgent32.exe, &lt;a class=success&gt;Playback - {129} [SUCCESS] LeftButtonClick - "[MSAA]ControlType='MenuItem' &amp;&amp; Name='3rd Party Integration'"  &lt; Mouse cursor location (375, 319) &gt;
\0&lt;/a&gt;
W, 3608, 18, 2012/11/02, 16:27:45.630, 1604567071089, QTAgent32.exe, &lt;a class=success&gt;Playback - {130} [SUCCESS] MouseButtonClick - "[MSAA]ControlType='MenuItem' &amp;&amp; Name='Quote Select List'"
\0&lt;/a&gt;
W, 3608, 18, 2012/11/02, 16:27:47.549, 1604594524314, QTAgent32.exe, PERF WARNING: FindTopLevelWindowHelper::FindAllDescendents: took 1767 ms. Expected it to take maximum 500 ms.
W, 3608, 18, 2012/11/02, 16:27:48.173, 1604603646546, QTAgent32.exe, &lt;a class=success&gt;Playback - {131} [SUCCESS] MouseButtonClick - "[MSAA, VisibleOnly]ControlType='Button' &amp;&amp; Name='Ok'"
\0&lt;/a&gt;
W, 3608, 18, 2012/11/02, 16:27:48.298, 1604605276579, QTAgent32.exe, Playback - [WARNING] Internal warning: Thread state based WFR - Requested element has invalid HWND
\0
W, 3608, 18, 2012/11/02, 16:27:48.298, 1604605278246, QTAgent32.exe, Playback - [WARNING] Internal warning: process performance counters based WFR - Requested element has invalid HWND
\0
E, 3608, 18, 2012/11/02, 16:27:48.298, 1604605281255, QTAgent32.exe, EnsureValid called via EnsureValid call for same element
E, 3608, 18, 2012/11/02, 16:27:48.298, 1604605283239, QTAgent32.exe, EnsureValid called via EnsureValid call for same element
E, 3608, 18, 2012/11/02, 16:27:48.298, 1604605284509, QTAgent32.exe, EnsureValid called via EnsureValid call for same element
E, 3608, 18, 2012/11/02, 16:27:48.298, 1604605287601, QTAgent32.exe, GetClassName for handle 13304230 failed
E, 3608, 18, 2012/11/02, 16:27:48.298, 1604605292324, QTAgent32.exe, GetClassName for handle 13304230 failed
E, 3608, 18, 2012/11/02, 16:27:48.298, 1604605299606, QTAgent32.exe, Exception: System.Runtime.InteropServices.COMException
	Message: Error HRESULT E_FAIL has been returned from a call to a COM component.
	Stack Trace:    at Accessibility.IAccessible.get_accState(Object varChild)
   at Microsoft.VisualStudio.TestTools.UITest.Extension.Msaa.AccWrapper.get_State()
	BaseExceptionMessage: Error HRESULT E_FAIL has been returned from a call to a COM component.

E, 3608, 18, 2012/11/02, 16:27:48.298, 1604605303860, QTAgent32.exe, Exception: System.Runtime.InteropServices.COMException
	Message: Error HRESULT E_FAIL has been returned from a call to a COM component.
	Stack Trace:    at Accessibility.IAccessible.get_accState(Object varChild)
   at Microsoft.VisualStudio.TestTools.UITest.Extension.Msaa.AccWrapper.get_State()
	BaseExceptionMessage: Error HRESULT E_FAIL has been returned from a call to a COM component.

E, 3608, 18, 2012/11/02, 16:27:48.298, 1604605309194, QTAgent32.exe, Exception: System.Runtime.InteropServices.COMException
	Message: Error HRESULT E_FAIL has been returned from a call to a COM component.
	Stack Trace:    at Accessibility.IAccessible.get_accState(Object varChild)
   at Microsoft.VisualStudio.TestTools.UITest.Extension.Msaa.AccWrapper.get_State()
	BaseExceptionMessage: Error HRESULT E_FAIL has been returned from a call to a COM component.

E, 3608, 18, 2012/11/02, 16:27:48.298, 1604605313455, QTAgent32.exe, Exception: System.Runtime.InteropServices.COMException
	Message: Error HRESULT E_FAIL has been returned from a call to a COM component.
	Stack Trace:    at Accessibility.IAccessible.get_accState(Object varChild)
   at Microsoft.VisualStudio.TestTools.UITest.Extension.Msaa.AccWrapper.get_State()
	BaseExceptionMessage: Error HRESULT E_FAIL has been returned from a call to a COM component.

E, 3608, 18, 2012/11/02, 16:27:48.298, 1604605317668, QTAgent32.exe, Exception: System.Runtime.InteropServices.COMException
	Message: Error HRESULT E_FAIL has been returned from a call to a COM component.
	Stack Trace:    at Accessibility.IAccessible.get_accState(Object varChild)
   at Microsoft.VisualStudio.TestTools.UITest.Extension.Msaa.AccWrapper.get_State()
	BaseExceptionMessage: Error HRESULT E_FAIL has been returned from a call to a COM component.

E, 3608, 18, 2012/11/02, 16:27:48.298, 1604605321849, QTAgent32.exe, Exception: System.Runtime.InteropServices.COMException
	Message: Error HRESULT E_FAIL has been returned from a call to a COM component.
	Stack Trace:    at Accessibility.IAccessible.get_accState(Object varChild)
   at Microsoft.VisualStudio.TestTools.UITest.Extension.Msaa.AccWrapper.get_State()
	BaseExceptionMessage: Error HRESULT E_FAIL has been returned from a call to a COM component.

E, 3608, 18, 2012/11/02, 16:27:48.298, 1604605326049, QTAgent32.exe, Exception: System.Runtime.InteropServices.COMException
	Message: Error HRESULT E_FAIL has been returned from a call to a COM component.
	Stack Trace:    at Accessibility.IAccessible.get_accState(Object varChild)
   at Microsoft.VisualStudio.TestTools.UITest.Extension.Msaa.AccWrapper.get_State()
	BaseExceptionMessage: Error HRESULT E_FAIL has been returned from a call to a COM component.

W, 3608, 18, 2012/11/02, 16:27:48.501, 1604608174089, QTAgent32.exe, PERF WARNING: MSAA.UpdateQueryIDForNamelessControls: took 201 ms. Expected it to take maximum 200 ms.
W, 3608, 18, 2012/11/02, 16:27:48.501, 1604608178030, QTAgent32.exe, Msaa.Navigate: Exception [Error HRESULT E_FAIL has been returned from a call to a COM component.] while calling accNavigate.
E, 3608, 18, 2012/11/02, 16:27:48.501, 1604608179055, QTAgent32.exe, GetClassName for handle 8062740 failed
E, 3608, 18, 2012/11/02, 16:27:48.501, 1604608179885, QTAgent32.exe, Window 8062740 not responding. Last Win32 error 1400
E, 3608, 18, 2012/11/02, 16:27:48.501, 1604608182327, QTAgent32.exe, GetClassName for handle 13304230 failed
W, 3608, 18, 2012/11/02, 16:27:52.619, 1604667111920, QTAgent32.exe, PERF WARNING: FindTopLevelWindowHelper::FindAllDescendents: took 4115 ms. Expected it to take maximum 500 ms.
W, 3608, 18, 2012/11/02, 16:27:53.041, 1604673247074, QTAgent32.exe, &lt;a class=success&gt;Playback - {132} [SUCCESS] MouseButtonClick - "[MSAA, VisibleOnly]ControlType='Button' &amp;&amp; Name='Close'"
\0&lt;/a&gt;
W, 3608, 18, 2012/11/02, 16:27:55.896, 1604714004515, QTAgent32.exe, &lt;a class=success&gt;Playback - {133} [SUCCESS] MouseButtonClick - "[MSAA, VisibleOnly]ControlType='Button' &amp;&amp; Name='OK'"
\0&lt;/a&gt;
W, 3608, 18, 2012/11/02, 16:27:57.549, 1604737695291, QTAgent32.exe, Playback - [WARNING] Internal warning: Element "[MSAA, VisibleOnly]ControlType='Window' &amp;&amp; ControlId='32770'" was not found, so all intermediate elements were ignored. To improve performance replace this element Id with another Id or exclude it from QueryId. If this element is the target element, replace or remove intermediate elements
\0
W, 3608, 18, 2012/11/02, 16:27:58.095, 1604745497679, QTAgent32.exe, PERF WARNING: FindAllDescendents: took 2089 ms. Expected it to take maximum 500 ms.
W, 3608, 18, 2012/11/02, 16:27:58.438, 1604750462690, QTAgent32.exe, &lt;a class=success&gt;Playback - {134} [SUCCESS] MouseButtonClick - "[MSAA, VisibleOnly]ControlType='Button' &amp;&amp; Name='Cancel'"
\0&lt;/a&gt;
W, 3608, 18, 2012/11/02, 16:28:00.092, 1604774090791, QTAgent32.exe, Playback - [WARNING] Internal warning: Element "[MSAA, VisibleOnly]ControlType='Window' &amp;&amp; ControlId='32769'" was not found, so all intermediate elements were ignored. To improve performance replace this element Id with another Id or exclude it from QueryId. If this element is the target element, replace or remove intermediate elements
\0
W, 3608, 18, 2012/11/02, 16:28:00.623, 1604781787922, QTAgent32.exe, PERF WARNING: FindAllDescendents: took 2069 ms. Expected it to take maximum 500 ms.
W, 3608, 18, 2012/11/02, 16:28:01.075, 1604788169270, QTAgent32.exe, &lt;a class=success&gt;Playback - {135} [SUCCESS] MouseButtonClick - "[MSAA, VisibleOnly]ControlType='Button' &amp;&amp; Name='Cancel'"
\0&lt;/a&gt;
W, 3608, 18, 2012/11/02, 16:28:01.403, 1604792943444, QTAgent32.exe, Playback - [WARNING] Internal warning: Window Not Found: [VisibleOnly]ControlType='Window' &amp;&amp; Name='Customer: txt1 tdsfs' &amp;&amp; ClassName='ThunderRT6MDIForm'
\0
E, 3608, 18, 2012/11/02, 16:28:01.403, 1604792946157, QTAgent32.exe, &lt;a class=failure&gt;Playback - {136} [FAILED] Function ElementFetcher::FindScreenElement failed to locate UI element (Searching: ;[VisibleOnly]ControlType='Window' &amp;&amp; Name='Customer: txt1 tdsfs' &amp;&amp; ClassName='ThunderRT6MDIForm') (The object specified was not found.)
\0&lt;/a&gt;
E, 3608, 18, 2012/11/02, 16:28:01.481, 1604794184409, QTAgent32.exe, Playback - [IMAGE] C:\Users\peter.zenin-ad\AppData\Local\Temp\UITestLogs\LastRun\RPF841C.png
\0
W, 3608, 18, 2012/11/02, 16:28:01.481, 1604794186604, QTAgent32.exe, Playback - [WARNING] Internal warning: Couldn't find descendants that match QueryId
\0
W, 3608, 18, 2012/11/02, 16:28:01.496, 1604794340652, QTAgent32.exe, Playback - [WARNING] Internal warning: Window Not Found: [VisibleOnly]ControlType='Window' &amp;&amp; Name='Customer: txt1 tdsfs' &amp;&amp; ClassName='ThunderRT6MDIForm'
\0
E, 3608, 18, 2012/11/02, 16:28:01.496, 1604794342820, QTAgent32.exe, &lt;a class=failure&gt;Playback - {137} [FAILED] Function ElementFetcher::FindScreenElement failed to locate UI element (Searching: ;[VisibleOnly]ControlType='Window' &amp;&amp; Name='Customer: txt1 tdsfs' &amp;&amp; ClassName='ThunderRT6MDIForm') (The object specified was not found.)
\0&lt;/a&gt;
E, 3608, 18, 2012/11/02, 16:28:01.590, 1604795594871, QTAgent32.exe, Playback - [IMAGE] C:\Users\peter.zenin-ad\AppData\Local\Temp\UITestLogs\LastRun\RPF847A.png
\0
W, 3608, 18, 2012/11/02, 16:28:01.590, 1604795597099, QTAgent32.exe, Playback - [WARNING] Internal warning: Couldn't find descendants that match QueryId
\0
W, 3608, 18, 2012/11/02, 16:28:01.808, 1604798786475, QTAgent32.exe, Playback - [WARNING] Internal warning: Window Not Found: [VisibleOnly]ControlType='Window' &amp;&amp; Name='Customer: txt1 tdsfs' &amp;&amp; ClassName='ThunderRT6MDIForm'
\0
E, 3608, 18, 2012/11/02, 16:28:01.808, 1604798789442, QTAgent32.exe, &lt;a class=failure&gt;Playback - {138} [FAILED] Function ElementFetcher::FindScreenElement failed to locate UI element (Searching: ;[VisibleOnly]ControlType='Window' &amp;&amp; Name='Customer: txt1 tdsfs' &amp;&amp; ClassName='ThunderRT6MDIForm') (The object specified was not found.)
\0&lt;/a&gt;
E, 3608, 18, 2012/11/02, 16:28:01.902, 1604800105726, QTAgent32.exe, Playback - [IMAGE] C:\Users\peter.zenin-ad\AppData\Local\Temp\UITestLogs\LastRun\RPF85B3.png
\0
W, 3608, 18, 2012/11/02, 16:28:01.902, 1604800107970, QTAgent32.exe, Playback - [WARNING] Internal warning: Couldn't find descendants that match QueryId
\0
E, 3608, 18, 2012/11/02, 16:28:01.902, 1604800111955, QTAgent32.exe, Exception: System.Runtime.InteropServices.COMException
	Message: Error HRESULT E_FAIL has been returned from a call to a COM component.
	Stack Trace:    at Microsoft.VisualStudio.TestTools.UITest.Playback.Engine.IRPFPlayback.FindAllScreenElements(IScreenElement pScreenElementStart, String bstrQueryId, Object&amp; pvarResKeys, Int32 cResKeys, Int32 nMaxDepth, Object[]&amp; foundDescendants)
   at Microsoft.VisualStudio.TestTools.UITest.Playback.ScreenElement.FindTopLevelWindowHelper(String queryId)
	BaseExceptionMessage: Error HRESULT E_FAIL has been returned from a call to a COM component.

E, 3608, 18, 2012/11/02, 16:28:01.902, 1604800116875, QTAgent32.exe, Window 7012738 not responding. Last Win32 error 0
E, 3608, 18, 2012/11/02, 16:28:01.902, 1604800120617, QTAgent32.exe, Window 7012738 not responding. Last Win32 error 1400
E, 3608, 18, 2012/11/02, 16:28:01.902, 1604800123984, QTAgent32.exe, GetClassName for handle 7012738 failed
E, 3608, 18, 2012/11/02, 16:28:01.902, 1604800133250, QTAgent32.exe, Window 7012738 not responding. Last Win32 error 1400
E, 3608, 18, 2012/11/02, 16:28:01.902, 1604800134398, QTAgent32.exe, GetClassName for handle 7012738 failed
E, 3608, 18, 2012/11/02, 16:28:01.902, 1604800135222, QTAgent32.exe, GetClassName for handle 7012738 failed
W, 3608, 18, 2012/11/02, 16:28:02.229, 1604804785271, QTAgent32.exe, Playback - [WARNING] Internal warning: Window Not Found: [VisibleOnly]ControlType='Window' &amp;&amp; Name='Customer: autotest autotest' &amp;&amp; ClassName='ThunderRT6MDIForm'
\0
E, 3608, 18, 2012/11/02, 16:28:02.229, 1604804788166, QTAgent32.exe, &lt;a class=failure&gt;Playback - {139} [FAILED] Function ElementFetcher::FindScreenElement failed to locate UI element (Searching: ;[VisibleOnly]ControlType='Window' &amp;&amp; Name='Customer: autotest autotest' &amp;&amp; ClassName='ThunderRT6MDIForm') (The object specified was not found.)
\0&lt;/a&gt;
E, 3608, 18, 2012/11/02, 16:28:02.307, 1604806026960, QTAgent32.exe, Playback - [IMAGE] C:\Users\peter.zenin-ad\AppData\Local\Temp\UITestLogs\LastRun\RPF875A.png
\0
W, 3608, 18, 2012/11/02, 16:28:02.323, 1604806033123, QTAgent32.exe, Playback - [WARNING] Internal warning: Couldn't find descendants that match QueryId
\0
W, 3608, 18, 2012/11/02, 16:28:02.323, 1604806187674, QTAgent32.exe, Playback - [WARNING] Internal warning: Window Not Found: [VisibleOnly]ControlType='Window' &amp;&amp; Name='Customer: autotest autotest' &amp;&amp; ClassName='ThunderRT6MDIForm'
\0
E, 3608, 18, 2012/11/02, 16:28:02.323, 1604806189670, QTAgent32.exe, &lt;a class=failure&gt;Playback - {140} [FAILED] Function ElementFetcher::FindScreenElement failed to locate UI element (Searching: ;[VisibleOnly]ControlType='Window' &amp;&amp; Name='Customer: autotest autotest' &amp;&amp; ClassName='ThunderRT6MDIForm') (The object specified was not found.)
\0&lt;/a&gt;
E, 3608, 18, 2012/11/02, 16:28:02.417, 1604807426936, QTAgent32.exe, Playback - [IMAGE] C:\Users\peter.zenin-ad\AppData\Local\Temp\UITestLogs\LastRun\RPF87B8.png
\0
W, 3608, 18, 2012/11/02, 16:28:02.417, 1604807429177, QTAgent32.exe, Playback - [WARNING] Internal warning: Couldn't find descendants that match QueryId
\0
W, 3608, 18, 2012/11/02, 16:28:02.635, 1604810596816, QTAgent32.exe, Playback - [WARNING] Internal warning: Window Not Found: [VisibleOnly]ControlType='Window' &amp;&amp; Name='Customer: autotest autotest' &amp;&amp; ClassName='ThunderRT6MDIForm'
\0
E, 3608, 18, 2012/11/02, 16:28:02.635, 1604810599821, QTAgent32.exe, &lt;a class=failure&gt;Playback - {141} [FAILED] Function ElementFetcher::FindScreenElement failed to locate UI element (Searching: ;[VisibleOnly]ControlType='Window' &amp;&amp; Name='Customer: autotest autotest' &amp;&amp; ClassName='ThunderRT6MDIForm') (The object specified was not found.)
\0&lt;/a&gt;
E, 3608, 18, 2012/11/02, 16:28:02.729, 1604811853394, QTAgent32.exe, Playback - [IMAGE] C:\Users\peter.zenin-ad\AppData\Local\Temp\UITestLogs\LastRun\RPF88F1.png
\0
W, 3608, 18, 2012/11/02, 16:28:02.729, 1604811855611, QTAgent32.exe, Playback - [WARNING] Internal warning: Couldn't find descendants that match QueryId
\0
E, 3608, 18, 2012/11/02, 16:28:02.729, 1604811859588, QTAgent32.exe, Exception: System.Runtime.InteropServices.COMException
	Message: Error HRESULT E_FAIL has been returned from a call to a COM component.
	Stack Trace:    at Microsoft.VisualStudio.TestTools.UITest.Playback.Engine.IRPFPlayback.FindAllScreenElements(IScreenElement pScreenElementStart, String bstrQueryId, Object&amp; pvarResKeys, Int32 cResKeys, Int32 nMaxDepth, Object[]&amp; foundDescendants)
   at Microsoft.VisualStudio.TestTools.UITest.Playback.ScreenElement.FindTopLevelWindowHelper(String queryId)
	BaseExceptionMessage: Error HRESULT E_FAIL has been returned from a call to a COM component.

E, 3608, 18, 2012/11/02, 16:28:02.729, 1604811864196, QTAgent32.exe, Window 7012738 not responding. Last Win32 error 0
E, 3608, 18, 2012/11/02, 16:28:02.729, 1604811867985, QTAgent32.exe, Window 7012738 not responding. Last Win32 error 1400
E, 3608, 18, 2012/11/02, 16:28:02.729, 1604811872670, QTAgent32.exe, Window 7012738 not responding. Last Win32 error 1400
E, 3608, 18, 2012/11/02, 16:28:02.729, 1604811873908, QTAgent32.exe, GetClassName for handle 7012738 failed
E, 3608, 18, 2012/11/02, 16:28:02.729, 1604811874714, QTAgent32.exe, GetClassName for handle 7012738 failed
W, 3608, 18, 2012/11/02, 16:28:02.963, 1604815280818, QTAgent32.exe, Playback - [WARNING] Internal warning: Window Not Found: [VisibleOnly]ControlType='Window' &amp;&amp; Name='Customer: txt1 tdsfs' &amp;&amp; ClassName='ThunderRT6MDIForm'
\0
E, 3608, 18, 2012/11/02, 16:28:02.963, 1604815283803, QTAgent32.exe, &lt;a class=failure&gt;Playback - {142} [FAILED] Function ElementFetcher::FindScreenElement failed to locate UI element (Searching: ;[VisibleOnly]ControlType='Window' &amp;&amp; Name='Customer: txt1 tdsfs' &amp;&amp; ClassName='ThunderRT6MDIForm') (The object specified was not found.)
\0&lt;/a&gt;
E, 3608, 18, 2012/11/02, 16:28:03.041, 1604816514760, QTAgent32.exe, Playback - [IMAGE] C:\Users\peter.zenin-ad\AppData\Local\Temp\UITestLogs\LastRun\RPF8A3A.png
\0
W, 3608, 18, 2012/11/02, 16:28:03.041, 1604816519734, QTAgent32.exe, Playback - [WARNING] Internal warning: Couldn't find descendants that match QueryId
\0
W, 3608, 18, 2012/11/02, 16:28:03.524, 1604823323708, QTAgent32.exe, Playback - [WARNING] Internal warning: Window Not Found: [VisibleOnly]ControlType='Window' &amp;&amp; Name='Customer: txt1 tdsfs' &amp;&amp; ClassName='ThunderRT6MDIForm'
\0
E, 3608, 18, 2012/11/02, 16:28:03.524, 1604823326618, QTAgent32.exe, &lt;a class=failure&gt;Playback - {143} [FAILED] Function ElementFetcher::FindScreenElement failed to locate UI element (Searching: ;[VisibleOnly]ControlType='Window' &amp;&amp; Name='Customer: txt1 tdsfs' &amp;&amp; ClassName='ThunderRT6MDIForm') (The object specified was not found.)
\0&lt;/a&gt;
E, 3608, 18, 2012/11/02, 16:28:03.618, 1604824576459, QTAgent32.exe, Playback - [IMAGE] C:\Users\peter.zenin-ad\AppData\Local\Temp\UITestLogs\LastRun\RPF8C6C.png
\0
W, 3608, 18, 2012/11/02, 16:28:03.618, 1604824578722, QTAgent32.exe, Playback - [WARNING] Internal warning: Couldn't find descendants that match QueryId
\0
W, 3608, 18, 2012/11/02, 16:28:03.618, 1604824581756, QTAgent32.exe, PERF WARNING: FindTopLevelWindowHelper::FindAllDescendents: took 562 ms. Expected it to take maximum 500 ms.
W, 3608, 18, 2012/11/02, 16:28:04.055, 1604830882071, QTAgent32.exe, Playback - [WARNING] Internal warning: Smart Match failed
\0
W, 3608, 18, 2012/11/02, 16:28:04.195, 1604832892064, QTAgent32.exe, Playback - [WARNING] Internal warning: Smart Match failed
\0
W, 3608, 18, 2012/11/02, 16:28:04.492, 1604837138933, QTAgent32.exe, Playback - [WARNING] Internal warning: Smart Match failed
\0
W, 3608, 18, 2012/11/02, 16:28:04.663, 1604839654361, QTAgent32.exe, Playback - [WARNING] Internal warning: Smart Match failed
\0
W, 3608, 18, 2012/11/02, 16:28:04.804, 1604841605420, QTAgent32.exe, Playback - [WARNING] Internal warning: Smart Match failed
\0
W, 3608, 18, 2012/11/02, 16:28:04.944, 1604843610589, QTAgent32.exe, Playback - [WARNING] Internal warning: Smart Match failed
\0
W, 3608, 18, 2012/11/02, 16:28:05.084, 1604845624691, QTAgent32.exe, Playback - [WARNING] Internal warning: Smart Match failed
\0
W, 3608, 18, 2012/11/02, 16:28:05.225, 1604847631201, QTAgent32.exe, Playback - [WARNING] Internal warning: Smart Match failed
\0
W, 3608, 18, 2012/11/02, 16:28:05.365, 1604849644102, QTAgent32.exe, Playback - [WARNING] Internal warning: Smart Match failed
\0
W, 3608, 18, 2012/11/02, 16:28:05.677, 1604854107917, QTAgent32.exe, Playback - [WARNING] Internal warning: Smart Match failed
\0
W, 3608, 18, 2012/11/02, 16:28:05.818, 1604856118869, QTAgent32.exe, Playback - [WARNING] Internal warning: Smart Match failed
\0
W, 3608, 18, 2012/11/02, 16:28:05.958, 1604858128473, QTAgent32.exe, Playback - [WARNING] Internal warning: Smart Match failed
\0
W, 3608, 18, 2012/11/02, 16:28:06.098, 1604860140467, QTAgent32.exe, Playback - [WARNING] Internal warning: Smart Match failed
\0
W, 3608, 18, 2012/11/02, 16:28:06.239, 1604862149924, QTAgent32.exe, Playback - [WARNING] Internal warning: Smart Match failed
\0
W, 3608, 18, 2012/11/02, 16:28:06.379, 1604864160157, QTAgent32.exe, Playback - [WARNING] Internal warning: Smart Match failed
\0
W, 3608, 18, 2012/11/02, 16:28:06.520, 1604866170853, QTAgent32.exe, Playback - [WARNING] Internal warning: Smart Match failed
\0
W, 3608, 18, 2012/11/02, 16:28:06.660, 1604868185489, QTAgent32.exe, Playback - [WARNING] Internal warning: Smart Match failed
\0
W, 3608, 18, 2012/11/02, 16:28:06.691, 1604868761634, QTAgent32.exe, Playback - [WARNING] Internal warning: Window Not Found: [VisibleOnly]ControlType='Window' &amp;&amp; Name='Customer: txt1 tdsfs' &amp;&amp; ClassName='ThunderRT6MDIForm'
\0
E, 3608, 18, 2012/11/02, 16:28:06.691, 1604868764343, QTAgent32.exe, &lt;a class=failure&gt;Playback - {144} [FAILED] Function ElementFetcher::FindScreenElement failed to locate UI element (Searching: ;[VisibleOnly]ControlType='Window' &amp;&amp; Name='Customer: txt1 tdsfs' &amp;&amp; ClassName='ThunderRT6MDIForm') (The object specified was not found.)
\0&lt;/a&gt;
E, 3608, 18, 2012/11/02, 16:28:06.785, 1604870024602, QTAgent32.exe, Playback - [IMAGE] C:\Users\peter.zenin-ad\AppData\Local\Temp\UITestLogs\LastRun\RPF98CC.png
\0
W, 3608, 18, 2012/11/02, 16:28:06.785, 1604870026855, QTAgent32.exe, Playback - [WARNING] Internal warning: Couldn't find descendants that match QueryId
\0
W, 3608, 18, 2012/11/02, 16:28:06.785, 1604870029855, QTAgent32.exe, PERF WARNING: FindTopLevelWindowHelper::FindAllDescendents: took 3173 ms. Expected it to take maximum 500 ms.
E, 3608, 18, 2012/11/02, 16:28:06.785, 1604870031640, QTAgent32.exe, Exception: System.Runtime.InteropServices.COMException
	Message: Error HRESULT E_FAIL has been returned from a call to a COM component.
	Stack Trace:    at Microsoft.VisualStudio.TestTools.UITest.Playback.Engine.IRPFPlayback.FindAllScreenElements(IScreenElement pScreenElementStart, String bstrQueryId, Object&amp; pvarResKeys, Int32 cResKeys, Int32 nMaxDepth, Object[]&amp; foundDescendants)
   at Microsoft.VisualStudio.TestTools.UITest.Playback.ScreenElement.FindTopLevelWindowHelper(String queryId)
	BaseExceptionMessage: Error HRESULT E_FAIL has been returned from a call to a COM component.

E, 3608, 18, 2012/11/02, 16:28:06.785, 1604870036260, QTAgent32.exe, Window 7012738 not responding. Last Win32 error 0
E, 3608, 18, 2012/11/02, 16:28:06.785, 1604870040192, QTAgent32.exe, Window 7012738 not responding. Last Win32 error 1400
E, 3608, 18, 2012/11/02, 16:28:06.785, 1604870044892, QTAgent32.exe, Window 7012738 not responding. Last Win32 error 1400
E, 3608, 18, 2012/11/02, 16:28:06.785, 1604870046128, QTAgent32.exe, GetClassName for handle 7012738 failed
E, 3608, 18, 2012/11/02, 16:28:06.785, 1604870046971, QTAgent32.exe, GetClassName for handle 7012738 failed
W, 3608, 18, 2012/11/02, 16:28:07.019, 1604873362814, QTAgent32.exe, Playback - [WARNING] Internal warning: Window Not Found: [VisibleOnly]ControlType='Window' &amp;&amp; Name='Customer: autotest autotest' &amp;&amp; ClassName='ThunderRT6MDIForm'
\0
E, 3608, 18, 2012/11/02, 16:28:07.019, 1604873365808, QTAgent32.exe, &lt;a class=failure&gt;Playback - {145} [FAILED] Function ElementFetcher::FindScreenElement failed to locate UI element (Searching: ;[VisibleOnly]ControlType='Window' &amp;&amp; Name='Customer: autotest autotest' &amp;&amp; ClassName='ThunderRT6MDIForm') (The object specified was not found.)
\0&lt;/a&gt;
E, 3608, 18, 2012/11/02, 16:28:07.112, 1604874614486, QTAgent32.exe, Playback - [IMAGE] C:\Users\peter.zenin-ad\AppData\Local\Temp\UITestLogs\LastRun\RPF9A15.png
\0
W, 3608, 18, 2012/11/02, 16:28:07.112, 1604874616628, QTAgent32.exe, Playback - [WARNING] Internal warning: Couldn't find descendants that match QueryId
\0
W, 3608, 18, 2012/11/02, 16:28:07.658, 1604882518789, QTAgent32.exe, Playback - [WARNING] Internal warning: Window Not Found: [VisibleOnly]ControlType='Window' &amp;&amp; Name='Customer: autotest autotest' &amp;&amp; ClassName='ThunderRT6MDIForm'
\0
E, 3608, 18, 2012/11/02, 16:28:07.658, 1604882521722, QTAgent32.exe, &lt;a class=failure&gt;Playback - {146} [FAILED] Function ElementFetcher::FindScreenElement failed to locate UI element (Searching: ;[VisibleOnly]ControlType='Window' &amp;&amp; Name='Customer: autotest autotest' &amp;&amp; ClassName='ThunderRT6MDIForm') (The object specified was not found.)
\0&lt;/a&gt;
E, 3608, 18, 2012/11/02, 16:28:07.736, 1604883754813, QTAgent32.exe, Playback - [IMAGE] C:\Users\peter.zenin-ad\AppData\Local\Temp\UITestLogs\LastRun\RPF9C95.png
\0
W, 3608, 18, 2012/11/02, 16:28:07.736, 1604883756997, QTAgent32.exe, Playback - [WARNING] Internal warning: Couldn't find descendants that match QueryId
\0
W, 3608, 18, 2012/11/02, 16:28:07.752, 1604883763297, QTAgent32.exe, PERF WARNING: FindTopLevelWindowHelper::FindAllDescendents: took 638 ms. Expected it to take maximum 500 ms.
W, 3608, 18, 2012/11/02, 16:28:08.189, 1604890071465, QTAgent32.exe, Playback - [WARNING] Internal warning: Smart Match failed
\0
W, 3608, 18, 2012/11/02, 16:28:08.329, 1604892107584, QTAgent32.exe, Playback - [WARNING] Internal warning: Smart Match failed
\0
W, 3608, 18, 2012/11/02, 16:28:08.470, 1604894097026, QTAgent32.exe, Playback - [WARNING] Internal warning: Smart Match failed
\0
W, 3608, 18, 2012/11/02, 16:28:08.610, 1604896102108, QTAgent32.exe, Playback - [WARNING] Internal warning: Smart Match failed
\0
W, 3608, 18, 2012/11/02, 16:28:08.751, 1604898112096, QTAgent32.exe, Playback - [WARNING] Internal warning: Smart Match failed
\0
W, 3608, 18, 2012/11/02, 16:28:08.891, 1604900122331, QTAgent32.exe, Playback - [WARNING] Internal warning: Smart Match failed
\0
W, 3608, 18, 2012/11/02, 16:28:09.031, 1604902133096, QTAgent32.exe, Playback - [WARNING] Internal warning: Smart Match failed
\0
W, 3608, 18, 2012/11/02, 16:28:09.172, 1604904143740, QTAgent32.exe, Playback - [WARNING] Internal warning: Smart Match failed
\0
W, 3608, 18, 2012/11/02, 16:28:09.312, 1604906166299, QTAgent32.exe, Playback - [WARNING] Internal warning: Smart Match failed
\0
W, 3608, 18, 2012/11/02, 16:28:09.453, 1604908168088, QTAgent32.exe, Playback - [WARNING] Internal warning: Smart Match failed
\0
W, 3608, 18, 2012/11/02, 16:28:09.593, 1604910174524, QTAgent32.exe, Playback - [WARNING] Internal warning: Smart Match failed
\0
W, 3608, 18, 2012/11/02, 16:28:09.733, 1604912219355, QTAgent32.exe, Playback - [WARNING] Internal warning: Smart Match failed
\0
W, 3608, 18, 2012/11/02, 16:28:09.874, 1604914261325, QTAgent32.exe, Playback - [WARNING] Internal warning: Smart Match failed
\0
W, 3608, 18, 2012/11/02, 16:28:10.014, 1604916203821, QTAgent32.exe, Playback - [WARNING] Internal warning: Smart Match failed
\0
W, 3608, 18, 2012/11/02, 16:28:10.155, 1604918215935, QTAgent32.exe, Playback - [WARNING] Internal warning: Smart Match failed
\0
W, 3608, 18, 2012/11/02, 16:28:10.295, 1604920224331, QTAgent32.exe, Playback - [WARNING] Internal warning: Smart Match failed
\0
W, 3608, 18, 2012/11/02, 16:28:10.435, 1604922237895, QTAgent32.exe, Playback - [WARNING] Internal warning: Smart Match failed
\0
W, 3608, 18, 2012/11/02, 16:28:10.576, 1604924249377, QTAgent32.exe, Playback - [WARNING] Internal warning: Smart Match failed
\0
W, 3608, 18, 2012/11/02, 16:28:10.716, 1604926255082, QTAgent32.exe, Playback - [WARNING] Internal warning: Smart Match failed
\0
W, 3608, 18, 2012/11/02, 16:28:10.857, 1604928265959, QTAgent32.exe, Playback - [WARNING] Internal warning: Smart Match failed
\0
W, 3608, 18, 2012/11/02, 16:28:10.888, 1604928793611, QTAgent32.exe, Playback - [WARNING] Internal warning: Window Not Found: [VisibleOnly]ControlType='Window' &amp;&amp; Name='Customer: autotest autotest' &amp;&amp; ClassName='ThunderRT6MDIForm'
\0
E, 3608, 18, 2012/11/02, 16:28:10.888, 1604928796493, QTAgent32.exe, &lt;a class=failure&gt;Playback - {147} [FAILED] Function ElementFetcher::FindScreenElement failed to locate UI element (Searching: ;[VisibleOnly]ControlType='Window' &amp;&amp; Name='Customer: autotest autotest' &amp;&amp; ClassName='ThunderRT6MDIForm') (The object specified was not found.)
\0&lt;/a&gt;
E, 3608, 18, 2012/11/02, 16:28:10.981, 1604930040321, QTAgent32.exe, Playback - [IMAGE] C:\Users\peter.zenin-ad\AppData\Local\Temp\UITestLogs\LastRun\RPFA934.png
\0
W, 3608, 18, 2012/11/02, 16:28:10.981, 1604930042535, QTAgent32.exe, Playback - [WARNING] Internal warning: Couldn't find descendants that match QueryId
\0
W, 3608, 18, 2012/11/02, 16:28:10.981, 1604930045575, QTAgent32.exe, PERF WARNING: FindTopLevelWindowHelper::FindAllDescendents: took 3232 ms. Expected it to take maximum 500 ms.
E, 3608, 18, 2012/11/02, 16:28:10.981, 1604930047398, QTAgent32.exe, Exception: System.Runtime.InteropServices.COMException
	Message: Error HRESULT E_FAIL has been returned from a call to a COM component.
	Stack Trace:    at Microsoft.VisualStudio.TestTools.UITest.Playback.Engine.IRPFPlayback.FindAllScreenElements(IScreenElement pScreenElementStart, String bstrQueryId, Object&amp; pvarResKeys, Int32 cResKeys, Int32 nMaxDepth, Object[]&amp; foundDescendants)
   at Microsoft.VisualStudio.TestTools.UITest.Playback.ScreenElement.FindTopLevelWindowHelper(String queryId)
	BaseExceptionMessage: Error HRESULT E_FAIL has been returned from a call to a COM component.

E, 3608, 18, 2012/11/02, 16:28:10.981, 1604930052071, QTAgent32.exe, Window 7012738 not responding. Last Win32 error 0
E, 3608, 18, 2012/11/02, 16:28:10.981, 1604930055833, QTAgent32.exe, Window 7012738 not responding. Last Win32 error 1400
E, 3608, 18, 2012/11/02, 16:28:10.981, 1604930060504, QTAgent32.exe, Window 7012738 not responding. Last Win32 error 1400
E, 3608, 18, 2012/11/02, 16:28:10.981, 1604930061739, QTAgent32.exe, GetClassName for handle 7012738 failed
E, 3608, 18, 2012/11/02, 16:28:10.981, 1604930062564, QTAgent32.exe, GetClassName for handle 7012738 failed
W, 3608, 18, 2012/11/02, 16:28:11.200, 1604933224290, QTAgent32.exe, Playback - [WARNING] Internal warning: Window Not Found: [VisibleOnly]ControlType='Window' &amp;&amp; Name='Customer: txt1 tdsfs' &amp;&amp; ClassName='ThunderRT6MDIForm'
\0
E, 3608, 18, 2012/11/02, 16:28:11.200, 1604933227294, QTAgent32.exe, &lt;a class=failure&gt;Playback - {148} [FAILED] Function ElementFetcher::FindScreenElement failed to locate UI element (Searching: ;[VisibleOnly]ControlType='Window' &amp;&amp; Name='Customer: txt1 tdsfs' &amp;&amp; ClassName='ThunderRT6MDIForm') (The object specified was not found.)
\0&lt;/a&gt;
E, 3608, 18, 2012/11/02, 16:28:11.293, 1604934467890, QTAgent32.exe, Playback - [IMAGE] C:\Users\peter.zenin-ad\AppData\Local\Temp\UITestLogs\LastRun\RPFAA6D.png
\0
W, 3608, 18, 2012/11/02, 16:28:11.293, 1604934470549, QTAgent32.exe, Playback - [WARNING] Internal warning: Couldn't find descendants that match QueryId
\0
W, 3608, 18, 2012/11/02, 16:28:11.839, 1604942383525, QTAgent32.exe, Playback - [WARNING] Internal warning: Window Not Found: [VisibleOnly]ControlType='Window' &amp;&amp; Name='Customer: txt1 tdsfs' &amp;&amp; ClassName='ThunderRT6MDIForm'
\0
E, 3608, 18, 2012/11/02, 16:28:11.839, 1604942386521, QTAgent32.exe, &lt;a class=failure&gt;Playback - {149} [FAILED] Function ElementFetcher::FindScreenElement failed to locate UI element (Searching: ;[VisibleOnly]ControlType='Window' &amp;&amp; Name='Customer: txt1 tdsfs' &amp;&amp; ClassName='ThunderRT6MDIForm') (The object specified was not found.)
\0&lt;/a&gt;
E, 3608, 18, 2012/11/02, 16:28:11.949, 1604944038086, QTAgent32.exe, Playback - [IMAGE] C:\Users\peter.zenin-ad\AppData\Local\Temp\UITestLogs\LastRun\RPFACED.png
\0
W, 3608, 18, 2012/11/02, 16:28:11.949, 1604944040276, QTAgent32.exe, Playback - [WARNING] Internal warning: Couldn't find descendants that match QueryId
\0
W, 3608, 18, 2012/11/02, 16:28:11.949, 1604944043126, QTAgent32.exe, PERF WARNING: FindTopLevelWindowHelper::FindAllDescendents: took 668 ms. Expected it to take maximum 500 ms.
W, 3608, 18, 2012/11/02, 16:28:12.401, 1604950378810, QTAgent32.exe, Playback - [WARNING] Internal warning: Smart Match failed
\0
W, 3608, 18, 2012/11/02, 16:28:12.542, 1604952388795, QTAgent32.exe, Playback - [WARNING] Internal warning: Smart Match failed
\0
W, 3608, 18, 2012/11/02, 16:28:12.682, 1604954400909, QTAgent32.exe, Playback - [WARNING] Internal warning: Smart Match failed
\0
W, 3608, 18, 2012/11/02, 16:28:12.822, 1604956412553, QTAgent32.exe, Playback - [WARNING] Internal warning: Smart Match failed
\0
W, 3608, 18, 2012/11/02, 16:28:12.963, 1604958418930, QTAgent32.exe, Playback - [WARNING] Internal warning: Smart Match failed
\0
W, 3608, 18, 2012/11/02, 16:28:13.103, 1604960429567, QTAgent32.exe, Playback - [WARNING] Internal warning: Smart Match failed
\0
W, 3608, 18, 2012/11/02, 16:28:13.244, 1604962439764, QTAgent32.exe, Playback - [WARNING] Internal warning: Smart Match failed
\0
W, 3608, 18, 2012/11/02, 16:28:13.384, 1604964449806, QTAgent32.exe, Playback - [WARNING] Internal warning: Smart Match failed
\0
W, 3608, 18, 2012/11/02, 16:28:13.540, 1604966684199, QTAgent32.exe, Playback - [WARNING] Internal warning: Smart Match failed
\0
W, 3608, 18, 2012/11/02, 16:28:13.680, 1604968694854, QTAgent32.exe, Playback - [WARNING] Internal warning: Smart Match failed
\0
W, 3608, 18, 2012/11/02, 16:28:13.821, 1604970704092, QTAgent32.exe, Playback - [WARNING] Internal warning: Smart Match failed
\0
W, 3608, 18, 2012/11/02, 16:28:14.008, 1604973383349, QTAgent32.exe, Playback - [WARNING] Internal warning: Smart Match failed
\0
W, 3608, 18, 2012/11/02, 16:28:14.148, 1604975394066, QTAgent32.exe, Playback - [WARNING] Internal warning: Smart Match failed
\0
W, 3608, 18, 2012/11/02, 16:28:14.289, 1604977404812, QTAgent32.exe, Playback - [WARNING] Internal warning: Smart Match failed
\0
W, 3608, 18, 2012/11/02, 16:28:14.429, 1604979415776, QTAgent32.exe, Playback - [WARNING] Internal warning: Smart Match failed
\0
W, 3608, 18, 2012/11/02, 16:28:14.570, 1604981464937, QTAgent32.exe, Playback - [WARNING] Internal warning: Smart Match failed
\0
W, 3608, 18, 2012/11/02, 16:28:14.710, 1604983437113, QTAgent32.exe, Playback - [WARNING] Internal warning: Smart Match failed
\0
W, 3608, 18, 2012/11/02, 16:28:14.866, 1604985806330, QTAgent32.exe, Playback - [WARNING] Internal warning: Smart Match failed
\0
W, 3608, 18, 2012/11/02, 16:28:15.022, 1604987942881, QTAgent32.exe, Playback - [WARNING] Internal warning: Smart Match failed
\0
W, 3608, 18, 2012/11/02, 16:28:15.053, 1604988504661, QTAgent32.exe, Playback - [WARNING] Internal warning: Window Not Found: [VisibleOnly]ControlType='Window' &amp;&amp; Name='Customer: txt1 tdsfs' &amp;&amp; ClassName='ThunderRT6MDIForm'
\0
E, 3608, 18, 2012/11/02, 16:28:15.053, 1604988507645, QTAgent32.exe, &lt;a class=failure&gt;Playback - {150} [FAILED] Function ElementFetcher::FindScreenElement failed to locate UI element (Searching: ;[VisibleOnly]ControlType='Window' &amp;&amp; Name='Customer: txt1 tdsfs' &amp;&amp; ClassName='ThunderRT6MDIForm') (The object specified was not found.)
\0&lt;/a&gt;
E, 3608, 18, 2012/11/02, 16:28:15.147, 1604989757554, QTAgent32.exe, Playback - [IMAGE] C:\Users\peter.zenin-ad\AppData\Local\Temp\UITestLogs\LastRun\RPFB97C.png
\0
W, 3608, 18, 2012/11/02, 16:28:15.147, 1604989759665, QTAgent32.exe, Playback - [WARNING] Internal warning: Couldn't find descendants that match QueryId
\0
W, 3608, 18, 2012/11/02, 16:28:15.147, 1604989762682, QTAgent32.exe, PERF WARNING: FindTopLevelWindowHelper::FindAllDescendents: took 3192 ms. Expected it to take maximum 500 ms.
E, 3608, 18, 2012/11/02, 16:28:15.147, 1604989764482, QTAgent32.exe, Exception: System.Runtime.InteropServices.COMException
	Message: Error HRESULT E_FAIL has been returned from a call to a COM component.
	Stack Trace:    at Microsoft.VisualStudio.TestTools.UITest.Playback.Engine.IRPFPlayback.FindAllScreenElements(IScreenElement pScreenElementStart, String bstrQueryId, Object&amp; pvarResKeys, Int32 cResKeys, Int32 nMaxDepth, Object[]&amp; foundDescendants)
   at Microsoft.VisualStudio.TestTools.UITest.Playback.ScreenElement.FindTopLevelWindowHelper(String queryId)
	BaseExceptionMessage: Error HRESULT E_FAIL has been returned from a call to a COM component.

E, 3608, 18, 2012/11/02, 16:28:15.147, 1604989769127, QTAgent32.exe, Window 7012738 not responding. Last Win32 error 0
E, 3608, 18, 2012/11/02, 16:28:15.147, 1604989772895, QTAgent32.exe, Window 7012738 not responding. Last Win32 error 1400
E, 3608, 18, 2012/11/02, 16:28:15.147, 1604989777586, QTAgent32.exe, Window 7012738 not responding. Last Win32 error 1400
E, 3608, 18, 2012/11/02, 16:28:15.147, 1604989778812, QTAgent32.exe, GetClassName for handle 7012738 failed
E, 3608, 18, 2012/11/02, 16:28:15.147, 1604989779635, QTAgent32.exe, GetClassName for handle 7012738 failed
W, 3608, 18, 2012/11/02, 16:28:15.381, 1604993080024, QTAgent32.exe, Playback - [WARNING] Internal warning: Window Not Found: [VisibleOnly]ControlType='Window' &amp;&amp; Name='Customer: autotest autotest' &amp;&amp; ClassName='ThunderRT6MDIForm'
\0
E, 3608, 18, 2012/11/02, 16:28:15.381, 1604993082923, QTAgent32.exe, &lt;a class=failure&gt;Playback - {151} [FAILED] Function ElementFetcher::FindScreenElement failed to locate UI element (Searching: ;[VisibleOnly]ControlType='Window' &amp;&amp; Name='Customer: autotest autotest' &amp;&amp; ClassName='ThunderRT6MDIForm') (The object specified was not found.)
\0&lt;/a&gt;
E, 3608, 18, 2012/11/02, 16:28:15.474, 1604994338968, QTAgent32.exe, Playback - [IMAGE] C:\Users\peter.zenin-ad\AppData\Local\Temp\UITestLogs\LastRun\RPFBAC5.png
\0
W, 3608, 18, 2012/11/02, 16:28:15.474, 1604994341201, QTAgent32.exe, Playback - [WARNING] Internal warning: Couldn't find descendants that match QueryId
\0
W, 3608, 18, 2012/11/02, 16:28:16.020, 1605002246607, QTAgent32.exe, Playback - [WARNING] Internal warning: Window Not Found: [VisibleOnly]ControlType='Window' &amp;&amp; Name='Customer: autotest autotest' &amp;&amp; ClassName='ThunderRT6MDIForm'
\0
E, 3608, 18, 2012/11/02, 16:28:16.020, 1605002249791, QTAgent32.exe, &lt;a class=failure&gt;Playback - {152} [FAILED] Function ElementFetcher::FindScreenElement failed to locate UI element (Searching: ;[VisibleOnly]ControlType='Window' &amp;&amp; Name='Customer: autotest autotest' &amp;&amp; ClassName='ThunderRT6MDIForm') (The object specified was not found.)
\0&lt;/a&gt;
E, 3608, 18, 2012/11/02, 16:28:16.114, 1605003492025, QTAgent32.exe, Playback - [IMAGE] C:\Users\peter.zenin-ad\AppData\Local\Temp\UITestLogs\LastRun\RPFBD45.png
\0
W, 3608, 18, 2012/11/02, 16:28:16.114, 1605003494314, QTAgent32.exe, Playback - [WARNING] Internal warning: Couldn't find descendants that match QueryId
\0
W, 3608, 18, 2012/11/02, 16:28:16.114, 1605003497397, QTAgent32.exe, PERF WARNING: FindTopLevelWindowHelper::FindAllDescendents: took 639 ms. Expected it to take maximum 500 ms.
W, 3608, 18, 2012/11/02, 16:28:16.551, 1605009795530, QTAgent32.exe, Playback - [WARNING] Internal warning: Smart Match failed
\0
W, 3608, 18, 2012/11/02, 16:28:16.691, 1605011804884, QTAgent32.exe, Playback - [WARNING] Internal warning: Smart Match failed
\0
W, 3608, 18, 2012/11/02, 16:28:16.832, 1605013814484, QTAgent32.exe, Playback - [WARNING] Internal warning: Smart Match failed
\0
W, 3608, 18, 2012/11/02, 16:28:16.972, 1605015825061, QTAgent32.exe, Playback - [WARNING] Internal warning: Smart Match failed
\0
W, 3608, 18, 2012/11/02, 16:28:17.113, 1605017834551, QTAgent32.exe, Playback - [WARNING] Internal warning: Smart Match failed
\0
W, 3608, 18, 2012/11/02, 16:28:17.253, 1605019846196, QTAgent32.exe, Playback - [WARNING] Internal warning: Smart Match failed
\0
W, 3608, 18, 2012/11/02, 16:28:17.393, 1605021857225, QTAgent32.exe, Playback - [WARNING] Internal warning: Smart Match failed
\0
W, 3608, 18, 2012/11/02, 16:28:17.534, 1605023865417, QTAgent32.exe, Playback - [WARNING] Internal warning: Smart Match failed
\0
W, 3608, 18, 2012/11/02, 16:28:17.674, 1605025877533, QTAgent32.exe, Playback - [WARNING] Internal warning: Smart Match failed
\0
W, 3608, 18, 2012/11/02, 16:28:17.815, 1605027887178, QTAgent32.exe, Playback - [WARNING] Internal warning: Smart Match failed
\0
W, 3608, 18, 2012/11/02, 16:28:17.955, 1605029900286, QTAgent32.exe, Playback - [WARNING] Internal warning: Smart Match failed
\0
W, 3608, 18, 2012/11/02, 16:28:18.095, 1605031909845, QTAgent32.exe, Playback - [WARNING] Internal warning: Smart Match failed
\0
W, 3608, 18, 2012/11/02, 16:28:18.236, 1605033918366, QTAgent32.exe, Playback - [WARNING] Internal warning: Smart Match failed
\0
W, 3608, 18, 2012/11/02, 16:28:18.376, 1605035926910, QTAgent32.exe, Playback - [WARNING] Internal warning: Smart Match failed
\0
W, 3608, 18, 2012/11/02, 16:28:18.517, 1605037938647, QTAgent32.exe, Playback - [WARNING] Internal warning: Smart Match failed
\0
W, 3608, 18, 2012/11/02, 16:28:18.657, 1605039950500, QTAgent32.exe, Playback - [WARNING] Internal warning: Smart Match failed
\0
W, 3608, 18, 2012/11/02, 16:28:18.797, 1605041959883, QTAgent32.exe, Playback - [WARNING] Internal warning: Smart Match failed
\0
W, 3608, 18, 2012/11/02, 16:28:18.938, 1605043971139, QTAgent32.exe, Playback - [WARNING] Internal warning: Smart Match failed
\0
W, 3608, 18, 2012/11/02, 16:28:19.078, 1605045982559, QTAgent32.exe, Playback - [WARNING] Internal warning: Smart Match failed
\0
W, 3608, 18, 2012/11/02, 16:28:19.219, 1605047990674, QTAgent32.exe, Playback - [WARNING] Internal warning: Smart Match failed
\0
W, 3608, 18, 2012/11/02, 16:28:19.250, 1605048519421, QTAgent32.exe, Playback - [WARNING] Internal warning: Window Not Found: [VisibleOnly]ControlType='Window' &amp;&amp; Name='Customer: autotest autotest' &amp;&amp; ClassName='ThunderRT6MDIForm'
\0
E, 3608, 18, 2012/11/02, 16:28:19.250, 1605048522279, QTAgent32.exe, &lt;a class=failure&gt;Playback - {153} [FAILED] Function ElementFetcher::FindScreenElement failed to locate UI element (Searching: ;[VisibleOnly]ControlType='Window' &amp;&amp; Name='Customer: autotest autotest' &amp;&amp; ClassName='ThunderRT6MDIForm') (The object specified was not found.)
\0&lt;/a&gt;
E, 3608, 18, 2012/11/02, 16:28:19.343, 1605049761726, QTAgent32.exe, Playback - [IMAGE] C:\Users\peter.zenin-ad\AppData\Local\Temp\UITestLogs\LastRun\RPFC9E3.png
\0
W, 3608, 18, 2012/11/02, 16:28:19.343, 1605049763942, QTAgent32.exe, Playback - [WARNING] Internal warning: Couldn't find descendants that match QueryId
\0
W, 3608, 18, 2012/11/02, 16:28:19.343, 1605049766869, QTAgent32.exe, PERF WARNING: FindTopLevelWindowHelper::FindAllDescendents: took 3231 ms. Expected it to take maximum 500 ms.
E, 3608, 18, 2012/11/02, 16:28:19.343, 1605049768701, QTAgent32.exe, Exception: System.Runtime.InteropServices.COMException
	Message: Error HRESULT E_FAIL has been returned from a call to a COM component.
	Stack Trace:    at Microsoft.VisualStudio.TestTools.UITest.Playback.Engine.IRPFPlayback.FindAllScreenElements(IScreenElement pScreenElementStart, String bstrQueryId, Object&amp; pvarResKeys, Int32 cResKeys, Int32 nMaxDepth, Object[]&amp; foundDescendants)
   at Microsoft.VisualStudio.TestTools.UITest.Playback.ScreenElement.FindTopLevelWindowHelper(String queryId)
	BaseExceptionMessage: Error HRESULT E_FAIL has been returned from a call to a COM component.

E, 3608, 18, 2012/11/02, 16:28:19.343, 1605049773318, QTAgent32.exe, Window 7012738 not responding. Last Win32 error 0
E, 3608, 18, 2012/11/02, 16:28:19.343, 1605049777032, QTAgent32.exe, Window 7012738 not responding. Last Win32 error 1400
E, 3608, 18, 2012/11/02, 16:28:19.343, 1605049781578, QTAgent32.exe, Window 7012738 not responding. Last Win32 error 1400
E, 3608, 18, 2012/11/02, 16:28:19.343, 1605049782788, QTAgent32.exe, GetClassName for handle 7012738 failed
E, 3608, 18, 2012/11/02, 16:28:19.343, 1605049783609, QTAgent32.exe, GetClassName for handle 7012738 failed
E, 3608, 18, 2012/11/02, 16:28:19.453, 1605051289028, QTAgent32.exe, AL: Playback Error: Microsoft.VisualStudio.TestTools.UITest.Extension.UITestControlNotFoundException: Unable to find the top level element of the control ---&gt; Microsoft.VisualStudio.TestTools.UITest.Extension.UITestControlNotFoundException: The playback failed to find the control with the given search properties. Additional Details: 
TechnologyName:  'MSAA'
ControlType:  'Window'
 ---&gt; System.Runtime.InteropServices.COMException: Error HRESULT E_FAIL has been returned from a call to a COM component.
   at Microsoft.VisualStudio.TestTools.UITest.Playback.Engine.IRPFPlayback.FindAllScreenElements(IScreenElement pScreenElementStart, String bstrQueryId, Object&amp; pvarResKeys, Int32 cResKeys, Int32 nMaxDepth, Object[]&amp; foundDescendants)
   at Microsoft.VisualStudio.TestTools.UITest.Playback.ScreenElement.FindTopLevelWindowHelper(String queryId)
   at Microsoft.VisualStudio.TestTools.UITest.Playback.ScreenElement.FindFromPartialQueryId(String queryId)
   at Microsoft.VisualStudio.TestTools.UITesting.UITestControl..ctor(String queryId)
   --- End of inner exception stack trace ---
   at Microsoft.VisualStudio.TestTools.UITesting.Playback.MapControlNotFoundException(COMException ex, IPlaybackContext context)
   at Microsoft.VisualStudio.TestTools.UITesting.Playback.MapAndThrowComException(COMException innerException, IPlaybackContext context)
   at Microsoft.VisualStudio.TestTools.UITesting.Playback.MapAndThrowException(SystemException exception, IPlaybackContext context)
   at Microsoft.VisualStudio.TestTools.UITesting.Playback.MapAndThrowException(SystemException exception, String queryId)
   at Microsoft.VisualStudio.TestTools.UITesting.UITestControl..ctor(String queryId)
   at Microsoft.VisualStudio.TestTools.UITesting.SearchHelper.SearchTopLevelWindow(ISearchArgument topLevelSearchArg, String topLevelElementQueryId)
   at Microsoft.VisualStudio.TestTools.UITesting.SearchHelper.SearchUsingMultipleTitles(ISearchArgument topLevelSearchArg, QueryId topLevelQueryId, IList`1 windowTitles)
   --- End of inner exception stack trace ---
   at Microsoft.VisualStudio.TestTools.UITesting.SearchHelper.SearchUsingMultipleTitles(ISearchArgument topLevelSearchArg, QueryId topLevelQueryId, IList`1 windowTitles)
   at Microsoft.VisualStudio.TestTools.UITesting.SearchHelper.GetTitleUpdatedTopLevelWindow(ISearchArgument topLevelSearchArg, String queryId, IList`1 windowTitles)
   at Microsoft.VisualStudio.TestTools.UITesting.SearchHelper.GetTopLevelElement(Boolean useCache, Boolean useCacheOnly, ISearchArgument searchArg, IList`1 windowTitles, Int32&amp; timeLeft)
   at Microsoft.VisualStudio.TestTools.UITesting.SearchHelper.GetElement(Boolean useCache, ISearchArgument searchArg)
   at Microsoft.VisualStudio.TestTools.UITesting.SearchHelper.Search(ISearchArgument searchArg)
   at Microsoft.VisualStudio.TestTools.UITesting.UITestControl.FindInternal()
   at Microsoft.VisualStudio.TestTools.UITesting.UITestControl.FindControlIfNecessary()
   at Microsoft.VisualStudio.TestTools.UITesting.UITestControl.Click(MouseButtons button, ModifierKeys modifierKeys, Point relativeCoordinates)
   at Microsoft.VisualStudio.TestTools.UITesting.Mouse.ClickImplementation(UITestControl control, MouseButtons button, ModifierKeys modifierKeys, Point relativeCoordinate)
   at Microsoft.VisualStudio.TestTools.UITesting.Mouse.ClickImplementationWrapper(UITestControl control, MouseButtons button, ModifierKeys modifierKeys, Point relativeCoordinate)
W, 3608, 18, 2012/11/02, 16:28:19.453, 1605051291402, QTAgent32.exe, PlaybackErrorHandler: Ignoring exception as ContinueOnError is set.
W, 3608, 18, 2012/11/02, 16:28:19.780, 1605056080630, QTAgent32.exe, &lt;a class=success&gt;Playback - {154} [SUCCESS] MouseButtonClick - "[MSAA, VisibleOnly]ControlType='Button' &amp;&amp; Name='Close'"
\0&lt;/a&gt;
W, 3608, 18, 2012/11/02, 16:28:24.258, 1605120111692, QTAgent32.exe, IEDOM : StopSession of the plugin called before StartSession
W, 3608, 18, 2012/11/02, 16:28:24.258, 1605120113006, QTAgent32.exe, UIA : StopSession of the plugin called before StartSession
W, 3608, 18, 2012/11/02, 16:28:24.258, 1605120113681, QTAgent32.exe, SLPlugin : StopSession of the plugin called before StartSession
</DebugTrace>
      </Output>
    </UnitTestResult>
    <UnitTestResult executionId="18f47307-e48e-4059-b6ef-6f4b338540a7" testId="f90b30ce-fb72-514e-f606-6c0b8cb3f354" testName="HouseTest8" computerName="ICLVDEVAP01" duration="00:04:45.1338333" startTime="2012-11-02T16:28:24.2581363+00:00" endTime="2012-11-02T16:33:09.4055328+00:00" testType="13cdc9d9-ddb5-4fa4-a97d-d965ccfc6d4b" outcome="Passed" testListId="8c84fa94-04c1-424b-9868-57a2d4851a1d" relativeResultsDirectory="18f47307-e48e-4059-b6ef-6f4b338540a7">
      <Output>
        <DebugTrace>W, 3608, 22, 2012/11/02, 16:28:24.258, 1605120261124, QTAgent32.exe, ExtensionFramework : A Technology Manager with name Web is already registered.
W, 3608, 22, 2012/11/02, 16:28:25.116, 1605132368045, QTAgent32.exe, &lt;a class=success&gt;Playback - {1} [SUCCESS] MouseButtonClick - "[MSAA, VisibleOnly]ControlType='Edit'"
\0&lt;/a&gt;
W, 3608, 22, 2012/11/02, 16:28:25.381, 1605136166062, QTAgent32.exe, &lt;a class=success&gt;Playback - {2} [SUCCESS] SendKeys "[*]" - "[MSAA, VisibleOnly]ControlType='Edit'"
\0&lt;/a&gt;
W, 3608, 22, 2012/11/02, 16:28:26.348, 1605150141245, QTAgent32.exe, &lt;a class=success&gt;Playback - {3} [SUCCESS] MouseButtonClick - "[MSAA, VisibleOnly]ControlType='Button' &amp;&amp; Name='OK'"
\0&lt;/a&gt;
W, 3608, 22, 2012/11/02, 16:28:27.003, 1605159581252, QTAgent32.exe, &lt;a class=success&gt;Playback - {4} [SUCCESS] MouseButtonClick - "[MSAA, VisibleOnly]ControlType='Button' &amp;&amp; Name='OK'"
\0&lt;/a&gt;
W, 3608, 22, 2012/11/02, 16:28:27.471, 1605166122508, QTAgent32.exe, &lt;a class=success&gt;Playback - {5} [SUCCESS] MouseButtonClick - "[MSAA, VisibleOnly]ControlType='Button' &amp;&amp; Name='Clients &amp; Files'"
\0&lt;/a&gt;
W, 3608, 22, 2012/11/02, 16:28:27.939, 1605172858969, QTAgent32.exe, &lt;a class=success&gt;Playback - {6} [SUCCESS] MouseButtonClick - "[MSAA, VisibleOnly]ControlType='Button' &amp;&amp; Name='Clients &amp; Files'"
\0&lt;/a&gt;
W, 3608, 22, 2012/11/02, 16:28:28.329, 1605178514644, QTAgent32.exe, Playback - [WARNING] Internal warning: Window Not Found: [VisibleOnly]ControlType='Window' &amp;&amp; Name='Customer: txt1 tdsfs' &amp;&amp; ClassName='ThunderRT6MDIForm'
\0
E, 3608, 22, 2012/11/02, 16:28:28.329, 1605178517691, QTAgent32.exe, &lt;a class=failure&gt;Playback - {7} [FAILED] Function ElementFetcher::FindScreenElement failed to locate UI element (Searching: ;[VisibleOnly]ControlType='Window' &amp;&amp; Name='Customer: txt1 tdsfs' &amp;&amp; ClassName='ThunderRT6MDIForm') (The object specified was not found.)
\0&lt;/a&gt;
E, 3608, 22, 2012/11/02, 16:28:28.423, 1605179751325, QTAgent32.exe, Playback - [IMAGE] C:\Users\peter.zenin-ad\AppData\Local\Temp\UITestLogs\LastRun\RPFED5C.png
\0
W, 3608, 22, 2012/11/02, 16:28:28.423, 1605179753595, QTAgent32.exe, Playback - [WARNING] Internal warning: Couldn't find descendants that match QueryId
\0
W, 3608, 22, 2012/11/02, 16:28:46.489, 1605438498254, QTAgent32.exe, Playback - [WARNING] Internal warning: Window Not Found: [VisibleOnly]ControlType='Window' &amp;&amp; Name='Customer: txt1 tdsfs' &amp;&amp; ClassName='ThunderRT6MDIForm'
\0
E, 3608, 22, 2012/11/02, 16:28:46.489, 1605438502016, QTAgent32.exe, &lt;a class=failure&gt;Playback - {8} [FAILED] Function ElementFetcher::FindScreenElement failed to locate UI element (Searching: ;[VisibleOnly]ControlType='Window' &amp;&amp; Name='Customer: txt1 tdsfs' &amp;&amp; ClassName='ThunderRT6MDIForm') (The object specified was not found.)
\0&lt;/a&gt;
E, 3608, 22, 2012/11/02, 16:28:46.582, 1605439728342, QTAgent32.exe, Playback - [IMAGE] C:\Users\peter.zenin-ad\AppData\Local\Temp\UITestLogs\LastRun\RPF344B.png
\0
W, 3608, 22, 2012/11/02, 16:28:46.582, 1605439730537, QTAgent32.exe, Playback - [WARNING] Internal warning: Couldn't find descendants that match QueryId
\0
W, 3608, 22, 2012/11/02, 16:28:46.582, 1605439733524, QTAgent32.exe, PERF WARNING: FindTopLevelWindowHelper::FindAllDescendents: took 18156 ms. Expected it to take maximum 500 ms.
W, 3608, 22, 2012/11/02, 16:28:47.066, 1605446778235, QTAgent32.exe, Playback - [WARNING] Internal warning: Window with Class "ThunderRT6MDIForm" and Title "Customer: txt1 tdsfs" was not found, so similar window with Class "ThunderRT6MDIForm" and Title "Customer: autotest" was accepted
\0
W, 3608, 22, 2012/11/02, 16:28:48.642, 1605469348857, QTAgent32.exe, Playback - [WARNING] Internal warning: Incorrect flag set for InvokeProgrammaticAction\0
W, 3608, 22, 2012/11/02, 16:28:48.969, 1605473909673, QTAgent32.exe, &lt;a class=success&gt;Playback - {9} [SUCCESS] SetValueAsComboBox "Customers" - "[MSAA, VisibleOnly]ControlType='ComboBox'"  &lt; SetValueAsComboBox, set by clicking on the item in the list box &gt;
\0&lt;/a&gt;
W, 3608, 22, 2012/11/02, 16:28:49.624, 1605483376028, QTAgent32.exe, &lt;a class=success&gt;Playback - {10} [SUCCESS] MouseButtonClick - "[MSAA, VisibleOnly]ControlType='Button' &amp;&amp; Name='Add'"
\0&lt;/a&gt;
W, 3608, 22, 2012/11/02, 16:28:50.030, 1605489079749, QTAgent32.exe, &lt;a class=success&gt;Playback - {11} [SUCCESS] SendKeys "autotest" - "[MSAA, VisibleOnly]ControlType='RadioButton' &amp;&amp; Name='Personal Lines'"
\0&lt;/a&gt;
W, 3608, 22, 2012/11/02, 16:28:50.514, 1605496006907, QTAgent32.exe, &lt;a class=success&gt;Playback - {12} [SUCCESS] SetValueAsEditBox "autotest" - "[MSAA, VisibleOnly]ControlType='Edit'"  &lt; Set via SendKeys &gt;
\0&lt;/a&gt;
W, 3608, 22, 2012/11/02, 16:28:51.028, 1605503533022, QTAgent32.exe, &lt;a class=success&gt;Playback - {13} [SUCCESS] MouseButtonClick - "[MSAA, VisibleOnly]ControlType='Button' &amp;&amp; Name='OK'"
\0&lt;/a&gt;
W, 3608, 22, 2012/11/02, 16:28:51.606, 1605511686831, QTAgent32.exe, &lt;a class=success&gt;Playback - {14} [SUCCESS] MouseButtonClick - "[MSAA, VisibleOnly]ControlType='Button' &amp;&amp; Name='Yes'"
\0&lt;/a&gt;
W, 3608, 22, 2012/11/02, 16:28:51.824, 1605514767290, QTAgent32.exe, &lt;a class=success&gt;Playback - {15} [SUCCESS] SendKeys "^{HOME}" - "[MSAA, VisibleOnly]ControlType='Edit'"
\0&lt;/a&gt;
E, 3608, 22, 2012/11/02, 16:28:51.824, 1605514770456, QTAgent32.exe, Msaa.GetFocusedElement: could not find accessible object of foreground window
W, 3608, 22, 2012/11/02, 16:28:51.949, 1605516553139, QTAgent32.exe, &lt;a class=success&gt;Playback - {16} [SUCCESS] SendKeys "^+{END}" - "[MSAA, VisibleOnly]ControlType='Edit'"
\0&lt;/a&gt;
E, 3608, 22, 2012/11/02, 16:28:51.949, 1605516556958, QTAgent32.exe, Msaa.GetFocusedElement: could not find accessible object of foreground window
W, 3608, 22, 2012/11/02, 16:28:51.964, 1605516776893, QTAgent32.exe, &lt;a class=success&gt;Playback - {17} [SUCCESS] SendKeys "{DELETE}" - "[MSAA, VisibleOnly]ControlType='Edit'"
\0&lt;/a&gt;
W, 3608, 22, 2012/11/02, 16:28:52.042, 1605517896205, QTAgent32.exe, &lt;a class=success&gt;Playback - {18} [SUCCESS] SetValueAsEditBox "1" - "[MSAA, VisibleOnly]ControlType='Edit'"  &lt; Set via SendKeys &gt;
\0&lt;/a&gt;
W, 3608, 22, 2012/11/02, 16:28:52.276, 1605521245242, QTAgent32.exe, &lt;a class=success&gt;Playback - {19} [SUCCESS] SendKeys "^{HOME}" - "[MSAA, VisibleOnly]ControlType='Edit'"
\0&lt;/a&gt;
E, 3608, 22, 2012/11/02, 16:28:52.276, 1605521248140, QTAgent32.exe, Msaa.GetFocusedElement: could not find accessible object of foreground window
W, 3608, 22, 2012/11/02, 16:28:52.354, 1605522359281, QTAgent32.exe, &lt;a class=success&gt;Playback - {20} [SUCCESS] SendKeys "^+{END}" - "[MSAA, VisibleOnly]ControlType='Edit'"
\0&lt;/a&gt;
E, 3608, 22, 2012/11/02, 16:28:52.354, 1605522362371, QTAgent32.exe, Msaa.GetFocusedElement: could not find accessible object of foreground window
W, 3608, 22, 2012/11/02, 16:28:52.370, 1605522583936, QTAgent32.exe, &lt;a class=success&gt;Playback - {21} [SUCCESS] SendKeys "{DELETE}" - "[MSAA, VisibleOnly]ControlType='Edit'"
\0&lt;/a&gt;
W, 3608, 22, 2012/11/02, 16:28:52.448, 1605523703099, QTAgent32.exe, &lt;a class=success&gt;Playback - {22} [SUCCESS] SetValueAsEditBox "1" - "[MSAA, VisibleOnly]ControlType='Edit'"  &lt; Set via SendKeys &gt;
\0&lt;/a&gt;
W, 3608, 22, 2012/11/02, 16:28:52.901, 1605530247032, QTAgent32.exe, &lt;a class=success&gt;Playback - {23} [SUCCESS] MouseButtonClick - "[MSAA, VisibleOnly]ControlType='Button' &amp;&amp; Name='OK'"
\0&lt;/a&gt;
W, 3608, 22, 2012/11/02, 16:28:53.415, 1605537686920, QTAgent32.exe, &lt;a class=success&gt;Playback - {24} [SUCCESS] MouseButtonClick - "[MSAA, VisibleOnly]ControlType='Button'"
\0&lt;/a&gt;
W, 3608, 22, 2012/11/02, 16:28:53.946, 1605545176432, QTAgent32.exe, &lt;a class=success&gt;Playback - {25} [SUCCESS] MouseButtonClick - "[MSAA, VisibleOnly]ControlType='Button' &amp;&amp; Name='Add'"
\0&lt;/a&gt;
W, 3608, 22, 2012/11/02, 16:28:54.445, 1605552444817, QTAgent32.exe, &lt;a class=success&gt;Playback - {26} [SUCCESS] MouseButtonClick - "[MSAA, VisibleOnly]ControlType='Button' &amp;&amp; Name='OK'"
\0&lt;/a&gt;
W, 3608, 22, 2012/11/02, 16:28:56.926, 1605587804334, QTAgent32.exe, &lt;a class=success&gt;Playback - {27} [SUCCESS] MouseButtonClick - "[MSAA, VisibleOnly,Window]ControlType='Window' &amp;&amp; ClassName='ThunderRT6TextBox'"
\0&lt;/a&gt;
W, 3608, 22, 2012/11/02, 16:28:57.269, 1605592727421, QTAgent32.exe, &lt;a class=success&gt;Playback - {28} [SUCCESS] SetValueAsEditBox "HOME" - "[MSAA, VisibleOnly]ControlType='Edit'"  &lt; Set via SendKeys &gt;
\0&lt;/a&gt;
W, 3608, 22, 2012/11/02, 16:28:57.784, 1605600277375, QTAgent32.exe, &lt;a class=success&gt;Playback - {29} [SUCCESS] MouseButtonClick - "[MSAA, VisibleOnly]ControlType='Button' &amp;&amp; Name='OK'"
\0&lt;/a&gt;
W, 3608, 22, 2012/11/02, 16:28:58.220, 1605606408978, QTAgent32.exe, &lt;a class=success&gt;Playback - {30} [SUCCESS] MouseButtonClick - "[MSAA, VisibleOnly]ControlType='Button' &amp;&amp; Name='Options'"
\0&lt;/a&gt;
W, 3608, 22, 2012/11/02, 16:28:58.330, 1605607911465, QTAgent32.exe, FindScreenElementInSinglePass : Attempting to find control in one pass of search. Failures can occur.
W, 3608, 22, 2012/11/02, 16:28:58.501, 1605610370350, QTAgent32.exe, &lt;a class=success&gt;Playback - {31} [SUCCESS] MouseButtonClick - "[MSAA]ControlType='MenuItem' &amp;&amp; Name='Links'"
\0&lt;/a&gt;
W, 3608, 22, 2012/11/02, 16:28:58.610, 1605611932564, QTAgent32.exe, FindScreenElementInSinglePass : Attempting to find control in one pass of search. Failures can occur.
W, 3608, 22, 2012/11/02, 16:28:58.798, 1605614609221, QTAgent32.exe, &lt;a class=success&gt;Playback - {32} [SUCCESS] MouseButtonClick - "[MSAA]ControlType='MenuItem' &amp;&amp; Name='3rd Party Integration'"
\0&lt;/a&gt;
W, 3608, 22, 2012/11/02, 16:28:58.907, 1605616176999, QTAgent32.exe, FindScreenElementInSinglePass : Attempting to find control in one pass of search. Failures can occur.
W, 3608, 22, 2012/11/02, 16:28:59.094, 1605618879647, QTAgent32.exe, &lt;a class=success&gt;Playback - {33} [SUCCESS] MouseButtonClick - "[MSAA]ControlType='MenuItem' &amp;&amp; Name='Quote Select List'"
\0&lt;/a&gt;
W, 3608, 22, 2012/11/02, 16:29:00.919, 1605644997731, QTAgent32.exe, PERF WARNING: FindTopLevelWindowHelper::FindAllDescendents: took 1705 ms. Expected it to take maximum 500 ms.
W, 3608, 22, 2012/11/02, 16:29:01.590, 1605654706726, QTAgent32.exe, &lt;a class=success&gt;Playback - {34} [SUCCESS] MouseButtonClick - "[MSAA, VisibleOnly]ControlType='Button' &amp;&amp; Name='Ok'"
\0&lt;/a&gt;
W, 3608, 22, 2012/11/02, 16:29:05.506, 1605710670538, QTAgent32.exe, PERF WARNING: FindTopLevelWindowHelper::FindAllDescendents: took 3794 ms. Expected it to take maximum 500 ms.
W, 3608, 22, 2012/11/02, 16:29:05.787, 1605714679480, QTAgent32.exe, &lt;a class=success&gt;Playback - {35} [SUCCESS] SetValueAsEditBox "test1" - "[MSAA, VisibleOnly]ControlType='Edit'"  &lt; Set via SendKeys &gt;
\0&lt;/a&gt;
W, 3608, 22, 2012/11/02, 16:29:06.146, 1605719817574, QTAgent32.exe, &lt;a class=success&gt;Playback - {36} [SUCCESS] SetValueAsEditBox "test" - "[MSAA, VisibleOnly]ControlType='Edit'"  &lt; Set via SendKeys &gt;
\0&lt;/a&gt;
W, 3608, 22, 2012/11/02, 16:29:06.364, 1605722939918, QTAgent32.exe, &lt;a class=success&gt;Playback - {37} [SUCCESS] SendKeys "^{HOME}" - "[MSAA, VisibleOnly]ControlType='Edit'"
\0&lt;/a&gt;
E, 3608, 22, 2012/11/02, 16:29:06.364, 1605722942411, QTAgent32.exe, Msaa.GetFocusedElement: could not find accessible object of foreground window
W, 3608, 22, 2012/11/02, 16:29:06.442, 1605724056510, QTAgent32.exe, &lt;a class=success&gt;Playback - {38} [SUCCESS] SendKeys "^+{END}" - "[MSAA, VisibleOnly]ControlType='Edit'"
\0&lt;/a&gt;
E, 3608, 22, 2012/11/02, 16:29:06.442, 1605724059078, QTAgent32.exe, Msaa.GetFocusedElement: could not find accessible object of foreground window
W, 3608, 22, 2012/11/02, 16:29:06.458, 1605724280556, QTAgent32.exe, &lt;a class=success&gt;Playback - {39} [SUCCESS] SendKeys "{DELETE}" - "[MSAA, VisibleOnly]ControlType='Edit'"
\0&lt;/a&gt;
W, 3608, 22, 2012/11/02, 16:29:06.629, 1605726741423, QTAgent32.exe, &lt;a class=success&gt;Playback - {40} [SUCCESS] SetValueAsEditBox "test" - "[MSAA, VisibleOnly]ControlType='Edit'"  &lt; Set via SendKeys &gt;
\0&lt;/a&gt;
W, 3608, 22, 2012/11/02, 16:29:07.222, 1605735233204, QTAgent32.exe, Playback - [WARNING] Internal warning: Incorrect flag set for InvokeProgrammaticAction\0
W, 3608, 22, 2012/11/02, 16:29:07.550, 1605739929338, QTAgent32.exe, &lt;a class=success&gt;Playback - {41} [SUCCESS] SetValueAsComboBox "Account Director" - "[MSAA, VisibleOnly]ControlType='ComboBox'"  &lt; SetValueAsComboBox, set by clicking on the item in the list box &gt;
\0&lt;/a&gt;
W, 3608, 22, 2012/11/02, 16:29:08.252, 1605750168683, QTAgent32.exe, Playback - [WARNING] Internal warning: Incorrect flag set for InvokeProgrammaticAction\0
W, 3608, 22, 2012/11/02, 16:29:08.595, 1605754894247, QTAgent32.exe, &lt;a class=success&gt;Playback - {42} [SUCCESS] SetValueAsComboBox "Advertising" - "[MSAA, VisibleOnly]ControlType='ComboBox'"  &lt; SetValueAsComboBox, set by clicking on the item in the list box &gt;
\0&lt;/a&gt;
W, 3608, 22, 2012/11/02, 16:29:09.125, 1605762480204, QTAgent32.exe, &lt;a class=success&gt;Playback - {43} [SUCCESS] SetValueAsEditBox "160589" - "[MSAA, VisibleOnly]ControlType='Edit'"  &lt; Set via SendKeys &gt;
\0&lt;/a&gt;
W, 3608, 22, 2012/11/02, 16:29:09.562, 1605768733051, QTAgent32.exe, &lt;a class=success&gt;Playback - {44} [SUCCESS] MouseButtonClick - "[MSAA, VisibleOnly]ControlType='Edit'"
\0&lt;/a&gt;
W, 3608, 22, 2012/11/02, 16:29:09.968, 1605774543905, QTAgent32.exe, &lt;a class=success&gt;Playback - {45} [SUCCESS] SetValueAsEditBox "B338TH" - "[MSAA, VisibleOnly]ControlType='Edit'"  &lt; Set via SendKeys &gt;
\0&lt;/a&gt;
W, 3608, 22, 2012/11/02, 16:29:12.495, 1605810722337, QTAgent32.exe, &lt;a class=success&gt;Playback - {46} [SUCCESS] MouseButtonClick - "[MSAA, VisibleOnly]ControlType='Button' &amp;&amp; Name='Lookup...'"
\0&lt;/a&gt;
W, 3608, 22, 2012/11/02, 16:29:12.947, 1605817320523, QTAgent32.exe, &lt;a class=success&gt;Playback - {47} [SUCCESS] MouseButtonClick - "[MSAA, VisibleOnly]ControlType='Button' &amp;&amp; Name='Ok'"
\0&lt;/a&gt;
W, 3608, 22, 2012/11/02, 16:29:13.447, 1605824421194, QTAgent32.exe, &lt;a class=success&gt;Playback - {48} [SUCCESS] MouseButtonClick - "[MSAA, VisibleOnly]ControlType='Button' &amp;&amp; Name='Next &gt;'"
\0&lt;/a&gt;
W, 3608, 22, 2012/11/02, 16:29:13.852, 1605830159538, QTAgent32.exe, &lt;a class=success&gt;Playback - {49} [SUCCESS] SetValueAsEditBox "1989" - "[MSAA, VisibleOnly]ControlType='Edit'"  &lt; Set via SendKeys &gt;
\0&lt;/a&gt;
W, 3608, 22, 2012/11/02, 16:29:14.320, 1605836954996, QTAgent32.exe, &lt;a class=success&gt;Playback - {50} [SUCCESS] MouseButtonClick - "[MSAA, VisibleOnly]ControlType='Button' &amp;&amp; Name='Next &gt;'"
\0&lt;/a&gt;
W, 3608, 22, 2012/11/02, 16:29:14.539, 1605840141877, QTAgent32.exe, &lt;a class=success&gt;Playback - {51} [SUCCESS] MouseButtonClick - "[MSAA, VisibleOnly]ControlType='Button' &amp;&amp; Name='Next &gt;'"
\0&lt;/a&gt;
W, 3608, 22, 2012/11/02, 16:29:14.773, 1605843388554, QTAgent32.exe, &lt;a class=success&gt;Playback - {52} [SUCCESS] MouseButtonClick - "[MSAA, VisibleOnly]ControlType='Button' &amp;&amp; Name='Next &gt;'"
\0&lt;/a&gt;
W, 3608, 22, 2012/11/02, 16:29:15.178, 1605849145266, QTAgent32.exe, &lt;a class=success&gt;Playback - {53} [SUCCESS] SetValueAsEditBox "2345" - "[MSAA, VisibleOnly]ControlType='Edit'"  &lt; Set via SendKeys &gt;
\0&lt;/a&gt;
W, 3608, 22, 2012/11/02, 16:29:15.600, 1605855178922, QTAgent32.exe, &lt;a class=success&gt;Playback - {54} [SUCCESS] SetValueAsEditBox "2000" - "[MSAA, VisibleOnly]ControlType='Edit'"  &lt; Set via SendKeys &gt;
\0&lt;/a&gt;
W, 3608, 22, 2012/11/02, 16:29:16.021, 1605861206683, QTAgent32.exe, &lt;a class=success&gt;Playback - {55} [SUCCESS] SetValueAsEditBox "2000" - "[MSAA, VisibleOnly]ControlType='Edit'"  &lt; Set via SendKeys &gt;
\0&lt;/a&gt;
W, 3608, 22, 2012/11/02, 16:29:16.239, 1605864512613, QTAgent32.exe, &lt;a class=success&gt;Playback - {56} [SUCCESS] MouseButtonClick - "[MSAA, VisibleOnly]ControlType='Button' &amp;&amp; Name='Next &gt;'"
\0&lt;/a&gt;
W, 3608, 22, 2012/11/02, 16:29:16.660, 1605870365015, QTAgent32.exe, &lt;a class=success&gt;Playback - {57} [SUCCESS] SetValueAsEditBox "2345" - "[MSAA, VisibleOnly]ControlType='Edit'"  &lt; Set via SendKeys &gt;
\0&lt;/a&gt;
W, 3608, 22, 2012/11/02, 16:29:17.035, 1605875922679, QTAgent32.exe, &lt;a class=success&gt;Playback - {58} [SUCCESS] MouseButtonClick - "[MSAA, VisibleOnly]ControlType='Button' &amp;&amp; Name='Next &gt;'"
\0&lt;/a&gt;
W, 3608, 22, 2012/11/02, 16:29:17.440, 1605881608318, QTAgent32.exe, &lt;a class=success&gt;Playback - {59} [SUCCESS] MouseButtonClick - "[MSAA, VisibleOnly]ControlType='Button' &amp;&amp; Name='Next &gt;'"
\0&lt;/a&gt;
W, 3608, 22, 2012/11/02, 16:29:17.737, 1605885989397, QTAgent32.exe, &lt;a class=success&gt;Playback - {60} [SUCCESS] MouseButtonClick - "[MSAA, VisibleOnly]ControlType='Button' &amp;&amp; Name='Quote'"
\0&lt;/a&gt;
W, 3608, 22, 2012/11/02, 16:29:18.314, 1605894111409, QTAgent32.exe, &lt;a class=success&gt;Playback - {61} [SUCCESS] MouseButtonClick - "[MSAA, VisibleOnly]ControlType='Button' &amp;&amp; Name='No'"
\0&lt;/a&gt;
W, 3608, 22, 2012/11/02, 16:29:26.348, 1606009082424, QTAgent32.exe, PERF WARNING: FindTopLevelWindowHelper::FindAllDescendents: took 7925 ms. Expected it to take maximum 500 ms.
W, 3608, 22, 2012/11/02, 16:29:26.676, 1606013762291, QTAgent32.exe, &lt;a class=success&gt;Playback - {62} [SUCCESS] MouseButtonClick - "[MSAA, VisibleOnly]ControlType='Client'"
\0&lt;/a&gt;
W, 3608, 22, 2012/11/02, 16:29:28.236, 1606036111840, QTAgent32.exe, &lt;a class=success&gt;Playback - {63} [SUCCESS] SendKeys "{End}" - "[MSAA, VisibleOnly]ControlType='Client'"
\0&lt;/a&gt;
W, 3608, 22, 2012/11/02, 16:29:28.751, 1606043480436, QTAgent32.exe, &lt;a class=success&gt;Playback - {64} [SUCCESS] MouseButtonClick - "[MSAA, VisibleOnly]ControlType='Button' &amp;&amp; Name='Accept'"
\0&lt;/a&gt;
W, 3608, 22, 2012/11/02, 16:29:29.203, 1606050097931, QTAgent32.exe, &lt;a class=success&gt;Playback - {65} [SUCCESS] MouseButtonClick - "[MSAA, VisibleOnly]ControlType='Button' &amp;&amp; Name='Yes'"
\0&lt;/a&gt;
W, 3608, 22, 2012/11/02, 16:29:31.387, 1606081286849, QTAgent32.exe, &lt;a class=success&gt;Playback - {66} [SUCCESS] MouseButtonClick - "[MSAA, VisibleOnly]ControlType='Button' &amp;&amp; Name='Ok'"
\0&lt;/a&gt;
W, 3608, 22, 2012/11/02, 16:29:42.604, 1606241819545, QTAgent32.exe, Playback - [WARNING] Internal warning: Window Not Found: [VisibleOnly]ControlType='Window' &amp;&amp; Name='Save the file as' &amp;&amp; ClassName='#32770'
\0
E, 3608, 22, 2012/11/02, 16:29:42.604, 1606241822435, QTAgent32.exe, &lt;a class=failure&gt;Playback - {67} [FAILED] Function ElementFetcher::FindScreenElement failed to locate UI element (Searching: ;[VisibleOnly]ControlType='Window' &amp;&amp; Name='Save the file as' &amp;&amp; ClassName='#32770') (The object specified was not found.)
\0&lt;/a&gt;
E, 3608, 22, 2012/11/02, 16:29:42.698, 1606243243331, QTAgent32.exe, Playback - [IMAGE] C:\Users\peter.zenin-ad\AppData\Local\Temp\UITestLogs\LastRun\RPFF7E.png
\0
W, 3608, 22, 2012/11/02, 16:29:42.698, 1606243245486, QTAgent32.exe, Playback - [WARNING] Internal warning: Couldn't find descendants that match QueryId
\0
W, 3608, 22, 2012/11/02, 16:29:42.698, 1606243248434, QTAgent32.exe, PERF WARNING: FindTopLevelWindowHelper::FindAllDescendents: took 11207 ms. Expected it to take maximum 500 ms.
W, 3608, 22, 2012/11/02, 16:30:00.935, 1606504272060, QTAgent32.exe, Playback - [WARNING] Internal warning: Window Not Found: [VisibleOnly]ControlType='Window' &amp;&amp; Name='Save the file as' &amp;&amp; ClassName='#32770'
\0
E, 3608, 22, 2012/11/02, 16:30:00.935, 1606504275029, QTAgent32.exe, &lt;a class=failure&gt;Playback - {68} [FAILED] Function ElementFetcher::FindScreenElement failed to locate UI element (Searching: ;[VisibleOnly]ControlType='Window' &amp;&amp; Name='Save the file as' &amp;&amp; ClassName='#32770') (The object specified was not found.)
\0&lt;/a&gt;
E, 3608, 22, 2012/11/02, 16:30:01.029, 1606505774599, QTAgent32.exe, Playback - [IMAGE] C:\Users\peter.zenin-ad\AppData\Local\Temp\UITestLogs\LastRun\RPF5719.png
\0
W, 3608, 22, 2012/11/02, 16:30:01.029, 1606505776664, QTAgent32.exe, Playback - [WARNING] Internal warning: Couldn't find descendants that match QueryId
\0
W, 3608, 22, 2012/11/02, 16:30:01.029, 1606505779669, QTAgent32.exe, PERF WARNING: FindTopLevelWindowHelper::FindAllDescendents: took 18335 ms. Expected it to take maximum 500 ms.
W, 3608, 22, 2012/11/02, 16:30:04.165, 1606550510499, QTAgent32.exe, Playback - [WARNING] Internal warning: Smart Match failed
\0
W, 3608, 22, 2012/11/02, 16:30:05.600, 1606571058516, QTAgent32.exe, Playback - [WARNING] Internal warning: Window Not Found: [VisibleOnly]ControlType='Window' &amp;&amp; Name='Save the file as' &amp;&amp; ClassName='#32770'
\0
E, 3608, 22, 2012/11/02, 16:30:05.600, 1606571061616, QTAgent32.exe, &lt;a class=failure&gt;Playback - {69} [FAILED] Function ElementFetcher::FindScreenElement failed to locate UI element (Searching: ;[VisibleOnly]ControlType='Window' &amp;&amp; Name='Save the file as' &amp;&amp; ClassName='#32770') (The object specified was not found.)
\0&lt;/a&gt;
E, 3608, 22, 2012/11/02, 16:30:05.693, 1606572425536, QTAgent32.exe, Playback - [IMAGE] C:\Users\peter.zenin-ad\AppData\Local\Temp\UITestLogs\LastRun\RPF6952.png
\0
W, 3608, 22, 2012/11/02, 16:30:05.693, 1606572427803, QTAgent32.exe, Playback - [WARNING] Internal warning: Couldn't find descendants that match QueryId
\0
W, 3608, 22, 2012/11/02, 16:30:05.693, 1606572430768, QTAgent32.exe, PERF WARNING: FindTopLevelWindowHelper::FindAllDescendents: took 4654 ms. Expected it to take maximum 500 ms.
E, 3608, 22, 2012/11/02, 16:30:05.693, 1606572432589, QTAgent32.exe, Exception: System.Runtime.InteropServices.COMException
	Message: Error HRESULT E_FAIL has been returned from a call to a COM component.
	Stack Trace:    at Microsoft.VisualStudio.TestTools.UITest.Playback.Engine.IRPFPlayback.FindAllScreenElements(IScreenElement pScreenElementStart, String bstrQueryId, Object&amp; pvarResKeys, Int32 cResKeys, Int32 nMaxDepth, Object[]&amp; foundDescendants)
   at Microsoft.VisualStudio.TestTools.UITest.Playback.ScreenElement.FindTopLevelWindowHelper(String queryId)
	BaseExceptionMessage: Error HRESULT E_FAIL has been returned from a call to a COM component.

E, 3608, 22, 2012/11/02, 16:30:05.818, 1606574183748, QTAgent32.exe, AL: Playback Error: Microsoft.VisualStudio.TestTools.UITest.Extension.UITestControlNotFoundException: The playback failed to find the control with the given search properties. Additional Details: 
TechnologyName:  'MSAA'
ControlType:  'Window'
Name:  'Save the file as'
ClassName:  '#32770'
 ---&gt; System.Runtime.InteropServices.COMException: Error HRESULT E_FAIL has been returned from a call to a COM component.
   at Microsoft.VisualStudio.TestTools.UITest.Playback.Engine.IRPFPlayback.FindAllScreenElements(IScreenElement pScreenElementStart, String bstrQueryId, Object&amp; pvarResKeys, Int32 cResKeys, Int32 nMaxDepth, Object[]&amp; foundDescendants)
   at Microsoft.VisualStudio.TestTools.UITest.Playback.ScreenElement.FindTopLevelWindowHelper(String queryId)
   at Microsoft.VisualStudio.TestTools.UITest.Playback.ScreenElement.FindFromPartialQueryId(String queryId)
   at Microsoft.VisualStudio.TestTools.UITesting.UITestControl..ctor(String queryId)
   --- End of inner exception stack trace ---
   at Microsoft.VisualStudio.TestTools.UITesting.Playback.MapControlNotFoundException(COMException ex, IPlaybackContext context)
   at Microsoft.VisualStudio.TestTools.UITesting.Playback.MapAndThrowComException(COMException innerException, IPlaybackContext context)
   at Microsoft.VisualStudio.TestTools.UITesting.Playback.MapAndThrowException(SystemException exception, IPlaybackContext context)
   at Microsoft.VisualStudio.TestTools.UITesting.Playback.MapAndThrowException(SystemException exception, String queryId)
   at Microsoft.VisualStudio.TestTools.UITesting.UITestControl..ctor(String queryId)
   at Microsoft.VisualStudio.TestTools.UITesting.SearchHelper.SearchTopLevelWindow(ISearchArgument topLevelSearchArg, String topLevelElementQueryId)
   at Microsoft.VisualStudio.TestTools.UITesting.SearchHelper.GetTitleUpdatedTopLevelWindow(ISearchArgument topLevelSearchArg, String queryId, IList`1 windowTitles)
   at Microsoft.VisualStudio.TestTools.UITesting.SearchHelper.GetTopLevelElement(Boolean useCache, Boolean useCacheOnly, ISearchArgument searchArg, IList`1 windowTitles, Int32&amp; timeLeft)
   at Microsoft.VisualStudio.TestTools.UITesting.SearchHelper.GetElement(Boolean useCache, ISearchArgument searchArg)
   at Microsoft.VisualStudio.TestTools.UITesting.SearchHelper.Search(ISearchArgument searchArg)
   at Microsoft.VisualStudio.TestTools.UITesting.UITestControl.FindInternal()
   at Microsoft.VisualStudio.TestTools.UITesting.UITestControl.FindControlIfNecessary()
   at Microsoft.VisualStudio.TestTools.UITesting.UITestControl.Click(MouseButtons button, ModifierKeys modifierKeys, Point relativeCoordinates)
   at Microsoft.VisualStudio.TestTools.UITesting.Mouse.ClickImplementation(UITestControl control, MouseButtons button, ModifierKeys modifierKeys, Point relativeCoordinate)
   at Microsoft.VisualStudio.TestTools.UITesting.Mouse.ClickImplementationWrapper(UITestControl control, MouseButtons button, ModifierKeys modifierKeys, Point relativeCoordinate)
W, 3608, 22, 2012/11/02, 16:30:05.818, 1606574186197, QTAgent32.exe, PlaybackErrorHandler: Ignoring exception as ContinueOnError is set.
W, 3608, 22, 2012/11/02, 16:30:06.208, 1606579971843, QTAgent32.exe, &lt;a class=success&gt;Playback - {70} [SUCCESS] MouseButtonClick - "[MSAA, VisibleOnly]ControlType='Button' &amp;&amp; Name='Ok'"
\0&lt;/a&gt;
W, 3608, 22, 2012/11/02, 16:30:06.676, 1606586464806, QTAgent32.exe, &lt;a class=success&gt;Playback - {71} [SUCCESS] MouseButtonClick - "[MSAA, VisibleOnly]ControlType='Button' &amp;&amp; Name='Ok'"
\0&lt;/a&gt;
W, 3608, 22, 2012/11/02, 16:30:07.238, 1606594511866, QTAgent32.exe, &lt;a class=success&gt;Playback - {72} [SUCCESS] SetValueAsEditBox "B338TH" - "[MSAA, VisibleOnly]ControlType='Edit'"  &lt; Set via SendKeys &gt;
\0&lt;/a&gt;
W, 3608, 22, 2012/11/02, 16:30:09.703, 1606629797776, QTAgent32.exe, &lt;a class=success&gt;Playback - {73} [SUCCESS] MouseButtonClick - "[MSAA, VisibleOnly]ControlType='Button' &amp;&amp; Name='Lookup...'"
\0&lt;/a&gt;
W, 3608, 22, 2012/11/02, 16:30:10.108, 1606635707230, QTAgent32.exe, &lt;a class=success&gt;Playback - {74} [SUCCESS] MouseButtonClick - "[MSAA, VisibleOnly]ControlType='Button' &amp;&amp; Name='Ok'"
\0&lt;/a&gt;
W, 3608, 22, 2012/11/02, 16:30:10.592, 1606642584431, QTAgent32.exe, &lt;a class=success&gt;Playback - {75} [SUCCESS] MouseButtonClick - "[MSAA, VisibleOnly]ControlType='Button' &amp;&amp; Name='Confirm'"
\0&lt;/a&gt;
W, 3608, 22, 2012/11/02, 16:30:30.467, 1606927100008, QTAgent32.exe, Playback - [WARNING] Internal warning: Window Not Found: [VisibleOnly]ControlType='Window' &amp;&amp; Name='insur-E.tam' &amp;&amp; ClassName='#32770'
\0
E, 3608, 22, 2012/11/02, 16:30:30.467, 1606927102913, QTAgent32.exe, &lt;a class=failure&gt;Playback - {76} [FAILED] Function ElementFetcher::FindScreenElement failed to locate UI element (Searching: ;[VisibleOnly]ControlType='Window' &amp;&amp; Name='insur-E.tam' &amp;&amp; ClassName='#32770') (The object specified was not found.)
\0&lt;/a&gt;
E, 3608, 22, 2012/11/02, 16:30:30.577, 1606928741072, QTAgent32.exe, Playback - [IMAGE] C:\Users\peter.zenin-ad\AppData\Local\Temp\UITestLogs\LastRun\RPFCA76.png
\0
W, 3608, 22, 2012/11/02, 16:30:30.577, 1606928743277, QTAgent32.exe, Playback - [WARNING] Internal warning: Couldn't find descendants that match QueryId
\0
W, 3608, 22, 2012/11/02, 16:30:30.577, 1606928746244, QTAgent32.exe, PERF WARNING: FindTopLevelWindowHelper::FindAllDescendents: took 19880 ms. Expected it to take maximum 500 ms.
W, 3608, 22, 2012/11/02, 16:30:48.751, 1607188883236, QTAgent32.exe, Playback - [WARNING] Internal warning: Window Not Found: [VisibleOnly]ControlType='Window' &amp;&amp; Name='insur-E.tam' &amp;&amp; ClassName='#32770'
\0
E, 3608, 22, 2012/11/02, 16:30:48.751, 1607188886229, QTAgent32.exe, &lt;a class=failure&gt;Playback - {77} [FAILED] Function ElementFetcher::FindScreenElement failed to locate UI element (Searching: ;[VisibleOnly]ControlType='Window' &amp;&amp; Name='insur-E.tam' &amp;&amp; ClassName='#32770') (The object specified was not found.)
\0&lt;/a&gt;
E, 3608, 22, 2012/11/02, 16:30:48.861, 1607190512517, QTAgent32.exe, Playback - [IMAGE] C:\Users\peter.zenin-ad\AppData\Local\Temp\UITestLogs\LastRun\RPF11E2.png
\0
W, 3608, 22, 2012/11/02, 16:30:48.861, 1607190514651, QTAgent32.exe, Playback - [WARNING] Internal warning: Couldn't find descendants that match QueryId
\0
W, 3608, 22, 2012/11/02, 16:30:48.861, 1607190517699, QTAgent32.exe, PERF WARNING: FindTopLevelWindowHelper::FindAllDescendents: took 18282 ms. Expected it to take maximum 500 ms.
W, 3608, 22, 2012/11/02, 16:30:51.965, 1607234896371, QTAgent32.exe, Playback - [WARNING] Internal warning: Smart Match failed
\0
W, 3608, 22, 2012/11/02, 16:30:53.400, 1607255446889, QTAgent32.exe, Playback - [WARNING] Internal warning: Window Not Found: [VisibleOnly]ControlType='Window' &amp;&amp; Name='insur-E.tam' &amp;&amp; ClassName='#32770'
\0
E, 3608, 22, 2012/11/02, 16:30:53.400, 1607255449914, QTAgent32.exe, &lt;a class=failure&gt;Playback - {78} [FAILED] Function ElementFetcher::FindScreenElement failed to locate UI element (Searching: ;[VisibleOnly]ControlType='Window' &amp;&amp; Name='insur-E.tam' &amp;&amp; ClassName='#32770') (The object specified was not found.)
\0&lt;/a&gt;
E, 3608, 22, 2012/11/02, 16:30:53.510, 1607257080323, QTAgent32.exe, Playback - [IMAGE] C:\Users\peter.zenin-ad\AppData\Local\Temp\UITestLogs\LastRun\RPF240C.png
\0
W, 3608, 22, 2012/11/02, 16:30:53.510, 1607257082500, QTAgent32.exe, Playback - [WARNING] Internal warning: Couldn't find descendants that match QueryId
\0
W, 3608, 22, 2012/11/02, 16:30:53.510, 1607257085454, QTAgent32.exe, PERF WARNING: FindTopLevelWindowHelper::FindAllDescendents: took 4648 ms. Expected it to take maximum 500 ms.
E, 3608, 22, 2012/11/02, 16:30:53.510, 1607257087280, QTAgent32.exe, Exception: System.Runtime.InteropServices.COMException
	Message: Error HRESULT E_FAIL has been returned from a call to a COM component.
	Stack Trace:    at Microsoft.VisualStudio.TestTools.UITest.Playback.Engine.IRPFPlayback.FindAllScreenElements(IScreenElement pScreenElementStart, String bstrQueryId, Object&amp; pvarResKeys, Int32 cResKeys, Int32 nMaxDepth, Object[]&amp; foundDescendants)
   at Microsoft.VisualStudio.TestTools.UITest.Playback.ScreenElement.FindTopLevelWindowHelper(String queryId)
	BaseExceptionMessage: Error HRESULT E_FAIL has been returned from a call to a COM component.

E, 3608, 22, 2012/11/02, 16:30:53.510, 1607257092130, QTAgent32.exe, Window 7995980 not responding. Last Win32 error 0
E, 3608, 22, 2012/11/02, 16:30:53.510, 1607257095974, QTAgent32.exe, Window 7995980 not responding. Last Win32 error 1400
E, 3608, 22, 2012/11/02, 16:30:53.510, 1607257099377, QTAgent32.exe, GetClassName for handle 7995980 failed
E, 3608, 22, 2012/11/02, 16:30:53.510, 1607257108777, QTAgent32.exe, Window 7995980 not responding. Last Win32 error 1400
E, 3608, 22, 2012/11/02, 16:30:53.510, 1607257109955, QTAgent32.exe, GetClassName for handle 7995980 failed
E, 3608, 22, 2012/11/02, 16:30:53.510, 1607257110767, QTAgent32.exe, GetClassName for handle 7995980 failed
E, 3608, 22, 2012/11/02, 16:30:53.619, 1607258571105, QTAgent32.exe, AL: Playback Error: Microsoft.VisualStudio.TestTools.UITest.Extension.UITestControlNotFoundException: The playback failed to find the control with the given search properties. Additional Details: 
TechnologyName:  'MSAA'
ControlType:  'Window'
 ---&gt; System.Runtime.InteropServices.COMException: Error HRESULT E_FAIL has been returned from a call to a COM component.
   at Microsoft.VisualStudio.TestTools.UITest.Playback.Engine.IRPFPlayback.FindAllScreenElements(IScreenElement pScreenElementStart, String bstrQueryId, Object&amp; pvarResKeys, Int32 cResKeys, Int32 nMaxDepth, Object[]&amp; foundDescendants)
   at Microsoft.VisualStudio.TestTools.UITest.Playback.ScreenElement.FindTopLevelWindowHelper(String queryId)
   at Microsoft.VisualStudio.TestTools.UITest.Playback.ScreenElement.FindFromPartialQueryId(String queryId)
   at Microsoft.VisualStudio.TestTools.UITesting.UITestControl..ctor(String queryId)
   --- End of inner exception stack trace ---
   at Microsoft.VisualStudio.TestTools.UITesting.Playback.MapControlNotFoundException(COMException ex, IPlaybackContext context)
   at Microsoft.VisualStudio.TestTools.UITesting.Playback.MapAndThrowComException(COMException innerException, IPlaybackContext context)
   at Microsoft.VisualStudio.TestTools.UITesting.Playback.MapAndThrowException(SystemException exception, IPlaybackContext context)
   at Microsoft.VisualStudio.TestTools.UITesting.Playback.MapAndThrowException(SystemException exception, String queryId)
   at Microsoft.VisualStudio.TestTools.UITesting.UITestControl..ctor(String queryId)
   at Microsoft.VisualStudio.TestTools.UITesting.SearchHelper.SearchTopLevelWindow(ISearchArgument topLevelSearchArg, String topLevelElementQueryId)
   at Microsoft.VisualStudio.TestTools.UITesting.SearchHelper.GetTitleUpdatedTopLevelWindow(ISearchArgument topLevelSearchArg, String queryId, IList`1 windowTitles)
   at Microsoft.VisualStudio.TestTools.UITesting.SearchHelper.GetTopLevelElement(Boolean useCache, Boolean useCacheOnly, ISearchArgument searchArg, IList`1 windowTitles, Int32&amp; timeLeft)
   at Microsoft.VisualStudio.TestTools.UITesting.SearchHelper.GetElement(Boolean useCache, ISearchArgument searchArg)
   at Microsoft.VisualStudio.TestTools.UITesting.SearchHelper.Search(ISearchArgument searchArg)
   at Microsoft.VisualStudio.TestTools.UITesting.UITestControl.FindInternal()
   at Microsoft.VisualStudio.TestTools.UITesting.UITestControl.FindControlIfNecessary()
   at Microsoft.VisualStudio.TestTools.UITesting.UITestControl.Click(MouseButtons button, ModifierKeys modifierKeys, Point relativeCoordinates)
   at Microsoft.VisualStudio.TestTools.UITesting.Mouse.ClickImplementation(UITestControl control, MouseButtons button, ModifierKeys modifierKeys, Point relativeCoordinate)
   at Microsoft.VisualStudio.TestTools.UITesting.Mouse.ClickImplementationWrapper(UITestControl control, MouseButtons button, ModifierKeys modifierKeys, Point relativeCoordinate)
W, 3608, 22, 2012/11/02, 16:30:53.619, 1607258572807, QTAgent32.exe, PlaybackErrorHandler: Ignoring exception as ContinueOnError is set.
W, 3608, 22, 2012/11/02, 16:30:53.946, 1607263265457, QTAgent32.exe, &lt;a class=success&gt;Playback - {79} [SUCCESS] Check - "[MSAA, VisibleOnly]ControlType='CheckBox' &amp;&amp; Name='Defer Printing?'"
\0&lt;/a&gt;
W, 3608, 22, 2012/11/02, 16:30:54.680, 1607273936364, QTAgent32.exe, &lt;a class=success&gt;Playback - {80} [SUCCESS] MouseButtonClick - "[MSAA, VisibleOnly]ControlType='Button' &amp;&amp; Name='Ok'"
\0&lt;/a&gt;
W, 3608, 22, 2012/11/02, 16:30:55.709, 1607288584462, QTAgent32.exe, PERF WARNING: FindTopLevelWindowHelper::FindAllDescendents: took 926 ms. Expected it to take maximum 500 ms.
W, 3608, 22, 2012/11/02, 16:30:56.052, 1607293418177, QTAgent32.exe, &lt;a class=success&gt;Playback - {81} [SUCCESS] Uncheck - "[MSAA, VisibleOnly]ControlType='CheckBox' &amp;&amp; Name='Add Activity'"
\0&lt;/a&gt;
W, 3608, 22, 2012/11/02, 16:30:56.926, 1607306053884, QTAgent32.exe, &lt;a class=success&gt;Playback - {82} [SUCCESS] MouseButtonClick - "[MSAA, VisibleOnly]ControlType='Button' &amp;&amp; Name='Ok'"
\0&lt;/a&gt;
W, 3608, 22, 2012/11/02, 16:30:57.363, 1607312304053, QTAgent32.exe, &lt;a class=success&gt;Playback - {83} [SUCCESS] MouseButtonClick - "[MSAA, VisibleOnly]ControlType='Button' &amp;&amp; Name='Ok'"
\0&lt;/a&gt;
W, 3608, 22, 2012/11/02, 16:31:05.210, 1607424543295, QTAgent32.exe, PERF WARNING: FindTopLevelWindowHelper::FindAllDescendents: took 7613 ms. Expected it to take maximum 500 ms.
W, 3608, 22, 2012/11/02, 16:31:07.503, 1607457360841, QTAgent32.exe, &lt;a class=success&gt;Playback - {84} [SUCCESS] MouseButtonClick - "[MSAA, VisibleOnly]ControlType='Button' &amp;&amp; Name='OK'"
\0&lt;/a&gt;
W, 3608, 22, 2012/11/02, 16:31:08.829, 1607476480487, QTAgent32.exe, Playback - [WARNING] Internal warning: Window Not Found: [VisibleOnly]ControlType='Window' &amp;&amp; Name='Tamxml7' &amp;&amp; ClassName='TMessageForm'
\0
E, 3608, 22, 2012/11/02, 16:31:08.829, 1607476483203, QTAgent32.exe, &lt;a class=failure&gt;Playback - {85} [FAILED] Function ElementFetcher::FindScreenElement failed to locate UI element (Searching: ;[VisibleOnly]ControlType='Window' &amp;&amp; Name='Tamxml7' &amp;&amp; ClassName='TMessageForm') (The object specified was not found.)
\0&lt;/a&gt;
E, 3608, 22, 2012/11/02, 16:31:08.939, 1607478080070, QTAgent32.exe, Playback - [IMAGE] C:\Users\peter.zenin-ad\AppData\Local\Temp\UITestLogs\LastRun\RPF6051.png
\0
W, 3608, 22, 2012/11/02, 16:31:08.939, 1607478082317, QTAgent32.exe, Playback - [WARNING] Internal warning: Couldn't find descendants that match QueryId
\0
W, 3608, 22, 2012/11/02, 16:31:08.939, 1607478085292, QTAgent32.exe, PERF WARNING: FindTopLevelWindowHelper::FindAllDescendents: took 1338 ms. Expected it to take maximum 500 ms.
W, 3608, 22, 2012/11/02, 16:31:27.020, 1607736921067, QTAgent32.exe, Playback - [WARNING] Internal warning: Window Not Found: [VisibleOnly]ControlType='Window' &amp;&amp; Name='Tamxml7' &amp;&amp; ClassName='TMessageForm'
\0
E, 3608, 22, 2012/11/02, 16:31:27.020, 1607736923992, QTAgent32.exe, &lt;a class=failure&gt;Playback - {86} [FAILED] Function ElementFetcher::FindScreenElement failed to locate UI element (Searching: ;[VisibleOnly]ControlType='Window' &amp;&amp; Name='Tamxml7' &amp;&amp; ClassName='TMessageForm') (The object specified was not found.)
\0&lt;/a&gt;
E, 3608, 22, 2012/11/02, 16:31:27.113, 1607738171606, QTAgent32.exe, Playback - [IMAGE] C:\Users\peter.zenin-ad\AppData\Local\Temp\UITestLogs\LastRun\RPFA760.png
\0
W, 3608, 22, 2012/11/02, 16:31:27.113, 1607738173840, QTAgent32.exe, Playback - [WARNING] Internal warning: Couldn't find descendants that match QueryId
\0
W, 3608, 22, 2012/11/02, 16:31:27.113, 1607738176825, QTAgent32.exe, PERF WARNING: FindTopLevelWindowHelper::FindAllDescendents: took 18164 ms. Expected it to take maximum 500 ms.
W, 3608, 22, 2012/11/02, 16:31:27.566, 1607744674767, QTAgent32.exe, Playback - [WARNING] Internal warning: Smart Match failed
\0
W, 3608, 22, 2012/11/02, 16:31:27.722, 1607746912662, QTAgent32.exe, Playback - [WARNING] Internal warning: Smart Match failed
\0
W, 3608, 22, 2012/11/02, 16:31:27.893, 1607749369674, QTAgent32.exe, Playback - [WARNING] Internal warning: Smart Match failed
\0
W, 3608, 22, 2012/11/02, 16:31:28.065, 1607751824038, QTAgent32.exe, Playback - [WARNING] Internal warning: Smart Match failed
\0
W, 3608, 22, 2012/11/02, 16:31:28.221, 1607754055526, QTAgent32.exe, Playback - [WARNING] Internal warning: Smart Match failed
\0
W, 3608, 22, 2012/11/02, 16:31:28.377, 1607756295803, QTAgent32.exe, Playback - [WARNING] Internal warning: Smart Match failed
\0
W, 3608, 22, 2012/11/02, 16:31:28.533, 1607758523136, QTAgent32.exe, Playback - [WARNING] Internal warning: Smart Match failed
\0
W, 3608, 22, 2012/11/02, 16:31:28.689, 1607760757145, QTAgent32.exe, Playback - [WARNING] Internal warning: Smart Match failed
\0
W, 3608, 22, 2012/11/02, 16:31:28.860, 1607763210042, QTAgent32.exe, Playback - [WARNING] Internal warning: Smart Match failed
\0
W, 3608, 22, 2012/11/02, 16:31:29.032, 1607765674390, QTAgent32.exe, Playback - [WARNING] Internal warning: Smart Match failed
\0
W, 3608, 22, 2012/11/02, 16:31:29.204, 1607768132422, QTAgent32.exe, Playback - [WARNING] Internal warning: Smart Match failed
\0
W, 3608, 22, 2012/11/02, 16:31:29.375, 1607770584237, QTAgent32.exe, Playback - [WARNING] Internal warning: Smart Match failed
\0
W, 3608, 22, 2012/11/02, 16:31:29.531, 1607772823764, QTAgent32.exe, Playback - [WARNING] Internal warning: Smart Match failed
\0
W, 3608, 22, 2012/11/02, 16:31:29.703, 1607775278784, QTAgent32.exe, Playback - [WARNING] Internal warning: Smart Match failed
\0
W, 3608, 22, 2012/11/02, 16:31:29.874, 1607777748908, QTAgent32.exe, Playback - [WARNING] Internal warning: Smart Match failed
\0
W, 3608, 22, 2012/11/02, 16:31:30.046, 1607780190441, QTAgent32.exe, Playback - [WARNING] Internal warning: Smart Match failed
\0
W, 3608, 22, 2012/11/02, 16:31:30.218, 1607782648433, QTAgent32.exe, Playback - [WARNING] Internal warning: Smart Match failed
\0
W, 3608, 22, 2012/11/02, 16:31:30.264, 1607783455633, QTAgent32.exe, Playback - [WARNING] Internal warning: Window Not Found: [VisibleOnly]ControlType='Window' &amp;&amp; Name='Tamxml7' &amp;&amp; ClassName='TMessageForm'
\0
E, 3608, 22, 2012/11/02, 16:31:30.264, 1607783458240, QTAgent32.exe, &lt;a class=failure&gt;Playback - {87} [FAILED] Function ElementFetcher::FindScreenElement failed to locate UI element (Searching: ;[VisibleOnly]ControlType='Window' &amp;&amp; Name='Tamxml7' &amp;&amp; ClassName='TMessageForm') (The object specified was not found.)
\0&lt;/a&gt;
E, 3608, 22, 2012/11/02, 16:31:30.374, 1607784897696, QTAgent32.exe, Playback - [IMAGE] C:\Users\peter.zenin-ad\AppData\Local\Temp\UITestLogs\LastRun\RPFB40E.png
\0
W, 3608, 22, 2012/11/02, 16:31:30.374, 1607784899959, QTAgent32.exe, Playback - [WARNING] Internal warning: Couldn't find descendants that match QueryId
\0
W, 3608, 22, 2012/11/02, 16:31:30.374, 1607784902940, QTAgent32.exe, PERF WARNING: FindTopLevelWindowHelper::FindAllDescendents: took 3263 ms. Expected it to take maximum 500 ms.
E, 3608, 22, 2012/11/02, 16:31:30.374, 1607784904753, QTAgent32.exe, Exception: System.Runtime.InteropServices.COMException
	Message: Error HRESULT E_FAIL has been returned from a call to a COM component.
	Stack Trace:    at Microsoft.VisualStudio.TestTools.UITest.Playback.Engine.IRPFPlayback.FindAllScreenElements(IScreenElement pScreenElementStart, String bstrQueryId, Object&amp; pvarResKeys, Int32 cResKeys, Int32 nMaxDepth, Object[]&amp; foundDescendants)
   at Microsoft.VisualStudio.TestTools.UITest.Playback.ScreenElement.FindTopLevelWindowHelper(String queryId)
	BaseExceptionMessage: Error HRESULT E_FAIL has been returned from a call to a COM component.

E, 3608, 22, 2012/11/02, 16:31:30.374, 1607784908637, QTAgent32.exe, GetClassName for handle 5900268 failed
E, 3608, 22, 2012/11/02, 16:31:30.374, 1607784918092, QTAgent32.exe, Window 5900268 not responding. Last Win32 error 1400
E, 3608, 22, 2012/11/02, 16:31:30.374, 1607784919284, QTAgent32.exe, GetClassName for handle 5900268 failed
E, 3608, 22, 2012/11/02, 16:31:30.374, 1607784920103, QTAgent32.exe, GetClassName for handle 5900268 failed
E, 3608, 22, 2012/11/02, 16:31:30.374, 1607784924093, QTAgent32.exe, GetClassName for handle 7341046 failed
E, 3608, 22, 2012/11/02, 16:31:30.374, 1607784940916, QTAgent32.exe, Window 7341046 not responding. Last Win32 error 1400
E, 3608, 22, 2012/11/02, 16:31:30.374, 1607784943099, QTAgent32.exe, GetClassName for handle 7341046 failed
E, 3608, 22, 2012/11/02, 16:31:30.374, 1607784943922, QTAgent32.exe, GetClassName for handle 7341046 failed
E, 3608, 22, 2012/11/02, 16:31:30.483, 1607786378705, QTAgent32.exe, AL: Playback Error: Microsoft.VisualStudio.TestTools.UITest.Extension.UITestControlNotAvailableException: The control is not available or not valid. Additional Details: 
TechnologyName:  'MSAA'
ControlType:  'Button'
 ---&gt; Microsoft.VisualStudio.TestTools.UITest.Extension.UITestControlNotAvailableException: The control is not available or not valid. Additional Details: 
TechnologyName:  'MSAA'
ControlType:  'Window'
 ---&gt; System.Runtime.InteropServices.COMException: Error HRESULT E_FAIL has been returned from a call to a COM component.
   at Microsoft.VisualStudio.TestTools.UITest.Playback.Engine.IRPFPlayback.FindAllScreenElements(IScreenElement pScreenElementStart, String bstrQueryId, Object&amp; pvarResKeys, Int32 cResKeys, Int32 nMaxDepth, Object[]&amp; foundDescendants)
   at Microsoft.VisualStudio.TestTools.UITest.Playback.ScreenElement.FindTopLevelWindowHelper(String queryId)
   at Microsoft.VisualStudio.TestTools.UITest.Playback.ScreenElement.FindFromPartialQueryId(String queryId)
   at Microsoft.VisualStudio.TestTools.UITesting.UITestControl.EnsureValid(Boolean waitForReady, Boolean refetch)
   --- End of inner exception stack trace ---
   at Microsoft.VisualStudio.TestTools.UITesting.UITestControl.EnsureValid(Boolean waitForReady, Boolean refetch)
   at Microsoft.VisualStudio.TestTools.UITesting.UITestControl.FindFirstDescendant(String queryId, Int32 maxDepth, Int32&amp; timeLeft)
   at Microsoft.VisualStudio.TestTools.UITesting.UITestControl.FindFirstDescendant(String queryId)
   at Microsoft.VisualStudio.TestTools.UITesting.UITestControl.EnsureValid(Boolean waitForReady, Boolean refetch)
   --- End of inner exception stack trace ---
   at Microsoft.VisualStudio.TestTools.UITesting.UITestControl.EnsureValid(Boolean waitForReady, Boolean refetch)
   at Microsoft.VisualStudio.TestTools.UITesting.UITestControl.Click(MouseButtons button, ModifierKeys modifierKeys, Point relativeCoordinates)
   at Microsoft.VisualStudio.TestTools.UITesting.Mouse.ClickImplementation(UITestControl control, MouseButtons button, ModifierKeys modifierKeys, Point relativeCoordinate)
   at Microsoft.VisualStudio.TestTools.UITesting.Mouse.ClickImplementationWrapper(UITestControl control, MouseButtons button, ModifierKeys modifierKeys, Point relativeCoordinate)
W, 3608, 22, 2012/11/02, 16:31:30.483, 1607786380407, QTAgent32.exe, PlaybackErrorHandler: Ignoring exception as ContinueOnError is set.
W, 3608, 22, 2012/11/02, 16:31:30.826, 1607791347788, QTAgent32.exe, &lt;a class=success&gt;Playback - {88} [SUCCESS] MouseButtonClick - "[MSAA, VisibleOnly]ControlType='Button' &amp;&amp; Name='Cancel'"
\0&lt;/a&gt;
W, 3608, 22, 2012/11/02, 16:31:31.357, 1607799092898, QTAgent32.exe, &lt;a class=success&gt;Playback - {89} [SUCCESS] MouseButtonClick - "[MSAA, VisibleOnly]ControlType='Button'"
\0&lt;/a&gt;
W, 3608, 22, 2012/11/02, 16:31:31.793, 1607805206887, QTAgent32.exe, &lt;a class=success&gt;Playback - {90} [SUCCESS] MouseButtonClick - "[MSAA, VisibleOnly]ControlType='Button' &amp;&amp; Name='Options'"
\0&lt;/a&gt;
W, 3608, 22, 2012/11/02, 16:31:31.903, 1607806709150, QTAgent32.exe, FindScreenElementInSinglePass : Attempting to find control in one pass of search. Failures can occur.
W, 3608, 22, 2012/11/02, 16:31:31.903, 1607806816248, QTAgent32.exe, Playback - [WARNING] Internal failure: Method GetBoundingRectangle failed (HRESULT = 0x1, "Incorrect function.") for Name = "Quote Select List" ," ControlType = "MenuItem"
\0
W, 3608, 22, 2012/11/02, 16:31:31.903, 1607806817558, QTAgent32.exe, Playback - [WARNING] Internal failure: Couldn't get clickable point for ScreenUIElement - GetClickablePoint failed
\0
W, 3608, 22, 2012/11/02, 16:31:31.903, 1607806820287, QTAgent32.exe, FindScreenElementInSinglePass : Attempting to find control in one pass of search. Failures can occur.
W, 3608, 22, 2012/11/02, 16:31:31.903, 1607806848983, QTAgent32.exe, FindScreenElementInSinglePass : Attempting to find control in one pass of search. Failures can occur.
W, 3608, 22, 2012/11/02, 16:31:32.230, 1607811396184, QTAgent32.exe, &lt;a class=success&gt;Playback - {91} [SUCCESS] LeftButtonClick - "[MSAA, VisibleOnly]ControlType='MenuBar' &amp;&amp; Name='Application'"  &lt; Mouse cursor location (960, 31) &gt;
\0&lt;/a&gt;
W, 3608, 22, 2012/11/02, 16:31:32.339, 1607812960405, QTAgent32.exe, &lt;a class=success&gt;Playback - {92} [SUCCESS] LeftButtonClick - "[MSAA]ControlType='MenuItem' &amp;&amp; Name='Options'"  &lt; Mouse cursor location (94, 31) &gt;
\0&lt;/a&gt;
W, 3608, 22, 2012/11/02, 16:31:32.511, 1607815415515, QTAgent32.exe, &lt;a class=success&gt;Playback - {93} [SUCCESS] LeftButtonClick - "[MSAA]ControlType='MenuItem' &amp;&amp; Name='Links'"  &lt; Mouse cursor location (174, 319) &gt;
\0&lt;/a&gt;
W, 3608, 22, 2012/11/02, 16:31:32.698, 1607818094900, QTAgent32.exe, &lt;a class=success&gt;Playback - {94} [SUCCESS] LeftButtonClick - "[MSAA]ControlType='MenuItem' &amp;&amp; Name='3rd Party Integration'"  &lt; Mouse cursor location (375, 319) &gt;
\0&lt;/a&gt;
W, 3608, 22, 2012/11/02, 16:31:32.870, 1607820579517, QTAgent32.exe, &lt;a class=success&gt;Playback - {95} [SUCCESS] MouseButtonClick - "[MSAA]ControlType='MenuItem' &amp;&amp; Name='Quote Select List'"
\0&lt;/a&gt;
W, 3608, 22, 2012/11/02, 16:31:34.726, 1607847134767, QTAgent32.exe, PERF WARNING: FindTopLevelWindowHelper::FindAllDescendents: took 1722 ms. Expected it to take maximum 500 ms.
W, 3608, 22, 2012/11/02, 16:31:35.335, 1607855974713, QTAgent32.exe, &lt;a class=success&gt;Playback - {96} [SUCCESS] MouseButtonClick - "[MSAA, VisibleOnly]ControlType='Button' &amp;&amp; Name='Ok'"
\0&lt;/a&gt;
W, 3608, 22, 2012/11/02, 16:31:39.344, 1607913260672, QTAgent32.exe, PERF WARNING: FindTopLevelWindowHelper::FindAllDescendents: took 3886 ms. Expected it to take maximum 500 ms.
W, 3608, 22, 2012/11/02, 16:31:39.812, 1607920092489, QTAgent32.exe, &lt;a class=success&gt;Playback - {97} [SUCCESS] MouseButtonClick - "[MSAA, VisibleOnly]ControlType='Button' &amp;&amp; Name='MTA'"
\0&lt;/a&gt;
W, 3608, 22, 2012/11/02, 16:31:40.467, 1607929476779, QTAgent32.exe, Playback - [WARNING] Internal warning: Incorrect flag set for InvokeProgrammaticAction\0
W, 3608, 22, 2012/11/02, 16:31:40.795, 1607934032444, QTAgent32.exe, &lt;a class=success&gt;Playback - {98} [SUCCESS] SetValueAsComboBox "General Adjustment" - "[MSAA, VisibleOnly]ControlType='ComboBox'"  &lt; SetValueAsComboBox, set by clicking on the item in the list box &gt;
\0&lt;/a&gt;
W, 3608, 22, 2012/11/02, 16:31:41.216, 1607940238877, QTAgent32.exe, &lt;a class=success&gt;Playback - {99} [SUCCESS] MouseButtonClick - "[MSAA, VisibleOnly]ControlType='Button' &amp;&amp; Name='OK'"
\0&lt;/a&gt;
W, 3608, 22, 2012/11/02, 16:31:41.372, 1607942381740, QTAgent32.exe, Playback - [WARNING] Internal warning: Thread state based WFR - Requested element has invalid HWND
\0
W, 3608, 22, 2012/11/02, 16:31:41.372, 1607942383634, QTAgent32.exe, Playback - [WARNING] Internal warning: process performance counters based WFR - Requested element has invalid HWND
\0
E, 3608, 22, 2012/11/02, 16:31:41.372, 1607942386852, QTAgent32.exe, EnsureValid called via EnsureValid call for same element
E, 3608, 22, 2012/11/02, 16:31:41.372, 1607942388871, QTAgent32.exe, EnsureValid called via EnsureValid call for same element
E, 3608, 22, 2012/11/02, 16:31:41.372, 1607942390151, QTAgent32.exe, EnsureValid called via EnsureValid call for same element
E, 3608, 22, 2012/11/02, 16:31:41.372, 1607942393266, QTAgent32.exe, GetClassName for handle 4196468 failed
E, 3608, 22, 2012/11/02, 16:31:41.372, 1607942398013, QTAgent32.exe, GetClassName for handle 4196468 failed
E, 3608, 22, 2012/11/02, 16:31:41.372, 1607942405106, QTAgent32.exe, Exception: System.Runtime.InteropServices.COMException
	Message: Error HRESULT E_FAIL has been returned from a call to a COM component.
	Stack Trace:    at Accessibility.IAccessible.get_accState(Object varChild)
   at Microsoft.VisualStudio.TestTools.UITest.Extension.Msaa.AccWrapper.get_State()
	BaseExceptionMessage: Error HRESULT E_FAIL has been returned from a call to a COM component.

E, 3608, 22, 2012/11/02, 16:31:41.372, 1607942409454, QTAgent32.exe, Exception: System.Runtime.InteropServices.COMException
	Message: Error HRESULT E_FAIL has been returned from a call to a COM component.
	Stack Trace:    at Accessibility.IAccessible.get_accState(Object varChild)
   at Microsoft.VisualStudio.TestTools.UITest.Extension.Msaa.AccWrapper.get_State()
	BaseExceptionMessage: Error HRESULT E_FAIL has been returned from a call to a COM component.

E, 3608, 22, 2012/11/02, 16:31:41.372, 1607942413839, QTAgent32.exe, Exception: System.Runtime.InteropServices.COMException
	Message: Error HRESULT E_FAIL has been returned from a call to a COM component.
	Stack Trace:    at Accessibility.IAccessible.get_accState(Object varChild)
   at Microsoft.VisualStudio.TestTools.UITest.Extension.Msaa.AccWrapper.get_State()
	BaseExceptionMessage: Error HRESULT E_FAIL has been returned from a call to a COM component.

E, 3608, 22, 2012/11/02, 16:31:41.372, 1607942418043, QTAgent32.exe, Exception: System.Runtime.InteropServices.COMException
	Message: Error HRESULT E_FAIL has been returned from a call to a COM component.
	Stack Trace:    at Accessibility.IAccessible.get_accState(Object varChild)
   at Microsoft.VisualStudio.TestTools.UITest.Extension.Msaa.AccWrapper.get_State()
	BaseExceptionMessage: Error HRESULT E_FAIL has been returned from a call to a COM component.

E, 3608, 22, 2012/11/02, 16:31:41.372, 1607942422266, QTAgent32.exe, Exception: System.Runtime.InteropServices.COMException
	Message: Error HRESULT E_FAIL has been returned from a call to a COM component.
	Stack Trace:    at Accessibility.IAccessible.get_accState(Object varChild)
   at Microsoft.VisualStudio.TestTools.UITest.Extension.Msaa.AccWrapper.get_State()
	BaseExceptionMessage: Error HRESULT E_FAIL has been returned from a call to a COM component.

E, 3608, 22, 2012/11/02, 16:31:41.372, 1607942426688, QTAgent32.exe, Exception: System.Runtime.InteropServices.COMException
	Message: Error HRESULT E_FAIL has been returned from a call to a COM component.
	Stack Trace:    at Accessibility.IAccessible.get_accState(Object varChild)
   at Microsoft.VisualStudio.TestTools.UITest.Extension.Msaa.AccWrapper.get_State()
	BaseExceptionMessage: Error HRESULT E_FAIL has been returned from a call to a COM component.

E, 3608, 22, 2012/11/02, 16:31:41.372, 1607942430911, QTAgent32.exe, Exception: System.Runtime.InteropServices.COMException
	Message: Error HRESULT E_FAIL has been returned from a call to a COM component.
	Stack Trace:    at Accessibility.IAccessible.get_accState(Object varChild)
   at Microsoft.VisualStudio.TestTools.UITest.Extension.Msaa.AccWrapper.get_State()
	BaseExceptionMessage: Error HRESULT E_FAIL has been returned from a call to a COM component.

W, 3608, 22, 2012/11/02, 16:31:41.575, 1607945279759, QTAgent32.exe, PERF WARNING: MSAA.UpdateQueryIDForNamelessControls: took 201 ms. Expected it to take maximum 200 ms.
W, 3608, 22, 2012/11/02, 16:31:41.575, 1607945283842, QTAgent32.exe, Msaa.Navigate: Exception [Error HRESULT E_FAIL has been returned from a call to a COM component.] while calling accNavigate.
E, 3608, 22, 2012/11/02, 16:31:41.575, 1607945284873, QTAgent32.exe, GetClassName for handle 8586418 failed
E, 3608, 22, 2012/11/02, 16:31:41.575, 1607945285688, QTAgent32.exe, Window 8586418 not responding. Last Win32 error 1400
E, 3608, 22, 2012/11/02, 16:31:41.575, 1607945288265, QTAgent32.exe, GetClassName for handle 4196468 failed
W, 3608, 22, 2012/11/02, 16:31:41.731, 1607947423122, QTAgent32.exe, &lt;a class=success&gt;Playback - {100} [SUCCESS] SendKeys "^{HOME}" - "[MSAA, VisibleOnly]ControlType='Edit'"
\0&lt;/a&gt;
E, 3608, 22, 2012/11/02, 16:31:41.731, 1607947426197, QTAgent32.exe, Msaa.GetFocusedElement: could not find accessible object of foreground window
W, 3608, 22, 2012/11/02, 16:31:41.824, 1607948763469, QTAgent32.exe, &lt;a class=success&gt;Playback - {101} [SUCCESS] SendKeys "^+{END}" - "[MSAA, VisibleOnly]ControlType='Edit'"
\0&lt;/a&gt;
E, 3608, 22, 2012/11/02, 16:31:41.824, 1607948765893, QTAgent32.exe, Msaa.GetFocusedElement: could not find accessible object of foreground window
W, 3608, 22, 2012/11/02, 16:31:41.840, 1607948985693, QTAgent32.exe, &lt;a class=success&gt;Playback - {102} [SUCCESS] SendKeys "{DELETE}" - "[MSAA, VisibleOnly]ControlType='Edit'"
\0&lt;/a&gt;
W, 3608, 22, 2012/11/02, 16:31:42.168, 1607953685654, QTAgent32.exe, &lt;a class=success&gt;Playback - {103} [SUCCESS] SetValueAsEditBox "NewTest" - "[MSAA, VisibleOnly]ControlType='Edit'"  &lt; Set via SendKeys &gt;
\0&lt;/a&gt;
W, 3608, 22, 2012/11/02, 16:31:42.682, 1607961234460, QTAgent32.exe, &lt;a class=success&gt;Playback - {104} [SUCCESS] MouseButtonClick - "[MSAA, VisibleOnly]ControlType='Button' &amp;&amp; Name='Next &gt;'"
\0&lt;/a&gt;
W, 3608, 22, 2012/11/02, 16:31:42.932, 1607964757125, QTAgent32.exe, &lt;a class=success&gt;Playback - {105} [SUCCESS] MouseButtonClick - "[MSAA, VisibleOnly]ControlType='Button' &amp;&amp; Name='Next &gt;'"
\0&lt;/a&gt;
W, 3608, 22, 2012/11/02, 16:31:43.166, 1607968144032, QTAgent32.exe, &lt;a class=success&gt;Playback - {106} [SUCCESS] MouseButtonClick - "[MSAA, VisibleOnly]ControlType='Button' &amp;&amp; Name='Next &gt;'"
\0&lt;/a&gt;
W, 3608, 22, 2012/11/02, 16:31:43.400, 1607971369295, QTAgent32.exe, &lt;a class=success&gt;Playback - {107} [SUCCESS] MouseButtonClick - "[MSAA, VisibleOnly]ControlType='Button' &amp;&amp; Name='Next &gt;'"
\0&lt;/a&gt;
W, 3608, 22, 2012/11/02, 16:31:43.634, 1607974695904, QTAgent32.exe, &lt;a class=success&gt;Playback - {108} [SUCCESS] MouseButtonClick - "[MSAA, VisibleOnly]ControlType='Button' &amp;&amp; Name='Next &gt;'"
\0&lt;/a&gt;
W, 3608, 22, 2012/11/02, 16:31:43.852, 1607977998116, QTAgent32.exe, &lt;a class=success&gt;Playback - {109} [SUCCESS] MouseButtonClick - "[MSAA, VisibleOnly]ControlType='Button' &amp;&amp; Name='Next &gt;'"
\0&lt;/a&gt;
W, 3608, 22, 2012/11/02, 16:31:44.086, 1607981232756, QTAgent32.exe, &lt;a class=success&gt;Playback - {110} [SUCCESS] MouseButtonClick - "[MSAA, VisibleOnly]ControlType='Button' &amp;&amp; Name='Next &gt;'"
\0&lt;/a&gt;
W, 3608, 22, 2012/11/02, 16:31:44.430, 1607986245774, QTAgent32.exe, &lt;a class=success&gt;Playback - {111} [SUCCESS] MouseButtonClick - "[MSAA, VisibleOnly]ControlType='Button' &amp;&amp; Name='Quote'"
\0&lt;/a&gt;
W, 3608, 22, 2012/11/02, 16:31:45.054, 1607995044688, QTAgent32.exe, &lt;a class=success&gt;Playback - {112} [SUCCESS] MouseButtonClick - "[MSAA, VisibleOnly]ControlType='Button' &amp;&amp; Name='OK'"
\0&lt;/a&gt;
W, 3608, 22, 2012/11/02, 16:31:48.517, 1608044582801, QTAgent32.exe, PERF WARNING: FindTopLevelWindowHelper::FindAllDescendents: took 3353 ms. Expected it to take maximum 500 ms.
W, 3608, 22, 2012/11/02, 16:31:48.626, 1608046151639, QTAgent32.exe, &lt;a class=success&gt;Playback - {113} [SUCCESS] MouseButtonClick - "[MSAA, VisibleOnly]ControlType='Client'"
\0&lt;/a&gt;
W, 3608, 22, 2012/11/02, 16:31:48.860, 1608049499569, QTAgent32.exe, &lt;a class=success&gt;Playback - {114} [SUCCESS] SendKeys "{Home}" - "[MSAA, VisibleOnly]ControlType='Client'"
\0&lt;/a&gt;
W, 3608, 22, 2012/11/02, 16:31:49.313, 1608056097395, QTAgent32.exe, &lt;a class=success&gt;Playback - {115} [SUCCESS] MouseButtonClick - "[MSAA, VisibleOnly]ControlType='Button' &amp;&amp; Name='Accept'"
\0&lt;/a&gt;
W, 3608, 22, 2012/11/02, 16:31:49.812, 1608063157701, QTAgent32.exe, &lt;a class=success&gt;Playback - {116} [SUCCESS] MouseButtonClick - "[MSAA, VisibleOnly]ControlType='Button' &amp;&amp; Name='OK'"
\0&lt;/a&gt;
W, 3608, 22, 2012/11/02, 16:31:50.280, 1608069962681, QTAgent32.exe, &lt;a class=success&gt;Playback - {117} [SUCCESS] MouseButtonClick - "[MSAA, VisibleOnly]ControlType='Button' &amp;&amp; Name='Ok'"
\0&lt;/a&gt;
W, 3608, 22, 2012/11/02, 16:32:07.081, 1608310401334, QTAgent32.exe, PERF WARNING: FindTopLevelWindowHelper::FindAllDescendents: took 16692 ms. Expected it to take maximum 500 ms.
W, 3608, 22, 2012/11/02, 16:32:07.503, 1608316494733, QTAgent32.exe, &lt;a class=success&gt;Playback - {118} [SUCCESS] MouseButtonClick - "[MSAA, VisibleOnly]ControlType='Button' &amp;&amp; Name='OK'"
\0&lt;/a&gt;
W, 3608, 22, 2012/11/02, 16:32:07.612, 1608317983549, QTAgent32.exe, Playback - [WARNING] Internal warning: Thread state based WFR - Requested element has invalid HWND
\0
W, 3608, 22, 2012/11/02, 16:32:07.612, 1608317985236, QTAgent32.exe, Playback - [WARNING] Internal warning: process performance counters based WFR - Requested element has invalid HWND
\0
E, 3608, 22, 2012/11/02, 16:32:07.612, 1608317988331, QTAgent32.exe, EnsureValid called via EnsureValid call for same element
E, 3608, 22, 2012/11/02, 16:32:07.612, 1608317990487, QTAgent32.exe, EnsureValid called via EnsureValid call for same element
E, 3608, 22, 2012/11/02, 16:32:07.612, 1608317991857, QTAgent32.exe, EnsureValid called via EnsureValid call for same element
E, 3608, 22, 2012/11/02, 16:32:07.612, 1608317995902, QTAgent32.exe, GetClassName for handle 7144756 failed
E, 3608, 22, 2012/11/02, 16:32:07.612, 1608318012572, QTAgent32.exe, Window 7144756 not responding. Last Win32 error 1400
E, 3608, 22, 2012/11/02, 16:32:07.612, 1608318014748, QTAgent32.exe, GetClassName for handle 7144756 failed
E, 3608, 22, 2012/11/02, 16:32:07.612, 1608318015554, QTAgent32.exe, GetClassName for handle 7144756 failed
W, 3608, 22, 2012/11/02, 16:32:07.939, 1608322678668, QTAgent32.exe, &lt;a class=success&gt;Playback - {119} [SUCCESS] Check - "[MSAA, VisibleOnly]ControlType='CheckBox' &amp;&amp; Name='Defer Printing?'"
\0&lt;/a&gt;
W, 3608, 22, 2012/11/02, 16:32:08.626, 1608332712416, QTAgent32.exe, &lt;a class=success&gt;Playback - {120} [SUCCESS] MouseButtonClick - "[MSAA, VisibleOnly]ControlType='Button' &amp;&amp; Name='Ok'"
\0&lt;/a&gt;
W, 3608, 22, 2012/11/02, 16:32:08.735, 1608334066012, QTAgent32.exe, Playback - [WARNING] Internal warning: Thread state based WFR - Requested element has invalid HWND
\0
W, 3608, 22, 2012/11/02, 16:32:08.735, 1608334067924, QTAgent32.exe, Playback - [WARNING] Internal warning: process performance counters based WFR - Requested element has invalid HWND
\0
E, 3608, 22, 2012/11/02, 16:32:08.735, 1608334071058, QTAgent32.exe, EnsureValid called via EnsureValid call for same element
E, 3608, 22, 2012/11/02, 16:32:08.735, 1608334073040, QTAgent32.exe, EnsureValid called via EnsureValid call for same element
E, 3608, 22, 2012/11/02, 16:32:08.735, 1608334074358, QTAgent32.exe, EnsureValid called via EnsureValid call for same element
E, 3608, 22, 2012/11/02, 16:32:08.751, 1608334289207, QTAgent32.exe, GetClassName for handle 6228008 failed
E, 3608, 22, 2012/11/02, 16:32:08.751, 1608334305930, QTAgent32.exe, Window 6228008 not responding. Last Win32 error 1400
E, 3608, 22, 2012/11/02, 16:32:08.751, 1608334308085, QTAgent32.exe, GetClassName for handle 6228008 failed
E, 3608, 22, 2012/11/02, 16:32:08.751, 1608334308920, QTAgent32.exe, GetClassName for handle 6228008 failed
W, 3608, 22, 2012/11/02, 16:32:09.562, 1608346000061, QTAgent32.exe, PERF WARNING: FindTopLevelWindowHelper::FindAllDescendents: took 816 ms. Expected it to take maximum 500 ms.
W, 3608, 22, 2012/11/02, 16:32:09.905, 1608350824707, QTAgent32.exe, &lt;a class=success&gt;Playback - {121} [SUCCESS] Uncheck - "[MSAA, VisibleOnly]ControlType='CheckBox' &amp;&amp; Name='Add Activity'"
\0&lt;/a&gt;
W, 3608, 22, 2012/11/02, 16:32:10.467, 1608358963074, QTAgent32.exe, &lt;a class=success&gt;Playback - {122} [SUCCESS] MouseButtonClick - "[MSAA, VisibleOnly]ControlType='Button' &amp;&amp; Name='Ok'"
\0&lt;/a&gt;
W, 3608, 22, 2012/11/02, 16:32:14.616, 1608418281728, QTAgent32.exe, PERF WARNING: FindTopLevelWindowHelper::FindAllDescendents: took 3916 ms. Expected it to take maximum 500 ms.
W, 3608, 22, 2012/11/02, 16:32:15.256, 1608427541246, QTAgent32.exe, &lt;a class=success&gt;Playback - {123} [SUCCESS] MouseButtonClick - "[MSAA, VisibleOnly]ControlType='Button' &amp;&amp; Name='OK'"
\0&lt;/a&gt;
W, 3608, 22, 2012/11/02, 16:32:17.939, 1608465858096, QTAgent32.exe, PERF WARNING: FindTopLevelWindowHelper::FindAllDescendents: took 2449 ms. Expected it to take maximum 500 ms.
W, 3608, 22, 2012/11/02, 16:32:20.233, 1608498683965, QTAgent32.exe, &lt;a class=success&gt;Playback - {124} [SUCCESS] MouseButtonClick - "[MSAA, VisibleOnly]ControlType='Button' &amp;&amp; Name='OK'"
\0&lt;/a&gt;
W, 3608, 22, 2012/11/02, 16:32:20.669, 1608504999739, QTAgent32.exe, &lt;a class=success&gt;Playback - {125} [SUCCESS] MouseButtonClick - "[MSAA, VisibleOnly]ControlType='Button' &amp;&amp; Name='Options'"
\0&lt;/a&gt;
W, 3608, 22, 2012/11/02, 16:32:20.779, 1608506509721, QTAgent32.exe, FindScreenElementInSinglePass : Attempting to find control in one pass of search. Failures can occur.
W, 3608, 22, 2012/11/02, 16:32:20.779, 1608506610898, QTAgent32.exe, Playback - [WARNING] Internal failure: Method GetBoundingRectangle failed (HRESULT = 0x1, "Incorrect function.") for Name = "Copy Risk" ," ControlType = "MenuItem"
\0
W, 3608, 22, 2012/11/02, 16:32:20.779, 1608506612075, QTAgent32.exe, Playback - [WARNING] Internal failure: Couldn't get clickable point for ScreenUIElement - GetClickablePoint failed
\0
W, 3608, 22, 2012/11/02, 16:32:20.779, 1608506615130, QTAgent32.exe, FindScreenElementInSinglePass : Attempting to find control in one pass of search. Failures can occur.
W, 3608, 22, 2012/11/02, 16:32:20.779, 1608506643207, QTAgent32.exe, FindScreenElementInSinglePass : Attempting to find control in one pass of search. Failures can occur.
W, 3608, 22, 2012/11/02, 16:32:21.137, 1608511640753, QTAgent32.exe, &lt;a class=success&gt;Playback - {126} [SUCCESS] LeftButtonClick - "[MSAA, VisibleOnly]ControlType='MenuBar' &amp;&amp; Name='Application'"  &lt; Mouse cursor location (960, 31) &gt;
\0&lt;/a&gt;
W, 3608, 22, 2012/11/02, 16:32:21.247, 1608513204499, QTAgent32.exe, &lt;a class=success&gt;Playback - {127} [SUCCESS] LeftButtonClick - "[MSAA]ControlType='MenuItem' &amp;&amp; Name='Options'"  &lt; Mouse cursor location (94, 31) &gt;
\0&lt;/a&gt;
W, 3608, 22, 2012/11/02, 16:32:21.418, 1608515661757, QTAgent32.exe, &lt;a class=success&gt;Playback - {128} [SUCCESS] LeftButtonClick - "[MSAA]ControlType='MenuItem' &amp;&amp; Name='Links'"  &lt; Mouse cursor location (174, 319) &gt;
\0&lt;/a&gt;
W, 3608, 22, 2012/11/02, 16:32:21.590, 1608518117167, QTAgent32.exe, &lt;a class=success&gt;Playback - {129} [SUCCESS] LeftButtonClick - "[MSAA]ControlType='MenuItem' &amp;&amp; Name='3rd Party Integration'"  &lt; Mouse cursor location (375, 319) &gt;
\0&lt;/a&gt;
W, 3608, 22, 2012/11/02, 16:32:21.761, 1608520603347, QTAgent32.exe, &lt;a class=success&gt;Playback - {130} [SUCCESS] MouseButtonClick - "[MSAA]ControlType='MenuItem' &amp;&amp; Name='Copy Risk'"
\0&lt;/a&gt;
W, 3608, 22, 2012/11/02, 16:32:24.476, 1608559457690, QTAgent32.exe, PERF WARNING: FindTopLevelWindowHelper::FindAllDescendents: took 2604 ms. Expected it to take maximum 500 ms.
W, 3608, 22, 2012/11/02, 16:32:24.803, 1608564294029, QTAgent32.exe, &lt;a class=success&gt;Playback - {131} [SUCCESS] MouseButtonClick - "[MSAA, VisibleOnly]ControlType='Button' &amp;&amp; Name='Ok'"
\0&lt;/a&gt;
W, 3608, 22, 2012/11/02, 16:32:25.724, 1608577339558, QTAgent32.exe, PERF WARNING: FindTopLevelWindowHelper::FindAllDescendents: took 704 ms. Expected it to take maximum 500 ms.
W, 3608, 22, 2012/11/02, 16:32:26.052, 1608582008724, QTAgent32.exe, &lt;a class=success&gt;Playback - {132} [SUCCESS] Check - "[MSAA, VisibleOnly]ControlType='RadioButton' &amp;&amp; Name='Household'"
\0&lt;/a&gt;
W, 3608, 22, 2012/11/02, 16:32:26.800, 1608592779562, QTAgent32.exe, &lt;a class=success&gt;Playback - {133} [SUCCESS] MouseButtonClick - "[MSAA, VisibleOnly]ControlType='Button' &amp;&amp; Name='OK'"
\0&lt;/a&gt;
W, 3608, 22, 2012/11/02, 16:32:26.910, 1608594292944, QTAgent32.exe, Playback - [WARNING] Internal warning: Thread state based WFR - Requested element has invalid HWND
\0
W, 3608, 22, 2012/11/02, 16:32:26.910, 1608594294759, QTAgent32.exe, Playback - [WARNING] Internal warning: process performance counters based WFR - Requested element has invalid HWND
\0
E, 3608, 22, 2012/11/02, 16:32:26.910, 1608594297880, QTAgent32.exe, EnsureValid called via EnsureValid call for same element
E, 3608, 22, 2012/11/02, 16:32:26.910, 1608594299925, QTAgent32.exe, EnsureValid called via EnsureValid call for same element
E, 3608, 22, 2012/11/02, 16:32:26.910, 1608594301243, QTAgent32.exe, EnsureValid called via EnsureValid call for same element
E, 3608, 22, 2012/11/02, 16:32:26.910, 1608594304367, QTAgent32.exe, GetClassName for handle 10880362 failed
E, 3608, 22, 2012/11/02, 16:32:26.910, 1608594309143, QTAgent32.exe, GetClassName for handle 10880362 failed
E, 3608, 22, 2012/11/02, 16:32:26.910, 1608594316319, QTAgent32.exe, Exception: System.Runtime.InteropServices.COMException
	Message: Error HRESULT E_FAIL has been returned from a call to a COM component.
	Stack Trace:    at Accessibility.IAccessible.get_accState(Object varChild)
   at Microsoft.VisualStudio.TestTools.UITest.Extension.Msaa.AccWrapper.get_State()
	BaseExceptionMessage: Error HRESULT E_FAIL has been returned from a call to a COM component.

E, 3608, 22, 2012/11/02, 16:32:26.910, 1608594320704, QTAgent32.exe, Exception: System.Runtime.InteropServices.COMException
	Message: Error HRESULT E_FAIL has been returned from a call to a COM component.
	Stack Trace:    at Accessibility.IAccessible.get_accState(Object varChild)
   at Microsoft.VisualStudio.TestTools.UITest.Extension.Msaa.AccWrapper.get_State()
	BaseExceptionMessage: Error HRESULT E_FAIL has been returned from a call to a COM component.

E, 3608, 22, 2012/11/02, 16:32:26.910, 1608594324978, QTAgent32.exe, Exception: System.Runtime.InteropServices.COMException
	Message: Error HRESULT E_FAIL has been returned from a call to a COM component.
	Stack Trace:    at Accessibility.IAccessible.get_accState(Object varChild)
   at Microsoft.VisualStudio.TestTools.UITest.Extension.Msaa.AccWrapper.get_State()
	BaseExceptionMessage: Error HRESULT E_FAIL has been returned from a call to a COM component.

E, 3608, 22, 2012/11/02, 16:32:26.910, 1608594329698, QTAgent32.exe, Exception: System.Runtime.InteropServices.COMException
	Message: Error HRESULT E_FAIL has been returned from a call to a COM component.
	Stack Trace:    at Accessibility.IAccessible.get_accState(Object varChild)
   at Microsoft.VisualStudio.TestTools.UITest.Extension.Msaa.AccWrapper.get_State()
	BaseExceptionMessage: Error HRESULT E_FAIL has been returned from a call to a COM component.

E, 3608, 22, 2012/11/02, 16:32:26.910, 1608594334052, QTAgent32.exe, Exception: System.Runtime.InteropServices.COMException
	Message: Error HRESULT E_FAIL has been returned from a call to a COM component.
	Stack Trace:    at Accessibility.IAccessible.get_accState(Object varChild)
   at Microsoft.VisualStudio.TestTools.UITest.Extension.Msaa.AccWrapper.get_State()
	BaseExceptionMessage: Error HRESULT E_FAIL has been returned from a call to a COM component.

E, 3608, 22, 2012/11/02, 16:32:26.910, 1608594338361, QTAgent32.exe, Exception: System.Runtime.InteropServices.COMException
	Message: Error HRESULT E_FAIL has been returned from a call to a COM component.
	Stack Trace:    at Accessibility.IAccessible.get_accState(Object varChild)
   at Microsoft.VisualStudio.TestTools.UITest.Extension.Msaa.AccWrapper.get_State()
	BaseExceptionMessage: Error HRESULT E_FAIL has been returned from a call to a COM component.

E, 3608, 22, 2012/11/02, 16:32:26.910, 1608594395433, QTAgent32.exe, Exception: System.Runtime.InteropServices.COMException
	Message: Error HRESULT E_FAIL has been returned from a call to a COM component.
	Stack Trace:    at Accessibility.IAccessible.get_accState(Object varChild)
   at Microsoft.VisualStudio.TestTools.UITest.Extension.Msaa.AccWrapper.get_State()
	BaseExceptionMessage: Error HRESULT E_FAIL has been returned from a call to a COM component.

W, 3608, 22, 2012/11/02, 16:32:27.112, 1608597190989, QTAgent32.exe, PERF WARNING: MSAA.UpdateQueryIDForNamelessControls: took 201 ms. Expected it to take maximum 200 ms.
W, 3608, 22, 2012/11/02, 16:32:27.112, 1608597195720, QTAgent32.exe, Msaa.Navigate: Exception [Error HRESULT E_FAIL has been returned from a call to a COM component.] while calling accNavigate.
E, 3608, 22, 2012/11/02, 16:32:27.112, 1608597196793, QTAgent32.exe, GetClassName for handle 7603714 failed
E, 3608, 22, 2012/11/02, 16:32:27.112, 1608597197634, QTAgent32.exe, Window 7603714 not responding. Last Win32 error 1400
E, 3608, 22, 2012/11/02, 16:32:27.112, 1608597200166, QTAgent32.exe, GetClassName for handle 10880362 failed
W, 3608, 22, 2012/11/02, 16:32:29.078, 1608625452507, QTAgent32.exe, PERF WARNING: FindTopLevelWindowHelper::FindAllDescendents: took 1972 ms. Expected it to take maximum 500 ms.
W, 3608, 22, 2012/11/02, 16:32:29.078, 1608625548358, QTAgent32.exe, Playback - [WARNING] Internal warning: Thread state based WFR - Requested element has invalid HWND
\0
W, 3608, 22, 2012/11/02, 16:32:29.078, 1608625549553, QTAgent32.exe, Playback - [WARNING] Internal warning: process performance counters based WFR - Requested element has invalid HWND
\0
E, 3608, 22, 2012/11/02, 16:32:29.094, 1608625553061, QTAgent32.exe, EnsureValid called via EnsureValid call for same element
E, 3608, 22, 2012/11/02, 16:32:29.094, 1608625555140, QTAgent32.exe, EnsureValid called via EnsureValid call for same element
E, 3608, 22, 2012/11/02, 16:32:29.094, 1608625556453, QTAgent32.exe, EnsureValid called via EnsureValid call for same element
E, 3608, 22, 2012/11/02, 16:32:29.094, 1608625559386, QTAgent32.exe, GetClassName for handle 11011098 failed
E, 3608, 22, 2012/11/02, 16:32:29.094, 1608625564103, QTAgent32.exe, GetClassName for handle 11011098 failed
E, 3608, 22, 2012/11/02, 16:32:29.094, 1608625570679, QTAgent32.exe, Exception: System.Runtime.InteropServices.COMException
	Message: Error HRESULT E_FAIL has been returned from a call to a COM component.
	Stack Trace:    at Accessibility.IAccessible.get_accState(Object varChild)
   at Microsoft.VisualStudio.TestTools.UITest.Extension.Msaa.AccWrapper.get_State()
	BaseExceptionMessage: Error HRESULT E_FAIL has been returned from a call to a COM component.

E, 3608, 22, 2012/11/02, 16:32:29.094, 1608625575069, QTAgent32.exe, Exception: System.Runtime.InteropServices.COMException
	Message: Error HRESULT E_FAIL has been returned from a call to a COM component.
	Stack Trace:    at Accessibility.IAccessible.get_accState(Object varChild)
   at Microsoft.VisualStudio.TestTools.UITest.Extension.Msaa.AccWrapper.get_State()
	BaseExceptionMessage: Error HRESULT E_FAIL has been returned from a call to a COM component.

E, 3608, 22, 2012/11/02, 16:32:29.094, 1608625579371, QTAgent32.exe, Exception: System.Runtime.InteropServices.COMException
	Message: Error HRESULT E_FAIL has been returned from a call to a COM component.
	Stack Trace:    at Accessibility.IAccessible.get_accState(Object varChild)
   at Microsoft.VisualStudio.TestTools.UITest.Extension.Msaa.AccWrapper.get_State()
	BaseExceptionMessage: Error HRESULT E_FAIL has been returned from a call to a COM component.

E, 3608, 22, 2012/11/02, 16:32:29.094, 1608625583649, QTAgent32.exe, Exception: System.Runtime.InteropServices.COMException
	Message: Error HRESULT E_FAIL has been returned from a call to a COM component.
	Stack Trace:    at Accessibility.IAccessible.get_accState(Object varChild)
   at Microsoft.VisualStudio.TestTools.UITest.Extension.Msaa.AccWrapper.get_State()
	BaseExceptionMessage: Error HRESULT E_FAIL has been returned from a call to a COM component.

E, 3608, 22, 2012/11/02, 16:32:29.094, 1608625587948, QTAgent32.exe, Exception: System.Runtime.InteropServices.COMException
	Message: Error HRESULT E_FAIL has been returned from a call to a COM component.
	Stack Trace:    at Accessibility.IAccessible.get_accState(Object varChild)
   at Microsoft.VisualStudio.TestTools.UITest.Extension.Msaa.AccWrapper.get_State()
	BaseExceptionMessage: Error HRESULT E_FAIL has been returned from a call to a COM component.

E, 3608, 22, 2012/11/02, 16:32:29.094, 1608625592600, QTAgent32.exe, Exception: System.Runtime.InteropServices.COMException
	Message: Error HRESULT E_FAIL has been returned from a call to a COM component.
	Stack Trace:    at Accessibility.IAccessible.get_accState(Object varChild)
   at Microsoft.VisualStudio.TestTools.UITest.Extension.Msaa.AccWrapper.get_State()
	BaseExceptionMessage: Error HRESULT E_FAIL has been returned from a call to a COM component.

E, 3608, 22, 2012/11/02, 16:32:29.094, 1608625596961, QTAgent32.exe, Exception: System.Runtime.InteropServices.COMException
	Message: Error HRESULT E_FAIL has been returned from a call to a COM component.
	Stack Trace:    at Accessibility.IAccessible.get_accState(Object varChild)
   at Microsoft.VisualStudio.TestTools.UITest.Extension.Msaa.AccWrapper.get_State()
	BaseExceptionMessage: Error HRESULT E_FAIL has been returned from a call to a COM component.

W, 3608, 22, 2012/11/02, 16:32:29.281, 1608628445899, QTAgent32.exe, PERF WARNING: MSAA.UpdateQueryIDForNamelessControls: took 201 ms. Expected it to take maximum 200 ms.
W, 3608, 22, 2012/11/02, 16:32:29.920, 1608637478124, QTAgent32.exe, Msaa.Navigate: Exception [Error HRESULT E_FAIL has been returned from a call to a COM component.] while calling accNavigate.
E, 3608, 22, 2012/11/02, 16:32:29.920, 1608637479650, QTAgent32.exe, GetClassName for handle 5505828 failed
E, 3608, 22, 2012/11/02, 16:32:29.920, 1608637480480, QTAgent32.exe, Window 5505828 not responding. Last Win32 error 1400
W, 3608, 22, 2012/11/02, 16:32:29.920, 1608637482851, QTAgent32.exe, PERF WARNING: QueryIdHelper: NextToGeneration: took 631 ms. Expected it to take maximum 200 ms.
E, 3608, 22, 2012/11/02, 16:32:29.920, 1608637483770, QTAgent32.exe, GetClassName for handle 11011098 failed
W, 3608, 22, 2012/11/02, 16:32:29.920, 1608637610929, QTAgent32.exe, Playback - [WARNING] Internal warning: Thread state based WFR - Requested element has invalid HWND
\0
W, 3608, 22, 2012/11/02, 16:32:29.920, 1608637612119, QTAgent32.exe, Playback - [WARNING] Internal warning: process performance counters based WFR - Requested element has invalid HWND
\0
E, 3608, 22, 2012/11/02, 16:32:29.936, 1608637615106, QTAgent32.exe, EnsureValid called via EnsureValid call for same element
E, 3608, 22, 2012/11/02, 16:32:29.936, 1608637617094, QTAgent32.exe, EnsureValid called via EnsureValid call for same element
E, 3608, 22, 2012/11/02, 16:32:29.936, 1608637618378, QTAgent32.exe, EnsureValid called via EnsureValid call for same element
E, 3608, 22, 2012/11/02, 16:32:29.936, 1608637622366, QTAgent32.exe, GetClassName for handle 16319406 failed
E, 3608, 22, 2012/11/02, 16:32:29.936, 1608637635754, QTAgent32.exe, Window 16319406 not responding. Last Win32 error 1400
E, 3608, 22, 2012/11/02, 16:32:29.936, 1608637638981, QTAgent32.exe, GetClassName for handle 16319406 failed
E, 3608, 22, 2012/11/02, 16:32:29.936, 1608637639809, QTAgent32.exe, GetClassName for handle 16319406 failed
W, 3608, 22, 2012/11/02, 16:32:29.936, 1608637728462, QTAgent32.exe, Playback - [WARNING] Internal warning: Thread state based WFR - Requested element has invalid HWND
\0
W, 3608, 22, 2012/11/02, 16:32:29.936, 1608637729684, QTAgent32.exe, Playback - [WARNING] Internal warning: process performance counters based WFR - Requested element has invalid HWND
\0
E, 3608, 22, 2012/11/02, 16:32:29.936, 1608637732005, QTAgent32.exe, EnsureValid called via EnsureValid call for same element
E, 3608, 22, 2012/11/02, 16:32:29.936, 1608637733937, QTAgent32.exe, EnsureValid called via EnsureValid call for same element
E, 3608, 22, 2012/11/02, 16:32:29.936, 1608637735317, QTAgent32.exe, EnsureValid called via EnsureValid call for same element
E, 3608, 22, 2012/11/02, 16:32:29.936, 1608637739175, QTAgent32.exe, GetClassName for handle 3934262 failed
E, 3608, 22, 2012/11/02, 16:32:29.936, 1608637755546, QTAgent32.exe, Window 3934262 not responding. Last Win32 error 1400
E, 3608, 22, 2012/11/02, 16:32:29.936, 1608637757681, QTAgent32.exe, GetClassName for handle 3934262 failed
E, 3608, 22, 2012/11/02, 16:32:29.936, 1608637758518, QTAgent32.exe, GetClassName for handle 3934262 failed
W, 3608, 22, 2012/11/02, 16:32:30.279, 1608642642988, QTAgent32.exe, &lt;a class=success&gt;Playback - {134} [SUCCESS] MouseButtonClick - "[MSAA, VisibleOnly]ControlType='Button' &amp;&amp; Name='Cancel'"
\0&lt;/a&gt;
W, 3608, 22, 2012/11/02, 16:32:30.778, 1608649756737, QTAgent32.exe, &lt;a class=success&gt;Playback - {135} [SUCCESS] MouseButtonClick - "[MSAA, VisibleOnly]ControlType='Button' &amp;&amp; Name='Yes'"
\0&lt;/a&gt;
W, 3608, 22, 2012/11/02, 16:32:31.262, 1608656690935, QTAgent32.exe, &lt;a class=success&gt;Playback - {136} [SUCCESS] MouseButtonClick - "[MSAA, VisibleOnly]ControlType='Button' &amp;&amp; Name='Yes'"
\0&lt;/a&gt;
W, 3608, 22, 2012/11/02, 16:32:33.758, 1608692339978, QTAgent32.exe, &lt;a class=success&gt;Playback - {137} [SUCCESS] MouseButtonClick - "[MSAA, VisibleOnly]ControlType='Button' &amp;&amp; Name='OK'"
\0&lt;/a&gt;
W, 3608, 22, 2012/11/02, 16:32:35.412, 1608716021058, QTAgent32.exe, Playback - [WARNING] Internal warning: Element "[MSAA, VisibleOnly]ControlType='Window' &amp;&amp; ControlId='32770'" was not found, so all intermediate elements were ignored. To improve performance replace this element Id with another Id or exclude it from QueryId. If this element is the target element, replace or remove intermediate elements
\0
W, 3608, 22, 2012/11/02, 16:32:35.942, 1608723794526, QTAgent32.exe, PERF WARNING: FindAllDescendents: took 2086 ms. Expected it to take maximum 500 ms.
W, 3608, 22, 2012/11/02, 16:32:36.285, 1608728585652, QTAgent32.exe, &lt;a class=success&gt;Playback - {138} [SUCCESS] MouseButtonClick - "[MSAA, VisibleOnly]ControlType='Button' &amp;&amp; Name='Cancel'"
\0&lt;/a&gt;
W, 3608, 22, 2012/11/02, 16:32:37.939, 1608752203107, QTAgent32.exe, Playback - [WARNING] Internal warning: Element "[MSAA, VisibleOnly]ControlType='Window' &amp;&amp; ControlId='32769'" was not found, so all intermediate elements were ignored. To improve performance replace this element Id with another Id or exclude it from QueryId. If this element is the target element, replace or remove intermediate elements
\0
W, 3608, 22, 2012/11/02, 16:32:38.469, 1608759885204, QTAgent32.exe, PERF WARNING: FindAllDescendents: took 2079 ms. Expected it to take maximum 500 ms.
W, 3608, 22, 2012/11/02, 16:32:38.797, 1608764494419, QTAgent32.exe, &lt;a class=success&gt;Playback - {139} [SUCCESS] MouseButtonClick - "[MSAA, VisibleOnly]ControlType='Button' &amp;&amp; Name='Cancel'"
\0&lt;/a&gt;
W, 3608, 22, 2012/11/02, 16:32:39.125, 1608769280726, QTAgent32.exe, Playback - [WARNING] Internal warning: Window Not Found: [VisibleOnly]ControlType='Window' &amp;&amp; Name='Customer: txt1 tdsfs' &amp;&amp; ClassName='ThunderRT6MDIForm'
\0
E, 3608, 22, 2012/11/02, 16:32:39.125, 1608769283559, QTAgent32.exe, &lt;a class=failure&gt;Playback - {140} [FAILED] Function ElementFetcher::FindScreenElement failed to locate UI element (Searching: ;[VisibleOnly]ControlType='Window' &amp;&amp; Name='Customer: txt1 tdsfs' &amp;&amp; ClassName='ThunderRT6MDIForm') (The object specified was not found.)
\0&lt;/a&gt;
E, 3608, 22, 2012/11/02, 16:32:39.218, 1608770540318, QTAgent32.exe, Playback - [IMAGE] C:\Users\peter.zenin-ad\AppData\Local\Temp\UITestLogs\LastRun\RPFC10A.png
\0
W, 3608, 22, 2012/11/02, 16:32:39.218, 1608770542532, QTAgent32.exe, Playback - [WARNING] Internal warning: Couldn't find descendants that match QueryId
\0
W, 3608, 22, 2012/11/02, 16:32:39.218, 1608770699651, QTAgent32.exe, Playback - [WARNING] Internal warning: Window Not Found: [VisibleOnly]ControlType='Window' &amp;&amp; Name='Customer: txt1 tdsfs' &amp;&amp; ClassName='ThunderRT6MDIForm'
\0
E, 3608, 22, 2012/11/02, 16:32:39.218, 1608770702182, QTAgent32.exe, &lt;a class=failure&gt;Playback - {141} [FAILED] Function ElementFetcher::FindScreenElement failed to locate UI element (Searching: ;[VisibleOnly]ControlType='Window' &amp;&amp; Name='Customer: txt1 tdsfs' &amp;&amp; ClassName='ThunderRT6MDIForm') (The object specified was not found.)
\0&lt;/a&gt;
E, 3608, 22, 2012/11/02, 16:32:39.312, 1608771962542, QTAgent32.exe, Playback - [IMAGE] C:\Users\peter.zenin-ad\AppData\Local\Temp\UITestLogs\LastRun\RPFC168.png
\0
W, 3608, 22, 2012/11/02, 16:32:39.312, 1608771964795, QTAgent32.exe, Playback - [WARNING] Internal warning: Couldn't find descendants that match QueryId
\0
W, 3608, 22, 2012/11/02, 16:32:39.546, 1608775301298, QTAgent32.exe, Playback - [WARNING] Internal warning: Window Not Found: [VisibleOnly]ControlType='Window' &amp;&amp; Name='Customer: txt1 tdsfs' &amp;&amp; ClassName='ThunderRT6MDIForm'
\0
E, 3608, 22, 2012/11/02, 16:32:39.546, 1608775304067, QTAgent32.exe, &lt;a class=failure&gt;Playback - {142} [FAILED] Function ElementFetcher::FindScreenElement failed to locate UI element (Searching: ;[VisibleOnly]ControlType='Window' &amp;&amp; Name='Customer: txt1 tdsfs' &amp;&amp; ClassName='ThunderRT6MDIForm') (The object specified was not found.)
\0&lt;/a&gt;
E, 3608, 22, 2012/11/02, 16:32:39.639, 1608776551289, QTAgent32.exe, Playback - [IMAGE] C:\Users\peter.zenin-ad\AppData\Local\Temp\UITestLogs\LastRun\RPFC2B1.png
\0
W, 3608, 22, 2012/11/02, 16:32:39.639, 1608776553568, QTAgent32.exe, Playback - [WARNING] Internal warning: Couldn't find descendants that match QueryId
\0
E, 3608, 22, 2012/11/02, 16:32:39.639, 1608776557518, QTAgent32.exe, Exception: System.Runtime.InteropServices.COMException
	Message: Error HRESULT E_FAIL has been returned from a call to a COM component.
	Stack Trace:    at Microsoft.VisualStudio.TestTools.UITest.Playback.Engine.IRPFPlayback.FindAllScreenElements(IScreenElement pScreenElementStart, String bstrQueryId, Object&amp; pvarResKeys, Int32 cResKeys, Int32 nMaxDepth, Object[]&amp; foundDescendants)
   at Microsoft.VisualStudio.TestTools.UITest.Playback.ScreenElement.FindTopLevelWindowHelper(String queryId)
	BaseExceptionMessage: Error HRESULT E_FAIL has been returned from a call to a COM component.

E, 3608, 22, 2012/11/02, 16:32:39.639, 1608776562412, QTAgent32.exe, Window 5965182 not responding. Last Win32 error 0
E, 3608, 22, 2012/11/02, 16:32:39.639, 1608776566182, QTAgent32.exe, Window 5965182 not responding. Last Win32 error 1400
E, 3608, 22, 2012/11/02, 16:32:39.639, 1608776569578, QTAgent32.exe, GetClassName for handle 5965182 failed
E, 3608, 22, 2012/11/02, 16:32:39.639, 1608776578881, QTAgent32.exe, Window 5965182 not responding. Last Win32 error 1400
E, 3608, 22, 2012/11/02, 16:32:39.639, 1608776580038, QTAgent32.exe, GetClassName for handle 5965182 failed
E, 3608, 22, 2012/11/02, 16:32:39.639, 1608776580868, QTAgent32.exe, GetClassName for handle 5965182 failed
W, 3608, 22, 2012/11/02, 16:32:39.858, 1608779770472, QTAgent32.exe, Playback - [WARNING] Internal warning: Window Not Found: [VisibleOnly]ControlType='Window' &amp;&amp; Name='Customer: autotest autotest' &amp;&amp; ClassName='ThunderRT6MDIForm'
\0
E, 3608, 22, 2012/11/02, 16:32:39.858, 1608779773497, QTAgent32.exe, &lt;a class=failure&gt;Playback - {143} [FAILED] Function ElementFetcher::FindScreenElement failed to locate UI element (Searching: ;[VisibleOnly]ControlType='Window' &amp;&amp; Name='Customer: autotest autotest' &amp;&amp; ClassName='ThunderRT6MDIForm') (The object specified was not found.)
\0&lt;/a&gt;
E, 3608, 22, 2012/11/02, 16:32:39.967, 1608781294099, QTAgent32.exe, Playback - [IMAGE] C:\Users\peter.zenin-ad\AppData\Local\Temp\UITestLogs\LastRun\RPFC3EA.png
\0
W, 3608, 22, 2012/11/02, 16:32:39.967, 1608781297364, QTAgent32.exe, Playback - [WARNING] Internal warning: Couldn't find descendants that match QueryId
\0
W, 3608, 22, 2012/11/02, 16:32:39.967, 1608781448577, QTAgent32.exe, Playback - [WARNING] Internal warning: Window Not Found: [VisibleOnly]ControlType='Window' &amp;&amp; Name='Customer: autotest autotest' &amp;&amp; ClassName='ThunderRT6MDIForm'
\0
E, 3608, 22, 2012/11/02, 16:32:39.967, 1608781450545, QTAgent32.exe, &lt;a class=failure&gt;Playback - {144} [FAILED] Function ElementFetcher::FindScreenElement failed to locate UI element (Searching: ;[VisibleOnly]ControlType='Window' &amp;&amp; Name='Customer: autotest autotest' &amp;&amp; ClassName='ThunderRT6MDIForm') (The object specified was not found.)
\0&lt;/a&gt;
E, 3608, 22, 2012/11/02, 16:32:40.061, 1608782676974, QTAgent32.exe, Playback - [IMAGE] C:\Users\peter.zenin-ad\AppData\Local\Temp\UITestLogs\LastRun\RPFC458.png
\0
W, 3608, 22, 2012/11/02, 16:32:40.061, 1608782679157, QTAgent32.exe, Playback - [WARNING] Internal warning: Couldn't find descendants that match QueryId
\0
W, 3608, 22, 2012/11/02, 16:32:40.295, 1608786030247, QTAgent32.exe, Playback - [WARNING] Internal warning: Window Not Found: [VisibleOnly]ControlType='Window' &amp;&amp; Name='Customer: autotest autotest' &amp;&amp; ClassName='ThunderRT6MDIForm'
\0
E, 3608, 22, 2012/11/02, 16:32:40.295, 1608786033177, QTAgent32.exe, &lt;a class=failure&gt;Playback - {145} [FAILED] Function ElementFetcher::FindScreenElement failed to locate UI element (Searching: ;[VisibleOnly]ControlType='Window' &amp;&amp; Name='Customer: autotest autotest' &amp;&amp; ClassName='ThunderRT6MDIForm') (The object specified was not found.)
\0&lt;/a&gt;
E, 3608, 22, 2012/11/02, 16:32:40.373, 1608787254371, QTAgent32.exe, Playback - [IMAGE] C:\Users\peter.zenin-ad\AppData\Local\Temp\UITestLogs\LastRun\RPFC5A1.png
\0
W, 3608, 22, 2012/11/02, 16:32:40.373, 1608787256653, QTAgent32.exe, Playback - [WARNING] Internal warning: Couldn't find descendants that match QueryId
\0
E, 3608, 22, 2012/11/02, 16:32:40.373, 1608787260643, QTAgent32.exe, Exception: System.Runtime.InteropServices.COMException
	Message: Error HRESULT E_FAIL has been returned from a call to a COM component.
	Stack Trace:    at Microsoft.VisualStudio.TestTools.UITest.Playback.Engine.IRPFPlayback.FindAllScreenElements(IScreenElement pScreenElementStart, String bstrQueryId, Object&amp; pvarResKeys, Int32 cResKeys, Int32 nMaxDepth, Object[]&amp; foundDescendants)
   at Microsoft.VisualStudio.TestTools.UITest.Playback.ScreenElement.FindTopLevelWindowHelper(String queryId)
	BaseExceptionMessage: Error HRESULT E_FAIL has been returned from a call to a COM component.

E, 3608, 22, 2012/11/02, 16:32:40.373, 1608787265352, QTAgent32.exe, Window 5965182 not responding. Last Win32 error 0
E, 3608, 22, 2012/11/02, 16:32:40.388, 1608787273149, QTAgent32.exe, Window 5965182 not responding. Last Win32 error 1400
E, 3608, 22, 2012/11/02, 16:32:40.388, 1608787277853, QTAgent32.exe, Window 5965182 not responding. Last Win32 error 1400
E, 3608, 22, 2012/11/02, 16:32:40.388, 1608787279110, QTAgent32.exe, GetClassName for handle 5965182 failed
E, 3608, 22, 2012/11/02, 16:32:40.388, 1608787279947, QTAgent32.exe, GetClassName for handle 5965182 failed
W, 3608, 22, 2012/11/02, 16:32:40.607, 1608790500856, QTAgent32.exe, Playback - [WARNING] Internal warning: Window Not Found: [VisibleOnly]ControlType='Window' &amp;&amp; Name='Customer: txt1 tdsfs' &amp;&amp; ClassName='ThunderRT6MDIForm'
\0
E, 3608, 22, 2012/11/02, 16:32:40.607, 1608790506532, QTAgent32.exe, &lt;a class=failure&gt;Playback - {146} [FAILED] Function ElementFetcher::FindScreenElement failed to locate UI element (Searching: ;[VisibleOnly]ControlType='Window' &amp;&amp; Name='Customer: txt1 tdsfs' &amp;&amp; ClassName='ThunderRT6MDIForm') (The object specified was not found.)
\0&lt;/a&gt;
E, 3608, 22, 2012/11/02, 16:32:40.700, 1608791742762, QTAgent32.exe, Playback - [IMAGE] C:\Users\peter.zenin-ad\AppData\Local\Temp\UITestLogs\LastRun\RPFC6DA.png
\0
W, 3608, 22, 2012/11/02, 16:32:40.700, 1608791745093, QTAgent32.exe, Playback - [WARNING] Internal warning: Couldn't find descendants that match QueryId
\0
W, 3608, 22, 2012/11/02, 16:32:41.246, 1608799653547, QTAgent32.exe, Playback - [WARNING] Internal warning: Window Not Found: [VisibleOnly]ControlType='Window' &amp;&amp; Name='Customer: txt1 tdsfs' &amp;&amp; ClassName='ThunderRT6MDIForm'
\0
E, 3608, 22, 2012/11/02, 16:32:41.246, 1608799656571, QTAgent32.exe, &lt;a class=failure&gt;Playback - {147} [FAILED] Function ElementFetcher::FindScreenElement failed to locate UI element (Searching: ;[VisibleOnly]ControlType='Window' &amp;&amp; Name='Customer: txt1 tdsfs' &amp;&amp; ClassName='ThunderRT6MDIForm') (The object specified was not found.)
\0&lt;/a&gt;
E, 3608, 22, 2012/11/02, 16:32:41.324, 1608800877150, QTAgent32.exe, Playback - [IMAGE] C:\Users\peter.zenin-ad\AppData\Local\Temp\UITestLogs\LastRun\RPFC95A.png
\0
W, 3608, 22, 2012/11/02, 16:32:41.324, 1608800879340, QTAgent32.exe, Playback - [WARNING] Internal warning: Couldn't find descendants that match QueryId
\0
W, 3608, 22, 2012/11/02, 16:32:41.324, 1608800882348, QTAgent32.exe, PERF WARNING: FindTopLevelWindowHelper::FindAllDescendents: took 637 ms. Expected it to take maximum 500 ms.
W, 3608, 22, 2012/11/02, 16:32:41.777, 1608807209030, QTAgent32.exe, Playback - [WARNING] Internal warning: Smart Match failed
\0
W, 3608, 22, 2012/11/02, 16:32:41.917, 1608809215656, QTAgent32.exe, Playback - [WARNING] Internal warning: Smart Match failed
\0
W, 3608, 22, 2012/11/02, 16:32:42.104, 1608811953296, QTAgent32.exe, Playback - [WARNING] Internal warning: Smart Match failed
\0
W, 3608, 22, 2012/11/02, 16:32:42.245, 1608813906416, QTAgent32.exe, Playback - [WARNING] Internal warning: Smart Match failed
\0
W, 3608, 22, 2012/11/02, 16:32:42.385, 1608815915179, QTAgent32.exe, Playback - [WARNING] Internal warning: Smart Match failed
\0
W, 3608, 22, 2012/11/02, 16:32:42.526, 1608817925548, QTAgent32.exe, Playback - [WARNING] Internal warning: Smart Match failed
\0
W, 3608, 22, 2012/11/02, 16:32:42.666, 1608819936041, QTAgent32.exe, Playback - [WARNING] Internal warning: Smart Match failed
\0
W, 3608, 22, 2012/11/02, 16:32:42.806, 1608821946313, QTAgent32.exe, Playback - [WARNING] Internal warning: Smart Match failed
\0
W, 3608, 22, 2012/11/02, 16:32:42.947, 1608823955137, QTAgent32.exe, Playback - [WARNING] Internal warning: Smart Match failed
\0
W, 3608, 22, 2012/11/02, 16:32:43.087, 1608825965748, QTAgent32.exe, Playback - [WARNING] Internal warning: Smart Match failed
\0
W, 3608, 22, 2012/11/02, 16:32:43.228, 1608827975242, QTAgent32.exe, Playback - [WARNING] Internal warning: Smart Match failed
\0
W, 3608, 22, 2012/11/02, 16:32:43.368, 1608829985976, QTAgent32.exe, Playback - [WARNING] Internal warning: Smart Match failed
\0
W, 3608, 22, 2012/11/02, 16:32:43.508, 1608831999174, QTAgent32.exe, Playback - [WARNING] Internal warning: Smart Match failed
\0
W, 3608, 22, 2012/11/02, 16:32:43.649, 1608834012210, QTAgent32.exe, Playback - [WARNING] Internal warning: Smart Match failed
\0
W, 3608, 22, 2012/11/02, 16:32:43.789, 1608836019545, QTAgent32.exe, Playback - [WARNING] Internal warning: Smart Match failed
\0
W, 3608, 22, 2012/11/02, 16:32:43.930, 1608838055673, QTAgent32.exe, Playback - [WARNING] Internal warning: Smart Match failed
\0
W, 3608, 22, 2012/11/02, 16:32:44.070, 1608840037482, QTAgent32.exe, Playback - [WARNING] Internal warning: Smart Match failed
\0
W, 3608, 22, 2012/11/02, 16:32:44.210, 1608842048020, QTAgent32.exe, Playback - [WARNING] Internal warning: Smart Match failed
\0
W, 3608, 22, 2012/11/02, 16:32:44.351, 1608844059687, QTAgent32.exe, Playback - [WARNING] Internal warning: Smart Match failed
\0
W, 3608, 22, 2012/11/02, 16:32:44.382, 1608844562378, QTAgent32.exe, Playback - [WARNING] Internal warning: Window Not Found: [VisibleOnly]ControlType='Window' &amp;&amp; Name='Customer: txt1 tdsfs' &amp;&amp; ClassName='ThunderRT6MDIForm'
\0
E, 3608, 22, 2012/11/02, 16:32:44.382, 1608844564471, QTAgent32.exe, &lt;a class=failure&gt;Playback - {148} [FAILED] Function ElementFetcher::FindScreenElement failed to locate UI element (Searching: ;[VisibleOnly]ControlType='Window' &amp;&amp; Name='Customer: txt1 tdsfs' &amp;&amp; ClassName='ThunderRT6MDIForm') (The object specified was not found.)
\0&lt;/a&gt;
E, 3608, 22, 2012/11/02, 16:32:44.460, 1608845786850, QTAgent32.exe, Playback - [IMAGE] C:\Users\peter.zenin-ad\AppData\Local\Temp\UITestLogs\LastRun\RPFD59B.png
\0
W, 3608, 22, 2012/11/02, 16:32:44.476, 1608845789276, QTAgent32.exe, Playback - [WARNING] Internal warning: Couldn't find descendants that match QueryId
\0
W, 3608, 22, 2012/11/02, 16:32:44.476, 1608845792202, QTAgent32.exe, PERF WARNING: FindTopLevelWindowHelper::FindAllDescendents: took 3136 ms. Expected it to take maximum 500 ms.
E, 3608, 22, 2012/11/02, 16:32:44.476, 1608845793959, QTAgent32.exe, Exception: System.Runtime.InteropServices.COMException
	Message: Error HRESULT E_FAIL has been returned from a call to a COM component.
	Stack Trace:    at Microsoft.VisualStudio.TestTools.UITest.Playback.Engine.IRPFPlayback.FindAllScreenElements(IScreenElement pScreenElementStart, String bstrQueryId, Object&amp; pvarResKeys, Int32 cResKeys, Int32 nMaxDepth, Object[]&amp; foundDescendants)
   at Microsoft.VisualStudio.TestTools.UITest.Playback.ScreenElement.FindTopLevelWindowHelper(String queryId)
	BaseExceptionMessage: Error HRESULT E_FAIL has been returned from a call to a COM component.

E, 3608, 22, 2012/11/02, 16:32:44.476, 1608845798484, QTAgent32.exe, Window 5965182 not responding. Last Win32 error 0
E, 3608, 22, 2012/11/02, 16:32:44.476, 1608845802179, QTAgent32.exe, Window 5965182 not responding. Last Win32 error 1400
E, 3608, 22, 2012/11/02, 16:32:44.476, 1608845806760, QTAgent32.exe, Window 5965182 not responding. Last Win32 error 1400
E, 3608, 22, 2012/11/02, 16:32:44.476, 1608845807975, QTAgent32.exe, GetClassName for handle 5965182 failed
E, 3608, 22, 2012/11/02, 16:32:44.476, 1608845808785, QTAgent32.exe, GetClassName for handle 5965182 failed
W, 3608, 22, 2012/11/02, 16:32:44.694, 1608849018464, QTAgent32.exe, Playback - [WARNING] Internal warning: Window Not Found: [VisibleOnly]ControlType='Window' &amp;&amp; Name='Customer: autotest autotest' &amp;&amp; ClassName='ThunderRT6MDIForm'
\0
E, 3608, 22, 2012/11/02, 16:32:44.694, 1608849021440, QTAgent32.exe, &lt;a class=failure&gt;Playback - {149} [FAILED] Function ElementFetcher::FindScreenElement failed to locate UI element (Searching: ;[VisibleOnly]ControlType='Window' &amp;&amp; Name='Customer: autotest autotest' &amp;&amp; ClassName='ThunderRT6MDIForm') (The object specified was not found.)
\0&lt;/a&gt;
E, 3608, 22, 2012/11/02, 16:32:44.788, 1608850265168, QTAgent32.exe, Playback - [IMAGE] C:\Users\peter.zenin-ad\AppData\Local\Temp\UITestLogs\LastRun\RPFD6D4.png
\0
W, 3608, 22, 2012/11/02, 16:32:44.788, 1608850267303, QTAgent32.exe, Playback - [WARNING] Internal warning: Couldn't find descendants that match QueryId
\0
W, 3608, 22, 2012/11/02, 16:32:45.334, 1608858169736, QTAgent32.exe, Playback - [WARNING] Internal warning: Window Not Found: [VisibleOnly]ControlType='Window' &amp;&amp; Name='Customer: autotest autotest' &amp;&amp; ClassName='ThunderRT6MDIForm'
\0
E, 3608, 22, 2012/11/02, 16:32:45.334, 1608858172576, QTAgent32.exe, &lt;a class=failure&gt;Playback - {150} [FAILED] Function ElementFetcher::FindScreenElement failed to locate UI element (Searching: ;[VisibleOnly]ControlType='Window' &amp;&amp; Name='Customer: autotest autotest' &amp;&amp; ClassName='ThunderRT6MDIForm') (The object specified was not found.)
\0&lt;/a&gt;
E, 3608, 22, 2012/11/02, 16:32:45.412, 1608859399801, QTAgent32.exe, Playback - [IMAGE] C:\Users\peter.zenin-ad\AppData\Local\Temp\UITestLogs\LastRun\RPFD955.png
\0
W, 3608, 22, 2012/11/02, 16:32:45.412, 1608859402090, QTAgent32.exe, Playback - [WARNING] Internal warning: Couldn't find descendants that match QueryId
\0
W, 3608, 22, 2012/11/02, 16:32:45.412, 1608859405076, QTAgent32.exe, PERF WARNING: FindTopLevelWindowHelper::FindAllDescendents: took 637 ms. Expected it to take maximum 500 ms.
W, 3608, 22, 2012/11/02, 16:32:45.864, 1608865727313, QTAgent32.exe, Playback - [WARNING] Internal warning: Smart Match failed
\0
W, 3608, 22, 2012/11/02, 16:32:46.051, 1608868405605, QTAgent32.exe, Playback - [WARNING] Internal warning: Smart Match failed
\0
W, 3608, 22, 2012/11/02, 16:32:46.192, 1608870419286, QTAgent32.exe, Playback - [WARNING] Internal warning: Smart Match failed
\0
W, 3608, 22, 2012/11/02, 16:32:46.332, 1608872426841, QTAgent32.exe, Playback - [WARNING] Internal warning: Smart Match failed
\0
W, 3608, 22, 2012/11/02, 16:32:46.472, 1608874435157, QTAgent32.exe, Playback - [WARNING] Internal warning: Smart Match failed
\0
W, 3608, 22, 2012/11/02, 16:32:46.613, 1608876446587, QTAgent32.exe, Playback - [WARNING] Internal warning: Smart Match failed
\0
W, 3608, 22, 2012/11/02, 16:32:46.753, 1608878461226, QTAgent32.exe, Playback - [WARNING] Internal warning: Smart Match failed
\0
W, 3608, 22, 2012/11/02, 16:32:46.894, 1608880468876, QTAgent32.exe, Playback - [WARNING] Internal warning: Smart Match failed
\0
W, 3608, 22, 2012/11/02, 16:32:47.034, 1608882477353, QTAgent32.exe, Playback - [WARNING] Internal warning: Smart Match failed
\0
W, 3608, 22, 2012/11/02, 16:32:47.190, 1608884814470, QTAgent32.exe, Playback - [WARNING] Internal warning: Smart Match failed
\0
W, 3608, 22, 2012/11/02, 16:32:47.346, 1608886947105, QTAgent32.exe, Playback - [WARNING] Internal warning: Smart Match failed
\0
W, 3608, 22, 2012/11/02, 16:32:47.486, 1608888957743, QTAgent32.exe, Playback - [WARNING] Internal warning: Smart Match failed
\0
W, 3608, 22, 2012/11/02, 16:32:47.627, 1608890965442, QTAgent32.exe, Playback - [WARNING] Internal warning: Smart Match failed
\0
W, 3608, 22, 2012/11/02, 16:32:47.767, 1608892976796, QTAgent32.exe, Playback - [WARNING] Internal warning: Smart Match failed
\0
W, 3608, 22, 2012/11/02, 16:32:47.908, 1608894997789, QTAgent32.exe, Playback - [WARNING] Internal warning: Smart Match failed
\0
W, 3608, 22, 2012/11/02, 16:32:48.048, 1608896996412, QTAgent32.exe, Playback - [WARNING] Internal warning: Smart Match failed
\0
W, 3608, 22, 2012/11/02, 16:32:48.188, 1608899007848, QTAgent32.exe, Playback - [WARNING] Internal warning: Smart Match failed
\0
W, 3608, 22, 2012/11/02, 16:32:48.329, 1608901023287, QTAgent32.exe, Playback - [WARNING] Internal warning: Smart Match failed
\0
W, 3608, 22, 2012/11/02, 16:32:48.469, 1608903025621, QTAgent32.exe, Playback - [WARNING] Internal warning: Smart Match failed
\0
W, 3608, 22, 2012/11/02, 16:32:48.500, 1608903528033, QTAgent32.exe, Playback - [WARNING] Internal warning: Window Not Found: [VisibleOnly]ControlType='Window' &amp;&amp; Name='Customer: autotest autotest' &amp;&amp; ClassName='ThunderRT6MDIForm'
\0
E, 3608, 22, 2012/11/02, 16:32:48.500, 1608903530064, QTAgent32.exe, &lt;a class=failure&gt;Playback - {151} [FAILED] Function ElementFetcher::FindScreenElement failed to locate UI element (Searching: ;[VisibleOnly]ControlType='Window' &amp;&amp; Name='Customer: autotest autotest' &amp;&amp; ClassName='ThunderRT6MDIForm') (The object specified was not found.)
\0&lt;/a&gt;
E, 3608, 22, 2012/11/02, 16:32:48.594, 1608904759644, QTAgent32.exe, Playback - [IMAGE] C:\Users\peter.zenin-ad\AppData\Local\Temp\UITestLogs\LastRun\RPFE5B4.png
\0
W, 3608, 22, 2012/11/02, 16:32:48.594, 1608904761791, QTAgent32.exe, Playback - [WARNING] Internal warning: Couldn't find descendants that match QueryId
\0
W, 3608, 22, 2012/11/02, 16:32:48.594, 1608904764716, QTAgent32.exe, PERF WARNING: FindTopLevelWindowHelper::FindAllDescendents: took 3167 ms. Expected it to take maximum 500 ms.
E, 3608, 22, 2012/11/02, 16:32:48.594, 1608904766465, QTAgent32.exe, Exception: System.Runtime.InteropServices.COMException
	Message: Error HRESULT E_FAIL has been returned from a call to a COM component.
	Stack Trace:    at Microsoft.VisualStudio.TestTools.UITest.Playback.Engine.IRPFPlayback.FindAllScreenElements(IScreenElement pScreenElementStart, String bstrQueryId, Object&amp; pvarResKeys, Int32 cResKeys, Int32 nMaxDepth, Object[]&amp; foundDescendants)
   at Microsoft.VisualStudio.TestTools.UITest.Playback.ScreenElement.FindTopLevelWindowHelper(String queryId)
	BaseExceptionMessage: Error HRESULT E_FAIL has been returned from a call to a COM component.

E, 3608, 22, 2012/11/02, 16:32:48.594, 1608904771004, QTAgent32.exe, Window 5965182 not responding. Last Win32 error 0
E, 3608, 22, 2012/11/02, 16:32:48.594, 1608904774751, QTAgent32.exe, Window 5965182 not responding. Last Win32 error 1400
E, 3608, 22, 2012/11/02, 16:32:48.594, 1608904779320, QTAgent32.exe, Window 5965182 not responding. Last Win32 error 1400
E, 3608, 22, 2012/11/02, 16:32:48.594, 1608904780541, QTAgent32.exe, GetClassName for handle 5965182 failed
E, 3608, 22, 2012/11/02, 16:32:48.594, 1608904781351, QTAgent32.exe, GetClassName for handle 5965182 failed
W, 3608, 22, 2012/11/02, 16:32:48.813, 1608907980645, QTAgent32.exe, Playback - [WARNING] Internal warning: Window Not Found: [VisibleOnly]ControlType='Window' &amp;&amp; Name='Customer: txt1 tdsfs' &amp;&amp; ClassName='ThunderRT6MDIForm'
\0
E, 3608, 22, 2012/11/02, 16:32:48.813, 1608907983437, QTAgent32.exe, &lt;a class=failure&gt;Playback - {152} [FAILED] Function ElementFetcher::FindScreenElement failed to locate UI element (Searching: ;[VisibleOnly]ControlType='Window' &amp;&amp; Name='Customer: txt1 tdsfs' &amp;&amp; ClassName='ThunderRT6MDIForm') (The object specified was not found.)
\0&lt;/a&gt;
E, 3608, 22, 2012/11/02, 16:32:48.906, 1608909234699, QTAgent32.exe, Playback - [IMAGE] C:\Users\peter.zenin-ad\AppData\Local\Temp\UITestLogs\LastRun\RPFE6ED.png
\0
W, 3608, 22, 2012/11/02, 16:32:48.906, 1608909236850, QTAgent32.exe, Playback - [WARNING] Internal warning: Couldn't find descendants that match QueryId
\0
W, 3608, 22, 2012/11/02, 16:32:49.452, 1608917134797, QTAgent32.exe, Playback - [WARNING] Internal warning: Window Not Found: [VisibleOnly]ControlType='Window' &amp;&amp; Name='Customer: txt1 tdsfs' &amp;&amp; ClassName='ThunderRT6MDIForm'
\0
E, 3608, 22, 2012/11/02, 16:32:49.452, 1608917137622, QTAgent32.exe, &lt;a class=failure&gt;Playback - {153} [FAILED] Function ElementFetcher::FindScreenElement failed to locate UI element (Searching: ;[VisibleOnly]ControlType='Window' &amp;&amp; Name='Customer: txt1 tdsfs' &amp;&amp; ClassName='ThunderRT6MDIForm') (The object specified was not found.)
\0&lt;/a&gt;
E, 3608, 22, 2012/11/02, 16:32:49.530, 1608918365418, QTAgent32.exe, Playback - [IMAGE] C:\Users\peter.zenin-ad\AppData\Local\Temp\UITestLogs\LastRun\RPFE96E.png
\0
W, 3608, 22, 2012/11/02, 16:32:49.530, 1608918367601, QTAgent32.exe, Playback - [WARNING] Internal warning: Couldn't find descendants that match QueryId
\0
W, 3608, 22, 2012/11/02, 16:32:49.530, 1608918370612, QTAgent32.exe, PERF WARNING: FindTopLevelWindowHelper::FindAllDescendents: took 637 ms. Expected it to take maximum 500 ms.
W, 3608, 22, 2012/11/02, 16:32:49.983, 1608924692910, QTAgent32.exe, Playback - [WARNING] Internal warning: Smart Match failed
\0
W, 3608, 22, 2012/11/02, 16:32:50.123, 1608926704831, QTAgent32.exe, Playback - [WARNING] Internal warning: Smart Match failed
\0
W, 3608, 22, 2012/11/02, 16:32:50.263, 1608928716818, QTAgent32.exe, Playback - [WARNING] Internal warning: Smart Match failed
\0
W, 3608, 22, 2012/11/02, 16:32:50.404, 1608930723160, QTAgent32.exe, Playback - [WARNING] Internal warning: Smart Match failed
\0
W, 3608, 22, 2012/11/02, 16:32:50.544, 1608932733619, QTAgent32.exe, Playback - [WARNING] Internal warning: Smart Match failed
\0
W, 3608, 22, 2012/11/02, 16:32:50.685, 1608934747985, QTAgent32.exe, Playback - [WARNING] Internal warning: Smart Match failed
\0
W, 3608, 22, 2012/11/02, 16:32:50.825, 1608936757257, QTAgent32.exe, Playback - [WARNING] Internal warning: Smart Match failed
\0
W, 3608, 22, 2012/11/02, 16:32:50.965, 1608938765518, QTAgent32.exe, Playback - [WARNING] Internal warning: Smart Match failed
\0
W, 3608, 22, 2012/11/02, 16:32:51.106, 1608940775715, QTAgent32.exe, Playback - [WARNING] Internal warning: Smart Match failed
\0
W, 3608, 22, 2012/11/02, 16:32:51.246, 1608942786454, QTAgent32.exe, Playback - [WARNING] Internal warning: Smart Match failed
\0
W, 3608, 22, 2012/11/02, 16:32:51.387, 1608944802991, QTAgent32.exe, Playback - [WARNING] Internal warning: Smart Match failed
\0
W, 3608, 22, 2012/11/02, 16:32:51.527, 1608946807502, QTAgent32.exe, Playback - [WARNING] Internal warning: Smart Match failed
\0
W, 3608, 22, 2012/11/02, 16:32:51.667, 1608948818323, QTAgent32.exe, Playback - [WARNING] Internal warning: Smart Match failed
\0
W, 3608, 22, 2012/11/02, 16:32:51.808, 1608950828264, QTAgent32.exe, Playback - [WARNING] Internal warning: Smart Match failed
\0
W, 3608, 22, 2012/11/02, 16:32:51.948, 1608952837704, QTAgent32.exe, Playback - [WARNING] Internal warning: Smart Match failed
\0
W, 3608, 22, 2012/11/02, 16:32:52.089, 1608954849030, QTAgent32.exe, Playback - [WARNING] Internal warning: Smart Match failed
\0
W, 3608, 22, 2012/11/02, 16:32:52.229, 1608956862414, QTAgent32.exe, Playback - [WARNING] Internal warning: Smart Match failed
\0
W, 3608, 22, 2012/11/02, 16:32:52.369, 1608958870582, QTAgent32.exe, Playback - [WARNING] Internal warning: Smart Match failed
\0
W, 3608, 22, 2012/11/02, 16:32:52.510, 1608960878792, QTAgent32.exe, Playback - [WARNING] Internal warning: Smart Match failed
\0
W, 3608, 22, 2012/11/02, 16:32:52.541, 1608961386530, QTAgent32.exe, Playback - [WARNING] Internal warning: Window Not Found: [VisibleOnly]ControlType='Window' &amp;&amp; Name='Customer: txt1 tdsfs' &amp;&amp; ClassName='ThunderRT6MDIForm'
\0
E, 3608, 22, 2012/11/02, 16:32:52.541, 1608961388899, QTAgent32.exe, &lt;a class=failure&gt;Playback - {154} [FAILED] Function ElementFetcher::FindScreenElement failed to locate UI element (Searching: ;[VisibleOnly]ControlType='Window' &amp;&amp; Name='Customer: txt1 tdsfs' &amp;&amp; ClassName='ThunderRT6MDIForm') (The object specified was not found.)
\0&lt;/a&gt;
E, 3608, 22, 2012/11/02, 16:32:52.635, 1608962616848, QTAgent32.exe, Playback - [IMAGE] C:\Users\peter.zenin-ad\AppData\Local\Temp\UITestLogs\LastRun\RPFF580.png
\0
W, 3608, 22, 2012/11/02, 16:32:52.635, 1608962619023, QTAgent32.exe, Playback - [WARNING] Internal warning: Couldn't find descendants that match QueryId
\0
W, 3608, 22, 2012/11/02, 16:32:52.635, 1608962622026, QTAgent32.exe, PERF WARNING: FindTopLevelWindowHelper::FindAllDescendents: took 3090 ms. Expected it to take maximum 500 ms.
E, 3608, 22, 2012/11/02, 16:32:52.635, 1608962623814, QTAgent32.exe, Exception: System.Runtime.InteropServices.COMException
	Message: Error HRESULT E_FAIL has been returned from a call to a COM component.
	Stack Trace:    at Microsoft.VisualStudio.TestTools.UITest.Playback.Engine.IRPFPlayback.FindAllScreenElements(IScreenElement pScreenElementStart, String bstrQueryId, Object&amp; pvarResKeys, Int32 cResKeys, Int32 nMaxDepth, Object[]&amp; foundDescendants)
   at Microsoft.VisualStudio.TestTools.UITest.Playback.ScreenElement.FindTopLevelWindowHelper(String queryId)
	BaseExceptionMessage: Error HRESULT E_FAIL has been returned from a call to a COM component.

E, 3608, 22, 2012/11/02, 16:32:52.635, 1608962628365, QTAgent32.exe, Window 5965182 not responding. Last Win32 error 0
E, 3608, 22, 2012/11/02, 16:32:52.635, 1608962632067, QTAgent32.exe, Window 5965182 not responding. Last Win32 error 1400
E, 3608, 22, 2012/11/02, 16:32:52.635, 1608962636641, QTAgent32.exe, Window 5965182 not responding. Last Win32 error 1400
E, 3608, 22, 2012/11/02, 16:32:52.635, 1608962637859, QTAgent32.exe, GetClassName for handle 5965182 failed
E, 3608, 22, 2012/11/02, 16:32:52.635, 1608962638667, QTAgent32.exe, GetClassName for handle 5965182 failed
W, 3608, 22, 2012/11/02, 16:32:52.853, 1608965836757, QTAgent32.exe, Playback - [WARNING] Internal warning: Window Not Found: [VisibleOnly]ControlType='Window' &amp;&amp; Name='Customer: autotest autotest' &amp;&amp; ClassName='ThunderRT6MDIForm'
\0
E, 3608, 22, 2012/11/02, 16:32:52.853, 1608965839689, QTAgent32.exe, &lt;a class=failure&gt;Playback - {155} [FAILED] Function ElementFetcher::FindScreenElement failed to locate UI element (Searching: ;[VisibleOnly]ControlType='Window' &amp;&amp; Name='Customer: autotest autotest' &amp;&amp; ClassName='ThunderRT6MDIForm') (The object specified was not found.)
\0&lt;/a&gt;
E, 3608, 22, 2012/11/02, 16:32:52.931, 1608967066298, QTAgent32.exe, Playback - [IMAGE] C:\Users\peter.zenin-ad\AppData\Local\Temp\UITestLogs\LastRun\RPFF6B9.png
\0
W, 3608, 22, 2012/11/02, 16:32:52.931, 1608967068530, QTAgent32.exe, Playback - [WARNING] Internal warning: Couldn't find descendants that match QueryId
\0
W, 3608, 22, 2012/11/02, 16:32:53.399, 1608973651764, QTAgent32.exe, Playback - [WARNING] Internal warning: Window Not Found: [VisibleOnly]ControlType='Window' &amp;&amp; Name='Customer: autotest autotest' &amp;&amp; ClassName='ThunderRT6MDIForm'
\0
E, 3608, 22, 2012/11/02, 16:32:53.399, 1608973654592, QTAgent32.exe, &lt;a class=failure&gt;Playback - {156} [FAILED] Function ElementFetcher::FindScreenElement failed to locate UI element (Searching: ;[VisibleOnly]ControlType='Window' &amp;&amp; Name='Customer: autotest autotest' &amp;&amp; ClassName='ThunderRT6MDIForm') (The object specified was not found.)
\0&lt;/a&gt;
E, 3608, 22, 2012/11/02, 16:32:53.477, 1608974862041, QTAgent32.exe, Playback - [IMAGE] C:\Users\peter.zenin-ad\AppData\Local\Temp\UITestLogs\LastRun\RPFF8DC.png
\0
W, 3608, 22, 2012/11/02, 16:32:53.477, 1608974864225, QTAgent32.exe, Playback - [WARNING] Internal warning: Couldn't find descendants that match QueryId
\0
W, 3608, 22, 2012/11/02, 16:32:53.477, 1608974867169, QTAgent32.exe, PERF WARNING: FindTopLevelWindowHelper::FindAllDescendents: took 544 ms. Expected it to take maximum 500 ms.
W, 3608, 22, 2012/11/02, 16:32:53.929, 1608981204028, QTAgent32.exe, Playback - [WARNING] Internal warning: Smart Match failed
\0
W, 3608, 22, 2012/11/02, 16:32:54.070, 1608983214112, QTAgent32.exe, Playback - [WARNING] Internal warning: Smart Match failed
\0
W, 3608, 22, 2012/11/02, 16:32:54.210, 1608985224054, QTAgent32.exe, Playback - [WARNING] Internal warning: Smart Match failed
\0
W, 3608, 22, 2012/11/02, 16:32:54.351, 1608987241661, QTAgent32.exe, Playback - [WARNING] Internal warning: Smart Match failed
\0
W, 3608, 22, 2012/11/02, 16:32:54.491, 1608989246631, QTAgent32.exe, Playback - [WARNING] Internal warning: Smart Match failed
\0
W, 3608, 22, 2012/11/02, 16:32:54.631, 1608991261341, QTAgent32.exe, Playback - [WARNING] Internal warning: Smart Match failed
\0
W, 3608, 22, 2012/11/02, 16:32:54.772, 1608993265813, QTAgent32.exe, Playback - [WARNING] Internal warning: Smart Match failed
\0
W, 3608, 22, 2012/11/02, 16:32:54.912, 1608995278356, QTAgent32.exe, Playback - [WARNING] Internal warning: Smart Match failed
\0
W, 3608, 22, 2012/11/02, 16:32:55.053, 1608997291910, QTAgent32.exe, Playback - [WARNING] Internal warning: Smart Match failed
\0
W, 3608, 22, 2012/11/02, 16:32:55.193, 1608999298252, QTAgent32.exe, Playback - [WARNING] Internal warning: Smart Match failed
\0
W, 3608, 22, 2012/11/02, 16:32:55.333, 1609001306928, QTAgent32.exe, Playback - [WARNING] Internal warning: Smart Match failed
\0
W, 3608, 22, 2012/11/02, 16:32:55.474, 1609003323086, QTAgent32.exe, Playback - [WARNING] Internal warning: Smart Match failed
\0
W, 3608, 22, 2012/11/02, 16:32:55.614, 1609005329042, QTAgent32.exe, Playback - [WARNING] Internal warning: Smart Match failed
\0
W, 3608, 22, 2012/11/02, 16:32:55.755, 1609007337946, QTAgent32.exe, Playback - [WARNING] Internal warning: Smart Match failed
\0
W, 3608, 22, 2012/11/02, 16:32:55.895, 1609009349519, QTAgent32.exe, Playback - [WARNING] Internal warning: Smart Match failed
\0
W, 3608, 22, 2012/11/02, 16:32:56.035, 1609011359718, QTAgent32.exe, Playback - [WARNING] Internal warning: Smart Match failed
\0
W, 3608, 22, 2012/11/02, 16:32:56.176, 1609013369153, QTAgent32.exe, Playback - [WARNING] Internal warning: Smart Match failed
\0
W, 3608, 22, 2012/11/02, 16:32:56.316, 1609015393542, QTAgent32.exe, Playback - [WARNING] Internal warning: Smart Match failed
\0
W, 3608, 22, 2012/11/02, 16:32:56.457, 1609017390060, QTAgent32.exe, Playback - [WARNING] Internal warning: Smart Match failed
\0
W, 3608, 22, 2012/11/02, 16:32:56.488, 1609017904662, QTAgent32.exe, Playback - [WARNING] Internal warning: Window Not Found: [VisibleOnly]ControlType='Window' &amp;&amp; Name='Customer: autotest autotest' &amp;&amp; ClassName='ThunderRT6MDIForm'
\0
E, 3608, 22, 2012/11/02, 16:32:56.488, 1609017906733, QTAgent32.exe, &lt;a class=failure&gt;Playback - {157} [FAILED] Function ElementFetcher::FindScreenElement failed to locate UI element (Searching: ;[VisibleOnly]ControlType='Window' &amp;&amp; Name='Customer: autotest autotest' &amp;&amp; ClassName='ThunderRT6MDIForm') (The object specified was not found.)
\0&lt;/a&gt;
E, 3608, 22, 2012/11/02, 16:32:56.582, 1609019122742, QTAgent32.exe, Playback - [IMAGE] C:\Users\peter.zenin-ad\AppData\Local\Temp\UITestLogs\LastRun\RPF4EE.png
\0
W, 3608, 22, 2012/11/02, 16:32:56.582, 1609019124968, QTAgent32.exe, Playback - [WARNING] Internal warning: Couldn't find descendants that match QueryId
\0
W, 3608, 22, 2012/11/02, 16:32:56.582, 1609019127952, QTAgent32.exe, PERF WARNING: FindTopLevelWindowHelper::FindAllDescendents: took 3091 ms. Expected it to take maximum 500 ms.
E, 3608, 22, 2012/11/02, 16:32:56.582, 1609019129746, QTAgent32.exe, Exception: System.Runtime.InteropServices.COMException
	Message: Error HRESULT E_FAIL has been returned from a call to a COM component.
	Stack Trace:    at Microsoft.VisualStudio.TestTools.UITest.Playback.Engine.IRPFPlayback.FindAllScreenElements(IScreenElement pScreenElementStart, String bstrQueryId, Object&amp; pvarResKeys, Int32 cResKeys, Int32 nMaxDepth, Object[]&amp; foundDescendants)
   at Microsoft.VisualStudio.TestTools.UITest.Playback.ScreenElement.FindTopLevelWindowHelper(String queryId)
	BaseExceptionMessage: Error HRESULT E_FAIL has been returned from a call to a COM component.

E, 3608, 22, 2012/11/02, 16:32:56.582, 1609019134387, QTAgent32.exe, Window 5965182 not responding. Last Win32 error 0
E, 3608, 22, 2012/11/02, 16:32:56.582, 1609019138157, QTAgent32.exe, Window 5965182 not responding. Last Win32 error 1400
E, 3608, 22, 2012/11/02, 16:32:56.582, 1609019142840, QTAgent32.exe, Window 5965182 not responding. Last Win32 error 1400
E, 3608, 22, 2012/11/02, 16:32:56.582, 1609019144086, QTAgent32.exe, GetClassName for handle 5965182 failed
E, 3608, 22, 2012/11/02, 16:32:56.582, 1609019144925, QTAgent32.exe, GetClassName for handle 5965182 failed
W, 3608, 22, 2012/11/02, 16:32:56.800, 1609022349190, QTAgent32.exe, Playback - [WARNING] Internal warning: Window Not Found: [VisibleOnly]ControlType='Window' &amp;&amp; Name='Customer: txt1 tdsfs' &amp;&amp; ClassName='ThunderRT6MDIForm'
\0
E, 3608, 22, 2012/11/02, 16:32:56.800, 1609022352147, QTAgent32.exe, &lt;a class=failure&gt;Playback - {158} [FAILED] Function ElementFetcher::FindScreenElement failed to locate UI element (Searching: ;[VisibleOnly]ControlType='Window' &amp;&amp; Name='Customer: txt1 tdsfs' &amp;&amp; ClassName='ThunderRT6MDIForm') (The object specified was not found.)
\0&lt;/a&gt;
E, 3608, 22, 2012/11/02, 16:32:56.878, 1609023561469, QTAgent32.exe, Playback - [IMAGE] C:\Users\peter.zenin-ad\AppData\Local\Temp\UITestLogs\LastRun\RPF627.png
\0
W, 3608, 22, 2012/11/02, 16:32:56.878, 1609023564785, QTAgent32.exe, Playback - [WARNING] Internal warning: Couldn't find descendants that match QueryId
\0
W, 3608, 22, 2012/11/02, 16:32:57.330, 1609029935597, QTAgent32.exe, Playback - [WARNING] Internal warning: Window Not Found: [VisibleOnly]ControlType='Window' &amp;&amp; Name='Customer: txt1 tdsfs' &amp;&amp; ClassName='ThunderRT6MDIForm'
\0
E, 3608, 22, 2012/11/02, 16:32:57.330, 1609029938482, QTAgent32.exe, &lt;a class=failure&gt;Playback - {159} [FAILED] Function ElementFetcher::FindScreenElement failed to locate UI element (Searching: ;[VisibleOnly]ControlType='Window' &amp;&amp; Name='Customer: txt1 tdsfs' &amp;&amp; ClassName='ThunderRT6MDIForm') (The object specified was not found.)
\0&lt;/a&gt;
E, 3608, 22, 2012/11/02, 16:32:57.408, 1609031145590, QTAgent32.exe, Playback - [IMAGE] C:\Users\peter.zenin-ad\AppData\Local\Temp\UITestLogs\LastRun\RPF83A.png
\0
W, 3608, 22, 2012/11/02, 16:32:57.408, 1609031147773, QTAgent32.exe, Playback - [WARNING] Internal warning: Couldn't find descendants that match QueryId
\0
W, 3608, 22, 2012/11/02, 16:32:57.408, 1609031150798, QTAgent32.exe, PERF WARNING: FindTopLevelWindowHelper::FindAllDescendents: took 529 ms. Expected it to take maximum 500 ms.
W, 3608, 22, 2012/11/02, 16:32:57.861, 1609037497147, QTAgent32.exe, Playback - [WARNING] Internal warning: Smart Match failed
\0
W, 3608, 22, 2012/11/02, 16:32:58.017, 1609039728247, QTAgent32.exe, Playback - [WARNING] Internal warning: Smart Match failed
\0
W, 3608, 22, 2012/11/02, 16:32:58.157, 1609041740297, QTAgent32.exe, Playback - [WARNING] Internal warning: Smart Match failed
\0
W, 3608, 22, 2012/11/02, 16:32:58.298, 1609043751446, QTAgent32.exe, Playback - [WARNING] Internal warning: Smart Match failed
\0
W, 3608, 22, 2012/11/02, 16:32:58.438, 1609045760928, QTAgent32.exe, Playback - [WARNING] Internal warning: Smart Match failed
\0
W, 3608, 22, 2012/11/02, 16:32:58.578, 1609047766329, QTAgent32.exe, Playback - [WARNING] Internal warning: Smart Match failed
\0
W, 3608, 22, 2012/11/02, 16:32:58.719, 1609049775543, QTAgent32.exe, Playback - [WARNING] Internal warning: Smart Match failed
\0
W, 3608, 22, 2012/11/02, 16:32:58.859, 1609051789045, QTAgent32.exe, Playback - [WARNING] Internal warning: Smart Match failed
\0
W, 3608, 22, 2012/11/02, 16:32:59.015, 1609054013632, QTAgent32.exe, Playback - [WARNING] Internal warning: Smart Match failed
\0
W, 3608, 22, 2012/11/02, 16:32:59.156, 1609056030743, QTAgent32.exe, Playback - [WARNING] Internal warning: Smart Match failed
\0
W, 3608, 22, 2012/11/02, 16:32:59.296, 1609058040718, QTAgent32.exe, Playback - [WARNING] Internal warning: Smart Match failed
\0
W, 3608, 22, 2012/11/02, 16:32:59.436, 1609060054764, QTAgent32.exe, Playback - [WARNING] Internal warning: Smart Match failed
\0
W, 3608, 22, 2012/11/02, 16:32:59.577, 1609062063103, QTAgent32.exe, Playback - [WARNING] Internal warning: Smart Match failed
\0
W, 3608, 22, 2012/11/02, 16:32:59.717, 1609064071909, QTAgent32.exe, Playback - [WARNING] Internal warning: Smart Match failed
\0
W, 3608, 22, 2012/11/02, 16:32:59.858, 1609066083169, QTAgent32.exe, Playback - [WARNING] Internal warning: Smart Match failed
\0
W, 3608, 22, 2012/11/02, 16:32:59.998, 1609068092883, QTAgent32.exe, Playback - [WARNING] Internal warning: Smart Match failed
\0
W, 3608, 22, 2012/11/02, 16:33:00.138, 1609070102157, QTAgent32.exe, Playback - [WARNING] Internal warning: Smart Match failed
\0
W, 3608, 22, 2012/11/02, 16:33:00.279, 1609072115892, QTAgent32.exe, Playback - [WARNING] Internal warning: Smart Match failed
\0
W, 3608, 22, 2012/11/02, 16:33:00.419, 1609074123619, QTAgent32.exe, Playback - [WARNING] Internal warning: Smart Match failed
\0
W, 3608, 22, 2012/11/02, 16:33:00.450, 1609074631688, QTAgent32.exe, Playback - [WARNING] Internal warning: Window Not Found: [VisibleOnly]ControlType='Window' &amp;&amp; Name='Customer: txt1 tdsfs' &amp;&amp; ClassName='ThunderRT6MDIForm'
\0
E, 3608, 22, 2012/11/02, 16:33:00.450, 1609074633857, QTAgent32.exe, &lt;a class=failure&gt;Playback - {160} [FAILED] Function ElementFetcher::FindScreenElement failed to locate UI element (Searching: ;[VisibleOnly]ControlType='Window' &amp;&amp; Name='Customer: txt1 tdsfs' &amp;&amp; ClassName='ThunderRT6MDIForm') (The object specified was not found.)
\0&lt;/a&gt;
E, 3608, 22, 2012/11/02, 16:33:00.528, 1609075845063, QTAgent32.exe, Playback - [IMAGE] C:\Users\peter.zenin-ad\AppData\Local\Temp\UITestLogs\LastRun\RPF146B.png
\0
W, 3608, 22, 2012/11/02, 16:33:00.528, 1609075847308, QTAgent32.exe, Playback - [WARNING] Internal warning: Couldn't find descendants that match QueryId
\0
W, 3608, 22, 2012/11/02, 16:33:00.528, 1609075850434, QTAgent32.exe, PERF WARNING: FindTopLevelWindowHelper::FindAllDescendents: took 3121 ms. Expected it to take maximum 500 ms.
E, 3608, 22, 2012/11/02, 16:33:00.528, 1609075852210, QTAgent32.exe, Exception: System.Runtime.InteropServices.COMException
	Message: Error HRESULT E_FAIL has been returned from a call to a COM component.
	Stack Trace:    at Microsoft.VisualStudio.TestTools.UITest.Playback.Engine.IRPFPlayback.FindAllScreenElements(IScreenElement pScreenElementStart, String bstrQueryId, Object&amp; pvarResKeys, Int32 cResKeys, Int32 nMaxDepth, Object[]&amp; foundDescendants)
   at Microsoft.VisualStudio.TestTools.UITest.Playback.ScreenElement.FindTopLevelWindowHelper(String queryId)
	BaseExceptionMessage: Error HRESULT E_FAIL has been returned from a call to a COM component.

E, 3608, 22, 2012/11/02, 16:33:00.544, 1609075857139, QTAgent32.exe, Window 5965182 not responding. Last Win32 error 0
E, 3608, 22, 2012/11/02, 16:33:00.544, 1609075860846, QTAgent32.exe, Window 5965182 not responding. Last Win32 error 1400
E, 3608, 22, 2012/11/02, 16:33:00.544, 1609075865454, QTAgent32.exe, Window 5965182 not responding. Last Win32 error 1400
E, 3608, 22, 2012/11/02, 16:33:00.544, 1609075866658, QTAgent32.exe, GetClassName for handle 5965182 failed
E, 3608, 22, 2012/11/02, 16:33:00.544, 1609075867462, QTAgent32.exe, GetClassName for handle 5965182 failed
W, 3608, 22, 2012/11/02, 16:33:00.762, 1609079086510, QTAgent32.exe, Playback - [WARNING] Internal warning: Window Not Found: [VisibleOnly]ControlType='Window' &amp;&amp; Name='Customer: autotest autotest' &amp;&amp; ClassName='ThunderRT6MDIForm'
\0
E, 3608, 22, 2012/11/02, 16:33:00.762, 1609079089332, QTAgent32.exe, &lt;a class=failure&gt;Playback - {161} [FAILED] Function ElementFetcher::FindScreenElement failed to locate UI element (Searching: ;[VisibleOnly]ControlType='Window' &amp;&amp; Name='Customer: autotest autotest' &amp;&amp; ClassName='ThunderRT6MDIForm') (The object specified was not found.)
\0&lt;/a&gt;
E, 3608, 22, 2012/11/02, 16:33:00.840, 1609080294045, QTAgent32.exe, Playback - [IMAGE] C:\Users\peter.zenin-ad\AppData\Local\Temp\UITestLogs\LastRun\RPF15A4.png
\0
W, 3608, 22, 2012/11/02, 16:33:00.840, 1609080296286, QTAgent32.exe, Playback - [WARNING] Internal warning: Couldn't find descendants that match QueryId
\0
W, 3608, 22, 2012/11/02, 16:33:01.293, 1609086670918, QTAgent32.exe, Playback - [WARNING] Internal warning: Window Not Found: [VisibleOnly]ControlType='Window' &amp;&amp; Name='Customer: autotest autotest' &amp;&amp; ClassName='ThunderRT6MDIForm'
\0
E, 3608, 22, 2012/11/02, 16:33:01.293, 1609086673821, QTAgent32.exe, &lt;a class=failure&gt;Playback - {162} [FAILED] Function ElementFetcher::FindScreenElement failed to locate UI element (Searching: ;[VisibleOnly]ControlType='Window' &amp;&amp; Name='Customer: autotest autotest' &amp;&amp; ClassName='ThunderRT6MDIForm') (The object specified was not found.)
\0&lt;/a&gt;
E, 3608, 22, 2012/11/02, 16:33:01.371, 1609087885088, QTAgent32.exe, Playback - [IMAGE] C:\Users\peter.zenin-ad\AppData\Local\Temp\UITestLogs\LastRun\RPF17B8.png
\0
W, 3608, 22, 2012/11/02, 16:33:01.371, 1609087887344, QTAgent32.exe, Playback - [WARNING] Internal warning: Couldn't find descendants that match QueryId
\0
W, 3608, 22, 2012/11/02, 16:33:01.371, 1609087890314, QTAgent32.exe, PERF WARNING: FindTopLevelWindowHelper::FindAllDescendents: took 530 ms. Expected it to take maximum 500 ms.
W, 3608, 22, 2012/11/02, 16:33:01.823, 1609094229510, QTAgent32.exe, Playback - [WARNING] Internal warning: Smart Match failed
\0
W, 3608, 22, 2012/11/02, 16:33:01.964, 1609096244731, QTAgent32.exe, Playback - [WARNING] Internal warning: Smart Match failed
\0
W, 3608, 22, 2012/11/02, 16:33:02.104, 1609098248466, QTAgent32.exe, Playback - [WARNING] Internal warning: Smart Match failed
\0
W, 3608, 22, 2012/11/02, 16:33:02.244, 1609100260403, QTAgent32.exe, Playback - [WARNING] Internal warning: Smart Match failed
\0
W, 3608, 22, 2012/11/02, 16:33:02.385, 1609102270292, QTAgent32.exe, Playback - [WARNING] Internal warning: Smart Match failed
\0
W, 3608, 22, 2012/11/02, 16:33:02.525, 1609104281722, QTAgent32.exe, Playback - [WARNING] Internal warning: Smart Match failed
\0
W, 3608, 22, 2012/11/02, 16:33:02.666, 1609106292843, QTAgent32.exe, Playback - [WARNING] Internal warning: Smart Match failed
\0
W, 3608, 22, 2012/11/02, 16:33:02.806, 1609108301857, QTAgent32.exe, Playback - [WARNING] Internal warning: Smart Match failed
\0
W, 3608, 22, 2012/11/02, 16:33:02.946, 1609110310791, QTAgent32.exe, Playback - [WARNING] Internal warning: Smart Match failed
\0
W, 3608, 22, 2012/11/02, 16:33:03.087, 1609112323332, QTAgent32.exe, Playback - [WARNING] Internal warning: Smart Match failed
\0
W, 3608, 22, 2012/11/02, 16:33:03.227, 1609114332827, QTAgent32.exe, Playback - [WARNING] Internal warning: Smart Match failed
\0
W, 3608, 22, 2012/11/02, 16:33:03.368, 1609116343802, QTAgent32.exe, Playback - [WARNING] Internal warning: Smart Match failed
\0
W, 3608, 22, 2012/11/02, 16:33:03.508, 1609118353221, QTAgent32.exe, Playback - [WARNING] Internal warning: Smart Match failed
\0
W, 3608, 22, 2012/11/02, 16:33:03.648, 1609120361564, QTAgent32.exe, Playback - [WARNING] Internal warning: Smart Match failed
\0
W, 3608, 22, 2012/11/02, 16:33:03.789, 1609122370802, QTAgent32.exe, Playback - [WARNING] Internal warning: Smart Match failed
\0
W, 3608, 22, 2012/11/02, 16:33:03.929, 1609124381092, QTAgent32.exe, Playback - [WARNING] Internal warning: Smart Match failed
\0
W, 3608, 22, 2012/11/02, 16:33:04.070, 1609126391147, QTAgent32.exe, Playback - [WARNING] Internal warning: Smart Match failed
\0
W, 3608, 22, 2012/11/02, 16:33:04.210, 1609128401834, QTAgent32.exe, Playback - [WARNING] Internal warning: Smart Match failed
\0
W, 3608, 22, 2012/11/02, 16:33:04.351, 1609130410281, QTAgent32.exe, Playback - [WARNING] Internal warning: Smart Match failed
\0
W, 3608, 22, 2012/11/02, 16:33:04.382, 1609130941773, QTAgent32.exe, Playback - [WARNING] Internal warning: Window Not Found: [VisibleOnly]ControlType='Window' &amp;&amp; Name='Customer: autotest autotest' &amp;&amp; ClassName='ThunderRT6MDIForm'
\0
E, 3608, 22, 2012/11/02, 16:33:04.382, 1609130944857, QTAgent32.exe, &lt;a class=failure&gt;Playback - {163} [FAILED] Function ElementFetcher::FindScreenElement failed to locate UI element (Searching: ;[VisibleOnly]ControlType='Window' &amp;&amp; Name='Customer: autotest autotest' &amp;&amp; ClassName='ThunderRT6MDIForm') (The object specified was not found.)
\0&lt;/a&gt;
E, 3608, 22, 2012/11/02, 16:33:04.475, 1609132166617, QTAgent32.exe, Playback - [IMAGE] C:\Users\peter.zenin-ad\AppData\Local\Temp\UITestLogs\LastRun\RPF23C9.png
\0
W, 3608, 22, 2012/11/02, 16:33:04.475, 1609132169014, QTAgent32.exe, Playback - [WARNING] Internal warning: Couldn't find descendants that match QueryId
\0
W, 3608, 22, 2012/11/02, 16:33:04.475, 1609132172014, QTAgent32.exe, PERF WARNING: FindTopLevelWindowHelper::FindAllDescendents: took 3092 ms. Expected it to take maximum 500 ms.
E, 3608, 22, 2012/11/02, 16:33:04.475, 1609132197398, QTAgent32.exe, Exception: System.Runtime.InteropServices.COMException
	Message: Error HRESULT E_FAIL has been returned from a call to a COM component.
	Stack Trace:    at Microsoft.VisualStudio.TestTools.UITest.Playback.Engine.IRPFPlayback.FindAllScreenElements(IScreenElement pScreenElementStart, String bstrQueryId, Object&amp; pvarResKeys, Int32 cResKeys, Int32 nMaxDepth, Object[]&amp; foundDescendants)
   at Microsoft.VisualStudio.TestTools.UITest.Playback.ScreenElement.FindTopLevelWindowHelper(String queryId)
	BaseExceptionMessage: Error HRESULT E_FAIL has been returned from a call to a COM component.

E, 3608, 22, 2012/11/02, 16:33:04.475, 1609132202058, QTAgent32.exe, Window 5965182 not responding. Last Win32 error 0
E, 3608, 22, 2012/11/02, 16:33:04.475, 1609132206124, QTAgent32.exe, Window 5965182 not responding. Last Win32 error 1400
E, 3608, 22, 2012/11/02, 16:33:04.475, 1609132210798, QTAgent32.exe, Window 5965182 not responding. Last Win32 error 1400
E, 3608, 22, 2012/11/02, 16:33:04.475, 1609132212045, QTAgent32.exe, GetClassName for handle 5965182 failed
E, 3608, 22, 2012/11/02, 16:33:04.475, 1609132212855, QTAgent32.exe, GetClassName for handle 5965182 failed
E, 3608, 22, 2012/11/02, 16:33:04.585, 1609133713062, QTAgent32.exe, AL: Playback Error: Microsoft.VisualStudio.TestTools.UITest.Extension.UITestControlNotFoundException: Unable to find the top level element of the control ---&gt; Microsoft.VisualStudio.TestTools.UITest.Extension.UITestControlNotFoundException: The playback failed to find the control with the given search properties. Additional Details: 
TechnologyName:  'MSAA'
ControlType:  'Window'
 ---&gt; System.Runtime.InteropServices.COMException: Error HRESULT E_FAIL has been returned from a call to a COM component.
   at Microsoft.VisualStudio.TestTools.UITest.Playback.Engine.IRPFPlayback.FindAllScreenElements(IScreenElement pScreenElementStart, String bstrQueryId, Object&amp; pvarResKeys, Int32 cResKeys, Int32 nMaxDepth, Object[]&amp; foundDescendants)
   at Microsoft.VisualStudio.TestTools.UITest.Playback.ScreenElement.FindTopLevelWindowHelper(String queryId)
   at Microsoft.VisualStudio.TestTools.UITest.Playback.ScreenElement.FindFromPartialQueryId(String queryId)
   at Microsoft.VisualStudio.TestTools.UITesting.UITestControl..ctor(String queryId)
   --- End of inner exception stack trace ---
   at Microsoft.VisualStudio.TestTools.UITesting.Playback.MapControlNotFoundException(COMException ex, IPlaybackContext context)
   at Microsoft.VisualStudio.TestTools.UITesting.Playback.MapAndThrowComException(COMException innerException, IPlaybackContext context)
   at Microsoft.VisualStudio.TestTools.UITesting.Playback.MapAndThrowException(SystemException exception, IPlaybackContext context)
   at Microsoft.VisualStudio.TestTools.UITesting.Playback.MapAndThrowException(SystemException exception, String queryId)
   at Microsoft.VisualStudio.TestTools.UITesting.UITestControl..ctor(String queryId)
   at Microsoft.VisualStudio.TestTools.UITesting.SearchHelper.SearchTopLevelWindow(ISearchArgument topLevelSearchArg, String topLevelElementQueryId)
   at Microsoft.VisualStudio.TestTools.UITesting.SearchHelper.SearchUsingMultipleTitles(ISearchArgument topLevelSearchArg, QueryId topLevelQueryId, IList`1 windowTitles)
   --- End of inner exception stack trace ---
   at Microsoft.VisualStudio.TestTools.UITesting.SearchHelper.SearchUsingMultipleTitles(ISearchArgument topLevelSearchArg, QueryId topLevelQueryId, IList`1 windowTitles)
   at Microsoft.VisualStudio.TestTools.UITesting.SearchHelper.GetTitleUpdatedTopLevelWindow(ISearchArgument topLevelSearchArg, String queryId, IList`1 windowTitles)
   at Microsoft.VisualStudio.TestTools.UITesting.SearchHelper.GetTopLevelElement(Boolean useCache, Boolean useCacheOnly, ISearchArgument searchArg, IList`1 windowTitles, Int32&amp; timeLeft)
   at Microsoft.VisualStudio.TestTools.UITesting.SearchHelper.GetElement(Boolean useCache, ISearchArgument searchArg)
   at Microsoft.VisualStudio.TestTools.UITesting.SearchHelper.Search(ISearchArgument searchArg)
   at Microsoft.VisualStudio.TestTools.UITesting.UITestControl.FindInternal()
   at Microsoft.VisualStudio.TestTools.UITesting.UITestControl.FindControlIfNecessary()
   at Microsoft.VisualStudio.TestTools.UITesting.UITestControl.Click(MouseButtons button, ModifierKeys modifierKeys, Point relativeCoordinates)
   at Microsoft.VisualStudio.TestTools.UITesting.Mouse.ClickImplementation(UITestControl control, MouseButtons button, ModifierKeys modifierKeys, Point relativeCoordinate)
   at Microsoft.VisualStudio.TestTools.UITesting.Mouse.ClickImplementationWrapper(UITestControl control, MouseButtons button, ModifierKeys modifierKeys, Point relativeCoordinate)
W, 3608, 22, 2012/11/02, 16:33:04.585, 1609133715376, QTAgent32.exe, PlaybackErrorHandler: Ignoring exception as ContinueOnError is set.
W, 3608, 22, 2012/11/02, 16:33:04.928, 1609138723532, QTAgent32.exe, &lt;a class=success&gt;Playback - {164} [SUCCESS] MouseButtonClick - "[MSAA, VisibleOnly]ControlType='Button' &amp;&amp; Name='Close'"
\0&lt;/a&gt;
W, 3608, 22, 2012/11/02, 16:33:09.405, 1609202758562, QTAgent32.exe, IEDOM : StopSession of the plugin called before StartSession
W, 3608, 22, 2012/11/02, 16:33:09.405, 1609202759846, QTAgent32.exe, UIA : StopSession of the plugin called before StartSession
W, 3608, 22, 2012/11/02, 16:33:09.405, 1609202760542, QTAgent32.exe, SLPlugin : StopSession of the plugin called before StartSession
</DebugTrace>
      </Output>
    </UnitTestResult>
    <UnitTestResult executionId="0c3c9765-7a8f-45d3-9755-88ccd8896453" testId="b4c07ca4-d489-a213-d4df-1c267d591a59" testName="HouseTest9" computerName="ICLVDEVAP01" duration="00:05:12.2945884" startTime="2012-11-02T16:33:09.4211332+00:00" endTime="2012-11-02T16:38:21.7016792+00:00" testType="13cdc9d9-ddb5-4fa4-a97d-d965ccfc6d4b" outcome="Passed" testListId="8c84fa94-04c1-424b-9868-57a2d4851a1d" relativeResultsDirectory="0c3c9765-7a8f-45d3-9755-88ccd8896453">
      <Output>
        <DebugTrace>W, 3608, 26, 2012/11/02, 16:33:09.421, 1609203052817, QTAgent32.exe, ExtensionFramework : A Technology Manager with name Web is already registered.
W, 3608, 26, 2012/11/02, 16:33:10.279, 1609215239353, QTAgent32.exe, &lt;a class=success&gt;Playback - {1} [SUCCESS] MouseButtonClick - "[MSAA, VisibleOnly]ControlType='Edit'"
\0&lt;/a&gt;
W, 3608, 26, 2012/11/02, 16:33:10.544, 1609219034851, QTAgent32.exe, &lt;a class=success&gt;Playback - {2} [SUCCESS] SendKeys "[*]" - "[MSAA, VisibleOnly]ControlType='Edit'"
\0&lt;/a&gt;
W, 3608, 26, 2012/11/02, 16:33:11.433, 1609231955819, QTAgent32.exe, &lt;a class=success&gt;Playback - {3} [SUCCESS] MouseButtonClick - "[MSAA, VisibleOnly]ControlType='Button' &amp;&amp; Name='OK'"
\0&lt;/a&gt;
W, 3608, 26, 2012/11/02, 16:33:12.104, 1609241585059, QTAgent32.exe, &lt;a class=success&gt;Playback - {4} [SUCCESS] MouseButtonClick - "[MSAA, VisibleOnly]ControlType='Button' &amp;&amp; Name='OK'"
\0&lt;/a&gt;
W, 3608, 26, 2012/11/02, 16:33:12.432, 1609246098551, QTAgent32.exe, &lt;a class=success&gt;Playback - {5} [SUCCESS] MouseButtonClick - "[MSAA, VisibleOnly]ControlType='Button' &amp;&amp; Name='Clients &amp; Files'"
\0&lt;/a&gt;
W, 3608, 26, 2012/11/02, 16:33:12.884, 1609252623756, QTAgent32.exe, &lt;a class=success&gt;Playback - {6} [SUCCESS] MouseButtonClick - "[MSAA, VisibleOnly]ControlType='Button' &amp;&amp; Name='Clients &amp; Files'"
\0&lt;/a&gt;
W, 3608, 26, 2012/11/02, 16:33:13.274, 1609258257245, QTAgent32.exe, Playback - [WARNING] Internal warning: Window Not Found: [VisibleOnly]ControlType='Window' &amp;&amp; Name='Customer: txt1 tdsfs' &amp;&amp; ClassName='ThunderRT6MDIForm'
\0
E, 3608, 26, 2012/11/02, 16:33:13.274, 1609258260044, QTAgent32.exe, &lt;a class=failure&gt;Playback - {7} [FAILED] Function ElementFetcher::FindScreenElement failed to locate UI element (Searching: ;[VisibleOnly]ControlType='Window' &amp;&amp; Name='Customer: txt1 tdsfs' &amp;&amp; ClassName='ThunderRT6MDIForm') (The object specified was not found.)
\0&lt;/a&gt;
E, 3608, 26, 2012/11/02, 16:33:13.368, 1609259507180, QTAgent32.exe, Playback - [IMAGE] C:\Users\peter.zenin-ad\AppData\Local\Temp\UITestLogs\LastRun\RPF4686.png
\0
W, 3608, 26, 2012/11/02, 16:33:13.368, 1609259509364, QTAgent32.exe, Playback - [WARNING] Internal warning: Couldn't find descendants that match QueryId
\0
W, 3608, 26, 2012/11/02, 16:33:31.417, 1609518019183, QTAgent32.exe, Playback - [WARNING] Internal warning: Window Not Found: [VisibleOnly]ControlType='Window' &amp;&amp; Name='Customer: txt1 tdsfs' &amp;&amp; ClassName='ThunderRT6MDIForm'
\0
E, 3608, 26, 2012/11/02, 16:33:31.417, 1609518022324, QTAgent32.exe, &lt;a class=failure&gt;Playback - {8} [FAILED] Function ElementFetcher::FindScreenElement failed to locate UI element (Searching: ;[VisibleOnly]ControlType='Window' &amp;&amp; Name='Customer: txt1 tdsfs' &amp;&amp; ClassName='ThunderRT6MDIForm') (The object specified was not found.)
\0&lt;/a&gt;
E, 3608, 26, 2012/11/02, 16:33:31.511, 1609519246916, QTAgent32.exe, Playback - [IMAGE] C:\Users\peter.zenin-ad\AppData\Local\Temp\UITestLogs\LastRun\RPF8D66.png
\0
W, 3608, 26, 2012/11/02, 16:33:31.511, 1609519249197, QTAgent32.exe, Playback - [WARNING] Internal warning: Couldn't find descendants that match QueryId
\0
W, 3608, 26, 2012/11/02, 16:33:31.511, 1609519252208, QTAgent32.exe, PERF WARNING: FindTopLevelWindowHelper::FindAllDescendents: took 18140 ms. Expected it to take maximum 500 ms.
W, 3608, 26, 2012/11/02, 16:33:32.010, 1609526489475, QTAgent32.exe, Playback - [WARNING] Internal warning: Window with Class "ThunderRT6MDIForm" and Title "Customer: txt1 tdsfs" was not found, so similar window with Class "ThunderRT6MDIForm" and Title "Customer: autotest" was accepted
\0
W, 3608, 26, 2012/11/02, 16:33:32.010, 1609526493537, QTAgent32.exe, PERF WARNING: FindTopLevelWindowHelper::FindAllDescendents: took 505 ms. Expected it to take maximum 500 ms.
W, 3608, 26, 2012/11/02, 16:33:33.586, 1609549043025, QTAgent32.exe, Playback - [WARNING] Internal warning: Incorrect flag set for InvokeProgrammaticAction\0
W, 3608, 26, 2012/11/02, 16:33:33.913, 1609553655188, QTAgent32.exe, &lt;a class=success&gt;Playback - {9} [SUCCESS] SetValueAsComboBox "Customers" - "[MSAA, VisibleOnly]ControlType='ComboBox'"  &lt; SetValueAsComboBox, set by clicking on the item in the list box &gt;
\0&lt;/a&gt;
W, 3608, 26, 2012/11/02, 16:33:34.584, 1609563239603, QTAgent32.exe, &lt;a class=success&gt;Playback - {10} [SUCCESS] MouseButtonClick - "[MSAA, VisibleOnly]ControlType='Button' &amp;&amp; Name='Add'"
\0&lt;/a&gt;
W, 3608, 26, 2012/11/02, 16:33:34.990, 1609569045960, QTAgent32.exe, &lt;a class=success&gt;Playback - {11} [SUCCESS] SendKeys "autotest" - "[MSAA, VisibleOnly]ControlType='RadioButton' &amp;&amp; Name='Personal Lines'"
\0&lt;/a&gt;
W, 3608, 26, 2012/11/02, 16:33:35.520, 1609576642539, QTAgent32.exe, &lt;a class=success&gt;Playback - {12} [SUCCESS] SetValueAsEditBox "autotest" - "[MSAA, VisibleOnly]ControlType='Edit'"  &lt; Set via SendKeys &gt;
\0&lt;/a&gt;
W, 3608, 26, 2012/11/02, 16:33:36.019, 1609583959033, QTAgent32.exe, &lt;a class=success&gt;Playback - {13} [SUCCESS] MouseButtonClick - "[MSAA, VisibleOnly]ControlType='Button' &amp;&amp; Name='OK'"
\0&lt;/a&gt;
W, 3608, 26, 2012/11/02, 16:33:36.597, 1609592149049, QTAgent32.exe, &lt;a class=success&gt;Playback - {14} [SUCCESS] MouseButtonClick - "[MSAA, VisibleOnly]ControlType='Button' &amp;&amp; Name='Yes'"
\0&lt;/a&gt;
W, 3608, 26, 2012/11/02, 16:33:36.909, 1609596520205, QTAgent32.exe, &lt;a class=success&gt;Playback - {15} [SUCCESS] SendKeys "^{HOME}" - "[MSAA, VisibleOnly]ControlType='Edit'"
\0&lt;/a&gt;
E, 3608, 26, 2012/11/02, 16:33:36.909, 1609596523222, QTAgent32.exe, Msaa.GetFocusedElement: could not find accessible object of foreground window
W, 3608, 26, 2012/11/02, 16:33:36.987, 1609597635095, QTAgent32.exe, &lt;a class=success&gt;Playback - {16} [SUCCESS] SendKeys "^+{END}" - "[MSAA, VisibleOnly]ControlType='Edit'"
\0&lt;/a&gt;
E, 3608, 26, 2012/11/02, 16:33:36.987, 1609597637416, QTAgent32.exe, Msaa.GetFocusedElement: could not find accessible object of foreground window
W, 3608, 26, 2012/11/02, 16:33:37.002, 1609597858996, QTAgent32.exe, &lt;a class=success&gt;Playback - {17} [SUCCESS] SendKeys "{DELETE}" - "[MSAA, VisibleOnly]ControlType='Edit'"
\0&lt;/a&gt;
W, 3608, 26, 2012/11/02, 16:33:37.080, 1609598980589, QTAgent32.exe, &lt;a class=success&gt;Playback - {18} [SUCCESS] SetValueAsEditBox "1" - "[MSAA, VisibleOnly]ControlType='Edit'"  &lt; Set via SendKeys &gt;
\0&lt;/a&gt;
W, 3608, 26, 2012/11/02, 16:33:37.314, 1609602325089, QTAgent32.exe, &lt;a class=success&gt;Playback - {19} [SUCCESS] SendKeys "^{HOME}" - "[MSAA, VisibleOnly]ControlType='Edit'"
\0&lt;/a&gt;
E, 3608, 26, 2012/11/02, 16:33:37.314, 1609602327773, QTAgent32.exe, Msaa.GetFocusedElement: could not find accessible object of foreground window
W, 3608, 26, 2012/11/02, 16:33:37.408, 1609603666233, QTAgent32.exe, &lt;a class=success&gt;Playback - {20} [SUCCESS] SendKeys "^+{END}" - "[MSAA, VisibleOnly]ControlType='Edit'"
\0&lt;/a&gt;
E, 3608, 26, 2012/11/02, 16:33:37.408, 1609603668512, QTAgent32.exe, Msaa.GetFocusedElement: could not find accessible object of foreground window
W, 3608, 26, 2012/11/02, 16:33:37.423, 1609603890103, QTAgent32.exe, &lt;a class=success&gt;Playback - {21} [SUCCESS] SendKeys "{DELETE}" - "[MSAA, VisibleOnly]ControlType='Edit'"
\0&lt;/a&gt;
W, 3608, 26, 2012/11/02, 16:33:37.501, 1609605010306, QTAgent32.exe, &lt;a class=success&gt;Playback - {22} [SUCCESS] SetValueAsEditBox "1" - "[MSAA, VisibleOnly]ControlType='Edit'"  &lt; Set via SendKeys &gt;
\0&lt;/a&gt;
W, 3608, 26, 2012/11/02, 16:33:38.157, 1609614475708, QTAgent32.exe, &lt;a class=success&gt;Playback - {23} [SUCCESS] MouseButtonClick - "[MSAA, VisibleOnly]ControlType='Button' &amp;&amp; Name='OK'"
\0&lt;/a&gt;
W, 3608, 26, 2012/11/02, 16:33:38.687, 1609622102975, QTAgent32.exe, &lt;a class=success&gt;Playback - {24} [SUCCESS] MouseButtonClick - "[MSAA, VisibleOnly]ControlType='Button'"
\0&lt;/a&gt;
W, 3608, 26, 2012/11/02, 16:33:39.311, 1609630934237, QTAgent32.exe, &lt;a class=success&gt;Playback - {25} [SUCCESS] MouseButtonClick - "[MSAA, VisibleOnly]ControlType='Button' &amp;&amp; Name='Add'"
\0&lt;/a&gt;
W, 3608, 26, 2012/11/02, 16:33:39.810, 1609638200757, QTAgent32.exe, &lt;a class=success&gt;Playback - {26} [SUCCESS] MouseButtonClick - "[MSAA, VisibleOnly]ControlType='Button' &amp;&amp; Name='OK'"
\0&lt;/a&gt;
W, 3608, 26, 2012/11/02, 16:33:42.275, 1609673355815, QTAgent32.exe, &lt;a class=success&gt;Playback - {27} [SUCCESS] MouseButtonClick - "[MSAA, VisibleOnly,Window]ControlType='Window' &amp;&amp; ClassName='ThunderRT6TextBox'"
\0&lt;/a&gt;
W, 3608, 26, 2012/11/02, 16:33:42.618, 1609678274591, QTAgent32.exe, &lt;a class=success&gt;Playback - {28} [SUCCESS] SetValueAsEditBox "HOME" - "[MSAA, VisibleOnly]ControlType='Edit'"  &lt; Set via SendKeys &gt;
\0&lt;/a&gt;
W, 3608, 26, 2012/11/02, 16:33:43.117, 1609685598933, QTAgent32.exe, &lt;a class=success&gt;Playback - {29} [SUCCESS] MouseButtonClick - "[MSAA, VisibleOnly]ControlType='Button' &amp;&amp; Name='OK'"
\0&lt;/a&gt;
W, 3608, 26, 2012/11/02, 16:33:43.554, 1609691737086, QTAgent32.exe, &lt;a class=success&gt;Playback - {30} [SUCCESS] MouseButtonClick - "[MSAA, VisibleOnly]ControlType='Button' &amp;&amp; Name='Options'"
\0&lt;/a&gt;
W, 3608, 26, 2012/11/02, 16:33:43.664, 1609693240207, QTAgent32.exe, FindScreenElementInSinglePass : Attempting to find control in one pass of search. Failures can occur.
W, 3608, 26, 2012/11/02, 16:33:43.851, 1609695914974, QTAgent32.exe, &lt;a class=success&gt;Playback - {31} [SUCCESS] MouseButtonClick - "[MSAA]ControlType='MenuItem' &amp;&amp; Name='Links'"
\0&lt;/a&gt;
W, 3608, 26, 2012/11/02, 16:33:43.960, 1609697483118, QTAgent32.exe, FindScreenElementInSinglePass : Attempting to find control in one pass of search. Failures can occur.
W, 3608, 26, 2012/11/02, 16:33:44.147, 1609700159337, QTAgent32.exe, &lt;a class=success&gt;Playback - {32} [SUCCESS] MouseButtonClick - "[MSAA]ControlType='MenuItem' &amp;&amp; Name='3rd Party Integration'"
\0&lt;/a&gt;
W, 3608, 26, 2012/11/02, 16:33:44.256, 1609701727782, QTAgent32.exe, FindScreenElementInSinglePass : Attempting to find control in one pass of search. Failures can occur.
W, 3608, 26, 2012/11/02, 16:33:44.444, 1609704430091, QTAgent32.exe, &lt;a class=success&gt;Playback - {33} [SUCCESS] MouseButtonClick - "[MSAA]ControlType='MenuItem' &amp;&amp; Name='Quote Select List'"
\0&lt;/a&gt;
W, 3608, 26, 2012/11/02, 16:33:46.284, 1609730764198, QTAgent32.exe, PERF WARNING: FindTopLevelWindowHelper::FindAllDescendents: took 1716 ms. Expected it to take maximum 500 ms.
W, 3608, 26, 2012/11/02, 16:33:46.955, 1609740489033, QTAgent32.exe, &lt;a class=success&gt;Playback - {34} [SUCCESS] MouseButtonClick - "[MSAA, VisibleOnly]ControlType='Button' &amp;&amp; Name='Ok'"
\0&lt;/a&gt;
W, 3608, 26, 2012/11/02, 16:33:50.840, 1609795997180, QTAgent32.exe, PERF WARNING: FindTopLevelWindowHelper::FindAllDescendents: took 3763 ms. Expected it to take maximum 500 ms.
W, 3608, 26, 2012/11/02, 16:33:51.121, 1609800006509, QTAgent32.exe, &lt;a class=success&gt;Playback - {35} [SUCCESS] SetValueAsEditBox "test1" - "[MSAA, VisibleOnly]ControlType='Edit'"  &lt; Set via SendKeys &gt;
\0&lt;/a&gt;
W, 3608, 26, 2012/11/02, 16:33:51.464, 1609804920036, QTAgent32.exe, &lt;a class=success&gt;Playback - {36} [SUCCESS] SetValueAsEditBox "test" - "[MSAA, VisibleOnly]ControlType='Edit'"  &lt; Set via SendKeys &gt;
\0&lt;/a&gt;
W, 3608, 26, 2012/11/02, 16:33:51.682, 1609808045314, QTAgent32.exe, &lt;a class=success&gt;Playback - {37} [SUCCESS] SendKeys "^{HOME}" - "[MSAA, VisibleOnly]ControlType='Edit'"
\0&lt;/a&gt;
E, 3608, 26, 2012/11/02, 16:33:51.682, 1609808048288, QTAgent32.exe, Msaa.GetFocusedElement: could not find accessible object of foreground window
W, 3608, 26, 2012/11/02, 16:33:51.760, 1609809161551, QTAgent32.exe, &lt;a class=success&gt;Playback - {38} [SUCCESS] SendKeys "^+{END}" - "[MSAA, VisibleOnly]ControlType='Edit'"
\0&lt;/a&gt;
E, 3608, 26, 2012/11/02, 16:33:51.760, 1609809164101, QTAgent32.exe, Msaa.GetFocusedElement: could not find accessible object of foreground window
W, 3608, 26, 2012/11/02, 16:33:51.776, 1609809384018, QTAgent32.exe, &lt;a class=success&gt;Playback - {39} [SUCCESS] SendKeys "{DELETE}" - "[MSAA, VisibleOnly]ControlType='Edit'"
\0&lt;/a&gt;
W, 3608, 26, 2012/11/02, 16:33:51.947, 1609811845191, QTAgent32.exe, &lt;a class=success&gt;Playback - {40} [SUCCESS] SetValueAsEditBox "test" - "[MSAA, VisibleOnly]ControlType='Edit'"  &lt; Set via SendKeys &gt;
\0&lt;/a&gt;
W, 3608, 26, 2012/11/02, 16:33:52.525, 1609820290583, QTAgent32.exe, Playback - [WARNING] Internal warning: Incorrect flag set for InvokeProgrammaticAction\0
W, 3608, 26, 2012/11/02, 16:33:52.852, 1609824811055, QTAgent32.exe, &lt;a class=success&gt;Playback - {41} [SUCCESS] SetValueAsComboBox "Account Director" - "[MSAA, VisibleOnly]ControlType='ComboBox'"  &lt; SetValueAsComboBox, set by clicking on the item in the list box &gt;
\0&lt;/a&gt;
W, 3608, 26, 2012/11/02, 16:33:53.429, 1609833105737, QTAgent32.exe, Playback - [WARNING] Internal warning: Incorrect flag set for InvokeProgrammaticAction\0
W, 3608, 26, 2012/11/02, 16:33:53.757, 1609837764497, QTAgent32.exe, &lt;a class=success&gt;Playback - {42} [SUCCESS] SetValueAsComboBox "Advertising" - "[MSAA, VisibleOnly]ControlType='ComboBox'"  &lt; SetValueAsComboBox, set by clicking on the item in the list box &gt;
\0&lt;/a&gt;
W, 3608, 26, 2012/11/02, 16:33:54.163, 1609843562980, QTAgent32.exe, &lt;a class=success&gt;Playback - {43} [SUCCESS] SetValueAsEditBox "160589" - "[MSAA, VisibleOnly]ControlType='Edit'"  &lt; Set via SendKeys &gt;
\0&lt;/a&gt;
W, 3608, 26, 2012/11/02, 16:33:54.599, 1609849815855, QTAgent32.exe, &lt;a class=success&gt;Playback - {44} [SUCCESS] MouseButtonClick - "[MSAA, VisibleOnly]ControlType='Edit'"
\0&lt;/a&gt;
W, 3608, 26, 2012/11/02, 16:33:55.005, 1609855624262, QTAgent32.exe, &lt;a class=success&gt;Playback - {45} [SUCCESS] SetValueAsEditBox "B338TH" - "[MSAA, VisibleOnly]ControlType='Edit'"  &lt; Set via SendKeys &gt;
\0&lt;/a&gt;
W, 3608, 26, 2012/11/02, 16:33:57.423, 1609890241919, QTAgent32.exe, &lt;a class=success&gt;Playback - {46} [SUCCESS] MouseButtonClick - "[MSAA, VisibleOnly]ControlType='Button' &amp;&amp; Name='Lookup...'"
\0&lt;/a&gt;
W, 3608, 26, 2012/11/02, 16:33:57.875, 1609896854039, QTAgent32.exe, &lt;a class=success&gt;Playback - {47} [SUCCESS] MouseButtonClick - "[MSAA, VisibleOnly]ControlType='Button' &amp;&amp; Name='Ok'"
\0&lt;/a&gt;
W, 3608, 26, 2012/11/02, 16:33:58.375, 1609903952071, QTAgent32.exe, &lt;a class=success&gt;Playback - {48} [SUCCESS] MouseButtonClick - "[MSAA, VisibleOnly]ControlType='Button' &amp;&amp; Name='Next &gt;'"
\0&lt;/a&gt;
W, 3608, 26, 2012/11/02, 16:33:58.796, 1609909905004, QTAgent32.exe, &lt;a class=success&gt;Playback - {49} [SUCCESS] SetValueAsEditBox "1989" - "[MSAA, VisibleOnly]ControlType='Edit'"  &lt; Set via SendKeys &gt;
\0&lt;/a&gt;
W, 3608, 26, 2012/11/02, 16:33:59.264, 1609916725398, QTAgent32.exe, &lt;a class=success&gt;Playback - {50} [SUCCESS] MouseButtonClick - "[MSAA, VisibleOnly]ControlType='Button' &amp;&amp; Name='Next &gt;'"
\0&lt;/a&gt;
W, 3608, 26, 2012/11/02, 16:33:59.498, 1609920114574, QTAgent32.exe, &lt;a class=success&gt;Playback - {51} [SUCCESS] MouseButtonClick - "[MSAA, VisibleOnly]ControlType='Button' &amp;&amp; Name='Next &gt;'"
\0&lt;/a&gt;
W, 3608, 26, 2012/11/02, 16:33:59.732, 1609923342582, QTAgent32.exe, &lt;a class=success&gt;Playback - {52} [SUCCESS] MouseButtonClick - "[MSAA, VisibleOnly]ControlType='Button' &amp;&amp; Name='Next &gt;'"
\0&lt;/a&gt;
W, 3608, 26, 2012/11/02, 16:34:00.138, 1609929112508, QTAgent32.exe, &lt;a class=success&gt;Playback - {53} [SUCCESS] SetValueAsEditBox "2345" - "[MSAA, VisibleOnly]ControlType='Edit'"  &lt; Set via SendKeys &gt;
\0&lt;/a&gt;
W, 3608, 26, 2012/11/02, 16:34:00.559, 1609935144489, QTAgent32.exe, &lt;a class=success&gt;Playback - {54} [SUCCESS] SetValueAsEditBox "2000" - "[MSAA, VisibleOnly]ControlType='Edit'"  &lt; Set via SendKeys &gt;
\0&lt;/a&gt;
W, 3608, 26, 2012/11/02, 16:34:00.980, 1609941173951, QTAgent32.exe, &lt;a class=success&gt;Playback - {55} [SUCCESS] SetValueAsEditBox "2000" - "[MSAA, VisibleOnly]ControlType='Edit'"  &lt; Set via SendKeys &gt;
\0&lt;/a&gt;
W, 3608, 26, 2012/11/02, 16:34:01.198, 1609944475359, QTAgent32.exe, &lt;a class=success&gt;Playback - {56} [SUCCESS] MouseButtonClick - "[MSAA, VisibleOnly]ControlType='Button' &amp;&amp; Name='Next &gt;'"
\0&lt;/a&gt;
W, 3608, 26, 2012/11/02, 16:34:01.604, 1609950109335, QTAgent32.exe, &lt;a class=success&gt;Playback - {57} [SUCCESS] SetValueAsEditBox "2345" - "[MSAA, VisibleOnly]ControlType='Edit'"  &lt; Set via SendKeys &gt;
\0&lt;/a&gt;
W, 3608, 26, 2012/11/02, 16:34:01.978, 1609955661444, QTAgent32.exe, &lt;a class=success&gt;Playback - {58} [SUCCESS] MouseButtonClick - "[MSAA, VisibleOnly]ControlType='Button' &amp;&amp; Name='Next &gt;'"
\0&lt;/a&gt;
W, 3608, 26, 2012/11/02, 16:34:02.368, 1609961126629, QTAgent32.exe, &lt;a class=success&gt;Playback - {59} [SUCCESS] MouseButtonClick - "[MSAA, VisibleOnly]ControlType='Button' &amp;&amp; Name='Next &gt;'"
\0&lt;/a&gt;
W, 3608, 26, 2012/11/02, 16:34:02.665, 1609965479664, QTAgent32.exe, &lt;a class=success&gt;Playback - {60} [SUCCESS] MouseButtonClick - "[MSAA, VisibleOnly]ControlType='Button' &amp;&amp; Name='Quote'"
\0&lt;/a&gt;
W, 3608, 26, 2012/11/02, 16:34:03.242, 1609973628005, QTAgent32.exe, &lt;a class=success&gt;Playback - {61} [SUCCESS] MouseButtonClick - "[MSAA, VisibleOnly]ControlType='Button' &amp;&amp; Name='No'"
\0&lt;/a&gt;
W, 3608, 26, 2012/11/02, 16:34:06.939, 1610026530595, QTAgent32.exe, PERF WARNING: FindTopLevelWindowHelper::FindAllDescendents: took 3590 ms. Expected it to take maximum 500 ms.
W, 3608, 26, 2012/11/02, 16:34:07.267, 1610031187711, QTAgent32.exe, &lt;a class=success&gt;Playback - {62} [SUCCESS] MouseButtonClick - "[MSAA, VisibleOnly]ControlType='Client'"
\0&lt;/a&gt;
W, 3608, 26, 2012/11/02, 16:34:08.858, 1610054079486, QTAgent32.exe, &lt;a class=success&gt;Playback - {63} [SUCCESS] SendKeys "{End}" - "[MSAA, VisibleOnly]ControlType='Client'"
\0&lt;/a&gt;
W, 3608, 26, 2012/11/02, 16:34:09.389, 1610061716912, QTAgent32.exe, &lt;a class=success&gt;Playback - {64} [SUCCESS] MouseButtonClick - "[MSAA, VisibleOnly]ControlType='Button' &amp;&amp; Name='Accept'"
\0&lt;/a&gt;
W, 3608, 26, 2012/11/02, 16:34:09.841, 1610068202371, QTAgent32.exe, &lt;a class=success&gt;Playback - {65} [SUCCESS] MouseButtonClick - "[MSAA, VisibleOnly]ControlType='Button' &amp;&amp; Name='Yes'"
\0&lt;/a&gt;
W, 3608, 26, 2012/11/02, 16:34:12.072, 1610100114379, QTAgent32.exe, &lt;a class=success&gt;Playback - {66} [SUCCESS] MouseButtonClick - "[MSAA, VisibleOnly]ControlType='Button' &amp;&amp; Name='Ok'"
\0&lt;/a&gt;
W, 3608, 26, 2012/11/02, 16:34:23.257, 1610260137548, QTAgent32.exe, Playback - [WARNING] Internal warning: Window Not Found: [VisibleOnly]ControlType='Window' &amp;&amp; Name='Save the file as' &amp;&amp; ClassName='#32770'
\0
E, 3608, 26, 2012/11/02, 16:34:23.257, 1610260140421, QTAgent32.exe, &lt;a class=failure&gt;Playback - {67} [FAILED] Function ElementFetcher::FindScreenElement failed to locate UI element (Searching: ;[VisibleOnly]ControlType='Window' &amp;&amp; Name='Save the file as' &amp;&amp; ClassName='#32770') (The object specified was not found.)
\0&lt;/a&gt;
E, 3608, 26, 2012/11/02, 16:34:23.335, 1610261368348, QTAgent32.exe, Playback - [IMAGE] C:\Users\peter.zenin-ad\AppData\Local\Temp\UITestLogs\LastRun\RPF57E6.png
\0
W, 3608, 26, 2012/11/02, 16:34:23.335, 1610261370726, QTAgent32.exe, Playback - [WARNING] Internal warning: Couldn't find descendants that match QueryId
\0
W, 3608, 26, 2012/11/02, 16:34:23.335, 1610261373755, QTAgent32.exe, PERF WARNING: FindTopLevelWindowHelper::FindAllDescendents: took 11162 ms. Expected it to take maximum 500 ms.
W, 3608, 26, 2012/11/02, 16:34:41.572, 1610522367700, QTAgent32.exe, Playback - [WARNING] Internal warning: Window Not Found: [VisibleOnly]ControlType='Window' &amp;&amp; Name='Save the file as' &amp;&amp; ClassName='#32770'
\0
E, 3608, 26, 2012/11/02, 16:34:41.572, 1610522370638, QTAgent32.exe, &lt;a class=failure&gt;Playback - {68} [FAILED] Function ElementFetcher::FindScreenElement failed to locate UI element (Searching: ;[VisibleOnly]ControlType='Window' &amp;&amp; Name='Save the file as' &amp;&amp; ClassName='#32770') (The object specified was not found.)
\0&lt;/a&gt;
E, 3608, 26, 2012/11/02, 16:34:41.650, 1610523605984, QTAgent32.exe, Playback - [IMAGE] C:\Users\peter.zenin-ad\AppData\Local\Temp\UITestLogs\LastRun\RPF9F72.png
\0
W, 3608, 26, 2012/11/02, 16:34:41.650, 1610523608137, QTAgent32.exe, Playback - [WARNING] Internal warning: Couldn't find descendants that match QueryId
\0
W, 3608, 26, 2012/11/02, 16:34:41.650, 1610523611054, QTAgent32.exe, PERF WARNING: FindTopLevelWindowHelper::FindAllDescendents: took 18314 ms. Expected it to take maximum 500 ms.
W, 3608, 26, 2012/11/02, 16:34:44.833, 1610569051135, QTAgent32.exe, Playback - [WARNING] Internal warning: Smart Match failed
\0
W, 3608, 26, 2012/11/02, 16:34:46.377, 1610591163804, QTAgent32.exe, Playback - [WARNING] Internal warning: Window Not Found: [VisibleOnly]ControlType='Window' &amp;&amp; Name='Save the file as' &amp;&amp; ClassName='#32770'
\0
E, 3608, 26, 2012/11/02, 16:34:46.377, 1610591166658, QTAgent32.exe, &lt;a class=failure&gt;Playback - {69} [FAILED] Function ElementFetcher::FindScreenElement failed to locate UI element (Searching: ;[VisibleOnly]ControlType='Window' &amp;&amp; Name='Save the file as' &amp;&amp; ClassName='#32770') (The object specified was not found.)
\0&lt;/a&gt;
E, 3608, 26, 2012/11/02, 16:34:46.455, 1610592402873, QTAgent32.exe, Playback - [IMAGE] C:\Users\peter.zenin-ad\AppData\Local\Temp\UITestLogs\LastRun\RPFB238.png
\0
W, 3608, 26, 2012/11/02, 16:34:46.455, 1610592405048, QTAgent32.exe, Playback - [WARNING] Internal warning: Couldn't find descendants that match QueryId
\0
W, 3608, 26, 2012/11/02, 16:34:46.455, 1610592408076, QTAgent32.exe, PERF WARNING: FindTopLevelWindowHelper::FindAllDescendents: took 4804 ms. Expected it to take maximum 500 ms.
E, 3608, 26, 2012/11/02, 16:34:46.455, 1610592409883, QTAgent32.exe, Exception: System.Runtime.InteropServices.COMException
	Message: Error HRESULT E_FAIL has been returned from a call to a COM component.
	Stack Trace:    at Microsoft.VisualStudio.TestTools.UITest.Playback.Engine.IRPFPlayback.FindAllScreenElements(IScreenElement pScreenElementStart, String bstrQueryId, Object&amp; pvarResKeys, Int32 cResKeys, Int32 nMaxDepth, Object[]&amp; foundDescendants)
   at Microsoft.VisualStudio.TestTools.UITest.Playback.ScreenElement.FindTopLevelWindowHelper(String queryId)
	BaseExceptionMessage: Error HRESULT E_FAIL has been returned from a call to a COM component.

E, 3608, 26, 2012/11/02, 16:34:46.596, 1610594289204, QTAgent32.exe, AL: Playback Error: Microsoft.VisualStudio.TestTools.UITest.Extension.UITestControlNotFoundException: The playback failed to find the control with the given search properties. Additional Details: 
TechnologyName:  'MSAA'
ControlType:  'Window'
Name:  'Save the file as'
ClassName:  '#32770'
 ---&gt; System.Runtime.InteropServices.COMException: Error HRESULT E_FAIL has been returned from a call to a COM component.
   at Microsoft.VisualStudio.TestTools.UITest.Playback.Engine.IRPFPlayback.FindAllScreenElements(IScreenElement pScreenElementStart, String bstrQueryId, Object&amp; pvarResKeys, Int32 cResKeys, Int32 nMaxDepth, Object[]&amp; foundDescendants)
   at Microsoft.VisualStudio.TestTools.UITest.Playback.ScreenElement.FindTopLevelWindowHelper(String queryId)
   at Microsoft.VisualStudio.TestTools.UITest.Playback.ScreenElement.FindFromPartialQueryId(String queryId)
   at Microsoft.VisualStudio.TestTools.UITesting.UITestControl..ctor(String queryId)
   --- End of inner exception stack trace ---
   at Microsoft.VisualStudio.TestTools.UITesting.Playback.MapControlNotFoundException(COMException ex, IPlaybackContext context)
   at Microsoft.VisualStudio.TestTools.UITesting.Playback.MapAndThrowComException(COMException innerException, IPlaybackContext context)
   at Microsoft.VisualStudio.TestTools.UITesting.Playback.MapAndThrowException(SystemException exception, IPlaybackContext context)
   at Microsoft.VisualStudio.TestTools.UITesting.Playback.MapAndThrowException(SystemException exception, String queryId)
   at Microsoft.VisualStudio.TestTools.UITesting.UITestControl..ctor(String queryId)
   at Microsoft.VisualStudio.TestTools.UITesting.SearchHelper.SearchTopLevelWindow(ISearchArgument topLevelSearchArg, String topLevelElementQueryId)
   at Microsoft.VisualStudio.TestTools.UITesting.SearchHelper.GetTitleUpdatedTopLevelWindow(ISearchArgument topLevelSearchArg, String queryId, IList`1 windowTitles)
   at Microsoft.VisualStudio.TestTools.UITesting.SearchHelper.GetTopLevelElement(Boolean useCache, Boolean useCacheOnly, ISearchArgument searchArg, IList`1 windowTitles, Int32&amp; timeLeft)
   at Microsoft.VisualStudio.TestTools.UITesting.SearchHelper.GetElement(Boolean useCache, ISearchArgument searchArg)
   at Microsoft.VisualStudio.TestTools.UITesting.SearchHelper.Search(ISearchArgument searchArg)
   at Microsoft.VisualStudio.TestTools.UITesting.UITestControl.FindInternal()
   at Microsoft.VisualStudio.TestTools.UITesting.UITestControl.FindControlIfNecessary()
   at Microsoft.VisualStudio.TestTools.UITesting.UITestControl.Click(MouseButtons button, ModifierKeys modifierKeys, Point relativeCoordinates)
   at Microsoft.VisualStudio.TestTools.UITesting.Mouse.ClickImplementation(UITestControl control, MouseButtons button, ModifierKeys modifierKeys, Point relativeCoordinate)
   at Microsoft.VisualStudio.TestTools.UITesting.Mouse.ClickImplementationWrapper(UITestControl control, MouseButtons button, ModifierKeys modifierKeys, Point relativeCoordinate)
W, 3608, 26, 2012/11/02, 16:34:46.596, 1610594291351, QTAgent32.exe, PlaybackErrorHandler: Ignoring exception as ContinueOnError is set.
W, 3608, 26, 2012/11/02, 16:34:46.986, 1610599941642, QTAgent32.exe, &lt;a class=success&gt;Playback - {70} [SUCCESS] MouseButtonClick - "[MSAA, VisibleOnly]ControlType='Button' &amp;&amp; Name='Ok'"
\0&lt;/a&gt;
W, 3608, 26, 2012/11/02, 16:34:47.454, 1610606569100, QTAgent32.exe, &lt;a class=success&gt;Playback - {71} [SUCCESS] MouseButtonClick - "[MSAA, VisibleOnly]ControlType='Button' &amp;&amp; Name='Ok'"
\0&lt;/a&gt;
W, 3608, 26, 2012/11/02, 16:34:47.984, 1610614168943, QTAgent32.exe, &lt;a class=success&gt;Playback - {72} [SUCCESS] SetValueAsEditBox "B338TH" - "[MSAA, VisibleOnly]ControlType='Edit'"  &lt; Set via SendKeys &gt;
\0&lt;/a&gt;
W, 3608, 26, 2012/11/02, 16:34:50.449, 1610649455753, QTAgent32.exe, &lt;a class=success&gt;Playback - {73} [SUCCESS] MouseButtonClick - "[MSAA, VisibleOnly]ControlType='Button' &amp;&amp; Name='Lookup...'"
\0&lt;/a&gt;
W, 3608, 26, 2012/11/02, 16:34:50.839, 1610655109799, QTAgent32.exe, &lt;a class=success&gt;Playback - {74} [SUCCESS] MouseButtonClick - "[MSAA, VisibleOnly]ControlType='Button' &amp;&amp; Name='Ok'"
\0&lt;/a&gt;
W, 3608, 26, 2012/11/02, 16:34:51.322, 1610662149498, QTAgent32.exe, &lt;a class=success&gt;Playback - {75} [SUCCESS] MouseButtonClick - "[MSAA, VisibleOnly]ControlType='Button' &amp;&amp; Name='Confirm'"
\0&lt;/a&gt;
W, 3608, 26, 2012/11/02, 16:35:13.444, 1610978706611, QTAgent32.exe, Playback - [WARNING] Internal warning: Window Not Found: [VisibleOnly]ControlType='Window' &amp;&amp; Name='insur-E.tam' &amp;&amp; ClassName='#32770'
\0
E, 3608, 26, 2012/11/02, 16:35:13.444, 1610978709301, QTAgent32.exe, &lt;a class=failure&gt;Playback - {76} [FAILED] Function ElementFetcher::FindScreenElement failed to locate UI element (Searching: ;[VisibleOnly]ControlType='Window' &amp;&amp; Name='insur-E.tam' &amp;&amp; ClassName='#32770') (The object specified was not found.)
\0&lt;/a&gt;
E, 3608, 26, 2012/11/02, 16:35:13.522, 1610979932991, QTAgent32.exe, Playback - [IMAGE] C:\Users\peter.zenin-ad\AppData\Local\Temp\UITestLogs\LastRun\RPF1BF3.png
\0
W, 3608, 26, 2012/11/02, 16:35:13.522, 1610979935179, QTAgent32.exe, Playback - [WARNING] Internal warning: Couldn't find descendants that match QueryId
\0
W, 3608, 26, 2012/11/02, 16:35:13.522, 1610979938155, QTAgent32.exe, PERF WARNING: FindTopLevelWindowHelper::FindAllDescendents: took 22098 ms. Expected it to take maximum 500 ms.
W, 3608, 26, 2012/11/02, 16:35:31.774, 1611241152360, QTAgent32.exe, Playback - [WARNING] Internal warning: Window Not Found: [VisibleOnly]ControlType='Window' &amp;&amp; Name='insur-E.tam' &amp;&amp; ClassName='#32770'
\0
E, 3608, 26, 2012/11/02, 16:35:31.774, 1611241155249, QTAgent32.exe, &lt;a class=failure&gt;Playback - {77} [FAILED] Function ElementFetcher::FindScreenElement failed to locate UI element (Searching: ;[VisibleOnly]ControlType='Window' &amp;&amp; Name='insur-E.tam' &amp;&amp; ClassName='#32770') (The object specified was not found.)
\0&lt;/a&gt;
E, 3608, 26, 2012/11/02, 16:35:31.852, 1611242446025, QTAgent32.exe, Playback - [IMAGE] C:\Users\peter.zenin-ad\AppData\Local\Temp\UITestLogs\LastRun\RPF638E.png
\0
W, 3608, 26, 2012/11/02, 16:35:31.852, 1611242448152, QTAgent32.exe, Playback - [WARNING] Internal warning: Couldn't find descendants that match QueryId
\0
W, 3608, 26, 2012/11/02, 16:35:31.852, 1611242451117, QTAgent32.exe, PERF WARNING: FindTopLevelWindowHelper::FindAllDescendents: took 18334 ms. Expected it to take maximum 500 ms.
W, 3608, 26, 2012/11/02, 16:35:34.988, 1611287165545, QTAgent32.exe, Playback - [WARNING] Internal warning: Smart Match failed
\0
W, 3608, 26, 2012/11/02, 16:35:36.423, 1611307714949, QTAgent32.exe, Playback - [WARNING] Internal warning: Window Not Found: [VisibleOnly]ControlType='Window' &amp;&amp; Name='insur-E.tam' &amp;&amp; ClassName='#32770'
\0
E, 3608, 26, 2012/11/02, 16:35:36.423, 1611307717741, QTAgent32.exe, &lt;a class=failure&gt;Playback - {78} [FAILED] Function ElementFetcher::FindScreenElement failed to locate UI element (Searching: ;[VisibleOnly]ControlType='Window' &amp;&amp; Name='insur-E.tam' &amp;&amp; ClassName='#32770') (The object specified was not found.)
\0&lt;/a&gt;
E, 3608, 26, 2012/11/02, 16:35:36.501, 1611308954189, QTAgent32.exe, Playback - [IMAGE] C:\Users\peter.zenin-ad\AppData\Local\Temp\UITestLogs\LastRun\RPF75B8.png
\0
W, 3608, 26, 2012/11/02, 16:35:36.501, 1611308956371, QTAgent32.exe, Playback - [WARNING] Internal warning: Couldn't find descendants that match QueryId
\0
W, 3608, 26, 2012/11/02, 16:35:36.501, 1611308959284, QTAgent32.exe, PERF WARNING: FindTopLevelWindowHelper::FindAllDescendents: took 4644 ms. Expected it to take maximum 500 ms.
E, 3608, 26, 2012/11/02, 16:35:36.501, 1611308961056, QTAgent32.exe, Exception: System.Runtime.InteropServices.COMException
	Message: Error HRESULT E_FAIL has been returned from a call to a COM component.
	Stack Trace:    at Microsoft.VisualStudio.TestTools.UITest.Playback.Engine.IRPFPlayback.FindAllScreenElements(IScreenElement pScreenElementStart, String bstrQueryId, Object&amp; pvarResKeys, Int32 cResKeys, Int32 nMaxDepth, Object[]&amp; foundDescendants)
   at Microsoft.VisualStudio.TestTools.UITest.Playback.ScreenElement.FindTopLevelWindowHelper(String queryId)
	BaseExceptionMessage: Error HRESULT E_FAIL has been returned from a call to a COM component.

E, 3608, 26, 2012/11/02, 16:35:36.501, 1611308965791, QTAgent32.exe, Window 7472292 not responding. Last Win32 error 0
E, 3608, 26, 2012/11/02, 16:35:36.501, 1611308969500, QTAgent32.exe, Window 7472292 not responding. Last Win32 error 1400
E, 3608, 26, 2012/11/02, 16:35:36.501, 1611308972773, QTAgent32.exe, GetClassName for handle 7472292 failed
E, 3608, 26, 2012/11/02, 16:35:36.501, 1611308981917, QTAgent32.exe, Window 7472292 not responding. Last Win32 error 1400
E, 3608, 26, 2012/11/02, 16:35:36.501, 1611308983106, QTAgent32.exe, GetClassName for handle 7472292 failed
E, 3608, 26, 2012/11/02, 16:35:36.501, 1611308983886, QTAgent32.exe, GetClassName for handle 7472292 failed
E, 3608, 26, 2012/11/02, 16:35:36.610, 1611310393664, QTAgent32.exe, AL: Playback Error: Microsoft.VisualStudio.TestTools.UITest.Extension.UITestControlNotFoundException: The playback failed to find the control with the given search properties. Additional Details: 
TechnologyName:  'MSAA'
ControlType:  'Window'
 ---&gt; System.Runtime.InteropServices.COMException: Error HRESULT E_FAIL has been returned from a call to a COM component.
   at Microsoft.VisualStudio.TestTools.UITest.Playback.Engine.IRPFPlayback.FindAllScreenElements(IScreenElement pScreenElementStart, String bstrQueryId, Object&amp; pvarResKeys, Int32 cResKeys, Int32 nMaxDepth, Object[]&amp; foundDescendants)
   at Microsoft.VisualStudio.TestTools.UITest.Playback.ScreenElement.FindTopLevelWindowHelper(String queryId)
   at Microsoft.VisualStudio.TestTools.UITest.Playback.ScreenElement.FindFromPartialQueryId(String queryId)
   at Microsoft.VisualStudio.TestTools.UITesting.UITestControl..ctor(String queryId)
   --- End of inner exception stack trace ---
   at Microsoft.VisualStudio.TestTools.UITesting.Playback.MapControlNotFoundException(COMException ex, IPlaybackContext context)
   at Microsoft.VisualStudio.TestTools.UITesting.Playback.MapAndThrowComException(COMException innerException, IPlaybackContext context)
   at Microsoft.VisualStudio.TestTools.UITesting.Playback.MapAndThrowException(SystemException exception, IPlaybackContext context)
   at Microsoft.VisualStudio.TestTools.UITesting.Playback.MapAndThrowException(SystemException exception, String queryId)
   at Microsoft.VisualStudio.TestTools.UITesting.UITestControl..ctor(String queryId)
   at Microsoft.VisualStudio.TestTools.UITesting.SearchHelper.SearchTopLevelWindow(ISearchArgument topLevelSearchArg, String topLevelElementQueryId)
   at Microsoft.VisualStudio.TestTools.UITesting.SearchHelper.GetTitleUpdatedTopLevelWindow(ISearchArgument topLevelSearchArg, String queryId, IList`1 windowTitles)
   at Microsoft.VisualStudio.TestTools.UITesting.SearchHelper.GetTopLevelElement(Boolean useCache, Boolean useCacheOnly, ISearchArgument searchArg, IList`1 windowTitles, Int32&amp; timeLeft)
   at Microsoft.VisualStudio.TestTools.UITesting.SearchHelper.GetElement(Boolean useCache, ISearchArgument searchArg)
   at Microsoft.VisualStudio.TestTools.UITesting.SearchHelper.Search(ISearchArgument searchArg)
   at Microsoft.VisualStudio.TestTools.UITesting.UITestControl.FindInternal()
   at Microsoft.VisualStudio.TestTools.UITesting.UITestControl.FindControlIfNecessary()
   at Microsoft.VisualStudio.TestTools.UITesting.UITestControl.Click(MouseButtons button, ModifierKeys modifierKeys, Point relativeCoordinates)
   at Microsoft.VisualStudio.TestTools.UITesting.Mouse.ClickImplementation(UITestControl control, MouseButtons button, ModifierKeys modifierKeys, Point relativeCoordinate)
   at Microsoft.VisualStudio.TestTools.UITesting.Mouse.ClickImplementationWrapper(UITestControl control, MouseButtons button, ModifierKeys modifierKeys, Point relativeCoordinate)
W, 3608, 26, 2012/11/02, 16:35:36.610, 1611310395321, QTAgent32.exe, PlaybackErrorHandler: Ignoring exception as ContinueOnError is set.
W, 3608, 26, 2012/11/02, 16:35:36.938, 1611315088838, QTAgent32.exe, &lt;a class=success&gt;Playback - {79} [SUCCESS] Check - "[MSAA, VisibleOnly]ControlType='CheckBox' &amp;&amp; Name='Defer Printing?'"
\0&lt;/a&gt;
W, 3608, 26, 2012/11/02, 16:35:37.656, 1611325547252, QTAgent32.exe, &lt;a class=success&gt;Playback - {80} [SUCCESS] MouseButtonClick - "[MSAA, VisibleOnly]ControlType='Button' &amp;&amp; Name='Ok'"
\0&lt;/a&gt;
W, 3608, 26, 2012/11/02, 16:35:38.623, 1611339291797, QTAgent32.exe, PERF WARNING: FindTopLevelWindowHelper::FindAllDescendents: took 863 ms. Expected it to take maximum 500 ms.
W, 3608, 26, 2012/11/02, 16:35:38.966, 1611344126136, QTAgent32.exe, &lt;a class=success&gt;Playback - {81} [SUCCESS] Uncheck - "[MSAA, VisibleOnly]ControlType='CheckBox' &amp;&amp; Name='Add Activity'"
\0&lt;/a&gt;
W, 3608, 26, 2012/11/02, 16:35:39.840, 1611356704277, QTAgent32.exe, &lt;a class=success&gt;Playback - {82} [SUCCESS] MouseButtonClick - "[MSAA, VisibleOnly]ControlType='Button' &amp;&amp; Name='Ok'"
\0&lt;/a&gt;
W, 3608, 26, 2012/11/02, 16:35:40.277, 1611363005634, QTAgent32.exe, &lt;a class=success&gt;Playback - {83} [SUCCESS] MouseButtonClick - "[MSAA, VisibleOnly]ControlType='Button' &amp;&amp; Name='Ok'"
\0&lt;/a&gt;
W, 3608, 26, 2012/11/02, 16:35:48.061, 1611474337644, QTAgent32.exe, PERF WARNING: FindTopLevelWindowHelper::FindAllDescendents: took 7550 ms. Expected it to take maximum 500 ms.
W, 3608, 26, 2012/11/02, 16:35:50.354, 1611507173620, QTAgent32.exe, &lt;a class=success&gt;Playback - {84} [SUCCESS] MouseButtonClick - "[MSAA, VisibleOnly]ControlType='Button' &amp;&amp; Name='OK'"
\0&lt;/a&gt;
W, 3608, 26, 2012/11/02, 16:35:51.680, 1611526283398, QTAgent32.exe, Playback - [WARNING] Internal warning: Window Not Found: [VisibleOnly]ControlType='Window' &amp;&amp; Name='Tamxml7' &amp;&amp; ClassName='TMessageForm'
\0
E, 3608, 26, 2012/11/02, 16:35:51.680, 1611526286203, QTAgent32.exe, &lt;a class=failure&gt;Playback - {85} [FAILED] Function ElementFetcher::FindScreenElement failed to locate UI element (Searching: ;[VisibleOnly]ControlType='Window' &amp;&amp; Name='Tamxml7' &amp;&amp; ClassName='TMessageForm') (The object specified was not found.)
\0&lt;/a&gt;
E, 3608, 26, 2012/11/02, 16:35:51.774, 1611527520103, QTAgent32.exe, Playback - [IMAGE] C:\Users\peter.zenin-ad\AppData\Local\Temp\UITestLogs\LastRun\RPFB152.png
\0
W, 3608, 26, 2012/11/02, 16:35:51.774, 1611527522214, QTAgent32.exe, Playback - [WARNING] Internal warning: Couldn't find descendants that match QueryId
\0
W, 3608, 26, 2012/11/02, 16:35:51.774, 1611527525158, QTAgent32.exe, PERF WARNING: FindTopLevelWindowHelper::FindAllDescendents: took 1312 ms. Expected it to take maximum 500 ms.
W, 3608, 26, 2012/11/02, 16:36:09.777, 1611785390826, QTAgent32.exe, Playback - [WARNING] Internal warning: Window Not Found: [VisibleOnly]ControlType='Window' &amp;&amp; Name='Tamxml7' &amp;&amp; ClassName='TMessageForm'
\0
E, 3608, 26, 2012/11/02, 16:36:09.777, 1611785393739, QTAgent32.exe, &lt;a class=failure&gt;Playback - {86} [FAILED] Function ElementFetcher::FindScreenElement failed to locate UI element (Searching: ;[VisibleOnly]ControlType='Window' &amp;&amp; Name='Tamxml7' &amp;&amp; ClassName='TMessageForm') (The object specified was not found.)
\0&lt;/a&gt;
E, 3608, 26, 2012/11/02, 16:36:09.870, 1611786637843, QTAgent32.exe, Playback - [IMAGE] C:\Users\peter.zenin-ad\AppData\Local\Temp\UITestLogs\LastRun\RPFF803.png
\0
W, 3608, 26, 2012/11/02, 16:36:09.870, 1611786639990, QTAgent32.exe, Playback - [WARNING] Internal warning: Couldn't find descendants that match QueryId
\0
W, 3608, 26, 2012/11/02, 16:36:09.870, 1611786642914, QTAgent32.exe, PERF WARNING: FindTopLevelWindowHelper::FindAllDescendents: took 18096 ms. Expected it to take maximum 500 ms.
W, 3608, 26, 2012/11/02, 16:36:10.323, 1611793147205, QTAgent32.exe, Playback - [WARNING] Internal warning: Smart Match failed
\0
W, 3608, 26, 2012/11/02, 16:36:10.479, 1611795379636, QTAgent32.exe, Playback - [WARNING] Internal warning: Smart Match failed
\0
W, 3608, 26, 2012/11/02, 16:36:10.635, 1611797614998, QTAgent32.exe, Playback - [WARNING] Internal warning: Smart Match failed
\0
W, 3608, 26, 2012/11/02, 16:36:10.791, 1611799848786, QTAgent32.exe, Playback - [WARNING] Internal warning: Smart Match failed
\0
W, 3608, 26, 2012/11/02, 16:36:10.962, 1611802308118, QTAgent32.exe, Playback - [WARNING] Internal warning: Smart Match failed
\0
W, 3608, 26, 2012/11/02, 16:36:11.134, 1611804763797, QTAgent32.exe, Playback - [WARNING] Internal warning: Smart Match failed
\0
W, 3608, 26, 2012/11/02, 16:36:11.306, 1611807223812, QTAgent32.exe, Playback - [WARNING] Internal warning: Smart Match failed
\0
W, 3608, 26, 2012/11/02, 16:36:11.477, 1611809680037, QTAgent32.exe, Playback - [WARNING] Internal warning: Smart Match failed
\0
W, 3608, 26, 2012/11/02, 16:36:11.649, 1611812134942, QTAgent32.exe, Playback - [WARNING] Internal warning: Smart Match failed
\0
W, 3608, 26, 2012/11/02, 16:36:11.821, 1611814589891, QTAgent32.exe, Playback - [WARNING] Internal warning: Smart Match failed
\0
W, 3608, 26, 2012/11/02, 16:36:11.977, 1611816826066, QTAgent32.exe, Playback - [WARNING] Internal warning: Smart Match failed
\0
W, 3608, 26, 2012/11/02, 16:36:12.133, 1611819111117, QTAgent32.exe, Playback - [WARNING] Internal warning: Smart Match failed
\0
W, 3608, 26, 2012/11/02, 16:36:12.304, 1611821515423, QTAgent32.exe, Playback - [WARNING] Internal warning: Smart Match failed
\0
W, 3608, 26, 2012/11/02, 16:36:12.476, 1611823971635, QTAgent32.exe, Playback - [WARNING] Internal warning: Smart Match failed
\0
W, 3608, 26, 2012/11/02, 16:36:12.632, 1611826204872, QTAgent32.exe, Playback - [WARNING] Internal warning: Smart Match failed
\0
W, 3608, 26, 2012/11/02, 16:36:12.788, 1611828439028, QTAgent32.exe, Playback - [WARNING] Internal warning: Smart Match failed
\0
W, 3608, 26, 2012/11/02, 16:36:12.944, 1611830678307, QTAgent32.exe, Playback - [WARNING] Internal warning: Smart Match failed
\0
W, 3608, 26, 2012/11/02, 16:36:13.006, 1611831513397, QTAgent32.exe, Playback - [WARNING] Internal warning: Window Not Found: [VisibleOnly]ControlType='Window' &amp;&amp; Name='Tamxml7' &amp;&amp; ClassName='TMessageForm'
\0
E, 3608, 26, 2012/11/02, 16:36:13.006, 1611831515710, QTAgent32.exe, &lt;a class=failure&gt;Playback - {87} [FAILED] Function ElementFetcher::FindScreenElement failed to locate UI element (Searching: ;[VisibleOnly]ControlType='Window' &amp;&amp; Name='Tamxml7' &amp;&amp; ClassName='TMessageForm') (The object specified was not found.)
\0&lt;/a&gt;
E, 3608, 26, 2012/11/02, 16:36:13.084, 1611832757096, QTAgent32.exe, Playback - [IMAGE] C:\Users\peter.zenin-ad\AppData\Local\Temp\UITestLogs\LastRun\RPF4A1.png
\0
W, 3608, 26, 2012/11/02, 16:36:13.084, 1611832759341, QTAgent32.exe, Playback - [WARNING] Internal warning: Couldn't find descendants that match QueryId
\0
W, 3608, 26, 2012/11/02, 16:36:13.084, 1611832762303, QTAgent32.exe, PERF WARNING: FindTopLevelWindowHelper::FindAllDescendents: took 3220 ms. Expected it to take maximum 500 ms.
E, 3608, 26, 2012/11/02, 16:36:13.084, 1611832764084, QTAgent32.exe, Exception: System.Runtime.InteropServices.COMException
	Message: Error HRESULT E_FAIL has been returned from a call to a COM component.
	Stack Trace:    at Microsoft.VisualStudio.TestTools.UITest.Playback.Engine.IRPFPlayback.FindAllScreenElements(IScreenElement pScreenElementStart, String bstrQueryId, Object&amp; pvarResKeys, Int32 cResKeys, Int32 nMaxDepth, Object[]&amp; foundDescendants)
   at Microsoft.VisualStudio.TestTools.UITest.Playback.ScreenElement.FindTopLevelWindowHelper(String queryId)
	BaseExceptionMessage: Error HRESULT E_FAIL has been returned from a call to a COM component.

E, 3608, 26, 2012/11/02, 16:36:13.084, 1611832767985, QTAgent32.exe, GetClassName for handle 6030134 failed
E, 3608, 26, 2012/11/02, 16:36:13.084, 1611832777394, QTAgent32.exe, Window 6030134 not responding. Last Win32 error 1400
E, 3608, 26, 2012/11/02, 16:36:13.084, 1611832778597, QTAgent32.exe, GetClassName for handle 6030134 failed
E, 3608, 26, 2012/11/02, 16:36:13.084, 1611832779390, QTAgent32.exe, GetClassName for handle 6030134 failed
E, 3608, 26, 2012/11/02, 16:36:13.084, 1611832783410, QTAgent32.exe, GetClassName for handle 7538224 failed
E, 3608, 26, 2012/11/02, 16:36:13.084, 1611832799941, QTAgent32.exe, Window 7538224 not responding. Last Win32 error 1400
E, 3608, 26, 2012/11/02, 16:36:13.084, 1611832802103, QTAgent32.exe, GetClassName for handle 7538224 failed
E, 3608, 26, 2012/11/02, 16:36:13.084, 1611832803317, QTAgent32.exe, GetClassName for handle 7538224 failed
E, 3608, 26, 2012/11/02, 16:36:13.193, 1611834186814, QTAgent32.exe, AL: Playback Error: Microsoft.VisualStudio.TestTools.UITest.Extension.UITestControlNotAvailableException: The control is not available or not valid. Additional Details: 
TechnologyName:  'MSAA'
ControlType:  'Button'
 ---&gt; Microsoft.VisualStudio.TestTools.UITest.Extension.UITestControlNotAvailableException: The control is not available or not valid. Additional Details: 
TechnologyName:  'MSAA'
ControlType:  'Window'
 ---&gt; System.Runtime.InteropServices.COMException: Error HRESULT E_FAIL has been returned from a call to a COM component.
   at Microsoft.VisualStudio.TestTools.UITest.Playback.Engine.IRPFPlayback.FindAllScreenElements(IScreenElement pScreenElementStart, String bstrQueryId, Object&amp; pvarResKeys, Int32 cResKeys, Int32 nMaxDepth, Object[]&amp; foundDescendants)
   at Microsoft.VisualStudio.TestTools.UITest.Playback.ScreenElement.FindTopLevelWindowHelper(String queryId)
   at Microsoft.VisualStudio.TestTools.UITest.Playback.ScreenElement.FindFromPartialQueryId(String queryId)
   at Microsoft.VisualStudio.TestTools.UITesting.UITestControl.EnsureValid(Boolean waitForReady, Boolean refetch)
   --- End of inner exception stack trace ---
   at Microsoft.VisualStudio.TestTools.UITesting.UITestControl.EnsureValid(Boolean waitForReady, Boolean refetch)
   at Microsoft.VisualStudio.TestTools.UITesting.UITestControl.FindFirstDescendant(String queryId, Int32 maxDepth, Int32&amp; timeLeft)
   at Microsoft.VisualStudio.TestTools.UITesting.UITestControl.FindFirstDescendant(String queryId)
   at Microsoft.VisualStudio.TestTools.UITesting.UITestControl.EnsureValid(Boolean waitForReady, Boolean refetch)
   --- End of inner exception stack trace ---
   at Microsoft.VisualStudio.TestTools.UITesting.UITestControl.EnsureValid(Boolean waitForReady, Boolean refetch)
   at Microsoft.VisualStudio.TestTools.UITesting.UITestControl.Click(MouseButtons button, ModifierKeys modifierKeys, Point relativeCoordinates)
   at Microsoft.VisualStudio.TestTools.UITesting.Mouse.ClickImplementation(UITestControl control, MouseButtons button, ModifierKeys modifierKeys, Point relativeCoordinate)
   at Microsoft.VisualStudio.TestTools.UITesting.Mouse.ClickImplementationWrapper(UITestControl control, MouseButtons button, ModifierKeys modifierKeys, Point relativeCoordinate)
W, 3608, 26, 2012/11/02, 16:36:13.193, 1611834188727, QTAgent32.exe, PlaybackErrorHandler: Ignoring exception as ContinueOnError is set.
W, 3608, 26, 2012/11/02, 16:36:13.537, 1611839158735, QTAgent32.exe, &lt;a class=success&gt;Playback - {88} [SUCCESS] MouseButtonClick - "[MSAA, VisibleOnly]ControlType='Button' &amp;&amp; Name='Cancel'"
\0&lt;/a&gt;
W, 3608, 26, 2012/11/02, 16:36:14.067, 1611846717383, QTAgent32.exe, &lt;a class=success&gt;Playback - {89} [SUCCESS] MouseButtonClick - "[MSAA, VisibleOnly]ControlType='Button'"
\0&lt;/a&gt;
W, 3608, 26, 2012/11/02, 16:36:14.504, 1611853009289, QTAgent32.exe, &lt;a class=success&gt;Playback - {90} [SUCCESS] MouseButtonClick - "[MSAA, VisibleOnly]ControlType='Button' &amp;&amp; Name='Options'"
\0&lt;/a&gt;
W, 3608, 26, 2012/11/02, 16:36:14.613, 1611854512737, QTAgent32.exe, FindScreenElementInSinglePass : Attempting to find control in one pass of search. Failures can occur.
W, 3608, 26, 2012/11/02, 16:36:14.613, 1611854616893, QTAgent32.exe, Playback - [WARNING] Internal failure: Method GetBoundingRectangle failed (HRESULT = 0x1, "Incorrect function.") for Name = "Quote Select List" ," ControlType = "MenuItem"
\0
W, 3608, 26, 2012/11/02, 16:36:14.613, 1611854618140, QTAgent32.exe, Playback - [WARNING] Internal failure: Couldn't get clickable point for ScreenUIElement - GetClickablePoint failed
\0
W, 3608, 26, 2012/11/02, 16:36:14.613, 1611854620758, QTAgent32.exe, FindScreenElementInSinglePass : Attempting to find control in one pass of search. Failures can occur.
W, 3608, 26, 2012/11/02, 16:36:14.613, 1611854648581, QTAgent32.exe, FindScreenElementInSinglePass : Attempting to find control in one pass of search. Failures can occur.
W, 3608, 26, 2012/11/02, 16:36:14.941, 1611859198133, QTAgent32.exe, &lt;a class=success&gt;Playback - {91} [SUCCESS] LeftButtonClick - "[MSAA, VisibleOnly]ControlType='MenuBar' &amp;&amp; Name='Application'"  &lt; Mouse cursor location (960, 31) &gt;
\0&lt;/a&gt;
W, 3608, 26, 2012/11/02, 16:36:15.050, 1611860762337, QTAgent32.exe, &lt;a class=success&gt;Playback - {92} [SUCCESS] LeftButtonClick - "[MSAA]ControlType='MenuItem' &amp;&amp; Name='Options'"  &lt; Mouse cursor location (94, 31) &gt;
\0&lt;/a&gt;
W, 3608, 26, 2012/11/02, 16:36:15.221, 1611863215891, QTAgent32.exe, &lt;a class=success&gt;Playback - {93} [SUCCESS] LeftButtonClick - "[MSAA]ControlType='MenuItem' &amp;&amp; Name='Links'"  &lt; Mouse cursor location (174, 319) &gt;
\0&lt;/a&gt;
W, 3608, 26, 2012/11/02, 16:36:15.393, 1611865678428, QTAgent32.exe, &lt;a class=success&gt;Playback - {94} [SUCCESS] LeftButtonClick - "[MSAA]ControlType='MenuItem' &amp;&amp; Name='3rd Party Integration'"  &lt; Mouse cursor location (375, 319) &gt;
\0&lt;/a&gt;
W, 3608, 26, 2012/11/02, 16:36:15.565, 1611868158517, QTAgent32.exe, &lt;a class=success&gt;Playback - {95} [SUCCESS] MouseButtonClick - "[MSAA]ControlType='MenuItem' &amp;&amp; Name='Quote Select List'"
\0&lt;/a&gt;
W, 3608, 26, 2012/11/02, 16:36:17.359, 1611893830639, QTAgent32.exe, PERF WARNING: FindTopLevelWindowHelper::FindAllDescendents: took 1662 ms. Expected it to take maximum 500 ms.
W, 3608, 26, 2012/11/02, 16:36:17.998, 1611903029096, QTAgent32.exe, &lt;a class=success&gt;Playback - {96} [SUCCESS] MouseButtonClick - "[MSAA, VisibleOnly]ControlType='Button' &amp;&amp; Name='Ok'"
\0&lt;/a&gt;
W, 3608, 26, 2012/11/02, 16:36:21.961, 1611959723468, QTAgent32.exe, PERF WARNING: FindTopLevelWindowHelper::FindAllDescendents: took 3845 ms. Expected it to take maximum 500 ms.
W, 3608, 26, 2012/11/02, 16:36:22.398, 1611966172597, QTAgent32.exe, &lt;a class=success&gt;Playback - {97} [SUCCESS] MouseButtonClick - "[MSAA, VisibleOnly]ControlType='Button' &amp;&amp; Name='MTA'"
\0&lt;/a&gt;
W, 3608, 26, 2012/11/02, 16:36:23.037, 1611975216949, QTAgent32.exe, Playback - [WARNING] Internal warning: Incorrect flag set for InvokeProgrammaticAction\0
W, 3608, 26, 2012/11/02, 16:36:23.365, 1611979824477, QTAgent32.exe, &lt;a class=success&gt;Playback - {98} [SUCCESS] SetValueAsComboBox "General Adjustment" - "[MSAA, VisibleOnly]ControlType='ComboBox'"  &lt; SetValueAsComboBox, set by clicking on the item in the list box &gt;
\0&lt;/a&gt;
W, 3608, 26, 2012/11/02, 16:36:23.786, 1611986057047, QTAgent32.exe, &lt;a class=success&gt;Playback - {99} [SUCCESS] MouseButtonClick - "[MSAA, VisibleOnly]ControlType='Button' &amp;&amp; Name='OK'"
\0&lt;/a&gt;
W, 3608, 26, 2012/11/02, 16:36:23.942, 1611988094292, QTAgent32.exe, Playback - [WARNING] Internal warning: Thread state based WFR - Requested element has invalid HWND
\0
W, 3608, 26, 2012/11/02, 16:36:23.942, 1611988096005, QTAgent32.exe, Playback - [WARNING] Internal warning: process performance counters based WFR - Requested element has invalid HWND
\0
E, 3608, 26, 2012/11/02, 16:36:23.942, 1611988099181, QTAgent32.exe, EnsureValid called via EnsureValid call for same element
E, 3608, 26, 2012/11/02, 16:36:23.942, 1611988101180, QTAgent32.exe, EnsureValid called via EnsureValid call for same element
E, 3608, 26, 2012/11/02, 16:36:23.942, 1611988102475, QTAgent32.exe, EnsureValid called via EnsureValid call for same element
E, 3608, 26, 2012/11/02, 16:36:23.942, 1611988105506, QTAgent32.exe, GetClassName for handle 12649840 failed
E, 3608, 26, 2012/11/02, 16:36:23.942, 1611988110229, QTAgent32.exe, GetClassName for handle 12649840 failed
E, 3608, 26, 2012/11/02, 16:36:23.942, 1611988117320, QTAgent32.exe, Exception: System.Runtime.InteropServices.COMException
	Message: Error HRESULT E_FAIL has been returned from a call to a COM component.
	Stack Trace:    at Accessibility.IAccessible.get_accState(Object varChild)
   at Microsoft.VisualStudio.TestTools.UITest.Extension.Msaa.AccWrapper.get_State()
	BaseExceptionMessage: Error HRESULT E_FAIL has been returned from a call to a COM component.

E, 3608, 26, 2012/11/02, 16:36:23.942, 1611988121638, QTAgent32.exe, Exception: System.Runtime.InteropServices.COMException
	Message: Error HRESULT E_FAIL has been returned from a call to a COM component.
	Stack Trace:    at Accessibility.IAccessible.get_accState(Object varChild)
   at Microsoft.VisualStudio.TestTools.UITest.Extension.Msaa.AccWrapper.get_State()
	BaseExceptionMessage: Error HRESULT E_FAIL has been returned from a call to a COM component.

E, 3608, 26, 2012/11/02, 16:36:23.942, 1611988125914, QTAgent32.exe, Exception: System.Runtime.InteropServices.COMException
	Message: Error HRESULT E_FAIL has been returned from a call to a COM component.
	Stack Trace:    at Accessibility.IAccessible.get_accState(Object varChild)
   at Microsoft.VisualStudio.TestTools.UITest.Extension.Msaa.AccWrapper.get_State()
	BaseExceptionMessage: Error HRESULT E_FAIL has been returned from a call to a COM component.

E, 3608, 26, 2012/11/02, 16:36:23.942, 1611988130136, QTAgent32.exe, Exception: System.Runtime.InteropServices.COMException
	Message: Error HRESULT E_FAIL has been returned from a call to a COM component.
	Stack Trace:    at Accessibility.IAccessible.get_accState(Object varChild)
   at Microsoft.VisualStudio.TestTools.UITest.Extension.Msaa.AccWrapper.get_State()
	BaseExceptionMessage: Error HRESULT E_FAIL has been returned from a call to a COM component.

E, 3608, 26, 2012/11/02, 16:36:23.942, 1611988134359, QTAgent32.exe, Exception: System.Runtime.InteropServices.COMException
	Message: Error HRESULT E_FAIL has been returned from a call to a COM component.
	Stack Trace:    at Accessibility.IAccessible.get_accState(Object varChild)
   at Microsoft.VisualStudio.TestTools.UITest.Extension.Msaa.AccWrapper.get_State()
	BaseExceptionMessage: Error HRESULT E_FAIL has been returned from a call to a COM component.

E, 3608, 26, 2012/11/02, 16:36:23.942, 1611988138566, QTAgent32.exe, Exception: System.Runtime.InteropServices.COMException
	Message: Error HRESULT E_FAIL has been returned from a call to a COM component.
	Stack Trace:    at Accessibility.IAccessible.get_accState(Object varChild)
   at Microsoft.VisualStudio.TestTools.UITest.Extension.Msaa.AccWrapper.get_State()
	BaseExceptionMessage: Error HRESULT E_FAIL has been returned from a call to a COM component.

E, 3608, 26, 2012/11/02, 16:36:23.942, 1611988142787, QTAgent32.exe, Exception: System.Runtime.InteropServices.COMException
	Message: Error HRESULT E_FAIL has been returned from a call to a COM component.
	Stack Trace:    at Accessibility.IAccessible.get_accState(Object varChild)
   at Microsoft.VisualStudio.TestTools.UITest.Extension.Msaa.AccWrapper.get_State()
	BaseExceptionMessage: Error HRESULT E_FAIL has been returned from a call to a COM component.

W, 3608, 26, 2012/11/02, 16:36:24.145, 1611990991960, QTAgent32.exe, PERF WARNING: MSAA.UpdateQueryIDForNamelessControls: took 201 ms. Expected it to take maximum 200 ms.
W, 3608, 26, 2012/11/02, 16:36:24.145, 1611990996123, QTAgent32.exe, Msaa.Navigate: Exception [Error HRESULT E_FAIL has been returned from a call to a COM component.] while calling accNavigate.
E, 3608, 26, 2012/11/02, 16:36:24.145, 1611990997123, QTAgent32.exe, GetClassName for handle 16712680 failed
E, 3608, 26, 2012/11/02, 16:36:24.145, 1611990997950, QTAgent32.exe, Window 16712680 not responding. Last Win32 error 1400
E, 3608, 26, 2012/11/02, 16:36:24.145, 1611991000352, QTAgent32.exe, GetClassName for handle 12649840 failed
W, 3608, 26, 2012/11/02, 16:36:24.301, 1611993213460, QTAgent32.exe, &lt;a class=success&gt;Playback - {100} [SUCCESS] SendKeys "^{HOME}" - "[MSAA, VisibleOnly]ControlType='Edit'"
\0&lt;/a&gt;
E, 3608, 26, 2012/11/02, 16:36:24.301, 1611993216110, QTAgent32.exe, Msaa.GetFocusedElement: could not find accessible object of foreground window
W, 3608, 26, 2012/11/02, 16:36:24.379, 1611994334020, QTAgent32.exe, &lt;a class=success&gt;Playback - {101} [SUCCESS] SendKeys "^+{END}" - "[MSAA, VisibleOnly]ControlType='Edit'"
\0&lt;/a&gt;
E, 3608, 26, 2012/11/02, 16:36:24.379, 1611994336930, QTAgent32.exe, Msaa.GetFocusedElement: could not find accessible object of foreground window
W, 3608, 26, 2012/11/02, 16:36:24.410, 1611994777634, QTAgent32.exe, &lt;a class=success&gt;Playback - {102} [SUCCESS] SendKeys "{DELETE}" - "[MSAA, VisibleOnly]ControlType='Edit'"
\0&lt;/a&gt;
W, 3608, 26, 2012/11/02, 16:36:24.707, 1611999027334, QTAgent32.exe, &lt;a class=success&gt;Playback - {103} [SUCCESS] SetValueAsEditBox "NewTest" - "[MSAA, VisibleOnly]ControlType='Edit'"  &lt; Set via SendKeys &gt;
\0&lt;/a&gt;
W, 3608, 26, 2012/11/02, 16:36:25.206, 1612006268092, QTAgent32.exe, &lt;a class=success&gt;Playback - {104} [SUCCESS] MouseButtonClick - "[MSAA, VisibleOnly]ControlType='Button' &amp;&amp; Name='Next &gt;'"
\0&lt;/a&gt;
W, 3608, 26, 2012/11/02, 16:36:25.455, 1612009860637, QTAgent32.exe, &lt;a class=success&gt;Playback - {105} [SUCCESS] MouseButtonClick - "[MSAA, VisibleOnly]ControlType='Button' &amp;&amp; Name='Next &gt;'"
\0&lt;/a&gt;
W, 3608, 26, 2012/11/02, 16:36:25.674, 1612013033114, QTAgent32.exe, &lt;a class=success&gt;Playback - {106} [SUCCESS] MouseButtonClick - "[MSAA, VisibleOnly]ControlType='Button' &amp;&amp; Name='Next &gt;'"
\0&lt;/a&gt;
W, 3608, 26, 2012/11/02, 16:36:25.908, 1612016272229, QTAgent32.exe, &lt;a class=success&gt;Playback - {107} [SUCCESS] MouseButtonClick - "[MSAA, VisibleOnly]ControlType='Button' &amp;&amp; Name='Next &gt;'"
\0&lt;/a&gt;
W, 3608, 26, 2012/11/02, 16:36:26.142, 1612019597303, QTAgent32.exe, &lt;a class=success&gt;Playback - {108} [SUCCESS] MouseButtonClick - "[MSAA, VisibleOnly]ControlType='Button' &amp;&amp; Name='Next &gt;'"
\0&lt;/a&gt;
W, 3608, 26, 2012/11/02, 16:36:26.376, 1612023118976, QTAgent32.exe, &lt;a class=success&gt;Playback - {109} [SUCCESS] MouseButtonClick - "[MSAA, VisibleOnly]ControlType='Button' &amp;&amp; Name='Next &gt;'"
\0&lt;/a&gt;
W, 3608, 26, 2012/11/02, 16:36:26.626, 1612026576486, QTAgent32.exe, &lt;a class=success&gt;Playback - {110} [SUCCESS] MouseButtonClick - "[MSAA, VisibleOnly]ControlType='Button' &amp;&amp; Name='Next &gt;'"
\0&lt;/a&gt;
W, 3608, 26, 2012/11/02, 16:36:26.969, 1612031573903, QTAgent32.exe, &lt;a class=success&gt;Playback - {111} [SUCCESS] MouseButtonClick - "[MSAA, VisibleOnly]ControlType='Button' &amp;&amp; Name='Quote'"
\0&lt;/a&gt;
W, 3608, 26, 2012/11/02, 16:36:27.593, 1612040384429, QTAgent32.exe, &lt;a class=success&gt;Playback - {112} [SUCCESS] MouseButtonClick - "[MSAA, VisibleOnly]ControlType='Button' &amp;&amp; Name='OK'"
\0&lt;/a&gt;
W, 3608, 26, 2012/11/02, 16:36:30.838, 1612086834926, QTAgent32.exe, PERF WARNING: FindTopLevelWindowHelper::FindAllDescendents: took 3137 ms. Expected it to take maximum 500 ms.
W, 3608, 26, 2012/11/02, 16:36:30.947, 1612088369287, QTAgent32.exe, &lt;a class=success&gt;Playback - {113} [SUCCESS] MouseButtonClick - "[MSAA, VisibleOnly]ControlType='Client'"
\0&lt;/a&gt;
W, 3608, 26, 2012/11/02, 16:36:31.181, 1612091719686, QTAgent32.exe, &lt;a class=success&gt;Playback - {114} [SUCCESS] SendKeys "{Home}" - "[MSAA, VisibleOnly]ControlType='Client'"
\0&lt;/a&gt;
W, 3608, 26, 2012/11/02, 16:36:31.633, 1612098318675, QTAgent32.exe, &lt;a class=success&gt;Playback - {115} [SUCCESS] MouseButtonClick - "[MSAA, VisibleOnly]ControlType='Button' &amp;&amp; Name='Accept'"
\0&lt;/a&gt;
W, 3608, 26, 2012/11/02, 16:36:32.133, 1612105420262, QTAgent32.exe, &lt;a class=success&gt;Playback - {116} [SUCCESS] MouseButtonClick - "[MSAA, VisibleOnly]ControlType='Button' &amp;&amp; Name='OK'"
\0&lt;/a&gt;
W, 3608, 26, 2012/11/02, 16:36:32.601, 1612112103039, QTAgent32.exe, &lt;a class=success&gt;Playback - {117} [SUCCESS] MouseButtonClick - "[MSAA, VisibleOnly]ControlType='Button' &amp;&amp; Name='Ok'"
\0&lt;/a&gt;
W, 3608, 26, 2012/11/02, 16:36:46.236, 1612307277736, QTAgent32.exe, PERF WARNING: FindTopLevelWindowHelper::FindAllDescendents: took 13525 ms. Expected it to take maximum 500 ms.
W, 3608, 26, 2012/11/02, 16:36:46.641, 1612313277136, QTAgent32.exe, &lt;a class=success&gt;Playback - {118} [SUCCESS] MouseButtonClick - "[MSAA, VisibleOnly]ControlType='Button' &amp;&amp; Name='OK'"
\0&lt;/a&gt;
W, 3608, 26, 2012/11/02, 16:36:46.750, 1612314635572, QTAgent32.exe, Playback - [WARNING] Internal warning: Thread state based WFR - Requested element has invalid HWND
\0
W, 3608, 26, 2012/11/02, 16:36:46.750, 1612314637286, QTAgent32.exe, Playback - [WARNING] Internal warning: process performance counters based WFR - Requested element has invalid HWND
\0
E, 3608, 26, 2012/11/02, 16:36:46.750, 1612314640346, QTAgent32.exe, EnsureValid called via EnsureValid call for same element
E, 3608, 26, 2012/11/02, 16:36:46.750, 1612314642326, QTAgent32.exe, EnsureValid called via EnsureValid call for same element
E, 3608, 26, 2012/11/02, 16:36:46.750, 1612314643576, QTAgent32.exe, EnsureValid called via EnsureValid call for same element
E, 3608, 26, 2012/11/02, 16:36:46.766, 1612314861144, QTAgent32.exe, GetClassName for handle 10683812 failed
E, 3608, 26, 2012/11/02, 16:36:46.766, 1612314877980, QTAgent32.exe, Window 10683812 not responding. Last Win32 error 1400
E, 3608, 26, 2012/11/02, 16:36:46.766, 1612314880157, QTAgent32.exe, GetClassName for handle 10683812 failed
E, 3608, 26, 2012/11/02, 16:36:46.766, 1612314880986, QTAgent32.exe, GetClassName for handle 10683812 failed
W, 3608, 26, 2012/11/02, 16:36:47.094, 1612319556251, QTAgent32.exe, &lt;a class=success&gt;Playback - {119} [SUCCESS] Check - "[MSAA, VisibleOnly]ControlType='CheckBox' &amp;&amp; Name='Defer Printing?'"
\0&lt;/a&gt;
W, 3608, 26, 2012/11/02, 16:36:47.796, 1612329606963, QTAgent32.exe, &lt;a class=success&gt;Playback - {120} [SUCCESS] MouseButtonClick - "[MSAA, VisibleOnly]ControlType='Button' &amp;&amp; Name='Ok'"
\0&lt;/a&gt;
W, 3608, 26, 2012/11/02, 16:36:47.905, 1612331214529, QTAgent32.exe, Playback - [WARNING] Internal warning: Thread state based WFR - Requested element has invalid HWND
\0
W, 3608, 26, 2012/11/02, 16:36:47.905, 1612331216303, QTAgent32.exe, Playback - [WARNING] Internal warning: process performance counters based WFR - Requested element has invalid HWND
\0
E, 3608, 26, 2012/11/02, 16:36:47.905, 1612331219454, QTAgent32.exe, EnsureValid called via EnsureValid call for same element
E, 3608, 26, 2012/11/02, 16:36:47.905, 1612331221414, QTAgent32.exe, EnsureValid called via EnsureValid call for same element
E, 3608, 26, 2012/11/02, 16:36:47.905, 1612331223950, QTAgent32.exe, EnsureValid called via EnsureValid call for same element
E, 3608, 26, 2012/11/02, 16:36:47.905, 1612331227946, QTAgent32.exe, GetClassName for handle 15074082 failed
E, 3608, 26, 2012/11/02, 16:36:47.905, 1612331244785, QTAgent32.exe, Window 15074082 not responding. Last Win32 error 1400
E, 3608, 26, 2012/11/02, 16:36:47.905, 1612331247083, QTAgent32.exe, GetClassName for handle 15074082 failed
E, 3608, 26, 2012/11/02, 16:36:47.905, 1612331247897, QTAgent32.exe, GetClassName for handle 15074082 failed
W, 3608, 26, 2012/11/02, 16:36:48.747, 1612343325470, QTAgent32.exe, PERF WARNING: FindTopLevelWindowHelper::FindAllDescendents: took 843 ms. Expected it to take maximum 500 ms.
W, 3608, 26, 2012/11/02, 16:36:49.091, 1612348146927, QTAgent32.exe, &lt;a class=success&gt;Playback - {121} [SUCCESS] Uncheck - "[MSAA, VisibleOnly]ControlType='CheckBox' &amp;&amp; Name='Add Activity'"
\0&lt;/a&gt;
W, 3608, 26, 2012/11/02, 16:36:49.652, 1612356276274, QTAgent32.exe, &lt;a class=success&gt;Playback - {122} [SUCCESS] MouseButtonClick - "[MSAA, VisibleOnly]ControlType='Button' &amp;&amp; Name='Ok'"
\0&lt;/a&gt;
W, 3608, 26, 2012/11/02, 16:36:53.708, 1612414269619, QTAgent32.exe, PERF WARNING: FindTopLevelWindowHelper::FindAllDescendents: took 3822 ms. Expected it to take maximum 500 ms.
W, 3608, 26, 2012/11/02, 16:36:54.426, 1612424605091, QTAgent32.exe, &lt;a class=success&gt;Playback - {123} [SUCCESS] MouseButtonClick - "[MSAA, VisibleOnly]ControlType='Button' &amp;&amp; Name='OK'"
\0&lt;/a&gt;
W, 3608, 26, 2012/11/02, 16:36:57.312, 1612465862113, QTAgent32.exe, PERF WARNING: FindTopLevelWindowHelper::FindAllDescendents: took 2668 ms. Expected it to take maximum 500 ms.
W, 3608, 26, 2012/11/02, 16:36:59.621, 1612498909822, QTAgent32.exe, &lt;a class=success&gt;Playback - {124} [SUCCESS] MouseButtonClick - "[MSAA, VisibleOnly]ControlType='Button' &amp;&amp; Name='OK'"
\0&lt;/a&gt;
W, 3608, 26, 2012/11/02, 16:37:00.058, 1612505233506, QTAgent32.exe, &lt;a class=success&gt;Playback - {125} [SUCCESS] MouseButtonClick - "[MSAA, VisibleOnly]ControlType='Button' &amp;&amp; Name='Options'"
\0&lt;/a&gt;
W, 3608, 26, 2012/11/02, 16:37:00.167, 1612506735123, QTAgent32.exe, FindScreenElementInSinglePass : Attempting to find control in one pass of search. Failures can occur.
W, 3608, 26, 2012/11/02, 16:37:00.167, 1612506842575, QTAgent32.exe, Playback - [WARNING] Internal failure: Method GetBoundingRectangle failed (HRESULT = 0x1, "Incorrect function.") for Name = "Quote Select List" ," ControlType = "MenuItem"
\0
W, 3608, 26, 2012/11/02, 16:37:00.167, 1612506843797, QTAgent32.exe, Playback - [WARNING] Internal failure: Couldn't get clickable point for ScreenUIElement - GetClickablePoint failed
\0
W, 3608, 26, 2012/11/02, 16:37:00.167, 1612506846360, QTAgent32.exe, FindScreenElementInSinglePass : Attempting to find control in one pass of search. Failures can occur.
W, 3608, 26, 2012/11/02, 16:37:00.167, 1612506876472, QTAgent32.exe, FindScreenElementInSinglePass : Attempting to find control in one pass of search. Failures can occur.
W, 3608, 26, 2012/11/02, 16:37:00.495, 1612511420745, QTAgent32.exe, &lt;a class=success&gt;Playback - {126} [SUCCESS] LeftButtonClick - "[MSAA, VisibleOnly]ControlType='MenuBar' &amp;&amp; Name='Application'"  &lt; Mouse cursor location (960, 31) &gt;
\0&lt;/a&gt;
W, 3608, 26, 2012/11/02, 16:37:00.604, 1612512985141, QTAgent32.exe, &lt;a class=success&gt;Playback - {127} [SUCCESS] LeftButtonClick - "[MSAA]ControlType='MenuItem' &amp;&amp; Name='Options'"  &lt; Mouse cursor location (94, 31) &gt;
\0&lt;/a&gt;
W, 3608, 26, 2012/11/02, 16:37:00.775, 1612515440331, QTAgent32.exe, &lt;a class=success&gt;Playback - {128} [SUCCESS] LeftButtonClick - "[MSAA]ControlType='MenuItem' &amp;&amp; Name='Links'"  &lt; Mouse cursor location (174, 319) &gt;
\0&lt;/a&gt;
W, 3608, 26, 2012/11/02, 16:37:00.963, 1612518134605, QTAgent32.exe, &lt;a class=success&gt;Playback - {129} [SUCCESS] LeftButtonClick - "[MSAA]ControlType='MenuItem' &amp;&amp; Name='3rd Party Integration'"  &lt; Mouse cursor location (375, 319) &gt;
\0&lt;/a&gt;
W, 3608, 26, 2012/11/02, 16:37:01.134, 1612520603802, QTAgent32.exe, &lt;a class=success&gt;Playback - {130} [SUCCESS] MouseButtonClick - "[MSAA]ControlType='MenuItem' &amp;&amp; Name='Quote Select List'"
\0&lt;/a&gt;
W, 3608, 26, 2012/11/02, 16:37:02.944, 1612546485358, QTAgent32.exe, PERF WARNING: FindTopLevelWindowHelper::FindAllDescendents: took 1673 ms. Expected it to take maximum 500 ms.
W, 3608, 26, 2012/11/02, 16:37:03.521, 1612554901124, QTAgent32.exe, &lt;a class=success&gt;Playback - {131} [SUCCESS] MouseButtonClick - "[MSAA, VisibleOnly]ControlType='Button' &amp;&amp; Name='Ok'"
\0&lt;/a&gt;
W, 3608, 26, 2012/11/02, 16:37:07.562, 1612612616240, QTAgent32.exe, PERF WARNING: FindTopLevelWindowHelper::FindAllDescendents: took 3917 ms. Expected it to take maximum 500 ms.
W, 3608, 26, 2012/11/02, 16:37:08.014, 1612619298260, QTAgent32.exe, &lt;a class=success&gt;Playback - {132} [SUCCESS] MouseButtonClick - "[MSAA, VisibleOnly]ControlType='Button' &amp;&amp; Name='MTA'"
\0&lt;/a&gt;
W, 3608, 26, 2012/11/02, 16:37:08.123, 1612620644504, QTAgent32.exe, Playback - [WARNING] Internal warning: Thread state based WFR - Requested element has invalid HWND
\0
W, 3608, 26, 2012/11/02, 16:37:08.123, 1612620646052, QTAgent32.exe, Playback - [WARNING] Internal warning: process performance counters based WFR - Requested element has invalid HWND
\0
E, 3608, 26, 2012/11/02, 16:37:08.123, 1612620649117, QTAgent32.exe, EnsureValid called via EnsureValid call for same element
E, 3608, 26, 2012/11/02, 16:37:08.123, 1612620651189, QTAgent32.exe, EnsureValid called via EnsureValid call for same element
E, 3608, 26, 2012/11/02, 16:37:08.123, 1612620652526, QTAgent32.exe, EnsureValid called via EnsureValid call for same element
E, 3608, 26, 2012/11/02, 16:37:08.123, 1612620656573, QTAgent32.exe, GetClassName for handle 7406526 failed
E, 3608, 26, 2012/11/02, 16:37:08.123, 1612620673442, QTAgent32.exe, Window 7406526 not responding. Last Win32 error 1400
E, 3608, 26, 2012/11/02, 16:37:08.123, 1612620675608, QTAgent32.exe, GetClassName for handle 7406526 failed
E, 3608, 26, 2012/11/02, 16:37:08.123, 1612620676411, QTAgent32.exe, GetClassName for handle 7406526 failed
W, 3608, 26, 2012/11/02, 16:37:08.638, 1612628190598, QTAgent32.exe, Playback - [WARNING] Internal warning: Incorrect flag set for InvokeProgrammaticAction\0
W, 3608, 26, 2012/11/02, 16:37:08.966, 1612632719470, QTAgent32.exe, &lt;a class=success&gt;Playback - {133} [SUCCESS] SetValueAsComboBox "General Adjustment" - "[MSAA, VisibleOnly]ControlType='ComboBox'"  &lt; SetValueAsComboBox, set by clicking on the item in the list box &gt;
\0&lt;/a&gt;
W, 3608, 26, 2012/11/02, 16:37:09.387, 1612638928095, QTAgent32.exe, &lt;a class=success&gt;Playback - {134} [SUCCESS] MouseButtonClick - "[MSAA, VisibleOnly]ControlType='Button' &amp;&amp; Name='OK'"
\0&lt;/a&gt;
W, 3608, 26, 2012/11/02, 16:37:09.527, 1612640899346, QTAgent32.exe, Playback - [WARNING] Internal warning: Thread state based WFR - Requested element has invalid HWND
\0
W, 3608, 26, 2012/11/02, 16:37:09.527, 1612640901050, QTAgent32.exe, Playback - [WARNING] Internal warning: process performance counters based WFR - Requested element has invalid HWND
\0
E, 3608, 26, 2012/11/02, 16:37:09.527, 1612640904168, QTAgent32.exe, EnsureValid called via EnsureValid call for same element
E, 3608, 26, 2012/11/02, 16:37:09.527, 1612640906173, QTAgent32.exe, EnsureValid called via EnsureValid call for same element
E, 3608, 26, 2012/11/02, 16:37:09.527, 1612640907438, QTAgent32.exe, EnsureValid called via EnsureValid call for same element
E, 3608, 26, 2012/11/02, 16:37:09.527, 1612640910522, QTAgent32.exe, GetClassName for handle 11405006 failed
E, 3608, 26, 2012/11/02, 16:37:09.527, 1612640915235, QTAgent32.exe, GetClassName for handle 11405006 failed
E, 3608, 26, 2012/11/02, 16:37:09.527, 1612640922351, QTAgent32.exe, Exception: System.Runtime.InteropServices.COMException
	Message: Error HRESULT E_FAIL has been returned from a call to a COM component.
	Stack Trace:    at Accessibility.IAccessible.get_accState(Object varChild)
   at Microsoft.VisualStudio.TestTools.UITest.Extension.Msaa.AccWrapper.get_State()
	BaseExceptionMessage: Error HRESULT E_FAIL has been returned from a call to a COM component.

E, 3608, 26, 2012/11/02, 16:37:09.527, 1612640926633, QTAgent32.exe, Exception: System.Runtime.InteropServices.COMException
	Message: Error HRESULT E_FAIL has been returned from a call to a COM component.
	Stack Trace:    at Accessibility.IAccessible.get_accState(Object varChild)
   at Microsoft.VisualStudio.TestTools.UITest.Extension.Msaa.AccWrapper.get_State()
	BaseExceptionMessage: Error HRESULT E_FAIL has been returned from a call to a COM component.

E, 3608, 26, 2012/11/02, 16:37:09.527, 1612640930845, QTAgent32.exe, Exception: System.Runtime.InteropServices.COMException
	Message: Error HRESULT E_FAIL has been returned from a call to a COM component.
	Stack Trace:    at Accessibility.IAccessible.get_accState(Object varChild)
   at Microsoft.VisualStudio.TestTools.UITest.Extension.Msaa.AccWrapper.get_State()
	BaseExceptionMessage: Error HRESULT E_FAIL has been returned from a call to a COM component.

E, 3608, 26, 2012/11/02, 16:37:09.527, 1612640935036, QTAgent32.exe, Exception: System.Runtime.InteropServices.COMException
	Message: Error HRESULT E_FAIL has been returned from a call to a COM component.
	Stack Trace:    at Accessibility.IAccessible.get_accState(Object varChild)
   at Microsoft.VisualStudio.TestTools.UITest.Extension.Msaa.AccWrapper.get_State()
	BaseExceptionMessage: Error HRESULT E_FAIL has been returned from a call to a COM component.

E, 3608, 26, 2012/11/02, 16:37:09.527, 1612640939336, QTAgent32.exe, Exception: System.Runtime.InteropServices.COMException
	Message: Error HRESULT E_FAIL has been returned from a call to a COM component.
	Stack Trace:    at Accessibility.IAccessible.get_accState(Object varChild)
   at Microsoft.VisualStudio.TestTools.UITest.Extension.Msaa.AccWrapper.get_State()
	BaseExceptionMessage: Error HRESULT E_FAIL has been returned from a call to a COM component.

E, 3608, 26, 2012/11/02, 16:37:09.527, 1612640943624, QTAgent32.exe, Exception: System.Runtime.InteropServices.COMException
	Message: Error HRESULT E_FAIL has been returned from a call to a COM component.
	Stack Trace:    at Accessibility.IAccessible.get_accState(Object varChild)
   at Microsoft.VisualStudio.TestTools.UITest.Extension.Msaa.AccWrapper.get_State()
	BaseExceptionMessage: Error HRESULT E_FAIL has been returned from a call to a COM component.

E, 3608, 26, 2012/11/02, 16:37:09.527, 1612640947863, QTAgent32.exe, Exception: System.Runtime.InteropServices.COMException
	Message: Error HRESULT E_FAIL has been returned from a call to a COM component.
	Stack Trace:    at Accessibility.IAccessible.get_accState(Object varChild)
   at Microsoft.VisualStudio.TestTools.UITest.Extension.Msaa.AccWrapper.get_State()
	BaseExceptionMessage: Error HRESULT E_FAIL has been returned from a call to a COM component.

W, 3608, 26, 2012/11/02, 16:37:09.730, 1612643796935, QTAgent32.exe, PERF WARNING: MSAA.UpdateQueryIDForNamelessControls: took 201 ms. Expected it to take maximum 200 ms.
W, 3608, 26, 2012/11/02, 16:37:09.730, 1612643800630, QTAgent32.exe, Msaa.Navigate: Exception [Error HRESULT E_FAIL has been returned from a call to a COM component.] while calling accNavigate.
E, 3608, 26, 2012/11/02, 16:37:09.730, 1612643801649, QTAgent32.exe, GetClassName for handle 13436140 failed
E, 3608, 26, 2012/11/02, 16:37:09.730, 1612643802449, QTAgent32.exe, Window 13436140 not responding. Last Win32 error 1400
E, 3608, 26, 2012/11/02, 16:37:09.730, 1612643804904, QTAgent32.exe, GetClassName for handle 11405006 failed
W, 3608, 26, 2012/11/02, 16:37:09.886, 1612645886466, QTAgent32.exe, &lt;a class=success&gt;Playback - {135} [SUCCESS] SendKeys "^{HOME}" - "[MSAA, VisibleOnly]ControlType='Edit'"
\0&lt;/a&gt;
E, 3608, 26, 2012/11/02, 16:37:09.886, 1612645889344, QTAgent32.exe, Msaa.GetFocusedElement: could not find accessible object of foreground window
W, 3608, 26, 2012/11/02, 16:37:09.980, 1612647224082, QTAgent32.exe, &lt;a class=success&gt;Playback - {136} [SUCCESS] SendKeys "^+{END}" - "[MSAA, VisibleOnly]ControlType='Edit'"
\0&lt;/a&gt;
E, 3608, 26, 2012/11/02, 16:37:09.980, 1612647226695, QTAgent32.exe, Msaa.GetFocusedElement: could not find accessible object of foreground window
W, 3608, 26, 2012/11/02, 16:37:09.995, 1612647448159, QTAgent32.exe, &lt;a class=success&gt;Playback - {137} [SUCCESS] SendKeys "{DELETE}" - "[MSAA, VisibleOnly]ControlType='Edit'"
\0&lt;/a&gt;
W, 3608, 26, 2012/11/02, 16:37:10.354, 1612652590056, QTAgent32.exe, &lt;a class=success&gt;Playback - {138} [SUCCESS] SetValueAsEditBox "NewestMTA" - "[MSAA, VisibleOnly]ControlType='Edit'"  &lt; Set via SendKeys &gt;
\0&lt;/a&gt;
W, 3608, 26, 2012/11/02, 16:37:10.853, 1612659830424, QTAgent32.exe, &lt;a class=success&gt;Playback - {139} [SUCCESS] MouseButtonClick - "[MSAA, VisibleOnly]ControlType='Button' &amp;&amp; Name='Next &gt;'"
\0&lt;/a&gt;
W, 3608, 26, 2012/11/02, 16:37:11.103, 1612663433680, QTAgent32.exe, &lt;a class=success&gt;Playback - {140} [SUCCESS] MouseButtonClick - "[MSAA, VisibleOnly]ControlType='Button' &amp;&amp; Name='Next &gt;'"
\0&lt;/a&gt;
W, 3608, 26, 2012/11/02, 16:37:11.322, 1612666596116, QTAgent32.exe, &lt;a class=success&gt;Playback - {141} [SUCCESS] MouseButtonClick - "[MSAA, VisibleOnly]ControlType='Button' &amp;&amp; Name='Next &gt;'"
\0&lt;/a&gt;
W, 3608, 26, 2012/11/02, 16:37:11.571, 1612670052297, QTAgent32.exe, &lt;a class=success&gt;Playback - {142} [SUCCESS] MouseButtonClick - "[MSAA, VisibleOnly]ControlType='Button' &amp;&amp; Name='Next &gt;'"
\0&lt;/a&gt;
W, 3608, 26, 2012/11/02, 16:37:11.805, 1612673386009, QTAgent32.exe, &lt;a class=success&gt;Playback - {143} [SUCCESS] MouseButtonClick - "[MSAA, VisibleOnly]ControlType='Button' &amp;&amp; Name='Next &gt;'"
\0&lt;/a&gt;
W, 3608, 26, 2012/11/02, 16:37:12.024, 1612676685232, QTAgent32.exe, &lt;a class=success&gt;Playback - {144} [SUCCESS] MouseButtonClick - "[MSAA, VisibleOnly]ControlType='Button' &amp;&amp; Name='Next &gt;'"
\0&lt;/a&gt;
W, 3608, 26, 2012/11/02, 16:37:12.258, 1612679926067, QTAgent32.exe, &lt;a class=success&gt;Playback - {145} [SUCCESS] MouseButtonClick - "[MSAA, VisibleOnly]ControlType='Button' &amp;&amp; Name='Next &gt;'"
\0&lt;/a&gt;
W, 3608, 26, 2012/11/02, 16:37:12.663, 1612685815936, QTAgent32.exe, &lt;a class=success&gt;Playback - {146} [SUCCESS] MouseButtonClick - "[MSAA, VisibleOnly]ControlType='Button' &amp;&amp; Name='Quote'"
\0&lt;/a&gt;
W, 3608, 26, 2012/11/02, 16:37:12.928, 1612689439632, QTAgent32.exe, &lt;a class=success&gt;Playback - {147} [SUCCESS] SendKeys "^{HOME}" - "[MSAA, VisibleOnly]ControlType='Edit'"
\0&lt;/a&gt;
E, 3608, 26, 2012/11/02, 16:37:12.928, 1612689442373, QTAgent32.exe, Msaa.GetFocusedElement: could not find accessible object of foreground window
W, 3608, 26, 2012/11/02, 16:37:13.006, 1612690556395, QTAgent32.exe, &lt;a class=success&gt;Playback - {148} [SUCCESS] SendKeys "^+{END}" - "[MSAA, VisibleOnly]ControlType='Edit'"
\0&lt;/a&gt;
E, 3608, 26, 2012/11/02, 16:37:13.006, 1612690559153, QTAgent32.exe, Msaa.GetFocusedElement: could not find accessible object of foreground window
W, 3608, 26, 2012/11/02, 16:37:13.022, 1612690783716, QTAgent32.exe, &lt;a class=success&gt;Playback - {149} [SUCCESS] SendKeys "{DELETE}" - "[MSAA, VisibleOnly]ControlType='Edit'"
\0&lt;/a&gt;
W, 3608, 26, 2012/11/02, 16:37:13.365, 1612695700683, QTAgent32.exe, &lt;a class=success&gt;Playback - {150} [SUCCESS] SetValueAsEditBox "30/09/12" - "[MSAA, VisibleOnly]ControlType='Edit'"  &lt; Set via SendKeys &gt;
\0&lt;/a&gt;
W, 3608, 26, 2012/11/02, 16:37:13.802, 1612702037413, QTAgent32.exe, &lt;a class=success&gt;Playback - {151} [SUCCESS] MouseButtonClick - "[MSAA, VisibleOnly]ControlType='Button' &amp;&amp; Name='OK'"
\0&lt;/a&gt;
W, 3608, 26, 2012/11/02, 16:37:14.254, 1612708499464, QTAgent32.exe, &lt;a class=success&gt;Playback - {152} [SUCCESS] MouseButtonClick - "[MSAA, VisibleOnly]ControlType='Button' &amp;&amp; Name='OK'"
\0&lt;/a&gt;
W, 3608, 26, 2012/11/02, 16:37:14.489, 1612712002924, QTAgent32.exe, &lt;a class=success&gt;Playback - {153} [SUCCESS] SendKeys "^{HOME}" - "[MSAA, VisibleOnly]ControlType='Edit'"
\0&lt;/a&gt;
E, 3608, 26, 2012/11/02, 16:37:14.489, 1612712005676, QTAgent32.exe, Msaa.GetFocusedElement: could not find accessible object of foreground window
W, 3608, 26, 2012/11/02, 16:37:14.542, 1612712966974, QTAgent32.exe, &lt;a class=success&gt;Playback - {154} [SUCCESS] SendKeys "^+{END}" - "[MSAA, VisibleOnly]ControlType='Edit'"
\0&lt;/a&gt;
E, 3608, 26, 2012/11/02, 16:37:14.542, 1612712969287, QTAgent32.exe, Msaa.GetFocusedElement: could not find accessible object of foreground window
W, 3608, 26, 2012/11/02, 16:37:14.555, 1612713153620, QTAgent32.exe, &lt;a class=success&gt;Playback - {155} [SUCCESS] SendKeys "{DELETE}" - "[MSAA, VisibleOnly]ControlType='Edit'"
\0&lt;/a&gt;
W, 3608, 26, 2012/11/02, 16:37:14.790, 1612716522010, QTAgent32.exe, &lt;a class=success&gt;Playback - {156} [SUCCESS] SetValueAsEditBox "04/11/12" - "[MSAA, VisibleOnly]ControlType='Edit'"  &lt; Set via SendKeys &gt;
\0&lt;/a&gt;
W, 3608, 26, 2012/11/02, 16:37:15.204, 1612722441702, QTAgent32.exe, &lt;a class=success&gt;Playback - {157} [SUCCESS] MouseButtonClick - "[MSAA, VisibleOnly]ControlType='Button' &amp;&amp; Name='OK'"
\0&lt;/a&gt;
W, 3608, 26, 2012/11/02, 16:37:18.558, 1612770456000, QTAgent32.exe, PERF WARNING: FindTopLevelWindowHelper::FindAllDescendents: took 3253 ms. Expected it to take maximum 500 ms.
W, 3608, 26, 2012/11/02, 16:37:18.668, 1612772034305, QTAgent32.exe, &lt;a class=success&gt;Playback - {158} [SUCCESS] MouseButtonClick - "[MSAA, VisibleOnly]ControlType='Client'"
\0&lt;/a&gt;
W, 3608, 26, 2012/11/02, 16:37:18.874, 1612774982812, QTAgent32.exe, &lt;a class=success&gt;Playback - {159} [SUCCESS] SendKeys "{Home}" - "[MSAA, VisibleOnly]ControlType='Client'"
\0&lt;/a&gt;
W, 3608, 26, 2012/11/02, 16:37:19.110, 1612778360607, QTAgent32.exe, &lt;a class=success&gt;Playback - {160} [SUCCESS] MouseButtonClick - "[MSAA, VisibleOnly]ControlType='Button' &amp;&amp; Name='Accept'"
\0&lt;/a&gt;
W, 3608, 26, 2012/11/02, 16:37:19.412, 1612782694091, QTAgent32.exe, &lt;a class=success&gt;Playback - {161} [SUCCESS] MouseButtonClick - "[MSAA, VisibleOnly]ControlType='Button' &amp;&amp; Name='OK'"
\0&lt;/a&gt;
W, 3608, 26, 2012/11/02, 16:37:19.673, 1612786427956, QTAgent32.exe, &lt;a class=success&gt;Playback - {162} [SUCCESS] MouseButtonClick - "[MSAA, VisibleOnly]ControlType='Button' &amp;&amp; Name='Ok'"
\0&lt;/a&gt;
W, 3608, 26, 2012/11/02, 16:37:32.177, 1612965453017, QTAgent32.exe, PERF WARNING: FindTopLevelWindowHelper::FindAllDescendents: took 12403 ms. Expected it to take maximum 500 ms.
W, 3608, 26, 2012/11/02, 16:37:32.399, 1612968638464, QTAgent32.exe, &lt;a class=success&gt;Playback - {163} [SUCCESS] MouseButtonClick - "[MSAA, VisibleOnly]ControlType='Button' &amp;&amp; Name='OK'"
\0&lt;/a&gt;
W, 3608, 26, 2012/11/02, 16:37:32.499, 1612970064632, QTAgent32.exe, Playback - [WARNING] Internal warning: Thread state based WFR - Requested element has invalid HWND
\0
W, 3608, 26, 2012/11/02, 16:37:32.499, 1612970066455, QTAgent32.exe, Playback - [WARNING] Internal warning: process performance counters based WFR - Requested element has invalid HWND
\0
E, 3608, 26, 2012/11/02, 16:37:32.499, 1612970069577, QTAgent32.exe, EnsureValid called via EnsureValid call for same element
E, 3608, 26, 2012/11/02, 16:37:32.499, 1612970071539, QTAgent32.exe, EnsureValid called via EnsureValid call for same element
E, 3608, 26, 2012/11/02, 16:37:32.499, 1612970072831, QTAgent32.exe, EnsureValid called via EnsureValid call for same element
E, 3608, 26, 2012/11/02, 16:37:32.500, 1612970077347, QTAgent32.exe, GetClassName for handle 10028886 failed
E, 3608, 26, 2012/11/02, 16:37:32.501, 1612970094809, QTAgent32.exe, Window 10028886 not responding. Last Win32 error 1400
E, 3608, 26, 2012/11/02, 16:37:32.501, 1612970096975, QTAgent32.exe, GetClassName for handle 10028886 failed
E, 3608, 26, 2012/11/02, 16:37:32.501, 1612970097783, QTAgent32.exe, GetClassName for handle 10028886 failed
W, 3608, 26, 2012/11/02, 16:37:32.632, 1612971974010, QTAgent32.exe, &lt;a class=success&gt;Playback - {164} [SUCCESS] Check - "[MSAA, VisibleOnly]ControlType='CheckBox' &amp;&amp; Name='Defer Printing?'"
\0&lt;/a&gt;
W, 3608, 26, 2012/11/02, 16:37:33.241, 1612980700453, QTAgent32.exe, &lt;a class=success&gt;Playback - {165} [SUCCESS] MouseButtonClick - "[MSAA, VisibleOnly]ControlType='Button' &amp;&amp; Name='Ok'"
\0&lt;/a&gt;
W, 3608, 26, 2012/11/02, 16:37:33.342, 1612982135673, QTAgent32.exe, Playback - [WARNING] Internal warning: Thread state based WFR - Requested element has invalid HWND
\0
W, 3608, 26, 2012/11/02, 16:37:33.342, 1612982137550, QTAgent32.exe, Playback - [WARNING] Internal warning: process performance counters based WFR - Requested element has invalid HWND
\0
E, 3608, 26, 2012/11/02, 16:37:33.342, 1612982140635, QTAgent32.exe, EnsureValid called via EnsureValid call for same element
E, 3608, 26, 2012/11/02, 16:37:33.342, 1612982142594, QTAgent32.exe, EnsureValid called via EnsureValid call for same element
E, 3608, 26, 2012/11/02, 16:37:33.342, 1612982143891, QTAgent32.exe, EnsureValid called via EnsureValid call for same element
E, 3608, 26, 2012/11/02, 16:37:33.343, 1612982150650, QTAgent32.exe, GetClassName for handle 13108730 failed
E, 3608, 26, 2012/11/02, 16:37:33.344, 1612982168002, QTAgent32.exe, Window 13108730 not responding. Last Win32 error 1400
E, 3608, 26, 2012/11/02, 16:37:33.344, 1612982170259, QTAgent32.exe, GetClassName for handle 13108730 failed
E, 3608, 26, 2012/11/02, 16:37:33.344, 1612982171112, QTAgent32.exe, GetClassName for handle 13108730 failed
W, 3608, 26, 2012/11/02, 16:37:34.233, 1612994898864, QTAgent32.exe, PERF WARNING: FindTopLevelWindowHelper::FindAllDescendents: took 888 ms. Expected it to take maximum 500 ms.
W, 3608, 26, 2012/11/02, 16:37:34.367, 1612996819445, QTAgent32.exe, &lt;a class=success&gt;Playback - {166} [SUCCESS] Uncheck - "[MSAA, VisibleOnly]ControlType='CheckBox' &amp;&amp; Name='Add Activity'"
\0&lt;/a&gt;
W, 3608, 26, 2012/11/02, 16:37:34.718, 1613001836862, QTAgent32.exe, &lt;a class=success&gt;Playback - {167} [SUCCESS] MouseButtonClick - "[MSAA, VisibleOnly]ControlType='Button' &amp;&amp; Name='Ok'"
\0&lt;/a&gt;
W, 3608, 26, 2012/11/02, 16:37:38.793, 1613060180995, QTAgent32.exe, PERF WARNING: FindTopLevelWindowHelper::FindAllDescendents: took 3876 ms. Expected it to take maximum 500 ms.
W, 3608, 26, 2012/11/02, 16:37:39.231, 1613066452659, QTAgent32.exe, &lt;a class=success&gt;Playback - {168} [SUCCESS] MouseButtonClick - "[MSAA, VisibleOnly]ControlType='Button' &amp;&amp; Name='OK'"
\0&lt;/a&gt;
W, 3608, 26, 2012/11/02, 16:37:41.897, 1613104629226, QTAgent32.exe, PERF WARNING: FindTopLevelWindowHelper::FindAllDescendents: took 2378 ms. Expected it to take maximum 500 ms.
W, 3608, 26, 2012/11/02, 16:37:44.045, 1613135377003, QTAgent32.exe, &lt;a class=success&gt;Playback - {169} [SUCCESS] MouseButtonClick - "[MSAA, VisibleOnly]ControlType='Button' &amp;&amp; Name='OK'"
\0&lt;/a&gt;
W, 3608, 26, 2012/11/02, 16:37:44.265, 1613138529620, QTAgent32.exe, &lt;a class=success&gt;Playback - {170} [SUCCESS] MouseButtonClick - "[MSAA, VisibleOnly]ControlType='Button' &amp;&amp; Name='Options'"
\0&lt;/a&gt;
W, 3608, 26, 2012/11/02, 16:37:44.365, 1613139966717, QTAgent32.exe, FindScreenElementInSinglePass : Attempting to find control in one pass of search. Failures can occur.
W, 3608, 26, 2012/11/02, 16:37:44.392, 1613140346359, QTAgent32.exe, Playback - [WARNING] Internal failure: Method GetBoundingRectangle failed (HRESULT = 0x1, "Incorrect function.") for Name = "Quote Select List" ," ControlType = "MenuItem"
\0
W, 3608, 26, 2012/11/02, 16:37:44.392, 1613140348388, QTAgent32.exe, Playback - [WARNING] Internal failure: Couldn't get clickable point for ScreenUIElement - GetClickablePoint failed
\0
W, 3608, 26, 2012/11/02, 16:37:44.392, 1613140351613, QTAgent32.exe, FindScreenElementInSinglePass : Attempting to find control in one pass of search. Failures can occur.
W, 3608, 26, 2012/11/02, 16:37:44.395, 1613140387376, QTAgent32.exe, FindScreenElementInSinglePass : Attempting to find control in one pass of search. Failures can occur.
W, 3608, 26, 2012/11/02, 16:37:44.513, 1613142079677, QTAgent32.exe, &lt;a class=success&gt;Playback - {171} [SUCCESS] LeftButtonClick - "[MSAA, VisibleOnly]ControlType='MenuBar' &amp;&amp; Name='Application'"  &lt; Mouse cursor location (960, 31) &gt;
\0&lt;/a&gt;
W, 3608, 26, 2012/11/02, 16:37:44.620, 1613143611956, QTAgent32.exe, &lt;a class=success&gt;Playback - {172} [SUCCESS] LeftButtonClick - "[MSAA]ControlType='MenuItem' &amp;&amp; Name='Options'"  &lt; Mouse cursor location (94, 31) &gt;
\0&lt;/a&gt;
W, 3608, 26, 2012/11/02, 16:37:44.758, 1613145587621, QTAgent32.exe, &lt;a class=success&gt;Playback - {173} [SUCCESS] LeftButtonClick - "[MSAA]ControlType='MenuItem' &amp;&amp; Name='Links'"  &lt; Mouse cursor location (174, 319) &gt;
\0&lt;/a&gt;
W, 3608, 26, 2012/11/02, 16:37:44.907, 1613147706924, QTAgent32.exe, &lt;a class=success&gt;Playback - {174} [SUCCESS] LeftButtonClick - "[MSAA]ControlType='MenuItem' &amp;&amp; Name='3rd Party Integration'"  &lt; Mouse cursor location (375, 319) &gt;
\0&lt;/a&gt;
W, 3608, 26, 2012/11/02, 16:37:45.056, 1613149841206, QTAgent32.exe, &lt;a class=success&gt;Playback - {175} [SUCCESS] MouseButtonClick - "[MSAA]ControlType='MenuItem' &amp;&amp; Name='Quote Select List'"
\0&lt;/a&gt;
W, 3608, 26, 2012/11/02, 16:37:46.355, 1613168442767, QTAgent32.exe, PERF WARNING: FindTopLevelWindowHelper::FindAllDescendents: took 1199 ms. Expected it to take maximum 500 ms.
W, 3608, 26, 2012/11/02, 16:37:46.832, 1613175271911, QTAgent32.exe, &lt;a class=success&gt;Playback - {176} [SUCCESS] MouseButtonClick - "[MSAA, VisibleOnly]ControlType='Button' &amp;&amp; Name='Ok'"
\0&lt;/a&gt;
W, 3608, 26, 2012/11/02, 16:37:46.949, 1613176953570, QTAgent32.exe, Playback - [WARNING] Internal warning: Thread state based WFR - Requested element has invalid HWND
\0
W, 3608, 26, 2012/11/02, 16:37:46.949, 1613176955324, QTAgent32.exe, Playback - [WARNING] Internal warning: process performance counters based WFR - Requested element has invalid HWND
\0
E, 3608, 26, 2012/11/02, 16:37:46.950, 1613176958823, QTAgent32.exe, EnsureValid called via EnsureValid call for same element
E, 3608, 26, 2012/11/02, 16:37:46.950, 1613176960841, QTAgent32.exe, EnsureValid called via EnsureValid call for same element
E, 3608, 26, 2012/11/02, 16:37:46.950, 1613176962171, QTAgent32.exe, EnsureValid called via EnsureValid call for same element
E, 3608, 26, 2012/11/02, 16:37:46.950, 1613176965308, QTAgent32.exe, GetClassName for handle 18482468 failed
E, 3608, 26, 2012/11/02, 16:37:46.950, 1613176970206, QTAgent32.exe, GetClassName for handle 18482468 failed
E, 3608, 26, 2012/11/02, 16:37:46.951, 1613176977681, QTAgent32.exe, Exception: System.Runtime.InteropServices.COMException
	Message: Error HRESULT E_FAIL has been returned from a call to a COM component.
	Stack Trace:    at Accessibility.IAccessible.get_accState(Object varChild)
   at Microsoft.VisualStudio.TestTools.UITest.Extension.Msaa.AccWrapper.get_State()
	BaseExceptionMessage: Error HRESULT E_FAIL has been returned from a call to a COM component.

E, 3608, 26, 2012/11/02, 16:37:46.951, 1613176982060, QTAgent32.exe, Exception: System.Runtime.InteropServices.COMException
	Message: Error HRESULT E_FAIL has been returned from a call to a COM component.
	Stack Trace:    at Accessibility.IAccessible.get_accState(Object varChild)
   at Microsoft.VisualStudio.TestTools.UITest.Extension.Msaa.AccWrapper.get_State()
	BaseExceptionMessage: Error HRESULT E_FAIL has been returned from a call to a COM component.

E, 3608, 26, 2012/11/02, 16:37:46.952, 1613176986607, QTAgent32.exe, Exception: System.Runtime.InteropServices.COMException
	Message: Error HRESULT E_FAIL has been returned from a call to a COM component.
	Stack Trace:    at Accessibility.IAccessible.get_accState(Object varChild)
   at Microsoft.VisualStudio.TestTools.UITest.Extension.Msaa.AccWrapper.get_State()
	BaseExceptionMessage: Error HRESULT E_FAIL has been returned from a call to a COM component.

E, 3608, 26, 2012/11/02, 16:37:46.952, 1613176990913, QTAgent32.exe, Exception: System.Runtime.InteropServices.COMException
	Message: Error HRESULT E_FAIL has been returned from a call to a COM component.
	Stack Trace:    at Accessibility.IAccessible.get_accState(Object varChild)
   at Microsoft.VisualStudio.TestTools.UITest.Extension.Msaa.AccWrapper.get_State()
	BaseExceptionMessage: Error HRESULT E_FAIL has been returned from a call to a COM component.

E, 3608, 26, 2012/11/02, 16:37:46.952, 1613176995222, QTAgent32.exe, Exception: System.Runtime.InteropServices.COMException
	Message: Error HRESULT E_FAIL has been returned from a call to a COM component.
	Stack Trace:    at Accessibility.IAccessible.get_accState(Object varChild)
   at Microsoft.VisualStudio.TestTools.UITest.Extension.Msaa.AccWrapper.get_State()
	BaseExceptionMessage: Error HRESULT E_FAIL has been returned from a call to a COM component.

E, 3608, 26, 2012/11/02, 16:37:46.952, 1613176999515, QTAgent32.exe, Exception: System.Runtime.InteropServices.COMException
	Message: Error HRESULT E_FAIL has been returned from a call to a COM component.
	Stack Trace:    at Accessibility.IAccessible.get_accState(Object varChild)
   at Microsoft.VisualStudio.TestTools.UITest.Extension.Msaa.AccWrapper.get_State()
	BaseExceptionMessage: Error HRESULT E_FAIL has been returned from a call to a COM component.

E, 3608, 26, 2012/11/02, 16:37:46.953, 1613177004146, QTAgent32.exe, Exception: System.Runtime.InteropServices.COMException
	Message: Error HRESULT E_FAIL has been returned from a call to a COM component.
	Stack Trace:    at Accessibility.IAccessible.get_accState(Object varChild)
   at Microsoft.VisualStudio.TestTools.UITest.Extension.Msaa.AccWrapper.get_State()
	BaseExceptionMessage: Error HRESULT E_FAIL has been returned from a call to a COM component.

W, 3608, 26, 2012/11/02, 16:37:47.152, 1613179852261, QTAgent32.exe, PERF WARNING: MSAA.UpdateQueryIDForNamelessControls: took 201 ms. Expected it to take maximum 200 ms.
W, 3608, 26, 2012/11/02, 16:37:47.152, 1613179856228, QTAgent32.exe, Msaa.Navigate: Exception [Error HRESULT E_FAIL has been returned from a call to a COM component.] while calling accNavigate.
E, 3608, 26, 2012/11/02, 16:37:47.152, 1613179857278, QTAgent32.exe, GetClassName for handle 5113886 failed
E, 3608, 26, 2012/11/02, 16:37:47.152, 1613179858130, QTAgent32.exe, Window 5113886 not responding. Last Win32 error 1400
E, 3608, 26, 2012/11/02, 16:37:47.152, 1613179860629, QTAgent32.exe, GetClassName for handle 18482468 failed
W, 3608, 26, 2012/11/02, 16:37:51.794, 1613246319645, QTAgent32.exe, PERF WARNING: FindTopLevelWindowHelper::FindAllDescendents: took 4640 ms. Expected it to take maximum 500 ms.
W, 3608, 26, 2012/11/02, 16:37:52.037, 1613249804589, QTAgent32.exe, &lt;a class=success&gt;Playback - {177} [SUCCESS] MouseButtonClick - "[MSAA, VisibleOnly]ControlType='Button' &amp;&amp; Name='Close'"
\0&lt;/a&gt;
W, 3608, 26, 2012/11/02, 16:37:54.621, 1613286800006, QTAgent32.exe, &lt;a class=success&gt;Playback - {178} [SUCCESS] MouseButtonClick - "[MSAA, VisibleOnly]ControlType='Button' &amp;&amp; Name='OK'"
\0&lt;/a&gt;
W, 3608, 26, 2012/11/02, 16:37:56.224, 1613309740987, QTAgent32.exe, Playback - [WARNING] Internal warning: Element "[MSAA, VisibleOnly]ControlType='Window' &amp;&amp; ControlId='32770'" was not found, so all intermediate elements were ignored. To improve performance replace this element Id with another Id or exclude it from QueryId. If this element is the target element, replace or remove intermediate elements
\0
W, 3608, 26, 2012/11/02, 16:37:56.757, 1613317374393, QTAgent32.exe, PERF WARNING: FindAllDescendents: took 2034 ms. Expected it to take maximum 500 ms.
W, 3608, 26, 2012/11/02, 16:37:56.897, 1613319376086, QTAgent32.exe, &lt;a class=success&gt;Playback - {179} [SUCCESS] MouseButtonClick - "[MSAA, VisibleOnly]ControlType='Button' &amp;&amp; Name='Cancel'"
\0&lt;/a&gt;
W, 3608, 26, 2012/11/02, 16:37:58.503, 1613342372236, QTAgent32.exe, Playback - [WARNING] Internal warning: Element "[MSAA, VisibleOnly]ControlType='Window' &amp;&amp; ControlId='32769'" was not found, so all intermediate elements were ignored. To improve performance replace this element Id with another Id or exclude it from QueryId. If this element is the target element, replace or remove intermediate elements
\0
W, 3608, 26, 2012/11/02, 16:37:59.027, 1613349885585, QTAgent32.exe, PERF WARNING: FindAllDescendents: took 2029 ms. Expected it to take maximum 500 ms.
W, 3608, 26, 2012/11/02, 16:37:59.151, 1613351657383, QTAgent32.exe, &lt;a class=success&gt;Playback - {180} [SUCCESS] MouseButtonClick - "[MSAA, VisibleOnly]ControlType='Button' &amp;&amp; Name='Cancel'"
\0&lt;/a&gt;
W, 3608, 26, 2012/11/02, 16:37:59.478, 1613356342942, QTAgent32.exe, Playback - [WARNING] Internal warning: Window Not Found: [VisibleOnly]ControlType='Window' &amp;&amp; Name='Customer: txt1 tdsfs' &amp;&amp; ClassName='ThunderRT6MDIForm'
\0
E, 3608, 26, 2012/11/02, 16:37:59.479, 1613356346469, QTAgent32.exe, &lt;a class=failure&gt;Playback - {181} [FAILED] Function ElementFetcher::FindScreenElement failed to locate UI element (Searching: ;[VisibleOnly]ControlType='Window' &amp;&amp; Name='Customer: txt1 tdsfs' &amp;&amp; ClassName='ThunderRT6MDIForm') (The object specified was not found.)
\0&lt;/a&gt;
E, 3608, 26, 2012/11/02, 16:37:59.569, 1613357638307, QTAgent32.exe, Playback - [IMAGE] C:\Users\peter.zenin-ad\AppData\Local\Temp\UITestLogs\LastRun\RPFA4A8.png
\0
W, 3608, 26, 2012/11/02, 16:37:59.569, 1613357640580, QTAgent32.exe, Playback - [WARNING] Internal warning: Couldn't find descendants that match QueryId
\0
W, 3608, 26, 2012/11/02, 16:37:59.580, 1613357800220, QTAgent32.exe, Playback - [WARNING] Internal warning: Window Not Found: [VisibleOnly]ControlType='Window' &amp;&amp; Name='Customer: txt1 tdsfs' &amp;&amp; ClassName='ThunderRT6MDIForm'
\0
E, 3608, 26, 2012/11/02, 16:37:59.580, 1613357802283, QTAgent32.exe, &lt;a class=failure&gt;Playback - {182} [FAILED] Function ElementFetcher::FindScreenElement failed to locate UI element (Searching: ;[VisibleOnly]ControlType='Window' &amp;&amp; Name='Customer: txt1 tdsfs' &amp;&amp; ClassName='ThunderRT6MDIForm') (The object specified was not found.)
\0&lt;/a&gt;
E, 3608, 26, 2012/11/02, 16:37:59.668, 1613359062293, QTAgent32.exe, Playback - [IMAGE] C:\Users\peter.zenin-ad\AppData\Local\Temp\UITestLogs\LastRun\RPFA507.png
\0
W, 3608, 26, 2012/11/02, 16:37:59.668, 1613359064507, QTAgent32.exe, Playback - [WARNING] Internal warning: Couldn't find descendants that match QueryId
\0
W, 3608, 26, 2012/11/02, 16:37:59.900, 1613362376412, QTAgent32.exe, Playback - [WARNING] Internal warning: Window Not Found: [VisibleOnly]ControlType='Window' &amp;&amp; Name='Customer: txt1 tdsfs' &amp;&amp; ClassName='ThunderRT6MDIForm'
\0
E, 3608, 26, 2012/11/02, 16:37:59.900, 1613362379157, QTAgent32.exe, &lt;a class=failure&gt;Playback - {183} [FAILED] Function ElementFetcher::FindScreenElement failed to locate UI element (Searching: ;[VisibleOnly]ControlType='Window' &amp;&amp; Name='Customer: txt1 tdsfs' &amp;&amp; ClassName='ThunderRT6MDIForm') (The object specified was not found.)
\0&lt;/a&gt;
E, 3608, 26, 2012/11/02, 16:37:59.994, 1613363726677, QTAgent32.exe, Playback - [IMAGE] C:\Users\peter.zenin-ad\AppData\Local\Temp\UITestLogs\LastRun\RPFA64F.png
\0
W, 3608, 26, 2012/11/02, 16:37:59.994, 1613363728816, QTAgent32.exe, Playback - [WARNING] Internal warning: Couldn't find descendants that match QueryId
\0
E, 3608, 26, 2012/11/02, 16:37:59.994, 1613363732684, QTAgent32.exe, Exception: System.Runtime.InteropServices.COMException
	Message: Error HRESULT E_FAIL has been returned from a call to a COM component.
	Stack Trace:    at Microsoft.VisualStudio.TestTools.UITest.Playback.Engine.IRPFPlayback.FindAllScreenElements(IScreenElement pScreenElementStart, String bstrQueryId, Object&amp; pvarResKeys, Int32 cResKeys, Int32 nMaxDepth, Object[]&amp; foundDescendants)
   at Microsoft.VisualStudio.TestTools.UITest.Playback.ScreenElement.FindTopLevelWindowHelper(String queryId)
	BaseExceptionMessage: Error HRESULT E_FAIL has been returned from a call to a COM component.

E, 3608, 26, 2012/11/02, 16:37:59.995, 1613363738129, QTAgent32.exe, Window 10356582 not responding. Last Win32 error 0
E, 3608, 26, 2012/11/02, 16:37:59.995, 1613363741797, QTAgent32.exe, Window 10356582 not responding. Last Win32 error 1400
E, 3608, 26, 2012/11/02, 16:37:59.995, 1613363745263, QTAgent32.exe, GetClassName for handle 10356582 failed
E, 3608, 26, 2012/11/02, 16:37:59.996, 1613363754659, QTAgent32.exe, Window 10356582 not responding. Last Win32 error 1400
E, 3608, 26, 2012/11/02, 16:37:59.996, 1613363755817, QTAgent32.exe, GetClassName for handle 10356582 failed
E, 3608, 26, 2012/11/02, 16:37:59.996, 1613363756621, QTAgent32.exe, GetClassName for handle 10356582 failed
W, 3608, 26, 2012/11/02, 16:38:00.227, 1613367067557, QTAgent32.exe, Playback - [WARNING] Internal warning: Window Not Found: [VisibleOnly]ControlType='Window' &amp;&amp; Name='Customer: autotest autotest' &amp;&amp; ClassName='ThunderRT6MDIForm'
\0
E, 3608, 26, 2012/11/02, 16:38:00.228, 1613367071872, QTAgent32.exe, &lt;a class=failure&gt;Playback - {184} [FAILED] Function ElementFetcher::FindScreenElement failed to locate UI element (Searching: ;[VisibleOnly]ControlType='Window' &amp;&amp; Name='Customer: autotest autotest' &amp;&amp; ClassName='ThunderRT6MDIForm') (The object specified was not found.)
\0&lt;/a&gt;
E, 3608, 26, 2012/11/02, 16:38:00.317, 1613368353117, QTAgent32.exe, Playback - [IMAGE] C:\Users\peter.zenin-ad\AppData\Local\Temp\UITestLogs\LastRun\RPFA798.png
\0
W, 3608, 26, 2012/11/02, 16:38:00.317, 1613368355393, QTAgent32.exe, Playback - [WARNING] Internal warning: Couldn't find descendants that match QueryId
\0
W, 3608, 26, 2012/11/02, 16:38:00.329, 1613368525336, QTAgent32.exe, Playback - [WARNING] Internal warning: Window Not Found: [VisibleOnly]ControlType='Window' &amp;&amp; Name='Customer: autotest autotest' &amp;&amp; ClassName='ThunderRT6MDIForm'
\0
E, 3608, 26, 2012/11/02, 16:38:00.329, 1613368527384, QTAgent32.exe, &lt;a class=failure&gt;Playback - {185} [FAILED] Function ElementFetcher::FindScreenElement failed to locate UI element (Searching: ;[VisibleOnly]ControlType='Window' &amp;&amp; Name='Customer: autotest autotest' &amp;&amp; ClassName='ThunderRT6MDIForm') (The object specified was not found.)
\0&lt;/a&gt;
E, 3608, 26, 2012/11/02, 16:38:00.417, 1613369787499, QTAgent32.exe, Playback - [IMAGE] C:\Users\peter.zenin-ad\AppData\Local\Temp\UITestLogs\LastRun\RPFA7F6.png
\0
W, 3608, 26, 2012/11/02, 16:38:00.417, 1613369789776, QTAgent32.exe, Playback - [WARNING] Internal warning: Couldn't find descendants that match QueryId
\0
W, 3608, 26, 2012/11/02, 16:38:00.780, 1613374980813, QTAgent32.exe, Playback - [WARNING] Internal warning: Window Not Found: [VisibleOnly]ControlType='Window' &amp;&amp; Name='Customer: autotest autotest' &amp;&amp; ClassName='ThunderRT6MDIForm'
\0
E, 3608, 26, 2012/11/02, 16:38:00.780, 1613374983702, QTAgent32.exe, &lt;a class=failure&gt;Playback - {186} [FAILED] Function ElementFetcher::FindScreenElement failed to locate UI element (Searching: ;[VisibleOnly]ControlType='Window' &amp;&amp; Name='Customer: autotest autotest' &amp;&amp; ClassName='ThunderRT6MDIForm') (The object specified was not found.)
\0&lt;/a&gt;
E, 3608, 26, 2012/11/02, 16:38:00.870, 1613376274999, QTAgent32.exe, Playback - [IMAGE] C:\Users\peter.zenin-ad\AppData\Local\Temp\UITestLogs\LastRun\RPFA9BC.png
\0
W, 3608, 26, 2012/11/02, 16:38:00.870, 1613376277177, QTAgent32.exe, Playback - [WARNING] Internal warning: Couldn't find descendants that match QueryId
\0
E, 3608, 26, 2012/11/02, 16:38:00.871, 1613376281668, QTAgent32.exe, Exception: System.Runtime.InteropServices.COMException
	Message: Error HRESULT E_FAIL has been returned from a call to a COM component.
	Stack Trace:    at Microsoft.VisualStudio.TestTools.UITest.Playback.Engine.IRPFPlayback.FindAllScreenElements(IScreenElement pScreenElementStart, String bstrQueryId, Object&amp; pvarResKeys, Int32 cResKeys, Int32 nMaxDepth, Object[]&amp; foundDescendants)
   at Microsoft.VisualStudio.TestTools.UITest.Playback.ScreenElement.FindTopLevelWindowHelper(String queryId)
	BaseExceptionMessage: Error HRESULT E_FAIL has been returned from a call to a COM component.

E, 3608, 26, 2012/11/02, 16:38:00.871, 1613376286405, QTAgent32.exe, Window 10356582 not responding. Last Win32 error 0
E, 3608, 26, 2012/11/02, 16:38:00.871, 1613376290213, QTAgent32.exe, Window 10356582 not responding. Last Win32 error 1400
E, 3608, 26, 2012/11/02, 16:38:00.872, 1613376295187, QTAgent32.exe, Window 10356582 not responding. Last Win32 error 1400
E, 3608, 26, 2012/11/02, 16:38:00.872, 1613376296439, QTAgent32.exe, GetClassName for handle 10356582 failed
E, 3608, 26, 2012/11/02, 16:38:00.872, 1613376297234, QTAgent32.exe, GetClassName for handle 10356582 failed
W, 3608, 26, 2012/11/02, 16:38:01.102, 1613379595477, QTAgent32.exe, Playback - [WARNING] Internal warning: Window Not Found: [VisibleOnly]ControlType='Window' &amp;&amp; Name='Customer: txt1 tdsfs' &amp;&amp; ClassName='ThunderRT6MDIForm'
\0
E, 3608, 26, 2012/11/02, 16:38:01.102, 1613379598322, QTAgent32.exe, &lt;a class=failure&gt;Playback - {187} [FAILED] Function ElementFetcher::FindScreenElement failed to locate UI element (Searching: ;[VisibleOnly]ControlType='Window' &amp;&amp; Name='Customer: txt1 tdsfs' &amp;&amp; ClassName='ThunderRT6MDIForm') (The object specified was not found.)
\0&lt;/a&gt;
E, 3608, 26, 2012/11/02, 16:38:01.190, 1613380859401, QTAgent32.exe, Playback - [IMAGE] C:\Users\peter.zenin-ad\AppData\Local\Temp\UITestLogs\LastRun\RPFAB04.png
\0
W, 3608, 26, 2012/11/02, 16:38:01.191, 1613380861926, QTAgent32.exe, Playback - [WARNING] Internal warning: Couldn't find descendants that match QueryId
\0
W, 3608, 26, 2012/11/02, 16:38:01.734, 1613388640797, QTAgent32.exe, Playback - [WARNING] Internal warning: Window Not Found: [VisibleOnly]ControlType='Window' &amp;&amp; Name='Customer: txt1 tdsfs' &amp;&amp; ClassName='ThunderRT6MDIForm'
\0
E, 3608, 26, 2012/11/02, 16:38:01.734, 1613388643724, QTAgent32.exe, &lt;a class=failure&gt;Playback - {188} [FAILED] Function ElementFetcher::FindScreenElement failed to locate UI element (Searching: ;[VisibleOnly]ControlType='Window' &amp;&amp; Name='Customer: txt1 tdsfs' &amp;&amp; ClassName='ThunderRT6MDIForm') (The object specified was not found.)
\0&lt;/a&gt;
E, 3608, 26, 2012/11/02, 16:38:01.856, 1613390391908, QTAgent32.exe, Playback - [IMAGE] C:\Users\peter.zenin-ad\AppData\Local\Temp\UITestLogs\LastRun\RPFAD75.png
\0
W, 3608, 26, 2012/11/02, 16:38:01.856, 1613390394173, QTAgent32.exe, Playback - [WARNING] Internal warning: Couldn't find descendants that match QueryId
\0
W, 3608, 26, 2012/11/02, 16:38:01.857, 1613390398681, QTAgent32.exe, PERF WARNING: FindTopLevelWindowHelper::FindAllDescendents: took 665 ms. Expected it to take maximum 500 ms.
W, 3608, 26, 2012/11/02, 16:38:02.286, 1613396539817, QTAgent32.exe, Playback - [WARNING] Internal warning: Smart Match failed
\0
W, 3608, 26, 2012/11/02, 16:38:02.482, 1613399348757, QTAgent32.exe, Playback - [WARNING] Internal warning: Smart Match failed
\0
W, 3608, 26, 2012/11/02, 16:38:02.623, 1613401365412, QTAgent32.exe, Playback - [WARNING] Internal warning: Smart Match failed
\0
W, 3608, 26, 2012/11/02, 16:38:02.763, 1613403377153, QTAgent32.exe, Playback - [WARNING] Internal warning: Smart Match failed
\0
W, 3608, 26, 2012/11/02, 16:38:02.905, 1613405408027, QTAgent32.exe, Playback - [WARNING] Internal warning: Smart Match failed
\0
W, 3608, 26, 2012/11/02, 16:38:03.132, 1613408662346, QTAgent32.exe, Playback - [WARNING] Internal warning: Smart Match failed
\0
W, 3608, 26, 2012/11/02, 16:38:03.274, 1613410691767, QTAgent32.exe, Playback - [WARNING] Internal warning: Smart Match failed
\0
W, 3608, 26, 2012/11/02, 16:38:03.416, 1613412720277, QTAgent32.exe, Playback - [WARNING] Internal warning: Smart Match failed
\0
W, 3608, 26, 2012/11/02, 16:38:03.556, 1613414725282, QTAgent32.exe, Playback - [WARNING] Internal warning: Smart Match failed
\0
W, 3608, 26, 2012/11/02, 16:38:03.696, 1613416730095, QTAgent32.exe, Playback - [WARNING] Internal warning: Smart Match failed
\0
W, 3608, 26, 2012/11/02, 16:38:03.836, 1613418737695, QTAgent32.exe, Playback - [WARNING] Internal warning: Smart Match failed
\0
W, 3608, 26, 2012/11/02, 16:38:03.979, 1613420785287, QTAgent32.exe, Playback - [WARNING] Internal warning: Smart Match failed
\0
W, 3608, 26, 2012/11/02, 16:38:04.121, 1613422816937, QTAgent32.exe, Playback - [WARNING] Internal warning: Smart Match failed
\0
W, 3608, 26, 2012/11/02, 16:38:04.430, 1613427240207, QTAgent32.exe, Playback - [WARNING] Internal warning: Smart Match failed
\0
W, 3608, 26, 2012/11/02, 16:38:04.570, 1613429246384, QTAgent32.exe, Playback - [WARNING] Internal warning: Smart Match failed
\0
W, 3608, 26, 2012/11/02, 16:38:04.711, 1613431264170, QTAgent32.exe, Playback - [WARNING] Internal warning: Smart Match failed
\0
W, 3608, 26, 2012/11/02, 16:38:04.851, 1613433272846, QTAgent32.exe, Playback - [WARNING] Internal warning: Smart Match failed
\0
W, 3608, 26, 2012/11/02, 16:38:04.890, 1613433834131, QTAgent32.exe, Playback - [WARNING] Internal warning: Window Not Found: [VisibleOnly]ControlType='Window' &amp;&amp; Name='Customer: txt1 tdsfs' &amp;&amp; ClassName='ThunderRT6MDIForm'
\0
E, 3608, 26, 2012/11/02, 16:38:04.890, 1613433836767, QTAgent32.exe, &lt;a class=failure&gt;Playback - {189} [FAILED] Function ElementFetcher::FindScreenElement failed to locate UI element (Searching: ;[VisibleOnly]ControlType='Window' &amp;&amp; Name='Customer: txt1 tdsfs' &amp;&amp; ClassName='ThunderRT6MDIForm') (The object specified was not found.)
\0&lt;/a&gt;
E, 3608, 26, 2012/11/02, 16:38:04.986, 1613435196031, QTAgent32.exe, Playback - [IMAGE] C:\Users\peter.zenin-ad\AppData\Local\Temp\UITestLogs\LastRun\RPFB9C6.png
\0
W, 3608, 26, 2012/11/02, 16:38:04.986, 1613435198178, QTAgent32.exe, Playback - [WARNING] Internal warning: Couldn't find descendants that match QueryId
\0
W, 3608, 26, 2012/11/02, 16:38:04.987, 1613435201388, QTAgent32.exe, PERF WARNING: FindTopLevelWindowHelper::FindAllDescendents: took 3128 ms. Expected it to take maximum 500 ms.
E, 3608, 26, 2012/11/02, 16:38:04.987, 1613435203305, QTAgent32.exe, Exception: System.Runtime.InteropServices.COMException
	Message: Error HRESULT E_FAIL has been returned from a call to a COM component.
	Stack Trace:    at Microsoft.VisualStudio.TestTools.UITest.Playback.Engine.IRPFPlayback.FindAllScreenElements(IScreenElement pScreenElementStart, String bstrQueryId, Object&amp; pvarResKeys, Int32 cResKeys, Int32 nMaxDepth, Object[]&amp; foundDescendants)
   at Microsoft.VisualStudio.TestTools.UITest.Playback.ScreenElement.FindTopLevelWindowHelper(String queryId)
	BaseExceptionMessage: Error HRESULT E_FAIL has been returned from a call to a COM component.

E, 3608, 26, 2012/11/02, 16:38:04.987, 1613435208026, QTAgent32.exe, Window 10356582 not responding. Last Win32 error 0
E, 3608, 26, 2012/11/02, 16:38:04.987, 1613435211828, QTAgent32.exe, Window 10356582 not responding. Last Win32 error 1400
E, 3608, 26, 2012/11/02, 16:38:04.988, 1613435216876, QTAgent32.exe, Window 10356582 not responding. Last Win32 error 1400
E, 3608, 26, 2012/11/02, 16:38:04.988, 1613435218280, QTAgent32.exe, GetClassName for handle 10356582 failed
E, 3608, 26, 2012/11/02, 16:38:04.988, 1613435219123, QTAgent32.exe, GetClassName for handle 10356582 failed
W, 3608, 26, 2012/11/02, 16:38:05.219, 1613438533937, QTAgent32.exe, Playback - [WARNING] Internal warning: Window Not Found: [VisibleOnly]ControlType='Window' &amp;&amp; Name='Customer: autotest autotest' &amp;&amp; ClassName='ThunderRT6MDIForm'
\0
E, 3608, 26, 2012/11/02, 16:38:05.220, 1613438537018, QTAgent32.exe, &lt;a class=failure&gt;Playback - {190} [FAILED] Function ElementFetcher::FindScreenElement failed to locate UI element (Searching: ;[VisibleOnly]ControlType='Window' &amp;&amp; Name='Customer: autotest autotest' &amp;&amp; ClassName='ThunderRT6MDIForm') (The object specified was not found.)
\0&lt;/a&gt;
E, 3608, 26, 2012/11/02, 16:38:05.362, 1613440578921, QTAgent32.exe, Playback - [IMAGE] C:\Users\peter.zenin-ad\AppData\Local\Temp\UITestLogs\LastRun\RPFBB1E.png
\0
W, 3608, 26, 2012/11/02, 16:38:05.362, 1613440581234, QTAgent32.exe, Playback - [WARNING] Internal warning: Couldn't find descendants that match QueryId
\0
W, 3608, 26, 2012/11/02, 16:38:05.815, 1613447069090, QTAgent32.exe, Playback - [WARNING] Internal warning: Window Not Found: [VisibleOnly]ControlType='Window' &amp;&amp; Name='Customer: autotest autotest' &amp;&amp; ClassName='ThunderRT6MDIForm'
\0
E, 3608, 26, 2012/11/02, 16:38:05.816, 1613447072146, QTAgent32.exe, &lt;a class=failure&gt;Playback - {191} [FAILED] Function ElementFetcher::FindScreenElement failed to locate UI element (Searching: ;[VisibleOnly]ControlType='Window' &amp;&amp; Name='Customer: autotest autotest' &amp;&amp; ClassName='ThunderRT6MDIForm') (The object specified was not found.)
\0&lt;/a&gt;
E, 3608, 26, 2012/11/02, 16:38:05.952, 1613449028184, QTAgent32.exe, Playback - [IMAGE] C:\Users\peter.zenin-ad\AppData\Local\Temp\UITestLogs\LastRun\RPFBD70.png
\0
W, 3608, 26, 2012/11/02, 16:38:05.952, 1613449030822, QTAgent32.exe, Playback - [WARNING] Internal warning: Couldn't find descendants that match QueryId
\0
W, 3608, 26, 2012/11/02, 16:38:05.953, 1613449034043, QTAgent32.exe, PERF WARNING: FindTopLevelWindowHelper::FindAllDescendents: took 590 ms. Expected it to take maximum 500 ms.
W, 3608, 26, 2012/11/02, 16:38:06.388, 1613455263420, QTAgent32.exe, Playback - [WARNING] Internal warning: Smart Match failed
\0
W, 3608, 26, 2012/11/02, 16:38:06.531, 1613457313090, QTAgent32.exe, Playback - [WARNING] Internal warning: Smart Match failed
\0
W, 3608, 26, 2012/11/02, 16:38:06.673, 1613459343317, QTAgent32.exe, Playback - [WARNING] Internal warning: Smart Match failed
\0
W, 3608, 26, 2012/11/02, 16:38:06.813, 1613461347446, QTAgent32.exe, Playback - [WARNING] Internal warning: Smart Match failed
\0
W, 3608, 26, 2012/11/02, 16:38:06.953, 1613463352476, QTAgent32.exe, Playback - [WARNING] Internal warning: Smart Match failed
\0
W, 3608, 26, 2012/11/02, 16:38:07.094, 1613465380237, QTAgent32.exe, Playback - [WARNING] Internal warning: Smart Match failed
\0
W, 3608, 26, 2012/11/02, 16:38:07.236, 1613467408221, QTAgent32.exe, Playback - [WARNING] Internal warning: Smart Match failed
\0
W, 3608, 26, 2012/11/02, 16:38:07.378, 1613469441396, QTAgent32.exe, Playback - [WARNING] Internal warning: Smart Match failed
\0
W, 3608, 26, 2012/11/02, 16:38:07.520, 1613471474368, QTAgent32.exe, Playback - [WARNING] Internal warning: Smart Match failed
\0
W, 3608, 26, 2012/11/02, 16:38:07.662, 1613473505062, QTAgent32.exe, Playback - [WARNING] Internal warning: Smart Match failed
\0
W, 3608, 26, 2012/11/02, 16:38:07.802, 1613475510525, QTAgent32.exe, Playback - [WARNING] Internal warning: Smart Match failed
\0
W, 3608, 26, 2012/11/02, 16:38:07.943, 1613477538338, QTAgent32.exe, Playback - [WARNING] Internal warning: Smart Match failed
\0
W, 3608, 26, 2012/11/02, 16:38:08.084, 1613479547415, QTAgent32.exe, Playback - [WARNING] Internal warning: Smart Match failed
\0
W, 3608, 26, 2012/11/02, 16:38:08.225, 1613481566660, QTAgent32.exe, Playback - [WARNING] Internal warning: Smart Match failed
\0
W, 3608, 26, 2012/11/02, 16:38:08.365, 1613483570106, QTAgent32.exe, Playback - [WARNING] Internal warning: Smart Match failed
\0
W, 3608, 26, 2012/11/02, 16:38:08.506, 1613485589471, QTAgent32.exe, Playback - [WARNING] Internal warning: Smart Match failed
\0
W, 3608, 26, 2012/11/02, 16:38:08.646, 1613487594260, QTAgent32.exe, Playback - [WARNING] Internal warning: Smart Match failed
\0
W, 3608, 26, 2012/11/02, 16:38:08.786, 1613489599111, QTAgent32.exe, Playback - [WARNING] Internal warning: Smart Match failed
\0
W, 3608, 26, 2012/11/02, 16:38:08.926, 1613491604095, QTAgent32.exe, Playback - [WARNING] Internal warning: Smart Match failed
\0
W, 3608, 26, 2012/11/02, 16:38:09.066, 1613493609452, QTAgent32.exe, Playback - [WARNING] Internal warning: Smart Match failed
\0
W, 3608, 26, 2012/11/02, 16:38:09.103, 1613494139422, QTAgent32.exe, Playback - [WARNING] Internal warning: Window Not Found: [VisibleOnly]ControlType='Window' &amp;&amp; Name='Customer: autotest autotest' &amp;&amp; ClassName='ThunderRT6MDIForm'
\0
E, 3608, 26, 2012/11/02, 16:38:09.103, 1613494142102, QTAgent32.exe, &lt;a class=failure&gt;Playback - {192} [FAILED] Function ElementFetcher::FindScreenElement failed to locate UI element (Searching: ;[VisibleOnly]ControlType='Window' &amp;&amp; Name='Customer: autotest autotest' &amp;&amp; ClassName='ThunderRT6MDIForm') (The object specified was not found.)
\0&lt;/a&gt;
E, 3608, 26, 2012/11/02, 16:38:09.206, 1613495624459, QTAgent32.exe, Playback - [IMAGE] C:\Users\peter.zenin-ad\AppData\Local\Temp\UITestLogs\LastRun\RPFCA3D.png
\0
W, 3608, 26, 2012/11/02, 16:38:09.207, 1613495626831, QTAgent32.exe, Playback - [WARNING] Internal warning: Couldn't find descendants that match QueryId
\0
W, 3608, 26, 2012/11/02, 16:38:09.207, 1613495630195, QTAgent32.exe, PERF WARNING: FindTopLevelWindowHelper::FindAllDescendents: took 3254 ms. Expected it to take maximum 500 ms.
E, 3608, 26, 2012/11/02, 16:38:09.207, 1613495632042, QTAgent32.exe, Exception: System.Runtime.InteropServices.COMException
	Message: Error HRESULT E_FAIL has been returned from a call to a COM component.
	Stack Trace:    at Microsoft.VisualStudio.TestTools.UITest.Playback.Engine.IRPFPlayback.FindAllScreenElements(IScreenElement pScreenElementStart, String bstrQueryId, Object&amp; pvarResKeys, Int32 cResKeys, Int32 nMaxDepth, Object[]&amp; foundDescendants)
   at Microsoft.VisualStudio.TestTools.UITest.Playback.ScreenElement.FindTopLevelWindowHelper(String queryId)
	BaseExceptionMessage: Error HRESULT E_FAIL has been returned from a call to a COM component.

E, 3608, 26, 2012/11/02, 16:38:09.207, 1613495636647, QTAgent32.exe, Window 10356582 not responding. Last Win32 error 0
E, 3608, 26, 2012/11/02, 16:38:09.207, 1613495640505, QTAgent32.exe, Window 10356582 not responding. Last Win32 error 1400
E, 3608, 26, 2012/11/02, 16:38:09.208, 1613495645564, QTAgent32.exe, Window 10356582 not responding. Last Win32 error 1400
E, 3608, 26, 2012/11/02, 16:38:09.208, 1613495646821, QTAgent32.exe, GetClassName for handle 10356582 failed
E, 3608, 26, 2012/11/02, 16:38:09.208, 1613495647658, QTAgent32.exe, GetClassName for handle 10356582 failed
W, 3608, 26, 2012/11/02, 16:38:09.440, 1613498964924, QTAgent32.exe, Playback - [WARNING] Internal warning: Window Not Found: [VisibleOnly]ControlType='Window' &amp;&amp; Name='Customer: txt1 tdsfs' &amp;&amp; ClassName='ThunderRT6MDIForm'
\0
E, 3608, 26, 2012/11/02, 16:38:09.440, 1613498967774, QTAgent32.exe, &lt;a class=failure&gt;Playback - {193} [FAILED] Function ElementFetcher::FindScreenElement failed to locate UI element (Searching: ;[VisibleOnly]ControlType='Window' &amp;&amp; Name='Customer: txt1 tdsfs' &amp;&amp; ClassName='ThunderRT6MDIForm') (The object specified was not found.)
\0&lt;/a&gt;
E, 3608, 26, 2012/11/02, 16:38:09.549, 1613500527252, QTAgent32.exe, Playback - [IMAGE] C:\Users\peter.zenin-ad\AppData\Local\Temp\UITestLogs\LastRun\RPFCB95.png
\0
W, 3608, 26, 2012/11/02, 16:38:09.549, 1613500529398, QTAgent32.exe, Playback - [WARNING] Internal warning: Couldn't find descendants that match QueryId
\0
W, 3608, 26, 2012/11/02, 16:38:10.015, 1613507197686, QTAgent32.exe, Playback - [WARNING] Internal warning: Window Not Found: [VisibleOnly]ControlType='Window' &amp;&amp; Name='Customer: txt1 tdsfs' &amp;&amp; ClassName='ThunderRT6MDIForm'
\0
E, 3608, 26, 2012/11/02, 16:38:10.015, 1613507200507, QTAgent32.exe, &lt;a class=failure&gt;Playback - {194} [FAILED] Function ElementFetcher::FindScreenElement failed to locate UI element (Searching: ;[VisibleOnly]ControlType='Window' &amp;&amp; Name='Customer: txt1 tdsfs' &amp;&amp; ClassName='ThunderRT6MDIForm') (The object specified was not found.)
\0&lt;/a&gt;
E, 3608, 26, 2012/11/02, 16:38:10.121, 1613508722710, QTAgent32.exe, Playback - [IMAGE] C:\Users\peter.zenin-ad\AppData\Local\Temp\UITestLogs\LastRun\RPFCDD7.png
\0
W, 3608, 26, 2012/11/02, 16:38:10.121, 1613508724856, QTAgent32.exe, Playback - [WARNING] Internal warning: Couldn't find descendants that match QueryId
\0
W, 3608, 26, 2012/11/02, 16:38:10.121, 1613508727913, QTAgent32.exe, PERF WARNING: FindTopLevelWindowHelper::FindAllDescendents: took 572 ms. Expected it to take maximum 500 ms.
W, 3608, 26, 2012/11/02, 16:38:10.556, 1613514947294, QTAgent32.exe, Playback - [WARNING] Internal warning: Smart Match failed
\0
W, 3608, 26, 2012/11/02, 16:38:10.702, 1613517038995, QTAgent32.exe, Playback - [WARNING] Internal warning: Smart Match failed
\0
W, 3608, 26, 2012/11/02, 16:38:10.844, 1613519069737, QTAgent32.exe, Playback - [WARNING] Internal warning: Smart Match failed
\0
W, 3608, 26, 2012/11/02, 16:38:10.986, 1613521106332, QTAgent32.exe, Playback - [WARNING] Internal warning: Smart Match failed
\0
W, 3608, 26, 2012/11/02, 16:38:11.127, 1613523132889, QTAgent32.exe, Playback - [WARNING] Internal warning: Smart Match failed
\0
W, 3608, 26, 2012/11/02, 16:38:11.280, 1613525318974, QTAgent32.exe, Playback - [WARNING] Internal warning: Smart Match failed
\0
W, 3608, 26, 2012/11/02, 16:38:11.422, 1613527344430, QTAgent32.exe, Playback - [WARNING] Internal warning: Smart Match failed
\0
W, 3608, 26, 2012/11/02, 16:38:11.563, 1613529366378, QTAgent32.exe, Playback - [WARNING] Internal warning: Smart Match failed
\0
W, 3608, 26, 2012/11/02, 16:38:11.705, 1613531396667, QTAgent32.exe, Playback - [WARNING] Internal warning: Smart Match failed
\0
W, 3608, 26, 2012/11/02, 16:38:11.845, 1613533402746, QTAgent32.exe, Playback - [WARNING] Internal warning: Smart Match failed
\0
W, 3608, 26, 2012/11/02, 16:38:11.999, 1613535607762, QTAgent32.exe, Playback - [WARNING] Internal warning: Smart Match failed
\0
W, 3608, 26, 2012/11/02, 16:38:12.140, 1613537626660, QTAgent32.exe, Playback - [WARNING] Internal warning: Smart Match failed
\0
W, 3608, 26, 2012/11/02, 16:38:12.284, 1613539689495, QTAgent32.exe, Playback - [WARNING] Internal warning: Smart Match failed
\0
W, 3608, 26, 2012/11/02, 16:38:12.426, 1613541720297, QTAgent32.exe, Playback - [WARNING] Internal warning: Smart Match failed
\0
W, 3608, 26, 2012/11/02, 16:38:12.567, 1613543742366, QTAgent32.exe, Playback - [WARNING] Internal warning: Smart Match failed
\0
W, 3608, 26, 2012/11/02, 16:38:12.708, 1613545758701, QTAgent32.exe, Playback - [WARNING] Internal warning: Smart Match failed
\0
W, 3608, 26, 2012/11/02, 16:38:12.848, 1613547763139, QTAgent32.exe, Playback - [WARNING] Internal warning: Smart Match failed
\0
W, 3608, 26, 2012/11/02, 16:38:12.989, 1613549783024, QTAgent32.exe, Playback - [WARNING] Internal warning: Smart Match failed
\0
W, 3608, 26, 2012/11/02, 16:38:13.129, 1613551786178, QTAgent32.exe, Playback - [WARNING] Internal warning: Smart Match failed
\0
W, 3608, 26, 2012/11/02, 16:38:13.166, 1613552325236, QTAgent32.exe, Playback - [WARNING] Internal warning: Window Not Found: [VisibleOnly]ControlType='Window' &amp;&amp; Name='Customer: txt1 tdsfs' &amp;&amp; ClassName='ThunderRT6MDIForm'
\0
E, 3608, 26, 2012/11/02, 16:38:13.166, 1613552328051, QTAgent32.exe, &lt;a class=failure&gt;Playback - {195} [FAILED] Function ElementFetcher::FindScreenElement failed to locate UI element (Searching: ;[VisibleOnly]ControlType='Window' &amp;&amp; Name='Customer: txt1 tdsfs' &amp;&amp; ClassName='ThunderRT6MDIForm') (The object specified was not found.)
\0&lt;/a&gt;
E, 3608, 26, 2012/11/02, 16:38:13.263, 1613553710256, QTAgent32.exe, Playback - [IMAGE] C:\Users\peter.zenin-ad\AppData\Local\Temp\UITestLogs\LastRun\RPFDA27.png
\0
W, 3608, 26, 2012/11/02, 16:38:13.263, 1613553712408, QTAgent32.exe, Playback - [WARNING] Internal warning: Couldn't find descendants that match QueryId
\0
W, 3608, 26, 2012/11/02, 16:38:13.263, 1613553715361, QTAgent32.exe, PERF WARNING: FindTopLevelWindowHelper::FindAllDescendents: took 3141 ms. Expected it to take maximum 500 ms.
E, 3608, 26, 2012/11/02, 16:38:13.263, 1613553717128, QTAgent32.exe, Exception: System.Runtime.InteropServices.COMException
	Message: Error HRESULT E_FAIL has been returned from a call to a COM component.
	Stack Trace:    at Microsoft.VisualStudio.TestTools.UITest.Playback.Engine.IRPFPlayback.FindAllScreenElements(IScreenElement pScreenElementStart, String bstrQueryId, Object&amp; pvarResKeys, Int32 cResKeys, Int32 nMaxDepth, Object[]&amp; foundDescendants)
   at Microsoft.VisualStudio.TestTools.UITest.Playback.ScreenElement.FindTopLevelWindowHelper(String queryId)
	BaseExceptionMessage: Error HRESULT E_FAIL has been returned from a call to a COM component.

E, 3608, 26, 2012/11/02, 16:38:13.264, 1613553722052, QTAgent32.exe, Window 10356582 not responding. Last Win32 error 0
E, 3608, 26, 2012/11/02, 16:38:13.264, 1613553725759, QTAgent32.exe, Window 10356582 not responding. Last Win32 error 1400
E, 3608, 26, 2012/11/02, 16:38:13.264, 1613553730772, QTAgent32.exe, Window 10356582 not responding. Last Win32 error 1400
E, 3608, 26, 2012/11/02, 16:38:13.264, 1613553732017, QTAgent32.exe, GetClassName for handle 10356582 failed
E, 3608, 26, 2012/11/02, 16:38:13.265, 1613553733024, QTAgent32.exe, GetClassName for handle 10356582 failed
W, 3608, 26, 2012/11/02, 16:38:13.494, 1613557023227, QTAgent32.exe, Playback - [WARNING] Internal warning: Window Not Found: [VisibleOnly]ControlType='Window' &amp;&amp; Name='Customer: autotest autotest' &amp;&amp; ClassName='ThunderRT6MDIForm'
\0
E, 3608, 26, 2012/11/02, 16:38:13.494, 1613557026697, QTAgent32.exe, &lt;a class=failure&gt;Playback - {196} [FAILED] Function ElementFetcher::FindScreenElement failed to locate UI element (Searching: ;[VisibleOnly]ControlType='Window' &amp;&amp; Name='Customer: autotest autotest' &amp;&amp; ClassName='ThunderRT6MDIForm') (The object specified was not found.)
\0&lt;/a&gt;
E, 3608, 26, 2012/11/02, 16:38:13.582, 1613558285023, QTAgent32.exe, Playback - [IMAGE] C:\Users\peter.zenin-ad\AppData\Local\Temp\UITestLogs\LastRun\RPFDB70.png
\0
W, 3608, 26, 2012/11/02, 16:38:13.583, 1613558287383, QTAgent32.exe, Playback - [WARNING] Internal warning: Couldn't find descendants that match QueryId
\0
W, 3608, 26, 2012/11/02, 16:38:14.124, 1613566045121, QTAgent32.exe, Playback - [WARNING] Internal warning: Window Not Found: [VisibleOnly]ControlType='Window' &amp;&amp; Name='Customer: autotest autotest' &amp;&amp; ClassName='ThunderRT6MDIForm'
\0
E, 3608, 26, 2012/11/02, 16:38:14.125, 1613566048167, QTAgent32.exe, &lt;a class=failure&gt;Playback - {197} [FAILED] Function ElementFetcher::FindScreenElement failed to locate UI element (Searching: ;[VisibleOnly]ControlType='Window' &amp;&amp; Name='Customer: autotest autotest' &amp;&amp; ClassName='ThunderRT6MDIForm') (The object specified was not found.)
\0&lt;/a&gt;
E, 3608, 26, 2012/11/02, 16:38:14.212, 1613567303665, QTAgent32.exe, Playback - [IMAGE] C:\Users\peter.zenin-ad\AppData\Local\Temp\UITestLogs\LastRun\RPFDDE1.png
\0
W, 3608, 26, 2012/11/02, 16:38:14.212, 1613567305896, QTAgent32.exe, Playback - [WARNING] Internal warning: Couldn't find descendants that match QueryId
\0
W, 3608, 26, 2012/11/02, 16:38:14.213, 1613567309026, QTAgent32.exe, PERF WARNING: FindTopLevelWindowHelper::FindAllDescendents: took 629 ms. Expected it to take maximum 500 ms.
W, 3608, 26, 2012/11/02, 16:38:14.647, 1613573525400, QTAgent32.exe, Playback - [WARNING] Internal warning: Smart Match failed
\0
W, 3608, 26, 2012/11/02, 16:38:14.789, 1613575558410, QTAgent32.exe, Playback - [WARNING] Internal warning: Smart Match failed
\0
W, 3608, 26, 2012/11/02, 16:38:14.931, 1613577575926, QTAgent32.exe, Playback - [WARNING] Internal warning: Smart Match failed
\0
W, 3608, 26, 2012/11/02, 16:38:15.115, 1613580213519, QTAgent32.exe, Playback - [WARNING] Internal warning: Smart Match failed
\0
W, 3608, 26, 2012/11/02, 16:38:15.256, 1613582228718, QTAgent32.exe, Playback - [WARNING] Internal warning: Smart Match failed
\0
W, 3608, 26, 2012/11/02, 16:38:15.396, 1613584233356, QTAgent32.exe, Playback - [WARNING] Internal warning: Smart Match failed
\0
W, 3608, 26, 2012/11/02, 16:38:15.536, 1613586239201, QTAgent32.exe, Playback - [WARNING] Internal warning: Smart Match failed
\0
W, 3608, 26, 2012/11/02, 16:38:15.676, 1613588244016, QTAgent32.exe, Playback - [WARNING] Internal warning: Smart Match failed
\0
W, 3608, 26, 2012/11/02, 16:38:15.818, 1613590281205, QTAgent32.exe, Playback - [WARNING] Internal warning: Smart Match failed
\0
W, 3608, 26, 2012/11/02, 16:38:15.966, 1613592399183, QTAgent32.exe, Playback - [WARNING] Internal warning: Smart Match failed
\0
W, 3608, 26, 2012/11/02, 16:38:16.108, 1613594432147, QTAgent32.exe, Playback - [WARNING] Internal warning: Smart Match failed
\0
W, 3608, 26, 2012/11/02, 16:38:16.250, 1613596465308, QTAgent32.exe, Playback - [WARNING] Internal warning: Smart Match failed
\0
W, 3608, 26, 2012/11/02, 16:38:16.391, 1613598480747, QTAgent32.exe, Playback - [WARNING] Internal warning: Smart Match failed
\0
W, 3608, 26, 2012/11/02, 16:38:16.530, 1613600484480, QTAgent32.exe, Playback - [WARNING] Internal warning: Smart Match failed
\0
W, 3608, 26, 2012/11/02, 16:38:16.671, 1613602490286, QTAgent32.exe, Playback - [WARNING] Internal warning: Smart Match failed
\0
W, 3608, 26, 2012/11/02, 16:38:16.811, 1613604494136, QTAgent32.exe, Playback - [WARNING] Internal warning: Smart Match failed
\0
W, 3608, 26, 2012/11/02, 16:38:16.951, 1613606503196, QTAgent32.exe, Playback - [WARNING] Internal warning: Smart Match failed
\0
W, 3608, 26, 2012/11/02, 16:38:17.092, 1613608521733, QTAgent32.exe, Playback - [WARNING] Internal warning: Smart Match failed
\0
W, 3608, 26, 2012/11/02, 16:38:17.234, 1613610554976, QTAgent32.exe, Playback - [WARNING] Internal warning: Smart Match failed
\0
W, 3608, 26, 2012/11/02, 16:38:17.272, 1613611101701, QTAgent32.exe, Playback - [WARNING] Internal warning: Window Not Found: [VisibleOnly]ControlType='Window' &amp;&amp; Name='Customer: autotest autotest' &amp;&amp; ClassName='ThunderRT6MDIForm'
\0
E, 3608, 26, 2012/11/02, 16:38:17.272, 1613611104125, QTAgent32.exe, &lt;a class=failure&gt;Playback - {198} [FAILED] Function ElementFetcher::FindScreenElement failed to locate UI element (Searching: ;[VisibleOnly]ControlType='Window' &amp;&amp; Name='Customer: autotest autotest' &amp;&amp; ClassName='ThunderRT6MDIForm') (The object specified was not found.)
\0&lt;/a&gt;
E, 3608, 26, 2012/11/02, 16:38:17.362, 1613612389437, QTAgent32.exe, Playback - [IMAGE] C:\Users\peter.zenin-ad\AppData\Local\Temp\UITestLogs\LastRun\RPFEA31.png
\0
W, 3608, 26, 2012/11/02, 16:38:17.362, 1613612391715, QTAgent32.exe, Playback - [WARNING] Internal warning: Couldn't find descendants that match QueryId
\0
W, 3608, 26, 2012/11/02, 16:38:17.362, 1613612394722, QTAgent32.exe, PERF WARNING: FindTopLevelWindowHelper::FindAllDescendents: took 3148 ms. Expected it to take maximum 500 ms.
E, 3608, 26, 2012/11/02, 16:38:17.362, 1613612396511, QTAgent32.exe, Exception: System.Runtime.InteropServices.COMException
	Message: Error HRESULT E_FAIL has been returned from a call to a COM component.
	Stack Trace:    at Microsoft.VisualStudio.TestTools.UITest.Playback.Engine.IRPFPlayback.FindAllScreenElements(IScreenElement pScreenElementStart, String bstrQueryId, Object&amp; pvarResKeys, Int32 cResKeys, Int32 nMaxDepth, Object[]&amp; foundDescendants)
   at Microsoft.VisualStudio.TestTools.UITest.Playback.ScreenElement.FindTopLevelWindowHelper(String queryId)
	BaseExceptionMessage: Error HRESULT E_FAIL has been returned from a call to a COM component.

E, 3608, 26, 2012/11/02, 16:38:17.363, 1613612401420, QTAgent32.exe, Window 10356582 not responding. Last Win32 error 0
E, 3608, 26, 2012/11/02, 16:38:17.363, 1613612405231, QTAgent32.exe, Window 10356582 not responding. Last Win32 error 1400
E, 3608, 26, 2012/11/02, 16:38:17.363, 1613612409923, QTAgent32.exe, Window 10356582 not responding. Last Win32 error 1400
E, 3608, 26, 2012/11/02, 16:38:17.363, 1613612411179, QTAgent32.exe, GetClassName for handle 10356582 failed
E, 3608, 26, 2012/11/02, 16:38:17.363, 1613612412707, QTAgent32.exe, GetClassName for handle 10356582 failed
E, 3608, 26, 2012/11/02, 16:38:17.464, 1613613851773, QTAgent32.exe, AL: Playback Error: Microsoft.VisualStudio.TestTools.UITest.Extension.UITestControlNotFoundException: Unable to find the top level element of the control ---&gt; Microsoft.VisualStudio.TestTools.UITest.Extension.UITestControlNotFoundException: The playback failed to find the control with the given search properties. Additional Details: 
TechnologyName:  'MSAA'
ControlType:  'Window'
 ---&gt; System.Runtime.InteropServices.COMException: Error HRESULT E_FAIL has been returned from a call to a COM component.
   at Microsoft.VisualStudio.TestTools.UITest.Playback.Engine.IRPFPlayback.FindAllScreenElements(IScreenElement pScreenElementStart, String bstrQueryId, Object&amp; pvarResKeys, Int32 cResKeys, Int32 nMaxDepth, Object[]&amp; foundDescendants)
   at Microsoft.VisualStudio.TestTools.UITest.Playback.ScreenElement.FindTopLevelWindowHelper(String queryId)
   at Microsoft.VisualStudio.TestTools.UITest.Playback.ScreenElement.FindFromPartialQueryId(String queryId)
   at Microsoft.VisualStudio.TestTools.UITesting.UITestControl..ctor(String queryId)
   --- End of inner exception stack trace ---
   at Microsoft.VisualStudio.TestTools.UITesting.Playback.MapControlNotFoundException(COMException ex, IPlaybackContext context)
   at Microsoft.VisualStudio.TestTools.UITesting.Playback.MapAndThrowComException(COMException innerException, IPlaybackContext context)
   at Microsoft.VisualStudio.TestTools.UITesting.Playback.MapAndThrowException(SystemException exception, IPlaybackContext context)
   at Microsoft.VisualStudio.TestTools.UITesting.Playback.MapAndThrowException(SystemException exception, String queryId)
   at Microsoft.VisualStudio.TestTools.UITesting.UITestControl..ctor(String queryId)
   at Microsoft.VisualStudio.TestTools.UITesting.SearchHelper.SearchTopLevelWindow(ISearchArgument topLevelSearchArg, String topLevelElementQueryId)
   at Microsoft.VisualStudio.TestTools.UITesting.SearchHelper.SearchUsingMultipleTitles(ISearchArgument topLevelSearchArg, QueryId topLevelQueryId, IList`1 windowTitles)
   --- End of inner exception stack trace ---
   at Microsoft.VisualStudio.TestTools.UITesting.SearchHelper.SearchUsingMultipleTitles(ISearchArgument topLevelSearchArg, QueryId topLevelQueryId, IList`1 windowTitles)
   at Microsoft.VisualStudio.TestTools.UITesting.SearchHelper.GetTitleUpdatedTopLevelWindow(ISearchArgument topLevelSearchArg, String queryId, IList`1 windowTitles)
   at Microsoft.VisualStudio.TestTools.UITesting.SearchHelper.GetTopLevelElement(Boolean useCache, Boolean useCacheOnly, ISearchArgument searchArg, IList`1 windowTitles, Int32&amp; timeLeft)
   at Microsoft.VisualStudio.TestTools.UITesting.SearchHelper.GetElement(Boolean useCache, ISearchArgument searchArg)
   at Microsoft.VisualStudio.TestTools.UITesting.SearchHelper.Search(ISearchArgument searchArg)
   at Microsoft.VisualStudio.TestTools.UITesting.UITestControl.FindInternal()
   at Microsoft.VisualStudio.TestTools.UITesting.UITestControl.FindControlIfNecessary()
   at Microsoft.VisualStudio.TestTools.UITesting.UITestControl.Click(MouseButtons button, ModifierKeys modifierKeys, Point relativeCoordinates)
   at Microsoft.VisualStudio.TestTools.UITesting.Mouse.ClickImplementation(UITestControl control, MouseButtons button, ModifierKeys modifierKeys, Point relativeCoordinate)
   at Microsoft.VisualStudio.TestTools.UITesting.Mouse.ClickImplementationWrapper(UITestControl control, MouseButtons button, ModifierKeys modifierKeys, Point relativeCoordinate)
W, 3608, 26, 2012/11/02, 16:38:17.464, 1613613853996, QTAgent32.exe, PlaybackErrorHandler: Ignoring exception as ContinueOnError is set.
W, 3608, 26, 2012/11/02, 16:38:17.592, 1613615680239, QTAgent32.exe, &lt;a class=success&gt;Playback - {199} [SUCCESS] MouseButtonClick - "[MSAA, VisibleOnly]ControlType='Button' &amp;&amp; Name='Close'"
\0&lt;/a&gt;
W, 3608, 26, 2012/11/02, 16:38:21.694, 1613674421231, QTAgent32.exe, IEDOM : StopSession of the plugin called before StartSession
W, 3608, 26, 2012/11/02, 16:38:21.694, 1613674422559, QTAgent32.exe, UIA : StopSession of the plugin called before StartSession
W, 3608, 26, 2012/11/02, 16:38:21.694, 1613674423253, QTAgent32.exe, SLPlugin : StopSession of the plugin called before StartSession
</DebugTrace>
      </Output>
    </UnitTestResult>
    <UnitTestResult executionId="d316b21a-ac63-4e28-9177-789eb04e86bc" testId="9e6b6d54-b79f-e7d9-2609-a84c350c12a1" testName="MotoTest1" computerName="ICLVDEVAP01" duration="00:01:50.2834497" startTime="2012-11-02T16:38:21.7076798+00:00" endTime="2012-11-02T16:40:12.0007080+00:00" testType="13cdc9d9-ddb5-4fa4-a97d-d965ccfc6d4b" outcome="Failed" testListId="8c84fa94-04c1-424b-9868-57a2d4851a1d" relativeResultsDirectory="d316b21a-ac63-4e28-9177-789eb04e86bc">
      <Output>
        <DebugTrace>W, 3608, 24, 2012/11/02, 16:38:21.712, 1613674685115, QTAgent32.exe, ExtensionFramework : A Technology Manager with name Web is already registered.
W, 3608, 24, 2012/11/02, 16:38:22.345, 1613683740400, QTAgent32.exe, &lt;a class=success&gt;Playback - {1} [SUCCESS] MouseButtonClick - "[MSAA, VisibleOnly]ControlType='Edit'"
\0&lt;/a&gt;
W, 3608, 24, 2012/11/02, 16:38:22.534, 1613686444538, QTAgent32.exe, &lt;a class=success&gt;Playback - {2} [SUCCESS] SendKeys "[*]" - "[MSAA, VisibleOnly]ControlType='Edit'"
\0&lt;/a&gt;
W, 3608, 24, 2012/11/02, 16:38:23.219, 1613696257071, QTAgent32.exe, &lt;a class=success&gt;Playback - {3} [SUCCESS] MouseButtonClick - "[MSAA, VisibleOnly]ControlType='Button' &amp;&amp; Name='OK'"
\0&lt;/a&gt;
W, 3608, 24, 2012/11/02, 16:38:23.763, 1613704051885, QTAgent32.exe, &lt;a class=success&gt;Playback - {4} [SUCCESS] MouseButtonClick - "[MSAA, VisibleOnly]ControlType='Button' &amp;&amp; Name='OK'"
\0&lt;/a&gt;
W, 3608, 24, 2012/11/02, 16:38:24.018, 1613707699284, QTAgent32.exe, &lt;a class=success&gt;Playback - {5} [SUCCESS] MouseButtonClick - "[MSAA, VisibleOnly]ControlType='Button' &amp;&amp; Name='Clients &amp; Files'"
\0&lt;/a&gt;
W, 3608, 24, 2012/11/02, 16:38:24.323, 1613712069340, QTAgent32.exe, &lt;a class=success&gt;Playback - {6} [SUCCESS] MouseButtonClick - "[MSAA, VisibleOnly]ControlType='Button' &amp;&amp; Name='Clients &amp; Files'"
\0&lt;/a&gt;
W, 3608, 24, 2012/11/02, 16:38:24.866, 1613719838474, QTAgent32.exe, Playback - [WARNING] Internal warning: Window Not Found: [VisibleOnly]ControlType='Window' &amp;&amp; Name='Customer: txt1 tdsfs' &amp;&amp; ClassName='ThunderRT6MDIForm'
\0
E, 3608, 24, 2012/11/02, 16:38:24.866, 1613719841308, QTAgent32.exe, &lt;a class=failure&gt;Playback - {7} [FAILED] Function ElementFetcher::FindScreenElement failed to locate UI element (Searching: ;[VisibleOnly]ControlType='Window' &amp;&amp; Name='Customer: txt1 tdsfs' &amp;&amp; ClassName='ThunderRT6MDIForm') (The object specified was not found.)
\0&lt;/a&gt;
E, 3608, 24, 2012/11/02, 16:38:24.954, 1613721088982, QTAgent32.exe, Playback - [IMAGE] C:\Users\peter.zenin-ad\AppData\Local\Temp\UITestLogs\LastRun\RPF7DF.png
\0
W, 3608, 24, 2012/11/02, 16:38:24.954, 1613721091203, QTAgent32.exe, Playback - [WARNING] Internal warning: Couldn't find descendants that match QueryId
\0
W, 3608, 24, 2012/11/02, 16:38:43.050, 1613980186574, QTAgent32.exe, Playback - [WARNING] Internal warning: Window Not Found: [VisibleOnly]ControlType='Window' &amp;&amp; Name='Customer: txt1 tdsfs' &amp;&amp; ClassName='ThunderRT6MDIForm'
\0
E, 3608, 24, 2012/11/02, 16:38:43.050, 1613980189432, QTAgent32.exe, &lt;a class=failure&gt;Playback - {8} [FAILED] Function ElementFetcher::FindScreenElement failed to locate UI element (Searching: ;[VisibleOnly]ControlType='Window' &amp;&amp; Name='Customer: txt1 tdsfs' &amp;&amp; ClassName='ThunderRT6MDIForm') (The object specified was not found.)
\0&lt;/a&gt;
E, 3608, 24, 2012/11/02, 16:38:43.136, 1613981425382, QTAgent32.exe, Playback - [IMAGE] C:\Users\peter.zenin-ad\AppData\Local\Temp\UITestLogs\LastRun\RPF4EDF.png
\0
W, 3608, 24, 2012/11/02, 16:38:43.137, 1613981427733, QTAgent32.exe, Playback - [WARNING] Internal warning: Couldn't find descendants that match QueryId
\0
W, 3608, 24, 2012/11/02, 16:38:43.137, 1613981430718, QTAgent32.exe, PERF WARNING: FindTopLevelWindowHelper::FindAllDescendents: took 18182 ms. Expected it to take maximum 500 ms.
W, 3608, 24, 2012/11/02, 16:38:43.632, 1613988516529, QTAgent32.exe, Playback - [WARNING] Internal warning: Window with Class "ThunderRT6MDIForm" and Title "Customer: txt1 tdsfs" was not found, so similar window with Class "ThunderRT6MDIForm" and Title "Customer: autotest" was accepted
\0
W, 3608, 24, 2012/11/02, 16:38:44.898, 1614006643070, QTAgent32.exe, Playback - [WARNING] Internal warning: Incorrect flag set for InvokeProgrammaticAction\0
W, 3608, 24, 2012/11/02, 16:38:45.017, 1614008341468, QTAgent32.exe, &lt;a class=success&gt;Playback - {9} [SUCCESS] SetValueAsComboBox "Customers" - "[MSAA, VisibleOnly]ControlType='ComboBox'"  &lt; SetValueAsComboBox, set by clicking on the item in the list box &gt;
\0&lt;/a&gt;
W, 3608, 24, 2012/11/02, 16:38:45.450, 1614014538756, QTAgent32.exe, &lt;a class=success&gt;Playback - {10} [SUCCESS] MouseButtonClick - "[MSAA, VisibleOnly]ControlType='Button' &amp;&amp; Name='Add'"
\0&lt;/a&gt;
W, 3608, 24, 2012/11/02, 16:38:45.752, 1614018860582, QTAgent32.exe, &lt;a class=success&gt;Playback - {11} [SUCCESS] SendKeys "autotest" - "[MSAA, VisibleOnly]ControlType='RadioButton' &amp;&amp; Name='Personal Lines'"
\0&lt;/a&gt;
W, 3608, 24, 2012/11/02, 16:38:46.103, 1614023890147, QTAgent32.exe, &lt;a class=success&gt;Playback - {12} [SUCCESS] SetValueAsEditBox "autotest" - "[MSAA, VisibleOnly]ControlType='Edit'"  &lt; Set via SendKeys &gt;
\0&lt;/a&gt;
W, 3608, 24, 2012/11/02, 16:38:46.399, 1614028129342, QTAgent32.exe, &lt;a class=success&gt;Playback - {13} [SUCCESS] MouseButtonClick - "[MSAA, VisibleOnly]ControlType='Button' &amp;&amp; Name='OK'"
\0&lt;/a&gt;
W, 3608, 24, 2012/11/02, 16:38:46.782, 1614033615329, QTAgent32.exe, &lt;a class=success&gt;Playback - {14} [SUCCESS] MouseButtonClick - "[MSAA, VisibleOnly]ControlType='Button' &amp;&amp; Name='Yes'"
\0&lt;/a&gt;
W, 3608, 24, 2012/11/02, 16:38:46.977, 1614036400497, QTAgent32.exe, &lt;a class=success&gt;Playback - {15} [SUCCESS] SendKeys "^{HOME}" - "[MSAA, VisibleOnly]ControlType='Edit'"
\0&lt;/a&gt;
E, 3608, 24, 2012/11/02, 16:38:46.977, 1614036402956, QTAgent32.exe, Msaa.GetFocusedElement: could not find accessible object of foreground window
W, 3608, 24, 2012/11/02, 16:38:47.030, 1614037159353, QTAgent32.exe, &lt;a class=success&gt;Playback - {16} [SUCCESS] SendKeys "^+{END}" - "[MSAA, VisibleOnly]ControlType='Edit'"
\0&lt;/a&gt;
E, 3608, 24, 2012/11/02, 16:38:47.030, 1614037161427, QTAgent32.exe, Msaa.GetFocusedElement: could not find accessible object of foreground window
W, 3608, 24, 2012/11/02, 16:38:47.043, 1614037345798, QTAgent32.exe, &lt;a class=success&gt;Playback - {17} [SUCCESS] SendKeys "{DELETE}" - "[MSAA, VisibleOnly]ControlType='Edit'"
\0&lt;/a&gt;
W, 3608, 24, 2012/11/02, 16:38:47.100, 1614038165621, QTAgent32.exe, &lt;a class=success&gt;Playback - {18} [SUCCESS] SetValueAsEditBox "1" - "[MSAA, VisibleOnly]ControlType='Edit'"  &lt; Set via SendKeys &gt;
\0&lt;/a&gt;
W, 3608, 24, 2012/11/02, 16:38:47.279, 1614040724730, QTAgent32.exe, &lt;a class=success&gt;Playback - {19} [SUCCESS] SendKeys "^{HOME}" - "[MSAA, VisibleOnly]ControlType='Edit'"
\0&lt;/a&gt;
E, 3608, 24, 2012/11/02, 16:38:47.279, 1614040727001, QTAgent32.exe, Msaa.GetFocusedElement: could not find accessible object of foreground window
W, 3608, 24, 2012/11/02, 16:38:47.336, 1614041541264, QTAgent32.exe, &lt;a class=success&gt;Playback - {20} [SUCCESS] SendKeys "^+{END}" - "[MSAA, VisibleOnly]ControlType='Edit'"
\0&lt;/a&gt;
E, 3608, 24, 2012/11/02, 16:38:47.336, 1614041543847, QTAgent32.exe, Msaa.GetFocusedElement: could not find accessible object of foreground window
W, 3608, 24, 2012/11/02, 16:38:47.354, 1614041799335, QTAgent32.exe, &lt;a class=success&gt;Playback - {21} [SUCCESS] SendKeys "{DELETE}" - "[MSAA, VisibleOnly]ControlType='Edit'"
\0&lt;/a&gt;
W, 3608, 24, 2012/11/02, 16:38:47.406, 1614042547207, QTAgent32.exe, &lt;a class=success&gt;Playback - {22} [SUCCESS] SetValueAsEditBox "1" - "[MSAA, VisibleOnly]ControlType='Edit'"  &lt; Set via SendKeys &gt;
\0&lt;/a&gt;
W, 3608, 24, 2012/11/02, 16:38:47.714, 1614046956241, QTAgent32.exe, &lt;a class=success&gt;Playback - {23} [SUCCESS] MouseButtonClick - "[MSAA, VisibleOnly]ControlType='Button' &amp;&amp; Name='OK'"
\0&lt;/a&gt;
W, 3608, 24, 2012/11/02, 16:38:48.029, 1614051462385, QTAgent32.exe, &lt;a class=success&gt;Playback - {24} [SUCCESS] MouseButtonClick - "[MSAA, VisibleOnly]ControlType='Button'"
\0&lt;/a&gt;
W, 3608, 24, 2012/11/02, 16:38:48.332, 1614055804840, QTAgent32.exe, &lt;a class=success&gt;Playback - {25} [SUCCESS] MouseButtonClick - "[MSAA, VisibleOnly]ControlType='Button' &amp;&amp; Name='Add'"
\0&lt;/a&gt;
W, 3608, 24, 2012/11/02, 16:38:48.630, 1614060080825, QTAgent32.exe, &lt;a class=success&gt;Playback - {26} [SUCCESS] MouseButtonClick - "[MSAA, VisibleOnly]ControlType='Button' &amp;&amp; Name='OK'"
\0&lt;/a&gt;
W, 3608, 24, 2012/11/02, 16:38:50.860, 1614092001537, QTAgent32.exe, &lt;a class=success&gt;Playback - {27} [SUCCESS] MouseButtonClick - "[MSAA, VisibleOnly,Window]ControlType='Window' &amp;&amp; ClassName='ThunderRT6TextBox'"
\0&lt;/a&gt;
W, 3608, 24, 2012/11/02, 16:38:51.125, 1614095799673, QTAgent32.exe, &lt;a class=success&gt;Playback - {28} [SUCCESS] SetValueAsEditBox "MOTO" - "[MSAA, VisibleOnly]ControlType='Edit'"  &lt; Set via SendKeys &gt;
\0&lt;/a&gt;
W, 3608, 24, 2012/11/02, 16:38:51.423, 1614100067242, QTAgent32.exe, &lt;a class=success&gt;Playback - {29} [SUCCESS] MouseButtonClick - "[MSAA, VisibleOnly]ControlType='Button' &amp;&amp; Name='OK'"
\0&lt;/a&gt;
W, 3608, 24, 2012/11/02, 16:38:51.650, 1614103321760, QTAgent32.exe, &lt;a class=success&gt;Playback - {30} [SUCCESS] MouseButtonClick - "[MSAA, VisibleOnly]ControlType='Button' &amp;&amp; Name='Options'"
\0&lt;/a&gt;
W, 3608, 24, 2012/11/02, 16:38:51.750, 1614104749002, QTAgent32.exe, FindScreenElementInSinglePass : Attempting to find control in one pass of search. Failures can occur.
W, 3608, 24, 2012/11/02, 16:38:51.916, 1614107121833, QTAgent32.exe, &lt;a class=success&gt;Playback - {31} [SUCCESS] MouseButtonClick - "[MSAA]ControlType='MenuItem' &amp;&amp; Name='Links'"
\0&lt;/a&gt;
W, 3608, 24, 2012/11/02, 16:38:52.016, 1614108558533, QTAgent32.exe, FindScreenElementInSinglePass : Attempting to find control in one pass of search. Failures can occur.
W, 3608, 24, 2012/11/02, 16:38:52.174, 1614110816701, QTAgent32.exe, &lt;a class=success&gt;Playback - {32} [SUCCESS] MouseButtonClick - "[MSAA]ControlType='MenuItem' &amp;&amp; Name='3rd Party Integration'"
\0&lt;/a&gt;
W, 3608, 24, 2012/11/02, 16:38:52.274, 1614112253368, QTAgent32.exe, FindScreenElementInSinglePass : Attempting to find control in one pass of search. Failures can occur.
W, 3608, 24, 2012/11/02, 16:38:52.441, 1614114638110, QTAgent32.exe, &lt;a class=success&gt;Playback - {33} [SUCCESS] MouseButtonClick - "[MSAA]ControlType='MenuItem' &amp;&amp; Name='Quote Select List'"
\0&lt;/a&gt;
W, 3608, 24, 2012/11/02, 16:38:54.303, 1614141303054, QTAgent32.exe, PERF WARNING: FindTopLevelWindowHelper::FindAllDescendents: took 1718 ms. Expected it to take maximum 500 ms.
W, 3608, 24, 2012/11/02, 16:38:55.826, 1614163099633, QTAgent32.exe, &lt;a class=success&gt;Playback - {34} [SUCCESS] MouseButtonClick - "[MSAA, VisibleOnly]ControlType='Button' &amp;&amp; Name='Ok'"
\0&lt;/a&gt;
W, 3608, 24, 2012/11/02, 16:38:57.397, 1614185590960, QTAgent32.exe, PERF WARNING: FindTopLevelWindowHelper::FindAllDescendents: took 1464 ms. Expected it to take maximum 500 ms.
W, 3608, 24, 2012/11/02, 16:38:57.617, 1614188742055, QTAgent32.exe, &lt;a class=success&gt;Playback - {35} [SUCCESS] MouseButtonClick - "[MSAA, VisibleOnly]ControlType='Button' &amp;&amp; Name='Ok'"
\0&lt;/a&gt;
W, 3608, 24, 2012/11/02, 16:38:57.893, 1614192696458, QTAgent32.exe, &lt;a class=success&gt;Playback - {36} [SUCCESS] SetValueAsEditBox "Test" - "[MSAA, VisibleOnly]ControlType='Edit'"  &lt; Set via SendKeys &gt;
\0&lt;/a&gt;
W, 3608, 24, 2012/11/02, 16:38:58.048, 1614194913295, QTAgent32.exe, &lt;a class=success&gt;Playback - {37} [SUCCESS] SendKeys "{Tab}" - "[MSAA, VisibleOnly]ControlType='Edit'"
\0&lt;/a&gt;
W, 3608, 24, 2012/11/02, 16:38:58.337, 1614199053280, QTAgent32.exe, &lt;a class=success&gt;Playback - {38} [SUCCESS] SetValueAsEditBox "test" - "[MSAA, VisibleOnly]ControlType='Edit'"  &lt; Set via SendKeys &gt;
\0&lt;/a&gt;
W, 3608, 24, 2012/11/02, 16:38:58.663, 1614203722481, QTAgent32.exe, &lt;a class=success&gt;Playback - {39} [SUCCESS] SetValueAsEditBox "160485" - "[MSAA, VisibleOnly]ControlType='Edit'"  &lt; Set via SendKeys &gt;
\0&lt;/a&gt;
W, 3608, 24, 2012/11/02, 16:38:58.977, 1614208218192, QTAgent32.exe, &lt;a class=success&gt;Playback - {40} [SUCCESS] SetValueAsEditBox "B338TH" - "[MSAA, VisibleOnly]ControlType='Edit'"  &lt; Set via SendKeys &gt;
\0&lt;/a&gt;
W, 3608, 24, 2012/11/02, 16:39:01.207, 1614240145373, QTAgent32.exe, &lt;a class=success&gt;Playback - {41} [SUCCESS] MouseButtonClick - "[MSAA, VisibleOnly]ControlType='Button' &amp;&amp; Name='Lookup...'"
\0&lt;/a&gt;
W, 3608, 24, 2012/11/02, 16:39:01.438, 1614243456547, QTAgent32.exe, &lt;a class=success&gt;Playback - {42} [SUCCESS] MouseButtonClick - "[MSAA, VisibleOnly]ControlType='Button' &amp;&amp; Name='Ok'"
\0&lt;/a&gt;
W, 3608, 24, 2012/11/02, 16:39:03.443, 1614272169008, QTAgent32.exe, &lt;a class=success&gt;Playback - {43} [SUCCESS] MouseButtonClick - "[MSAA, VisibleOnly]ControlType='Button' &amp;&amp; Name='OK'"
\0&lt;/a&gt;
W, 3608, 24, 2012/11/02, 16:39:03.834, 1614277768065, QTAgent32.exe, Playback - [WARNING] Internal warning: Incorrect flag set for InvokeProgrammaticAction\0
W, 3608, 24, 2012/11/02, 16:39:03.953, 1614279472667, QTAgent32.exe, &lt;a class=success&gt;Playback - {44} [SUCCESS] SetValueAsComboBox "Account Executive" - "[MSAA, VisibleOnly]ControlType='ComboBox'"  &lt; SetValueAsComboBox, set by clicking on the item in the list box &gt;
\0&lt;/a&gt;
W, 3608, 24, 2012/11/02, 16:39:04.340, 1614285017950, QTAgent32.exe, Playback - [WARNING] Internal warning: Incorrect flag set for InvokeProgrammaticAction\0
W, 3608, 24, 2012/11/02, 16:39:04.459, 1614286710352, QTAgent32.exe, &lt;a class=success&gt;Playback - {45} [SUCCESS] SetValueAsComboBox "Acupuncture" - "[MSAA, VisibleOnly]ControlType='ComboBox'"  &lt; SetValueAsComboBox, set by clicking on the item in the list box &gt;
\0&lt;/a&gt;
W, 3608, 24, 2012/11/02, 16:39:04.836, 1614292113561, QTAgent32.exe, &lt;a class=success&gt;Playback - {46} [SUCCESS] SetValueAsEditBox "151101" - "[MSAA, VisibleOnly]ControlType='Edit'"  &lt; Set via SendKeys &gt;
\0&lt;/a&gt;
W, 3608, 24, 2012/11/02, 16:39:06.404, 1614314546306, QTAgent32.exe, &lt;a class=success&gt;Playback - {47} [SUCCESS] MouseButtonClick - "[MSAA, VisibleOnly]ControlType='Button' &amp;&amp; Name='OK'"
\0&lt;/a&gt;
W, 3608, 24, 2012/11/02, 16:39:06.808, 1614320336411, QTAgent32.exe, &lt;a class=success&gt;Playback - {48} [SUCCESS] SetValueAsEditBox "RF53OXL" - "[MSAA, VisibleOnly]ControlType='Edit'"  &lt; Set via SendKeys &gt;
\0&lt;/a&gt;
W, 3608, 24, 2012/11/02, 16:39:09.031, 1614352162187, QTAgent32.exe, &lt;a class=success&gt;Playback - {49} [SUCCESS] MouseButtonClick - "[MSAA, VisibleOnly]ControlType='Button' &amp;&amp; Name='Filter'"
\0&lt;/a&gt;
W, 3608, 24, 2012/11/02, 16:39:11.821, 1614392112773, QTAgent32.exe, &lt;a class=success&gt;Playback - {50} [SUCCESS] MouseButtonClick - "[MSAA, VisibleOnly]ControlType='Button' &amp;&amp; Name='OK'"
\0&lt;/a&gt;
W, 3608, 24, 2012/11/02, 16:39:15.899, 1614450500995, QTAgent32.exe, PERF WARNING: FindTopLevelWindowHelper::FindAllDescendents: took 3977 ms. Expected it to take maximum 500 ms.
W, 3608, 24, 2012/11/02, 16:39:17.120, 1614467977751, QTAgent32.exe, &lt;a class=success&gt;Playback - {51} [SUCCESS] SendKeys "^{HOME}" - "[MSAA, VisibleOnly]ControlType='Edit'"
\0&lt;/a&gt;
E, 3608, 24, 2012/11/02, 16:39:17.120, 1614467981296, QTAgent32.exe, Msaa.GetFocusedElement: could not find accessible object of foreground window
W, 3608, 24, 2012/11/02, 16:39:17.505, 1614473498966, QTAgent32.exe, &lt;a class=success&gt;Playback - {52} [SUCCESS] SendKeys "{HOME}" - "[MSAA, VisibleOnly]ControlType='Edit'"
\0&lt;/a&gt;
W, 3608, 24, 2012/11/02, 16:39:20.990, 1614523398815, QTAgent32.exe, Playback - [WARNING] Internal warning: Could not set focus to the target window for typing. Consider using TypeString instead of SendKeys.
\0
E, 3608, 24, 2012/11/02, 16:39:20.991, 1614523403133, QTAgent32.exe, &lt;a class=failure&gt;Playback - {53} [FAILED] SendKeys "+{END}" - "[MSAA, VisibleOnly]ControlType='Edit'" (, See related internal warnings/failures for more information)
\0&lt;/a&gt;
E, 3608, 24, 2012/11/02, 16:39:21.078, 1614524648606, QTAgent32.exe, Playback - [IMAGE] C:\Users\peter.zenin-ad\AppData\Local\Temp\UITestLogs\LastRun\RPFE313.png
\0
E, 3608, 24, 2012/11/02, 16:39:21.234, 1614526881609, QTAgent32.exe, AL: Playback Error: Microsoft.VisualStudio.TestTools.UITest.Extension.PlaybackFailureException: Cannot perform 'SetProperty of Text with value "1000"' on the control. Additional Details: 
TechnologyName:  'MSAA'
ControlType:  'Edit'
 ---&gt; System.Runtime.InteropServices.COMException: Error HRESULT E_FAIL has been returned from a call to a COM component.
   at Microsoft.VisualStudio.TestTools.UITest.Playback.Engine.IScreenElement.SendKeys(String bstrKeys, Int32 nKeyboardAction, Int32 nSendKeysFlag)
   at Microsoft.VisualStudio.TestTools.UITest.Playback.ScreenElement.SingleLineDeleteContent()
   at Microsoft.VisualStudio.TestTools.UITest.Playback.ScreenElement.DeleteContent()
   at Microsoft.VisualStudio.TestTools.UITest.Playback.ScreenElement.SetValueAsEditBox(String value, Boolean isEncoded)
   at Microsoft.VisualStudio.TestTools.UITesting.WinPropertyProvider.SetEditProperty(String propertyName, Object value)
   at Microsoft.VisualStudio.TestTools.UITesting.WinPropertyProvider.SetPropertyValue(UITestControl uiControl, String propertyName, Object value)
   at Microsoft.VisualStudio.TestTools.UITesting.UITestPropertyProvider.SetPropertyValueWrapper(UITestControl uiControl, String propertyName, Object value)
   at Microsoft.VisualStudio.TestTools.UITesting.UITestControl.SetPropertyValue(String propertyName, Object propertyValue)
   --- End of inner exception stack trace ---
   at Microsoft.VisualStudio.TestTools.UITesting.Playback.MapAndThrowComException(COMException innerException, IPlaybackContext context)
   at Microsoft.VisualStudio.TestTools.UITesting.Playback.MapAndThrowException(SystemException exception, IPlaybackContext context)
   at Microsoft.VisualStudio.TestTools.UITesting.Playback.MapAndThrowException(SystemException exception, String actionName, UITestControl uiControl)
   at Microsoft.VisualStudio.TestTools.UITesting.Playback.MapAndThrowException(SystemException exception, String actionName, Object parameterValue, UITestControl uiControl)
   at Microsoft.VisualStudio.TestTools.UITesting.UITestControl.SetPropertyValue(String propertyName, Object propertyValue)
   at Microsoft.VisualStudio.TestTools.UITesting.UITestControl.SetProperty(String propertyName, Object value)
W, 3608, 24, 2012/11/02, 16:39:22.820, 1614549594692, QTAgent32.exe, Playback - [WARNING] Internal warning: Element "[MSAA, VisibleOnly]ControlType='Window' &amp;&amp; ControlId='32770'" was not found, so all intermediate elements were ignored. To improve performance replace this element Id with another Id or exclude it from QueryId. If this element is the target element, replace or remove intermediate elements
\0
W, 3608, 24, 2012/11/02, 16:39:23.363, 1614557366881, QTAgent32.exe, PERF WARNING: FindAllDescendents: took 2044 ms. Expected it to take maximum 500 ms.
W, 3608, 24, 2012/11/02, 16:39:24.066, 1614567439831, QTAgent32.exe, &lt;a class=success&gt;Playback - {54} [SUCCESS] MouseButtonClick - "[MSAA, VisibleOnly]ControlType='Button' &amp;&amp; Name='Cancel'"
\0&lt;/a&gt;
W, 3608, 24, 2012/11/02, 16:39:25.669, 1614590374556, QTAgent32.exe, Playback - [WARNING] Internal warning: Element "[MSAA, VisibleOnly]ControlType='Window' &amp;&amp; ControlId='32769'" was not found, so all intermediate elements were ignored. To improve performance replace this element Id with another Id or exclude it from QueryId. If this element is the target element, replace or remove intermediate elements
\0
W, 3608, 24, 2012/11/02, 16:39:26.192, 1614597869818, QTAgent32.exe, PERF WARNING: FindAllDescendents: took 2024 ms. Expected it to take maximum 500 ms.
W, 3608, 24, 2012/11/02, 16:39:26.316, 1614599643676, QTAgent32.exe, &lt;a class=success&gt;Playback - {55} [SUCCESS] MouseButtonClick - "[MSAA, VisibleOnly]ControlType='Button' &amp;&amp; Name='Cancel'"
\0&lt;/a&gt;
W, 3608, 24, 2012/11/02, 16:39:40.129, 1614797418349, QTAgent32.exe, Playback - [WARNING] Internal warning: Window Not Found: [VisibleOnly]ControlType='Window' &amp;&amp; Name='Customer: txt1 tdsfs' &amp;&amp; ClassName='ThunderRT6MDIForm'
\0
E, 3608, 24, 2012/11/02, 16:39:40.129, 1614797421295, QTAgent32.exe, &lt;a class=failure&gt;Playback - {56} [FAILED] Function ElementFetcher::FindScreenElement failed to locate UI element (Searching: ;[VisibleOnly]ControlType='Window' &amp;&amp; Name='Customer: txt1 tdsfs' &amp;&amp; ClassName='ThunderRT6MDIForm') (The object specified was not found.)
\0&lt;/a&gt;
E, 3608, 24, 2012/11/02, 16:39:40.216, 1614798664220, QTAgent32.exe, Playback - [IMAGE] C:\Users\peter.zenin-ad\AppData\Local\Temp\UITestLogs\LastRun\RPF2DD9.png
\0
W, 3608, 24, 2012/11/02, 16:39:40.216, 1614798666522, QTAgent32.exe, Playback - [WARNING] Internal warning: Couldn't find descendants that match QueryId
\0
W, 3608, 24, 2012/11/02, 16:39:40.217, 1614798669777, QTAgent32.exe, PERF WARNING: FindTopLevelWindowHelper::FindAllDescendents: took 13800 ms. Expected it to take maximum 500 ms.
W, 3608, 24, 2012/11/02, 16:39:43.529, 1614846102808, QTAgent32.exe, Playback - [WARNING] Internal warning: Window Not Found: [VisibleOnly]ControlType='Window' &amp;&amp; Name='Customer: txt1 tdsfs' &amp;&amp; ClassName='ThunderRT6MDIForm'
\0
E, 3608, 24, 2012/11/02, 16:39:43.529, 1614846105698, QTAgent32.exe, &lt;a class=failure&gt;Playback - {57} [FAILED] Function ElementFetcher::FindScreenElement failed to locate UI element (Searching: ;[VisibleOnly]ControlType='Window' &amp;&amp; Name='Customer: txt1 tdsfs' &amp;&amp; ClassName='ThunderRT6MDIForm') (The object specified was not found.)
\0&lt;/a&gt;
E, 3608, 24, 2012/11/02, 16:39:43.619, 1614847394407, QTAgent32.exe, Playback - [IMAGE] C:\Users\peter.zenin-ad\AppData\Local\Temp\UITestLogs\LastRun\RPF3B23.png
\0
W, 3608, 24, 2012/11/02, 16:39:43.619, 1614847396583, QTAgent32.exe, Playback - [WARNING] Internal warning: Couldn't find descendants that match QueryId
\0
W, 3608, 24, 2012/11/02, 16:39:43.620, 1614847399788, QTAgent32.exe, PERF WARNING: FindTopLevelWindowHelper::FindAllDescendents: took 3403 ms. Expected it to take maximum 500 ms.
W, 3608, 24, 2012/11/02, 16:39:46.930, 1614894787300, QTAgent32.exe, Playback - [WARNING] Internal warning: Window Not Found: [VisibleOnly]ControlType='Window' &amp;&amp; Name='Customer: txt1 tdsfs' &amp;&amp; ClassName='ThunderRT6MDIForm'
\0
E, 3608, 24, 2012/11/02, 16:39:46.930, 1614894790236, QTAgent32.exe, &lt;a class=failure&gt;Playback - {58} [FAILED] Function ElementFetcher::FindScreenElement failed to locate UI element (Searching: ;[VisibleOnly]ControlType='Window' &amp;&amp; Name='Customer: txt1 tdsfs' &amp;&amp; ClassName='ThunderRT6MDIForm') (The object specified was not found.)
\0&lt;/a&gt;
E, 3608, 24, 2012/11/02, 16:39:47.018, 1614896050075, QTAgent32.exe, Playback - [IMAGE] C:\Users\peter.zenin-ad\AppData\Local\Temp\UITestLogs\LastRun\RPF486D.png
\0
W, 3608, 24, 2012/11/02, 16:39:47.018, 1614896052294, QTAgent32.exe, Playback - [WARNING] Internal warning: Couldn't find descendants that match QueryId
\0
W, 3608, 24, 2012/11/02, 16:39:47.019, 1614896056043, QTAgent32.exe, PERF WARNING: FindTopLevelWindowHelper::FindAllDescendents: took 3398 ms. Expected it to take maximum 500 ms.
E, 3608, 24, 2012/11/02, 16:39:47.019, 1614896057883, QTAgent32.exe, Exception: System.Runtime.InteropServices.COMException
	Message: Error HRESULT E_FAIL has been returned from a call to a COM component.
	Stack Trace:    at Microsoft.VisualStudio.TestTools.UITest.Playback.Engine.IRPFPlayback.FindAllScreenElements(IScreenElement pScreenElementStart, String bstrQueryId, Object&amp; pvarResKeys, Int32 cResKeys, Int32 nMaxDepth, Object[]&amp; foundDescendants)
   at Microsoft.VisualStudio.TestTools.UITest.Playback.ScreenElement.FindTopLevelWindowHelper(String queryId)
	BaseExceptionMessage: Error HRESULT E_FAIL has been returned from a call to a COM component.

E, 3608, 24, 2012/11/02, 16:39:47.019, 1614896062728, QTAgent32.exe, Window 5244934 not responding. Last Win32 error 0
E, 3608, 24, 2012/11/02, 16:39:47.019, 1614896066509, QTAgent32.exe, Window 5244934 not responding. Last Win32 error 1400
E, 3608, 24, 2012/11/02, 16:39:47.020, 1614896070332, QTAgent32.exe, GetClassName for handle 5244934 failed
E, 3608, 24, 2012/11/02, 16:39:47.020, 1614896079667, QTAgent32.exe, Window 5244934 not responding. Last Win32 error 1400
E, 3608, 24, 2012/11/02, 16:39:47.020, 1614896080840, QTAgent32.exe, GetClassName for handle 5244934 failed
E, 3608, 24, 2012/11/02, 16:39:47.020, 1614896081653, QTAgent32.exe, GetClassName for handle 5244934 failed
W, 3608, 24, 2012/11/02, 16:40:00.731, 1615092389747, QTAgent32.exe, Playback - [WARNING] Internal warning: Window Not Found: [VisibleOnly]ControlType='Window' &amp;&amp; Name='Customer: autotest autotest' &amp;&amp; ClassName='ThunderRT6MDIForm'
\0
E, 3608, 24, 2012/11/02, 16:40:00.731, 1615092393031, QTAgent32.exe, &lt;a class=failure&gt;Playback - {59} [FAILED] Function ElementFetcher::FindScreenElement failed to locate UI element (Searching: ;[VisibleOnly]ControlType='Window' &amp;&amp; Name='Customer: autotest autotest' &amp;&amp; ClassName='ThunderRT6MDIForm') (The object specified was not found.)
\0&lt;/a&gt;
E, 3608, 24, 2012/11/02, 16:40:00.819, 1615093653056, QTAgent32.exe, Playback - [IMAGE] C:\Users\peter.zenin-ad\AppData\Local\Temp\UITestLogs\LastRun\RPF7E5C.png
\0
W, 3608, 24, 2012/11/02, 16:40:00.819, 1615093655463, QTAgent32.exe, Playback - [WARNING] Internal warning: Couldn't find descendants that match QueryId
\0
W, 3608, 24, 2012/11/02, 16:40:00.820, 1615093658524, QTAgent32.exe, PERF WARNING: FindTopLevelWindowHelper::FindAllDescendents: took 13798 ms. Expected it to take maximum 500 ms.
W, 3608, 24, 2012/11/02, 16:40:04.131, 1615141074206, QTAgent32.exe, Playback - [WARNING] Internal warning: Window Not Found: [VisibleOnly]ControlType='Window' &amp;&amp; Name='Customer: autotest autotest' &amp;&amp; ClassName='ThunderRT6MDIForm'
\0
E, 3608, 24, 2012/11/02, 16:40:04.131, 1615141077097, QTAgent32.exe, &lt;a class=failure&gt;Playback - {60} [FAILED] Function ElementFetcher::FindScreenElement failed to locate UI element (Searching: ;[VisibleOnly]ControlType='Window' &amp;&amp; Name='Customer: autotest autotest' &amp;&amp; ClassName='ThunderRT6MDIForm') (The object specified was not found.)
\0&lt;/a&gt;
E, 3608, 24, 2012/11/02, 16:40:04.223, 1615142396392, QTAgent32.exe, Playback - [IMAGE] C:\Users\peter.zenin-ad\AppData\Local\Temp\UITestLogs\LastRun\RPF8BA6.png
\0
W, 3608, 24, 2012/11/02, 16:40:04.224, 1615142398731, QTAgent32.exe, Playback - [WARNING] Internal warning: Couldn't find descendants that match QueryId
\0
W, 3608, 24, 2012/11/02, 16:40:04.224, 1615142401657, QTAgent32.exe, PERF WARNING: FindTopLevelWindowHelper::FindAllDescendents: took 3404 ms. Expected it to take maximum 500 ms.
W, 3608, 24, 2012/11/02, 16:40:07.532, 1615189758268, QTAgent32.exe, Playback - [WARNING] Internal warning: Window Not Found: [VisibleOnly]ControlType='Window' &amp;&amp; Name='Customer: autotest autotest' &amp;&amp; ClassName='ThunderRT6MDIForm'
\0
E, 3608, 24, 2012/11/02, 16:40:07.532, 1615189761225, QTAgent32.exe, &lt;a class=failure&gt;Playback - {61} [FAILED] Function ElementFetcher::FindScreenElement failed to locate UI element (Searching: ;[VisibleOnly]ControlType='Window' &amp;&amp; Name='Customer: autotest autotest' &amp;&amp; ClassName='ThunderRT6MDIForm') (The object specified was not found.)
\0&lt;/a&gt;
E, 3608, 24, 2012/11/02, 16:40:07.635, 1615191226842, QTAgent32.exe, Playback - [IMAGE] C:\Users\peter.zenin-ad\AppData\Local\Temp\UITestLogs\LastRun\RPF98F0.png
\0
W, 3608, 24, 2012/11/02, 16:40:07.635, 1615191229035, QTAgent32.exe, Playback - [WARNING] Internal warning: Couldn't find descendants that match QueryId
\0
W, 3608, 24, 2012/11/02, 16:40:07.635, 1615191232031, QTAgent32.exe, PERF WARNING: FindTopLevelWindowHelper::FindAllDescendents: took 3410 ms. Expected it to take maximum 500 ms.
E, 3608, 24, 2012/11/02, 16:40:07.635, 1615191233848, QTAgent32.exe, Exception: System.Runtime.InteropServices.COMException
	Message: Error HRESULT E_FAIL has been returned from a call to a COM component.
	Stack Trace:    at Microsoft.VisualStudio.TestTools.UITest.Playback.Engine.IRPFPlayback.FindAllScreenElements(IScreenElement pScreenElementStart, String bstrQueryId, Object&amp; pvarResKeys, Int32 cResKeys, Int32 nMaxDepth, Object[]&amp; foundDescendants)
   at Microsoft.VisualStudio.TestTools.UITest.Playback.ScreenElement.FindTopLevelWindowHelper(String queryId)
	BaseExceptionMessage: Error HRESULT E_FAIL has been returned from a call to a COM component.

E, 3608, 24, 2012/11/02, 16:40:07.635, 1615191238463, QTAgent32.exe, Window 5244934 not responding. Last Win32 error 0
E, 3608, 24, 2012/11/02, 16:40:07.636, 1615191242480, QTAgent32.exe, Window 5244934 not responding. Last Win32 error 1400
E, 3608, 24, 2012/11/02, 16:40:07.636, 1615191247231, QTAgent32.exe, Window 5244934 not responding. Last Win32 error 1400
E, 3608, 24, 2012/11/02, 16:40:07.636, 1615191248481, QTAgent32.exe, GetClassName for handle 5244934 failed
E, 3608, 24, 2012/11/02, 16:40:07.636, 1615191249312, QTAgent32.exe, GetClassName for handle 5244934 failed
E, 3608, 24, 2012/11/02, 16:40:07.736, 1615192677854, QTAgent32.exe, AL: Playback Error: Microsoft.VisualStudio.TestTools.UITest.Extension.UITestControlNotFoundException: Unable to find the top level element of the control ---&gt; Microsoft.VisualStudio.TestTools.UITest.Extension.UITestControlNotFoundException: The playback failed to find the control with the given search properties. Additional Details: 
TechnologyName:  'MSAA'
ControlType:  'Window'
 ---&gt; System.Runtime.InteropServices.COMException: Error HRESULT E_FAIL has been returned from a call to a COM component.
   at Microsoft.VisualStudio.TestTools.UITest.Playback.Engine.IRPFPlayback.FindAllScreenElements(IScreenElement pScreenElementStart, String bstrQueryId, Object&amp; pvarResKeys, Int32 cResKeys, Int32 nMaxDepth, Object[]&amp; foundDescendants)
   at Microsoft.VisualStudio.TestTools.UITest.Playback.ScreenElement.FindTopLevelWindowHelper(String queryId)
   at Microsoft.VisualStudio.TestTools.UITest.Playback.ScreenElement.FindFromPartialQueryId(String queryId)
   at Microsoft.VisualStudio.TestTools.UITesting.UITestControl..ctor(String queryId)
   --- End of inner exception stack trace ---
   at Microsoft.VisualStudio.TestTools.UITesting.Playback.MapControlNotFoundException(COMException ex, IPlaybackContext context)
   at Microsoft.VisualStudio.TestTools.UITesting.Playback.MapAndThrowComException(COMException innerException, IPlaybackContext context)
   at Microsoft.VisualStudio.TestTools.UITesting.Playback.MapAndThrowException(SystemException exception, IPlaybackContext context)
   at Microsoft.VisualStudio.TestTools.UITesting.Playback.MapAndThrowException(SystemException exception, String queryId)
   at Microsoft.VisualStudio.TestTools.UITesting.UITestControl..ctor(String queryId)
   at Microsoft.VisualStudio.TestTools.UITesting.SearchHelper.SearchTopLevelWindow(ISearchArgument topLevelSearchArg, String topLevelElementQueryId)
   at Microsoft.VisualStudio.TestTools.UITesting.SearchHelper.SearchUsingMultipleTitles(ISearchArgument topLevelSearchArg, QueryId topLevelQueryId, IList`1 windowTitles)
   --- End of inner exception stack trace ---
   at Microsoft.VisualStudio.TestTools.UITesting.SearchHelper.SearchUsingMultipleTitles(ISearchArgument topLevelSearchArg, QueryId topLevelQueryId, IList`1 windowTitles)
   at Microsoft.VisualStudio.TestTools.UITesting.SearchHelper.GetTitleUpdatedTopLevelWindow(ISearchArgument topLevelSearchArg, String queryId, IList`1 windowTitles)
   at Microsoft.VisualStudio.TestTools.UITesting.SearchHelper.GetTopLevelElement(Boolean useCache, Boolean useCacheOnly, ISearchArgument searchArg, IList`1 windowTitles, Int32&amp; timeLeft)
   at Microsoft.VisualStudio.TestTools.UITesting.SearchHelper.GetElement(Boolean useCache, ISearchArgument searchArg)
   at Microsoft.VisualStudio.TestTools.UITesting.SearchHelper.Search(ISearchArgument searchArg)
   at Microsoft.VisualStudio.TestTools.UITesting.UITestControl.FindInternal()
   at Microsoft.VisualStudio.TestTools.UITesting.UITestControl.FindControlIfNecessary()
   at Microsoft.VisualStudio.TestTools.UITesting.UITestControl.Click(MouseButtons button, ModifierKeys modifierKeys, Point relativeCoordinates)
   at Microsoft.VisualStudio.TestTools.UITesting.Mouse.ClickImplementation(UITestControl control, MouseButtons button, ModifierKeys modifierKeys, Point relativeCoordinate)
   at Microsoft.VisualStudio.TestTools.UITesting.Mouse.ClickImplementationWrapper(UITestControl control, MouseButtons button, ModifierKeys modifierKeys, Point relativeCoordinate)
W, 3608, 24, 2012/11/02, 16:40:07.736, 1615192679511, QTAgent32.exe, PlaybackErrorHandler: Ignoring exception as ContinueOnError is set.
W, 3608, 24, 2012/11/02, 16:40:07.880, 1615194734480, QTAgent32.exe, &lt;a class=success&gt;Playback - {62} [SUCCESS] MouseButtonClick - "[MSAA, VisibleOnly]ControlType='Button' &amp;&amp; Name='Close'"
\0&lt;/a&gt;
W, 3608, 24, 2012/11/02, 16:40:11.994, 1615253649057, QTAgent32.exe, IEDOM : StopSession of the plugin called before StartSession
W, 3608, 24, 2012/11/02, 16:40:11.994, 1615253650371, QTAgent32.exe, UIA : StopSession of the plugin called before StartSession
W, 3608, 24, 2012/11/02, 16:40:11.994, 1615253651056, QTAgent32.exe, SLPlugin : StopSession of the plugin called before StartSession
</DebugTrace>
        <ErrorInfo>
          <Message>Test method TestProject7.TamAutotest.MotoTest1 threw exception: 
Microsoft.VisualStudio.TestTools.UITest.Extension.PlaybackFailureException: Cannot perform 'SetProperty of Text with value "1000"' on the control. Additional Details: 
TechnologyName:  'MSAA'
ControlType:  'Edit'
 ---&gt; System.Runtime.InteropServices.COMException: Error HRESULT E_FAIL has been returned from a call to a COM component.</Message>
          <StackTrace>    at Microsoft.VisualStudio.TestTools.UITest.Playback.Engine.IScreenElement.SendKeys(String bstrKeys, Int32 nKeyboardAction, Int32 nSendKeysFlag)
   at Microsoft.VisualStudio.TestTools.UITest.Playback.ScreenElement.SingleLineDeleteContent()
   at Microsoft.VisualStudio.TestTools.UITest.Playback.ScreenElement.DeleteContent()
   at Microsoft.VisualStudio.TestTools.UITest.Playback.ScreenElement.SetValueAsEditBox(String value, Boolean isEncoded)
   at Microsoft.VisualStudio.TestTools.UITesting.WinPropertyProvider.SetEditProperty(String propertyName, Object value)
   at Microsoft.VisualStudio.TestTools.UITesting.WinPropertyProvider.SetPropertyValue(UITestControl uiControl, String propertyName, Object value)
   at Microsoft.VisualStudio.TestTools.UITesting.UITestPropertyProvider.SetPropertyValueWrapper(UITestControl uiControl, String propertyName, Object value)
   at Microsoft.VisualStudio.TestTools.UITesting.UITestControl.SetPropertyValue(String propertyName, Object propertyValue)
 --- End of inner exception stack trace ---
    at Microsoft.VisualStudio.TestTools.UITesting.Playback.MapAndThrowComException(COMException innerException, IPlaybackContext context)
   at Microsoft.VisualStudio.TestTools.UITesting.Playback.MapAndThrowException(SystemException exception, IPlaybackContext context)
   at Microsoft.VisualStudio.TestTools.UITesting.Playback.MapAndThrowException(SystemException exception, String actionName, UITestControl uiControl)
   at Microsoft.VisualStudio.TestTools.UITesting.Playback.MapAndThrowException(SystemException exception, String actionName, Object parameterValue, UITestControl uiControl)
   at Microsoft.VisualStudio.TestTools.UITesting.UITestControl.SetPropertyValue(String propertyName, Object propertyValue)
   at Microsoft.VisualStudio.TestTools.UITesting.UITestControl.SetProperty(String propertyName, Object value)
   at Microsoft.VisualStudio.TestTools.UITesting.WinControls.WinEdit.set_Text(String value)
   at TestProject7.UIMap.QuoteResults() in C:\TestProject7\TestProject7\UIMap.Designer.cs:line 2993
   at TestProject7.TamAutotest.MotoTest1() in C:\TestProject7\TestProject7\CodedUITest1.cs:line 59
</StackTrace>
        </ErrorInfo>
      </Output>
      <ResultFiles>
        <ResultFile path="ICLVDEVAP01\MotoTest1.png" />
      </ResultFiles>
      <ExtensionResult>Exception has been thrown by the target of an invocation.</ExtensionResult>
    </UnitTestResult>
    <UnitTestResult executionId="4c709c99-a757-4f3b-af7f-6c1c0879309b" testId="8efed318-945d-2a9d-e29d-a71a05da5660" testName="MotoTest10" computerName="ICLVDEVAP01" duration="00:00:38.6421581" startTime="2012-11-02T16:40:12.0057085+00:00" endTime="2012-11-02T16:40:50.6535729+00:00" testType="13cdc9d9-ddb5-4fa4-a97d-d965ccfc6d4b" outcome="Failed" testListId="8c84fa94-04c1-424b-9868-57a2d4851a1d" relativeResultsDirectory="4c709c99-a757-4f3b-af7f-6c1c0879309b">
      <Output>
        <DebugTrace>W, 3608, 25, 2012/11/02, 16:40:12.010, 1615253880647, QTAgent32.exe, ExtensionFramework : A Technology Manager with name Web is already registered.
W, 3608, 25, 2012/11/02, 16:40:25.234, 1615443203756, QTAgent32.exe, Playback - [WARNING] Internal warning: Window Not Found: [VisibleOnly]ControlType='Window' &amp;&amp; Name='The Agency Manager Signon' &amp;&amp; ClassName='ThunderRT6FormDC'
\0
E, 3608, 25, 2012/11/02, 16:40:25.234, 1615443206643, QTAgent32.exe, &lt;a class=failure&gt;Playback - {1} [FAILED] Function ElementFetcher::FindScreenElement failed to locate UI element (Searching: ;[VisibleOnly]ControlType='Window' &amp;&amp; Name='The Agency Manager Signon' &amp;&amp; ClassName='ThunderRT6FormDC') (The object specified was not found.)
\0&lt;/a&gt;
E, 3608, 25, 2012/11/02, 16:40:25.340, 1615444718446, QTAgent32.exe, Playback - [IMAGE] C:\Users\peter.zenin-ad\AppData\Local\Temp\UITestLogs\LastRun\RPFDE0B.png
\0
W, 3608, 25, 2012/11/02, 16:40:25.340, 1615444720581, QTAgent32.exe, Playback - [WARNING] Internal warning: Couldn't find descendants that match QueryId
\0
W, 3608, 25, 2012/11/02, 16:40:25.340, 1615444723481, QTAgent32.exe, PERF WARNING: FindTopLevelWindowHelper::FindAllDescendents: took 12760 ms. Expected it to take maximum 500 ms.
W, 3608, 25, 2012/11/02, 16:40:43.644, 1615706802077, QTAgent32.exe, Playback - [WARNING] Internal warning: Window Not Found: [VisibleOnly]ControlType='Window' &amp;&amp; Name='The Agency Manager Signon' &amp;&amp; ClassName='ThunderRT6FormDC'
\0
E, 3608, 25, 2012/11/02, 16:40:43.644, 1615706805019, QTAgent32.exe, &lt;a class=failure&gt;Playback - {2} [FAILED] Function ElementFetcher::FindScreenElement failed to locate UI element (Searching: ;[VisibleOnly]ControlType='Window' &amp;&amp; Name='The Agency Manager Signon' &amp;&amp; ClassName='ThunderRT6FormDC') (The object specified was not found.)
\0&lt;/a&gt;
E, 3608, 25, 2012/11/02, 16:40:43.746, 1615708269923, QTAgent32.exe, Playback - [IMAGE] C:\Users\peter.zenin-ad\AppData\Local\Temp\UITestLogs\LastRun\RPF25F4.png
\0
W, 3608, 25, 2012/11/02, 16:40:43.747, 1615708272104, QTAgent32.exe, Playback - [WARNING] Internal warning: Couldn't find descendants that match QueryId
\0
W, 3608, 25, 2012/11/02, 16:40:43.747, 1615708275038, QTAgent32.exe, PERF WARNING: FindTopLevelWindowHelper::FindAllDescendents: took 18406 ms. Expected it to take maximum 500 ms.
W, 3608, 25, 2012/11/02, 16:40:48.248, 1615772712132, QTAgent32.exe, Playback - [WARNING] Internal warning: Window with Class "ThunderRT6FormDC" and Title "The Agency Manager Signon" was not found, so similar window with Class "ThunderRT6FormDC" and Title "The Agency Manager" was accepted
\0
W, 3608, 25, 2012/11/02, 16:40:48.248, 1615772716929, QTAgent32.exe, PERF WARNING: FindTopLevelWindowHelper::FindAllDescendents: took 4500 ms. Expected it to take maximum 500 ms.
W, 3608, 25, 2012/11/02, 16:40:49.751, 1615794230341, QTAgent32.exe, Playback - [WARNING] Internal warning: Element "[MSAA, VisibleOnly]ControlType='Window' &amp;&amp; ControlId='7'" was not found, so all intermediate elements were ignored. To improve performance replace this element Id with another Id or exclude it from QueryId. If this element is the target element, replace or remove intermediate elements
\0
W, 3608, 25, 2012/11/02, 16:40:50.276, 1615801745173, QTAgent32.exe, PERF WARNING: FindAllDescendents: took 2025 ms. Expected it to take maximum 500 ms.
W, 3608, 25, 2012/11/02, 16:40:50.394, 1615803439396, QTAgent32.exe, &lt;a class=success&gt;Playback - {3} [SUCCESS] MouseButtonClick - "[MSAA, VisibleOnly]ControlType='Edit'"
\0&lt;/a&gt;
W, 3608, 25, 2012/11/02, 16:40:50.644, 1615807014907, QTAgent32.exe, IEDOM : StopSession of the plugin called before StartSession
W, 3608, 25, 2012/11/02, 16:40:50.644, 1615807016377, QTAgent32.exe, UIA : StopSession of the plugin called before StartSession
W, 3608, 25, 2012/11/02, 16:40:50.644, 1615807017139, QTAgent32.exe, SLPlugin : StopSession of the plugin called before StartSession
</DebugTrace>
        <ErrorInfo>
          <Message>Initialization method TestProject7.TamAutotest.StartTest threw exception. System.ArgumentException: System.ArgumentException: The encoded string can only be used for a password..</Message>
          <StackTrace>    at Microsoft.VisualStudio.TestTools.UITest.Playback.ScreenElement.SendKeys(String keys, ModifierKeys modifierKeys, Boolean isEncoded, Boolean isUnicode)
   at Microsoft.VisualStudio.TestTools.UITesting.UITestControl.SendKeys(String text, ModifierKeys modifierKeys, Boolean isEncoded, Boolean isUnicode)
   at Microsoft.VisualStudio.TestTools.UITesting.Keyboard.SendKeysImplementation(UITestControl control, String text, ModifierKeys modifierKeys, Boolean isEncoded, Boolean isUnicode)
   at Microsoft.VisualStudio.TestTools.UITesting.Keyboard.SendKeysImplementationWrapper(UITestControl control, String text, ModifierKeys modifierKeys, Boolean isEncoded, Boolean isUnicode)
   at Microsoft.VisualStudio.TestTools.UITesting.Keyboard.SendKeys(UITestControl control, String text, Boolean isEncoded)
   at TestProject7.UIMap.Login_new() in C:\TestProject7\TestProject7\UIMap.Designer.cs:line 1968
   at TestProject7.TamAutotest.StartTest() in C:\TestProject7\TestProject7\CodedUITest1.cs:line 30
</StackTrace>
        </ErrorInfo>
      </Output>
    </UnitTestResult>
    <UnitTestResult executionId="c62f8d71-8a3d-46fa-b67c-8b2998a4424b" testId="0f4d10f2-7035-3d68-762a-b62c4853fb8a" testName="MotoTest11" computerName="ICLVDEVAP01" duration="00:00:00.5326457" startTime="2012-11-02T16:40:50.6565732+00:00" endTime="2012-11-02T16:40:51.1926268+00:00" testType="13cdc9d9-ddb5-4fa4-a97d-d965ccfc6d4b" outcome="Failed" testListId="8c84fa94-04c1-424b-9868-57a2d4851a1d" relativeResultsDirectory="c62f8d71-8a3d-46fa-b67c-8b2998a4424b">
      <Output>
        <DebugTrace>W, 3608, 21, 2012/11/02, 16:40:50.661, 1615807269053, QTAgent32.exe, ExtensionFramework : A Technology Manager with name Web is already registered.
W, 3608, 21, 2012/11/02, 16:40:50.676, 1615807478015, QTAgent32.exe, SLPlugin: Port 4503 already in use
W, 3608, 21, 2012/11/02, 16:40:50.676, 1615807481682, QTAgent32.exe, SLPlugin: Port 943 already in use
W, 3608, 21, 2012/11/02, 16:40:51.191, 1615814847434, QTAgent32.exe, IEDOM : StopSession of the plugin called before StartSession
W, 3608, 21, 2012/11/02, 16:40:51.191, 1615814848594, QTAgent32.exe, UIA : StopSession of the plugin called before StartSession
W, 3608, 21, 2012/11/02, 16:40:51.191, 1615814849310, QTAgent32.exe, SLPlugin : StopSession of the plugin called before StartSession
</DebugTrace>
        <ErrorInfo>
          <Message>Initialization method TestProject7.TamAutotest.StartTest threw exception. Microsoft.VisualStudio.TestTools.UITest.Extension.FailedToLaunchApplicationException: Microsoft.VisualStudio.TestTools.UITest.Extension.FailedToLaunchApplicationException: "The application cannot be started. This could be due to one of the following reasons:
1) Another instance of the application is already running and only one instance can be running at a time.
2) The application started another process and has now stopped. You may need to launch the process directly.
3) You do not have sufficient privileges for this application." File: C:\APPLIED\WINTAM\HOMEBASE.EXE..</Message>
          <StackTrace>    at Microsoft.VisualStudio.TestTools.UITesting.ApplicationUnderTest.ThrowIfProcessNotValid(Process process)
   at Microsoft.VisualStudio.TestTools.UITesting.ApplicationUnderTest.Start(ProcessStartInfo startInfo)
   at Microsoft.VisualStudio.TestTools.UITesting.ApplicationUnderTest..ctor(String fileName, String alternateFileName, String arguments)
   at Microsoft.VisualStudio.TestTools.UITesting.ApplicationUnderTest.Launch(String fileName, String alternateFileName)
   at TestProject7.UIMap.Login_new() in C:\TestProject7\TestProject7\UIMap.Designer.cs:line 1962
   at TestProject7.TamAutotest.StartTest() in C:\TestProject7\TestProject7\CodedUITest1.cs:line 30
</StackTrace>
        </ErrorInfo>
      </Output>
    </UnitTestResult>
    <UnitTestResult executionId="68d6c4cf-59c6-4285-a408-9a59b3e1b122" testId="614f56be-e9c0-f1e7-ad65-1f0b7d6a0f1c" testName="MotoTest12" computerName="ICLVDEVAP01" duration="00:00:00.5148723" startTime="2012-11-02T16:40:51.1966272+00:00" endTime="2012-11-02T16:40:51.7146790+00:00" testType="13cdc9d9-ddb5-4fa4-a97d-d965ccfc6d4b" outcome="Failed" testListId="8c84fa94-04c1-424b-9868-57a2d4851a1d" relativeResultsDirectory="68d6c4cf-59c6-4285-a408-9a59b3e1b122">
      <Output>
        <DebugTrace>W, 3608, 29, 2012/11/02, 16:40:51.200, 1615814986496, QTAgent32.exe, ExtensionFramework : A Technology Manager with name Web is already registered.
W, 3608, 29, 2012/11/02, 16:40:51.209, 1615815105429, QTAgent32.exe, SLPlugin: Port 4503 already in use
W, 3608, 29, 2012/11/02, 16:40:51.209, 1615815109005, QTAgent32.exe, SLPlugin: Port 943 already in use
W, 3608, 29, 2012/11/02, 16:40:51.712, 1615822315135, QTAgent32.exe, IEDOM : StopSession of the plugin called before StartSession
W, 3608, 29, 2012/11/02, 16:40:51.712, 1615822316403, QTAgent32.exe, UIA : StopSession of the plugin called before StartSession
W, 3608, 29, 2012/11/02, 16:40:51.712, 1615822317114, QTAgent32.exe, SLPlugin : StopSession of the plugin called before StartSession
</DebugTrace>
        <ErrorInfo>
          <Message>Initialization method TestProject7.TamAutotest.StartTest threw exception. Microsoft.VisualStudio.TestTools.UITest.Extension.FailedToLaunchApplicationException: Microsoft.VisualStudio.TestTools.UITest.Extension.FailedToLaunchApplicationException: "The application cannot be started. This could be due to one of the following reasons:
1) Another instance of the application is already running and only one instance can be running at a time.
2) The application started another process and has now stopped. You may need to launch the process directly.
3) You do not have sufficient privileges for this application." File: C:\APPLIED\WINTAM\HOMEBASE.EXE..</Message>
          <StackTrace>    at Microsoft.VisualStudio.TestTools.UITesting.ApplicationUnderTest.ThrowIfProcessNotValid(Process process)
   at Microsoft.VisualStudio.TestTools.UITesting.ApplicationUnderTest.Start(ProcessStartInfo startInfo)
   at Microsoft.VisualStudio.TestTools.UITesting.ApplicationUnderTest..ctor(String fileName, String alternateFileName, String arguments)
   at Microsoft.VisualStudio.TestTools.UITesting.ApplicationUnderTest.Launch(String fileName, String alternateFileName)
   at TestProject7.UIMap.Login_new() in C:\TestProject7\TestProject7\UIMap.Designer.cs:line 1962
   at TestProject7.TamAutotest.StartTest() in C:\TestProject7\TestProject7\CodedUITest1.cs:line 30
</StackTrace>
        </ErrorInfo>
      </Output>
    </UnitTestResult>
    <UnitTestResult executionId="e0bf3876-e69f-4e5b-8872-4f21ed7c0e7e" testId="6a41f98c-60c7-3333-a5a3-d5d87b5c35c7" testName="MotoTest2" computerName="ICLVDEVAP01" duration="00:00:00.5159233" startTime="2012-11-02T16:40:51.7186794+00:00" endTime="2012-11-02T16:40:52.2377313+00:00" testType="13cdc9d9-ddb5-4fa4-a97d-d965ccfc6d4b" outcome="Failed" testListId="8c84fa94-04c1-424b-9868-57a2d4851a1d" relativeResultsDirectory="e0bf3876-e69f-4e5b-8872-4f21ed7c0e7e">
      <Output>
        <DebugTrace>W, 3608, 35, 2012/11/02, 16:40:51.722, 1615822463133, QTAgent32.exe, ExtensionFramework : A Technology Manager with name Web is already registered.
W, 3608, 35, 2012/11/02, 16:40:51.731, 1615822588916, QTAgent32.exe, SLPlugin: Port 4503 already in use
W, 3608, 35, 2012/11/02, 16:40:51.731, 1615822592525, QTAgent32.exe, SLPlugin: Port 943 already in use
W, 3608, 35, 2012/11/02, 16:40:52.235, 1615829804083, QTAgent32.exe, IEDOM : StopSession of the plugin called before StartSession
W, 3608, 35, 2012/11/02, 16:40:52.235, 1615829805690, QTAgent32.exe, UIA : StopSession of the plugin called before StartSession
W, 3608, 35, 2012/11/02, 16:40:52.235, 1615829806605, QTAgent32.exe, SLPlugin : StopSession of the plugin called before StartSession
</DebugTrace>
        <ErrorInfo>
          <Message>Initialization method TestProject7.TamAutotest.StartTest threw exception. Microsoft.VisualStudio.TestTools.UITest.Extension.FailedToLaunchApplicationException: Microsoft.VisualStudio.TestTools.UITest.Extension.FailedToLaunchApplicationException: "The application cannot be started. This could be due to one of the following reasons:
1) Another instance of the application is already running and only one instance can be running at a time.
2) The application started another process and has now stopped. You may need to launch the process directly.
3) You do not have sufficient privileges for this application." File: C:\APPLIED\WINTAM\HOMEBASE.EXE..</Message>
          <StackTrace>    at Microsoft.VisualStudio.TestTools.UITesting.ApplicationUnderTest.ThrowIfProcessNotValid(Process process)
   at Microsoft.VisualStudio.TestTools.UITesting.ApplicationUnderTest.Start(ProcessStartInfo startInfo)
   at Microsoft.VisualStudio.TestTools.UITesting.ApplicationUnderTest..ctor(String fileName, String alternateFileName, String arguments)
   at Microsoft.VisualStudio.TestTools.UITesting.ApplicationUnderTest.Launch(String fileName, String alternateFileName)
   at TestProject7.UIMap.Login_new() in C:\TestProject7\TestProject7\UIMap.Designer.cs:line 1962
   at TestProject7.TamAutotest.StartTest() in C:\TestProject7\TestProject7\CodedUITest1.cs:line 30
</StackTrace>
        </ErrorInfo>
      </Output>
    </UnitTestResult>
    <UnitTestResult executionId="28732c9c-d2c7-473c-8c3a-507f3dc5bd34" testId="450e4b2d-ad88-da3f-6d50-5c9a0ae1aa51" testName="MotoTest3" computerName="ICLVDEVAP01" duration="00:00:00.5163492" startTime="2012-11-02T16:40:52.2427318+00:00" endTime="2012-11-02T16:40:52.7617837+00:00" testType="13cdc9d9-ddb5-4fa4-a97d-d965ccfc6d4b" outcome="Failed" testListId="8c84fa94-04c1-424b-9868-57a2d4851a1d" relativeResultsDirectory="28732c9c-d2c7-473c-8c3a-507f3dc5bd34">
      <Output>
        <DebugTrace>W, 3608, 41, 2012/11/02, 16:40:52.246, 1615829961578, QTAgent32.exe, ExtensionFramework : A Technology Manager with name Web is already registered.
W, 3608, 41, 2012/11/02, 16:40:52.255, 1615830092146, QTAgent32.exe, SLPlugin: Port 4503 already in use
W, 3608, 41, 2012/11/02, 16:40:52.255, 1615830095959, QTAgent32.exe, SLPlugin: Port 943 already in use
W, 3608, 41, 2012/11/02, 16:40:52.759, 1615837307423, QTAgent32.exe, IEDOM : StopSession of the plugin called before StartSession
W, 3608, 41, 2012/11/02, 16:40:52.759, 1615837308711, QTAgent32.exe, UIA : StopSession of the plugin called before StartSession
W, 3608, 41, 2012/11/02, 16:40:52.759, 1615837309455, QTAgent32.exe, SLPlugin : StopSession of the plugin called before StartSession
</DebugTrace>
        <ErrorInfo>
          <Message>Initialization method TestProject7.TamAutotest.StartTest threw exception. Microsoft.VisualStudio.TestTools.UITest.Extension.FailedToLaunchApplicationException: Microsoft.VisualStudio.TestTools.UITest.Extension.FailedToLaunchApplicationException: "The application cannot be started. This could be due to one of the following reasons:
1) Another instance of the application is already running and only one instance can be running at a time.
2) The application started another process and has now stopped. You may need to launch the process directly.
3) You do not have sufficient privileges for this application." File: C:\APPLIED\WINTAM\HOMEBASE.EXE..</Message>
          <StackTrace>    at Microsoft.VisualStudio.TestTools.UITesting.ApplicationUnderTest.ThrowIfProcessNotValid(Process process)
   at Microsoft.VisualStudio.TestTools.UITesting.ApplicationUnderTest.Start(ProcessStartInfo startInfo)
   at Microsoft.VisualStudio.TestTools.UITesting.ApplicationUnderTest..ctor(String fileName, String alternateFileName, String arguments)
   at Microsoft.VisualStudio.TestTools.UITesting.ApplicationUnderTest.Launch(String fileName, String alternateFileName)
   at TestProject7.UIMap.Login_new() in C:\TestProject7\TestProject7\UIMap.Designer.cs:line 1962
   at TestProject7.TamAutotest.StartTest() in C:\TestProject7\TestProject7\CodedUITest1.cs:line 30
</StackTrace>
        </ErrorInfo>
      </Output>
    </UnitTestResult>
    <UnitTestResult executionId="e5a1de0d-4df1-4392-9deb-9431f81c0b51" testId="4e743fde-a814-86c0-27fd-8728ac2cb692" testName="MotoTest4" computerName="ICLVDEVAP01" duration="00:00:00.5164184" startTime="2012-11-02T16:40:52.7657841+00:00" endTime="2012-11-02T16:40:53.2858361+00:00" testType="13cdc9d9-ddb5-4fa4-a97d-d965ccfc6d4b" outcome="Failed" testListId="8c84fa94-04c1-424b-9868-57a2d4851a1d" relativeResultsDirectory="e5a1de0d-4df1-4392-9deb-9431f81c0b51">
      <Output>
        <DebugTrace>W, 3608, 47, 2012/11/02, 16:40:52.770, 1615837460168, QTAgent32.exe, ExtensionFramework : A Technology Manager with name Web is already registered.
W, 3608, 47, 2012/11/02, 16:40:52.779, 1615837586410, QTAgent32.exe, SLPlugin: Port 4503 already in use
W, 3608, 47, 2012/11/02, 16:40:52.779, 1615837590391, QTAgent32.exe, SLPlugin: Port 943 already in use
W, 3608, 47, 2012/11/02, 16:40:53.283, 1615844807125, QTAgent32.exe, IEDOM : StopSession of the plugin called before StartSession
W, 3608, 47, 2012/11/02, 16:40:53.283, 1615844808672, QTAgent32.exe, UIA : StopSession of the plugin called before StartSession
W, 3608, 47, 2012/11/02, 16:40:53.283, 1615844809650, QTAgent32.exe, SLPlugin : StopSession of the plugin called before StartSession
</DebugTrace>
        <ErrorInfo>
          <Message>Initialization method TestProject7.TamAutotest.StartTest threw exception. Microsoft.VisualStudio.TestTools.UITest.Extension.FailedToLaunchApplicationException: Microsoft.VisualStudio.TestTools.UITest.Extension.FailedToLaunchApplicationException: "The application cannot be started. This could be due to one of the following reasons:
1) Another instance of the application is already running and only one instance can be running at a time.
2) The application started another process and has now stopped. You may need to launch the process directly.
3) You do not have sufficient privileges for this application." File: C:\APPLIED\WINTAM\HOMEBASE.EXE..</Message>
          <StackTrace>    at Microsoft.VisualStudio.TestTools.UITesting.ApplicationUnderTest.ThrowIfProcessNotValid(Process process)
   at Microsoft.VisualStudio.TestTools.UITesting.ApplicationUnderTest.Start(ProcessStartInfo startInfo)
   at Microsoft.VisualStudio.TestTools.UITesting.ApplicationUnderTest..ctor(String fileName, String alternateFileName, String arguments)
   at Microsoft.VisualStudio.TestTools.UITesting.ApplicationUnderTest.Launch(String fileName, String alternateFileName)
   at TestProject7.UIMap.Login_new() in C:\TestProject7\TestProject7\UIMap.Designer.cs:line 1962
   at TestProject7.TamAutotest.StartTest() in C:\TestProject7\TestProject7\CodedUITest1.cs:line 30
</StackTrace>
        </ErrorInfo>
      </Output>
    </UnitTestResult>
    <UnitTestResult executionId="2833d7f6-56e3-429d-a7f9-134d2e288ab7" testId="10042bab-44aa-7cea-8ac0-06cc3b3adbb3" testName="MotoTest5" computerName="ICLVDEVAP01" duration="00:00:00.5167586" startTime="2012-11-02T16:40:53.2898365+00:00" endTime="2012-11-02T16:40:53.8098885+00:00" testType="13cdc9d9-ddb5-4fa4-a97d-d965ccfc6d4b" outcome="Failed" testListId="8c84fa94-04c1-424b-9868-57a2d4851a1d" relativeResultsDirectory="2833d7f6-56e3-429d-a7f9-134d2e288ab7">
      <Output>
        <DebugTrace>W, 3608, 53, 2012/11/02, 16:40:53.294, 1615844962196, QTAgent32.exe, ExtensionFramework : A Technology Manager with name Web is already registered.
W, 3608, 53, 2012/11/02, 16:40:53.303, 1615845089706, QTAgent32.exe, SLPlugin: Port 4503 already in use
W, 3608, 53, 2012/11/02, 16:40:53.303, 1615845093313, QTAgent32.exe, SLPlugin: Port 943 already in use
W, 3608, 53, 2012/11/02, 16:40:53.807, 1615852314236, QTAgent32.exe, IEDOM : StopSession of the plugin called before StartSession
W, 3608, 53, 2012/11/02, 16:40:53.807, 1615852315556, QTAgent32.exe, UIA : StopSession of the plugin called before StartSession
W, 3608, 53, 2012/11/02, 16:40:53.807, 1615852316295, QTAgent32.exe, SLPlugin : StopSession of the plugin called before StartSession
</DebugTrace>
        <ErrorInfo>
          <Message>Initialization method TestProject7.TamAutotest.StartTest threw exception. Microsoft.VisualStudio.TestTools.UITest.Extension.FailedToLaunchApplicationException: Microsoft.VisualStudio.TestTools.UITest.Extension.FailedToLaunchApplicationException: "The application cannot be started. This could be due to one of the following reasons:
1) Another instance of the application is already running and only one instance can be running at a time.
2) The application started another process and has now stopped. You may need to launch the process directly.
3) You do not have sufficient privileges for this application." File: C:\APPLIED\WINTAM\HOMEBASE.EXE..</Message>
          <StackTrace>    at Microsoft.VisualStudio.TestTools.UITesting.ApplicationUnderTest.ThrowIfProcessNotValid(Process process)
   at Microsoft.VisualStudio.TestTools.UITesting.ApplicationUnderTest.Start(ProcessStartInfo startInfo)
   at Microsoft.VisualStudio.TestTools.UITesting.ApplicationUnderTest..ctor(String fileName, String alternateFileName, String arguments)
   at Microsoft.VisualStudio.TestTools.UITesting.ApplicationUnderTest.Launch(String fileName, String alternateFileName)
   at TestProject7.UIMap.Login_new() in C:\TestProject7\TestProject7\UIMap.Designer.cs:line 1962
   at TestProject7.TamAutotest.StartTest() in C:\TestProject7\TestProject7\CodedUITest1.cs:line 30
</StackTrace>
        </ErrorInfo>
      </Output>
    </UnitTestResult>
    <UnitTestResult executionId="eaaa2d0a-f4d0-4fc3-b5ad-71aba890ed64" testId="b7f68495-37f9-58f0-5c9b-6e190b9adaa8" testName="MotoTest6" computerName="ICLVDEVAP01" duration="00:00:00.5164036" startTime="2012-11-02T16:40:53.8138889+00:00" endTime="2012-11-02T16:40:54.3339409+00:00" testType="13cdc9d9-ddb5-4fa4-a97d-d965ccfc6d4b" outcome="Failed" testListId="8c84fa94-04c1-424b-9868-57a2d4851a1d" relativeResultsDirectory="eaaa2d0a-f4d0-4fc3-b5ad-71aba890ed64">
      <Output>
        <DebugTrace>W, 3608, 59, 2012/11/02, 16:40:53.818, 1615852469687, QTAgent32.exe, ExtensionFramework : A Technology Manager with name Web is already registered.
W, 3608, 59, 2012/11/02, 16:40:53.827, 1615852598377, QTAgent32.exe, SLPlugin: Port 4503 already in use
W, 3608, 59, 2012/11/02, 16:40:53.827, 1615852602078, QTAgent32.exe, SLPlugin: Port 943 already in use
W, 3608, 59, 2012/11/02, 16:40:54.331, 1615859816726, QTAgent32.exe, IEDOM : StopSession of the plugin called before StartSession
W, 3608, 59, 2012/11/02, 16:40:54.331, 1615859818045, QTAgent32.exe, UIA : StopSession of the plugin called before StartSession
W, 3608, 59, 2012/11/02, 16:40:54.331, 1615859818747, QTAgent32.exe, SLPlugin : StopSession of the plugin called before StartSession
</DebugTrace>
        <ErrorInfo>
          <Message>Initialization method TestProject7.TamAutotest.StartTest threw exception. Microsoft.VisualStudio.TestTools.UITest.Extension.FailedToLaunchApplicationException: Microsoft.VisualStudio.TestTools.UITest.Extension.FailedToLaunchApplicationException: "The application cannot be started. This could be due to one of the following reasons:
1) Another instance of the application is already running and only one instance can be running at a time.
2) The application started another process and has now stopped. You may need to launch the process directly.
3) You do not have sufficient privileges for this application." File: C:\APPLIED\WINTAM\HOMEBASE.EXE..</Message>
          <StackTrace>    at Microsoft.VisualStudio.TestTools.UITesting.ApplicationUnderTest.ThrowIfProcessNotValid(Process process)
   at Microsoft.VisualStudio.TestTools.UITesting.ApplicationUnderTest.Start(ProcessStartInfo startInfo)
   at Microsoft.VisualStudio.TestTools.UITesting.ApplicationUnderTest..ctor(String fileName, String alternateFileName, String arguments)
   at Microsoft.VisualStudio.TestTools.UITesting.ApplicationUnderTest.Launch(String fileName, String alternateFileName)
   at TestProject7.UIMap.Login_new() in C:\TestProject7\TestProject7\UIMap.Designer.cs:line 1962
   at TestProject7.TamAutotest.StartTest() in C:\TestProject7\TestProject7\CodedUITest1.cs:line 30
</StackTrace>
        </ErrorInfo>
      </Output>
    </UnitTestResult>
    <UnitTestResult executionId="3e3fecbb-cf65-48b6-b30a-fddd1f2dc2cb" testId="e022376f-b2fb-4981-6140-b019eeaa6c94" testName="MotoTest7" computerName="ICLVDEVAP01" duration="00:00:00.5159208" startTime="2012-11-02T16:40:54.3379413+00:00" endTime="2012-11-02T16:40:54.8569932+00:00" testType="13cdc9d9-ddb5-4fa4-a97d-d965ccfc6d4b" outcome="Failed" testListId="8c84fa94-04c1-424b-9868-57a2d4851a1d" relativeResultsDirectory="3e3fecbb-cf65-48b6-b30a-fddd1f2dc2cb">
      <Output>
        <DebugTrace>W, 3608, 65, 2012/11/02, 16:40:54.341, 1615859963938, QTAgent32.exe, ExtensionFramework : A Technology Manager with name Web is already registered.
W, 3608, 65, 2012/11/02, 16:40:54.350, 1615860088268, QTAgent32.exe, SLPlugin: Port 4503 already in use
W, 3608, 65, 2012/11/02, 16:40:54.350, 1615860091944, QTAgent32.exe, SLPlugin: Port 943 already in use
W, 3608, 65, 2012/11/02, 16:40:54.854, 1615867306265, QTAgent32.exe, IEDOM : StopSession of the plugin called before StartSession
W, 3608, 65, 2012/11/02, 16:40:54.854, 1615867307550, QTAgent32.exe, UIA : StopSession of the plugin called before StartSession
W, 3608, 65, 2012/11/02, 16:40:54.854, 1615867308290, QTAgent32.exe, SLPlugin : StopSession of the plugin called before StartSession
</DebugTrace>
        <ErrorInfo>
          <Message>Initialization method TestProject7.TamAutotest.StartTest threw exception. Microsoft.VisualStudio.TestTools.UITest.Extension.FailedToLaunchApplicationException: Microsoft.VisualStudio.TestTools.UITest.Extension.FailedToLaunchApplicationException: "The application cannot be started. This could be due to one of the following reasons:
1) Another instance of the application is already running and only one instance can be running at a time.
2) The application started another process and has now stopped. You may need to launch the process directly.
3) You do not have sufficient privileges for this application." File: C:\APPLIED\WINTAM\HOMEBASE.EXE..</Message>
          <StackTrace>    at Microsoft.VisualStudio.TestTools.UITesting.ApplicationUnderTest.ThrowIfProcessNotValid(Process process)
   at Microsoft.VisualStudio.TestTools.UITesting.ApplicationUnderTest.Start(ProcessStartInfo startInfo)
   at Microsoft.VisualStudio.TestTools.UITesting.ApplicationUnderTest..ctor(String fileName, String alternateFileName, String arguments)
   at Microsoft.VisualStudio.TestTools.UITesting.ApplicationUnderTest.Launch(String fileName, String alternateFileName)
   at TestProject7.UIMap.Login_new() in C:\TestProject7\TestProject7\UIMap.Designer.cs:line 1962
   at TestProject7.TamAutotest.StartTest() in C:\TestProject7\TestProject7\CodedUITest1.cs:line 30
</StackTrace>
        </ErrorInfo>
      </Output>
    </UnitTestResult>
    <UnitTestResult executionId="681d10c1-91d9-4f59-84bc-1067abaae2a7" testId="07cf762e-0596-8be3-6b38-ed80b9a02463" testName="MotoTest8" computerName="ICLVDEVAP01" duration="00:00:00.5157619" startTime="2012-11-02T16:40:54.8609936+00:00" endTime="2012-11-02T16:40:55.3800455+00:00" testType="13cdc9d9-ddb5-4fa4-a97d-d965ccfc6d4b" outcome="Failed" testListId="8c84fa94-04c1-424b-9868-57a2d4851a1d" relativeResultsDirectory="681d10c1-91d9-4f59-84bc-1067abaae2a7">
      <Output>
        <DebugTrace>W, 3608, 71, 2012/11/02, 16:40:54.865, 1615867456146, QTAgent32.exe, ExtensionFramework : A Technology Manager with name Web is already registered.
W, 3608, 71, 2012/11/02, 16:40:54.874, 1615867585368, QTAgent32.exe, SLPlugin: Port 4503 already in use
W, 3608, 71, 2012/11/02, 16:40:54.874, 1615867589001, QTAgent32.exe, SLPlugin: Port 943 already in use
W, 3608, 71, 2012/11/02, 16:40:55.378, 1615874794638, QTAgent32.exe, IEDOM : StopSession of the plugin called before StartSession
W, 3608, 71, 2012/11/02, 16:40:55.378, 1615874795895, QTAgent32.exe, UIA : StopSession of the plugin called before StartSession
W, 3608, 71, 2012/11/02, 16:40:55.378, 1615874796617, QTAgent32.exe, SLPlugin : StopSession of the plugin called before StartSession
</DebugTrace>
        <ErrorInfo>
          <Message>Initialization method TestProject7.TamAutotest.StartTest threw exception. Microsoft.VisualStudio.TestTools.UITest.Extension.FailedToLaunchApplicationException: Microsoft.VisualStudio.TestTools.UITest.Extension.FailedToLaunchApplicationException: "The application cannot be started. This could be due to one of the following reasons:
1) Another instance of the application is already running and only one instance can be running at a time.
2) The application started another process and has now stopped. You may need to launch the process directly.
3) You do not have sufficient privileges for this application." File: C:\APPLIED\WINTAM\HOMEBASE.EXE..</Message>
          <StackTrace>    at Microsoft.VisualStudio.TestTools.UITesting.ApplicationUnderTest.ThrowIfProcessNotValid(Process process)
   at Microsoft.VisualStudio.TestTools.UITesting.ApplicationUnderTest.Start(ProcessStartInfo startInfo)
   at Microsoft.VisualStudio.TestTools.UITesting.ApplicationUnderTest..ctor(String fileName, String alternateFileName, String arguments)
   at Microsoft.VisualStudio.TestTools.UITesting.ApplicationUnderTest.Launch(String fileName, String alternateFileName)
   at TestProject7.UIMap.Login_new() in C:\TestProject7\TestProject7\UIMap.Designer.cs:line 1962
   at TestProject7.TamAutotest.StartTest() in C:\TestProject7\TestProject7\CodedUITest1.cs:line 30
</StackTrace>
        </ErrorInfo>
      </Output>
    </UnitTestResult>
    <UnitTestResult executionId="b1d3003b-d8bf-4cc3-8f94-ffcf66a3e3d1" testId="1820a643-3d71-abad-9636-2b810c74ae19" testName="MotoTest9" computerName="ICLVDEVAP01" duration="00:00:00.5159146" startTime="2012-11-02T16:40:55.3840459+00:00" endTime="2012-11-02T16:40:55.9030978+00:00" testType="13cdc9d9-ddb5-4fa4-a97d-d965ccfc6d4b" outcome="Failed" testListId="8c84fa94-04c1-424b-9868-57a2d4851a1d" relativeResultsDirectory="b1d3003b-d8bf-4cc3-8f94-ffcf66a3e3d1">
      <Output>
        <DebugTrace>W, 3608, 77, 2012/11/02, 16:40:55.389, 1615874943994, QTAgent32.exe, ExtensionFramework : A Technology Manager with name Web is already registered.
W, 3608, 77, 2012/11/02, 16:40:55.397, 1615875068640, QTAgent32.exe, SLPlugin: Port 4503 already in use
W, 3608, 77, 2012/11/02, 16:40:55.398, 1615875073073, QTAgent32.exe, SLPlugin: Port 943 already in use
W, 3608, 77, 2012/11/02, 16:40:55.901, 1615882284060, QTAgent32.exe, IEDOM : StopSession of the plugin called before StartSession
W, 3608, 77, 2012/11/02, 16:40:55.901, 1615882285409, QTAgent32.exe, UIA : StopSession of the plugin called before StartSession
W, 3608, 77, 2012/11/02, 16:40:55.901, 1615882286113, QTAgent32.exe, SLPlugin : StopSession of the plugin called before StartSession
</DebugTrace>
        <ErrorInfo>
          <Message>Initialization method TestProject7.TamAutotest.StartTest threw exception. Microsoft.VisualStudio.TestTools.UITest.Extension.FailedToLaunchApplicationException: Microsoft.VisualStudio.TestTools.UITest.Extension.FailedToLaunchApplicationException: "The application cannot be started. This could be due to one of the following reasons:
1) Another instance of the application is already running and only one instance can be running at a time.
2) The application started another process and has now stopped. You may need to launch the process directly.
3) You do not have sufficient privileges for this application." File: C:\APPLIED\WINTAM\HOMEBASE.EXE..</Message>
          <StackTrace>    at Microsoft.VisualStudio.TestTools.UITesting.ApplicationUnderTest.ThrowIfProcessNotValid(Process process)
   at Microsoft.VisualStudio.TestTools.UITesting.ApplicationUnderTest.Start(ProcessStartInfo startInfo)
   at Microsoft.VisualStudio.TestTools.UITesting.ApplicationUnderTest..ctor(String fileName, String alternateFileName, String arguments)
   at Microsoft.VisualStudio.TestTools.UITesting.ApplicationUnderTest.Launch(String fileName, String alternateFileName)
   at TestProject7.UIMap.Login_new() in C:\TestProject7\TestProject7\UIMap.Designer.cs:line 1962
   at TestProject7.TamAutotest.StartTest() in C:\TestProject7\TestProject7\CodedUITest1.cs:line 30
</StackTrace>
        </ErrorInfo>
      </Output>
    </UnitTestResult>
  </Results>
</TestRun>