<?xml version="1.0" encoding="UTF-8"?>
<TestRun id="c4ef98be-812f-4da4-8de5-5a1a4e6f8802" name="peter.zenin-ad@ICLVDEVAP01 2012-11-01 10:08:46" runUser="INSUR-E\peter.zenin-ad" xmlns="http://microsoft.com/schemas/VisualStudio/TeamTest/2010">
  <TestSettings name="Default Test Settings" id="95a4a0d7-c9f8-4a79-aca8-f7777ec5742e">
    <Execution>
      <TestTypeSpecific />
      <AgentRule name="Execution Agents">
      </AgentRule>
    </Execution>
    <Deployment runDeploymentRoot="peter.zenin-ad_ICLVDEVAP01 2012-11-01 10_08_46" />
  </TestSettings>
  <Times creation="2012-11-01T10:08:46.8259961+00:00" queuing="2012-11-01T10:08:47.1224170+00:00" start="2012-11-01T10:08:47.1692203+00:00" finish="2012-11-01T10:21:41.6916271+00:00" />
  <ResultSummary outcome="Completed">
    <Counters total="4" executed="4" passed="4" error="0" failed="0" timeout="0" aborted="0" inconclusive="0" passedButRunAborted="0" notRunnable="0" notExecuted="0" disconnected="0" warning="0" completed="0" inProgress="0" pending="0" />
  </ResultSummary>
  <TestDefinitions>
    <UnitTest name="MotoTest11" storage="testproject7.dll" id="0f4d10f2-7035-3d68-762a-b62c4853fb8a">
      <Execution id="e16dad9a-663f-4998-bb02-3321dd7fbc51" />
      <TestMethod codeBase="C:/Users/peter.zenin-ad/Desktop/TestProject7/TestProject7/bin/Debug/TestProject7.dll" adapterTypeName="Microsoft.VisualStudio.TestTools.TestTypes.Unit.UnitTestAdapter, Microsoft.VisualStudio.QualityTools.Tips.UnitTest.Adapter, Version=10.0.0.0, Culture=neutral, PublicKeyToken=b03f5f7f11d50a3a" className="TestProject7.TamAutotest, TestProject7, Version=1.0.0.0, Culture=neutral, PublicKeyToken=null" name="MotoTest11" />
      <Extension>Microsoft.VisualStudio.TestTools.UITesting.CodedUITestAttribute, Microsoft.VisualStudio.QualityTools.CodedUITestFramework, Version=10.0.0.0, Culture=neutral, PublicKeyToken=b03f5f7f11d50a3a</Extension>
    </UnitTest>
    <UnitTest name="MotoTest12" storage="testproject7.dll" id="614f56be-e9c0-f1e7-ad65-1f0b7d6a0f1c">
      <Execution id="d508c283-86f6-442a-b7a0-5dc7b97622f7" />
      <TestMethod codeBase="C:/Users/peter.zenin-ad/Desktop/TestProject7/TestProject7/bin/Debug/TestProject7.dll" adapterTypeName="Microsoft.VisualStudio.TestTools.TestTypes.Unit.UnitTestAdapter, Microsoft.VisualStudio.QualityTools.Tips.UnitTest.Adapter, Version=10.0.0.0, Culture=neutral, PublicKeyToken=b03f5f7f11d50a3a" className="TestProject7.TamAutotest, TestProject7, Version=1.0.0.0, Culture=neutral, PublicKeyToken=null" name="MotoTest12" />
      <Extension>Microsoft.VisualStudio.TestTools.UITesting.CodedUITestAttribute, Microsoft.VisualStudio.QualityTools.CodedUITestFramework, Version=10.0.0.0, Culture=neutral, PublicKeyToken=b03f5f7f11d50a3a</Extension>
    </UnitTest>
    <UnitTest name="MotoTest10" storage="testproject7.dll" id="8efed318-945d-2a9d-e29d-a71a05da5660">
      <Execution id="721dc46c-ae4e-4d64-80d2-ba535ac01c7b" />
      <TestMethod codeBase="C:/Users/peter.zenin-ad/Desktop/TestProject7/TestProject7/bin/Debug/TestProject7.dll" adapterTypeName="Microsoft.VisualStudio.TestTools.TestTypes.Unit.UnitTestAdapter, Microsoft.VisualStudio.QualityTools.Tips.UnitTest.Adapter, Version=10.0.0.0, Culture=neutral, PublicKeyToken=b03f5f7f11d50a3a" className="TestProject7.TamAutotest, TestProject7, Version=1.0.0.0, Culture=neutral, PublicKeyToken=null" name="MotoTest10" />
      <Extension>Microsoft.VisualStudio.TestTools.UITesting.CodedUITestAttribute, Microsoft.VisualStudio.QualityTools.CodedUITestFramework, Version=10.0.0.0, Culture=neutral, PublicKeyToken=b03f5f7f11d50a3a</Extension>
    </UnitTest>
    <UnitTest name="MotoTest1" storage="testproject7.dll" id="9e6b6d54-b79f-e7d9-2609-a84c350c12a1">
      <Execution id="0c364348-38a2-45c5-8b5a-11d4cfae7bef" />
      <TestMethod codeBase="C:/Users/peter.zenin-ad/Desktop/TestProject7/TestProject7/bin/Debug/TestProject7.dll" adapterTypeName="Microsoft.VisualStudio.TestTools.TestTypes.Unit.UnitTestAdapter, Microsoft.VisualStudio.QualityTools.Tips.UnitTest.Adapter, Version=10.0.0.0, Culture=neutral, PublicKeyToken=b03f5f7f11d50a3a" className="TestProject7.TamAutotest, TestProject7, Version=1.0.0.0, Culture=neutral, PublicKeyToken=null" name="MotoTest1" />
      <Extension>Microsoft.VisualStudio.TestTools.UITesting.CodedUITestAttribute, Microsoft.VisualStudio.QualityTools.CodedUITestFramework, Version=10.0.0.0, Culture=neutral, PublicKeyToken=b03f5f7f11d50a3a</Extension>
    </UnitTest>
  </TestDefinitions>
  <TestLists>
    <TestList name="Results Not in a List" id="8c84fa94-04c1-424b-9868-57a2d4851a1d" />
    <TestList name="All Loaded Results" id="19431567-8539-422a-85d7-44ee4e166bda" />
  </TestLists>
  <TestEntries>
    <TestEntry testId="9e6b6d54-b79f-e7d9-2609-a84c350c12a1" executionId="0c364348-38a2-45c5-8b5a-11d4cfae7bef" testListId="8c84fa94-04c1-424b-9868-57a2d4851a1d" />
    <TestEntry testId="8efed318-945d-2a9d-e29d-a71a05da5660" executionId="721dc46c-ae4e-4d64-80d2-ba535ac01c7b" testListId="8c84fa94-04c1-424b-9868-57a2d4851a1d" />
    <TestEntry testId="0f4d10f2-7035-3d68-762a-b62c4853fb8a" executionId="e16dad9a-663f-4998-bb02-3321dd7fbc51" testListId="8c84fa94-04c1-424b-9868-57a2d4851a1d" />
    <TestEntry testId="614f56be-e9c0-f1e7-ad65-1f0b7d6a0f1c" executionId="d508c283-86f6-442a-b7a0-5dc7b97622f7" testListId="8c84fa94-04c1-424b-9868-57a2d4851a1d" />
  </TestEntries>
  <Results>
    <UnitTestResult executionId="0c364348-38a2-45c5-8b5a-11d4cfae7bef" testId="9e6b6d54-b79f-e7d9-2609-a84c350c12a1" testName="MotoTest1" computerName="ICLVDEVAP01" duration="00:02:53.5115114" startTime="2012-11-01T10:08:47.1692203+00:00" endTime="2012-11-01T10:11:40.9787570+00:00" testType="13cdc9d9-ddb5-4fa4-a97d-d965ccfc6d4b" outcome="Passed" testListId="8c84fa94-04c1-424b-9868-57a2d4851a1d" relativeResultsDirectory="0c364348-38a2-45c5-8b5a-11d4cfae7bef">
      <Output>
        <DebugTrace>W, 2376, 13, 2012/11/01, 10:08:47.730, 37565520171, QTAgent32.exe, ExtensionFramework : A Technology Manager with name Web is already registered.
W, 2376, 13, 2012/11/01, 10:08:48.869, 37581686071, QTAgent32.exe, &lt;a class=success&gt;Playback - {1} [SUCCESS] MouseButtonClick - "[MSAA, VisibleOnly]ControlType='Edit'"
\0&lt;/a&gt;
W, 2376, 13, 2012/11/01, 10:08:49.134, 37585481452, QTAgent32.exe, &lt;a class=success&gt;Playback - {2} [SUCCESS] SendKeys "[*]" - "[MSAA, VisibleOnly]ControlType='Edit'"
\0&lt;/a&gt;
W, 2376, 13, 2012/11/01, 10:08:50.086, 37599325358, QTAgent32.exe, &lt;a class=success&gt;Playback - {3} [SUCCESS] MouseButtonClick - "[MSAA, VisibleOnly]ControlType='Button' &amp;&amp; Name='OK'"
\0&lt;/a&gt;
W, 2376, 13, 2012/11/01, 10:08:50.788, 37609259945, QTAgent32.exe, &lt;a class=success&gt;Playback - {4} [SUCCESS] MouseButtonClick - "[MSAA, VisibleOnly]ControlType='Button' &amp;&amp; Name='OK'"
\0&lt;/a&gt;
W, 2376, 13, 2012/11/01, 10:08:51.116, 37613848793, QTAgent32.exe, &lt;a class=success&gt;Playback - {5} [SUCCESS] MouseButtonClick - "[MSAA, VisibleOnly]ControlType='Button' &amp;&amp; Name='Clients &amp; Files'"
\0&lt;/a&gt;
W, 2376, 13, 2012/11/01, 10:08:51.553, 37620107410, QTAgent32.exe, &lt;a class=success&gt;Playback - {6} [SUCCESS] MouseButtonClick - "[MSAA, VisibleOnly]ControlType='Button' &amp;&amp; Name='Clients &amp; Files'"
\0&lt;/a&gt;
W, 2376, 13, 2012/11/01, 10:08:52.021, 37626895901, QTAgent32.exe, Playback - [WARNING] Internal warning: Window Not Found: [VisibleOnly]ControlType='Window' &amp;&amp; Name='Customer: txt1 tdsfs' &amp;&amp; ClassName='ThunderRT6MDIForm'
\0
E, 2376, 13, 2012/11/01, 10:08:52.021, 37626898804, QTAgent32.exe, &lt;a class=failure&gt;Playback - {7} [FAILED] Function ElementFetcher::FindScreenElement failed to locate UI element (Searching: ;[VisibleOnly]ControlType='Window' &amp;&amp; Name='Customer: txt1 tdsfs' &amp;&amp; ClassName='ThunderRT6MDIForm') (The object specified was not found.)
\0&lt;/a&gt;
E, 2376, 13, 2012/11/01, 10:08:52.099, 37628103999, QTAgent32.exe, Playback - [IMAGE] C:\Users\peter.zenin-ad\AppData\Local\Temp\UITestLogs\LastRun\RPF17B5.png
\0
W, 2376, 13, 2012/11/01, 10:08:52.099, 37628105920, QTAgent32.exe, Playback - [WARNING] Internal warning: Couldn't find descendants that match QueryId
\0
W, 2376, 13, 2012/11/01, 10:09:10.149, 37886458111, QTAgent32.exe, Playback - [WARNING] Internal warning: Window Not Found: [VisibleOnly]ControlType='Window' &amp;&amp; Name='Customer: txt1 tdsfs' &amp;&amp; ClassName='ThunderRT6MDIForm'
\0
E, 2376, 13, 2012/11/01, 10:09:10.149, 37886461368, QTAgent32.exe, &lt;a class=failure&gt;Playback - {8} [FAILED] Function ElementFetcher::FindScreenElement failed to locate UI element (Searching: ;[VisibleOnly]ControlType='Window' &amp;&amp; Name='Customer: txt1 tdsfs' &amp;&amp; ClassName='ThunderRT6MDIForm') (The object specified was not found.)
\0&lt;/a&gt;
E, 2376, 13, 2012/11/01, 10:09:10.227, 37887677242, QTAgent32.exe, Playback - [IMAGE] C:\Users\peter.zenin-ad\AppData\Local\Temp\UITestLogs\LastRun\RPF5E85.png
\0
W, 2376, 13, 2012/11/01, 10:09:10.227, 37887679183, QTAgent32.exe, Playback - [WARNING] Internal warning: Couldn't find descendants that match QueryId
\0
W, 2376, 13, 2012/11/01, 10:09:10.227, 37887682101, QTAgent32.exe, PERF WARNING: FindTopLevelWindowHelper::FindAllDescendents: took 18127 ms. Expected it to take maximum 500 ms.
W, 2376, 13, 2012/11/01, 10:09:10.726, 37894722603, QTAgent32.exe, Playback - [WARNING] Internal warning: Window with Class "ThunderRT6MDIForm" and Title "Customer: txt1 tdsfs" was not found, so similar window with Class "ThunderRT6MDIForm" and Title "Customer: autotest" was accepted
\0
W, 2376, 13, 2012/11/01, 10:09:12.333, 37917736238, QTAgent32.exe, Playback - [WARNING] Internal warning: Incorrect flag set for InvokeProgrammaticAction\0
W, 2376, 13, 2012/11/01, 10:09:12.661, 37922332687, QTAgent32.exe, &lt;a class=success&gt;Playback - {9} [SUCCESS] SetValueAsComboBox "Customers" - "[MSAA, VisibleOnly]ControlType='ComboBox'"  &lt; SetValueAsComboBox, set by clicking on the item in the list box &gt;
\0&lt;/a&gt;
W, 2376, 13, 2012/11/01, 10:09:13.347, 37932151576, QTAgent32.exe, &lt;a class=success&gt;Playback - {10} [SUCCESS] MouseButtonClick - "[MSAA, VisibleOnly]ControlType='Button' &amp;&amp; Name='Add'"
\0&lt;/a&gt;
W, 2376, 13, 2012/11/01, 10:09:13.753, 37937949428, QTAgent32.exe, &lt;a class=success&gt;Playback - {11} [SUCCESS] SendKeys "autotest" - "[MSAA, VisibleOnly]ControlType='RadioButton' &amp;&amp; Name='Personal Lines'"
\0&lt;/a&gt;
E, 2376, 13, 2012/11/01, 10:09:13.878, 37939835678, QTAgent32.exe, LoadLibrary() : Unable to find the resource 37382 from assembly C:\Windows\system32\en-US\ieframe.dll.mui: Error1814
E, 2376, 13, 2012/11/01, 10:09:13.878, 37939841285, QTAgent32.exe, LoadLibrary() : Unable to find the resource 41728 from assembly C:\Windows\system32\en-US\ieframe.dll.mui: Error1814
E, 2376, 13, 2012/11/01, 10:09:13.878, 37939843515, QTAgent32.exe, LoadLibrary() : Unable to find the resource 8131 from assembly C:\Windows\system32\en-US\ieframe.dll.mui: Error1814
E, 2376, 13, 2012/11/01, 10:09:13.878, 37939845665, QTAgent32.exe, LoadLibrary() : Unable to find the resource 8131 from assembly C:\Windows\system32\en-US\ieframe.dll.mui: Error1814
E, 2376, 13, 2012/11/01, 10:09:13.878, 37939849466, QTAgent32.exe, LoadLibrary() : Unable to find the resource 8131 from assembly C:\Windows\system32\en-US\ieframe.dll.mui: Error1814
E, 2376, 13, 2012/11/01, 10:09:13.878, 37939854067, QTAgent32.exe, LoadLibrary() : Unable to find the resource 803 from assembly C:\Windows\system32\en-US\user32.dll.mui: Error1814
W, 2376, 13, 2012/11/01, 10:09:14.252, 37945100245, QTAgent32.exe, &lt;a class=success&gt;Playback - {12} [SUCCESS] SetValueAsEditBox "autotest" - "[MSAA, VisibleOnly]ControlType='Edit'"  &lt; Set via SendKeys &gt;
\0&lt;/a&gt;
W, 2376, 13, 2012/11/01, 10:09:14.720, 37951965947, QTAgent32.exe, &lt;a class=success&gt;Playback - {13} [SUCCESS] MouseButtonClick - "[MSAA, VisibleOnly]ControlType='Button' &amp;&amp; Name='OK'"
\0&lt;/a&gt;
W, 2376, 13, 2012/11/01, 10:09:15.298, 37960190385, QTAgent32.exe, &lt;a class=success&gt;Playback - {14} [SUCCESS] MouseButtonClick - "[MSAA, VisibleOnly]ControlType='Button' &amp;&amp; Name='Yes'"
\0&lt;/a&gt;
W, 2376, 13, 2012/11/01, 10:09:15.532, 37963412084, QTAgent32.exe, &lt;a class=success&gt;Playback - {15} [SUCCESS] SendKeys "^{HOME}" - "[MSAA, VisibleOnly]ControlType='Edit'"
\0&lt;/a&gt;
E, 2376, 13, 2012/11/01, 10:09:15.532, 37963439764, QTAgent32.exe, Msaa.GetFocusedElement: could not find accessible object of foreground window
W, 2376, 13, 2012/11/01, 10:09:15.610, 37964528700, QTAgent32.exe, &lt;a class=success&gt;Playback - {16} [SUCCESS] SendKeys "^+{END}" - "[MSAA, VisibleOnly]ControlType='Edit'"
\0&lt;/a&gt;
E, 2376, 13, 2012/11/01, 10:09:15.610, 37964531047, QTAgent32.exe, Msaa.GetFocusedElement: could not find accessible object of foreground window
W, 2376, 13, 2012/11/01, 10:09:15.625, 37964752273, QTAgent32.exe, &lt;a class=success&gt;Playback - {17} [SUCCESS] SendKeys "{DELETE}" - "[MSAA, VisibleOnly]ControlType='Edit'"
\0&lt;/a&gt;
W, 2376, 13, 2012/11/01, 10:09:15.703, 37965873565, QTAgent32.exe, &lt;a class=success&gt;Playback - {18} [SUCCESS] SetValueAsEditBox "1" - "[MSAA, VisibleOnly]ControlType='Edit'"  &lt; Set via SendKeys &gt;
\0&lt;/a&gt;
W, 2376, 13, 2012/11/01, 10:09:15.937, 37969221526, QTAgent32.exe, &lt;a class=success&gt;Playback - {19} [SUCCESS] SendKeys "^{HOME}" - "[MSAA, VisibleOnly]ControlType='Edit'"
\0&lt;/a&gt;
E, 2376, 13, 2012/11/01, 10:09:15.937, 37969223977, QTAgent32.exe, Msaa.GetFocusedElement: could not find accessible object of foreground window
W, 2376, 13, 2012/11/01, 10:09:16.031, 37970560833, QTAgent32.exe, &lt;a class=success&gt;Playback - {20} [SUCCESS] SendKeys "^+{END}" - "[MSAA, VisibleOnly]ControlType='Edit'"
\0&lt;/a&gt;
E, 2376, 13, 2012/11/01, 10:09:16.031, 37970563686, QTAgent32.exe, Msaa.GetFocusedElement: could not find accessible object of foreground window
W, 2376, 13, 2012/11/01, 10:09:16.046, 37970784688, QTAgent32.exe, &lt;a class=success&gt;Playback - {21} [SUCCESS] SendKeys "{DELETE}" - "[MSAA, VisibleOnly]ControlType='Edit'"
\0&lt;/a&gt;
W, 2376, 13, 2012/11/01, 10:09:16.124, 37971904948, QTAgent32.exe, &lt;a class=success&gt;Playback - {22} [SUCCESS] SetValueAsEditBox "1" - "[MSAA, VisibleOnly]ControlType='Edit'"  &lt; Set via SendKeys &gt;
\0&lt;/a&gt;
W, 2376, 13, 2012/11/01, 10:09:16.639, 37979340782, QTAgent32.exe, &lt;a class=success&gt;Playback - {23} [SUCCESS] MouseButtonClick - "[MSAA, VisibleOnly]ControlType='Button' &amp;&amp; Name='OK'"
\0&lt;/a&gt;
W, 2376, 13, 2012/11/01, 10:09:17.170, 37986943269, QTAgent32.exe, &lt;a class=success&gt;Playback - {24} [SUCCESS] MouseButtonClick - "[MSAA, VisibleOnly]ControlType='Button'"
\0&lt;/a&gt;
W, 2376, 13, 2012/11/01, 10:09:17.669, 37994223875, QTAgent32.exe, &lt;a class=success&gt;Playback - {25} [SUCCESS] MouseButtonClick - "[MSAA, VisibleOnly]ControlType='Button' &amp;&amp; Name='Add'"
\0&lt;/a&gt;
W, 2376, 13, 2012/11/01, 10:09:18.184, 38001492414, QTAgent32.exe, &lt;a class=success&gt;Playback - {26} [SUCCESS] MouseButtonClick - "[MSAA, VisibleOnly]ControlType='Button' &amp;&amp; Name='OK'"
\0&lt;/a&gt;
W, 2376, 13, 2012/11/01, 10:09:20.649, 38036675275, QTAgent32.exe, &lt;a class=success&gt;Playback - {27} [SUCCESS] MouseButtonClick - "[MSAA, VisibleOnly,Window]ControlType='Window' &amp;&amp; ClassName='ThunderRT6TextBox'"
\0&lt;/a&gt;
W, 2376, 13, 2012/11/01, 10:09:20.992, 38041595043, QTAgent32.exe, &lt;a class=success&gt;Playback - {28} [SUCCESS] SetValueAsEditBox "MOTO" - "[MSAA, VisibleOnly]ControlType='Edit'"  &lt; Set via SendKeys &gt;
\0&lt;/a&gt;
W, 2376, 13, 2012/11/01, 10:09:21.491, 38048919463, QTAgent32.exe, &lt;a class=success&gt;Playback - {29} [SUCCESS] MouseButtonClick - "[MSAA, VisibleOnly]ControlType='Button' &amp;&amp; Name='OK'"
\0&lt;/a&gt;
W, 2376, 13, 2012/11/01, 10:09:21.944, 38055280379, QTAgent32.exe, &lt;a class=success&gt;Playback - {30} [SUCCESS] MouseButtonClick - "[MSAA, VisibleOnly]ControlType='Button' &amp;&amp; Name='Options'"
\0&lt;/a&gt;
W, 2376, 13, 2012/11/01, 10:09:22.053, 38056845525, QTAgent32.exe, FindScreenElementInSinglePass : Attempting to find control in one pass of search. Failures can occur.
W, 2376, 13, 2012/11/01, 10:09:22.240, 38059458817, QTAgent32.exe, &lt;a class=success&gt;Playback - {31} [SUCCESS] MouseButtonClick - "[MSAA]ControlType='MenuItem' &amp;&amp; Name='Links'"
\0&lt;/a&gt;
W, 2376, 13, 2012/11/01, 10:09:22.349, 38061027947, QTAgent32.exe, FindScreenElementInSinglePass : Attempting to find control in one pass of search. Failures can occur.
W, 2376, 13, 2012/11/01, 10:09:22.536, 38063703279, QTAgent32.exe, &lt;a class=success&gt;Playback - {32} [SUCCESS] MouseButtonClick - "[MSAA]ControlType='MenuItem' &amp;&amp; Name='3rd Party Integration'"
\0&lt;/a&gt;
W, 2376, 13, 2012/11/01, 10:09:22.646, 38065271561, QTAgent32.exe, FindScreenElementInSinglePass : Attempting to find control in one pass of search. Failures can occur.
W, 2376, 13, 2012/11/01, 10:09:22.848, 38068198610, QTAgent32.exe, &lt;a class=success&gt;Playback - {33} [SUCCESS] MouseButtonClick - "[MSAA]ControlType='MenuItem' &amp;&amp; Name='Quote Select List'"
\0&lt;/a&gt;
W, 2376, 13, 2012/11/01, 10:09:24.471, 38091453872, QTAgent32.exe, PERF WARNING: FindTopLevelWindowHelper::FindAllDescendents: took 1511 ms. Expected it to take maximum 500 ms.
W, 2376, 13, 2012/11/01, 10:09:26.187, 38116078697, QTAgent32.exe, &lt;a class=success&gt;Playback - {34} [SUCCESS] MouseButtonClick - "[MSAA, VisibleOnly]ControlType='Button' &amp;&amp; Name='Ok'"
\0&lt;/a&gt;
W, 2376, 13, 2012/11/01, 10:09:27.747, 38138329123, QTAgent32.exe, PERF WARNING: FindTopLevelWindowHelper::FindAllDescendents: took 1441 ms. Expected it to take maximum 500 ms.
W, 2376, 13, 2012/11/01, 10:09:28.153, 38144225400, QTAgent32.exe, &lt;a class=success&gt;Playback - {35} [SUCCESS] MouseButtonClick - "[MSAA, VisibleOnly]ControlType='Button' &amp;&amp; Name='Ok'"
\0&lt;/a&gt;
W, 2376, 13, 2012/11/01, 10:09:28.527, 38149502901, QTAgent32.exe, &lt;a class=success&gt;Playback - {36} [SUCCESS] SetValueAsEditBox "Test" - "[MSAA, VisibleOnly]ControlType='Edit'"  &lt; Set via SendKeys &gt;
\0&lt;/a&gt;
W, 2376, 13, 2012/11/01, 10:09:28.730, 38152380785, QTAgent32.exe, &lt;a class=success&gt;Playback - {37} [SUCCESS] SendKeys "{Tab}" - "[MSAA, VisibleOnly]ControlType='Edit'"
\0&lt;/a&gt;
W, 2376, 13, 2012/11/01, 10:09:29.104, 38157749559, QTAgent32.exe, &lt;a class=success&gt;Playback - {38} [SUCCESS] SetValueAsEditBox "test" - "[MSAA, VisibleOnly]ControlType='Edit'"  &lt; Set via SendKeys &gt;
\0&lt;/a&gt;
W, 2376, 13, 2012/11/01, 10:09:29.526, 38163774515, QTAgent32.exe, &lt;a class=success&gt;Playback - {39} [SUCCESS] SetValueAsEditBox "160485" - "[MSAA, VisibleOnly]ControlType='Edit'"  &lt; Set via SendKeys &gt;
\0&lt;/a&gt;
W, 2376, 13, 2012/11/01, 10:09:29.978, 38170253380, QTAgent32.exe, &lt;a class=success&gt;Playback - {40} [SUCCESS] SetValueAsEditBox "B338TH" - "[MSAA, VisibleOnly]ControlType='Edit'"  &lt; Set via SendKeys &gt;
\0&lt;/a&gt;
W, 2376, 13, 2012/11/01, 10:09:32.459, 38205761882, QTAgent32.exe, &lt;a class=success&gt;Playback - {41} [SUCCESS] MouseButtonClick - "[MSAA, VisibleOnly]ControlType='Button' &amp;&amp; Name='Lookup...'"
\0&lt;/a&gt;
W, 2376, 13, 2012/11/01, 10:09:32.896, 38212158973, QTAgent32.exe, &lt;a class=success&gt;Playback - {42} [SUCCESS] MouseButtonClick - "[MSAA, VisibleOnly]ControlType='Button' &amp;&amp; Name='Ok'"
\0&lt;/a&gt;
W, 2376, 13, 2012/11/01, 10:09:35.048, 38242922370, QTAgent32.exe, &lt;a class=success&gt;Playback - {43} [SUCCESS] MouseButtonClick - "[MSAA, VisibleOnly]ControlType='Button' &amp;&amp; Name='OK'"
\0&lt;/a&gt;
W, 2376, 13, 2012/11/01, 10:09:35.719, 38252514829, QTAgent32.exe, Playback - [WARNING] Internal warning: Incorrect flag set for InvokeProgrammaticAction\0
W, 2376, 13, 2012/11/01, 10:09:36.047, 38257149208, QTAgent32.exe, &lt;a class=success&gt;Playback - {44} [SUCCESS] SetValueAsComboBox "Account Executive" - "[MSAA, VisibleOnly]ControlType='ComboBox'"  &lt; SetValueAsComboBox, set by clicking on the item in the list box &gt;
\0&lt;/a&gt;
W, 2376, 13, 2012/11/01, 10:09:36.718, 38266823501, QTAgent32.exe, Playback - [WARNING] Internal warning: Incorrect flag set for InvokeProgrammaticAction\0
W, 2376, 13, 2012/11/01, 10:09:37.045, 38271446787, QTAgent32.exe, &lt;a class=success&gt;Playback - {45} [SUCCESS] SetValueAsComboBox "Acupuncture" - "[MSAA, VisibleOnly]ControlType='ComboBox'"  &lt; SetValueAsComboBox, set by clicking on the item in the list box &gt;
\0&lt;/a&gt;
W, 2376, 13, 2012/11/01, 10:09:37.560, 38278810970, QTAgent32.exe, &lt;a class=success&gt;Playback - {46} [SUCCESS] SetValueAsEditBox "151101" - "[MSAA, VisibleOnly]ControlType='Edit'"  &lt; Set via SendKeys &gt;
\0&lt;/a&gt;
W, 2376, 13, 2012/11/01, 10:09:39.183, 38302160190, QTAgent32.exe, &lt;a class=success&gt;Playback - {47} [SUCCESS] MouseButtonClick - "[MSAA, VisibleOnly]ControlType='Button' &amp;&amp; Name='OK'"
\0&lt;/a&gt;
W, 2376, 13, 2012/11/01, 10:09:39.713, 38309630569, QTAgent32.exe, &lt;a class=success&gt;Playback - {48} [SUCCESS] SetValueAsEditBox "RF53OXL" - "[MSAA, VisibleOnly]ControlType='Edit'"  &lt; Set via SendKeys &gt;
\0&lt;/a&gt;
W, 2376, 13, 2012/11/01, 10:09:40.805, 38325405675, QTAgent32.exe, &lt;a class=success&gt;Playback - {49} [SUCCESS] MouseButtonClick - "[MSAA, VisibleOnly]ControlType='Button' &amp;&amp; Name='Filter'"
\0&lt;/a&gt;
W, 2376, 13, 2012/11/01, 10:09:41.305, 38332451637, QTAgent32.exe, &lt;a class=success&gt;Playback - {50} [SUCCESS] MouseButtonClick - "[MSAA, VisibleOnly]ControlType='Button' &amp;&amp; Name='OK'"
\0&lt;/a&gt;
W, 2376, 13, 2012/11/01, 10:09:41.757, 38338888072, QTAgent32.exe, &lt;a class=success&gt;Playback - {51} [SUCCESS] SendKeys "^{HOME}" - "[MSAA, VisibleOnly]ControlType='Edit'"
\0&lt;/a&gt;
E, 2376, 13, 2012/11/01, 10:09:41.757, 38338891092, QTAgent32.exe, Msaa.GetFocusedElement: could not find accessible object of foreground window
W, 2376, 13, 2012/11/01, 10:09:41.851, 38340227108, QTAgent32.exe, &lt;a class=success&gt;Playback - {52} [SUCCESS] SendKeys "^+{END}" - "[MSAA, VisibleOnly]ControlType='Edit'"
\0&lt;/a&gt;
E, 2376, 13, 2012/11/01, 10:09:41.851, 38340230102, QTAgent32.exe, Msaa.GetFocusedElement: could not find accessible object of foreground window
W, 2376, 13, 2012/11/01, 10:09:41.866, 38340450924, QTAgent32.exe, &lt;a class=success&gt;Playback - {53} [SUCCESS] SendKeys "{DELETE}" - "[MSAA, VisibleOnly]ControlType='Edit'"
\0&lt;/a&gt;
W, 2376, 13, 2012/11/01, 10:09:42.085, 38343582000, QTAgent32.exe, &lt;a class=success&gt;Playback - {54} [SUCCESS] SetValueAsEditBox "1000" - "[MSAA, VisibleOnly]ControlType='Edit'"  &lt; Set via SendKeys &gt;
\0&lt;/a&gt;
W, 2376, 13, 2012/11/01, 10:09:42.553, 38350325881, QTAgent32.exe, &lt;a class=success&gt;Playback - {55} [SUCCESS] MouseButtonClick - "[MSAA, VisibleOnly]ControlType='Button' &amp;&amp; Name='Calculate Quote'"
\0&lt;/a&gt;
W, 2376, 13, 2012/11/01, 10:09:43.005, 38356767649, QTAgent32.exe, &lt;a class=success&gt;Playback - {56} [SUCCESS] MouseButtonClick - "[MSAA, VisibleOnly]ControlType='Button' &amp;&amp; Name='Cancel'"
\0&lt;/a&gt;
W, 2376, 13, 2012/11/01, 10:09:43.473, 38363604017, QTAgent32.exe, &lt;a class=success&gt;Playback - {57} [SUCCESS] MouseButtonClick - "[MSAA, VisibleOnly]ControlType='Button' &amp;&amp; Name='No'"
\0&lt;/a&gt;
W, 2376, 13, 2012/11/01, 10:09:56.718, 38553114431, QTAgent32.exe, PERF WARNING: FindTopLevelWindowHelper::FindAllDescendents: took 13136 ms. Expected it to take maximum 500 ms.
W, 2376, 13, 2012/11/01, 10:09:57.046, 38557785083, QTAgent32.exe, &lt;a class=success&gt;Playback - {58} [SUCCESS] MouseButtonClick - "[MSAA, VisibleOnly]ControlType='Client'"
\0&lt;/a&gt;
W, 2376, 13, 2012/11/01, 10:09:58.653, 38580893295, QTAgent32.exe, &lt;a class=success&gt;Playback - {59} [SUCCESS] SendKeys "{Home}" - "[MSAA, VisibleOnly]ControlType='Client'"
\0&lt;/a&gt;
W, 2376, 13, 2012/11/01, 10:10:02.397, 38634403607, QTAgent32.exe, &lt;a class=success&gt;Playback - {60} [SUCCESS] MouseButtonClick - "[MSAA, VisibleOnly]ControlType='Button' &amp;&amp; Name='Accept'"
\0&lt;/a&gt;
W, 2376, 13, 2012/11/01, 10:10:02.959, 38642453702, QTAgent32.exe, &lt;a class=success&gt;Playback - {61} [SUCCESS] MouseButtonClick - "[MSAA, VisibleOnly]ControlType='Button' &amp;&amp; Name='Yes'"
\0&lt;/a&gt;
W, 2376, 13, 2012/11/01, 10:10:03.474, 38650004146, QTAgent32.exe, &lt;a class=success&gt;Playback - {62} [SUCCESS] MouseButtonClick - "[MSAA, VisibleOnly]ControlType='Button' &amp;&amp; Name='Ok'"
\0&lt;/a&gt;
W, 2376, 13, 2012/11/01, 10:10:03.895, 38655845205, QTAgent32.exe, &lt;a class=success&gt;Playback - {63} [SUCCESS] MouseButtonClick - "[MSAA, VisibleOnly]ControlType='Button' &amp;&amp; Name='Ok'"
\0&lt;/a&gt;
W, 2376, 13, 2012/11/01, 10:10:04.488, 38664351265, QTAgent32.exe, &lt;a class=success&gt;Playback - {64} [SUCCESS] MouseButtonClick - "[MSAA, VisibleOnly]ControlType='Button' &amp;&amp; Name='Confirm'"
\0&lt;/a&gt;
W, 2376, 13, 2012/11/01, 10:10:31.805, 39055441724, QTAgent32.exe, Playback - [WARNING] Internal warning: Window Not Found: [VisibleOnly]ControlType='Window' &amp;&amp; Name='Save the file as' &amp;&amp; ClassName='#32770'
\0
E, 2376, 13, 2012/11/01, 10:10:31.805, 39055444584, QTAgent32.exe, &lt;a class=failure&gt;Playback - {65} [FAILED] Function ElementFetcher::FindScreenElement failed to locate UI element (Searching: ;[VisibleOnly]ControlType='Window' &amp;&amp; Name='Save the file as' &amp;&amp; ClassName='#32770') (The object specified was not found.)
\0&lt;/a&gt;
E, 2376, 13, 2012/11/01, 10:10:31.915, 39057096416, QTAgent32.exe, Playback - [IMAGE] C:\Users\peter.zenin-ad\AppData\Local\Temp\UITestLogs\LastRun\RPF9D79.png
\0
W, 2376, 13, 2012/11/01, 10:10:31.915, 39057098520, QTAgent32.exe, Playback - [WARNING] Internal warning: Couldn't find descendants that match QueryId
\0
W, 2376, 13, 2012/11/01, 10:10:31.915, 39057101498, QTAgent32.exe, PERF WARNING: FindTopLevelWindowHelper::FindAllDescendents: took 27321 ms. Expected it to take maximum 500 ms.
W, 2376, 13, 2012/11/01, 10:10:50.105, 39317447790, QTAgent32.exe, Playback - [WARNING] Internal warning: Window Not Found: [VisibleOnly]ControlType='Window' &amp;&amp; Name='Save the file as' &amp;&amp; ClassName='#32770'
\0
E, 2376, 13, 2012/11/01, 10:10:50.105, 39317450795, QTAgent32.exe, &lt;a class=failure&gt;Playback - {66} [FAILED] Function ElementFetcher::FindScreenElement failed to locate UI element (Searching: ;[VisibleOnly]ControlType='Window' &amp;&amp; Name='Save the file as' &amp;&amp; ClassName='#32770') (The object specified was not found.)
\0&lt;/a&gt;
E, 2376, 13, 2012/11/01, 10:10:50.214, 39319086547, QTAgent32.exe, Playback - [IMAGE] C:\Users\peter.zenin-ad\AppData\Local\Temp\UITestLogs\LastRun\RPFE4F5.png
\0
W, 2376, 13, 2012/11/01, 10:10:50.214, 39319088665, QTAgent32.exe, Playback - [WARNING] Internal warning: Couldn't find descendants that match QueryId
\0
W, 2376, 13, 2012/11/01, 10:10:50.214, 39319091605, QTAgent32.exe, PERF WARNING: FindTopLevelWindowHelper::FindAllDescendents: took 18297 ms. Expected it to take maximum 500 ms.
W, 2376, 13, 2012/11/01, 10:10:53.319, 39363462107, QTAgent32.exe, Playback - [WARNING] Internal warning: Smart Match failed
\0
W, 2376, 13, 2012/11/01, 10:10:54.645, 39382447042, QTAgent32.exe, Playback - [WARNING] Internal warning: Window Not Found: [VisibleOnly]ControlType='Window' &amp;&amp; Name='Save the file as' &amp;&amp; ClassName='#32770'
\0
E, 2376, 13, 2012/11/01, 10:10:54.645, 39382449978, QTAgent32.exe, &lt;a class=failure&gt;Playback - {67} [FAILED] Function ElementFetcher::FindScreenElement failed to locate UI element (Searching: ;[VisibleOnly]ControlType='Window' &amp;&amp; Name='Save the file as' &amp;&amp; ClassName='#32770') (The object specified was not found.)
\0&lt;/a&gt;
E, 2376, 13, 2012/11/01, 10:10:54.754, 39384170474, QTAgent32.exe, Playback - [IMAGE] C:\Users\peter.zenin-ad\AppData\Local\Temp\UITestLogs\LastRun\RPFF6B2.png
\0
W, 2376, 13, 2012/11/01, 10:10:54.754, 39384172533, QTAgent32.exe, Playback - [WARNING] Internal warning: Couldn't find descendants that match QueryId
\0
W, 2376, 13, 2012/11/01, 10:10:54.754, 39384175496, QTAgent32.exe, PERF WARNING: FindTopLevelWindowHelper::FindAllDescendents: took 4545 ms. Expected it to take maximum 500 ms.
E, 2376, 13, 2012/11/01, 10:10:54.754, 39384189710, QTAgent32.exe, Exception: System.Runtime.InteropServices.COMException
	Message: Error HRESULT E_FAIL has been returned from a call to a COM component.
	Stack Trace:    at Microsoft.VisualStudio.TestTools.UITest.Playback.Engine.IRPFPlayback.FindAllScreenElements(IScreenElement pScreenElementStart, String bstrQueryId, Object&amp; pvarResKeys, Int32 cResKeys, Int32 nMaxDepth, Object[]&amp; foundDescendants)
   at Microsoft.VisualStudio.TestTools.UITest.Playback.ScreenElement.FindTopLevelWindowHelper(String queryId)
	BaseExceptionMessage: Error HRESULT E_FAIL has been returned from a call to a COM component.

E, 2376, 13, 2012/11/01, 10:10:54.926, 39386505483, QTAgent32.exe, AL: Playback Error: Microsoft.VisualStudio.TestTools.UITest.Extension.UITestControlNotFoundException: The playback failed to find the control with the given search properties. Additional Details: 
TechnologyName:  'MSAA'
ControlType:  'Window'
Name:  'Save the file as'
ClassName:  '#32770'
 ---&gt; System.Runtime.InteropServices.COMException: Error HRESULT E_FAIL has been returned from a call to a COM component.
   at Microsoft.VisualStudio.TestTools.UITest.Playback.Engine.IRPFPlayback.FindAllScreenElements(IScreenElement pScreenElementStart, String bstrQueryId, Object&amp; pvarResKeys, Int32 cResKeys, Int32 nMaxDepth, Object[]&amp; foundDescendants)
   at Microsoft.VisualStudio.TestTools.UITest.Playback.ScreenElement.FindTopLevelWindowHelper(String queryId)
   at Microsoft.VisualStudio.TestTools.UITest.Playback.ScreenElement.FindFromPartialQueryId(String queryId)
   at Microsoft.VisualStudio.TestTools.UITesting.UITestControl..ctor(String queryId)
   --- End of inner exception stack trace ---
   at Microsoft.VisualStudio.TestTools.UITesting.Playback.MapControlNotFoundException(COMException ex, IPlaybackContext context)
   at Microsoft.VisualStudio.TestTools.UITesting.Playback.MapAndThrowComException(COMException innerException, IPlaybackContext context)
   at Microsoft.VisualStudio.TestTools.UITesting.Playback.MapAndThrowException(SystemException exception, IPlaybackContext context)
   at Microsoft.VisualStudio.TestTools.UITesting.Playback.MapAndThrowException(SystemException exception, String queryId)
   at Microsoft.VisualStudio.TestTools.UITesting.UITestControl..ctor(String queryId)
   at Microsoft.VisualStudio.TestTools.UITesting.SearchHelper.SearchTopLevelWindow(ISearchArgument topLevelSearchArg, String topLevelElementQueryId)
   at Microsoft.VisualStudio.TestTools.UITesting.SearchHelper.GetTitleUpdatedTopLevelWindow(ISearchArgument topLevelSearchArg, String queryId, IList`1 windowTitles)
   at Microsoft.VisualStudio.TestTools.UITesting.SearchHelper.GetTopLevelElement(Boolean useCache, Boolean useCacheOnly, ISearchArgument searchArg, IList`1 windowTitles, Int32&amp; timeLeft)
   at Microsoft.VisualStudio.TestTools.UITesting.SearchHelper.GetElement(Boolean useCache, ISearchArgument searchArg)
   at Microsoft.VisualStudio.TestTools.UITesting.SearchHelper.Search(ISearchArgument searchArg)
   at Microsoft.VisualStudio.TestTools.UITesting.UITestControl.FindInternal()
   at Microsoft.VisualStudio.TestTools.UITesting.UITestControl.FindControlIfNecessary()
   at Microsoft.VisualStudio.TestTools.UITesting.UITestControl.Click(MouseButtons button, ModifierKeys modifierKeys, Point relativeCoordinates)
   at Microsoft.VisualStudio.TestTools.UITesting.Mouse.ClickImplementation(UITestControl control, MouseButtons button, ModifierKeys modifierKeys, Point relativeCoordinate)
   at Microsoft.VisualStudio.TestTools.UITesting.Mouse.ClickImplementationWrapper(UITestControl control, MouseButtons button, ModifierKeys modifierKeys, Point relativeCoordinate)
W, 2376, 13, 2012/11/01, 10:10:54.926, 39386507252, QTAgent32.exe, PlaybackErrorHandler: Ignoring exception as ContinueOnError is set.
W, 2376, 13, 2012/11/01, 10:10:55.269, 39391383888, QTAgent32.exe, &lt;a class=success&gt;Playback - {68} [SUCCESS] Check - "[MSAA, VisibleOnly]ControlType='CheckBox' &amp;&amp; Name='Defer Printing?'"
\0&lt;/a&gt;
W, 2376, 13, 2012/11/01, 10:10:55.924, 39400975798, QTAgent32.exe, &lt;a class=success&gt;Playback - {69} [SUCCESS] MouseButtonClick - "[MSAA, VisibleOnly]ControlType='Button' &amp;&amp; Name='Ok'"
\0&lt;/a&gt;
W, 2376, 13, 2012/11/01, 10:10:57.734, 39426773813, QTAgent32.exe, PERF WARNING: FindTopLevelWindowHelper::FindAllDescendents: took 1707 ms. Expected it to take maximum 500 ms.
W, 2376, 13, 2012/11/01, 10:10:58.077, 39431592487, QTAgent32.exe, &lt;a class=success&gt;Playback - {70} [SUCCESS] Uncheck - "[MSAA, VisibleOnly]ControlType='CheckBox' &amp;&amp; Name='Add Activity'"
\0&lt;/a&gt;
W, 2376, 13, 2012/11/01, 10:11:01.150, 39475697454, QTAgent32.exe, &lt;a class=success&gt;Playback - {71} [SUCCESS] MouseButtonClick - "[MSAA, VisibleOnly]ControlType='Button' &amp;&amp; Name='Ok'"
\0&lt;/a&gt;
W, 2376, 13, 2012/11/01, 10:11:01.587, 39481965721, QTAgent32.exe, &lt;a class=success&gt;Playback - {72} [SUCCESS] MouseButtonClick - "[MSAA, VisibleOnly]ControlType='Button' &amp;&amp; Name='Ok'"
\0&lt;/a&gt;
W, 2376, 13, 2012/11/01, 10:11:11.291, 39620784902, QTAgent32.exe, PERF WARNING: FindTopLevelWindowHelper::FindAllDescendents: took 9454 ms. Expected it to take maximum 500 ms.
W, 2376, 13, 2012/11/01, 10:11:13.584, 39653607822, QTAgent32.exe, &lt;a class=success&gt;Playback - {73} [SUCCESS] MouseButtonClick - "[MSAA, VisibleOnly]ControlType='Button' &amp;&amp; Name='OK'"
\0&lt;/a&gt;
W, 2376, 13, 2012/11/01, 10:11:14.036, 39660126922, QTAgent32.exe, &lt;a class=success&gt;Playback - {74} [SUCCESS] MouseButtonClick - "[MSAA, VisibleOnly]ControlType='Button' &amp;&amp; Name='Cancel'"
\0&lt;/a&gt;
W, 2376, 13, 2012/11/01, 10:11:14.567, 39667780165, QTAgent32.exe, &lt;a class=success&gt;Playback - {75} [SUCCESS] MouseButtonClick - "[MSAA, VisibleOnly]ControlType='Button'"
\0&lt;/a&gt;
W, 2376, 13, 2012/11/01, 10:11:15.222, 39677119639, QTAgent32.exe, &lt;a class=success&gt;Playback - {76} [SUCCESS] MouseButtonClick - "[MSAA, VisibleOnly]ControlType='Button' &amp;&amp; Name='Detail'"
\0&lt;/a&gt;
W, 2376, 13, 2012/11/01, 10:11:15.565, 39682115810, QTAgent32.exe, Playback - [WARNING] Internal warning: Window Not Found: [VisibleOnly]ControlType='Window' &amp;&amp; Name='Policy: rty ert' &amp;&amp; ClassName='ThunderRT6MDIForm'
\0
E, 2376, 13, 2012/11/01, 10:11:15.565, 39682118526, QTAgent32.exe, &lt;a class=failure&gt;Playback - {77} [FAILED] Function ElementFetcher::FindScreenElement failed to locate UI element (Searching: ;[VisibleOnly]ControlType='Window' &amp;&amp; Name='Policy: rty ert' &amp;&amp; ClassName='ThunderRT6MDIForm') (The object specified was not found.)
\0&lt;/a&gt;
E, 2376, 13, 2012/11/01, 10:11:15.674, 39683682422, QTAgent32.exe, Playback - [IMAGE] C:\Users\peter.zenin-ad\AppData\Local\Temp\UITestLogs\LastRun\RPF486A.png
\0
W, 2376, 13, 2012/11/01, 10:11:15.674, 39683684579, QTAgent32.exe, Playback - [WARNING] Internal warning: Couldn't find descendants that match QueryId
\0
W, 2376, 13, 2012/11/01, 10:11:33.677, 39941463781, QTAgent32.exe, Playback - [WARNING] Internal warning: Window Not Found: [VisibleOnly]ControlType='Window' &amp;&amp; Name='Policy: rty ert' &amp;&amp; ClassName='ThunderRT6MDIForm'
\0
E, 2376, 13, 2012/11/01, 10:11:33.677, 39941466588, QTAgent32.exe, &lt;a class=failure&gt;Playback - {78} [FAILED] Function ElementFetcher::FindScreenElement failed to locate UI element (Searching: ;[VisibleOnly]ControlType='Window' &amp;&amp; Name='Policy: rty ert' &amp;&amp; ClassName='ThunderRT6MDIForm') (The object specified was not found.)
\0&lt;/a&gt;
E, 2376, 13, 2012/11/01, 10:11:33.786, 39943060109, QTAgent32.exe, Playback - [IMAGE] C:\Users\peter.zenin-ad\AppData\Local\Temp\UITestLogs\LastRun\RPF8F2B.png
\0
W, 2376, 13, 2012/11/01, 10:11:33.786, 39943062381, QTAgent32.exe, Playback - [WARNING] Internal warning: Couldn't find descendants that match QueryId
\0
W, 2376, 13, 2012/11/01, 10:11:33.786, 39943065317, QTAgent32.exe, PERF WARNING: FindTopLevelWindowHelper::FindAllDescendents: took 18115 ms. Expected it to take maximum 500 ms.
W, 2376, 13, 2012/11/01, 10:11:34.317, 39950562325, QTAgent32.exe, Playback - [WARNING] Internal warning: Window with Class "ThunderRT6MDIForm" and Title "Policy: rty ert" was not found, so similar window with Class "ThunderRT6MDIForm" and Title "Policy: autotest" was accepted
\0
W, 2376, 13, 2012/11/01, 10:11:34.317, 39950566234, QTAgent32.exe, PERF WARNING: FindTopLevelWindowHelper::FindAllDescendents: took 523 ms. Expected it to take maximum 500 ms.
W, 2376, 13, 2012/11/01, 10:11:34.660, 39955375461, QTAgent32.exe, &lt;a class=success&gt;Playback - {79} [SUCCESS] MouseButtonClick - "[MSAA, VisibleOnly]ControlType='Edit'"
\0&lt;/a&gt;
W, 2376, 13, 2012/11/01, 10:11:35.159, 39962610353, QTAgent32.exe, &lt;a class=success&gt;Playback - {80} [SUCCESS] MouseButtonClick - "[MSAA, VisibleOnly]ControlType='Button' &amp;&amp; Name='Cancel'"
\0&lt;/a&gt;
W, 2376, 13, 2012/11/01, 10:11:35.612, 39969034446, QTAgent32.exe, &lt;a class=success&gt;Playback - {81} [SUCCESS] MouseButtonClick - "[MSAA, VisibleOnly]ControlType='Button' &amp;&amp; Name='Cancel'"
\0&lt;/a&gt;
W, 2376, 13, 2012/11/01, 10:11:36.048, 39975257750, QTAgent32.exe, &lt;a class=success&gt;Playback - {82} [SUCCESS] MouseButtonClick - "[MSAA, VisibleOnly]ControlType='Button' &amp;&amp; Name='Cancel'"
\0&lt;/a&gt;
W, 2376, 13, 2012/11/01, 10:11:36.485, 39981600945, QTAgent32.exe, &lt;a class=success&gt;Playback - {83} [SUCCESS] MouseButtonClick - "[MSAA, VisibleOnly]ControlType='Button' &amp;&amp; Name='Close'"
\0&lt;/a&gt;
W, 2376, 13, 2012/11/01, 10:11:40.963, 40045815340, QTAgent32.exe, IEDOM : StopSession of the plugin called before StartSession
W, 2376, 13, 2012/11/01, 10:11:40.963, 40045816606, QTAgent32.exe, UIA : StopSession of the plugin called before StartSession
W, 2376, 13, 2012/11/01, 10:11:40.963, 40045822262, QTAgent32.exe, SLPlugin : StopSession of the plugin called before StartSession
</DebugTrace>
      </Output>
    </UnitTestResult>
    <UnitTestResult executionId="721dc46c-ae4e-4d64-80d2-ba535ac01c7b" testId="8efed318-945d-2a9d-e29d-a71a05da5660" testName="MotoTest10" computerName="ICLVDEVAP01" duration="00:04:08.4291234" startTime="2012-11-01T10:11:40.9943575+00:00" endTime="2012-11-01T10:15:49.4134849+00:00" testType="13cdc9d9-ddb5-4fa4-a97d-d965ccfc6d4b" outcome="Passed" testListId="8c84fa94-04c1-424b-9868-57a2d4851a1d" relativeResultsDirectory="721dc46c-ae4e-4d64-80d2-ba535ac01c7b">
      <Output>
        <DebugTrace>W, 2376, 22, 2012/11/01, 10:11:40.994, 40046237919, QTAgent32.exe, ExtensionFramework : A Technology Manager with name Web is already registered.
W, 2376, 22, 2012/11/01, 10:11:41.852, 40058345817, QTAgent32.exe, &lt;a class=success&gt;Playback - {1} [SUCCESS] MouseButtonClick - "[MSAA, VisibleOnly]ControlType='Edit'"
\0&lt;/a&gt;
W, 2376, 22, 2012/11/01, 10:11:42.117, 40062140590, QTAgent32.exe, &lt;a class=success&gt;Playback - {2} [SUCCESS] SendKeys "[*]" - "[MSAA, VisibleOnly]ControlType='Edit'"
\0&lt;/a&gt;
W, 2376, 22, 2012/11/01, 10:11:43.006, 40074882022, QTAgent32.exe, &lt;a class=success&gt;Playback - {3} [SUCCESS] MouseButtonClick - "[MSAA, VisibleOnly]ControlType='Button' &amp;&amp; Name='OK'"
\0&lt;/a&gt;
W, 2376, 22, 2012/11/01, 10:11:43.662, 40084380799, QTAgent32.exe, &lt;a class=success&gt;Playback - {4} [SUCCESS] MouseButtonClick - "[MSAA, VisibleOnly]ControlType='Button' &amp;&amp; Name='OK'"
\0&lt;/a&gt;
W, 2376, 22, 2012/11/01, 10:11:44.130, 40091048477, QTAgent32.exe, &lt;a class=success&gt;Playback - {5} [SUCCESS] MouseButtonClick - "[MSAA, VisibleOnly]ControlType='Button' &amp;&amp; Name='Clients &amp; Files'"
\0&lt;/a&gt;
W, 2376, 22, 2012/11/01, 10:11:44.566, 40097216001, QTAgent32.exe, &lt;a class=success&gt;Playback - {6} [SUCCESS] MouseButtonClick - "[MSAA, VisibleOnly]ControlType='Button' &amp;&amp; Name='Clients &amp; Files'"
\0&lt;/a&gt;
W, 2376, 22, 2012/11/01, 10:11:44.972, 40103116833, QTAgent32.exe, Playback - [WARNING] Internal warning: Window Not Found: [VisibleOnly]ControlType='Window' &amp;&amp; Name='Customer: txt1 tdsfs' &amp;&amp; ClassName='ThunderRT6MDIForm'
\0
E, 2376, 22, 2012/11/01, 10:11:44.972, 40103119548, QTAgent32.exe, &lt;a class=failure&gt;Playback - {7} [FAILED] Function ElementFetcher::FindScreenElement failed to locate UI element (Searching: ;[VisibleOnly]ControlType='Window' &amp;&amp; Name='Customer: txt1 tdsfs' &amp;&amp; ClassName='ThunderRT6MDIForm') (The object specified was not found.)
\0&lt;/a&gt;
E, 2376, 22, 2012/11/01, 10:11:45.081, 40104677089, QTAgent32.exe, Playback - [IMAGE] C:\Users\peter.zenin-ad\AppData\Local\Temp\UITestLogs\LastRun\RPFBB4A.png
\0
W, 2376, 22, 2012/11/01, 10:11:45.081, 40104679268, QTAgent32.exe, Playback - [WARNING] Internal warning: Couldn't find descendants that match QueryId
\0
W, 2376, 22, 2012/11/01, 10:12:03.162, 40363563613, QTAgent32.exe, Playback - [WARNING] Internal warning: Window Not Found: [VisibleOnly]ControlType='Window' &amp;&amp; Name='Customer: txt1 tdsfs' &amp;&amp; ClassName='ThunderRT6MDIForm'
\0
E, 2376, 22, 2012/11/01, 10:12:03.162, 40363566450, QTAgent32.exe, &lt;a class=failure&gt;Playback - {8} [FAILED] Function ElementFetcher::FindScreenElement failed to locate UI element (Searching: ;[VisibleOnly]ControlType='Window' &amp;&amp; Name='Customer: txt1 tdsfs' &amp;&amp; ClassName='ThunderRT6MDIForm') (The object specified was not found.)
\0&lt;/a&gt;
E, 2376, 22, 2012/11/01, 10:12:03.240, 40364771261, QTAgent32.exe, Playback - [IMAGE] C:\Users\peter.zenin-ad\AppData\Local\Temp\UITestLogs\LastRun\RPF259.png
\0
W, 2376, 22, 2012/11/01, 10:12:03.240, 40364773386, QTAgent32.exe, Playback - [WARNING] Internal warning: Couldn't find descendants that match QueryId
\0
W, 2376, 22, 2012/11/01, 10:12:03.240, 40364776400, QTAgent32.exe, PERF WARNING: FindTopLevelWindowHelper::FindAllDescendents: took 18165 ms. Expected it to take maximum 500 ms.
W, 2376, 22, 2012/11/01, 10:12:03.739, 40371804988, QTAgent32.exe, Playback - [WARNING] Internal warning: Window with Class "ThunderRT6MDIForm" and Title "Customer: txt1 tdsfs" was not found, so similar window with Class "ThunderRT6MDIForm" and Title "Customer: autotest" was accepted
\0
W, 2376, 22, 2012/11/01, 10:12:05.315, 40394370058, QTAgent32.exe, Playback - [WARNING] Internal warning: Incorrect flag set for InvokeProgrammaticAction\0
W, 2376, 22, 2012/11/01, 10:12:05.643, 40398991426, QTAgent32.exe, &lt;a class=success&gt;Playback - {9} [SUCCESS] SetValueAsComboBox "Customers" - "[MSAA, VisibleOnly]ControlType='ComboBox'"  &lt; SetValueAsComboBox, set by clicking on the item in the list box &gt;
\0&lt;/a&gt;
W, 2376, 22, 2012/11/01, 10:12:06.282, 40408350144, QTAgent32.exe, &lt;a class=success&gt;Playback - {10} [SUCCESS] MouseButtonClick - "[MSAA, VisibleOnly]ControlType='Button' &amp;&amp; Name='Add'"
\0&lt;/a&gt;
W, 2376, 22, 2012/11/01, 10:12:06.703, 40414162259, QTAgent32.exe, &lt;a class=success&gt;Playback - {11} [SUCCESS] SendKeys "autotest" - "[MSAA, VisibleOnly]ControlType='RadioButton' &amp;&amp; Name='Personal Lines'"
\0&lt;/a&gt;
W, 2376, 22, 2012/11/01, 10:12:07.187, 40421091272, QTAgent32.exe, &lt;a class=success&gt;Playback - {12} [SUCCESS] SetValueAsEditBox "autotest" - "[MSAA, VisibleOnly]ControlType='Edit'"  &lt; Set via SendKeys &gt;
\0&lt;/a&gt;
W, 2376, 22, 2012/11/01, 10:12:07.655, 40427951992, QTAgent32.exe, &lt;a class=success&gt;Playback - {13} [SUCCESS] MouseButtonClick - "[MSAA, VisibleOnly]ControlType='Button' &amp;&amp; Name='OK'"
\0&lt;/a&gt;
W, 2376, 22, 2012/11/01, 10:12:08.232, 40436107520, QTAgent32.exe, &lt;a class=success&gt;Playback - {14} [SUCCESS] MouseButtonClick - "[MSAA, VisibleOnly]ControlType='Button' &amp;&amp; Name='Yes'"
\0&lt;/a&gt;
W, 2376, 22, 2012/11/01, 10:12:08.466, 40439402392, QTAgent32.exe, &lt;a class=success&gt;Playback - {15} [SUCCESS] SendKeys "^{HOME}" - "[MSAA, VisibleOnly]ControlType='Edit'"
\0&lt;/a&gt;
E, 2376, 22, 2012/11/01, 10:12:08.466, 40439405353, QTAgent32.exe, Msaa.GetFocusedElement: could not find accessible object of foreground window
W, 2376, 22, 2012/11/01, 10:12:08.544, 40440538783, QTAgent32.exe, &lt;a class=success&gt;Playback - {16} [SUCCESS] SendKeys "^+{END}" - "[MSAA, VisibleOnly]ControlType='Edit'"
\0&lt;/a&gt;
E, 2376, 22, 2012/11/01, 10:12:08.544, 40440541079, QTAgent32.exe, Msaa.GetFocusedElement: could not find accessible object of foreground window
W, 2376, 22, 2012/11/01, 10:12:08.560, 40440742322, QTAgent32.exe, &lt;a class=success&gt;Playback - {17} [SUCCESS] SendKeys "{DELETE}" - "[MSAA, VisibleOnly]ControlType='Edit'"
\0&lt;/a&gt;
W, 2376, 22, 2012/11/01, 10:12:08.638, 40441862844, QTAgent32.exe, &lt;a class=success&gt;Playback - {18} [SUCCESS] SetValueAsEditBox "1" - "[MSAA, VisibleOnly]ControlType='Edit'"  &lt; Set via SendKeys &gt;
\0&lt;/a&gt;
W, 2376, 22, 2012/11/01, 10:12:08.872, 40445215059, QTAgent32.exe, &lt;a class=success&gt;Playback - {19} [SUCCESS] SendKeys "^{HOME}" - "[MSAA, VisibleOnly]ControlType='Edit'"
\0&lt;/a&gt;
E, 2376, 22, 2012/11/01, 10:12:08.872, 40445217895, QTAgent32.exe, Msaa.GetFocusedElement: could not find accessible object of foreground window
W, 2376, 22, 2012/11/01, 10:12:08.950, 40446327118, QTAgent32.exe, &lt;a class=success&gt;Playback - {20} [SUCCESS] SendKeys "^+{END}" - "[MSAA, VisibleOnly]ControlType='Edit'"
\0&lt;/a&gt;
E, 2376, 22, 2012/11/01, 10:12:08.950, 40446329934, QTAgent32.exe, Msaa.GetFocusedElement: could not find accessible object of foreground window
W, 2376, 22, 2012/11/01, 10:12:08.981, 40446773911, QTAgent32.exe, &lt;a class=success&gt;Playback - {21} [SUCCESS] SendKeys "{DELETE}" - "[MSAA, VisibleOnly]ControlType='Edit'"
\0&lt;/a&gt;
W, 2376, 22, 2012/11/01, 10:12:09.059, 40447897714, QTAgent32.exe, &lt;a class=success&gt;Playback - {22} [SUCCESS] SetValueAsEditBox "1" - "[MSAA, VisibleOnly]ControlType='Edit'"  &lt; Set via SendKeys &gt;
\0&lt;/a&gt;
W, 2376, 22, 2012/11/01, 10:12:09.574, 40455319262, QTAgent32.exe, &lt;a class=success&gt;Playback - {23} [SUCCESS] MouseButtonClick - "[MSAA, VisibleOnly]ControlType='Button' &amp;&amp; Name='OK'"
\0&lt;/a&gt;
W, 2376, 22, 2012/11/01, 10:12:10.089, 40462818864, QTAgent32.exe, &lt;a class=success&gt;Playback - {24} [SUCCESS] MouseButtonClick - "[MSAA, VisibleOnly]ControlType='Button'"
\0&lt;/a&gt;
W, 2376, 22, 2012/11/01, 10:12:10.619, 40470330651, QTAgent32.exe, &lt;a class=success&gt;Playback - {25} [SUCCESS] MouseButtonClick - "[MSAA, VisibleOnly]ControlType='Button' &amp;&amp; Name='Add'"
\0&lt;/a&gt;
W, 2376, 22, 2012/11/01, 10:12:11.150, 40477891656, QTAgent32.exe, &lt;a class=success&gt;Playback - {26} [SUCCESS] MouseButtonClick - "[MSAA, VisibleOnly]ControlType='Button' &amp;&amp; Name='OK'"
\0&lt;/a&gt;
W, 2376, 22, 2012/11/01, 10:12:13.615, 40513113372, QTAgent32.exe, &lt;a class=success&gt;Playback - {27} [SUCCESS] MouseButtonClick - "[MSAA, VisibleOnly,Window]ControlType='Window' &amp;&amp; ClassName='ThunderRT6TextBox'"
\0&lt;/a&gt;
W, 2376, 22, 2012/11/01, 10:12:13.958, 40518032817, QTAgent32.exe, &lt;a class=success&gt;Playback - {28} [SUCCESS] SetValueAsEditBox "MOTO" - "[MSAA, VisibleOnly]ControlType='Edit'"  &lt; Set via SendKeys &gt;
\0&lt;/a&gt;
W, 2376, 22, 2012/11/01, 10:12:14.457, 40525319692, QTAgent32.exe, &lt;a class=success&gt;Playback - {29} [SUCCESS] MouseButtonClick - "[MSAA, VisibleOnly]ControlType='Button' &amp;&amp; Name='OK'"
\0&lt;/a&gt;
W, 2376, 22, 2012/11/01, 10:12:14.894, 40531495860, QTAgent32.exe, &lt;a class=success&gt;Playback - {30} [SUCCESS] MouseButtonClick - "[MSAA, VisibleOnly]ControlType='Button' &amp;&amp; Name='Options'"
\0&lt;/a&gt;
W, 2376, 22, 2012/11/01, 10:12:15.003, 40532996163, QTAgent32.exe, FindScreenElementInSinglePass : Attempting to find control in one pass of search. Failures can occur.
W, 2376, 22, 2012/11/01, 10:12:15.190, 40535672475, QTAgent32.exe, &lt;a class=success&gt;Playback - {31} [SUCCESS] MouseButtonClick - "[MSAA]ControlType='MenuItem' &amp;&amp; Name='Links'"
\0&lt;/a&gt;
W, 2376, 22, 2012/11/01, 10:12:15.299, 40537239718, QTAgent32.exe, FindScreenElementInSinglePass : Attempting to find control in one pass of search. Failures can occur.
W, 2376, 22, 2012/11/01, 10:12:15.487, 40539917335, QTAgent32.exe, &lt;a class=success&gt;Playback - {32} [SUCCESS] MouseButtonClick - "[MSAA]ControlType='MenuItem' &amp;&amp; Name='3rd Party Integration'"
\0&lt;/a&gt;
W, 2376, 22, 2012/11/01, 10:12:15.596, 40541484975, QTAgent32.exe, FindScreenElementInSinglePass : Attempting to find control in one pass of search. Failures can occur.
W, 2376, 22, 2012/11/01, 10:12:15.799, 40544411338, QTAgent32.exe, &lt;a class=success&gt;Playback - {33} [SUCCESS] MouseButtonClick - "[MSAA]ControlType='MenuItem' &amp;&amp; Name='Quote Select List'"
\0&lt;/a&gt;
W, 2376, 22, 2012/11/01, 10:12:17.530, 40569196315, QTAgent32.exe, PERF WARNING: FindTopLevelWindowHelper::FindAllDescendents: took 1622 ms. Expected it to take maximum 500 ms.
W, 2376, 22, 2012/11/01, 10:12:19.231, 40593723870, QTAgent32.exe, &lt;a class=success&gt;Playback - {34} [SUCCESS] MouseButtonClick - "[MSAA, VisibleOnly]ControlType='Button' &amp;&amp; Name='Ok'"
\0&lt;/a&gt;
W, 2376, 22, 2012/11/01, 10:12:20.682, 40614315855, QTAgent32.exe, PERF WARNING: FindTopLevelWindowHelper::FindAllDescendents: took 1334 ms. Expected it to take maximum 500 ms.
W, 2376, 22, 2012/11/01, 10:12:21.087, 40620174725, QTAgent32.exe, &lt;a class=success&gt;Playback - {35} [SUCCESS] MouseButtonClick - "[MSAA, VisibleOnly]ControlType='Button' &amp;&amp; Name='Ok'"
\0&lt;/a&gt;
W, 2376, 22, 2012/11/01, 10:12:21.462, 40625467891, QTAgent32.exe, &lt;a class=success&gt;Playback - {36} [SUCCESS] SetValueAsEditBox "Test" - "[MSAA, VisibleOnly]ControlType='Edit'"  &lt; Set via SendKeys &gt;
\0&lt;/a&gt;
W, 2376, 22, 2012/11/01, 10:12:21.649, 40628146063, QTAgent32.exe, &lt;a class=success&gt;Playback - {37} [SUCCESS] SendKeys "{Tab}" - "[MSAA, VisibleOnly]ControlType='Edit'"
\0&lt;/a&gt;
W, 2376, 22, 2012/11/01, 10:12:22.023, 40633511850, QTAgent32.exe, &lt;a class=success&gt;Playback - {38} [SUCCESS] SetValueAsEditBox "test" - "[MSAA, VisibleOnly]ControlType='Edit'"  &lt; Set via SendKeys &gt;
\0&lt;/a&gt;
W, 2376, 22, 2012/11/01, 10:12:22.460, 40639764144, QTAgent32.exe, &lt;a class=success&gt;Playback - {39} [SUCCESS] SetValueAsEditBox "160485" - "[MSAA, VisibleOnly]ControlType='Edit'"  &lt; Set via SendKeys &gt;
\0&lt;/a&gt;
W, 2376, 22, 2012/11/01, 10:12:22.881, 40645795829, QTAgent32.exe, &lt;a class=success&gt;Playback - {40} [SUCCESS] SetValueAsEditBox "B338TH" - "[MSAA, VisibleOnly]ControlType='Edit'"  &lt; Set via SendKeys &gt;
\0&lt;/a&gt;
W, 2376, 22, 2012/11/01, 10:12:25.346, 40681083632, QTAgent32.exe, &lt;a class=success&gt;Playback - {41} [SUCCESS] MouseButtonClick - "[MSAA, VisibleOnly]ControlType='Button' &amp;&amp; Name='Lookup...'"
\0&lt;/a&gt;
W, 2376, 22, 2012/11/01, 10:12:25.783, 40687476714, QTAgent32.exe, &lt;a class=success&gt;Playback - {42} [SUCCESS] MouseButtonClick - "[MSAA, VisibleOnly]ControlType='Button' &amp;&amp; Name='Ok'"
\0&lt;/a&gt;
W, 2376, 22, 2012/11/01, 10:12:27.827, 40716716144, QTAgent32.exe, &lt;a class=success&gt;Playback - {43} [SUCCESS] MouseButtonClick - "[MSAA, VisibleOnly]ControlType='Button' &amp;&amp; Name='OK'"
\0&lt;/a&gt;
W, 2376, 22, 2012/11/01, 10:12:28.466, 40725843059, QTAgent32.exe, Playback - [WARNING] Internal warning: Incorrect flag set for InvokeProgrammaticAction\0
W, 2376, 22, 2012/11/01, 10:12:28.794, 40730460521, QTAgent32.exe, &lt;a class=success&gt;Playback - {44} [SUCCESS] SetValueAsComboBox "Account Executive" - "[MSAA, VisibleOnly]ControlType='ComboBox'"  &lt; SetValueAsComboBox, set by clicking on the item in the list box &gt;
\0&lt;/a&gt;
W, 2376, 22, 2012/11/01, 10:12:29.433, 40739613195, QTAgent32.exe, Playback - [WARNING] Internal warning: Incorrect flag set for InvokeProgrammaticAction\0
W, 2376, 22, 2012/11/01, 10:12:29.761, 40744307089, QTAgent32.exe, &lt;a class=success&gt;Playback - {45} [SUCCESS] SetValueAsComboBox "Acupuncture" - "[MSAA, VisibleOnly]ControlType='ComboBox'"  &lt; SetValueAsComboBox, set by clicking on the item in the list box &gt;
\0&lt;/a&gt;
W, 2376, 22, 2012/11/01, 10:12:30.245, 40751222894, QTAgent32.exe, &lt;a class=success&gt;Playback - {46} [SUCCESS] SetValueAsEditBox "151101" - "[MSAA, VisibleOnly]ControlType='Edit'"  &lt; Set via SendKeys &gt;
\0&lt;/a&gt;
W, 2376, 22, 2012/11/01, 10:12:31.929, 40775409388, QTAgent32.exe, &lt;a class=success&gt;Playback - {47} [SUCCESS] MouseButtonClick - "[MSAA, VisibleOnly]ControlType='Button' &amp;&amp; Name='OK'"
\0&lt;/a&gt;
W, 2376, 22, 2012/11/01, 10:12:32.444, 40782717398, QTAgent32.exe, &lt;a class=success&gt;Playback - {48} [SUCCESS] SetValueAsEditBox "RF53OXL" - "[MSAA, VisibleOnly]ControlType='Edit'"  &lt; Set via SendKeys &gt;
\0&lt;/a&gt;
W, 2376, 22, 2012/11/01, 10:12:33.692, 40800600187, QTAgent32.exe, &lt;a class=success&gt;Playback - {49} [SUCCESS] MouseButtonClick - "[MSAA, VisibleOnly]ControlType='Button' &amp;&amp; Name='Filter'"
\0&lt;/a&gt;
W, 2376, 22, 2012/11/01, 10:12:34.176, 40807532619, QTAgent32.exe, &lt;a class=success&gt;Playback - {50} [SUCCESS] MouseButtonClick - "[MSAA, VisibleOnly]ControlType='Button' &amp;&amp; Name='OK'"
\0&lt;/a&gt;
W, 2376, 22, 2012/11/01, 10:12:34.550, 40812868222, QTAgent32.exe, &lt;a class=success&gt;Playback - {51} [SUCCESS] SendKeys "^{HOME}" - "[MSAA, VisibleOnly]ControlType='Edit'"
\0&lt;/a&gt;
E, 2376, 22, 2012/11/01, 10:12:34.550, 40812871035, QTAgent32.exe, Msaa.GetFocusedElement: could not find accessible object of foreground window
W, 2376, 22, 2012/11/01, 10:12:34.644, 40814207869, QTAgent32.exe, &lt;a class=success&gt;Playback - {52} [SUCCESS] SendKeys "^+{END}" - "[MSAA, VisibleOnly]ControlType='Edit'"
\0&lt;/a&gt;
E, 2376, 22, 2012/11/01, 10:12:34.644, 40814210831, QTAgent32.exe, Msaa.GetFocusedElement: could not find accessible object of foreground window
W, 2376, 22, 2012/11/01, 10:12:34.660, 40814431722, QTAgent32.exe, &lt;a class=success&gt;Playback - {53} [SUCCESS] SendKeys "{DELETE}" - "[MSAA, VisibleOnly]ControlType='Edit'"
\0&lt;/a&gt;
W, 2376, 22, 2012/11/01, 10:12:34.878, 40817561329, QTAgent32.exe, &lt;a class=success&gt;Playback - {54} [SUCCESS] SetValueAsEditBox "1000" - "[MSAA, VisibleOnly]ControlType='Edit'"  &lt; Set via SendKeys &gt;
\0&lt;/a&gt;
W, 2376, 22, 2012/11/01, 10:12:35.346, 40824287332, QTAgent32.exe, &lt;a class=success&gt;Playback - {55} [SUCCESS] MouseButtonClick - "[MSAA, VisibleOnly]ControlType='Button' &amp;&amp; Name='Calculate Quote'"
\0&lt;/a&gt;
W, 2376, 22, 2012/11/01, 10:12:35.798, 40830751214, QTAgent32.exe, &lt;a class=success&gt;Playback - {56} [SUCCESS] MouseButtonClick - "[MSAA, VisibleOnly]ControlType='Button' &amp;&amp; Name='Cancel'"
\0&lt;/a&gt;
W, 2376, 22, 2012/11/01, 10:12:36.282, 40837819528, QTAgent32.exe, &lt;a class=success&gt;Playback - {57} [SUCCESS] MouseButtonClick - "[MSAA, VisibleOnly]ControlType='Button' &amp;&amp; Name='No'"
\0&lt;/a&gt;
W, 2376, 22, 2012/11/01, 10:12:46.812, 40988441974, QTAgent32.exe, PERF WARNING: FindTopLevelWindowHelper::FindAllDescendents: took 10421 ms. Expected it to take maximum 500 ms.
W, 2376, 22, 2012/11/01, 10:12:47.140, 40993128020, QTAgent32.exe, &lt;a class=success&gt;Playback - {58} [SUCCESS] MouseButtonClick - "[MSAA, VisibleOnly]ControlType='Client'"
\0&lt;/a&gt;
W, 2376, 22, 2012/11/01, 10:12:48.700, 41015571919, QTAgent32.exe, &lt;a class=success&gt;Playback - {59} [SUCCESS] SendKeys "{Home}" - "[MSAA, VisibleOnly]ControlType='Client'"
\0&lt;/a&gt;
W, 2376, 22, 2012/11/01, 10:12:52.429, 41068852449, QTAgent32.exe, &lt;a class=success&gt;Playback - {60} [SUCCESS] MouseButtonClick - "[MSAA, VisibleOnly]ControlType='Button' &amp;&amp; Name='Accept'"
\0&lt;/a&gt;
W, 2376, 22, 2012/11/01, 10:12:52.959, 41076456600, QTAgent32.exe, &lt;a class=success&gt;Playback - {61} [SUCCESS] MouseButtonClick - "[MSAA, VisibleOnly]ControlType='Button' &amp;&amp; Name='Yes'"
\0&lt;/a&gt;
W, 2376, 22, 2012/11/01, 10:12:53.489, 41084118981, QTAgent32.exe, &lt;a class=success&gt;Playback - {62} [SUCCESS] MouseButtonClick - "[MSAA, VisibleOnly]ControlType='Button' &amp;&amp; Name='Ok'"
\0&lt;/a&gt;
W, 2376, 22, 2012/11/01, 10:12:53.895, 41089870462, QTAgent32.exe, &lt;a class=success&gt;Playback - {63} [SUCCESS] MouseButtonClick - "[MSAA, VisibleOnly]ControlType='Button' &amp;&amp; Name='Ok'"
\0&lt;/a&gt;
W, 2376, 22, 2012/11/01, 10:12:54.503, 41098547309, QTAgent32.exe, &lt;a class=success&gt;Playback - {64} [SUCCESS] MouseButtonClick - "[MSAA, VisibleOnly]ControlType='Button' &amp;&amp; Name='Confirm'"
\0&lt;/a&gt;
W, 2376, 22, 2012/11/01, 10:13:22.054, 41493013843, QTAgent32.exe, Playback - [WARNING] Internal warning: Window Not Found: [VisibleOnly]ControlType='Window' &amp;&amp; Name='Save the file as' &amp;&amp; ClassName='#32770'
\0
E, 2376, 22, 2012/11/01, 10:13:22.054, 41493016974, QTAgent32.exe, &lt;a class=failure&gt;Playback - {65} [FAILED] Function ElementFetcher::FindScreenElement failed to locate UI element (Searching: ;[VisibleOnly]ControlType='Window' &amp;&amp; Name='Save the file as' &amp;&amp; ClassName='#32770') (The object specified was not found.)
\0&lt;/a&gt;
E, 2376, 22, 2012/11/01, 10:13:22.132, 41494221488, QTAgent32.exe, Playback - [IMAGE] C:\Users\peter.zenin-ad\AppData\Local\Temp\UITestLogs\LastRun\RPF3684.png
\0
W, 2376, 22, 2012/11/01, 10:13:22.132, 41494223645, QTAgent32.exe, Playback - [WARNING] Internal warning: Couldn't find descendants that match QueryId
\0
W, 2376, 22, 2012/11/01, 10:13:22.132, 41494226645, QTAgent32.exe, PERF WARNING: FindTopLevelWindowHelper::FindAllDescendents: took 27525 ms. Expected it to take maximum 500 ms.
W, 2376, 22, 2012/11/01, 10:13:40.338, 41754797264, QTAgent32.exe, Playback - [WARNING] Internal warning: Window Not Found: [VisibleOnly]ControlType='Window' &amp;&amp; Name='Save the file as' &amp;&amp; ClassName='#32770'
\0
E, 2376, 22, 2012/11/01, 10:13:40.338, 41754800237, QTAgent32.exe, &lt;a class=failure&gt;Playback - {66} [FAILED] Function ElementFetcher::FindScreenElement failed to locate UI element (Searching: ;[VisibleOnly]ControlType='Window' &amp;&amp; Name='Save the file as' &amp;&amp; ClassName='#32770') (The object specified was not found.)
\0&lt;/a&gt;
E, 2376, 22, 2012/11/01, 10:13:40.416, 41756005333, QTAgent32.exe, Playback - [IMAGE] C:\Users\peter.zenin-ad\AppData\Local\Temp\UITestLogs\LastRun\RPF7DF0.png
\0
W, 2376, 22, 2012/11/01, 10:13:40.416, 41756007437, QTAgent32.exe, Playback - [WARNING] Internal warning: Couldn't find descendants that match QueryId
\0
W, 2376, 22, 2012/11/01, 10:13:40.416, 41756010412, QTAgent32.exe, PERF WARNING: FindTopLevelWindowHelper::FindAllDescendents: took 18283 ms. Expected it to take maximum 500 ms.
W, 2376, 22, 2012/11/01, 10:13:43.551, 41800810921, QTAgent32.exe, Playback - [WARNING] Internal warning: Smart Match failed
\0
W, 2376, 22, 2012/11/01, 10:13:44.877, 41819796169, QTAgent32.exe, Playback - [WARNING] Internal warning: Window Not Found: [VisibleOnly]ControlType='Window' &amp;&amp; Name='Save the file as' &amp;&amp; ClassName='#32770'
\0
E, 2376, 22, 2012/11/01, 10:13:44.877, 41819799204, QTAgent32.exe, &lt;a class=failure&gt;Playback - {67} [FAILED] Function ElementFetcher::FindScreenElement failed to locate UI element (Searching: ;[VisibleOnly]ControlType='Window' &amp;&amp; Name='Save the file as' &amp;&amp; ClassName='#32770') (The object specified was not found.)
\0&lt;/a&gt;
E, 2376, 22, 2012/11/01, 10:13:44.955, 41821008607, QTAgent32.exe, Playback - [IMAGE] C:\Users\peter.zenin-ad\AppData\Local\Temp\UITestLogs\LastRun\RPF8FAD.png
\0
W, 2376, 22, 2012/11/01, 10:13:44.955, 41821010821, QTAgent32.exe, Playback - [WARNING] Internal warning: Couldn't find descendants that match QueryId
\0
W, 2376, 22, 2012/11/01, 10:13:44.955, 41821013812, QTAgent32.exe, PERF WARNING: FindTopLevelWindowHelper::FindAllDescendents: took 4539 ms. Expected it to take maximum 500 ms.
E, 2376, 22, 2012/11/01, 10:13:44.955, 41821015606, QTAgent32.exe, Exception: System.Runtime.InteropServices.COMException
	Message: Error HRESULT E_FAIL has been returned from a call to a COM component.
	Stack Trace:    at Microsoft.VisualStudio.TestTools.UITest.Playback.Engine.IRPFPlayback.FindAllScreenElements(IScreenElement pScreenElementStart, String bstrQueryId, Object&amp; pvarResKeys, Int32 cResKeys, Int32 nMaxDepth, Object[]&amp; foundDescendants)
   at Microsoft.VisualStudio.TestTools.UITest.Playback.ScreenElement.FindTopLevelWindowHelper(String queryId)
	BaseExceptionMessage: Error HRESULT E_FAIL has been returned from a call to a COM component.

E, 2376, 22, 2012/11/01, 10:13:45.080, 41822698902, QTAgent32.exe, AL: Playback Error: Microsoft.VisualStudio.TestTools.UITest.Extension.UITestControlNotFoundException: The playback failed to find the control with the given search properties. Additional Details: 
TechnologyName:  'MSAA'
ControlType:  'Window'
Name:  'Save the file as'
ClassName:  '#32770'
 ---&gt; System.Runtime.InteropServices.COMException: Error HRESULT E_FAIL has been returned from a call to a COM component.
   at Microsoft.VisualStudio.TestTools.UITest.Playback.Engine.IRPFPlayback.FindAllScreenElements(IScreenElement pScreenElementStart, String bstrQueryId, Object&amp; pvarResKeys, Int32 cResKeys, Int32 nMaxDepth, Object[]&amp; foundDescendants)
   at Microsoft.VisualStudio.TestTools.UITest.Playback.ScreenElement.FindTopLevelWindowHelper(String queryId)
   at Microsoft.VisualStudio.TestTools.UITest.Playback.ScreenElement.FindFromPartialQueryId(String queryId)
   at Microsoft.VisualStudio.TestTools.UITesting.UITestControl..ctor(String queryId)
   --- End of inner exception stack trace ---
   at Microsoft.VisualStudio.TestTools.UITesting.Playback.MapControlNotFoundException(COMException ex, IPlaybackContext context)
   at Microsoft.VisualStudio.TestTools.UITesting.Playback.MapAndThrowComException(COMException innerException, IPlaybackContext context)
   at Microsoft.VisualStudio.TestTools.UITesting.Playback.MapAndThrowException(SystemException exception, IPlaybackContext context)
   at Microsoft.VisualStudio.TestTools.UITesting.Playback.MapAndThrowException(SystemException exception, String queryId)
   at Microsoft.VisualStudio.TestTools.UITesting.UITestControl..ctor(String queryId)
   at Microsoft.VisualStudio.TestTools.UITesting.SearchHelper.SearchTopLevelWindow(ISearchArgument topLevelSearchArg, String topLevelElementQueryId)
   at Microsoft.VisualStudio.TestTools.UITesting.SearchHelper.GetTitleUpdatedTopLevelWindow(ISearchArgument topLevelSearchArg, String queryId, IList`1 windowTitles)
   at Microsoft.VisualStudio.TestTools.UITesting.SearchHelper.GetTopLevelElement(Boolean useCache, Boolean useCacheOnly, ISearchArgument searchArg, IList`1 windowTitles, Int32&amp; timeLeft)
   at Microsoft.VisualStudio.TestTools.UITesting.SearchHelper.GetElement(Boolean useCache, ISearchArgument searchArg)
   at Microsoft.VisualStudio.TestTools.UITesting.SearchHelper.Search(ISearchArgument searchArg)
   at Microsoft.VisualStudio.TestTools.UITesting.UITestControl.FindInternal()
   at Microsoft.VisualStudio.TestTools.UITesting.UITestControl.FindControlIfNecessary()
   at Microsoft.VisualStudio.TestTools.UITesting.UITestControl.Click(MouseButtons button, ModifierKeys modifierKeys, Point relativeCoordinates)
   at Microsoft.VisualStudio.TestTools.UITesting.Mouse.ClickImplementation(UITestControl control, MouseButtons button, ModifierKeys modifierKeys, Point relativeCoordinate)
   at Microsoft.VisualStudio.TestTools.UITesting.Mouse.ClickImplementationWrapper(UITestControl control, MouseButtons button, ModifierKeys modifierKeys, Point relativeCoordinate)
W, 2376, 22, 2012/11/01, 10:13:45.080, 41822701136, QTAgent32.exe, PlaybackErrorHandler: Ignoring exception as ContinueOnError is set.
W, 2376, 22, 2012/11/01, 10:13:45.408, 41827393370, QTAgent32.exe, &lt;a class=success&gt;Playback - {68} [SUCCESS] Check - "[MSAA, VisibleOnly]ControlType='CheckBox' &amp;&amp; Name='Defer Printing?'"
\0&lt;/a&gt;
W, 2376, 22, 2012/11/01, 10:13:46.063, 41836906068, QTAgent32.exe, &lt;a class=success&gt;Playback - {69} [SUCCESS] MouseButtonClick - "[MSAA, VisibleOnly]ControlType='Button' &amp;&amp; Name='Ok'"
\0&lt;/a&gt;
W, 2376, 22, 2012/11/01, 10:13:47.842, 41862335163, QTAgent32.exe, PERF WARNING: FindTopLevelWindowHelper::FindAllDescendents: took 1676 ms. Expected it to take maximum 500 ms.
W, 2376, 22, 2012/11/01, 10:13:48.200, 41867375592, QTAgent32.exe, &lt;a class=success&gt;Playback - {70} [SUCCESS] Uncheck - "[MSAA, VisibleOnly]ControlType='CheckBox' &amp;&amp; Name='Add Activity'"
\0&lt;/a&gt;
W, 2376, 22, 2012/11/01, 10:13:51.274, 41911415588, QTAgent32.exe, &lt;a class=success&gt;Playback - {71} [SUCCESS] MouseButtonClick - "[MSAA, VisibleOnly]ControlType='Button' &amp;&amp; Name='Ok'"
\0&lt;/a&gt;
W, 2376, 22, 2012/11/01, 10:13:51.710, 41917743297, QTAgent32.exe, &lt;a class=success&gt;Playback - {72} [SUCCESS] MouseButtonClick - "[MSAA, VisibleOnly]ControlType='Button' &amp;&amp; Name='Ok'"
\0&lt;/a&gt;
W, 2376, 22, 2012/11/01, 10:14:01.305, 42055005828, QTAgent32.exe, PERF WARNING: FindTopLevelWindowHelper::FindAllDescendents: took 9360 ms. Expected it to take maximum 500 ms.
W, 2376, 22, 2012/11/01, 10:14:03.598, 42087829223, QTAgent32.exe, &lt;a class=success&gt;Playback - {73} [SUCCESS] MouseButtonClick - "[MSAA, VisibleOnly]ControlType='Button' &amp;&amp; Name='OK'"
\0&lt;/a&gt;
W, 2376, 22, 2012/11/01, 10:14:04.035, 42094159745, QTAgent32.exe, &lt;a class=success&gt;Playback - {74} [SUCCESS] MouseButtonClick - "[MSAA, VisibleOnly]ControlType='Button' &amp;&amp; Name='Options'"
\0&lt;/a&gt;
W, 2376, 22, 2012/11/01, 10:14:04.144, 42095653982, QTAgent32.exe, FindScreenElementInSinglePass : Attempting to find control in one pass of search. Failures can occur.
W, 2376, 22, 2012/11/01, 10:14:04.144, 42095755763, QTAgent32.exe, Playback - [WARNING] Internal failure: Method GetBoundingRectangle failed (HRESULT = 0x1, "Incorrect function.") for Name = "Quote Select List" ," ControlType = "MenuItem"
\0
W, 2376, 22, 2012/11/01, 10:14:04.144, 42095757052, QTAgent32.exe, Playback - [WARNING] Internal failure: Couldn't get clickable point for ScreenUIElement - GetClickablePoint failed
\0
W, 2376, 22, 2012/11/01, 10:14:04.160, 42096058605, QTAgent32.exe, FindScreenElementInSinglePass : Attempting to find control in one pass of search. Failures can occur.
W, 2376, 22, 2012/11/01, 10:14:04.160, 42096087196, QTAgent32.exe, FindScreenElementInSinglePass : Attempting to find control in one pass of search. Failures can occur.
W, 2376, 22, 2012/11/01, 10:14:04.503, 42100785581, QTAgent32.exe, &lt;a class=success&gt;Playback - {75} [SUCCESS] LeftButtonClick - "[MSAA, VisibleOnly]ControlType='MenuBar' &amp;&amp; Name='Application'"  &lt; Mouse cursor location (960, 31) &gt;
\0&lt;/a&gt;
W, 2376, 22, 2012/11/01, 10:14:04.612, 42102349157, QTAgent32.exe, &lt;a class=success&gt;Playback - {76} [SUCCESS] LeftButtonClick - "[MSAA]ControlType='MenuItem' &amp;&amp; Name='Options'"  &lt; Mouse cursor location (94, 31) &gt;
\0&lt;/a&gt;
W, 2376, 22, 2012/11/01, 10:14:04.799, 42105031277, QTAgent32.exe, &lt;a class=success&gt;Playback - {77} [SUCCESS] LeftButtonClick - "[MSAA]ControlType='MenuItem' &amp;&amp; Name='Links'"  &lt; Mouse cursor location (174, 319) &gt;
\0&lt;/a&gt;
W, 2376, 22, 2012/11/01, 10:14:04.971, 42107484707, QTAgent32.exe, &lt;a class=success&gt;Playback - {78} [SUCCESS] LeftButtonClick - "[MSAA]ControlType='MenuItem' &amp;&amp; Name='3rd Party Integration'"  &lt; Mouse cursor location (375, 319) &gt;
\0&lt;/a&gt;
W, 2376, 22, 2012/11/01, 10:14:05.158, 42110193709, QTAgent32.exe, &lt;a class=success&gt;Playback - {79} [SUCCESS] MouseButtonClick - "[MSAA]ControlType='MenuItem' &amp;&amp; Name='Quote Select List'"
\0&lt;/a&gt;
W, 2376, 22, 2012/11/01, 10:14:06.999, 42136536463, QTAgent32.exe, PERF WARNING: FindTopLevelWindowHelper::FindAllDescendents: took 1724 ms. Expected it to take maximum 500 ms.
W, 2376, 22, 2012/11/01, 10:14:08.637, 42160129412, QTAgent32.exe, &lt;a class=success&gt;Playback - {80} [SUCCESS] MouseButtonClick - "[MSAA, VisibleOnly]ControlType='Button' &amp;&amp; Name='Ok'"
\0&lt;/a&gt;
W, 2376, 22, 2012/11/01, 10:14:10.306, 42183898280, QTAgent32.exe, PERF WARNING: FindTopLevelWindowHelper::FindAllDescendents: took 1559 ms. Expected it to take maximum 500 ms.
W, 2376, 22, 2012/11/01, 10:14:10.774, 42190621567, QTAgent32.exe, &lt;a class=success&gt;Playback - {81} [SUCCESS] MouseButtonClick - "[MSAA, VisibleOnly]ControlType='Button' &amp;&amp; Name='MTA...'"
\0&lt;/a&gt;
W, 2376, 22, 2012/11/01, 10:14:11.414, 42199800470, QTAgent32.exe, Playback - [WARNING] Internal warning: Incorrect flag set for InvokeProgrammaticAction\0
W, 2376, 22, 2012/11/01, 10:14:11.741, 42204436109, QTAgent32.exe, &lt;a class=success&gt;Playback - {82} [SUCCESS] SetValueAsComboBox "Change of Vehicle" - "[MSAA, VisibleOnly]ControlType='ComboBox'"  &lt; SetValueAsComboBox, set by clicking on the item in the list box &gt;
\0&lt;/a&gt;
W, 2376, 22, 2012/11/01, 10:14:12.147, 42210263157, QTAgent32.exe, &lt;a class=success&gt;Playback - {83} [SUCCESS] MouseButtonClick - "[MSAA, VisibleOnly]ControlType='Button' &amp;&amp; Name='OK'"
\0&lt;/a&gt;
W, 2376, 22, 2012/11/01, 10:14:12.397, 42213986844, QTAgent32.exe, Playback - [WARNING] Internal warning: Thread state based WFR - Requested element has invalid HWND
\0
W, 2376, 22, 2012/11/01, 10:14:12.397, 42213988954, QTAgent32.exe, Playback - [WARNING] Internal warning: process performance counters based WFR - Requested element has invalid HWND
\0
E, 2376, 22, 2012/11/01, 10:14:12.397, 42214007439, QTAgent32.exe, EnsureValid called via EnsureValid call for same element
E, 2376, 22, 2012/11/01, 10:14:12.397, 42214013614, QTAgent32.exe, GetClassName for handle 1180960 failed
E, 2376, 22, 2012/11/01, 10:14:12.397, 42214016044, QTAgent32.exe, EnsureValid called via EnsureValid call for same element
E, 2376, 22, 2012/11/01, 10:14:12.397, 42214017621, QTAgent32.exe, EnsureValid called via EnsureValid call for same element
E, 2376, 22, 2012/11/01, 10:14:12.397, 42214023572, QTAgent32.exe, GetClassName for handle 1180960 failed
E, 2376, 22, 2012/11/01, 10:14:12.444, 42214574130, QTAgent32.exe, Exception: System.Runtime.InteropServices.COMException
	Message: Error HRESULT E_FAIL has been returned from a call to a COM component.
	Stack Trace:    at Accessibility.IAccessible.get_accState(Object varChild)
   at Microsoft.VisualStudio.TestTools.UITest.Extension.Msaa.AccWrapper.get_State()
	BaseExceptionMessage: Error HRESULT E_FAIL has been returned from a call to a COM component.

E, 2376, 22, 2012/11/01, 10:14:12.444, 42214579005, QTAgent32.exe, Exception: System.Runtime.InteropServices.COMException
	Message: Error HRESULT E_FAIL has been returned from a call to a COM component.
	Stack Trace:    at Accessibility.IAccessible.get_accState(Object varChild)
   at Microsoft.VisualStudio.TestTools.UITest.Extension.Msaa.AccWrapper.get_State()
	BaseExceptionMessage: Error HRESULT E_FAIL has been returned from a call to a COM component.

E, 2376, 22, 2012/11/01, 10:14:12.444, 42214583215, QTAgent32.exe, Exception: System.Runtime.InteropServices.COMException
	Message: Error HRESULT E_FAIL has been returned from a call to a COM component.
	Stack Trace:    at Accessibility.IAccessible.get_accState(Object varChild)
   at Microsoft.VisualStudio.TestTools.UITest.Extension.Msaa.AccWrapper.get_State()
	BaseExceptionMessage: Error HRESULT E_FAIL has been returned from a call to a COM component.

E, 2376, 22, 2012/11/01, 10:14:12.444, 42214587385, QTAgent32.exe, Exception: System.Runtime.InteropServices.COMException
	Message: Error HRESULT E_FAIL has been returned from a call to a COM component.
	Stack Trace:    at Accessibility.IAccessible.get_accState(Object varChild)
   at Microsoft.VisualStudio.TestTools.UITest.Extension.Msaa.AccWrapper.get_State()
	BaseExceptionMessage: Error HRESULT E_FAIL has been returned from a call to a COM component.

E, 2376, 22, 2012/11/01, 10:14:12.444, 42214591578, QTAgent32.exe, Exception: System.Runtime.InteropServices.COMException
	Message: Error HRESULT E_FAIL has been returned from a call to a COM component.
	Stack Trace:    at Accessibility.IAccessible.get_accState(Object varChild)
   at Microsoft.VisualStudio.TestTools.UITest.Extension.Msaa.AccWrapper.get_State()
	BaseExceptionMessage: Error HRESULT E_FAIL has been returned from a call to a COM component.

E, 2376, 22, 2012/11/01, 10:14:12.444, 42214595770, QTAgent32.exe, Exception: System.Runtime.InteropServices.COMException
	Message: Error HRESULT E_FAIL has been returned from a call to a COM component.
	Stack Trace:    at Accessibility.IAccessible.get_accState(Object varChild)
   at Microsoft.VisualStudio.TestTools.UITest.Extension.Msaa.AccWrapper.get_State()
	BaseExceptionMessage: Error HRESULT E_FAIL has been returned from a call to a COM component.

E, 2376, 22, 2012/11/01, 10:14:12.444, 42214599942, QTAgent32.exe, Exception: System.Runtime.InteropServices.COMException
	Message: Error HRESULT E_FAIL has been returned from a call to a COM component.
	Stack Trace:    at Accessibility.IAccessible.get_accState(Object varChild)
   at Microsoft.VisualStudio.TestTools.UITest.Extension.Msaa.AccWrapper.get_State()
	BaseExceptionMessage: Error HRESULT E_FAIL has been returned from a call to a COM component.

W, 2376, 22, 2012/11/01, 10:14:12.600, 42216919709, QTAgent32.exe, PERF WARNING: MSAA.UpdateQueryIDForNamelessControls: took 201 ms. Expected it to take maximum 200 ms.
W, 2376, 22, 2012/11/01, 10:14:12.615, 42216965379, QTAgent32.exe, Msaa.Navigate: Exception [Error HRESULT E_FAIL has been returned from a call to a COM component.] while calling accNavigate.
E, 2376, 22, 2012/11/01, 10:14:12.615, 42216966424, QTAgent32.exe, GetClassName for handle 1115412 failed
E, 2376, 22, 2012/11/01, 10:14:12.615, 42216967242, QTAgent32.exe, Window 1115412 not responding. Last Win32 error 1400
E, 2376, 22, 2012/11/01, 10:14:12.615, 42216969685, QTAgent32.exe, GetClassName for handle 1180960 failed
W, 2376, 22, 2012/11/01, 10:14:12.771, 42219166459, QTAgent32.exe, &lt;a class=success&gt;Playback - {84} [SUCCESS] SendKeys "^{HOME}" - "[MSAA, VisibleOnly]ControlType='Edit'"
\0&lt;/a&gt;
E, 2376, 22, 2012/11/01, 10:14:12.771, 42219169084, QTAgent32.exe, Msaa.GetFocusedElement: could not find accessible object of foreground window
W, 2376, 22, 2012/11/01, 10:14:12.849, 42220283693, QTAgent32.exe, &lt;a class=success&gt;Playback - {85} [SUCCESS] SendKeys "^+{END}" - "[MSAA, VisibleOnly]ControlType='Edit'"
\0&lt;/a&gt;
E, 2376, 22, 2012/11/01, 10:14:12.849, 42220286212, QTAgent32.exe, Msaa.GetFocusedElement: could not find accessible object of foreground window
W, 2376, 22, 2012/11/01, 10:14:12.880, 42220730427, QTAgent32.exe, &lt;a class=success&gt;Playback - {86} [SUCCESS] SendKeys "{DELETE}" - "[MSAA, VisibleOnly]ControlType='Edit'"
\0&lt;/a&gt;
W, 2376, 22, 2012/11/01, 10:14:13.083, 42223637432, QTAgent32.exe, &lt;a class=success&gt;Playback - {87} [SUCCESS] SetValueAsEditBox "2500" - "[MSAA, VisibleOnly]ControlType='Edit'"  &lt; Set via SendKeys &gt;
\0&lt;/a&gt;
W, 2376, 22, 2012/11/01, 10:14:13.660, 42231928657, QTAgent32.exe, &lt;a class=success&gt;Playback - {88} [SUCCESS] MouseButtonClick - "[MSAA, VisibleOnly]ControlType='Button' &amp;&amp; Name='Calculate Quote'"
\0&lt;/a&gt;
W, 2376, 22, 2012/11/01, 10:14:13.910, 42235472324, QTAgent32.exe, &lt;a class=success&gt;Playback - {89} [SUCCESS] SendKeys "^{HOME}" - "[MSAA, VisibleOnly]ControlType='Edit'"
\0&lt;/a&gt;
E, 2376, 22, 2012/11/01, 10:14:13.910, 42235475076, QTAgent32.exe, Msaa.GetFocusedElement: could not find accessible object of foreground window
W, 2376, 22, 2012/11/01, 10:14:14.004, 42236811978, QTAgent32.exe, &lt;a class=success&gt;Playback - {90} [SUCCESS] SendKeys "^+{END}" - "[MSAA, VisibleOnly]ControlType='Edit'"
\0&lt;/a&gt;
E, 2376, 22, 2012/11/01, 10:14:14.004, 42236814160, QTAgent32.exe, Msaa.GetFocusedElement: could not find accessible object of foreground window
W, 2376, 22, 2012/11/01, 10:14:14.019, 42237035296, QTAgent32.exe, &lt;a class=success&gt;Playback - {91} [SUCCESS] SendKeys "{DELETE}" - "[MSAA, VisibleOnly]ControlType='Edit'"
\0&lt;/a&gt;
W, 2376, 22, 2012/11/01, 10:14:14.347, 42241732898, QTAgent32.exe, &lt;a class=success&gt;Playback - {92} [SUCCESS] SetValueAsEditBox "13/10/12" - "[MSAA, VisibleOnly]ControlType='Edit'"  &lt; Set via SendKeys &gt;
\0&lt;/a&gt;
W, 2376, 22, 2012/11/01, 10:14:14.799, 42248291939, QTAgent32.exe, &lt;a class=success&gt;Playback - {93} [SUCCESS] MouseButtonClick - "[MSAA, VisibleOnly]ControlType='Button' &amp;&amp; Name='OK'"
\0&lt;/a&gt;
W, 2376, 22, 2012/11/01, 10:14:15.236, 42254656603, QTAgent32.exe, &lt;a class=success&gt;Playback - {94} [SUCCESS] MouseButtonClick - "[MSAA, VisibleOnly]ControlType='Button' &amp;&amp; Name='OK'"
\0&lt;/a&gt;
W, 2376, 22, 2012/11/01, 10:14:15.486, 42258032078, QTAgent32.exe, &lt;a class=success&gt;Playback - {95} [SUCCESS] SendKeys "^{HOME}" - "[MSAA, VisibleOnly]ControlType='Edit'"
\0&lt;/a&gt;
E, 2376, 22, 2012/11/01, 10:14:15.486, 42258035058, QTAgent32.exe, Msaa.GetFocusedElement: could not find accessible object of foreground window
W, 2376, 22, 2012/11/01, 10:14:15.579, 42259372235, QTAgent32.exe, &lt;a class=success&gt;Playback - {96} [SUCCESS] SendKeys "^+{END}" - "[MSAA, VisibleOnly]ControlType='Edit'"
\0&lt;/a&gt;
E, 2376, 22, 2012/11/01, 10:14:15.579, 42259374989, QTAgent32.exe, Msaa.GetFocusedElement: could not find accessible object of foreground window
W, 2376, 22, 2012/11/01, 10:14:15.595, 42259595683, QTAgent32.exe, &lt;a class=success&gt;Playback - {97} [SUCCESS] SendKeys "{DELETE}" - "[MSAA, VisibleOnly]ControlType='Edit'"
\0&lt;/a&gt;
W, 2376, 22, 2012/11/01, 10:14:15.832, 42263408819, QTAgent32.exe, &lt;a class=success&gt;Playback - {98} [SUCCESS] SetValueAsEditBox "02/11/12" - "[MSAA, VisibleOnly]ControlType='Edit'"  &lt; Set via SendKeys &gt;
\0&lt;/a&gt;
W, 2376, 22, 2012/11/01, 10:14:16.271, 42269694876, QTAgent32.exe, &lt;a class=success&gt;Playback - {99} [SUCCESS] MouseButtonClick - "[MSAA, VisibleOnly]ControlType='Button' &amp;&amp; Name='OK'"
\0&lt;/a&gt;
W, 2376, 22, 2012/11/01, 10:14:21.522, 42344876912, QTAgent32.exe, PERF WARNING: FindTopLevelWindowHelper::FindAllDescendents: took 5149 ms. Expected it to take maximum 500 ms.
W, 2376, 22, 2012/11/01, 10:14:21.643, 42346612053, QTAgent32.exe, &lt;a class=success&gt;Playback - {100} [SUCCESS] MouseButtonClick - "[MSAA, VisibleOnly]ControlType='Client'"
\0&lt;/a&gt;
W, 2376, 22, 2012/11/01, 10:14:21.902, 42350329887, QTAgent32.exe, &lt;a class=success&gt;Playback - {101} [SUCCESS] SendKeys "{Home}" - "[MSAA, VisibleOnly]ControlType='Client'"
\0&lt;/a&gt;
W, 2376, 22, 2012/11/01, 10:14:22.144, 42353787232, QTAgent32.exe, &lt;a class=success&gt;Playback - {102} [SUCCESS] MouseButtonClick - "[MSAA, VisibleOnly]ControlType='Button' &amp;&amp; Name='Accept'"
\0&lt;/a&gt;
W, 2376, 22, 2012/11/01, 10:14:22.440, 42358025468, QTAgent32.exe, &lt;a class=success&gt;Playback - {103} [SUCCESS] MouseButtonClick - "[MSAA, VisibleOnly]ControlType='Button' &amp;&amp; Name='Yes'"
\0&lt;/a&gt;
W, 2376, 22, 2012/11/01, 10:14:22.693, 42361650681, QTAgent32.exe, &lt;a class=success&gt;Playback - {104} [SUCCESS] MouseButtonClick - "[MSAA, VisibleOnly]ControlType='Button' &amp;&amp; Name='Ok'"
\0&lt;/a&gt;
W, 2376, 22, 2012/11/01, 10:14:47.763, 42720578949, QTAgent32.exe, PERF WARNING: FindTopLevelWindowHelper::FindAllDescendents: took 24968 ms. Expected it to take maximum 500 ms.
W, 2376, 22, 2012/11/01, 10:14:49.102, 42739753726, QTAgent32.exe, &lt;a class=success&gt;Playback - {105} [SUCCESS] MouseButtonClick - "[MSAA, VisibleOnly]ControlType='Button' &amp;&amp; Name='OK'"
\0&lt;/a&gt;
W, 2376, 22, 2012/11/01, 10:14:49.202, 42741185796, QTAgent32.exe, Playback - [WARNING] Internal warning: Thread state based WFR - Requested element has invalid HWND
\0
W, 2376, 22, 2012/11/01, 10:14:49.202, 42741187624, QTAgent32.exe, Playback - [WARNING] Internal warning: process performance counters based WFR - Requested element has invalid HWND
\0
E, 2376, 22, 2012/11/01, 10:14:49.202, 42741190834, QTAgent32.exe, EnsureValid called via EnsureValid call for same element
E, 2376, 22, 2012/11/01, 10:14:49.202, 42741194524, QTAgent32.exe, GetClassName for handle 1312228 failed
E, 2376, 22, 2012/11/01, 10:14:49.202, 42741196849, QTAgent32.exe, EnsureValid called via EnsureValid call for same element
E, 2376, 22, 2012/11/01, 10:14:49.203, 42741198548, QTAgent32.exe, EnsureValid called via EnsureValid call for same element
E, 2376, 22, 2012/11/01, 10:14:49.204, 42741215644, QTAgent32.exe, Window 1312228 not responding. Last Win32 error 0
E, 2376, 22, 2012/11/01, 10:14:49.204, 42741217810, QTAgent32.exe, GetClassName for handle 1312228 failed
E, 2376, 22, 2012/11/01, 10:14:49.204, 42741218633, QTAgent32.exe, GetClassName for handle 1312228 failed
W, 2376, 22, 2012/11/01, 10:14:49.330, 42743023310, QTAgent32.exe, &lt;a class=success&gt;Playback - {106} [SUCCESS] Check - "[MSAA, VisibleOnly]ControlType='CheckBox' &amp;&amp; Name='Defer Printing?'"
\0&lt;/a&gt;
W, 2376, 22, 2012/11/01, 10:14:49.857, 42750572458, QTAgent32.exe, &lt;a class=success&gt;Playback - {107} [SUCCESS] MouseButtonClick - "[MSAA, VisibleOnly]ControlType='Button' &amp;&amp; Name='Ok'"
\0&lt;/a&gt;
W, 2376, 22, 2012/11/01, 10:14:49.957, 42751996389, QTAgent32.exe, Playback - [WARNING] Internal warning: Thread state based WFR - Requested element has invalid HWND
\0
W, 2376, 22, 2012/11/01, 10:14:49.957, 42751998298, QTAgent32.exe, Playback - [WARNING] Internal warning: process performance counters based WFR - Requested element has invalid HWND
\0
E, 2376, 22, 2012/11/01, 10:14:49.957, 42752001433, QTAgent32.exe, EnsureValid called via EnsureValid call for same element
E, 2376, 22, 2012/11/01, 10:14:49.957, 42752004979, QTAgent32.exe, GetClassName for handle 1180840 failed
E, 2376, 22, 2012/11/01, 10:14:49.957, 42752007359, QTAgent32.exe, EnsureValid called via EnsureValid call for same element
E, 2376, 22, 2012/11/01, 10:14:49.958, 42752009096, QTAgent32.exe, EnsureValid called via EnsureValid call for same element
E, 2376, 22, 2012/11/01, 10:14:49.959, 42752026056, QTAgent32.exe, Window 1180840 not responding. Last Win32 error 0
E, 2376, 22, 2012/11/01, 10:14:49.959, 42752028220, QTAgent32.exe, GetClassName for handle 1180840 failed
E, 2376, 22, 2012/11/01, 10:14:49.959, 42752029030, QTAgent32.exe, GetClassName for handle 1180840 failed
W, 2376, 22, 2012/11/01, 10:14:51.617, 42775777152, QTAgent32.exe, PERF WARNING: FindTopLevelWindowHelper::FindAllDescendents: took 1658 ms. Expected it to take maximum 500 ms.
W, 2376, 22, 2012/11/01, 10:14:52.355, 42786338755, QTAgent32.exe, &lt;a class=success&gt;Playback - {108} [SUCCESS] Uncheck - "[MSAA, VisibleOnly]ControlType='CheckBox' &amp;&amp; Name='Add Activity'"
\0&lt;/a&gt;
W, 2376, 22, 2012/11/01, 10:14:52.713, 42791464384, QTAgent32.exe, &lt;a class=success&gt;Playback - {109} [SUCCESS] MouseButtonClick - "[MSAA, VisibleOnly]ControlType='Button' &amp;&amp; Name='Ok'"
\0&lt;/a&gt;
W, 2376, 22, 2012/11/01, 10:14:58.441, 42873472109, QTAgent32.exe, PERF WARNING: FindTopLevelWindowHelper::FindAllDescendents: took 5530 ms. Expected it to take maximum 500 ms.
W, 2376, 22, 2012/11/01, 10:14:58.919, 42880315444, QTAgent32.exe, &lt;a class=success&gt;Playback - {110} [SUCCESS] MouseButtonClick - "[MSAA, VisibleOnly]ControlType='Button' &amp;&amp; Name='OK'"
\0&lt;/a&gt;
E, 2376, 22, 2012/11/01, 10:14:59.206, 42884421814, QTAgent32.exe, GetClassName for handle 1246066 failed
W, 2376, 22, 2012/11/01, 10:15:02.753, 42935218872, QTAgent32.exe, PERF WARNING: FindTopLevelWindowHelper::FindAllDescendents: took 3547 ms. Expected it to take maximum 500 ms.
W, 2376, 22, 2012/11/01, 10:15:04.887, 42965750082, QTAgent32.exe, &lt;a class=success&gt;Playback - {111} [SUCCESS] MouseButtonClick - "[MSAA, VisibleOnly]ControlType='Button' &amp;&amp; Name='OK'"
\0&lt;/a&gt;
W, 2376, 22, 2012/11/01, 10:15:05.109, 42968933234, QTAgent32.exe, &lt;a class=success&gt;Playback - {112} [SUCCESS] MouseButtonClick - "[MSAA, VisibleOnly]ControlType='Button' &amp;&amp; Name='Options'"
\0&lt;/a&gt;
W, 2376, 22, 2012/11/01, 10:15:05.209, 42970367071, QTAgent32.exe, FindScreenElementInSinglePass : Attempting to find control in one pass of search. Failures can occur.
W, 2376, 22, 2012/11/01, 10:15:05.236, 42970747599, QTAgent32.exe, Playback - [WARNING] Internal failure: Method GetBoundingRectangle failed (HRESULT = 0x1, "Incorrect function.") for Name = "Quote Select List" ," ControlType = "MenuItem"
\0
W, 2376, 22, 2012/11/01, 10:15:05.236, 42970749136, QTAgent32.exe, Playback - [WARNING] Internal failure: Couldn't get clickable point for ScreenUIElement - GetClickablePoint failed
\0
W, 2376, 22, 2012/11/01, 10:15:05.236, 42970751903, QTAgent32.exe, FindScreenElementInSinglePass : Attempting to find control in one pass of search. Failures can occur.
W, 2376, 22, 2012/11/01, 10:15:05.238, 42970781782, QTAgent32.exe, FindScreenElementInSinglePass : Attempting to find control in one pass of search. Failures can occur.
W, 2376, 22, 2012/11/01, 10:15:05.357, 42972482211, QTAgent32.exe, &lt;a class=success&gt;Playback - {113} [SUCCESS] LeftButtonClick - "[MSAA, VisibleOnly]ControlType='MenuBar' &amp;&amp; Name='Application'"  &lt; Mouse cursor location (960, 31) &gt;
\0&lt;/a&gt;
W, 2376, 22, 2012/11/01, 10:15:05.465, 42974028478, QTAgent32.exe, &lt;a class=success&gt;Playback - {114} [SUCCESS] LeftButtonClick - "[MSAA]ControlType='MenuItem' &amp;&amp; Name='Options'"  &lt; Mouse cursor location (94, 31) &gt;
\0&lt;/a&gt;
W, 2376, 22, 2012/11/01, 10:15:05.603, 42976003805, QTAgent32.exe, &lt;a class=success&gt;Playback - {115} [SUCCESS] LeftButtonClick - "[MSAA]ControlType='MenuItem' &amp;&amp; Name='Links'"  &lt; Mouse cursor location (174, 319) &gt;
\0&lt;/a&gt;
W, 2376, 22, 2012/11/01, 10:15:05.749, 42978093812, QTAgent32.exe, &lt;a class=success&gt;Playback - {116} [SUCCESS] LeftButtonClick - "[MSAA]ControlType='MenuItem' &amp;&amp; Name='3rd Party Integration'"  &lt; Mouse cursor location (375, 319) &gt;
\0&lt;/a&gt;
W, 2376, 22, 2012/11/01, 10:15:05.898, 42980238027, QTAgent32.exe, &lt;a class=success&gt;Playback - {117} [SUCCESS] MouseButtonClick - "[MSAA]ControlType='MenuItem' &amp;&amp; Name='Quote Select List'"
\0&lt;/a&gt;
E, 2376, 22, 2012/11/01, 10:15:06.010, 42981832112, QTAgent32.exe, GetClassName for handle 983548 failed
W, 2376, 22, 2012/11/01, 10:15:07.592, 43004483375, QTAgent32.exe, PERF WARNING: FindTopLevelWindowHelper::FindAllDescendents: took 1581 ms. Expected it to take maximum 500 ms.
W, 2376, 22, 2012/11/01, 10:15:09.139, 43026634596, QTAgent32.exe, &lt;a class=success&gt;Playback - {118} [SUCCESS] MouseButtonClick - "[MSAA, VisibleOnly]ControlType='Button' &amp;&amp; Name='Ok'"
\0&lt;/a&gt;
W, 2376, 22, 2012/11/01, 10:15:09.246, 43028171852, QTAgent32.exe, Playback - [WARNING] Internal warning: Thread state based WFR - Requested element has invalid HWND
\0
W, 2376, 22, 2012/11/01, 10:15:09.246, 43028173889, QTAgent32.exe, Playback - [WARNING] Internal warning: process performance counters based WFR - Requested element has invalid HWND
\0
E, 2376, 22, 2012/11/01, 10:15:09.246, 43028176992, QTAgent32.exe, EnsureValid called via EnsureValid call for same element
E, 2376, 22, 2012/11/01, 10:15:09.247, 43028179271, QTAgent32.exe, EnsureValid called via EnsureValid call for same element
E, 2376, 22, 2012/11/01, 10:15:09.247, 43028180621, QTAgent32.exe, EnsureValid called via EnsureValid call for same element
E, 2376, 22, 2012/11/01, 10:15:09.247, 43028183714, QTAgent32.exe, GetClassName for handle 1049314 failed
E, 2376, 22, 2012/11/01, 10:15:09.247, 43028188429, QTAgent32.exe, GetClassName for handle 1049314 failed
E, 2376, 22, 2012/11/01, 10:15:09.248, 43028195776, QTAgent32.exe, Exception: System.Runtime.InteropServices.COMException
	Message: Error HRESULT E_FAIL has been returned from a call to a COM component.
	Stack Trace:    at Accessibility.IAccessible.get_accState(Object varChild)
   at Microsoft.VisualStudio.TestTools.UITest.Extension.Msaa.AccWrapper.get_State()
	BaseExceptionMessage: Error HRESULT E_FAIL has been returned from a call to a COM component.

E, 2376, 22, 2012/11/01, 10:15:09.248, 43028200094, QTAgent32.exe, Exception: System.Runtime.InteropServices.COMException
	Message: Error HRESULT E_FAIL has been returned from a call to a COM component.
	Stack Trace:    at Accessibility.IAccessible.get_accState(Object varChild)
   at Microsoft.VisualStudio.TestTools.UITest.Extension.Msaa.AccWrapper.get_State()
	BaseExceptionMessage: Error HRESULT E_FAIL has been returned from a call to a COM component.

E, 2376, 22, 2012/11/01, 10:15:09.248, 43028204342, QTAgent32.exe, Exception: System.Runtime.InteropServices.COMException
	Message: Error HRESULT E_FAIL has been returned from a call to a COM component.
	Stack Trace:    at Accessibility.IAccessible.get_accState(Object varChild)
   at Microsoft.VisualStudio.TestTools.UITest.Extension.Msaa.AccWrapper.get_State()
	BaseExceptionMessage: Error HRESULT E_FAIL has been returned from a call to a COM component.

E, 2376, 22, 2012/11/01, 10:15:09.249, 43028208923, QTAgent32.exe, Exception: System.Runtime.InteropServices.COMException
	Message: Error HRESULT E_FAIL has been returned from a call to a COM component.
	Stack Trace:    at Accessibility.IAccessible.get_accState(Object varChild)
   at Microsoft.VisualStudio.TestTools.UITest.Extension.Msaa.AccWrapper.get_State()
	BaseExceptionMessage: Error HRESULT E_FAIL has been returned from a call to a COM component.

E, 2376, 22, 2012/11/01, 10:15:09.249, 43028213253, QTAgent32.exe, Exception: System.Runtime.InteropServices.COMException
	Message: Error HRESULT E_FAIL has been returned from a call to a COM component.
	Stack Trace:    at Accessibility.IAccessible.get_accState(Object varChild)
   at Microsoft.VisualStudio.TestTools.UITest.Extension.Msaa.AccWrapper.get_State()
	BaseExceptionMessage: Error HRESULT E_FAIL has been returned from a call to a COM component.

E, 2376, 22, 2012/11/01, 10:15:09.249, 43028217513, QTAgent32.exe, Exception: System.Runtime.InteropServices.COMException
	Message: Error HRESULT E_FAIL has been returned from a call to a COM component.
	Stack Trace:    at Accessibility.IAccessible.get_accState(Object varChild)
   at Microsoft.VisualStudio.TestTools.UITest.Extension.Msaa.AccWrapper.get_State()
	BaseExceptionMessage: Error HRESULT E_FAIL has been returned from a call to a COM component.

E, 2376, 22, 2012/11/01, 10:15:09.250, 43028221997, QTAgent32.exe, Exception: System.Runtime.InteropServices.COMException
	Message: Error HRESULT E_FAIL has been returned from a call to a COM component.
	Stack Trace:    at Accessibility.IAccessible.get_accState(Object varChild)
   at Microsoft.VisualStudio.TestTools.UITest.Extension.Msaa.AccWrapper.get_State()
	BaseExceptionMessage: Error HRESULT E_FAIL has been returned from a call to a COM component.

W, 2376, 22, 2012/11/01, 10:15:09.448, 43031070134, QTAgent32.exe, PERF WARNING: MSAA.UpdateQueryIDForNamelessControls: took 201 ms. Expected it to take maximum 200 ms.
W, 2376, 22, 2012/11/01, 10:15:09.449, 43031073817, QTAgent32.exe, Msaa.Navigate: Exception [Error HRESULT E_FAIL has been returned from a call to a COM component.] while calling accNavigate.
E, 2376, 22, 2012/11/01, 10:15:09.449, 43031074811, QTAgent32.exe, GetClassName for handle 983726 failed
E, 2376, 22, 2012/11/01, 10:15:09.449, 43031075659, QTAgent32.exe, Window 983726 not responding. Last Win32 error 1400
E, 2376, 22, 2012/11/01, 10:15:09.449, 43031078025, QTAgent32.exe, GetClassName for handle 1049314 failed
W, 2376, 22, 2012/11/01, 10:15:10.781, 43050154120, QTAgent32.exe, PERF WARNING: FindTopLevelWindowHelper::FindAllDescendents: took 1331 ms. Expected it to take maximum 500 ms.
W, 2376, 22, 2012/11/01, 10:15:11.041, 43053871531, QTAgent32.exe, &lt;a class=success&gt;Playback - {119} [SUCCESS] MouseButtonClick - "[MSAA, VisibleOnly]ControlType='Button' &amp;&amp; Name='Exit'"
\0&lt;/a&gt;
E, 2376, 22, 2012/11/01, 10:15:11.141, 43055303001, QTAgent32.exe, GetClassName for handle 852568 failed
W, 2376, 22, 2012/11/01, 10:15:11.342, 43058180514, QTAgent32.exe, &lt;a class=success&gt;Playback - {120} [SUCCESS] MouseButtonClick - "[MSAA, VisibleOnly]ControlType='Button' &amp;&amp; Name='Yes'"
\0&lt;/a&gt;
E, 2376, 22, 2012/11/01, 10:15:11.579, 43061574503, QTAgent32.exe, GetClassName for handle 1311602 failed
W, 2376, 22, 2012/11/01, 10:15:12.172, 43070062619, QTAgent32.exe, PERF WARNING: FindTopLevelWindowHelper::FindAllDescendents: took 592 ms. Expected it to take maximum 500 ms.
W, 2376, 22, 2012/11/01, 10:15:14.307, 43100635158, QTAgent32.exe, &lt;a class=success&gt;Playback - {121} [SUCCESS] MouseButtonClick - "[MSAA, VisibleOnly]ControlType='Button' &amp;&amp; Name='OK'"
\0&lt;/a&gt;
W, 2376, 22, 2012/11/01, 10:15:15.910, 43123575558, QTAgent32.exe, Playback - [WARNING] Internal warning: Element "[MSAA, VisibleOnly]ControlType='Window' &amp;&amp; ControlId='32770'" was not found, so all intermediate elements were ignored. To improve performance replace this element Id with another Id or exclude it from QueryId. If this element is the target element, replace or remove intermediate elements
\0
W, 2376, 22, 2012/11/01, 10:15:16.438, 43131135495, QTAgent32.exe, PERF WARNING: FindAllDescendents: took 2029 ms. Expected it to take maximum 500 ms.
W, 2376, 22, 2012/11/01, 10:15:16.574, 43133093798, QTAgent32.exe, &lt;a class=success&gt;Playback - {122} [SUCCESS] MouseButtonClick - "[MSAA, VisibleOnly]ControlType='Button' &amp;&amp; Name='Cancel'"
\0&lt;/a&gt;
W, 2376, 22, 2012/11/01, 10:15:18.177, 43156035759, QTAgent32.exe, Playback - [WARNING] Internal warning: Element "[MSAA, VisibleOnly]ControlType='Window' &amp;&amp; ControlId='32769'" was not found, so all intermediate elements were ignored. To improve performance replace this element Id with another Id or exclude it from QueryId. If this element is the target element, replace or remove intermediate elements
\0
W, 2376, 22, 2012/11/01, 10:15:18.701, 43163537161, QTAgent32.exe, PERF WARNING: FindAllDescendents: took 2024 ms. Expected it to take maximum 500 ms.
W, 2376, 22, 2012/11/01, 10:15:18.843, 43165578038, QTAgent32.exe, &lt;a class=success&gt;Playback - {123} [SUCCESS] MouseButtonClick - "[MSAA, VisibleOnly]ControlType='Button' &amp;&amp; Name='Cancel'"
\0&lt;/a&gt;
W, 2376, 22, 2012/11/01, 10:15:19.166, 43170203186, QTAgent32.exe, Playback - [WARNING] Internal warning: Window Not Found: [VisibleOnly]ControlType='Window' &amp;&amp; Name='Customer: txt1 tdsfs' &amp;&amp; ClassName='ThunderRT6MDIForm'
\0
E, 2376, 22, 2012/11/01, 10:15:19.166, 43170206191, QTAgent32.exe, &lt;a class=failure&gt;Playback - {124} [FAILED] Function ElementFetcher::FindScreenElement failed to locate UI element (Searching: ;[VisibleOnly]ControlType='Window' &amp;&amp; Name='Customer: txt1 tdsfs' &amp;&amp; ClassName='ThunderRT6MDIForm') (The object specified was not found.)
\0&lt;/a&gt;
E, 2376, 22, 2012/11/01, 10:15:19.252, 43171437308, QTAgent32.exe, Playback - [IMAGE] C:\Users\peter.zenin-ad\AppData\Local\Temp\UITestLogs\LastRun\RPFC.png
\0
W, 2376, 22, 2012/11/01, 10:15:19.252, 43171439532, QTAgent32.exe, Playback - [WARNING] Internal warning: Couldn't find descendants that match QueryId
\0
W, 2376, 22, 2012/11/01, 10:15:19.262, 43171574140, QTAgent32.exe, Playback - [WARNING] Internal warning: Window Not Found: [VisibleOnly]ControlType='Window' &amp;&amp; Name='Customer: txt1 tdsfs' &amp;&amp; ClassName='ThunderRT6MDIForm'
\0
E, 2376, 22, 2012/11/01, 10:15:19.262, 43171576349, QTAgent32.exe, &lt;a class=failure&gt;Playback - {125} [FAILED] Function ElementFetcher::FindScreenElement failed to locate UI element (Searching: ;[VisibleOnly]ControlType='Window' &amp;&amp; Name='Customer: txt1 tdsfs' &amp;&amp; ClassName='ThunderRT6MDIForm') (The object specified was not found.)
\0&lt;/a&gt;
E, 2376, 22, 2012/11/01, 10:15:19.348, 43172804225, QTAgent32.exe, Playback - [IMAGE] C:\Users\peter.zenin-ad\AppData\Local\Temp\UITestLogs\LastRun\RPF7B.png
\0
W, 2376, 22, 2012/11/01, 10:15:19.348, 43172806464, QTAgent32.exe, Playback - [WARNING] Internal warning: Couldn't find descendants that match QueryId
\0
W, 2376, 22, 2012/11/01, 10:15:19.572, 43176008335, QTAgent32.exe, Playback - [WARNING] Internal warning: Window Not Found: [VisibleOnly]ControlType='Window' &amp;&amp; Name='Customer: txt1 tdsfs' &amp;&amp; ClassName='ThunderRT6MDIForm'
\0
E, 2376, 22, 2012/11/01, 10:15:19.572, 43176011182, QTAgent32.exe, &lt;a class=failure&gt;Playback - {126} [FAILED] Function ElementFetcher::FindScreenElement failed to locate UI element (Searching: ;[VisibleOnly]ControlType='Window' &amp;&amp; Name='Customer: txt1 tdsfs' &amp;&amp; ClassName='ThunderRT6MDIForm') (The object specified was not found.)
\0&lt;/a&gt;
E, 2376, 22, 2012/11/01, 10:15:19.658, 43177239828, QTAgent32.exe, Playback - [IMAGE] C:\Users\peter.zenin-ad\AppData\Local\Temp\UITestLogs\LastRun\RPF1A4.png
\0
W, 2376, 22, 2012/11/01, 10:15:19.658, 43177241931, QTAgent32.exe, Playback - [WARNING] Internal warning: Couldn't find descendants that match QueryId
\0
E, 2376, 22, 2012/11/01, 10:15:19.658, 43177245858, QTAgent32.exe, Exception: System.Runtime.InteropServices.COMException
	Message: Error HRESULT E_FAIL has been returned from a call to a COM component.
	Stack Trace:    at Microsoft.VisualStudio.TestTools.UITest.Playback.Engine.IRPFPlayback.FindAllScreenElements(IScreenElement pScreenElementStart, String bstrQueryId, Object&amp; pvarResKeys, Int32 cResKeys, Int32 nMaxDepth, Object[]&amp; foundDescendants)
   at Microsoft.VisualStudio.TestTools.UITest.Playback.ScreenElement.FindTopLevelWindowHelper(String queryId)
	BaseExceptionMessage: Error HRESULT E_FAIL has been returned from a call to a COM component.

E, 2376, 22, 2012/11/01, 10:15:19.658, 43177250744, QTAgent32.exe, Window 722284 not responding. Last Win32 error 0
E, 2376, 22, 2012/11/01, 10:15:19.658, 43177253356, QTAgent32.exe, GetClassName for handle 722284 failed
E, 2376, 22, 2012/11/01, 10:15:19.659, 43177262132, QTAgent32.exe, Window 722284 not responding. Last Win32 error 1400
E, 2376, 22, 2012/11/01, 10:15:19.660, 43177272485, QTAgent32.exe, Window 722284 not responding. Last Win32 error 1400
E, 2376, 22, 2012/11/01, 10:15:19.660, 43177273654, QTAgent32.exe, GetClassName for handle 722284 failed
E, 2376, 22, 2012/11/01, 10:15:19.660, 43177274445, QTAgent32.exe, GetClassName for handle 722284 failed
W, 2376, 22, 2012/11/01, 10:15:19.884, 43180479676, QTAgent32.exe, Playback - [WARNING] Internal warning: Window Not Found: [VisibleOnly]ControlType='Window' &amp;&amp; Name='Customer: autotest autotest' &amp;&amp; ClassName='ThunderRT6MDIForm'
\0
E, 2376, 22, 2012/11/01, 10:15:19.884, 43180482332, QTAgent32.exe, &lt;a class=failure&gt;Playback - {127} [FAILED] Function ElementFetcher::FindScreenElement failed to locate UI element (Searching: ;[VisibleOnly]ControlType='Window' &amp;&amp; Name='Customer: autotest autotest' &amp;&amp; ClassName='ThunderRT6MDIForm') (The object specified was not found.)
\0&lt;/a&gt;
E, 2376, 22, 2012/11/01, 10:15:19.970, 43181707883, QTAgent32.exe, Playback - [IMAGE] C:\Users\peter.zenin-ad\AppData\Local\Temp\UITestLogs\LastRun\RPF2DD.png
\0
W, 2376, 22, 2012/11/01, 10:15:19.970, 43181709998, QTAgent32.exe, Playback - [WARNING] Internal warning: Couldn't find descendants that match QueryId
\0
W, 2376, 22, 2012/11/01, 10:15:19.978, 43181835501, QTAgent32.exe, Playback - [WARNING] Internal warning: Window Not Found: [VisibleOnly]ControlType='Window' &amp;&amp; Name='Customer: autotest autotest' &amp;&amp; ClassName='ThunderRT6MDIForm'
\0
E, 2376, 22, 2012/11/01, 10:15:19.979, 43181837599, QTAgent32.exe, &lt;a class=failure&gt;Playback - {128} [FAILED] Function ElementFetcher::FindScreenElement failed to locate UI element (Searching: ;[VisibleOnly]ControlType='Window' &amp;&amp; Name='Customer: autotest autotest' &amp;&amp; ClassName='ThunderRT6MDIForm') (The object specified was not found.)
\0&lt;/a&gt;
E, 2376, 22, 2012/11/01, 10:15:20.064, 43183055045, QTAgent32.exe, Playback - [IMAGE] C:\Users\peter.zenin-ad\AppData\Local\Temp\UITestLogs\LastRun\RPF34B.png
\0
W, 2376, 22, 2012/11/01, 10:15:20.064, 43183057150, QTAgent32.exe, Playback - [WARNING] Internal warning: Couldn't find descendants that match QueryId
\0
W, 2376, 22, 2012/11/01, 10:15:20.288, 43186264050, QTAgent32.exe, Playback - [WARNING] Internal warning: Window Not Found: [VisibleOnly]ControlType='Window' &amp;&amp; Name='Customer: autotest autotest' &amp;&amp; ClassName='ThunderRT6MDIForm'
\0
E, 2376, 22, 2012/11/01, 10:15:20.288, 43186266975, QTAgent32.exe, &lt;a class=failure&gt;Playback - {129} [FAILED] Function ElementFetcher::FindScreenElement failed to locate UI element (Searching: ;[VisibleOnly]ControlType='Window' &amp;&amp; Name='Customer: autotest autotest' &amp;&amp; ClassName='ThunderRT6MDIForm') (The object specified was not found.)
\0&lt;/a&gt;
E, 2376, 22, 2012/11/01, 10:15:20.373, 43187486616, QTAgent32.exe, Playback - [IMAGE] C:\Users\peter.zenin-ad\AppData\Local\Temp\UITestLogs\LastRun\RPF475.png
\0
W, 2376, 22, 2012/11/01, 10:15:20.373, 43187488749, QTAgent32.exe, Playback - [WARNING] Internal warning: Couldn't find descendants that match QueryId
\0
E, 2376, 22, 2012/11/01, 10:15:20.374, 43187492927, QTAgent32.exe, Exception: System.Runtime.InteropServices.COMException
	Message: Error HRESULT E_FAIL has been returned from a call to a COM component.
	Stack Trace:    at Microsoft.VisualStudio.TestTools.UITest.Playback.Engine.IRPFPlayback.FindAllScreenElements(IScreenElement pScreenElementStart, String bstrQueryId, Object&amp; pvarResKeys, Int32 cResKeys, Int32 nMaxDepth, Object[]&amp; foundDescendants)
   at Microsoft.VisualStudio.TestTools.UITest.Playback.ScreenElement.FindTopLevelWindowHelper(String queryId)
	BaseExceptionMessage: Error HRESULT E_FAIL has been returned from a call to a COM component.

E, 2376, 22, 2012/11/01, 10:15:20.374, 43187497542, QTAgent32.exe, Window 722284 not responding. Last Win32 error 0
E, 2376, 22, 2012/11/01, 10:15:20.374, 43187501447, QTAgent32.exe, Window 722284 not responding. Last Win32 error 1400
E, 2376, 22, 2012/11/01, 10:15:20.374, 43187506256, QTAgent32.exe, Window 722284 not responding. Last Win32 error 1400
E, 2376, 22, 2012/11/01, 10:15:20.375, 43187507508, QTAgent32.exe, GetClassName for handle 722284 failed
E, 2376, 22, 2012/11/01, 10:15:20.375, 43187508302, QTAgent32.exe, GetClassName for handle 722284 failed
W, 2376, 22, 2012/11/01, 10:15:20.599, 43190721717, QTAgent32.exe, Playback - [WARNING] Internal warning: Window Not Found: [VisibleOnly]ControlType='Window' &amp;&amp; Name='Customer: txt1 tdsfs' &amp;&amp; ClassName='ThunderRT6MDIForm'
\0
E, 2376, 22, 2012/11/01, 10:15:20.599, 43190724582, QTAgent32.exe, &lt;a class=failure&gt;Playback - {130} [FAILED] Function ElementFetcher::FindScreenElement failed to locate UI element (Searching: ;[VisibleOnly]ControlType='Window' &amp;&amp; Name='Customer: txt1 tdsfs' &amp;&amp; ClassName='ThunderRT6MDIForm') (The object specified was not found.)
\0&lt;/a&gt;
E, 2376, 22, 2012/11/01, 10:15:20.684, 43191939606, QTAgent32.exe, Playback - [IMAGE] C:\Users\peter.zenin-ad\AppData\Local\Temp\UITestLogs\LastRun\RPF5AE.png
\0
W, 2376, 22, 2012/11/01, 10:15:20.684, 43191941743, QTAgent32.exe, Playback - [WARNING] Internal warning: Couldn't find descendants that match QueryId
\0
W, 2376, 22, 2012/11/01, 10:15:21.218, 43199579705, QTAgent32.exe, Playback - [WARNING] Internal warning: Window Not Found: [VisibleOnly]ControlType='Window' &amp;&amp; Name='Customer: txt1 tdsfs' &amp;&amp; ClassName='ThunderRT6MDIForm'
\0
E, 2376, 22, 2012/11/01, 10:15:21.218, 43199582568, QTAgent32.exe, &lt;a class=failure&gt;Playback - {131} [FAILED] Function ElementFetcher::FindScreenElement failed to locate UI element (Searching: ;[VisibleOnly]ControlType='Window' &amp;&amp; Name='Customer: txt1 tdsfs' &amp;&amp; ClassName='ThunderRT6MDIForm') (The object specified was not found.)
\0&lt;/a&gt;
E, 2376, 22, 2012/11/01, 10:15:21.303, 43200796296, QTAgent32.exe, Playback - [IMAGE] C:\Users\peter.zenin-ad\AppData\Local\Temp\UITestLogs\LastRun\RPF81F.png
\0
W, 2376, 22, 2012/11/01, 10:15:21.303, 43200798568, QTAgent32.exe, Playback - [WARNING] Internal warning: Couldn't find descendants that match QueryId
\0
W, 2376, 22, 2012/11/01, 10:15:21.303, 43200801578, QTAgent32.exe, PERF WARNING: FindTopLevelWindowHelper::FindAllDescendents: took 618 ms. Expected it to take maximum 500 ms.
W, 2376, 22, 2012/11/01, 10:15:21.733, 43206962759, QTAgent32.exe, Playback - [WARNING] Internal warning: Smart Match failed
\0
W, 2376, 22, 2012/11/01, 10:15:21.874, 43208970630, QTAgent32.exe, Playback - [WARNING] Internal warning: Smart Match failed
\0
W, 2376, 22, 2012/11/01, 10:15:22.014, 43210988993, QTAgent32.exe, Playback - [WARNING] Internal warning: Smart Match failed
\0
W, 2376, 22, 2012/11/01, 10:15:22.154, 43212993270, QTAgent32.exe, Playback - [WARNING] Internal warning: Smart Match failed
\0
W, 2376, 22, 2012/11/01, 10:15:22.294, 43214998002, QTAgent32.exe, Playback - [WARNING] Internal warning: Smart Match failed
\0
W, 2376, 22, 2012/11/01, 10:15:22.434, 43217000934, QTAgent32.exe, Playback - [WARNING] Internal warning: Smart Match failed
\0
W, 2376, 22, 2012/11/01, 10:15:22.574, 43219006882, QTAgent32.exe, Playback - [WARNING] Internal warning: Smart Match failed
\0
W, 2376, 22, 2012/11/01, 10:15:22.720, 43221096717, QTAgent32.exe, Playback - [WARNING] Internal warning: Smart Match failed
\0
W, 2376, 22, 2012/11/01, 10:15:22.861, 43223110888, QTAgent32.exe, Playback - [WARNING] Internal warning: Smart Match failed
\0
W, 2376, 22, 2012/11/01, 10:15:22.998, 43225072522, QTAgent32.exe, Playback - [WARNING] Internal warning: Smart Match failed
\0
W, 2376, 22, 2012/11/01, 10:15:23.135, 43227038320, QTAgent32.exe, Playback - [WARNING] Internal warning: Smart Match failed
\0
W, 2376, 22, 2012/11/01, 10:15:23.273, 43229010792, QTAgent32.exe, Playback - [WARNING] Internal warning: Smart Match failed
\0
W, 2376, 22, 2012/11/01, 10:15:23.410, 43230972258, QTAgent32.exe, Playback - [WARNING] Internal warning: Smart Match failed
\0
W, 2376, 22, 2012/11/01, 10:15:23.547, 43232933903, QTAgent32.exe, Playback - [WARNING] Internal warning: Smart Match failed
\0
W, 2376, 22, 2012/11/01, 10:15:23.684, 43234897039, QTAgent32.exe, Playback - [WARNING] Internal warning: Smart Match failed
\0
W, 2376, 22, 2012/11/01, 10:15:23.822, 43236872673, QTAgent32.exe, Playback - [WARNING] Internal warning: Smart Match failed
\0
W, 2376, 22, 2012/11/01, 10:15:23.960, 43238852927, QTAgent32.exe, Playback - [WARNING] Internal warning: Smart Match failed
\0
W, 2376, 22, 2012/11/01, 10:15:24.099, 43240841124, QTAgent32.exe, Playback - [WARNING] Internal warning: Smart Match failed
\0
W, 2376, 22, 2012/11/01, 10:15:24.237, 43242816354, QTAgent32.exe, Playback - [WARNING] Internal warning: Smart Match failed
\0
W, 2376, 22, 2012/11/01, 10:15:24.375, 43244789750, QTAgent32.exe, Playback - [WARNING] Internal warning: Smart Match failed
\0
W, 2376, 22, 2012/11/01, 10:15:24.409, 43245280881, QTAgent32.exe, Playback - [WARNING] Internal warning: Window Not Found: [VisibleOnly]ControlType='Window' &amp;&amp; Name='Customer: txt1 tdsfs' &amp;&amp; ClassName='ThunderRT6MDIForm'
\0
E, 2376, 22, 2012/11/01, 10:15:24.409, 43245282992, QTAgent32.exe, &lt;a class=failure&gt;Playback - {132} [FAILED] Function ElementFetcher::FindScreenElement failed to locate UI element (Searching: ;[VisibleOnly]ControlType='Window' &amp;&amp; Name='Customer: txt1 tdsfs' &amp;&amp; ClassName='ThunderRT6MDIForm') (The object specified was not found.)
\0&lt;/a&gt;
E, 2376, 22, 2012/11/01, 10:15:24.493, 43246485860, QTAgent32.exe, Playback - [IMAGE] C:\Users\peter.zenin-ad\AppData\Local\Temp\UITestLogs\LastRun\RPF149E.png
\0
W, 2376, 22, 2012/11/01, 10:15:24.494, 43246488116, QTAgent32.exe, Playback - [WARNING] Internal warning: Couldn't find descendants that match QueryId
\0
W, 2376, 22, 2012/11/01, 10:15:24.494, 43246491036, QTAgent32.exe, PERF WARNING: FindTopLevelWindowHelper::FindAllDescendents: took 3190 ms. Expected it to take maximum 500 ms.
E, 2376, 22, 2012/11/01, 10:15:24.494, 43246492791, QTAgent32.exe, Exception: System.Runtime.InteropServices.COMException
	Message: Error HRESULT E_FAIL has been returned from a call to a COM component.
	Stack Trace:    at Microsoft.VisualStudio.TestTools.UITest.Playback.Engine.IRPFPlayback.FindAllScreenElements(IScreenElement pScreenElementStart, String bstrQueryId, Object&amp; pvarResKeys, Int32 cResKeys, Int32 nMaxDepth, Object[]&amp; foundDescendants)
   at Microsoft.VisualStudio.TestTools.UITest.Playback.ScreenElement.FindTopLevelWindowHelper(String queryId)
	BaseExceptionMessage: Error HRESULT E_FAIL has been returned from a call to a COM component.

E, 2376, 22, 2012/11/01, 10:15:24.494, 43246497216, QTAgent32.exe, Window 722284 not responding. Last Win32 error 0
E, 2376, 22, 2012/11/01, 10:15:24.496, 43246528180, QTAgent32.exe, Window 722284 not responding. Last Win32 error 1400
E, 2376, 22, 2012/11/01, 10:15:24.497, 43246533051, QTAgent32.exe, Window 722284 not responding. Last Win32 error 1400
E, 2376, 22, 2012/11/01, 10:15:24.497, 43246534295, QTAgent32.exe, GetClassName for handle 722284 failed
E, 2376, 22, 2012/11/01, 10:15:24.497, 43246535102, QTAgent32.exe, GetClassName for handle 722284 failed
W, 2376, 22, 2012/11/01, 10:15:24.743, 43250040790, QTAgent32.exe, Playback - [WARNING] Internal warning: Window Not Found: [VisibleOnly]ControlType='Window' &amp;&amp; Name='Customer: autotest autotest' &amp;&amp; ClassName='ThunderRT6MDIForm'
\0
E, 2376, 22, 2012/11/01, 10:15:24.743, 43250043696, QTAgent32.exe, &lt;a class=failure&gt;Playback - {133} [FAILED] Function ElementFetcher::FindScreenElement failed to locate UI element (Searching: ;[VisibleOnly]ControlType='Window' &amp;&amp; Name='Customer: autotest autotest' &amp;&amp; ClassName='ThunderRT6MDIForm') (The object specified was not found.)
\0&lt;/a&gt;
E, 2376, 22, 2012/11/01, 10:15:24.829, 43251272676, QTAgent32.exe, Playback - [IMAGE] C:\Users\peter.zenin-ad\AppData\Local\Temp\UITestLogs\LastRun\RPF15E6.png
\0
W, 2376, 22, 2012/11/01, 10:15:24.829, 43251274830, QTAgent32.exe, Playback - [WARNING] Internal warning: Couldn't find descendants that match QueryId
\0
W, 2376, 22, 2012/11/01, 10:15:25.361, 43258888838, QTAgent32.exe, Playback - [WARNING] Internal warning: Window Not Found: [VisibleOnly]ControlType='Window' &amp;&amp; Name='Customer: autotest autotest' &amp;&amp; ClassName='ThunderRT6MDIForm'
\0
E, 2376, 22, 2012/11/01, 10:15:25.361, 43258891638, QTAgent32.exe, &lt;a class=failure&gt;Playback - {134} [FAILED] Function ElementFetcher::FindScreenElement failed to locate UI element (Searching: ;[VisibleOnly]ControlType='Window' &amp;&amp; Name='Customer: autotest autotest' &amp;&amp; ClassName='ThunderRT6MDIForm') (The object specified was not found.)
\0&lt;/a&gt;
E, 2376, 22, 2012/11/01, 10:15:25.451, 43260177753, QTAgent32.exe, Playback - [IMAGE] C:\Users\peter.zenin-ad\AppData\Local\Temp\UITestLogs\LastRun\RPF1857.png
\0
W, 2376, 22, 2012/11/01, 10:15:25.451, 43260179976, QTAgent32.exe, Playback - [WARNING] Internal warning: Couldn't find descendants that match QueryId
\0
W, 2376, 22, 2012/11/01, 10:15:25.451, 43260182968, QTAgent32.exe, PERF WARNING: FindTopLevelWindowHelper::FindAllDescendents: took 621 ms. Expected it to take maximum 500 ms.
W, 2376, 22, 2012/11/01, 10:15:25.878, 43266296998, QTAgent32.exe, Playback - [WARNING] Internal warning: Smart Match failed
\0
W, 2376, 22, 2012/11/01, 10:15:26.016, 43268276276, QTAgent32.exe, Playback - [WARNING] Internal warning: Smart Match failed
\0
W, 2376, 22, 2012/11/01, 10:15:26.154, 43270251010, QTAgent32.exe, Playback - [WARNING] Internal warning: Smart Match failed
\0
W, 2376, 22, 2012/11/01, 10:15:26.292, 43272225017, QTAgent32.exe, Playback - [WARNING] Internal warning: Smart Match failed
\0
W, 2376, 22, 2012/11/01, 10:15:26.431, 43274208317, QTAgent32.exe, Playback - [WARNING] Internal warning: Smart Match failed
\0
W, 2376, 22, 2012/11/01, 10:15:26.570, 43276206893, QTAgent32.exe, Playback - [WARNING] Internal warning: Smart Match failed
\0
W, 2376, 22, 2012/11/01, 10:15:26.714, 43278268884, QTAgent32.exe, Playback - [WARNING] Internal warning: Smart Match failed
\0
W, 2376, 22, 2012/11/01, 10:15:26.852, 43280243486, QTAgent32.exe, Playback - [WARNING] Internal warning: Smart Match failed
\0
W, 2376, 22, 2012/11/01, 10:15:26.990, 43282219191, QTAgent32.exe, Playback - [WARNING] Internal warning: Smart Match failed
\0
W, 2376, 22, 2012/11/01, 10:15:27.128, 43284198180, QTAgent32.exe, Playback - [WARNING] Internal warning: Smart Match failed
\0
W, 2376, 22, 2012/11/01, 10:15:27.267, 43286191879, QTAgent32.exe, Playback - [WARNING] Internal warning: Smart Match failed
\0
W, 2376, 22, 2012/11/01, 10:15:27.408, 43288198848, QTAgent32.exe, Playback - [WARNING] Internal warning: Smart Match failed
\0
W, 2376, 22, 2012/11/01, 10:15:27.547, 43290198755, QTAgent32.exe, Playback - [WARNING] Internal warning: Smart Match failed
\0
W, 2376, 22, 2012/11/01, 10:15:27.686, 43292187534, QTAgent32.exe, Playback - [WARNING] Internal warning: Smart Match failed
\0
W, 2376, 22, 2012/11/01, 10:15:27.825, 43294179230, QTAgent32.exe, Playback - [WARNING] Internal warning: Smart Match failed
\0
W, 2376, 22, 2012/11/01, 10:15:27.963, 43296153481, QTAgent32.exe, Playback - [WARNING] Internal warning: Smart Match failed
\0
W, 2376, 22, 2012/11/01, 10:15:28.101, 43298130721, QTAgent32.exe, Playback - [WARNING] Internal warning: Smart Match failed
\0
W, 2376, 22, 2012/11/01, 10:15:28.241, 43300125766, QTAgent32.exe, Playback - [WARNING] Internal warning: Smart Match failed
\0
W, 2376, 22, 2012/11/01, 10:15:28.380, 43302125511, QTAgent32.exe, Playback - [WARNING] Internal warning: Smart Match failed
\0
W, 2376, 22, 2012/11/01, 10:15:28.519, 43304107376, QTAgent32.exe, Playback - [WARNING] Internal warning: Smart Match failed
\0
W, 2376, 22, 2012/11/01, 10:15:28.554, 43304617704, QTAgent32.exe, Playback - [WARNING] Internal warning: Window Not Found: [VisibleOnly]ControlType='Window' &amp;&amp; Name='Customer: autotest autotest' &amp;&amp; ClassName='ThunderRT6MDIForm'
\0
E, 2376, 22, 2012/11/01, 10:15:28.554, 43304619885, QTAgent32.exe, &lt;a class=failure&gt;Playback - {135} [FAILED] Function ElementFetcher::FindScreenElement failed to locate UI element (Searching: ;[VisibleOnly]ControlType='Window' &amp;&amp; Name='Customer: autotest autotest' &amp;&amp; ClassName='ThunderRT6MDIForm') (The object specified was not found.)
\0&lt;/a&gt;
E, 2376, 22, 2012/11/01, 10:15:28.641, 43305864457, QTAgent32.exe, Playback - [IMAGE] C:\Users\peter.zenin-ad\AppData\Local\Temp\UITestLogs\LastRun\RPF24C7.png
\0
W, 2376, 22, 2012/11/01, 10:15:28.641, 43305866559, QTAgent32.exe, Playback - [WARNING] Internal warning: Couldn't find descendants that match QueryId
\0
W, 2376, 22, 2012/11/01, 10:15:28.642, 43305869760, QTAgent32.exe, PERF WARNING: FindTopLevelWindowHelper::FindAllDescendents: took 3190 ms. Expected it to take maximum 500 ms.
E, 2376, 22, 2012/11/01, 10:15:28.642, 43305872054, QTAgent32.exe, Exception: System.Runtime.InteropServices.COMException
	Message: Error HRESULT E_FAIL has been returned from a call to a COM component.
	Stack Trace:    at Microsoft.VisualStudio.TestTools.UITest.Playback.Engine.IRPFPlayback.FindAllScreenElements(IScreenElement pScreenElementStart, String bstrQueryId, Object&amp; pvarResKeys, Int32 cResKeys, Int32 nMaxDepth, Object[]&amp; foundDescendants)
   at Microsoft.VisualStudio.TestTools.UITest.Playback.ScreenElement.FindTopLevelWindowHelper(String queryId)
	BaseExceptionMessage: Error HRESULT E_FAIL has been returned from a call to a COM component.

E, 2376, 22, 2012/11/01, 10:15:28.642, 43305877020, QTAgent32.exe, Window 722284 not responding. Last Win32 error 0
E, 2376, 22, 2012/11/01, 10:15:28.642, 43305881382, QTAgent32.exe, Window 722284 not responding. Last Win32 error 1400
E, 2376, 22, 2012/11/01, 10:15:28.643, 43305886030, QTAgent32.exe, Window 722284 not responding. Last Win32 error 1400
E, 2376, 22, 2012/11/01, 10:15:28.643, 43305887309, QTAgent32.exe, GetClassName for handle 722284 failed
E, 2376, 22, 2012/11/01, 10:15:28.643, 43305888182, QTAgent32.exe, GetClassName for handle 722284 failed
W, 2376, 22, 2012/11/01, 10:15:28.869, 43309123728, QTAgent32.exe, Playback - [WARNING] Internal warning: Window Not Found: [VisibleOnly]ControlType='Window' &amp;&amp; Name='Customer: txt1 tdsfs' &amp;&amp; ClassName='ThunderRT6MDIForm'
\0
E, 2376, 22, 2012/11/01, 10:15:28.869, 43309126631, QTAgent32.exe, &lt;a class=failure&gt;Playback - {136} [FAILED] Function ElementFetcher::FindScreenElement failed to locate UI element (Searching: ;[VisibleOnly]ControlType='Window' &amp;&amp; Name='Customer: txt1 tdsfs' &amp;&amp; ClassName='ThunderRT6MDIForm') (The object specified was not found.)
\0&lt;/a&gt;
E, 2376, 22, 2012/11/01, 10:15:28.958, 43310400725, QTAgent32.exe, Playback - [IMAGE] C:\Users\peter.zenin-ad\AppData\Local\Temp\UITestLogs\LastRun\RPF2600.png
\0
W, 2376, 22, 2012/11/01, 10:15:28.958, 43310402990, QTAgent32.exe, Playback - [WARNING] Internal warning: Couldn't find descendants that match QueryId
\0
W, 2376, 22, 2012/11/01, 10:15:29.495, 43318087024, QTAgent32.exe, Playback - [WARNING] Internal warning: Window Not Found: [VisibleOnly]ControlType='Window' &amp;&amp; Name='Customer: txt1 tdsfs' &amp;&amp; ClassName='ThunderRT6MDIForm'
\0
E, 2376, 22, 2012/11/01, 10:15:29.495, 43318089901, QTAgent32.exe, &lt;a class=failure&gt;Playback - {137} [FAILED] Function ElementFetcher::FindScreenElement failed to locate UI element (Searching: ;[VisibleOnly]ControlType='Window' &amp;&amp; Name='Customer: txt1 tdsfs' &amp;&amp; ClassName='ThunderRT6MDIForm') (The object specified was not found.)
\0&lt;/a&gt;
E, 2376, 22, 2012/11/01, 10:15:29.581, 43319326539, QTAgent32.exe, Playback - [IMAGE] C:\Users\peter.zenin-ad\AppData\Local\Temp\UITestLogs\LastRun\RPF2880.png
\0
W, 2376, 22, 2012/11/01, 10:15:29.582, 43319328763, QTAgent32.exe, Playback - [WARNING] Internal warning: Couldn't find descendants that match QueryId
\0
W, 2376, 22, 2012/11/01, 10:15:29.582, 43319332071, QTAgent32.exe, PERF WARNING: FindTopLevelWindowHelper::FindAllDescendents: took 623 ms. Expected it to take maximum 500 ms.
W, 2376, 22, 2012/11/01, 10:15:30.007, 43325423602, QTAgent32.exe, Playback - [WARNING] Internal warning: Smart Match failed
\0
W, 2376, 22, 2012/11/01, 10:15:30.147, 43327428703, QTAgent32.exe, Playback - [WARNING] Internal warning: Smart Match failed
\0
W, 2376, 22, 2012/11/01, 10:15:30.286, 43329418219, QTAgent32.exe, Playback - [WARNING] Internal warning: Smart Match failed
\0
W, 2376, 22, 2012/11/01, 10:15:30.424, 43331392146, QTAgent32.exe, Playback - [WARNING] Internal warning: Smart Match failed
\0
W, 2376, 22, 2012/11/01, 10:15:30.561, 43333355349, QTAgent32.exe, Playback - [WARNING] Internal warning: Smart Match failed
\0
W, 2376, 22, 2012/11/01, 10:15:30.699, 43335331700, QTAgent32.exe, Playback - [WARNING] Internal warning: Smart Match failed
\0
W, 2376, 22, 2012/11/01, 10:15:30.837, 43337305950, QTAgent32.exe, Playback - [WARNING] Internal warning: Smart Match failed
\0
W, 2376, 22, 2012/11/01, 10:15:30.975, 43339280643, QTAgent32.exe, Playback - [WARNING] Internal warning: Smart Match failed
\0
W, 2376, 22, 2012/11/01, 10:15:31.113, 43341257383, QTAgent32.exe, Playback - [WARNING] Internal warning: Smart Match failed
\0
W, 2376, 22, 2012/11/01, 10:15:31.251, 43343235911, QTAgent32.exe, Playback - [WARNING] Internal warning: Smart Match failed
\0
W, 2376, 22, 2012/11/01, 10:15:31.389, 43345215054, QTAgent32.exe, Playback - [WARNING] Internal warning: Smart Match failed
\0
W, 2376, 22, 2012/11/01, 10:15:31.528, 43347205090, QTAgent32.exe, Playback - [WARNING] Internal warning: Smart Match failed
\0
W, 2376, 22, 2012/11/01, 10:15:31.669, 43349211646, QTAgent32.exe, Playback - [WARNING] Internal warning: Smart Match failed
\0
W, 2376, 22, 2012/11/01, 10:15:31.808, 43351212468, QTAgent32.exe, Playback - [WARNING] Internal warning: Smart Match failed
\0
W, 2376, 22, 2012/11/01, 10:15:31.947, 43353199084, QTAgent32.exe, Playback - [WARNING] Internal warning: Smart Match failed
\0
W, 2376, 22, 2012/11/01, 10:15:32.085, 43355180541, QTAgent32.exe, Playback - [WARNING] Internal warning: Smart Match failed
\0
W, 2376, 22, 2012/11/01, 10:15:32.226, 43357191425, QTAgent32.exe, Playback - [WARNING] Internal warning: Smart Match failed
\0
W, 2376, 22, 2012/11/01, 10:15:32.364, 43359172445, QTAgent32.exe, Playback - [WARNING] Internal warning: Smart Match failed
\0
W, 2376, 22, 2012/11/01, 10:15:32.502, 43361147095, QTAgent32.exe, Playback - [WARNING] Internal warning: Smart Match failed
\0
W, 2376, 22, 2012/11/01, 10:15:32.639, 43363113199, QTAgent32.exe, Playback - [WARNING] Internal warning: Smart Match failed
\0
W, 2376, 22, 2012/11/01, 10:15:32.676, 43363633092, QTAgent32.exe, Playback - [WARNING] Internal warning: Window Not Found: [VisibleOnly]ControlType='Window' &amp;&amp; Name='Customer: txt1 tdsfs' &amp;&amp; ClassName='ThunderRT6MDIForm'
\0
E, 2376, 22, 2012/11/01, 10:15:32.676, 43363635365, QTAgent32.exe, &lt;a class=failure&gt;Playback - {138} [FAILED] Function ElementFetcher::FindScreenElement failed to locate UI element (Searching: ;[VisibleOnly]ControlType='Window' &amp;&amp; Name='Customer: txt1 tdsfs' &amp;&amp; ClassName='ThunderRT6MDIForm') (The object specified was not found.)
\0&lt;/a&gt;
E, 2376, 22, 2012/11/01, 10:15:32.764, 43364900773, QTAgent32.exe, Playback - [IMAGE] C:\Users\peter.zenin-ad\AppData\Local\Temp\UITestLogs\LastRun\RPF34E0.png
\0
W, 2376, 22, 2012/11/01, 10:15:32.764, 43364903398, QTAgent32.exe, Playback - [WARNING] Internal warning: Couldn't find descendants that match QueryId
\0
W, 2376, 22, 2012/11/01, 10:15:32.765, 43364907662, QTAgent32.exe, PERF WARNING: FindTopLevelWindowHelper::FindAllDescendents: took 3182 ms. Expected it to take maximum 500 ms.
E, 2376, 22, 2012/11/01, 10:15:32.765, 43364909521, QTAgent32.exe, Exception: System.Runtime.InteropServices.COMException
	Message: Error HRESULT E_FAIL has been returned from a call to a COM component.
	Stack Trace:    at Microsoft.VisualStudio.TestTools.UITest.Playback.Engine.IRPFPlayback.FindAllScreenElements(IScreenElement pScreenElementStart, String bstrQueryId, Object&amp; pvarResKeys, Int32 cResKeys, Int32 nMaxDepth, Object[]&amp; foundDescendants)
   at Microsoft.VisualStudio.TestTools.UITest.Playback.ScreenElement.FindTopLevelWindowHelper(String queryId)
	BaseExceptionMessage: Error HRESULT E_FAIL has been returned from a call to a COM component.

E, 2376, 22, 2012/11/01, 10:15:32.765, 43364914260, QTAgent32.exe, Window 722284 not responding. Last Win32 error 0
E, 2376, 22, 2012/11/01, 10:15:32.765, 43364918776, QTAgent32.exe, Window 722284 not responding. Last Win32 error 1400
E, 2376, 22, 2012/11/01, 10:15:32.766, 43364923582, QTAgent32.exe, Window 722284 not responding. Last Win32 error 1400
E, 2376, 22, 2012/11/01, 10:15:32.766, 43364925076, QTAgent32.exe, GetClassName for handle 722284 failed
E, 2376, 22, 2012/11/01, 10:15:32.766, 43364925896, QTAgent32.exe, GetClassName for handle 722284 failed
W, 2376, 22, 2012/11/01, 10:15:32.990, 43368128213, QTAgent32.exe, Playback - [WARNING] Internal warning: Window Not Found: [VisibleOnly]ControlType='Window' &amp;&amp; Name='Customer: autotest autotest' &amp;&amp; ClassName='ThunderRT6MDIForm'
\0
E, 2376, 22, 2012/11/01, 10:15:32.990, 43368131744, QTAgent32.exe, &lt;a class=failure&gt;Playback - {139} [FAILED] Function ElementFetcher::FindScreenElement failed to locate UI element (Searching: ;[VisibleOnly]ControlType='Window' &amp;&amp; Name='Customer: autotest autotest' &amp;&amp; ClassName='ThunderRT6MDIForm') (The object specified was not found.)
\0&lt;/a&gt;
E, 2376, 22, 2012/11/01, 10:15:33.073, 43369321910, QTAgent32.exe, Playback - [IMAGE] C:\Users\peter.zenin-ad\AppData\Local\Temp\UITestLogs\LastRun\RPF3629.png
\0
W, 2376, 22, 2012/11/01, 10:15:33.073, 43369324018, QTAgent32.exe, Playback - [WARNING] Internal warning: Couldn't find descendants that match QueryId
\0
W, 2376, 22, 2012/11/01, 10:15:33.608, 43376984642, QTAgent32.exe, Playback - [WARNING] Internal warning: Window Not Found: [VisibleOnly]ControlType='Window' &amp;&amp; Name='Customer: autotest autotest' &amp;&amp; ClassName='ThunderRT6MDIForm'
\0
E, 2376, 22, 2012/11/01, 10:15:33.608, 43376987611, QTAgent32.exe, &lt;a class=failure&gt;Playback - {140} [FAILED] Function ElementFetcher::FindScreenElement failed to locate UI element (Searching: ;[VisibleOnly]ControlType='Window' &amp;&amp; Name='Customer: autotest autotest' &amp;&amp; ClassName='ThunderRT6MDIForm') (The object specified was not found.)
\0&lt;/a&gt;
E, 2376, 22, 2012/11/01, 10:15:33.692, 43378188483, QTAgent32.exe, Playback - [IMAGE] C:\Users\peter.zenin-ad\AppData\Local\Temp\UITestLogs\LastRun\RPF388A.png
\0
W, 2376, 22, 2012/11/01, 10:15:33.692, 43378190612, QTAgent32.exe, Playback - [WARNING] Internal warning: Couldn't find descendants that match QueryId
\0
W, 2376, 22, 2012/11/01, 10:15:33.693, 43378193906, QTAgent32.exe, PERF WARNING: FindTopLevelWindowHelper::FindAllDescendents: took 619 ms. Expected it to take maximum 500 ms.
W, 2376, 22, 2012/11/01, 10:15:34.119, 43384303099, QTAgent32.exe, Playback - [WARNING] Internal warning: Smart Match failed
\0
W, 2376, 22, 2012/11/01, 10:15:34.259, 43386307718, QTAgent32.exe, Playback - [WARNING] Internal warning: Smart Match failed
\0
W, 2376, 22, 2012/11/01, 10:15:34.397, 43388283176, QTAgent32.exe, Playback - [WARNING] Internal warning: Smart Match failed
\0
W, 2376, 22, 2012/11/01, 10:15:34.536, 43390274608, QTAgent32.exe, Playback - [WARNING] Internal warning: Smart Match failed
\0
W, 2376, 22, 2012/11/01, 10:15:34.676, 43392265536, QTAgent32.exe, Playback - [WARNING] Internal warning: Smart Match failed
\0
W, 2376, 22, 2012/11/01, 10:15:34.815, 43394254098, QTAgent32.exe, Playback - [WARNING] Internal warning: Smart Match failed
\0
W, 2376, 22, 2012/11/01, 10:15:34.954, 43396243736, QTAgent32.exe, Playback - [WARNING] Internal warning: Smart Match failed
\0
W, 2376, 22, 2012/11/01, 10:15:35.093, 43398234230, QTAgent32.exe, Playback - [WARNING] Internal warning: Smart Match failed
\0
W, 2376, 22, 2012/11/01, 10:15:35.232, 43400225286, QTAgent32.exe, Playback - [WARNING] Internal warning: Smart Match failed
\0
W, 2376, 22, 2012/11/01, 10:15:35.371, 43402218612, QTAgent32.exe, Playback - [WARNING] Internal warning: Smart Match failed
\0
W, 2376, 22, 2012/11/01, 10:15:35.510, 43404208165, QTAgent32.exe, Playback - [WARNING] Internal warning: Smart Match failed
\0
W, 2376, 22, 2012/11/01, 10:15:35.650, 43406210074, QTAgent32.exe, Playback - [WARNING] Internal warning: Smart Match failed
\0
W, 2376, 22, 2012/11/01, 10:15:35.788, 43408185845, QTAgent32.exe, Playback - [WARNING] Internal warning: Smart Match failed
\0
W, 2376, 22, 2012/11/01, 10:15:35.926, 43410162909, QTAgent32.exe, Playback - [WARNING] Internal warning: Smart Match failed
\0
W, 2376, 22, 2012/11/01, 10:15:36.064, 43412138600, QTAgent32.exe, Playback - [WARNING] Internal warning: Smart Match failed
\0
W, 2376, 22, 2012/11/01, 10:15:36.202, 43414113884, QTAgent32.exe, Playback - [WARNING] Internal warning: Smart Match failed
\0
W, 2376, 22, 2012/11/01, 10:15:36.340, 43416090132, QTAgent32.exe, Playback - [WARNING] Internal warning: Smart Match failed
\0
W, 2376, 22, 2012/11/01, 10:15:36.478, 43418067032, QTAgent32.exe, Playback - [WARNING] Internal warning: Smart Match failed
\0
W, 2376, 22, 2012/11/01, 10:15:36.631, 43420257361, QTAgent32.exe, Playback - [WARNING] Internal warning: Smart Match failed
\0
W, 2376, 22, 2012/11/01, 10:15:36.769, 43422235370, QTAgent32.exe, Playback - [WARNING] Internal warning: Smart Match failed
\0
W, 2376, 22, 2012/11/01, 10:15:36.805, 43422740800, QTAgent32.exe, Playback - [WARNING] Internal warning: Window Not Found: [VisibleOnly]ControlType='Window' &amp;&amp; Name='Customer: autotest autotest' &amp;&amp; ClassName='ThunderRT6MDIForm'
\0
E, 2376, 22, 2012/11/01, 10:15:36.805, 43422742963, QTAgent32.exe, &lt;a class=failure&gt;Playback - {141} [FAILED] Function ElementFetcher::FindScreenElement failed to locate UI element (Searching: ;[VisibleOnly]ControlType='Window' &amp;&amp; Name='Customer: autotest autotest' &amp;&amp; ClassName='ThunderRT6MDIForm') (The object specified was not found.)
\0&lt;/a&gt;
E, 2376, 22, 2012/11/01, 10:15:36.892, 43423993864, QTAgent32.exe, Playback - [IMAGE] C:\Users\peter.zenin-ad\AppData\Local\Temp\UITestLogs\LastRun\RPF4509.png
\0
W, 2376, 22, 2012/11/01, 10:15:36.892, 43423996438, QTAgent32.exe, Playback - [WARNING] Internal warning: Couldn't find descendants that match QueryId
\0
W, 2376, 22, 2012/11/01, 10:15:36.893, 43423999778, QTAgent32.exe, PERF WARNING: FindTopLevelWindowHelper::FindAllDescendents: took 3198 ms. Expected it to take maximum 500 ms.
E, 2376, 22, 2012/11/01, 10:15:36.893, 43424001700, QTAgent32.exe, Exception: System.Runtime.InteropServices.COMException
	Message: Error HRESULT E_FAIL has been returned from a call to a COM component.
	Stack Trace:    at Microsoft.VisualStudio.TestTools.UITest.Playback.Engine.IRPFPlayback.FindAllScreenElements(IScreenElement pScreenElementStart, String bstrQueryId, Object&amp; pvarResKeys, Int32 cResKeys, Int32 nMaxDepth, Object[]&amp; foundDescendants)
   at Microsoft.VisualStudio.TestTools.UITest.Playback.ScreenElement.FindTopLevelWindowHelper(String queryId)
	BaseExceptionMessage: Error HRESULT E_FAIL has been returned from a call to a COM component.

E, 2376, 22, 2012/11/01, 10:15:36.893, 43424006362, QTAgent32.exe, Window 722284 not responding. Last Win32 error 0
E, 2376, 22, 2012/11/01, 10:15:36.893, 43424010289, QTAgent32.exe, Window 722284 not responding. Last Win32 error 1400
E, 2376, 22, 2012/11/01, 10:15:36.894, 43424015278, QTAgent32.exe, Window 722284 not responding. Last Win32 error 1400
E, 2376, 22, 2012/11/01, 10:15:36.894, 43424016596, QTAgent32.exe, GetClassName for handle 722284 failed
E, 2376, 22, 2012/11/01, 10:15:36.894, 43424017689, QTAgent32.exe, GetClassName for handle 722284 failed
W, 2376, 22, 2012/11/01, 10:15:37.118, 43427221339, QTAgent32.exe, Playback - [WARNING] Internal warning: Window Not Found: [VisibleOnly]ControlType='Window' &amp;&amp; Name='Customer: txt1 tdsfs' &amp;&amp; ClassName='ThunderRT6MDIForm'
\0
E, 2376, 22, 2012/11/01, 10:15:37.118, 43427224179, QTAgent32.exe, &lt;a class=failure&gt;Playback - {142} [FAILED] Function ElementFetcher::FindScreenElement failed to locate UI element (Searching: ;[VisibleOnly]ControlType='Window' &amp;&amp; Name='Customer: txt1 tdsfs' &amp;&amp; ClassName='ThunderRT6MDIForm') (The object specified was not found.)
\0&lt;/a&gt;
E, 2376, 22, 2012/11/01, 10:15:37.202, 43428425752, QTAgent32.exe, Playback - [IMAGE] C:\Users\peter.zenin-ad\AppData\Local\Temp\UITestLogs\LastRun\RPF4642.png
\0
W, 2376, 22, 2012/11/01, 10:15:37.202, 43428427819, QTAgent32.exe, Playback - [WARNING] Internal warning: Couldn't find descendants that match QueryId
\0
W, 2376, 22, 2012/11/01, 10:15:37.738, 43436107951, QTAgent32.exe, Playback - [WARNING] Internal warning: Window Not Found: [VisibleOnly]ControlType='Window' &amp;&amp; Name='Customer: txt1 tdsfs' &amp;&amp; ClassName='ThunderRT6MDIForm'
\0
E, 2376, 22, 2012/11/01, 10:15:37.738, 43436110977, QTAgent32.exe, &lt;a class=failure&gt;Playback - {143} [FAILED] Function ElementFetcher::FindScreenElement failed to locate UI element (Searching: ;[VisibleOnly]ControlType='Window' &amp;&amp; Name='Customer: txt1 tdsfs' &amp;&amp; ClassName='ThunderRT6MDIForm') (The object specified was not found.)
\0&lt;/a&gt;
E, 2376, 22, 2012/11/01, 10:15:37.828, 43437394210, QTAgent32.exe, Playback - [IMAGE] C:\Users\peter.zenin-ad\AppData\Local\Temp\UITestLogs\LastRun\RPF48B3.png
\0
W, 2376, 22, 2012/11/01, 10:15:37.828, 43437396418, QTAgent32.exe, Playback - [WARNING] Internal warning: Couldn't find descendants that match QueryId
\0
W, 2376, 22, 2012/11/01, 10:15:37.828, 43437399555, QTAgent32.exe, PERF WARNING: FindTopLevelWindowHelper::FindAllDescendents: took 626 ms. Expected it to take maximum 500 ms.
W, 2376, 22, 2012/11/01, 10:15:38.256, 43443525490, QTAgent32.exe, Playback - [WARNING] Internal warning: Smart Match failed
\0
W, 2376, 22, 2012/11/01, 10:15:38.395, 43445520032, QTAgent32.exe, Playback - [WARNING] Internal warning: Smart Match failed
\0
W, 2376, 22, 2012/11/01, 10:15:38.536, 43447528233, QTAgent32.exe, Playback - [WARNING] Internal warning: Smart Match failed
\0
W, 2376, 22, 2012/11/01, 10:15:38.676, 43449544382, QTAgent32.exe, Playback - [WARNING] Internal warning: Smart Match failed
\0
W, 2376, 22, 2012/11/01, 10:15:38.816, 43451548325, QTAgent32.exe, Playback - [WARNING] Internal warning: Smart Match failed
\0
W, 2376, 22, 2012/11/01, 10:15:38.956, 43453548377, QTAgent32.exe, Playback - [WARNING] Internal warning: Smart Match failed
\0
W, 2376, 22, 2012/11/01, 10:15:39.094, 43455523593, QTAgent32.exe, Playback - [WARNING] Internal warning: Smart Match failed
\0
W, 2376, 22, 2012/11/01, 10:15:39.232, 43457500195, QTAgent32.exe, Playback - [WARNING] Internal warning: Smart Match failed
\0
W, 2376, 22, 2012/11/01, 10:15:39.370, 43459477401, QTAgent32.exe, Playback - [WARNING] Internal warning: Smart Match failed
\0
W, 2376, 22, 2012/11/01, 10:15:39.508, 43461455654, QTAgent32.exe, Playback - [WARNING] Internal warning: Smart Match failed
\0
W, 2376, 22, 2012/11/01, 10:15:39.648, 43463461552, QTAgent32.exe, Playback - [WARNING] Internal warning: Smart Match failed
\0
W, 2376, 22, 2012/11/01, 10:15:39.789, 43465476419, QTAgent32.exe, Playback - [WARNING] Internal warning: Smart Match failed
\0
W, 2376, 22, 2012/11/01, 10:15:39.927, 43467452196, QTAgent32.exe, Playback - [WARNING] Internal warning: Smart Match failed
\0
W, 2376, 22, 2012/11/01, 10:15:40.065, 43469429068, QTAgent32.exe, Playback - [WARNING] Internal warning: Smart Match failed
\0
W, 2376, 22, 2012/11/01, 10:15:40.203, 43471406811, QTAgent32.exe, Playback - [WARNING] Internal warning: Smart Match failed
\0
W, 2376, 22, 2012/11/01, 10:15:40.341, 43473382186, QTAgent32.exe, Playback - [WARNING] Internal warning: Smart Match failed
\0
W, 2376, 22, 2012/11/01, 10:15:40.480, 43475374889, QTAgent32.exe, Playback - [WARNING] Internal warning: Smart Match failed
\0
W, 2376, 22, 2012/11/01, 10:15:40.694, 43478436884, QTAgent32.exe, Playback - [WARNING] Internal warning: Smart Match failed
\0
W, 2376, 22, 2012/11/01, 10:15:40.834, 43480442255, QTAgent32.exe, Playback - [WARNING] Internal warning: Smart Match failed
\0
W, 2376, 22, 2012/11/01, 10:15:40.871, 43480963254, QTAgent32.exe, Playback - [WARNING] Internal warning: Window Not Found: [VisibleOnly]ControlType='Window' &amp;&amp; Name='Customer: txt1 tdsfs' &amp;&amp; ClassName='ThunderRT6MDIForm'
\0
E, 2376, 22, 2012/11/01, 10:15:40.871, 43480965293, QTAgent32.exe, &lt;a class=failure&gt;Playback - {144} [FAILED] Function ElementFetcher::FindScreenElement failed to locate UI element (Searching: ;[VisibleOnly]ControlType='Window' &amp;&amp; Name='Customer: txt1 tdsfs' &amp;&amp; ClassName='ThunderRT6MDIForm') (The object specified was not found.)
\0&lt;/a&gt;
E, 2376, 22, 2012/11/01, 10:15:40.955, 43482173985, QTAgent32.exe, Playback - [IMAGE] C:\Users\peter.zenin-ad\AppData\Local\Temp\UITestLogs\LastRun\RPF54F4.png
\0
W, 2376, 22, 2012/11/01, 10:15:40.955, 43482176208, QTAgent32.exe, Playback - [WARNING] Internal warning: Couldn't find descendants that match QueryId
\0
W, 2376, 22, 2012/11/01, 10:15:40.956, 43482179399, QTAgent32.exe, PERF WARNING: FindTopLevelWindowHelper::FindAllDescendents: took 3127 ms. Expected it to take maximum 500 ms.
E, 2376, 22, 2012/11/01, 10:15:40.956, 43482181180, QTAgent32.exe, Exception: System.Runtime.InteropServices.COMException
	Message: Error HRESULT E_FAIL has been returned from a call to a COM component.
	Stack Trace:    at Microsoft.VisualStudio.TestTools.UITest.Playback.Engine.IRPFPlayback.FindAllScreenElements(IScreenElement pScreenElementStart, String bstrQueryId, Object&amp; pvarResKeys, Int32 cResKeys, Int32 nMaxDepth, Object[]&amp; foundDescendants)
   at Microsoft.VisualStudio.TestTools.UITest.Playback.ScreenElement.FindTopLevelWindowHelper(String queryId)
	BaseExceptionMessage: Error HRESULT E_FAIL has been returned from a call to a COM component.

E, 2376, 22, 2012/11/01, 10:15:40.956, 43482185751, QTAgent32.exe, Window 722284 not responding. Last Win32 error 0
E, 2376, 22, 2012/11/01, 10:15:40.956, 43482189656, QTAgent32.exe, Window 722284 not responding. Last Win32 error 1400
E, 2376, 22, 2012/11/01, 10:15:40.957, 43482194694, QTAgent32.exe, Window 722284 not responding. Last Win32 error 1400
E, 2376, 22, 2012/11/01, 10:15:40.957, 43482195986, QTAgent32.exe, GetClassName for handle 722284 failed
E, 2376, 22, 2012/11/01, 10:15:40.957, 43482196784, QTAgent32.exe, GetClassName for handle 722284 failed
W, 2376, 22, 2012/11/01, 10:15:41.180, 43485397682, QTAgent32.exe, Playback - [WARNING] Internal warning: Window Not Found: [VisibleOnly]ControlType='Window' &amp;&amp; Name='Customer: autotest autotest' &amp;&amp; ClassName='ThunderRT6MDIForm'
\0
E, 2376, 22, 2012/11/01, 10:15:41.181, 43485400563, QTAgent32.exe, &lt;a class=failure&gt;Playback - {145} [FAILED] Function ElementFetcher::FindScreenElement failed to locate UI element (Searching: ;[VisibleOnly]ControlType='Window' &amp;&amp; Name='Customer: autotest autotest' &amp;&amp; ClassName='ThunderRT6MDIForm') (The object specified was not found.)
\0&lt;/a&gt;
E, 2376, 22, 2012/11/01, 10:15:41.262, 43486572660, QTAgent32.exe, Playback - [IMAGE] C:\Users\peter.zenin-ad\AppData\Local\Temp\UITestLogs\LastRun\RPF562D.png
\0
W, 2376, 22, 2012/11/01, 10:15:41.263, 43486575017, QTAgent32.exe, Playback - [WARNING] Internal warning: Couldn't find descendants that match QueryId
\0
W, 2376, 22, 2012/11/01, 10:15:41.805, 43494337711, QTAgent32.exe, Playback - [WARNING] Internal warning: Window Not Found: [VisibleOnly]ControlType='Window' &amp;&amp; Name='Customer: autotest autotest' &amp;&amp; ClassName='ThunderRT6MDIForm'
\0
E, 2376, 22, 2012/11/01, 10:15:41.805, 43494340600, QTAgent32.exe, &lt;a class=failure&gt;Playback - {146} [FAILED] Function ElementFetcher::FindScreenElement failed to locate UI element (Searching: ;[VisibleOnly]ControlType='Window' &amp;&amp; Name='Customer: autotest autotest' &amp;&amp; ClassName='ThunderRT6MDIForm') (The object specified was not found.)
\0&lt;/a&gt;
E, 2376, 22, 2012/11/01, 10:15:41.888, 43495524298, QTAgent32.exe, Playback - [IMAGE] C:\Users\peter.zenin-ad\AppData\Local\Temp\UITestLogs\LastRun\RPF589E.png
\0
W, 2376, 22, 2012/11/01, 10:15:41.888, 43495526426, QTAgent32.exe, Playback - [WARNING] Internal warning: Couldn't find descendants that match QueryId
\0
W, 2376, 22, 2012/11/01, 10:15:41.888, 43495529425, QTAgent32.exe, PERF WARNING: FindTopLevelWindowHelper::FindAllDescendents: took 625 ms. Expected it to take maximum 500 ms.
W, 2376, 22, 2012/11/01, 10:15:42.314, 43501633334, QTAgent32.exe, Playback - [WARNING] Internal warning: Smart Match failed
\0
W, 2376, 22, 2012/11/01, 10:15:42.454, 43503637267, QTAgent32.exe, Playback - [WARNING] Internal warning: Smart Match failed
\0
W, 2376, 22, 2012/11/01, 10:15:42.594, 43505643134, QTAgent32.exe, Playback - [WARNING] Internal warning: Smart Match failed
\0
W, 2376, 22, 2012/11/01, 10:15:42.733, 43507631341, QTAgent32.exe, Playback - [WARNING] Internal warning: Smart Match failed
\0
W, 2376, 22, 2012/11/01, 10:15:42.871, 43509609272, QTAgent32.exe, Playback - [WARNING] Internal warning: Smart Match failed
\0
W, 2376, 22, 2012/11/01, 10:15:43.010, 43511598440, QTAgent32.exe, Playback - [WARNING] Internal warning: Smart Match failed
\0
W, 2376, 22, 2012/11/01, 10:15:43.149, 43513587452, QTAgent32.exe, Playback - [WARNING] Internal warning: Smart Match failed
\0
W, 2376, 22, 2012/11/01, 10:15:43.287, 43515566990, QTAgent32.exe, Playback - [WARNING] Internal warning: Smart Match failed
\0
W, 2376, 22, 2012/11/01, 10:15:43.426, 43517553919, QTAgent32.exe, Playback - [WARNING] Internal warning: Smart Match failed
\0
W, 2376, 22, 2012/11/01, 10:15:43.564, 43519528816, QTAgent32.exe, Playback - [WARNING] Internal warning: Smart Match failed
\0
W, 2376, 22, 2012/11/01, 10:15:43.702, 43521506062, QTAgent32.exe, Playback - [WARNING] Internal warning: Smart Match failed
\0
W, 2376, 22, 2012/11/01, 10:15:43.840, 43523483925, QTAgent32.exe, Playback - [WARNING] Internal warning: Smart Match failed
\0
W, 2376, 22, 2012/11/01, 10:15:43.978, 43525459224, QTAgent32.exe, Playback - [WARNING] Internal warning: Smart Match failed
\0
W, 2376, 22, 2012/11/01, 10:15:44.117, 43527450599, QTAgent32.exe, Playback - [WARNING] Internal warning: Smart Match failed
\0
W, 2376, 22, 2012/11/01, 10:15:44.256, 43529437366, QTAgent32.exe, Playback - [WARNING] Internal warning: Smart Match failed
\0
W, 2376, 22, 2012/11/01, 10:15:44.393, 43531399094, QTAgent32.exe, Playback - [WARNING] Internal warning: Smart Match failed
\0
W, 2376, 22, 2012/11/01, 10:15:44.531, 43533375480, QTAgent32.exe, Playback - [WARNING] Internal warning: Smart Match failed
\0
W, 2376, 22, 2012/11/01, 10:15:44.669, 43535343445, QTAgent32.exe, Playback - [WARNING] Internal warning: Smart Match failed
\0
W, 2376, 22, 2012/11/01, 10:15:44.809, 43537345794, QTAgent32.exe, Playback - [WARNING] Internal warning: Smart Match failed
\0
W, 2376, 22, 2012/11/01, 10:15:44.947, 43539322735, QTAgent32.exe, Playback - [WARNING] Internal warning: Smart Match failed
\0
W, 2376, 22, 2012/11/01, 10:15:44.984, 43539843474, QTAgent32.exe, Playback - [WARNING] Internal warning: Window Not Found: [VisibleOnly]ControlType='Window' &amp;&amp; Name='Customer: autotest autotest' &amp;&amp; ClassName='ThunderRT6MDIForm'
\0
E, 2376, 22, 2012/11/01, 10:15:44.984, 43539845645, QTAgent32.exe, &lt;a class=failure&gt;Playback - {147} [FAILED] Function ElementFetcher::FindScreenElement failed to locate UI element (Searching: ;[VisibleOnly]ControlType='Window' &amp;&amp; Name='Customer: autotest autotest' &amp;&amp; ClassName='ThunderRT6MDIForm') (The object specified was not found.)
\0&lt;/a&gt;
E, 2376, 22, 2012/11/01, 10:15:45.066, 43541024712, QTAgent32.exe, Playback - [IMAGE] C:\Users\peter.zenin-ad\AppData\Local\Temp\UITestLogs\LastRun\RPF64FE.png
\0
W, 2376, 22, 2012/11/01, 10:15:45.066, 43541026898, QTAgent32.exe, Playback - [WARNING] Internal warning: Couldn't find descendants that match QueryId
\0
W, 2376, 22, 2012/11/01, 10:15:45.067, 43541030099, QTAgent32.exe, PERF WARNING: FindTopLevelWindowHelper::FindAllDescendents: took 3177 ms. Expected it to take maximum 500 ms.
E, 2376, 22, 2012/11/01, 10:15:45.067, 43541031865, QTAgent32.exe, Exception: System.Runtime.InteropServices.COMException
	Message: Error HRESULT E_FAIL has been returned from a call to a COM component.
	Stack Trace:    at Microsoft.VisualStudio.TestTools.UITest.Playback.Engine.IRPFPlayback.FindAllScreenElements(IScreenElement pScreenElementStart, String bstrQueryId, Object&amp; pvarResKeys, Int32 cResKeys, Int32 nMaxDepth, Object[]&amp; foundDescendants)
   at Microsoft.VisualStudio.TestTools.UITest.Playback.ScreenElement.FindTopLevelWindowHelper(String queryId)
	BaseExceptionMessage: Error HRESULT E_FAIL has been returned from a call to a COM component.

E, 2376, 22, 2012/11/01, 10:15:45.067, 43541036406, QTAgent32.exe, Window 722284 not responding. Last Win32 error 0
E, 2376, 22, 2012/11/01, 10:15:45.067, 43541040281, QTAgent32.exe, Window 722284 not responding. Last Win32 error 1400
E, 2376, 22, 2012/11/01, 10:15:45.068, 43541045446, QTAgent32.exe, Window 722284 not responding. Last Win32 error 1400
E, 2376, 22, 2012/11/01, 10:15:45.068, 43541046686, QTAgent32.exe, GetClassName for handle 722284 failed
E, 2376, 22, 2012/11/01, 10:15:45.068, 43541047502, QTAgent32.exe, GetClassName for handle 722284 failed
E, 2376, 22, 2012/11/01, 10:15:45.168, 43542481492, QTAgent32.exe, AL: Playback Error: Microsoft.VisualStudio.TestTools.UITest.Extension.UITestControlNotFoundException: Unable to find the top level element of the control ---&gt; Microsoft.VisualStudio.TestTools.UITest.Extension.UITestControlNotFoundException: The playback failed to find the control with the given search properties. Additional Details: 
TechnologyName:  'MSAA'
ControlType:  'Window'
 ---&gt; System.Runtime.InteropServices.COMException: Error HRESULT E_FAIL has been returned from a call to a COM component.
   at Microsoft.VisualStudio.TestTools.UITest.Playback.Engine.IRPFPlayback.FindAllScreenElements(IScreenElement pScreenElementStart, String bstrQueryId, Object&amp; pvarResKeys, Int32 cResKeys, Int32 nMaxDepth, Object[]&amp; foundDescendants)
   at Microsoft.VisualStudio.TestTools.UITest.Playback.ScreenElement.FindTopLevelWindowHelper(String queryId)
   at Microsoft.VisualStudio.TestTools.UITest.Playback.ScreenElement.FindFromPartialQueryId(String queryId)
   at Microsoft.VisualStudio.TestTools.UITesting.UITestControl..ctor(String queryId)
   --- End of inner exception stack trace ---
   at Microsoft.VisualStudio.TestTools.UITesting.Playback.MapControlNotFoundException(COMException ex, IPlaybackContext context)
   at Microsoft.VisualStudio.TestTools.UITesting.Playback.MapAndThrowComException(COMException innerException, IPlaybackContext context)
   at Microsoft.VisualStudio.TestTools.UITesting.Playback.MapAndThrowException(SystemException exception, IPlaybackContext context)
   at Microsoft.VisualStudio.TestTools.UITesting.Playback.MapAndThrowException(SystemException exception, String queryId)
   at Microsoft.VisualStudio.TestTools.UITesting.UITestControl..ctor(String queryId)
   at Microsoft.VisualStudio.TestTools.UITesting.SearchHelper.SearchTopLevelWindow(ISearchArgument topLevelSearchArg, String topLevelElementQueryId)
   at Microsoft.VisualStudio.TestTools.UITesting.SearchHelper.SearchUsingMultipleTitles(ISearchArgument topLevelSearchArg, QueryId topLevelQueryId, IList`1 windowTitles)
   --- End of inner exception stack trace ---
   at Microsoft.VisualStudio.TestTools.UITesting.SearchHelper.SearchUsingMultipleTitles(ISearchArgument topLevelSearchArg, QueryId topLevelQueryId, IList`1 windowTitles)
   at Microsoft.VisualStudio.TestTools.UITesting.SearchHelper.GetTitleUpdatedTopLevelWindow(ISearchArgument topLevelSearchArg, String queryId, IList`1 windowTitles)
   at Microsoft.VisualStudio.TestTools.UITesting.SearchHelper.GetTopLevelElement(Boolean useCache, Boolean useCacheOnly, ISearchArgument searchArg, IList`1 windowTitles, Int32&amp; timeLeft)
   at Microsoft.VisualStudio.TestTools.UITesting.SearchHelper.GetElement(Boolean useCache, ISearchArgument searchArg)
   at Microsoft.VisualStudio.TestTools.UITesting.SearchHelper.Search(ISearchArgument searchArg)
   at Microsoft.VisualStudio.TestTools.UITesting.UITestControl.FindInternal()
   at Microsoft.VisualStudio.TestTools.UITesting.UITestControl.FindControlIfNecessary()
   at Microsoft.VisualStudio.TestTools.UITesting.UITestControl.Click(MouseButtons button, ModifierKeys modifierKeys, Point relativeCoordinates)
   at Microsoft.VisualStudio.TestTools.UITesting.Mouse.ClickImplementation(UITestControl control, MouseButtons button, ModifierKeys modifierKeys, Point relativeCoordinate)
   at Microsoft.VisualStudio.TestTools.UITesting.Mouse.ClickImplementationWrapper(UITestControl control, MouseButtons button, ModifierKeys modifierKeys, Point relativeCoordinate)
W, 2376, 22, 2012/11/01, 10:15:45.168, 43542483513, QTAgent32.exe, PlaybackErrorHandler: Ignoring exception as ContinueOnError is set.
W, 2376, 22, 2012/11/01, 10:15:45.297, 43544326370, QTAgent32.exe, &lt;a class=success&gt;Playback - {148} [SUCCESS] MouseButtonClick - "[MSAA, VisibleOnly]ControlType='Button' &amp;&amp; Name='Close'"
\0&lt;/a&gt;
W, 2376, 22, 2012/11/01, 10:15:49.408, 43603190232, QTAgent32.exe, IEDOM : StopSession of the plugin called before StartSession
W, 2376, 22, 2012/11/01, 10:15:49.408, 43603191494, QTAgent32.exe, UIA : StopSession of the plugin called before StartSession
W, 2376, 22, 2012/11/01, 10:15:49.408, 43603192153, QTAgent32.exe, SLPlugin : StopSession of the plugin called before StartSession
</DebugTrace>
      </Output>
    </UnitTestResult>
    <UnitTestResult executionId="e16dad9a-663f-4998-bb02-3321dd7fbc51" testId="0f4d10f2-7035-3d68-762a-b62c4853fb8a" testName="MotoTest11" computerName="ICLVDEVAP01" duration="00:02:39.2341468" startTime="2012-11-01T10:15:49.4194855+00:00" endTime="2012-11-01T10:18:28.6644084+00:00" testType="13cdc9d9-ddb5-4fa4-a97d-d965ccfc6d4b" outcome="Passed" testListId="8c84fa94-04c1-424b-9868-57a2d4851a1d" relativeResultsDirectory="e16dad9a-663f-4998-bb02-3321dd7fbc51">
      <Output>
        <DebugTrace>W, 2376, 25, 2012/11/01, 10:15:49.424, 43603422881, QTAgent32.exe, ExtensionFramework : A Technology Manager with name Web is already registered.
W, 2376, 25, 2012/11/01, 10:15:50.052, 43612413680, QTAgent32.exe, &lt;a class=success&gt;Playback - {1} [SUCCESS] MouseButtonClick - "[MSAA, VisibleOnly]ControlType='Edit'"
\0&lt;/a&gt;
W, 2376, 25, 2012/11/01, 10:15:50.241, 43615117329, QTAgent32.exe, &lt;a class=success&gt;Playback - {2} [SUCCESS] SendKeys "[*]" - "[MSAA, VisibleOnly]ControlType='Edit'"
\0&lt;/a&gt;
W, 2376, 25, 2012/11/01, 10:15:50.933, 43625028677, QTAgent32.exe, &lt;a class=success&gt;Playback - {3} [SUCCESS] MouseButtonClick - "[MSAA, VisibleOnly]ControlType='Button' &amp;&amp; Name='OK'"
\0&lt;/a&gt;
W, 2376, 25, 2012/11/01, 10:15:51.455, 43632511848, QTAgent32.exe, &lt;a class=success&gt;Playback - {4} [SUCCESS] MouseButtonClick - "[MSAA, VisibleOnly]ControlType='Button' &amp;&amp; Name='OK'"
\0&lt;/a&gt;
W, 2376, 25, 2012/11/01, 10:15:51.715, 43636224069, QTAgent32.exe, &lt;a class=success&gt;Playback - {5} [SUCCESS] MouseButtonClick - "[MSAA, VisibleOnly]ControlType='Button' &amp;&amp; Name='Clients &amp; Files'"
\0&lt;/a&gt;
W, 2376, 25, 2012/11/01, 10:15:51.999, 43640295118, QTAgent32.exe, &lt;a class=success&gt;Playback - {6} [SUCCESS] MouseButtonClick - "[MSAA, VisibleOnly]ControlType='Button' &amp;&amp; Name='Clients &amp; Files'"
\0&lt;/a&gt;
W, 2376, 25, 2012/11/01, 10:15:52.525, 43647820377, QTAgent32.exe, Playback - [WARNING] Internal warning: Window Not Found: [VisibleOnly]ControlType='Window' &amp;&amp; Name='Customer: txt1 tdsfs' &amp;&amp; ClassName='ThunderRT6MDIForm'
\0
E, 2376, 25, 2012/11/01, 10:15:52.525, 43647823015, QTAgent32.exe, &lt;a class=failure&gt;Playback - {7} [FAILED] Function ElementFetcher::FindScreenElement failed to locate UI element (Searching: ;[VisibleOnly]ControlType='Window' &amp;&amp; Name='Customer: txt1 tdsfs' &amp;&amp; ClassName='ThunderRT6MDIForm') (The object specified was not found.)
\0&lt;/a&gt;
E, 2376, 25, 2012/11/01, 10:15:52.608, 43649009731, QTAgent32.exe, Playback - [IMAGE] C:\Users\peter.zenin-ad\AppData\Local\Temp\UITestLogs\LastRun\RPF827D.png
\0
W, 2376, 25, 2012/11/01, 10:15:52.608, 43649011884, QTAgent32.exe, Playback - [WARNING] Internal warning: Couldn't find descendants that match QueryId
\0
W, 2376, 25, 2012/11/01, 10:15:52.608, 43649014830, QTAgent32.exe, PERF WARNING: FindTopLevelWindowHelper::FindAllDescendents: took 506 ms. Expected it to take maximum 500 ms.
W, 2376, 25, 2012/11/01, 10:16:10.702, 43908073073, QTAgent32.exe, Playback - [WARNING] Internal warning: Window Not Found: [VisibleOnly]ControlType='Window' &amp;&amp; Name='Customer: txt1 tdsfs' &amp;&amp; ClassName='ThunderRT6MDIForm'
\0
E, 2376, 25, 2012/11/01, 10:16:10.702, 43908075619, QTAgent32.exe, &lt;a class=failure&gt;Playback - {8} [FAILED] Function ElementFetcher::FindScreenElement failed to locate UI element (Searching: ;[VisibleOnly]ControlType='Window' &amp;&amp; Name='Customer: txt1 tdsfs' &amp;&amp; ClassName='ThunderRT6MDIForm') (The object specified was not found.)
\0&lt;/a&gt;
E, 2376, 25, 2012/11/01, 10:16:10.785, 43909262802, QTAgent32.exe, Playback - [IMAGE] C:\Users\peter.zenin-ad\AppData\Local\Temp\UITestLogs\LastRun\RPFC97C.png
\0
W, 2376, 25, 2012/11/01, 10:16:10.785, 43909264954, QTAgent32.exe, Playback - [WARNING] Internal warning: Couldn't find descendants that match QueryId
\0
W, 2376, 25, 2012/11/01, 10:16:10.785, 43909267877, QTAgent32.exe, PERF WARNING: FindTopLevelWindowHelper::FindAllDescendents: took 18176 ms. Expected it to take maximum 500 ms.
W, 2376, 25, 2012/11/01, 10:16:11.272, 43916238218, QTAgent32.exe, Playback - [WARNING] Internal warning: Window with Class "ThunderRT6MDIForm" and Title "Customer: txt1 tdsfs" was not found, so similar window with Class "ThunderRT6MDIForm" and Title "Customer: autotest" was accepted
\0
W, 2376, 25, 2012/11/01, 10:16:12.545, 43934466723, QTAgent32.exe, Playback - [WARNING] Internal warning: Incorrect flag set for InvokeProgrammaticAction\0
W, 2376, 25, 2012/11/01, 10:16:12.664, 43936168801, QTAgent32.exe, &lt;a class=success&gt;Playback - {9} [SUCCESS] SetValueAsComboBox "Customers" - "[MSAA, VisibleOnly]ControlType='ComboBox'"  &lt; SetValueAsComboBox, set by clicking on the item in the list box &gt;
\0&lt;/a&gt;
W, 2376, 25, 2012/11/01, 10:16:13.097, 43942365944, QTAgent32.exe, &lt;a class=success&gt;Playback - {10} [SUCCESS] MouseButtonClick - "[MSAA, VisibleOnly]ControlType='Button' &amp;&amp; Name='Add'"
\0&lt;/a&gt;
W, 2376, 25, 2012/11/01, 10:16:13.393, 43946603159, QTAgent32.exe, &lt;a class=success&gt;Playback - {11} [SUCCESS] SendKeys "autotest" - "[MSAA, VisibleOnly]ControlType='RadioButton' &amp;&amp; Name='Personal Lines'"
\0&lt;/a&gt;
W, 2376, 25, 2012/11/01, 10:16:13.742, 43951603824, QTAgent32.exe, &lt;a class=success&gt;Playback - {12} [SUCCESS] SetValueAsEditBox "autotest" - "[MSAA, VisibleOnly]ControlType='Edit'"  &lt; Set via SendKeys &gt;
\0&lt;/a&gt;
W, 2376, 25, 2012/11/01, 10:16:14.012, 43955477188, QTAgent32.exe, &lt;a class=success&gt;Playback - {13} [SUCCESS] MouseButtonClick - "[MSAA, VisibleOnly]ControlType='Button' &amp;&amp; Name='OK'"
\0&lt;/a&gt;
W, 2376, 25, 2012/11/01, 10:16:14.379, 43960731048, QTAgent32.exe, &lt;a class=success&gt;Playback - {14} [SUCCESS] MouseButtonClick - "[MSAA, VisibleOnly]ControlType='Button' &amp;&amp; Name='Yes'"
\0&lt;/a&gt;
W, 2376, 25, 2012/11/01, 10:16:14.593, 43963770449, QTAgent32.exe, &lt;a class=success&gt;Playback - {15} [SUCCESS] SendKeys "^{HOME}" - "[MSAA, VisibleOnly]ControlType='Edit'"
\0&lt;/a&gt;
E, 2376, 25, 2012/11/01, 10:16:14.593, 43963772898, QTAgent32.exe, Msaa.GetFocusedElement: could not find accessible object of foreground window
W, 2376, 25, 2012/11/01, 10:16:14.650, 43964586756, QTAgent32.exe, &lt;a class=success&gt;Playback - {16} [SUCCESS] SendKeys "^+{END}" - "[MSAA, VisibleOnly]ControlType='Edit'"
\0&lt;/a&gt;
E, 2376, 25, 2012/11/01, 10:16:14.650, 43964588823, QTAgent32.exe, Msaa.GetFocusedElement: could not find accessible object of foreground window
W, 2376, 25, 2012/11/01, 10:16:14.663, 43964773852, QTAgent32.exe, &lt;a class=success&gt;Playback - {17} [SUCCESS] SendKeys "{DELETE}" - "[MSAA, VisibleOnly]ControlType='Edit'"
\0&lt;/a&gt;
W, 2376, 25, 2012/11/01, 10:16:14.716, 43965535539, QTAgent32.exe, &lt;a class=success&gt;Playback - {18} [SUCCESS] SetValueAsEditBox "1" - "[MSAA, VisibleOnly]ControlType='Edit'"  &lt; Set via SendKeys &gt;
\0&lt;/a&gt;
W, 2376, 25, 2012/11/01, 10:16:14.904, 43968223956, QTAgent32.exe, &lt;a class=success&gt;Playback - {19} [SUCCESS] SendKeys "^{HOME}" - "[MSAA, VisibleOnly]ControlType='Edit'"
\0&lt;/a&gt;
E, 2376, 25, 2012/11/01, 10:16:14.904, 43968226570, QTAgent32.exe, Msaa.GetFocusedElement: could not find accessible object of foreground window
W, 2376, 25, 2012/11/01, 10:16:14.957, 43968982798, QTAgent32.exe, &lt;a class=success&gt;Playback - {20} [SUCCESS] SendKeys "^+{END}" - "[MSAA, VisibleOnly]ControlType='Edit'"
\0&lt;/a&gt;
E, 2376, 25, 2012/11/01, 10:16:14.957, 43968984990, QTAgent32.exe, Msaa.GetFocusedElement: could not find accessible object of foreground window
W, 2376, 25, 2012/11/01, 10:16:14.970, 43969169420, QTAgent32.exe, &lt;a class=success&gt;Playback - {21} [SUCCESS] SendKeys "{DELETE}" - "[MSAA, VisibleOnly]ControlType='Edit'"
\0&lt;/a&gt;
W, 2376, 25, 2012/11/01, 10:16:15.026, 43969973981, QTAgent32.exe, &lt;a class=success&gt;Playback - {22} [SUCCESS] SetValueAsEditBox "1" - "[MSAA, VisibleOnly]ControlType='Edit'"  &lt; Set via SendKeys &gt;
\0&lt;/a&gt;
W, 2376, 25, 2012/11/01, 10:16:15.331, 43974343888, QTAgent32.exe, &lt;a class=success&gt;Playback - {23} [SUCCESS] MouseButtonClick - "[MSAA, VisibleOnly]ControlType='Button' &amp;&amp; Name='OK'"
\0&lt;/a&gt;
W, 2376, 25, 2012/11/01, 10:16:15.640, 43978771793, QTAgent32.exe, &lt;a class=success&gt;Playback - {24} [SUCCESS] MouseButtonClick - "[MSAA, VisibleOnly]ControlType='Button'"
\0&lt;/a&gt;
W, 2376, 25, 2012/11/01, 10:16:15.937, 43983017196, QTAgent32.exe, &lt;a class=success&gt;Playback - {25} [SUCCESS] MouseButtonClick - "[MSAA, VisibleOnly]ControlType='Button' &amp;&amp; Name='Add'"
\0&lt;/a&gt;
W, 2376, 25, 2012/11/01, 10:16:16.245, 43987428619, QTAgent32.exe, &lt;a class=success&gt;Playback - {26} [SUCCESS] MouseButtonClick - "[MSAA, VisibleOnly]ControlType='Button' &amp;&amp; Name='OK'"
\0&lt;/a&gt;
W, 2376, 25, 2012/11/01, 10:16:18.473, 44019328507, QTAgent32.exe, &lt;a class=success&gt;Playback - {27} [SUCCESS] MouseButtonClick - "[MSAA, VisibleOnly,Window]ControlType='Window' &amp;&amp; ClassName='ThunderRT6TextBox'"
\0&lt;/a&gt;
W, 2376, 25, 2012/11/01, 10:16:18.748, 44023270219, QTAgent32.exe, &lt;a class=success&gt;Playback - {28} [SUCCESS] SetValueAsEditBox "MOTO" - "[MSAA, VisibleOnly]ControlType='Edit'"  &lt; Set via SendKeys &gt;
\0&lt;/a&gt;
W, 2376, 25, 2012/11/01, 10:16:19.053, 44027644152, QTAgent32.exe, &lt;a class=success&gt;Playback - {29} [SUCCESS] MouseButtonClick - "[MSAA, VisibleOnly]ControlType='Button' &amp;&amp; Name='OK'"
\0&lt;/a&gt;
W, 2376, 25, 2012/11/01, 10:16:19.284, 44030949348, QTAgent32.exe, &lt;a class=success&gt;Playback - {30} [SUCCESS] MouseButtonClick - "[MSAA, VisibleOnly]ControlType='Button' &amp;&amp; Name='Options'"
\0&lt;/a&gt;
W, 2376, 25, 2012/11/01, 10:16:19.384, 44032377634, QTAgent32.exe, FindScreenElementInSinglePass : Attempting to find control in one pass of search. Failures can occur.
W, 2376, 25, 2012/11/01, 10:16:19.540, 44034606720, QTAgent32.exe, &lt;a class=success&gt;Playback - {31} [SUCCESS] MouseButtonClick - "[MSAA]ControlType='MenuItem' &amp;&amp; Name='Links'"
\0&lt;/a&gt;
W, 2376, 25, 2012/11/01, 10:16:19.640, 44036043258, QTAgent32.exe, FindScreenElementInSinglePass : Attempting to find control in one pass of search. Failures can occur.
W, 2376, 25, 2012/11/01, 10:16:19.808, 44038444402, QTAgent32.exe, &lt;a class=success&gt;Playback - {32} [SUCCESS] MouseButtonClick - "[MSAA]ControlType='MenuItem' &amp;&amp; Name='3rd Party Integration'"
\0&lt;/a&gt;
W, 2376, 25, 2012/11/01, 10:16:19.908, 44039881071, QTAgent32.exe, FindScreenElementInSinglePass : Attempting to find control in one pass of search. Failures can occur.
W, 2376, 25, 2012/11/01, 10:16:20.069, 44042181144, QTAgent32.exe, &lt;a class=success&gt;Playback - {33} [SUCCESS] MouseButtonClick - "[MSAA]ControlType='MenuItem' &amp;&amp; Name='Quote Select List'"
\0&lt;/a&gt;
W, 2376, 25, 2012/11/01, 10:16:21.731, 44065977864, QTAgent32.exe, PERF WARNING: FindTopLevelWindowHelper::FindAllDescendents: took 1561 ms. Expected it to take maximum 500 ms.
W, 2376, 25, 2012/11/01, 10:16:23.226, 44087393892, QTAgent32.exe, &lt;a class=success&gt;Playback - {34} [SUCCESS] MouseButtonClick - "[MSAA, VisibleOnly]ControlType='Button' &amp;&amp; Name='Ok'"
\0&lt;/a&gt;
W, 2376, 25, 2012/11/01, 10:16:24.712, 44108655251, QTAgent32.exe, PERF WARNING: FindTopLevelWindowHelper::FindAllDescendents: took 1382 ms. Expected it to take maximum 500 ms.
W, 2376, 25, 2012/11/01, 10:16:24.905, 44111420658, QTAgent32.exe, &lt;a class=success&gt;Playback - {35} [SUCCESS] MouseButtonClick - "[MSAA, VisibleOnly]ControlType='Button' &amp;&amp; Name='Ok'"
\0&lt;/a&gt;
W, 2376, 25, 2012/11/01, 10:16:25.181, 44115369183, QTAgent32.exe, &lt;a class=success&gt;Playback - {36} [SUCCESS] SetValueAsEditBox "Test" - "[MSAA, VisibleOnly]ControlType='Edit'"  &lt; Set via SendKeys &gt;
\0&lt;/a&gt;
W, 2376, 25, 2012/11/01, 10:16:25.336, 44117586617, QTAgent32.exe, &lt;a class=success&gt;Playback - {37} [SUCCESS] SendKeys "{Tab}" - "[MSAA, VisibleOnly]ControlType='Edit'"
\0&lt;/a&gt;
W, 2376, 25, 2012/11/01, 10:16:25.607, 44121470349, QTAgent32.exe, &lt;a class=success&gt;Playback - {38} [SUCCESS] SetValueAsEditBox "test" - "[MSAA, VisibleOnly]ControlType='Edit'"  &lt; Set via SendKeys &gt;
\0&lt;/a&gt;
W, 2376, 25, 2012/11/01, 10:16:25.927, 44126051446, QTAgent32.exe, &lt;a class=success&gt;Playback - {39} [SUCCESS] SetValueAsEditBox "160485" - "[MSAA, VisibleOnly]ControlType='Edit'"  &lt; Set via SendKeys &gt;
\0&lt;/a&gt;
W, 2376, 25, 2012/11/01, 10:16:26.245, 44130606188, QTAgent32.exe, &lt;a class=success&gt;Playback - {40} [SUCCESS] SetValueAsEditBox "B338TH" - "[MSAA, VisibleOnly]ControlType='Edit'"  &lt; Set via SendKeys &gt;
\0&lt;/a&gt;
W, 2376, 25, 2012/11/01, 10:16:28.467, 44162418432, QTAgent32.exe, &lt;a class=success&gt;Playback - {41} [SUCCESS] MouseButtonClick - "[MSAA, VisibleOnly]ControlType='Button' &amp;&amp; Name='Lookup...'"
\0&lt;/a&gt;
W, 2376, 25, 2012/11/01, 10:16:28.699, 44165739921, QTAgent32.exe, &lt;a class=success&gt;Playback - {42} [SUCCESS] MouseButtonClick - "[MSAA, VisibleOnly]ControlType='Button' &amp;&amp; Name='Ok'"
\0&lt;/a&gt;
W, 2376, 25, 2012/11/01, 10:16:30.143, 44186423478, QTAgent32.exe, &lt;a class=success&gt;Playback - {43} [SUCCESS] MouseButtonClick - "[MSAA, VisibleOnly]ControlType='Button' &amp;&amp; Name='OK'"
\0&lt;/a&gt;
W, 2376, 25, 2012/11/01, 10:16:30.966, 44198211998, QTAgent32.exe, Playback - [WARNING] Internal warning: Incorrect flag set for InvokeProgrammaticAction\0
W, 2376, 25, 2012/11/01, 10:16:31.085, 44199904798, QTAgent32.exe, &lt;a class=success&gt;Playback - {44} [SUCCESS] SetValueAsComboBox "Account Executive" - "[MSAA, VisibleOnly]ControlType='ComboBox'"  &lt; SetValueAsComboBox, set by clicking on the item in the list box &gt;
\0&lt;/a&gt;
W, 2376, 25, 2012/11/01, 10:16:31.488, 44205686131, QTAgent32.exe, Playback - [WARNING] Internal warning: Incorrect flag set for InvokeProgrammaticAction\0
W, 2376, 25, 2012/11/01, 10:16:31.607, 44207377723, QTAgent32.exe, &lt;a class=success&gt;Playback - {45} [SUCCESS] SetValueAsComboBox "Acupuncture" - "[MSAA, VisibleOnly]ControlType='ComboBox'"  &lt; SetValueAsComboBox, set by clicking on the item in the list box &gt;
\0&lt;/a&gt;
W, 2376, 25, 2012/11/01, 10:16:32.004, 44213068929, QTAgent32.exe, &lt;a class=success&gt;Playback - {46} [SUCCESS] SetValueAsEditBox "151101" - "[MSAA, VisibleOnly]ControlType='Edit'"  &lt; Set via SendKeys &gt;
\0&lt;/a&gt;
W, 2376, 25, 2012/11/01, 10:16:33.453, 44233811626, QTAgent32.exe, &lt;a class=success&gt;Playback - {47} [SUCCESS] MouseButtonClick - "[MSAA, VisibleOnly]ControlType='Button' &amp;&amp; Name='OK'"
\0&lt;/a&gt;
W, 2376, 25, 2012/11/01, 10:16:33.857, 44239601844, QTAgent32.exe, &lt;a class=success&gt;Playback - {48} [SUCCESS] SetValueAsEditBox "RF53OXL" - "[MSAA, VisibleOnly]ControlType='Edit'"  &lt; Set via SendKeys &gt;
\0&lt;/a&gt;
W, 2376, 25, 2012/11/01, 10:16:34.633, 44250697707, QTAgent32.exe, &lt;a class=success&gt;Playback - {49} [SUCCESS] MouseButtonClick - "[MSAA, VisibleOnly]ControlType='Button' &amp;&amp; Name='Filter'"
\0&lt;/a&gt;
W, 2376, 25, 2012/11/01, 10:16:34.909, 44254651808, QTAgent32.exe, &lt;a class=success&gt;Playback - {50} [SUCCESS] MouseButtonClick - "[MSAA, VisibleOnly]ControlType='Button' &amp;&amp; Name='OK'"
\0&lt;/a&gt;
W, 2376, 25, 2012/11/01, 10:16:35.343, 44260860551, QTAgent32.exe, &lt;a class=success&gt;Playback - {51} [SUCCESS] SendKeys "^{HOME}" - "[MSAA, VisibleOnly]ControlType='Edit'"
\0&lt;/a&gt;
E, 2376, 25, 2012/11/01, 10:16:35.343, 44260863038, QTAgent32.exe, Msaa.GetFocusedElement: could not find accessible object of foreground window
W, 2376, 25, 2012/11/01, 10:16:35.398, 44261648701, QTAgent32.exe, &lt;a class=success&gt;Playback - {52} [SUCCESS] SendKeys "^+{END}" - "[MSAA, VisibleOnly]ControlType='Edit'"
\0&lt;/a&gt;
E, 2376, 25, 2012/11/01, 10:16:35.398, 44261651108, QTAgent32.exe, Msaa.GetFocusedElement: could not find accessible object of foreground window
W, 2376, 25, 2012/11/01, 10:16:35.411, 44261834869, QTAgent32.exe, &lt;a class=success&gt;Playback - {53} [SUCCESS] SendKeys "{DELETE}" - "[MSAA, VisibleOnly]ControlType='Edit'"
\0&lt;/a&gt;
W, 2376, 25, 2012/11/01, 10:16:35.565, 44264044732, QTAgent32.exe, &lt;a class=success&gt;Playback - {54} [SUCCESS] SetValueAsEditBox "1000" - "[MSAA, VisibleOnly]ControlType='Edit'"  &lt; Set via SendKeys &gt;
\0&lt;/a&gt;
W, 2376, 25, 2012/11/01, 10:16:35.879, 44268538444, QTAgent32.exe, &lt;a class=success&gt;Playback - {55} [SUCCESS] MouseButtonClick - "[MSAA, VisibleOnly]ControlType='Button' &amp;&amp; Name='Calculate Quote'"
\0&lt;/a&gt;
W, 2376, 25, 2012/11/01, 10:16:36.117, 44271945804, QTAgent32.exe, &lt;a class=success&gt;Playback - {56} [SUCCESS] MouseButtonClick - "[MSAA, VisibleOnly]ControlType='Button' &amp;&amp; Name='Cancel'"
\0&lt;/a&gt;
W, 2376, 25, 2012/11/01, 10:16:36.379, 44275705842, QTAgent32.exe, &lt;a class=success&gt;Playback - {57} [SUCCESS] MouseButtonClick - "[MSAA, VisibleOnly]ControlType='Button' &amp;&amp; Name='No'"
\0&lt;/a&gt;
W, 2376, 25, 2012/11/01, 10:16:50.088, 44471985777, QTAgent32.exe, PERF WARNING: FindTopLevelWindowHelper::FindAllDescendents: took 13607 ms. Expected it to take maximum 500 ms.
W, 2376, 25, 2012/11/01, 10:16:50.219, 44473857887, QTAgent32.exe, &lt;a class=success&gt;Playback - {58} [SUCCESS] MouseButtonClick - "[MSAA, VisibleOnly]ControlType='Client'"
\0&lt;/a&gt;
W, 2376, 25, 2012/11/01, 10:16:51.803, 44496535615, QTAgent32.exe, &lt;a class=success&gt;Playback - {59} [SUCCESS] SendKeys "{Home}" - "[MSAA, VisibleOnly]ControlType='Client'"
\0&lt;/a&gt;
W, 2376, 25, 2012/11/01, 10:16:55.062, 44543187909, QTAgent32.exe, &lt;a class=success&gt;Playback - {60} [SUCCESS] MouseButtonClick - "[MSAA, VisibleOnly]ControlType='Button' &amp;&amp; Name='Accept'"
\0&lt;/a&gt;
W, 2376, 25, 2012/11/01, 10:16:55.389, 44547876259, QTAgent32.exe, &lt;a class=success&gt;Playback - {61} [SUCCESS] MouseButtonClick - "[MSAA, VisibleOnly]ControlType='Button' &amp;&amp; Name='Yes'"
\0&lt;/a&gt;
W, 2376, 25, 2012/11/01, 10:16:55.695, 44552253350, QTAgent32.exe, &lt;a class=success&gt;Playback - {62} [SUCCESS] MouseButtonClick - "[MSAA, VisibleOnly]ControlType='Button' &amp;&amp; Name='Ok'"
\0&lt;/a&gt;
W, 2376, 25, 2012/11/01, 10:16:55.944, 44555823036, QTAgent32.exe, &lt;a class=success&gt;Playback - {63} [SUCCESS] MouseButtonClick - "[MSAA, VisibleOnly]ControlType='Button' &amp;&amp; Name='Ok'"
\0&lt;/a&gt;
W, 2376, 25, 2012/11/01, 10:16:56.327, 44561300045, QTAgent32.exe, &lt;a class=success&gt;Playback - {64} [SUCCESS] MouseButtonClick - "[MSAA, VisibleOnly]ControlType='Button' &amp;&amp; Name='Confirm'"
\0&lt;/a&gt;
W, 2376, 25, 2012/11/01, 10:17:25.212, 44974867574, QTAgent32.exe, Playback - [WARNING] Internal warning: Window Not Found: [VisibleOnly]ControlType='Window' &amp;&amp; Name='Save the file as' &amp;&amp; ClassName='#32770'
\0
E, 2376, 25, 2012/11/01, 10:17:25.212, 44974870598, QTAgent32.exe, &lt;a class=failure&gt;Playback - {65} [FAILED] Function ElementFetcher::FindScreenElement failed to locate UI element (Searching: ;[VisibleOnly]ControlType='Window' &amp;&amp; Name='Save the file as' &amp;&amp; ClassName='#32770') (The object specified was not found.)
\0&lt;/a&gt;
E, 2376, 25, 2012/11/01, 10:17:25.297, 44976090769, QTAgent32.exe, Playback - [IMAGE] C:\Users\peter.zenin-ad\AppData\Local\Temp\UITestLogs\LastRun\RPFEC87.png
\0
W, 2376, 25, 2012/11/01, 10:17:25.298, 44976093121, QTAgent32.exe, Playback - [WARNING] Internal warning: Couldn't find descendants that match QueryId
\0
W, 2376, 25, 2012/11/01, 10:17:25.298, 44976096117, QTAgent32.exe, PERF WARNING: FindTopLevelWindowHelper::FindAllDescendents: took 28869 ms. Expected it to take maximum 500 ms.
W, 2376, 25, 2012/11/01, 10:17:43.561, 45237592102, QTAgent32.exe, Playback - [WARNING] Internal warning: Window Not Found: [VisibleOnly]ControlType='Window' &amp;&amp; Name='Save the file as' &amp;&amp; ClassName='#32770'
\0
E, 2376, 25, 2012/11/01, 10:17:43.561, 45237594978, QTAgent32.exe, &lt;a class=failure&gt;Playback - {66} [FAILED] Function ElementFetcher::FindScreenElement failed to locate UI element (Searching: ;[VisibleOnly]ControlType='Window' &amp;&amp; Name='Save the file as' &amp;&amp; ClassName='#32770') (The object specified was not found.)
\0&lt;/a&gt;
E, 2376, 25, 2012/11/01, 10:17:43.646, 45238813968, QTAgent32.exe, Playback - [IMAGE] C:\Users\peter.zenin-ad\AppData\Local\Temp\UITestLogs\LastRun\RPF3432.png
\0
W, 2376, 25, 2012/11/01, 10:17:43.646, 45238816157, QTAgent32.exe, Playback - [WARNING] Internal warning: Couldn't find descendants that match QueryId
\0
W, 2376, 25, 2012/11/01, 10:17:43.647, 45238819492, QTAgent32.exe, PERF WARNING: FindTopLevelWindowHelper::FindAllDescendents: took 18348 ms. Expected it to take maximum 500 ms.
W, 2376, 25, 2012/11/01, 10:17:46.797, 45283916047, QTAgent32.exe, Playback - [WARNING] Internal warning: Smart Match failed
\0
W, 2376, 25, 2012/11/01, 10:17:48.114, 45302772559, QTAgent32.exe, Playback - [WARNING] Internal warning: Window Not Found: [VisibleOnly]ControlType='Window' &amp;&amp; Name='Save the file as' &amp;&amp; ClassName='#32770'
\0
E, 2376, 25, 2012/11/01, 10:17:48.114, 45302775387, QTAgent32.exe, &lt;a class=failure&gt;Playback - {67} [FAILED] Function ElementFetcher::FindScreenElement failed to locate UI element (Searching: ;[VisibleOnly]ControlType='Window' &amp;&amp; Name='Save the file as' &amp;&amp; ClassName='#32770') (The object specified was not found.)
\0&lt;/a&gt;
E, 2376, 25, 2012/11/01, 10:17:48.207, 45304105205, QTAgent32.exe, Playback - [IMAGE] C:\Users\peter.zenin-ad\AppData\Local\Temp\UITestLogs\LastRun\RPF45FE.png
\0
W, 2376, 25, 2012/11/01, 10:17:48.207, 45304107297, QTAgent32.exe, Playback - [WARNING] Internal warning: Couldn't find descendants that match QueryId
\0
W, 2376, 25, 2012/11/01, 10:17:48.207, 45304110516, QTAgent32.exe, PERF WARNING: FindTopLevelWindowHelper::FindAllDescendents: took 4559 ms. Expected it to take maximum 500 ms.
E, 2376, 25, 2012/11/01, 10:17:48.208, 45304112648, QTAgent32.exe, Exception: System.Runtime.InteropServices.COMException
	Message: Error HRESULT E_FAIL has been returned from a call to a COM component.
	Stack Trace:    at Microsoft.VisualStudio.TestTools.UITest.Playback.Engine.IRPFPlayback.FindAllScreenElements(IScreenElement pScreenElementStart, String bstrQueryId, Object&amp; pvarResKeys, Int32 cResKeys, Int32 nMaxDepth, Object[]&amp; foundDescendants)
   at Microsoft.VisualStudio.TestTools.UITest.Playback.ScreenElement.FindTopLevelWindowHelper(String queryId)
	BaseExceptionMessage: Error HRESULT E_FAIL has been returned from a call to a COM component.

E, 2376, 25, 2012/11/01, 10:17:48.328, 45305836586, QTAgent32.exe, AL: Playback Error: Microsoft.VisualStudio.TestTools.UITest.Extension.UITestControlNotFoundException: The playback failed to find the control with the given search properties. Additional Details: 
TechnologyName:  'MSAA'
ControlType:  'Window'
Name:  'Save the file as'
ClassName:  '#32770'
 ---&gt; System.Runtime.InteropServices.COMException: Error HRESULT E_FAIL has been returned from a call to a COM component.
   at Microsoft.VisualStudio.TestTools.UITest.Playback.Engine.IRPFPlayback.FindAllScreenElements(IScreenElement pScreenElementStart, String bstrQueryId, Object&amp; pvarResKeys, Int32 cResKeys, Int32 nMaxDepth, Object[]&amp; foundDescendants)
   at Microsoft.VisualStudio.TestTools.UITest.Playback.ScreenElement.FindTopLevelWindowHelper(String queryId)
   at Microsoft.VisualStudio.TestTools.UITest.Playback.ScreenElement.FindFromPartialQueryId(String queryId)
   at Microsoft.VisualStudio.TestTools.UITesting.UITestControl..ctor(String queryId)
   --- End of inner exception stack trace ---
   at Microsoft.VisualStudio.TestTools.UITesting.Playback.MapControlNotFoundException(COMException ex, IPlaybackContext context)
   at Microsoft.VisualStudio.TestTools.UITesting.Playback.MapAndThrowComException(COMException innerException, IPlaybackContext context)
   at Microsoft.VisualStudio.TestTools.UITesting.Playback.MapAndThrowException(SystemException exception, IPlaybackContext context)
   at Microsoft.VisualStudio.TestTools.UITesting.Playback.MapAndThrowException(SystemException exception, String queryId)
   at Microsoft.VisualStudio.TestTools.UITesting.UITestControl..ctor(String queryId)
   at Microsoft.VisualStudio.TestTools.UITesting.SearchHelper.SearchTopLevelWindow(ISearchArgument topLevelSearchArg, String topLevelElementQueryId)
   at Microsoft.VisualStudio.TestTools.UITesting.SearchHelper.GetTitleUpdatedTopLevelWindow(ISearchArgument topLevelSearchArg, String queryId, IList`1 windowTitles)
   at Microsoft.VisualStudio.TestTools.UITesting.SearchHelper.GetTopLevelElement(Boolean useCache, Boolean useCacheOnly, ISearchArgument searchArg, IList`1 windowTitles, Int32&amp; timeLeft)
   at Microsoft.VisualStudio.TestTools.UITesting.SearchHelper.GetElement(Boolean useCache, ISearchArgument searchArg)
   at Microsoft.VisualStudio.TestTools.UITesting.SearchHelper.Search(ISearchArgument searchArg)
   at Microsoft.VisualStudio.TestTools.UITesting.UITestControl.FindInternal()
   at Microsoft.VisualStudio.TestTools.UITesting.UITestControl.FindControlIfNecessary()
   at Microsoft.VisualStudio.TestTools.UITesting.UITestControl.Click(MouseButtons button, ModifierKeys modifierKeys, Point relativeCoordinates)
   at Microsoft.VisualStudio.TestTools.UITesting.Mouse.ClickImplementation(UITestControl control, MouseButtons button, ModifierKeys modifierKeys, Point relativeCoordinate)
   at Microsoft.VisualStudio.TestTools.UITesting.Mouse.ClickImplementationWrapper(UITestControl control, MouseButtons button, ModifierKeys modifierKeys, Point relativeCoordinate)
W, 2376, 25, 2012/11/01, 10:17:48.328, 45305838599, QTAgent32.exe, PlaybackErrorHandler: Ignoring exception as ContinueOnError is set.
W, 2376, 25, 2012/11/01, 10:17:48.454, 45307642904, QTAgent32.exe, &lt;a class=success&gt;Playback - {68} [SUCCESS] Check - "[MSAA, VisibleOnly]ControlType='CheckBox' &amp;&amp; Name='Defer Printing?'"
\0&lt;/a&gt;
W, 2376, 25, 2012/11/01, 10:17:49.008, 45315577641, QTAgent32.exe, &lt;a class=success&gt;Playback - {69} [SUCCESS] MouseButtonClick - "[MSAA, VisibleOnly]ControlType='Button' &amp;&amp; Name='Ok'"
\0&lt;/a&gt;
W, 2376, 25, 2012/11/01, 10:17:50.839, 45341787871, QTAgent32.exe, PERF WARNING: FindTopLevelWindowHelper::FindAllDescendents: took 1730 ms. Expected it to take maximum 500 ms.
W, 2376, 25, 2012/11/01, 10:17:50.979, 45343798690, QTAgent32.exe, &lt;a class=success&gt;Playback - {70} [SUCCESS] Uncheck - "[MSAA, VisibleOnly]ControlType='CheckBox' &amp;&amp; Name='Add Activity'"
\0&lt;/a&gt;
W, 2376, 25, 2012/11/01, 10:17:53.657, 45382136764, QTAgent32.exe, &lt;a class=success&gt;Playback - {71} [SUCCESS] MouseButtonClick - "[MSAA, VisibleOnly]ControlType='Button' &amp;&amp; Name='Ok'"
\0&lt;/a&gt;
W, 2376, 25, 2012/11/01, 10:17:53.889, 45385472185, QTAgent32.exe, &lt;a class=success&gt;Playback - {72} [SUCCESS] MouseButtonClick - "[MSAA, VisibleOnly]ControlType='Button' &amp;&amp; Name='Ok'"
\0&lt;/a&gt;
W, 2376, 25, 2012/11/01, 10:18:03.588, 45524327172, QTAgent32.exe, PERF WARNING: FindTopLevelWindowHelper::FindAllDescendents: took 9501 ms. Expected it to take maximum 500 ms.
W, 2376, 25, 2012/11/01, 10:18:05.732, 45555015689, QTAgent32.exe, &lt;a class=success&gt;Playback - {73} [SUCCESS] MouseButtonClick - "[MSAA, VisibleOnly]ControlType='Button' &amp;&amp; Name='OK'"
\0&lt;/a&gt;
W, 2376, 25, 2012/11/01, 10:18:05.973, 45558464929, QTAgent32.exe, &lt;a class=success&gt;Playback - {74} [SUCCESS] MouseButtonClick - "[MSAA, VisibleOnly]ControlType='Button' &amp;&amp; Name='Cancel'"
\0&lt;/a&gt;
W, 2376, 25, 2012/11/01, 10:18:06.285, 45562932733, QTAgent32.exe, &lt;a class=success&gt;Playback - {75} [SUCCESS] MouseButtonClick - "[MSAA, VisibleOnly]ControlType='Button'"
\0&lt;/a&gt;
W, 2376, 25, 2012/11/01, 10:18:06.645, 45568088880, QTAgent32.exe, &lt;a class=success&gt;Playback - {76} [SUCCESS] MouseButtonClick - "[MSAA, VisibleOnly]ControlType='Button' &amp;&amp; Name='Detail'"
\0&lt;/a&gt;
W, 2376, 25, 2012/11/01, 10:18:06.931, 45572185417, QTAgent32.exe, &lt;a class=success&gt;Playback - {77} [SUCCESS] MouseButtonClick - "[MSAA, VisibleOnly]ControlType='Button' &amp;&amp; Name='Cancel'"
\0&lt;/a&gt;
W, 2376, 25, 2012/11/01, 10:18:07.160, 45575459169, QTAgent32.exe, &lt;a class=success&gt;Playback - {78} [SUCCESS] MouseButtonClick - "[MSAA, VisibleOnly]ControlType='Button' &amp;&amp; Name='Options'"
\0&lt;/a&gt;
W, 2376, 25, 2012/11/01, 10:18:07.260, 45576896916, QTAgent32.exe, FindScreenElementInSinglePass : Attempting to find control in one pass of search. Failures can occur.
W, 2376, 25, 2012/11/01, 10:18:07.267, 45577000488, QTAgent32.exe, Playback - [WARNING] Internal failure: Method GetBoundingRectangle failed (HRESULT = 0x1, "Incorrect function.") for Name = "Quote Select List" ," ControlType = "MenuItem"
\0
W, 2376, 25, 2012/11/01, 10:18:07.267, 45577001763, QTAgent32.exe, Playback - [WARNING] Internal failure: Couldn't get clickable point for ScreenUIElement - GetClickablePoint failed
\0
W, 2376, 25, 2012/11/01, 10:18:07.268, 45577004591, QTAgent32.exe, FindScreenElementInSinglePass : Attempting to find control in one pass of search. Failures can occur.
W, 2376, 25, 2012/11/01, 10:18:07.270, 45577033847, QTAgent32.exe, FindScreenElementInSinglePass : Attempting to find control in one pass of search. Failures can occur.
W, 2376, 25, 2012/11/01, 10:18:07.388, 45578725679, QTAgent32.exe, &lt;a class=success&gt;Playback - {79} [SUCCESS] LeftButtonClick - "[MSAA, VisibleOnly]ControlType='MenuBar' &amp;&amp; Name='Application'"  &lt; Mouse cursor location (960, 31) &gt;
\0&lt;/a&gt;
W, 2376, 25, 2012/11/01, 10:18:07.498, 45580300450, QTAgent32.exe, &lt;a class=success&gt;Playback - {80} [SUCCESS] LeftButtonClick - "[MSAA]ControlType='MenuItem' &amp;&amp; Name='Options'"  &lt; Mouse cursor location (94, 31) &gt;
\0&lt;/a&gt;
W, 2376, 25, 2012/11/01, 10:18:07.638, 45582304318, QTAgent32.exe, &lt;a class=success&gt;Playback - {81} [SUCCESS] LeftButtonClick - "[MSAA]ControlType='MenuItem' &amp;&amp; Name='Links'"  &lt; Mouse cursor location (174, 319) &gt;
\0&lt;/a&gt;
W, 2376, 25, 2012/11/01, 10:18:07.779, 45584323968, QTAgent32.exe, &lt;a class=success&gt;Playback - {82} [SUCCESS] LeftButtonClick - "[MSAA]ControlType='MenuItem' &amp;&amp; Name='3rd Party Integration'"  &lt; Mouse cursor location (375, 319) &gt;
\0&lt;/a&gt;
W, 2376, 25, 2012/11/01, 10:18:07.931, 45586499339, QTAgent32.exe, &lt;a class=success&gt;Playback - {83} [SUCCESS] MouseButtonClick - "[MSAA]ControlType='MenuItem' &amp;&amp; Name='Quote Select List'"
\0&lt;/a&gt;
W, 2376, 25, 2012/11/01, 10:18:09.372, 45607131703, QTAgent32.exe, PERF WARNING: FindTopLevelWindowHelper::FindAllDescendents: took 1340 ms. Expected it to take maximum 500 ms.
W, 2376, 25, 2012/11/01, 10:18:10.893, 45628915818, QTAgent32.exe, &lt;a class=success&gt;Playback - {84} [SUCCESS] MouseButtonClick - "[MSAA, VisibleOnly]ControlType='Button' &amp;&amp; Name='Ok'"
\0&lt;/a&gt;
W, 2376, 25, 2012/11/01, 10:18:12.299, 45649052172, QTAgent32.exe, PERF WARNING: FindTopLevelWindowHelper::FindAllDescendents: took 1303 ms. Expected it to take maximum 500 ms.
W, 2376, 25, 2012/11/01, 10:18:12.558, 45652755300, QTAgent32.exe, &lt;a class=success&gt;Playback - {85} [SUCCESS] MouseButtonClick - "[MSAA, VisibleOnly]ControlType='Button' &amp;&amp; Name='MTA...'"
\0&lt;/a&gt;
W, 2376, 25, 2012/11/01, 10:18:12.932, 45658114214, QTAgent32.exe, Playback - [WARNING] Internal warning: Incorrect flag set for InvokeProgrammaticAction\0
W, 2376, 25, 2012/11/01, 10:18:13.051, 45659811402, QTAgent32.exe, &lt;a class=success&gt;Playback - {86} [SUCCESS] SetValueAsComboBox "Cancel Cover" - "[MSAA, VisibleOnly]ControlType='ComboBox'"  &lt; SetValueAsComboBox, set by clicking on the item in the list box &gt;
\0&lt;/a&gt;
W, 2376, 25, 2012/11/01, 10:18:13.288, 45663217581, QTAgent32.exe, &lt;a class=success&gt;Playback - {87} [SUCCESS] MouseButtonClick - "[MSAA, VisibleOnly]ControlType='Button' &amp;&amp; Name='OK'"
\0&lt;/a&gt;
W, 2376, 25, 2012/11/01, 10:18:13.615, 45667899600, QTAgent32.exe, &lt;a class=success&gt;Playback - {88} [SUCCESS] MouseButtonClick - "[MSAA, VisibleOnly]ControlType='Button' &amp;&amp; Name='Calculate Quote'"
\0&lt;/a&gt;
W, 2376, 25, 2012/11/01, 10:18:13.831, 45670981573, QTAgent32.exe, &lt;a class=success&gt;Playback - {89} [SUCCESS] SendKeys "^{HOME}" - "[MSAA, VisibleOnly]ControlType='Edit'"
\0&lt;/a&gt;
E, 2376, 25, 2012/11/01, 10:18:13.831, 45670984198, QTAgent32.exe, Msaa.GetFocusedElement: could not find accessible object of foreground window
W, 2376, 25, 2012/11/01, 10:18:13.885, 45671756173, QTAgent32.exe, &lt;a class=success&gt;Playback - {90} [SUCCESS] SendKeys "^+{END}" - "[MSAA, VisibleOnly]ControlType='Edit'"
\0&lt;/a&gt;
E, 2376, 25, 2012/11/01, 10:18:13.885, 45671759249, QTAgent32.exe, Msaa.GetFocusedElement: could not find accessible object of foreground window
W, 2376, 25, 2012/11/01, 10:18:13.898, 45671944265, QTAgent32.exe, &lt;a class=success&gt;Playback - {91} [SUCCESS] SendKeys "{DELETE}" - "[MSAA, VisibleOnly]ControlType='Edit'"
\0&lt;/a&gt;
W, 2376, 25, 2012/11/01, 10:18:14.128, 45675239384, QTAgent32.exe, &lt;a class=success&gt;Playback - {92} [SUCCESS] SetValueAsEditBox "02/11/12" - "[MSAA, VisibleOnly]ControlType='Edit'"  &lt; Set via SendKeys &gt;
\0&lt;/a&gt;
W, 2376, 25, 2012/11/01, 10:18:14.380, 45678846201, QTAgent32.exe, &lt;a class=success&gt;Playback - {93} [SUCCESS] MouseButtonClick - "[MSAA, VisibleOnly]ControlType='Button' &amp;&amp; Name='OK'"
\0&lt;/a&gt;
W, 2376, 25, 2012/11/01, 10:18:14.753, 45684174322, QTAgent32.exe, &lt;a class=success&gt;Playback - {94} [SUCCESS] MouseButtonClick - "[MSAA, VisibleOnly]ControlType='Button' &amp;&amp; Name='No'"
\0&lt;/a&gt;
W, 2376, 25, 2012/11/01, 10:18:18.695, 45740614800, QTAgent32.exe, PERF WARNING: FindTopLevelWindowHelper::FindAllDescendents: took 3841 ms. Expected it to take maximum 500 ms.
W, 2376, 25, 2012/11/01, 10:18:19.246, 45748512869, QTAgent32.exe, &lt;a class=success&gt;Playback - {95} [SUCCESS] MouseButtonClick - "[MSAA, VisibleOnly]ControlType='Button' &amp;&amp; Name='Exit'"
\0&lt;/a&gt;
W, 2376, 25, 2012/11/01, 10:18:19.616, 45753801395, QTAgent32.exe, &lt;a class=success&gt;Playback - {96} [SUCCESS] MouseButtonClick - "[MSAA, VisibleOnly]ControlType='Button' &amp;&amp; Name='Yes'"
\0&lt;/a&gt;
W, 2376, 25, 2012/11/01, 10:18:20.448, 45765723572, QTAgent32.exe, PERF WARNING: FindTopLevelWindowHelper::FindAllDescendents: took 594 ms. Expected it to take maximum 500 ms.
W, 2376, 25, 2012/11/01, 10:18:22.584, 45796301340, QTAgent32.exe, &lt;a class=success&gt;Playback - {97} [SUCCESS] MouseButtonClick - "[MSAA, VisibleOnly]ControlType='Button' &amp;&amp; Name='OK'"
\0&lt;/a&gt;
W, 2376, 25, 2012/11/01, 10:18:22.824, 45799736732, QTAgent32.exe, &lt;a class=success&gt;Playback - {98} [SUCCESS] MouseButtonClick - "[MSAA, VisibleOnly]ControlType='Button' &amp;&amp; Name='Cancel'"
\0&lt;/a&gt;
W, 2376, 25, 2012/11/01, 10:18:23.136, 45804212635, QTAgent32.exe, &lt;a class=success&gt;Playback - {99} [SUCCESS] MouseButtonClick - "[MSAA, VisibleOnly]ControlType='Button'"
\0&lt;/a&gt;
W, 2376, 25, 2012/11/01, 10:18:23.501, 45809434357, QTAgent32.exe, &lt;a class=success&gt;Playback - {100} [SUCCESS] MouseButtonClick - "[MSAA, VisibleOnly]ControlType='Button' &amp;&amp; Name='Detail'"
\0&lt;/a&gt;
W, 2376, 25, 2012/11/01, 10:18:23.817, 45813955352, QTAgent32.exe, &lt;a class=success&gt;Playback - {101} [SUCCESS] MouseButtonClick - "[MSAA, VisibleOnly]ControlType='Button' &amp;&amp; Name='Cancel'"
\0&lt;/a&gt;
E, 2376, 25, 2012/11/01, 10:18:23.918, 45815404308, QTAgent32.exe, GetClassName for handle 1311458 failed
W, 2376, 25, 2012/11/01, 10:18:24.078, 45817696605, QTAgent32.exe, &lt;a class=success&gt;Playback - {102} [SUCCESS] MouseButtonClick - "[MSAA, VisibleOnly]ControlType='Button' &amp;&amp; Name='Cancel'"
\0&lt;/a&gt;
W, 2376, 25, 2012/11/01, 10:18:24.306, 45820964415, QTAgent32.exe, &lt;a class=success&gt;Playback - {103} [SUCCESS] MouseButtonClick - "[MSAA, VisibleOnly]ControlType='Button' &amp;&amp; Name='Cancel'"
\0&lt;/a&gt;
W, 2376, 25, 2012/11/01, 10:18:24.534, 45824223253, QTAgent32.exe, &lt;a class=success&gt;Playback - {104} [SUCCESS] MouseButtonClick - "[MSAA, VisibleOnly]ControlType='Button' &amp;&amp; Name='Close'"
\0&lt;/a&gt;
W, 2376, 25, 2012/11/01, 10:18:28.663, 45883333093, QTAgent32.exe, IEDOM : StopSession of the plugin called before StartSession
W, 2376, 25, 2012/11/01, 10:18:28.663, 45883334361, QTAgent32.exe, UIA : StopSession of the plugin called before StartSession
W, 2376, 25, 2012/11/01, 10:18:28.663, 45883335098, QTAgent32.exe, SLPlugin : StopSession of the plugin called before StartSession
</DebugTrace>
      </Output>
    </UnitTestResult>
    <UnitTestResult executionId="d508c283-86f6-442a-b7a0-5dc7b97622f7" testId="614f56be-e9c0-f1e7-ad65-1f0b7d6a0f1c" testName="MotoTest12" computerName="ICLVDEVAP01" duration="00:03:12.9569290" startTime="2012-11-01T10:18:28.6694089+00:00" endTime="2012-11-01T10:21:41.6760257+00:00" testType="13cdc9d9-ddb5-4fa4-a97d-d965ccfc6d4b" outcome="Passed" testListId="8c84fa94-04c1-424b-9868-57a2d4851a1d" relativeResultsDirectory="d508c283-86f6-442a-b7a0-5dc7b97622f7">
      <Output>
        <DebugTrace>W, 2376, 16, 2012/11/01, 10:18:28.680, 45883579746, QTAgent32.exe, ExtensionFramework : A Technology Manager with name Web is already registered.
W, 2376, 16, 2012/11/01, 10:18:29.311, 45892614135, QTAgent32.exe, &lt;a class=success&gt;Playback - {1} [SUCCESS] MouseButtonClick - "[MSAA, VisibleOnly]ControlType='Edit'"
\0&lt;/a&gt;
W, 2376, 16, 2012/11/01, 10:18:29.499, 45895306872, QTAgent32.exe, &lt;a class=success&gt;Playback - {2} [SUCCESS] SendKeys "[*]" - "[MSAA, VisibleOnly]ControlType='Edit'"
\0&lt;/a&gt;
W, 2376, 16, 2012/11/01, 10:18:30.240, 45905912174, QTAgent32.exe, &lt;a class=success&gt;Playback - {3} [SUCCESS] MouseButtonClick - "[MSAA, VisibleOnly]ControlType='Button' &amp;&amp; Name='OK'"
\0&lt;/a&gt;
W, 2376, 16, 2012/11/01, 10:18:30.775, 45913579766, QTAgent32.exe, &lt;a class=success&gt;Playback - {4} [SUCCESS] MouseButtonClick - "[MSAA, VisibleOnly]ControlType='Button' &amp;&amp; Name='OK'"
\0&lt;/a&gt;
W, 2376, 16, 2012/11/01, 10:18:31.034, 45917291281, QTAgent32.exe, &lt;a class=success&gt;Playback - {5} [SUCCESS] MouseButtonClick - "[MSAA, VisibleOnly]ControlType='Button' &amp;&amp; Name='Clients &amp; Files'"
\0&lt;/a&gt;
W, 2376, 16, 2012/11/01, 10:18:31.334, 45921584787, QTAgent32.exe, &lt;a class=success&gt;Playback - {6} [SUCCESS] MouseButtonClick - "[MSAA, VisibleOnly]ControlType='Button' &amp;&amp; Name='Clients &amp; Files'"
\0&lt;/a&gt;
W, 2376, 16, 2012/11/01, 10:18:31.869, 45929245005, QTAgent32.exe, Playback - [WARNING] Internal warning: Window Not Found: [VisibleOnly]ControlType='Window' &amp;&amp; Name='Customer: txt1 tdsfs' &amp;&amp; ClassName='ThunderRT6MDIForm'
\0
E, 2376, 16, 2012/11/01, 10:18:31.869, 45929248110, QTAgent32.exe, &lt;a class=failure&gt;Playback - {7} [FAILED] Function ElementFetcher::FindScreenElement failed to locate UI element (Searching: ;[VisibleOnly]ControlType='Window' &amp;&amp; Name='Customer: txt1 tdsfs' &amp;&amp; ClassName='ThunderRT6MDIForm') (The object specified was not found.)
\0&lt;/a&gt;
E, 2376, 16, 2012/11/01, 10:18:31.959, 45930526576, QTAgent32.exe, Playback - [IMAGE] C:\Users\peter.zenin-ad\AppData\Local\Temp\UITestLogs\LastRun\RPFF0ED.png
\0
W, 2376, 16, 2012/11/01, 10:18:31.959, 45930529090, QTAgent32.exe, Playback - [WARNING] Internal warning: Couldn't find descendants that match QueryId
\0
W, 2376, 16, 2012/11/01, 10:18:49.978, 46188518992, QTAgent32.exe, Playback - [WARNING] Internal warning: Window Not Found: [VisibleOnly]ControlType='Window' &amp;&amp; Name='Customer: txt1 tdsfs' &amp;&amp; ClassName='ThunderRT6MDIForm'
\0
E, 2376, 16, 2012/11/01, 10:18:49.978, 46188521792, QTAgent32.exe, &lt;a class=failure&gt;Playback - {8} [FAILED] Function ElementFetcher::FindScreenElement failed to locate UI element (Searching: ;[VisibleOnly]ControlType='Window' &amp;&amp; Name='Customer: txt1 tdsfs' &amp;&amp; ClassName='ThunderRT6MDIForm') (The object specified was not found.)
\0&lt;/a&gt;
E, 2376, 16, 2012/11/01, 10:18:50.062, 46189714993, QTAgent32.exe, Playback - [IMAGE] C:\Users\peter.zenin-ad\AppData\Local\Temp\UITestLogs\LastRun\RPF379F.png
\0
W, 2376, 16, 2012/11/01, 10:18:50.062, 46189717076, QTAgent32.exe, Playback - [WARNING] Internal warning: Couldn't find descendants that match QueryId
\0
W, 2376, 16, 2012/11/01, 10:18:50.062, 46189720051, QTAgent32.exe, PERF WARNING: FindTopLevelWindowHelper::FindAllDescendents: took 18101 ms. Expected it to take maximum 500 ms.
W, 2376, 16, 2012/11/01, 10:18:50.558, 46196825999, QTAgent32.exe, Playback - [WARNING] Internal warning: Window with Class "ThunderRT6MDIForm" and Title "Customer: txt1 tdsfs" was not found, so similar window with Class "ThunderRT6MDIForm" and Title "Customer: autotest" was accepted
\0
W, 2376, 16, 2012/11/01, 10:18:51.814, 46214801419, QTAgent32.exe, Playback - [WARNING] Internal warning: Incorrect flag set for InvokeProgrammaticAction\0
W, 2376, 16, 2012/11/01, 10:18:51.935, 46216540810, QTAgent32.exe, &lt;a class=success&gt;Playback - {9} [SUCCESS] SetValueAsComboBox "Customers" - "[MSAA, VisibleOnly]ControlType='ComboBox'"  &lt; SetValueAsComboBox, set by clicking on the item in the list box &gt;
\0&lt;/a&gt;
W, 2376, 16, 2012/11/01, 10:18:52.377, 46222872744, QTAgent32.exe, &lt;a class=success&gt;Playback - {10} [SUCCESS] MouseButtonClick - "[MSAA, VisibleOnly]ControlType='Button' &amp;&amp; Name='Add'"
\0&lt;/a&gt;
W, 2376, 16, 2012/11/01, 10:18:52.676, 46227146395, QTAgent32.exe, &lt;a class=success&gt;Playback - {11} [SUCCESS] SendKeys "autotest" - "[MSAA, VisibleOnly]ControlType='RadioButton' &amp;&amp; Name='Personal Lines'"
\0&lt;/a&gt;
W, 2376, 16, 2012/11/01, 10:18:53.027, 46232176085, QTAgent32.exe, &lt;a class=success&gt;Playback - {12} [SUCCESS] SetValueAsEditBox "autotest" - "[MSAA, VisibleOnly]ControlType='Edit'"  &lt; Set via SendKeys &gt;
\0&lt;/a&gt;
W, 2376, 16, 2012/11/01, 10:18:53.293, 46235979852, QTAgent32.exe, &lt;a class=success&gt;Playback - {13} [SUCCESS] MouseButtonClick - "[MSAA, VisibleOnly]ControlType='Button' &amp;&amp; Name='OK'"
\0&lt;/a&gt;
W, 2376, 16, 2012/11/01, 10:18:53.662, 46241273482, QTAgent32.exe, &lt;a class=success&gt;Playback - {14} [SUCCESS] MouseButtonClick - "[MSAA, VisibleOnly]ControlType='Button' &amp;&amp; Name='Yes'"
\0&lt;/a&gt;
W, 2376, 16, 2012/11/01, 10:18:53.844, 46243870850, QTAgent32.exe, &lt;a class=success&gt;Playback - {15} [SUCCESS] SendKeys "^{HOME}" - "[MSAA, VisibleOnly]ControlType='Edit'"
\0&lt;/a&gt;
E, 2376, 16, 2012/11/01, 10:18:53.844, 46243873614, QTAgent32.exe, Msaa.GetFocusedElement: could not find accessible object of foreground window
W, 2376, 16, 2012/11/01, 10:18:53.897, 46244629794, QTAgent32.exe, &lt;a class=success&gt;Playback - {16} [SUCCESS] SendKeys "^+{END}" - "[MSAA, VisibleOnly]ControlType='Edit'"
\0&lt;/a&gt;
E, 2376, 16, 2012/11/01, 10:18:53.897, 46244631817, QTAgent32.exe, Msaa.GetFocusedElement: could not find accessible object of foreground window
W, 2376, 16, 2012/11/01, 10:18:53.910, 46244816585, QTAgent32.exe, &lt;a class=success&gt;Playback - {17} [SUCCESS] SendKeys "{DELETE}" - "[MSAA, VisibleOnly]ControlType='Edit'"
\0&lt;/a&gt;
W, 2376, 16, 2012/11/01, 10:18:53.965, 46245607299, QTAgent32.exe, &lt;a class=success&gt;Playback - {18} [SUCCESS] SetValueAsEditBox "1" - "[MSAA, VisibleOnly]ControlType='Edit'"  &lt; Set via SendKeys &gt;
\0&lt;/a&gt;
W, 2376, 16, 2012/11/01, 10:18:54.145, 46248180737, QTAgent32.exe, &lt;a class=success&gt;Playback - {19} [SUCCESS] SendKeys "^{HOME}" - "[MSAA, VisibleOnly]ControlType='Edit'"
\0&lt;/a&gt;
E, 2376, 16, 2012/11/01, 10:18:54.145, 46248183338, QTAgent32.exe, Msaa.GetFocusedElement: could not find accessible object of foreground window
W, 2376, 16, 2012/11/01, 10:18:54.198, 46248939246, QTAgent32.exe, &lt;a class=success&gt;Playback - {20} [SUCCESS] SendKeys "^+{END}" - "[MSAA, VisibleOnly]ControlType='Edit'"
\0&lt;/a&gt;
E, 2376, 16, 2012/11/01, 10:18:54.198, 46248941333, QTAgent32.exe, Msaa.GetFocusedElement: could not find accessible object of foreground window
W, 2376, 16, 2012/11/01, 10:18:54.211, 46249125962, QTAgent32.exe, &lt;a class=success&gt;Playback - {21} [SUCCESS] SendKeys "{DELETE}" - "[MSAA, VisibleOnly]ControlType='Edit'"
\0&lt;/a&gt;
W, 2376, 16, 2012/11/01, 10:18:54.273, 46250017460, QTAgent32.exe, &lt;a class=success&gt;Playback - {22} [SUCCESS] SetValueAsEditBox "1" - "[MSAA, VisibleOnly]ControlType='Edit'"  &lt; Set via SendKeys &gt;
\0&lt;/a&gt;
W, 2376, 16, 2012/11/01, 10:18:54.615, 46254903327, QTAgent32.exe, &lt;a class=success&gt;Playback - {23} [SUCCESS] MouseButtonClick - "[MSAA, VisibleOnly]ControlType='Button' &amp;&amp; Name='OK'"
\0&lt;/a&gt;
W, 2376, 16, 2012/11/01, 10:18:54.922, 46259298879, QTAgent32.exe, &lt;a class=success&gt;Playback - {24} [SUCCESS] MouseButtonClick - "[MSAA, VisibleOnly]ControlType='Button'"
\0&lt;/a&gt;
W, 2376, 16, 2012/11/01, 10:18:55.218, 46263528939, QTAgent32.exe, &lt;a class=success&gt;Playback - {25} [SUCCESS] MouseButtonClick - "[MSAA, VisibleOnly]ControlType='Button' &amp;&amp; Name='Add'"
\0&lt;/a&gt;
W, 2376, 16, 2012/11/01, 10:18:55.529, 46267983471, QTAgent32.exe, &lt;a class=success&gt;Playback - {26} [SUCCESS] MouseButtonClick - "[MSAA, VisibleOnly]ControlType='Button' &amp;&amp; Name='OK'"
\0&lt;/a&gt;
W, 2376, 16, 2012/11/01, 10:18:57.772, 46300101236, QTAgent32.exe, &lt;a class=success&gt;Playback - {27} [SUCCESS] MouseButtonClick - "[MSAA, VisibleOnly,Window]ControlType='Window' &amp;&amp; ClassName='ThunderRT6TextBox'"
\0&lt;/a&gt;
W, 2376, 16, 2012/11/01, 10:18:58.035, 46303871537, QTAgent32.exe, &lt;a class=success&gt;Playback - {28} [SUCCESS] SetValueAsEditBox "MOTO" - "[MSAA, VisibleOnly]ControlType='Edit'"  &lt; Set via SendKeys &gt;
\0&lt;/a&gt;
W, 2376, 16, 2012/11/01, 10:18:58.333, 46308143140, QTAgent32.exe, &lt;a class=success&gt;Playback - {29} [SUCCESS] MouseButtonClick - "[MSAA, VisibleOnly]ControlType='Button' &amp;&amp; Name='OK'"
\0&lt;/a&gt;
W, 2376, 16, 2012/11/01, 10:18:58.561, 46311409575, QTAgent32.exe, &lt;a class=success&gt;Playback - {30} [SUCCESS] MouseButtonClick - "[MSAA, VisibleOnly]ControlType='Button' &amp;&amp; Name='Options'"
\0&lt;/a&gt;
W, 2376, 16, 2012/11/01, 10:18:58.662, 46312849915, QTAgent32.exe, FindScreenElementInSinglePass : Attempting to find control in one pass of search. Failures can occur.
W, 2376, 16, 2012/11/01, 10:18:58.830, 46315250761, QTAgent32.exe, &lt;a class=success&gt;Playback - {31} [SUCCESS] MouseButtonClick - "[MSAA]ControlType='MenuItem' &amp;&amp; Name='Links'"
\0&lt;/a&gt;
W, 2376, 16, 2012/11/01, 10:18:58.930, 46316687430, QTAgent32.exe, FindScreenElementInSinglePass : Attempting to find control in one pass of search. Failures can occur.
W, 2376, 16, 2012/11/01, 10:18:59.090, 46318974315, QTAgent32.exe, &lt;a class=success&gt;Playback - {32} [SUCCESS] MouseButtonClick - "[MSAA]ControlType='MenuItem' &amp;&amp; Name='3rd Party Integration'"
\0&lt;/a&gt;
W, 2376, 16, 2012/11/01, 10:18:59.190, 46320411597, QTAgent32.exe, FindScreenElementInSinglePass : Attempting to find control in one pass of search. Failures can occur.
W, 2376, 16, 2012/11/01, 10:18:59.357, 46322795444, QTAgent32.exe, &lt;a class=success&gt;Playback - {33} [SUCCESS] MouseButtonClick - "[MSAA]ControlType='MenuItem' &amp;&amp; Name='Quote Select List'"
\0&lt;/a&gt;
W, 2376, 16, 2012/11/01, 10:19:01.098, 46347728170, QTAgent32.exe, PERF WARNING: FindTopLevelWindowHelper::FindAllDescendents: took 1639 ms. Expected it to take maximum 500 ms.
W, 2376, 16, 2012/11/01, 10:19:02.594, 46369152989, QTAgent32.exe, &lt;a class=success&gt;Playback - {34} [SUCCESS] MouseButtonClick - "[MSAA, VisibleOnly]ControlType='Button' &amp;&amp; Name='Ok'"
\0&lt;/a&gt;
W, 2376, 16, 2012/11/01, 10:19:04.010, 46389428545, QTAgent32.exe, PERF WARNING: FindTopLevelWindowHelper::FindAllDescendents: took 1313 ms. Expected it to take maximum 500 ms.
W, 2376, 16, 2012/11/01, 10:19:04.214, 46392353222, QTAgent32.exe, &lt;a class=success&gt;Playback - {35} [SUCCESS] MouseButtonClick - "[MSAA, VisibleOnly]ControlType='Button' &amp;&amp; Name='Ok'"
\0&lt;/a&gt;
W, 2376, 16, 2012/11/01, 10:19:04.487, 46396257820, QTAgent32.exe, &lt;a class=success&gt;Playback - {36} [SUCCESS] SetValueAsEditBox "Test" - "[MSAA, VisibleOnly]ControlType='Edit'"  &lt; Set via SendKeys &gt;
\0&lt;/a&gt;
W, 2376, 16, 2012/11/01, 10:19:04.658, 46398689357, QTAgent32.exe, &lt;a class=success&gt;Playback - {37} [SUCCESS] SendKeys "{Tab}" - "[MSAA, VisibleOnly]ControlType='Edit'"
\0&lt;/a&gt;
W, 2376, 16, 2012/11/01, 10:19:04.938, 46402701464, QTAgent32.exe, &lt;a class=success&gt;Playback - {38} [SUCCESS] SetValueAsEditBox "test" - "[MSAA, VisibleOnly]ControlType='Edit'"  &lt; Set via SendKeys &gt;
\0&lt;/a&gt;
W, 2376, 16, 2012/11/01, 10:19:05.262, 46407341288, QTAgent32.exe, &lt;a class=success&gt;Playback - {39} [SUCCESS] SetValueAsEditBox "160485" - "[MSAA, VisibleOnly]ControlType='Edit'"  &lt; Set via SendKeys &gt;
\0&lt;/a&gt;
W, 2376, 16, 2012/11/01, 10:19:05.575, 46411825365, QTAgent32.exe, &lt;a class=success&gt;Playback - {40} [SUCCESS] SetValueAsEditBox "B338TH" - "[MSAA, VisibleOnly]ControlType='Edit'"  &lt; Set via SendKeys &gt;
\0&lt;/a&gt;
W, 2376, 16, 2012/11/01, 10:19:07.801, 46443693467, QTAgent32.exe, &lt;a class=success&gt;Playback - {41} [SUCCESS] MouseButtonClick - "[MSAA, VisibleOnly]ControlType='Button' &amp;&amp; Name='Lookup...'"
\0&lt;/a&gt;
W, 2376, 16, 2012/11/01, 10:19:08.036, 46447068848, QTAgent32.exe, &lt;a class=success&gt;Playback - {42} [SUCCESS] MouseButtonClick - "[MSAA, VisibleOnly]ControlType='Button' &amp;&amp; Name='Ok'"
\0&lt;/a&gt;
W, 2376, 16, 2012/11/01, 10:19:09.905, 46473830737, QTAgent32.exe, &lt;a class=success&gt;Playback - {43} [SUCCESS] MouseButtonClick - "[MSAA, VisibleOnly]ControlType='Button' &amp;&amp; Name='OK'"
\0&lt;/a&gt;
W, 2376, 16, 2012/11/01, 10:19:10.310, 46479629527, QTAgent32.exe, Playback - [WARNING] Internal warning: Incorrect flag set for InvokeProgrammaticAction\0
W, 2376, 16, 2012/11/01, 10:19:10.429, 46481321730, QTAgent32.exe, &lt;a class=success&gt;Playback - {44} [SUCCESS] SetValueAsComboBox "Account Executive" - "[MSAA, VisibleOnly]ControlType='ComboBox'"  &lt; SetValueAsComboBox, set by clicking on the item in the list box &gt;
\0&lt;/a&gt;
W, 2376, 16, 2012/11/01, 10:19:10.829, 46487061285, QTAgent32.exe, Playback - [WARNING] Internal warning: Incorrect flag set for InvokeProgrammaticAction\0
W, 2376, 16, 2012/11/01, 10:19:10.948, 46488758020, QTAgent32.exe, &lt;a class=success&gt;Playback - {45} [SUCCESS] SetValueAsComboBox "Acupuncture" - "[MSAA, VisibleOnly]ControlType='ComboBox'"  &lt; SetValueAsComboBox, set by clicking on the item in the list box &gt;
\0&lt;/a&gt;
W, 2376, 16, 2012/11/01, 10:19:11.349, 46494500774, QTAgent32.exe, &lt;a class=success&gt;Playback - {46} [SUCCESS] SetValueAsEditBox "151101" - "[MSAA, VisibleOnly]ControlType='Edit'"  &lt; Set via SendKeys &gt;
\0&lt;/a&gt;
W, 2376, 16, 2012/11/01, 10:19:12.835, 46515779321, QTAgent32.exe, &lt;a class=success&gt;Playback - {47} [SUCCESS] MouseButtonClick - "[MSAA, VisibleOnly]ControlType='Button' &amp;&amp; Name='OK'"
\0&lt;/a&gt;
W, 2376, 16, 2012/11/01, 10:19:13.259, 46521850038, QTAgent32.exe, &lt;a class=success&gt;Playback - {48} [SUCCESS] SetValueAsEditBox "RF53OXL" - "[MSAA, VisibleOnly]ControlType='Edit'"  &lt; Set via SendKeys &gt;
\0&lt;/a&gt;
W, 2376, 16, 2012/11/01, 10:19:14.042, 46533062895, QTAgent32.exe, &lt;a class=success&gt;Playback - {49} [SUCCESS] MouseButtonClick - "[MSAA, VisibleOnly]ControlType='Button' &amp;&amp; Name='Filter'"
\0&lt;/a&gt;
W, 2376, 16, 2012/11/01, 10:19:14.313, 46536946550, QTAgent32.exe, &lt;a class=success&gt;Playback - {50} [SUCCESS] MouseButtonClick - "[MSAA, VisibleOnly]ControlType='Button' &amp;&amp; Name='OK'"
\0&lt;/a&gt;
W, 2376, 16, 2012/11/01, 10:19:14.678, 46542151024, QTAgent32.exe, &lt;a class=success&gt;Playback - {51} [SUCCESS] SendKeys "^{HOME}" - "[MSAA, VisibleOnly]ControlType='Edit'"
\0&lt;/a&gt;
E, 2376, 16, 2012/11/01, 10:19:14.678, 46542154108, QTAgent32.exe, Msaa.GetFocusedElement: could not find accessible object of foreground window
W, 2376, 16, 2012/11/01, 10:19:14.745, 46543110453, QTAgent32.exe, &lt;a class=success&gt;Playback - {52} [SUCCESS] SendKeys "^+{END}" - "[MSAA, VisibleOnly]ControlType='Edit'"
\0&lt;/a&gt;
E, 2376, 16, 2012/11/01, 10:19:14.745, 46543113437, QTAgent32.exe, Msaa.GetFocusedElement: could not find accessible object of foreground window
W, 2376, 16, 2012/11/01, 10:19:14.758, 46543296013, QTAgent32.exe, &lt;a class=success&gt;Playback - {53} [SUCCESS] SendKeys "{DELETE}" - "[MSAA, VisibleOnly]ControlType='Edit'"
\0&lt;/a&gt;
W, 2376, 16, 2012/11/01, 10:19:14.913, 46545520644, QTAgent32.exe, &lt;a class=success&gt;Playback - {54} [SUCCESS] SetValueAsEditBox "1000" - "[MSAA, VisibleOnly]ControlType='Edit'"  &lt; Set via SendKeys &gt;
\0&lt;/a&gt;
W, 2376, 16, 2012/11/01, 10:19:15.226, 46550000399, QTAgent32.exe, &lt;a class=success&gt;Playback - {55} [SUCCESS] MouseButtonClick - "[MSAA, VisibleOnly]ControlType='Button' &amp;&amp; Name='Calculate Quote'"
\0&lt;/a&gt;
W, 2376, 16, 2012/11/01, 10:19:15.467, 46553446082, QTAgent32.exe, &lt;a class=success&gt;Playback - {56} [SUCCESS] MouseButtonClick - "[MSAA, VisibleOnly]ControlType='Button' &amp;&amp; Name='Cancel'"
\0&lt;/a&gt;
W, 2376, 16, 2012/11/01, 10:19:15.731, 46557232979, QTAgent32.exe, &lt;a class=success&gt;Playback - {57} [SUCCESS] MouseButtonClick - "[MSAA, VisibleOnly]ControlType='Button' &amp;&amp; Name='No'"
\0&lt;/a&gt;
W, 2376, 16, 2012/11/01, 10:19:28.096, 46733871690, QTAgent32.exe, PERF WARNING: FindTopLevelWindowHelper::FindAllDescendents: took 12236 ms. Expected it to take maximum 500 ms.
W, 2376, 16, 2012/11/01, 10:19:28.440, 46738767120, QTAgent32.exe, &lt;a class=success&gt;Playback - {58} [SUCCESS] MouseButtonClick - "[MSAA, VisibleOnly]ControlType='Client'"
\0&lt;/a&gt;
W, 2376, 16, 2012/11/01, 10:19:29.937, 46760218497, QTAgent32.exe, &lt;a class=success&gt;Playback - {59} [SUCCESS] SendKeys "{Home}" - "[MSAA, VisibleOnly]ControlType='Client'"
\0&lt;/a&gt;
W, 2376, 16, 2012/11/01, 10:19:33.682, 46813851558, QTAgent32.exe, &lt;a class=success&gt;Playback - {60} [SUCCESS] MouseButtonClick - "[MSAA, VisibleOnly]ControlType='Button' &amp;&amp; Name='Accept'"
\0&lt;/a&gt;
W, 2376, 16, 2012/11/01, 10:19:34.228, 46821724727, QTAgent32.exe, &lt;a class=success&gt;Playback - {61} [SUCCESS] MouseButtonClick - "[MSAA, VisibleOnly]ControlType='Button' &amp;&amp; Name='Yes'"
\0&lt;/a&gt;
W, 2376, 16, 2012/11/01, 10:19:34.727, 46828840017, QTAgent32.exe, &lt;a class=success&gt;Playback - {62} [SUCCESS] MouseButtonClick - "[MSAA, VisibleOnly]ControlType='Button' &amp;&amp; Name='Ok'"
\0&lt;/a&gt;
W, 2376, 16, 2012/11/01, 10:19:35.133, 46834708065, QTAgent32.exe, &lt;a class=success&gt;Playback - {63} [SUCCESS] MouseButtonClick - "[MSAA, VisibleOnly]ControlType='Button' &amp;&amp; Name='Ok'"
\0&lt;/a&gt;
W, 2376, 16, 2012/11/01, 10:19:35.710, 46843018118, QTAgent32.exe, &lt;a class=success&gt;Playback - {64} [SUCCESS] MouseButtonClick - "[MSAA, VisibleOnly]ControlType='Button' &amp;&amp; Name='Confirm'"
\0&lt;/a&gt;
W, 2376, 16, 2012/11/01, 10:20:04.463, 47254514978, QTAgent32.exe, Playback - [WARNING] Internal warning: Window Not Found: [VisibleOnly]ControlType='Window' &amp;&amp; Name='Save the file as' &amp;&amp; ClassName='#32770'
\0
E, 2376, 16, 2012/11/01, 10:20:04.463, 47254518094, QTAgent32.exe, &lt;a class=failure&gt;Playback - {65} [FAILED] Function ElementFetcher::FindScreenElement failed to locate UI element (Searching: ;[VisibleOnly]ControlType='Window' &amp;&amp; Name='Save the file as' &amp;&amp; ClassName='#32770') (The object specified was not found.)
\0&lt;/a&gt;
E, 2376, 16, 2012/11/01, 10:20:04.541, 47255775582, QTAgent32.exe, Playback - [IMAGE] C:\Users\peter.zenin-ad\AppData\Local\Temp\UITestLogs\LastRun\RPF5A7B.png
\0
W, 2376, 16, 2012/11/01, 10:20:04.541, 47255778200, QTAgent32.exe, Playback - [WARNING] Internal warning: Couldn't find descendants that match QueryId
\0
W, 2376, 16, 2012/11/01, 10:20:04.541, 47255781211, QTAgent32.exe, PERF WARNING: FindTopLevelWindowHelper::FindAllDescendents: took 28730 ms. Expected it to take maximum 500 ms.
W, 2376, 16, 2012/11/01, 10:20:22.764, 47516521046, QTAgent32.exe, Playback - [WARNING] Internal warning: Window Not Found: [VisibleOnly]ControlType='Window' &amp;&amp; Name='Save the file as' &amp;&amp; ClassName='#32770'
\0
E, 2376, 16, 2012/11/01, 10:20:22.764, 47516523996, QTAgent32.exe, &lt;a class=failure&gt;Playback - {66} [FAILED] Function ElementFetcher::FindScreenElement failed to locate UI element (Searching: ;[VisibleOnly]ControlType='Window' &amp;&amp; Name='Save the file as' &amp;&amp; ClassName='#32770') (The object specified was not found.)
\0&lt;/a&gt;
E, 2376, 16, 2012/11/01, 10:20:22.842, 47517745271, QTAgent32.exe, Playback - [IMAGE] C:\Users\peter.zenin-ad\AppData\Local\Temp\UITestLogs\LastRun\RPFA1F7.png
\0
W, 2376, 16, 2012/11/01, 10:20:22.842, 47517747405, QTAgent32.exe, Playback - [WARNING] Internal warning: Couldn't find descendants that match QueryId
\0
W, 2376, 16, 2012/11/01, 10:20:22.842, 47517750401, QTAgent32.exe, PERF WARNING: FindTopLevelWindowHelper::FindAllDescendents: took 18296 ms. Expected it to take maximum 500 ms.
W, 2376, 16, 2012/11/01, 10:20:25.978, 47562535944, QTAgent32.exe, Playback - [WARNING] Internal warning: Smart Match failed
\0
W, 2376, 16, 2012/11/01, 10:20:27.304, 47581520653, QTAgent32.exe, Playback - [WARNING] Internal warning: Window Not Found: [VisibleOnly]ControlType='Window' &amp;&amp; Name='Save the file as' &amp;&amp; ClassName='#32770'
\0
E, 2376, 16, 2012/11/01, 10:20:27.304, 47581523578, QTAgent32.exe, &lt;a class=failure&gt;Playback - {67} [FAILED] Function ElementFetcher::FindScreenElement failed to locate UI element (Searching: ;[VisibleOnly]ControlType='Window' &amp;&amp; Name='Save the file as' &amp;&amp; ClassName='#32770') (The object specified was not found.)
\0&lt;/a&gt;
E, 2376, 16, 2012/11/01, 10:20:27.382, 47582742899, QTAgent32.exe, Playback - [IMAGE] C:\Users\peter.zenin-ad\AppData\Local\Temp\UITestLogs\LastRun\RPFB3B3.png
\0
W, 2376, 16, 2012/11/01, 10:20:27.382, 47582744963, QTAgent32.exe, Playback - [WARNING] Internal warning: Couldn't find descendants that match QueryId
\0
W, 2376, 16, 2012/11/01, 10:20:27.382, 47582747993, QTAgent32.exe, PERF WARNING: FindTopLevelWindowHelper::FindAllDescendents: took 4539 ms. Expected it to take maximum 500 ms.
E, 2376, 16, 2012/11/01, 10:20:27.382, 47582749764, QTAgent32.exe, Exception: System.Runtime.InteropServices.COMException
	Message: Error HRESULT E_FAIL has been returned from a call to a COM component.
	Stack Trace:    at Microsoft.VisualStudio.TestTools.UITest.Playback.Engine.IRPFPlayback.FindAllScreenElements(IScreenElement pScreenElementStart, String bstrQueryId, Object&amp; pvarResKeys, Int32 cResKeys, Int32 nMaxDepth, Object[]&amp; foundDescendants)
   at Microsoft.VisualStudio.TestTools.UITest.Playback.ScreenElement.FindTopLevelWindowHelper(String queryId)
	BaseExceptionMessage: Error HRESULT E_FAIL has been returned from a call to a COM component.

E, 2376, 16, 2012/11/01, 10:20:27.506, 47584424991, QTAgent32.exe, AL: Playback Error: Microsoft.VisualStudio.TestTools.UITest.Extension.UITestControlNotFoundException: The playback failed to find the control with the given search properties. Additional Details: 
TechnologyName:  'MSAA'
ControlType:  'Window'
Name:  'Save the file as'
ClassName:  '#32770'
 ---&gt; System.Runtime.InteropServices.COMException: Error HRESULT E_FAIL has been returned from a call to a COM component.
   at Microsoft.VisualStudio.TestTools.UITest.Playback.Engine.IRPFPlayback.FindAllScreenElements(IScreenElement pScreenElementStart, String bstrQueryId, Object&amp; pvarResKeys, Int32 cResKeys, Int32 nMaxDepth, Object[]&amp; foundDescendants)
   at Microsoft.VisualStudio.TestTools.UITest.Playback.ScreenElement.FindTopLevelWindowHelper(String queryId)
   at Microsoft.VisualStudio.TestTools.UITest.Playback.ScreenElement.FindFromPartialQueryId(String queryId)
   at Microsoft.VisualStudio.TestTools.UITesting.UITestControl..ctor(String queryId)
   --- End of inner exception stack trace ---
   at Microsoft.VisualStudio.TestTools.UITesting.Playback.MapControlNotFoundException(COMException ex, IPlaybackContext context)
   at Microsoft.VisualStudio.TestTools.UITesting.Playback.MapAndThrowComException(COMException innerException, IPlaybackContext context)
   at Microsoft.VisualStudio.TestTools.UITesting.Playback.MapAndThrowException(SystemException exception, IPlaybackContext context)
   at Microsoft.VisualStudio.TestTools.UITesting.Playback.MapAndThrowException(SystemException exception, String queryId)
   at Microsoft.VisualStudio.TestTools.UITesting.UITestControl..ctor(String queryId)
   at Microsoft.VisualStudio.TestTools.UITesting.SearchHelper.SearchTopLevelWindow(ISearchArgument topLevelSearchArg, String topLevelElementQueryId)
   at Microsoft.VisualStudio.TestTools.UITesting.SearchHelper.GetTitleUpdatedTopLevelWindow(ISearchArgument topLevelSearchArg, String queryId, IList`1 windowTitles)
   at Microsoft.VisualStudio.TestTools.UITesting.SearchHelper.GetTopLevelElement(Boolean useCache, Boolean useCacheOnly, ISearchArgument searchArg, IList`1 windowTitles, Int32&amp; timeLeft)
   at Microsoft.VisualStudio.TestTools.UITesting.SearchHelper.GetElement(Boolean useCache, ISearchArgument searchArg)
   at Microsoft.VisualStudio.TestTools.UITesting.SearchHelper.Search(ISearchArgument searchArg)
   at Microsoft.VisualStudio.TestTools.UITesting.UITestControl.FindInternal()
   at Microsoft.VisualStudio.TestTools.UITesting.UITestControl.FindControlIfNecessary()
   at Microsoft.VisualStudio.TestTools.UITesting.UITestControl.Click(MouseButtons button, ModifierKeys modifierKeys, Point relativeCoordinates)
   at Microsoft.VisualStudio.TestTools.UITesting.Mouse.ClickImplementation(UITestControl control, MouseButtons button, ModifierKeys modifierKeys, Point relativeCoordinate)
   at Microsoft.VisualStudio.TestTools.UITesting.Mouse.ClickImplementationWrapper(UITestControl control, MouseButtons button, ModifierKeys modifierKeys, Point relativeCoordinate)
W, 2376, 16, 2012/11/01, 10:20:27.506, 47584427034, QTAgent32.exe, PlaybackErrorHandler: Ignoring exception as ContinueOnError is set.
W, 2376, 16, 2012/11/01, 10:20:27.834, 47589117288, QTAgent32.exe, &lt;a class=success&gt;Playback - {68} [SUCCESS] Check - "[MSAA, VisibleOnly]ControlType='CheckBox' &amp;&amp; Name='Defer Printing?'"
\0&lt;/a&gt;
W, 2376, 16, 2012/11/01, 10:20:28.521, 47598981906, QTAgent32.exe, &lt;a class=success&gt;Playback - {69} [SUCCESS] MouseButtonClick - "[MSAA, VisibleOnly]ControlType='Button' &amp;&amp; Name='Ok'"
\0&lt;/a&gt;
W, 2376, 16, 2012/11/01, 10:20:30.362, 47625379857, QTAgent32.exe, PERF WARNING: FindTopLevelWindowHelper::FindAllDescendents: took 1737 ms. Expected it to take maximum 500 ms.
W, 2376, 16, 2012/11/01, 10:20:30.705, 47630216706, QTAgent32.exe, &lt;a class=success&gt;Playback - {70} [SUCCESS] Uncheck - "[MSAA, VisibleOnly]ControlType='CheckBox' &amp;&amp; Name='Add Activity'"
\0&lt;/a&gt;
W, 2376, 16, 2012/11/01, 10:20:33.763, 47674080713, QTAgent32.exe, &lt;a class=success&gt;Playback - {71} [SUCCESS] MouseButtonClick - "[MSAA, VisibleOnly]ControlType='Button' &amp;&amp; Name='Ok'"
\0&lt;/a&gt;
W, 2376, 16, 2012/11/01, 10:20:34.199, 47680367567, QTAgent32.exe, &lt;a class=success&gt;Playback - {72} [SUCCESS] MouseButtonClick - "[MSAA, VisibleOnly]ControlType='Button' &amp;&amp; Name='Ok'"
\0&lt;/a&gt;
W, 2376, 16, 2012/11/01, 10:20:43.904, 47819189185, QTAgent32.exe, PERF WARNING: FindTopLevelWindowHelper::FindAllDescendents: took 9485 ms. Expected it to take maximum 500 ms.
W, 2376, 16, 2012/11/01, 10:20:46.197, 47852009843, QTAgent32.exe, &lt;a class=success&gt;Playback - {73} [SUCCESS] MouseButtonClick - "[MSAA, VisibleOnly]ControlType='Button' &amp;&amp; Name='OK'"
\0&lt;/a&gt;
W, 2376, 16, 2012/11/01, 10:20:46.649, 47858538840, QTAgent32.exe, &lt;a class=success&gt;Playback - {74} [SUCCESS] MouseButtonClick - "[MSAA, VisibleOnly]ControlType='Button' &amp;&amp; Name='Cancel'"
\0&lt;/a&gt;
W, 2376, 16, 2012/11/01, 10:20:47.180, 47866123502, QTAgent32.exe, &lt;a class=success&gt;Playback - {75} [SUCCESS] MouseButtonClick - "[MSAA, VisibleOnly]ControlType='Button'"
\0&lt;/a&gt;
W, 2376, 16, 2012/11/01, 10:20:47.757, 47874449130, QTAgent32.exe, &lt;a class=success&gt;Playback - {76} [SUCCESS] MouseButtonClick - "[MSAA, VisibleOnly]ControlType='Button' &amp;&amp; Name='Detail'"
\0&lt;/a&gt;
W, 2376, 16, 2012/11/01, 10:20:48.241, 47881365117, QTAgent32.exe, &lt;a class=success&gt;Playback - {77} [SUCCESS] MouseButtonClick - "[MSAA, VisibleOnly]ControlType='Button' &amp;&amp; Name='Cancel'"
\0&lt;/a&gt;
W, 2376, 16, 2012/11/01, 10:20:48.678, 47887618427, QTAgent32.exe, &lt;a class=success&gt;Playback - {78} [SUCCESS] MouseButtonClick - "[MSAA, VisibleOnly]ControlType='Button' &amp;&amp; Name='Options'"
\0&lt;/a&gt;
W, 2376, 16, 2012/11/01, 10:20:48.787, 47889095351, QTAgent32.exe, FindScreenElementInSinglePass : Attempting to find control in one pass of search. Failures can occur.
W, 2376, 16, 2012/11/01, 10:20:48.787, 47889200830, QTAgent32.exe, Playback - [WARNING] Internal failure: Method GetBoundingRectangle failed (HRESULT = 0x1, "Incorrect function.") for Name = "Quote Select List" ," ControlType = "MenuItem"
\0
W, 2376, 16, 2012/11/01, 10:20:48.787, 47889202753, QTAgent32.exe, Playback - [WARNING] Internal failure: Couldn't get clickable point for ScreenUIElement - GetClickablePoint failed
\0
W, 2376, 16, 2012/11/01, 10:20:48.787, 47889205986, QTAgent32.exe, FindScreenElementInSinglePass : Attempting to find control in one pass of search. Failures can occur.
W, 2376, 16, 2012/11/01, 10:20:48.787, 47889238010, QTAgent32.exe, FindScreenElementInSinglePass : Attempting to find control in one pass of search. Failures can occur.
W, 2376, 16, 2012/11/01, 10:20:49.114, 47893783405, QTAgent32.exe, &lt;a class=success&gt;Playback - {79} [SUCCESS] LeftButtonClick - "[MSAA, VisibleOnly]ControlType='MenuBar' &amp;&amp; Name='Application'"  &lt; Mouse cursor location (960, 31) &gt;
\0&lt;/a&gt;
W, 2376, 16, 2012/11/01, 10:20:49.224, 47895345721, QTAgent32.exe, &lt;a class=success&gt;Playback - {80} [SUCCESS] LeftButtonClick - "[MSAA]ControlType='MenuItem' &amp;&amp; Name='Options'"  &lt; Mouse cursor location (94, 31) &gt;
\0&lt;/a&gt;
W, 2376, 16, 2012/11/01, 10:20:49.395, 47897800284, QTAgent32.exe, &lt;a class=success&gt;Playback - {81} [SUCCESS] LeftButtonClick - "[MSAA]ControlType='MenuItem' &amp;&amp; Name='Links'"  &lt; Mouse cursor location (174, 319) &gt;
\0&lt;/a&gt;
W, 2376, 16, 2012/11/01, 10:20:49.567, 47900257923, QTAgent32.exe, &lt;a class=success&gt;Playback - {82} [SUCCESS] LeftButtonClick - "[MSAA]ControlType='MenuItem' &amp;&amp; Name='3rd Party Integration'"  &lt; Mouse cursor location (375, 319) &gt;
\0&lt;/a&gt;
W, 2376, 16, 2012/11/01, 10:20:49.738, 47902742203, QTAgent32.exe, &lt;a class=success&gt;Playback - {83} [SUCCESS] MouseButtonClick - "[MSAA]ControlType='MenuItem' &amp;&amp; Name='Quote Select List'"
\0&lt;/a&gt;
W, 2376, 16, 2012/11/01, 10:20:51.470, 47927521203, QTAgent32.exe, PERF WARNING: FindTopLevelWindowHelper::FindAllDescendents: took 1623 ms. Expected it to take maximum 500 ms.
W, 2376, 16, 2012/11/01, 10:20:53.155, 47951656981, QTAgent32.exe, &lt;a class=success&gt;Playback - {84} [SUCCESS] MouseButtonClick - "[MSAA, VisibleOnly]ControlType='Button' &amp;&amp; Name='Ok'"
\0&lt;/a&gt;
W, 2376, 16, 2012/11/01, 10:20:54.715, 47973990997, QTAgent32.exe, PERF WARNING: FindTopLevelWindowHelper::FindAllDescendents: took 1450 ms. Expected it to take maximum 500 ms.
W, 2376, 16, 2012/11/01, 10:20:55.246, 47981684591, QTAgent32.exe, &lt;a class=success&gt;Playback - {85} [SUCCESS] MouseButtonClick - "[MSAA, VisibleOnly]ControlType='Button' &amp;&amp; Name='MTA...'"
\0&lt;/a&gt;
W, 2376, 16, 2012/11/01, 10:20:55.870, 47990670956, QTAgent32.exe, Playback - [WARNING] Internal warning: Incorrect flag set for InvokeProgrammaticAction\0
W, 2376, 16, 2012/11/01, 10:20:56.197, 47995197671, QTAgent32.exe, &lt;a class=success&gt;Playback - {86} [SUCCESS] SetValueAsComboBox "Cancel Cover" - "[MSAA, VisibleOnly]ControlType='ComboBox'"  &lt; SetValueAsComboBox, set by clicking on the item in the list box &gt;
\0&lt;/a&gt;
W, 2376, 16, 2012/11/01, 10:20:56.650, 48001737025, QTAgent32.exe, &lt;a class=success&gt;Playback - {87} [SUCCESS] MouseButtonClick - "[MSAA, VisibleOnly]ControlType='Button' &amp;&amp; Name='OK'"
\0&lt;/a&gt;
W, 2376, 16, 2012/11/01, 10:20:57.196, 48009539613, QTAgent32.exe, &lt;a class=success&gt;Playback - {88} [SUCCESS] MouseButtonClick - "[MSAA, VisibleOnly]ControlType='Button' &amp;&amp; Name='Calculate Quote'"
\0&lt;/a&gt;
W, 2376, 16, 2012/11/01, 10:20:57.461, 48013279366, QTAgent32.exe, &lt;a class=success&gt;Playback - {89} [SUCCESS] SendKeys "^{HOME}" - "[MSAA, VisibleOnly]ControlType='Edit'"
\0&lt;/a&gt;
E, 2376, 16, 2012/11/01, 10:20:57.461, 48013282294, QTAgent32.exe, Msaa.GetFocusedElement: could not find accessible object of foreground window
W, 2376, 16, 2012/11/01, 10:20:57.539, 48014396053, QTAgent32.exe, &lt;a class=success&gt;Playback - {90} [SUCCESS] SendKeys "^+{END}" - "[MSAA, VisibleOnly]ControlType='Edit'"
\0&lt;/a&gt;
E, 2376, 16, 2012/11/01, 10:20:57.539, 48014398829, QTAgent32.exe, Msaa.GetFocusedElement: could not find accessible object of foreground window
W, 2376, 16, 2012/11/01, 10:20:57.555, 48014623473, QTAgent32.exe, &lt;a class=success&gt;Playback - {91} [SUCCESS] SendKeys "{DELETE}" - "[MSAA, VisibleOnly]ControlType='Edit'"
\0&lt;/a&gt;
W, 2376, 16, 2012/11/01, 10:20:57.882, 48019317458, QTAgent32.exe, &lt;a class=success&gt;Playback - {92} [SUCCESS] SetValueAsEditBox "02/11/12" - "[MSAA, VisibleOnly]ControlType='Edit'"  &lt; Set via SendKeys &gt;
\0&lt;/a&gt;
W, 2376, 16, 2012/11/01, 10:20:58.350, 48026176762, QTAgent32.exe, &lt;a class=success&gt;Playback - {93} [SUCCESS] MouseButtonClick - "[MSAA, VisibleOnly]ControlType='Button' &amp;&amp; Name='OK'"
\0&lt;/a&gt;
W, 2376, 16, 2012/11/01, 10:20:58.912, 48034217144, QTAgent32.exe, &lt;a class=success&gt;Playback - {94} [SUCCESS] MouseButtonClick - "[MSAA, VisibleOnly]ControlType='Button' &amp;&amp; Name='No'"
\0&lt;/a&gt;
W, 2376, 16, 2012/11/01, 10:21:03.015, 48092808862, QTAgent32.exe, PERF WARNING: FindTopLevelWindowHelper::FindAllDescendents: took 3994 ms. Expected it to take maximum 500 ms.
W, 2376, 16, 2012/11/01, 10:21:03.343, 48097491507, QTAgent32.exe, &lt;a class=success&gt;Playback - {95} [SUCCESS] MouseButtonClick - "[MSAA, VisibleOnly]ControlType='Client'"
\0&lt;/a&gt;
W, 2376, 16, 2012/11/01, 10:21:03.608, 48101498120, QTAgent32.exe, &lt;a class=success&gt;Playback - {96} [SUCCESS] SendKeys "{Home}" - "[MSAA, VisibleOnly]ControlType='Client'"
\0&lt;/a&gt;
W, 2376, 16, 2012/11/01, 10:21:04.076, 48108071752, QTAgent32.exe, &lt;a class=success&gt;Playback - {97} [SUCCESS] MouseButtonClick - "[MSAA, VisibleOnly]ControlType='Button' &amp;&amp; Name='Accept'"
\0&lt;/a&gt;
W, 2376, 16, 2012/11/01, 10:21:04.794, 48118384532, QTAgent32.exe, &lt;a class=success&gt;Playback - {98} [SUCCESS] MouseButtonClick - "[MSAA, VisibleOnly]ControlType='Button' &amp;&amp; Name='Yes'"
\0&lt;/a&gt;
W, 2376, 16, 2012/11/01, 10:21:05.277, 48125253557, QTAgent32.exe, &lt;a class=success&gt;Playback - {99} [SUCCESS] MouseButtonClick - "[MSAA, VisibleOnly]ControlType='Button' &amp;&amp; Name='Ok'"
\0&lt;/a&gt;
W, 2376, 16, 2012/11/01, 10:21:18.055, 48308133030, QTAgent32.exe, PERF WARNING: FindTopLevelWindowHelper::FindAllDescendents: took 12667 ms. Expected it to take maximum 500 ms.
W, 2376, 16, 2012/11/01, 10:21:19.693, 48331684089, QTAgent32.exe, &lt;a class=success&gt;Playback - {100} [SUCCESS] MouseButtonClick - "[MSAA, VisibleOnly]ControlType='Button' &amp;&amp; Name='OK'"
\0&lt;/a&gt;
W, 2376, 16, 2012/11/01, 10:21:19.802, 48333137217, QTAgent32.exe, Playback - [WARNING] Internal warning: Thread state based WFR - Requested element has invalid HWND
\0
W, 2376, 16, 2012/11/01, 10:21:19.802, 48333139096, QTAgent32.exe, Playback - [WARNING] Internal warning: process performance counters based WFR - Requested element has invalid HWND
\0
E, 2376, 16, 2012/11/01, 10:21:19.802, 48333142263, QTAgent32.exe, EnsureValid called via EnsureValid call for same element
E, 2376, 16, 2012/11/01, 10:21:19.802, 48333145850, QTAgent32.exe, GetClassName for handle 2032714 failed
E, 2376, 16, 2012/11/01, 10:21:19.802, 48333148247, QTAgent32.exe, EnsureValid called via EnsureValid call for same element
E, 2376, 16, 2012/11/01, 10:21:19.802, 48333149776, QTAgent32.exe, EnsureValid called via EnsureValid call for same element
E, 2376, 16, 2012/11/01, 10:21:19.802, 48333166837, QTAgent32.exe, Window 2032714 not responding. Last Win32 error 0
E, 2376, 16, 2012/11/01, 10:21:19.802, 48333169046, QTAgent32.exe, GetClassName for handle 2032714 failed
E, 2376, 16, 2012/11/01, 10:21:19.802, 48333169858, QTAgent32.exe, GetClassName for handle 2032714 failed
W, 2376, 16, 2012/11/01, 10:21:20.146, 48338055620, QTAgent32.exe, &lt;a class=success&gt;Playback - {101} [SUCCESS] Check - "[MSAA, VisibleOnly]ControlType='CheckBox' &amp;&amp; Name='Defer Printing?'"
\0&lt;/a&gt;
W, 2376, 16, 2012/11/01, 10:21:20.832, 48348021832, QTAgent32.exe, &lt;a class=success&gt;Playback - {102} [SUCCESS] MouseButtonClick - "[MSAA, VisibleOnly]ControlType='Button' &amp;&amp; Name='Ok'"
\0&lt;/a&gt;
W, 2376, 16, 2012/11/01, 10:21:20.941, 48349445347, QTAgent32.exe, Playback - [WARNING] Internal warning: Thread state based WFR - Requested element has invalid HWND
\0
W, 2376, 16, 2012/11/01, 10:21:20.941, 48349447078, QTAgent32.exe, Playback - [WARNING] Internal warning: process performance counters based WFR - Requested element has invalid HWND
\0
E, 2376, 16, 2012/11/01, 10:21:20.941, 48349450194, QTAgent32.exe, EnsureValid called via EnsureValid call for same element
E, 2376, 16, 2012/11/01, 10:21:20.941, 48349453701, QTAgent32.exe, GetClassName for handle 2032892 failed
E, 2376, 16, 2012/11/01, 10:21:20.941, 48349456086, QTAgent32.exe, EnsureValid called via EnsureValid call for same element
E, 2376, 16, 2012/11/01, 10:21:20.941, 48349457591, QTAgent32.exe, EnsureValid called via EnsureValid call for same element
E, 2376, 16, 2012/11/01, 10:21:20.941, 48349474322, QTAgent32.exe, Window 2032892 not responding. Last Win32 error 0
E, 2376, 16, 2012/11/01, 10:21:20.941, 48349476459, QTAgent32.exe, GetClassName for handle 2032892 failed
E, 2376, 16, 2012/11/01, 10:21:20.941, 48349477280, QTAgent32.exe, GetClassName for handle 2032892 failed
W, 2376, 16, 2012/11/01, 10:21:22.127, 48366520106, QTAgent32.exe, PERF WARNING: FindTopLevelWindowHelper::FindAllDescendents: took 1190 ms. Expected it to take maximum 500 ms.
W, 2376, 16, 2012/11/01, 10:21:22.470, 48371338094, QTAgent32.exe, &lt;a class=success&gt;Playback - {103} [SUCCESS] Uncheck - "[MSAA, VisibleOnly]ControlType='CheckBox' &amp;&amp; Name='Add Activity'"
\0&lt;/a&gt;
W, 2376, 16, 2012/11/01, 10:21:23.032, 48379438720, QTAgent32.exe, &lt;a class=success&gt;Playback - {104} [SUCCESS] MouseButtonClick - "[MSAA, VisibleOnly]ControlType='Button' &amp;&amp; Name='Ok'"
\0&lt;/a&gt;
W, 2376, 16, 2012/11/01, 10:21:31.441, 48499777671, QTAgent32.exe, PERF WARNING: FindTopLevelWindowHelper::FindAllDescendents: took 8190 ms. Expected it to take maximum 500 ms.
W, 2376, 16, 2012/11/01, 10:21:33.797, 48533493351, QTAgent32.exe, &lt;a class=success&gt;Playback - {105} [SUCCESS] MouseButtonClick - "[MSAA, VisibleOnly]ControlType='Button' &amp;&amp; Name='OK'"
\0&lt;/a&gt;
W, 2376, 16, 2012/11/01, 10:21:34.249, 48540002593, QTAgent32.exe, &lt;a class=success&gt;Playback - {106} [SUCCESS] MouseButtonClick - "[MSAA, VisibleOnly]ControlType='Button' &amp;&amp; Name='Cancel'"
\0&lt;/a&gt;
W, 2376, 16, 2012/11/01, 10:21:34.795, 48547842842, QTAgent32.exe, &lt;a class=success&gt;Playback - {107} [SUCCESS] MouseButtonClick - "[MSAA, VisibleOnly]ControlType='Button'"
\0&lt;/a&gt;
W, 2376, 16, 2012/11/01, 10:21:35.373, 48556097278, QTAgent32.exe, &lt;a class=success&gt;Playback - {108} [SUCCESS] MouseButtonClick - "[MSAA, VisibleOnly]ControlType='Button' &amp;&amp; Name='Detail'"
\0&lt;/a&gt;
W, 2376, 16, 2012/11/01, 10:21:35.856, 48563035253, QTAgent32.exe, &lt;a class=success&gt;Playback - {109} [SUCCESS] MouseButtonClick - "[MSAA, VisibleOnly]ControlType='Button' &amp;&amp; Name='Cancel'"
\0&lt;/a&gt;
E, 2376, 16, 2012/11/01, 10:21:35.965, 48564551991, QTAgent32.exe, GetClassName for handle 1901390 failed
W, 2376, 16, 2012/11/01, 10:21:36.324, 48569735902, QTAgent32.exe, &lt;a class=success&gt;Playback - {110} [SUCCESS] MouseButtonClick - "[MSAA, VisibleOnly]ControlType='Button' &amp;&amp; Name='Cancel'"
\0&lt;/a&gt;
W, 2376, 16, 2012/11/01, 10:21:36.761, 48575937926, QTAgent32.exe, &lt;a class=success&gt;Playback - {111} [SUCCESS] MouseButtonClick - "[MSAA, VisibleOnly]ControlType='Button' &amp;&amp; Name='Cancel'"
\0&lt;/a&gt;
W, 2376, 16, 2012/11/01, 10:21:37.198, 48582285032, QTAgent32.exe, &lt;a class=success&gt;Playback - {112} [SUCCESS] MouseButtonClick - "[MSAA, VisibleOnly]ControlType='Button' &amp;&amp; Name='Close'"
\0&lt;/a&gt;
W, 2376, 16, 2012/11/01, 10:21:41.676, 48646323211, QTAgent32.exe, IEDOM : StopSession of the plugin called before StartSession
W, 2376, 16, 2012/11/01, 10:21:41.676, 48646324536, QTAgent32.exe, UIA : StopSession of the plugin called before StartSession
W, 2376, 16, 2012/11/01, 10:21:41.676, 48646325276, QTAgent32.exe, SLPlugin : StopSession of the plugin called before StartSession
</DebugTrace>
      </Output>
    </UnitTestResult>
  </Results>
</TestRun>